
     Program QE v.6.0 (svn rev. 13079) starts on 19Jan2017 at  1:12:36 

     This program is part of the open-source Quantum ESPRESSO suite
     for quantum simulation of materials; please cite
         "P. Giannozzi et al., J. Phys.:Condens. Matter 21 395502 (2009);
          URL http://www.quantum-espresso.org", 
     in publications or presentations arising from this work. More details at
     http://www.quantum-espresso.org/quote

     Parallel version (MPI), running on     8 processors
     R & G space division:  proc/nbgrp/npool/nimage =       8

     ***** This is GIPAW svn revision unknown      *****

     Parallelizing q-star over 1 images

     Reading data from directory:
     /users/majewski/paradichlorobenzene/pbe/9_constraint/scratch/pbe.ecut100.np8.dt60.pcl2phi-129368.save
     Message from routine read_xml_file:
     file /users/majewski/paradichlorobenzene/pbe/9_constraint/scratch/pbe.ecut100.np8.dt60.pcl2phi-129368.save not guaranteed to be safe for post-processing

   Info: using nr1, nr2, nr3 values from input

   Info: using nr1, nr2, nr3 values from input

     IMPORTANT: XC functional enforced from input :
     Exchange-correlation      =  SLA  PW   PBX  PBC ( 1  4  3  4 0 0)
     Any further DFT definition will be discarded
     Please, verify this is what you really want

               file C.pbe-n-kjpaw_psl.1.0.0.UPF: wavefunction(s)  2S 2P renormalized
               file Cl.pbe-n-kjpaw_psl.1.0.0.UPF: wavefunction(s)  3S 3P renormalized
               file H.pbe-kjpaw_psl.1.0.0.UPF: wavefunction(s)  1S renormalized

     Parallelization info
     --------------------
     sticks:   dense  smooth     PW     G-vecs:    dense   smooth      PW
     Min        3057    1223    332               144436    36536    5170
     Max        3059    1225    333               144437    36537    5171
     Sum       24467    9791   2657              1155489   292295   41363


     Subspace diagonalization in iterative solution of the eigenvalue problem:
     a serial algorithm will be used

     GIPAW projectors -----------------------------------------------
     atom=  C    l=0  rc=    1.2000  rs=    0.8000
     atom=  C    l=0  rc=    1.2000  rs=    0.8000
     atom=  C    l=1  rc=    1.4000  rs=    0.9333
     atom=  C    l=1  rc=    1.4000  rs=    0.9333
     projs nearly linearly dependent: l=1  n1,n2= 1, 2  s=  0.99951561

     atom=  Cl   l=0  rc=    1.6000  rs=    1.0667
     atom=  Cl   l=0  rc=    1.6000  rs=    1.0667
     atom=  Cl   l=1  rc=    1.6000  rs=    1.0667
     atom=  Cl   l=1  rc=    1.6000  rs=    1.0667
     atom=  Cl   l=2  rc=    1.6000  rs=    1.0667
     atom=  Cl   l=2  rc=    1.6000  rs=    1.0667
     projs nearly linearly dependent: l=2  n1,n2= 1, 2  s=  0.99993509

     atom=  H    l=0  rc=    1.0000  rs=    0.6667
     atom=  H    l=0  rc=    1.0000  rs=    0.6667
     projs nearly linearly dependent: l=0  n1,n2= 1, 2  s=  0.99968852
     -----------------------------------------------------------------

     GIPAW integrals: -------------------------------------------
     Atom  i/j   nmr_para   nmr_dia   epr_rmc  epr_para   epr_dia
       C   1 1   0.83E+03  0.17E-01  0.93E+01  0.24E+08  0.24E+03
       C   2 1   0.86E+03 -0.61E-01  0.94E+01  0.25E+08  0.25E+03
       C   2 2   0.90E+03 -0.15E+00  0.97E+01  0.26E+08  0.26E+03
       C   3 3   0.33E+01  0.34E+00  0.18E+01  0.55E+03  0.21E+02
       C   4 3   0.35E+01  0.37E+00  0.20E+01  0.59E+03  0.22E+02
       C   4 4   0.38E+01  0.39E+00  0.22E+01  0.63E+03  0.24E+02
       Cl  1 1   0.14E+04 -0.47E+00  0.84E+01  0.32E+09  0.42E+03
       Cl  2 1   0.21E+04 -0.37E+00  0.12E+02  0.49E+09  0.65E+03
       Cl  2 2   0.33E+04 -0.16E+00  0.21E+02  0.76E+09  0.10E+04
       Cl  3 3   0.21E+02  0.79E-01  0.89E+01  0.23E+05  0.13E+03
       Cl  4 3   0.24E+02  0.67E-01  0.99E+01  0.27E+05  0.15E+03
       Cl  4 4   0.28E+02  0.44E-01  0.11E+02  0.32E+05  0.18E+03
       Cl  5 5   0.77E+00  0.19E+00  0.18E+01  0.12E+03  0.22E+02
       Cl  6 5   0.80E+00  0.19E+00  0.19E+01  0.12E+03  0.23E+02
       Cl  6 6   0.83E+00  0.20E+00  0.19E+01  0.12E+03  0.23E+02
       H   1 1   0.39E+02  0.19E+00  0.29E+00  0.78E+05  0.13E+02
       H   2 1   0.41E+02  0.21E+00  0.32E+00  0.82E+05  0.14E+02
       H   2 2   0.43E+02  0.22E+00  0.36E+00  0.86E+05  0.15E+02
     ------------------------------------------------------------

     alpha_pv=     34.1025 eV

     Number of occupied bands for each k-point:
     k-point:     1    nbnd_occ=  42
     k-point:     2    nbnd_occ=  42
     k-point:     3    nbnd_occ=  42
     k-point:     4    nbnd_occ=  42
     k-point:     5    nbnd_occ=  42
     k-point:     6    nbnd_occ=  42
     k-point:     7    nbnd_occ=  42
     k-point:     8    nbnd_occ=  42
     k-point:     9    nbnd_occ=  42
     k-point:    10    nbnd_occ=  42
     k-point:    11    nbnd_occ=  42
     k-point:    12    nbnd_occ=  42
     k-point:    13    nbnd_occ=  42
     k-point:    14    nbnd_occ=  42
     k-point:    15    nbnd_occ=  42
     k-point:    16    nbnd_occ=  42


     q-space interpolation up to   110.00 Rydberg

     GIPAW job: efg                                                                             


     ELECTRIC FIELD GRADIENTS TENSORS IN Hartree/bohrradius^2:

     ----- bare term -----
     Cl   1       -0.018489        0.027421        0.006300
     Cl   1        0.027421       -0.033479        0.056362
     Cl   1        0.006300        0.056362        0.051968

     C    2       -0.139617        0.131123       -0.305640
     C    2        0.131123       -0.399181       -0.468693
     C    2       -0.305640       -0.468693        0.538798

     C    3       -0.337634        0.188340       -0.271185
     C    3        0.188340       -0.153094       -0.459156
     C    3       -0.271185       -0.459156        0.490728

     H    4       -0.051450       -0.149166       -0.508920
     H    4       -0.149166        0.453648       -0.174218
     H    4       -0.508920       -0.174218       -0.402198

     C    5       -0.339248        0.257968       -0.292103
     C    5        0.257968       -0.152733       -0.436852
     C    5       -0.292103       -0.436852        0.491981

     H    6        0.368409       -0.097509       -0.073704
     H    6       -0.097509       -0.439729       -0.532383
     H    6       -0.073704       -0.532383        0.071320

     H    7        0.258257        0.276504       -0.275776
     H    7        0.276504       -0.265264        0.557728
     H    7       -0.275776        0.557728        0.007007

     C    8       -0.163708       -0.287548       -0.106292
     C    8       -0.287548       -0.384441        0.319550
     C    8       -0.106292        0.319550        0.548149

     H    9        0.009636        0.087602       -0.500137
     H    9        0.087602        0.433987       -0.047985
     H    9       -0.500137       -0.047985       -0.443623

     C   10       -0.367479       -0.233829       -0.291177
     C   10       -0.233829       -0.128240        0.407996
     C   10       -0.291177        0.407996        0.495719

     C   11       -0.094538        0.053046       -0.441483
     C   11        0.053046       -0.154281        0.529752
     C   11       -0.441483        0.529752        0.248819

     Cl  12       -0.054002       -0.141856        0.096266
     Cl  12       -0.141856       -0.083338        0.017260
     Cl  12        0.096266        0.017260        0.137340

     H   13        0.354337       -0.361318        0.165786
     H   13       -0.361318       -0.581880        0.112027
     H   13        0.165786        0.112027        0.227543

     C   14       -0.483096        0.138791       -0.334528
     C   14        0.138791       -0.077088       -0.244407
     C   14       -0.334528       -0.244407        0.560184

     H   15       -0.397794       -0.461452       -0.165248
     H   15       -0.461452        0.145047        0.030971
     H   15       -0.165248        0.030971        0.252747

     C   16       -0.311284        0.334761       -0.144096
     C   16        0.334761       -0.219063       -0.540797
     C   16       -0.144096       -0.540797        0.530347

     C   17       -0.141170       -0.053769       -0.379964
     C   17       -0.053769       -0.115182       -0.554906
     C   17       -0.379964       -0.554906        0.256351

     Cl  18       -0.162916        0.057142       -0.054542
     Cl  18        0.057142       -0.125803       -0.017075
     Cl  18       -0.054542       -0.017075        0.288719

     H   19        0.411952       -0.062953       -0.309665
     H   19       -0.062953       -0.134022        0.317143
     H   19       -0.309665        0.317143       -0.277931

     C   20       -0.582473       -0.314188       -0.213608
     C   20       -0.314188        0.191074        0.295891
     C   20       -0.213608        0.295891        0.391399

     H   21       -0.134565       -0.248921       -0.461233
     H   21       -0.248921       -0.111960       -0.017757
     H   21       -0.461233       -0.017757        0.246525

     C   22        0.001484        0.016988       -0.261489
     C   22        0.016988       -0.150472        0.547932
     C   22       -0.261489        0.547932        0.148988

     C   23       -0.678576       -0.199333       -0.321436
     C   23       -0.199333        0.144330        0.103534
     C   23       -0.321436        0.103534        0.534245

     Cl  24       -0.056155        0.033686        0.028131
     Cl  24        0.033686       -0.034928       -0.081417
     Cl  24        0.028131       -0.081417        0.091083

     ----- ionic term -----
     Cl   1        0.083717       -0.206374        0.024795
     Cl   1       -0.206374        0.067089       -0.009178
     Cl   1        0.024795       -0.009178       -0.150806

     C    2        0.108410       -0.154994        0.268409
     C    2       -0.154994        0.258539        0.398584
     C    2        0.268409        0.398584       -0.366949

     C    3        0.081140       -0.184336        0.244012
     C    3       -0.184336        0.250788        0.385759
     C    3        0.244012        0.385759       -0.331928

     H    4        0.516239        0.369389        0.702334
     H    4        0.369389       -0.365738        0.286251
     H    4        0.702334        0.286251       -0.150501

     C    5        0.205196       -0.157297        0.333693
     C    5       -0.157297        0.116012        0.261618
     C    5        0.333693        0.261618       -0.321207

     H    6       -0.519522        0.140827        0.066339
     H    6        0.140827        0.778171        0.596146
     H    6        0.066339        0.596146       -0.258649

     H    7       -0.491363       -0.238834        0.133768
     H    7       -0.238834        0.694463       -0.671089
     H    7        0.133768       -0.671089       -0.203100

     C    8        0.255914        0.142151        0.270644
     C    8        0.142151        0.058633       -0.301070
     C    8        0.270644       -0.301070       -0.314547

     H    9        0.419759       -0.130597        0.826021
     H    9       -0.130597       -0.525167       -0.180127
     H    9        0.826021       -0.180127        0.105408

     C   10        0.081629        0.245145        0.209998
     C   10        0.245145        0.124406       -0.379478
     C   10        0.209998       -0.379478       -0.206035

     C   11        0.203342        0.246084        0.250757
     C   11        0.246084        0.042889       -0.378532
     C   11        0.250757       -0.378532       -0.246231

     Cl  12        0.118828        0.217120       -0.025490
     Cl  12        0.217120        0.018735       -0.026764
     Cl  12       -0.025490       -0.026764       -0.137563

     H   13       -0.449371        0.229698        0.120146
     H   13        0.229698        0.809578        0.551333
     H   13        0.120146        0.551333       -0.360207

     C   14        0.335729       -0.194925        0.329301
     C   14       -0.194925        0.128898        0.221722
     C   14        0.329301        0.221722       -0.464627

     H   15        0.668562        0.357577        0.622067
     H   15        0.357577       -0.358908        0.241293
     H   15        0.622067        0.241293       -0.309654

     C   16        0.185203       -0.249282        0.253924
     C   16       -0.249282        0.285638        0.293182
     C   16        0.253924        0.293182       -0.470840

     C   17        0.127176       -0.134822        0.380387
     C   17       -0.134822        0.212454        0.301972
     C   17        0.380387        0.301972       -0.339630

     Cl  18        0.123771       -0.185760        0.069917
     Cl  18       -0.185760        0.029118       -0.040553
     Cl  18        0.069917       -0.040553       -0.152889

     H   19       -0.512776       -0.109454        0.120763
     H   19       -0.109454        0.380897       -0.803543
     H   19        0.120763       -0.803543        0.131878

     C   20        0.243473        0.246429        0.255119
     C   20        0.246429       -0.030083       -0.315269
     C   20        0.255119       -0.315269       -0.213390

     H   21        0.509506       -0.008615        0.768938
     H   21       -0.008615       -0.529015       -0.095984
     H   21        0.768938       -0.095984        0.019509

     C   22        0.095697        0.284643        0.193876
     C   22        0.284643        0.096394       -0.407357
     C   22        0.193876       -0.407357       -0.192091

     C   23        0.171027        0.113336        0.277030
     C   23        0.113336        0.023223       -0.439871
     C   23        0.277030       -0.439871       -0.194250

     Cl  24        0.112548        0.183199       -0.014971
     Cl  24        0.183199        0.011923       -0.015955
     Cl  24       -0.014971       -0.015955       -0.124472

     ----- GIPAW term -----
     Cl   1        0.100241        0.153409       -1.200900
     Cl   1        0.153409        0.590604       -1.735585
     Cl   1       -1.200900       -1.735585       -0.690845

     C    2       -0.080970       -0.064477       -0.071038
     C    2       -0.064477       -0.154903       -0.137058
     C    2       -0.071038       -0.137058        0.235873

     C    3       -0.182284        0.008738       -0.067447
     C    3        0.008738       -0.077312       -0.155774
     C    3       -0.067447       -0.155774        0.259596

     H    4       -0.000000        0.000000        0.000000
     H    4        0.000000        0.000000        0.000000
     H    4        0.000000        0.000000        0.000000

     C    5       -0.082149        0.044764       -0.056681
     C    5        0.044764       -0.094727       -0.126932
     C    5       -0.056681       -0.126932        0.176876

     H    6       -0.000000        0.000000        0.000000
     H    6        0.000000        0.000000        0.000000
     H    6        0.000000        0.000000        0.000000

     H    7       -0.000000        0.000000        0.000000
     H    7        0.000000        0.000000        0.000000
     H    7        0.000000        0.000000        0.000000

     C    8       -0.087211       -0.064909        0.047619
     C    8       -0.064909       -0.161301       -0.051811
     C    8        0.047619       -0.051811        0.248512

     H    9       -0.000000        0.000000        0.000000
     H    9        0.000000        0.000000        0.000000
     H    9        0.000000        0.000000        0.000000

     C   10       -0.138274       -0.018184       -0.046180
     C   10       -0.018184       -0.041422        0.060391
     C   10       -0.046180        0.060391        0.179696

     C   11        0.088413        0.152433       -0.104913
     C   11        0.152433       -0.032389        0.083679
     C   11       -0.104913        0.083679       -0.056024

     Cl  12        1.350548        1.674127        0.768696
     Cl  12        1.674127       -0.548949        0.112994
     Cl  12        0.768696        0.112994       -0.801599

     H   13       -0.000000        0.000000        0.000000
     H   13        0.000000        0.000000        0.000000
     H   13        0.000000        0.000000        0.000000

     C   14       -0.148958        0.031725       -0.095675
     C   14        0.031725       -0.093097       -0.118298
     C   14       -0.095675       -0.118298        0.242056

     H   15       -0.000000        0.000000        0.000000
     H   15        0.000000        0.000000        0.000000
     H   15        0.000000        0.000000        0.000000

     C   16       -0.151324        0.054557       -0.041317
     C   16        0.054557       -0.019560       -0.204158
     C   16       -0.041317       -0.204158        0.170884

     C   17        0.062090       -0.162325       -0.065007
     C   17       -0.162325       -0.007120       -0.096988
     C   17       -0.065007       -0.096988       -0.054970

     Cl  18       -0.344538       -1.713398       -0.414601
     Cl  18       -1.713398       -1.237281       -0.256462
     Cl  18       -0.414601       -0.256462        1.581820

     H   19       -0.000000        0.000000        0.000000
     H   19        0.000000        0.000000        0.000000
     H   19        0.000000        0.000000        0.000000

     C   20       -0.117975        0.074592        0.012452
     C   20        0.074592        0.157606        0.076411
     C   20        0.012452        0.076411       -0.039631

     H   21       -0.000000        0.000000        0.000000
     H   21        0.000000        0.000000        0.000000
     H   21        0.000000        0.000000        0.000000

     C   22       -0.103144        0.108830       -0.064071
     C   22        0.108830        0.197210       -0.041472
     C   22       -0.064071       -0.041472       -0.094066

     C   23       -0.163769        0.038237       -0.004381
     C   23        0.038237        0.031594       -0.171160
     C   23       -0.004381       -0.171160        0.132175

     Cl  24       -0.253608        2.095793       -0.380122
     Cl  24        2.095793       -0.216365       -1.838930
     Cl  24       -0.380122       -1.838930        0.469974

     ----- total EFG -----
     Cl   1        0.165470       -0.025543       -1.169804
     Cl   1       -0.025543        0.624213       -1.688400
     Cl   1       -1.169804       -1.688400       -0.789683

     C    2       -0.112177       -0.088348       -0.108269
     C    2       -0.088348       -0.295545       -0.207168
     C    2       -0.108269       -0.207168        0.407721

     C    3       -0.438778        0.012743       -0.094621
     C    3        0.012743        0.020382       -0.229171
     C    3       -0.094621       -0.229171        0.418396

     H    4        0.464789        0.220222        0.193414
     H    4        0.220222        0.087910        0.112034
     H    4        0.193414        0.112034       -0.552699

     C    5       -0.216201        0.145434       -0.015091
     C    5        0.145434       -0.131449       -0.302165
     C    5       -0.015091       -0.302165        0.347651

     H    6       -0.151113        0.043318       -0.007365
     H    6        0.043318        0.338442        0.063764
     H    6       -0.007365        0.063764       -0.187329

     H    7       -0.233106        0.037670       -0.142008
     H    7        0.037670        0.429198       -0.113361
     H    7       -0.142008       -0.113361       -0.196093

     C    8        0.004996       -0.210306        0.211971
     C    8       -0.210306       -0.487109       -0.033331
     C    8        0.211971       -0.033331        0.482114

     H    9        0.429395       -0.042994        0.325883
     H    9       -0.042994       -0.091180       -0.228113
     H    9        0.325883       -0.228113       -0.338215

     C   10       -0.424124       -0.006869       -0.127360
     C   10       -0.006869       -0.045257        0.088908
     C   10       -0.127360        0.088908        0.469381

     C   11        0.197217        0.451563       -0.295638
     C   11        0.451563       -0.143781        0.234899
     C   11       -0.295638        0.234899       -0.053436

     Cl  12        1.415375        1.749390        0.839472
     Cl  12        1.749390       -0.613553        0.103490
     Cl  12        0.839472        0.103490       -0.801821

     H   13       -0.095034       -0.131620        0.285932
     H   13       -0.131620        0.227699        0.663360
     H   13        0.285932        0.663360       -0.132664

     C   14       -0.296326       -0.024409       -0.100902
     C   14       -0.024409       -0.041287       -0.140983
     C   14       -0.100902       -0.140983        0.337613

     H   15        0.270768       -0.103875        0.456819
     H   15       -0.103875       -0.213862        0.272264
     H   15        0.456819        0.272264       -0.056906

     C   16       -0.277406        0.140037        0.068510
     C   16        0.140037        0.047015       -0.451773
     C   16        0.068510       -0.451773        0.230391

     C   17        0.048097       -0.350917       -0.064584
     C   17       -0.350917        0.090152       -0.349922
     C   17       -0.064584       -0.349922       -0.138249

     Cl  18       -0.383683       -1.842016       -0.399227
     Cl  18       -1.842016       -1.333967       -0.314089
     Cl  18       -0.399227       -0.314089        1.717650

     H   19       -0.100824       -0.172407       -0.188902
     H   19       -0.172407        0.246876       -0.486400
     H   19       -0.188902       -0.486400       -0.146052

     C   20       -0.456975        0.006833        0.053963
     C   20        0.006833        0.318598        0.057032
     C   20        0.053963        0.057032        0.138377

     H   21        0.374941       -0.257536        0.307706
     H   21       -0.257536       -0.640975       -0.113742
     H   21        0.307706       -0.113742        0.266034

     C   22       -0.005963        0.410461       -0.131684
     C   22        0.410461        0.143132        0.099103
     C   22       -0.131684        0.099103       -0.137168

     C   23       -0.671318       -0.047760       -0.048787
     C   23       -0.047760        0.199148       -0.507497
     C   23       -0.048787       -0.507497        0.472170

     Cl  24       -0.197215        2.312678       -0.366961
     Cl  24        2.312678       -0.239369       -1.936302
     Cl  24       -0.366961       -1.936302        0.436585

     ----- total EFG (symmetrized) -----
     Cl   1        0.165470       -0.025543       -1.169804
     Cl   1       -0.025543        0.624213       -1.688400
     Cl   1       -1.169804       -1.688400       -0.789683

     C    2       -0.112177       -0.088348       -0.108269
     C    2       -0.088348       -0.295545       -0.207168
     C    2       -0.108269       -0.207168        0.407721

     C    3       -0.438778        0.012743       -0.094621
     C    3        0.012743        0.020382       -0.229171
     C    3       -0.094621       -0.229171        0.418396

     H    4        0.464789        0.220222        0.193414
     H    4        0.220222        0.087910        0.112034
     H    4        0.193414        0.112034       -0.552699

     C    5       -0.216201        0.145434       -0.015091
     C    5        0.145434       -0.131449       -0.302165
     C    5       -0.015091       -0.302165        0.347651

     H    6       -0.151113        0.043318       -0.007365
     H    6        0.043318        0.338442        0.063764
     H    6       -0.007365        0.063764       -0.187329

     H    7       -0.233106        0.037670       -0.142008
     H    7        0.037670        0.429198       -0.113361
     H    7       -0.142008       -0.113361       -0.196093

     C    8        0.004996       -0.210306        0.211971
     C    8       -0.210306       -0.487109       -0.033331
     C    8        0.211971       -0.033331        0.482114

     H    9        0.429395       -0.042994        0.325883
     H    9       -0.042994       -0.091180       -0.228113
     H    9        0.325883       -0.228113       -0.338215

     C   10       -0.424124       -0.006869       -0.127360
     C   10       -0.006869       -0.045257        0.088908
     C   10       -0.127360        0.088908        0.469381

     C   11        0.197217        0.451563       -0.295638
     C   11        0.451563       -0.143781        0.234899
     C   11       -0.295638        0.234899       -0.053436

     Cl  12        1.415375        1.749390        0.839472
     Cl  12        1.749390       -0.613553        0.103490
     Cl  12        0.839472        0.103490       -0.801821

     H   13       -0.095034       -0.131620        0.285932
     H   13       -0.131620        0.227699        0.663360
     H   13        0.285932        0.663360       -0.132664

     C   14       -0.296326       -0.024409       -0.100902
     C   14       -0.024409       -0.041287       -0.140983
     C   14       -0.100902       -0.140983        0.337613

     H   15        0.270768       -0.103875        0.456819
     H   15       -0.103875       -0.213862        0.272264
     H   15        0.456819        0.272264       -0.056906

     C   16       -0.277406        0.140037        0.068510
     C   16        0.140037        0.047015       -0.451773
     C   16        0.068510       -0.451773        0.230391

     C   17        0.048097       -0.350917       -0.064584
     C   17       -0.350917        0.090152       -0.349922
     C   17       -0.064584       -0.349922       -0.138249

     Cl  18       -0.383683       -1.842016       -0.399227
     Cl  18       -1.842016       -1.333967       -0.314089
     Cl  18       -0.399227       -0.314089        1.717650

     H   19       -0.100824       -0.172407       -0.188902
     H   19       -0.172407        0.246876       -0.486400
     H   19       -0.188902       -0.486400       -0.146052

     C   20       -0.456975        0.006833        0.053963
     C   20        0.006833        0.318598        0.057032
     C   20        0.053963        0.057032        0.138377

     H   21        0.374941       -0.257536        0.307706
     H   21       -0.257536       -0.640975       -0.113742
     H   21        0.307706       -0.113742        0.266034

     C   22       -0.005963        0.410461       -0.131684
     C   22        0.410461        0.143132        0.099103
     C   22       -0.131684        0.099103       -0.137168

     C   23       -0.671318       -0.047760       -0.048787
     C   23       -0.047760        0.199148       -0.507497
     C   23       -0.048787       -0.507497        0.472170

     Cl  24       -0.197215        2.312678       -0.366961
     Cl  24        2.312678       -0.239369       -1.936302
     Cl  24       -0.366961       -1.936302        0.436585


     NQR/NMR SPECTROSCOPIC PARAMETERS:
     Cl   1    Vxx=    0.3254    axis=(  0.848491 -0.518759 -0.104655)
     Cl   1    Vyy=    1.9962    axis=(  0.366953  0.719218 -0.589976)
     Cl   1    Vzz=   -2.3216    axis=(  0.381325  0.462186  0.800610)
     Cl   1  Q=        -8.1650 1e-30 m^2  Cq=        44.5378 MHz  eta= 0.71969

     C    2    Vxx=   -0.0773    axis=(  0.915234 -0.401587  0.032775)
     C    2    Vyy=   -0.3984    axis=(  0.377641  0.883325  0.277713)
     C    2    Vzz=    0.4757    axis=( -0.140476 -0.241795  0.960105)
     C    2  Q=         1.0000 1e-30 m^2  Cq=         1.1178 MHz  eta= 0.67508

     C    3    Vxx=   -0.0821    axis=( -0.074459  0.911937  0.403518)
     C    3    Vyy=   -0.4495    axis=(  0.992795  0.029696  0.116084)
     C    3    Vzz=    0.5315    axis=( -0.093878 -0.409254  0.907578)
     C    3  Q=         1.0000 1e-30 m^2  Cq=         1.2489 MHz  eta= 0.69122

     H    4    Vxx=   -0.0128    axis=(  0.429617 -0.902395 -0.033348)
     H    4    Vyy=   -0.5961    axis=(  0.156008  0.110546 -0.981550)
     H    4    Vzz=    0.6089    axis=(  0.889433  0.416488  0.188274)
     H    4  Q=         1.0000 1e-30 m^2  Cq=         1.4306 MHz  eta= 0.95797

     C    5    Vxx=   -0.1246    axis=(  0.772188  0.523722  0.359779)
     C    5    Vyy=   -0.3776    axis=(  0.625909 -0.724446 -0.288819)
     C    5    Vzz=    0.5022    axis=( -0.109380 -0.448211  0.887211)
     C    5  Q=         1.0000 1e-30 m^2  Cq=         1.1799 MHz  eta= 0.50377

     H    6    Vxx=   -0.1511    axis=(  0.958704 -0.048323 -0.280270)
     H    6    Vyy=   -0.1985    axis=( -0.271747  0.135085 -0.952841)
     H    6    Vzz=    0.3496    axis=(  0.083905  0.989655  0.116374)
     H    6  Q=         1.0000 1e-30 m^2  Cq=         0.8214 MHz  eta= 0.13537

     H    7    Vxx=   -0.0942    axis=(  0.672572 -0.202577 -0.711765)
     H    7    Vyy=   -0.3607    axis=(  0.734188  0.062018  0.676108)
     H    7    Vzz=    0.4549    axis=( -0.092822 -0.977301  0.190441)
     H    7  Q=         1.0000 1e-30 m^2  Cq=         1.0688 MHz  eta= 0.58595

     C    8    Vxx=   -0.0072    axis=( -0.852058  0.346153  0.392652)
     C    8    Vyy=   -0.5666    axis=( -0.358990 -0.932353  0.042930)
     C    8    Vzz=    0.5738    axis=(  0.380951 -0.104379  0.918684)
     C    8  Q=         1.0000 1e-30 m^2  Cq=         1.3482 MHz  eta= 0.97473

     H    9    Vxx=   -0.0243    axis=(  0.315443  0.892883 -0.321336)
     H    9    Vyy=   -0.5475    axis=(  0.272418 -0.409577 -0.870652)
     H    9    Vzz=    0.5718    axis=( -0.909002  0.187103 -0.372435)
     H    9  Q=         1.0000 1e-30 m^2  Cq=         1.3434 MHz  eta= 0.91509

     C   10    Vxx=   -0.0597    axis=(  0.036304  0.986913 -0.157116)
     C   10    Vyy=   -0.4420    axis=( -0.990087  0.014174 -0.139741)
     C   10    Vzz=    0.5017    axis=( -0.135686  0.160631  0.977644)
     C   10  Q=         1.0000 1e-30 m^2  Cq=         1.1787 MHz  eta= 0.76214

     C   11    Vxx=    0.1353    axis=( -0.088205  0.554054  0.827795)
     C   11    Vyy=    0.5357    axis=(  0.845169  0.481439 -0.232178)
     C   11    Vzz=   -0.6709    axis=( -0.527172  0.679147 -0.510734)
     C   11  Q=         1.0000 1e-30 m^2  Cq=        -1.5765 MHz  eta= 0.59673

     Cl  12    Vxx=   -0.8473    axis=(  0.005378 -0.438271  0.898827)
     Cl  12    Vyy=   -1.7555    axis=(  0.521943 -0.765458 -0.376363)
     Cl  12    Vzz=    2.6028    axis=(  0.852963  0.471161  0.224636)
     Cl  12  Q=        -8.1650 1e-30 m^2  Cq=       -49.9332 MHz  eta= 0.34896

     H   13    Vxx=    0.0374    axis=(  0.907059 -0.321222  0.272140)
     H   13    Vyy=    0.7411    axis=(  0.089631  0.778932  0.620670)
     H   13    Vzz=   -0.7785    axis=( -0.411351 -0.538593  0.735329)
     H   13  Q=         1.0000 1e-30 m^2  Cq=        -1.8292 MHz  eta= 0.90401

     C   14    Vxx=   -0.0753    axis=( -0.224654  0.937646  0.265235)
     C   14    Vyy=   -0.3203    axis=(  0.966071  0.178721  0.186456)
     C   14    Vzz=    0.3956    axis=( -0.127427 -0.298124  0.945983)
     C   14  Q=         1.0000 1e-30 m^2  Cq=         0.9296 MHz  eta= 0.61925

     H   15    Vxx=   -0.0074    axis=(  0.424545 -0.792064 -0.438631)
     H   15    Vyy=   -0.5919    axis=(  0.428942  0.602592 -0.672972)
     H   15    Vzz=    0.5993    axis=(  0.797352  0.097559  0.595577)
     H   15  Q=         1.0000 1e-30 m^2  Cq=         1.4081 MHz  eta= 0.97527

     C   16    Vxx=   -0.1474    axis=(  0.754769  0.484378  0.442383)
     C   16    Vyy=   -0.4538    axis=(  0.654668 -0.599007 -0.461087)
     C   16    Vzz=    0.6012    axis=( -0.041649 -0.637628  0.769218)
     C   16  Q=         1.0000 1e-30 m^2  Cq=         1.4125 MHz  eta= 0.50969

     C   17    Vxx=    0.0216    axis=(  0.712022  0.178752 -0.679023)
     C   17    Vyy=    0.5032    axis=( -0.536498  0.762376 -0.361875)
     C   17    Vzz=   -0.5248    axis=(  0.452984  0.621957  0.638728)
     C   17  Q=         1.0000 1e-30 m^2  Cq=        -1.2330 MHz  eta= 0.91772

     Cl  18    Vxx=    1.0235    axis=(  0.767307 -0.620911  0.160344)
     Cl  18    Vyy=    1.7913    axis=(  0.192839 -0.015056 -0.981115)
     Cl  18    Vzz=   -2.8148    axis=(  0.611599  0.783737  0.108183)
     Cl  18  Q=        -8.1650 1e-30 m^2  Cq=        53.9998 MHz  eta= 0.27279

     H   19    Vxx=    0.0249    axis=(  0.890304 -0.202378 -0.407924)
     H   19    Vyy=    0.5772    axis=(  0.060300 -0.835530  0.546126)
     H   19    Vzz=   -0.6022    axis=( -0.451357 -0.510816 -0.731672)
     H   19  Q=         1.0000 1e-30 m^2  Cq=        -1.4148 MHz  eta= 0.91723

     C   20    Vxx=    0.1261    axis=( -0.084988  0.285820 -0.954507)
     C   20    Vyy=    0.3357    axis=(  0.027627  0.958281  0.284490)
     C   20    Vzz=   -0.4618    axis=(  0.995999 -0.002192 -0.089339)
     C   20  Q=         1.0000 1e-30 m^2  Cq=        -1.0851 MHz  eta= 0.45389

     H   21    Vxx=    0.0159    axis=( -0.604962  0.100405  0.789899)
     H   21    Vyy=    0.6884    axis=( -0.765299  0.200596 -0.611619)
     H   21    Vzz=   -0.7043    axis=( -0.219860 -0.974515 -0.044513)
     H   21  Q=         1.0000 1e-30 m^2  Cq=        -1.6548 MHz  eta= 0.95481

     C   22    Vxx=   -0.0474    axis=( -0.359315  0.317742  0.877458)
     C   22    Vyy=   -0.4385    axis=( -0.676455  0.559052 -0.479447)
     C   22    Vzz=    0.4859    axis=( -0.642885 -0.765834  0.014062)
     C   22  Q=         1.0000 1e-30 m^2  Cq=         1.1416 MHz  eta= 0.80506

     C   23    Vxx=   -0.1806    axis=( -0.136408  0.786999  0.601685)
     C   23    Vyy=   -0.6807    axis=( -0.990633 -0.104487 -0.087918)
     C   23    Vzz=    0.8613    axis=( -0.006323 -0.608042  0.793880)
     C   23  Q=         1.0000 1e-30 m^2  Cq=         2.0236 MHz  eta= 0.58068

     Cl  24    Vxx=   -0.1867    axis=(  0.638701  0.123422  0.759492)
     Cl  24    Vyy=   -2.9644    axis=( -0.569968  0.738979  0.359230)
     Cl  24    Vzz=    3.1511    axis=( -0.516912 -0.662327  0.542333)
     Cl  24  Q=        -8.1650 1e-30 m^2  Cq=       -60.4515 MHz  eta= 0.88152

     Initialization:
     gipaw_setup  :      9.10s CPU     10.85s WALL (       1 calls)

     Linear response

     Apply operators

     Induced current

     Other routines
     efg          :      9.34s CPU     11.50s WALL (       1 calls)

     General routines
     calbec       :      3.28s CPU      4.29s WALL (      16 calls)
     fft          :      1.74s CPU      2.82s WALL (      15 calls)
     ffts         :      0.04s CPU      0.06s WALL (       2 calls)
     fftw         :      3.31s CPU      3.98s WALL (     672 calls)
     davcio       :      0.03s CPU      0.31s WALL (      32 calls)

     Parallel routines
     fft_scatter  :      2.42s CPU      4.06s WALL (     689 calls)

     Plugins

     GIPAW        :     61.04s CPU     73.35s WALL (       1 calls)
