
     Program QE v.6.0 (svn rev. 13079) starts on 26Dec2016 at 23:48:17 

     This program is part of the open-source Quantum ESPRESSO suite
     for quantum simulation of materials; please cite
         "P. Giannozzi et al., J. Phys.:Condens. Matter 21 395502 (2009);
          URL http://www.quantum-espresso.org", 
     in publications or presentations arising from this work. More details at
     http://www.quantum-espresso.org/quote

     Parallel version (MPI), running on     8 processors
     R & G space division:  proc/nbgrp/npool/nimage =       8

     ***** This is GIPAW svn revision unknown      *****

     Parallelizing q-star over 1 images

     Reading data from directory:
     /users/majewski/paradichlorobenzene/pbe/9_constraint/scratch/pbe.ecut100.np8.dt60.pcl2phi-129368.save
     Message from routine read_xml_file:
     file /users/majewski/paradichlorobenzene/pbe/9_constraint/scratch/pbe.ecut100.np8.dt60.pcl2phi-129368.save not guaranteed to be safe for post-processing

   Info: using nr1, nr2, nr3 values from input

   Info: using nr1, nr2, nr3 values from input

     IMPORTANT: XC functional enforced from input :
     Exchange-correlation      =  SLA  PW   PBX  PBC ( 1  4  3  4 0 0)
     Any further DFT definition will be discarded
     Please, verify this is what you really want

               file C.pbe-n-kjpaw_psl.1.0.0.UPF: wavefunction(s)  2S 2P renormalized
               file Cl.pbe-n-kjpaw_psl.1.0.0.UPF: wavefunction(s)  3S 3P renormalized
               file H.pbe-kjpaw_psl.1.0.0.UPF: wavefunction(s)  1S renormalized

     Parallelization info
     --------------------
     sticks:   dense  smooth     PW     G-vecs:    dense   smooth      PW
     Min        3057    1223    332               144436    36536    5170
     Max        3059    1225    333               144437    36537    5171
     Sum       24467    9791   2657              1155489   292295   41363


     Subspace diagonalization in iterative solution of the eigenvalue problem:
     a serial algorithm will be used

     GIPAW projectors -----------------------------------------------
     atom=  C    l=0  rc=    1.2000  rs=    0.8000
     atom=  C    l=0  rc=    1.2000  rs=    0.8000
     atom=  C    l=1  rc=    1.4000  rs=    0.9333
     atom=  C    l=1  rc=    1.4000  rs=    0.9333
     projs nearly linearly dependent: l=1  n1,n2= 1, 2  s=  0.99951561

     atom=  Cl   l=0  rc=    1.6000  rs=    1.0667
     atom=  Cl   l=0  rc=    1.6000  rs=    1.0667
     atom=  Cl   l=1  rc=    1.6000  rs=    1.0667
     atom=  Cl   l=1  rc=    1.6000  rs=    1.0667
     atom=  Cl   l=2  rc=    1.6000  rs=    1.0667
     atom=  Cl   l=2  rc=    1.6000  rs=    1.0667
     projs nearly linearly dependent: l=2  n1,n2= 1, 2  s=  0.99993509

     atom=  H    l=0  rc=    1.0000  rs=    0.6667
     atom=  H    l=0  rc=    1.0000  rs=    0.6667
     projs nearly linearly dependent: l=0  n1,n2= 1, 2  s=  0.99968852
     -----------------------------------------------------------------

     GIPAW integrals: -------------------------------------------
     Atom  i/j   nmr_para   nmr_dia   epr_rmc  epr_para   epr_dia
       C   1 1   0.83E+03  0.17E-01  0.93E+01  0.24E+08  0.24E+03
       C   2 1   0.86E+03 -0.61E-01  0.94E+01  0.25E+08  0.25E+03
       C   2 2   0.90E+03 -0.15E+00  0.97E+01  0.26E+08  0.26E+03
       C   3 3   0.33E+01  0.34E+00  0.18E+01  0.55E+03  0.21E+02
       C   4 3   0.35E+01  0.37E+00  0.20E+01  0.59E+03  0.22E+02
       C   4 4   0.38E+01  0.39E+00  0.22E+01  0.63E+03  0.24E+02
       Cl  1 1   0.14E+04 -0.47E+00  0.84E+01  0.32E+09  0.42E+03
       Cl  2 1   0.21E+04 -0.37E+00  0.12E+02  0.49E+09  0.65E+03
       Cl  2 2   0.33E+04 -0.16E+00  0.21E+02  0.76E+09  0.10E+04
       Cl  3 3   0.21E+02  0.79E-01  0.89E+01  0.23E+05  0.13E+03
       Cl  4 3   0.24E+02  0.67E-01  0.99E+01  0.27E+05  0.15E+03
       Cl  4 4   0.28E+02  0.44E-01  0.11E+02  0.32E+05  0.18E+03
       Cl  5 5   0.77E+00  0.19E+00  0.18E+01  0.12E+03  0.22E+02
       Cl  6 5   0.80E+00  0.19E+00  0.19E+01  0.12E+03  0.23E+02
       Cl  6 6   0.83E+00  0.20E+00  0.19E+01  0.12E+03  0.23E+02
       H   1 1   0.39E+02  0.19E+00  0.29E+00  0.78E+05  0.13E+02
       H   2 1   0.41E+02  0.21E+00  0.32E+00  0.82E+05  0.14E+02
       H   2 2   0.43E+02  0.22E+00  0.36E+00  0.86E+05  0.15E+02
     ------------------------------------------------------------

     alpha_pv=     34.4797 eV

     Number of occupied bands for each k-point:
     k-point:     1    nbnd_occ=  42
     k-point:     2    nbnd_occ=  42
     k-point:     3    nbnd_occ=  42
     k-point:     4    nbnd_occ=  42
     k-point:     5    nbnd_occ=  42
     k-point:     6    nbnd_occ=  42
     k-point:     7    nbnd_occ=  42
     k-point:     8    nbnd_occ=  42
     k-point:     9    nbnd_occ=  42
     k-point:    10    nbnd_occ=  42
     k-point:    11    nbnd_occ=  42
     k-point:    12    nbnd_occ=  42
     k-point:    13    nbnd_occ=  42
     k-point:    14    nbnd_occ=  42
     k-point:    15    nbnd_occ=  42
     k-point:    16    nbnd_occ=  42


     q-space interpolation up to   110.00 Rydberg

     GIPAW job: efg                                                                             


     ELECTRIC FIELD GRADIENTS TENSORS IN Hartree/bohrradius^2:

     ----- bare term -----
     Cl   1        0.004652        0.046995        0.038502
     Cl   1        0.046995        0.020910        0.095094
     Cl   1        0.038502        0.095094       -0.025562

     C    2       -0.216169        0.234312       -0.482426
     C    2        0.234312        0.118582       -0.248606
     C    2       -0.482426       -0.248606        0.097587

     C    3        0.096732        0.507343       -0.053789
     C    3        0.507343       -0.213310       -0.588121
     C    3       -0.053789       -0.588121        0.116578

     H    4       -0.270199       -0.213817       -0.484199
     H    4       -0.213817        0.361786       -0.064115
     H    4       -0.484199       -0.064115       -0.091587

     C    5       -0.717250        0.389011       -0.447196
     C    5        0.389011        0.397668       -0.060871
     C    5       -0.447196       -0.060871        0.319582

     H    6        0.387484       -0.075429       -0.001226
     H    6       -0.075429       -0.480351       -0.603687
     H    6       -0.001226       -0.603687        0.092866

     H    7        0.318650       -0.169055        0.207495
     H    7       -0.169055       -0.258273        0.604904
     H    7        0.207495        0.604904       -0.060377

     C    8       -0.122949        0.285013       -0.438520
     C    8        0.285013       -0.001080        0.477077
     C    8       -0.438520        0.477077        0.124029

     H    9       -0.341548        0.380186       -0.368616
     H    9        0.380186        0.059470        0.113891
     H    9       -0.368616        0.113891        0.282078

     C   10       -0.507962       -0.322243       -0.153192
     C   10       -0.322243        0.120597        0.307198
     C   10       -0.153192        0.307198        0.387365

     C   11       -0.011471        0.400718       -0.420813
     C   11        0.400718       -0.023811        0.724855
     C   11       -0.420813        0.724855        0.035282

     Cl  12       -0.339102       -0.281713        0.030092
     Cl  12       -0.281713        0.174202        0.109226
     Cl  12        0.030092        0.109226        0.164901

     H   13        0.317058       -0.357529        0.079183
     H   13       -0.357529       -0.644542        0.085116
     H   13        0.079183        0.085116        0.327484

     C   14        0.011449        0.143833       -0.011966
     C   14        0.143833       -0.198212       -0.236632
     C   14       -0.011966       -0.236632        0.186763

     H   15       -0.277216       -0.559304       -0.200687
     H   15       -0.559304       -0.106803       -0.084223
     H   15       -0.200687       -0.084223        0.384019

     C   16       -0.406741        0.317025       -0.318394
     C   16        0.317025        0.177516       -0.172380
     C   16       -0.318394       -0.172380        0.229225

     C   17        0.065459        0.377392       -0.015055
     C   17        0.377392       -0.185913       -0.490243
     C   17       -0.015055       -0.490243        0.120454

     Cl  18       -0.140253        0.086822        0.010643
     Cl  18        0.086822       -0.031442        0.108951
     Cl  18        0.010643        0.108951        0.171695

     H   19       -0.201087        0.209595       -0.096515
     H   19        0.209595       -0.226856        0.417768
     H   19       -0.096515        0.417768        0.427943

     C   20       -0.393615       -0.324731       -0.289106
     C   20       -0.324731       -0.004906        0.133668
     C   20       -0.289106        0.133668        0.398522

     H   21       -0.622021        0.026503        0.151677
     H   21        0.026503        0.349327        0.209204
     H   21        0.151677        0.209204        0.272695

     C   22        0.074874        0.264511       -0.379202
     C   22        0.264511       -0.308689        0.517793
     C   22       -0.379202        0.517793        0.233815

     C   23       -0.591247       -0.362892       -0.361111
     C   23       -0.362892        0.105171        0.085735
     C   23       -0.361111        0.085735        0.486077

     Cl  24       -0.059088        0.048074        0.000183
     Cl  24        0.048074       -0.049684       -0.041397
     Cl  24        0.000183       -0.041397        0.108772

     ----- ionic term -----
     Cl   1        0.169505       -0.217792        0.070545
     Cl   1       -0.217792       -0.016400       -0.028559
     Cl   1        0.070545       -0.028559       -0.153106

     C    2        0.192840       -0.117479        0.340723
     C    2       -0.117479        0.199986        0.350435
     C    2        0.340723        0.350435       -0.392826

     C    3        0.096296       -0.184567        0.262917
     C    3       -0.184567        0.291116        0.359169
     C    3        0.262917        0.359169       -0.387412

     H    4        0.466298        0.394954        0.687696
     H    4        0.394954       -0.295483        0.326107
     H    4        0.687696        0.326107       -0.170816

     C    5        0.304780       -0.141140        0.373646
     C    5       -0.141140        0.047571        0.271192
     C    5        0.373646        0.271192       -0.352351

     H    6       -0.485975        0.132128        0.118457
     H    6        0.132128        0.581393        0.708190
     H    6        0.118457        0.708190       -0.095419

     H    7       -0.508527       -0.020040        0.027657
     H    7       -0.020040        0.420525       -0.792779
     H    7        0.027657       -0.792779        0.088002

     C    8        0.329725        0.156932        0.208065
     C    8        0.156932       -0.009972       -0.332552
     C    8        0.208065       -0.332552       -0.319754

     H    9        0.732085       -0.268694        0.630328
     H    9       -0.268694       -0.468652       -0.209812
     H    9        0.630328       -0.209812       -0.263433

     C   10        0.185703        0.207924        0.158165
     C   10        0.207924        0.134358       -0.408133
     C   10        0.158165       -0.408133       -0.320061

     C   11        0.267524        0.097770        0.222636
     C   11        0.097770        0.075077       -0.423209
     C   11        0.222636       -0.423209       -0.342601

     Cl  12        0.152841        0.191947       -0.002652
     Cl  12        0.191947       -0.008356       -0.013474
     Cl  12       -0.002652       -0.013474       -0.144485

     H   13       -0.513722        0.126385        0.044770
     H   13        0.126385        0.834386        0.556902
     H   13        0.044770        0.556902       -0.320664

     C   14        0.236261       -0.130989        0.295308
     C   14       -0.130989        0.167086        0.249324
     C   14        0.295308        0.249324       -0.403347

     H   15        0.590426        0.381946        0.628975
     H   15        0.381946       -0.360040        0.275017
     H   15        0.628975        0.275017       -0.230386

     C   16        0.099234       -0.162573        0.239590
     C   16       -0.162573        0.320311        0.344767
     C   16        0.239590        0.344767       -0.419546

     C   17        0.146833       -0.129773        0.333867
     C   17       -0.129773        0.271307        0.361888
     C   17        0.333867        0.361888       -0.418139

     Cl  18        0.101184       -0.207201        0.018656
     Cl  18       -0.207201        0.072871       -0.015245
     Cl  18        0.018656       -0.015245       -0.174055

     H   19       -0.473660       -0.282453        0.140556
     H   19       -0.282453        0.702273       -0.643997
     H   19        0.140556       -0.643997       -0.228613

     C   20        0.309535        0.057597        0.202964
     C   20        0.057597        0.071871       -0.319281
     C   20        0.202964       -0.319281       -0.381406

     H   21        0.835623       -0.382845        0.393844
     H   21       -0.382845       -0.390409       -0.184244
     H   21        0.393844       -0.184244       -0.445214

     C   22        0.183978        0.159272        0.088792
     C   22        0.159272        0.205107       -0.405628
     C   22        0.088792       -0.405628       -0.389084

     C   23        0.255230        0.142964        0.199920
     C   23        0.142964        0.132538       -0.431999
     C   23        0.199920       -0.431999       -0.387767

     Cl  24        0.152882        0.237414       -0.040122
     Cl  24        0.237414        0.008594       -0.029325
     Cl  24       -0.040122       -0.029325       -0.161476

     ----- GIPAW term -----
     Cl   1       -0.389978       -0.478362       -1.053793
     Cl   1       -0.478362       -0.431313       -1.542302
     Cl   1       -1.053793       -1.542302        0.821291

     C    2        0.014501        0.109206       -0.119674
     C    2        0.109206        0.091088       -0.099929
     C    2       -0.119674       -0.099929       -0.105589

     C    3       -0.007856        0.219947       -0.012177
     C    3        0.219947        0.130161       -0.098608
     C    3       -0.012177       -0.098608       -0.122305

     H    4       -0.000000        0.000000        0.000000
     H    4        0.000000        0.000000        0.000000
     H    4        0.000000        0.000000        0.000000

     C    5       -0.081482        0.213222        0.032118
     C    5        0.213222        0.142714        0.121849
     C    5        0.032118        0.121849       -0.061231

     H    6       -0.000000        0.000000        0.000000
     H    6        0.000000        0.000000        0.000000
     H    6        0.000000        0.000000        0.000000

     H    7       -0.000000        0.000000        0.000000
     H    7        0.000000        0.000000        0.000000
     H    7        0.000000        0.000000        0.000000

     C    8       -0.027625        0.219623       -0.098547
     C    8        0.219623        0.141411        0.024978
     C    8       -0.098547        0.024978       -0.113786

     H    9       -0.000000        0.000000        0.000000
     H    9        0.000000        0.000000        0.000000
     H    9        0.000000        0.000000        0.000000

     C   10       -0.136776        0.099404       -0.005726
     C   10        0.099404        0.203450        0.049877
     C   10       -0.005726        0.049877       -0.066674

     C   11        0.022628        0.272195       -0.025452
     C   11        0.272195        0.130270        0.141044
     C   11       -0.025452        0.141044       -0.152898

     Cl  12       -0.973567        1.381041        0.188909
     Cl  12        1.381041        2.330646        1.199729
     Cl  12        0.188909        1.199729       -1.357078

     H   13       -0.000000        0.000000        0.000000
     H   13        0.000000        0.000000        0.000000
     H   13        0.000000        0.000000        0.000000

     C   14       -0.001431        0.087563       -0.008826
     C   14        0.087563        0.059098       -0.076182
     C   14       -0.008826       -0.076182       -0.057667

     H   15       -0.000000        0.000000        0.000000
     H   15        0.000000        0.000000        0.000000
     H   15        0.000000        0.000000        0.000000

     C   16       -0.053128        0.187262       -0.086606
     C   16        0.187262        0.148593       -0.036827
     C   16       -0.086606       -0.036827       -0.095465

     C   17        0.029502        0.141549        0.076035
     C   17        0.141549        0.128297        0.060556
     C   17        0.076035        0.060556       -0.157798

     Cl  18        0.354981       -1.756740        0.135828
     Cl  18       -1.756740       -0.143192        0.951138
     Cl  18        0.135828        0.951138       -0.211789

     H   19       -0.000000        0.000000        0.000000
     H   19        0.000000        0.000000        0.000000
     H   19        0.000000        0.000000        0.000000

     C   20        0.067176        0.145439       -0.081145
     C   20        0.145439        0.016350       -0.056706
     C   20       -0.081145       -0.056706       -0.083526

     H   21       -0.000000        0.000000        0.000000
     H   21        0.000000        0.000000        0.000000
     H   21        0.000000        0.000000        0.000000

     C   22        0.028103        0.190380       -0.167425
     C   22        0.190380       -0.017220       -0.058556
     C   22       -0.167425       -0.058556       -0.010883

     C   23       -0.044663        0.159458       -0.144379
     C   23        0.159458        0.067915       -0.130621
     C   23       -0.144379       -0.130621       -0.023252

     Cl  24       -0.029354        2.285548       -0.971700
     Cl  24        2.285548       -0.747490       -1.327400
     Cl  24       -0.971700       -1.327400        0.776844

     ----- total EFG -----
     Cl   1       -0.215821       -0.649160       -0.944746
     Cl   1       -0.649160       -0.426803       -1.475767
     Cl   1       -0.944746       -1.475767        0.642623

     C    2       -0.008828        0.226039       -0.261378
     C    2        0.226039        0.409656        0.001900
     C    2       -0.261378        0.001900       -0.400828

     C    3        0.185172        0.542723        0.196952
     C    3        0.542723        0.207967       -0.327560
     C    3        0.196952       -0.327560       -0.393139

     H    4        0.196100        0.181137        0.203497
     H    4        0.181137        0.066303        0.261991
     H    4        0.203497        0.261991       -0.262403

     C    5       -0.493952        0.461094       -0.041433
     C    5        0.461094        0.587953        0.332170
     C    5       -0.041433        0.332170       -0.094000

     H    6       -0.098490        0.056699        0.117230
     H    6        0.056699        0.101042        0.104503
     H    6        0.117230        0.104503       -0.002552

     H    7       -0.189877       -0.189095        0.235152
     H    7       -0.189095        0.162252       -0.187875
     H    7        0.235152       -0.187875        0.027625

     C    8        0.179151        0.661568       -0.329003
     C    8        0.661568        0.130359        0.169503
     C    8       -0.329003        0.169503       -0.309510

     H    9        0.390537        0.111492        0.261712
     H    9        0.111492       -0.409182       -0.095921
     H    9        0.261712       -0.095921        0.018645

     C   10       -0.459034       -0.014915       -0.000753
     C   10       -0.014915        0.458405       -0.051058
     C   10       -0.000753       -0.051058        0.000629

     C   11        0.278681        0.770683       -0.223628
     C   11        0.770683        0.181536        0.442691
     C   11       -0.223628        0.442691       -0.460217

     Cl  12       -1.159828        1.291275        0.216349
     Cl  12        1.291275        2.496491        1.295481
     Cl  12        0.216349        1.295481       -1.336662

     H   13       -0.196665       -0.231144        0.123953
     H   13       -0.231144        0.189844        0.642018
     H   13        0.123953        0.642018        0.006821

     C   14        0.246279        0.100407        0.274516
     C   14        0.100407        0.027972       -0.063490
     C   14        0.274516       -0.063490       -0.274251

     H   15        0.313211       -0.177357        0.428288
     H   15       -0.177357       -0.466843        0.190794
     H   15        0.428288        0.190794        0.153633

     C   16       -0.360635        0.341714       -0.165410
     C   16        0.341714        0.646420        0.135559
     C   16       -0.165410        0.135559       -0.285785

     C   17        0.241793        0.389168        0.394847
     C   17        0.389168        0.213690       -0.067799
     C   17        0.394847       -0.067799       -0.455483

     Cl  18        0.315912       -1.877119        0.165126
     Cl  18       -1.877119       -0.101763        1.044844
     Cl  18        0.165126        1.044844       -0.214149

     H   19       -0.674747       -0.072858        0.044041
     H   19       -0.072858        0.475417       -0.226229
     H   19        0.044041       -0.226229        0.199330

     C   20       -0.016904       -0.121695       -0.167287
     C   20       -0.121695        0.083314       -0.242319
     C   20       -0.167287       -0.242319       -0.066410

     H   21        0.213601       -0.356342        0.545520
     H   21       -0.356342       -0.041082        0.024960
     H   21        0.545520        0.024960       -0.172519

     C   22        0.286955        0.614163       -0.457835
     C   22        0.614163       -0.120802        0.053609
     C   22       -0.457835        0.053609       -0.166152

     C   23       -0.380681       -0.060470       -0.305570
     C   23       -0.060470        0.305623       -0.476885
     C   23       -0.305570       -0.476885        0.075058

     Cl  24        0.064441        2.571035       -1.011638
     Cl  24        2.571035       -0.788580       -1.398122
     Cl  24       -1.011638       -1.398122        0.724139

     ----- total EFG (symmetrized) -----
     Cl   1       -0.215821       -0.649160       -0.944746
     Cl   1       -0.649160       -0.426803       -1.475767
     Cl   1       -0.944746       -1.475767        0.642623

     C    2       -0.008828        0.226039       -0.261378
     C    2        0.226039        0.409656        0.001900
     C    2       -0.261378        0.001900       -0.400828

     C    3        0.185172        0.542723        0.196952
     C    3        0.542723        0.207967       -0.327560
     C    3        0.196952       -0.327560       -0.393139

     H    4        0.196100        0.181137        0.203497
     H    4        0.181137        0.066303        0.261991
     H    4        0.203497        0.261991       -0.262403

     C    5       -0.493952        0.461094       -0.041433
     C    5        0.461094        0.587953        0.332170
     C    5       -0.041433        0.332170       -0.094000

     H    6       -0.098490        0.056699        0.117230
     H    6        0.056699        0.101042        0.104503
     H    6        0.117230        0.104503       -0.002552

     H    7       -0.189877       -0.189095        0.235152
     H    7       -0.189095        0.162252       -0.187875
     H    7        0.235152       -0.187875        0.027625

     C    8        0.179151        0.661568       -0.329003
     C    8        0.661568        0.130359        0.169503
     C    8       -0.329003        0.169503       -0.309510

     H    9        0.390537        0.111492        0.261712
     H    9        0.111492       -0.409182       -0.095921
     H    9        0.261712       -0.095921        0.018645

     C   10       -0.459034       -0.014915       -0.000753
     C   10       -0.014915        0.458405       -0.051058
     C   10       -0.000753       -0.051058        0.000629

     C   11        0.278681        0.770683       -0.223628
     C   11        0.770683        0.181536        0.442691
     C   11       -0.223628        0.442691       -0.460217

     Cl  12       -1.159828        1.291275        0.216349
     Cl  12        1.291275        2.496491        1.295481
     Cl  12        0.216349        1.295481       -1.336662

     H   13       -0.196665       -0.231144        0.123953
     H   13       -0.231144        0.189844        0.642018
     H   13        0.123953        0.642018        0.006821

     C   14        0.246279        0.100407        0.274516
     C   14        0.100407        0.027972       -0.063490
     C   14        0.274516       -0.063490       -0.274251

     H   15        0.313211       -0.177357        0.428288
     H   15       -0.177357       -0.466843        0.190794
     H   15        0.428288        0.190794        0.153633

     C   16       -0.360635        0.341714       -0.165410
     C   16        0.341714        0.646420        0.135559
     C   16       -0.165410        0.135559       -0.285785

     C   17        0.241793        0.389168        0.394847
     C   17        0.389168        0.213690       -0.067799
     C   17        0.394847       -0.067799       -0.455483

     Cl  18        0.315912       -1.877119        0.165126
     Cl  18       -1.877119       -0.101763        1.044844
     Cl  18        0.165126        1.044844       -0.214149

     H   19       -0.674747       -0.072858        0.044041
     H   19       -0.072858        0.475417       -0.226229
     H   19        0.044041       -0.226229        0.199330

     C   20       -0.016904       -0.121695       -0.167287
     C   20       -0.121695        0.083314       -0.242319
     C   20       -0.167287       -0.242319       -0.066410

     H   21        0.213601       -0.356342        0.545520
     H   21       -0.356342       -0.041082        0.024960
     H   21        0.545520        0.024960       -0.172519

     C   22        0.286955        0.614163       -0.457835
     C   22        0.614163       -0.120802        0.053609
     C   22       -0.457835        0.053609       -0.166152

     C   23       -0.380681       -0.060470       -0.305570
     C   23       -0.060470        0.305623       -0.476885
     C   23       -0.305570       -0.476885        0.075058

     Cl  24        0.064441        2.571035       -1.011638
     Cl  24        2.571035       -0.788580       -1.398122
     Cl  24       -1.011638       -1.398122        0.724139


     NQR/NMR SPECTROSCOPIC PARAMETERS:
     Cl   1    Vxx=    0.3153    axis=(  0.829947 -0.550845 -0.088080)
     Cl   1    Vyy=    1.7758    axis=( -0.237284 -0.491495  0.837931)
     Cl   1    Vzz=   -2.0911    axis=( -0.504862 -0.674538 -0.538621)
     Cl   1  Q=        -8.1650 1e-30 m^2  Cq=        40.1162 MHz  eta= 0.69843

     C    2    Vxx=    0.0222    axis=( -0.762094  0.442261  0.472883)
     C    2    Vyy=    0.5212    axis=( -0.439977 -0.889560  0.122893)
     C    2    Vzz=   -0.5434    axis=(  0.475008 -0.114401  0.872513)
     C    2  Q=         1.0000 1e-30 m^2  Cq=        -1.2767 MHz  eta= 0.91835

     C    3    Vxx=   -0.0048    axis=( -0.584144  0.449718 -0.675670)
     C    3    Vyy=   -0.7437    axis=( -0.453052  0.510045  0.731162)
     C    3    Vzz=    0.7485    axis=( -0.673439 -0.733217  0.094194)
     C    3  Q=         1.0000 1e-30 m^2  Cq=         1.7587 MHz  eta= 0.98705

     H    4    Vxx=   -0.0422    axis=(  0.691732 -0.696782 -0.189740)
     H    4    Vyy=   -0.4232    axis=(  0.172399  0.414479 -0.893580)
     H    4    Vzz=    0.4654    axis=(  0.701274  0.585407  0.406833)
     H    4  Q=         1.0000 1e-30 m^2  Cq=         1.0934 MHz  eta= 0.81873

     C    5    Vxx=   -0.1462    axis=( -0.358691 -0.188379  0.914250)
     C    5    Vyy=   -0.7066    axis=( -0.883867  0.383524 -0.267747)
     C    5    Vzz=    0.8528    axis=( -0.300199 -0.904114 -0.304069)
     C    5  Q=         1.0000 1e-30 m^2  Cq=         2.0037 MHz  eta= 0.65715

     H    6    Vxx=   -0.0300    axis=(  0.456374 -0.666931  0.589004)
     H    6    Vyy=   -0.1777    axis=( -0.816054 -0.049880  0.575819)
     H    6    Vzz=    0.2078    axis=(  0.354653  0.743448  0.567016)
     H    6  Q=         1.0000 1e-30 m^2  Cq=         0.4882 MHz  eta= 0.71078

     H    7    Vxx=   -0.0835    axis=(  0.241636  0.699879  0.672147)
     H    7    Vyy=   -0.3490    axis=(  0.870521  0.149687 -0.468814)
     H    7    Vzz=    0.4325    axis=(  0.428725 -0.698401  0.573089)
     H    7  Q=         1.0000 1e-30 m^2  Cq=         1.0162 MHz  eta= 0.61403

     C    8    Vxx=   -0.0546    axis=( -0.344836  0.512835  0.786186)
     C    8    Vyy=   -0.7757    axis=( -0.583042  0.539371 -0.607570)
     C    8    Vzz=    0.8303    axis=( -0.735629 -0.667891  0.113010)
     C    8  Q=         1.0000 1e-30 m^2  Cq=         1.9510 MHz  eta= 0.86840

     H    9    Vxx=   -0.0634    axis=( -0.397219 -0.362057  0.843286)
     H    9    Vyy=   -0.4655    axis=( -0.212623  0.930194  0.299217)
     H    9    Vzz=    0.5290    axis=( -0.892753 -0.060447 -0.446472)
     H    9  Q=         1.0000 1e-30 m^2  Cq=         1.2429 MHz  eta= 0.76011

     C   10    Vxx=   -0.0050    axis=( -0.005240  0.109353  0.993989)
     C   10    Vyy=   -0.4593    axis=( -0.999859 -0.016443 -0.003462)
     C   10    Vzz=    0.4643    axis=(  0.015965 -0.993867  0.109424)
     C   10  Q=         1.0000 1e-30 m^2  Cq=         1.0908 MHz  eta= 0.97853

     C   11    Vxx=   -0.0338    axis=(  0.537076 -0.428571 -0.726551)
     C   11    Vyy=   -0.9833    axis=( -0.466467  0.566745 -0.679124)
     C   11    Vzz=    1.0170    axis=( -0.702822 -0.703653 -0.104471)
     C   11  Q=         1.0000 1e-30 m^2  Cq=         2.3896 MHz  eta= 0.93357

     Cl  12    Vxx=   -1.4460    axis=(  0.831991 -0.092765 -0.546979)
     Cl  12    Vyy=   -1.8277    axis=( -0.478184  0.380003 -0.791794)
     Cl  12    Vzz=    3.2738    axis=( -0.281304 -0.920322 -0.271800)
     Cl  12  Q=        -8.1650 1e-30 m^2  Cq=       -62.8058 MHz  eta= 0.11659

     H   13    Vxx=   -0.0796    axis=(  0.882502 -0.225885  0.412511)
     H   13    Vyy=   -0.6769    axis=( -0.459033 -0.604603  0.650956)
     H   13    Vzz=    0.7564    axis=( -0.102364  0.763827  0.637252)
     H   13  Q=         1.0000 1e-30 m^2  Cq=         1.7774 MHz  eta= 0.78965

     C   14    Vxx=    0.0366    axis=( -0.093746  0.955981 -0.278051)
     C   14    Vyy=    0.3777    axis=(  0.910539  0.195277  0.364398)
     C   14    Vzz=   -0.4143    axis=(  0.402654 -0.219015 -0.888764)
     C   14  Q=         1.0000 1e-30 m^2  Cq=        -0.9734 MHz  eta= 0.82334

     H   15    Vxx=   -0.0428    axis=( -0.536665  0.522564  0.662509)
     H   15    Vyy=   -0.6265    axis=(  0.341348  0.852491 -0.395906)
     H   15    Vzz=    0.6693    axis=( -0.771668  0.013678 -0.635878)
     H   15  Q=         1.0000 1e-30 m^2  Cq=         1.5725 MHz  eta= 0.87207

     C   16    Vxx=   -0.1634    axis=( -0.543904  0.089851  0.834323)
     C   16    Vyy=   -0.5946    axis=( -0.790904  0.277368 -0.545470)
     C   16    Vzz=    0.7579    axis=( -0.280426 -0.956553 -0.079798)
     C   16  Q=         1.0000 1e-30 m^2  Cq=         1.7808 MHz  eta= 0.56893

     C   17    Vxx=    0.0210    axis=( -0.454644  0.748202 -0.483211)
     C   17    Vyy=    0.6732    axis=(  0.759209  0.609228  0.229002)
     C   17    Vzz=   -0.6942    axis=( -0.465726  0.262744  0.845024)
     C   17  Q=         1.0000 1e-30 m^2  Cq=        -1.6310 MHz  eta= 0.93950

     Cl  18    Vxx=    0.0484    axis=(  0.472489  0.143825  0.869522)
     Cl  18    Vyy=    2.1481    axis=(  0.680391 -0.686629 -0.256144)
     Cl  18    Vzz=   -2.1965    axis=(  0.560199  0.712640 -0.422281)
     Cl  18  Q=        -8.1650 1e-30 m^2  Cq=        42.1384 MHz  eta= 0.95593

     H   19    Vxx=    0.0724    axis=(  0.003608  0.489951  0.871743)
     H   19    Vyy=    0.6080    axis=( -0.066188  0.869954 -0.488671)
     H   19    Vzz=   -0.6804    axis=( -0.997801 -0.055935  0.035568)
     H   19  Q=         1.0000 1e-30 m^2  Cq=        -1.5987 MHz  eta= 0.78729

     C   20    Vxx=    0.1052    axis=(  0.861096 -0.307887 -0.404622)
     C   20    Vyy=    0.2621    axis=(  0.007079  0.802991 -0.595950)
     C   20    Vzz=   -0.3673    axis=(  0.508393  0.510305  0.693632)
     C   20  Q=         1.0000 1e-30 m^2  Cq=        -0.8630 MHz  eta= 0.42708

     H   21    Vxx=   -0.0560    axis=( -0.072145 -0.850983 -0.520215)
     H   21    Vyy=   -0.6512    axis=(  0.600388  0.379438 -0.703961)
     H   21    Vzz=    0.7073    axis=(  0.796448 -0.363118  0.483545)
     H   21  Q=         1.0000 1e-30 m^2  Cq=         1.6618 MHz  eta= 0.84155

     C   22    Vxx=   -0.0977    axis=( -0.045582  0.615243  0.787019)
     C   22    Vyy=   -0.7541    axis=(  0.592046 -0.617927  0.517347)
     C   22    Vzz=    0.8519    axis=( -0.804614 -0.489533  0.336086)
     C   22  Q=         1.0000 1e-30 m^2  Cq=         2.0015 MHz  eta= 0.77055

     C   23    Vxx=   -0.0712    axis=( -0.632150  0.566984  0.528125)
     C   23    Vyy=   -0.6297    axis=( -0.762215 -0.332460 -0.555427)
     C   23    Vzz=    0.7009    axis=( -0.139338 -0.753657  0.642328)
     C   23  Q=         1.0000 1e-30 m^2  Cq=         1.6468 MHz  eta= 0.79695

     Cl  24    Vxx=   -0.3110    axis=(  0.498047  0.253566  0.829248)
     Cl  24    Vyy=   -3.0212    axis=(  0.609994 -0.782129 -0.127205)
     Cl  24    Vzz=    3.3321    axis=(  0.616325  0.569191 -0.544211)
     Cl  24  Q=        -8.1650 1e-30 m^2  Cq=       -63.9251 MHz  eta= 0.81335

     Initialization:
     gipaw_setup  :      8.87s CPU     10.70s WALL (       1 calls)

     Linear response

     Apply operators

     Induced current

     Other routines
     efg          :      9.23s CPU     11.23s WALL (       1 calls)

     General routines
     calbec       :      3.20s CPU      3.97s WALL (      16 calls)
     fft          :      1.47s CPU      2.18s WALL (      15 calls)
     ffts         :      0.03s CPU      0.04s WALL (       2 calls)
     fftw         :      3.25s CPU      3.87s WALL (     672 calls)
     davcio       :      0.01s CPU      0.33s WALL (      32 calls)

     Parallel routines
     fft_scatter  :      2.03s CPU      3.30s WALL (     689 calls)

     Plugins

     GIPAW        :     60.55s CPU     76.15s WALL (       1 calls)
