
     Program QE v.6.0 (svn rev. 13079) starts on 30Dec2016 at  5:32:55 

     This program is part of the open-source Quantum ESPRESSO suite
     for quantum simulation of materials; please cite
         "P. Giannozzi et al., J. Phys.:Condens. Matter 21 395502 (2009);
          URL http://www.quantum-espresso.org", 
     in publications or presentations arising from this work. More details at
     http://www.quantum-espresso.org/quote

     Parallel version (MPI), running on     8 processors
     R & G space division:  proc/nbgrp/npool/nimage =       8

     ***** This is GIPAW svn revision unknown      *****

     Parallelizing q-star over 1 images

     Reading data from directory:
     /users/majewski/paradichlorobenzene/pbe/9_constraint/scratch/pbe.ecut100.np8.dt60.pcl2phi-129368.save
     Message from routine read_xml_file:
     file /users/majewski/paradichlorobenzene/pbe/9_constraint/scratch/pbe.ecut100.np8.dt60.pcl2phi-129368.save not guaranteed to be safe for post-processing

   Info: using nr1, nr2, nr3 values from input

   Info: using nr1, nr2, nr3 values from input

     IMPORTANT: XC functional enforced from input :
     Exchange-correlation      =  SLA  PW   PBX  PBC ( 1  4  3  4 0 0)
     Any further DFT definition will be discarded
     Please, verify this is what you really want

               file C.pbe-n-kjpaw_psl.1.0.0.UPF: wavefunction(s)  2S 2P renormalized
               file Cl.pbe-n-kjpaw_psl.1.0.0.UPF: wavefunction(s)  3S 3P renormalized
               file H.pbe-kjpaw_psl.1.0.0.UPF: wavefunction(s)  1S renormalized

     Parallelization info
     --------------------
     sticks:   dense  smooth     PW     G-vecs:    dense   smooth      PW
     Min        3057    1223    332               144436    36536    5170
     Max        3059    1225    333               144437    36537    5171
     Sum       24467    9791   2657              1155489   292295   41363


     Subspace diagonalization in iterative solution of the eigenvalue problem:
     a serial algorithm will be used

     GIPAW projectors -----------------------------------------------
     atom=  C    l=0  rc=    1.2000  rs=    0.8000
     atom=  C    l=0  rc=    1.2000  rs=    0.8000
     atom=  C    l=1  rc=    1.4000  rs=    0.9333
     atom=  C    l=1  rc=    1.4000  rs=    0.9333
     projs nearly linearly dependent: l=1  n1,n2= 1, 2  s=  0.99951561

     atom=  Cl   l=0  rc=    1.6000  rs=    1.0667
     atom=  Cl   l=0  rc=    1.6000  rs=    1.0667
     atom=  Cl   l=1  rc=    1.6000  rs=    1.0667
     atom=  Cl   l=1  rc=    1.6000  rs=    1.0667
     atom=  Cl   l=2  rc=    1.6000  rs=    1.0667
     atom=  Cl   l=2  rc=    1.6000  rs=    1.0667
     projs nearly linearly dependent: l=2  n1,n2= 1, 2  s=  0.99993509

     atom=  H    l=0  rc=    1.0000  rs=    0.6667
     atom=  H    l=0  rc=    1.0000  rs=    0.6667
     projs nearly linearly dependent: l=0  n1,n2= 1, 2  s=  0.99968852
     -----------------------------------------------------------------

     GIPAW integrals: -------------------------------------------
     Atom  i/j   nmr_para   nmr_dia   epr_rmc  epr_para   epr_dia
       C   1 1   0.83E+03  0.17E-01  0.93E+01  0.24E+08  0.24E+03
       C   2 1   0.86E+03 -0.61E-01  0.94E+01  0.25E+08  0.25E+03
       C   2 2   0.90E+03 -0.15E+00  0.97E+01  0.26E+08  0.26E+03
       C   3 3   0.33E+01  0.34E+00  0.18E+01  0.55E+03  0.21E+02
       C   4 3   0.35E+01  0.37E+00  0.20E+01  0.59E+03  0.22E+02
       C   4 4   0.38E+01  0.39E+00  0.22E+01  0.63E+03  0.24E+02
       Cl  1 1   0.14E+04 -0.47E+00  0.84E+01  0.32E+09  0.42E+03
       Cl  2 1   0.21E+04 -0.37E+00  0.12E+02  0.49E+09  0.65E+03
       Cl  2 2   0.33E+04 -0.16E+00  0.21E+02  0.76E+09  0.10E+04
       Cl  3 3   0.21E+02  0.79E-01  0.89E+01  0.23E+05  0.13E+03
       Cl  4 3   0.24E+02  0.67E-01  0.99E+01  0.27E+05  0.15E+03
       Cl  4 4   0.28E+02  0.44E-01  0.11E+02  0.32E+05  0.18E+03
       Cl  5 5   0.77E+00  0.19E+00  0.18E+01  0.12E+03  0.22E+02
       Cl  6 5   0.80E+00  0.19E+00  0.19E+01  0.12E+03  0.23E+02
       Cl  6 6   0.83E+00  0.20E+00  0.19E+01  0.12E+03  0.23E+02
       H   1 1   0.39E+02  0.19E+00  0.29E+00  0.78E+05  0.13E+02
       H   2 1   0.41E+02  0.21E+00  0.32E+00  0.82E+05  0.14E+02
       H   2 2   0.43E+02  0.22E+00  0.36E+00  0.86E+05  0.15E+02
     ------------------------------------------------------------

     alpha_pv=     33.7156 eV

     Number of occupied bands for each k-point:
     k-point:     1    nbnd_occ=  42
     k-point:     2    nbnd_occ=  42
     k-point:     3    nbnd_occ=  42
     k-point:     4    nbnd_occ=  42
     k-point:     5    nbnd_occ=  42
     k-point:     6    nbnd_occ=  42
     k-point:     7    nbnd_occ=  42
     k-point:     8    nbnd_occ=  42
     k-point:     9    nbnd_occ=  42
     k-point:    10    nbnd_occ=  42
     k-point:    11    nbnd_occ=  42
     k-point:    12    nbnd_occ=  42
     k-point:    13    nbnd_occ=  42
     k-point:    14    nbnd_occ=  42
     k-point:    15    nbnd_occ=  42
     k-point:    16    nbnd_occ=  42


     q-space interpolation up to   110.00 Rydberg

     GIPAW job: efg                                                                             


     ELECTRIC FIELD GRADIENTS TENSORS IN Hartree/bohrradius^2:

     ----- bare term -----
     Cl   1       -0.082135        0.175921        0.025615
     Cl   1        0.175921       -0.093542        0.075392
     Cl   1        0.025615        0.075392        0.175677

     C    2       -0.103415       -0.191240       -0.319250
     C    2       -0.191240        0.045124       -0.741861
     C    2       -0.319250       -0.741861        0.058292

     C    3       -0.558637        0.321679       -0.310332
     C    3        0.321679        0.144878       -0.143854
     C    3       -0.310332       -0.143854        0.413759

     H    4       -0.130807       -0.181351       -0.420388
     H    4       -0.181351        0.247389       -0.420177
     H    4       -0.420388       -0.420177       -0.116582

     C    5       -0.092306       -0.288040       -0.498263
     C    5       -0.288040       -0.084734       -0.443184
     C    5       -0.498263       -0.443184        0.177040

     H    6        0.104752        0.251485        0.279385
     H    6        0.251485       -0.156998       -0.525773
     H    6        0.279385       -0.525773        0.052246

     H    7        0.361557       -0.136686       -0.242375
     H    7       -0.136686       -0.395953        0.486494
     H    7       -0.242375        0.486494        0.034396

     C    8       -0.870735       -0.364097       -0.380879
     C    8       -0.364097        0.395626        0.069833
     C    8       -0.380879        0.069833        0.475110

     H    9       -0.272950       -0.190327       -0.443648
     H    9       -0.190327       -0.078903        0.178572
     H    9       -0.443648        0.178572        0.351853

     C   10        0.251794       -0.137762       -0.083922
     C   10       -0.137762       -0.239931        0.569752
     C   10       -0.083922        0.569752       -0.011863

     C   11       -0.572655       -0.418764       -0.409201
     C   11       -0.418764        0.159609        0.020755
     C   11       -0.409201        0.020755        0.413046

     Cl  12        0.153959        0.029845       -0.025242
     Cl  12        0.029845       -0.253782       -0.125474
     Cl  12       -0.025242       -0.125474        0.099823

     H   13        0.543400       -0.018663        0.006529
     H   13       -0.018663       -0.083237       -0.271920
     H   13        0.006529       -0.271920       -0.460164

     C   14       -0.605386        0.338684       -0.164630
     C   14        0.338684        0.237742       -0.393392
     C   14       -0.164630       -0.393392        0.367644

     H   15       -0.143240        0.137581       -0.555701
     H   15        0.137581        0.085781        0.136482
     H   15       -0.555701        0.136482        0.057458

     C   16       -0.056567        0.017835       -0.232713
     C   16        0.017835       -0.032368       -0.696612
     C   16       -0.232713       -0.696612        0.088936

     C   17       -0.539554        0.354933       -0.218186
     C   17        0.354933        0.161462       -0.317070
     C   17       -0.218186       -0.317070        0.378092

     Cl  18        0.028779        0.053084       -0.011568
     Cl  18        0.053084        0.037881        0.021969
     Cl  18       -0.011568        0.021969       -0.066661

     H   19        0.429734        0.144677       -0.147731
     H   19        0.144677       -0.190009        0.613056
     H   19       -0.147731        0.613056       -0.239725

     C   20        0.011245       -0.110229       -0.126142
     C   20       -0.110229       -0.192170        0.392954
     C   20       -0.126142        0.392954        0.180924

     H   21       -0.031319        0.194534       -0.502763
     H   21        0.194534        0.372566        0.351913
     H   21       -0.502763        0.351913       -0.341247

     C   22       -0.749827       -0.359493       -0.377442
     C   22       -0.359493        0.250014       -0.014694
     C   22       -0.377442       -0.014694        0.499813

     C   23        0.063214        0.071551       -0.265565
     C   23        0.071551       -0.092321        0.565677
     C   23       -0.265565        0.565677        0.029107

     Cl  24       -0.179409       -0.175392       -0.153192
     Cl  24       -0.175392       -0.127668       -0.035118
     Cl  24       -0.153192       -0.035118        0.307077

     ----- ionic term -----
     Cl   1        0.191296       -0.163703       -0.005909
     Cl   1       -0.163703       -0.055682        0.011799
     Cl   1       -0.005909        0.011799       -0.135614

     C    2        0.294827       -0.140163        0.236379
     C    2       -0.140163       -0.102993        0.410117
     C    2        0.236379        0.410117       -0.191833

     C    3        0.178085       -0.271366        0.179492
     C    3       -0.271366       -0.012675        0.363922
     C    3        0.179492        0.363922       -0.165410

     H    4        0.534393        0.209401        0.739732
     H    4        0.209401       -0.513126        0.210765
     H    4        0.739732        0.210765       -0.021267

     C    5        0.249345       -0.269511        0.262190
     C    5       -0.269511       -0.049037        0.296197
     C    5        0.262190        0.296197       -0.200308

     H    6       -0.500159       -0.113286       -0.032841
     H    6       -0.113286        0.492666        0.761594
     H    6       -0.032841        0.761594        0.007493

     H    7       -0.474959       -0.214151        0.155074
     H    7       -0.214151        0.567006       -0.718077
     H    7        0.155074       -0.718077       -0.092047

     C    8        0.286596        0.191371        0.365683
     C    8        0.191371        0.024074       -0.291192
     C    8        0.365683       -0.291192       -0.310669

     H    9        0.681774       -0.373451        0.577566
     H    9       -0.373451       -0.340711       -0.235216
     H    9        0.577566       -0.235216       -0.341063

     C   10        0.156869        0.239633        0.210940
     C   10        0.239633        0.206181       -0.363610
     C   10        0.210940       -0.363610       -0.363050

     C   11        0.161403        0.189805        0.395302
     C   11        0.189805        0.081755       -0.345687
     C   11        0.395302       -0.345687       -0.243158

     Cl  12        0.141821        0.234176        0.054040
     Cl  12        0.234176        0.011926        0.025915
     Cl  12        0.054040        0.025915       -0.153747

     H   13       -0.532314        0.026732        0.012389
     H   13        0.026732        0.506079        0.796425
     H   13        0.012389        0.796425        0.026235

     C   14        0.269781       -0.161730        0.236421
     C   14       -0.161730       -0.002327        0.340945
     C   14        0.236421        0.340945       -0.267454

     H   15        0.567083        0.224279        0.726549
     H   15        0.224279       -0.459659        0.221670
     H   15        0.726549        0.221670       -0.107424

     C   16        0.136961       -0.270062        0.163577
     C   16       -0.270062        0.135755        0.385899
     C   16        0.163577        0.385899       -0.272716

     C   17        0.089349       -0.252541        0.258572
     C   17       -0.252541        0.120792        0.401420
     C   17        0.258572        0.401420       -0.210140

     Cl  18        0.100922       -0.220682        0.003973
     Cl  18       -0.220682        0.033249        0.012264
     Cl  18        0.003973        0.012264       -0.134171

     H   19       -0.535396       -0.095070        0.091512
     H   19       -0.095070        0.310408       -0.794358
     H   19        0.091512       -0.794358        0.224988

     C   20        0.171101        0.188269        0.357002
     C   20        0.188269        0.004692       -0.301297
     C   20        0.357002       -0.301297       -0.175793

     H   21        0.556581       -0.150686        0.764628
     H   21       -0.150686       -0.509083       -0.174682
     H   21        0.764628       -0.174682       -0.047498

     C   22        0.036439        0.260517        0.250345
     C   22        0.260517        0.164579       -0.409448
     C   22        0.250345       -0.409448       -0.201018

     C   23        0.096097        0.144003        0.359418
     C   23        0.144003        0.092383       -0.426252
     C   23        0.359418       -0.426252       -0.188480

     Cl  24        0.057329        0.165708        0.028559
     Cl  24        0.165708        0.073048        0.018001
     Cl  24        0.028559        0.018001       -0.130377

     ----- GIPAW term -----
     Cl   1       -0.569073        0.494411       -0.626132
     Cl   1        0.494411        1.535186       -1.429271
     Cl   1       -0.626132       -1.429271       -0.966113

     C    2       -0.067602       -0.135686       -0.034692
     C    2       -0.135686        0.164455       -0.232438
     C    2       -0.034692       -0.232438       -0.096853

     C    3       -0.150426       -0.088907       -0.103369
     C    3       -0.088907        0.173696        0.095506
     C    3       -0.103369        0.095506       -0.023270

     H    4       -0.000000        0.000000        0.000000
     H    4        0.000000        0.000000        0.000000
     H    4        0.000000        0.000000        0.000000

     C    5        0.043202       -0.225178       -0.154041
     C    5       -0.225178        0.015038        0.000339
     C    5       -0.154041        0.000339       -0.058241

     H    6       -0.000000        0.000000        0.000000
     H    6        0.000000        0.000000        0.000000
     H    6        0.000000        0.000000        0.000000

     H    7       -0.000000        0.000000        0.000000
     H    7        0.000000        0.000000        0.000000
     H    7        0.000000        0.000000        0.000000

     C    8       -0.166771       -0.007597       -0.026959
     C    8       -0.007597        0.208226       -0.050784
     C    8       -0.026959       -0.050784       -0.041455

     H    9       -0.000000        0.000000        0.000000
     H    9        0.000000        0.000000        0.000000
     H    9        0.000000        0.000000        0.000000

     C   10       -0.052591       -0.021302        0.011218
     C   10       -0.021302        0.174006       -0.015772
     C   10        0.011218       -0.015772       -0.121415

     C   11       -0.052189       -0.077322       -0.016495
     C   11       -0.077322        0.101734       -0.043050
     C   11       -0.016495       -0.043050       -0.049545

     Cl  12        0.051603        0.149412       -0.492786
     Cl  12        0.149412        1.553582        1.003338
     Cl  12       -0.492786        1.003338       -1.605185

     H   13       -0.000000        0.000000        0.000000
     H   13        0.000000        0.000000        0.000000
     H   13        0.000000        0.000000        0.000000

     C   14       -0.193057        0.009407        0.016271
     C   14        0.009407        0.164357       -0.204392
     C   14        0.016271       -0.204392        0.028700

     H   15       -0.000000        0.000000        0.000000
     H   15        0.000000        0.000000        0.000000
     H   15        0.000000        0.000000        0.000000

     C   16       -0.125191       -0.071514       -0.024494
     C   16       -0.071514        0.204546       -0.206949
     C   16       -0.024494       -0.206949       -0.079356

     C   17       -0.100421       -0.149230        0.005506
     C   17       -0.149230        0.212412       -0.095596
     C   17        0.005506       -0.095596       -0.111992

     Cl  18       -0.101729       -1.192472       -0.054251
     Cl  18       -1.192472        2.673300        0.373721
     Cl  18       -0.054251        0.373721       -2.571572

     H   19       -0.000000        0.000000        0.000000
     H   19        0.000000        0.000000        0.000000
     H   19        0.000000        0.000000        0.000000

     C   20       -0.097563       -0.042801        0.015527
     C   20       -0.042801        0.162636       -0.089412
     C   20        0.015527       -0.089412       -0.065073

     H   21       -0.000000        0.000000        0.000000
     H   21        0.000000        0.000000        0.000000
     H   21        0.000000        0.000000        0.000000

     C   22       -0.256837       -0.017337       -0.085379
     C   22       -0.017337        0.142458       -0.206502
     C   22       -0.085379       -0.206502        0.114380

     C   23       -0.071907        0.075124       -0.023171
     C   23        0.075124        0.229853       -0.073201
     C   23       -0.023171       -0.073201       -0.157945

     Cl  24        0.114533        1.442748       -1.532116
     Cl  24        1.442748       -1.112413       -0.390400
     Cl  24       -1.532116       -0.390400        0.997880

     ----- total EFG -----
     Cl   1       -0.459912        0.506629       -0.606425
     Cl   1        0.506629        1.385962       -1.342079
     Cl   1       -0.606425       -1.342079       -0.926050

     C    2        0.123809       -0.467089       -0.117562
     C    2       -0.467089        0.106585       -0.564182
     C    2       -0.117562       -0.564182       -0.230394

     C    3       -0.530977       -0.038595       -0.234209
     C    3       -0.038595        0.305899        0.315573
     C    3       -0.234209        0.315573        0.225078

     H    4        0.403586        0.028050        0.319344
     H    4        0.028050       -0.265737       -0.209412
     H    4        0.319344       -0.209412       -0.137849

     C    5        0.200241       -0.782729       -0.390114
     C    5       -0.782729       -0.118733       -0.146648
     C    5       -0.390114       -0.146648       -0.081508

     H    6       -0.395407        0.138199        0.246544
     H    6        0.138199        0.335668        0.235821
     H    6        0.246544        0.235821        0.059739

     H    7       -0.113401       -0.350837       -0.087301
     H    7       -0.350837        0.171053       -0.231582
     H    7       -0.087301       -0.231582       -0.057651

     C    8       -0.750911       -0.180323       -0.042155
     C    8       -0.180323        0.627925       -0.272143
     C    8       -0.042155       -0.272143        0.122986

     H    9        0.408824       -0.563778        0.133918
     H    9       -0.563778       -0.419614       -0.056644
     H    9        0.133918       -0.056644        0.010789

     C   10        0.356072        0.080568        0.138235
     C   10        0.080568        0.140256        0.190370
     C   10        0.138235        0.190370       -0.496328

     C   11       -0.463441       -0.306281       -0.030394
     C   11       -0.306281        0.343098       -0.367982
     C   11       -0.030394       -0.367982        0.120343

     Cl  12        0.347383        0.413432       -0.463987
     Cl  12        0.413432        1.311726        0.903778
     Cl  12       -0.463987        0.903778       -1.659109

     H   13        0.011087        0.008069        0.018918
     H   13        0.008069        0.422842        0.524505
     H   13        0.018918        0.524505       -0.433929

     C   14       -0.528662        0.186361        0.088062
     C   14        0.186361        0.399772       -0.256840
     C   14        0.088062       -0.256840        0.128890

     H   15        0.423843        0.361860        0.170848
     H   15        0.361860       -0.373877        0.358152
     H   15        0.170848        0.358152       -0.049966

     C   16       -0.044797       -0.323741       -0.093631
     C   16       -0.323741        0.307932       -0.517662
     C   16       -0.093631       -0.517662       -0.263136

     C   17       -0.550626       -0.046838        0.045893
     C   17       -0.046838        0.494666       -0.011246
     C   17        0.045893       -0.011246        0.055960

     Cl  18        0.027973       -1.360070       -0.061846
     Cl  18       -1.360070        2.744431        0.407954
     Cl  18       -0.061846        0.407954       -2.772404

     H   19       -0.105662        0.049607       -0.056219
     H   19        0.049607        0.120399       -0.181303
     H   19       -0.056219       -0.181303       -0.014737

     C   20        0.084783        0.035239        0.246387
     C   20        0.035239       -0.024842        0.002244
     C   20        0.246387        0.002244       -0.059941

     H   21        0.525262        0.043847        0.261866
     H   21        0.043847       -0.136517        0.177231
     H   21        0.261866        0.177231       -0.388745

     C   22       -0.970225       -0.116313       -0.212476
     C   22       -0.116313        0.557050       -0.630645
     C   22       -0.212476       -0.630645        0.413175

     C   23        0.087404        0.290679        0.070682
     C   23        0.290679        0.229914        0.066223
     C   23        0.070682        0.066223       -0.317318

     Cl  24       -0.007547        1.433064       -1.656749
     Cl  24        1.433064       -1.167033       -0.407517
     Cl  24       -1.656749       -0.407517        1.174580

     ----- total EFG (symmetrized) -----
     Cl   1       -0.459912        0.506629       -0.606425
     Cl   1        0.506629        1.385962       -1.342079
     Cl   1       -0.606425       -1.342079       -0.926050

     C    2        0.123809       -0.467089       -0.117562
     C    2       -0.467089        0.106585       -0.564182
     C    2       -0.117562       -0.564182       -0.230394

     C    3       -0.530977       -0.038595       -0.234209
     C    3       -0.038595        0.305899        0.315573
     C    3       -0.234209        0.315573        0.225078

     H    4        0.403586        0.028050        0.319344
     H    4        0.028050       -0.265737       -0.209412
     H    4        0.319344       -0.209412       -0.137849

     C    5        0.200241       -0.782729       -0.390114
     C    5       -0.782729       -0.118733       -0.146648
     C    5       -0.390114       -0.146648       -0.081508

     H    6       -0.395407        0.138199        0.246544
     H    6        0.138199        0.335668        0.235821
     H    6        0.246544        0.235821        0.059739

     H    7       -0.113401       -0.350837       -0.087301
     H    7       -0.350837        0.171053       -0.231582
     H    7       -0.087301       -0.231582       -0.057651

     C    8       -0.750911       -0.180323       -0.042155
     C    8       -0.180323        0.627925       -0.272143
     C    8       -0.042155       -0.272143        0.122986

     H    9        0.408824       -0.563778        0.133918
     H    9       -0.563778       -0.419614       -0.056644
     H    9        0.133918       -0.056644        0.010789

     C   10        0.356072        0.080568        0.138235
     C   10        0.080568        0.140256        0.190370
     C   10        0.138235        0.190370       -0.496328

     C   11       -0.463441       -0.306281       -0.030394
     C   11       -0.306281        0.343098       -0.367982
     C   11       -0.030394       -0.367982        0.120343

     Cl  12        0.347383        0.413432       -0.463987
     Cl  12        0.413432        1.311726        0.903778
     Cl  12       -0.463987        0.903778       -1.659109

     H   13        0.011087        0.008069        0.018918
     H   13        0.008069        0.422842        0.524505
     H   13        0.018918        0.524505       -0.433929

     C   14       -0.528662        0.186361        0.088062
     C   14        0.186361        0.399772       -0.256840
     C   14        0.088062       -0.256840        0.128890

     H   15        0.423843        0.361860        0.170848
     H   15        0.361860       -0.373877        0.358152
     H   15        0.170848        0.358152       -0.049966

     C   16       -0.044797       -0.323741       -0.093631
     C   16       -0.323741        0.307932       -0.517662
     C   16       -0.093631       -0.517662       -0.263136

     C   17       -0.550626       -0.046838        0.045893
     C   17       -0.046838        0.494666       -0.011246
     C   17        0.045893       -0.011246        0.055960

     Cl  18        0.027973       -1.360070       -0.061846
     Cl  18       -1.360070        2.744431        0.407954
     Cl  18       -0.061846        0.407954       -2.772404

     H   19       -0.105662        0.049607       -0.056219
     H   19        0.049607        0.120399       -0.181303
     H   19       -0.056219       -0.181303       -0.014737

     C   20        0.084783        0.035239        0.246387
     C   20        0.035239       -0.024842        0.002244
     C   20        0.246387        0.002244       -0.059941

     H   21        0.525262        0.043847        0.261866
     H   21        0.043847       -0.136517        0.177231
     H   21        0.261866        0.177231       -0.388745

     C   22       -0.970225       -0.116313       -0.212476
     C   22       -0.116313        0.557050       -0.630645
     C   22       -0.212476       -0.630645        0.413175

     C   23        0.087404        0.290679        0.070682
     C   23        0.290679        0.229914        0.066223
     C   23        0.070682        0.066223       -0.317318

     Cl  24       -0.007547        1.433064       -1.656749
     Cl  24        1.433064       -1.167033       -0.407517
     Cl  24       -1.656749       -0.407517        1.174580


     NQR/NMR SPECTROSCOPIC PARAMETERS:
     Cl   1    Vxx=   -0.5438    axis=(  0.914858 -0.363061 -0.176699)
     Cl   1    Vyy=   -1.6513    axis=(  0.307042  0.341333  0.888379)
     Cl   1    Vzz=    2.1951    axis=( -0.262223 -0.866994  0.423747)
     Cl   1  Q=        -8.1650 1e-30 m^2  Cq=       -42.1126 MHz  eta= 0.50450

     C    2    Vxx=    0.0957    axis=(  0.756288  0.202088 -0.622245)
     C    2    Vyy=    0.7159    axis=( -0.522145  0.759508 -0.387958)
     C    2    Vzz=   -0.8116    axis=(  0.394198  0.618310  0.679926)
     C    2  Q=         1.0000 1e-30 m^2  Cq=        -1.9070 MHz  eta= 0.76411

     C    3    Vxx=   -0.0133    axis=( -0.252483 -0.695533  0.672671)
     C    3    Vyy=   -0.6007    axis=( -0.953771  0.061775 -0.294117)
     C    3    Vzz=    0.6140    axis=(  0.163014 -0.715834 -0.678976)
     C    3  Q=         1.0000 1e-30 m^2  Cq=         1.4427 MHz  eta= 0.95664

     H    4    Vxx=   -0.0770    axis=( -0.356142 -0.717264  0.598911)
     H    4    Vyy=   -0.4796    axis=(  0.264762 -0.692128 -0.671461)
     H    4    Vzz=    0.5566    axis=(  0.896138 -0.080567  0.436400)
     H    4  Q=         1.0000 1e-30 m^2  Cq=         1.3077 MHz  eta= 0.72348

     C    5    Vxx=    0.0293    axis=( -0.079128 -0.458458  0.885186)
     C    5    Vyy=    0.8887    axis=( -0.784638  0.576360  0.228370)
     C    5    Vzz=   -0.9181    axis=( -0.614884 -0.676480 -0.405330)
     C    5  Q=         1.0000 1e-30 m^2  Cq=        -2.1571 MHz  eta= 0.93613

     H    6    Vxx=   -0.0317    axis=( -0.286206  0.591522 -0.753782)
     H    6    Vyy=   -0.5048    axis=( -0.922107  0.043755  0.384453)
     H    6    Vzz=    0.5365    axis=(  0.260394  0.805101  0.532924)
     H    6  Q=         1.0000 1e-30 m^2  Cq=         1.2605 MHz  eta= 0.88179

     H    7    Vxx=    0.0058    axis=( -0.556580 -0.017636  0.830607)
     H    7    Vyy=    0.4521    axis=(  0.469808 -0.831249  0.297163)
     H    7    Vzz=   -0.4579    axis=(  0.685200  0.555621  0.470942)
     H    7  Q=         1.0000 1e-30 m^2  Cq=        -1.0759 MHz  eta= 0.97482

     C    8    Vxx=    0.0196    axis=( -0.136953  0.370383  0.918728)
     C    8    Vyy=    0.7614    axis=( -0.098706  0.917748 -0.384702)
     C    8    Vzz=   -0.7810    axis=( -0.985648 -0.143370 -0.089129)
     C    8  Q=         1.0000 1e-30 m^2  Cq=        -1.8349 MHz  eta= 0.94992

     H    9    Vxx=   -0.0186    axis=( -0.171509  0.102717  0.979813)
     H    9    Vyy=   -0.7051    axis=( -0.452879 -0.891459  0.014181)
     H    9    Vzz=    0.7237    axis=(  0.874920 -0.441305  0.199412)
     H    9  Q=         1.0000 1e-30 m^2  Cq=         1.7004 MHz  eta= 0.94863

     C   10    Vxx=    0.1375    axis=(  0.434157 -0.884466 -0.170960)
     C   10    Vyy=    0.4253    axis=(  0.892394  0.396351  0.215727)
     C   10    Vzz=   -0.5628    axis=( -0.123043 -0.246223  0.961371)
     C   10  Q=         1.0000 1e-30 m^2  Cq=        -1.3223 MHz  eta= 0.51134

     C   11    Vxx=   -0.0630    axis=( -0.394544  0.435604  0.809064)
     C   11    Vyy=   -0.6015    axis=(  0.895267  0.380547  0.231693)
     C   11    Vzz=    0.6645    axis=( -0.206960  0.815741 -0.540124)
     C   11  Q=         1.0000 1e-30 m^2  Cq=         1.5612 MHz  eta= 0.81050

     Cl  12    Vxx=    0.4164    axis=(  0.947491 -0.155406 -0.279482)
     Cl  12    Vyy=    1.6275    axis=( -0.222982 -0.947524 -0.229077)
     Cl  12    Vzz=   -2.0440    axis=(  0.229216 -0.279368  0.932424)
     Cl  12  Q=        -8.1650 1e-30 m^2  Cq=        39.2122 MHz  eta= 0.59252

     H   13    Vxx=    0.0110    axis=(  0.999536 -0.029469  0.007761)
     H   13    Vyy=    0.6720    axis=(  0.023298  0.903139  0.428716)
     H   13    Vzz=   -0.6830    axis=( -0.019643 -0.428336  0.903406)
     H   13  Q=         1.0000 1e-30 m^2  Cq=        -1.6048 MHz  eta= 0.96780

     C   14    Vxx=    0.0249    axis=(  0.284092  0.441818  0.850934)
     C   14    Vyy=    0.5671    axis=(  0.108368  0.867019 -0.486349)
     C   14    Vzz=   -0.5921    axis=( -0.952653  0.230382  0.198435)
     C   14  Q=         1.0000 1e-30 m^2  Cq=        -1.3911 MHz  eta= 0.91577

     H   15    Vxx=   -0.0341    axis=( -0.524984  0.285911  0.801652)
     H   15    Vyy=   -0.6526    axis=( -0.218991  0.864800 -0.451845)
     H   15    Vzz=    0.6868    axis=(  0.822456  0.412766  0.391394)
     H   15  Q=         1.0000 1e-30 m^2  Cq=         1.6136 MHz  eta= 0.90065

     C   16    Vxx=   -0.0197    axis=(  0.866233  0.075606 -0.493887)
     C   16    Vyy=   -0.6716    axis=(  0.385569  0.527519  0.757008)
     C   16    Vzz=    0.6912    axis=(  0.317769 -0.846172  0.427803)
     C   16  Q=         1.0000 1e-30 m^2  Cq=         1.6241 MHz  eta= 0.94309

     C   17    Vxx=    0.0589    axis=(  0.072474  0.033517  0.996807)
     C   17    Vyy=    0.4972    axis=(  0.045958 -0.998486  0.030232)
     C   17    Vzz=   -0.5561    axis=(  0.996311  0.043621 -0.073905)
     C   17  Q=         1.0000 1e-30 m^2  Cq=        -1.3066 MHz  eta= 0.78809

     Cl  18    Vxx=   -0.5316    axis=(  0.924604  0.378452  0.043381)
     Cl  18    Vyy=   -2.8030    axis=(  0.015237  0.077048 -0.996911)
     Cl  18    Vzz=    3.3346    axis=( -0.380625  0.922409  0.065472)
     Cl  18  Q=        -8.1650 1e-30 m^2  Cq=       -63.9728 MHz  eta= 0.68115

     H   19    Vxx=   -0.1101    axis=(  0.850103 -0.426242 -0.309262)
     H   19    Vyy=   -0.1507    axis=(  0.489072  0.421250  0.763778)
     H   19    Vzz=    0.2608    axis=(  0.195278  0.800541 -0.566569)
     H   19  Q=         1.0000 1e-30 m^2  Cq=         0.6128 MHz  eta= 0.15585

     C   20    Vxx=   -0.0261    axis=(  0.026846 -0.991192  0.129681)
     C   20    Vyy=   -0.2461    axis=(  0.600964 -0.087664 -0.794454)
     C   20    Vzz=    0.2722    axis=(  0.798825  0.099262  0.593318)
     C   20  Q=         1.0000 1e-30 m^2  Cq=         0.6395 MHz  eta= 0.80828

     H   21    Vxx=   -0.0803    axis=(  0.214623 -0.914414 -0.343196)
     H   21    Vyy=   -0.5255    axis=(  0.207874  0.386100 -0.898730)
     H   21    Vzz=    0.6057    axis=(  0.954319  0.121547  0.272949)
     H   21  Q=         1.0000 1e-30 m^2  Cq=         1.4233 MHz  eta= 0.73490

     C   22    Vxx=   -0.0868    axis=( -0.257365  0.652060  0.713149)
     C   22    Vyy=   -1.0345    axis=( -0.965945 -0.153210 -0.208509)
     C   22    Vzz=    1.1213    axis=( -0.026699 -0.742526  0.669285)
     C   22  Q=         1.0000 1e-30 m^2  Cq=         2.6346 MHz  eta= 0.84524

     C   23    Vxx=   -0.1395    axis=(  0.776930 -0.624974  0.076074)
     C   23    Vyy=   -0.3301    axis=( -0.134785 -0.047081  0.989756)
     C   23    Vzz=    0.4696    axis=( -0.614990 -0.779225 -0.120816)
     C   23  Q=         1.0000 1e-30 m^2  Cq=         1.1034 MHz  eta= 0.40587

     Cl  24    Vxx=   -0.4462    axis=(  0.482234  0.595362  0.642647)
     Cl  24    Vyy=   -2.2641    axis=( -0.631507  0.744674 -0.216007)
     Cl  24    Vzz=    2.7103    axis=( -0.607165 -0.301670  0.735082)
     Cl  24  Q=        -8.1650 1e-30 m^2  Cq=       -51.9951 MHz  eta= 0.67077

     Initialization:
     gipaw_setup  :      9.34s CPU     11.23s WALL (       1 calls)

     Linear response

     Apply operators

     Induced current

     Other routines
     efg          :      9.56s CPU     12.55s WALL (       1 calls)

     General routines
     calbec       :      3.49s CPU      4.91s WALL (      16 calls)
     fft          :      1.52s CPU      2.20s WALL (      15 calls)
     ffts         :      0.04s CPU      0.05s WALL (       2 calls)
     fftw         :      3.24s CPU      4.15s WALL (     672 calls)
     davcio       :      0.06s CPU      0.35s WALL (      32 calls)

     Parallel routines
     fft_scatter  :      2.15s CPU      3.60s WALL (     689 calls)

     Plugins

     GIPAW        :     61.92s CPU     75.49s WALL (       1 calls)
