
     Program QE v.6.0 (svn rev. 13079) starts on 23Jan2017 at  9:13:17 

     This program is part of the open-source Quantum ESPRESSO suite
     for quantum simulation of materials; please cite
         "P. Giannozzi et al., J. Phys.:Condens. Matter 21 395502 (2009);
          URL http://www.quantum-espresso.org", 
     in publications or presentations arising from this work. More details at
     http://www.quantum-espresso.org/quote

     Parallel version (MPI), running on     8 processors
     R & G space division:  proc/nbgrp/npool/nimage =       8

     ***** This is GIPAW svn revision unknown      *****

     Parallelizing q-star over 1 images

     Reading data from directory:
     /users/majewski/paradichlorobenzene/pbe/9_constraint/scratch/pbe.ecut100.np8.dt60.pcl2phi-129368.save
     Message from routine read_xml_file:
     file /users/majewski/paradichlorobenzene/pbe/9_constraint/scratch/pbe.ecut100.np8.dt60.pcl2phi-129368.save not guaranteed to be safe for post-processing

   Info: using nr1, nr2, nr3 values from input

   Info: using nr1, nr2, nr3 values from input

     IMPORTANT: XC functional enforced from input :
     Exchange-correlation      =  SLA  PW   PBX  PBC ( 1  4  3  4 0 0)
     Any further DFT definition will be discarded
     Please, verify this is what you really want

               file C.pbe-n-kjpaw_psl.1.0.0.UPF: wavefunction(s)  2S 2P renormalized
               file Cl.pbe-n-kjpaw_psl.1.0.0.UPF: wavefunction(s)  3S 3P renormalized
               file H.pbe-kjpaw_psl.1.0.0.UPF: wavefunction(s)  1S renormalized

     Parallelization info
     --------------------
     sticks:   dense  smooth     PW     G-vecs:    dense   smooth      PW
     Min        3057    1223    332               144436    36536    5170
     Max        3059    1225    333               144437    36537    5171
     Sum       24467    9791   2657              1155489   292295   41363


     Subspace diagonalization in iterative solution of the eigenvalue problem:
     a serial algorithm will be used

     GIPAW projectors -----------------------------------------------
     atom=  C    l=0  rc=    1.2000  rs=    0.8000
     atom=  C    l=0  rc=    1.2000  rs=    0.8000
     atom=  C    l=1  rc=    1.4000  rs=    0.9333
     atom=  C    l=1  rc=    1.4000  rs=    0.9333
     projs nearly linearly dependent: l=1  n1,n2= 1, 2  s=  0.99951561

     atom=  Cl   l=0  rc=    1.6000  rs=    1.0667
     atom=  Cl   l=0  rc=    1.6000  rs=    1.0667
     atom=  Cl   l=1  rc=    1.6000  rs=    1.0667
     atom=  Cl   l=1  rc=    1.6000  rs=    1.0667
     atom=  Cl   l=2  rc=    1.6000  rs=    1.0667
     atom=  Cl   l=2  rc=    1.6000  rs=    1.0667
     projs nearly linearly dependent: l=2  n1,n2= 1, 2  s=  0.99993509

     atom=  H    l=0  rc=    1.0000  rs=    0.6667
     atom=  H    l=0  rc=    1.0000  rs=    0.6667
     projs nearly linearly dependent: l=0  n1,n2= 1, 2  s=  0.99968852
     -----------------------------------------------------------------

     GIPAW integrals: -------------------------------------------
     Atom  i/j   nmr_para   nmr_dia   epr_rmc  epr_para   epr_dia
       C   1 1   0.83E+03  0.17E-01  0.93E+01  0.24E+08  0.24E+03
       C   2 1   0.86E+03 -0.61E-01  0.94E+01  0.25E+08  0.25E+03
       C   2 2   0.90E+03 -0.15E+00  0.97E+01  0.26E+08  0.26E+03
       C   3 3   0.33E+01  0.34E+00  0.18E+01  0.55E+03  0.21E+02
       C   4 3   0.35E+01  0.37E+00  0.20E+01  0.59E+03  0.22E+02
       C   4 4   0.38E+01  0.39E+00  0.22E+01  0.63E+03  0.24E+02
       Cl  1 1   0.14E+04 -0.47E+00  0.84E+01  0.32E+09  0.42E+03
       Cl  2 1   0.21E+04 -0.37E+00  0.12E+02  0.49E+09  0.65E+03
       Cl  2 2   0.33E+04 -0.16E+00  0.21E+02  0.76E+09  0.10E+04
       Cl  3 3   0.21E+02  0.79E-01  0.89E+01  0.23E+05  0.13E+03
       Cl  4 3   0.24E+02  0.67E-01  0.99E+01  0.27E+05  0.15E+03
       Cl  4 4   0.28E+02  0.44E-01  0.11E+02  0.32E+05  0.18E+03
       Cl  5 5   0.77E+00  0.19E+00  0.18E+01  0.12E+03  0.22E+02
       Cl  6 5   0.80E+00  0.19E+00  0.19E+01  0.12E+03  0.23E+02
       Cl  6 6   0.83E+00  0.20E+00  0.19E+01  0.12E+03  0.23E+02
       H   1 1   0.39E+02  0.19E+00  0.29E+00  0.78E+05  0.13E+02
       H   2 1   0.41E+02  0.21E+00  0.32E+00  0.82E+05  0.14E+02
       H   2 2   0.43E+02  0.22E+00  0.36E+00  0.86E+05  0.15E+02
     ------------------------------------------------------------

     alpha_pv=     34.2017 eV

     Number of occupied bands for each k-point:
     k-point:     1    nbnd_occ=  42
     k-point:     2    nbnd_occ=  42
     k-point:     3    nbnd_occ=  42
     k-point:     4    nbnd_occ=  42
     k-point:     5    nbnd_occ=  42
     k-point:     6    nbnd_occ=  42
     k-point:     7    nbnd_occ=  42
     k-point:     8    nbnd_occ=  42
     k-point:     9    nbnd_occ=  42
     k-point:    10    nbnd_occ=  42
     k-point:    11    nbnd_occ=  42
     k-point:    12    nbnd_occ=  42
     k-point:    13    nbnd_occ=  42
     k-point:    14    nbnd_occ=  42
     k-point:    15    nbnd_occ=  42
     k-point:    16    nbnd_occ=  42


     q-space interpolation up to   110.00 Rydberg

     GIPAW job: efg                                                                             


     ELECTRIC FIELD GRADIENTS TENSORS IN Hartree/bohrradius^2:

     ----- bare term -----
     Cl   1        0.019956        0.112184       -0.104434
     Cl   1        0.112184        0.044280       -0.095337
     Cl   1       -0.104434       -0.095337       -0.064236

     C    2        0.087441        0.568641       -0.074275
     C    2        0.568641       -0.346807       -0.474615
     C    2       -0.074275       -0.474615        0.259366

     C    3       -0.054050        0.180007       -0.411649
     C    3        0.180007       -0.054820       -0.372835
     C    3       -0.411649       -0.372835        0.108870

     H    4       -0.624669       -0.477217       -0.062017
     H    4       -0.477217        0.263946       -0.039427
     H    4       -0.062017       -0.039427        0.360724

     C    5        0.064275        0.567536       -0.070742
     C    5        0.567536       -0.393242       -0.388287
     C    5       -0.070742       -0.388287        0.328967

     H    6        0.176088       -0.452005       -0.026827
     H    6       -0.452005       -0.539460       -0.275878
     H    6       -0.026827       -0.275878        0.363372

     H    7        0.523264        0.011914       -0.082425
     H    7        0.011914       -0.103721        0.326285
     H    7       -0.082425        0.326285       -0.419543

     C    8       -0.305253       -0.346655       -0.028824
     C    8       -0.346655       -0.106191        0.392012
     C    8       -0.028824        0.392012        0.411444

     H    9        0.112528        0.047644       -0.438146
     H    9        0.047644        0.386230       -0.153205
     H    9       -0.438146       -0.153205       -0.498758

     C   10       -0.121577        0.021318       -0.206707
     C   10        0.021318       -0.079633        0.599592
     C   10       -0.206707        0.599592        0.201211

     C   11       -0.270156       -0.349008       -0.088964
     C   11       -0.349008       -0.146147        0.414120
     C   11       -0.088964        0.414120        0.416303

     Cl  12       -0.022650        0.007084       -0.079477
     Cl  12        0.007084        0.018447        0.082033
     Cl  12       -0.079477        0.082033        0.004203

     H   13        0.434001        0.098384       -0.169872
     H   13        0.098384       -0.644257       -0.018276
     H   13       -0.169872       -0.018276        0.210256

     C   14       -0.331506       -0.201797       -0.288069
     C   14       -0.201797       -0.047486       -0.416828
     C   14       -0.288069       -0.416828        0.378992

     H   15       -0.245387       -0.428920       -0.139348
     H   15       -0.428920       -0.038152        0.187373
     H   15       -0.139348        0.187373        0.283539

     C   16        0.004455        0.509741        0.227679
     C   16        0.509741       -0.555039       -0.526590
     C   16        0.227679       -0.526590        0.550583

     C   17       -0.044018       -0.076511       -0.430909
     C   17       -0.076511       -0.047484       -0.440209
     C   17       -0.430909       -0.440209        0.091502

     Cl  18       -0.087173        0.152668       -0.150275
     Cl  18        0.152668       -0.103860       -0.018660
     Cl  18       -0.150275       -0.018660        0.191033

     H   19        0.191289        0.002565        0.386973
     H   19        0.002565        0.156426        0.273578
     H   19        0.386973        0.273578       -0.347715

     C   20       -0.122214       -0.076911       -0.540140
     C   20       -0.076911        0.007886        0.367840
     C   20       -0.540140        0.367840        0.114328

     H   21        0.141841        0.088176       -0.260485
     H   21        0.088176        0.367361       -0.203812
     H   21       -0.260485       -0.203812       -0.509202

     C   22        0.038211       -0.339497        0.078333
     C   22       -0.339497       -0.176010        0.013682
     C   22        0.078333        0.013682        0.137799

     C   23        0.074165        0.081892       -0.590083
     C   23        0.081892       -0.071274        0.483400
     C   23       -0.590083        0.483400       -0.002892

     Cl  24       -0.132159       -0.262207       -0.053090
     Cl  24       -0.262207       -0.048394        0.023760
     Cl  24       -0.053090        0.023760        0.180552

     ----- ionic term -----
     Cl   1        0.154027       -0.211492       -0.032361
     Cl   1       -0.211492        0.004948        0.020066
     Cl   1       -0.032361        0.020066       -0.158976

     C    2        0.297116       -0.108731        0.142951
     C    2       -0.108731        0.145609        0.408930
     C    2        0.142951        0.408930       -0.442725

     C    3        0.181027       -0.185010        0.134856
     C    3       -0.185010        0.193713        0.385088
     C    3        0.134856        0.385088       -0.374739

     H    4        0.666191        0.387880        0.546915
     H    4        0.387880       -0.392949        0.249947
     H    4        0.546915        0.249947       -0.273242

     C    5        0.283740       -0.122092        0.233775
     C    5       -0.122092        0.099884        0.300789
     C    5        0.233775        0.300789       -0.383624

     H    6       -0.537943        0.088471        0.052541
     H    6        0.088471        0.775115        0.628439
     H    6        0.052541        0.628439       -0.237172

     H    7       -0.532716        0.080639       -0.044443
     H    7        0.080639        0.417227       -0.783012
     H    7       -0.044443       -0.783012        0.115488

     C    8        0.130131        0.327912        0.365906
     C    8        0.327912       -0.003052       -0.244056
     C    8        0.365906       -0.244056       -0.127079

     H    9        0.281589       -0.233615        0.770569
     H    9       -0.233615       -0.445906       -0.281336
     H    9        0.770569       -0.281336        0.164317

     C   10       -0.001482        0.339954        0.233950
     C   10        0.339954        0.153461       -0.353131
     C   10        0.233950       -0.353131       -0.151979

     C   11        0.022241        0.337961        0.297294
     C   11        0.337961        0.086100       -0.325517
     C   11        0.297294       -0.325517       -0.108341

     Cl  12        0.084214        0.233353        0.019791
     Cl  12        0.233353        0.056082        0.020606
     Cl  12        0.019791        0.020606       -0.140296

     H   13       -0.480404        0.189587        0.069229
     H   13        0.189587        0.802849        0.574036
     H   13        0.069229        0.574036       -0.322446

     C   14        0.348076       -0.067007        0.177646
     C   14       -0.067007        0.129655        0.284966
     C   14        0.177646        0.284966       -0.477730

     H   15        0.659032        0.550071        0.431219
     H   15        0.550071       -0.174454        0.238317
     H   15        0.431219        0.238317       -0.484578

     C   16        0.170270       -0.142473        0.116012
     C   16       -0.142473        0.328300        0.341802
     C   16        0.116012        0.341802       -0.498570

     C   17        0.228399       -0.091153        0.303689
     C   17       -0.091153        0.202761        0.311503
     C   17        0.303689        0.311503       -0.431160

     Cl  18        0.164566       -0.188399        0.061478
     Cl  18       -0.188399       -0.013354       -0.025196
     Cl  18        0.061478       -0.025196       -0.151212

     H   19       -0.531011        0.122927       -0.096161
     H   19        0.122927        0.261840       -0.781676
     H   19       -0.096161       -0.781676        0.269171

     C   20        0.119148        0.403134        0.320391
     C   20        0.403134        0.009739       -0.211047
     C   20        0.320391       -0.211047       -0.128887

     H   21        0.565895       -0.064672        0.779059
     H   21       -0.064672       -0.522220       -0.136286
     H   21        0.779059       -0.136286       -0.043675

     C   22        0.088559        0.417231        0.251633
     C   22        0.417231        0.108026       -0.288596
     C   22        0.251633       -0.288596       -0.196585

     C   23        0.091190        0.289729        0.364820
     C   23        0.289729       -0.025350       -0.346013
     C   23        0.364820       -0.346013       -0.065840

     Cl  24        0.123259        0.210332        0.038297
     Cl  24        0.210332        0.015312        0.013734
     Cl  24        0.038297        0.013734       -0.138570

     ----- GIPAW term -----
     Cl   1        1.801662       -0.179819       -1.474376
     Cl   1       -0.179819        0.076379       -1.120787
     Cl   1       -1.474376       -1.120787       -1.878041

     C    2        0.266231        0.125636       -0.016752
     C    2        0.125636       -0.119861       -0.058717
     C    2       -0.016752       -0.058717       -0.146370

     C    3        0.169686        0.150661       -0.133320
     C    3        0.150661       -0.038092       -0.062182
     C    3       -0.133320       -0.062182       -0.131593

     H    4       -0.000000        0.000000        0.000000
     H    4        0.000000        0.000000        0.000000
     H    4        0.000000        0.000000        0.000000

     C    5        0.194776        0.240447        0.019112
     C    5        0.240447       -0.115194       -0.067607
     C    5        0.019112       -0.067607       -0.079583

     H    6       -0.000000        0.000000        0.000000
     H    6        0.000000        0.000000        0.000000
     H    6        0.000000        0.000000        0.000000

     H    7       -0.000000        0.000000        0.000000
     H    7        0.000000        0.000000        0.000000
     H    7        0.000000        0.000000        0.000000

     C    8        0.031624        0.083727        0.115556
     C    8        0.083727       -0.025527        0.129357
     C    8        0.115556        0.129357       -0.006097

     H    9       -0.000000        0.000000        0.000000
     H    9        0.000000        0.000000        0.000000
     H    9        0.000000        0.000000        0.000000

     C   10       -0.134697        0.074988        0.007073
     C   10        0.074988        0.056756        0.240394
     C   10        0.007073        0.240394        0.077941

     C   11        0.065562        0.179247        0.077389
     C   11        0.179247        0.007939        0.119147
     C   11        0.077389        0.119147       -0.073501

     Cl  12       -0.138870        1.995458       -0.116888
     Cl  12        1.995458        1.335199        1.935660
     Cl  12       -0.116888        1.935660       -1.196329

     H   13       -0.000000        0.000000        0.000000
     H   13        0.000000        0.000000        0.000000
     H   13        0.000000        0.000000        0.000000

     C   14        0.053240       -0.117523        0.160535
     C   14       -0.117523       -0.120842       -0.111233
     C   14        0.160535       -0.111233        0.067602

     H   15       -0.000000        0.000000        0.000000
     H   15        0.000000        0.000000        0.000000
     H   15        0.000000        0.000000        0.000000

     C   16        0.029769        0.023403        0.222369
     C   16        0.023403       -0.178347       -0.099163
     C   16        0.222369       -0.099163        0.148578

     C   17        0.235571       -0.043583        0.019230
     C   17       -0.043583       -0.076510       -0.024849
     C   17        0.019230       -0.024849       -0.159061

     Cl  18        0.997580       -1.516287       -1.282526
     Cl  18       -1.516287       -0.705086       -0.151102
     Cl  18       -1.282526       -0.151102       -0.292495

     H   19       -0.000000        0.000000        0.000000
     H   19        0.000000        0.000000        0.000000
     H   19        0.000000        0.000000        0.000000

     C   20        0.129622       -0.066562       -0.219931
     C   20       -0.066562       -0.110548        0.094529
     C   20       -0.219931        0.094529       -0.019074

     H   21       -0.000000        0.000000        0.000000
     H   21        0.000000        0.000000        0.000000
     H   21        0.000000        0.000000        0.000000

     C   22        0.043705       -0.014902       -0.017478
     C   22       -0.014902       -0.039163       -0.018491
     C   22       -0.017478       -0.018491       -0.004542

     C   23        0.218255       -0.004550       -0.176509
     C   23       -0.004550       -0.081012        0.086281
     C   23       -0.176509        0.086281       -0.137243

     Cl  24        1.119405       -0.437832       -2.033662
     Cl  24       -0.437832       -0.919876        1.053828
     Cl  24       -2.033662        1.053828       -0.199529

     ----- total EFG -----
     Cl   1        1.975646       -0.279127       -1.611171
     Cl   1       -0.279127        0.125607       -1.196058
     Cl   1       -1.611171       -1.196058       -2.101253

     C    2        0.650789        0.585545        0.051924
     C    2        0.585545       -0.321059       -0.124401
     C    2        0.051924       -0.124401       -0.329730

     C    3        0.296662        0.145658       -0.410114
     C    3        0.145658        0.100801       -0.049929
     C    3       -0.410114       -0.049929       -0.397463

     H    4        0.041522       -0.089337        0.484897
     H    4       -0.089337       -0.129004        0.210520
     H    4        0.484897        0.210520        0.087482

     C    5        0.542791        0.685891        0.182146
     C    5        0.685891       -0.408552       -0.155105
     C    5        0.182146       -0.155105       -0.134239

     H    6       -0.361855       -0.363534        0.025715
     H    6       -0.363534        0.235655        0.352561
     H    6        0.025715        0.352561        0.126200

     H    7       -0.009452        0.092553       -0.126868
     H    7        0.092553        0.313506       -0.456727
     H    7       -0.126868       -0.456727       -0.304054

     C    8       -0.143498        0.064985        0.452638
     C    8        0.064985       -0.134770        0.277313
     C    8        0.452638        0.277313        0.278268

     H    9        0.394116       -0.185971        0.332423
     H    9       -0.185971       -0.059675       -0.434541
     H    9        0.332423       -0.434541       -0.334441

     C   10       -0.257756        0.436259        0.034317
     C   10        0.436259        0.130584        0.486855
     C   10        0.034317        0.486855        0.127172

     C   11       -0.182353        0.168200        0.285718
     C   11        0.168200       -0.052109        0.207749
     C   11        0.285718        0.207749        0.234462

     Cl  12       -0.077306        2.235895       -0.176574
     Cl  12        2.235895        1.409728        2.038299
     Cl  12       -0.176574        2.038299       -1.332422

     H   13       -0.046402        0.287971       -0.100643
     H   13        0.287971        0.158592        0.555761
     H   13       -0.100643        0.555761       -0.112190

     C   14        0.069809       -0.386327        0.050113
     C   14       -0.386327       -0.038673       -0.243095
     C   14        0.050113       -0.243095       -0.031136

     H   15        0.413645        0.121151        0.291871
     H   15        0.121151       -0.212606        0.425690
     H   15        0.291871        0.425690       -0.201040

     C   16        0.204494        0.390672        0.566060
     C   16        0.390672       -0.405086       -0.283952
     C   16        0.566060       -0.283952        0.200592

     C   17        0.419953       -0.211247       -0.107991
     C   17       -0.211247        0.078767       -0.153555
     C   17       -0.107991       -0.153555       -0.498719

     Cl  18        1.074973       -1.552019       -1.371322
     Cl  18       -1.552019       -0.822300       -0.194958
     Cl  18       -1.371322       -0.194958       -0.252674

     H   19       -0.339722        0.125493        0.290812
     H   19        0.125493        0.418266       -0.508098
     H   19        0.290812       -0.508098       -0.078544

     C   20        0.126557        0.259660       -0.439681
     C   20        0.259660       -0.092923        0.251322
     C   20       -0.439681        0.251322       -0.033634

     H   21        0.707736        0.023504        0.518573
     H   21        0.023504       -0.154859       -0.340097
     H   21        0.518573       -0.340097       -0.552877

     C   22        0.170475        0.062832        0.312488
     C   22        0.062832       -0.107147       -0.293405
     C   22        0.312488       -0.293405       -0.063328

     C   23        0.383611        0.367070       -0.401771
     C   23        0.367070       -0.177635        0.223667
     C   23       -0.401771        0.223667       -0.205975

     Cl  24        1.110505       -0.489707       -2.048455
     Cl  24       -0.489707       -0.952958        1.091322
     Cl  24       -2.048455        1.091322       -0.157547

     ----- total EFG (symmetrized) -----
     Cl   1        1.975646       -0.279127       -1.611171
     Cl   1       -0.279127        0.125607       -1.196058
     Cl   1       -1.611171       -1.196058       -2.101253

     C    2        0.650789        0.585545        0.051924
     C    2        0.585545       -0.321059       -0.124401
     C    2        0.051924       -0.124401       -0.329730

     C    3        0.296662        0.145658       -0.410114
     C    3        0.145658        0.100801       -0.049929
     C    3       -0.410114       -0.049929       -0.397463

     H    4        0.041522       -0.089337        0.484897
     H    4       -0.089337       -0.129004        0.210520
     H    4        0.484897        0.210520        0.087482

     C    5        0.542791        0.685891        0.182146
     C    5        0.685891       -0.408552       -0.155105
     C    5        0.182146       -0.155105       -0.134239

     H    6       -0.361855       -0.363534        0.025715
     H    6       -0.363534        0.235655        0.352561
     H    6        0.025715        0.352561        0.126200

     H    7       -0.009452        0.092553       -0.126868
     H    7        0.092553        0.313506       -0.456727
     H    7       -0.126868       -0.456727       -0.304054

     C    8       -0.143498        0.064985        0.452638
     C    8        0.064985       -0.134770        0.277313
     C    8        0.452638        0.277313        0.278268

     H    9        0.394116       -0.185971        0.332423
     H    9       -0.185971       -0.059675       -0.434541
     H    9        0.332423       -0.434541       -0.334441

     C   10       -0.257756        0.436259        0.034317
     C   10        0.436259        0.130584        0.486855
     C   10        0.034317        0.486855        0.127172

     C   11       -0.182353        0.168200        0.285718
     C   11        0.168200       -0.052109        0.207749
     C   11        0.285718        0.207749        0.234462

     Cl  12       -0.077306        2.235895       -0.176574
     Cl  12        2.235895        1.409728        2.038299
     Cl  12       -0.176574        2.038299       -1.332422

     H   13       -0.046402        0.287971       -0.100643
     H   13        0.287971        0.158592        0.555761
     H   13       -0.100643        0.555761       -0.112190

     C   14        0.069809       -0.386327        0.050113
     C   14       -0.386327       -0.038673       -0.243095
     C   14        0.050113       -0.243095       -0.031136

     H   15        0.413645        0.121151        0.291871
     H   15        0.121151       -0.212606        0.425690
     H   15        0.291871        0.425690       -0.201040

     C   16        0.204494        0.390672        0.566060
     C   16        0.390672       -0.405086       -0.283952
     C   16        0.566060       -0.283952        0.200592

     C   17        0.419953       -0.211247       -0.107991
     C   17       -0.211247        0.078767       -0.153555
     C   17       -0.107991       -0.153555       -0.498719

     Cl  18        1.074973       -1.552019       -1.371322
     Cl  18       -1.552019       -0.822300       -0.194958
     Cl  18       -1.371322       -0.194958       -0.252674

     H   19       -0.339722        0.125493        0.290812
     H   19        0.125493        0.418266       -0.508098
     H   19        0.290812       -0.508098       -0.078544

     C   20        0.126557        0.259660       -0.439681
     C   20        0.259660       -0.092923        0.251322
     C   20       -0.439681        0.251322       -0.033634

     H   21        0.707736        0.023504        0.518573
     H   21        0.023504       -0.154859       -0.340097
     H   21        0.518573       -0.340097       -0.552877

     C   22        0.170475        0.062832        0.312488
     C   22        0.062832       -0.107147       -0.293405
     C   22        0.312488       -0.293405       -0.063328

     C   23        0.383611        0.367070       -0.401771
     C   23        0.367070       -0.177635        0.223667
     C   23       -0.401771        0.223667       -0.205975

     Cl  24        1.110505       -0.489707       -2.048455
     Cl  24       -0.489707       -0.952958        1.091322
     Cl  24       -2.048455        1.091322       -0.157547


     NQR/NMR SPECTROSCOPIC PARAMETERS:
     Cl   1    Vxx=    0.5777    axis=(  0.173689 -0.933906  0.312493)
     Cl   1    Vyy=    2.5433    axis=(  0.938129  0.060379 -0.340981)
     Cl   1    Vzz=   -3.1210    axis=(  0.299577  0.352383  0.886611)
     Cl   1  Q=        -8.1650 1e-30 m^2  Cq=        59.8753 MHz  eta= 0.62978

     C    2    Vxx=   -0.2735    axis=(  0.167889 -0.346848  0.922773)
     C    2    Vyy=   -0.6523    axis=( -0.390960  0.835872  0.385316)
     C    2    Vzz=    0.9258    axis=( -0.904966 -0.425458  0.004730)
     C    2  Q=         1.0000 1e-30 m^2  Cq=         2.1753 MHz  eta= 0.40911

     C    3    Vxx=    0.0478    axis=(  0.288696 -0.943946 -0.160062)
     C    3    Vyy=    0.5403    axis=(  0.858568  0.329228 -0.393027)
     C    3    Vzz=   -0.5880    axis=(  0.423694 -0.023959  0.905489)
     C    3  Q=         1.0000 1e-30 m^2  Cq=        -1.3817 MHz  eta= 0.83747

     H    4    Vxx=   -0.0303    axis=(  0.433515 -0.872602 -0.225010)
     H    4    Vyy=   -0.5323    axis=(  0.611681  0.468301 -0.637605)
     H    4    Vzz=    0.5627    axis=(  0.661748  0.138777  0.736770)
     H    4  Q=         1.0000 1e-30 m^2  Cq=         1.3220 MHz  eta= 0.89217

     C    5    Vxx=   -0.0717    axis=(  0.063088 -0.308567  0.949108)
     C    5    Vyy=   -0.8380    axis=( -0.455744  0.837147  0.302461)
     C    5    Vzz=    0.9097    axis=( -0.887872 -0.451632 -0.087814)
     C    5  Q=         1.0000 1e-30 m^2  Cq=         2.1374 MHz  eta= 0.84235

     H    6    Vxx=   -0.0302    axis=(  0.482328 -0.384360  0.787164)
     H    6    Vyy=   -0.5829    axis=(  0.830683  0.485936 -0.271719)
     H    6    Vzz=    0.6131    axis=( -0.278074  0.784942  0.553662)
     H    6  Q=         1.0000 1e-30 m^2  Cq=         1.4406 MHz  eta= 0.90151

     H    7    Vxx=   -0.0341    axis=(  0.964383 -0.264444 -0.005818)
     H    7    Vyy=   -0.5555    axis=( -0.128877 -0.450559 -0.883395)
     H    7    Vzz=    0.5896    axis=(  0.230987  0.852681 -0.468593)
     H    7  Q=         1.0000 1e-30 m^2  Cq=         1.3853 MHz  eta= 0.88444

     C    8    Vxx=   -0.1928    axis=(  0.461686 -0.883728  0.076625)
     C    8    Vyy=   -0.4660    axis=(  0.742906  0.338019 -0.577784)
     C    8    Vzz=    0.6587    axis=(  0.484703  0.323680  0.812585)
     C    8  Q=         1.0000 1e-30 m^2  Cq=         1.5477 MHz  eta= 0.41474

     H    9    Vxx=   -0.0114    axis=(  0.607800  0.717669 -0.339897)
     H    9    Vyy=   -0.6793    axis=(  0.164783 -0.532704 -0.830104)
     H    9    Vzz=    0.6907    axis=( -0.776805  0.448528 -0.442037)
     H    9  Q=         1.0000 1e-30 m^2  Cq=         1.6228 MHz  eta= 0.96707

     C   10    Vxx=   -0.1004    axis=( -0.641574 -0.287293  0.711228)
     C   10    Vyy=   -0.6359    axis=( -0.688060  0.625387 -0.368056)
     C   10    Vzz=    0.7364    axis=( -0.339053 -0.725502 -0.598907)
     C   10  Q=         1.0000 1e-30 m^2  Cq=         1.7302 MHz  eta= 0.72719

     C   11    Vxx=   -0.1601    axis=(  0.066843  0.862101 -0.502308)
     C   11    Vyy=   -0.3434    axis=( -0.897959  0.271449  0.346389)
     C   11    Vzz=    0.5035    axis=(  0.434973  0.427899  0.792276)
     C   11  Q=         1.0000 1e-30 m^2  Cq=         1.1831 MHz  eta= 0.36403

     Cl  12    Vxx=   -0.5062    axis=( -0.746337  0.193470  0.636829)
     Cl  12    Vyy=   -3.0449    axis=(  0.455477 -0.549207  0.700651)
     Cl  12    Vzz=    3.5512    axis=(  0.485306  0.812982  0.321772)
     Cl  12  Q=        -8.1650 1e-30 m^2  Cq=       -68.1276 MHz  eta= 0.71489

     H   13    Vxx=    0.0222    axis=(  0.882225  0.046457 -0.468531)
     H   13    Vyy=    0.6381    axis=( -0.252360 -0.793446 -0.553857)
     H   13    Vzz=   -0.6603    axis=( -0.397485  0.606865 -0.688274)
     H   13  Q=         1.0000 1e-30 m^2  Cq=        -1.5515 MHz  eta= 0.93273

     C   14    Vxx=   -0.0477    axis=( -0.532723 -0.052412  0.844665)
     C   14    Vyy=   -0.4375    axis=(  0.535052  0.752433  0.384141)
     C   14    Vzz=    0.4852    axis=( -0.655688  0.656580 -0.372795)
     C   14  Q=         1.0000 1e-30 m^2  Cq=         1.1399 MHz  eta= 0.80354

     H   15    Vxx=    0.0149    axis=(  0.568413 -0.647349 -0.507786)
     H   15    Vyy=    0.6323    axis=( -0.813587 -0.350434 -0.463975)
     H   15    Vzz=   -0.6472    axis=(  0.122408  0.676857 -0.725866)
     H   15  Q=         1.0000 1e-30 m^2  Cq=        -1.5207 MHz  eta= 0.95386

     C   16    Vxx=    0.0890    axis=( -0.455986 -0.686256  0.566683)
     C   16    Vyy=    0.7745    axis=(  0.728762  0.077582  0.680357)
     C   16    Vzz=   -0.8635    axis=( -0.510864  0.723211  0.464741)
     C   16  Q=         1.0000 1e-30 m^2  Cq=        -2.0289 MHz  eta= 0.79393

     C   17    Vxx=    0.0411    axis=(  0.388891  0.862724 -0.323221)
     C   17    Vyy=    0.5219    axis=( -0.906541  0.420856  0.032601)
     C   17    Vzz=   -0.5630    axis=(  0.164155  0.280335  0.945762)
     C   17  Q=         1.0000 1e-30 m^2  Cq=        -1.3228 MHz  eta= 0.85409

     Cl  18    Vxx=   -0.2904    axis=(  0.107556 -0.603479  0.790091)
     Cl  18    Vyy=   -2.1377    axis=(  0.538035  0.703604  0.464176)
     Cl  18    Vzz=    2.4282    axis=( -0.836032  0.375172  0.400370)
     Cl  18  Q=        -8.1650 1e-30 m^2  Cq=       -46.5831 MHz  eta= 0.76077

     H   19    Vxx=   -0.0549    axis=( -0.735663 -0.395442 -0.549933)
     H   19    Vyy=   -0.6828    axis=(  0.675651 -0.370980 -0.637079)
     H   19    Vzz=    0.7377    axis=(  0.047913 -0.840238  0.540097)
     H   19  Q=         1.0000 1e-30 m^2  Cq=         1.7333 MHz  eta= 0.85123

     C   20    Vxx=    0.1412    axis=( -0.283205 -0.829916 -0.480660)
     C   20    Vyy=    0.4967    axis=( -0.786579 -0.085749  0.611507)
     C   20    Vzz=   -0.6379    axis=(  0.548716 -0.551259  0.628510)
     C   20  Q=         1.0000 1e-30 m^2  Cq=        -1.4989 MHz  eta= 0.55718

     H   21    Vxx=   -0.0155    axis=(  0.225792  0.906798 -0.355999)
     H   21    Vyy=   -0.8868    axis=(  0.287395 -0.411176 -0.865065)
     H   21    Vzz=    0.9023    axis=( -0.930818  0.093012 -0.353449)
     H   21  Q=         1.0000 1e-30 m^2  Cq=         2.1200 MHz  eta= 0.96567

     C   22    Vxx=    0.0699    axis=(  0.565725  0.754029 -0.333758)
     C   22    Vyy=    0.4193    axis=( -0.727445  0.265766 -0.632608)
     C   22    Vzz=   -0.4891    axis=( -0.388303  0.600673  0.698865)
     C   22  Q=         1.0000 1e-30 m^2  Cq=        -1.1493 MHz  eta= 0.71433

     C   23    Vxx=    0.0323    axis=(  0.007242  0.735088  0.677932)
     C   23    Vyy=    0.6591    axis=( -0.892167 -0.301454  0.336400)
     C   23    Vzz=   -0.6914    axis=(  0.451649 -0.607265  0.653638)
     C   23  Q=         1.0000 1e-30 m^2  Cq=        -1.6245 MHz  eta= 0.90669

     Cl  24    Vxx=   -0.8458    axis=(  0.526414  0.790192  0.313823)
     Cl  24    Vyy=   -2.0618    axis=(  0.390289 -0.552500  0.736490)
     Cl  24    Vzz=    2.9076    axis=( -0.755356  0.265218  0.599247)
     Cl  24  Q=        -8.1650 1e-30 m^2  Cq=       -55.7799 MHz  eta= 0.41822

     Initialization:
     gipaw_setup  :      9.59s CPU     11.40s WALL (       1 calls)

     Linear response

     Apply operators

     Induced current

     Other routines
     efg          :      9.14s CPU     11.65s WALL (       1 calls)

     General routines
     calbec       :      3.24s CPU      4.30s WALL (      16 calls)
     fft          :      1.69s CPU      2.36s WALL (      15 calls)
     ffts         :      0.03s CPU      0.04s WALL (       2 calls)
     fftw         :      3.14s CPU      3.93s WALL (     672 calls)
     davcio       :      0.01s CPU      0.34s WALL (      32 calls)

     Parallel routines
     fft_scatter  :      2.25s CPU      3.50s WALL (     689 calls)

     Plugins

     GIPAW        :     62.53s CPU     76.46s WALL (       1 calls)
