
     Program QE v.6.0 (svn rev. 13079) starts on 17Dec2016 at 13:43:13 

     This program is part of the open-source Quantum ESPRESSO suite
     for quantum simulation of materials; please cite
         "P. Giannozzi et al., J. Phys.:Condens. Matter 21 395502 (2009);
          URL http://www.quantum-espresso.org", 
     in publications or presentations arising from this work. More details at
     http://www.quantum-espresso.org/quote

     Parallel version (MPI), running on     8 processors
     R & G space division:  proc/nbgrp/npool/nimage =       8

     ***** This is GIPAW svn revision unknown      *****

     Parallelizing q-star over 1 images

     Reading data from directory:
     /users/majewski/paradichlorobenzene/pbe/9_constraint/scratch/pbe.ecut100.np8.dt60.pcl2phi-129368.save
     Message from routine read_xml_file:
     file /users/majewski/paradichlorobenzene/pbe/9_constraint/scratch/pbe.ecut100.np8.dt60.pcl2phi-129368.save not guaranteed to be safe for post-processing

   Info: using nr1, nr2, nr3 values from input

   Info: using nr1, nr2, nr3 values from input

     IMPORTANT: XC functional enforced from input :
     Exchange-correlation      =  SLA  PW   PBX  PBC ( 1  4  3  4 0 0)
     Any further DFT definition will be discarded
     Please, verify this is what you really want

               file C.pbe-n-kjpaw_psl.1.0.0.UPF: wavefunction(s)  2S 2P renormalized
               file Cl.pbe-n-kjpaw_psl.1.0.0.UPF: wavefunction(s)  3S 3P renormalized
               file H.pbe-kjpaw_psl.1.0.0.UPF: wavefunction(s)  1S renormalized

     Parallelization info
     --------------------
     sticks:   dense  smooth     PW     G-vecs:    dense   smooth      PW
     Min        3057    1223    332               144436    36536    5170
     Max        3059    1225    333               144437    36537    5171
     Sum       24467    9791   2657              1155489   292295   41363


     Subspace diagonalization in iterative solution of the eigenvalue problem:
     a serial algorithm will be used

     GIPAW projectors -----------------------------------------------
     atom=  C    l=0  rc=    1.2000  rs=    0.8000
     atom=  C    l=0  rc=    1.2000  rs=    0.8000
     atom=  C    l=1  rc=    1.4000  rs=    0.9333
     atom=  C    l=1  rc=    1.4000  rs=    0.9333
     projs nearly linearly dependent: l=1  n1,n2= 1, 2  s=  0.99951561

     atom=  Cl   l=0  rc=    1.6000  rs=    1.0667
     atom=  Cl   l=0  rc=    1.6000  rs=    1.0667
     atom=  Cl   l=1  rc=    1.6000  rs=    1.0667
     atom=  Cl   l=1  rc=    1.6000  rs=    1.0667
     atom=  Cl   l=2  rc=    1.6000  rs=    1.0667
     atom=  Cl   l=2  rc=    1.6000  rs=    1.0667
     projs nearly linearly dependent: l=2  n1,n2= 1, 2  s=  0.99993509

     atom=  H    l=0  rc=    1.0000  rs=    0.6667
     atom=  H    l=0  rc=    1.0000  rs=    0.6667
     projs nearly linearly dependent: l=0  n1,n2= 1, 2  s=  0.99968852
     -----------------------------------------------------------------

     GIPAW integrals: -------------------------------------------
     Atom  i/j   nmr_para   nmr_dia   epr_rmc  epr_para   epr_dia
       C   1 1   0.83E+03  0.17E-01  0.93E+01  0.24E+08  0.24E+03
       C   2 1   0.86E+03 -0.61E-01  0.94E+01  0.25E+08  0.25E+03
       C   2 2   0.90E+03 -0.15E+00  0.97E+01  0.26E+08  0.26E+03
       C   3 3   0.33E+01  0.34E+00  0.18E+01  0.55E+03  0.21E+02
       C   4 3   0.35E+01  0.37E+00  0.20E+01  0.59E+03  0.22E+02
       C   4 4   0.38E+01  0.39E+00  0.22E+01  0.63E+03  0.24E+02
       Cl  1 1   0.14E+04 -0.47E+00  0.84E+01  0.32E+09  0.42E+03
       Cl  2 1   0.21E+04 -0.37E+00  0.12E+02  0.49E+09  0.65E+03
       Cl  2 2   0.33E+04 -0.16E+00  0.21E+02  0.76E+09  0.10E+04
       Cl  3 3   0.21E+02  0.79E-01  0.89E+01  0.23E+05  0.13E+03
       Cl  4 3   0.24E+02  0.67E-01  0.99E+01  0.27E+05  0.15E+03
       Cl  4 4   0.28E+02  0.44E-01  0.11E+02  0.32E+05  0.18E+03
       Cl  5 5   0.77E+00  0.19E+00  0.18E+01  0.12E+03  0.22E+02
       Cl  6 5   0.80E+00  0.19E+00  0.19E+01  0.12E+03  0.23E+02
       Cl  6 6   0.83E+00  0.20E+00  0.19E+01  0.12E+03  0.23E+02
       H   1 1   0.39E+02  0.19E+00  0.29E+00  0.78E+05  0.13E+02
       H   2 1   0.41E+02  0.21E+00  0.32E+00  0.82E+05  0.14E+02
       H   2 2   0.43E+02  0.22E+00  0.36E+00  0.86E+05  0.15E+02
     ------------------------------------------------------------

     alpha_pv=     33.9775 eV

     Number of occupied bands for each k-point:
     k-point:     1    nbnd_occ=  42
     k-point:     2    nbnd_occ=  42
     k-point:     3    nbnd_occ=  42
     k-point:     4    nbnd_occ=  42
     k-point:     5    nbnd_occ=  42
     k-point:     6    nbnd_occ=  42
     k-point:     7    nbnd_occ=  42
     k-point:     8    nbnd_occ=  42
     k-point:     9    nbnd_occ=  42
     k-point:    10    nbnd_occ=  42
     k-point:    11    nbnd_occ=  42
     k-point:    12    nbnd_occ=  42
     k-point:    13    nbnd_occ=  42
     k-point:    14    nbnd_occ=  42
     k-point:    15    nbnd_occ=  42
     k-point:    16    nbnd_occ=  42


     q-space interpolation up to   110.00 Rydberg

     GIPAW job: efg                                                                             


     ELECTRIC FIELD GRADIENTS TENSORS IN Hartree/bohrradius^2:

     ----- bare term -----
     Cl   1        0.017530       -0.016401       -0.117331
     Cl   1       -0.016401       -0.028044       -0.066936
     Cl   1       -0.117331       -0.066936        0.010514

     C    2       -0.395478        0.212103       -0.389043
     C    2        0.212103       -0.087760       -0.321006
     C    2       -0.389043       -0.321006        0.483238

     C    3       -0.078180        0.158568       -0.242929
     C    3        0.158568       -0.201726       -0.587393
     C    3       -0.242929       -0.587393        0.279906

     H    4       -0.320601        0.042892       -0.538764
     H    4        0.042892        0.167236       -0.031190
     H    4       -0.538764       -0.031190        0.153365

     C    5       -0.830165        0.395432       -0.386874
     C    5        0.395432        0.498188       -0.156290
     C    5       -0.386874       -0.156290        0.331977

     H    6        0.413395       -0.092534        0.216766
     H    6       -0.092534       -0.143291       -0.336522
     H    6        0.216766       -0.336522       -0.270104

     H    7        0.360722       -0.101419        0.123089
     H    7       -0.101419       -0.333552        0.597811
     H    7        0.123089        0.597811       -0.027171

     C    8       -0.223581        0.013747       -0.316268
     C    8        0.013747        0.043548        0.537809
     C    8       -0.316268        0.537809        0.180033

     H    9        0.066776        0.114442       -0.322414
     H    9        0.114442        0.223041        0.521981
     H    9       -0.322414        0.521981       -0.289817

     C   10       -0.714792       -0.373828       -0.342226
     C   10       -0.373828        0.274884        0.080336
     C   10       -0.342226        0.080336        0.439908

     C   11        0.014851       -0.103526       -0.192444
     C   11       -0.103526        0.034725        0.641606
     C   11       -0.192444        0.641606       -0.049576

     Cl  12       -0.150656       -0.178441        0.009910
     Cl  12       -0.178441        0.130119       -0.079658
     Cl  12        0.009910       -0.079658        0.020537

     H   13        0.353455        0.134316        0.204747
     H   13        0.134316       -0.212918       -0.612425
     H   13        0.204747       -0.612425       -0.140537

     C   14       -0.079418       -0.202566       -0.475966
     C   14       -0.202566       -0.196366       -0.348173
     C   14       -0.475966       -0.348173        0.275784

     H   15        0.059646       -0.116750       -0.325745
     H   15       -0.116750        0.181389       -0.536197
     H   15       -0.325745       -0.536197       -0.241036

     C   16       -0.690165        0.343771       -0.396110
     C   16        0.343771        0.232089        0.002738
     C   16       -0.396110        0.002738        0.458077

     C   17        0.045243       -0.078830       -0.261172
     C   17       -0.078830       -0.146221       -0.507551
     C   17       -0.261172       -0.507551        0.100978

     Cl  18       -0.150528        0.255685       -0.004694
     Cl  18        0.255685       -0.101827       -0.032711
     Cl  18       -0.004694       -0.032711        0.252356

     H   19        0.353060        0.049498        0.198956
     H   19        0.049498       -0.177473        0.437296
     H   19        0.198956        0.437296       -0.175587

     C   20       -0.428286       -0.312129       -0.419815
     C   20       -0.312129        0.247923        0.294160
     C   20       -0.419815        0.294160        0.180363

     H   21        0.138233        0.067585       -0.343280
     H   21        0.067585        0.330316       -0.222951
     H   21       -0.343280       -0.222951       -0.468548

     C   22        0.083269       -0.263867       -0.081798
     C   22       -0.263867       -0.132130        0.395899
     C   22       -0.081798        0.395899        0.048861

     C   23       -0.200058       -0.207780       -0.384111
     C   23       -0.207780       -0.099689        0.380880
     C   23       -0.384111        0.380880        0.299746

     Cl  24       -0.080975       -0.072583       -0.075101
     Cl  24       -0.072583       -0.041882        0.057918
     Cl  24       -0.075101        0.057918        0.122856

     ----- ionic term -----
     Cl   1        0.156799       -0.199421        0.002690
     Cl   1       -0.199421       -0.034757       -0.000460
     Cl   1        0.002690       -0.000460       -0.122042

     C    2        0.188000       -0.135342        0.246396
     C    2       -0.135342       -0.020420        0.469873
     C    2        0.246396        0.469873       -0.167580

     C    3        0.239014       -0.289521        0.165456
     C    3       -0.289521       -0.009049        0.406709
     C    3        0.165456        0.406709       -0.229965

     H    4        0.568293        0.228006        0.701937
     H    4        0.228006       -0.490517        0.222246
     H    4        0.701937        0.222246       -0.077776

     C    5        0.316089       -0.231805        0.239728
     C    5       -0.231805       -0.103050        0.349663
     C    5        0.239728        0.349663       -0.213040

     H    6       -0.511142       -0.088002       -0.061330
     H    6       -0.088002        0.402101        0.795933
     H    6       -0.061330        0.795933        0.109042

     H    7       -0.526364        0.061450       -0.030568
     H    7        0.061450        0.372121       -0.789370
     H    7       -0.030568       -0.789370        0.154243

     C    8        0.176567        0.234741        0.331967
     C    8        0.234741       -0.037641       -0.298735
     C    8        0.331967       -0.298735       -0.138927

     H    9        0.258496       -0.265164        0.754918
     H    9       -0.265164       -0.461116       -0.313417
     H    9        0.754918       -0.313417        0.202620

     C   10        0.053747        0.261902        0.244336
     C   10        0.261902        0.084704       -0.398120
     C   10        0.244336       -0.398120       -0.138451

     C   11        0.080569        0.179869        0.300030
     C   11        0.179869        0.079460       -0.442976
     C   11        0.300030       -0.442976       -0.160028

     Cl  12        0.105785        0.202341        0.029883
     Cl  12        0.202341        0.038979        0.015010
     Cl  12        0.029883        0.015010       -0.144763

     H   13       -0.514261        0.054571        0.052312
     H   13        0.054571        0.644421        0.729137
     H   13        0.052312        0.729137       -0.130161

     C   14        0.305931       -0.148101        0.266422
     C   14       -0.148101       -0.032976        0.345627
     C   14        0.266422        0.345627       -0.272955

     H   15        0.441973        0.293380        0.783912
     H   15        0.293380       -0.475801        0.298380
     H   15        0.783912        0.298380        0.033829

     C   16        0.160696       -0.243232        0.181142
     C   16       -0.243232        0.059956        0.453470
     C   16        0.181142        0.453470       -0.220653

     C   17        0.207038       -0.181191        0.251965
     C   17       -0.181191       -0.005564        0.476267
     C   17        0.251965        0.476267       -0.201474

     Cl  18        0.183266       -0.196330       -0.003097
     Cl  18       -0.196330       -0.045025        0.004261
     Cl  18       -0.003097        0.004261       -0.138240

     H   19       -0.519047       -0.084356        0.060855
     H   19       -0.084356        0.723519       -0.665831
     H   19        0.060855       -0.665831       -0.204473

     C   20        0.164771        0.161179        0.319293
     C   20        0.161179        0.090857       -0.298673
     C   20        0.319293       -0.298673       -0.255628

     H   21        0.369837       -0.239006        0.774365
     H   21       -0.239006       -0.417852       -0.286585
     H   21        0.774365       -0.286585        0.048015

     C   22        0.008857        0.263695        0.234425
     C   22        0.263695        0.219645       -0.440223
     C   22        0.234425       -0.440223       -0.228501

     C   23        0.067657        0.246226        0.319370
     C   23        0.246226        0.131408       -0.462913
     C   23        0.319370       -0.462913       -0.199065

     Cl  24        0.164826        0.255624        0.042365
     Cl  24        0.255624       -0.016998        0.011903
     Cl  24        0.042365        0.011903       -0.147828

     ----- GIPAW term -----
     Cl   1        1.908238       -1.646551       -2.033110
     Cl   1       -1.646551       -1.064802       -0.467693
     Cl   1       -2.033110       -0.467693       -0.843436

     C    2       -0.011635       -0.103386       -0.169961
     C    2       -0.103386       -0.071293        0.010995
     C    2       -0.169961        0.010995        0.082928

     C    3       -0.064936       -0.015929       -0.052576
     C    3       -0.015929        0.076863       -0.083494
     C    3       -0.052576       -0.083494       -0.011928

     H    4       -0.000000        0.000000        0.000000
     H    4        0.000000        0.000000        0.000000
     H    4        0.000000        0.000000        0.000000

     C    5       -0.233213        0.096321       -0.042431
     C    5        0.096321        0.315602        0.006631
     C    5       -0.042431        0.006631       -0.082389

     H    6       -0.000000        0.000000        0.000000
     H    6        0.000000        0.000000        0.000000
     H    6        0.000000        0.000000        0.000000

     H    7       -0.000000        0.000000        0.000000
     H    7        0.000000        0.000000        0.000000
     H    7        0.000000        0.000000        0.000000

     C    8       -0.099919        0.047870       -0.037953
     C    8        0.047870        0.194895        0.155371
     C    8       -0.037953        0.155371       -0.094976

     H    9       -0.000000        0.000000        0.000000
     H    9        0.000000        0.000000        0.000000
     H    9        0.000000        0.000000        0.000000

     C   10       -0.254784       -0.046043       -0.071256
     C   10       -0.046043        0.232384       -0.143834
     C   10       -0.071256       -0.143834        0.022400

     C   11       -0.040427       -0.033322       -0.026058
     C   11       -0.033322        0.251855        0.088988
     C   11       -0.026058        0.088988       -0.211427

     Cl  12        0.387322        1.131484        0.083833
     Cl  12        1.131484        1.256420       -0.737351
     Cl  12        0.083833       -0.737351       -1.643743

     H   13       -0.000000        0.000000        0.000000
     H   13        0.000000        0.000000        0.000000
     H   13        0.000000        0.000000        0.000000

     C   14        0.018532       -0.155549       -0.207389
     C   14       -0.155549       -0.100643        0.058892
     C   14       -0.207389        0.058892        0.082111

     H   15       -0.000000        0.000000        0.000000
     H   15        0.000000        0.000000        0.000000
     H   15        0.000000        0.000000        0.000000

     C   16       -0.206005       -0.055851       -0.131042
     C   16       -0.055851        0.154463        0.189509
     C   16       -0.131042        0.189509        0.051542

     C   17       -0.074812       -0.094035       -0.023472
     C   17       -0.094035        0.192009        0.121646
     C   17       -0.023472        0.121646       -0.117197

     Cl  18       -0.858303        0.596311        0.055601
     Cl  18        0.596311        2.415894        0.497671
     Cl  18        0.055601        0.497671       -1.557592

     H   19       -0.000000        0.000000        0.000000
     H   19        0.000000        0.000000        0.000000
     H   19        0.000000        0.000000        0.000000

     C   20       -0.058556       -0.159918       -0.138819
     C   20       -0.159918        0.076535        0.143977
     C   20       -0.138819        0.143977       -0.017978

     H   21       -0.000000        0.000000        0.000000
     H   21        0.000000        0.000000        0.000000
     H   21        0.000000        0.000000        0.000000

     C   22       -0.038397       -0.080596       -0.053088
     C   22       -0.080596        0.048592        0.127444
     C   22       -0.053088        0.127444       -0.010195

     C   23       -0.068047       -0.025389       -0.120239
     C   23       -0.025389        0.004464        0.186118
     C   23       -0.120239        0.186118        0.063583

     Cl  24       -0.444189        0.900857       -1.161657
     Cl  24        0.900857       -0.649476        1.775987
     Cl  24       -1.161657        1.775987        1.093665

     ----- total EFG -----
     Cl   1        2.082568       -1.862373       -2.147751
     Cl   1       -1.862373       -1.127603       -0.535089
     Cl   1       -2.147751       -0.535089       -0.954964

     C    2       -0.219113       -0.026625       -0.312608
     C    2       -0.026625       -0.179473        0.159862
     C    2       -0.312608        0.159862        0.398586

     C    3        0.095898       -0.146882       -0.130049
     C    3       -0.146882       -0.133911       -0.264178
     C    3       -0.130049       -0.264178        0.038013

     H    4        0.247693        0.270899        0.163173
     H    4        0.270899       -0.323282        0.191056
     H    4        0.163173        0.191056        0.075589

     C    5       -0.747289        0.259948       -0.189577
     C    5        0.259948        0.710740        0.200004
     C    5       -0.189577        0.200004        0.036549

     H    6       -0.097748       -0.180536        0.155437
     H    6       -0.180536        0.258810        0.459411
     H    6        0.155437        0.459411       -0.161062

     H    7       -0.165642       -0.039969        0.092521
     H    7       -0.039969        0.038570       -0.191558
     H    7        0.092521       -0.191558        0.127072

     C    8       -0.146933        0.296358       -0.022254
     C    8        0.296358        0.200802        0.394444
     C    8       -0.022254        0.394444       -0.053870

     H    9        0.325272       -0.150722        0.432505
     H    9       -0.150722       -0.238075        0.208563
     H    9        0.432505        0.208563       -0.087197

     C   10       -0.915828       -0.157970       -0.169146
     C   10       -0.157970        0.591972       -0.461617
     C   10       -0.169146       -0.461617        0.323856

     C   11        0.054993        0.043021        0.081529
     C   11        0.043021        0.366039        0.287618
     C   11        0.081529        0.287618       -0.421031

     Cl  12        0.342451        1.155384        0.123626
     Cl  12        1.155384        1.425518       -0.802000
     Cl  12        0.123626       -0.802000       -1.767969

     H   13       -0.160805        0.188888        0.257059
     H   13        0.188888        0.431503        0.116712
     H   13        0.257059        0.116712       -0.270698

     C   14        0.245045       -0.506216       -0.416933
     C   14       -0.506216       -0.329985        0.056347
     C   14       -0.416933        0.056347        0.084939

     H   15        0.501619        0.176630        0.458168
     H   15        0.176630       -0.294412       -0.237817
     H   15        0.458168       -0.237817       -0.207207

     C   16       -0.735474        0.044687       -0.346009
     C   16        0.044687        0.446508        0.645717
     C   16       -0.346009        0.645717        0.288966

     C   17        0.177469       -0.354056       -0.032679
     C   17       -0.354056        0.040224        0.090362
     C   17       -0.032679        0.090362       -0.217693

     Cl  18       -0.825565        0.655666        0.047810
     Cl  18        0.655666        2.269041        0.469221
     Cl  18        0.047810        0.469221       -1.443476

     H   19       -0.165987       -0.034858        0.259812
     H   19       -0.034858        0.546047       -0.228535
     H   19        0.259812       -0.228535       -0.380060

     C   20       -0.322071       -0.310868       -0.239340
     C   20       -0.310868        0.415314        0.139464
     C   20       -0.239340        0.139464       -0.093243

     H   21        0.508069       -0.171421        0.431085
     H   21       -0.171421       -0.087536       -0.509536
     H   21        0.431085       -0.509536       -0.420533

     C   22        0.053729       -0.080768        0.099539
     C   22       -0.080768        0.136106        0.083120
     C   22        0.099539        0.083120       -0.189835

     C   23       -0.200447        0.013057       -0.184980
     C   23        0.013057        0.036182        0.104085
     C   23       -0.184980        0.104085        0.164265

     Cl  24       -0.360338        1.083897       -1.194393
     Cl  24        1.083897       -0.708355        1.845808
     Cl  24       -1.194393        1.845808        1.068693

     ----- total EFG (symmetrized) -----
     Cl   1        2.082568       -1.862373       -2.147751
     Cl   1       -1.862373       -1.127603       -0.535089
     Cl   1       -2.147751       -0.535089       -0.954964

     C    2       -0.219113       -0.026625       -0.312608
     C    2       -0.026625       -0.179473        0.159862
     C    2       -0.312608        0.159862        0.398586

     C    3        0.095898       -0.146882       -0.130049
     C    3       -0.146882       -0.133911       -0.264178
     C    3       -0.130049       -0.264178        0.038013

     H    4        0.247693        0.270899        0.163173
     H    4        0.270899       -0.323282        0.191056
     H    4        0.163173        0.191056        0.075589

     C    5       -0.747289        0.259948       -0.189577
     C    5        0.259948        0.710740        0.200004
     C    5       -0.189577        0.200004        0.036549

     H    6       -0.097748       -0.180536        0.155437
     H    6       -0.180536        0.258810        0.459411
     H    6        0.155437        0.459411       -0.161062

     H    7       -0.165642       -0.039969        0.092521
     H    7       -0.039969        0.038570       -0.191558
     H    7        0.092521       -0.191558        0.127072

     C    8       -0.146933        0.296358       -0.022254
     C    8        0.296358        0.200802        0.394444
     C    8       -0.022254        0.394444       -0.053870

     H    9        0.325272       -0.150722        0.432505
     H    9       -0.150722       -0.238075        0.208563
     H    9        0.432505        0.208563       -0.087197

     C   10       -0.915828       -0.157970       -0.169146
     C   10       -0.157970        0.591972       -0.461617
     C   10       -0.169146       -0.461617        0.323856

     C   11        0.054993        0.043021        0.081529
     C   11        0.043021        0.366039        0.287618
     C   11        0.081529        0.287618       -0.421031

     Cl  12        0.342451        1.155384        0.123626
     Cl  12        1.155384        1.425518       -0.802000
     Cl  12        0.123626       -0.802000       -1.767969

     H   13       -0.160805        0.188888        0.257059
     H   13        0.188888        0.431503        0.116712
     H   13        0.257059        0.116712       -0.270698

     C   14        0.245045       -0.506216       -0.416933
     C   14       -0.506216       -0.329985        0.056347
     C   14       -0.416933        0.056347        0.084939

     H   15        0.501619        0.176630        0.458168
     H   15        0.176630       -0.294412       -0.237817
     H   15        0.458168       -0.237817       -0.207207

     C   16       -0.735474        0.044687       -0.346009
     C   16        0.044687        0.446508        0.645717
     C   16       -0.346009        0.645717        0.288966

     C   17        0.177469       -0.354056       -0.032679
     C   17       -0.354056        0.040224        0.090362
     C   17       -0.032679        0.090362       -0.217693

     Cl  18       -0.825565        0.655666        0.047810
     Cl  18        0.655666        2.269041        0.469221
     Cl  18        0.047810        0.469221       -1.443476

     H   19       -0.165987       -0.034858        0.259812
     H   19       -0.034858        0.546047       -0.228535
     H   19        0.259812       -0.228535       -0.380060

     C   20       -0.322071       -0.310868       -0.239340
     C   20       -0.310868        0.415314        0.139464
     C   20       -0.239340        0.139464       -0.093243

     H   21        0.508069       -0.171421        0.431085
     H   21       -0.171421       -0.087536       -0.509536
     H   21        0.431085       -0.509536       -0.420533

     C   22        0.053729       -0.080768        0.099539
     C   22       -0.080768        0.136106        0.083120
     C   22        0.099539        0.083120       -0.189835

     C   23       -0.200447        0.013057       -0.184980
     C   23        0.013057        0.036182        0.104085
     C   23       -0.184980        0.104085        0.164265

     Cl  24       -0.360338        1.083897       -1.194393
     Cl  24        1.083897       -0.708355        1.845808
     Cl  24       -1.194393        1.845808        1.068693


     NQR/NMR SPECTROSCOPIC PARAMETERS:
     Cl   1    Vxx=   -0.5175    axis=(  0.042412 -0.728854  0.683354)
     Cl   1    Vyy=   -3.1216    axis=( -0.478678 -0.615182 -0.626434)
     Cl   1    Vzz=    3.6392    axis=( -0.876966  0.300538  0.374977)
     Cl   1  Q=        -8.1650 1e-30 m^2  Cq=       -69.8153 MHz  eta= 0.71557

     C    2    Vxx=   -0.2040    axis=(  0.301325  0.948740 -0.095373)
     C    2    Vyy=   -0.3588    axis=( -0.879144  0.237700 -0.413043)
     C    2    Vzz=    0.5628    axis=( -0.369200  0.208307  0.905704)
     C    2  Q=         1.0000 1e-30 m^2  Cq=         1.3223 MHz  eta= 0.27503

     C    3    Vxx=    0.1675    axis=( -0.894904  0.446115 -0.011373)
     C    3    Vyy=    0.2349    axis=( -0.256456 -0.493259  0.831220)
     C    3    Vzz=   -0.4024    axis=( -0.365210 -0.746778 -0.555827)
     C    3  Q=         1.0000 1e-30 m^2  Cq=        -0.9454 MHz  eta= 0.16760

     H    4    Vxx=   -0.0219    axis=( -0.546164  0.039517  0.836745)
     H    4    Vyy=   -0.4602    axis=( -0.298647  0.924063 -0.238575)
     H    4    Vzz=    0.4821    axis=( -0.782633 -0.380193 -0.492889)
     H    4  Q=         1.0000 1e-30 m^2  Cq=         1.1326 MHz  eta= 0.90916

     C    5    Vxx=    0.0553    axis=( -0.280126 -0.176831  0.943536)
     C    5    Vyy=    0.7931    axis=(  0.135735  0.965717  0.221286)
     C    5    Vzz=   -0.8485    axis=( -0.950319  0.190059 -0.246520)
     C    5  Q=         1.0000 1e-30 m^2  Cq=        -1.9935 MHz  eta= 0.86953

     H    6    Vxx=    0.0065    axis=(  0.891266 -0.144781  0.429748)
     H    6    Vyy=    0.5616    axis=(  0.110889 -0.849315 -0.516109)
     H    6    Vzz=   -0.5681    axis=(  0.439714  0.507644 -0.740911)
     H    6  Q=         1.0000 1e-30 m^2  Cq=        -1.3348 MHz  eta= 0.97702

     H    7    Vxx=   -0.1056    axis=(  0.296050  0.791833  0.534185)
     H    7    Vyy=   -0.1942    axis=( -0.932852  0.119496  0.339864)
     H    7    Vzz=    0.2998    axis=(  0.205282 -0.598933  0.774040)
     H    7  Q=         1.0000 1e-30 m^2  Cq=         0.7045 MHz  eta= 0.29559

     C    8    Vxx=   -0.0890    axis=(  0.758778  0.100079 -0.643614)
     C    8    Vyy=   -0.4755    axis=( -0.567721  0.585999 -0.578185)
     C    8    Vzz=    0.5645    axis=( -0.319294 -0.804107 -0.501461)
     C    8  Q=         1.0000 1e-30 m^2  Cq=         1.3263 MHz  eta= 0.68477

     H    9    Vxx=   -0.0354    axis=(  0.314050 -0.784202 -0.535163)
     H    9    Vyy=   -0.5632    axis=(  0.425923  0.620149 -0.658791)
     H    9    Vzz=    0.5985    axis=(  0.848506 -0.021045  0.528767)
     H    9  Q=         1.0000 1e-30 m^2  Cq=         1.4063 MHz  eta= 0.88176

     C   10    Vxx=    0.0330    axis=( -0.235529  0.578410  0.781004)
     C   10    Vyy=    0.9389    axis=(  0.013753 -0.801548  0.597772)
     C   10    Vzz=   -0.9719    axis=( -0.971770 -0.151534 -0.180833)
     C   10  Q=         1.0000 1e-30 m^2  Cq=        -2.2837 MHz  eta= 0.93211

     C   11    Vxx=    0.0515    axis=(  0.981006 -0.185639  0.056262)
     C   11    Vyy=    0.4706    axis=(  0.158852  0.935289  0.316229)
     C   11    Vzz=   -0.5221    axis=( -0.111325 -0.301285  0.947013)
     C   11  Q=         1.0000 1e-30 m^2  Cq=        -1.2268 MHz  eta= 0.80262

     Cl  12    Vxx=   -0.2239    axis=(  0.843789 -0.445643  0.299037)
     Cl  12    Vyy=   -2.0312    axis=(  0.185592 -0.280524 -0.941734)
     Cl  12    Vzz=    2.2552    axis=(  0.503564  0.850123 -0.153995)
     Cl  12  Q=        -8.1650 1e-30 m^2  Cq=       -43.2645 MHz  eta= 0.80139

     H   13    Vxx=   -0.0527    axis=( -0.690837  0.412606 -0.593717)
     H   13    Vyy=   -0.4796    axis=( -0.639570  0.034218  0.767971)
     H   13    Vzz=    0.5323    axis=(  0.337185  0.910267  0.240252)
     H   13  Q=         1.0000 1e-30 m^2  Cq=         1.2506 MHz  eta= 0.80199

     C   14    Vxx=   -0.1012    axis=(  0.305413 -0.472158  0.826916)
     C   14    Vyy=   -0.6661    axis=( -0.554829 -0.794003 -0.248444)
     C   14    Vzz=    0.7673    axis=(  0.773878 -0.382919 -0.504466)
     C   14  Q=         1.0000 1e-30 m^2  Cq=         1.8029 MHz  eta= 0.73616

     H   15    Vxx=   -0.0661    axis=( -0.226399 -0.781238  0.581731)
     H   15    Vyy=   -0.6634    axis=(  0.366504 -0.621673 -0.692241)
     H   15    Vzz=    0.7295    axis=(  0.902451  0.056484  0.427073)
     H   15  Q=         1.0000 1e-30 m^2  Cq=         1.7140 MHz  eta= 0.81867

     C   16    Vxx=   -0.1484    axis=( -0.421034 -0.652401  0.630161)
     C   16    Vyy=   -0.8923    axis=( -0.899905  0.213450 -0.380277)
     C   16    Vzz=    1.0406    axis=(  0.113585 -0.727195 -0.676968)
     C   16  Q=         1.0000 1e-30 m^2  Cq=         2.4451 MHz  eta= 0.71487

     C   17    Vxx=   -0.1896    axis=(  0.467170  0.412141  0.782236)
     C   17    Vyy=   -0.2898    axis=( -0.450205 -0.650554  0.611633)
     C   17    Vzz=    0.4794    axis=( -0.760965  0.637903  0.118371)
     C   17  Q=         1.0000 1e-30 m^2  Cq=         1.1263 MHz  eta= 0.20893

     Cl  18    Vxx=   -0.9548    axis=(  0.978810 -0.186887 -0.083691)
     Cl  18    Vyy=   -1.5038    axis=(  0.059135 -0.133314  0.989308)
     Cl  18    Vzz=    2.4587    axis=( -0.196046 -0.973294 -0.119437)
     Cl  18  Q=        -8.1650 1e-30 m^2  Cq=       -47.1687 MHz  eta= 0.22329

     H   19    Vxx=   -0.0306    axis=( -0.847573 -0.239020 -0.473803)
     H   19    Vyy=   -0.5808    axis=( -0.514999  0.155048  0.843052)
     H   19    Vzz=    0.6114    axis=( -0.128044  0.958556 -0.254509)
     H   19  Q=         1.0000 1e-30 m^2  Cq=         1.4365 MHz  eta= 0.89997

     C   20    Vxx=   -0.0799    axis=( -0.296489 -0.426775  0.854375)
     C   20    Vyy=   -0.5178    axis=( -0.878148 -0.229851 -0.419553)
     C   20    Vzz=    0.5976    axis=( -0.375434  0.874661  0.306623)
     C   20  Q=         1.0000 1e-30 m^2  Cq=         1.4042 MHz  eta= 0.73278

     H   21    Vxx=    0.0133    axis=(  0.557060  0.758754 -0.337603)
     H   21    Vyy=    0.8276    axis=( -0.805984  0.395956 -0.440009)
     H   21    Vzz=   -0.8410    axis=( -0.200183  0.517215  0.832115)
     H   21  Q=         1.0000 1e-30 m^2  Cq=        -1.9759 MHz  eta= 0.96831

     C   22    Vxx=    0.0675    axis=(  0.799819  0.407249  0.440951)
     C   22    Vyy=    0.1868    axis=(  0.481291 -0.874095 -0.065702)
     C   22    Vzz=   -0.2543    axis=( -0.358676 -0.264775  0.895123)
     C   22  Q=         1.0000 1e-30 m^2  Cq=        -0.5975 MHz  eta= 0.46929

     C   23    Vxx=    0.0099    axis=(  0.292731  0.917826 -0.268149)
     C   23    Vyy=    0.2768    axis=(  0.328615 -0.359918 -0.873196)
     C   23    Vzz=   -0.2867    axis=( -0.897954  0.167493 -0.406971)
     C   23  Q=         1.0000 1e-30 m^2  Cq=        -0.6737 MHz  eta= 0.93068

     Cl  24    Vxx=    0.5330    axis=(  0.820874  0.561481 -0.104425)
     Cl  24    Vyy=    2.3185    axis=( -0.201816  0.456236  0.866671)
     Cl  24    Vzz=   -2.8515    axis=(  0.534262 -0.690353  0.487828)
     Cl  24  Q=        -8.1650 1e-30 m^2  Cq=        54.7045 MHz  eta= 0.62617

     Initialization:
     gipaw_setup  :      9.20s CPU     11.12s WALL (       1 calls)

     Linear response

     Apply operators

     Induced current

     Other routines
     efg          :      9.26s CPU     11.87s WALL (       1 calls)

     General routines
     calbec       :      3.33s CPU      4.51s WALL (      16 calls)
     fft          :      1.47s CPU      1.94s WALL (      15 calls)
     ffts         :      0.06s CPU      0.07s WALL (       2 calls)
     fftw         :      3.24s CPU      3.96s WALL (     672 calls)
     davcio       :      0.01s CPU      0.32s WALL (      32 calls)

     Parallel routines
     fft_scatter  :      2.15s CPU      3.20s WALL (     689 calls)

     Plugins

     GIPAW        :     61.66s CPU     81.08s WALL (       1 calls)
