
     Program QE v.6.0 (svn rev. 13079) starts on  6Jan2017 at 14:36:12 

     This program is part of the open-source Quantum ESPRESSO suite
     for quantum simulation of materials; please cite
         "P. Giannozzi et al., J. Phys.:Condens. Matter 21 395502 (2009);
          URL http://www.quantum-espresso.org", 
     in publications or presentations arising from this work. More details at
     http://www.quantum-espresso.org/quote

     Parallel version (MPI), running on     8 processors
     R & G space division:  proc/nbgrp/npool/nimage =       8

     ***** This is GIPAW svn revision unknown      *****

     Parallelizing q-star over 1 images

     Reading data from directory:
     /users/majewski/paradichlorobenzene/pbe/9_constraint/scratch/pbe.ecut100.np8.dt60.pcl2phi-129368.save
     Message from routine read_xml_file:
     file /users/majewski/paradichlorobenzene/pbe/9_constraint/scratch/pbe.ecut100.np8.dt60.pcl2phi-129368.save not guaranteed to be safe for post-processing

   Info: using nr1, nr2, nr3 values from input

   Info: using nr1, nr2, nr3 values from input

     IMPORTANT: XC functional enforced from input :
     Exchange-correlation      =  SLA  PW   PBX  PBC ( 1  4  3  4 0 0)
     Any further DFT definition will be discarded
     Please, verify this is what you really want

               file C.pbe-n-kjpaw_psl.1.0.0.UPF: wavefunction(s)  2S 2P renormalized
               file Cl.pbe-n-kjpaw_psl.1.0.0.UPF: wavefunction(s)  3S 3P renormalized
               file H.pbe-kjpaw_psl.1.0.0.UPF: wavefunction(s)  1S renormalized

     Parallelization info
     --------------------
     sticks:   dense  smooth     PW     G-vecs:    dense   smooth      PW
     Min        3057    1223    332               144436    36536    5170
     Max        3059    1225    333               144437    36537    5171
     Sum       24467    9791   2657              1155489   292295   41363


     Subspace diagonalization in iterative solution of the eigenvalue problem:
     a serial algorithm will be used

     GIPAW projectors -----------------------------------------------
     atom=  C    l=0  rc=    1.2000  rs=    0.8000
     atom=  C    l=0  rc=    1.2000  rs=    0.8000
     atom=  C    l=1  rc=    1.4000  rs=    0.9333
     atom=  C    l=1  rc=    1.4000  rs=    0.9333
     projs nearly linearly dependent: l=1  n1,n2= 1, 2  s=  0.99951561

     atom=  Cl   l=0  rc=    1.6000  rs=    1.0667
     atom=  Cl   l=0  rc=    1.6000  rs=    1.0667
     atom=  Cl   l=1  rc=    1.6000  rs=    1.0667
     atom=  Cl   l=1  rc=    1.6000  rs=    1.0667
     atom=  Cl   l=2  rc=    1.6000  rs=    1.0667
     atom=  Cl   l=2  rc=    1.6000  rs=    1.0667
     projs nearly linearly dependent: l=2  n1,n2= 1, 2  s=  0.99993509

     atom=  H    l=0  rc=    1.0000  rs=    0.6667
     atom=  H    l=0  rc=    1.0000  rs=    0.6667
     projs nearly linearly dependent: l=0  n1,n2= 1, 2  s=  0.99968852
     -----------------------------------------------------------------

     GIPAW integrals: -------------------------------------------
     Atom  i/j   nmr_para   nmr_dia   epr_rmc  epr_para   epr_dia
       C   1 1   0.83E+03  0.17E-01  0.93E+01  0.24E+08  0.24E+03
       C   2 1   0.86E+03 -0.61E-01  0.94E+01  0.25E+08  0.25E+03
       C   2 2   0.90E+03 -0.15E+00  0.97E+01  0.26E+08  0.26E+03
       C   3 3   0.33E+01  0.34E+00  0.18E+01  0.55E+03  0.21E+02
       C   4 3   0.35E+01  0.37E+00  0.20E+01  0.59E+03  0.22E+02
       C   4 4   0.38E+01  0.39E+00  0.22E+01  0.63E+03  0.24E+02
       Cl  1 1   0.14E+04 -0.47E+00  0.84E+01  0.32E+09  0.42E+03
       Cl  2 1   0.21E+04 -0.37E+00  0.12E+02  0.49E+09  0.65E+03
       Cl  2 2   0.33E+04 -0.16E+00  0.21E+02  0.76E+09  0.10E+04
       Cl  3 3   0.21E+02  0.79E-01  0.89E+01  0.23E+05  0.13E+03
       Cl  4 3   0.24E+02  0.67E-01  0.99E+01  0.27E+05  0.15E+03
       Cl  4 4   0.28E+02  0.44E-01  0.11E+02  0.32E+05  0.18E+03
       Cl  5 5   0.77E+00  0.19E+00  0.18E+01  0.12E+03  0.22E+02
       Cl  6 5   0.80E+00  0.19E+00  0.19E+01  0.12E+03  0.23E+02
       Cl  6 6   0.83E+00  0.20E+00  0.19E+01  0.12E+03  0.23E+02
       H   1 1   0.39E+02  0.19E+00  0.29E+00  0.78E+05  0.13E+02
       H   2 1   0.41E+02  0.21E+00  0.32E+00  0.82E+05  0.14E+02
       H   2 2   0.43E+02  0.22E+00  0.36E+00  0.86E+05  0.15E+02
     ------------------------------------------------------------

     alpha_pv=     33.7252 eV

     Number of occupied bands for each k-point:
     k-point:     1    nbnd_occ=  42
     k-point:     2    nbnd_occ=  42
     k-point:     3    nbnd_occ=  42
     k-point:     4    nbnd_occ=  42
     k-point:     5    nbnd_occ=  42
     k-point:     6    nbnd_occ=  42
     k-point:     7    nbnd_occ=  42
     k-point:     8    nbnd_occ=  42
     k-point:     9    nbnd_occ=  42
     k-point:    10    nbnd_occ=  42
     k-point:    11    nbnd_occ=  42
     k-point:    12    nbnd_occ=  42
     k-point:    13    nbnd_occ=  42
     k-point:    14    nbnd_occ=  42
     k-point:    15    nbnd_occ=  42
     k-point:    16    nbnd_occ=  42


     q-space interpolation up to   110.00 Rydberg

     GIPAW job: efg                                                                             


     ELECTRIC FIELD GRADIENTS TENSORS IN Hartree/bohrradius^2:

     ----- bare term -----
     Cl   1       -0.029622        0.104282        0.057732
     Cl   1        0.104282       -0.050318        0.013495
     Cl   1        0.057732        0.013495        0.079940

     C    2       -0.097810       -0.010371       -0.490227
     C    2       -0.010371       -0.137278       -0.516069
     C    2       -0.490227       -0.516069        0.235088

     C    3       -0.186065        0.292896       -0.270384
     C    3        0.292896       -0.199319       -0.565050
     C    3       -0.270384       -0.565050        0.385384

     H    4       -0.236674       -0.156339       -0.535317
     H    4       -0.156339        0.373557       -0.126451
     H    4       -0.535317       -0.126451       -0.136883

     C    5       -0.420017        0.289233       -0.314402
     C    5        0.289233       -0.033020       -0.447073
     C    5       -0.314402       -0.447073        0.453037

     H    6        0.485260       -0.032113        0.025905
     H    6       -0.032113       -0.105549       -0.419747
     H    6        0.025905       -0.419747       -0.379710

     H    7        0.470033        0.220124        0.049609
     H    7        0.220124       -0.679377       -0.166286
     H    7        0.049609       -0.166286        0.209344

     C    8       -0.414155       -0.129130       -0.347500
     C    8       -0.129130       -0.066525        0.478979
     C    8       -0.347500        0.478979        0.480679

     H    9       -0.367595        0.501902       -0.100115
     H    9        0.501902        0.089465       -0.082976
     H    9       -0.100115       -0.082976        0.278130

     C   10       -0.381740       -0.352715       -0.195286
     C   10       -0.352715       -0.082856        0.505605
     C   10       -0.195286        0.505605        0.464596

     C   11       -0.137369       -0.071989       -0.506497
     C   11       -0.071989       -0.140804        0.517083
     C   11       -0.506497        0.517083        0.278173

     Cl  12       -0.152794       -0.045095       -0.058667
     Cl  12       -0.045095       -0.121760        0.030392
     Cl  12       -0.058667        0.030392        0.274554

     H   13        0.140449       -0.449315        0.132772
     H   13       -0.449315       -0.495480       -0.133929
     H   13        0.132772       -0.133929        0.355032

     C   14       -0.305441        0.332567       -0.381305
     C   14        0.332567       -0.184559       -0.352071
     C   14       -0.381305       -0.352071        0.490000

     H   15       -0.370687       -0.521548        0.047176
     H   15       -0.521548        0.074315        0.126920
     H   15        0.047176        0.126920        0.296372

     C   16       -0.130691        0.193853       -0.378593
     C   16        0.193853       -0.205295       -0.460647
     C   16       -0.378593       -0.460647        0.335986

     C   17       -0.263728        0.015935       -0.344122
     C   17        0.015935       -0.088496       -0.603183
     C   17       -0.344122       -0.603183        0.352224

     Cl  18       -0.018546        0.007227        0.008707
     Cl  18        0.007227        0.038039        0.057304
     Cl  18        0.008707        0.057304       -0.019494

     H   19        0.181347        0.437454        0.117419
     H   19        0.437454       -0.527924        0.136918
     H   19        0.117419        0.136918        0.346577

     C   20       -0.256174       -0.378274       -0.366635
     C   20       -0.378274       -0.203496        0.372636
     C   20       -0.366635        0.372636        0.459669

     H   21       -0.663715        0.227126       -0.158562
     H   21        0.227126        0.387746        0.142043
     H   21       -0.158562        0.142043        0.275969

     C   22       -0.147314       -0.201433       -0.371639
     C   22       -0.201433       -0.238981        0.506694
     C   22       -0.371639        0.506694        0.386295

     C   23       -0.182263       -0.206501       -0.288148
     C   23       -0.206501       -0.166459        0.459832
     C   23       -0.288148        0.459832        0.348722

     Cl  24        0.061209        0.148279       -0.031906
     Cl  24        0.148279        0.031550       -0.005206
     Cl  24       -0.031906       -0.005206       -0.092759

     ----- ionic term -----
     Cl   1        0.136750       -0.210781       -0.028550
     Cl   1       -0.210781        0.005389        0.024383
     Cl   1       -0.028550        0.024383       -0.142139

     C    2        0.235742       -0.114065        0.203331
     C    2       -0.114065        0.102409        0.462786
     C    2        0.203331        0.462786       -0.338151

     C    3        0.137134       -0.213043        0.190053
     C    3       -0.213043        0.159917        0.437588
     C    3        0.190053        0.437588       -0.297051

     H    4        0.562185        0.337931        0.705980
     H    4        0.337931       -0.433563        0.280936
     H    4        0.705980        0.280936       -0.128622

     C    5        0.293613       -0.205192        0.268957
     C    5       -0.205192        0.026677        0.322484
     C    5        0.268957        0.322484       -0.320290

     H    6       -0.526442        0.051785        0.065089
     H    6        0.051785        0.551716        0.761945
     H    6        0.065089        0.761945       -0.025274

     H    7       -0.478159       -0.168157        0.058776
     H    7       -0.168157        0.942613       -0.424111
     H    7        0.058776       -0.424111       -0.464454

     C    8        0.349775        0.138859        0.220001
     C    8        0.138859        0.169063       -0.206830
     C    8        0.220001       -0.206830       -0.518839

     H    9        0.722566       -0.409418        0.531655
     H    9       -0.409418       -0.322343       -0.213128
     H    9        0.531655       -0.213128       -0.400222

     C   10        0.248918        0.187741        0.185372
     C   10        0.187741        0.250341       -0.236253
     C   10        0.185372       -0.236253       -0.499259

     C   11        0.277196        0.113866        0.307517
     C   11        0.113866        0.153254       -0.230840
     C   11        0.307517       -0.230840       -0.430450

     Cl  12        0.156868        0.190861        0.047669
     Cl  12        0.190861       -0.003049        0.022182
     Cl  12        0.047669        0.022182       -0.153819

     H   13       -0.465019        0.226044        0.106887
     H   13        0.226044        0.685849        0.652711
     H   13        0.106887        0.652711       -0.220830

     C   14        0.361580       -0.086259        0.245321
     C   14       -0.086259        0.053402        0.301818
     C   14        0.245321        0.301818       -0.414983

     H   15        0.665068        0.511460        0.471616
     H   15        0.511460       -0.272871        0.253583
     H   15        0.471616        0.253583       -0.392197

     C   16        0.187185       -0.099736        0.171077
     C   16       -0.099736        0.222197        0.371718
     C   16        0.171077        0.371718       -0.409382

     C   17        0.163038       -0.100724        0.321618
     C   17       -0.100724        0.179939        0.364920
     C   17        0.321618        0.364920       -0.342977

     Cl  18        0.089942       -0.190772        0.013768
     Cl  18       -0.190772        0.062255       -0.010218
     Cl  18        0.013768       -0.010218       -0.152197

     H   19       -0.504914       -0.192358        0.107204
     H   19       -0.192358        0.751288       -0.603334
     H   19        0.107204       -0.603334       -0.246374

     C   20        0.274443        0.154242        0.286607
     C   20        0.154242        0.133406       -0.248558
     C   20        0.286607       -0.248558       -0.407849

     H   21        0.696591       -0.272990        0.620033
     H   21       -0.272990       -0.424369       -0.200100
     H   21        0.620033       -0.200100       -0.272222

     C   22        0.158118        0.236483        0.199083
     C   22        0.236483        0.256408       -0.327067
     C   22        0.199083       -0.327067       -0.414526

     C   23        0.220909        0.099991        0.198779
     C   23        0.099991        0.208369       -0.354250
     C   23        0.198779       -0.354250       -0.429277

     Cl  24        0.138520        0.187850       -0.000373
     Cl  24        0.187850        0.012897       -0.002969
     Cl  24       -0.000373       -0.002969       -0.151417

     ----- GIPAW term -----
     Cl   1        1.385694       -1.749653        0.440589
     Cl   1       -1.749653       -0.261728        0.115846
     Cl   1        0.440589        0.115846       -1.123966

     C    2        0.096801       -0.105320       -0.136733
     C    2       -0.105320       -0.036176       -0.099903
     C    2       -0.136733       -0.099903       -0.060625

     C    3       -0.089497        0.059744       -0.090160
     C    3        0.059744       -0.006890       -0.163954
     C    3       -0.090160       -0.163954        0.096387

     H    4       -0.000000        0.000000        0.000000
     H    4        0.000000        0.000000        0.000000
     H    4        0.000000        0.000000        0.000000

     C    5       -0.114233        0.065321       -0.073796
     C    5        0.065321       -0.030756       -0.174947
     C    5       -0.073796       -0.174947        0.144989

     H    6       -0.000000        0.000000        0.000000
     H    6        0.000000        0.000000        0.000000
     H    6        0.000000        0.000000        0.000000

     H    7       -0.000000        0.000000        0.000000
     H    7        0.000000        0.000000        0.000000
     H    7        0.000000        0.000000        0.000000

     C    8       -0.133763       -0.030474       -0.068828
     C    8       -0.030474       -0.015320        0.220118
     C    8       -0.068828        0.220118        0.149083

     H    9       -0.000000        0.000000        0.000000
     H    9        0.000000        0.000000        0.000000
     H    9        0.000000        0.000000        0.000000

     C   10       -0.156191       -0.063775       -0.054072
     C   10       -0.063775        0.068745        0.186472
     C   10       -0.054072        0.186472        0.087446

     C   11        0.045516        0.053502       -0.165215
     C   11        0.053502       -0.031102        0.144210
     C   11       -0.165215        0.144210       -0.014414

     Cl  12       -0.124203        1.818777       -0.435378
     Cl  12        1.818777       -1.085176        0.366812
     Cl  12       -0.435378        0.366812        1.209379

     H   13       -0.000000        0.000000        0.000000
     H   13        0.000000        0.000000        0.000000
     H   13        0.000000        0.000000        0.000000

     C   14       -0.034659        0.119508       -0.177140
     C   14        0.119508       -0.093845       -0.150083
     C   14       -0.177140       -0.150083        0.128504

     H   15       -0.000000        0.000000        0.000000
     H   15        0.000000        0.000000        0.000000
     H   15        0.000000        0.000000        0.000000

     C   16        0.000519        0.098826       -0.221719
     C   16        0.098826       -0.068781       -0.144869
     C   16       -0.221719       -0.144869        0.068262

     C   17       -0.031488       -0.099778       -0.094337
     C   17       -0.099778       -0.027925       -0.175242
     C   17       -0.094337       -0.175242        0.059413

     Cl  18        1.183420       -2.089778        0.052988
     Cl  18       -2.089778        0.434489        0.445561
     Cl  18        0.052988        0.445561       -1.617910

     H   19       -0.000000        0.000000        0.000000
     H   19        0.000000        0.000000        0.000000
     H   19        0.000000        0.000000        0.000000

     C   20        0.009721       -0.137518       -0.165108
     C   20       -0.137518       -0.091985        0.139840
     C   20       -0.165108        0.139840        0.082264

     H   21       -0.000000        0.000000        0.000000
     H   21        0.000000        0.000000        0.000000
     H   21        0.000000        0.000000        0.000000

     C   22       -0.005969       -0.041177       -0.164919
     C   22       -0.041177       -0.063591        0.102184
     C   22       -0.164919        0.102184        0.069560

     C   23        0.089763        0.105733       -0.057044
     C   23        0.105733       -0.039433        0.067455
     C   23       -0.057044        0.067455       -0.050331

     Cl  24        1.714646        3.108712       -0.228068
     Cl  24        3.108712        0.330783       -0.011818
     Cl  24       -0.228068       -0.011818       -2.045428

     ----- total EFG -----
     Cl   1        1.492823       -1.856152        0.469771
     Cl   1       -1.856152       -0.306658        0.153725
     Cl   1        0.469771        0.153725       -1.186165

     C    2        0.234733       -0.229756       -0.423628
     C    2       -0.229756       -0.071044       -0.153186
     C    2       -0.423628       -0.153186       -0.163689

     C    3       -0.138428        0.139597       -0.170492
     C    3        0.139597       -0.046291       -0.291416
     C    3       -0.170492       -0.291416        0.184719

     H    4        0.325511        0.181592        0.170663
     H    4        0.181592       -0.060007        0.154485
     H    4        0.170663        0.154485       -0.265505

     C    5       -0.240637        0.149362       -0.119241
     C    5        0.149362       -0.037099       -0.299536
     C    5       -0.119241       -0.299536        0.277736

     H    6       -0.041182        0.019673        0.090994
     H    6        0.019673        0.446167        0.342198
     H    6        0.090994        0.342198       -0.404985

     H    7       -0.008126        0.051967        0.108385
     H    7        0.051967        0.263236       -0.590397
     H    7        0.108385       -0.590397       -0.255110

     C    8       -0.198142       -0.020745       -0.196328
     C    8       -0.020745        0.087218        0.492267
     C    8       -0.196328        0.492267        0.110924

     H    9        0.354970        0.092484        0.431540
     H    9        0.092484       -0.232878       -0.296103
     H    9        0.431540       -0.296103       -0.122093

     C   10       -0.289013       -0.228749       -0.063987
     C   10       -0.228749        0.236230        0.455825
     C   10       -0.063987        0.455825        0.052783

     C   11        0.185343        0.095379       -0.364195
     C   11        0.095379       -0.018652        0.430452
     C   11       -0.364195        0.430452       -0.166691

     Cl  12       -0.120130        1.964543       -0.446376
     Cl  12        1.964543       -1.209985        0.419386
     Cl  12       -0.446376        0.419386        1.330114

     H   13       -0.324571       -0.223271        0.239659
     H   13       -0.223271        0.190369        0.518782
     H   13        0.239659        0.518782        0.134202

     C   14        0.021480        0.365817       -0.313124
     C   14        0.365817       -0.225001       -0.200336
     C   14       -0.313124       -0.200336        0.203521

     H   15        0.294381       -0.010088        0.518792
     H   15       -0.010088       -0.198556        0.380503
     H   15        0.518792        0.380503       -0.095825

     C   16        0.057013        0.192943       -0.429234
     C   16        0.192943       -0.051879       -0.233797
     C   16       -0.429234       -0.233797       -0.005134

     C   17       -0.132179       -0.184567       -0.116841
     C   17       -0.184567        0.063519       -0.413504
     C   17       -0.116841       -0.413504        0.068660

     Cl  18        1.254816       -2.273323        0.075464
     Cl  18       -2.273323        0.534784        0.492648
     Cl  18        0.075464        0.492648       -1.789600

     H   19       -0.323567        0.245097        0.224623
     H   19        0.245097        0.223364       -0.466416
     H   19        0.224623       -0.466416        0.100203

     C   20        0.027990       -0.361549       -0.245136
     C   20       -0.361549       -0.162075        0.263918
     C   20       -0.245136        0.263918        0.134085

     H   21        0.032876       -0.045864        0.461472
     H   21       -0.045864       -0.036622       -0.058057
     H   21        0.461472       -0.058057        0.003747

     C   22        0.004834       -0.006127       -0.337475
     C   22       -0.006127       -0.046163        0.281811
     C   22       -0.337475        0.281811        0.041329

     C   23        0.128409       -0.000777       -0.146413
     C   23       -0.000777        0.002477        0.173037
     C   23       -0.146413        0.173037       -0.130886

     Cl  24        1.914375        3.444841       -0.260348
     Cl  24        3.444841        0.375229       -0.019994
     Cl  24       -0.260348       -0.019994       -2.289604

     ----- total EFG (symmetrized) -----
     Cl   1        1.492823       -1.856152        0.469771
     Cl   1       -1.856152       -0.306658        0.153725
     Cl   1        0.469771        0.153725       -1.186165

     C    2        0.234733       -0.229756       -0.423628
     C    2       -0.229756       -0.071044       -0.153186
     C    2       -0.423628       -0.153186       -0.163689

     C    3       -0.138428        0.139597       -0.170492
     C    3        0.139597       -0.046291       -0.291416
     C    3       -0.170492       -0.291416        0.184719

     H    4        0.325511        0.181592        0.170663
     H    4        0.181592       -0.060007        0.154485
     H    4        0.170663        0.154485       -0.265505

     C    5       -0.240637        0.149362       -0.119241
     C    5        0.149362       -0.037099       -0.299536
     C    5       -0.119241       -0.299536        0.277736

     H    6       -0.041182        0.019673        0.090994
     H    6        0.019673        0.446167        0.342198
     H    6        0.090994        0.342198       -0.404985

     H    7       -0.008126        0.051967        0.108385
     H    7        0.051967        0.263236       -0.590397
     H    7        0.108385       -0.590397       -0.255110

     C    8       -0.198142       -0.020745       -0.196328
     C    8       -0.020745        0.087218        0.492267
     C    8       -0.196328        0.492267        0.110924

     H    9        0.354970        0.092484        0.431540
     H    9        0.092484       -0.232878       -0.296103
     H    9        0.431540       -0.296103       -0.122093

     C   10       -0.289013       -0.228749       -0.063987
     C   10       -0.228749        0.236230        0.455825
     C   10       -0.063987        0.455825        0.052783

     C   11        0.185343        0.095379       -0.364195
     C   11        0.095379       -0.018652        0.430452
     C   11       -0.364195        0.430452       -0.166691

     Cl  12       -0.120130        1.964543       -0.446376
     Cl  12        1.964543       -1.209985        0.419386
     Cl  12       -0.446376        0.419386        1.330114

     H   13       -0.324571       -0.223271        0.239659
     H   13       -0.223271        0.190369        0.518782
     H   13        0.239659        0.518782        0.134202

     C   14        0.021480        0.365817       -0.313124
     C   14        0.365817       -0.225001       -0.200336
     C   14       -0.313124       -0.200336        0.203521

     H   15        0.294381       -0.010088        0.518792
     H   15       -0.010088       -0.198556        0.380503
     H   15        0.518792        0.380503       -0.095825

     C   16        0.057013        0.192943       -0.429234
     C   16        0.192943       -0.051879       -0.233797
     C   16       -0.429234       -0.233797       -0.005134

     C   17       -0.132179       -0.184567       -0.116841
     C   17       -0.184567        0.063519       -0.413504
     C   17       -0.116841       -0.413504        0.068660

     Cl  18        1.254816       -2.273323        0.075464
     Cl  18       -2.273323        0.534784        0.492648
     Cl  18        0.075464        0.492648       -1.789600

     H   19       -0.323567        0.245097        0.224623
     H   19        0.245097        0.223364       -0.466416
     H   19        0.224623       -0.466416        0.100203

     C   20        0.027990       -0.361549       -0.245136
     C   20       -0.361549       -0.162075        0.263918
     C   20       -0.245136        0.263918        0.134085

     H   21        0.032876       -0.045864        0.461472
     H   21       -0.045864       -0.036622       -0.058057
     H   21        0.461472       -0.058057        0.003747

     C   22        0.004834       -0.006127       -0.337475
     C   22       -0.006127       -0.046163        0.281811
     C   22       -0.337475        0.281811        0.041329

     C   23        0.128409       -0.000777       -0.146413
     C   23       -0.000777        0.002477        0.173037
     C   23       -0.146413        0.173037       -0.130886

     Cl  24        1.914375        3.444841       -0.260348
     Cl  24        3.444841        0.375229       -0.019994
     Cl  24       -0.260348       -0.019994       -2.289604


     NQR/NMR SPECTROSCOPIC PARAMETERS:
     Cl   1    Vxx=   -0.9412    axis=(  0.248630  0.531048  0.810044)
     Cl   1    Vyy=   -1.7407    axis=( -0.467146 -0.666870  0.580568)
     Cl   1    Vzz=    2.6819    axis=(  0.848503 -0.522756  0.082273)
     Cl   1  Q=        -8.1650 1e-30 m^2  Cq=       -51.4515 MHz  eta= 0.29812

     C    2    Vxx=    0.0376    axis=( -0.073310  0.861984 -0.501607)
     C    2    Vyy=    0.5272    axis=(  0.853946 -0.205556 -0.478042)
     C    2    Vzz=   -0.5648    axis=(  0.515172  0.463391  0.721018)
     C    2  Q=         1.0000 1e-30 m^2  Cq=        -1.3271 MHz  eta= 0.86673

     C    3    Vxx=   -0.2089    axis=(  0.831268  0.209268  0.514977)
     C    3    Vyy=   -0.2540    axis=( -0.437326  0.818079  0.373487)
     C    3    Vzz=    0.4629    axis=( -0.343133 -0.535680  0.771561)
     C    3  Q=         1.0000 1e-30 m^2  Cq=         1.0876 MHz  eta= 0.09734

     H    4    Vxx=   -0.1062    axis=(  0.468707 -0.829876 -0.302687)
     H    4    Vyy=   -0.3562    axis=(  0.120987  0.399736 -0.908611)
     H    4    Vzz=    0.4624    axis=(  0.875029  0.389251  0.287763)
     H    4  Q=         1.0000 1e-30 m^2  Cq=         1.0865 MHz  eta= 0.54058

     C    5    Vxx=   -0.1790    axis=(  0.503377  0.656397  0.561920)
     C    5    Vyy=   -0.3233    axis=( -0.831110  0.545704  0.107067)
     C    5    Vzz=    0.5023    axis=( -0.236364 -0.520913  0.820233)
     C    5  Q=         1.0000 1e-30 m^2  Cq=         1.1803 MHz  eta= 0.28740

     H    6    Vxx=   -0.0324    axis=(  0.984141 -0.128155  0.122650)
     H    6    Vyy=   -0.5382    axis=(  0.158208  0.321399 -0.933634)
     H    6    Vzz=    0.5706    axis=(  0.080230  0.938232  0.336577)
     H    6  Q=         1.0000 1e-30 m^2  Cq=         1.3407 MHz  eta= 0.88642

     H    7    Vxx=    0.0132    axis=(  0.983506  0.118419  0.136720)
     H    7    Vyy=    0.6492    axis=(  0.024374 -0.835762  0.548550)
     H    7    Vzz=   -0.6624    axis=(  0.179224 -0.536170 -0.824864)
     H    7  Q=         1.0000 1e-30 m^2  Cq=        -1.5564 MHz  eta= 0.96015

     C    8    Vxx=   -0.1645    axis=( -0.867848 -0.456214  0.196746)
     C    8    Vyy=   -0.4568    axis=(  0.459453 -0.586257  0.667237)
     C    8    Vzz=    0.6213    axis=( -0.189059  0.669456  0.718391)
     C    8  Q=         1.0000 1e-30 m^2  Cq=         1.4599 MHz  eta= 0.47036

     H    9    Vxx=    0.0007    axis=(  0.394046  0.777486 -0.490145)
     H    9    Vyy=    0.6161    axis=( -0.842862  0.093039 -0.530026)
     H    9    Vzz=   -0.6168    axis=( -0.366485  0.621980  0.691975)
     H    9  Q=         1.0000 1e-30 m^2  Cq=        -1.4492 MHz  eta= 0.99784

     C   10    Vxx=   -0.2365    axis=( -0.651244  0.339356 -0.678762)
     C   10    Vyy=   -0.4233    axis=( -0.724591 -0.543857  0.423306)
     C   10    Vzz=    0.6598    axis=( -0.225498  0.767501  0.600078)
     C   10  Q=         1.0000 1e-30 m^2  Cq=         1.5503 MHz  eta= 0.28313

     C   11    Vxx=    0.1840    axis=( -0.667062 -0.720071 -0.191119)
     C   11    Vyy=    0.4850    axis=(  0.641434 -0.424626 -0.638949)
     C   11    Vzz=   -0.6689    axis=(  0.378934 -0.548809  0.745129)
     C   11  Q=         1.0000 1e-30 m^2  Cq=        -1.5717 MHz  eta= 0.45001

     Cl  12    Vxx=    1.2933    axis=( -0.564706 -0.546748 -0.618202)
     Cl  12    Vyy=    1.4991    axis=( -0.564879 -0.290046  0.772519)
     Cl  12    Vzz=   -2.7923    axis=( -0.601680  0.785455 -0.145056)
     Cl  12  Q=        -8.1650 1e-30 m^2  Cq=        53.5694 MHz  eta= 0.07369

     H   13    Vxx=   -0.0130    axis=(  0.724503 -0.476098  0.498423)
     H   13    Vyy=   -0.6689    axis=( -0.689265 -0.497254  0.526928)
     H   13    Vzz=    0.6818    axis=( -0.003026 -0.725307 -0.688419)
     H   13  Q=         1.0000 1e-30 m^2  Cq=         1.6020 MHz  eta= 0.96194

     C   14    Vxx=   -0.1289    axis=(  0.518216  0.423174  0.743220)
     C   14    Vyy=   -0.4886    axis=( -0.598020  0.800540 -0.038836)
     C   14    Vzz=    0.6174    axis=( -0.611412 -0.424335  0.667919)
     C   14  Q=         1.0000 1e-30 m^2  Cq=         1.4507 MHz  eta= 0.58255

     H   15    Vxx=   -0.0259    axis=(  0.525991 -0.779632 -0.339863)
     H   15    Vyy=   -0.6807    axis=(  0.388662  0.575785 -0.719315)
     H   15    Vzz=    0.7066    axis=(  0.756489  0.246261  0.605871)
     H   15  Q=         1.0000 1e-30 m^2  Cq=         1.6602 MHz  eta= 0.92675

     C   16    Vxx=   -0.1854    axis=(  0.416928 -0.893610 -0.166229)
     C   16    Vyy=   -0.4106    axis=(  0.632860  0.154125  0.758771)
     C   16    Vzz=    0.5960    axis=(  0.652426  0.421553 -0.629789)
     C   16  Q=         1.0000 1e-30 m^2  Cq=         1.4004 MHz  eta= 0.37791

     C   17    Vxx=   -0.0042    axis=(  0.846439 -0.314880 -0.429408)
     C   17    Vyy=   -0.4793    axis=(  0.525840  0.621296  0.580934)
     C   17    Vzz=    0.4836    axis=(  0.083865 -0.717525  0.691465)
     C   17  Q=         1.0000 1e-30 m^2  Cq=         1.1362 MHz  eta= 0.98245

     Cl  18    Vxx=   -1.1380    axis=(  0.572729  0.620613  0.535556)
     Cl  18    Vyy=   -2.0723    axis=( -0.316504 -0.435246  0.842844)
     Cl  18    Vzz=    3.2104    axis=( -0.756179  0.652227  0.052851)
     Cl  18  Q=        -8.1650 1e-30 m^2  Cq=       -61.5889 MHz  eta= 0.29104

     H   19    Vxx=    0.0134    axis=( -0.697371 -0.440993 -0.564978)
     H   19    Vyy=    0.6338    axis=(  0.043010  0.761122 -0.647181)
     H   19    Vzz=   -0.6472    axis=(  0.715419 -0.475625 -0.511817)
     H   19  Q=         1.0000 1e-30 m^2  Cq=        -1.5207 MHz  eta= 0.95858

     C   20    Vxx=   -0.1381    axis=(  0.580879 -0.256910  0.772384)
     C   20    Vyy=   -0.4493    axis=(  0.550884  0.822641 -0.140672)
     C   20    Vzz=    0.5874    axis=( -0.599254  0.507207  0.619383)
     C   20  Q=         1.0000 1e-30 m^2  Cq=         1.3801 MHz  eta= 0.52992

     H   21    Vxx=   -0.0466    axis=( -0.116014 -0.990146 -0.078429)
     H   21    Vyy=   -0.4436    axis=( -0.694267  0.024370  0.719305)
     H   21    Vzz=    0.4902    axis=(  0.710306 -0.137900  0.690253)
     H   21  Q=         1.0000 1e-30 m^2  Cq=         1.1518 MHz  eta= 0.80990

     C   22    Vxx=   -0.0310    axis=(  0.646908  0.760587  0.054927)
     C   22    Vyy=   -0.4256    axis=( -0.529889  0.500151 -0.684885)
     C   22    Vzz=    0.4566    axis=( -0.548386  0.413953  0.726578)
     C   22  Q=         1.0000 1e-30 m^2  Cq=         1.0728 MHz  eta= 0.86411

     C   23    Vxx=    0.0604    axis=(  0.573947  0.775723  0.262373)
     C   23    Vyy=    0.2256    axis=( -0.766123  0.395498  0.506594)
     C   23    Vzz=   -0.2861    axis=(  0.289208 -0.491768  0.821293)
     C   23  Q=         1.0000 1e-30 m^2  Cq=        -0.6721 MHz  eta= 0.57750

     Cl  24    Vxx=   -2.1870    axis=( -0.353257  0.481211  0.802275)
     Cl  24    Vyy=   -2.4943    axis=(  0.515899 -0.615184  0.596152)
     Cl  24    Vzz=    4.6812    axis=( -0.780422 -0.624488  0.030938)
     Cl  24  Q=        -8.1650 1e-30 m^2  Cq=       -89.8071 MHz  eta= 0.06565

     Initialization:
     gipaw_setup  :      9.04s CPU     11.31s WALL (       1 calls)

     Linear response

     Apply operators

     Induced current

     Other routines
     efg          :      9.98s CPU     13.39s WALL (       1 calls)

     General routines
     calbec       :      3.76s CPU      5.11s WALL (      16 calls)
     fft          :      1.77s CPU      2.76s WALL (      15 calls)
     ffts         :      0.04s CPU      0.04s WALL (       2 calls)
     fftw         :      3.43s CPU      4.66s WALL (     672 calls)
     davcio       :      0.02s CPU      0.36s WALL (      32 calls)

     Parallel routines
     fft_scatter  :      2.58s CPU      4.64s WALL (     689 calls)

     Plugins

     GIPAW        :     62.92s CPU     79.81s WALL (       1 calls)
