
     Program QE v.6.0 (svn rev. 13079) starts on 12Jan2017 at 18:40:25 

     This program is part of the open-source Quantum ESPRESSO suite
     for quantum simulation of materials; please cite
         "P. Giannozzi et al., J. Phys.:Condens. Matter 21 395502 (2009);
          URL http://www.quantum-espresso.org", 
     in publications or presentations arising from this work. More details at
     http://www.quantum-espresso.org/quote

     Parallel version (MPI), running on     8 processors
     R & G space division:  proc/nbgrp/npool/nimage =       8

     ***** This is GIPAW svn revision unknown      *****

     Parallelizing q-star over 1 images

     Reading data from directory:
     /users/majewski/paradichlorobenzene/pbe/9_constraint/scratch/pbe.ecut100.np8.dt60.pcl2phi-129368.save
     Message from routine read_xml_file:
     file /users/majewski/paradichlorobenzene/pbe/9_constraint/scratch/pbe.ecut100.np8.dt60.pcl2phi-129368.save not guaranteed to be safe for post-processing

   Info: using nr1, nr2, nr3 values from input

   Info: using nr1, nr2, nr3 values from input

     IMPORTANT: XC functional enforced from input :
     Exchange-correlation      =  SLA  PW   PBX  PBC ( 1  4  3  4 0 0)
     Any further DFT definition will be discarded
     Please, verify this is what you really want

               file C.pbe-n-kjpaw_psl.1.0.0.UPF: wavefunction(s)  2S 2P renormalized
               file Cl.pbe-n-kjpaw_psl.1.0.0.UPF: wavefunction(s)  3S 3P renormalized
               file H.pbe-kjpaw_psl.1.0.0.UPF: wavefunction(s)  1S renormalized

     Parallelization info
     --------------------
     sticks:   dense  smooth     PW     G-vecs:    dense   smooth      PW
     Min        3057    1223    332               144436    36536    5170
     Max        3059    1225    333               144437    36537    5171
     Sum       24467    9791   2657              1155489   292295   41363


     Subspace diagonalization in iterative solution of the eigenvalue problem:
     a serial algorithm will be used

     GIPAW projectors -----------------------------------------------
     atom=  C    l=0  rc=    1.2000  rs=    0.8000
     atom=  C    l=0  rc=    1.2000  rs=    0.8000
     atom=  C    l=1  rc=    1.4000  rs=    0.9333
     atom=  C    l=1  rc=    1.4000  rs=    0.9333
     projs nearly linearly dependent: l=1  n1,n2= 1, 2  s=  0.99951561

     atom=  Cl   l=0  rc=    1.6000  rs=    1.0667
     atom=  Cl   l=0  rc=    1.6000  rs=    1.0667
     atom=  Cl   l=1  rc=    1.6000  rs=    1.0667
     atom=  Cl   l=1  rc=    1.6000  rs=    1.0667
     atom=  Cl   l=2  rc=    1.6000  rs=    1.0667
     atom=  Cl   l=2  rc=    1.6000  rs=    1.0667
     projs nearly linearly dependent: l=2  n1,n2= 1, 2  s=  0.99993509

     atom=  H    l=0  rc=    1.0000  rs=    0.6667
     atom=  H    l=0  rc=    1.0000  rs=    0.6667
     projs nearly linearly dependent: l=0  n1,n2= 1, 2  s=  0.99968852
     -----------------------------------------------------------------

     GIPAW integrals: -------------------------------------------
     Atom  i/j   nmr_para   nmr_dia   epr_rmc  epr_para   epr_dia
       C   1 1   0.83E+03  0.17E-01  0.93E+01  0.24E+08  0.24E+03
       C   2 1   0.86E+03 -0.61E-01  0.94E+01  0.25E+08  0.25E+03
       C   2 2   0.90E+03 -0.15E+00  0.97E+01  0.26E+08  0.26E+03
       C   3 3   0.33E+01  0.34E+00  0.18E+01  0.55E+03  0.21E+02
       C   4 3   0.35E+01  0.37E+00  0.20E+01  0.59E+03  0.22E+02
       C   4 4   0.38E+01  0.39E+00  0.22E+01  0.63E+03  0.24E+02
       Cl  1 1   0.14E+04 -0.47E+00  0.84E+01  0.32E+09  0.42E+03
       Cl  2 1   0.21E+04 -0.37E+00  0.12E+02  0.49E+09  0.65E+03
       Cl  2 2   0.33E+04 -0.16E+00  0.21E+02  0.76E+09  0.10E+04
       Cl  3 3   0.21E+02  0.79E-01  0.89E+01  0.23E+05  0.13E+03
       Cl  4 3   0.24E+02  0.67E-01  0.99E+01  0.27E+05  0.15E+03
       Cl  4 4   0.28E+02  0.44E-01  0.11E+02  0.32E+05  0.18E+03
       Cl  5 5   0.77E+00  0.19E+00  0.18E+01  0.12E+03  0.22E+02
       Cl  6 5   0.80E+00  0.19E+00  0.19E+01  0.12E+03  0.23E+02
       Cl  6 6   0.83E+00  0.20E+00  0.19E+01  0.12E+03  0.23E+02
       H   1 1   0.39E+02  0.19E+00  0.29E+00  0.78E+05  0.13E+02
       H   2 1   0.41E+02  0.21E+00  0.32E+00  0.82E+05  0.14E+02
       H   2 2   0.43E+02  0.22E+00  0.36E+00  0.86E+05  0.15E+02
     ------------------------------------------------------------

     alpha_pv=     34.4409 eV

     Number of occupied bands for each k-point:
     k-point:     1    nbnd_occ=  42
     k-point:     2    nbnd_occ=  42
     k-point:     3    nbnd_occ=  42
     k-point:     4    nbnd_occ=  42
     k-point:     5    nbnd_occ=  42
     k-point:     6    nbnd_occ=  42
     k-point:     7    nbnd_occ=  42
     k-point:     8    nbnd_occ=  42
     k-point:     9    nbnd_occ=  42
     k-point:    10    nbnd_occ=  42
     k-point:    11    nbnd_occ=  42
     k-point:    12    nbnd_occ=  42
     k-point:    13    nbnd_occ=  42
     k-point:    14    nbnd_occ=  42
     k-point:    15    nbnd_occ=  42
     k-point:    16    nbnd_occ=  42


     q-space interpolation up to   110.00 Rydberg

     GIPAW job: efg                                                                             


     ELECTRIC FIELD GRADIENTS TENSORS IN Hartree/bohrradius^2:

     ----- bare term -----
     Cl   1        0.060894        0.043154       -0.181821
     Cl   1        0.043154        0.158746       -0.025112
     Cl   1       -0.181821       -0.025112       -0.219640

     C    2       -0.085312        0.328859       -0.100753
     C    2        0.328859       -0.316266       -0.262917
     C    2       -0.100753       -0.262917        0.401578

     C    3       -0.056221        0.399041       -0.239361
     C    3        0.399041       -0.228077       -0.351973
     C    3       -0.239361       -0.351973        0.284298

     H    4        0.039614       -0.038132       -0.178533
     H    4       -0.038132        0.447070       -0.343650
     H    4       -0.178533       -0.343650       -0.486684

     C    5       -0.489036        0.282165       -0.495940
     C    5        0.282165        0.344369       -0.100075
     C    5       -0.495940       -0.100075        0.144667

     H    6       -0.265744        0.157040       -0.003990
     H    6        0.157040       -0.072014       -0.487486
     H    6       -0.003990       -0.487486        0.337758

     H    7        0.400399        0.305156       -0.017220
     H    7        0.305156       -0.761478        0.212717
     H    7       -0.017220        0.212717        0.361079

     C    8       -0.058640       -0.301257       -0.089401
     C    8       -0.301257       -0.083465        0.421236
     C    8       -0.089401        0.421236        0.142105

     H    9       -0.307852        0.425893        0.119690
     H    9        0.425893        0.040678       -0.138344
     H    9        0.119690       -0.138344        0.267174

     C   10       -0.378204       -0.142646       -0.087414
     C   10       -0.142646        0.047677        0.027588
     C   10       -0.087414        0.027588        0.330527

     C   11        0.054741        0.002280       -0.185233
     C   11        0.002280        0.001592        0.580513
     C   11       -0.185233        0.580513       -0.056333

     Cl  12        0.067707       -0.196642        0.052603
     Cl  12       -0.196642       -0.023374       -0.310523
     Cl  12        0.052603       -0.310523       -0.044333

     H   13        0.184460        0.198594       -0.137124
     H   13        0.198594       -0.496907        0.030159
     H   13       -0.137124        0.030159        0.312447

     C   14       -0.033113       -0.217445       -0.398800
     C   14       -0.217445       -0.176388       -0.230224
     C   14       -0.398800       -0.230224        0.209501

     H   15        0.037132       -0.167254       -0.268661
     H   15       -0.167254       -0.332883       -0.338892
     H   15       -0.268661       -0.338892        0.295751

     C   16       -0.541771        0.300967       -0.091300
     C   16        0.300967       -0.118606       -0.059027
     C   16       -0.091300       -0.059027        0.660377

     C   17        0.252973        0.123030       -0.034579
     C   17        0.123030       -0.372497       -0.620108
     C   17       -0.034579       -0.620108        0.119524

     Cl  18        0.301636        0.208772       -0.101924
     Cl  18        0.208772        0.131720       -0.549733
     Cl  18       -0.101924       -0.549733       -0.433355

     H   19        0.288102        0.144767        0.062802
     H   19        0.144767       -0.527060        0.507339
     H   19        0.062802        0.507339        0.238958

     C   20       -0.902965       -0.364866       -0.428214
     C   20       -0.364866        0.460667        0.025659
     C   20       -0.428214        0.025659        0.442298

     H   21       -0.542884        0.152490        0.146550
     H   21        0.152490        0.412220        0.225870
     H   21        0.146550        0.225870        0.130664

     C   22        0.057466       -0.161904       -0.108396
     C   22       -0.161904       -0.475169        0.398076
     C   22       -0.108396        0.398076        0.417703

     C   23       -0.763818       -0.338904       -0.339843
     C   23       -0.338904        0.292972        0.012865
     C   23       -0.339843        0.012865        0.470845

     Cl  24        0.019162       -0.025039        0.055130
     Cl  24       -0.025039        0.054758        0.032675
     Cl  24        0.055130        0.032675       -0.073920

     ----- ionic term -----
     Cl   1        0.252282       -0.229496        0.055221
     Cl   1       -0.229496       -0.097972       -0.017741
     Cl   1        0.055221       -0.017741       -0.154310

     C    2        0.223933       -0.224453        0.288681
     C    2       -0.224453        0.113085        0.403771
     C    2        0.288681        0.403771       -0.337017

     C    3        0.100022       -0.273355        0.242181
     C    3       -0.273355        0.213169        0.360753
     C    3        0.242181        0.360753       -0.313191

     H    4        0.167590        0.429877        0.663306
     H    4        0.429877       -0.189161        0.467688
     H    4        0.663306        0.467688        0.021571

     C    5        0.229110       -0.196463        0.366153
     C    5       -0.196463        0.061842        0.257734
     C    5        0.366153        0.257734       -0.290952

     H    6       -0.503921       -0.198663       -0.056589
     H    6       -0.198663        0.808331        0.560530
     H    6       -0.056589        0.560530       -0.304410

     H    7       -0.529451       -0.086719        0.034982
     H    7       -0.086719        0.762496       -0.665608
     H    7        0.034982       -0.665608       -0.233045

     C    8        0.384158        0.135487        0.090511
     C    8        0.135487        0.035315       -0.338903
     C    8        0.090511       -0.338903       -0.419473

     H    9        0.900028       -0.404388        0.283230
     H    9       -0.404388       -0.443576       -0.156852
     H    9        0.283230       -0.156852       -0.456452

     C   10        0.301852        0.155287        0.009897
     C   10        0.155287        0.109701       -0.391373
     C   10        0.009897       -0.391373       -0.411554

     C   11        0.288631        0.052775        0.096609
     C   11        0.052775        0.130246       -0.419174
     C   11        0.096609       -0.419174       -0.418877

     Cl  12        0.104701        0.194924       -0.060618
     Cl  12        0.194924        0.033923       -0.040181
     Cl  12       -0.060618       -0.040181       -0.138624

     H   13       -0.487758       -0.155111       -0.061034
     H   13       -0.155111        0.795556        0.591282
     H   13       -0.061034        0.591282       -0.307798

     C   14        0.295871       -0.187353        0.357782
     C   14       -0.187353        0.043048        0.273828
     C   14        0.357782        0.273828       -0.338920

     H   15        0.407703        0.321526        0.729439
     H   15        0.321526       -0.343559        0.312617
     H   15        0.729439        0.312617       -0.064144

     C   16        0.226381       -0.302664        0.284967
     C   16       -0.302664        0.151329        0.266834
     C   16        0.284967        0.266834       -0.377710

     C   17        0.082692       -0.204285        0.398664
     C   17       -0.204285        0.189617        0.274986
     C   17        0.398664        0.274986       -0.272309

     Cl  18        0.118409       -0.184722        0.129216
     Cl  18       -0.184722        0.007298       -0.079580
     Cl  18        0.129216       -0.079580       -0.125707

     H   19       -0.480682       -0.236750        0.090365
     H   19       -0.236750        0.852011       -0.549488
     H   19        0.090365       -0.549488       -0.371330

     C   20        0.385006        0.080166        0.113905
     C   20        0.080166        0.109850       -0.301792
     C   20        0.113905       -0.301792       -0.494856

     H   21        0.786379       -0.472156        0.367722
     H   21       -0.472156       -0.327686       -0.215863
     H   21        0.367722       -0.215863       -0.458694

     C   22        0.207234        0.173405        0.044988
     C   22        0.173405        0.217771       -0.424784
     C   22        0.044988       -0.424784       -0.425005

     C   23        0.281010        0.080861        0.110640
     C   23        0.080861        0.105591       -0.435241
     C   23        0.110640       -0.435241       -0.386601

     Cl  24        0.164009        0.211119       -0.058499
     Cl  24        0.211119       -0.036799       -0.030569
     Cl  24       -0.058499       -0.030569       -0.127210

     ----- GIPAW term -----
     Cl   1       -0.208714       -0.874234        0.858142
     Cl   1       -0.874234       -0.943180        0.471834
     Cl   1        0.858142        0.471834        1.151894

     C    2       -0.056732       -0.019826        0.021517
     C    2       -0.019826       -0.073786       -0.093924
     C    2        0.021517       -0.093924        0.130518

     C    3       -0.017457        0.108424       -0.164373
     C    3        0.108424       -0.082264       -0.121601
     C    3       -0.164373       -0.121601        0.099722

     H    4       -0.000000        0.000000        0.000000
     H    4        0.000000        0.000000        0.000000
     H    4        0.000000        0.000000        0.000000

     C    5        0.036797        0.188262       -0.028378
     C    5        0.188262        0.076497        0.034871
     C    5       -0.028378        0.034871       -0.113294

     H    6       -0.000000        0.000000        0.000000
     H    6        0.000000        0.000000        0.000000
     H    6        0.000000        0.000000        0.000000

     H    7       -0.000000        0.000000        0.000000
     H    7        0.000000        0.000000        0.000000
     H    7        0.000000        0.000000        0.000000

     C    8       -0.057315       -0.170411        0.018736
     C    8       -0.170411        0.194567        0.049429
     C    8        0.018736        0.049429       -0.137252

     H    9       -0.000000        0.000000        0.000000
     H    9        0.000000        0.000000        0.000000
     H    9        0.000000        0.000000        0.000000

     C   10       -0.067780       -0.036619       -0.026143
     C   10       -0.036619        0.080780        0.030425
     C   10       -0.026143        0.030425       -0.013000

     C   11       -0.032451       -0.005891       -0.041273
     C   11       -0.005891        0.147698        0.132268
     C   11       -0.041273        0.132268       -0.115247

     Cl  12       -0.544727        0.107800       -0.387752
     Cl  12        0.107800       -0.017103        1.162320
     Cl  12       -0.387752        1.162320        0.561830

     H   13       -0.000000        0.000000        0.000000
     H   13        0.000000        0.000000        0.000000
     H   13        0.000000        0.000000        0.000000

     C   14        0.014386       -0.059511       -0.001999
     C   14       -0.059511       -0.001433       -0.049772
     C   14       -0.001999       -0.049772       -0.012953

     H   15       -0.000000        0.000000        0.000000
     H   15        0.000000        0.000000        0.000000
     H   15        0.000000        0.000000        0.000000

     C   16       -0.024190       -0.063315        0.002139
     C   16       -0.063315        0.004672        0.010113
     C   16        0.002139        0.010113        0.019518

     C   17       -0.018632        0.025498        0.041577
     C   17        0.025498        0.106398        0.073099
     C   17        0.041577        0.073099       -0.087766

     Cl  18        0.426461        0.007306        0.167102
     Cl  18        0.007306        0.002982       -0.579889
     Cl  18        0.167102       -0.579889       -0.429443

     H   19       -0.000000        0.000000        0.000000
     H   19        0.000000        0.000000        0.000000
     H   19        0.000000        0.000000        0.000000

     C   20       -0.250893       -0.023026       -0.058279
     C   20       -0.023026        0.275316       -0.146115
     C   20       -0.058279       -0.146115       -0.024423

     H   21       -0.000000        0.000000        0.000000
     H   21        0.000000        0.000000        0.000000
     H   21        0.000000        0.000000        0.000000

     C   22       -0.115714        0.004923       -0.006233
     C   22        0.004923        0.007677       -0.189377
     C   22       -0.006233       -0.189377        0.108037

     C   23       -0.179630       -0.022245        0.003269
     C   23       -0.022245        0.150309       -0.207966
     C   23        0.003269       -0.207966        0.029321

     Cl  24       -0.589625        1.332095       -0.447855
     Cl  24        1.332095       -1.295130       -0.398667
     Cl  24       -0.447855       -0.398667        1.884755

     ----- total EFG -----
     Cl   1        0.104462       -1.060576        0.731542
     Cl   1       -1.060576       -0.882406        0.428980
     Cl   1        0.731542        0.428980        0.777945

     C    2        0.081888        0.084581        0.209445
     C    2        0.084581       -0.276967        0.046929
     C    2        0.209445        0.046929        0.195079

     C    3        0.026343        0.234110       -0.161554
     C    3        0.234110       -0.097172       -0.112821
     C    3       -0.161554       -0.112821        0.070829

     H    4        0.207204        0.391745        0.484773
     H    4        0.391745        0.257909        0.124038
     H    4        0.484773        0.124038       -0.465113

     C    5       -0.223129        0.273964       -0.158165
     C    5        0.273964        0.482708        0.192530
     C    5       -0.158165        0.192530       -0.259578

     H    6       -0.769665       -0.041623       -0.060579
     H    6       -0.041623        0.736318        0.073045
     H    6       -0.060579        0.073045        0.033348

     H    7       -0.129052        0.218437        0.017762
     H    7        0.218437        0.001018       -0.452891
     H    7        0.017762       -0.452891        0.128034

     C    8        0.268204       -0.336181        0.019846
     C    8       -0.336181        0.146416        0.131763
     C    8        0.019846        0.131763       -0.414620

     H    9        0.592176        0.021505        0.402920
     H    9        0.021505       -0.402898       -0.295196
     H    9        0.402920       -0.295196       -0.189277

     C   10       -0.144132       -0.023978       -0.103659
     C   10       -0.023978        0.238159       -0.333360
     C   10       -0.103659       -0.333360       -0.094026

     C   11        0.310921        0.049164       -0.129898
     C   11        0.049164        0.279535        0.293606
     C   11       -0.129898        0.293606       -0.590457

     Cl  12       -0.372319        0.106082       -0.395767
     Cl  12        0.106082       -0.006554        0.811616
     Cl  12       -0.395767        0.811616        0.378873

     H   13       -0.303298        0.043484       -0.198158
     H   13        0.043484        0.298650        0.621441
     H   13       -0.198158        0.621441        0.004649

     C   14        0.277144       -0.464309       -0.043017
     C   14       -0.464309       -0.134773       -0.006168
     C   14       -0.043017       -0.006168       -0.142372

     H   15        0.444835        0.154272        0.460778
     H   15        0.154272       -0.676442       -0.026275
     H   15        0.460778       -0.026275        0.231607

     C   16       -0.339580       -0.065011        0.195807
     C   16       -0.065011        0.037395        0.217920
     C   16        0.195807        0.217920        0.302184

     C   17        0.317033       -0.055757        0.405662
     C   17       -0.055757       -0.076482       -0.272023
     C   17        0.405662       -0.272023       -0.240551

     Cl  18        0.846505        0.031355        0.194395
     Cl  18        0.031355        0.142000       -1.209203
     Cl  18        0.194395       -1.209203       -0.988506

     H   19       -0.192580       -0.091983        0.153168
     H   19       -0.091983        0.324951       -0.042149
     H   19        0.153168       -0.042149       -0.132372

     C   20       -0.768852       -0.307725       -0.372587
     C   20       -0.307725        0.845833       -0.422248
     C   20       -0.372587       -0.422248       -0.076981

     H   21        0.243495       -0.319666        0.514272
     H   21       -0.319666        0.084535        0.010008
     H   21        0.514272        0.010008       -0.328030

     C   22        0.148986        0.016424       -0.069641
     C   22        0.016424       -0.249721       -0.216086
     C   22       -0.069641       -0.216086        0.100734

     C   23       -0.662438       -0.280289       -0.225933
     C   23       -0.280289        0.548872       -0.630341
     C   23       -0.225933       -0.630341        0.113566

     Cl  24       -0.406453        1.518174       -0.451223
     Cl  24        1.518174       -1.277171       -0.396562
     Cl  24       -0.451223       -0.396562        1.683624

     ----- total EFG (symmetrized) -----
     Cl   1        0.104462       -1.060576        0.731542
     Cl   1       -1.060576       -0.882406        0.428980
     Cl   1        0.731542        0.428980        0.777945

     C    2        0.081888        0.084581        0.209445
     C    2        0.084581       -0.276967        0.046929
     C    2        0.209445        0.046929        0.195079

     C    3        0.026343        0.234110       -0.161554
     C    3        0.234110       -0.097172       -0.112821
     C    3       -0.161554       -0.112821        0.070829

     H    4        0.207204        0.391745        0.484773
     H    4        0.391745        0.257909        0.124038
     H    4        0.484773        0.124038       -0.465113

     C    5       -0.223129        0.273964       -0.158165
     C    5        0.273964        0.482708        0.192530
     C    5       -0.158165        0.192530       -0.259578

     H    6       -0.769665       -0.041623       -0.060579
     H    6       -0.041623        0.736318        0.073045
     H    6       -0.060579        0.073045        0.033348

     H    7       -0.129052        0.218437        0.017762
     H    7        0.218437        0.001018       -0.452891
     H    7        0.017762       -0.452891        0.128034

     C    8        0.268204       -0.336181        0.019846
     C    8       -0.336181        0.146416        0.131763
     C    8        0.019846        0.131763       -0.414620

     H    9        0.592176        0.021505        0.402920
     H    9        0.021505       -0.402898       -0.295196
     H    9        0.402920       -0.295196       -0.189277

     C   10       -0.144132       -0.023978       -0.103659
     C   10       -0.023978        0.238159       -0.333360
     C   10       -0.103659       -0.333360       -0.094026

     C   11        0.310921        0.049164       -0.129898
     C   11        0.049164        0.279535        0.293606
     C   11       -0.129898        0.293606       -0.590457

     Cl  12       -0.372319        0.106082       -0.395767
     Cl  12        0.106082       -0.006554        0.811616
     Cl  12       -0.395767        0.811616        0.378873

     H   13       -0.303298        0.043484       -0.198158
     H   13        0.043484        0.298650        0.621441
     H   13       -0.198158        0.621441        0.004649

     C   14        0.277144       -0.464309       -0.043017
     C   14       -0.464309       -0.134773       -0.006168
     C   14       -0.043017       -0.006168       -0.142372

     H   15        0.444835        0.154272        0.460778
     H   15        0.154272       -0.676442       -0.026275
     H   15        0.460778       -0.026275        0.231607

     C   16       -0.339580       -0.065011        0.195807
     C   16       -0.065011        0.037395        0.217920
     C   16        0.195807        0.217920        0.302184

     C   17        0.317033       -0.055757        0.405662
     C   17       -0.055757       -0.076482       -0.272023
     C   17        0.405662       -0.272023       -0.240551

     Cl  18        0.846505        0.031355        0.194395
     Cl  18        0.031355        0.142000       -1.209203
     Cl  18        0.194395       -1.209203       -0.988506

     H   19       -0.192580       -0.091983        0.153168
     H   19       -0.091983        0.324951       -0.042149
     H   19        0.153168       -0.042149       -0.132372

     C   20       -0.768852       -0.307725       -0.372587
     C   20       -0.307725        0.845833       -0.422248
     C   20       -0.372587       -0.422248       -0.076981

     H   21        0.243495       -0.319666        0.514272
     H   21       -0.319666        0.084535        0.010008
     H   21        0.514272        0.010008       -0.328030

     C   22        0.148986        0.016424       -0.069641
     C   22        0.016424       -0.249721       -0.216086
     C   22       -0.069641       -0.216086        0.100734

     C   23       -0.662438       -0.280289       -0.225933
     C   23       -0.280289        0.548872       -0.630341
     C   23       -0.225933       -0.630341        0.113566

     Cl  24       -0.406453        1.518174       -0.451223
     Cl  24        1.518174       -1.277171       -0.396562
     Cl  24       -0.451223       -0.396562        1.683624


     NQR/NMR SPECTROSCOPIC PARAMETERS:
     Cl   1    Vxx=    0.5077    axis=(  0.562628 -0.603582 -0.564923)
     Cl   1    Vyy=    1.2785    axis=( -0.616426  0.149054 -0.773176)
     Cl   1    Vzz=   -1.7862    axis=(  0.550880  0.783244 -0.288202)
     Cl   1  Q=        -8.1650 1e-30 m^2  Cq=        34.2671 MHz  eta= 0.43151

     C    2    Vxx=   -0.0718    axis=(  0.760448  0.170143 -0.626714)
     C    2    Vyy=   -0.2959    axis=( -0.218420  0.975855 -0.000100)
     C    2    Vzz=    0.3677    axis=(  0.611565  0.136963  0.779249)
     C    2  Q=         1.0000 1e-30 m^2  Cq=         0.8640 MHz  eta= 0.60947

     C    3    Vxx=   -0.0692    axis=(  0.437801  0.382745  0.813533)
     C    3    Vyy=   -0.2778    axis=( -0.620916  0.783126 -0.034295)
     C    3    Vzz=    0.3470    axis=( -0.650226 -0.490121  0.580506)
     C    3  Q=         1.0000 1e-30 m^2  Cq=         0.8154 MHz  eta= 0.60126

     H    4    Vxx=   -0.0529    axis=(  0.506970 -0.782894  0.360636)
     H    4    Vyy=   -0.7250    axis=(  0.487491 -0.084629 -0.869017)
     H    4    Vzz=    0.7779    axis=(  0.710868  0.616372  0.338749)
     H    4  Q=         1.0000 1e-30 m^2  Cq=         1.8277 MHz  eta= 0.86397

     C    5    Vxx=   -0.0885    axis=(  0.683235 -0.083172 -0.725446)
     C    5    Vyy=   -0.5092    axis=( -0.672419  0.315664 -0.669484)
     C    5    Vzz=    0.5978    axis=( -0.284679 -0.945219 -0.159746)
     C    5  Q=         1.0000 1e-30 m^2  Cq=         1.4045 MHz  eta= 0.70375

     H    6    Vxx=    0.0297    axis=( -0.069611 -0.106638  0.991858)
     H    6    Vyy=    0.7453    axis=( -0.031494  0.994009  0.104659)
     H    6    Vzz=   -0.7751    axis=( -0.997077 -0.023952 -0.072552)
     H    6  Q=         1.0000 1e-30 m^2  Cq=        -1.8211 MHz  eta= 0.92324

     H    7    Vxx=   -0.0634    axis=( -0.865067 -0.223680 -0.449028)
     H    7    Vyy=   -0.4847    axis=(  0.461087 -0.707153 -0.536035)
     H    7    Vzz=    0.5481    axis=( -0.197631 -0.670747  0.714870)
     H    7  Q=         1.0000 1e-30 m^2  Cq=         1.2877 MHz  eta= 0.76882

     C    8    Vxx=   -0.0947    axis=(  0.632147  0.701852  0.328320)
     C    8    Vyy=   -0.4593    axis=( -0.161894 -0.294733  0.941766)
     C    8    Vzz=    0.5540    axis=(  0.757747 -0.648488 -0.072689)
     C    8  Q=         1.0000 1e-30 m^2  Cq=         1.3017 MHz  eta= 0.65799

     H    9    Vxx=   -0.1051    axis=( -0.355443 -0.670817  0.650895)
     H    9    Vyy=   -0.6658    axis=( -0.217670  0.736630  0.640309)
     H    9    Vzz=    0.7709    axis=(  0.908999 -0.085913  0.407847)
     H    9  Q=         1.0000 1e-30 m^2  Cq=         1.8114 MHz  eta= 0.72741

     C   10    Vxx=   -0.0965    axis=(  0.895063 -0.280888 -0.346359)
     C   10    Vyy=   -0.3500    axis=(  0.442005  0.455856  0.772546)
     C   10    Vzz=    0.4465    axis=(  0.059109  0.844569 -0.532174)
     C   10  Q=         1.0000 1e-30 m^2  Cq=         1.0492 MHz  eta= 0.56781

     C   11    Vxx=    0.3280    axis=(  0.968347 -0.162983 -0.189054)
     C   11    Vyy=    0.3713    axis=(  0.209349  0.942768  0.259539)
     C   11    Vzz=   -0.6993    axis=(  0.135933 -0.290902  0.947047)
     C   11  Q=         1.0000 1e-30 m^2  Cq=        -1.6430 MHz  eta= 0.06188

     Cl  12    Vxx=   -0.1874    axis=(  0.803186  0.550509 -0.227666)
     Cl  12    Vyy=   -0.8765    axis=( -0.569337  0.596853 -0.565351)
     Cl  12    Vzz=    1.0640    axis=( -0.175348  0.583701  0.792809)
     Cl  12  Q=        -8.1650 1e-30 m^2  Cq=       -20.4114 MHz  eta= 0.64768

     H   13    Vxx=   -0.1967    axis=(  0.844263  0.388733 -0.368925)
     H   13    Vyy=   -0.6009    axis=( -0.529563  0.499331 -0.685734)
     H   13    Vzz=    0.7976    axis=(  0.082352 -0.774309 -0.627426)
     H   13  Q=         1.0000 1e-30 m^2  Cq=         1.8740 MHz  eta= 0.50679

     C   14    Vxx=   -0.1411    axis=( -0.014640 -0.105310  0.994332)
     C   14    Vyy=   -0.4395    axis=( -0.545273 -0.832718 -0.096222)
     C   14    Vzz=    0.5806    axis=( -0.838131  0.543590  0.045231)
     C   14  Q=         1.0000 1e-30 m^2  Cq=         1.3642 MHz  eta= 0.51401

     H   15    Vxx=   -0.1112    axis=( -0.592310 -0.197959  0.781013)
     H   15    Vyy=   -0.7074    axis=(  0.176484 -0.977684 -0.113965)
     H   15    Vzz=    0.8185    axis=(  0.786144  0.070333  0.614029)
     H   15  Q=         1.0000 1e-30 m^2  Cq=         1.9232 MHz  eta= 0.72834

     C   16    Vxx=   -0.0208    axis=(  0.385773 -0.856155  0.343769)
     C   16    Vyy=   -0.4298    axis=(  0.904364  0.277213 -0.324466)
     C   16    Vzz=    0.4506    axis=(  0.182496  0.436063  0.881218)
     C   16  Q=         1.0000 1e-30 m^2  Cq=         1.0587 MHz  eta= 0.90762

     C   17    Vxx=   -0.0248    axis=(  0.441825  0.860379 -0.254043)
     C   17    Vyy=   -0.5562    axis=( -0.357958  0.428741  0.829486)
     C   17    Vzz=    0.5810    axis=(  0.822591 -0.275551  0.497408)
     C   17  Q=         1.0000 1e-30 m^2  Cq=         1.3651 MHz  eta= 0.91465

     Cl  18    Vxx=    0.8032    axis=(  0.810461  0.522560 -0.264734)
     Cl  18    Vyy=    0.9673    axis=( -0.581715  0.664718 -0.468782)
     Cl  18    Vzz=   -1.7706    axis=( -0.068993  0.533930  0.842709)
     Cl  18  Q=        -8.1650 1e-30 m^2  Cq=        33.9672 MHz  eta= 0.09269

     H   19    Vxx=   -0.0293    axis=(  0.586726  0.244203  0.772086)
     H   19    Vyy=   -0.3217    axis=(  0.783206  0.071143 -0.617678)
     H   19    Vzz=    0.3510    axis=(  0.205768 -0.967111  0.149520)
     H   19  Q=         1.0000 1e-30 m^2  Cq=         0.8248 MHz  eta= 0.83303

     C   20    Vxx=    0.0186    axis=( -0.491085  0.244132  0.836203)
     C   20    Vyy=    1.0241    axis=(  0.092937 -0.939764  0.328947)
     C   20    Vzz=   -1.0426    axis=(  0.866140  0.239255  0.438815)
     C   20  Q=         1.0000 1e-30 m^2  Cq=        -2.4497 MHz  eta= 0.96441

     H   21    Vxx=   -0.0024    axis=( -0.250229 -0.871384 -0.421990)
     H   21    Vyy=   -0.6724    axis=(  0.537296  0.237601 -0.809234)
     H   21    Vzz=    0.6748    axis=(  0.805418 -0.429227  0.408736)
     H   21  Q=         1.0000 1e-30 m^2  Cq=         1.5856 MHz  eta= 0.99284

     C   22    Vxx=    0.1016    axis=(  0.824751 -0.267792  0.498070)
     C   22    Vyy=    0.2516    axis=(  0.564664  0.342237 -0.751018)
     C   22    Vzz=   -0.3532    axis=( -0.030658 -0.900645 -0.433473)
     C   22  Q=         1.0000 1e-30 m^2  Cq=        -0.8298 MHz  eta= 0.42464

     C   23    Vxx=   -0.1182    axis=(  0.530789 -0.453505 -0.715959)
     C   23    Vyy=   -0.8859    axis=(  0.845271  0.344562  0.408403)
     C   23    Vzz=    1.0041    axis=( -0.061479  0.821955 -0.566225)
     C   23  Q=         1.0000 1e-30 m^2  Cq=         2.3591 MHz  eta= 0.76454

     Cl  24    Vxx=    0.4474    axis=(  0.722897  0.536140  0.435861)
     Cl  24    Vyy=    1.9742    axis=( -0.342571 -0.269718  0.899943)
     Cl  24    Vzz=   -2.4217    axis=( -0.600055  0.799879  0.011313)
     Cl  24  Q=        -8.1650 1e-30 m^2  Cq=        46.4588 MHz  eta= 0.63047

     Initialization:
     gipaw_setup  :      9.17s CPU     10.83s WALL (       1 calls)

     Linear response

     Apply operators

     Induced current

     Other routines
     efg          :      9.19s CPU     11.28s WALL (       1 calls)

     General routines
     calbec       :      3.28s CPU      3.96s WALL (      16 calls)
     fft          :      1.38s CPU      1.83s WALL (      15 calls)
     ffts         :      0.04s CPU      0.04s WALL (       2 calls)
     fftw         :      3.13s CPU      3.84s WALL (     672 calls)
     davcio       :      0.06s CPU      0.35s WALL (      32 calls)

     Parallel routines
     fft_scatter  :      1.88s CPU      2.66s WALL (     689 calls)

     Plugins

     GIPAW        :     59.74s CPU     70.64s WALL (       1 calls)
