
     Program QE v.6.0 (svn rev. 13079) starts on 16Dec2016 at  8:57:40 

     This program is part of the open-source Quantum ESPRESSO suite
     for quantum simulation of materials; please cite
         "P. Giannozzi et al., J. Phys.:Condens. Matter 21 395502 (2009);
          URL http://www.quantum-espresso.org", 
     in publications or presentations arising from this work. More details at
     http://www.quantum-espresso.org/quote

     Parallel version (MPI), running on     8 processors
     R & G space division:  proc/nbgrp/npool/nimage =       8

     ***** This is GIPAW svn revision unknown      *****

     Parallelizing q-star over 1 images

     Reading data from directory:
     /users/majewski/paradichlorobenzene/pbe/9_constraint/scratch/pbe.ecut100.np8.dt60.pcl2phi-129368.save
     Message from routine read_xml_file:
     file /users/majewski/paradichlorobenzene/pbe/9_constraint/scratch/pbe.ecut100.np8.dt60.pcl2phi-129368.save not guaranteed to be safe for post-processing

   Info: using nr1, nr2, nr3 values from input

   Info: using nr1, nr2, nr3 values from input

     IMPORTANT: XC functional enforced from input :
     Exchange-correlation      =  SLA  PW   PBX  PBC ( 1  4  3  4 0 0)
     Any further DFT definition will be discarded
     Please, verify this is what you really want

               file C.pbe-n-kjpaw_psl.1.0.0.UPF: wavefunction(s)  2S 2P renormalized
               file Cl.pbe-n-kjpaw_psl.1.0.0.UPF: wavefunction(s)  3S 3P renormalized
               file H.pbe-kjpaw_psl.1.0.0.UPF: wavefunction(s)  1S renormalized

     Parallelization info
     --------------------
     sticks:   dense  smooth     PW     G-vecs:    dense   smooth      PW
     Min        3057    1223    332               144436    36536    5170
     Max        3059    1225    333               144437    36537    5171
     Sum       24467    9791   2657              1155489   292295   41363


     Subspace diagonalization in iterative solution of the eigenvalue problem:
     a serial algorithm will be used

     GIPAW projectors -----------------------------------------------
     atom=  C    l=0  rc=    1.2000  rs=    0.8000
     atom=  C    l=0  rc=    1.2000  rs=    0.8000
     atom=  C    l=1  rc=    1.4000  rs=    0.9333
     atom=  C    l=1  rc=    1.4000  rs=    0.9333
     projs nearly linearly dependent: l=1  n1,n2= 1, 2  s=  0.99951561

     atom=  Cl   l=0  rc=    1.6000  rs=    1.0667
     atom=  Cl   l=0  rc=    1.6000  rs=    1.0667
     atom=  Cl   l=1  rc=    1.6000  rs=    1.0667
     atom=  Cl   l=1  rc=    1.6000  rs=    1.0667
     atom=  Cl   l=2  rc=    1.6000  rs=    1.0667
     atom=  Cl   l=2  rc=    1.6000  rs=    1.0667
     projs nearly linearly dependent: l=2  n1,n2= 1, 2  s=  0.99993509

     atom=  H    l=0  rc=    1.0000  rs=    0.6667
     atom=  H    l=0  rc=    1.0000  rs=    0.6667
     projs nearly linearly dependent: l=0  n1,n2= 1, 2  s=  0.99968852
     -----------------------------------------------------------------

     GIPAW integrals: -------------------------------------------
     Atom  i/j   nmr_para   nmr_dia   epr_rmc  epr_para   epr_dia
       C   1 1   0.83E+03  0.17E-01  0.93E+01  0.24E+08  0.24E+03
       C   2 1   0.86E+03 -0.61E-01  0.94E+01  0.25E+08  0.25E+03
       C   2 2   0.90E+03 -0.15E+00  0.97E+01  0.26E+08  0.26E+03
       C   3 3   0.33E+01  0.34E+00  0.18E+01  0.55E+03  0.21E+02
       C   4 3   0.35E+01  0.37E+00  0.20E+01  0.59E+03  0.22E+02
       C   4 4   0.38E+01  0.39E+00  0.22E+01  0.63E+03  0.24E+02
       Cl  1 1   0.14E+04 -0.47E+00  0.84E+01  0.32E+09  0.42E+03
       Cl  2 1   0.21E+04 -0.37E+00  0.12E+02  0.49E+09  0.65E+03
       Cl  2 2   0.33E+04 -0.16E+00  0.21E+02  0.76E+09  0.10E+04
       Cl  3 3   0.21E+02  0.79E-01  0.89E+01  0.23E+05  0.13E+03
       Cl  4 3   0.24E+02  0.67E-01  0.99E+01  0.27E+05  0.15E+03
       Cl  4 4   0.28E+02  0.44E-01  0.11E+02  0.32E+05  0.18E+03
       Cl  5 5   0.77E+00  0.19E+00  0.18E+01  0.12E+03  0.22E+02
       Cl  6 5   0.80E+00  0.19E+00  0.19E+01  0.12E+03  0.23E+02
       Cl  6 6   0.83E+00  0.20E+00  0.19E+01  0.12E+03  0.23E+02
       H   1 1   0.39E+02  0.19E+00  0.29E+00  0.78E+05  0.13E+02
       H   2 1   0.41E+02  0.21E+00  0.32E+00  0.82E+05  0.14E+02
       H   2 2   0.43E+02  0.22E+00  0.36E+00  0.86E+05  0.15E+02
     ------------------------------------------------------------

     alpha_pv=     33.9467 eV

     Number of occupied bands for each k-point:
     k-point:     1    nbnd_occ=  42
     k-point:     2    nbnd_occ=  42
     k-point:     3    nbnd_occ=  42
     k-point:     4    nbnd_occ=  42
     k-point:     5    nbnd_occ=  42
     k-point:     6    nbnd_occ=  42
     k-point:     7    nbnd_occ=  42
     k-point:     8    nbnd_occ=  42
     k-point:     9    nbnd_occ=  42
     k-point:    10    nbnd_occ=  42
     k-point:    11    nbnd_occ=  42
     k-point:    12    nbnd_occ=  42
     k-point:    13    nbnd_occ=  42
     k-point:    14    nbnd_occ=  42
     k-point:    15    nbnd_occ=  42
     k-point:    16    nbnd_occ=  42


     q-space interpolation up to   110.00 Rydberg

     GIPAW job: efg                                                                             


     ELECTRIC FIELD GRADIENTS TENSORS IN Hartree/bohrradius^2:

     ----- bare term -----
     Cl   1        0.311156        0.035459       -0.032628
     Cl   1        0.035459        0.238649       -0.312808
     Cl   1       -0.032628       -0.312808       -0.549805

     C    2       -0.806757        0.352533       -0.286739
     C    2        0.352533        0.267450       -0.033687
     C    2       -0.286739       -0.033687        0.539308

     C    3        0.184338       -0.095063        0.079324
     C    3       -0.095063       -0.374780       -0.329890
     C    3        0.079324       -0.329890        0.190442

     H    4       -0.410652       -0.274126        0.267663
     H    4       -0.274126        0.263054        0.002503
     H    4        0.267663        0.002503        0.147598

     C    5       -0.575879        0.336824       -0.442938
     C    5        0.336824        0.081092        0.042104
     C    5       -0.442938        0.042104        0.494787

     H    6        0.219450       -0.376746        0.235051
     H    6       -0.376746       -0.482854       -0.009886
     H    6        0.235051       -0.009886        0.263404

     H    7        0.386346        0.239085       -0.003606
     H    7        0.239085       -0.677513        0.243353
     H    7       -0.003606        0.243353        0.291167

     C    8       -0.319563       -0.221591       -0.333639
     C    8       -0.221591       -0.085477        0.493653
     C    8       -0.333639        0.493653        0.405040

     H    9       -0.285901        0.294792       -0.476523
     H    9        0.294792        0.171717        0.301374
     H    9       -0.476523        0.301374        0.114184

     C   10       -0.163185       -0.215518       -0.341912
     C   10       -0.215518       -0.245697        0.511970
     C   10       -0.341912        0.511970        0.408883

     C   11       -0.112296        0.192370       -0.384554
     C   11        0.192370       -0.091884        0.614405
     C   11       -0.384554        0.614405        0.204180

     Cl  12        0.033393       -0.273294        0.002220
     Cl  12       -0.273294       -0.009193       -0.005745
     Cl  12        0.002220       -0.005745       -0.024200

     H   13        0.243112       -0.438790        0.107252
     H   13       -0.438790       -0.592146        0.048730
     H   13        0.107252        0.048730        0.349034

     C   14       -0.073346        0.303107       -0.140072
     C   14        0.303107       -0.124879       -0.409331
     C   14       -0.140072       -0.409331        0.198225

     H   15       -0.342401       -0.470879        0.113119
     H   15       -0.470879        0.077553        0.146302
     H   15        0.113119        0.146302        0.264848

     C   16       -0.194886        0.148706       -0.085852
     C   16        0.148706       -0.085457       -0.231580
     C   16       -0.085852       -0.231580        0.280343

     C   17       -0.138864       -0.141766       -0.339780
     C   17       -0.141766       -0.029856       -0.702217
     C   17       -0.339780       -0.702217        0.168720

     Cl  18       -0.105099        0.137351        0.118466
     Cl  18        0.137351       -0.097770       -0.041067
     Cl  18        0.118466       -0.041067        0.202869

     H   19        0.500243        0.018833        0.095259
     H   19        0.018833        0.105415        0.200659
     H   19        0.095259        0.200659       -0.605658

     C   20       -0.311512       -0.260340       -0.079740
     C   20       -0.260340        0.103263        0.237675
     C   20       -0.079740        0.237675        0.208249

     H   21        0.188524        0.030901       -0.219302
     H   21        0.030901        0.237961       -0.220976
     H   21       -0.219302       -0.220976       -0.426485

     C   22        0.207387       -0.105955        0.000303
     C   22       -0.105955       -0.098105        0.144831
     C   22        0.000303        0.144831       -0.109282

     C   23       -0.275919       -0.261993       -0.409210
     C   23       -0.261993        0.000715        0.386608
     C   23       -0.409210        0.386608        0.275204

     Cl  24        0.064755        0.008405       -0.023792
     Cl  24        0.008405       -0.105619       -0.083655
     Cl  24       -0.023792       -0.083655        0.040863

     ----- ionic term -----
     Cl   1        0.123803       -0.195852       -0.067396
     Cl   1       -0.195852        0.004465        0.048295
     Cl   1       -0.067396        0.048295       -0.128268

     C    2        0.341777       -0.038456        0.029452
     C    2       -0.038456        0.171871        0.333251
     C    2        0.029452        0.333251       -0.513648

     C    3        0.204662       -0.051407        0.027397
     C    3       -0.051407        0.282565        0.330202
     C    3        0.027397        0.330202       -0.487227

     H    4        0.794039        0.556249        0.274787
     H    4        0.556249       -0.239114        0.162281
     H    4        0.274787        0.162281       -0.554925

     C    5        0.394328       -0.085354        0.059618
     C    5       -0.085354        0.137499        0.247300
     C    5        0.059618        0.247300       -0.531827

     H    6       -0.486665        0.230313        0.068255
     H    6        0.230313        0.897777        0.477507
     H    6        0.068255        0.477507       -0.411112

     H    7       -0.510560       -0.098993        0.059512
     H    7       -0.098993        0.604039       -0.716305
     H    7        0.059512       -0.716305       -0.093479

     C    8        0.208471        0.169591        0.330207
     C    8        0.169591        0.048337       -0.280969
     C    8        0.330207       -0.280969       -0.256808

     H    9        0.407121       -0.332224        0.721050
     H    9       -0.332224       -0.374937       -0.317798
     H    9        0.721050       -0.317798       -0.032184

     C   10        0.014692        0.122910        0.271876
     C   10        0.122910        0.247525       -0.411997
     C   10        0.271876       -0.411997       -0.262217

     C   11       -0.021803        0.186384        0.367132
     C   11        0.186384        0.205789       -0.380037
     C   11        0.367132       -0.380037       -0.183986

     Cl  12        0.084948        0.193463        0.020608
     Cl  12        0.193463        0.070658        0.005717
     Cl  12        0.020608        0.005717       -0.155606

     H   13       -0.463139        0.269240        0.067481
     H   13        0.269240        0.830918        0.511735
     H   13        0.067481        0.511735       -0.367780

     C   14        0.405887       -0.068349        0.047262
     C   14       -0.068349        0.124611        0.256466
     C   14        0.047262        0.256466       -0.530498

     H   15        0.745034        0.425511        0.487692
     H   15        0.425511       -0.333839        0.211732
     H   15        0.487692        0.211732       -0.411195

     C   16        0.184864       -0.085070        0.079960
     C   16       -0.085070        0.296726        0.340173
     C   16        0.079960        0.340173       -0.481589

     C   17        0.287958       -0.058570        0.114755
     C   17       -0.058570        0.260359        0.290382
     C   17        0.114755        0.290382       -0.548318

     Cl  18        0.095278       -0.190524       -0.014428
     Cl  18       -0.190524        0.062925        0.011082
     Cl  18       -0.014428        0.011082       -0.158203

     H   19       -0.547699       -0.021702        0.042399
     H   19       -0.021702        0.479435       -0.774342
     H   19        0.042399       -0.774342        0.068264

     C   20        0.078306        0.290195        0.314688
     C   20        0.290195        0.056312       -0.273439
     C   20        0.314688       -0.273439       -0.134618

     H   21        0.186246       -0.057702        0.813149
     H   21       -0.057702       -0.510688       -0.143769
     H   21        0.813149       -0.143769        0.324442

     C   22       -0.061403        0.327087        0.231381
     C   22        0.327087        0.151303       -0.409313
     C   22        0.231381       -0.409313       -0.089900

     C   23        0.093682        0.211437        0.298146
     C   23        0.211437        0.065795       -0.444038
     C   23        0.298146       -0.444038       -0.159476

     Cl  24        0.106075        0.201648        0.009803
     Cl  24        0.201648        0.027048       -0.002028
     Cl  24        0.009803       -0.002028       -0.133123

     ----- GIPAW term -----
     Cl   1        0.086026       -0.630871        0.066423
     Cl   1       -0.630871       -0.187670        0.306062
     Cl   1        0.066423        0.306062        0.101644

     C    2       -0.161018        0.016290        0.013015
     C    2        0.016290        0.057843        0.170730
     C    2        0.013015        0.170730        0.103175

     C    3       -0.011642       -0.039573        0.005487
     C    3       -0.039573       -0.018244        0.052825
     C    3        0.005487        0.052825        0.029886

     H    4       -0.000000        0.000000        0.000000
     H    4        0.000000        0.000000        0.000000
     H    4        0.000000        0.000000        0.000000

     C    5       -0.068007       -0.035088       -0.171877
     C    5       -0.035088       -0.034514        0.127672
     C    5       -0.171877        0.127672        0.102521

     H    6       -0.000000        0.000000        0.000000
     H    6        0.000000        0.000000        0.000000
     H    6        0.000000        0.000000        0.000000

     H    7       -0.000000        0.000000        0.000000
     H    7        0.000000        0.000000        0.000000
     H    7        0.000000        0.000000        0.000000

     C    8       -0.094396       -0.092261       -0.099583
     C    8       -0.092261        0.017712        0.227007
     C    8       -0.099583        0.227007        0.076684

     H    9       -0.000000        0.000000        0.000000
     H    9        0.000000        0.000000        0.000000
     H    9        0.000000        0.000000        0.000000

     C   10       -0.024499       -0.035404       -0.139808
     C   10       -0.035404       -0.055141        0.099146
     C   10       -0.139808        0.099146        0.079640

     C   11        0.068094        0.214880       -0.038614
     C   11        0.214880        0.002890        0.129496
     C   11       -0.038614        0.129496       -0.070983

     Cl  12        2.010524        0.060316        0.045751
     Cl  12        0.060316        0.117771       -0.053821
     Cl  12        0.045751       -0.053821       -2.128295

     H   13       -0.000000        0.000000        0.000000
     H   13        0.000000        0.000000        0.000000
     H   13        0.000000        0.000000        0.000000

     C   14       -0.017901        0.173092       -0.050595
     C   14        0.173092        0.100377       -0.156256
     C   14       -0.050595       -0.156256       -0.082477

     H   15       -0.000000        0.000000        0.000000
     H   15        0.000000        0.000000        0.000000
     H   15        0.000000        0.000000        0.000000

     C   16       -0.061492        0.055457       -0.073524
     C   16        0.055457        0.010786       -0.102132
     C   16       -0.073524       -0.102132        0.050706

     C   17       -0.013636       -0.164132       -0.048552
     C   17       -0.164132        0.087401       -0.200895
     C   17       -0.048552       -0.200895       -0.073765

     Cl  18        0.902752       -1.707898        0.989078
     Cl  18       -1.707898       -0.717224       -0.322384
     Cl  18        0.989078       -0.322384       -0.185528

     H   19       -0.000000        0.000000        0.000000
     H   19        0.000000        0.000000        0.000000
     H   19        0.000000        0.000000        0.000000

     C   20       -0.100851       -0.033284       -0.015038
     C   20       -0.033284        0.012353        0.138456
     C   20       -0.015038        0.138456        0.088498

     H   21       -0.000000        0.000000        0.000000
     H   21        0.000000        0.000000        0.000000
     H   21        0.000000        0.000000        0.000000

     C   22       -0.001084       -0.010581       -0.004677
     C   22       -0.010581        0.022253        0.025249
     C   22       -0.004677        0.025249       -0.021169

     C   23       -0.078918       -0.045828       -0.119482
     C   23       -0.045828        0.069680        0.197529
     C   23       -0.119482        0.197529        0.009238

     Cl  24       -0.005645        0.075829       -0.817538
     Cl  24        0.075829        1.302732        1.579964
     Cl  24       -0.817538        1.579964       -1.297087

     ----- total EFG -----
     Cl   1        0.520986       -0.791263       -0.033601
     Cl   1       -0.791263        0.055444        0.041549
     Cl   1       -0.033601        0.041549       -0.576429

     C    2       -0.625999        0.330368       -0.244273
     C    2        0.330368        0.497163        0.470294
     C    2       -0.244273        0.470294        0.128835

     C    3        0.377358       -0.186043        0.112208
     C    3       -0.186043       -0.110459        0.053137
     C    3        0.112208        0.053137       -0.266899

     H    4        0.383387        0.282123        0.542449
     H    4        0.282123        0.023939        0.164784
     H    4        0.542449        0.164784       -0.407326

     C    5       -0.249559        0.216382       -0.555196
     C    5        0.216382        0.184077        0.417075
     C    5       -0.555196        0.417075        0.065481

     H    6       -0.267215       -0.146433        0.303306
     H    6       -0.146433        0.414923        0.467621
     H    6        0.303306        0.467621       -0.147708

     H    7       -0.124215        0.140092        0.055906
     H    7        0.140092       -0.073473       -0.472952
     H    7        0.055906       -0.472952        0.197688

     C    8       -0.205489       -0.144261       -0.103015
     C    8       -0.144261       -0.019428        0.439691
     C    8       -0.103015        0.439691        0.224917

     H    9        0.121220       -0.037431        0.244527
     H    9       -0.037431       -0.203220       -0.016424
     H    9        0.244527       -0.016424        0.082000

     C   10       -0.172993       -0.128012       -0.209843
     C   10       -0.128012       -0.053313        0.199120
     C   10       -0.209843        0.199120        0.226306

     C   11       -0.066005        0.593633       -0.056035
     C   11        0.593633        0.116795        0.363864
     C   11       -0.056035        0.363864       -0.050789

     Cl  12        2.128865       -0.019515        0.068579
     Cl  12       -0.019515        0.179236       -0.053849
     Cl  12        0.068579       -0.053849       -2.308101

     H   13       -0.220026       -0.169551        0.174733
     H   13       -0.169551        0.238772        0.560466
     H   13        0.174733        0.560466       -0.018746

     C   14        0.314640        0.407850       -0.143406
     C   14        0.407850        0.100110       -0.309121
     C   14       -0.143406       -0.309121       -0.414750

     H   15        0.402634       -0.045367        0.600811
     H   15       -0.045367       -0.256286        0.358034
     H   15        0.600811        0.358034       -0.146347

     C   16       -0.071515        0.119093       -0.079416
     C   16        0.119093        0.222055        0.006461
     C   16       -0.079416        0.006461       -0.150541

     C   17        0.135458       -0.364468       -0.273577
     C   17       -0.364468        0.317905       -0.612730
     C   17       -0.273577       -0.612730       -0.453363

     Cl  18        0.892931       -1.761070        1.093116
     Cl  18       -1.761070       -0.752069       -0.352369
     Cl  18        1.093116       -0.352369       -0.140862

     H   19       -0.047456       -0.002868        0.137657
     H   19       -0.002868        0.584850       -0.573684
     H   19        0.137657       -0.573684       -0.537394

     C   20       -0.334057       -0.003429        0.219910
     C   20       -0.003429        0.171928        0.102693
     C   20        0.219910        0.102693        0.162129

     H   21        0.374770       -0.026801        0.593847
     H   21       -0.026801       -0.272727       -0.364745
     H   21        0.593847       -0.364745       -0.102043

     C   22        0.144899        0.210551        0.227006
     C   22        0.210551        0.075451       -0.239233
     C   22        0.227006       -0.239233       -0.220351

     C   23       -0.261155       -0.096385       -0.230546
     C   23       -0.096385        0.136190        0.140100
     C   23       -0.230546        0.140100        0.124966

     Cl  24        0.165185        0.285882       -0.831527
     Cl  24        0.285882        1.224162        1.494280
     Cl  24       -0.831527        1.494280       -1.389346

     ----- total EFG (symmetrized) -----
     Cl   1        0.520986       -0.791263       -0.033601
     Cl   1       -0.791263        0.055444        0.041549
     Cl   1       -0.033601        0.041549       -0.576429

     C    2       -0.625999        0.330368       -0.244273
     C    2        0.330368        0.497163        0.470294
     C    2       -0.244273        0.470294        0.128835

     C    3        0.377358       -0.186043        0.112208
     C    3       -0.186043       -0.110459        0.053137
     C    3        0.112208        0.053137       -0.266899

     H    4        0.383387        0.282123        0.542449
     H    4        0.282123        0.023939        0.164784
     H    4        0.542449        0.164784       -0.407326

     C    5       -0.249559        0.216382       -0.555196
     C    5        0.216382        0.184077        0.417075
     C    5       -0.555196        0.417075        0.065481

     H    6       -0.267215       -0.146433        0.303306
     H    6       -0.146433        0.414923        0.467621
     H    6        0.303306        0.467621       -0.147708

     H    7       -0.124215        0.140092        0.055906
     H    7        0.140092       -0.073473       -0.472952
     H    7        0.055906       -0.472952        0.197688

     C    8       -0.205489       -0.144261       -0.103015
     C    8       -0.144261       -0.019428        0.439691
     C    8       -0.103015        0.439691        0.224917

     H    9        0.121220       -0.037431        0.244527
     H    9       -0.037431       -0.203220       -0.016424
     H    9        0.244527       -0.016424        0.082000

     C   10       -0.172993       -0.128012       -0.209843
     C   10       -0.128012       -0.053313        0.199120
     C   10       -0.209843        0.199120        0.226306

     C   11       -0.066005        0.593633       -0.056035
     C   11        0.593633        0.116795        0.363864
     C   11       -0.056035        0.363864       -0.050789

     Cl  12        2.128865       -0.019515        0.068579
     Cl  12       -0.019515        0.179236       -0.053849
     Cl  12        0.068579       -0.053849       -2.308101

     H   13       -0.220026       -0.169551        0.174733
     H   13       -0.169551        0.238772        0.560466
     H   13        0.174733        0.560466       -0.018746

     C   14        0.314640        0.407850       -0.143406
     C   14        0.407850        0.100110       -0.309121
     C   14       -0.143406       -0.309121       -0.414750

     H   15        0.402634       -0.045367        0.600811
     H   15       -0.045367       -0.256286        0.358034
     H   15        0.600811        0.358034       -0.146347

     C   16       -0.071515        0.119093       -0.079416
     C   16        0.119093        0.222055        0.006461
     C   16       -0.079416        0.006461       -0.150541

     C   17        0.135458       -0.364468       -0.273577
     C   17       -0.364468        0.317905       -0.612730
     C   17       -0.273577       -0.612730       -0.453363

     Cl  18        0.892931       -1.761070        1.093116
     Cl  18       -1.761070       -0.752069       -0.352369
     Cl  18        1.093116       -0.352369       -0.140862

     H   19       -0.047456       -0.002868        0.137657
     H   19       -0.002868        0.584850       -0.573684
     H   19        0.137657       -0.573684       -0.537394

     C   20       -0.334057       -0.003429        0.219910
     C   20       -0.003429        0.171928        0.102693
     C   20        0.219910        0.102693        0.162129

     H   21        0.374770       -0.026801        0.593847
     H   21       -0.026801       -0.272727       -0.364745
     H   21        0.593847       -0.364745       -0.102043

     C   22        0.144899        0.210551        0.227006
     C   22        0.210551        0.075451       -0.239233
     C   22        0.227006       -0.239233       -0.220351

     C   23       -0.261155       -0.096385       -0.230546
     C   23       -0.096385        0.136190        0.140100
     C   23       -0.230546        0.140100        0.124966

     Cl  24        0.165185        0.285882       -0.831527
     Cl  24        0.285882        1.224162        1.494280
     Cl  24       -0.831527        1.494280       -1.389346


     NQR/NMR SPECTROSCOPIC PARAMETERS:
     Cl   1    Vxx=   -0.5328    axis=(  0.582357  0.763713  0.278573)
     Cl   1    Vyy=   -0.5818    axis=(  0.143479  0.240736 -0.959927)
     Cl   1    Vzz=    1.1146    axis=( -0.800172  0.598989  0.030617)
     Cl   1  Q=        -8.1650 1e-30 m^2  Cq=       -21.3829 MHz  eta= 0.04402

     C    2    Vxx=    0.0297    axis=( -0.494412 -0.417549  0.762371)
     C    2    Vyy=    0.8320    axis=(  0.102513  0.842936  0.528156)
     C    2    Vzz=   -0.8617    axis=( -0.863162  0.339280 -0.373954)
     C    2  Q=         1.0000 1e-30 m^2  Cq=        -2.0246 MHz  eta= 0.93113

     C    3    Vxx=   -0.1255    axis=( -0.206764 -0.850514 -0.483605)
     C    3    Vyy=   -0.3260    axis=(  0.252251  0.431235 -0.866260)
     C    3    Vzz=    0.4515    axis=(  0.945314 -0.301101  0.125380)
     C    3  Q=         1.0000 1e-30 m^2  Cq=         1.0608 MHz  eta= 0.44419

     H    4    Vxx=   -0.1132    axis=(  0.360480 -0.920801  0.148925)
     H    4    Vyy=   -0.6838    axis=(  0.446567  0.030195 -0.894240)
     H    4    Vzz=    0.7969    axis=(  0.818921  0.388861  0.422084)
     H    4  Q=         1.0000 1e-30 m^2  Cq=         1.8725 MHz  eta= 0.71602

     C    5    Vxx=    0.2266    axis=(  0.626882  0.737905 -0.250029)
     C    5    Vyy=    0.6221    axis=( -0.346465  0.551462  0.758849)
     C    5    Vzz=   -0.8486    axis=( -0.697840  0.389083 -0.601359)
     C    5  Q=         1.0000 1e-30 m^2  Cq=        -1.9940 MHz  eta= 0.46601

     H    6    Vxx=    0.0037    axis=(  0.777488 -0.331146  0.534654)
     H    6    Vyy=    0.6799    axis=( -0.025850 -0.866253 -0.498936)
     H    6    Vzz=   -0.6836    axis=(  0.628367  0.374096 -0.682061)
     H    6  Q=         1.0000 1e-30 m^2  Cq=        -1.6062 MHz  eta= 0.98909

     H    7    Vxx=   -0.0682    axis=(  0.926109  0.262042  0.271395)
     H    7    Vyy=   -0.4883    axis=( -0.372444  0.749601  0.547160)
     H    7    Vzz=    0.5565    axis=( -0.060058 -0.607809  0.791808)
     H    7  Q=         1.0000 1e-30 m^2  Cq=         1.3075 MHz  eta= 0.75492

     C    8    Vxx=   -0.2214    axis=( -0.911058  0.168470 -0.376286)
     C    8    Vyy=   -0.3737    axis=( -0.356180 -0.781276  0.512586)
     C    8    Vzz=    0.5950    axis=( -0.207628  0.601021  0.771793)
     C    8  Q=         1.0000 1e-30 m^2  Cq=         1.3981 MHz  eta= 0.25597

     H    9    Vxx=   -0.1410    axis=( -0.652855  0.199844  0.730645)
     H    9    Vyy=   -0.2086    axis=(  0.185920  0.977340 -0.101194)
     H    9    Vzz=    0.3496    axis=( -0.734312  0.069777 -0.675217)
     H    9  Q=         1.0000 1e-30 m^2  Cq=         0.8215 MHz  eta= 0.19351

     C   10    Vxx=   -0.1548    axis=( -0.117148  0.852290 -0.509783)
     C   10    Vyy=   -0.2748    axis=( -0.918716 -0.287942 -0.270279)
     C   10    Vzz=    0.4297    axis=( -0.377144  0.436683  0.816744)
     C   10  Q=         1.0000 1e-30 m^2  Cq=         1.0095 MHz  eta= 0.27936

     C   11    Vxx=   -0.0049    axis=( -0.526291  0.026076  0.849905)
     C   11    Vyy=   -0.7034    axis=(  0.639188 -0.647044  0.415659)
     C   11    Vzz=    0.7083    axis=(  0.560765  0.762006  0.323866)
     C   11  Q=         1.0000 1e-30 m^2  Cq=         1.6642 MHz  eta= 0.98609

     Cl  12    Vxx=    0.1802    axis=(  0.010762  0.999714 -0.021338)
     Cl  12    Vyy=    2.1301    axis=( -0.999824  0.010431 -0.015576)
     Cl  12    Vzz=   -2.3103    axis=( -0.015349  0.021502  0.999651)
     Cl  12  Q=        -8.1650 1e-30 m^2  Cq=        44.3222 MHz  eta= 0.84402

     H   13    Vxx=   -0.0716    axis=(  0.851198 -0.305585  0.426707)
     H   13    Vyy=   -0.6142    axis=( -0.524106 -0.537997  0.660206)
     H   13    Vzz=    0.6857    axis=( -0.027819  0.785606  0.618101)
     H   13  Q=         1.0000 1e-30 m^2  Cq=         1.6112 MHz  eta= 0.79128

     C   14    Vxx=   -0.1497    axis=(  0.674320 -0.635417  0.376214)
     C   14    Vyy=   -0.5625    axis=( -0.066476  0.455168  0.887921)
     C   14    Vzz=    0.7122    axis=( -0.735441 -0.623752  0.264689)
     C   14  Q=         1.0000 1e-30 m^2  Cq=         1.6733 MHz  eta= 0.57962

     H   15    Vxx=   -0.0601    axis=(  0.428844 -0.814021 -0.391743)
     H   15    Vyy=   -0.7530    axis=(  0.399428  0.559809 -0.725997)
     H   15    Vzz=    0.8131    axis=(  0.810278  0.154866  0.565214)
     H   15  Q=         1.0000 1e-30 m^2  Cq=         1.9104 MHz  eta= 0.85220

     C   16    Vxx=   -0.0535    axis=( -0.728330  0.300366  0.615886)
     C   16    Vyy=   -0.2119    axis=(  0.592871 -0.174426  0.786181)
     C   16    Vzz=    0.2653    axis=( -0.343569 -0.937740  0.051039)
     C   16  Q=         1.0000 1e-30 m^2  Cq=         0.6234 MHz  eta= 0.59694

     C   17    Vxx=    0.2246    axis=(  0.859205  0.155655 -0.487379)
     C   17    Vyy=    0.7290    axis=(  0.360987 -0.859490  0.361891)
     C   17    Vzz=   -0.9536    axis=(  0.362568  0.486876  0.794667)
     C   17  Q=         1.0000 1e-30 m^2  Cq=        -2.2406 MHz  eta= 0.52890

     Cl  18    Vxx=   -0.5573    axis=( -0.221601  0.375985  0.899738)
     Cl  18    Vyy=   -1.9301    axis=( -0.571931 -0.797427  0.192367)
     Cl  18    Vzz=    2.4875    axis=(  0.789802 -0.471959  0.391748)
     Cl  18  Q=        -8.1650 1e-30 m^2  Cq=       -47.7211 MHz  eta= 0.55188

     H   19    Vxx=   -0.0300    axis=(  0.984137  0.123465  0.127403)
     H   19    Vyy=   -0.7998    axis=( -0.165290  0.377201  0.911262)
     H   19    Vzz=    0.8298    axis=(  0.064453 -0.917865  0.391625)
     H   19  Q=         1.0000 1e-30 m^2  Cq=         1.9498 MHz  eta= 0.92771

     C   20    Vxx=    0.1091    axis=(  0.259660 -0.819772  0.510441)
     C   20    Vyy=    0.3111    axis=( -0.262682 -0.568599 -0.779547)
     C   20    Vzz=   -0.4202    axis=(  0.929287  0.068333 -0.362982)
     C   20  Q=         1.0000 1e-30 m^2  Cq=        -0.9873 MHz  eta= 0.48087

     H   21    Vxx=   -0.1169    axis=(  0.492501  0.786679 -0.372262)
     H   21    Vyy=   -0.7089    axis=( -0.380642  0.579357  0.720734)
     H   21    Vzz=    0.8258    axis=( -0.782659  0.213264 -0.584777)
     H   21  Q=         1.0000 1e-30 m^2  Cq=         1.9402 MHz  eta= 0.71686

     C   22    Vxx=    0.1718    axis=( -0.436428  0.633339 -0.639072)
     C   22    Vyy=    0.3247    axis=( -0.791225 -0.608320 -0.062529)
     C   22    Vzz=   -0.4965    axis=( -0.428362  0.478360  0.766601)
     C   22  Q=         1.0000 1e-30 m^2  Cq=        -1.1665 MHz  eta= 0.30808

     C   23    Vxx=    0.0112    axis=(  0.201780  0.795730 -0.571051)
     C   23    Vyy=    0.3593    axis=(  0.358533 -0.602585 -0.712984)
     C   23    Vzz=   -0.3705    axis=( -0.911449 -0.060874 -0.406885)
     C   23  Q=         1.0000 1e-30 m^2  Cq=        -0.8706 MHz  eta= 0.93951

     Cl  24    Vxx=    0.4631    axis=(  0.943653  0.184693 -0.274603)
     Cl  24    Vyy=    1.9070    axis=(  0.053753 -0.904301 -0.423497)
     Cl  24    Vzz=   -2.3701    axis=( -0.326541  0.384874 -0.863275)
     Cl  24  Q=        -8.1650 1e-30 m^2  Cq=        45.4687 MHz  eta= 0.60920

     Initialization:
     gipaw_setup  :      9.19s CPU     10.70s WALL (       1 calls)

     Linear response

     Apply operators

     Induced current

     Other routines
     efg          :      9.30s CPU     12.03s WALL (       1 calls)

     General routines
     calbec       :      3.44s CPU      4.99s WALL (      16 calls)
     fft          :      1.42s CPU      1.74s WALL (      15 calls)
     ffts         :      0.04s CPU      0.05s WALL (       2 calls)
     fftw         :      3.17s CPU      3.76s WALL (     672 calls)
     davcio       :      0.03s CPU      0.30s WALL (      32 calls)

     Parallel routines
     fft_scatter  :      2.04s CPU      2.77s WALL (     689 calls)

     Plugins

     GIPAW        :     60.40s CPU     71.56s WALL (       1 calls)
