
     Program QE v.6.0 (svn rev. 13079) starts on  3Jan2017 at  0:43: 8 

     This program is part of the open-source Quantum ESPRESSO suite
     for quantum simulation of materials; please cite
         "P. Giannozzi et al., J. Phys.:Condens. Matter 21 395502 (2009);
          URL http://www.quantum-espresso.org", 
     in publications or presentations arising from this work. More details at
     http://www.quantum-espresso.org/quote

     Parallel version (MPI), running on     8 processors
     R & G space division:  proc/nbgrp/npool/nimage =       8

     ***** This is GIPAW svn revision unknown      *****

     Parallelizing q-star over 1 images

     Reading data from directory:
     /users/majewski/paradichlorobenzene/pbe/9_constraint/scratch/pbe.ecut100.np8.dt60.pcl2phi-129368.save
     Message from routine read_xml_file:
     file /users/majewski/paradichlorobenzene/pbe/9_constraint/scratch/pbe.ecut100.np8.dt60.pcl2phi-129368.save not guaranteed to be safe for post-processing

   Info: using nr1, nr2, nr3 values from input

   Info: using nr1, nr2, nr3 values from input

     IMPORTANT: XC functional enforced from input :
     Exchange-correlation      =  SLA  PW   PBX  PBC ( 1  4  3  4 0 0)
     Any further DFT definition will be discarded
     Please, verify this is what you really want

               file C.pbe-n-kjpaw_psl.1.0.0.UPF: wavefunction(s)  2S 2P renormalized
               file Cl.pbe-n-kjpaw_psl.1.0.0.UPF: wavefunction(s)  3S 3P renormalized
               file H.pbe-kjpaw_psl.1.0.0.UPF: wavefunction(s)  1S renormalized

     Parallelization info
     --------------------
     sticks:   dense  smooth     PW     G-vecs:    dense   smooth      PW
     Min        3057    1223    332               144436    36536    5170
     Max        3059    1225    333               144437    36537    5171
     Sum       24467    9791   2657              1155489   292295   41363


     Subspace diagonalization in iterative solution of the eigenvalue problem:
     a serial algorithm will be used

     GIPAW projectors -----------------------------------------------
     atom=  C    l=0  rc=    1.2000  rs=    0.8000
     atom=  C    l=0  rc=    1.2000  rs=    0.8000
     atom=  C    l=1  rc=    1.4000  rs=    0.9333
     atom=  C    l=1  rc=    1.4000  rs=    0.9333
     projs nearly linearly dependent: l=1  n1,n2= 1, 2  s=  0.99951561

     atom=  Cl   l=0  rc=    1.6000  rs=    1.0667
     atom=  Cl   l=0  rc=    1.6000  rs=    1.0667
     atom=  Cl   l=1  rc=    1.6000  rs=    1.0667
     atom=  Cl   l=1  rc=    1.6000  rs=    1.0667
     atom=  Cl   l=2  rc=    1.6000  rs=    1.0667
     atom=  Cl   l=2  rc=    1.6000  rs=    1.0667
     projs nearly linearly dependent: l=2  n1,n2= 1, 2  s=  0.99993509

     atom=  H    l=0  rc=    1.0000  rs=    0.6667
     atom=  H    l=0  rc=    1.0000  rs=    0.6667
     projs nearly linearly dependent: l=0  n1,n2= 1, 2  s=  0.99968852
     -----------------------------------------------------------------

     GIPAW integrals: -------------------------------------------
     Atom  i/j   nmr_para   nmr_dia   epr_rmc  epr_para   epr_dia
       C   1 1   0.83E+03  0.17E-01  0.93E+01  0.24E+08  0.24E+03
       C   2 1   0.86E+03 -0.61E-01  0.94E+01  0.25E+08  0.25E+03
       C   2 2   0.90E+03 -0.15E+00  0.97E+01  0.26E+08  0.26E+03
       C   3 3   0.33E+01  0.34E+00  0.18E+01  0.55E+03  0.21E+02
       C   4 3   0.35E+01  0.37E+00  0.20E+01  0.59E+03  0.22E+02
       C   4 4   0.38E+01  0.39E+00  0.22E+01  0.63E+03  0.24E+02
       Cl  1 1   0.14E+04 -0.47E+00  0.84E+01  0.32E+09  0.42E+03
       Cl  2 1   0.21E+04 -0.37E+00  0.12E+02  0.49E+09  0.65E+03
       Cl  2 2   0.33E+04 -0.16E+00  0.21E+02  0.76E+09  0.10E+04
       Cl  3 3   0.21E+02  0.79E-01  0.89E+01  0.23E+05  0.13E+03
       Cl  4 3   0.24E+02  0.67E-01  0.99E+01  0.27E+05  0.15E+03
       Cl  4 4   0.28E+02  0.44E-01  0.11E+02  0.32E+05  0.18E+03
       Cl  5 5   0.77E+00  0.19E+00  0.18E+01  0.12E+03  0.22E+02
       Cl  6 5   0.80E+00  0.19E+00  0.19E+01  0.12E+03  0.23E+02
       Cl  6 6   0.83E+00  0.20E+00  0.19E+01  0.12E+03  0.23E+02
       H   1 1   0.39E+02  0.19E+00  0.29E+00  0.78E+05  0.13E+02
       H   2 1   0.41E+02  0.21E+00  0.32E+00  0.82E+05  0.14E+02
       H   2 2   0.43E+02  0.22E+00  0.36E+00  0.86E+05  0.15E+02
     ------------------------------------------------------------

     alpha_pv=     33.8573 eV

     Number of occupied bands for each k-point:
     k-point:     1    nbnd_occ=  42
     k-point:     2    nbnd_occ=  42
     k-point:     3    nbnd_occ=  42
     k-point:     4    nbnd_occ=  42
     k-point:     5    nbnd_occ=  42
     k-point:     6    nbnd_occ=  42
     k-point:     7    nbnd_occ=  42
     k-point:     8    nbnd_occ=  42
     k-point:     9    nbnd_occ=  42
     k-point:    10    nbnd_occ=  42
     k-point:    11    nbnd_occ=  42
     k-point:    12    nbnd_occ=  42
     k-point:    13    nbnd_occ=  42
     k-point:    14    nbnd_occ=  42
     k-point:    15    nbnd_occ=  42
     k-point:    16    nbnd_occ=  42


     q-space interpolation up to   110.00 Rydberg

     GIPAW job: efg                                                                             


     ELECTRIC FIELD GRADIENTS TENSORS IN Hartree/bohrradius^2:

     ----- bare term -----
     Cl   1       -0.089853       -0.042435       -0.079287
     Cl   1       -0.042435       -0.101852        0.000329
     Cl   1       -0.079287        0.000329        0.191706

     C    2       -0.567876        0.332042       -0.374219
     C    2        0.332042        0.274226       -0.272983
     C    2       -0.374219       -0.272983        0.293650

     C    3       -0.044329        0.129153       -0.241017
     C    3        0.129153       -0.406096       -0.459929
     C    3       -0.241017       -0.459929        0.450424

     H    4       -0.571416       -0.262548        0.029389
     H    4       -0.262548        0.429409       -0.134211
     H    4        0.029389       -0.134211        0.142007

     C    5       -0.716421        0.308422       -0.435476
     C    5        0.308422        0.195124       -0.082045
     C    5       -0.435476       -0.082045        0.521297

     H    6        0.217462       -0.303105        0.166332
     H    6       -0.303105       -0.476453       -0.266476
     H    6        0.166332       -0.266476        0.258991

     H    7        0.362557        0.291226       -0.100788
     H    7        0.291226       -0.604875        0.461038
     H    7       -0.100788        0.461038        0.242318

     C    8       -0.145697       -0.272906       -0.177304
     C    8       -0.272906       -0.097327        0.419017
     C    8       -0.177304        0.419017        0.243024

     H    9       -0.244808        0.526026       -0.160964
     H    9        0.526026       -0.133603       -0.050371
     H    9       -0.160964       -0.050371        0.378411

     C   10       -0.483529       -0.340033       -0.184779
     C   10       -0.340033        0.110862        0.393400
     C   10       -0.184779        0.393400        0.372667

     C   11        0.008365        0.048740       -0.155420
     C   11        0.048740       -0.014421        0.449683
     C   11       -0.155420        0.449683        0.006056

     Cl  12        0.103660       -0.125899        0.050641
     Cl  12       -0.125899        0.117121       -0.219177
     Cl  12        0.050641       -0.219177       -0.220782

     H   13        0.461132       -0.101524       -0.012295
     H   13       -0.101524       -0.796783        0.050673
     H   13       -0.012295        0.050673        0.335652

     C   14       -0.082328       -0.005953       -0.197906
     C   14       -0.005953       -0.042050       -0.371618
     C   14       -0.197906       -0.371618        0.124378

     H   15       -0.088164       -0.429271       -0.137279
     H   15       -0.429271       -0.326224        0.045843
     H   15       -0.137279        0.045843        0.414388

     C   16       -0.366945        0.177139        0.022673
     C   16        0.177139        0.017455       -0.045462
     C   16        0.022673       -0.045462        0.349490

     C   17        0.001109        0.002546       -0.244216
     C   17        0.002546        0.058009       -0.671011
     C   17       -0.244216       -0.671011       -0.059118

     Cl  18       -0.223182        0.244439        0.024094
     Cl  18        0.244439        0.065268        0.138198
     Cl  18        0.024094        0.138198        0.157915

     H   19        0.508888        0.041814        0.046468
     H   19        0.041814       -0.267091        0.370689
     H   19        0.046468        0.370689       -0.241797

     C   20       -0.688202       -0.350544       -0.256125
     C   20       -0.350544        0.403076        0.224506
     C   20       -0.256125        0.224506        0.285125

     H   21       -0.479092        0.092942       -0.471317
     H   21        0.092942        0.292511        0.161843
     H   21       -0.471317        0.161843        0.186580

     C   22       -0.028531       -0.015218       -0.266748
     C   22       -0.015218       -0.146151        0.575538
     C   22       -0.266748        0.575538        0.174682

     C   23       -0.529168       -0.234998       -0.382968
     C   23       -0.234998        0.174257        0.235467
     C   23       -0.382968        0.235467        0.354911

     Cl  24       -0.091345        0.058723       -0.035360
     Cl  24        0.058723       -0.082802       -0.071070
     Cl  24       -0.035360       -0.071070        0.174147

     ----- ionic term -----
     Cl   1        0.193957       -0.200185       -0.045477
     Cl   1       -0.200185       -0.057806        0.027440
     Cl   1       -0.045477        0.027440       -0.136150

     C    2        0.325620       -0.060470        0.132882
     C    2       -0.060470        0.128749        0.373898
     C    2        0.132882        0.373898       -0.454369

     C    3        0.230041       -0.194125        0.113055
     C    3       -0.194125        0.258441        0.327078
     C    3        0.113055        0.327078       -0.488482

     H    4        0.773770        0.451600        0.461082
     H    4        0.451600       -0.318147        0.219113
     H    4        0.461082        0.219113       -0.455623

     C    5        0.319533       -0.102547        0.188424
     C    5       -0.102547        0.173668        0.252267
     C    5        0.188424        0.252267       -0.493200

     H    6       -0.495741        0.254061        0.100595
     H    6        0.254061        0.893901        0.483969
     H    6        0.100595        0.483969       -0.398160

     H    7       -0.526129       -0.134572        0.078152
     H    7       -0.134572        0.670198       -0.735543
     H    7        0.078152       -0.735543       -0.144069

     C    8        0.292315        0.160213        0.138984
     C    8        0.160213        0.025218       -0.360039
     C    8        0.138984       -0.360039       -0.317533

     H    9        0.667076       -0.383278        0.592974
     H    9       -0.383278       -0.424570       -0.272689
     H    9        0.592974       -0.272689       -0.242506

     C   10        0.170424        0.195768        0.084522
     C   10        0.195768        0.079586       -0.490892
     C   10        0.084522       -0.490892       -0.250010

     C   11        0.225574        0.094803        0.184577
     C   11        0.094803        0.033915       -0.485385
     C   11        0.184577       -0.485385       -0.259489

     Cl  12        0.100897        0.189142       -0.029171
     Cl  12        0.189142        0.027959       -0.031735
     Cl  12       -0.029171       -0.031735       -0.128855

     H   13       -0.498606        0.042060        0.007179
     H   13        0.042060        0.736171        0.641027
     H   13        0.007179        0.641027       -0.237564

     C   14        0.395348       -0.141723        0.165364
     C   14       -0.141723        0.085329        0.302731
     C   14        0.165364        0.302731       -0.480677

     H   15        0.549325        0.420847        0.624795
     H   15        0.420847       -0.297144        0.312734
     H   15        0.624795        0.312734       -0.252181

     C   16        0.208777       -0.192747        0.147068
     C   16       -0.192747        0.269758        0.345037
     C   16        0.147068        0.345037       -0.478535

     C   17        0.218500       -0.084337        0.248456
     C   17       -0.084337        0.252309        0.278772
     C   17        0.248456        0.278772       -0.470809

     Cl  18        0.133746       -0.184046        0.055901
     Cl  18       -0.184046        0.024560       -0.032284
     Cl  18        0.055901       -0.032284       -0.158305

     H   19       -0.488803       -0.058670        0.047685
     H   19       -0.058670        0.658009       -0.726239
     H   19        0.047685       -0.726239       -0.169206

     C   20        0.421904        0.119755        0.171558
     C   20        0.119755       -0.055689       -0.353221
     C   20        0.171558       -0.353221       -0.366215

     H   21        0.537601       -0.410403        0.641093
     H   21       -0.410403       -0.378268       -0.313584
     H   21        0.641093       -0.313584       -0.159334

     C   22        0.182306        0.142208        0.111044
     C   22        0.142208        0.096016       -0.470016
     C   22        0.111044       -0.470016       -0.278323

     C   23        0.193882        0.124117        0.173397
     C   23        0.124117        0.078166       -0.460440
     C   23        0.173397       -0.460440       -0.272048

     Cl  24        0.148108        0.208385       -0.031787
     Cl  24        0.208385       -0.015275       -0.021507
     Cl  24       -0.031787       -0.021507       -0.132832

     ----- GIPAW term -----
     Cl   1        0.228200       -2.153920       -1.090376
     Cl   1       -2.153920       -1.155165        0.141911
     Cl   1       -1.090376        0.141911        0.926966

     C    2       -0.138810       -0.026520       -0.055979
     C    2       -0.026520        0.271170       -0.033614
     C    2       -0.055979       -0.033614       -0.132360

     C    3       -0.077050       -0.035017       -0.087731
     C    3       -0.035017       -0.056588        0.060946
     C    3       -0.087731        0.060946        0.133638

     H    4       -0.000000        0.000000        0.000000
     H    4        0.000000        0.000000        0.000000
     H    4        0.000000        0.000000        0.000000

     C    5       -0.174530       -0.009309       -0.105060
     C    5       -0.009309        0.097568        0.122709
     C    5       -0.105060        0.122709        0.076962

     H    6       -0.000000        0.000000        0.000000
     H    6        0.000000        0.000000        0.000000
     H    6        0.000000        0.000000        0.000000

     H    7       -0.000000        0.000000        0.000000
     H    7        0.000000        0.000000        0.000000
     H    7        0.000000        0.000000        0.000000

     C    8       -0.070509       -0.122816        0.007821
     C    8       -0.122816        0.137924        0.018569
     C    8        0.007821        0.018569       -0.067415

     H    9       -0.000000        0.000000        0.000000
     H    9        0.000000        0.000000        0.000000
     H    9        0.000000        0.000000        0.000000

     C   10       -0.185078       -0.092748       -0.067736
     C   10       -0.092748        0.175301        0.188517
     C   10       -0.067736        0.188517        0.009777

     C   11       -0.025017        0.011372       -0.040754
     C   11        0.011372        0.057732        0.120209
     C   11       -0.040754        0.120209       -0.032714

     Cl  12       -0.476066        0.464759       -0.487726
     Cl  12        0.464759       -0.631688        0.873504
     Cl  12       -0.487726        0.873504        1.107754

     H   13       -0.000000        0.000000        0.000000
     H   13        0.000000        0.000000        0.000000
     H   13        0.000000        0.000000        0.000000

     C   14       -0.070516        0.021040       -0.022172
     C   14        0.021040        0.136386       -0.154200
     C   14       -0.022172       -0.154200       -0.065869

     H   15       -0.000000        0.000000        0.000000
     H   15        0.000000        0.000000        0.000000
     H   15        0.000000        0.000000        0.000000

     C   16       -0.076310        0.000528        0.006511
     C   16        0.000528        0.076569       -0.042319
     C   16        0.006511       -0.042319       -0.000260

     C   17       -0.056640       -0.022300       -0.036164
     C   17       -0.022300        0.261981       -0.112001
     C   17       -0.036164       -0.112001       -0.205342

     Cl  18       -0.757325       -0.429471        0.438448
     Cl  18       -0.429471        1.181773        2.152433
     Cl  18        0.438448        2.152433       -0.424447

     H   19       -0.000000        0.000000        0.000000
     H   19        0.000000        0.000000        0.000000
     H   19        0.000000        0.000000        0.000000

     C   20       -0.189502       -0.065410       -0.029513
     C   20       -0.065410        0.231144        0.121311
     C   20       -0.029513        0.121311       -0.041642

     H   21       -0.000000        0.000000        0.000000
     H   21        0.000000        0.000000        0.000000
     H   21        0.000000        0.000000        0.000000

     C   22       -0.088018        0.097667       -0.063731
     C   22        0.097667        0.168353        0.017236
     C   22       -0.063731        0.017236       -0.080335

     C   23       -0.097516        0.064037       -0.060212
     C   23        0.064037        0.158047       -0.060292
     C   23       -0.060212       -0.060292       -0.060531

     Cl  24        0.034231        2.281116       -0.725425
     Cl  24        2.281116       -0.915884       -0.985463
     Cl  24       -0.725425       -0.985463        0.881653

     ----- total EFG -----
     Cl   1        0.332303       -2.396540       -1.215139
     Cl   1       -2.396540       -1.314824        0.169681
     Cl   1       -1.215139        0.169681        0.982521

     C    2       -0.381066        0.245053       -0.297315
     C    2        0.245053        0.674145        0.067301
     C    2       -0.297315        0.067301       -0.293079

     C    3        0.108663       -0.099989       -0.215693
     C    3       -0.099989       -0.204243       -0.071905
     C    3       -0.215693       -0.071905        0.095580

     H    4        0.202354        0.189052        0.490470
     H    4        0.189052        0.111262        0.084902
     H    4        0.490470        0.084902       -0.313616

     C    5       -0.571418        0.196565       -0.352112
     C    5        0.196565        0.466360        0.292931
     C    5       -0.352112        0.292931        0.105059

     H    6       -0.278279       -0.049044        0.266928
     H    6       -0.049044        0.417448        0.217492
     H    6        0.266928        0.217492       -0.139169

     H    7       -0.163572        0.156654       -0.022635
     H    7        0.156654        0.065322       -0.274504
     H    7       -0.022635       -0.274504        0.098250

     C    8        0.076109       -0.235509       -0.030499
     C    8       -0.235509        0.065815        0.077547
     C    8       -0.030499        0.077547       -0.141924

     H    9        0.422268        0.142748        0.432010
     H    9        0.142748       -0.558173       -0.323059
     H    9        0.432010       -0.323059        0.135906

     C   10       -0.498183       -0.237013       -0.167994
     C   10       -0.237013        0.365749        0.091026
     C   10       -0.167994        0.091026        0.132434

     C   11        0.208922        0.154915       -0.011598
     C   11        0.154915        0.077225        0.084507
     C   11       -0.011598        0.084507       -0.286148

     Cl  12       -0.271509        0.528002       -0.466256
     Cl  12        0.528002       -0.486609        0.622591
     Cl  12       -0.466256        0.622591        0.758117

     H   13       -0.037475       -0.059463       -0.005116
     H   13       -0.059463       -0.060613        0.691700
     H   13       -0.005116        0.691700        0.098088

     C   14        0.242504       -0.126636       -0.054714
     C   14       -0.126636        0.179664       -0.223087
     C   14       -0.054714       -0.223087       -0.422168

     H   15        0.461161       -0.008424        0.487516
     H   15       -0.008424       -0.623368        0.358578
     H   15        0.487516        0.358578        0.162207

     C   16       -0.234478       -0.015079        0.176253
     C   16       -0.015079        0.363782        0.257255
     C   16        0.176253        0.257255       -0.129305

     C   17        0.162969       -0.104092       -0.031924
     C   17       -0.104092        0.572299       -0.504240
     C   17       -0.031924       -0.504240       -0.735268

     Cl  18       -0.846762       -0.369078        0.518443
     Cl  18       -0.369078        1.271600        2.258346
     Cl  18        0.518443        2.258346       -0.424838

     H   19        0.020085       -0.016856        0.094153
     H   19       -0.016856        0.390918       -0.355550
     H   19        0.094153       -0.355550       -0.411003

     C   20       -0.455800       -0.296199       -0.114080
     C   20       -0.296199        0.578531       -0.007405
     C   20       -0.114080       -0.007405       -0.122731

     H   21        0.058510       -0.317461        0.169777
     H   21       -0.317461       -0.085756       -0.151740
     H   21        0.169777       -0.151740        0.027247

     C   22        0.065758        0.224656       -0.219436
     C   22        0.224656        0.118218        0.122758
     C   22       -0.219436        0.122758       -0.183975

     C   23       -0.432801       -0.046844       -0.269783
     C   23       -0.046844        0.410469       -0.285265
     C   23       -0.269783       -0.285265        0.022332

     Cl  24        0.090994        2.548224       -0.792572
     Cl  24        2.548224       -1.013962       -1.078040
     Cl  24       -0.792572       -1.078040        0.922968

     ----- total EFG (symmetrized) -----
     Cl   1        0.332303       -2.396540       -1.215139
     Cl   1       -2.396540       -1.314824        0.169681
     Cl   1       -1.215139        0.169681        0.982521

     C    2       -0.381066        0.245053       -0.297315
     C    2        0.245053        0.674145        0.067301
     C    2       -0.297315        0.067301       -0.293079

     C    3        0.108663       -0.099989       -0.215693
     C    3       -0.099989       -0.204243       -0.071905
     C    3       -0.215693       -0.071905        0.095580

     H    4        0.202354        0.189052        0.490470
     H    4        0.189052        0.111262        0.084902
     H    4        0.490470        0.084902       -0.313616

     C    5       -0.571418        0.196565       -0.352112
     C    5        0.196565        0.466360        0.292931
     C    5       -0.352112        0.292931        0.105059

     H    6       -0.278279       -0.049044        0.266928
     H    6       -0.049044        0.417448        0.217492
     H    6        0.266928        0.217492       -0.139169

     H    7       -0.163572        0.156654       -0.022635
     H    7        0.156654        0.065322       -0.274504
     H    7       -0.022635       -0.274504        0.098250

     C    8        0.076109       -0.235509       -0.030499
     C    8       -0.235509        0.065815        0.077547
     C    8       -0.030499        0.077547       -0.141924

     H    9        0.422268        0.142748        0.432010
     H    9        0.142748       -0.558173       -0.323059
     H    9        0.432010       -0.323059        0.135906

     C   10       -0.498183       -0.237013       -0.167994
     C   10       -0.237013        0.365749        0.091026
     C   10       -0.167994        0.091026        0.132434

     C   11        0.208922        0.154915       -0.011598
     C   11        0.154915        0.077225        0.084507
     C   11       -0.011598        0.084507       -0.286148

     Cl  12       -0.271509        0.528002       -0.466256
     Cl  12        0.528002       -0.486609        0.622591
     Cl  12       -0.466256        0.622591        0.758117

     H   13       -0.037475       -0.059463       -0.005116
     H   13       -0.059463       -0.060613        0.691700
     H   13       -0.005116        0.691700        0.098088

     C   14        0.242504       -0.126636       -0.054714
     C   14       -0.126636        0.179664       -0.223087
     C   14       -0.054714       -0.223087       -0.422168

     H   15        0.461161       -0.008424        0.487516
     H   15       -0.008424       -0.623368        0.358578
     H   15        0.487516        0.358578        0.162207

     C   16       -0.234478       -0.015079        0.176253
     C   16       -0.015079        0.363782        0.257255
     C   16        0.176253        0.257255       -0.129305

     C   17        0.162969       -0.104092       -0.031924
     C   17       -0.104092        0.572299       -0.504240
     C   17       -0.031924       -0.504240       -0.735268

     Cl  18       -0.846762       -0.369078        0.518443
     Cl  18       -0.369078        1.271600        2.258346
     Cl  18        0.518443        2.258346       -0.424838

     H   19        0.020085       -0.016856        0.094153
     H   19       -0.016856        0.390918       -0.355550
     H   19        0.094153       -0.355550       -0.411003

     C   20       -0.455800       -0.296199       -0.114080
     C   20       -0.296199        0.578531       -0.007405
     C   20       -0.114080       -0.007405       -0.122731

     H   21        0.058510       -0.317461        0.169777
     H   21       -0.317461       -0.085756       -0.151740
     H   21        0.169777       -0.151740        0.027247

     C   22        0.065758        0.224656       -0.219436
     C   22        0.224656        0.118218        0.122758
     C   22       -0.219436        0.122758       -0.183975

     C   23       -0.432801       -0.046844       -0.269783
     C   23       -0.046844        0.410469       -0.285265
     C   23       -0.269783       -0.285265        0.022332

     Cl  24        0.090994        2.548224       -0.792572
     Cl  24        2.548224       -1.013962       -1.078040
     Cl  24       -0.792572       -1.078040        0.922968


     NQR/NMR SPECTROSCOPIC PARAMETERS:
     Cl   1    Vxx=    0.3702    axis=(  0.358759 -0.426635  0.830226)
     Cl   1    Vyy=    2.7386    axis=(  0.715478 -0.445543 -0.538129)
     Cl   1    Vzz=   -3.1089    axis=( -0.599486 -0.787067 -0.145406)
     Cl   1  Q=        -8.1650 1e-30 m^2  Cq=        59.6418 MHz  eta= 0.76182

     C    2    Vxx=   -0.0511    axis=( -0.607393  0.132540  0.783267)
     C    2    Vyy=   -0.6771    axis=( -0.764679  0.169635 -0.621683)
     C    2    Vzz=    0.7283    axis=( -0.215268 -0.976554 -0.001684)
     C    2  Q=         1.0000 1e-30 m^2  Cq=         1.7112 MHz  eta= 0.85957

     C    3    Vxx=   -0.0300    axis=( -0.547253  0.567752 -0.614957)
     C    3    Vyy=   -0.2889    axis=(  0.417100  0.822006  0.387728)
     C    3    Vzz=    0.3189    axis=(  0.725632 -0.044313 -0.686655)
     C    3  Q=         1.0000 1e-30 m^2  Cq=         0.7492 MHz  eta= 0.81196

     H    4    Vxx=    0.0232    axis=(  0.321014 -0.917131  0.236264)
     H    4    Vyy=    0.5875    axis=(  0.789965  0.396901  0.467360)
     H    4    Vzz=   -0.6107    axis=( -0.522404  0.036611  0.851912)
     H    4  Q=         1.0000 1e-30 m^2  Cq=        -1.4350 MHz  eta= 0.92397

     C    5    Vxx=    0.1630    axis=( -0.481314 -0.427196  0.765402)
     C    5    Vyy=    0.6299    axis=( -0.000024 -0.873193 -0.487374)
     C    5    Vzz=   -0.7929    axis=(  0.876548 -0.234598  0.420270)
     C    5  Q=         1.0000 1e-30 m^2  Cq=        -1.8629 MHz  eta= 0.58886

     H    6    Vxx=    0.0226    axis=(  0.660303 -0.297722  0.689465)
     H    6    Vyy=    0.4948    axis=(  0.060258  0.936106  0.346517)
     H    6    Vzz=   -0.5174    axis=( -0.748578 -0.187260  0.636054)
     H    6  Q=         1.0000 1e-30 m^2  Cq=        -1.2156 MHz  eta= 0.91282

     H    7    Vxx=   -0.0968    axis=( -0.687107 -0.382286 -0.617852)
     H    7    Vyy=   -0.2888    axis=( -0.690362  0.608574  0.391200)
     H    7    Vzz=    0.3856    axis=(  0.226458  0.695338 -0.682072)
     H    7  Q=         1.0000 1e-30 m^2  Cq=         0.9060 MHz  eta= 0.49810

     C    8    Vxx=   -0.1255    axis=(  0.549840  0.374066  0.746827)
     C    8    Vyy=   -0.1936    axis=( -0.460203 -0.610496  0.644599)
     C    8    Vzz=    0.3191    axis=( -0.697057  0.698118  0.163529)
     C    8  Q=         1.0000 1e-30 m^2  Cq=         0.7498 MHz  eta= 0.21326

     H    9    Vxx=    0.0257    axis=( -0.547112 -0.503649  0.668585)
     H    9    Vyy=    0.7388    axis=(  0.795037 -0.062770  0.603304)
     H    9    Vzz=   -0.7646    axis=( -0.261886  0.861625  0.434762)
     H    9  Q=         1.0000 1e-30 m^2  Cq=        -1.7964 MHz  eta= 0.93264

     C   10    Vxx=    0.1088    axis=(  0.092512  0.407155 -0.908662)
     C   10    Vyy=    0.4781    axis=(  0.278734 -0.886679 -0.368927)
     C   10    Vzz=   -0.5869    axis=(  0.955902  0.219145  0.195517)
     C   10  Q=         1.0000 1e-30 m^2  Cq=        -1.3789 MHz  eta= 0.62939

     C   11    Vxx=   -0.0046    axis=( -0.557872  0.788291  0.259570)
     C   11    Vyy=   -0.3092    axis=(  0.096114 -0.249292  0.963647)
     C   11    Vzz=    0.3137    axis=(  0.824343  0.562540  0.063307)
     C   11  Q=         1.0000 1e-30 m^2  Cq=         0.7372 MHz  eta= 0.97080

     Cl  12    Vxx=    0.1589    axis=(  0.786882  0.616458 -0.028223)
     Cl  12    Vyy=    1.0640    axis=(  0.204697 -0.303885 -0.930459)
     Cl  12    Vzz=   -1.2229    axis=( -0.582165  0.726384 -0.365309)
     Cl  12  Q=        -8.1650 1e-30 m^2  Cq=        23.4605 MHz  eta= 0.74019

     H   13    Vxx=   -0.0374    axis=(  0.996308 -0.009341  0.085336)
     H   13    Vyy=   -0.6801    axis=(  0.063762  0.746114 -0.662758)
     H   13    Vzz=    0.7175    axis=( -0.057480  0.665752  0.743956)
     H   13  Q=         1.0000 1e-30 m^2  Cq=         1.6858 MHz  eta= 0.89587

     C   14    Vxx=    0.1513    axis=(  0.699948  0.640512 -0.315940)
     C   14    Vyy=    0.3559    axis=(  0.703416 -0.694825  0.149746)
     C   14    Vzz=   -0.5073    axis=(  0.123609  0.327052  0.936887)
     C   14  Q=         1.0000 1e-30 m^2  Cq=        -1.1919 MHz  eta= 0.40339

     H   15    Vxx=   -0.0580    axis=( -0.614609  0.429026  0.661961)
     H   15    Vyy=   -0.7941    axis=(  0.169295  0.891352 -0.420512)
     H   15    Vzz=    0.8522    axis=( -0.770451 -0.146384 -0.620465)
     H   15  Q=         1.0000 1e-30 m^2  Cq=         2.0023 MHz  eta= 0.86379

     C   16    Vxx=   -0.0716    axis=(  0.704241 -0.342950  0.621635)
     C   16    Vyy=   -0.4065    axis=(  0.705226  0.236958 -0.668212)
     C   16    Vzz=    0.4781    axis=(  0.081862  0.908975  0.408733)
     C   16  Q=         1.0000 1e-30 m^2  Cq=         1.1233 MHz  eta= 0.70067

     C   17    Vxx=    0.1536    axis=(  0.987278  0.120459 -0.103789)
     C   17    Vyy=    0.7573    axis=( -0.147427  0.937997 -0.313731)
     C   17    Vzz=   -0.9109    axis=(  0.059562  0.325041  0.943822)
     C   17  Q=         1.0000 1e-30 m^2  Cq=        -2.1403 MHz  eta= 0.66271

     Cl  18    Vxx=   -0.5628    axis=(  0.913215 -0.230192  0.336230)
     Cl  18    Vyy=   -2.2729    axis=( -0.407472 -0.520508  0.750359)
     Cl  18    Vzz=    2.8358    axis=( -0.002284  0.822243  0.569132)
     Cl  18  Q=        -8.1650 1e-30 m^2  Cq=       -54.4031 MHz  eta= 0.60304

     H   19    Vxx=    0.0270    axis=(  0.985224  0.140843  0.097455)
     H   19    Vyy=    0.5306    axis=( -0.097030  0.927874 -0.360050)
     H   19    Vzz=   -0.5576    axis=( -0.141137  0.345273  0.927829)
     H   19  Q=         1.0000 1e-30 m^2  Cq=        -1.3102 MHz  eta= 0.90320

     C   20    Vxx=   -0.0948    axis=( -0.231326 -0.091110  0.968601)
     C   20    Vyy=   -0.5632    axis=(  0.937587  0.244840  0.246950)
     C   20    Vzz=    0.6580    axis=( -0.259652  0.965273  0.028786)
     C   20  Q=         1.0000 1e-30 m^2  Cq=         1.5460 MHz  eta= 0.71188

     H   21    Vxx=   -0.0981    axis=( -0.407204  0.266298  0.873653)
     H   21    Vyy=   -0.3397    axis=( -0.611197 -0.790255 -0.043998)
     H   21    Vzz=    0.4379    axis=(  0.678692 -0.551890  0.484555)
     H   21  Q=         1.0000 1e-30 m^2  Cq=         1.0288 MHz  eta= 0.55175

     C   22    Vxx=    0.0822    axis=( -0.454264  0.605269  0.653677)
     C   22    Vyy=    0.3259    axis=( -0.712553 -0.687265  0.141190)
     C   22    Vzz=   -0.4081    axis=(  0.534707 -0.401642  0.743486)
     C   22  Q=         1.0000 1e-30 m^2  Cq=        -0.9589 MHz  eta= 0.59723

     C   23    Vxx=    0.0176    axis=( -0.488241  0.473898  0.732831)
     C   23    Vyy=    0.5694    axis=( -0.093207 -0.863233  0.496126)
     C   23    Vzz=   -0.5870    axis=( -0.867717 -0.173924 -0.465637)
     C   23  Q=         1.0000 1e-30 m^2  Cq=        -1.3791 MHz  eta= 0.94003

     Cl  24    Vxx=    0.1295    axis=(  0.474860  0.267906  0.838293)
     Cl  24    Vyy=    2.9709    axis=(  0.636939  0.552696 -0.537434)
     Cl  24    Vzz=   -3.1004    axis=( -0.607303  0.789147  0.091813)
     Cl  24  Q=        -8.1650 1e-30 m^2  Cq=        59.4800 MHz  eta= 0.91647

     Initialization:
     gipaw_setup  :      9.02s CPU     10.84s WALL (       1 calls)

     Linear response

     Apply operators

     Induced current

     Other routines
     efg          :      9.31s CPU     11.86s WALL (       1 calls)

     General routines
     calbec       :      3.46s CPU      4.59s WALL (      16 calls)
     fft          :      1.55s CPU      2.25s WALL (      15 calls)
     ffts         :      0.03s CPU      0.04s WALL (       2 calls)
     fftw         :      3.14s CPU      4.01s WALL (     672 calls)
     davcio       :      0.02s CPU      0.33s WALL (      32 calls)

     Parallel routines
     fft_scatter  :      2.15s CPU      3.46s WALL (     689 calls)

     Plugins

     GIPAW        :     61.63s CPU     74.48s WALL (       1 calls)
