
     Program QE v.6.0 (svn rev. 13079) starts on  7Jan2017 at  0:20:26 

     This program is part of the open-source Quantum ESPRESSO suite
     for quantum simulation of materials; please cite
         "P. Giannozzi et al., J. Phys.:Condens. Matter 21 395502 (2009);
          URL http://www.quantum-espresso.org", 
     in publications or presentations arising from this work. More details at
     http://www.quantum-espresso.org/quote

     Parallel version (MPI), running on     8 processors
     R & G space division:  proc/nbgrp/npool/nimage =       8

     ***** This is GIPAW svn revision unknown      *****

     Parallelizing q-star over 1 images

     Reading data from directory:
     /users/majewski/paradichlorobenzene/pbe/9_constraint/scratch/pbe.ecut100.np8.dt60.pcl2phi-129368.save
     Message from routine read_xml_file:
     file /users/majewski/paradichlorobenzene/pbe/9_constraint/scratch/pbe.ecut100.np8.dt60.pcl2phi-129368.save not guaranteed to be safe for post-processing

   Info: using nr1, nr2, nr3 values from input

   Info: using nr1, nr2, nr3 values from input

     IMPORTANT: XC functional enforced from input :
     Exchange-correlation      =  SLA  PW   PBX  PBC ( 1  4  3  4 0 0)
     Any further DFT definition will be discarded
     Please, verify this is what you really want

               file C.pbe-n-kjpaw_psl.1.0.0.UPF: wavefunction(s)  2S 2P renormalized
               file Cl.pbe-n-kjpaw_psl.1.0.0.UPF: wavefunction(s)  3S 3P renormalized
               file H.pbe-kjpaw_psl.1.0.0.UPF: wavefunction(s)  1S renormalized

     Parallelization info
     --------------------
     sticks:   dense  smooth     PW     G-vecs:    dense   smooth      PW
     Min        3057    1223    332               144436    36536    5170
     Max        3059    1225    333               144437    36537    5171
     Sum       24467    9791   2657              1155489   292295   41363


     Subspace diagonalization in iterative solution of the eigenvalue problem:
     a serial algorithm will be used

     GIPAW projectors -----------------------------------------------
     atom=  C    l=0  rc=    1.2000  rs=    0.8000
     atom=  C    l=0  rc=    1.2000  rs=    0.8000
     atom=  C    l=1  rc=    1.4000  rs=    0.9333
     atom=  C    l=1  rc=    1.4000  rs=    0.9333
     projs nearly linearly dependent: l=1  n1,n2= 1, 2  s=  0.99951561

     atom=  Cl   l=0  rc=    1.6000  rs=    1.0667
     atom=  Cl   l=0  rc=    1.6000  rs=    1.0667
     atom=  Cl   l=1  rc=    1.6000  rs=    1.0667
     atom=  Cl   l=1  rc=    1.6000  rs=    1.0667
     atom=  Cl   l=2  rc=    1.6000  rs=    1.0667
     atom=  Cl   l=2  rc=    1.6000  rs=    1.0667
     projs nearly linearly dependent: l=2  n1,n2= 1, 2  s=  0.99993509

     atom=  H    l=0  rc=    1.0000  rs=    0.6667
     atom=  H    l=0  rc=    1.0000  rs=    0.6667
     projs nearly linearly dependent: l=0  n1,n2= 1, 2  s=  0.99968852
     -----------------------------------------------------------------

     GIPAW integrals: -------------------------------------------
     Atom  i/j   nmr_para   nmr_dia   epr_rmc  epr_para   epr_dia
       C   1 1   0.83E+03  0.17E-01  0.93E+01  0.24E+08  0.24E+03
       C   2 1   0.86E+03 -0.61E-01  0.94E+01  0.25E+08  0.25E+03
       C   2 2   0.90E+03 -0.15E+00  0.97E+01  0.26E+08  0.26E+03
       C   3 3   0.33E+01  0.34E+00  0.18E+01  0.55E+03  0.21E+02
       C   4 3   0.35E+01  0.37E+00  0.20E+01  0.59E+03  0.22E+02
       C   4 4   0.38E+01  0.39E+00  0.22E+01  0.63E+03  0.24E+02
       Cl  1 1   0.14E+04 -0.47E+00  0.84E+01  0.32E+09  0.42E+03
       Cl  2 1   0.21E+04 -0.37E+00  0.12E+02  0.49E+09  0.65E+03
       Cl  2 2   0.33E+04 -0.16E+00  0.21E+02  0.76E+09  0.10E+04
       Cl  3 3   0.21E+02  0.79E-01  0.89E+01  0.23E+05  0.13E+03
       Cl  4 3   0.24E+02  0.67E-01  0.99E+01  0.27E+05  0.15E+03
       Cl  4 4   0.28E+02  0.44E-01  0.11E+02  0.32E+05  0.18E+03
       Cl  5 5   0.77E+00  0.19E+00  0.18E+01  0.12E+03  0.22E+02
       Cl  6 5   0.80E+00  0.19E+00  0.19E+01  0.12E+03  0.23E+02
       Cl  6 6   0.83E+00  0.20E+00  0.19E+01  0.12E+03  0.23E+02
       H   1 1   0.39E+02  0.19E+00  0.29E+00  0.78E+05  0.13E+02
       H   2 1   0.41E+02  0.21E+00  0.32E+00  0.82E+05  0.14E+02
       H   2 2   0.43E+02  0.22E+00  0.36E+00  0.86E+05  0.15E+02
     ------------------------------------------------------------

     alpha_pv=     34.2665 eV

     Number of occupied bands for each k-point:
     k-point:     1    nbnd_occ=  42
     k-point:     2    nbnd_occ=  42
     k-point:     3    nbnd_occ=  42
     k-point:     4    nbnd_occ=  42
     k-point:     5    nbnd_occ=  42
     k-point:     6    nbnd_occ=  42
     k-point:     7    nbnd_occ=  42
     k-point:     8    nbnd_occ=  42
     k-point:     9    nbnd_occ=  42
     k-point:    10    nbnd_occ=  42
     k-point:    11    nbnd_occ=  42
     k-point:    12    nbnd_occ=  42
     k-point:    13    nbnd_occ=  42
     k-point:    14    nbnd_occ=  42
     k-point:    15    nbnd_occ=  42
     k-point:    16    nbnd_occ=  42


     q-space interpolation up to   110.00 Rydberg

     GIPAW job: efg                                                                             


     ELECTRIC FIELD GRADIENTS TENSORS IN Hartree/bohrradius^2:

     ----- bare term -----
     Cl   1       -0.242728        0.182344        0.067999
     Cl   1        0.182344       -0.023022       -0.165728
     Cl   1        0.067999       -0.165728        0.265750

     C    2       -0.008080       -0.151320       -0.475051
     C    2       -0.151320       -0.109137       -0.521617
     C    2       -0.475051       -0.521617        0.117217

     C    3        0.037816        0.525323       -0.024572
     C    3        0.525323       -0.456760       -0.494137
     C    3       -0.024572       -0.494137        0.418944

     H    4       -0.363811       -0.276844       -0.476379
     H    4       -0.276844        0.086424       -0.151814
     H    4       -0.476379       -0.151814        0.277387

     C    5       -0.196610        0.038480       -0.508940
     C    5        0.038480       -0.105423       -0.429152
     C    5       -0.508940       -0.429152        0.302034

     H    6        0.348619       -0.137898       -0.085007
     H    6       -0.137898       -0.475730       -0.506781
     H    6       -0.085007       -0.506781        0.127112

     H    7        0.010651       -0.340294       -0.088092
     H    7       -0.340294       -0.378490        0.320063
     H    7       -0.088092        0.320063        0.367839

     C    8       -0.115953        0.144055       -0.465980
     C    8        0.144055       -0.066422        0.463268
     C    8       -0.465980        0.463268        0.182375

     H    9       -0.163707        0.060164       -0.328018
     H    9        0.060164        0.216742        0.487842
     H    9       -0.328018        0.487842       -0.053035

     C   10       -0.174330       -0.390228       -0.199790
     C   10       -0.390228       -0.210576        0.277322
     C   10       -0.199790        0.277322        0.384906

     C   11       -0.062715        0.032846       -0.449731
     C   11        0.032846       -0.347933        0.491434
     C   11       -0.449731        0.491434        0.410648

     Cl  12       -0.132594       -0.227105       -0.178770
     Cl  12       -0.227105       -0.132994        0.029520
     Cl  12       -0.178770        0.029520        0.265588

     H   13       -0.071993       -0.416703        0.101406
     H   13       -0.416703       -0.344223       -0.243817
     H   13        0.101406       -0.243817        0.416217

     C   14       -0.174669        0.409753       -0.376706
     C   14        0.409753       -0.284072       -0.144480
     C   14       -0.376706       -0.144480        0.458741

     H   15       -0.540961       -0.464471        0.060579
     H   15       -0.464471        0.270791        0.039423
     H   15        0.060579        0.039423        0.270170

     C   16       -0.007452       -0.001938       -0.280540
     C   16       -0.001938       -0.293186       -0.381139
     C   16       -0.280540       -0.381139        0.300638

     C   17       -0.249290        0.368565       -0.345032
     C   17        0.368565       -0.189043       -0.338130
     C   17       -0.345032       -0.338130        0.438332

     Cl  18        0.048117       -0.107388       -0.133555
     Cl  18       -0.107388       -0.059020        0.008066
     Cl  18       -0.133555        0.008066        0.010903

     H   19        0.493994        0.081514       -0.045829
     H   19        0.081514       -0.681066        0.014284
     H   19       -0.045829        0.014284        0.187072

     C   20       -0.394945       -0.306058       -0.397119
     C   20       -0.306058       -0.130534        0.350528
     C   20       -0.397119        0.350528        0.525479

     H   21       -0.146241        0.412931       -0.406443
     H   21        0.412931       -0.103468        0.334559
     H   21       -0.406443        0.334559        0.249709

     C   22       -0.344344       -0.361612       -0.369704
     C   22       -0.361612        0.067344        0.363461
     C   22       -0.369704        0.363461        0.276999

     C   23        0.057420       -0.453020       -0.070811
     C   23       -0.453020       -0.345707        0.479151
     C   23       -0.070811        0.479151        0.288287

     Cl  24       -0.025468       -0.119190        0.102139
     Cl  24       -0.119190        0.004031       -0.128485
     Cl  24        0.102139       -0.128485        0.021437

     ----- ionic term -----
     Cl   1        0.172530       -0.200212       -0.040310
     Cl   1       -0.200212       -0.041252        0.028365
     Cl   1       -0.040310        0.028365       -0.131278

     C    2        0.326486       -0.110979        0.160517
     C    2       -0.110979        0.064793        0.444194
     C    2        0.160517        0.444194       -0.391279

     C    3        0.113072       -0.162959        0.117339
     C    3       -0.162959        0.245108        0.471188
     C    3        0.117339        0.471188       -0.358179

     H    4        0.601236        0.471253        0.567542
     H    4        0.471253       -0.294497        0.309047
     H    4        0.567542        0.309047       -0.306739

     C    5        0.315113       -0.119416        0.206799
     C    5       -0.119416        0.084348        0.305235
     C    5        0.206799        0.305235       -0.399461

     H    6       -0.466319        0.266097        0.149250
     H    6        0.266097        0.728059        0.628290
     H    6        0.149250        0.628290       -0.261740

     H    7       -0.512890        0.052422       -0.020752
     H    7        0.052422        0.789554       -0.609730
     H    7       -0.020752       -0.609730       -0.276664

     C    8        0.307895        0.206308        0.269677
     C    8        0.206308        0.092432       -0.276395
     C    8        0.269677       -0.276395       -0.400327

     H    9        0.427790       -0.334264        0.732783
     H    9       -0.334264       -0.365088       -0.311453
     H    9        0.732783       -0.311453       -0.062702

     C   10        0.167019        0.278364        0.210370
     C   10        0.278364        0.223730       -0.332551
     C   10        0.210370       -0.332551       -0.390749

     C   11        0.188820        0.264460        0.265720
     C   11        0.264460        0.214783       -0.328162
     C   11        0.265720       -0.328162       -0.403604

     Cl  12        0.159374        0.245506        0.042262
     Cl  12        0.245506        0.018354        0.014381
     Cl  12        0.042262        0.014381       -0.177728

     H   13       -0.474943        0.212922        0.108755
     H   13        0.212922        0.691463        0.667476
     H   13        0.108755        0.667476       -0.216520

     C   14        0.430704       -0.131127        0.187112
     C   14       -0.131127        0.016295        0.323946
     C   14        0.187112        0.323946       -0.446998

     H   15        0.557836        0.412075        0.607361
     H   15        0.412075       -0.364023        0.301131
     H   15        0.607361        0.301131       -0.193812

     C   16        0.188142       -0.198686        0.118460
     C   16       -0.198686        0.221776        0.415911
     C   16        0.118460        0.415911       -0.409918

     C   17        0.214180       -0.151216        0.218918
     C   17       -0.151216        0.194505        0.354445
     C   17        0.218918        0.354445       -0.408684

     Cl  18        0.115068       -0.217679       -0.003848
     Cl  18       -0.217679        0.041783       -0.003574
     Cl  18       -0.003848       -0.003574       -0.156851

     H   19       -0.497642        0.032706        0.015843
     H   19        0.032706        0.850390       -0.546148
     H   19        0.015843       -0.546148       -0.352749

     C   20        0.337391        0.227847        0.290996
     C   20        0.227847        0.065733       -0.242678
     C   20        0.290996       -0.242678       -0.403124

     H   21        0.387237       -0.382930        0.676516
     H   21       -0.382930       -0.340295       -0.350016
     H   21        0.676516       -0.350016       -0.046942

     C   22        0.185602        0.234616        0.218574
     C   22        0.234616        0.179841       -0.345937
     C   22        0.218574       -0.345937       -0.365443

     C   23        0.237500        0.173909        0.294533
     C   23        0.173909        0.142386       -0.347246
     C   23        0.294533       -0.347246       -0.379886

     Cl  24        0.175435        0.221010        0.033974
     Cl  24        0.221010       -0.003049        0.017370
     Cl  24        0.033974        0.017370       -0.172386

     ----- GIPAW term -----
     Cl   1       -0.470798       -1.546125        0.635638
     Cl   1       -1.546125       -0.156356       -1.780124
     Cl   1        0.635638       -1.780124        0.627154

     C    2        0.212171       -0.135779       -0.059491
     C    2       -0.135779       -0.070817       -0.070397
     C    2       -0.059491       -0.070397       -0.141354

     C    3        0.118537        0.116216        0.065412
     C    3        0.116216       -0.133344       -0.053564
     C    3        0.065412       -0.053564        0.014808

     H    4       -0.000000        0.000000        0.000000
     H    4        0.000000        0.000000        0.000000
     H    4        0.000000        0.000000        0.000000

     C    5        0.071988       -0.020854       -0.172353
     C    5       -0.020854       -0.105874       -0.079809
     C    5       -0.172353       -0.079809        0.033887

     H    6       -0.000000        0.000000        0.000000
     H    6        0.000000        0.000000        0.000000
     H    6        0.000000        0.000000        0.000000

     H    7       -0.000000        0.000000        0.000000
     H    7        0.000000        0.000000        0.000000
     H    7        0.000000        0.000000        0.000000

     C    8        0.198430        0.109924       -0.039402
     C    8        0.109924       -0.110706        0.088608
     C    8       -0.039402        0.088608       -0.087724

     H    9       -0.000000        0.000000        0.000000
     H    9        0.000000        0.000000        0.000000
     H    9        0.000000        0.000000        0.000000

     C   10        0.098845        0.091890       -0.070106
     C   10        0.091890       -0.041734       -0.016045
     C   10       -0.070106       -0.016045       -0.057111

     C   11        0.008360        0.126369       -0.154182
     C   11        0.126369       -0.135333        0.064386
     C   11       -0.154182        0.064386        0.126973

     Cl  12        0.613933        0.880739       -2.044004
     Cl  12        0.880739       -1.297710        0.347331
     Cl  12       -2.044004        0.347331        0.683777

     H   13       -0.000000        0.000000        0.000000
     H   13        0.000000        0.000000        0.000000
     H   13        0.000000        0.000000        0.000000

     C   14        0.137723        0.041602       -0.209212
     C   14        0.041602       -0.168584        0.005856
     C   14       -0.209212        0.005856        0.030860

     H   15       -0.000000        0.000000        0.000000
     H   15        0.000000        0.000000        0.000000
     H   15        0.000000        0.000000        0.000000

     C   16        0.023150        0.007233       -0.189975
     C   16        0.007233       -0.112959       -0.059720
     C   16       -0.189975       -0.059720        0.089808

     C   17        0.093219       -0.017566       -0.226403
     C   17       -0.017566       -0.141790       -0.037213
     C   17       -0.226403       -0.037213        0.048571

     Cl  18        1.786687       -2.713337       -1.589339
     Cl  18       -2.713337       -0.764404        0.283402
     Cl  18       -1.589339        0.283402       -1.022284

     H   19       -0.000000        0.000000        0.000000
     H   19        0.000000        0.000000        0.000000
     H   19        0.000000        0.000000        0.000000

     C   20       -0.058735       -0.078839       -0.138842
     C   20       -0.078839       -0.082112        0.104478
     C   20       -0.138842        0.104478        0.140847

     H   21       -0.000000        0.000000        0.000000
     H   21        0.000000        0.000000        0.000000
     H   21        0.000000        0.000000        0.000000

     C   22       -0.048250       -0.184510       -0.120308
     C   22       -0.184510        0.104797        0.079123
     C   22       -0.120308        0.079123       -0.056546

     C   23        0.216597       -0.069150        0.053987
     C   23       -0.069150       -0.105262        0.038847
     C   23        0.053987        0.038847       -0.111335

     Cl  24        1.171636        0.558356        1.410599
     Cl  24        0.558356       -0.090934       -1.379378
     Cl  24        1.410599       -1.379378       -1.080701

     ----- total EFG -----
     Cl   1       -0.540996       -1.563994        0.663326
     Cl   1       -1.563994       -0.220630       -1.917487
     Cl   1        0.663326       -1.917487        0.761627

     C    2        0.530577       -0.398078       -0.374025
     C    2       -0.398078       -0.115161       -0.147820
     C    2       -0.374025       -0.147820       -0.415416

     C    3        0.269425        0.478581        0.158179
     C    3        0.478581       -0.344996       -0.076514
     C    3        0.158179       -0.076514        0.075572

     H    4        0.237426        0.194409        0.091163
     H    4        0.194409       -0.208073        0.157233
     H    4        0.091163        0.157233       -0.029352

     C    5        0.190490       -0.101789       -0.474494
     C    5       -0.101789       -0.126950       -0.203725
     C    5       -0.474494       -0.203725       -0.063540

     H    6       -0.117701        0.128200        0.064243
     H    6        0.128200        0.252329        0.121509
     H    6        0.064243        0.121509       -0.134628

     H    7       -0.502239       -0.287872       -0.108844
     H    7       -0.287872        0.411064       -0.289667
     H    7       -0.108844       -0.289667        0.091175

     C    8        0.390372        0.460287       -0.235705
     C    8        0.460287       -0.084696        0.275481
     C    8       -0.235705        0.275481       -0.305676

     H    9        0.264083       -0.274100        0.404765
     H    9       -0.274100       -0.148346        0.176388
     H    9        0.404765        0.176388       -0.115737

     C   10        0.091534       -0.019973       -0.059526
     C   10       -0.019973       -0.028580       -0.071274
     C   10       -0.059526       -0.071274       -0.062954

     C   11        0.134465        0.423674       -0.338193
     C   11        0.423674       -0.268483        0.227658
     C   11       -0.338193        0.227658        0.134017

     Cl  12        0.640713        0.899140       -2.180512
     Cl  12        0.899140       -1.412350        0.391233
     Cl  12       -2.180512        0.391233        0.771637

     H   13       -0.546936       -0.203781        0.210161
     H   13       -0.203781        0.347240        0.423659
     H   13        0.210161        0.423659        0.199697

     C   14        0.393758        0.320228       -0.398806
     C   14        0.320228       -0.436361        0.185322
     C   14       -0.398806        0.185322        0.042603

     H   15        0.016875       -0.052396        0.667941
     H   15       -0.052396       -0.093233        0.340554
     H   15        0.667941        0.340554        0.076358

     C   16        0.203840       -0.193391       -0.352054
     C   16       -0.193391       -0.184369       -0.024948
     C   16       -0.352054       -0.024948       -0.019472

     C   17        0.058109        0.199783       -0.352516
     C   17        0.199783       -0.136328       -0.020898
     C   17       -0.352516       -0.020898        0.078219

     Cl  18        1.949872       -3.038404       -1.726742
     Cl  18       -3.038404       -0.781641        0.287894
     Cl  18       -1.726742        0.287894       -1.168232

     H   19       -0.003648        0.114221       -0.029986
     H   19        0.114221        0.169324       -0.531865
     H   19       -0.029986       -0.531865       -0.165677

     C   20       -0.116289       -0.157050       -0.244965
     C   20       -0.157050       -0.146913        0.212328
     C   20       -0.244965        0.212328        0.263202

     H   21        0.240997        0.030001        0.270074
     H   21        0.030001       -0.443764       -0.015457
     H   21        0.270074       -0.015457        0.202767

     C   22       -0.206991       -0.311506       -0.271438
     C   22       -0.311506        0.351982        0.096648
     C   22       -0.271438        0.096648       -0.144991

     C   23        0.511516       -0.348260        0.277710
     C   23       -0.348260       -0.308583        0.170752
     C   23        0.277710        0.170752       -0.202934

     Cl  24        1.321603        0.660176        1.546712
     Cl  24        0.660176       -0.089952       -1.490493
     Cl  24        1.546712       -1.490493       -1.231651

     ----- total EFG (symmetrized) -----
     Cl   1       -0.540996       -1.563994        0.663326
     Cl   1       -1.563994       -0.220630       -1.917487
     Cl   1        0.663326       -1.917487        0.761627

     C    2        0.530577       -0.398078       -0.374025
     C    2       -0.398078       -0.115161       -0.147820
     C    2       -0.374025       -0.147820       -0.415416

     C    3        0.269425        0.478581        0.158179
     C    3        0.478581       -0.344996       -0.076514
     C    3        0.158179       -0.076514        0.075572

     H    4        0.237426        0.194409        0.091163
     H    4        0.194409       -0.208073        0.157233
     H    4        0.091163        0.157233       -0.029352

     C    5        0.190490       -0.101789       -0.474494
     C    5       -0.101789       -0.126950       -0.203725
     C    5       -0.474494       -0.203725       -0.063540

     H    6       -0.117701        0.128200        0.064243
     H    6        0.128200        0.252329        0.121509
     H    6        0.064243        0.121509       -0.134628

     H    7       -0.502239       -0.287872       -0.108844
     H    7       -0.287872        0.411064       -0.289667
     H    7       -0.108844       -0.289667        0.091175

     C    8        0.390372        0.460287       -0.235705
     C    8        0.460287       -0.084696        0.275481
     C    8       -0.235705        0.275481       -0.305676

     H    9        0.264083       -0.274100        0.404765
     H    9       -0.274100       -0.148346        0.176388
     H    9        0.404765        0.176388       -0.115737

     C   10        0.091534       -0.019973       -0.059526
     C   10       -0.019973       -0.028580       -0.071274
     C   10       -0.059526       -0.071274       -0.062954

     C   11        0.134465        0.423674       -0.338193
     C   11        0.423674       -0.268483        0.227658
     C   11       -0.338193        0.227658        0.134017

     Cl  12        0.640713        0.899140       -2.180512
     Cl  12        0.899140       -1.412350        0.391233
     Cl  12       -2.180512        0.391233        0.771637

     H   13       -0.546936       -0.203781        0.210161
     H   13       -0.203781        0.347240        0.423659
     H   13        0.210161        0.423659        0.199697

     C   14        0.393758        0.320228       -0.398806
     C   14        0.320228       -0.436361        0.185322
     C   14       -0.398806        0.185322        0.042603

     H   15        0.016875       -0.052396        0.667941
     H   15       -0.052396       -0.093233        0.340554
     H   15        0.667941        0.340554        0.076358

     C   16        0.203840       -0.193391       -0.352054
     C   16       -0.193391       -0.184369       -0.024948
     C   16       -0.352054       -0.024948       -0.019472

     C   17        0.058109        0.199783       -0.352516
     C   17        0.199783       -0.136328       -0.020898
     C   17       -0.352516       -0.020898        0.078219

     Cl  18        1.949872       -3.038404       -1.726742
     Cl  18       -3.038404       -0.781641        0.287894
     Cl  18       -1.726742        0.287894       -1.168232

     H   19       -0.003648        0.114221       -0.029986
     H   19        0.114221        0.169324       -0.531865
     H   19       -0.029986       -0.531865       -0.165677

     C   20       -0.116289       -0.157050       -0.244965
     C   20       -0.157050       -0.146913        0.212328
     C   20       -0.244965        0.212328        0.263202

     H   21        0.240997        0.030001        0.270074
     H   21        0.030001       -0.443764       -0.015457
     H   21        0.270074       -0.015457        0.202767

     C   22       -0.206991       -0.311506       -0.271438
     C   22       -0.311506        0.351982        0.096648
     C   22       -0.271438        0.096648       -0.144991

     C   23        0.511516       -0.348260        0.277710
     C   23       -0.348260       -0.308583        0.170752
     C   23        0.277710        0.170752       -0.202934

     Cl  24        1.321603        0.660176        1.546712
     Cl  24        0.660176       -0.089952       -1.490493
     Cl  24        1.546712       -1.490493       -1.231651


     NQR/NMR SPECTROSCOPIC PARAMETERS:
     Cl   1    Vxx=   -0.6503    axis=( -0.730396  0.222779  0.645671)
     Cl   1    Vyy=   -2.2645    axis=( -0.547738 -0.755790 -0.358839)
     Cl   1    Vzz=    2.9148    axis=(  0.408050 -0.615753  0.674050)
     Cl   1  Q=        -8.1650 1e-30 m^2  Cq=       -55.9196 MHz  eta= 0.55377

     C    2    Vxx=   -0.0949    axis=(  0.170733  0.803759 -0.569931)
     C    2    Vyy=   -0.6922    axis=(  0.395024  0.474068  0.786902)
     C    2    Vzz=    0.7871    axis=(  0.902666 -0.359486 -0.236565)
     C    2  Q=         1.0000 1e-30 m^2  Cq=         1.8495 MHz  eta= 0.75886

     C    3    Vxx=    0.0820    axis=( -0.095639 -0.278421  0.955686)
     C    3    Vyy=    0.5536    axis=( -0.869217 -0.444517 -0.216487)
     C    3    Vzz=   -0.6356    axis=(  0.485093 -0.851403 -0.199495)
     C    3  Q=         1.0000 1e-30 m^2  Cq=        -1.4934 MHz  eta= 0.74187

     H    4    Vxx=   -0.0333    axis=( -0.464477  0.248104  0.850121)
     H    4    Vyy=   -0.3302    axis=( -0.241392  0.888134 -0.391087)
     H    4    Vzz=    0.3634    axis=( -0.852051 -0.386863 -0.352628)
     H    4  Q=         1.0000 1e-30 m^2  Cq=         0.8539 MHz  eta= 0.81689

     C    5    Vxx=   -0.0105    axis=(  0.340357 -0.879432  0.332801)
     C    5    Vyy=   -0.5472    axis=(  0.522252  0.471123  0.710842)
     C    5    Vzz=    0.5576    axis=( -0.781927 -0.068134  0.619635)
     C    5  Q=         1.0000 1e-30 m^2  Cq=         1.3102 MHz  eta= 0.96248

     H    6    Vxx=   -0.1405    axis=(  0.721509 -0.408424  0.559120)
     H    6    Vyy=   -0.1912    axis=( -0.623982 -0.033528  0.780719)
     H    6    Vzz=    0.3317    axis=(  0.300119  0.912176  0.279040)
     H    6  Q=         1.0000 1e-30 m^2  Cq=         0.7793 MHz  eta= 0.15287

     H    7    Vxx=    0.0185    axis=( -0.375636  0.355921  0.855697)
     H    7    Vyy=    0.6178    axis=(  0.182178 -0.876941  0.444730)
     H    7    Vzz=   -0.6362    axis=(  0.908685  0.322946  0.264570)
     H    7  Q=         1.0000 1e-30 m^2  Cq=        -1.4949 MHz  eta= 0.94194

     C    8    Vxx=    0.0209    axis=( -0.297229  0.613300  0.731791)
     C    8    Vyy=    0.6747    axis=( -0.863890 -0.499145  0.067441)
     C    8    Vzz=   -0.6957    axis=(  0.406631 -0.612142  0.678184)
     C    8  Q=         1.0000 1e-30 m^2  Cq=        -1.6345 MHz  eta= 0.93981

     H    9    Vxx=    0.0305    axis=(  0.124394 -0.786779 -0.604571)
     H    9    Vyy=    0.5521    axis=( -0.858953  0.219631 -0.462560)
     H    9    Vzz=   -0.5827    axis=(  0.496715  0.576837 -0.648485)
     H    9  Q=         1.0000 1e-30 m^2  Cq=        -1.3690 MHz  eta= 0.89521

     C   10    Vxx=    0.0228    axis=( -0.219780  0.819706 -0.528942)
     C   10    Vyy=    0.1120    axis=(  0.941473  0.036166 -0.335143)
     C   10    Vzz=   -0.1347    axis=(  0.255589  0.571642  0.779679)
     C   10  Q=         1.0000 1e-30 m^2  Cq=        -0.3165 MHz  eta= 0.66202

     C   11    Vxx=    0.1945    axis=(  0.288502  0.621965  0.727960)
     C   11    Vyy=    0.5122    axis=( -0.792824 -0.271100  0.545834)
     C   11    Vzz=   -0.7067    axis=( -0.536840  0.734619 -0.414896)
     C   11  Q=         1.0000 1e-30 m^2  Cq=        -1.6604 MHz  eta= 0.44954

     Cl  12    Vxx=   -0.5434    axis=( -0.452417 -0.710691 -0.538737)
     Cl  12    Vyy=   -2.3731    axis=(  0.544387 -0.698569  0.464376)
     Cl  12    Vzz=    2.9165    axis=( -0.706372 -0.083190  0.702935)
     Cl  12  Q=        -8.1650 1e-30 m^2  Cq=       -55.9517 MHz  eta= 0.62737

     H   13    Vxx=   -0.0007    axis=( -0.470955  0.557091 -0.683996)
     H   13    Vyy=   -0.7032    axis=( -0.881974 -0.313150  0.352220)
     H   13    Vzz=    0.7039    axis=( -0.017975  0.769147  0.638819)
     H   13  Q=         1.0000 1e-30 m^2  Cq=         1.6538 MHz  eta= 0.99814

     C   14    Vxx=    0.0067    axis=(  0.327181  0.556056  0.764038)
     C   14    Vyy=    0.6819    axis=( -0.857586 -0.164841  0.487210)
     C   14    Vzz=   -0.6886    axis=( -0.396861  0.814634 -0.422933)
     C   14  Q=         1.0000 1e-30 m^2  Cq=        -1.6179 MHz  eta= 0.98054

     H   15    Vxx=   -0.0271    axis=(  0.464162 -0.880135 -0.099579)
     H   15    Vyy=   -0.7426    axis=(  0.619906  0.403092 -0.673226)
     H   15    Vzz=    0.7697    axis=(  0.632669  0.250756  0.732701)
     H   15  Q=         1.0000 1e-30 m^2  Cq=         1.8084 MHz  eta= 0.92966

     C   16    Vxx=   -0.1108    axis=(  0.212156 -0.764035  0.609295)
     C   16    Vyy=   -0.3813    axis=( -0.546779 -0.609566 -0.573988)
     C   16    Vzz=    0.4921    axis=( -0.809952  0.211375  0.547081)
     C   16  Q=         1.0000 1e-30 m^2  Cq=         1.1562 MHz  eta= 0.54980

     C   17    Vxx=   -0.0950    axis=( -0.223823 -0.803020 -0.552324)
     C   17    Vyy=   -0.3671    axis=(  0.673466 -0.537073  0.507933)
     C   17    Vzz=    0.4621    axis=(  0.704519  0.258284 -0.661016)
     C   17  Q=         1.0000 1e-30 m^2  Cq=         1.0858 MHz  eta= 0.58876

     Cl  18    Vxx=   -1.3211    axis=( -0.006582 -0.499427  0.866331)
     Cl  18    Vyy=   -3.0646    axis=( -0.571757 -0.708886 -0.413006)
     Cl  18    Vzz=    4.3856    axis=(  0.820396 -0.498050 -0.280885)
     Cl  18  Q=        -8.1650 1e-30 m^2  Cq=       -84.1362 MHz  eta= 0.39754

     H   19    Vxx=   -0.0209    axis=(  0.979454 -0.102492  0.173683)
     H   19    Vyy=   -0.5592    axis=( -0.079363  0.595844  0.799169)
     H   19    Vzz=    0.5802    axis=( -0.185396 -0.796533  0.575468)
     H   19  Q=         1.0000 1e-30 m^2  Cq=         1.3632 MHz  eta= 0.92789

     C   20    Vxx=   -0.2002    axis=( -0.574861  0.585110 -0.571998)
     C   20    Vyy=   -0.2896    axis=( -0.696465 -0.716818 -0.033298)
     C   20    Vzz=    0.4898    axis=( -0.429502  0.379235  0.819579)
     C   20  Q=         1.0000 1e-30 m^2  Cq=         1.1509 MHz  eta= 0.18263

     H   21    Vxx=   -0.0463    axis=( -0.678291 -0.079612  0.730468)
     H   21    Vyy=   -0.4464    axis=(  0.063144 -0.996751 -0.050000)
     H   21    Vzz=    0.4928    axis=(  0.732075  0.012210  0.681114)
     H   21  Q=         1.0000 1e-30 m^2  Cq=         1.1578 MHz  eta= 0.81196

     C   22    Vxx=   -0.0629    axis=(  0.406966  0.485786 -0.773557)
     C   22    Vyy=   -0.4891    axis=(  0.794484  0.229645  0.562191)
     C   22    Vzz=    0.5520    axis=(  0.450748 -0.843371 -0.292491)
     C   22  Q=         1.0000 1e-30 m^2  Cq=         1.2970 MHz  eta= 0.77216

     C   23    Vxx=   -0.0773    axis=(  0.014710 -0.608076 -0.793742)
     C   23    Vyy=   -0.6111    axis=(  0.368715  0.741183 -0.560978)
     C   23    Vzz=    0.6883    axis=( -0.929426  0.284413 -0.235110)
     C   23  Q=         1.0000 1e-30 m^2  Cq=         1.6173 MHz  eta= 0.77549

     Cl  24    Vxx=    0.8529    axis=(  0.238544  0.864978 -0.441487)
     Cl  24    Vyy=    2.0515    axis=( -0.899768  0.025805 -0.435604)
     Cl  24    Vzz=   -2.9043    axis=( -0.365395  0.501146  0.784435)
     Cl  24  Q=        -8.1650 1e-30 m^2  Cq=        55.7183 MHz  eta= 0.41270

     Initialization:
     gipaw_setup  :      9.14s CPU     10.95s WALL (       1 calls)

     Linear response

     Apply operators

     Induced current

     Other routines
     efg          :      9.36s CPU     11.60s WALL (       1 calls)

     General routines
     calbec       :      3.30s CPU      4.12s WALL (      16 calls)
     fft          :      1.44s CPU      1.83s WALL (      15 calls)
     ffts         :      0.03s CPU      0.04s WALL (       2 calls)
     fftw         :      3.32s CPU      3.92s WALL (     672 calls)
     davcio       :      0.04s CPU      0.33s WALL (      32 calls)

     Parallel routines
     fft_scatter  :      2.08s CPU      2.92s WALL (     689 calls)

     Plugins

     GIPAW        :     63.50s CPU     74.07s WALL (       1 calls)
