
     Program QE v.6.0 (svn rev. 13079) starts on 16Jan2017 at 10:32:42 

     This program is part of the open-source Quantum ESPRESSO suite
     for quantum simulation of materials; please cite
         "P. Giannozzi et al., J. Phys.:Condens. Matter 21 395502 (2009);
          URL http://www.quantum-espresso.org", 
     in publications or presentations arising from this work. More details at
     http://www.quantum-espresso.org/quote

     Parallel version (MPI), running on     8 processors
     R & G space division:  proc/nbgrp/npool/nimage =       8

     ***** This is GIPAW svn revision unknown      *****

     Parallelizing q-star over 1 images

     Reading data from directory:
     /users/majewski/paradichlorobenzene/pbe/9_constraint/scratch/pbe.ecut100.np8.dt60.pcl2phi-129368.save
     Message from routine read_xml_file:
     file /users/majewski/paradichlorobenzene/pbe/9_constraint/scratch/pbe.ecut100.np8.dt60.pcl2phi-129368.save not guaranteed to be safe for post-processing

   Info: using nr1, nr2, nr3 values from input

   Info: using nr1, nr2, nr3 values from input

     IMPORTANT: XC functional enforced from input :
     Exchange-correlation      =  SLA  PW   PBX  PBC ( 1  4  3  4 0 0)
     Any further DFT definition will be discarded
     Please, verify this is what you really want

               file C.pbe-n-kjpaw_psl.1.0.0.UPF: wavefunction(s)  2S 2P renormalized
               file Cl.pbe-n-kjpaw_psl.1.0.0.UPF: wavefunction(s)  3S 3P renormalized
               file H.pbe-kjpaw_psl.1.0.0.UPF: wavefunction(s)  1S renormalized

     Parallelization info
     --------------------
     sticks:   dense  smooth     PW     G-vecs:    dense   smooth      PW
     Min        3057    1223    332               144436    36536    5170
     Max        3059    1225    333               144437    36537    5171
     Sum       24467    9791   2657              1155489   292295   41363


     Subspace diagonalization in iterative solution of the eigenvalue problem:
     a serial algorithm will be used

     GIPAW projectors -----------------------------------------------
     atom=  C    l=0  rc=    1.2000  rs=    0.8000
     atom=  C    l=0  rc=    1.2000  rs=    0.8000
     atom=  C    l=1  rc=    1.4000  rs=    0.9333
     atom=  C    l=1  rc=    1.4000  rs=    0.9333
     projs nearly linearly dependent: l=1  n1,n2= 1, 2  s=  0.99951561

     atom=  Cl   l=0  rc=    1.6000  rs=    1.0667
     atom=  Cl   l=0  rc=    1.6000  rs=    1.0667
     atom=  Cl   l=1  rc=    1.6000  rs=    1.0667
     atom=  Cl   l=1  rc=    1.6000  rs=    1.0667
     atom=  Cl   l=2  rc=    1.6000  rs=    1.0667
     atom=  Cl   l=2  rc=    1.6000  rs=    1.0667
     projs nearly linearly dependent: l=2  n1,n2= 1, 2  s=  0.99993509

     atom=  H    l=0  rc=    1.0000  rs=    0.6667
     atom=  H    l=0  rc=    1.0000  rs=    0.6667
     projs nearly linearly dependent: l=0  n1,n2= 1, 2  s=  0.99968852
     -----------------------------------------------------------------

     GIPAW integrals: -------------------------------------------
     Atom  i/j   nmr_para   nmr_dia   epr_rmc  epr_para   epr_dia
       C   1 1   0.83E+03  0.17E-01  0.93E+01  0.24E+08  0.24E+03
       C   2 1   0.86E+03 -0.61E-01  0.94E+01  0.25E+08  0.25E+03
       C   2 2   0.90E+03 -0.15E+00  0.97E+01  0.26E+08  0.26E+03
       C   3 3   0.33E+01  0.34E+00  0.18E+01  0.55E+03  0.21E+02
       C   4 3   0.35E+01  0.37E+00  0.20E+01  0.59E+03  0.22E+02
       C   4 4   0.38E+01  0.39E+00  0.22E+01  0.63E+03  0.24E+02
       Cl  1 1   0.14E+04 -0.47E+00  0.84E+01  0.32E+09  0.42E+03
       Cl  2 1   0.21E+04 -0.37E+00  0.12E+02  0.49E+09  0.65E+03
       Cl  2 2   0.33E+04 -0.16E+00  0.21E+02  0.76E+09  0.10E+04
       Cl  3 3   0.21E+02  0.79E-01  0.89E+01  0.23E+05  0.13E+03
       Cl  4 3   0.24E+02  0.67E-01  0.99E+01  0.27E+05  0.15E+03
       Cl  4 4   0.28E+02  0.44E-01  0.11E+02  0.32E+05  0.18E+03
       Cl  5 5   0.77E+00  0.19E+00  0.18E+01  0.12E+03  0.22E+02
       Cl  6 5   0.80E+00  0.19E+00  0.19E+01  0.12E+03  0.23E+02
       Cl  6 6   0.83E+00  0.20E+00  0.19E+01  0.12E+03  0.23E+02
       H   1 1   0.39E+02  0.19E+00  0.29E+00  0.78E+05  0.13E+02
       H   2 1   0.41E+02  0.21E+00  0.32E+00  0.82E+05  0.14E+02
       H   2 2   0.43E+02  0.22E+00  0.36E+00  0.86E+05  0.15E+02
     ------------------------------------------------------------

     alpha_pv=     34.6115 eV

     Number of occupied bands for each k-point:
     k-point:     1    nbnd_occ=  42
     k-point:     2    nbnd_occ=  42
     k-point:     3    nbnd_occ=  42
     k-point:     4    nbnd_occ=  42
     k-point:     5    nbnd_occ=  42
     k-point:     6    nbnd_occ=  42
     k-point:     7    nbnd_occ=  42
     k-point:     8    nbnd_occ=  42
     k-point:     9    nbnd_occ=  42
     k-point:    10    nbnd_occ=  42
     k-point:    11    nbnd_occ=  42
     k-point:    12    nbnd_occ=  42
     k-point:    13    nbnd_occ=  42
     k-point:    14    nbnd_occ=  42
     k-point:    15    nbnd_occ=  42
     k-point:    16    nbnd_occ=  42


     q-space interpolation up to   110.00 Rydberg

     GIPAW job: efg                                                                             


     ELECTRIC FIELD GRADIENTS TENSORS IN Hartree/bohrradius^2:

     ----- bare term -----
     Cl   1        0.115154        0.193506        0.082851
     Cl   1        0.193506       -0.101168        0.417886
     Cl   1        0.082851        0.417886       -0.013986

     C    2        0.045801       -0.024797       -0.233837
     C    2       -0.024797        0.030339       -0.641805
     C    2       -0.233837       -0.641805       -0.076140

     C    3       -0.396198        0.170676       -0.117869
     C    3        0.170676        0.073083       -0.066292
     C    3       -0.117869       -0.066292        0.323115

     H    4       -0.197540       -0.411876        0.053437
     H    4       -0.411876       -0.107076        0.144693
     H    4        0.053437        0.144693        0.304616

     C    5       -0.024506        0.197398       -0.087278
     C    5        0.197398       -0.077465       -0.404623
     C    5       -0.087278       -0.404623        0.101971

     H    6        0.308485       -0.399222        0.013994
     H    6       -0.399222       -0.671860       -0.112673
     H    6        0.013994       -0.112673        0.363374

     H    7        0.514426        0.017818        0.115520
     H    7        0.017818       -0.030045        0.188464
     H    7        0.115520        0.188464       -0.484382

     C    8       -0.757569       -0.332692       -0.210169
     C    8       -0.332692        0.366675        0.113988
     C    8       -0.210169        0.113988        0.390894

     H    9       -0.214370       -0.153444       -0.518532
     H    9       -0.153444       -0.006418       -0.016871
     H    9       -0.518532       -0.016871        0.220788

     C   10        0.262261       -0.053369       -0.172192
     C   10       -0.053369       -0.175212        0.500086
     C   10       -0.172192        0.500086       -0.087049

     C   11       -0.684628       -0.488985       -0.332814
     C   11       -0.488985        0.238090        0.065099
     C   11       -0.332814        0.065099        0.446538

     Cl  12       -0.029902        0.037958       -0.037214
     Cl  12        0.037958        0.166063        0.032792
     Cl  12       -0.037214        0.032792       -0.136161

     H   13        0.233520       -0.112612        0.056161
     H   13       -0.112612       -0.522409       -0.546373
     H   13        0.056161       -0.546373        0.288889

     C   14       -0.763901        0.383423       -0.459596
     C   14        0.383423        0.278902        0.004990
     C   14       -0.459596        0.004990        0.484999

     H   15       -0.490651       -0.239065        0.253911
     H   15       -0.239065        0.346744       -0.080979
     H   15        0.253911       -0.080979        0.143907

     C   16        0.191145       -0.043228       -0.008138
     C   16       -0.043228       -0.477093       -0.378260
     C   16       -0.008138       -0.378260        0.285949

     C   17       -0.806475        0.377078       -0.303209
     C   17        0.377078        0.285965       -0.033211
     C   17       -0.303209       -0.033211        0.520510

     Cl  18        0.134975        0.008012        0.021576
     Cl  18        0.008012       -0.115683       -0.170999
     Cl  18        0.021576       -0.170999       -0.019292

     H   19        0.456189        0.114276       -0.042808
     H   19        0.114276       -0.612934        0.543926
     H   19       -0.042808        0.543926        0.156745

     C   20        0.031261        0.046296       -0.221716
     C   20        0.046296       -0.072936        0.391719
     C   20       -0.221716        0.391719        0.041675

     H   21       -0.131185        0.466925       -0.284044
     H   21        0.466925       -0.265988        0.142367
     H   21       -0.284044        0.142367        0.397173

     C   22       -0.717879       -0.310890       -0.223627
     C   22       -0.310890        0.293678        0.118312
     C   22       -0.223627        0.118312        0.424201

     C   23        0.097338        0.118682       -0.333257
     C   23        0.118682       -0.057109        0.636123
     C   23       -0.333257        0.636123       -0.040228

     Cl  24       -0.329392       -0.282106       -0.007476
     Cl  24       -0.282106        0.221053       -0.000514
     Cl  24       -0.007476       -0.000514        0.108339

     ----- ionic term -----
     Cl   1        0.126871       -0.175299       -0.069938
     Cl   1       -0.175299        0.000126        0.051478
     Cl   1       -0.069938        0.051478       -0.126996

     C    2        0.307488       -0.055836        0.025389
     C    2       -0.055836        0.129771        0.401244
     C    2        0.025389        0.401244       -0.437259

     C    3        0.226507       -0.098735        0.032235
     C    3       -0.098735        0.211592        0.390363
     C    3        0.032235        0.390363       -0.438099

     H    4        0.785422        0.538212        0.283421
     H    4        0.538212       -0.270718        0.189200
     H    4        0.283421        0.189200       -0.514704

     C    5        0.412284       -0.083473        0.111236
     C    5       -0.083473        0.078362        0.299421
     C    5        0.111236        0.299421       -0.490646

     H    6       -0.495242        0.199061        0.097867
     H    6        0.199061        0.777377        0.626399
     H    6        0.097867        0.626399       -0.282135

     H    7       -0.519208        0.076777       -0.051466
     H    7        0.076777        0.369114       -0.795552
     H    7       -0.051466       -0.795552        0.150095

     C    8        0.245343        0.221377        0.274365
     C    8        0.221377       -0.000886       -0.322350
     C    8        0.274365       -0.322350       -0.244457

     H    9        0.601849       -0.425308        0.578744
     H    9       -0.425308       -0.308750       -0.281748
     H    9        0.578744       -0.281748       -0.293099

     C   10        0.135370        0.229711        0.175470
     C   10        0.229711        0.160607       -0.392236
     C   10        0.175470       -0.392236       -0.295977

     C   11        0.318748        0.194183        0.288820
     C   11        0.194183       -0.008358       -0.389393
     C   11        0.288820       -0.389393       -0.310390

     Cl  12        0.206194        0.250202        0.016137
     Cl  12        0.250202       -0.038734        0.002154
     Cl  12        0.016137        0.002154       -0.167460

     H   13       -0.500832        0.133975        0.034345
     H   13        0.133975        0.709140        0.672700
     H   13        0.034345        0.672700       -0.208307

     C   14        0.418523       -0.134950        0.018570
     C   14       -0.134950        0.072908        0.315961
     C   14        0.018570        0.315961       -0.491432

     H   15        0.779594        0.518551        0.384270
     H   15        0.518551       -0.279138        0.193890
     H   15        0.384270        0.193890       -0.500456

     C   16        0.261738       -0.114294        0.036797
     C   16       -0.114294        0.237665        0.363759
     C   16        0.036797        0.363759       -0.499402

     C   17        0.288207       -0.041825        0.158482
     C   17       -0.041825        0.214305        0.329143
     C   17        0.158482        0.329143       -0.502512

     Cl  18        0.124068       -0.210522       -0.008222
     Cl  18       -0.210522        0.032434        0.008881
     Cl  18       -0.008222        0.008881       -0.156502

     H   19       -0.519587       -0.080635        0.073459
     H   19       -0.080635        0.396185       -0.800029
     H   19        0.073459       -0.800029        0.123402

     C   20        0.310946        0.165016        0.295247
     C   20        0.165016       -0.016394       -0.317197
     C   20        0.295247       -0.317197       -0.294552

     H   21        0.703551       -0.282095        0.625889
     H   21       -0.282095       -0.436776       -0.215168
     H   21        0.625889       -0.215168       -0.266775

     C   22        0.166479        0.218765        0.207277
     C   22        0.218765        0.167027       -0.377692
     C   22        0.207277       -0.377692       -0.333506

     C   23        0.160912        0.122319        0.328713
     C   23        0.122319        0.102924       -0.409832
     C   23        0.328713       -0.409832       -0.263836

     Cl  24        0.127733        0.174513        0.020412
     Cl  24        0.174513        0.020931       -0.003201
     Cl  24        0.020412       -0.003201       -0.148665

     ----- GIPAW term -----
     Cl   1       -0.329308        0.037533       -0.302571
     Cl   1        0.037533        0.079570       -0.736009
     Cl   1       -0.302571       -0.736009        0.249738

     C    2       -0.049140       -0.014522       -0.038526
     C    2       -0.014522        0.209249       -0.127408
     C    2       -0.038526       -0.127408       -0.160109

     C    3       -0.079652        0.051705       -0.035580
     C    3        0.051705        0.099258       -0.043773
     C    3       -0.035580       -0.043773       -0.019606

     H    4       -0.000000        0.000000        0.000000
     H    4        0.000000        0.000000        0.000000
     H    4        0.000000        0.000000        0.000000

     C    5       -0.059174        0.122532        0.011160
     C    5        0.122532        0.196976       -0.060095
     C    5        0.011160       -0.060095       -0.137802

     H    6       -0.000000        0.000000        0.000000
     H    6        0.000000        0.000000        0.000000
     H    6        0.000000        0.000000        0.000000

     H    7       -0.000000        0.000000        0.000000
     H    7        0.000000        0.000000        0.000000
     H    7        0.000000        0.000000        0.000000

     C    8       -0.161771        0.030805        0.004304
     C    8        0.030805        0.215429        0.030414
     C    8        0.004304        0.030414       -0.053658

     H    9       -0.000000        0.000000        0.000000
     H    9        0.000000        0.000000        0.000000
     H    9        0.000000        0.000000        0.000000

     C   10       -0.036582        0.013092       -0.012774
     C   10        0.013092        0.143105        0.026497
     C   10       -0.012774        0.026497       -0.106523

     C   11       -0.116933       -0.020800       -0.023848
     C   11       -0.020800        0.186624       -0.019886
     C   11       -0.023848       -0.019886       -0.069692

     Cl  12        0.303527        2.188557       -0.171695
     Cl  12        2.188557        2.295207        0.459567
     Cl  12       -0.171695        0.459567       -2.598734

     H   13       -0.000000        0.000000        0.000000
     H   13        0.000000        0.000000        0.000000
     H   13        0.000000        0.000000        0.000000

     C   14       -0.115677       -0.060720       -0.115844
     C   14       -0.060720        0.093930        0.148608
     C   14       -0.115844        0.148608        0.021748

     H   15       -0.000000        0.000000        0.000000
     H   15        0.000000        0.000000        0.000000
     H   15        0.000000        0.000000        0.000000

     C   16       -0.031406       -0.046246       -0.016065
     C   16       -0.046246       -0.038082        0.088158
     C   16       -0.016065        0.088158        0.069488

     C   17       -0.151902        0.034635        0.021389
     C   17        0.034635        0.080700        0.168391
     C   17        0.021389        0.168391        0.071202

     Cl  18       -0.222347       -0.658491        0.547126
     Cl  18       -0.658491        0.531666        1.686445
     Cl  18        0.547126        1.686445       -0.309319

     H   19       -0.000000        0.000000        0.000000
     H   19        0.000000        0.000000        0.000000
     H   19        0.000000        0.000000        0.000000

     C   20       -0.061620        0.010739       -0.015233
     C   20        0.010739        0.193948        0.034378
     C   20       -0.015233        0.034378       -0.132328

     H   21       -0.000000        0.000000        0.000000
     H   21        0.000000        0.000000        0.000000
     H   21        0.000000        0.000000        0.000000

     C   22       -0.197846        0.003685       -0.029935
     C   22        0.003685        0.264535       -0.005091
     C   22       -0.029935       -0.005091       -0.066689

     C   23       -0.049181        0.072372       -0.038850
     C   23        0.072372        0.205759        0.033300
     C   23       -0.038850        0.033300       -0.156578

     Cl  24       -0.966811        1.038656       -0.118991
     Cl  24        1.038656        2.751363       -0.162830
     Cl  24       -0.118991       -0.162830       -1.784552

     ----- total EFG -----
     Cl   1       -0.087283        0.055740       -0.289658
     Cl   1        0.055740       -0.021472       -0.266646
     Cl   1       -0.289658       -0.266646        0.108755

     C    2        0.304149       -0.095155       -0.246974
     C    2       -0.095155        0.369359       -0.367969
     C    2       -0.246974       -0.367969       -0.673508

     C    3       -0.249343        0.123646       -0.121214
     C    3        0.123646        0.383933        0.280298
     C    3       -0.121214        0.280298       -0.134590

     H    4        0.587883        0.126336        0.336859
     H    4        0.126336       -0.377794        0.333893
     H    4        0.336859        0.333893       -0.210089

     C    5        0.328604        0.236457        0.035118
     C    5        0.236457        0.197873       -0.165297
     C    5        0.035118       -0.165297       -0.526478

     H    6       -0.186757       -0.200162        0.111861
     H    6       -0.200162        0.105517        0.513726
     H    6        0.111861        0.513726        0.081239

     H    7       -0.004782        0.094595        0.064054
     H    7        0.094595        0.339069       -0.607087
     H    7        0.064054       -0.607087       -0.334287

     C    8       -0.673997       -0.080511        0.068499
     C    8       -0.080511        0.581218       -0.177948
     C    8        0.068499       -0.177948        0.092779

     H    9        0.387479       -0.578752        0.060212
     H    9       -0.578752       -0.315168       -0.298619
     H    9        0.060212       -0.298619       -0.072311

     C   10        0.361049        0.189434       -0.009497
     C   10        0.189434        0.128500        0.134348
     C   10       -0.009497        0.134348       -0.489550

     C   11       -0.482814       -0.315602       -0.067841
     C   11       -0.315602        0.416357       -0.344180
     C   11       -0.067841       -0.344180        0.066457

     Cl  12        0.479818        2.476717       -0.192771
     Cl  12        2.476717        2.422536        0.494514
     Cl  12       -0.192771        0.494514       -2.902354

     H   13       -0.267312        0.021363        0.090505
     H   13        0.021363        0.186730        0.126327
     H   13        0.090505        0.126327        0.080582

     C   14       -0.461056        0.187754       -0.556870
     C   14        0.187754        0.445740        0.469559
     C   14       -0.556870        0.469559        0.015315

     H   15        0.288943        0.279486        0.638181
     H   15        0.279486        0.067606        0.112911
     H   15        0.638181        0.112911       -0.356549

     C   16        0.421476       -0.203767        0.012595
     C   16       -0.203767       -0.277511        0.073656
     C   16        0.012595        0.073656       -0.143966

     C   17       -0.670170        0.369888       -0.123338
     C   17        0.369888        0.580970        0.464323
     C   17       -0.123338        0.464323        0.089200

     Cl  18        0.036696       -0.861001        0.560479
     Cl  18       -0.861001        0.448417        1.524327
     Cl  18        0.560479        1.524327       -0.485113

     H   19       -0.063398        0.033641        0.030651
     H   19        0.033641       -0.216749       -0.256103
     H   19        0.030651       -0.256103        0.280147

     C   20        0.280587        0.222051        0.058297
     C   20        0.222051        0.104618        0.108900
     C   20        0.058297        0.108900       -0.385205

     H   21        0.572366        0.184830        0.341845
     H   21        0.184830       -0.702764       -0.072801
     H   21        0.341845       -0.072801        0.130398

     C   22       -0.749246       -0.088441       -0.046285
     C   22       -0.088441        0.725240       -0.264471
     C   22       -0.046285       -0.264471        0.024006

     C   23        0.209068        0.313373       -0.043394
     C   23        0.313373        0.251574        0.259591
     C   23       -0.043394        0.259591       -0.460642

     Cl  24       -1.168470        0.931064       -0.106055
     Cl  24        0.931064        2.993348       -0.166545
     Cl  24       -0.106055       -0.166545       -1.824878

     ----- total EFG (symmetrized) -----
     Cl   1       -0.087283        0.055740       -0.289658
     Cl   1        0.055740       -0.021472       -0.266646
     Cl   1       -0.289658       -0.266646        0.108755

     C    2        0.304149       -0.095155       -0.246974
     C    2       -0.095155        0.369359       -0.367969
     C    2       -0.246974       -0.367969       -0.673508

     C    3       -0.249343        0.123646       -0.121214
     C    3        0.123646        0.383933        0.280298
     C    3       -0.121214        0.280298       -0.134590

     H    4        0.587883        0.126336        0.336859
     H    4        0.126336       -0.377794        0.333893
     H    4        0.336859        0.333893       -0.210089

     C    5        0.328604        0.236457        0.035118
     C    5        0.236457        0.197873       -0.165297
     C    5        0.035118       -0.165297       -0.526478

     H    6       -0.186757       -0.200162        0.111861
     H    6       -0.200162        0.105517        0.513726
     H    6        0.111861        0.513726        0.081239

     H    7       -0.004782        0.094595        0.064054
     H    7        0.094595        0.339069       -0.607087
     H    7        0.064054       -0.607087       -0.334287

     C    8       -0.673997       -0.080511        0.068499
     C    8       -0.080511        0.581218       -0.177948
     C    8        0.068499       -0.177948        0.092779

     H    9        0.387479       -0.578752        0.060212
     H    9       -0.578752       -0.315168       -0.298619
     H    9        0.060212       -0.298619       -0.072311

     C   10        0.361049        0.189434       -0.009497
     C   10        0.189434        0.128500        0.134348
     C   10       -0.009497        0.134348       -0.489550

     C   11       -0.482814       -0.315602       -0.067841
     C   11       -0.315602        0.416357       -0.344180
     C   11       -0.067841       -0.344180        0.066457

     Cl  12        0.479818        2.476717       -0.192771
     Cl  12        2.476717        2.422536        0.494514
     Cl  12       -0.192771        0.494514       -2.902354

     H   13       -0.267312        0.021363        0.090505
     H   13        0.021363        0.186730        0.126327
     H   13        0.090505        0.126327        0.080582

     C   14       -0.461056        0.187754       -0.556870
     C   14        0.187754        0.445740        0.469559
     C   14       -0.556870        0.469559        0.015315

     H   15        0.288943        0.279486        0.638181
     H   15        0.279486        0.067606        0.112911
     H   15        0.638181        0.112911       -0.356549

     C   16        0.421476       -0.203767        0.012595
     C   16       -0.203767       -0.277511        0.073656
     C   16        0.012595        0.073656       -0.143966

     C   17       -0.670170        0.369888       -0.123338
     C   17        0.369888        0.580970        0.464323
     C   17       -0.123338        0.464323        0.089200

     Cl  18        0.036696       -0.861001        0.560479
     Cl  18       -0.861001        0.448417        1.524327
     Cl  18        0.560479        1.524327       -0.485113

     H   19       -0.063398        0.033641        0.030651
     H   19        0.033641       -0.216749       -0.256103
     H   19        0.030651       -0.256103        0.280147

     C   20        0.280587        0.222051        0.058297
     C   20        0.222051        0.104618        0.108900
     C   20        0.058297        0.108900       -0.385205

     H   21        0.572366        0.184830        0.341845
     H   21        0.184830       -0.702764       -0.072801
     H   21        0.341845       -0.072801        0.130398

     C   22       -0.749246       -0.088441       -0.046285
     C   22       -0.088441        0.725240       -0.264471
     C   22       -0.046285       -0.264471        0.024006

     C   23        0.209068        0.313373       -0.043394
     C   23        0.313373        0.251574        0.259591
     C   23       -0.043394        0.259591       -0.460642

     Cl  24       -1.168470        0.931064       -0.106055
     Cl  24        0.931064        2.993348       -0.166545
     Cl  24       -0.106055       -0.166545       -1.824878


     NQR/NMR SPECTROSCOPIC PARAMETERS:
     Cl   1    Vxx=   -0.1050    axis=(  0.628063 -0.770361 -0.109913)
     Cl   1    Vyy=   -0.3473    axis=(  0.632378  0.422971  0.648994)
     Cl   1    Vzz=    0.4522    axis=( -0.453469 -0.477116  0.752812)
     Cl   1  Q=        -8.1650 1e-30 m^2  Cq=        -8.6758 MHz  eta= 0.53581

     C    2    Vxx=    0.3626    axis=(  0.967055  0.052390 -0.249116)
     C    2    Vyy=    0.4881    axis=(  0.122718 -0.953321  0.275897)
     C    2    Vzz=   -0.8507    axis=(  0.223034  0.297379  0.928344)
     C    2  Q=         1.0000 1e-30 m^2  Cq=        -1.9988 MHz  eta= 0.14751

     C    3    Vxx=   -0.0961    axis=( -0.706001 -0.212600  0.675547)
     C    3    Vyy=   -0.4161    axis=( -0.702654  0.329532 -0.630624)
     C    3    Vzz=    0.5122    axis=(  0.088544  0.919897  0.382034)
     C    3  Q=         1.0000 1e-30 m^2  Cq=         1.2036 MHz  eta= 0.62469

     H    4    Vxx=   -0.1128    axis=( -0.427461  0.622355  0.655707)
     H    4    Vyy=   -0.6490    axis=(  0.100036  0.753421 -0.649884)
     H    4    Vzz=    0.7618    axis=(  0.898482  0.212206  0.384316)
     H    4  Q=         1.0000 1e-30 m^2  Cq=         1.7899 MHz  eta= 0.70391

     C    5    Vxx=    0.0571    axis=( -0.617742  0.746090 -0.248484)
     C    5    Vyy=    0.5138    axis=(  0.779943  0.621643 -0.072447)
     C    5    Vzz=   -0.5710    axis=( -0.100416  0.238557  0.965923)
     C    5  Q=         1.0000 1e-30 m^2  Cq=        -1.3415 MHz  eta= 0.79983

     H    6    Vxx=   -0.0593    axis=( -0.851245  0.302610 -0.428731)
     H    6    Vyy=   -0.5536    axis=( -0.517665 -0.618206  0.591476)
     H    6    Vzz=    0.6129    axis=( -0.086058  0.725430  0.682895)
     H    6  Q=         1.0000 1e-30 m^2  Cq=         1.4400 MHz  eta= 0.80661

     H    7    Vxx=    0.0070    axis=(  0.986835  0.013525  0.161165)
     H    7    Vyy=    0.7000    axis=(  0.070121  0.862187 -0.501714)
     H    7    Vzz=   -0.7070    axis=( -0.145740  0.506409  0.849888)
     H    7  Q=         1.0000 1e-30 m^2  Cq=        -1.6612 MHz  eta= 0.98027

     C    8    Vxx=    0.0370    axis=(  0.055216  0.317709  0.946579)
     C    8    Vyy=    0.6464    axis=( -0.073985  0.946721 -0.313441)
     C    8    Vzz=   -0.6835    axis=( -0.995730 -0.052726  0.075780)
     C    8  Q=         1.0000 1e-30 m^2  Cq=        -1.6059 MHz  eta= 0.89159

     H    9    Vxx=   -0.0369    axis=( -0.379440 -0.183919  0.906752)
     H    9    Vyy=   -0.7259    axis=(  0.418073  0.840200  0.345367)
     H    9    Vzz=    0.7628    axis=( -0.825373  0.510135 -0.241914)
     H    9  Q=         1.0000 1e-30 m^2  Cq=         1.7924 MHz  eta= 0.90316

     C   10    Vxx=    0.0497    axis=( -0.502453  0.836838  0.217355)
     C   10    Vyy=    0.4706    axis=(  0.862692  0.501951  0.061703)
     C   10    Vzz=   -0.5202    axis=(  0.057466 -0.218513  0.974140)
     C   10  Q=         1.0000 1e-30 m^2  Cq=        -1.2224 MHz  eta= 0.80911

     C   11    Vxx=   -0.0483    axis=( -0.393311  0.359627  0.846153)
     C   11    Vyy=   -0.6288    axis=(  0.895697  0.357529  0.264385)
     C   11    Vzz=    0.6771    axis=( -0.207444  0.861883 -0.462737)
     C   11  Q=         1.0000 1e-30 m^2  Cq=         1.5909 MHz  eta= 0.85736

     Cl  12    Vxx=   -1.1036    axis=( -0.810675  0.536534  0.234387)
     Cl  12    Vyy=   -3.0208    axis=(  0.170931 -0.166004  0.971198)
     Cl  12    Vzz=    4.1244    axis=(  0.559990  0.827390  0.042865)
     Cl  12  Q=        -8.1650 1e-30 m^2  Cq=       -79.1252 MHz  eta= 0.46484

     H   13    Vxx=    0.0103    axis=( -0.210073  0.585889 -0.782690)
     H   13    Vyy=    0.2793    axis=(  0.126441  0.810111  0.572479)
     H   13    Vzz=   -0.2896    axis=( -0.969475 -0.021298  0.244263)
     H   13  Q=         1.0000 1e-30 m^2  Cq=        -0.6806 MHz  eta= 0.92881

     C   14    Vxx=    0.1880    axis=(  0.631026  0.545430 -0.551646)
     C   14    Vyy=    0.7691    axis=(  0.152430 -0.784416 -0.601213)
     C   14    Vzz=   -0.9572    axis=(  0.760639 -0.295293  0.578127)
     C   14  Q=         1.0000 1e-30 m^2  Cq=        -2.2490 MHz  eta= 0.60708

     H   15    Vxx=   -0.0496    axis=(  0.285390 -0.924311  0.253382)
     H   15    Vyy=   -0.7523    axis=(  0.534259 -0.066062 -0.842736)
     H   15    Vzz=    0.8019    axis=(  0.795689  0.375880  0.474968)
     H   15  Q=         1.0000 1e-30 m^2  Cq=         1.8842 MHz  eta= 0.87620

     C   16    Vxx=   -0.1182    axis=(  0.096349  0.313582  0.944660)
     C   16    Vyy=   -0.3584    axis=(  0.243778  0.912736 -0.327849)
     C   16    Vzz=    0.4766    axis=( -0.965033  0.261875  0.011496)
     C   16  Q=         1.0000 1e-30 m^2  Cq=         1.1199 MHz  eta= 0.50388

     C   17    Vxx=   -0.0609    axis=( -0.397759 -0.376153  0.836837)
     C   17    Vyy=   -0.8426    axis=( -0.902153  0.326420 -0.282081)
     C   17    Vzz=    0.9035    axis=( -0.167055 -0.867155 -0.469184)
     C   17  Q=         1.0000 1e-30 m^2  Cq=         2.1228 MHz  eta= 0.86521

     Cl  18    Vxx=    0.3906    axis=(  0.869517 -0.036763  0.492533)
     Cl  18    Vyy=    1.6711    axis=( -0.255839  0.819486  0.512825)
     Cl  18    Vzz=   -2.0617    axis=( -0.422477 -0.571919  0.703151)
     Cl  18  Q=        -8.1650 1e-30 m^2  Cq=        39.5527 MHz  eta= 0.62111

     H   19    Vxx=   -0.0570    axis=(  0.986867  0.158582  0.030738)
     H   19    Vyy=   -0.3320    axis=( -0.158002  0.908085  0.387837)
     H   19    Vzz=    0.3890    axis=(  0.033591 -0.387600  0.921215)
     H   19  Q=         1.0000 1e-30 m^2  Cq=         0.9140 MHz  eta= 0.70676

     C   20    Vxx=   -0.0374    axis=(  0.584390 -0.797173 -0.151666)
     C   20    Vyy=   -0.4085    axis=(  0.018458  0.199912 -0.979640)
     C   20    Vzz=    0.4460    axis=(  0.811263  0.569693  0.131541)
     C   20  Q=         1.0000 1e-30 m^2  Cq=         1.0479 MHz  eta= 0.83208

     H   21    Vxx=   -0.0226    axis=( -0.436463 -0.212185  0.874344)
     H   21    Vyy=   -0.7471    axis=(  0.174904 -0.973264 -0.148881)
     H   21    Vzz=    0.7697    axis=(  0.882558  0.087945  0.461906)
     H   21  Q=         1.0000 1e-30 m^2  Cq=         1.8085 MHz  eta= 0.94133

     C   22    Vxx=   -0.0571    axis=( -0.102622  0.308115  0.945798)
     C   22    Vyy=   -0.7597    axis=( -0.993734 -0.074088 -0.083687)
     C   22    Vzz=    0.8169    axis=(  0.044287 -0.948460  0.313788)
     C   22  Q=         1.0000 1e-30 m^2  Cq=         1.9193 MHz  eta= 0.86012

     C   23    Vxx=    0.0019    axis=( -0.747769  0.546592  0.376933)
     C   23    Vyy=    0.5710    axis=(  0.634547  0.755414  0.163400)
     C   23    Vzz=   -0.5728    axis=(  0.195428 -0.361367  0.911714)
     C   23  Q=         1.0000 1e-30 m^2  Cq=        -1.3459 MHz  eta= 0.99344

     Cl  24    Vxx=   -1.3573    axis=(  0.966586 -0.212353 -0.143591)
     Cl  24    Vyy=   -1.8417    axis=( -0.148131 -0.005540 -0.988952)
     Cl  24    Vzz=    3.1990    axis=(  0.209212  0.977177 -0.036811)
     Cl  24  Q=        -8.1650 1e-30 m^2  Cq=       -61.3704 MHz  eta= 0.15143

     Initialization:
     gipaw_setup  :      9.40s CPU     11.02s WALL (       1 calls)

     Linear response

     Apply operators

     Induced current

     Other routines
     efg          :      9.30s CPU     11.56s WALL (       1 calls)

     General routines
     calbec       :      3.23s CPU      4.37s WALL (      16 calls)
     fft          :      1.71s CPU      2.76s WALL (      15 calls)
     ffts         :      0.04s CPU      0.05s WALL (       2 calls)
     fftw         :      3.27s CPU      3.88s WALL (     672 calls)
     davcio       :      0.02s CPU      0.33s WALL (      32 calls)

     Parallel routines
     fft_scatter  :      2.32s CPU      3.85s WALL (     689 calls)

     Plugins

     GIPAW        :     63.59s CPU     72.86s WALL (       1 calls)
