
     Program QE v.6.0 (svn rev. 13079) starts on  5Jan2017 at  0:25:30 

     This program is part of the open-source Quantum ESPRESSO suite
     for quantum simulation of materials; please cite
         "P. Giannozzi et al., J. Phys.:Condens. Matter 21 395502 (2009);
          URL http://www.quantum-espresso.org", 
     in publications or presentations arising from this work. More details at
     http://www.quantum-espresso.org/quote

     Parallel version (MPI), running on     8 processors
     R & G space division:  proc/nbgrp/npool/nimage =       8

     ***** This is GIPAW svn revision unknown      *****

     Parallelizing q-star over 1 images

     Reading data from directory:
     /users/majewski/paradichlorobenzene/pbe/9_constraint/scratch/pbe.ecut100.np8.dt60.pcl2phi-129368.save
     Message from routine read_xml_file:
     file /users/majewski/paradichlorobenzene/pbe/9_constraint/scratch/pbe.ecut100.np8.dt60.pcl2phi-129368.save not guaranteed to be safe for post-processing

   Info: using nr1, nr2, nr3 values from input

   Info: using nr1, nr2, nr3 values from input

     IMPORTANT: XC functional enforced from input :
     Exchange-correlation      =  SLA  PW   PBX  PBC ( 1  4  3  4 0 0)
     Any further DFT definition will be discarded
     Please, verify this is what you really want

               file C.pbe-n-kjpaw_psl.1.0.0.UPF: wavefunction(s)  2S 2P renormalized
               file Cl.pbe-n-kjpaw_psl.1.0.0.UPF: wavefunction(s)  3S 3P renormalized
               file H.pbe-kjpaw_psl.1.0.0.UPF: wavefunction(s)  1S renormalized

     Parallelization info
     --------------------
     sticks:   dense  smooth     PW     G-vecs:    dense   smooth      PW
     Min        3057    1223    332               144436    36536    5170
     Max        3059    1225    333               144437    36537    5171
     Sum       24467    9791   2657              1155489   292295   41363


     Subspace diagonalization in iterative solution of the eigenvalue problem:
     a serial algorithm will be used

     GIPAW projectors -----------------------------------------------
     atom=  C    l=0  rc=    1.2000  rs=    0.8000
     atom=  C    l=0  rc=    1.2000  rs=    0.8000
     atom=  C    l=1  rc=    1.4000  rs=    0.9333
     atom=  C    l=1  rc=    1.4000  rs=    0.9333
     projs nearly linearly dependent: l=1  n1,n2= 1, 2  s=  0.99951561

     atom=  Cl   l=0  rc=    1.6000  rs=    1.0667
     atom=  Cl   l=0  rc=    1.6000  rs=    1.0667
     atom=  Cl   l=1  rc=    1.6000  rs=    1.0667
     atom=  Cl   l=1  rc=    1.6000  rs=    1.0667
     atom=  Cl   l=2  rc=    1.6000  rs=    1.0667
     atom=  Cl   l=2  rc=    1.6000  rs=    1.0667
     projs nearly linearly dependent: l=2  n1,n2= 1, 2  s=  0.99993509

     atom=  H    l=0  rc=    1.0000  rs=    0.6667
     atom=  H    l=0  rc=    1.0000  rs=    0.6667
     projs nearly linearly dependent: l=0  n1,n2= 1, 2  s=  0.99968852
     -----------------------------------------------------------------

     GIPAW integrals: -------------------------------------------
     Atom  i/j   nmr_para   nmr_dia   epr_rmc  epr_para   epr_dia
       C   1 1   0.83E+03  0.17E-01  0.93E+01  0.24E+08  0.24E+03
       C   2 1   0.86E+03 -0.61E-01  0.94E+01  0.25E+08  0.25E+03
       C   2 2   0.90E+03 -0.15E+00  0.97E+01  0.26E+08  0.26E+03
       C   3 3   0.33E+01  0.34E+00  0.18E+01  0.55E+03  0.21E+02
       C   4 3   0.35E+01  0.37E+00  0.20E+01  0.59E+03  0.22E+02
       C   4 4   0.38E+01  0.39E+00  0.22E+01  0.63E+03  0.24E+02
       Cl  1 1   0.14E+04 -0.47E+00  0.84E+01  0.32E+09  0.42E+03
       Cl  2 1   0.21E+04 -0.37E+00  0.12E+02  0.49E+09  0.65E+03
       Cl  2 2   0.33E+04 -0.16E+00  0.21E+02  0.76E+09  0.10E+04
       Cl  3 3   0.21E+02  0.79E-01  0.89E+01  0.23E+05  0.13E+03
       Cl  4 3   0.24E+02  0.67E-01  0.99E+01  0.27E+05  0.15E+03
       Cl  4 4   0.28E+02  0.44E-01  0.11E+02  0.32E+05  0.18E+03
       Cl  5 5   0.77E+00  0.19E+00  0.18E+01  0.12E+03  0.22E+02
       Cl  6 5   0.80E+00  0.19E+00  0.19E+01  0.12E+03  0.23E+02
       Cl  6 6   0.83E+00  0.20E+00  0.19E+01  0.12E+03  0.23E+02
       H   1 1   0.39E+02  0.19E+00  0.29E+00  0.78E+05  0.13E+02
       H   2 1   0.41E+02  0.21E+00  0.32E+00  0.82E+05  0.14E+02
       H   2 2   0.43E+02  0.22E+00  0.36E+00  0.86E+05  0.15E+02
     ------------------------------------------------------------

     alpha_pv=     33.8691 eV

     Number of occupied bands for each k-point:
     k-point:     1    nbnd_occ=  42
     k-point:     2    nbnd_occ=  42
     k-point:     3    nbnd_occ=  42
     k-point:     4    nbnd_occ=  42
     k-point:     5    nbnd_occ=  42
     k-point:     6    nbnd_occ=  42
     k-point:     7    nbnd_occ=  42
     k-point:     8    nbnd_occ=  42
     k-point:     9    nbnd_occ=  42
     k-point:    10    nbnd_occ=  42
     k-point:    11    nbnd_occ=  42
     k-point:    12    nbnd_occ=  42
     k-point:    13    nbnd_occ=  42
     k-point:    14    nbnd_occ=  42
     k-point:    15    nbnd_occ=  42
     k-point:    16    nbnd_occ=  42


     q-space interpolation up to   110.00 Rydberg

     GIPAW job: efg                                                                             


     ELECTRIC FIELD GRADIENTS TENSORS IN Hartree/bohrradius^2:

     ----- bare term -----
     Cl   1        0.022640        0.063604       -0.053522
     Cl   1        0.063604       -0.009290       -0.008283
     Cl   1       -0.053522       -0.008283       -0.013350

     C    2       -0.653385        0.458094       -0.322871
     C    2        0.458094        0.279976       -0.135663
     C    2       -0.322871       -0.135663        0.373409

     C    3        0.292564        0.027790       -0.184974
     C    3        0.027790       -0.170783       -0.376296
     C    3       -0.184974       -0.376296       -0.121781

     H    4        0.108819        0.059948       -0.430900
     H    4        0.059948        0.124049        0.257926
     H    4       -0.430900        0.257926       -0.232869

     C    5       -0.726034        0.329726       -0.180552
     C    5        0.329726        0.332838       -0.112268
     C    5       -0.180552       -0.112268        0.393196

     H    6        0.476270        0.110841       -0.240462
     H    6        0.110841       -0.119407       -0.243606
     H    6       -0.240462       -0.243606       -0.356863

     H    7        0.132156        0.502406       -0.013044
     H    7        0.502406       -0.516247        0.197995
     H    7       -0.013044        0.197995        0.384090

     C    8        0.028334       -0.453417       -0.019949
     C    8       -0.453417       -0.291390        0.366465
     C    8       -0.019949        0.366465        0.263057

     H    9       -0.506411        0.519647       -0.038138
     H    9        0.519647        0.146878        0.002043
     H    9       -0.038138        0.002043        0.359533

     C   10       -0.177694       -0.097018       -0.258030
     C   10       -0.097018        0.046916        0.163306
     C   10       -0.258030        0.163306        0.130777

     C   11       -0.058967       -0.128408       -0.125413
     C   11       -0.128408       -0.014156        0.519827
     C   11       -0.125413        0.519827        0.073123

     Cl  12        0.082521       -0.070635        0.066183
     Cl  12       -0.070635        0.140627       -0.098753
     Cl  12        0.066183       -0.098753       -0.223148

     H   13        0.442846        0.051086        0.113229
     H   13        0.051086       -0.195896       -0.637005
     H   13        0.113229       -0.637005       -0.246950

     C   14       -0.122387       -0.133017       -0.352805
     C   14       -0.133017       -0.097766       -0.356025
     C   14       -0.352805       -0.356025        0.220153

     H   15        0.116672       -0.061310       -0.192452
     H   15       -0.061310        0.468302       -0.178894
     H   15       -0.192452       -0.178894       -0.584973

     C   16       -0.474702        0.368449       -0.410235
     C   16        0.368449        0.055011       -0.003787
     C   16       -0.410235       -0.003787        0.419691

     C   17        0.046645       -0.359946       -0.498346
     C   17       -0.359946       -0.217005       -0.528761
     C   17       -0.498346       -0.528761        0.170360

     Cl  18       -0.219840        0.355242        0.234795
     Cl  18        0.355242        0.128489        0.036480
     Cl  18        0.234795        0.036480        0.091351

     H   19        0.539207        0.015439       -0.005394
     H   19        0.015439       -0.225865        0.320727
     H   19       -0.005394        0.320727       -0.313342

     C   20       -0.594006       -0.326182       -0.289515
     C   20       -0.326182        0.364611        0.170983
     C   20       -0.289515        0.170983        0.229395

     H   21       -0.068805       -0.033642       -0.529754
     H   21       -0.033642       -0.035220       -0.114733
     H   21       -0.529754       -0.114733        0.104025

     C   22        0.146803       -0.298796       -0.030890
     C   22       -0.298796       -0.175134        0.577632
     C   22       -0.030890        0.577632        0.028331

     C   23       -0.454611       -0.323693       -0.468216
     C   23       -0.323693        0.236311        0.064207
     C   23       -0.468216        0.064207        0.218300

     Cl  24       -0.011137       -0.040268       -0.001362
     Cl  24       -0.040268       -0.023246        0.013351
     Cl  24       -0.001362        0.013351        0.034383

     ----- ionic term -----
     Cl   1        0.144189       -0.205223        0.012431
     Cl   1       -0.205223       -0.015506       -0.004483
     Cl   1        0.012431       -0.004483       -0.128683

     C    2        0.116722       -0.211731        0.333022
     C    2       -0.211731       -0.000797        0.387175
     C    2        0.333022        0.387175       -0.115925

     C    3        0.042900       -0.267885        0.253493
     C    3       -0.267885        0.108965        0.374163
     C    3        0.253493        0.374163       -0.151865

     H    4        0.357322        0.220401        0.751671
     H    4        0.220401       -0.437745        0.248798
     H    4        0.751671        0.248798        0.080423

     C    5        0.154872       -0.269140        0.387261
     C    5       -0.269140       -0.024175        0.240847
     C    5        0.387261        0.240847       -0.130698

     H    6       -0.521578        0.112617        0.124843
     H    6        0.112617        0.456154        0.769429
     H    6        0.124843        0.769429        0.065424

     H    7       -0.509329       -0.162166        0.095725
     H    7       -0.162166        0.689376       -0.709788
     H    7        0.095725       -0.709788       -0.180047

     C    8        0.363463        0.138342        0.236255
     C    8        0.138342       -0.007092       -0.311854
     C    8        0.236255       -0.311854       -0.356371

     H    9        0.656376       -0.327067        0.609899
     H    9       -0.327067       -0.467165       -0.237744
     H    9        0.609899       -0.237744       -0.189211

     C   10        0.187176        0.134225        0.165898
     C   10        0.134225        0.086379       -0.397104
     C   10        0.165898       -0.397104       -0.273555

     C   11        0.204126        0.098944        0.223304
     C   11        0.098944        0.076610       -0.427433
     C   11        0.223304       -0.427433       -0.280737

     Cl  12        0.062281        0.171494       -0.041197
     Cl  12        0.171494        0.063635       -0.042716
     Cl  12       -0.041197       -0.042716       -0.125915

     H   13       -0.530250        0.046523        0.030310
     H   13        0.046523        0.431935        0.774528
     H   13        0.030310        0.774528        0.098315

     C   14        0.164569       -0.271307        0.345223
     C   14       -0.271307        0.022369        0.261954
     C   14        0.345223        0.261954       -0.186939

     H   15        0.190550        0.068697        0.819427
     H   15        0.068697       -0.514719        0.153614
     H   15        0.819427        0.153614        0.324169

     C   16       -0.000486       -0.335825        0.267109
     C   16       -0.335825        0.161949        0.327009
     C   16        0.267109        0.327009       -0.161463

     C   17        0.027699       -0.304156        0.405419
     C   17       -0.304156        0.115688        0.274636
     C   17        0.405419        0.274636       -0.143387

     Cl  18        0.065520       -0.213680        0.068418
     Cl  18       -0.213680        0.091024       -0.049711
     Cl  18        0.068418       -0.049711       -0.156544

     H   19       -0.493534       -0.163921        0.112035
     H   19       -0.163921        0.640030       -0.725975
     H   19        0.112035       -0.725975       -0.146496

     C   20        0.316995        0.161099        0.210149
     C   20        0.161099        0.026190       -0.329550
     C   20        0.210149       -0.329550       -0.343184

     H   21        0.556151       -0.240823        0.743436
     H   21       -0.240823       -0.462343       -0.236730
     H   21        0.743436       -0.236730       -0.093809

     C   22        0.121944        0.193264        0.163890
     C   22        0.193264        0.135676       -0.430542
     C   22        0.163890       -0.430542       -0.257620

     C   23        0.279786        0.123537        0.229550
     C   23        0.123537        0.023163       -0.427098
     C   23        0.229550       -0.427098       -0.302949

     Cl  24        0.133986        0.200198       -0.030655
     Cl  24        0.200198       -0.015587       -0.032950
     Cl  24       -0.030655       -0.032950       -0.118399

     ----- GIPAW term -----
     Cl   1       -0.063080       -1.892768       -0.103740
     Cl   1       -1.892768        2.296125       -0.713933
     Cl   1       -0.103740       -0.713933       -2.233045

     C    2       -0.143319        0.009790       -0.029451
     C    2        0.009790        0.244548       -0.025848
     C    2       -0.029451       -0.025848       -0.101229

     C    3       -0.011874       -0.015843       -0.014960
     C    3       -0.015843        0.083406       -0.026228
     C    3       -0.014960       -0.026228       -0.071532

     H    4       -0.000000        0.000000        0.000000
     H    4        0.000000        0.000000        0.000000
     H    4        0.000000        0.000000        0.000000

     C    5       -0.146021       -0.044835        0.012007
     C    5       -0.044835        0.195591       -0.031391
     C    5        0.012007       -0.031391       -0.049569

     H    6       -0.000000        0.000000        0.000000
     H    6        0.000000        0.000000        0.000000
     H    6        0.000000        0.000000        0.000000

     H    7       -0.000000        0.000000        0.000000
     H    7        0.000000        0.000000        0.000000
     H    7        0.000000        0.000000        0.000000

     C    8        0.078274       -0.225084        0.001080
     C    8       -0.225084        0.018841        0.077759
     C    8        0.001080        0.077759       -0.097115

     H    9       -0.000000        0.000000        0.000000
     H    9        0.000000        0.000000        0.000000
     H    9        0.000000        0.000000        0.000000

     C   10        0.049024       -0.105705       -0.089567
     C   10       -0.105705        0.026668        0.034059
     C   10       -0.089567        0.034059       -0.075692

     C   11       -0.016369       -0.047472       -0.076221
     C   11       -0.047472        0.057877        0.158912
     C   11       -0.076221        0.158912       -0.041508

     Cl  12       -0.489240        0.782887       -0.600763
     Cl  12        0.782887       -0.983185        0.623597
     Cl  12       -0.600763        0.623597        1.472425

     H   13       -0.000000        0.000000        0.000000
     H   13        0.000000        0.000000        0.000000
     H   13        0.000000        0.000000        0.000000

     C   14       -0.094921       -0.127425       -0.096480
     C   14       -0.127425        0.114103        0.102002
     C   14       -0.096480        0.102002       -0.019182

     H   15       -0.000000        0.000000        0.000000
     H   15        0.000000        0.000000        0.000000
     H   15        0.000000        0.000000        0.000000

     C   16       -0.090840       -0.064994       -0.189238
     C   16       -0.064994        0.002099        0.152770
     C   16       -0.189238        0.152770        0.088740

     C   17        0.035120       -0.264299       -0.154484
     C   17       -0.264299        0.023843        0.066791
     C   17       -0.154484        0.066791       -0.058963

     Cl  18        0.142065        0.043879       -1.344310
     Cl  18        0.043879       -0.902563       -0.071024
     Cl  18       -1.344310       -0.071024        0.760498

     H   19       -0.000000        0.000000        0.000000
     H   19        0.000000        0.000000        0.000000
     H   19        0.000000        0.000000        0.000000

     C   20       -0.135926       -0.098745       -0.052775
     C   20       -0.098745        0.171768        0.101242
     C   20       -0.052775        0.101242       -0.035842

     H   21       -0.000000        0.000000        0.000000
     H   21        0.000000        0.000000        0.000000
     H   21        0.000000        0.000000        0.000000

     C   22       -0.069337       -0.104183        0.023483
     C   22       -0.104183        0.210445        0.014058
     C   22        0.023483        0.014058       -0.141108

     C   23        0.003306       -0.138204       -0.006386
     C   23       -0.138204        0.116096       -0.063882
     C   23       -0.006386       -0.063882       -0.119402

     Cl  24        0.058747        0.024376        1.112646
     Cl  24        0.024376        0.544880       -1.852688
     Cl  24        1.112646       -1.852688       -0.603627

     ----- total EFG -----
     Cl   1        0.103750       -2.034387       -0.144831
     Cl   1       -2.034387        2.271329       -0.726698
     Cl   1       -0.144831       -0.726698       -2.375079

     C    2       -0.679982        0.256153       -0.019300
     C    2        0.256153        0.523727        0.225664
     C    2       -0.019300        0.225664        0.156255

     C    3        0.323590       -0.255938        0.053558
     C    3       -0.255938        0.021588       -0.028361
     C    3        0.053558       -0.028361       -0.345178

     H    4        0.466141        0.280349        0.320770
     H    4        0.280349       -0.313695        0.506724
     H    4        0.320770        0.506724       -0.152446

     C    5       -0.717183        0.015752        0.218715
     C    5        0.015752        0.504254        0.097187
     C    5        0.218715        0.097187        0.212930

     H    6       -0.045308        0.223457       -0.115619
     H    6        0.223457        0.336747        0.525822
     H    6       -0.115619        0.525822       -0.291439

     H    7       -0.377172        0.340240        0.082681
     H    7        0.340240        0.173129       -0.511792
     H    7        0.082681       -0.511792        0.204043

     C    8        0.470070       -0.540159        0.217386
     C    8       -0.540159       -0.279641        0.132370
     C    8        0.217386        0.132370       -0.190430

     H    9        0.149965        0.192581        0.571760
     H    9        0.192581       -0.320287       -0.235701
     H    9        0.571760       -0.235701        0.170322

     C   10        0.058506       -0.068499       -0.181699
     C   10       -0.068499        0.159963       -0.199739
     C   10       -0.181699       -0.199739       -0.218469

     C   11        0.128790       -0.076936        0.021670
     C   11       -0.076936        0.120331        0.251307
     C   11        0.021670        0.251307       -0.249121

     Cl  12       -0.344439        0.883746       -0.575776
     Cl  12        0.883746       -0.778923        0.482128
     Cl  12       -0.575776        0.482128        1.123362

     H   13       -0.087404        0.097609        0.143540
     H   13        0.097609        0.236039        0.137523
     H   13        0.143540        0.137523       -0.148634

     C   14       -0.052738       -0.531749       -0.104062
     C   14       -0.531749        0.038706        0.007931
     C   14       -0.104062        0.007931        0.014032

     H   15        0.307221        0.007387        0.626975
     H   15        0.007387       -0.046417       -0.025280
     H   15        0.626975       -0.025280       -0.260804

     C   16       -0.566028       -0.032370       -0.332364
     C   16       -0.032370        0.219059        0.475992
     C   16       -0.332364        0.475992        0.346969

     C   17        0.109464       -0.928401       -0.247411
     C   17       -0.928401       -0.077474       -0.187335
     C   17       -0.247411       -0.187335       -0.031990

     Cl  18       -0.012255        0.185442       -1.041097
     Cl  18        0.185442       -0.683050       -0.084255
     Cl  18       -1.041097       -0.084255        0.695304

     H   19        0.045673       -0.148482        0.106641
     H   19       -0.148482        0.414165       -0.405248
     H   19        0.106641       -0.405248       -0.459838

     C   20       -0.412937       -0.263828       -0.132140
     C   20       -0.263828        0.562569       -0.057325
     C   20       -0.132140       -0.057325       -0.149631

     H   21        0.487347       -0.274465        0.213682
     H   21       -0.274465       -0.497563       -0.351463
     H   21        0.213682       -0.351463        0.010216

     C   22        0.199410       -0.209715        0.156483
     C   22       -0.209715        0.170987        0.161147
     C   22        0.156483        0.161147       -0.370397

     C   23       -0.171519       -0.338360       -0.245052
     C   23       -0.338360        0.375570       -0.426773
     C   23       -0.245052       -0.426773       -0.204051

     Cl  24        0.181596        0.184305        1.080629
     Cl  24        0.184305        0.506047       -1.872287
     Cl  24        1.080629       -1.872287       -0.687643

     ----- total EFG (symmetrized) -----
     Cl   1        0.103750       -2.034387       -0.144831
     Cl   1       -2.034387        2.271329       -0.726698
     Cl   1       -0.144831       -0.726698       -2.375079

     C    2       -0.679982        0.256153       -0.019300
     C    2        0.256153        0.523727        0.225664
     C    2       -0.019300        0.225664        0.156255

     C    3        0.323590       -0.255938        0.053558
     C    3       -0.255938        0.021588       -0.028361
     C    3        0.053558       -0.028361       -0.345178

     H    4        0.466141        0.280349        0.320770
     H    4        0.280349       -0.313695        0.506724
     H    4        0.320770        0.506724       -0.152446

     C    5       -0.717183        0.015752        0.218715
     C    5        0.015752        0.504254        0.097187
     C    5        0.218715        0.097187        0.212930

     H    6       -0.045308        0.223457       -0.115619
     H    6        0.223457        0.336747        0.525822
     H    6       -0.115619        0.525822       -0.291439

     H    7       -0.377172        0.340240        0.082681
     H    7        0.340240        0.173129       -0.511792
     H    7        0.082681       -0.511792        0.204043

     C    8        0.470070       -0.540159        0.217386
     C    8       -0.540159       -0.279641        0.132370
     C    8        0.217386        0.132370       -0.190430

     H    9        0.149965        0.192581        0.571760
     H    9        0.192581       -0.320287       -0.235701
     H    9        0.571760       -0.235701        0.170322

     C   10        0.058506       -0.068499       -0.181699
     C   10       -0.068499        0.159963       -0.199739
     C   10       -0.181699       -0.199739       -0.218469

     C   11        0.128790       -0.076936        0.021670
     C   11       -0.076936        0.120331        0.251307
     C   11        0.021670        0.251307       -0.249121

     Cl  12       -0.344439        0.883746       -0.575776
     Cl  12        0.883746       -0.778923        0.482128
     Cl  12       -0.575776        0.482128        1.123362

     H   13       -0.087404        0.097609        0.143540
     H   13        0.097609        0.236039        0.137523
     H   13        0.143540        0.137523       -0.148634

     C   14       -0.052738       -0.531749       -0.104062
     C   14       -0.531749        0.038706        0.007931
     C   14       -0.104062        0.007931        0.014032

     H   15        0.307221        0.007387        0.626975
     H   15        0.007387       -0.046417       -0.025280
     H   15        0.626975       -0.025280       -0.260804

     C   16       -0.566028       -0.032370       -0.332364
     C   16       -0.032370        0.219059        0.475992
     C   16       -0.332364        0.475992        0.346969

     C   17        0.109464       -0.928401       -0.247411
     C   17       -0.928401       -0.077474       -0.187335
     C   17       -0.247411       -0.187335       -0.031990

     Cl  18       -0.012255        0.185442       -1.041097
     Cl  18        0.185442       -0.683050       -0.084255
     Cl  18       -1.041097       -0.084255        0.695304

     H   19        0.045673       -0.148482        0.106641
     H   19       -0.148482        0.414165       -0.405248
     H   19        0.106641       -0.405248       -0.459838

     C   20       -0.412937       -0.263828       -0.132140
     C   20       -0.263828        0.562569       -0.057325
     C   20       -0.132140       -0.057325       -0.149631

     H   21        0.487347       -0.274465        0.213682
     H   21       -0.274465       -0.497563       -0.351463
     H   21        0.213682       -0.351463        0.010216

     C   22        0.199410       -0.209715        0.156483
     C   22       -0.209715        0.170987        0.161147
     C   22        0.156483        0.161147       -0.370397

     C   23       -0.171519       -0.338360       -0.245052
     C   23       -0.338360        0.375570       -0.426773
     C   23       -0.245052       -0.426773       -0.204051

     Cl  24        0.181596        0.184305        1.080629
     Cl  24        0.184305        0.506047       -1.872287
     Cl  24        1.080629       -1.872287       -0.687643


     NQR/NMR SPECTROSCOPIC PARAMETERS:
     Cl   1    Vxx=   -0.9511    axis=(  0.832704  0.454313 -0.316549)
     Cl   1    Vyy=   -2.5928    axis=( -0.229533 -0.237035 -0.943996)
     Cl   1    Vzz=    3.5439    axis=( -0.503903  0.858728 -0.093100)
     Cl   1  Q=        -8.1650 1e-30 m^2  Cq=       -67.9879 MHz  eta= 0.46323

     C    2    Vxx=    0.0684    axis=( -0.150244 -0.369865  0.916857)
     C    2    Vyy=    0.6686    axis=(  0.166231  0.904730  0.392213)
     C    2    Vzz=   -0.7370    axis=( -0.974574  0.211338 -0.074447)
     C    2  Q=         1.0000 1e-30 m^2  Cq=        -1.7317 MHz  eta= 0.81443

     C    3    Vxx=   -0.1246    axis=(  0.495140  0.868771  0.008519)
     C    3    Vyy=   -0.3497    axis=(  0.068260 -0.029124 -0.997242)
     C    3    Vzz=    0.4742    axis=( -0.866128  0.494356 -0.073722)
     C    3  Q=         1.0000 1e-30 m^2  Cq=         1.1143 MHz  eta= 0.47470

     H    4    Vxx=   -0.0629    axis=(  0.627107 -0.502163 -0.595457)
     H    4    Vyy=   -0.7462    axis=( -0.004835  0.761928 -0.647644)
     H    4    Vzz=    0.8091    axis=(  0.778918  0.409021  0.475382)
     H    4  Q=         1.0000 1e-30 m^2  Cq=         1.9011 MHz  eta= 0.84444

     C    5    Vxx=    0.2270    axis=(  0.207422 -0.334039  0.919453)
     C    5    Vyy=    0.5391    axis=( -0.068734 -0.942548 -0.326924)
     C    5    Vzz=   -0.7661    axis=(  0.975834  0.004614 -0.218465)
     C    5  Q=         1.0000 1e-30 m^2  Cq=        -1.8000 MHz  eta= 0.40747

     H    6    Vxx=    0.0003    axis=(  0.922766 -0.010845 -0.385207)
     H    6    Vyy=    0.6631    axis=( -0.199761 -0.868276 -0.454084)
     H    6    Vzz=   -0.6635    axis=( -0.329542  0.495963 -0.803382)
     H    6  Q=         1.0000 1e-30 m^2  Cq=        -1.5589 MHz  eta= 0.99900

     H    7    Vxx=   -0.0654    axis=( -0.642618 -0.435657 -0.630273)
     H    7    Vyy=   -0.6660    axis=( -0.746873  0.539718  0.388439)
     H    7    Vzz=    0.7315    axis=(  0.170943  0.720352 -0.672213)
     H    7  Q=         1.0000 1e-30 m^2  Cq=         1.7186 MHz  eta= 0.82113

     C    8    Vxx=   -0.1062    axis=(  0.077117  0.441950  0.893719)
     C    8    Vyy=   -0.6651    axis=(  0.453962  0.782516 -0.426131)
     C    8    Vzz=    0.7713    axis=( -0.887678  0.438576 -0.140283)
     C    8  Q=         1.0000 1e-30 m^2  Cq=         1.8123 MHz  eta= 0.72459

     H    9    Vxx=   -0.0608    axis=( -0.487808 -0.756972  0.434785)
     H    9    Vyy=   -0.6723    axis=(  0.529631 -0.652559 -0.541902)
     H    9    Vzz=    0.7331    axis=(  0.693927 -0.034069  0.719239)
     H    9  Q=         1.0000 1e-30 m^2  Cq=         1.7226 MHz  eta= 0.83412

     C   10    Vxx=    0.1420    axis=( -0.914355  0.228758  0.334102)
     C   10    Vyy=    0.2465    axis=( -0.073876 -0.905520  0.417824)
     C   10    Vzz=   -0.3886    axis=(  0.398117  0.357357  0.844866)
     C   10  Q=         1.0000 1e-30 m^2  Cq=        -0.9130 MHz  eta= 0.26894

     C   11    Vxx=    0.1097    axis=(  0.914869  0.302651  0.267241)
     C   11    Vyy=    0.2724    axis=( -0.389484  0.835953  0.386633)
     C   11    Vzz=   -0.3821    axis=( -0.106386 -0.457805  0.882665)
     C   11  Q=         1.0000 1e-30 m^2  Cq=        -0.8977 MHz  eta= 0.42593

     Cl  12    Vxx=    0.3263    axis=(  0.742556  0.654938  0.140241)
     Cl  12    Vyy=    1.3398    axis=(  0.272416 -0.104039 -0.956538)
     Cl  12    Vzz=   -1.6661    axis=( -0.611883  0.748487 -0.255670)
     Cl  12  Q=        -8.1650 1e-30 m^2  Cq=        31.9626 MHz  eta= 0.60831

     H   13    Vxx=   -0.0580    axis=(  0.746898 -0.468608  0.471752)
     H   13    Vyy=   -0.2697    axis=(  0.578512  0.108178 -0.808469)
     H   13    Vzz=    0.3277    axis=(  0.327821  0.876758  0.351893)
     H   13  Q=         1.0000 1e-30 m^2  Cq=         0.7700 MHz  eta= 0.64616

     C   14    Vxx=    0.0120    axis=(  0.004944 -0.192631  0.981259)
     C   14    Vyy=    0.5379    axis=(  0.676014 -0.722436 -0.145227)
     C   14    Vzz=   -0.5498    axis=(  0.736872  0.664063  0.126650)
     C   14  Q=         1.0000 1e-30 m^2  Cq=        -1.2919 MHz  eta= 0.95653

     H   15    Vxx=   -0.0455    axis=(  0.030373  0.999122 -0.028858)
     H   15    Vyy=   -0.6661    axis=( -0.541293  0.040713  0.839848)
     H   15    Vzz=    0.7116    axis=(  0.840285 -0.009889  0.542054)
     H   15  Q=         1.0000 1e-30 m^2  Cq=         1.6719 MHz  eta= 0.87222

     C   16    Vxx=   -0.1251    axis=( -0.346002 -0.771337  0.534155)
     C   16    Vyy=   -0.6929    axis=( -0.917219  0.158262 -0.365598)
     C   16    Vzz=    0.8180    axis=( -0.197463  0.616435  0.762244)
     C   16  Q=         1.0000 1e-30 m^2  Cq=         1.9220 MHz  eta= 0.69416

     C   17    Vxx=    0.0594    axis=( -0.153579 -0.262167  0.952723)
     C   17    Vyy=    0.9527    axis=( -0.746978  0.661975  0.061747)
     C   17    Vzz=   -1.0121    axis=( -0.646867 -0.702181 -0.297499)
     C   17  Q=         1.0000 1e-30 m^2  Cq=        -2.3781 MHz  eta= 0.88254

     Cl  18    Vxx=   -0.6221    axis=(  0.445979  0.798910  0.403540)
     Cl  18    Vyy=   -0.8336    axis=( -0.678750  0.595776 -0.429359)
     Cl  18    Vzz=    1.4557    axis=( -0.583439 -0.082418  0.807964)
     Cl  18  Q=        -8.1650 1e-30 m^2  Cq=       -27.9266 MHz  eta= 0.14530

     H   19    Vxx=   -0.0053    axis=(  0.953806  0.297543 -0.041500)
     H   19    Vyy=   -0.6220    axis=(  0.070058 -0.354624 -0.932381)
     H   19    Vzz=    0.6273    axis=( -0.292140  0.886403 -0.359088)
     H   19  Q=         1.0000 1e-30 m^2  Cq=         1.4738 MHz  eta= 0.98314

     C   20    Vxx=   -0.0975    axis=( -0.345122 -0.056583  0.936851)
     C   20    Vyy=   -0.5326    axis=(  0.906957  0.236733  0.348407)
     C   20    Vzz=    0.6301    axis=( -0.241497  0.969926 -0.030383)
     C   20  Q=         1.0000 1e-30 m^2  Cq=         1.4804 MHz  eta= 0.69053

     H   21    Vxx=   -0.0010    axis=(  0.514828  0.287179 -0.807763)
     H   21    Vyy=   -0.6974    axis=( -0.135698 -0.903048 -0.407543)
     H   21    Vzz=    0.6984    axis=( -0.846486  0.319426 -0.425944)
     H   21  Q=         1.0000 1e-30 m^2  Cq=         1.6411 MHz  eta= 0.99708

     C   22    Vxx=    0.0856    axis=(  0.608048  0.659631  0.441775)
     C   22    Vyy=    0.3954    axis=( -0.733028  0.680166 -0.006660)
     C   22    Vzz=   -0.4810    axis=( -0.304873 -0.319784  0.897101)
     C   22  Q=         1.0000 1e-30 m^2  Cq=        -1.1302 MHz  eta= 0.64410

     C   23    Vxx=    0.0557    axis=(  0.764794 -0.048179 -0.642471)
     C   23    Vyy=    0.6507    axis=( -0.256279  0.892163 -0.371977)
     C   23    Vzz=   -0.7064    axis=(  0.591110  0.449138  0.669974)
     C   23  Q=         1.0000 1e-30 m^2  Cq=        -1.6597 MHz  eta= 0.84242

     Cl  24    Vxx=    0.4091    axis=(  0.887446  0.447464  0.110526)
     Cl  24    Vyy=    2.0231    axis=(  0.290543 -0.729248  0.619501)
     Cl  24    Vzz=   -2.4322    axis=(  0.357805 -0.517661 -0.777176)
     Cl  24  Q=        -8.1650 1e-30 m^2  Cq=        46.6615 MHz  eta= 0.66359

     Initialization:
     gipaw_setup  :      9.20s CPU     11.28s WALL (       1 calls)

     Linear response

     Apply operators

     Induced current

     Other routines
     efg          :      9.28s CPU     11.82s WALL (       1 calls)

     General routines
     calbec       :      3.27s CPU      4.33s WALL (      16 calls)
     fft          :      1.70s CPU      2.74s WALL (      15 calls)
     ffts         :      0.03s CPU      0.06s WALL (       2 calls)
     fftw         :      3.26s CPU      4.07s WALL (     672 calls)
     davcio       :      0.04s CPU      0.32s WALL (      32 calls)

     Parallel routines
     fft_scatter  :      2.36s CPU      3.99s WALL (     689 calls)

     Plugins

     GIPAW        :     60.93s CPU     72.87s WALL (       1 calls)
