
     Program QE v.6.0 (svn rev. 13079) starts on  3Jan2017 at 17: 2:40 

     This program is part of the open-source Quantum ESPRESSO suite
     for quantum simulation of materials; please cite
         "P. Giannozzi et al., J. Phys.:Condens. Matter 21 395502 (2009);
          URL http://www.quantum-espresso.org", 
     in publications or presentations arising from this work. More details at
     http://www.quantum-espresso.org/quote

     Parallel version (MPI), running on     8 processors
     R & G space division:  proc/nbgrp/npool/nimage =       8

     ***** This is GIPAW svn revision unknown      *****

     Parallelizing q-star over 1 images

     Reading data from directory:
     /users/majewski/paradichlorobenzene/pbe/9_constraint/scratch/pbe.ecut100.np8.dt60.pcl2phi-129368.save
     Message from routine read_xml_file:
     file /users/majewski/paradichlorobenzene/pbe/9_constraint/scratch/pbe.ecut100.np8.dt60.pcl2phi-129368.save not guaranteed to be safe for post-processing

   Info: using nr1, nr2, nr3 values from input

   Info: using nr1, nr2, nr3 values from input

     IMPORTANT: XC functional enforced from input :
     Exchange-correlation      =  SLA  PW   PBX  PBC ( 1  4  3  4 0 0)
     Any further DFT definition will be discarded
     Please, verify this is what you really want

               file C.pbe-n-kjpaw_psl.1.0.0.UPF: wavefunction(s)  2S 2P renormalized
               file Cl.pbe-n-kjpaw_psl.1.0.0.UPF: wavefunction(s)  3S 3P renormalized
               file H.pbe-kjpaw_psl.1.0.0.UPF: wavefunction(s)  1S renormalized

     Parallelization info
     --------------------
     sticks:   dense  smooth     PW     G-vecs:    dense   smooth      PW
     Min        3057    1223    332               144436    36536    5170
     Max        3059    1225    333               144437    36537    5171
     Sum       24467    9791   2657              1155489   292295   41363


     Subspace diagonalization in iterative solution of the eigenvalue problem:
     a serial algorithm will be used

     GIPAW projectors -----------------------------------------------
     atom=  C    l=0  rc=    1.2000  rs=    0.8000
     atom=  C    l=0  rc=    1.2000  rs=    0.8000
     atom=  C    l=1  rc=    1.4000  rs=    0.9333
     atom=  C    l=1  rc=    1.4000  rs=    0.9333
     projs nearly linearly dependent: l=1  n1,n2= 1, 2  s=  0.99951561

     atom=  Cl   l=0  rc=    1.6000  rs=    1.0667
     atom=  Cl   l=0  rc=    1.6000  rs=    1.0667
     atom=  Cl   l=1  rc=    1.6000  rs=    1.0667
     atom=  Cl   l=1  rc=    1.6000  rs=    1.0667
     atom=  Cl   l=2  rc=    1.6000  rs=    1.0667
     atom=  Cl   l=2  rc=    1.6000  rs=    1.0667
     projs nearly linearly dependent: l=2  n1,n2= 1, 2  s=  0.99993509

     atom=  H    l=0  rc=    1.0000  rs=    0.6667
     atom=  H    l=0  rc=    1.0000  rs=    0.6667
     projs nearly linearly dependent: l=0  n1,n2= 1, 2  s=  0.99968852
     -----------------------------------------------------------------

     GIPAW integrals: -------------------------------------------
     Atom  i/j   nmr_para   nmr_dia   epr_rmc  epr_para   epr_dia
       C   1 1   0.83E+03  0.17E-01  0.93E+01  0.24E+08  0.24E+03
       C   2 1   0.86E+03 -0.61E-01  0.94E+01  0.25E+08  0.25E+03
       C   2 2   0.90E+03 -0.15E+00  0.97E+01  0.26E+08  0.26E+03
       C   3 3   0.33E+01  0.34E+00  0.18E+01  0.55E+03  0.21E+02
       C   4 3   0.35E+01  0.37E+00  0.20E+01  0.59E+03  0.22E+02
       C   4 4   0.38E+01  0.39E+00  0.22E+01  0.63E+03  0.24E+02
       Cl  1 1   0.14E+04 -0.47E+00  0.84E+01  0.32E+09  0.42E+03
       Cl  2 1   0.21E+04 -0.37E+00  0.12E+02  0.49E+09  0.65E+03
       Cl  2 2   0.33E+04 -0.16E+00  0.21E+02  0.76E+09  0.10E+04
       Cl  3 3   0.21E+02  0.79E-01  0.89E+01  0.23E+05  0.13E+03
       Cl  4 3   0.24E+02  0.67E-01  0.99E+01  0.27E+05  0.15E+03
       Cl  4 4   0.28E+02  0.44E-01  0.11E+02  0.32E+05  0.18E+03
       Cl  5 5   0.77E+00  0.19E+00  0.18E+01  0.12E+03  0.22E+02
       Cl  6 5   0.80E+00  0.19E+00  0.19E+01  0.12E+03  0.23E+02
       Cl  6 6   0.83E+00  0.20E+00  0.19E+01  0.12E+03  0.23E+02
       H   1 1   0.39E+02  0.19E+00  0.29E+00  0.78E+05  0.13E+02
       H   2 1   0.41E+02  0.21E+00  0.32E+00  0.82E+05  0.14E+02
       H   2 2   0.43E+02  0.22E+00  0.36E+00  0.86E+05  0.15E+02
     ------------------------------------------------------------

     alpha_pv=     33.6185 eV

     Number of occupied bands for each k-point:
     k-point:     1    nbnd_occ=  42
     k-point:     2    nbnd_occ=  42
     k-point:     3    nbnd_occ=  42
     k-point:     4    nbnd_occ=  42
     k-point:     5    nbnd_occ=  42
     k-point:     6    nbnd_occ=  42
     k-point:     7    nbnd_occ=  42
     k-point:     8    nbnd_occ=  42
     k-point:     9    nbnd_occ=  42
     k-point:    10    nbnd_occ=  42
     k-point:    11    nbnd_occ=  42
     k-point:    12    nbnd_occ=  42
     k-point:    13    nbnd_occ=  42
     k-point:    14    nbnd_occ=  42
     k-point:    15    nbnd_occ=  42
     k-point:    16    nbnd_occ=  42


     q-space interpolation up to   110.00 Rydberg

     GIPAW job: efg                                                                             


     ELECTRIC FIELD GRADIENTS TENSORS IN Hartree/bohrradius^2:

     ----- bare term -----
     Cl   1       -0.034836        0.013063       -0.008689
     Cl   1        0.013063        0.175953        0.048599
     Cl   1       -0.008689        0.048599       -0.141117

     C    2       -0.752303        0.311905       -0.288897
     C    2        0.311905        0.275320       -0.088075
     C    2       -0.288897       -0.088075        0.476983

     C    3        0.174641        0.372358        0.009760
     C    3        0.372358       -0.557988       -0.502553
     C    3        0.009760       -0.502553        0.383347

     H    4       -0.320819       -0.085275       -0.577722
     H    4       -0.085275        0.041648       -0.232635
     H    4       -0.577722       -0.232635        0.279171

     C    5       -0.854245        0.233658       -0.373651
     C    5        0.233658        0.335168       -0.080272
     C    5       -0.373651       -0.080272        0.519077

     H    6        0.410940       -0.032138       -0.178012
     H    6       -0.032138       -0.573505       -0.570490
     H    6       -0.178012       -0.570490        0.162565

     H    7        0.414019        0.135609       -0.000257
     H    7        0.135609       -0.659942       -0.225552
     H    7       -0.000257       -0.225552        0.245923

     C    8       -0.009131        0.168624       -0.182157
     C    8        0.168624       -0.131242       -0.044209
     C    8       -0.182157       -0.044209        0.140373

     H    9       -0.248532        0.360691        0.194342
     H    9        0.360691        0.065581       -0.165171
     H    9        0.194342       -0.165171        0.182951

     C   10       -0.005000       -0.136394        0.207761
     C   10       -0.136394       -0.083245       -0.136927
     C   10        0.207761       -0.136927        0.088246

     C   11       -0.092423        0.206300       -0.261185
     C   11        0.206300       -0.037838        0.454640
     C   11       -0.261185        0.454640        0.130261

     Cl  12        0.080744       -0.198206        0.013624
     Cl  12       -0.198206        0.081747       -0.253679
     Cl  12        0.013624       -0.253679       -0.162491

     H   13        0.432768       -0.059303       -0.014069
     H   13       -0.059303       -0.480073       -0.549733
     H   13       -0.014069       -0.549733        0.047306

     C   14        0.193940        0.123417       -0.096346
     C   14        0.123417       -0.410911       -0.410415
     C   14       -0.096346       -0.410415        0.216971

     H   15       -0.058201       -0.339903       -0.503211
     H   15       -0.339903        0.149273       -0.432140
     H   15       -0.503211       -0.432140       -0.091072

     C   16       -0.584501        0.303784       -0.300082
     C   16        0.303784        0.297166       -0.169956
     C   16       -0.300082       -0.169956        0.287335

     C   17        0.271158        0.153271       -0.095391
     C   17        0.153271       -0.543354       -0.358868
     C   17       -0.095391       -0.358868        0.272196

     Cl  18       -0.139624        0.203485        0.009299
     Cl  18        0.203485       -0.012111        0.031853
     Cl  18        0.009299        0.031853        0.151735

     H   19        0.502416       -0.017804       -0.155334
     H   19       -0.017804       -0.197008        0.339113
     H   19       -0.155334        0.339113       -0.305409

     C   20       -0.626517       -0.324345       -0.126322
     C   20       -0.324345        0.265811        0.353273
     C   20       -0.126322        0.353273        0.360706

     H   21       -0.736541        0.176412       -0.120053
     H   21        0.176412        0.415204        0.140236
     H   21       -0.120053        0.140236        0.321337

     C   22       -0.018744        0.214721       -0.288318
     C   22        0.214721       -0.149194        0.659697
     C   22       -0.288318        0.659697        0.167937

     C   23       -0.351418       -0.307737       -0.152690
     C   23       -0.307737       -0.094592        0.477798
     C   23       -0.152690        0.477798        0.446011

     Cl  24        0.003159        0.142134       -0.025147
     Cl  24        0.142134        0.121160        0.016404
     Cl  24       -0.025147        0.016404       -0.124319

     ----- ionic term -----
     Cl   1        0.173056       -0.200515        0.064493
     Cl   1       -0.200515       -0.020245       -0.026892
     Cl   1        0.064493       -0.026892       -0.152811

     C    2        0.159856       -0.139827        0.340799
     C    2       -0.139827        0.101506        0.381107
     C    2        0.340799        0.381107       -0.261361

     C    3        0.068485       -0.262017        0.237830
     C    3       -0.262017        0.193229        0.372733
     C    3        0.237830        0.372733       -0.261714

     H    4        0.416452        0.217271        0.754401
     H    4        0.217271       -0.423561        0.248410
     H    4        0.754401        0.248410        0.007109

     C    5        0.223702       -0.161868        0.329157
     C    5       -0.161868        0.052646        0.296494
     C    5        0.329157        0.296494       -0.276348

     H    6       -0.506933        0.097762        0.070240
     H    6        0.097762        0.593585        0.722115
     H    6        0.070240        0.722115       -0.086653

     H    7       -0.510895       -0.141083        0.055172
     H    7       -0.141083        0.760855       -0.635117
     H    7        0.055172       -0.635117       -0.249961

     C    8        0.350828        0.057117        0.131725
     C    8        0.057117        0.127964       -0.293910
     C    8        0.131725       -0.293910       -0.478792

     H    9        0.963712       -0.352817        0.290407
     H    9       -0.352817       -0.396534       -0.128948
     H    9        0.290407       -0.128948       -0.567178

     C   10        0.278333        0.147728        0.071215
     C   10        0.147728        0.216726       -0.306721
     C   10        0.071215       -0.306721       -0.495059

     C   11        0.320305        0.017749        0.217205
     C   11        0.017749        0.149130       -0.368129
     C   11        0.217205       -0.368129       -0.469435

     Cl  12        0.140612        0.169248       -0.016193
     Cl  12        0.169248        0.004520       -0.027125
     Cl  12       -0.016193       -0.027125       -0.145133

     H   13       -0.536566        0.024089        0.018911
     H   13        0.024089        0.814095        0.602699
     H   13        0.018911        0.602699       -0.277529

     C   14        0.215082       -0.173843        0.285228
     C   14       -0.173843        0.117532        0.278696
     C   14        0.285228        0.278696       -0.332613

     H   15        0.698308        0.326207        0.588539
     H   15        0.326207       -0.435742        0.212461
     H   15        0.588539        0.212461       -0.262566

     C   16        0.173753       -0.225380        0.189070
     C   16       -0.225380        0.181788        0.329918
     C   16        0.189070        0.329918       -0.355541

     C   17        0.206821       -0.170779        0.275440
     C   17       -0.170779        0.092126        0.392107
     C   17        0.275440        0.392107       -0.298947

     Cl  18        0.141616       -0.200922       -0.017032
     Cl  18       -0.200922        0.003056        0.010554
     Cl  18       -0.017032        0.010554       -0.144672

     H   19       -0.500245       -0.057916        0.045721
     H   19       -0.057916        0.577595       -0.747622
     H   19        0.045721       -0.747622       -0.077350

     C   20        0.443090        0.089115        0.220018
     C   20        0.089115       -0.009523       -0.326378
     C   20        0.220018       -0.326378       -0.433567

     H   21        0.714066       -0.505174        0.421214
     H   21       -0.505174       -0.302301       -0.226252
     H   21        0.421214       -0.226252       -0.411765

     C   22        0.234436        0.119168        0.114769
     C   22        0.119168        0.189897       -0.376044
     C   22        0.114769       -0.376044       -0.424333

     C   23        0.226465        0.026468        0.139729
     C   23        0.026468        0.207752       -0.401171
     C   23        0.139729       -0.401171       -0.434218

     Cl  24        0.115931        0.206974       -0.016525
     Cl  24        0.206974        0.003245       -0.013678
     Cl  24       -0.016525       -0.013678       -0.119176

     ----- GIPAW term -----
     Cl   1        0.424203       -1.634612       -0.042517
     Cl   1       -1.634612        2.151327        0.447941
     Cl   1       -0.042517        0.447941       -2.575530

     C    2       -0.106264        0.053838        0.064128
     C    2        0.053838        0.039672        0.133518
     C    2        0.064128        0.133518        0.066591

     C    3       -0.062596        0.090319        0.071710
     C    3        0.090319        0.016901        0.145636
     C    3        0.071710        0.145636        0.045695

     H    4       -0.000000        0.000000        0.000000
     H    4        0.000000        0.000000        0.000000
     H    4        0.000000        0.000000        0.000000

     C    5       -0.137875        0.068664        0.071742
     C    5        0.068664        0.016241        0.120047
     C    5        0.071742        0.120047        0.121634

     H    6       -0.000000        0.000000        0.000000
     H    6        0.000000        0.000000        0.000000
     H    6        0.000000        0.000000        0.000000

     H    7       -0.000000        0.000000        0.000000
     H    7        0.000000        0.000000        0.000000
     H    7        0.000000        0.000000        0.000000

     C    8        0.007076        0.022450        0.004693
     C    8        0.022450       -0.007961        0.006235
     C    8        0.004693        0.006235        0.000885

     H    9       -0.000000        0.000000        0.000000
     H    9        0.000000        0.000000        0.000000
     H    9        0.000000        0.000000        0.000000

     C   10        0.015350        0.009931        0.027509
     C   10        0.009931        0.007834       -0.031190
     C   10        0.027509       -0.031190       -0.023184

     C   11       -0.043716        0.077777       -0.009453
     C   11        0.077777        0.005887        0.131446
     C   11       -0.009453        0.131446        0.037829

     Cl  12       -0.580741        0.343260       -0.281463
     Cl  12        0.343260       -0.473463        0.989973
     Cl  12       -0.281463        0.989973        1.054205

     H   13       -0.000000        0.000000        0.000000
     H   13        0.000000        0.000000        0.000000
     H   13        0.000000        0.000000        0.000000

     C   14       -0.039604        0.021071        0.006776
     C   14        0.021071        0.010640        0.096424
     C   14        0.006776        0.096424        0.028964

     H   15       -0.000000        0.000000        0.000000
     H   15        0.000000        0.000000        0.000000
     H   15        0.000000        0.000000        0.000000

     C   16       -0.100286        0.040579        0.009638
     C   16        0.040579        0.039687        0.048552
     C   16        0.009638        0.048552        0.060599

     C   17       -0.014933       -0.010592        0.027654
     C   17       -0.010592       -0.040556        0.110996
     C   17        0.027654        0.110996        0.055489

     Cl  18       -0.814654       -0.303928        0.715567
     Cl  18       -0.303928        0.234589        2.158617
     Cl  18        0.715567        2.158617        0.580065

     H   19       -0.000000        0.000000        0.000000
     H   19        0.000000        0.000000        0.000000
     H   19        0.000000        0.000000        0.000000

     C   20       -0.176124        0.053476        0.048331
     C   20        0.053476        0.196491        0.166861
     C   20        0.048331        0.166861       -0.020367

     H   21       -0.000000        0.000000        0.000000
     H   21        0.000000        0.000000        0.000000
     H   21        0.000000        0.000000        0.000000

     C   22        0.031893        0.218765        0.016373
     C   22        0.218765        0.018678        0.174990
     C   22        0.016373        0.174990       -0.050571

     C   23       -0.068313        0.124711        0.055794
     C   23        0.124711        0.053484        0.202145
     C   23        0.055794        0.202145        0.014829

     Cl  24        0.937616        3.270819       -0.075082
     Cl  24        3.270819        1.527724        0.248376
     Cl  24       -0.075082        0.248376       -2.465340

     ----- total EFG -----
     Cl   1        0.562423       -1.822065        0.013286
     Cl   1       -1.822065        2.307035        0.469649
     Cl   1        0.013286        0.469649       -2.869458

     C    2       -0.698711        0.225916        0.116029
     C    2        0.225916        0.416498        0.426551
     C    2        0.116029        0.426551        0.282213

     C    3        0.180530        0.200660        0.319300
     C    3        0.200660       -0.347858        0.015816
     C    3        0.319300        0.015816        0.167328

     H    4        0.095633        0.131996        0.176680
     H    4        0.131996       -0.381914        0.015775
     H    4        0.176680        0.015775        0.286280

     C    5       -0.768418        0.140454        0.027247
     C    5        0.140454        0.404055        0.336270
     C    5        0.027247        0.336270        0.364363

     H    6       -0.095993        0.065624       -0.107772
     H    6        0.065624        0.020080        0.151625
     H    6       -0.107772        0.151625        0.075913

     H    7       -0.096876       -0.005474        0.054915
     H    7       -0.005474        0.100913       -0.860669
     H    7        0.054915       -0.860669       -0.004038

     C    8        0.348773        0.248191       -0.045738
     C    8        0.248191       -0.011239       -0.331884
     C    8       -0.045738       -0.331884       -0.337534

     H    9        0.715179        0.007874        0.484748
     H    9        0.007874       -0.330953       -0.294118
     H    9        0.484748       -0.294118       -0.384227

     C   10        0.288683        0.021266        0.306485
     C   10        0.021266        0.141315       -0.474838
     C   10        0.306485       -0.474838       -0.429998

     C   11        0.184166        0.301826       -0.053434
     C   11        0.301826        0.117179        0.217956
     C   11       -0.053434        0.217956       -0.301345

     Cl  12       -0.359385        0.314302       -0.284032
     Cl  12        0.314302       -0.387196        0.709170
     Cl  12       -0.284032        0.709170        0.746581

     H   13       -0.103798       -0.035214        0.004842
     H   13       -0.035214        0.334021        0.052967
     H   13        0.004842        0.052967       -0.230223

     C   14        0.369418       -0.029355        0.195658
     C   14       -0.029355       -0.282740       -0.035296
     C   14        0.195658       -0.035296       -0.086678

     H   15        0.640107       -0.013696        0.085328
     H   15       -0.013696       -0.286468       -0.219679
     H   15        0.085328       -0.219679       -0.353639

     C   16       -0.511034        0.118984       -0.101374
     C   16        0.118984        0.518641        0.208514
     C   16       -0.101374        0.208514       -0.007607

     C   17        0.463046       -0.028100        0.207702
     C   17       -0.028100       -0.491784        0.144234
     C   17        0.207702        0.144234        0.028738

     Cl  18       -0.812662       -0.301365        0.707834
     Cl  18       -0.301365        0.225534        2.201025
     Cl  18        0.707834        2.201025        0.587128

     H   19        0.002171       -0.075720       -0.109613
     H   19       -0.075720        0.380588       -0.408509
     H   19       -0.109613       -0.408509       -0.382759

     C   20       -0.359551       -0.181754        0.142026
     C   20       -0.181754        0.452779        0.193755
     C   20        0.142026        0.193755       -0.093227

     H   21       -0.022475       -0.328762        0.301160
     H   21       -0.328762        0.112903       -0.086016
     H   21        0.301160       -0.086016       -0.090428

     C   22        0.247585        0.552655       -0.157176
     C   22        0.552655        0.059381        0.458643
     C   22       -0.157176        0.458643       -0.306966

     C   23       -0.193266       -0.156557        0.042833
     C   23       -0.156557        0.166644        0.278772
     C   23        0.042833        0.278772        0.026622

     Cl  24        1.056706        3.619926       -0.116754
     Cl  24        3.619926        1.652128        0.251102
     Cl  24       -0.116754        0.251102       -2.708835

     ----- total EFG (symmetrized) -----
     Cl   1        0.562423       -1.822065        0.013286
     Cl   1       -1.822065        2.307035        0.469649
     Cl   1        0.013286        0.469649       -2.869458

     C    2       -0.698711        0.225916        0.116029
     C    2        0.225916        0.416498        0.426551
     C    2        0.116029        0.426551        0.282213

     C    3        0.180530        0.200660        0.319300
     C    3        0.200660       -0.347858        0.015816
     C    3        0.319300        0.015816        0.167328

     H    4        0.095633        0.131996        0.176680
     H    4        0.131996       -0.381914        0.015775
     H    4        0.176680        0.015775        0.286280

     C    5       -0.768418        0.140454        0.027247
     C    5        0.140454        0.404055        0.336270
     C    5        0.027247        0.336270        0.364363

     H    6       -0.095993        0.065624       -0.107772
     H    6        0.065624        0.020080        0.151625
     H    6       -0.107772        0.151625        0.075913

     H    7       -0.096876       -0.005474        0.054915
     H    7       -0.005474        0.100913       -0.860669
     H    7        0.054915       -0.860669       -0.004038

     C    8        0.348773        0.248191       -0.045738
     C    8        0.248191       -0.011239       -0.331884
     C    8       -0.045738       -0.331884       -0.337534

     H    9        0.715179        0.007874        0.484748
     H    9        0.007874       -0.330953       -0.294118
     H    9        0.484748       -0.294118       -0.384227

     C   10        0.288683        0.021266        0.306485
     C   10        0.021266        0.141315       -0.474838
     C   10        0.306485       -0.474838       -0.429998

     C   11        0.184166        0.301826       -0.053434
     C   11        0.301826        0.117179        0.217956
     C   11       -0.053434        0.217956       -0.301345

     Cl  12       -0.359385        0.314302       -0.284032
     Cl  12        0.314302       -0.387196        0.709170
     Cl  12       -0.284032        0.709170        0.746581

     H   13       -0.103798       -0.035214        0.004842
     H   13       -0.035214        0.334021        0.052967
     H   13        0.004842        0.052967       -0.230223

     C   14        0.369418       -0.029355        0.195658
     C   14       -0.029355       -0.282740       -0.035296
     C   14        0.195658       -0.035296       -0.086678

     H   15        0.640107       -0.013696        0.085328
     H   15       -0.013696       -0.286468       -0.219679
     H   15        0.085328       -0.219679       -0.353639

     C   16       -0.511034        0.118984       -0.101374
     C   16        0.118984        0.518641        0.208514
     C   16       -0.101374        0.208514       -0.007607

     C   17        0.463046       -0.028100        0.207702
     C   17       -0.028100       -0.491784        0.144234
     C   17        0.207702        0.144234        0.028738

     Cl  18       -0.812662       -0.301365        0.707834
     Cl  18       -0.301365        0.225534        2.201025
     Cl  18        0.707834        2.201025        0.587128

     H   19        0.002171       -0.075720       -0.109613
     H   19       -0.075720        0.380588       -0.408509
     H   19       -0.109613       -0.408509       -0.382759

     C   20       -0.359551       -0.181754        0.142026
     C   20       -0.181754        0.452779        0.193755
     C   20        0.142026        0.193755       -0.093227

     H   21       -0.022475       -0.328762        0.301160
     H   21       -0.328762        0.112903       -0.086016
     H   21        0.301160       -0.086016       -0.090428

     C   22        0.247585        0.552655       -0.157176
     C   22        0.552655        0.059381        0.458643
     C   22       -0.157176        0.458643       -0.306966

     C   23       -0.193266       -0.156557        0.042833
     C   23       -0.156557        0.166644        0.278772
     C   23        0.042833        0.278772        0.026622

     Cl  24        1.056706        3.619926       -0.116754
     Cl  24        3.619926        1.652128        0.251102
     Cl  24       -0.116754        0.251102       -2.708835


     NQR/NMR SPECTROSCOPIC PARAMETERS:
     Cl   1    Vxx=   -0.5563    axis=(  0.846610  0.520604  0.110562)
     Cl   1    Vyy=   -2.9226    axis=(  0.061573  0.110536 -0.991963)
     Cl   1    Vzz=    3.4789    axis=( -0.528641  0.846613  0.061526)
     Cl   1  Q=        -8.1650 1e-30 m^2  Cq=       -66.7409 MHz  eta= 0.68020

     C    2    Vxx=   -0.0775    axis=( -0.084327 -0.628857  0.772935)
     C    2    Vyy=   -0.7439    axis=( -0.983372  0.177728  0.037314)
     C    2    Vzz=    0.8214    axis=( -0.160838 -0.756936 -0.633387)
     C    2  Q=         1.0000 1e-30 m^2  Cq=         1.9300 MHz  eta= 0.81134

     C    3    Vxx=   -0.0897    axis=( -0.564343 -0.394206  0.725340)
     C    3    Vyy=   -0.4318    axis=( -0.391785  0.901267  0.184994)
     C    3    Vzz=    0.5215    axis=( -0.726651 -0.179777 -0.663067)
     C    3  Q=         1.0000 1e-30 m^2  Cq=         1.2254 MHz  eta= 0.65603

     H    4    Vxx=    0.0168    axis=(  0.804192  0.244791 -0.541621)
     H    4    Vyy=    0.4004    axis=(  0.532845  0.106826  0.839443)
     H    4    Vzz=   -0.4173    axis=( -0.263347  0.963673  0.044527)
     H    4  Q=         1.0000 1e-30 m^2  Cq=        -0.9804 MHz  eta= 0.91938

     C    5    Vxx=    0.0543    axis=( -0.090215 -0.671170  0.735794)
     C    5    Vyy=    0.7309    axis=(  0.080827  0.731435  0.677104)
     C    5    Vzz=   -0.7852    axis=( -0.992637  0.120557 -0.011738)
     C    5  Q=         1.0000 1e-30 m^2  Cq=        -1.8448 MHz  eta= 0.86172

     H    6    Vxx=    0.0139    axis=(  0.700840  0.632816 -0.329190)
     H    6    Vyy=    0.2086    axis=( -0.155260  0.585756  0.795477)
     H    6    Vzz=   -0.2225    axis=(  0.696216 -0.506393  0.508773)
     H    6  Q=         1.0000 1e-30 m^2  Cq=        -0.5227 MHz  eta= 0.87520

     H    7    Vxx=   -0.0968    axis=( -0.997876 -0.064584 -0.008487)
     H    7    Vyy=   -0.8157    axis=( -0.050430  0.683495  0.728211)
     H    7    Vzz=    0.9124    axis=(  0.041230 -0.727093  0.685300)
     H    7  Q=         1.0000 1e-30 m^2  Cq=         2.1438 MHz  eta= 0.78790

     C    8    Vxx=    0.0301    axis=( -0.573254  0.642387 -0.508645)
     C    8    Vyy=    0.5244    axis=(  0.811882  0.529090 -0.246801)
     C    8    Vzz=   -0.5545    axis=( -0.110577  0.554439  0.824845)
     C    8  Q=         1.0000 1e-30 m^2  Cq=        -1.3028 MHz  eta= 0.89155

     H    9    Vxx=   -0.1533    axis=(  0.267581  0.827942 -0.492862)
     H    9    Vyy=   -0.7529    axis=( -0.263518  0.554895  0.789082)
     H    9    Vzz=    0.9063    axis=(  0.926800 -0.081265  0.366657)
     H    9  Q=         1.0000 1e-30 m^2  Cq=         2.1294 MHz  eta= 0.66164

     C   10    Vxx=    0.2556    axis=(  0.740961  0.659688 -0.125651)
     C   10    Vyy=    0.5163    axis=( -0.620778  0.601480 -0.502849)
     C   10    Vzz=   -0.7720    axis=( -0.256147  0.450593  0.855193)
     C   10  Q=         1.0000 1e-30 m^2  Cq=        -1.8139 MHz  eta= 0.33770

     C   11    Vxx=   -0.0230    axis=( -0.643269  0.537986  0.544771)
     C   11    Vyy=   -0.4471    axis=(  0.298784 -0.478720  0.825563)
     C   11    Vzz=    0.4701    axis=( -0.704935 -0.693828 -0.147204)
     C   11  Q=         1.0000 1e-30 m^2  Cq=         1.1045 MHz  eta= 0.90211

     Cl  12    Vxx=   -0.1060    axis=(  0.834320  0.527343 -0.160686)
     Cl  12    Vyy=   -0.9921    axis=( -0.544331  0.741893 -0.391533)
     Cl  12    Vzz=    1.0981    axis=( -0.087260  0.414130  0.906025)
     Cl  12  Q=        -8.1650 1e-30 m^2  Cq=       -21.0662 MHz  eta= 0.80690

     H   13    Vxx=   -0.1060    axis=(  0.995053  0.071307  0.069180)
     H   13    Vyy=   -0.2357    axis=( -0.062172 -0.096208  0.993418)
     H   13    Vzz=    0.3416    axis=(  0.077493 -0.992804 -0.091298)
     H   13  Q=         1.0000 1e-30 m^2  Cq=         0.8027 MHz  eta= 0.37955

     C   14    Vxx=   -0.1551    axis=( -0.352724 -0.173139  0.919570)
     C   14    Vyy=   -0.2889    axis=(  0.010035 -0.983376 -0.181304)
     C   14    Vzz=    0.4440    axis=(  0.935673 -0.054723  0.348598)
     C   14  Q=         1.0000 1e-30 m^2  Cq=         1.0433 MHz  eta= 0.30148

     H   15    Vxx=   -0.1036    axis=(  0.087534  0.762955 -0.640497)
     H   15    Vyy=   -0.5449    axis=( -0.047433  0.645428  0.762347)
     H   15    Vzz=    0.6486    axis=( -0.995032  0.036351 -0.092686)
     H   15  Q=         1.0000 1e-30 m^2  Cq=         1.5238 MHz  eta= 0.68046

     C   16    Vxx=   -0.0422    axis=( -0.271024 -0.284391  0.919602)
     C   16    Vyy=   -0.5548    axis=( -0.959809  0.152192 -0.235807)
     C   16    Vzz=    0.5970    axis=( -0.072895 -0.946551 -0.314209)
     C   16  Q=         1.0000 1e-30 m^2  Cq=         1.4028 MHz  eta= 0.85858

     C   17    Vxx=   -0.0114    axis=( -0.369880  0.286933  0.883662)
     C   17    Vyy=   -0.5358    axis=(  0.084261  0.957556 -0.275658)
     C   17    Vzz=    0.5471    axis=( -0.925251 -0.027502 -0.378358)
     C   17  Q=         1.0000 1e-30 m^2  Cq=         1.2856 MHz  eta= 0.95845

     Cl  18    Vxx=   -0.4746    axis=(  0.880608 -0.403241  0.248849)
     Cl  18    Vyy=   -2.1700    axis=(  0.464405  0.630160 -0.622275)
     Cl  18    Vzz=    2.6447    axis=(  0.094112  0.663547  0.742191)
     Cl  18  Q=        -8.1650 1e-30 m^2  Cq=       -50.7369 MHz  eta= 0.64106

     H   19    Vxx=    0.0299    axis=(  0.975223 -0.042358 -0.217131)
     H   19    Vyy=    0.5592    axis=(  0.047556 -0.918411  0.392759)
     H   19    Vzz=   -0.5891    axis=( -0.216052 -0.393354 -0.893641)
     H   19  Q=         1.0000 1e-30 m^2  Cq=        -1.3841 MHz  eta= 0.89860

     C   20    Vxx=   -0.0486    axis=( -0.484661  0.156865 -0.860522)
     C   20    Vyy=   -0.4861    axis=( -0.861295 -0.257173  0.438216)
     C   20    Vzz=    0.5346    axis=( -0.152563  0.953549  0.259749)
     C   20  Q=         1.0000 1e-30 m^2  Cq=         1.2562 MHz  eta= 0.81836

     H   21    Vxx=   -0.0806    axis=(  0.217015  0.679970  0.700390)
     H   21    Vyy=   -0.4201    axis=(  0.733788  0.359553 -0.576434)
     H   21    Vzz=    0.5008    axis=(  0.643785 -0.639033  0.420925)
     H   21  Q=         1.0000 1e-30 m^2  Cq=         1.1766 MHz  eta= 0.67801

     C   22    Vxx=    0.0715    axis=(  0.583336 -0.388665 -0.713203)
     C   22    Vyy=    0.7492    axis=( -0.697917 -0.689022 -0.195347)
     C   22    Vzz=   -0.8207    axis=( -0.415488  0.611710 -0.673187)
     C   22  Q=         1.0000 1e-30 m^2  Cq=        -1.9284 MHz  eta= 0.82569

     C   23    Vxx=   -0.0718    axis=(  0.668155 -0.336882  0.663385)
     C   23    Vyy=   -0.3289    axis=( -0.724538 -0.497318  0.477199)
     C   23    Vzz=    0.4007    axis=( -0.169154  0.799491  0.576370)
     C   23  Q=         1.0000 1e-30 m^2  Cq=         0.9416 MHz  eta= 0.64164

     Cl  24    Vxx=   -2.1589    axis=( -0.671346  0.609941  0.421031)
     Cl  24    Vyy=   -2.8291    axis=(  0.301407 -0.294295  0.906942)
     Cl  24    Vzz=    4.9880    axis=( -0.677088 -0.735774 -0.013733)
     Cl  24  Q=        -8.1650 1e-30 m^2  Cq=       -95.6926 MHz  eta= 0.13437

     Initialization:
     gipaw_setup  :      9.08s CPU     10.90s WALL (       1 calls)

     Linear response

     Apply operators

     Induced current

     Other routines
     efg          :      9.74s CPU     12.09s WALL (       1 calls)

     General routines
     calbec       :      3.27s CPU      4.14s WALL (      16 calls)
     fft          :      1.54s CPU      2.32s WALL (      15 calls)
     ffts         :      0.04s CPU      0.05s WALL (       2 calls)
     fftw         :      3.56s CPU      4.31s WALL (     672 calls)
     davcio       :      0.03s CPU      0.32s WALL (      32 calls)

     Parallel routines
     fft_scatter  :      2.28s CPU      3.69s WALL (     689 calls)

     Plugins

     GIPAW        :     61.24s CPU     74.63s WALL (       1 calls)
