
     Program QE v.6.0 (svn rev. 13079) starts on 19Jan2017 at  3:35:41 

     This program is part of the open-source Quantum ESPRESSO suite
     for quantum simulation of materials; please cite
         "P. Giannozzi et al., J. Phys.:Condens. Matter 21 395502 (2009);
          URL http://www.quantum-espresso.org", 
     in publications or presentations arising from this work. More details at
     http://www.quantum-espresso.org/quote

     Parallel version (MPI), running on     8 processors
     R & G space division:  proc/nbgrp/npool/nimage =       8

     ***** This is GIPAW svn revision unknown      *****

     Parallelizing q-star over 1 images

     Reading data from directory:
     /users/majewski/paradichlorobenzene/pbe/9_constraint/scratch/pbe.ecut100.np8.dt60.pcl2phi-129368.save
     Message from routine read_xml_file:
     file /users/majewski/paradichlorobenzene/pbe/9_constraint/scratch/pbe.ecut100.np8.dt60.pcl2phi-129368.save not guaranteed to be safe for post-processing

   Info: using nr1, nr2, nr3 values from input

   Info: using nr1, nr2, nr3 values from input

     IMPORTANT: XC functional enforced from input :
     Exchange-correlation      =  SLA  PW   PBX  PBC ( 1  4  3  4 0 0)
     Any further DFT definition will be discarded
     Please, verify this is what you really want

               file C.pbe-n-kjpaw_psl.1.0.0.UPF: wavefunction(s)  2S 2P renormalized
               file Cl.pbe-n-kjpaw_psl.1.0.0.UPF: wavefunction(s)  3S 3P renormalized
               file H.pbe-kjpaw_psl.1.0.0.UPF: wavefunction(s)  1S renormalized

     Parallelization info
     --------------------
     sticks:   dense  smooth     PW     G-vecs:    dense   smooth      PW
     Min        3057    1223    332               144436    36536    5170
     Max        3059    1225    333               144437    36537    5171
     Sum       24467    9791   2657              1155489   292295   41363


     Subspace diagonalization in iterative solution of the eigenvalue problem:
     a serial algorithm will be used

     GIPAW projectors -----------------------------------------------
     atom=  C    l=0  rc=    1.2000  rs=    0.8000
     atom=  C    l=0  rc=    1.2000  rs=    0.8000
     atom=  C    l=1  rc=    1.4000  rs=    0.9333
     atom=  C    l=1  rc=    1.4000  rs=    0.9333
     projs nearly linearly dependent: l=1  n1,n2= 1, 2  s=  0.99951561

     atom=  Cl   l=0  rc=    1.6000  rs=    1.0667
     atom=  Cl   l=0  rc=    1.6000  rs=    1.0667
     atom=  Cl   l=1  rc=    1.6000  rs=    1.0667
     atom=  Cl   l=1  rc=    1.6000  rs=    1.0667
     atom=  Cl   l=2  rc=    1.6000  rs=    1.0667
     atom=  Cl   l=2  rc=    1.6000  rs=    1.0667
     projs nearly linearly dependent: l=2  n1,n2= 1, 2  s=  0.99993509

     atom=  H    l=0  rc=    1.0000  rs=    0.6667
     atom=  H    l=0  rc=    1.0000  rs=    0.6667
     projs nearly linearly dependent: l=0  n1,n2= 1, 2  s=  0.99968852
     -----------------------------------------------------------------

     GIPAW integrals: -------------------------------------------
     Atom  i/j   nmr_para   nmr_dia   epr_rmc  epr_para   epr_dia
       C   1 1   0.83E+03  0.17E-01  0.93E+01  0.24E+08  0.24E+03
       C   2 1   0.86E+03 -0.61E-01  0.94E+01  0.25E+08  0.25E+03
       C   2 2   0.90E+03 -0.15E+00  0.97E+01  0.26E+08  0.26E+03
       C   3 3   0.33E+01  0.34E+00  0.18E+01  0.55E+03  0.21E+02
       C   4 3   0.35E+01  0.37E+00  0.20E+01  0.59E+03  0.22E+02
       C   4 4   0.38E+01  0.39E+00  0.22E+01  0.63E+03  0.24E+02
       Cl  1 1   0.14E+04 -0.47E+00  0.84E+01  0.32E+09  0.42E+03
       Cl  2 1   0.21E+04 -0.37E+00  0.12E+02  0.49E+09  0.65E+03
       Cl  2 2   0.33E+04 -0.16E+00  0.21E+02  0.76E+09  0.10E+04
       Cl  3 3   0.21E+02  0.79E-01  0.89E+01  0.23E+05  0.13E+03
       Cl  4 3   0.24E+02  0.67E-01  0.99E+01  0.27E+05  0.15E+03
       Cl  4 4   0.28E+02  0.44E-01  0.11E+02  0.32E+05  0.18E+03
       Cl  5 5   0.77E+00  0.19E+00  0.18E+01  0.12E+03  0.22E+02
       Cl  6 5   0.80E+00  0.19E+00  0.19E+01  0.12E+03  0.23E+02
       Cl  6 6   0.83E+00  0.20E+00  0.19E+01  0.12E+03  0.23E+02
       H   1 1   0.39E+02  0.19E+00  0.29E+00  0.78E+05  0.13E+02
       H   2 1   0.41E+02  0.21E+00  0.32E+00  0.82E+05  0.14E+02
       H   2 2   0.43E+02  0.22E+00  0.36E+00  0.86E+05  0.15E+02
     ------------------------------------------------------------

     alpha_pv=     33.7512 eV

     Number of occupied bands for each k-point:
     k-point:     1    nbnd_occ=  42
     k-point:     2    nbnd_occ=  42
     k-point:     3    nbnd_occ=  42
     k-point:     4    nbnd_occ=  42
     k-point:     5    nbnd_occ=  42
     k-point:     6    nbnd_occ=  42
     k-point:     7    nbnd_occ=  42
     k-point:     8    nbnd_occ=  42
     k-point:     9    nbnd_occ=  42
     k-point:    10    nbnd_occ=  42
     k-point:    11    nbnd_occ=  42
     k-point:    12    nbnd_occ=  42
     k-point:    13    nbnd_occ=  42
     k-point:    14    nbnd_occ=  42
     k-point:    15    nbnd_occ=  42
     k-point:    16    nbnd_occ=  42


     q-space interpolation up to   110.00 Rydberg

     GIPAW job: efg                                                                             


     ELECTRIC FIELD GRADIENTS TENSORS IN Hartree/bohrradius^2:

     ----- bare term -----
     Cl   1        0.020483       -0.009096        0.005595
     Cl   1       -0.009096       -0.072825        0.084511
     Cl   1        0.005595        0.084511        0.052342

     C    2       -0.182497        0.197804       -0.305457
     C    2        0.197804       -0.259274       -0.431898
     C    2       -0.305457       -0.431898        0.441771

     C    3       -0.357215        0.173131       -0.266159
     C    3        0.173131       -0.149489       -0.453635
     C    3       -0.266159       -0.453635        0.506704

     H    4        0.001523       -0.080522       -0.528339
     H    4       -0.080522        0.437664        0.035517
     H    4       -0.528339        0.035517       -0.439187

     C    5       -0.380345        0.300147       -0.277879
     C    5        0.300147       -0.080770       -0.403143
     C    5       -0.277879       -0.403143        0.461115

     H    6        0.358478       -0.011729       -0.002192
     H    6       -0.011729       -0.414735       -0.537845
     H    6       -0.002192       -0.537845        0.056257

     H    7        0.483908        0.063028       -0.126673
     H    7        0.063028       -0.016645        0.502275
     H    7       -0.126673        0.502275       -0.467262

     C    8       -0.145264       -0.375258        0.005508
     C    8       -0.375258       -0.432639        0.356661
     C    8        0.005508        0.356661        0.577903

     H    9       -0.633809        0.175825       -0.254067
     H    9        0.175825        0.371748        0.173304
     H    9       -0.254067        0.173304        0.262061

     C   10       -0.308942       -0.279172       -0.293843
     C   10       -0.279172       -0.137176        0.431196
     C   10       -0.293843        0.431196        0.446118

     C   11       -0.024563        0.263380       -0.428483
     C   11        0.263380       -0.109601        0.619362
     C   11       -0.428483        0.619362        0.134163

     Cl  12       -0.113461       -0.125901        0.099600
     Cl  12       -0.125901       -0.077814        0.061387
     Cl  12        0.099600        0.061387        0.191274

     H   13        0.498353       -0.027729       -0.088364
     H   13       -0.027729       -0.679633        0.087550
     H   13       -0.088364        0.087550        0.181281

     C   14       -0.461542        0.157025       -0.352735
     C   14        0.157025       -0.095350       -0.338030
     C   14       -0.352735       -0.338030        0.556892

     H   15       -0.434450       -0.352398       -0.385149
     H   15       -0.352398        0.202396       -0.163627
     H   15       -0.385149       -0.163627        0.232054

     C   16       -0.173886        0.237653       -0.300015
     C   16        0.237653       -0.324748       -0.520908
     C   16       -0.300015       -0.520908        0.498634

     C   17       -0.180459        0.034120       -0.357220
     C   17        0.034120       -0.117847       -0.527262
     C   17       -0.357220       -0.527262        0.298306

     Cl  18       -0.179342        0.096033       -0.069434
     Cl  18        0.096033       -0.109249        0.054302
     Cl  18       -0.069434        0.054302        0.288591

     H   19        0.430686       -0.048303       -0.234318
     H   19       -0.048303       -0.274489        0.393773
     H   19       -0.234318        0.393773       -0.156197

     C   20       -0.668836       -0.307638       -0.216247
     C   20       -0.307638        0.301058        0.247234
     C   20       -0.216247        0.247234        0.367778

     H   21       -0.128285       -0.105201       -0.530280
     H   21       -0.105201       -0.032472       -0.076341
     H   21       -0.530280       -0.076341        0.160758

     C   22        0.039301       -0.118693       -0.172764
     C   22       -0.118693       -0.124728        0.565908
     C   22       -0.172764        0.565908        0.085427

     C   23       -0.788126       -0.297207       -0.324310
     C   23       -0.297207        0.215601        0.018404
     C   23       -0.324310        0.018404        0.572525

     Cl  24       -0.039439        0.017057        0.044847
     Cl  24        0.017057       -0.038841       -0.033761
     Cl  24        0.044847       -0.033761        0.078280

     ----- ionic term -----
     Cl   1        0.094157       -0.203358        0.014534
     Cl   1       -0.203358        0.056020       -0.000529
     Cl   1        0.014534       -0.000529       -0.150177

     C    2        0.120856       -0.178227        0.285692
     C    2       -0.178227        0.231199        0.342406
     C    2        0.285692        0.342406       -0.352055

     C    3        0.120532       -0.225178        0.278220
     C    3       -0.225178        0.223179        0.283316
     C    3        0.278220        0.283316       -0.343712

     H    4        0.499466        0.244729        0.758419
     H    4        0.244729       -0.436298        0.220045
     H    4        0.758419        0.220045       -0.063168

     C    5        0.258174       -0.200456        0.325561
     C    5       -0.200456        0.101607        0.236014
     C    5        0.325561        0.236014       -0.359781

     H    6       -0.520297        0.017971        0.009785
     H    6        0.017971        0.692321        0.666808
     H    6        0.009785        0.666808       -0.172024

     H    7       -0.529959       -0.042727        0.036993
     H    7       -0.042727        0.512629       -0.792829
     H    7        0.036993       -0.792829        0.017331

     C    8        0.275877        0.278094        0.162017
     C    8        0.278094        0.013630       -0.343503
     C    8        0.162017       -0.343503       -0.289507

     H    9        0.828216       -0.275621        0.534779
     H    9       -0.275621       -0.473589       -0.187018
     H    9        0.534779       -0.187018       -0.354627

     C   10        0.170489        0.232737        0.120397
     C   10        0.232737        0.148034       -0.472564
     C   10        0.120397       -0.472564       -0.318523

     C   11        0.166100        0.161917        0.288716
     C   11        0.161917        0.068916       -0.457688
     C   11        0.288716       -0.457688       -0.235016

     Cl  12        0.101794        0.197984       -0.017973
     Cl  12        0.197984        0.028063       -0.025260
     Cl  12       -0.017973       -0.025260       -0.129857

     H   13       -0.477745       -0.031731        0.017927
     H   13       -0.031731        0.762915        0.596702
     H   13        0.017927        0.596702       -0.285170

     C   14        0.255793       -0.230423        0.300973
     C   14       -0.230423        0.116452        0.233288
     C   14        0.300973        0.233288       -0.372245

     H   15        0.476998        0.324413        0.708495
     H   15        0.324413       -0.373824        0.296583
     H   15        0.708495        0.296583       -0.103175

     C   16        0.074574       -0.184624        0.258416
     C   16       -0.184624        0.298933        0.357100
     C   16        0.258416        0.357100       -0.373507

     C   17        0.185526       -0.161416        0.366000
     C   17       -0.161416        0.207171        0.323757
     C   17        0.366000        0.323757       -0.392696

     Cl  18        0.145215       -0.220264        0.068177
     Cl  18       -0.220264        0.028695       -0.033811
     Cl  18        0.068177       -0.033811       -0.173910

     H   19       -0.521030       -0.075965        0.081716
     H   19       -0.075965        0.529144       -0.786266
     H   19        0.081716       -0.786266       -0.008114

     C   20        0.258302        0.257027        0.259789
     C   20        0.257027        0.018962       -0.331115
     C   20        0.259789       -0.331115       -0.277264

     H   21        0.475160       -0.180922        0.763197
     H   21       -0.180922       -0.498699       -0.215525
     H   21        0.763197       -0.215525        0.023539

     C   22        0.093289        0.314075        0.171461
     C   22        0.314075        0.089854       -0.428257
     C   22        0.171461       -0.428257       -0.183143

     C   23        0.213561        0.223979        0.204679
     C   23        0.223979       -0.016502       -0.397579
     C   23        0.204679       -0.397579       -0.197059

     Cl  24        0.126700        0.204449       -0.017143
     Cl  24        0.204449        0.003607       -0.012721
     Cl  24       -0.017143       -0.012721       -0.130307

     ----- GIPAW term -----
     Cl   1        0.093205        0.139844       -0.985044
     Cl   1        0.139844        0.977271       -1.600457
     Cl   1       -0.985044       -1.600457       -1.070475

     C    2       -0.093822       -0.020517       -0.080035
     C    2       -0.020517       -0.071844       -0.189199
     C    2       -0.080035       -0.189199        0.165667

     C    3       -0.184391       -0.000679       -0.048831
     C    3       -0.000679       -0.079153       -0.142231
     C    3       -0.048831       -0.142231        0.263544

     H    4       -0.000000        0.000000        0.000000
     H    4        0.000000        0.000000        0.000000
     H    4        0.000000        0.000000        0.000000

     C    5       -0.057111        0.042617       -0.023457
     C    5        0.042617       -0.033440       -0.102301
     C    5       -0.023457       -0.102301        0.090551

     H    6       -0.000000        0.000000        0.000000
     H    6        0.000000        0.000000        0.000000
     H    6        0.000000        0.000000        0.000000

     H    7       -0.000000        0.000000        0.000000
     H    7        0.000000        0.000000        0.000000
     H    7        0.000000        0.000000        0.000000

     C    8       -0.059592       -0.080651        0.124297
     C    8       -0.080651       -0.208066        0.007141
     C    8        0.124297        0.007141        0.267658

     H    9       -0.000000        0.000000        0.000000
     H    9        0.000000        0.000000        0.000000
     H    9        0.000000        0.000000        0.000000

     C   10       -0.093101       -0.034696       -0.065707
     C   10       -0.034696       -0.006849        0.057707
     C   10       -0.065707        0.057707        0.099949

     C   11        0.086011        0.252575       -0.076647
     C   11        0.252575        0.035472        0.091605
     C   11       -0.076647        0.091605       -0.121484

     Cl  12        0.862918        1.835548        0.803295
     Cl  12        1.835548       -0.536736        0.488863
     Cl  12        0.803295        0.488863       -0.326182

     H   13       -0.000000        0.000000        0.000000
     H   13        0.000000        0.000000        0.000000
     H   13        0.000000        0.000000        0.000000

     C   14       -0.148776        0.044006       -0.104141
     C   14        0.044006       -0.080123       -0.165936
     C   14       -0.104141       -0.165936        0.228899

     H   15       -0.000000        0.000000        0.000000
     H   15        0.000000        0.000000        0.000000
     H   15        0.000000        0.000000        0.000000

     C   16       -0.072454        0.047029       -0.148681
     C   16        0.047029       -0.099932       -0.123617
     C   16       -0.148681       -0.123617        0.172386

     C   17        0.049553       -0.132985       -0.069894
     C   17       -0.132985       -0.012082       -0.090330
     C   17       -0.069894       -0.090330       -0.037471

     Cl  18       -0.059077       -1.752749       -0.585824
     Cl  18       -1.752749       -0.873833        0.521896
     Cl  18       -0.585824        0.521896        0.932910

     H   19       -0.000000        0.000000        0.000000
     H   19        0.000000        0.000000        0.000000
     H   19        0.000000        0.000000        0.000000

     C   20       -0.152168        0.099888        0.009770
     C   20        0.099888        0.228737        0.055329
     C   20        0.009770        0.055329       -0.076569

     H   21       -0.000000        0.000000        0.000000
     H   21        0.000000        0.000000        0.000000
     H   21        0.000000        0.000000        0.000000

     C   22       -0.122074        0.012679       -0.016285
     C   22        0.012679        0.254149       -0.036140
     C   22       -0.016285       -0.036140       -0.132076

     C   23       -0.191903        0.031612       -0.035621
     C   23        0.031612        0.058391       -0.203711
     C   23       -0.035621       -0.203711        0.133512

     Cl  24       -0.361671        1.945049       -0.409264
     Cl  24        1.945049       -0.482751       -1.707285
     Cl  24       -0.409264       -1.707285        0.844421

     ----- total EFG -----
     Cl   1        0.207845       -0.072611       -0.964914
     Cl   1       -0.072611        0.960466       -1.516474
     Cl   1       -0.964914       -1.516474       -1.168311

     C    2       -0.155463       -0.000940       -0.099800
     C    2       -0.000940       -0.099920       -0.278691
     C    2       -0.099800       -0.278691        0.255382

     C    3       -0.421073       -0.052726       -0.036770
     C    3       -0.052726       -0.005463       -0.312550
     C    3       -0.036770       -0.312550        0.426537

     H    4        0.500989        0.164207        0.230079
     H    4        0.164207        0.001366        0.255562
     H    4        0.230079        0.255562       -0.502354

     C    5       -0.179282        0.142308        0.024225
     C    5        0.142308       -0.012602       -0.269430
     C    5        0.024225       -0.269430        0.191885

     H    6       -0.161819        0.006242        0.007594
     H    6        0.006242        0.277586        0.128963
     H    6        0.007594        0.128963       -0.115767

     H    7       -0.046052        0.020302       -0.089680
     H    7        0.020302        0.495984       -0.290553
     H    7       -0.089680       -0.290553       -0.449932

     C    8        0.071021       -0.177815        0.291821
     C    8       -0.177815       -0.627075        0.020299
     C    8        0.291821        0.020299        0.556054

     H    9        0.194407       -0.099796        0.280712
     H    9       -0.099796       -0.101841       -0.013714
     H    9        0.280712       -0.013714       -0.092566

     C   10       -0.231553       -0.081131       -0.239153
     C   10       -0.081131        0.004009        0.016340
     C   10       -0.239153        0.016340        0.227544

     C   11        0.227549        0.677872       -0.216414
     C   11        0.677872       -0.005213        0.253279
     C   11       -0.216414        0.253279       -0.222336

     Cl  12        0.851252        1.907631        0.884922
     Cl  12        1.907631       -0.586487        0.524989
     Cl  12        0.884922        0.524989       -0.264765

     H   13        0.020607       -0.059460       -0.070437
     H   13       -0.059460        0.083282        0.684252
     H   13       -0.070437        0.684252       -0.103889

     C   14       -0.354525       -0.029392       -0.155902
     C   14       -0.029392       -0.059022       -0.270678
     C   14       -0.155902       -0.270678        0.413547

     H   15        0.042548       -0.027985        0.323346
     H   15       -0.027985       -0.171428        0.132955
     H   15        0.323346        0.132955        0.128880

     C   16       -0.171766        0.100057       -0.190280
     C   16        0.100057       -0.125747       -0.287424
     C   16       -0.190280       -0.287424        0.297513

     C   17        0.054620       -0.260281       -0.061115
     C   17       -0.260281        0.077242       -0.293835
     C   17       -0.061115       -0.293835       -0.131861

     Cl  18       -0.093204       -1.876979       -0.587081
     Cl  18       -1.876979       -0.954387        0.542388
     Cl  18       -0.587081        0.542388        1.047590

     H   19       -0.090344       -0.124268       -0.152602
     H   19       -0.124268        0.254655       -0.392492
     H   19       -0.152602       -0.392492       -0.164311

     C   20       -0.562702        0.049276        0.053313
     C   20        0.049276        0.548757       -0.028552
     C   20        0.053313       -0.028552        0.013945

     H   21        0.346875       -0.286123        0.232917
     H   21       -0.286123       -0.531171       -0.291867
     H   21        0.232917       -0.291867        0.184297

     C   22        0.010516        0.208061       -0.017589
     C   22        0.208061        0.219276        0.101511
     C   22       -0.017589        0.101511       -0.229792

     C   23       -0.766468       -0.041617       -0.155252
     C   23       -0.041617        0.257490       -0.582886
     C   23       -0.155252       -0.582886        0.508978

     Cl  24       -0.274410        2.166555       -0.381560
     Cl  24        2.166555       -0.517984       -1.753767
     Cl  24       -0.381560       -1.753767        0.792394

     ----- total EFG (symmetrized) -----
     Cl   1        0.207845       -0.072611       -0.964914
     Cl   1       -0.072611        0.960466       -1.516474
     Cl   1       -0.964914       -1.516474       -1.168311

     C    2       -0.155463       -0.000940       -0.099800
     C    2       -0.000940       -0.099920       -0.278691
     C    2       -0.099800       -0.278691        0.255382

     C    3       -0.421073       -0.052726       -0.036770
     C    3       -0.052726       -0.005463       -0.312550
     C    3       -0.036770       -0.312550        0.426537

     H    4        0.500989        0.164207        0.230079
     H    4        0.164207        0.001366        0.255562
     H    4        0.230079        0.255562       -0.502354

     C    5       -0.179282        0.142308        0.024225
     C    5        0.142308       -0.012602       -0.269430
     C    5        0.024225       -0.269430        0.191885

     H    6       -0.161819        0.006242        0.007594
     H    6        0.006242        0.277586        0.128963
     H    6        0.007594        0.128963       -0.115767

     H    7       -0.046052        0.020302       -0.089680
     H    7        0.020302        0.495984       -0.290553
     H    7       -0.089680       -0.290553       -0.449932

     C    8        0.071021       -0.177815        0.291821
     C    8       -0.177815       -0.627075        0.020299
     C    8        0.291821        0.020299        0.556054

     H    9        0.194407       -0.099796        0.280712
     H    9       -0.099796       -0.101841       -0.013714
     H    9        0.280712       -0.013714       -0.092566

     C   10       -0.231553       -0.081131       -0.239153
     C   10       -0.081131        0.004009        0.016340
     C   10       -0.239153        0.016340        0.227544

     C   11        0.227549        0.677872       -0.216414
     C   11        0.677872       -0.005213        0.253279
     C   11       -0.216414        0.253279       -0.222336

     Cl  12        0.851252        1.907631        0.884922
     Cl  12        1.907631       -0.586487        0.524989
     Cl  12        0.884922        0.524989       -0.264765

     H   13        0.020607       -0.059460       -0.070437
     H   13       -0.059460        0.083282        0.684252
     H   13       -0.070437        0.684252       -0.103889

     C   14       -0.354525       -0.029392       -0.155902
     C   14       -0.029392       -0.059022       -0.270678
     C   14       -0.155902       -0.270678        0.413547

     H   15        0.042548       -0.027985        0.323346
     H   15       -0.027985       -0.171428        0.132955
     H   15        0.323346        0.132955        0.128880

     C   16       -0.171766        0.100057       -0.190280
     C   16        0.100057       -0.125747       -0.287424
     C   16       -0.190280       -0.287424        0.297513

     C   17        0.054620       -0.260281       -0.061115
     C   17       -0.260281        0.077242       -0.293835
     C   17       -0.061115       -0.293835       -0.131861

     Cl  18       -0.093204       -1.876979       -0.587081
     Cl  18       -1.876979       -0.954387        0.542388
     Cl  18       -0.587081        0.542388        1.047590

     H   19       -0.090344       -0.124268       -0.152602
     H   19       -0.124268        0.254655       -0.392492
     H   19       -0.152602       -0.392492       -0.164311

     C   20       -0.562702        0.049276        0.053313
     C   20        0.049276        0.548757       -0.028552
     C   20        0.053313       -0.028552        0.013945

     H   21        0.346875       -0.286123        0.232917
     H   21       -0.286123       -0.531171       -0.291867
     H   21        0.232917       -0.291867        0.184297

     C   22        0.010516        0.208061       -0.017589
     C   22        0.208061        0.219276        0.101511
     C   22       -0.017589        0.101511       -0.229792

     C   23       -0.766468       -0.041617       -0.155252
     C   23       -0.041617        0.257490       -0.582886
     C   23       -0.155252       -0.582886        0.508978

     Cl  24       -0.274410        2.166555       -0.381560
     Cl  24        2.166555       -0.517984       -1.753767
     Cl  24       -0.381560       -1.753767        0.792394


     NQR/NMR SPECTROSCOPIC PARAMETERS:
     Cl   1    Vxx=    0.4297    axis=(  0.904525 -0.387119 -0.178810)
     Cl   1    Vyy=    1.8498    axis=( -0.256083 -0.828433  0.498118)
     Cl   1    Vzz=   -2.2795    axis=( -0.340962 -0.404770 -0.848473)
     Cl   1  Q=        -8.1650 1e-30 m^2  Cq=        43.7313 MHz  eta= 0.62302

     C    2    Vxx=   -0.1467    axis=(  0.899379 -0.430642 -0.075261)
     C    2    Vyy=   -0.2748    axis=(  0.410595  0.772991  0.483628)
     C    2    Vzz=    0.4214    axis=( -0.150095 -0.465866  0.872032)
     C    2  Q=         1.0000 1e-30 m^2  Cq=         0.9902 MHz  eta= 0.30401

     C    3    Vxx=   -0.1542    axis=( -0.232309  0.862527  0.449532)
     C    3    Vyy=   -0.4364    axis=(  0.972609  0.202190  0.114679)
     C    3    Vzz=    0.5905    axis=( -0.008023 -0.463860  0.885872)
     C    3  Q=         1.0000 1e-30 m^2  Cq=         1.3875 MHz  eta= 0.47790

     H    4    Vxx=    0.0007    axis=(  0.406689 -0.876069 -0.259052)
     H    4    Vyy=    0.6296    axis=(  0.902807  0.342010  0.260710)
     H    4    Vzz=   -0.6303    axis=( -0.139802 -0.339902  0.930012)
     H    4  Q=         1.0000 1e-30 m^2  Cq=        -1.4811 MHz  eta= 0.99776

     C    5    Vxx=   -0.0621    axis=(  0.717997  0.510564  0.473080)
     C    5    Vyy=   -0.3226    axis=(  0.686793 -0.630119 -0.362305)
     C    5    Vzz=    0.3848    axis=( -0.113117 -0.585043  0.803075)
     C    5  Q=         1.0000 1e-30 m^2  Cq=         0.9040 MHz  eta= 0.67706

     H    6    Vxx=   -0.1514    axis=(  0.461846 -0.261497  0.847536)
     H    6    Vyy=   -0.1648    axis=(  0.886796  0.117764 -0.446906)
     H    6    Vzz=    0.3162    axis=(  0.017056  0.957993  0.286283)
     H    6  Q=         1.0000 1e-30 m^2  Cq=         0.7430 MHz  eta= 0.04237

     H    7    Vxx=   -0.0360    axis=(  0.984547 -0.111375 -0.135141)
     H    7    Vyy=   -0.5452    axis=(  0.160297  0.262421  0.951546)
     H    7    Vzz=    0.5812    axis=( -0.070514 -0.958504  0.276219)
     H    7  Q=         1.0000 1e-30 m^2  Cq=         1.3656 MHz  eta= 0.87599

     C    8    Vxx=   -0.0190    axis=(  0.863199 -0.266710 -0.428664)
     C    8    Vyy=   -0.6766    axis=(  0.259130  0.962752 -0.077204)
     C    8    Vzz=    0.6955    axis=(  0.433288 -0.044437  0.900159)
     C    8  Q=         1.0000 1e-30 m^2  Cq=         1.6342 MHz  eta= 0.94549

     H    9    Vxx=   -0.1092    axis=( -0.028197 -0.951091 -0.307621)
     H    9    Vyy=   -0.2746    axis=( -0.535798 -0.245420  0.807892)
     H    9    Vzz=    0.3838    axis=(  0.843875 -0.187603  0.502672)
     H    9  Q=         1.0000 1e-30 m^2  Cq=         0.9018 MHz  eta= 0.43078

     C   10    Vxx=    0.0107    axis=( -0.121122  0.970879 -0.206695)
     C   10    Vyy=    0.3362    axis=(  0.401439 -0.142530 -0.904727)
     C   10    Vzz=   -0.3469    axis=( -0.907841 -0.192558 -0.372486)
     C   10  Q=         1.0000 1e-30 m^2  Cq=        -0.8150 MHz  eta= 0.93858

     C   11    Vxx=   -0.0222    axis=( -0.330164  0.395287  0.857170)
     C   11    Vyy=   -0.7768    axis=( -0.553014  0.654920 -0.515029)
     C   11    Vzz=    0.7990    axis=( -0.764962 -0.644071  0.002368)
     C   11  Q=         1.0000 1e-30 m^2  Cq=         1.8772 MHz  eta= 0.94449

     Cl  12    Vxx=   -0.6360    axis=( -0.251904 -0.238662  0.937862)
     Cl  12    Vyy=   -1.9099    axis=(  0.578806 -0.813829 -0.051635)
     Cl  12    Vzz=    2.5460    axis=(  0.775582  0.529833  0.343145)
     Cl  12  Q=        -8.1650 1e-30 m^2  Cq=       -48.8429 MHz  eta= 0.50035

     H   13    Vxx=    0.0085    axis=(  0.990739  0.114083  0.073630)
     H   13    Vyy=    0.6927    axis=(  0.134369 -0.745775 -0.652507)
     H   13    Vzz=   -0.7012    axis=( -0.019529  0.656357 -0.754197)
     H   13  Q=         1.0000 1e-30 m^2  Cq=        -1.6475 MHz  eta= 0.97568

     C   14    Vxx=   -0.1463    axis=( -0.363957  0.874230  0.321338)
     C   14    Vyy=   -0.4090    axis=(  0.920386  0.284627  0.268101)
     C   14    Vzz=    0.5553    axis=( -0.142920 -0.393332  0.908220)
     C   14  Q=         1.0000 1e-30 m^2  Cq=         1.3047 MHz  eta= 0.47316

     H   15    Vxx=   -0.1003    axis=(  0.539503 -0.784338 -0.306186)
     H   15    Vyy=   -0.3232    axis=(  0.553171  0.604335 -0.573394)
     H   15    Vzz=    0.4235    axis=(  0.634774  0.139975  0.759914)
     H   15  Q=         1.0000 1e-30 m^2  Cq=         0.9950 MHz  eta= 0.52641

     C   16    Vxx=   -0.2391    axis=( -0.948711  0.043355 -0.313158)
     C   16    Vyy=   -0.2714    axis=(  0.098246 -0.901076 -0.422387)
     C   16    Vzz=    0.5105    axis=( -0.300491 -0.431489  0.850601)
     C   16  Q=         1.0000 1e-30 m^2  Cq=         1.1996 MHz  eta= 0.06315

     C   17    Vxx=    0.0352    axis=(  0.747094  0.204261 -0.632557)
     C   17    Vyy=    0.3948    axis=( -0.522261  0.769065 -0.368486)
     C   17    Vzz=   -0.4300    axis=(  0.411211  0.605653  0.681241)
     C   17  Q=         1.0000 1e-30 m^2  Cq=        -1.0103 MHz  eta= 0.83626

     Cl  18    Vxx=    0.4089    axis=(  0.499508 -0.377506  0.779731)
     Cl  18    Vyy=    2.0417    axis=( -0.604933  0.492286  0.625868)
     Cl  18    Vzz=   -2.4506    axis=( -0.620120 -0.784311  0.017535)
     Cl  18  Q=        -8.1650 1e-30 m^2  Cq=        47.0127 MHz  eta= 0.66628

     H   19    Vxx=    0.0024    axis=(  0.898767 -0.179563 -0.399968)
     H   19    Vyy=    0.4915    axis=(  0.051985 -0.862200  0.503893)
     H   19    Vzz=   -0.4939    axis=( -0.435334 -0.473675 -0.765583)
     H   19  Q=         1.0000 1e-30 m^2  Cq=        -1.1605 MHz  eta= 0.99031

     C   20    Vxx=    0.0178    axis=(  0.095126  0.044646  0.994464)
     C   20    Vyy=    0.5522    axis=( -0.041773 -0.997935  0.048798)
     C   20    Vzz=   -0.5700    axis=(  0.994588 -0.046183 -0.093065)
     C   20  Q=         1.0000 1e-30 m^2  Cq=        -1.3392 MHz  eta= 0.93767

     H   21    Vxx=    0.0248    axis=( -0.630284 -0.080979  0.772130)
     H   21    Vyy=    0.6502    axis=(  0.749217 -0.324147  0.577584)
     H   21    Vzz=   -0.6750    axis=( -0.203511 -0.942535 -0.264975)
     H   21  Q=         1.0000 1e-30 m^2  Cq=        -1.5860 MHz  eta= 0.92658

     C   22    Vxx=   -0.0879    axis=(  0.814562 -0.419229 -0.400919)
     C   22    Vyy=   -0.2701    axis=(  0.286661 -0.309938  0.906512)
     C   22    Vzz=    0.3580    axis=( -0.504296 -0.853338 -0.132287)
     C   22  Q=         1.0000 1e-30 m^2  Cq=         0.8411 MHz  eta= 0.50884

     C   23    Vxx=   -0.1844    axis=( -0.215088  0.770753  0.599731)
     C   23    Vyy=   -0.8002    axis=( -0.975078 -0.135273 -0.175854)
     C   23    Vzz=    0.9847    axis=( -0.054412 -0.622609  0.780639)
     C   23  Q=         1.0000 1e-30 m^2  Cq=         2.3136 MHz  eta= 0.62537

     Cl  24    Vxx=   -0.0253    axis=( -0.643554 -0.203934 -0.737733)
     Cl  24    Vyy=   -2.8857    axis=( -0.582863  0.755295  0.299667)
     Cl  24    Vzz=    2.9110    axis=(  0.496093  0.622849 -0.604938)
     Cl  24  Q=        -8.1650 1e-30 m^2  Cq=       -55.8459 MHz  eta= 0.98265

     Initialization:
     gipaw_setup  :      8.91s CPU     10.78s WALL (       1 calls)

     Linear response

     Apply operators

     Induced current

     Other routines
     efg          :      9.11s CPU     11.46s WALL (       1 calls)

     General routines
     calbec       :      3.30s CPU      4.27s WALL (      16 calls)
     fft          :      1.47s CPU      1.92s WALL (      15 calls)
     ffts         :      0.04s CPU      0.06s WALL (       2 calls)
     fftw         :      3.15s CPU      3.80s WALL (     672 calls)
     davcio       :      0.03s CPU      0.32s WALL (      32 calls)

     Parallel routines
     fft_scatter  :      1.91s CPU      2.83s WALL (     689 calls)

     Plugins

     GIPAW        :     60.47s CPU     71.43s WALL (       1 calls)
