
     Program QE v.6.0 (svn rev. 13079) starts on 26Dec2016 at  0:46: 6 

     This program is part of the open-source Quantum ESPRESSO suite
     for quantum simulation of materials; please cite
         "P. Giannozzi et al., J. Phys.:Condens. Matter 21 395502 (2009);
          URL http://www.quantum-espresso.org", 
     in publications or presentations arising from this work. More details at
     http://www.quantum-espresso.org/quote

     Parallel version (MPI), running on     8 processors
     R & G space division:  proc/nbgrp/npool/nimage =       8

     ***** This is GIPAW svn revision unknown      *****

     Parallelizing q-star over 1 images

     Reading data from directory:
     /users/majewski/paradichlorobenzene/pbe/9_constraint/scratch/pbe.ecut100.np8.dt60.pcl2phi-129368.save
     Message from routine read_xml_file:
     file /users/majewski/paradichlorobenzene/pbe/9_constraint/scratch/pbe.ecut100.np8.dt60.pcl2phi-129368.save not guaranteed to be safe for post-processing

   Info: using nr1, nr2, nr3 values from input

   Info: using nr1, nr2, nr3 values from input

     IMPORTANT: XC functional enforced from input :
     Exchange-correlation      =  SLA  PW   PBX  PBC ( 1  4  3  4 0 0)
     Any further DFT definition will be discarded
     Please, verify this is what you really want

               file C.pbe-n-kjpaw_psl.1.0.0.UPF: wavefunction(s)  2S 2P renormalized
               file Cl.pbe-n-kjpaw_psl.1.0.0.UPF: wavefunction(s)  3S 3P renormalized
               file H.pbe-kjpaw_psl.1.0.0.UPF: wavefunction(s)  1S renormalized

     Parallelization info
     --------------------
     sticks:   dense  smooth     PW     G-vecs:    dense   smooth      PW
     Min        3057    1223    332               144436    36536    5170
     Max        3059    1225    333               144437    36537    5171
     Sum       24467    9791   2657              1155489   292295   41363


     Subspace diagonalization in iterative solution of the eigenvalue problem:
     a serial algorithm will be used

     GIPAW projectors -----------------------------------------------
     atom=  C    l=0  rc=    1.2000  rs=    0.8000
     atom=  C    l=0  rc=    1.2000  rs=    0.8000
     atom=  C    l=1  rc=    1.4000  rs=    0.9333
     atom=  C    l=1  rc=    1.4000  rs=    0.9333
     projs nearly linearly dependent: l=1  n1,n2= 1, 2  s=  0.99951561

     atom=  Cl   l=0  rc=    1.6000  rs=    1.0667
     atom=  Cl   l=0  rc=    1.6000  rs=    1.0667
     atom=  Cl   l=1  rc=    1.6000  rs=    1.0667
     atom=  Cl   l=1  rc=    1.6000  rs=    1.0667
     atom=  Cl   l=2  rc=    1.6000  rs=    1.0667
     atom=  Cl   l=2  rc=    1.6000  rs=    1.0667
     projs nearly linearly dependent: l=2  n1,n2= 1, 2  s=  0.99993509

     atom=  H    l=0  rc=    1.0000  rs=    0.6667
     atom=  H    l=0  rc=    1.0000  rs=    0.6667
     projs nearly linearly dependent: l=0  n1,n2= 1, 2  s=  0.99968852
     -----------------------------------------------------------------

     GIPAW integrals: -------------------------------------------
     Atom  i/j   nmr_para   nmr_dia   epr_rmc  epr_para   epr_dia
       C   1 1   0.83E+03  0.17E-01  0.93E+01  0.24E+08  0.24E+03
       C   2 1   0.86E+03 -0.61E-01  0.94E+01  0.25E+08  0.25E+03
       C   2 2   0.90E+03 -0.15E+00  0.97E+01  0.26E+08  0.26E+03
       C   3 3   0.33E+01  0.34E+00  0.18E+01  0.55E+03  0.21E+02
       C   4 3   0.35E+01  0.37E+00  0.20E+01  0.59E+03  0.22E+02
       C   4 4   0.38E+01  0.39E+00  0.22E+01  0.63E+03  0.24E+02
       Cl  1 1   0.14E+04 -0.47E+00  0.84E+01  0.32E+09  0.42E+03
       Cl  2 1   0.21E+04 -0.37E+00  0.12E+02  0.49E+09  0.65E+03
       Cl  2 2   0.33E+04 -0.16E+00  0.21E+02  0.76E+09  0.10E+04
       Cl  3 3   0.21E+02  0.79E-01  0.89E+01  0.23E+05  0.13E+03
       Cl  4 3   0.24E+02  0.67E-01  0.99E+01  0.27E+05  0.15E+03
       Cl  4 4   0.28E+02  0.44E-01  0.11E+02  0.32E+05  0.18E+03
       Cl  5 5   0.77E+00  0.19E+00  0.18E+01  0.12E+03  0.22E+02
       Cl  6 5   0.80E+00  0.19E+00  0.19E+01  0.12E+03  0.23E+02
       Cl  6 6   0.83E+00  0.20E+00  0.19E+01  0.12E+03  0.23E+02
       H   1 1   0.39E+02  0.19E+00  0.29E+00  0.78E+05  0.13E+02
       H   2 1   0.41E+02  0.21E+00  0.32E+00  0.82E+05  0.14E+02
       H   2 2   0.43E+02  0.22E+00  0.36E+00  0.86E+05  0.15E+02
     ------------------------------------------------------------

     alpha_pv=     34.1622 eV

     Number of occupied bands for each k-point:
     k-point:     1    nbnd_occ=  42
     k-point:     2    nbnd_occ=  42
     k-point:     3    nbnd_occ=  42
     k-point:     4    nbnd_occ=  42
     k-point:     5    nbnd_occ=  42
     k-point:     6    nbnd_occ=  42
     k-point:     7    nbnd_occ=  42
     k-point:     8    nbnd_occ=  42
     k-point:     9    nbnd_occ=  42
     k-point:    10    nbnd_occ=  42
     k-point:    11    nbnd_occ=  42
     k-point:    12    nbnd_occ=  42
     k-point:    13    nbnd_occ=  42
     k-point:    14    nbnd_occ=  42
     k-point:    15    nbnd_occ=  42
     k-point:    16    nbnd_occ=  42


     q-space interpolation up to   110.00 Rydberg

     GIPAW job: efg                                                                             


     ELECTRIC FIELD GRADIENTS TENSORS IN Hartree/bohrradius^2:

     ----- bare term -----
     Cl   1       -0.015077        0.014312       -0.104297
     Cl   1        0.014312       -0.050135        0.022932
     Cl   1       -0.104297        0.022932        0.065212

     C    2       -0.509154        0.402609       -0.226870
     C    2        0.402609        0.135355       -0.302407
     C    2       -0.226870       -0.302407        0.373799

     C    3        0.280359        0.072846        0.101958
     C    3        0.072846       -0.112431       -0.031199
     C    3        0.101958       -0.031199       -0.167928

     H    4        0.193278       -0.017789       -0.237650
     H    4       -0.017789        0.206721        0.238822
     H    4       -0.237650        0.238822       -0.399999

     C    5       -0.300412        0.096016       -0.100991
     C    5        0.096016        0.186011        0.168270
     C    5       -0.100991        0.168270        0.114401

     H    6        0.241701       -0.051157        0.352787
     H    6       -0.051157        0.214598       -0.121360
     H    6        0.352787       -0.121360       -0.456299

     H    7        0.434296       -0.077827        0.012841
     H    7       -0.077827       -0.711969        0.426121
     H    7        0.012841        0.426121        0.277673

     C    8       -0.090375       -0.128632       -0.175930
     C    8       -0.128632        0.008098        0.450687
     C    8       -0.175930        0.450687        0.082277

     H    9       -0.143063        0.490846       -0.278173
     H    9        0.490846       -0.247120        0.155079
     H    9       -0.278173        0.155079        0.390184

     C   10       -0.747009       -0.381436       -0.306484
     C   10       -0.381436        0.371022        0.108129
     C   10       -0.306484        0.108129        0.375987

     C   11        0.004649        0.041129       -0.259115
     C   11        0.041129       -0.070810        0.526673
     C   11       -0.259115        0.526673        0.066160

     Cl  12       -0.164727       -0.243266        0.023185
     Cl  12       -0.243266        0.163261       -0.086443
     Cl  12        0.023185       -0.086443        0.001465

     H   13        0.119869        0.250557        0.285702
     H   13        0.250557       -0.149594       -0.525946
     H   13        0.285702       -0.525946        0.029726

     C   14       -0.066733       -0.327445       -0.511490
     C   14       -0.327445       -0.089496       -0.443315
     C   14       -0.511490       -0.443315        0.156230

     H   15       -0.013395       -0.082429       -0.271102
     H   15       -0.082429        0.403456       -0.415460
     H   15       -0.271102       -0.415460       -0.390061

     C   16       -0.512419        0.336796       -0.342895
     C   16        0.336796        0.111277       -0.064006
     C   16       -0.342895       -0.064006        0.401142

     C   17        0.050061        0.076782       -0.184504
     C   17        0.076782        0.020652       -0.630445
     C   17       -0.184504       -0.630445       -0.070713

     Cl  18       -0.322856        0.296366        0.005561
     Cl  18        0.296366        0.195823       -0.083209
     Cl  18        0.005561       -0.083209        0.127033

     H   19        0.380706        0.154939        0.069270
     H   19        0.154939       -0.561546        0.433033
     H   19        0.069270        0.433033        0.180840

     C   20       -0.820645       -0.349940       -0.484170
     C   20       -0.349940        0.288276       -0.047092
     C   20       -0.484170       -0.047092        0.532368

     H   21       -0.522866       -0.092200        0.081755
     H   21       -0.092200        0.233424        0.360450
     H   21        0.081755        0.360450        0.289442

     C   22        0.128697       -0.037273       -0.138729
     C   22       -0.037273       -0.460771        0.468288
     C   22       -0.138729        0.468288        0.332074

     C   23       -0.741959       -0.482238       -0.369347
     C   23       -0.482238        0.321213        0.048885
     C   23       -0.369347        0.048885        0.420746

     Cl  24        0.131255       -0.010150        0.021991
     Cl  24       -0.010150       -0.150585        0.134274
     Cl  24        0.021991        0.134274        0.019330

     ----- ionic term -----
     Cl   1        0.158278       -0.230383        0.043638
     Cl   1       -0.230383       -0.039600       -0.021496
     Cl   1        0.043638       -0.021496       -0.118678

     C    2        0.144798       -0.316130        0.299279
     C    2       -0.316130       -0.111727        0.345028
     C    2        0.299279        0.345028       -0.033071

     C    3        0.136459       -0.404053        0.193990
     C    3       -0.404053       -0.036152        0.326595
     C    3        0.193990        0.326595       -0.100307

     H    4        0.300714        0.096622        0.792533
     H    4        0.096622       -0.511771        0.179845
     H    4        0.792533        0.179845        0.211057

     C    5        0.226577       -0.350856        0.307340
     C    5       -0.350856       -0.115325        0.264734
     C    5        0.307340        0.264734       -0.111252

     H    6       -0.482860       -0.183734       -0.113630
     H    6       -0.183734        0.365050        0.766525
     H    6       -0.113630        0.766525        0.117810

     H    7       -0.479633        0.068109       -0.014648
     H    7        0.068109        0.540161       -0.741518
     H    7       -0.014648       -0.741518       -0.060528

     C    8        0.370113        0.242976        0.266312
     C    8        0.242976        0.036526       -0.270116
     C    8        0.266312       -0.270116       -0.406639

     H    9        0.656327       -0.387561        0.605862
     H    9       -0.387561       -0.399757       -0.239110
     H    9        0.605862       -0.239110       -0.256570

     C   10        0.192728        0.210863        0.206120
     C   10        0.210863        0.202682       -0.335424
     C   10        0.206120       -0.335424       -0.395411

     C   11        0.275769        0.091831        0.214265
     C   11        0.091831        0.129802       -0.351076
     C   11        0.214265       -0.351076       -0.405571

     Cl  12        0.117616        0.169175        0.002183
     Cl  12        0.169175        0.024830        0.003134
     Cl  12        0.002183        0.003134       -0.142446

     H   13       -0.540850       -0.082836       -0.046239
     H   13       -0.082836        0.513961        0.772020
     H   13       -0.046239        0.772020        0.026890

     C   14        0.191202       -0.303752        0.281822
     C   14       -0.303752       -0.078590        0.283994
     C   14        0.281822        0.283994       -0.112612

     H   15        0.411314        0.148899        0.775457
     H   15        0.148899       -0.529969        0.202629
     H   15        0.775457        0.202629        0.118655

     C   16        0.120895       -0.373310        0.158192
     C   16       -0.373310        0.006099        0.394997
     C   16        0.158192        0.394997       -0.126994

     C   17        0.108037       -0.371288        0.249751
     C   17       -0.371288       -0.028620        0.423595
     C   17        0.249751        0.423595       -0.079417

     Cl  18        0.154264       -0.234721        0.012900
     Cl  18       -0.234721        0.007795        0.007681
     Cl  18        0.012900        0.007681       -0.162058

     H   19       -0.522135       -0.113073        0.039674
     H   19       -0.113073        0.788039       -0.619777
     H   19        0.039674       -0.619777       -0.265905

     C   20        0.314491        0.160701        0.197376
     C   20        0.160701        0.156106       -0.269554
     C   20        0.197376       -0.269554       -0.470597

     H   21        0.886954       -0.293554        0.430336
     H   21       -0.293554       -0.389351       -0.144924
     H   21        0.430336       -0.144924       -0.497602

     C   22        0.201689        0.215458        0.132902
     C   22        0.215458        0.308178       -0.304441
     C   22        0.132902       -0.304441       -0.509867

     C   23        0.248281        0.146977        0.225365
     C   23        0.146977        0.205773       -0.357221
     C   23        0.225365       -0.357221       -0.454054

     Cl  24        0.141913        0.228445       -0.023604
     Cl  24        0.228445        0.011480       -0.026111
     Cl  24       -0.023604       -0.026111       -0.153393

     ----- GIPAW term -----
     Cl   1       -0.210054       -2.040226        0.412390
     Cl   1       -2.040226       -0.142864       -1.752563
     Cl   1        0.412390       -1.752563        0.352918

     C    2       -0.135230       -0.039422       -0.005164
     C    2       -0.039422        0.185283       -0.153054
     C    2       -0.005164       -0.153054       -0.050053

     C    3        0.019666       -0.003492        0.016053
     C    3       -0.003492        0.009780        0.017413
     C    3        0.016053        0.017413       -0.029446

     H    4       -0.000000        0.000000        0.000000
     H    4        0.000000        0.000000        0.000000
     H    4        0.000000        0.000000        0.000000

     C    5       -0.010541       -0.000635        0.004125
     C    5       -0.000635        0.014988        0.027147
     C    5        0.004125        0.027147       -0.004447

     H    6       -0.000000        0.000000        0.000000
     H    6        0.000000        0.000000        0.000000
     H    6        0.000000        0.000000        0.000000

     H    7       -0.000000        0.000000        0.000000
     H    7        0.000000        0.000000        0.000000
     H    7        0.000000        0.000000        0.000000

     C    8       -0.096125       -0.076423       -0.008809
     C    8       -0.076423        0.248156        0.083612
     C    8       -0.008809        0.083612       -0.152031

     H    9       -0.000000        0.000000        0.000000
     H    9        0.000000        0.000000        0.000000
     H    9        0.000000        0.000000        0.000000

     C   10       -0.241417       -0.081158       -0.050435
     C   10       -0.081158        0.314465       -0.058482
     C   10       -0.050435       -0.058482       -0.073048

     C   11       -0.057058        0.084327       -0.021901
     C   11        0.084327        0.214845       -0.066510
     C   11       -0.021901       -0.066510       -0.157787

     Cl  12        0.114468        0.327739        0.250896
     Cl  12        0.327739        1.795053       -0.949289
     Cl  12        0.250896       -0.949289       -1.909520

     H   13       -0.000000        0.000000        0.000000
     H   13        0.000000        0.000000        0.000000
     H   13        0.000000        0.000000        0.000000

     C   14        0.058612       -0.238394       -0.162841
     C   14       -0.238394        0.005082        0.012006
     C   14       -0.162841        0.012006       -0.063694

     H   15       -0.000000        0.000000        0.000000
     H   15        0.000000        0.000000        0.000000
     H   15        0.000000        0.000000        0.000000

     C   16       -0.079608       -0.135013       -0.137253
     C   16       -0.135013        0.115126        0.134452
     C   16       -0.137253        0.134452       -0.035519

     C   17       -0.045817        0.024550       -0.018845
     C   17        0.024550        0.254909       -0.064676
     C   17       -0.018845       -0.064676       -0.209093

     Cl  18       -1.112975       -0.801843       -0.066731
     Cl  18       -0.801843        2.756105       -0.948741
     Cl  18       -0.066731       -0.948741       -1.643130

     H   19       -0.000000        0.000000        0.000000
     H   19        0.000000        0.000000        0.000000
     H   19        0.000000        0.000000        0.000000

     C   20       -0.165848        0.039127       -0.122325
     C   20        0.039127        0.084049       -0.184919
     C   20       -0.122325       -0.184919        0.081799

     H   21       -0.000000        0.000000        0.000000
     H   21        0.000000        0.000000        0.000000
     H   21        0.000000        0.000000        0.000000

     C   22       -0.094323        0.050782       -0.027970
     C   22        0.050782        0.044525       -0.167798
     C   22       -0.027970       -0.167798        0.049798

     C   23       -0.144881       -0.038792       -0.025323
     C   23       -0.038792        0.227821       -0.073089
     C   23       -0.025323       -0.073089       -0.082940

     Cl  24       -0.160681        0.540663        0.536930
     Cl  24        0.540663        0.971531       -1.653784
     Cl  24        0.536930       -1.653784       -0.810850

     ----- total EFG -----
     Cl   1       -0.066853       -2.256297        0.351732
     Cl   1       -2.256297       -0.232599       -1.751127
     Cl   1        0.351732       -1.751127        0.299452

     C    2       -0.499586        0.047057        0.067245
     C    2        0.047057        0.208911       -0.110433
     C    2        0.067245       -0.110433        0.290675

     C    3        0.436484       -0.334699        0.312002
     C    3       -0.334699       -0.138802        0.312808
     C    3        0.312002        0.312808       -0.297682

     H    4        0.493992        0.078833        0.554883
     H    4        0.078833       -0.305050        0.418666
     H    4        0.554883        0.418666       -0.188942

     C    5       -0.084376       -0.255474        0.210474
     C    5       -0.255474        0.085673        0.460151
     C    5        0.210474        0.460151       -0.001297

     H    6       -0.241160       -0.234891        0.239157
     H    6       -0.234891        0.579648        0.645164
     H    6        0.239157        0.645164       -0.338489

     H    7       -0.045337       -0.009718       -0.001807
     H    7       -0.009718       -0.171808       -0.315396
     H    7       -0.001807       -0.315396        0.217145

     C    8        0.183613        0.037921        0.081573
     C    8        0.037921        0.292780        0.264183
     C    8        0.081573        0.264183       -0.476393

     H    9        0.513263        0.103284        0.327689
     H    9        0.103284       -0.646877       -0.084030
     H    9        0.327689       -0.084030        0.133614

     C   10       -0.795698       -0.251731       -0.150798
     C   10       -0.251731        0.888169       -0.285777
     C   10       -0.150798       -0.285777       -0.092471

     C   11        0.223360        0.217287       -0.066751
     C   11        0.217287        0.273838        0.109087
     C   11       -0.066751        0.109087       -0.497198

     Cl  12        0.067357        0.253648        0.276263
     Cl  12        0.253648        1.983144       -1.032599
     Cl  12        0.276263       -1.032599       -2.050501

     H   13       -0.420982        0.167721        0.239463
     H   13        0.167721        0.364366        0.246074
     H   13        0.239463        0.246074        0.056615

     C   14        0.183081       -0.869591       -0.392509
     C   14       -0.869591       -0.163005       -0.147315
     C   14       -0.392509       -0.147315       -0.020076

     H   15        0.397919        0.066470        0.504355
     H   15        0.066470       -0.126513       -0.212831
     H   15        0.504355       -0.212831       -0.271406

     C   16       -0.471132       -0.171527       -0.321956
     C   16       -0.171527        0.232502        0.465443
     C   16       -0.321956        0.465443        0.238630

     C   17        0.112281       -0.269956        0.046403
     C   17       -0.269956        0.246941       -0.271526
     C   17        0.046403       -0.271526       -0.359223

     Cl  18       -1.281568       -0.740198       -0.048269
     Cl  18       -0.740198        2.959723       -1.024269
     Cl  18       -0.048269       -1.024269       -1.678155

     H   19       -0.141429        0.041866        0.108944
     H   19        0.041866        0.226494       -0.186744
     H   19        0.108944       -0.186744       -0.085065

     C   20       -0.672002       -0.150112       -0.409119
     C   20       -0.150112        0.528431       -0.501565
     C   20       -0.409119       -0.501565        0.143571

     H   21        0.364088       -0.385754        0.512090
     H   21       -0.385754       -0.155927        0.215526
     H   21        0.512090        0.215526       -0.208161

     C   22        0.236063        0.228967       -0.033797
     C   22        0.228967       -0.108068       -0.003951
     C   22       -0.033797       -0.003951       -0.127995

     C   23       -0.638559       -0.374052       -0.169305
     C   23       -0.374052        0.754808       -0.381426
     C   23       -0.169305       -0.381426       -0.116249

     Cl  24        0.112486        0.758959        0.535318
     Cl  24        0.758959        0.832427       -1.545621
     Cl  24        0.535318       -1.545621       -0.944913

     ----- total EFG (symmetrized) -----
     Cl   1       -0.066853       -2.256297        0.351732
     Cl   1       -2.256297       -0.232599       -1.751127
     Cl   1        0.351732       -1.751127        0.299452

     C    2       -0.499586        0.047057        0.067245
     C    2        0.047057        0.208911       -0.110433
     C    2        0.067245       -0.110433        0.290675

     C    3        0.436484       -0.334699        0.312002
     C    3       -0.334699       -0.138802        0.312808
     C    3        0.312002        0.312808       -0.297682

     H    4        0.493992        0.078833        0.554883
     H    4        0.078833       -0.305050        0.418666
     H    4        0.554883        0.418666       -0.188942

     C    5       -0.084376       -0.255474        0.210474
     C    5       -0.255474        0.085673        0.460151
     C    5        0.210474        0.460151       -0.001297

     H    6       -0.241160       -0.234891        0.239157
     H    6       -0.234891        0.579648        0.645164
     H    6        0.239157        0.645164       -0.338489

     H    7       -0.045337       -0.009718       -0.001807
     H    7       -0.009718       -0.171808       -0.315396
     H    7       -0.001807       -0.315396        0.217145

     C    8        0.183613        0.037921        0.081573
     C    8        0.037921        0.292780        0.264183
     C    8        0.081573        0.264183       -0.476393

     H    9        0.513263        0.103284        0.327689
     H    9        0.103284       -0.646877       -0.084030
     H    9        0.327689       -0.084030        0.133614

     C   10       -0.795698       -0.251731       -0.150798
     C   10       -0.251731        0.888169       -0.285777
     C   10       -0.150798       -0.285777       -0.092471

     C   11        0.223360        0.217287       -0.066751
     C   11        0.217287        0.273838        0.109087
     C   11       -0.066751        0.109087       -0.497198

     Cl  12        0.067357        0.253648        0.276263
     Cl  12        0.253648        1.983144       -1.032599
     Cl  12        0.276263       -1.032599       -2.050501

     H   13       -0.420982        0.167721        0.239463
     H   13        0.167721        0.364366        0.246074
     H   13        0.239463        0.246074        0.056615

     C   14        0.183081       -0.869591       -0.392509
     C   14       -0.869591       -0.163005       -0.147315
     C   14       -0.392509       -0.147315       -0.020076

     H   15        0.397919        0.066470        0.504355
     H   15        0.066470       -0.126513       -0.212831
     H   15        0.504355       -0.212831       -0.271406

     C   16       -0.471132       -0.171527       -0.321956
     C   16       -0.171527        0.232502        0.465443
     C   16       -0.321956        0.465443        0.238630

     C   17        0.112281       -0.269956        0.046403
     C   17       -0.269956        0.246941       -0.271526
     C   17        0.046403       -0.271526       -0.359223

     Cl  18       -1.281568       -0.740198       -0.048269
     Cl  18       -0.740198        2.959723       -1.024269
     Cl  18       -0.048269       -1.024269       -1.678155

     H   19       -0.141429        0.041866        0.108944
     H   19        0.041866        0.226494       -0.186744
     H   19        0.108944       -0.186744       -0.085065

     C   20       -0.672002       -0.150112       -0.409119
     C   20       -0.150112        0.528431       -0.501565
     C   20       -0.409119       -0.501565        0.143571

     H   21        0.364088       -0.385754        0.512090
     H   21       -0.385754       -0.155927        0.215526
     H   21        0.512090        0.215526       -0.208161

     C   22        0.236063        0.228967       -0.033797
     C   22        0.228967       -0.108068       -0.003951
     C   22       -0.033797       -0.003951       -0.127995

     C   23       -0.638559       -0.374052       -0.169305
     C   23       -0.374052        0.754808       -0.381426
     C   23       -0.169305       -0.381426       -0.116249

     Cl  24        0.112486        0.758959        0.535318
     Cl  24        0.758959        0.832427       -1.545621
     Cl  24        0.535318       -1.545621       -0.944913


     NQR/NMR SPECTROSCOPIC PARAMETERS:
     Cl   1    Vxx=   -0.1794    axis=(  0.611872 -0.091936 -0.785595)
     Cl   1    Vyy=   -2.7966    axis=( -0.567867 -0.742438 -0.355406)
     Cl   1    Vzz=    2.9761    axis=( -0.550581  0.663576 -0.506485)
     Cl   1  Q=        -8.1650 1e-30 m^2  Cq=       -57.0943 MHz  eta= 0.87942

     C    2    Vxx=    0.1412    axis=(  0.118698  0.823311  0.555040)
     C    2    Vyy=    0.3685    axis=(  0.033556 -0.561998  0.826457)
     C    2    Vzz=   -0.5097    axis=(  0.992363 -0.079474 -0.094335)
     C    2  Q=         1.0000 1e-30 m^2  Cq=        -1.1977 MHz  eta= 0.44582

     C    3    Vxx=    0.0965    axis=( -0.109055 -0.734818 -0.669440)
     C    3    Vyy=    0.6221    axis=( -0.924282  0.322787 -0.203741)
     C    3    Vzz=   -0.7186    axis=(  0.365799  0.596533 -0.714381)
     C    3  Q=         1.0000 1e-30 m^2  Cq=        -1.6885 MHz  eta= 0.73143

     H    4    Vxx=   -0.1109    axis=(  0.500670 -0.745522 -0.439916)
     H    4    Vyy=   -0.7610    axis=(  0.283825  0.621486 -0.730205)
     H    4    Vzz=    0.8719    axis=(  0.817786  0.240732  0.522757)
     H    4  Q=         1.0000 1e-30 m^2  Cq=         2.0486 MHz  eta= 0.74551

     C    5    Vxx=    0.1118    axis=( -0.846952  0.275707 -0.454596)
     C    5    Vyy=    0.5091    axis=( -0.098431  0.758942  0.643675)
     C    5    Vzz=   -0.6208    axis=( -0.522478 -0.589908  0.615650)
     C    5  Q=         1.0000 1e-30 m^2  Cq=        -1.4587 MHz  eta= 0.63997

     H    6    Vxx=   -0.0782    axis=(  0.876533 -0.138984  0.460839)
     H    6    Vyy=   -0.8432    axis=(  0.472872  0.427445 -0.770508)
     H    6    Vzz=    0.9214    axis=( -0.089895  0.893294  0.440392)
     H    6  Q=         1.0000 1e-30 m^2  Cq=         2.1648 MHz  eta= 0.83030

     H    7    Vxx=   -0.0451    axis=(  0.999496 -0.023484 -0.021359)
     H    7    Vyy=   -0.3482    axis=(  0.030916  0.872818  0.487067)
     H    7    Vzz=    0.3932    axis=(  0.007204 -0.487481  0.873104)
     H    7  Q=         1.0000 1e-30 m^2  Cq=         0.9239 MHz  eta= 0.77077

     C    8    Vxx=    0.1717    axis=(  0.954843 -0.297109 -0.000928)
     C    8    Vyy=    0.3926    axis=(  0.283393  0.909817  0.303187)
     C    8    Vzz=   -0.5644    axis=( -0.089235 -0.289759  0.952931)
     C    8  Q=         1.0000 1e-30 m^2  Cq=        -1.3260 MHz  eta= 0.39140

     H    9    Vxx=   -0.0303    axis=( -0.478506 -0.196780  0.855751)
     H    9    Vyy=   -0.6735    axis=(  0.127754 -0.979797 -0.153869)
     H    9    Vzz=    0.7038    axis=(  0.868741  0.035698  0.493978)
     H    9  Q=         1.0000 1e-30 m^2  Cq=         1.6537 MHz  eta= 0.91391

     C   10    Vxx=   -0.1082    axis=( -0.278934  0.198980  0.939469)
     C   10    Vyy=   -0.8809    axis=(  0.953299  0.175372  0.245897)
     C   10    Vzz=    0.9891    axis=( -0.115828  0.964184 -0.238605)
     C   10  Q=         1.0000 1e-30 m^2  Cq=         2.3241 MHz  eta= 0.78117

     C   11    Vxx=    0.0567    axis=( -0.742142  0.634998  0.214483)
     C   11    Vyy=    0.4688    axis=(  0.656222  0.753521  0.039747)
     C   11    Vzz=   -0.5256    axis=(  0.136378 -0.170246  0.975919)
     C   11  Q=         1.0000 1e-30 m^2  Cq=        -1.2348 MHz  eta= 0.78410

     Cl  12    Vxx=    0.0968    axis=(  0.987253 -0.050046  0.151084)
     Cl  12    Vyy=    2.2474    axis=(  0.084019  0.970107 -0.227671)
     Cl  12    Vzz=   -2.3442    axis=( -0.135174  0.237463  0.961946)
     Cl  12  Q=        -8.1650 1e-30 m^2  Cq=        44.9728 MHz  eta= 0.91743

     H   13    Vxx=   -0.0469    axis=(  0.246485 -0.569657  0.784051)
     H   13    Vyy=   -0.5252    axis=(  0.933154 -0.078930 -0.350705)
     H   13    Vzz=    0.5721    axis=(  0.261666  0.818084  0.512123)
     H   13  Q=         1.0000 1e-30 m^2  Cq=         1.3441 MHz  eta= 0.83606

     C   14    Vxx=    0.0664    axis=( -0.044133 -0.415915  0.908332)
     C   14    Vyy=    0.9460    axis=(  0.780624 -0.581753 -0.228451)
     C   14    Vzz=   -1.0125    axis=(  0.623441  0.698983  0.350348)
     C   14  Q=         1.0000 1e-30 m^2  Cq=        -2.3789 MHz  eta= 0.86874

     H   15    Vxx=   -0.0345    axis=(  0.235357  0.916795 -0.322637)
     H   15    Vyy=   -0.6363    axis=( -0.422988  0.395497  0.815269)
     H   15    Vzz=    0.6709    axis=(  0.875036 -0.055408  0.480876)
     H   15  Q=         1.0000 1e-30 m^2  Cq=         1.5763 MHz  eta= 0.89700

     C   16    Vxx=   -0.2025    axis=( -0.251018 -0.751651  0.609926)
     C   16    Vyy=   -0.5955    axis=( -0.930324  0.013294 -0.366497)
     C   16    Vzz=    0.7980    axis=(  0.267369 -0.659427 -0.702617)
     C   16  Q=         1.0000 1e-30 m^2  Cq=         1.8749 MHz  eta= 0.49256

     C   17    Vxx=   -0.0576    axis=(  0.830415  0.471549 -0.296737)
     C   17    Vyy=   -0.4688    axis=(  0.107006  0.387699  0.915554)
     C   17    Vzz=    0.5264    axis=(  0.546773 -0.792042  0.271492)
     C   17  Q=         1.0000 1e-30 m^2  Cq=         1.2368 MHz  eta= 0.78117

     Cl  18    Vxx=   -1.3247    axis=(  0.933098  0.077239 -0.351229)
     Cl  18    Vyy=   -1.9630    axis=(  0.324647  0.239215  0.915085)
     Cl  18    Vzz=    3.2877    axis=(  0.154700 -0.967890  0.198135)
     Cl  18  Q=        -8.1650 1e-30 m^2  Cq=       -63.0730 MHz  eta= 0.19417

     H   19    Vxx=   -0.0396    axis=( -0.751999 -0.295264 -0.589335)
     H   19    Vyy=   -0.2745    axis=(  0.658881 -0.310490 -0.685180)
     H   19    Vzz=    0.3141    axis=(  0.019326 -0.903557  0.428032)
     H   19  Q=         1.0000 1e-30 m^2  Cq=         0.7379 MHz  eta= 0.74774

     C   20    Vxx=    0.0432    axis=( -0.499952  0.542849  0.674806)
     C   20    Vyy=    0.8816    axis=( -0.077522 -0.804097  0.589423)
     C   20    Vzz=   -0.9248    axis=( -0.862577 -0.242371 -0.444092)
     C   20  Q=         1.0000 1e-30 m^2  Cq=        -2.1729 MHz  eta= 0.90659

     H   21    Vxx=    0.0330    axis=(  0.039796 -0.785570 -0.617492)
     H   21    Vyy=    0.7297    axis=( -0.868441  0.278451 -0.410213)
     H   21    Vzz=   -0.7627    axis=( -0.494192 -0.552580  0.671140)
     H   21  Q=         1.0000 1e-30 m^2  Cq=        -1.7920 MHz  eta= 0.91339

     C   22    Vxx=   -0.1287    axis=(  0.004572  0.138888  0.990298)
     C   22    Vyy=   -0.2238    axis=(  0.449523 -0.884894  0.122030)
     C   22    Vzz=    0.3525    axis=(  0.893257  0.444603 -0.066479)
     C   22  Q=         1.0000 1e-30 m^2  Cq=         0.8283 MHz  eta= 0.26985

     C   23    Vxx=   -0.1198    axis=( -0.431012  0.199458  0.880026)
     C   23    Vyy=   -0.8339    axis=(  0.882710  0.295547  0.365341)
     C   23    Vzz=    0.9536    axis=( -0.187219  0.934274 -0.303448)
     C   23  Q=         1.0000 1e-30 m^2  Cq=         2.2407 MHz  eta= 0.74880

     Cl  24    Vxx=    0.3318    axis=( -0.902160  0.042171 -0.429335)
     Cl  24    Vyy=    1.8262    axis=(  0.247510  0.865716 -0.435057)
     Cl  24    Vzz=   -2.1579    axis=( -0.353335  0.498756  0.791452)
     Cl  24  Q=        -8.1650 1e-30 m^2  Cq=        41.3986 MHz  eta= 0.69251

     Initialization:
     gipaw_setup  :      9.07s CPU     11.00s WALL (       1 calls)

     Linear response

     Apply operators

     Induced current

     Other routines
     efg          :      9.34s CPU     11.51s WALL (       1 calls)

     General routines
     calbec       :      3.25s CPU      4.14s WALL (      16 calls)
     fft          :      1.45s CPU      2.00s WALL (      15 calls)
     ffts         :      0.04s CPU      0.04s WALL (       2 calls)
     fftw         :      3.29s CPU      3.89s WALL (     672 calls)
     davcio       :      0.03s CPU      0.32s WALL (      32 calls)

     Parallel routines
     fft_scatter  :      2.24s CPU      3.13s WALL (     689 calls)

     Plugins

     GIPAW        :     60.95s CPU     74.95s WALL (       1 calls)
