
     Program QE v.6.0 (svn rev. 13079) starts on 17Dec2016 at 12:12: 3 

     This program is part of the open-source Quantum ESPRESSO suite
     for quantum simulation of materials; please cite
         "P. Giannozzi et al., J. Phys.:Condens. Matter 21 395502 (2009);
          URL http://www.quantum-espresso.org", 
     in publications or presentations arising from this work. More details at
     http://www.quantum-espresso.org/quote

     Parallel version (MPI), running on     8 processors
     R & G space division:  proc/nbgrp/npool/nimage =       8

     ***** This is GIPAW svn revision unknown      *****

     Parallelizing q-star over 1 images

     Reading data from directory:
     /users/majewski/paradichlorobenzene/pbe/9_constraint/scratch/pbe.ecut100.np8.dt60.pcl2phi-129368.save
     Message from routine read_xml_file:
     file /users/majewski/paradichlorobenzene/pbe/9_constraint/scratch/pbe.ecut100.np8.dt60.pcl2phi-129368.save not guaranteed to be safe for post-processing

   Info: using nr1, nr2, nr3 values from input

   Info: using nr1, nr2, nr3 values from input

     IMPORTANT: XC functional enforced from input :
     Exchange-correlation      =  SLA  PW   PBX  PBC ( 1  4  3  4 0 0)
     Any further DFT definition will be discarded
     Please, verify this is what you really want

               file C.pbe-n-kjpaw_psl.1.0.0.UPF: wavefunction(s)  2S 2P renormalized
               file Cl.pbe-n-kjpaw_psl.1.0.0.UPF: wavefunction(s)  3S 3P renormalized
               file H.pbe-kjpaw_psl.1.0.0.UPF: wavefunction(s)  1S renormalized

     Parallelization info
     --------------------
     sticks:   dense  smooth     PW     G-vecs:    dense   smooth      PW
     Min        3057    1223    332               144436    36536    5170
     Max        3059    1225    333               144437    36537    5171
     Sum       24467    9791   2657              1155489   292295   41363


     Subspace diagonalization in iterative solution of the eigenvalue problem:
     a serial algorithm will be used

     GIPAW projectors -----------------------------------------------
     atom=  C    l=0  rc=    1.2000  rs=    0.8000
     atom=  C    l=0  rc=    1.2000  rs=    0.8000
     atom=  C    l=1  rc=    1.4000  rs=    0.9333
     atom=  C    l=1  rc=    1.4000  rs=    0.9333
     projs nearly linearly dependent: l=1  n1,n2= 1, 2  s=  0.99951561

     atom=  Cl   l=0  rc=    1.6000  rs=    1.0667
     atom=  Cl   l=0  rc=    1.6000  rs=    1.0667
     atom=  Cl   l=1  rc=    1.6000  rs=    1.0667
     atom=  Cl   l=1  rc=    1.6000  rs=    1.0667
     atom=  Cl   l=2  rc=    1.6000  rs=    1.0667
     atom=  Cl   l=2  rc=    1.6000  rs=    1.0667
     projs nearly linearly dependent: l=2  n1,n2= 1, 2  s=  0.99993509

     atom=  H    l=0  rc=    1.0000  rs=    0.6667
     atom=  H    l=0  rc=    1.0000  rs=    0.6667
     projs nearly linearly dependent: l=0  n1,n2= 1, 2  s=  0.99968852
     -----------------------------------------------------------------

     GIPAW integrals: -------------------------------------------
     Atom  i/j   nmr_para   nmr_dia   epr_rmc  epr_para   epr_dia
       C   1 1   0.83E+03  0.17E-01  0.93E+01  0.24E+08  0.24E+03
       C   2 1   0.86E+03 -0.61E-01  0.94E+01  0.25E+08  0.25E+03
       C   2 2   0.90E+03 -0.15E+00  0.97E+01  0.26E+08  0.26E+03
       C   3 3   0.33E+01  0.34E+00  0.18E+01  0.55E+03  0.21E+02
       C   4 3   0.35E+01  0.37E+00  0.20E+01  0.59E+03  0.22E+02
       C   4 4   0.38E+01  0.39E+00  0.22E+01  0.63E+03  0.24E+02
       Cl  1 1   0.14E+04 -0.47E+00  0.84E+01  0.32E+09  0.42E+03
       Cl  2 1   0.21E+04 -0.37E+00  0.12E+02  0.49E+09  0.65E+03
       Cl  2 2   0.33E+04 -0.16E+00  0.21E+02  0.76E+09  0.10E+04
       Cl  3 3   0.21E+02  0.79E-01  0.89E+01  0.23E+05  0.13E+03
       Cl  4 3   0.24E+02  0.67E-01  0.99E+01  0.27E+05  0.15E+03
       Cl  4 4   0.28E+02  0.44E-01  0.11E+02  0.32E+05  0.18E+03
       Cl  5 5   0.77E+00  0.19E+00  0.18E+01  0.12E+03  0.22E+02
       Cl  6 5   0.80E+00  0.19E+00  0.19E+01  0.12E+03  0.23E+02
       Cl  6 6   0.83E+00  0.20E+00  0.19E+01  0.12E+03  0.23E+02
       H   1 1   0.39E+02  0.19E+00  0.29E+00  0.78E+05  0.13E+02
       H   2 1   0.41E+02  0.21E+00  0.32E+00  0.82E+05  0.14E+02
       H   2 2   0.43E+02  0.22E+00  0.36E+00  0.86E+05  0.15E+02
     ------------------------------------------------------------

     alpha_pv=     34.3677 eV

     Number of occupied bands for each k-point:
     k-point:     1    nbnd_occ=  42
     k-point:     2    nbnd_occ=  42
     k-point:     3    nbnd_occ=  42
     k-point:     4    nbnd_occ=  42
     k-point:     5    nbnd_occ=  42
     k-point:     6    nbnd_occ=  42
     k-point:     7    nbnd_occ=  42
     k-point:     8    nbnd_occ=  42
     k-point:     9    nbnd_occ=  42
     k-point:    10    nbnd_occ=  42
     k-point:    11    nbnd_occ=  42
     k-point:    12    nbnd_occ=  42
     k-point:    13    nbnd_occ=  42
     k-point:    14    nbnd_occ=  42
     k-point:    15    nbnd_occ=  42
     k-point:    16    nbnd_occ=  42


     q-space interpolation up to   110.00 Rydberg

     GIPAW job: efg                                                                             


     ELECTRIC FIELD GRADIENTS TENSORS IN Hartree/bohrradius^2:

     ----- bare term -----
     Cl   1        0.028823       -0.034784       -0.136537
     Cl   1       -0.034784       -0.049583       -0.056609
     Cl   1       -0.136537       -0.056609        0.020760

     C    2       -0.491413        0.260446       -0.399246
     C    2        0.260446       -0.043731       -0.204578
     C    2       -0.399246       -0.204578        0.535144

     C    3       -0.023888        0.008823       -0.295676
     C    3        0.008823       -0.248856       -0.531560
     C    3       -0.295676       -0.531560        0.272744

     H    4       -0.468040       -0.211291       -0.470941
     H    4       -0.211291        0.310744       -0.191036
     H    4       -0.470941       -0.191036        0.157296

     C    5       -0.866952        0.390560       -0.423937
     C    5        0.390560        0.464997       -0.066245
     C    5       -0.423937       -0.066245        0.401955

     H    6        0.464722       -0.034650       -0.056558
     H    6       -0.034650       -0.467670       -0.535802
     H    6       -0.056558       -0.535802        0.002949

     H    7        0.356536       -0.137346        0.066253
     H    7       -0.137346       -0.514079        0.534374
     H    7        0.066253        0.534374        0.157542

     C    8       -0.218258       -0.053402       -0.295335
     C    8       -0.053402        0.031289        0.525565
     C    8       -0.295335        0.525565        0.186968

     H    9        0.003964        0.149259       -0.367626
     H    9        0.149259        0.183199        0.519107
     H    9       -0.367626        0.519107       -0.187163

     C   10       -0.668951       -0.354623       -0.332140
     C   10       -0.354623        0.237864        0.118665
     C   10       -0.332140        0.118665        0.431087

     C   11       -0.044644       -0.090946       -0.256771
     C   11       -0.090946       -0.068644        0.606308
     C   11       -0.256771        0.606308        0.113288

     Cl  12       -0.155133       -0.191136        0.005071
     Cl  12       -0.191136        0.148914       -0.060952
     Cl  12        0.005071       -0.060952        0.006219

     H   13        0.120342        0.184206        0.339745
     H   13        0.184206       -0.018170       -0.481299
     H   13        0.339745       -0.481299       -0.102172

     C   14       -0.100205       -0.162455       -0.432914
     C   14       -0.162455       -0.219468       -0.321492
     C   14       -0.432914       -0.321492        0.319672

     H   15       -0.006582       -0.199979       -0.411270
     H   15       -0.199979        0.143892       -0.508260
     H   15       -0.411270       -0.508260       -0.137310

     C   16       -0.688270        0.352524       -0.399406
     C   16        0.352524        0.243969        0.006763
     C   16       -0.399406        0.006763        0.444301

     C   17        0.040041       -0.091100       -0.268576
     C   17       -0.091100       -0.160752       -0.494803
     C   17       -0.268576       -0.494803        0.120711

     Cl  18       -0.145946        0.240959       -0.001021
     Cl  18        0.240959       -0.073435       -0.015711
     Cl  18       -0.001021       -0.015711        0.219381

     H   19        0.447467        0.057076        0.244079
     H   19        0.057076        0.026692        0.228731
     H   19        0.244079        0.228731       -0.474159

     C   20       -0.587294       -0.362979       -0.354641
     C   20       -0.362979        0.345990        0.282302
     C   20       -0.354641        0.282302        0.241304

     H   21        0.135967        0.077844       -0.330029
     H   21        0.077844        0.374599       -0.187212
     H   21       -0.330029       -0.187212       -0.510566

     C   22        0.040734       -0.286576       -0.101828
     C   22       -0.286576       -0.143875        0.315027
     C   22       -0.101828        0.315027        0.103140

     C   23       -0.313688       -0.287262       -0.386144
     C   23       -0.287262        0.024651        0.379957
     C   23       -0.386144        0.379957        0.289038

     Cl  24       -0.042182       -0.058986       -0.045931
     Cl  24       -0.058986       -0.021202        0.005987
     Cl  24       -0.045931        0.005987        0.063384

     ----- ionic term -----
     Cl   1        0.167644       -0.215360        0.006978
     Cl   1       -0.215360       -0.030272       -0.000585
     Cl   1        0.006978       -0.000585       -0.137371

     C    2        0.219035       -0.164361        0.240274
     C    2       -0.164361        0.004546        0.442431
     C    2        0.240274        0.442431       -0.223581

     C    3        0.154419       -0.196553        0.162323
     C    3       -0.196553        0.071379        0.440418
     C    3        0.162323        0.440418       -0.225798

     H    4        0.451534        0.418739        0.650968
     H    4        0.418739       -0.345976        0.347190
     H    4        0.650968        0.347190       -0.105559

     C    5        0.300202       -0.122393        0.284326
     C    5       -0.122393       -0.054805        0.349346
     C    5        0.284326        0.349346       -0.245397

     H    6       -0.511238        0.068455        0.062329
     H    6        0.068455        0.545281        0.767649
     H    6        0.062329        0.767649       -0.034044

     H    7       -0.526765        0.070988       -0.028869
     H    7        0.070988        0.503688       -0.766822
     H    7       -0.028869       -0.766822        0.023078

     C    8        0.204371        0.273424        0.325619
     C    8        0.273424        0.010960       -0.278210
     C    8        0.325619       -0.278210       -0.215331

     H    9        0.382014       -0.266873        0.745007
     H    9       -0.266873       -0.456270       -0.282296
     H    9        0.745007       -0.282296        0.074255

     C   10        0.113764        0.299114        0.238984
     C   10        0.299114        0.120576       -0.334834
     C   10        0.238984       -0.334834       -0.234340

     C   11        0.188531        0.254802        0.315611
     C   11        0.254802        0.026952       -0.345103
     C   11        0.315611       -0.345103       -0.215482

     Cl  12        0.140274        0.216388        0.021017
     Cl  12        0.216388        0.015659        0.008493
     Cl  12        0.021017        0.008493       -0.155933

     H   13       -0.477076       -0.178366       -0.108072
     H   13       -0.178366        0.497828        0.758284
     H   13       -0.108072        0.758284       -0.020752

     C   14        0.352262       -0.254735        0.211261
     C   14       -0.254735       -0.053577        0.327253
     C   14        0.211261        0.327253       -0.298685

     H   15        0.616590        0.268526        0.730210
     H   15        0.268526       -0.501601        0.236638
     H   15        0.730210        0.236638       -0.114988

     C   16        0.245030       -0.281644        0.172616
     C   16       -0.281644        0.033841        0.399224
     C   16        0.172616        0.399224       -0.278872

     C   17        0.240167       -0.141488        0.244719
     C   17       -0.141488       -0.019771        0.464503
     C   17        0.244719        0.464503       -0.220396

     Cl  18        0.179080       -0.183001       -0.011283
     Cl  18       -0.183001       -0.048353        0.007464
     Cl  18       -0.011283        0.007464       -0.130727

     H   19       -0.523190        0.040092       -0.004952
     H   19        0.040092        0.421386       -0.791071
     H   19       -0.004952       -0.791071        0.101804

     C   20        0.247058        0.310952        0.360961
     C   20        0.310952       -0.016849       -0.260073
     C   20        0.360961       -0.260073       -0.230209

     H   21        0.424496       -0.226244        0.767734
     H   21       -0.226244       -0.431115       -0.259328
     H   21        0.767734       -0.259328        0.006618

     C   22        0.127974        0.364457        0.252260
     C   22        0.364457        0.137770       -0.323097
     C   22        0.252260       -0.323097       -0.265744

     C   23        0.159642        0.285349        0.328443
     C   23        0.285349        0.053627       -0.350831
     C   23        0.328443       -0.350831       -0.213269

     Cl  24        0.162490        0.259042        0.057229
     Cl  24        0.259042       -0.010695        0.023269
     Cl  24        0.057229        0.023269       -0.151795

     ----- GIPAW term -----
     Cl   1        1.821688       -1.896835       -1.971198
     Cl   1       -1.896835       -1.048403       -0.346972
     Cl   1       -1.971198       -0.346972       -0.773285

     C    2       -0.043323       -0.109522       -0.192384
     C    2       -0.109522       -0.066800        0.077602
     C    2       -0.192384        0.077602        0.110124

     C    3       -0.055457       -0.103818       -0.096307
     C    3       -0.103818        0.065574        0.014504
     C    3       -0.096307        0.014504       -0.010117

     H    4       -0.000000        0.000000        0.000000
     H    4        0.000000        0.000000        0.000000
     H    4        0.000000        0.000000        0.000000

     C    5       -0.237533        0.099711       -0.036623
     C    5        0.099711        0.273497        0.115066
     C    5       -0.036623        0.115066       -0.035964

     H    6       -0.000000        0.000000        0.000000
     H    6        0.000000        0.000000        0.000000
     H    6        0.000000        0.000000        0.000000

     H    7       -0.000000        0.000000        0.000000
     H    7        0.000000        0.000000        0.000000
     H    7        0.000000        0.000000        0.000000

     C    8       -0.101511        0.004459       -0.037559
     C    8        0.004459        0.195727        0.146336
     C    8       -0.037559        0.146336       -0.094217

     H    9       -0.000000        0.000000        0.000000
     H    9        0.000000        0.000000        0.000000
     H    9        0.000000        0.000000        0.000000

     C   10       -0.232064        0.002647       -0.086980
     C   10        0.002647        0.227555       -0.115130
     C   10       -0.086980       -0.115130        0.004508

     C   11        0.018102        0.033326       -0.037574
     C   11        0.033326        0.136088        0.082961
     C   11       -0.037574        0.082961       -0.154190

     Cl  12        0.352735        1.026984        0.037011
     Cl  12        1.026984        1.432146       -0.582314
     Cl  12        0.037011       -0.582314       -1.784880

     H   13       -0.000000        0.000000        0.000000
     H   13        0.000000        0.000000        0.000000
     H   13        0.000000        0.000000        0.000000

     C   14       -0.024677       -0.141839       -0.185215
     C   14       -0.141839       -0.088067        0.085622
     C   14       -0.185215        0.085622        0.112744

     H   15       -0.000000        0.000000        0.000000
     H   15        0.000000        0.000000        0.000000
     H   15        0.000000        0.000000        0.000000

     C   16       -0.188101       -0.056876       -0.126491
     C   16       -0.056876        0.141153        0.181046
     C   16       -0.126491        0.181046        0.046948

     C   17       -0.074668       -0.104105       -0.027725
     C   17       -0.104105        0.178149        0.130410
     C   17       -0.027725        0.130410       -0.103482

     Cl  18       -0.732653        0.692118       -0.036500
     Cl  18        0.692118        2.461819        0.158719
     Cl  18       -0.036500        0.158719       -1.729166

     H   19       -0.000000        0.000000        0.000000
     H   19        0.000000        0.000000        0.000000
     H   19        0.000000        0.000000        0.000000

     C   20       -0.146221       -0.140281       -0.088523
     C   20       -0.140281        0.174236        0.149032
     C   20       -0.088523        0.149032       -0.028015

     H   21       -0.000000        0.000000        0.000000
     H   21        0.000000        0.000000        0.000000
     H   21        0.000000        0.000000        0.000000

     C   22       -0.029428       -0.076824       -0.075211
     C   22       -0.076824       -0.002534        0.111599
     C   22       -0.075211        0.111599        0.031961

     C   23       -0.094363       -0.040567       -0.103031
     C   23       -0.040567        0.091278        0.199277
     C   23       -0.103031        0.199277        0.003085

     Cl  24       -0.466151        0.754364       -1.103875
     Cl  24        0.754364       -0.489271        1.820000
     Cl  24       -1.103875        1.820000        0.955422

     ----- total EFG -----
     Cl   1        2.018155       -2.146979       -2.100757
     Cl   1       -2.146979       -1.128259       -0.404166
     Cl   1       -2.100757       -0.404166       -0.889896

     C    2       -0.315701       -0.013437       -0.351356
     C    2       -0.013437       -0.105985        0.315454
     C    2       -0.351356        0.315454        0.421686

     C    3        0.075074       -0.291548       -0.229659
     C    3       -0.291548       -0.111902       -0.076638
     C    3       -0.229659       -0.076638        0.036828

     H    4       -0.016506        0.207448        0.180026
     H    4        0.207448       -0.035232        0.156154
     H    4        0.180026        0.156154        0.051738

     C    5       -0.804282        0.367877       -0.176234
     C    5        0.367877        0.683688        0.398167
     C    5       -0.176234        0.398167        0.120594

     H    6       -0.046516        0.033805        0.005771
     H    6        0.033805        0.077611        0.231847
     H    6        0.005771        0.231847       -0.031095

     H    7       -0.170229       -0.066358        0.037383
     H    7       -0.066358       -0.010391       -0.232448
     H    7        0.037383       -0.232448        0.180620

     C    8       -0.115397        0.224481       -0.007275
     C    8        0.224481        0.237977        0.393691
     C    8       -0.007275        0.393691       -0.122579

     H    9        0.385979       -0.117615        0.377381
     H    9       -0.117615       -0.273071        0.236812
     H    9        0.377381        0.236812       -0.112908

     C   10       -0.787250       -0.052862       -0.180135
     C   10       -0.052862        0.585995       -0.331298
     C   10       -0.180135       -0.331298        0.201256

     C   11        0.161989        0.197183        0.021266
     C   11        0.197183        0.094396        0.344166
     C   11        0.021266        0.344166       -0.256385

     Cl  12        0.337875        1.052235        0.063098
     Cl  12        1.052235        1.596718       -0.634774
     Cl  12        0.063098       -0.634774       -1.934594

     H   13       -0.356734        0.005840        0.231673
     H   13        0.005840        0.479657        0.276985
     H   13        0.231673        0.276985       -0.122924

     C   14        0.227381       -0.559028       -0.406869
     C   14       -0.559028       -0.361111        0.091383
     C   14       -0.406869        0.091383        0.133731

     H   15        0.610008        0.068547        0.318940
     H   15        0.068547       -0.357709       -0.271622
     H   15        0.318940       -0.271622       -0.252298

     C   16       -0.631341        0.014004       -0.353281
     C   16        0.014004        0.418963        0.587033
     C   16       -0.353281        0.587033        0.212378

     C   17        0.205541       -0.336693       -0.051582
     C   17       -0.336693       -0.002374        0.100110
     C   17       -0.051582        0.100110       -0.203166

     Cl  18       -0.699519        0.750077       -0.048804
     Cl  18        0.750077        2.340031        0.150472
     Cl  18       -0.048804        0.150472       -1.640512

     H   19       -0.075723        0.097168        0.239127
     H   19        0.097168        0.448078       -0.562340
     H   19        0.239127       -0.562340       -0.372356

     C   20       -0.486457       -0.192308       -0.082203
     C   20       -0.192308        0.503377        0.171261
     C   20       -0.082203        0.171261       -0.016920

     H   21        0.560464       -0.148401        0.437704
     H   21       -0.148401       -0.056516       -0.446540
     H   21        0.437704       -0.446540       -0.503948

     C   22        0.139281        0.001058        0.075221
     C   22        0.001058       -0.008638        0.103529
     C   22        0.075221        0.103529       -0.130643

     C   23       -0.248410       -0.042480       -0.160732
     C   23       -0.042480        0.169556        0.228404
     C   23       -0.160732        0.228404        0.078854

     Cl  24       -0.345844        0.954420       -1.092577
     Cl  24        0.954420       -0.521168        1.849256
     Cl  24       -1.092577        1.849256        0.867012

     ----- total EFG (symmetrized) -----
     Cl   1        2.018155       -2.146979       -2.100757
     Cl   1       -2.146979       -1.128259       -0.404166
     Cl   1       -2.100757       -0.404166       -0.889896

     C    2       -0.315701       -0.013437       -0.351356
     C    2       -0.013437       -0.105985        0.315454
     C    2       -0.351356        0.315454        0.421686

     C    3        0.075074       -0.291548       -0.229659
     C    3       -0.291548       -0.111902       -0.076638
     C    3       -0.229659       -0.076638        0.036828

     H    4       -0.016506        0.207448        0.180026
     H    4        0.207448       -0.035232        0.156154
     H    4        0.180026        0.156154        0.051738

     C    5       -0.804282        0.367877       -0.176234
     C    5        0.367877        0.683688        0.398167
     C    5       -0.176234        0.398167        0.120594

     H    6       -0.046516        0.033805        0.005771
     H    6        0.033805        0.077611        0.231847
     H    6        0.005771        0.231847       -0.031095

     H    7       -0.170229       -0.066358        0.037383
     H    7       -0.066358       -0.010391       -0.232448
     H    7        0.037383       -0.232448        0.180620

     C    8       -0.115397        0.224481       -0.007275
     C    8        0.224481        0.237977        0.393691
     C    8       -0.007275        0.393691       -0.122579

     H    9        0.385979       -0.117615        0.377381
     H    9       -0.117615       -0.273071        0.236812
     H    9        0.377381        0.236812       -0.112908

     C   10       -0.787250       -0.052862       -0.180135
     C   10       -0.052862        0.585995       -0.331298
     C   10       -0.180135       -0.331298        0.201256

     C   11        0.161989        0.197183        0.021266
     C   11        0.197183        0.094396        0.344166
     C   11        0.021266        0.344166       -0.256385

     Cl  12        0.337875        1.052235        0.063098
     Cl  12        1.052235        1.596718       -0.634774
     Cl  12        0.063098       -0.634774       -1.934594

     H   13       -0.356734        0.005840        0.231673
     H   13        0.005840        0.479657        0.276985
     H   13        0.231673        0.276985       -0.122924

     C   14        0.227381       -0.559028       -0.406869
     C   14       -0.559028       -0.361111        0.091383
     C   14       -0.406869        0.091383        0.133731

     H   15        0.610008        0.068547        0.318940
     H   15        0.068547       -0.357709       -0.271622
     H   15        0.318940       -0.271622       -0.252298

     C   16       -0.631341        0.014004       -0.353281
     C   16        0.014004        0.418963        0.587033
     C   16       -0.353281        0.587033        0.212378

     C   17        0.205541       -0.336693       -0.051582
     C   17       -0.336693       -0.002374        0.100110
     C   17       -0.051582        0.100110       -0.203166

     Cl  18       -0.699519        0.750077       -0.048804
     Cl  18        0.750077        2.340031        0.150472
     Cl  18       -0.048804        0.150472       -1.640512

     H   19       -0.075723        0.097168        0.239127
     H   19        0.097168        0.448078       -0.562340
     H   19        0.239127       -0.562340       -0.372356

     C   20       -0.486457       -0.192308       -0.082203
     C   20       -0.192308        0.503377        0.171261
     C   20       -0.082203        0.171261       -0.016920

     H   21        0.560464       -0.148401        0.437704
     H   21       -0.148401       -0.056516       -0.446540
     H   21        0.437704       -0.446540       -0.503948

     C   22        0.139281        0.001058        0.075221
     C   22        0.001058       -0.008638        0.103529
     C   22        0.075221        0.103529       -0.130643

     C   23       -0.248410       -0.042480       -0.160732
     C   23       -0.042480        0.169556        0.228404
     C   23       -0.160732        0.228404        0.078854

     Cl  24       -0.345844        0.954420       -1.092577
     Cl  24        0.954420       -0.521168        1.849256
     Cl  24       -1.092577        1.849256        0.867012


     NQR/NMR SPECTROSCOPIC PARAMETERS:
     Cl   1    Vxx=   -0.5996    axis=(  0.029683 -0.680340  0.732296)
     Cl   1    Vyy=   -3.1622    axis=( -0.501266 -0.643968 -0.577960)
     Cl   1    Vzz=    3.7618    axis=( -0.864784  0.349919  0.360146)
     Cl   1  Q=        -8.1650 1e-30 m^2  Cq=       -72.1676 MHz  eta= 0.68124

     C    2    Vxx=   -0.1845    axis=(  0.442392  0.874533 -0.198697)
     C    2    Vyy=   -0.4926    axis=( -0.839420  0.325794 -0.435009)
     C    2    Vzz=    0.6770    axis=( -0.315695  0.359234  0.878230)
     C    2  Q=         1.0000 1e-30 m^2  Cq=         1.5907 MHz  eta= 0.45510

     C    3    Vxx=    0.0548    axis=(  0.141146 -0.606529  0.782432)
     C    3    Vyy=    0.3613    axis=( -0.787235  0.410463  0.460197)
     C    3    Vzz=   -0.4161    axis=( -0.600282 -0.680913 -0.419546)
     C    3  Q=         1.0000 1e-30 m^2  Cq=        -0.9778 MHz  eta= 0.73659

     H    4    Vxx=   -0.1292    axis=( -0.377365 -0.481498  0.791047)
     H    4    Vyy=   -0.2344    axis=(  0.719910 -0.689843 -0.076467)
     H    4    Vzz=    0.3636    axis=(  0.582517  0.540626  0.606958)
     H    4  Q=         1.0000 1e-30 m^2  Cq=         0.8543 MHz  eta= 0.28938

     C    5    Vxx=    0.0315    axis=( -0.336613 -0.345030  0.876154)
     C    5    Vyy=    0.9269    axis=( -0.149190 -0.899159 -0.411408)
     C    5    Vzz=   -0.9584    axis=(  0.929749 -0.269199  0.251194)
     C    5  Q=         1.0000 1e-30 m^2  Cq=        -2.2519 MHz  eta= 0.93426

     H    6    Vxx=   -0.0478    axis=( -0.990542  0.014819  0.136411)
     H    6    Vyy=   -0.2165    axis=(  0.097557 -0.623026  0.776093)
     H    6    Vzz=    0.2643    axis=( -0.096489 -0.782060 -0.615688)
     H    6  Q=         1.0000 1e-30 m^2  Cq=         0.6210 MHz  eta= 0.63817

     H    7    Vxx=   -0.1381    axis=( -0.631060  0.589639  0.504072)
     H    7    Vyy=   -0.2073    axis=( -0.764540 -0.582741 -0.275484)
     H    7    Vzz=    0.3454    axis=(  0.131307 -0.559230  0.818547)
     H    7  Q=         1.0000 1e-30 m^2  Cq=         0.8116 MHz  eta= 0.20048

     C    8    Vxx=   -0.1109    axis=(  0.868199  0.001320 -0.496214)
     C    8    Vyy=   -0.4331    axis=( -0.411871  0.559644 -0.719139)
     C    8    Vzz=    0.5440    axis=(  0.276754  0.828732  0.486426)
     C    8  Q=         1.0000 1e-30 m^2  Cq=         1.2782 MHz  eta= 0.59230

     H    9    Vxx=   -0.0294    axis=(  0.330084 -0.734952 -0.592359)
     H    9    Vyy=   -0.5596    axis=(  0.343647  0.678031 -0.649755)
     H    9    Vzz=    0.5890    axis=(  0.879176  0.010911  0.476372)
     H    9  Q=         1.0000 1e-30 m^2  Cq=         1.3839 MHz  eta= 0.90023

     C   10    Vxx=    0.0502    axis=( -0.212256  0.498673  0.840400)
     C   10    Vyy=    0.7780    axis=(  0.028940  0.862826 -0.504671)
     C   10    Vzz=   -0.8282    axis=( -0.976786 -0.082798 -0.197572)
     C   10  Q=         1.0000 1e-30 m^2  Cq=        -1.9459 MHz  eta= 0.87885

     C   11    Vxx=    0.0500    axis=(  0.811086 -0.416122 -0.411075)
     C   11    Vyy=    0.4292    axis=( -0.567940 -0.728394 -0.383256)
     C   11    Vzz=   -0.4793    axis=(  0.139943 -0.544320  0.827123)
     C   11  Q=         1.0000 1e-30 m^2  Cq=        -1.1261 MHz  eta= 0.79115

     Cl  12    Vxx=   -0.1861    axis=(  0.873522 -0.446605  0.193660)
     Cl  12    Vyy=   -2.0729    axis=(  0.113094 -0.200756 -0.973091)
     Cl  12    Vzz=    2.2590    axis=(  0.473465  0.871918 -0.124856)
     Cl  12  Q=        -8.1650 1e-30 m^2  Cq=       -43.3377 MHz  eta= 0.83523

     H   13    Vxx=   -0.0753    axis=(  0.586744 -0.366569  0.722052)
     H   13    Vyy=   -0.5213    axis=( -0.803671 -0.154347  0.574709)
     H   13    Vzz=    0.5966    axis=(  0.099223  0.917499  0.385163)
     H   13  Q=         1.0000 1e-30 m^2  Cq=         1.4017 MHz  eta= 0.74761

     C   14    Vxx=   -0.0805    axis=(  0.347503 -0.419113  0.838800)
     C   14    Vyy=   -0.7223    axis=(  0.554404  0.813278  0.176679)
     C   14    Vzz=    0.8028    axis=( -0.756226  0.403637  0.514975)
     C   14  Q=         1.0000 1e-30 m^2  Cq=         1.8863 MHz  eta= 0.79949

     H   15    Vxx=   -0.0784    axis=( -0.238371 -0.706510  0.666351)
     H   15    Vyy=   -0.6372    axis=( -0.211361  0.707423  0.674448)
     H   15    Vzz=    0.7156    axis=(  0.947896 -0.019929  0.317957)
     H   15  Q=         1.0000 1e-30 m^2  Cq=         1.6813 MHz  eta= 0.78087

     C   16    Vxx=   -0.1357    axis=( -0.457501 -0.640853  0.616441)
     C   16    Vyy=   -0.8070    axis=( -0.877834  0.214971 -0.428013)
     C   16    Vzz=    0.9427    axis=(  0.141777 -0.736949 -0.660912)
     C   16  Q=         1.0000 1e-30 m^2  Cq=         2.2150 MHz  eta= 0.71209

     C   17    Vxx=   -0.1826    axis=(  0.450057  0.396233  0.800280)
     C   17    Vyy=   -0.2866    axis=( -0.417330 -0.698962  0.580765)
     C   17    Vzz=    0.4692    axis=( -0.789484  0.595358  0.149213)
     C   17  Q=         1.0000 1e-30 m^2  Cq=         1.1024 MHz  eta= 0.22161

     Cl  18    Vxx=   -0.8660    axis=(  0.969479 -0.221928 -0.104203)
     Cl  18    Vyy=   -1.6535    axis=( -0.094216  0.055150 -0.994023)
     Cl  18    Vzz=    2.5195    axis=(  0.226349  0.973502  0.032557)
     Cl  18  Q=        -8.1650 1e-30 m^2  Cq=       -48.3346 MHz  eta= 0.31257

     H   19    Vxx=    0.0210    axis=(  0.934815  0.185813  0.302645)
     H   19    Vyy=    0.7345    axis=( -0.028485  0.888685 -0.457633)
     H   19    Vzz=   -0.7556    axis=( -0.353990  0.419182  0.836049)
     H   19  Q=         1.0000 1e-30 m^2  Cq=        -1.7752 MHz  eta= 0.94439

     C   20    Vxx=   -0.0671    axis=( -0.048117 -0.302042  0.952079)
     C   20    Vyy=   -0.5276    axis=( -0.980817 -0.165976 -0.102224)
     C   20    Vzz=    0.5947    axis=(  0.188898 -0.938734 -0.288262)
     C   20  Q=         1.0000 1e-30 m^2  Cq=         1.3972 MHz  eta= 0.77434

     H   21    Vxx=    0.0227    axis=(  0.475587  0.825292 -0.304483)
     H   21    Vyy=    0.8243    axis=( -0.851147  0.344297 -0.396243)
     H   21    Vzz=   -0.8470    axis=( -0.222183  0.447608  0.866188)
     H   21  Q=         1.0000 1e-30 m^2  Cq=        -1.9901 MHz  eta= 0.94637

     C   22    Vxx=    0.0383    axis=(  0.303859 -0.866601 -0.395819)
     C   22    Vyy=    0.1640    axis=( -0.933710 -0.188304 -0.304511)
     C   22    Vzz=   -0.2023    axis=( -0.189355 -0.462109  0.866372)
     C   22  Q=         1.0000 1e-30 m^2  Cq=        -0.4753 MHz  eta= 0.62158

     C   23    Vxx=   -0.0666    axis=( -0.394056 -0.674660  0.624143)
     C   23    Vyy=   -0.3200    axis=( -0.893908  0.123470 -0.430911)
     C   23    Vzz=    0.3866    axis=(  0.213655 -0.727729 -0.651738)
     C   23  Q=         1.0000 1e-30 m^2  Cq=         0.9083 MHz  eta= 0.65566

     Cl  24    Vxx=    0.4561    axis=(  0.835684  0.527620 -0.152478)
     Cl  24    Vyy=    2.2091    axis=( -0.169205  0.511469  0.842478)
     Cl  24    Vzz=   -2.6652    axis=(  0.522496 -0.678245  0.516703)
     Cl  24  Q=        -8.1650 1e-30 m^2  Cq=        51.1310 MHz  eta= 0.65775

     Initialization:
     gipaw_setup  :      9.35s CPU     10.84s WALL (       1 calls)

     Linear response

     Apply operators

     Induced current

     Other routines
     efg          :      9.43s CPU     11.64s WALL (       1 calls)

     General routines
     calbec       :      3.38s CPU      4.38s WALL (      16 calls)
     fft          :      1.52s CPU      2.18s WALL (      15 calls)
     ffts         :      0.04s CPU      0.04s WALL (       2 calls)
     fftw         :      3.36s CPU      3.94s WALL (     672 calls)
     davcio       :      0.03s CPU      0.32s WALL (      32 calls)

     Parallel routines
     fft_scatter  :      2.12s CPU      3.22s WALL (     689 calls)

     Plugins

     GIPAW        :     62.84s CPU     75.15s WALL (       1 calls)
