
     Program QE v.6.0 (svn rev. 13079) starts on 27Dec2016 at 12:34:44 

     This program is part of the open-source Quantum ESPRESSO suite
     for quantum simulation of materials; please cite
         "P. Giannozzi et al., J. Phys.:Condens. Matter 21 395502 (2009);
          URL http://www.quantum-espresso.org", 
     in publications or presentations arising from this work. More details at
     http://www.quantum-espresso.org/quote

     Parallel version (MPI), running on     8 processors
     R & G space division:  proc/nbgrp/npool/nimage =       8

     ***** This is GIPAW svn revision unknown      *****

     Parallelizing q-star over 1 images

     Reading data from directory:
     /users/majewski/paradichlorobenzene/pbe/9_constraint/scratch/pbe.ecut100.np8.dt60.pcl2phi-129368.save
     Message from routine read_xml_file:
     file /users/majewski/paradichlorobenzene/pbe/9_constraint/scratch/pbe.ecut100.np8.dt60.pcl2phi-129368.save not guaranteed to be safe for post-processing

   Info: using nr1, nr2, nr3 values from input

   Info: using nr1, nr2, nr3 values from input

     IMPORTANT: XC functional enforced from input :
     Exchange-correlation      =  SLA  PW   PBX  PBC ( 1  4  3  4 0 0)
     Any further DFT definition will be discarded
     Please, verify this is what you really want

               file C.pbe-n-kjpaw_psl.1.0.0.UPF: wavefunction(s)  2S 2P renormalized
               file Cl.pbe-n-kjpaw_psl.1.0.0.UPF: wavefunction(s)  3S 3P renormalized
               file H.pbe-kjpaw_psl.1.0.0.UPF: wavefunction(s)  1S renormalized

     Parallelization info
     --------------------
     sticks:   dense  smooth     PW     G-vecs:    dense   smooth      PW
     Min        3057    1223    332               144436    36536    5170
     Max        3059    1225    333               144437    36537    5171
     Sum       24467    9791   2657              1155489   292295   41363


     Subspace diagonalization in iterative solution of the eigenvalue problem:
     a serial algorithm will be used

     GIPAW projectors -----------------------------------------------
     atom=  C    l=0  rc=    1.2000  rs=    0.8000
     atom=  C    l=0  rc=    1.2000  rs=    0.8000
     atom=  C    l=1  rc=    1.4000  rs=    0.9333
     atom=  C    l=1  rc=    1.4000  rs=    0.9333
     projs nearly linearly dependent: l=1  n1,n2= 1, 2  s=  0.99951561

     atom=  Cl   l=0  rc=    1.6000  rs=    1.0667
     atom=  Cl   l=0  rc=    1.6000  rs=    1.0667
     atom=  Cl   l=1  rc=    1.6000  rs=    1.0667
     atom=  Cl   l=1  rc=    1.6000  rs=    1.0667
     atom=  Cl   l=2  rc=    1.6000  rs=    1.0667
     atom=  Cl   l=2  rc=    1.6000  rs=    1.0667
     projs nearly linearly dependent: l=2  n1,n2= 1, 2  s=  0.99993509

     atom=  H    l=0  rc=    1.0000  rs=    0.6667
     atom=  H    l=0  rc=    1.0000  rs=    0.6667
     projs nearly linearly dependent: l=0  n1,n2= 1, 2  s=  0.99968852
     -----------------------------------------------------------------

     GIPAW integrals: -------------------------------------------
     Atom  i/j   nmr_para   nmr_dia   epr_rmc  epr_para   epr_dia
       C   1 1   0.83E+03  0.17E-01  0.93E+01  0.24E+08  0.24E+03
       C   2 1   0.86E+03 -0.61E-01  0.94E+01  0.25E+08  0.25E+03
       C   2 2   0.90E+03 -0.15E+00  0.97E+01  0.26E+08  0.26E+03
       C   3 3   0.33E+01  0.34E+00  0.18E+01  0.55E+03  0.21E+02
       C   4 3   0.35E+01  0.37E+00  0.20E+01  0.59E+03  0.22E+02
       C   4 4   0.38E+01  0.39E+00  0.22E+01  0.63E+03  0.24E+02
       Cl  1 1   0.14E+04 -0.47E+00  0.84E+01  0.32E+09  0.42E+03
       Cl  2 1   0.21E+04 -0.37E+00  0.12E+02  0.49E+09  0.65E+03
       Cl  2 2   0.33E+04 -0.16E+00  0.21E+02  0.76E+09  0.10E+04
       Cl  3 3   0.21E+02  0.79E-01  0.89E+01  0.23E+05  0.13E+03
       Cl  4 3   0.24E+02  0.67E-01  0.99E+01  0.27E+05  0.15E+03
       Cl  4 4   0.28E+02  0.44E-01  0.11E+02  0.32E+05  0.18E+03
       Cl  5 5   0.77E+00  0.19E+00  0.18E+01  0.12E+03  0.22E+02
       Cl  6 5   0.80E+00  0.19E+00  0.19E+01  0.12E+03  0.23E+02
       Cl  6 6   0.83E+00  0.20E+00  0.19E+01  0.12E+03  0.23E+02
       H   1 1   0.39E+02  0.19E+00  0.29E+00  0.78E+05  0.13E+02
       H   2 1   0.41E+02  0.21E+00  0.32E+00  0.82E+05  0.14E+02
       H   2 2   0.43E+02  0.22E+00  0.36E+00  0.86E+05  0.15E+02
     ------------------------------------------------------------

     alpha_pv=     34.1390 eV

     Number of occupied bands for each k-point:
     k-point:     1    nbnd_occ=  42
     k-point:     2    nbnd_occ=  42
     k-point:     3    nbnd_occ=  42
     k-point:     4    nbnd_occ=  42
     k-point:     5    nbnd_occ=  42
     k-point:     6    nbnd_occ=  42
     k-point:     7    nbnd_occ=  42
     k-point:     8    nbnd_occ=  42
     k-point:     9    nbnd_occ=  42
     k-point:    10    nbnd_occ=  42
     k-point:    11    nbnd_occ=  42
     k-point:    12    nbnd_occ=  42
     k-point:    13    nbnd_occ=  42
     k-point:    14    nbnd_occ=  42
     k-point:    15    nbnd_occ=  42
     k-point:    16    nbnd_occ=  42


     q-space interpolation up to   110.00 Rydberg

     GIPAW job: efg                                                                             


     ELECTRIC FIELD GRADIENTS TENSORS IN Hartree/bohrradius^2:

     ----- bare term -----
     Cl   1       -0.081464        0.148817       -0.024632
     Cl   1        0.148817       -0.004368       -0.013752
     Cl   1       -0.024632       -0.013752        0.085833

     C    2       -0.157500        0.138283       -0.468581
     C    2        0.138283       -0.183200       -0.481012
     C    2       -0.468581       -0.481012        0.340700

     C    3       -0.159018        0.417175       -0.321212
     C    3        0.417175       -0.267946       -0.440419
     C    3       -0.321212       -0.440419        0.426964

     H    4       -0.099447       -0.156790       -0.435386
     H    4       -0.156790        0.448034       -0.090564
     H    4       -0.435386       -0.090564       -0.348588

     C    5       -0.283493        0.119850       -0.467889
     C    5        0.119850       -0.045167       -0.418152
     C    5       -0.467889       -0.418152        0.328660

     H    6        0.285664        0.062015        0.105723
     H    6        0.062015       -0.315616       -0.543190
     H    6        0.105723       -0.543190        0.029952

     H    7        0.324596        0.202146       -0.220973
     H    7        0.202146       -0.288340        0.566692
     H    7       -0.220973        0.566692       -0.036256

     C    8       -0.231494       -0.049218       -0.307930
     C    8       -0.049218        0.017293        0.527821
     C    8       -0.307930        0.527821        0.214201

     H    9       -0.425556        0.349464       -0.369334
     H    9        0.349464        0.200971        0.109682
     H    9       -0.369334        0.109682        0.224585

     C   10       -0.341763       -0.360067       -0.028291
     C   10       -0.360067       -0.119812        0.487029
     C   10       -0.028291        0.487029        0.461576

     C   11       -0.126084        0.267472       -0.342345
     C   11        0.267472       -0.003168        0.740720
     C   11       -0.342345        0.740720        0.129252

     Cl  12       -0.240513       -0.179221        0.078088
     Cl  12       -0.179221       -0.012446        0.167462
     Cl  12        0.078088        0.167462        0.252959

     H   13        0.285882       -0.419008        0.143301
     H   13       -0.419008       -0.596192        0.001447
     H   13        0.143301        0.001447        0.310310

     C   14       -0.301834        0.289108       -0.349938
     C   14        0.289108       -0.150558       -0.400435
     C   14       -0.349938       -0.400435        0.452392

     H   15       -0.290902       -0.410404       -0.404234
     H   15       -0.410404        0.029873       -0.235957
     H   15       -0.404234       -0.235957        0.261029

     C   16       -0.357559        0.342208       -0.318507
     C   16        0.342208       -0.020991       -0.438795
     C   16       -0.318507       -0.438795        0.378550

     C   17       -0.074092        0.208472       -0.228386
     C   17        0.208472       -0.243177       -0.508681
     C   17       -0.228386       -0.508681        0.317269

     Cl  18       -0.110937        0.037929        0.018739
     Cl  18        0.037929       -0.084618        0.045456
     Cl  18        0.018739        0.045456        0.195554

     H   19        0.093959        0.173797       -0.064727
     H   19        0.173797       -0.385524        0.486834
     H   19       -0.064727        0.486834        0.291565

     C   20       -0.403881       -0.326171       -0.335109
     C   20       -0.326171       -0.025920        0.151850
     C   20       -0.335109        0.151850        0.429801

     H   21       -0.641353        0.262865        0.117678
     H   21        0.262865        0.423063        0.090909
     H   21        0.117678        0.090909        0.218290

     C   22        0.028455        0.087731       -0.418308
     C   22        0.087731       -0.310160        0.520337
     C   22       -0.418308        0.520337        0.281705

     C   23       -0.472945       -0.278606       -0.324833
     C   23       -0.278606        0.076926        0.240433
     C   23       -0.324833        0.240433        0.396019

     Cl  24       -0.019534        0.012336       -0.071639
     Cl  24        0.012336       -0.002870        0.063027
     Cl  24       -0.071639        0.063027        0.022404

     ----- ionic term -----
     Cl   1        0.112104       -0.230572        0.005988
     Cl   1       -0.230572        0.054867        0.009190
     Cl   1        0.005988        0.009190       -0.166971

     C    2        0.131121       -0.218688        0.261768
     C    2       -0.218688        0.237106        0.371425
     C    2        0.261768        0.371425       -0.368227

     C    3        0.103659       -0.223275        0.242027
     C    3       -0.223275        0.241904        0.322716
     C    3        0.242027        0.322716       -0.345563

     H    4        0.530846        0.292850        0.723653
     H    4        0.292850       -0.407711        0.246638
     H    4        0.723653        0.246638       -0.123135

     C    5        0.205908       -0.173761        0.318676
     C    5       -0.173761        0.096470        0.272717
     C    5        0.318676        0.272717       -0.302378

     H    6       -0.540091        0.054348        0.028256
     H    6        0.054348        0.641175        0.702053
     H    6        0.028256        0.702053       -0.101084

     H    7       -0.507637       -0.167646        0.145973
     H    7       -0.167646        0.387702       -0.789379
     H    7        0.145973       -0.789379        0.119935

     C    8        0.275727        0.183358        0.198704
     C    8        0.183358        0.057701       -0.326076
     C    8        0.198704       -0.326076       -0.333428

     H    9        0.698193       -0.245571        0.659376
     H    9       -0.245571       -0.456037       -0.214596
     H    9        0.659376       -0.214596       -0.242156

     C   10        0.136477        0.281720        0.145193
     C   10        0.281720        0.221146       -0.439756
     C   10        0.145193       -0.439756       -0.357623

     C   11        0.233749        0.145015        0.171042
     C   11        0.145015        0.140253       -0.439838
     C   11        0.171042       -0.439838       -0.374002

     Cl  12        0.136024        0.202604       -0.010975
     Cl  12        0.202604        0.008121       -0.019804
     Cl  12       -0.010975       -0.019804       -0.144145

     H   13       -0.462397        0.188069        0.113588
     H   13        0.188069        0.766819        0.587139
     H   13        0.113588        0.587139       -0.304422

     C   14        0.289198       -0.206887        0.348326
     C   14       -0.206887        0.109938        0.225970
     C   14        0.348326        0.225970       -0.399136

     H   15        0.511006        0.354909        0.666327
     H   15        0.354909       -0.364517        0.291327
     H   15        0.666327        0.291327       -0.146489

     C   16        0.130002       -0.258358        0.251874
     C   16       -0.258358        0.260430        0.310573
     C   16        0.251874        0.310573       -0.390431

     C   17        0.157692       -0.159875        0.363008
     C   17       -0.159875        0.167007        0.301996
     C   17        0.363008        0.301996       -0.324699

     Cl  18        0.125541       -0.200711        0.062011
     Cl  18       -0.200711        0.026964       -0.040836
     Cl  18        0.062011       -0.040836       -0.152505

     H   19       -0.496384       -0.112014        0.078116
     H   19       -0.112014        0.709918       -0.679728
     H   19        0.078116       -0.679728       -0.213534

     C   20        0.381994        0.177458        0.191579
     C   20        0.177458        0.071507       -0.298765
     C   20        0.191579       -0.298765       -0.453501

     H   21        0.764430       -0.451984        0.414690
     H   21       -0.451984       -0.356933       -0.216275
     H   21        0.414690       -0.216275       -0.407497

     C   22        0.253540        0.222683        0.110636
     C   22        0.222683        0.181561       -0.353556
     C   22        0.110636       -0.353556       -0.435101

     C   23        0.267074        0.110055        0.166165
     C   23        0.110055        0.083193       -0.361827
     C   23        0.166165       -0.361827       -0.350267

     Cl  24        0.152985        0.182572       -0.036319
     Cl  24        0.182572       -0.025413       -0.015104
     Cl  24       -0.036319       -0.015104       -0.127573

     ----- GIPAW term -----
     Cl   1        1.056869        0.999099       -1.110711
     Cl   1        0.999099        0.627810       -1.134842
     Cl   1       -1.110711       -1.134842       -1.684679

     C    2       -0.039352        0.002784       -0.173160
     C    2        0.002784       -0.051495       -0.196421
     C    2       -0.173160       -0.196421        0.090847

     C    3       -0.030495        0.102193       -0.177694
     C    3        0.102193       -0.097699       -0.114333
     C    3       -0.177694       -0.114333        0.128194

     H    4       -0.000000        0.000000        0.000000
     H    4        0.000000        0.000000        0.000000
     H    4        0.000000        0.000000        0.000000

     C    5        0.037799        0.021605       -0.122059
     C    5        0.021605       -0.064550       -0.089022
     C    5       -0.122059       -0.089022        0.026752

     H    6       -0.000000        0.000000        0.000000
     H    6        0.000000        0.000000        0.000000
     H    6        0.000000        0.000000        0.000000

     H    7       -0.000000        0.000000        0.000000
     H    7        0.000000        0.000000        0.000000
     H    7        0.000000        0.000000        0.000000

     C    8       -0.093823        0.013696       -0.040167
     C    8        0.013696        0.169487        0.150526
     C    8       -0.040167        0.150526       -0.075664

     H    9       -0.000000        0.000000        0.000000
     H    9        0.000000        0.000000        0.000000
     H    9        0.000000        0.000000        0.000000

     C   10       -0.098021        0.045083        0.069591
     C   10        0.045083        0.060413        0.164187
     C   10        0.069591        0.164187        0.037608

     C   11       -0.028088        0.211630       -0.016426
     C   11        0.211630        0.105850        0.225517
     C   11       -0.016426        0.225517       -0.077762

     Cl  12       -0.297319        1.652136        0.700281
     Cl  12        1.652136       -0.030189        1.681816
     Cl  12        0.700281        1.681816        0.327507

     H   13       -0.000000        0.000000        0.000000
     H   13        0.000000        0.000000        0.000000
     H   13        0.000000        0.000000        0.000000

     C   14       -0.063975        0.119823       -0.150072
     C   14        0.119823       -0.051357       -0.192663
     C   14       -0.150072       -0.192663        0.115332

     H   15       -0.000000        0.000000        0.000000
     H   15        0.000000        0.000000        0.000000
     H   15        0.000000        0.000000        0.000000

     C   16       -0.102678        0.112065       -0.106029
     C   16        0.112065        0.082810       -0.109631
     C   16       -0.106029       -0.109631        0.019868

     C   17        0.106840       -0.064567       -0.010936
     C   17       -0.064567       -0.053931       -0.067121
     C   17       -0.010936       -0.067121       -0.052909

     Cl  18       -0.415353       -1.526931        0.886973
     Cl  18       -1.526931       -1.424953        0.457768
     Cl  18        0.886973        0.457768        1.840306

     H   19       -0.000000        0.000000        0.000000
     H   19        0.000000        0.000000        0.000000
     H   19        0.000000        0.000000        0.000000

     C   20        0.042315        0.095932       -0.106357
     C   20        0.095932       -0.006867       -0.052750
     C   20       -0.106357       -0.052750       -0.035448

     H   21       -0.000000        0.000000        0.000000
     H   21        0.000000        0.000000        0.000000
     H   21        0.000000        0.000000        0.000000

     C   22        0.053305        0.142123       -0.188938
     C   22        0.142123       -0.061369        0.009772
     C   22       -0.188938        0.009772        0.008063

     C   23       -0.024725        0.175066       -0.086849
     C   23        0.175066        0.109161       -0.036579
     C   23       -0.086849       -0.036579       -0.084436

     Cl  24        1.824439        1.683255       -2.037928
     Cl  24        1.683255       -1.127141        0.313463
     Cl  24       -2.037928        0.313463       -0.697298

     ----- total EFG -----
     Cl   1        1.087509        0.917344       -1.129355
     Cl   1        0.917344        0.678308       -1.139404
     Cl   1       -1.129355       -1.139404       -1.765817

     C    2       -0.065731       -0.077621       -0.379974
     C    2       -0.077621        0.002411       -0.306008
     C    2       -0.379974       -0.306008        0.063320

     C    3       -0.085854        0.296092       -0.256879
     C    3        0.296092       -0.123741       -0.232036
     C    3       -0.256879       -0.232036        0.209595

     H    4        0.431399        0.136061        0.288267
     H    4        0.136061        0.040323        0.156074
     H    4        0.288267        0.156074       -0.471722

     C    5       -0.039786       -0.032306       -0.271272
     C    5       -0.032306       -0.013247       -0.234457
     C    5       -0.271272       -0.234457        0.053033

     H    6       -0.254427        0.116363        0.133979
     H    6        0.116363        0.325559        0.158862
     H    6        0.133979        0.158862       -0.071132

     H    7       -0.183041        0.034500       -0.075000
     H    7        0.034500        0.099362       -0.222687
     H    7       -0.075000       -0.222687        0.083679

     C    8       -0.049591        0.147836       -0.149393
     C    8        0.147836        0.244481        0.352270
     C    8       -0.149393        0.352270       -0.194891

     H    9        0.272637        0.103893        0.290042
     H    9        0.103893       -0.255066       -0.104914
     H    9        0.290042       -0.104914       -0.017571

     C   10       -0.303308       -0.033264        0.186493
     C   10       -0.033264        0.161747        0.211460
     C   10        0.186493        0.211460        0.141561

     C   11        0.079577        0.624117       -0.187728
     C   11        0.624117        0.242934        0.526399
     C   11       -0.187728        0.526399       -0.322512

     Cl  12       -0.401808        1.675518        0.767393
     Cl  12        1.675518       -0.034513        1.829475
     Cl  12        0.767393        1.829475        0.436321

     H   13       -0.176515       -0.230939        0.256889
     H   13       -0.230939        0.170627        0.588586
     H   13        0.256889        0.588586        0.005888

     C   14       -0.076611        0.202044       -0.151684
     C   14        0.202044       -0.091977       -0.367127
     C   14       -0.151684       -0.367127        0.168588

     H   15        0.220104       -0.055495        0.262093
     H   15       -0.055495       -0.334644        0.055370
     H   15        0.262093        0.055370        0.114540

     C   16       -0.330236        0.195915       -0.172662
     C   16        0.195915        0.322248       -0.237854
     C   16       -0.172662       -0.237854        0.007987

     C   17        0.190440       -0.015970        0.123687
     C   17       -0.015970       -0.130101       -0.273806
     C   17        0.123687       -0.273806       -0.060339

     Cl  18       -0.400748       -1.689714        0.967724
     Cl  18       -1.689714       -1.482607        0.462389
     Cl  18        0.967724        0.462389        1.883355

     H   19       -0.402425        0.061783        0.013390
     H   19        0.061783        0.324394       -0.192893
     H   19        0.013390       -0.192893        0.078030

     C   20        0.020428       -0.052780       -0.249887
     C   20       -0.052780        0.038720       -0.199665
     C   20       -0.249887       -0.199665       -0.059148

     H   21        0.123078       -0.189119        0.532367
     H   21       -0.189119        0.066130       -0.125366
     H   21        0.532367       -0.125366       -0.189208

     C   22        0.335300        0.452537       -0.496611
     C   22        0.452537       -0.189968        0.176552
     C   22       -0.496611        0.176552       -0.145332

     C   23       -0.230596        0.006515       -0.245517
     C   23        0.006515        0.269279       -0.157974
     C   23       -0.245517       -0.157974       -0.038683

     Cl  24        1.957890        1.878163       -2.145886
     Cl  24        1.878163       -1.155423        0.361386
     Cl  24       -2.145886        0.361386       -0.802468

     ----- total EFG (symmetrized) -----
     Cl   1        1.087509        0.917344       -1.129355
     Cl   1        0.917344        0.678308       -1.139404
     Cl   1       -1.129355       -1.139404       -1.765817

     C    2       -0.065731       -0.077621       -0.379974
     C    2       -0.077621        0.002411       -0.306008
     C    2       -0.379974       -0.306008        0.063320

     C    3       -0.085854        0.296092       -0.256879
     C    3        0.296092       -0.123741       -0.232036
     C    3       -0.256879       -0.232036        0.209595

     H    4        0.431399        0.136061        0.288267
     H    4        0.136061        0.040323        0.156074
     H    4        0.288267        0.156074       -0.471722

     C    5       -0.039786       -0.032306       -0.271272
     C    5       -0.032306       -0.013247       -0.234457
     C    5       -0.271272       -0.234457        0.053033

     H    6       -0.254427        0.116363        0.133979
     H    6        0.116363        0.325559        0.158862
     H    6        0.133979        0.158862       -0.071132

     H    7       -0.183041        0.034500       -0.075000
     H    7        0.034500        0.099362       -0.222687
     H    7       -0.075000       -0.222687        0.083679

     C    8       -0.049591        0.147836       -0.149393
     C    8        0.147836        0.244481        0.352270
     C    8       -0.149393        0.352270       -0.194891

     H    9        0.272637        0.103893        0.290042
     H    9        0.103893       -0.255066       -0.104914
     H    9        0.290042       -0.104914       -0.017571

     C   10       -0.303308       -0.033264        0.186493
     C   10       -0.033264        0.161747        0.211460
     C   10        0.186493        0.211460        0.141561

     C   11        0.079577        0.624117       -0.187728
     C   11        0.624117        0.242934        0.526399
     C   11       -0.187728        0.526399       -0.322512

     Cl  12       -0.401808        1.675518        0.767393
     Cl  12        1.675518       -0.034513        1.829475
     Cl  12        0.767393        1.829475        0.436321

     H   13       -0.176515       -0.230939        0.256889
     H   13       -0.230939        0.170627        0.588586
     H   13        0.256889        0.588586        0.005888

     C   14       -0.076611        0.202044       -0.151684
     C   14        0.202044       -0.091977       -0.367127
     C   14       -0.151684       -0.367127        0.168588

     H   15        0.220104       -0.055495        0.262093
     H   15       -0.055495       -0.334644        0.055370
     H   15        0.262093        0.055370        0.114540

     C   16       -0.330236        0.195915       -0.172662
     C   16        0.195915        0.322248       -0.237854
     C   16       -0.172662       -0.237854        0.007987

     C   17        0.190440       -0.015970        0.123687
     C   17       -0.015970       -0.130101       -0.273806
     C   17        0.123687       -0.273806       -0.060339

     Cl  18       -0.400748       -1.689714        0.967724
     Cl  18       -1.689714       -1.482607        0.462389
     Cl  18        0.967724        0.462389        1.883355

     H   19       -0.402425        0.061783        0.013390
     H   19        0.061783        0.324394       -0.192893
     H   19        0.013390       -0.192893        0.078030

     C   20        0.020428       -0.052780       -0.249887
     C   20       -0.052780        0.038720       -0.199665
     C   20       -0.249887       -0.199665       -0.059148

     H   21        0.123078       -0.189119        0.532367
     H   21       -0.189119        0.066130       -0.125366
     H   21        0.532367       -0.125366       -0.189208

     C   22        0.335300        0.452537       -0.496611
     C   22        0.452537       -0.189968        0.176552
     C   22       -0.496611        0.176552       -0.145332

     C   23       -0.230596        0.006515       -0.245517
     C   23        0.006515        0.269279       -0.157974
     C   23       -0.245517       -0.157974       -0.038683

     Cl  24        1.957890        1.878163       -2.145886
     Cl  24        1.878163       -1.155423        0.361386
     Cl  24       -2.145886        0.361386       -0.802468


     NQR/NMR SPECTROSCOPIC PARAMETERS:
     Cl   1    Vxx=   -0.0461    axis=(  0.662905 -0.746362  0.059170)
     Cl   1    Vyy=   -2.3840    axis=( -0.229905 -0.278133 -0.932623)
     Cl   1    Vzz=    2.4301    axis=(  0.712532  0.604637 -0.355967)
     Cl   1  Q=        -8.1650 1e-30 m^2  Cq=       -46.6212 MHz  eta= 0.96204

     C    2    Vxx=    0.0515    axis=(  0.626220 -0.778904 -0.034014)
     C    2    Vyy=    0.4705    axis=( -0.482822 -0.421693  0.767501)
     C    2    Vzz=   -0.5219    axis=( -0.612153 -0.464202 -0.640145)
     C    2  Q=         1.0000 1e-30 m^2  Cq=        -1.2264 MHz  eta= 0.80284

     C    3    Vxx=   -0.1454    axis=(  0.510097  0.502843  0.697818)
     C    3    Vyy=   -0.4016    axis=( -0.690812  0.722859 -0.015912)
     C    3    Vzz=    0.5470    axis=( -0.512425 -0.473944  0.716099)
     C    3  Q=         1.0000 1e-30 m^2  Cq=         1.2852 MHz  eta= 0.46841

     H    4    Vxx=    0.0033    axis=(  0.355969 -0.930192 -0.089608)
     H    4    Vyy=    0.5738    axis=(  0.901330  0.316433  0.295760)
     H    4    Vzz=   -0.5770    axis=( -0.246759 -0.186047  0.951050)
     H    4  Q=         1.0000 1e-30 m^2  Cq=        -1.3558 MHz  eta= 0.98860

     C    5    Vxx=    0.0074    axis=(  0.651510 -0.758291 -0.023010)
     C    5    Vyy=    0.3594    axis=( -0.481237 -0.436537  0.760162)
     C    5    Vzz=   -0.3668    axis=( -0.586469 -0.484180 -0.649326)
     C    5  Q=         1.0000 1e-30 m^2  Cq=        -0.8618 MHz  eta= 0.95968

     H    6    Vxx=   -0.0908    axis=( -0.377008  0.420263 -0.825375)
     H    6    Vyy=   -0.3267    axis=( -0.897691  0.053632  0.437349)
     H    6    Vzz=    0.4175    axis=(  0.228068  0.905816  0.357047)
     H    6  Q=         1.0000 1e-30 m^2  Cq=         0.9809 MHz  eta= 0.56489

     H    7    Vxx=   -0.1196    axis=(  0.362049 -0.692062 -0.624476)
     H    7    Vyy=   -0.2064    axis=( -0.920019 -0.157527 -0.358819)
     H    7    Vzz=    0.3260    axis=(  0.149953  0.704439 -0.693743)
     H    7  Q=         1.0000 1e-30 m^2  Cq=         0.7660 MHz  eta= 0.26612

     C    8    Vxx=    0.0380    axis=(  0.896894  0.094798 -0.431966)
     C    8    Vyy=    0.4472    axis=( -0.125725 -0.881797 -0.454562)
     C    8    Vzz=   -0.4851    axis=(  0.423998 -0.462003  0.778960)
     C    8  Q=         1.0000 1e-30 m^2  Cq=        -1.1399 MHz  eta= 0.84340

     H    9    Vxx=   -0.0800    axis=(  0.374252  0.629859 -0.680598)
     H    9    Vyy=   -0.3735    axis=( -0.358227  0.775159  0.520386)
     H    9    Vzz=    0.4535    axis=( -0.855341 -0.049053 -0.515738)
     H    9  Q=         1.0000 1e-30 m^2  Cq=         1.0655 MHz  eta= 0.64731

     C   10    Vxx=    0.0120    axis=(  0.411705 -0.711846  0.569012)
     C   10    Vyy=    0.3808    axis=( -0.164154 -0.672098 -0.722037)
     C   10    Vzz=   -0.3928    axis=(  0.896411  0.203861 -0.393559)
     C   10  Q=         1.0000 1e-30 m^2  Cq=        -0.9228 MHz  eta= 0.93912

     C   11    Vxx=    0.0441    axis=(  0.669554 -0.248627 -0.699916)
     C   11    Vyy=    0.8640    axis=( -0.562554 -0.785052 -0.259280)
     C   11    Vzz=   -0.9081    axis=( -0.485006  0.567342 -0.665501)
     C   11  Q=         1.0000 1e-30 m^2  Cq=        -2.1336 MHz  eta= 0.90295

     Cl  12    Vxx=   -0.7660    axis=( -0.691552 -0.171108  0.701768)
     Cl  12    Vyy=   -2.1625    axis=( -0.554165  0.748839 -0.363513)
     Cl  12    Vzz=    2.9285    axis=( -0.463311 -0.640283 -0.612683)
     Cl  12  Q=        -8.1650 1e-30 m^2  Cq=       -56.1820 MHz  eta= 0.47689

     H   13    Vxx=    0.0414    axis=( -0.845709  0.344557 -0.407501)
     H   13    Vyy=    0.6826    axis=( -0.007454  0.755916  0.654626)
     H   13    Vzz=   -0.7240    axis=( -0.533592 -0.556661  0.636717)
     H   13  Q=         1.0000 1e-30 m^2  Cq=        -1.7011 MHz  eta= 0.88576

     C   14    Vxx=   -0.1476    axis=(  0.870547  0.060842  0.488310)
     C   14    Vyy=   -0.3775    axis=( -0.319123  0.825167  0.466111)
     C   14    Vzz=    0.5251    axis=( -0.374578 -0.561603  0.737763)
     C   14  Q=         1.0000 1e-30 m^2  Cq=         1.2337 MHz  eta= 0.43789

     H   15    Vxx=   -0.0765    axis=( -0.602977  0.289086  0.743537)
     H   15    Vyy=   -0.3583    axis=( -0.190494 -0.957247  0.217694)
     H   15    Vzz=    0.4348    axis=(  0.774681 -0.010375  0.632267)
     H   15  Q=         1.0000 1e-30 m^2  Cq=         1.0215 MHz  eta= 0.64818

     C   16    Vxx=   -0.1095    axis=( -0.172988  0.534306  0.827401)
     C   16    Vyy=   -0.4167    axis=(  0.942410 -0.154355  0.296710)
     C   16    Vzz=    0.5262    axis=(  0.286248  0.831079 -0.476834)
     C   16  Q=         1.0000 1e-30 m^2  Cq=         1.2364 MHz  eta= 0.58377

     C   17    Vxx=    0.0871    axis=(  0.668256  0.563398 -0.485815)
     C   17    Vyy=    0.2930    axis=(  0.733274 -0.388695  0.557876)
     C   17    Vzz=   -0.3801    axis=( -0.125473  0.729040  0.672873)
     C   17  Q=         1.0000 1e-30 m^2  Cq=        -0.8930 MHz  eta= 0.54188

     Cl  18    Vxx=    0.6585    axis=(  0.708055 -0.628372 -0.322190)
     Cl  18    Vyy=    2.2463    axis=( -0.373247  0.054291 -0.926142)
     Cl  18    Vzz=   -2.9047    axis=(  0.599454  0.776016 -0.196097)
     Cl  18  Q=        -8.1650 1e-30 m^2  Cq=        55.7255 MHz  eta= 0.54663

     H   19    Vxx=   -0.0232    axis=(  0.107188  0.467810  0.877305)
     H   19    Vyy=   -0.4096    axis=( -0.992585  0.101229  0.067294)
     H   19    Vzz=    0.4328    axis=( -0.057328 -0.878013  0.475192)
     H   19  Q=         1.0000 1e-30 m^2  Cq=         1.0170 MHz  eta= 0.89284

     C   20    Vxx=    0.0831    axis=( -0.620713  0.783974 -0.010013)
     C   20    Vyy=    0.2788    axis=( -0.573706 -0.445454  0.687337)
     C   20    Vzz=   -0.3619    axis=(  0.534394  0.432384  0.726270)
     C   20  Q=         1.0000 1e-30 m^2  Cq=        -0.8503 MHz  eta= 0.54097

     H   21    Vxx=   -0.0271    axis=(  0.292485  0.924140  0.245800)
     H   21    Vyy=   -0.5881    axis=( -0.602750 -0.021388  0.797643)
     H   21    Vzz=    0.6152    axis=(  0.742391 -0.381455  0.550770)
     H   21  Q=         1.0000 1e-30 m^2  Cq=         1.4455 MHz  eta= 0.91200

     C   22    Vxx=    0.0069    axis=(  0.045758  0.723123  0.689202)
     C   22    Vyy=    0.7498    axis=( -0.850773 -0.333370  0.406263)
     C   22    Vzz=   -0.7567    axis=(  0.523537 -0.604944  0.599959)
     C   22  Q=         1.0000 1e-30 m^2  Cq=        -1.7780 MHz  eta= 0.98166

     C   23    Vxx=    0.0518    axis=(  0.562950 -0.496658 -0.660620)
     C   23    Vyy=    0.3573    axis=( -0.205770 -0.858361  0.469974)
     C   23    Vzz=   -0.4091    axis=(  0.800466  0.128636  0.585412)
     C   23  Q=         1.0000 1e-30 m^2  Cq=        -0.9612 MHz  eta= 0.74691

     Cl  24    Vxx=   -0.6311    axis=(  0.063940  0.711444  0.699828)
     Cl  24    Vyy=   -2.9814    axis=(  0.498304 -0.630344  0.595280)
     Cl  24    Vzz=    3.6126    axis=( -0.864641 -0.310665  0.394820)
     Cl  24  Q=        -8.1650 1e-30 m^2  Cq=       -69.3056 MHz  eta= 0.65059

     Initialization:
     gipaw_setup  :      9.12s CPU     10.65s WALL (       1 calls)

     Linear response

     Apply operators

     Induced current

     Other routines
     efg          :      9.25s CPU     11.48s WALL (       1 calls)

     General routines
     calbec       :      3.22s CPU      4.19s WALL (      16 calls)
     fft          :      1.35s CPU      1.51s WALL (      15 calls)
     ffts         :      0.04s CPU      0.06s WALL (       2 calls)
     fftw         :      3.23s CPU      3.87s WALL (     672 calls)
     davcio       :      0.02s CPU      0.33s WALL (      32 calls)

     Parallel routines
     fft_scatter  :      1.96s CPU      2.64s WALL (     689 calls)

     Plugins

     GIPAW        :     61.81s CPU     72.42s WALL (       1 calls)
