
     Program QE v.6.0 (svn rev. 13079) starts on 19Dec2016 at  3:22:48 

     This program is part of the open-source Quantum ESPRESSO suite
     for quantum simulation of materials; please cite
         "P. Giannozzi et al., J. Phys.:Condens. Matter 21 395502 (2009);
          URL http://www.quantum-espresso.org", 
     in publications or presentations arising from this work. More details at
     http://www.quantum-espresso.org/quote

     Parallel version (MPI), running on     8 processors
     R & G space division:  proc/nbgrp/npool/nimage =       8

     ***** This is GIPAW svn revision unknown      *****

     Parallelizing q-star over 1 images

     Reading data from directory:
     /users/majewski/paradichlorobenzene/pbe/9_constraint/scratch/pbe.ecut100.np8.dt60.pcl2phi-129368.save
     Message from routine read_xml_file:
     file /users/majewski/paradichlorobenzene/pbe/9_constraint/scratch/pbe.ecut100.np8.dt60.pcl2phi-129368.save not guaranteed to be safe for post-processing

   Info: using nr1, nr2, nr3 values from input

   Info: using nr1, nr2, nr3 values from input

     IMPORTANT: XC functional enforced from input :
     Exchange-correlation      =  SLA  PW   PBX  PBC ( 1  4  3  4 0 0)
     Any further DFT definition will be discarded
     Please, verify this is what you really want

               file C.pbe-n-kjpaw_psl.1.0.0.UPF: wavefunction(s)  2S 2P renormalized
               file Cl.pbe-n-kjpaw_psl.1.0.0.UPF: wavefunction(s)  3S 3P renormalized
               file H.pbe-kjpaw_psl.1.0.0.UPF: wavefunction(s)  1S renormalized

     Parallelization info
     --------------------
     sticks:   dense  smooth     PW     G-vecs:    dense   smooth      PW
     Min        3057    1223    332               144436    36536    5170
     Max        3059    1225    333               144437    36537    5171
     Sum       24467    9791   2657              1155489   292295   41363


     Subspace diagonalization in iterative solution of the eigenvalue problem:
     a serial algorithm will be used

     GIPAW projectors -----------------------------------------------
     atom=  C    l=0  rc=    1.2000  rs=    0.8000
     atom=  C    l=0  rc=    1.2000  rs=    0.8000
     atom=  C    l=1  rc=    1.4000  rs=    0.9333
     atom=  C    l=1  rc=    1.4000  rs=    0.9333
     projs nearly linearly dependent: l=1  n1,n2= 1, 2  s=  0.99951561

     atom=  Cl   l=0  rc=    1.6000  rs=    1.0667
     atom=  Cl   l=0  rc=    1.6000  rs=    1.0667
     atom=  Cl   l=1  rc=    1.6000  rs=    1.0667
     atom=  Cl   l=1  rc=    1.6000  rs=    1.0667
     atom=  Cl   l=2  rc=    1.6000  rs=    1.0667
     atom=  Cl   l=2  rc=    1.6000  rs=    1.0667
     projs nearly linearly dependent: l=2  n1,n2= 1, 2  s=  0.99993509

     atom=  H    l=0  rc=    1.0000  rs=    0.6667
     atom=  H    l=0  rc=    1.0000  rs=    0.6667
     projs nearly linearly dependent: l=0  n1,n2= 1, 2  s=  0.99968852
     -----------------------------------------------------------------

     GIPAW integrals: -------------------------------------------
     Atom  i/j   nmr_para   nmr_dia   epr_rmc  epr_para   epr_dia
       C   1 1   0.83E+03  0.17E-01  0.93E+01  0.24E+08  0.24E+03
       C   2 1   0.86E+03 -0.61E-01  0.94E+01  0.25E+08  0.25E+03
       C   2 2   0.90E+03 -0.15E+00  0.97E+01  0.26E+08  0.26E+03
       C   3 3   0.33E+01  0.34E+00  0.18E+01  0.55E+03  0.21E+02
       C   4 3   0.35E+01  0.37E+00  0.20E+01  0.59E+03  0.22E+02
       C   4 4   0.38E+01  0.39E+00  0.22E+01  0.63E+03  0.24E+02
       Cl  1 1   0.14E+04 -0.47E+00  0.84E+01  0.32E+09  0.42E+03
       Cl  2 1   0.21E+04 -0.37E+00  0.12E+02  0.49E+09  0.65E+03
       Cl  2 2   0.33E+04 -0.16E+00  0.21E+02  0.76E+09  0.10E+04
       Cl  3 3   0.21E+02  0.79E-01  0.89E+01  0.23E+05  0.13E+03
       Cl  4 3   0.24E+02  0.67E-01  0.99E+01  0.27E+05  0.15E+03
       Cl  4 4   0.28E+02  0.44E-01  0.11E+02  0.32E+05  0.18E+03
       Cl  5 5   0.77E+00  0.19E+00  0.18E+01  0.12E+03  0.22E+02
       Cl  6 5   0.80E+00  0.19E+00  0.19E+01  0.12E+03  0.23E+02
       Cl  6 6   0.83E+00  0.20E+00  0.19E+01  0.12E+03  0.23E+02
       H   1 1   0.39E+02  0.19E+00  0.29E+00  0.78E+05  0.13E+02
       H   2 1   0.41E+02  0.21E+00  0.32E+00  0.82E+05  0.14E+02
       H   2 2   0.43E+02  0.22E+00  0.36E+00  0.86E+05  0.15E+02
     ------------------------------------------------------------

     alpha_pv=     34.2885 eV

     Number of occupied bands for each k-point:
     k-point:     1    nbnd_occ=  42
     k-point:     2    nbnd_occ=  42
     k-point:     3    nbnd_occ=  42
     k-point:     4    nbnd_occ=  42
     k-point:     5    nbnd_occ=  42
     k-point:     6    nbnd_occ=  42
     k-point:     7    nbnd_occ=  42
     k-point:     8    nbnd_occ=  42
     k-point:     9    nbnd_occ=  42
     k-point:    10    nbnd_occ=  42
     k-point:    11    nbnd_occ=  42
     k-point:    12    nbnd_occ=  42
     k-point:    13    nbnd_occ=  42
     k-point:    14    nbnd_occ=  42
     k-point:    15    nbnd_occ=  42
     k-point:    16    nbnd_occ=  42


     q-space interpolation up to   110.00 Rydberg

     GIPAW job: efg                                                                             


     ELECTRIC FIELD GRADIENTS TENSORS IN Hartree/bohrradius^2:

     ----- bare term -----
     Cl   1       -0.088081        0.128149       -0.012451
     Cl   1        0.128149       -0.014166       -0.001789
     Cl   1       -0.012451       -0.001789        0.102247

     C    2       -0.135454        0.111506       -0.307256
     C    2        0.111506       -0.253778       -0.506577
     C    2       -0.307256       -0.506577        0.389232

     C    3       -0.314099        0.320124       -0.273207
     C    3        0.320124       -0.115126       -0.459257
     C    3       -0.273207       -0.459257        0.429225

     H    4       -0.306583       -0.330923       -0.451584
     H    4       -0.330923        0.127409       -0.271852
     H    4       -0.451584       -0.271852        0.179173

     C    5       -0.519124        0.127190       -0.366044
     C    5        0.127190       -0.064133       -0.384569
     C    5       -0.366044       -0.384569        0.583257

     H    6        0.467929       -0.200295        0.030174
     H    6       -0.200295       -0.662763       -0.028028
     H    6        0.030174       -0.028028        0.194834

     H    7        0.352454        0.302291        0.034623
     H    7        0.302291       -0.648282        0.190691
     H    7        0.034623        0.190691        0.295828

     C    8       -0.286100       -0.238759       -0.306136
     C    8       -0.238759       -0.136542        0.428071
     C    8       -0.306136        0.428071        0.422641

     H    9       -0.499583        0.458341       -0.090541
     H    9        0.458341        0.235068       -0.000475
     H    9       -0.090541       -0.000475        0.264514

     C   10       -0.313229       -0.326258       -0.289036
     C   10       -0.326258       -0.118726        0.495496
     C   10       -0.289036        0.495496        0.431955

     C   11       -0.104070        0.083405       -0.357445
     C   11        0.083405       -0.094614        0.614144
     C   11       -0.357445        0.614144        0.198685

     Cl  12       -0.183675       -0.122061       -0.029052
     Cl  12       -0.122061        0.003774        0.163963
     Cl  12       -0.029052        0.163963        0.179901

     H   13        0.462142        0.035136       -0.080942
     H   13        0.035136       -0.751438       -0.036613
     H   13       -0.080942       -0.036613        0.289295

     C   14       -0.323153       -0.050384       -0.336990
     C   14       -0.050384       -0.004831       -0.555666
     C   14       -0.336990       -0.555666        0.327983

     H   15       -0.200539       -0.452915       -0.306700
     H   15       -0.452915       -0.175002       -0.108361
     H   15       -0.306700       -0.108361        0.375541

     C   16       -0.548980        0.361286       -0.288636
     C   16        0.361286        0.132568       -0.263375
     C   16       -0.288636       -0.263375        0.416412

     C   17       -0.050421        0.050309       -0.272759
     C   17        0.050309       -0.362695       -0.451884
     C   17       -0.272759       -0.451884        0.413115

     Cl  18       -0.023667       -0.005549        0.037968
     Cl  18       -0.005549       -0.039264        0.039111
     Cl  18        0.037968        0.039111        0.062931

     H   19        0.398781        0.273403        0.097814
     H   19        0.273403       -0.597853       -0.237089
     H   19        0.097814       -0.237089        0.199072

     C   20       -0.427011       -0.170975       -0.337572
     C   20       -0.170975       -0.100609        0.258036
     C   20       -0.337572        0.258036        0.527621

     H   21       -0.222447        0.406662        0.128692
     H   21        0.406662       -0.022436       -0.191024
     H   21        0.128692       -0.191024        0.244883

     C   22       -0.063884       -0.129075        0.016457
     C   22       -0.129075       -0.222737        0.225321
     C   22        0.016457        0.225321        0.286621

     C   23       -0.252838       -0.055576       -0.352634
     C   23       -0.055576       -0.099099        0.562078
     C   23       -0.352634        0.562078        0.351937

     Cl  24       -0.086973        0.008922       -0.030343
     Cl  24        0.008922       -0.075299        0.009504
     Cl  24       -0.030343        0.009504        0.162272

     ----- ionic term -----
     Cl   1        0.153736       -0.228393        0.089087
     Cl   1       -0.228393        0.009658       -0.048752
     Cl   1        0.089087       -0.048752       -0.163394

     C    2        0.197809       -0.140887        0.372529
     C    2       -0.140887        0.207347        0.300974
     C    2        0.372529        0.300974       -0.405156

     C    3        0.131404       -0.211825        0.257043
     C    3       -0.211825        0.272508        0.306221
     C    3        0.257043        0.306221       -0.403912

     H    4        0.493567        0.360955        0.689814
     H    4        0.360955       -0.335221        0.294091
     H    4        0.689814        0.294091       -0.158346

     C    5        0.279695       -0.123701        0.304276
     C    5       -0.123701        0.139866        0.240652
     C    5        0.304276        0.240652       -0.419562

     H    6       -0.495016        0.141667        0.070282
     H    6        0.141667        0.806960        0.572187
     H    6        0.070282        0.572187       -0.311944

     H    7       -0.503750       -0.190296        0.086244
     H    7       -0.190296        0.880765       -0.505201
     H    7        0.086244       -0.505201       -0.377015

     C    8        0.328525        0.115488        0.178113
     C    8        0.115488        0.118076       -0.285183
     C    8        0.178113       -0.285183       -0.446601

     H    9        0.710356       -0.382020        0.566912
     H    9       -0.382020       -0.405256       -0.239632
     H    9        0.566912       -0.239632       -0.305100

     C   10        0.204624        0.158898        0.116449
     C   10        0.158898        0.206094       -0.414389
     C   10        0.116449       -0.414389       -0.410718

     C   11        0.267468        0.026635        0.102409
     C   11        0.026635        0.196137       -0.420809
     C   11        0.102409       -0.420809       -0.463606

     Cl  12        0.146483        0.201709       -0.037998
     Cl  12        0.201709       -0.004310       -0.023851
     Cl  12       -0.037998       -0.023851       -0.142172

     H   13       -0.526620        0.060495        0.044190
     H   13        0.060495        0.819968        0.576507
     H   13        0.044190        0.576507       -0.293349

     C   14        0.271696       -0.130349        0.323089
     C   14       -0.130349        0.120623        0.254528
     C   14        0.323089        0.254528       -0.392319

     H   15        0.651341        0.459751        0.536329
     H   15        0.459751       -0.300019        0.252774
     H   15        0.536329        0.252774       -0.351323

     C   16        0.179027       -0.182544        0.209838
     C   16       -0.182544        0.242560        0.304973
     C   16        0.209838        0.304973       -0.421587

     C   17        0.191835       -0.105406        0.242445
     C   17       -0.105406        0.198059        0.361057
     C   17        0.242445        0.361057       -0.389894

     Cl  18        0.155611       -0.182342        0.007222
     Cl  18       -0.182342       -0.004247        0.000972
     Cl  18        0.007222        0.000972       -0.151364

     H   19       -0.494637       -0.171107        0.022994
     H   19       -0.171107        0.985626       -0.380275
     H   19        0.022994       -0.380275       -0.490990

     C   20        0.394001        0.060493        0.089706
     C   20        0.060493        0.165696       -0.246062
     C   20        0.089706       -0.246062       -0.559696

     H   21        0.663788       -0.625905        0.302272
     H   21       -0.625905       -0.119148       -0.202290
     H   21        0.302272       -0.202290       -0.544641

     C   22        0.212698        0.089090        0.055937
     C   22        0.089090        0.341903       -0.313847
     C   22        0.055937       -0.313847       -0.554600

     C   23        0.202827        0.089644        0.207009
     C   23        0.089644        0.287449       -0.311571
     C   23        0.207009       -0.311571       -0.490276

     Cl  24        0.130683        0.199296       -0.004037
     Cl  24        0.199296        0.032424       -0.002994
     Cl  24       -0.004037       -0.002994       -0.163107

     ----- GIPAW term -----
     Cl   1       -0.918999       -1.064636       -0.373110
     Cl   1       -1.064636       -1.439920        0.102952
     Cl   1       -0.373110        0.102952        2.358919

     C    2        0.028801       -0.113365       -0.039907
     C    2       -0.113365       -0.067267       -0.093511
     C    2       -0.039907       -0.093511        0.038466

     C    3       -0.095036        0.059283       -0.074013
     C    3        0.059283        0.034678       -0.092868
     C    3       -0.074013       -0.092868        0.060358

     H    4       -0.000000        0.000000        0.000000
     H    4        0.000000        0.000000        0.000000
     H    4        0.000000        0.000000        0.000000

     C    5       -0.156467        0.014746       -0.055252
     C    5        0.014746       -0.074726       -0.144780
     C    5       -0.055252       -0.144780        0.231193

     H    6       -0.000000        0.000000        0.000000
     H    6        0.000000        0.000000        0.000000
     H    6        0.000000        0.000000        0.000000

     H    7       -0.000000        0.000000        0.000000
     H    7        0.000000        0.000000        0.000000
     H    7        0.000000        0.000000        0.000000

     C    8       -0.029452       -0.046185       -0.042346
     C    8       -0.046185       -0.038918        0.084385
     C    8       -0.042346        0.084385        0.068371

     H    9       -0.000000        0.000000        0.000000
     H    9        0.000000        0.000000        0.000000
     H    9        0.000000        0.000000        0.000000

     C   10       -0.105863       -0.089367       -0.110327
     C   10       -0.089367        0.029940        0.150719
     C   10       -0.110327        0.150719        0.075924

     C   11        0.040606        0.163580       -0.062457
     C   11        0.163580        0.045910        0.120602
     C   11       -0.062457        0.120602       -0.086516

     Cl  12       -0.028376        1.509197       -0.335057
     Cl  12        1.509197        0.089255        1.515942
     Cl  12       -0.335057        1.515942       -0.060879

     H   13       -0.000000        0.000000        0.000000
     H   13        0.000000        0.000000        0.000000
     H   13        0.000000        0.000000        0.000000

     C   14       -0.085884       -0.080556       -0.008583
     C   14       -0.080556        0.060534       -0.220805
     C   14       -0.008583       -0.220805        0.025350

     H   15       -0.000000        0.000000        0.000000
     H   15        0.000000        0.000000        0.000000
     H   15        0.000000        0.000000        0.000000

     C   16       -0.189752        0.027299       -0.069264
     C   16        0.027299        0.185401        0.017672
     C   16       -0.069264        0.017672        0.004351

     C   17        0.000391       -0.109833       -0.026213
     C   17       -0.109833       -0.095538        0.020070
     C   17       -0.026213        0.020070        0.095147

     Cl  18        1.198953       -2.211795        0.368240
     Cl  18       -2.211795       -0.237583        0.277608
     Cl  18        0.368240        0.277608       -0.961370

     H   19       -0.000000        0.000000        0.000000
     H   19        0.000000        0.000000        0.000000
     H   19        0.000000        0.000000        0.000000

     C   20       -0.125286       -0.050396       -0.119858
     C   20       -0.050396       -0.086604        0.133174
     C   20       -0.119858        0.133174        0.211890

     H   21       -0.000000        0.000000        0.000000
     H   21        0.000000        0.000000        0.000000
     H   21        0.000000        0.000000        0.000000

     C   22       -0.050876       -0.019426       -0.035941
     C   22       -0.019426       -0.043927        0.065430
     C   22       -0.035941        0.065430        0.094803

     C   23       -0.003578        0.098267       -0.101883
     C   23        0.098267       -0.030840        0.140443
     C   23       -0.101883        0.140443        0.034418

     Cl  24        0.645938        2.219353       -0.319482
     Cl  24        2.219353       -0.584853        0.067538
     Cl  24       -0.319482        0.067538       -0.061086

     ----- total EFG -----
     Cl   1       -0.853344       -1.164881       -0.296474
     Cl   1       -1.164881       -1.444428        0.052411
     Cl   1       -0.296474        0.052411        2.297772

     C    2        0.091156       -0.142746        0.025366
     C    2       -0.142746       -0.113698       -0.299113
     C    2        0.025366       -0.299113        0.022542

     C    3       -0.277731        0.167582       -0.090177
     C    3        0.167582        0.192060       -0.245903
     C    3       -0.090177       -0.245903        0.085670

     H    4        0.186984        0.030032        0.238230
     H    4        0.030032       -0.207811        0.022239
     H    4        0.238230        0.022239        0.020827

     C    5       -0.395896        0.018234       -0.117020
     C    5        0.018234        0.001007       -0.288697
     C    5       -0.117020       -0.288697        0.394888

     H    6       -0.027086       -0.058628        0.100456
     H    6       -0.058628        0.144197        0.544159
     H    6        0.100456        0.544159       -0.117110

     H    7       -0.151296        0.111996        0.120867
     H    7        0.111996        0.232483       -0.314511
     H    7        0.120867       -0.314511       -0.081187

     C    8        0.012973       -0.169456       -0.170369
     C    8       -0.169456       -0.057384        0.227273
     C    8       -0.170369        0.227273        0.044411

     H    9        0.210773        0.076320        0.476371
     H    9        0.076320       -0.170188       -0.240107
     H    9        0.476371       -0.240107       -0.040586

     C   10       -0.214468       -0.256727       -0.282915
     C   10       -0.256727        0.117307        0.231825
     C   10       -0.282915        0.231825        0.097161

     C   11        0.204004        0.273619       -0.317493
     C   11        0.273619        0.147433        0.313937
     C   11       -0.317493        0.313937       -0.351437

     Cl  12       -0.065569        1.588845       -0.402106
     Cl  12        1.588845        0.088718        1.656054
     Cl  12       -0.402106        1.656054       -0.023150

     H   13       -0.064477        0.095631       -0.036752
     H   13        0.095631        0.068531        0.539895
     H   13       -0.036752        0.539895       -0.004053

     C   14       -0.137341       -0.261289       -0.022485
     C   14       -0.261289        0.176326       -0.521943
     C   14       -0.022485       -0.521943       -0.038985

     H   15        0.450802        0.006836        0.229629
     H   15        0.006836       -0.475021        0.144414
     H   15        0.229629        0.144414        0.024219

     C   16       -0.559705        0.206041       -0.148062
     C   16        0.206041        0.560529        0.059271
     C   16       -0.148062        0.059271       -0.000824

     C   17        0.141805       -0.164930       -0.056527
     C   17       -0.164930       -0.260173       -0.070757
     C   17       -0.056527       -0.070757        0.118368

     Cl  18        1.330896       -2.399687        0.413430
     Cl  18       -2.399687       -0.281094        0.317691
     Cl  18        0.413430        0.317691       -1.049802

     H   19       -0.095855        0.102296        0.120808
     H   19        0.102296        0.387773       -0.617364
     H   19        0.120808       -0.617364       -0.291918

     C   20       -0.158296       -0.160878       -0.367724
     C   20       -0.160878       -0.021518        0.145148
     C   20       -0.367724        0.145148        0.179814

     H   21        0.441341       -0.219242        0.430964
     H   21       -0.219242       -0.141584       -0.393313
     H   21        0.430964       -0.393313       -0.299758

     C   22        0.097938       -0.059411        0.036453
     C   22       -0.059411        0.075238       -0.023096
     C   22        0.036453       -0.023096       -0.173176

     C   23       -0.053589        0.132335       -0.247508
     C   23        0.132335        0.157510        0.390950
     C   23       -0.247508        0.390950       -0.103921

     Cl  24        0.689648        2.427570       -0.353861
     Cl  24        2.427570       -0.627728        0.074048
     Cl  24       -0.353861        0.074048       -0.061920

     ----- total EFG (symmetrized) -----
     Cl   1       -0.853344       -1.164881       -0.296474
     Cl   1       -1.164881       -1.444428        0.052411
     Cl   1       -0.296474        0.052411        2.297772

     C    2        0.091156       -0.142746        0.025366
     C    2       -0.142746       -0.113698       -0.299113
     C    2        0.025366       -0.299113        0.022542

     C    3       -0.277731        0.167582       -0.090177
     C    3        0.167582        0.192060       -0.245903
     C    3       -0.090177       -0.245903        0.085670

     H    4        0.186984        0.030032        0.238230
     H    4        0.030032       -0.207811        0.022239
     H    4        0.238230        0.022239        0.020827

     C    5       -0.395896        0.018234       -0.117020
     C    5        0.018234        0.001007       -0.288697
     C    5       -0.117020       -0.288697        0.394888

     H    6       -0.027086       -0.058628        0.100456
     H    6       -0.058628        0.144197        0.544159
     H    6        0.100456        0.544159       -0.117110

     H    7       -0.151296        0.111996        0.120867
     H    7        0.111996        0.232483       -0.314511
     H    7        0.120867       -0.314511       -0.081187

     C    8        0.012973       -0.169456       -0.170369
     C    8       -0.169456       -0.057384        0.227273
     C    8       -0.170369        0.227273        0.044411

     H    9        0.210773        0.076320        0.476371
     H    9        0.076320       -0.170188       -0.240107
     H    9        0.476371       -0.240107       -0.040586

     C   10       -0.214468       -0.256727       -0.282915
     C   10       -0.256727        0.117307        0.231825
     C   10       -0.282915        0.231825        0.097161

     C   11        0.204004        0.273619       -0.317493
     C   11        0.273619        0.147433        0.313937
     C   11       -0.317493        0.313937       -0.351437

     Cl  12       -0.065569        1.588845       -0.402106
     Cl  12        1.588845        0.088718        1.656054
     Cl  12       -0.402106        1.656054       -0.023150

     H   13       -0.064477        0.095631       -0.036752
     H   13        0.095631        0.068531        0.539895
     H   13       -0.036752        0.539895       -0.004053

     C   14       -0.137341       -0.261289       -0.022485
     C   14       -0.261289        0.176326       -0.521943
     C   14       -0.022485       -0.521943       -0.038985

     H   15        0.450802        0.006836        0.229629
     H   15        0.006836       -0.475021        0.144414
     H   15        0.229629        0.144414        0.024219

     C   16       -0.559705        0.206041       -0.148062
     C   16        0.206041        0.560529        0.059271
     C   16       -0.148062        0.059271       -0.000824

     C   17        0.141805       -0.164930       -0.056527
     C   17       -0.164930       -0.260173       -0.070757
     C   17       -0.056527       -0.070757        0.118368

     Cl  18        1.330896       -2.399687        0.413430
     Cl  18       -2.399687       -0.281094        0.317691
     Cl  18        0.413430        0.317691       -1.049802

     H   19       -0.095855        0.102296        0.120808
     H   19        0.102296        0.387773       -0.617364
     H   19        0.120808       -0.617364       -0.291918

     C   20       -0.158296       -0.160878       -0.367724
     C   20       -0.160878       -0.021518        0.145148
     C   20       -0.367724        0.145148        0.179814

     H   21        0.441341       -0.219242        0.430964
     H   21       -0.219242       -0.141584       -0.393313
     H   21        0.430964       -0.393313       -0.299758

     C   22        0.097938       -0.059411        0.036453
     C   22       -0.059411        0.075238       -0.023096
     C   22        0.036453       -0.023096       -0.173176

     C   23       -0.053589        0.132335       -0.247508
     C   23        0.132335        0.157510        0.390950
     C   23       -0.247508        0.390950       -0.103921

     Cl  24        0.689648        2.427570       -0.353861
     Cl  24        2.427570       -0.627728        0.074048
     Cl  24       -0.353861        0.074048       -0.061920


     NQR/NMR SPECTROSCOPIC PARAMETERS:
     Cl   1    Vxx=    0.0219    axis=( -0.779740  0.615312 -0.115745)
     Cl   1    Vyy=    2.3331    axis=( -0.109787  0.047630  0.992813)
     Cl   1    Vzz=   -2.3550    axis=(  0.616403  0.786844  0.030414)
     Cl   1  Q=        -8.1650 1e-30 m^2  Cq=        45.1786 MHz  eta= 0.98142

     C    2    Vxx=    0.0559    axis=( -0.865103 -0.127465  0.485128)
     C    2    Vyy=    0.3170    axis=(  0.455490 -0.604669  0.653379)
     C    2    Vzz=   -0.3729    axis=( -0.210059 -0.786211 -0.581160)
     C    2  Q=         1.0000 1e-30 m^2  Cq=        -0.8763 MHz  eta= 0.70022

     C    3    Vxx=   -0.1076    axis=(  0.144064  0.578333  0.802980)
     C    3    Vyy=   -0.3318    axis=( -0.956656  0.288929 -0.036460)
     C    3    Vzz=    0.4394    axis=( -0.253090 -0.762923  0.594890)
     C    3  Q=         1.0000 1e-30 m^2  Cq=         1.0324 MHz  eta= 0.51016

     H    4    Vxx=   -0.1484    axis=( -0.579777  0.011881  0.814689)
     H    4    Vyy=   -0.2103    axis=( -0.046750  0.997761 -0.047821)
     H    4    Vzz=    0.3587    axis=( -0.813433 -0.065812 -0.577923)
     H    4  Q=         1.0000 1e-30 m^2  Cq=         0.8427 MHz  eta= 0.17258

     C    5    Vxx=   -0.1460    axis=( -0.142319  0.885678  0.441951)
     C    5    Vyy=   -0.4146    axis=(  0.982937  0.073890  0.168451)
     C    5    Vzz=    0.5606    axis=( -0.116537 -0.458384  0.881081)
     C    5  Q=         1.0000 1e-30 m^2  Cq=         1.3171 MHz  eta= 0.47916

     H    6    Vxx=   -0.0031    axis=(  0.977863 -0.149944  0.145944)
     H    6    Vyy=   -0.5705    axis=(  0.207440  0.603316 -0.770051)
     H    6    Vzz=    0.5736    axis=(  0.027415  0.783279  0.621065)
     H    6  Q=         1.0000 1e-30 m^2  Cq=         1.3478 MHz  eta= 0.98918

     H    7    Vxx=   -0.0417    axis=(  0.821494  0.251473  0.511770)
     H    7    Vyy=   -0.3872    axis=( -0.567244  0.451927  0.688474)
     H    7    Vzz=    0.4289    axis=( -0.058150 -0.855876  0.513902)
     H    7  Q=         1.0000 1e-30 m^2  Cq=         1.0078 MHz  eta= 0.80550

     C    8    Vxx=   -0.1374    axis=(  0.817837  0.174380  0.548392)
     C    8    Vyy=   -0.2443    axis=( -0.185398 -0.822321  0.537975)
     C    8    Vzz=    0.3817    axis=( -0.544766  0.541646  0.640195)
     C    8  Q=         1.0000 1e-30 m^2  Cq=         0.8968 MHz  eta= 0.28002

     H    9    Vxx=   -0.0327    axis=(  0.417408  0.839497 -0.347874)
     H    9    Vyy=   -0.5556    axis=( -0.485238  0.529580  0.695765)
     H    9    Vzz=    0.5883    axis=(  0.768319 -0.121616  0.628407)
     H    9  Q=         1.0000 1e-30 m^2  Cq=         1.3823 MHz  eta= 0.88869

     C   10    Vxx=   -0.1230    axis=( -0.065834 -0.728264  0.682128)
     C   10    Vyy=   -0.4106    axis=( -0.888395 -0.268485 -0.372385)
     C   10    Vzz=    0.5337    axis=(  0.454336 -0.630514 -0.629310)
     C   10  Q=         1.0000 1e-30 m^2  Cq=         1.2539 MHz  eta= 0.53890

     C   11    Vxx=    0.2367    axis=( -0.480304  0.639311  0.600491)
     C   11    Vyy=    0.4523    axis=( -0.771585 -0.633536  0.057338)
     C   11    Vzz=   -0.6890    axis=(  0.417090 -0.435791  0.797573)
     C   11  Q=         1.0000 1e-30 m^2  Cq=        -1.6189 MHz  eta= 0.31280

     Cl  12    Vxx=    0.3564    axis=(  0.722878  0.017187 -0.690762)
     Cl  12    Vyy=    2.1326    axis=( -0.450162 -0.746712 -0.489669)
     Cl  12    Vzz=   -2.4890    axis=(  0.524216 -0.664926  0.532045)
     Cl  12  Q=        -8.1650 1e-30 m^2  Cq=        47.7503 MHz  eta= 0.71358

     H   13    Vxx=   -0.0492    axis=(  0.978061  0.082577 -0.191253)
     H   13    Vyy=   -0.5273    axis=( -0.196026  0.675532 -0.710796)
     H   13    Vzz=    0.5765    axis=( -0.070501 -0.732692 -0.676898)
     H   13  Q=         1.0000 1e-30 m^2  Cq=         1.3546 MHz  eta= 0.82926

     C   14    Vxx=   -0.0973    axis=(  0.870399 -0.091590 -0.483753)
     C   14    Vyy=   -0.5512    axis=(  0.429000  0.623204  0.653892)
     C   14    Vzz=    0.6485    axis=( -0.241587  0.776677 -0.581729)
     C   14  Q=         1.0000 1e-30 m^2  Cq=         1.5238 MHz  eta= 0.69979

     H   15    Vxx=   -0.0380    axis=( -0.411350  0.280199  0.867341)
     H   15    Vyy=   -0.5170    axis=(  0.059913  0.957831 -0.281017)
     H   15    Vzz=    0.5550    axis=( -0.909506 -0.063632 -0.410791)
     H   15  Q=         1.0000 1e-30 m^2  Cq=         1.3040 MHz  eta= 0.86294

     C   16    Vxx=    0.0359    axis=( -0.245500 -0.013091  0.969308)
     C   16    Vyy=    0.5990    axis=( -0.167878 -0.984227 -0.055812)
     C   16    Vzz=   -0.6349    axis=(  0.954749 -0.176428  0.239430)
     C   16  Q=         1.0000 1e-30 m^2  Cq=        -1.4918 MHz  eta= 0.88699

     C   17    Vxx=    0.1237    axis=(  0.270166 -0.285539  0.919499)
     C   17    Vyy=    0.2117    axis=( -0.900570  0.262863  0.346233)
     C   17    Vzz=   -0.3354    axis=( -0.340565 -0.921613 -0.186131)
     C   17  Q=         1.0000 1e-30 m^2  Cq=        -0.7881 MHz  eta= 0.26220

     Cl  18    Vxx=   -0.8416    axis=(  0.201093  0.340308  0.918560)
     Cl  18    Vyy=   -2.2203    axis=(  0.545729  0.739795 -0.393552)
     Cl  18    Vzz=    3.0619    axis=( -0.813475  0.580425 -0.036948)
     Cl  18  Q=        -8.1650 1e-30 m^2  Cq=       -58.7407 MHz  eta= 0.45028

     H   19    Vxx=   -0.0562    axis=(  0.967375  0.100498  0.232563)
     H   19    Vyy=   -0.6973    axis=( -0.251326  0.496434  0.830896)
     H   19    Vzz=    0.7535    axis=( -0.031949 -0.862237  0.505496)
     H   19  Q=         1.0000 1e-30 m^2  Cq=         1.7704 MHz  eta= 0.85087

     C   20    Vxx=   -0.0960    axis=(  0.053854  0.911445 -0.407882)
     C   20    Vyy=   -0.4039    axis=( -0.852259 -0.170900 -0.494417)
     C   20    Vzz=    0.4999    axis=( -0.520341  0.374247  0.767583)
     C   20  Q=         1.0000 1e-30 m^2  Cq=         1.1745 MHz  eta= 0.61598

     H   21    Vxx=   -0.1247    axis=(  0.554097  0.759172 -0.341518)
     H   21    Vyy=   -0.6651    axis=( -0.215684  0.527172  0.821931)
     H   21    Vzz=    0.7898    axis=(  0.804025 -0.381770  0.455846)
     H   21  Q=         1.0000 1e-30 m^2  Cq=         1.8557 MHz  eta= 0.68430

     C   22    Vxx=    0.0262    axis=(  0.630179  0.776037  0.025317)
     C   22    Vyy=    0.1527    axis=( -0.767579  0.627562 -0.130340)
     C   22    Vzz=   -0.1789    axis=( -0.117037  0.062705  0.991146)
     C   22  Q=         1.0000 1e-30 m^2  Cq=        -0.4204 MHz  eta= 0.70672

     C   23    Vxx=    0.1013    axis=(  0.864251  0.365966 -0.345166)
     C   23    Vyy=    0.4425    axis=(  0.092059 -0.789599 -0.606678)
     C   23    Vzz=   -0.5438    axis=( -0.494566  0.492546 -0.716102)
     C   23  Q=         1.0000 1e-30 m^2  Cq=        -1.2776 MHz  eta= 0.62742

     Cl  24    Vxx=   -0.0525    axis=(  0.003724  0.143127  0.989697)
     Cl  24    Vyy=   -2.5151    axis=( -0.607846  0.786200 -0.111411)
     Cl  24    Vzz=    2.5676    axis=( -0.794046 -0.601168  0.089927)
     Cl  24  Q=        -8.1650 1e-30 m^2  Cq=       -49.2586 MHz  eta= 0.95907

     Initialization:
     gipaw_setup  :      9.26s CPU     10.90s WALL (       1 calls)

     Linear response

     Apply operators

     Induced current

     Other routines
     efg          :      9.07s CPU     11.56s WALL (       1 calls)

     General routines
     calbec       :      3.22s CPU      4.32s WALL (      16 calls)
     fft          :      1.99s CPU      3.54s WALL (      15 calls)
     ffts         :      0.04s CPU      0.06s WALL (       2 calls)
     fftw         :      3.14s CPU      3.86s WALL (     672 calls)
     davcio       :      0.04s CPU      0.33s WALL (      32 calls)

     Parallel routines
     fft_scatter  :      2.56s CPU      4.49s WALL (     689 calls)

     Plugins

     GIPAW        :     61.81s CPU     75.86s WALL (       1 calls)
