
     Program QE v.6.0 (svn rev. 13079) starts on 20Jan2017 at  1:11:42 

     This program is part of the open-source Quantum ESPRESSO suite
     for quantum simulation of materials; please cite
         "P. Giannozzi et al., J. Phys.:Condens. Matter 21 395502 (2009);
          URL http://www.quantum-espresso.org", 
     in publications or presentations arising from this work. More details at
     http://www.quantum-espresso.org/quote

     Parallel version (MPI), running on     8 processors
     R & G space division:  proc/nbgrp/npool/nimage =       8

     ***** This is GIPAW svn revision unknown      *****

     Parallelizing q-star over 1 images

     Reading data from directory:
     /users/majewski/paradichlorobenzene/pbe/9_constraint/scratch/pbe.ecut100.np8.dt60.pcl2phi-129368.save
     Message from routine read_xml_file:
     file /users/majewski/paradichlorobenzene/pbe/9_constraint/scratch/pbe.ecut100.np8.dt60.pcl2phi-129368.save not guaranteed to be safe for post-processing

   Info: using nr1, nr2, nr3 values from input

   Info: using nr1, nr2, nr3 values from input

     IMPORTANT: XC functional enforced from input :
     Exchange-correlation      =  SLA  PW   PBX  PBC ( 1  4  3  4 0 0)
     Any further DFT definition will be discarded
     Please, verify this is what you really want

               file C.pbe-n-kjpaw_psl.1.0.0.UPF: wavefunction(s)  2S 2P renormalized
               file Cl.pbe-n-kjpaw_psl.1.0.0.UPF: wavefunction(s)  3S 3P renormalized
               file H.pbe-kjpaw_psl.1.0.0.UPF: wavefunction(s)  1S renormalized

     Parallelization info
     --------------------
     sticks:   dense  smooth     PW     G-vecs:    dense   smooth      PW
     Min        3057    1223    332               144436    36536    5170
     Max        3059    1225    333               144437    36537    5171
     Sum       24467    9791   2657              1155489   292295   41363


     Subspace diagonalization in iterative solution of the eigenvalue problem:
     a serial algorithm will be used

     GIPAW projectors -----------------------------------------------
     atom=  C    l=0  rc=    1.2000  rs=    0.8000
     atom=  C    l=0  rc=    1.2000  rs=    0.8000
     atom=  C    l=1  rc=    1.4000  rs=    0.9333
     atom=  C    l=1  rc=    1.4000  rs=    0.9333
     projs nearly linearly dependent: l=1  n1,n2= 1, 2  s=  0.99951561

     atom=  Cl   l=0  rc=    1.6000  rs=    1.0667
     atom=  Cl   l=0  rc=    1.6000  rs=    1.0667
     atom=  Cl   l=1  rc=    1.6000  rs=    1.0667
     atom=  Cl   l=1  rc=    1.6000  rs=    1.0667
     atom=  Cl   l=2  rc=    1.6000  rs=    1.0667
     atom=  Cl   l=2  rc=    1.6000  rs=    1.0667
     projs nearly linearly dependent: l=2  n1,n2= 1, 2  s=  0.99993509

     atom=  H    l=0  rc=    1.0000  rs=    0.6667
     atom=  H    l=0  rc=    1.0000  rs=    0.6667
     projs nearly linearly dependent: l=0  n1,n2= 1, 2  s=  0.99968852
     -----------------------------------------------------------------

     GIPAW integrals: -------------------------------------------
     Atom  i/j   nmr_para   nmr_dia   epr_rmc  epr_para   epr_dia
       C   1 1   0.83E+03  0.17E-01  0.93E+01  0.24E+08  0.24E+03
       C   2 1   0.86E+03 -0.61E-01  0.94E+01  0.25E+08  0.25E+03
       C   2 2   0.90E+03 -0.15E+00  0.97E+01  0.26E+08  0.26E+03
       C   3 3   0.33E+01  0.34E+00  0.18E+01  0.55E+03  0.21E+02
       C   4 3   0.35E+01  0.37E+00  0.20E+01  0.59E+03  0.22E+02
       C   4 4   0.38E+01  0.39E+00  0.22E+01  0.63E+03  0.24E+02
       Cl  1 1   0.14E+04 -0.47E+00  0.84E+01  0.32E+09  0.42E+03
       Cl  2 1   0.21E+04 -0.37E+00  0.12E+02  0.49E+09  0.65E+03
       Cl  2 2   0.33E+04 -0.16E+00  0.21E+02  0.76E+09  0.10E+04
       Cl  3 3   0.21E+02  0.79E-01  0.89E+01  0.23E+05  0.13E+03
       Cl  4 3   0.24E+02  0.67E-01  0.99E+01  0.27E+05  0.15E+03
       Cl  4 4   0.28E+02  0.44E-01  0.11E+02  0.32E+05  0.18E+03
       Cl  5 5   0.77E+00  0.19E+00  0.18E+01  0.12E+03  0.22E+02
       Cl  6 5   0.80E+00  0.19E+00  0.19E+01  0.12E+03  0.23E+02
       Cl  6 6   0.83E+00  0.20E+00  0.19E+01  0.12E+03  0.23E+02
       H   1 1   0.39E+02  0.19E+00  0.29E+00  0.78E+05  0.13E+02
       H   2 1   0.41E+02  0.21E+00  0.32E+00  0.82E+05  0.14E+02
       H   2 2   0.43E+02  0.22E+00  0.36E+00  0.86E+05  0.15E+02
     ------------------------------------------------------------

     alpha_pv=     34.0614 eV

     Number of occupied bands for each k-point:
     k-point:     1    nbnd_occ=  42
     k-point:     2    nbnd_occ=  42
     k-point:     3    nbnd_occ=  42
     k-point:     4    nbnd_occ=  42
     k-point:     5    nbnd_occ=  42
     k-point:     6    nbnd_occ=  42
     k-point:     7    nbnd_occ=  42
     k-point:     8    nbnd_occ=  42
     k-point:     9    nbnd_occ=  42
     k-point:    10    nbnd_occ=  42
     k-point:    11    nbnd_occ=  42
     k-point:    12    nbnd_occ=  42
     k-point:    13    nbnd_occ=  42
     k-point:    14    nbnd_occ=  42
     k-point:    15    nbnd_occ=  42
     k-point:    16    nbnd_occ=  42


     q-space interpolation up to   110.00 Rydberg

     GIPAW job: efg                                                                             


     ELECTRIC FIELD GRADIENTS TENSORS IN Hartree/bohrradius^2:

     ----- bare term -----
     Cl   1        0.126361        0.039827        0.020787
     Cl   1        0.039827       -0.170888       -0.051100
     Cl   1        0.020787       -0.051100        0.044528

     C    2       -0.687412        0.434888       -0.378349
     C    2        0.434888        0.367454       -0.125029
     C    2       -0.378349       -0.125029        0.319958

     C    3        0.226982        0.080429       -0.117285
     C    3        0.080429       -0.122923       -0.433939
     C    3       -0.117285       -0.433939       -0.104059

     H    4        0.148725        0.054678       -0.371084
     H    4        0.054678        0.096624        0.258864
     H    4       -0.371084        0.258864       -0.245349

     C    5       -0.405909        0.295190        0.004296
     C    5        0.295190        0.203106       -0.082663
     C    5        0.004296       -0.082663        0.202803

     H    6        0.465303       -0.000051        0.082694
     H    6       -0.000051        0.140014       -0.087687
     H    6        0.082694       -0.087687       -0.605318

     H    7        0.292356        0.308041        0.083365
     H    7        0.308041       -0.578489       -0.155954
     H    7        0.083365       -0.155954        0.286133

     C    8        0.014995       -0.117634       -0.073059
     C    8       -0.117634       -0.110155        0.353174
     C    8       -0.073059        0.353174        0.095160

     H    9       -0.253291        0.466420        0.053740
     H    9        0.466420       -0.057375       -0.146817
     H    9        0.053740       -0.146817        0.310666

     C   10       -0.337206       -0.105946        0.007692
     C   10       -0.105946       -0.018188       -0.048876
     C   10        0.007692       -0.048876        0.355394

     C   11        0.128852        0.059679       -0.254785
     C   11        0.059679       -0.049894        0.584822
     C   11       -0.254785        0.584822       -0.078959

     Cl  12        0.006078       -0.239234        0.050394
     Cl  12       -0.239234       -0.108471       -0.272356
     Cl  12        0.050394       -0.272356        0.102393

     H   13        0.452557        0.011134        0.050743
     H   13        0.011134       -0.261958       -0.640444
     H   13        0.050743       -0.640444       -0.190599

     C   14       -0.168983        0.037950       -0.298271
     C   14        0.037950       -0.132896       -0.357452
     C   14       -0.298271       -0.357452        0.301879

     H   15       -0.085513       -0.126804       -0.320391
     H   15       -0.126804        0.468611       -0.286175
     H   15       -0.320391       -0.286175       -0.383098

     C   16       -0.302632        0.370201       -0.297747
     C   16        0.370201       -0.122480       -0.229912
     C   16       -0.297747       -0.229912        0.425112

     C   17       -0.070580       -0.288004       -0.362997
     C   17       -0.288004        0.015659       -0.736155
     C   17       -0.362997       -0.736155        0.054921

     Cl  18       -0.248188        0.305487        0.000852
     Cl  18        0.305487        0.085023       -0.054958
     Cl  18        0.000852       -0.054958        0.163164

     H   19        0.384423        0.040300       -0.113602
     H   19        0.040300       -0.570432        0.670170
     H   19       -0.113602        0.670170        0.186008

     C   20       -0.903865       -0.350659       -0.396936
     C   20       -0.350659        0.474785        0.042876
     C   20       -0.396936        0.042876        0.429079

     H   21       -0.518963        0.229518        0.187800
     H   21        0.229518        0.406105        0.135059
     H   21        0.187800        0.135059        0.112858

     C   22        0.153013       -0.069981       -0.071872
     C   22       -0.069981       -0.554968        0.382356
     C   22       -0.071872        0.382356        0.401955

     C   23       -0.826348       -0.409393       -0.319045
     C   23       -0.409393        0.280165        0.012815
     C   23       -0.319045        0.012815        0.546183

     Cl  24        0.034056       -0.026761        0.087300
     Cl  24       -0.026761       -0.036539        0.065323
     Cl  24        0.087300        0.065323        0.002484

     ----- ionic term -----
     Cl   1        0.111873       -0.213182       -0.006844
     Cl   1       -0.213182        0.020812        0.012348
     Cl   1       -0.006844        0.012348       -0.132685

     C    2        0.133451       -0.231962        0.283002
     C    2       -0.231962       -0.018959        0.414754
     C    2        0.283002        0.414754       -0.114492

     C    3        0.053418       -0.320359        0.178696
     C    3       -0.320359        0.056705        0.403976
     C    3        0.178696        0.403976       -0.110123

     H    4        0.346387        0.074383        0.785562
     H    4        0.074383       -0.505754        0.133436
     H    4        0.785562        0.133436        0.159366

     C    5        0.163511       -0.291034        0.223951
     C    5       -0.291034       -0.050842        0.327336
     C    5        0.223951        0.327336       -0.112670

     H    6       -0.550021       -0.023112       -0.031467
     H    6       -0.023112        0.290171        0.823445
     H    6       -0.031467        0.823445        0.259850

     H    7       -0.495498       -0.245999        0.032506
     H    7       -0.245999        1.019263       -0.318709
     H    7        0.032506       -0.318709       -0.523765

     C    8        0.388058        0.121984        0.037678
     C    8        0.121984        0.162911       -0.237063
     C    8        0.037678       -0.237063       -0.550969

     H    9        0.854429       -0.350653        0.463523
     H    9       -0.350653       -0.409531       -0.195298
     H    9        0.463523       -0.195298       -0.444898

     C   10        0.253726        0.176662        0.061334
     C   10        0.176662        0.222393       -0.395374
     C   10        0.061334       -0.395374       -0.476119

     C   11        0.267624        0.015736        0.149735
     C   11        0.015736        0.174913       -0.427530
     C   11        0.149735       -0.427530       -0.442537

     Cl  12        0.136461        0.170307       -0.036969
     Cl  12        0.170307        0.000475       -0.037394
     Cl  12       -0.036969       -0.037394       -0.136936

     H   13       -0.526066        0.026733        0.057022
     H   13        0.026733        0.505521        0.782167
     H   13        0.057022        0.782167        0.020544

     C   14        0.228292       -0.311712        0.292397
     C   14       -0.311712        0.011835        0.307251
     C   14        0.292397        0.307251       -0.240127

     H   15        0.426890        0.150747        0.762675
     H   15        0.150747       -0.522366        0.211949
     H   15        0.762675        0.211949        0.095476

     C   16        0.066865       -0.373755        0.176343
     C   16       -0.373755        0.102897        0.426348
     C   16        0.176343        0.426348       -0.169762

     C   17        0.182875       -0.266812        0.257360
     C   17       -0.266812       -0.063654        0.412743
     C   17        0.257360        0.412743       -0.119221

     Cl  18        0.186263       -0.197581       -0.001194
     Cl  18       -0.197581       -0.038760        0.014339
     Cl  18       -0.001194        0.014339       -0.147502

     H   19       -0.496720        0.051345       -0.032256
     H   19        0.051345        0.788147       -0.615627
     H   19       -0.032256       -0.615627       -0.291427

     C   20        0.391879        0.138590        0.047870
     C   20        0.138590        0.048401       -0.357750
     C   20        0.047870       -0.357750       -0.440280

     H   21        0.749345       -0.503914        0.428490
     H   21       -0.503914       -0.292483       -0.229247
     H   21        0.428490       -0.229247       -0.456862

     C   22        0.248505        0.149570       -0.011508
     C   22        0.149570        0.191090       -0.410091
     C   22       -0.011508       -0.410091       -0.439595

     C   23        0.284471        0.109961        0.072304
     C   23        0.109961        0.178834       -0.336990
     C   23        0.072304       -0.336990       -0.463305

     Cl  24        0.150920        0.222335       -0.010148
     Cl  24        0.222335       -0.004549       -0.009236
     Cl  24       -0.010148       -0.009236       -0.146371

     ----- GIPAW term -----
     Cl   1       -0.094294       -0.483655        0.309776
     Cl   1       -0.483655        1.834688        1.228614
     Cl   1        0.309776        1.228614       -1.740394

     C    2       -0.166615        0.035996       -0.039411
     C    2        0.035996        0.300460        0.036355
     C    2       -0.039411        0.036355       -0.133845

     C    3       -0.036697        0.005377       -0.009796
     C    3        0.005377        0.119464       -0.065874
     C    3       -0.009796       -0.065874       -0.082767

     H    4       -0.000000        0.000000        0.000000
     H    4        0.000000        0.000000        0.000000
     H    4        0.000000        0.000000        0.000000

     C    5       -0.078820       -0.015161        0.036159
     C    5       -0.015161        0.081299       -0.066150
     C    5        0.036159       -0.066150       -0.002479

     H    6       -0.000000        0.000000        0.000000
     H    6        0.000000        0.000000        0.000000
     H    6        0.000000        0.000000        0.000000

     H    7       -0.000000        0.000000        0.000000
     H    7        0.000000        0.000000        0.000000
     H    7        0.000000        0.000000        0.000000

     C    8       -0.043797       -0.083542        0.006181
     C    8       -0.083542        0.161422        0.067604
     C    8        0.006181        0.067604       -0.117625

     H    9       -0.000000        0.000000        0.000000
     H    9        0.000000        0.000000        0.000000
     H    9        0.000000        0.000000        0.000000

     C   10       -0.047226        0.001967        0.001361
     C   10        0.001967        0.045928        0.005591
     C   10        0.001361        0.005591        0.001298

     C   11       -0.029924        0.023515       -0.032990
     C   11        0.023515        0.165153        0.074428
     C   11       -0.032990        0.074428       -0.135230

     Cl  12       -0.708020       -0.021884       -0.309595
     Cl  12       -0.021884        0.488240        1.346439
     Cl  12       -0.309595        1.346439        0.219779

     H   13       -0.000000        0.000000        0.000000
     H   13        0.000000        0.000000        0.000000
     H   13        0.000000        0.000000        0.000000

     C   14       -0.093160       -0.042851       -0.062093
     C   14       -0.042851        0.069568        0.068324
     C   14       -0.062093        0.068324        0.023591

     H   15       -0.000000        0.000000        0.000000
     H   15        0.000000        0.000000        0.000000
     H   15        0.000000        0.000000        0.000000

     C   16       -0.003020       -0.063938       -0.129964
     C   16       -0.063938       -0.005602        0.052197
     C   16       -0.129964        0.052197        0.008622

     C   17       -0.019025       -0.224149       -0.030213
     C   17       -0.224149        0.159314       -0.185773
     C   17       -0.030213       -0.185773       -0.140289

     Cl  18       -1.167307       -0.019725       -0.263463
     Cl  18       -0.019725        2.630126       -1.319301
     Cl  18       -0.263463       -1.319301       -1.462819

     H   19       -0.000000        0.000000        0.000000
     H   19        0.000000        0.000000        0.000000
     H   19        0.000000        0.000000        0.000000

     C   20       -0.226451        0.040501       -0.055105
     C   20        0.040501        0.291655       -0.110770
     C   20       -0.055105       -0.110770       -0.065204

     H   21       -0.000000        0.000000        0.000000
     H   21        0.000000        0.000000        0.000000
     H   21        0.000000        0.000000        0.000000

     C   22       -0.069160        0.030982       -0.022568
     C   22        0.030982       -0.061059       -0.138959
     C   22       -0.022568       -0.138959        0.130220

     C   23       -0.165181        0.005912       -0.028137
     C   23        0.005912        0.093887       -0.173825
     C   23       -0.028137       -0.173825        0.071294

     Cl  24       -0.432008        1.545302       -0.101534
     Cl  24        1.545302       -0.214761       -1.740733
     Cl  24       -0.101534       -1.740733        0.646769

     ----- total EFG -----
     Cl   1        0.143939       -0.657010        0.323719
     Cl   1       -0.657010        1.684612        1.189862
     Cl   1        0.323719        1.189862       -1.828551

     C    2       -0.720576        0.238922       -0.134758
     C    2        0.238922        0.648955        0.326079
     C    2       -0.134758        0.326079        0.071622

     C    3        0.243704       -0.234553        0.051615
     C    3       -0.234553        0.053245       -0.095836
     C    3        0.051615       -0.095836       -0.296949

     H    4        0.495112        0.129061        0.414479
     H    4        0.129061       -0.409129        0.392301
     H    4        0.414479        0.392301       -0.085983

     C    5       -0.321218       -0.011005        0.264407
     C    5       -0.011005        0.233563        0.178523
     C    5        0.264407        0.178523        0.087655

     H    6       -0.084718       -0.023163        0.051227
     H    6       -0.023163        0.430185        0.735757
     H    6        0.051227        0.735757       -0.345468

     H    7       -0.203142        0.062042        0.115871
     H    7        0.062042        0.440774       -0.474663
     H    7        0.115871       -0.474663       -0.237632

     C    8        0.359257       -0.079191       -0.029199
     C    8       -0.079191        0.214178        0.183715
     C    8       -0.029199        0.183715       -0.573434

     H    9        0.601138        0.115767        0.517263
     H    9        0.115767       -0.466906       -0.342115
     H    9        0.517263       -0.342115       -0.134232

     C   10       -0.130706        0.072683        0.070387
     C   10        0.072683        0.250133       -0.438659
     C   10        0.070387       -0.438659       -0.119427

     C   11        0.366553        0.098930       -0.138040
     C   11        0.098930        0.290172        0.231720
     C   11       -0.138040        0.231720       -0.656725

     Cl  12       -0.565480       -0.090810       -0.296170
     Cl  12       -0.090810        0.380245        1.036688
     Cl  12       -0.296170        1.036688        0.185236

     H   13       -0.073509        0.037867        0.107765
     H   13        0.037867        0.243564        0.141722
     H   13        0.107765        0.141722       -0.170055

     C   14       -0.033851       -0.316613       -0.067967
     C   14       -0.316613       -0.051492        0.018124
     C   14       -0.067967        0.018124        0.085343

     H   15        0.341377        0.023942        0.442284
     H   15        0.023942       -0.053755       -0.074226
     H   15        0.442284       -0.074226       -0.287622

     C   16       -0.238787       -0.067491       -0.251369
     C   16       -0.067491       -0.025185        0.248632
     C   16       -0.251369        0.248632        0.263972

     C   17        0.093270       -0.778966       -0.135850
     C   17       -0.778966        0.111319       -0.509184
     C   17       -0.135850       -0.509184       -0.204589

     Cl  18       -1.229232        0.088182       -0.263805
     Cl  18        0.088182        2.676389       -1.359920
     Cl  18       -0.263805       -1.359920       -1.447156

     H   19       -0.112297        0.091645       -0.145859
     H   19        0.091645        0.217715        0.054544
     H   19       -0.145859        0.054544       -0.105418

     C   20       -0.738437       -0.171568       -0.404170
     C   20       -0.171568        0.814841       -0.425644
     C   20       -0.404170       -0.425644       -0.076404

     H   21        0.230382       -0.274396        0.616290
     H   21       -0.274396        0.113622       -0.094187
     H   21        0.616290       -0.094187       -0.344004

     C   22        0.332358        0.110572       -0.105947
     C   22        0.110572       -0.424938       -0.166694
     C   22       -0.105947       -0.166694        0.092580

     C   23       -0.707058       -0.293520       -0.274878
     C   23       -0.293520        0.552887       -0.498000
     C   23       -0.274878       -0.498000        0.154172

     Cl  24       -0.247033        1.740876       -0.024383
     Cl  24        1.740876       -0.255849       -1.684646
     Cl  24       -0.024383       -1.684646        0.502881

     ----- total EFG (symmetrized) -----
     Cl   1        0.143939       -0.657010        0.323719
     Cl   1       -0.657010        1.684612        1.189862
     Cl   1        0.323719        1.189862       -1.828551

     C    2       -0.720576        0.238922       -0.134758
     C    2        0.238922        0.648955        0.326079
     C    2       -0.134758        0.326079        0.071622

     C    3        0.243704       -0.234553        0.051615
     C    3       -0.234553        0.053245       -0.095836
     C    3        0.051615       -0.095836       -0.296949

     H    4        0.495112        0.129061        0.414479
     H    4        0.129061       -0.409129        0.392301
     H    4        0.414479        0.392301       -0.085983

     C    5       -0.321218       -0.011005        0.264407
     C    5       -0.011005        0.233563        0.178523
     C    5        0.264407        0.178523        0.087655

     H    6       -0.084718       -0.023163        0.051227
     H    6       -0.023163        0.430185        0.735757
     H    6        0.051227        0.735757       -0.345468

     H    7       -0.203142        0.062042        0.115871
     H    7        0.062042        0.440774       -0.474663
     H    7        0.115871       -0.474663       -0.237632

     C    8        0.359257       -0.079191       -0.029199
     C    8       -0.079191        0.214178        0.183715
     C    8       -0.029199        0.183715       -0.573434

     H    9        0.601138        0.115767        0.517263
     H    9        0.115767       -0.466906       -0.342115
     H    9        0.517263       -0.342115       -0.134232

     C   10       -0.130706        0.072683        0.070387
     C   10        0.072683        0.250133       -0.438659
     C   10        0.070387       -0.438659       -0.119427

     C   11        0.366553        0.098930       -0.138040
     C   11        0.098930        0.290172        0.231720
     C   11       -0.138040        0.231720       -0.656725

     Cl  12       -0.565480       -0.090810       -0.296170
     Cl  12       -0.090810        0.380245        1.036688
     Cl  12       -0.296170        1.036688        0.185236

     H   13       -0.073509        0.037867        0.107765
     H   13        0.037867        0.243564        0.141722
     H   13        0.107765        0.141722       -0.170055

     C   14       -0.033851       -0.316613       -0.067967
     C   14       -0.316613       -0.051492        0.018124
     C   14       -0.067967        0.018124        0.085343

     H   15        0.341377        0.023942        0.442284
     H   15        0.023942       -0.053755       -0.074226
     H   15        0.442284       -0.074226       -0.287622

     C   16       -0.238787       -0.067491       -0.251369
     C   16       -0.067491       -0.025185        0.248632
     C   16       -0.251369        0.248632        0.263972

     C   17        0.093270       -0.778966       -0.135850
     C   17       -0.778966        0.111319       -0.509184
     C   17       -0.135850       -0.509184       -0.204589

     Cl  18       -1.229232        0.088182       -0.263805
     Cl  18        0.088182        2.676389       -1.359920
     Cl  18       -0.263805       -1.359920       -1.447156

     H   19       -0.112297        0.091645       -0.145859
     H   19        0.091645        0.217715        0.054544
     H   19       -0.145859        0.054544       -0.105418

     C   20       -0.738437       -0.171568       -0.404170
     C   20       -0.171568        0.814841       -0.425644
     C   20       -0.404170       -0.425644       -0.076404

     H   21        0.230382       -0.274396        0.616290
     H   21       -0.274396        0.113622       -0.094187
     H   21        0.616290       -0.094187       -0.344004

     C   22        0.332358        0.110572       -0.105947
     C   22        0.110572       -0.424938       -0.166694
     C   22       -0.105947       -0.166694        0.092580

     C   23       -0.707058       -0.293520       -0.274878
     C   23       -0.293520        0.552887       -0.498000
     C   23       -0.274878       -0.498000        0.154172

     Cl  24       -0.247033        1.740876       -0.024383
     Cl  24        1.740876       -0.255849       -1.684646
     Cl  24       -0.024383       -1.684646        0.502881


     NQR/NMR SPECTROSCOPIC PARAMETERS:
     Cl   1    Vxx=    0.1072    axis=(  0.943657  0.187208  0.272881)
     Cl   1    Vyy=    2.1924    axis=( -0.258558  0.931758  0.254903)
     Cl   1    Vzz=   -2.2997    axis=( -0.206539 -0.311097  0.927664)
     Cl   1  Q=        -8.1650 1e-30 m^2  Cq=        44.1176 MHz  eta= 0.90676

     C    2    Vxx=   -0.0096    axis=( -0.284310 -0.340615  0.896186)
     C    2    Vyy=   -0.8041    axis=( -0.952497  0.206792 -0.223578)
     C    2    Vzz=    0.8136    axis=( -0.109170 -0.917180 -0.383228)
     C    2  Q=         1.0000 1e-30 m^2  Cq=         1.9117 MHz  eta= 0.97650

     C    3    Vxx=   -0.0931    axis=(  0.579868  0.783944 -0.221774)
     C    3    Vyy=   -0.3216    axis=( -0.019265 -0.258942 -0.965701)
     C    3    Vzz=    0.4148    axis=( -0.814482  0.564252 -0.135050)
     C    3  Q=         1.0000 1e-30 m^2  Cq=         0.9745 MHz  eta= 0.55088

     H    4    Vxx=   -0.1013    axis=(  0.551485 -0.558473 -0.619655)
     H    4    Vyy=   -0.6873    axis=(  0.124443  0.789593 -0.600880)
     H    4    Vzz=    0.7886    axis=( -0.824850 -0.254265 -0.504947)
     H    4  Q=         1.0000 1e-30 m^2  Cq=         1.8530 MHz  eta= 0.74311

     C    5    Vxx=    0.0768    axis=(  0.425054 -0.666915  0.612008)
     C    5    Vyy=    0.3861    axis=( -0.228057 -0.733219 -0.640609)
     C    5    Vzz=   -0.4629    axis=(  0.875968  0.132721 -0.463752)
     C    5  Q=         1.0000 1e-30 m^2  Cq=        -1.0876 MHz  eta= 0.66836

     H    6    Vxx=   -0.0804    axis=(  0.996890 -0.046480  0.063636)
     H    6    Vyy=   -0.7938    axis=(  0.078498  0.514715 -0.853760)
     H    6    Vzz=    0.8741    axis=(  0.006928  0.856100  0.516763)
     H    6  Q=         1.0000 1e-30 m^2  Cq=         2.0538 MHz  eta= 0.81612

     H    7    Vxx=   -0.1510    axis=(  0.929378  0.166733  0.329329)
     H    7    Vyy=   -0.5340    axis=( -0.369122  0.425758  0.826123)
     H    7    Vzz=    0.6850    axis=( -0.002473 -0.889343  0.457235)
     H    7  Q=         1.0000 1e-30 m^2  Cq=         1.6094 MHz  eta= 0.55925

     C    8    Vxx=    0.2086    axis=(  0.484857  0.855271  0.182827)
     C    8    Vyy=    0.4058    axis=(  0.874515 -0.471290 -0.114501)
     C    8    Vzz=   -0.6143    axis=(  0.011765 -0.215401  0.976455)
     C    8  Q=         1.0000 1e-30 m^2  Cq=        -1.4434 MHz  eta= 0.32101

     H    9    Vxx=   -0.0768    axis=( -0.373356 -0.671846  0.639710)
     H    9    Vyy=   -0.7936    axis=( -0.287201  0.739405  0.608930)
     H    9    Vzz=    0.8704    axis=(  0.882112 -0.043622  0.469016)
     H    9  Q=         1.0000 1e-30 m^2  Cq=         2.0452 MHz  eta= 0.82349

     C   10    Vxx=   -0.1000    axis=(  0.952436  0.140852  0.270235)
     C   10    Vyy=   -0.4421    axis=( -0.302988  0.532621  0.790261)
     C   10    Vzz=    0.5420    axis=( -0.032623 -0.834551  0.549964)
     C   10  Q=         1.0000 1e-30 m^2  Cq=         1.2736 MHz  eta= 0.63108

     C   11    Vxx=    0.2980    axis=( -0.572376  0.774049  0.270617)
     C   11    Vyy=    0.4348    axis=(  0.807657  0.589207  0.022942)
     C   11    Vzz=   -0.7328    axis=(  0.141691 -0.231697  0.962414)
     C   11  Q=         1.0000 1e-30 m^2  Cq=        -1.7219 MHz  eta= 0.18664

     Cl  12    Vxx=   -0.5057    axis=(  0.841793  0.444562 -0.306186)
     Cl  12    Vyy=   -0.8554    axis=( -0.521901  0.525424 -0.671973)
     Cl  12    Vzz=    1.3611    axis=(  0.137856 -0.725461 -0.674316)
     Cl  12  Q=        -8.1650 1e-30 m^2  Cq=       -26.1121 MHz  eta= 0.25691

     H   13    Vxx=   -0.0395    axis=(  0.870489 -0.308508  0.383499)
     H   13    Vyy=   -0.2610    axis=(  0.455331  0.208934 -0.865460)
     H   13    Vzz=    0.3004    axis=(  0.186875  0.927992  0.322348)
     H   13  Q=         1.0000 1e-30 m^2  Cq=         0.7059 MHz  eta= 0.73735

     C   14    Vxx=    0.0697    axis=(  0.152161 -0.254756  0.954959)
     C   14    Vyy=    0.2924    axis=(  0.697306 -0.657071 -0.286395)
     C   14    Vzz=   -0.3621    axis=(  0.700436  0.709477  0.077662)
     C   14  Q=         1.0000 1e-30 m^2  Cq=        -0.8508 MHz  eta= 0.61513

     H   15    Vxx=   -0.0415    axis=(  0.091718  0.986886 -0.132831)
     H   15    Vyy=   -0.5283    axis=( -0.450958  0.160095  0.878070)
     H   15    Vzz=    0.5698    axis=(  0.887820 -0.020634  0.459728)
     H   15  Q=         1.0000 1e-30 m^2  Cq=         1.3389 MHz  eta= 0.85421

     C   16    Vxx=   -0.1466    axis=(  0.304996  0.885820 -0.349715)
     C   16    Vyy=   -0.3476    axis=( -0.894406  0.140290 -0.424684)
     C   16    Vzz=    0.4941    axis=( -0.327132  0.442315  0.835070)
     C   16  Q=         1.0000 1e-30 m^2  Cq=         1.1610 MHz  eta= 0.40672

     C   17    Vxx=    0.0131    axis=( -0.553683 -0.198052  0.808833)
     C   17    Vyy=    0.9505    axis=(  0.629065 -0.735910  0.250427)
     C   17    Vzz=   -0.9635    axis=(  0.545631  0.647465  0.532049)
     C   17  Q=         1.0000 1e-30 m^2  Cq=        -2.2640 MHz  eta= 0.97284

     Cl  18    Vxx=   -1.1609    axis=(  0.949758 -0.123715 -0.287497)
     Cl  18    Vyy=   -1.9296    axis=(  0.310771  0.263668  0.913182)
     Cl  18    Vzz=    3.0905    axis=( -0.037170 -0.956647  0.288868)
     Cl  18  Q=        -8.1650 1e-30 m^2  Cq=       -59.2888 MHz  eta= 0.24874

     H   19    Vxx=    0.0342    axis=( -0.664831  0.112523  0.738470)
     H   19    Vyy=    0.2424    axis=( -0.227755 -0.972053 -0.056928)
     H   19    Vzz=   -0.2766    axis=(  0.711426 -0.206038  0.671879)
     H   19  Q=         1.0000 1e-30 m^2  Cq=        -0.6499 MHz  eta= 0.75266

     C   20    Vxx=    0.0103    axis=(  0.505725 -0.316706 -0.802459)
     C   20    Vyy=    0.9855    axis=( -0.005659  0.928939 -0.370190)
     C   20    Vzz=   -0.9958    axis=(  0.862676  0.191756  0.467995)
     C   20  Q=         1.0000 1e-30 m^2  Cq=        -2.3398 MHz  eta= 0.97927

     H   21    Vxx=   -0.0064    axis=(  0.298037  0.909320  0.290363)
     H   21    Vyy=   -0.7425    axis=(  0.550173  0.084940 -0.830719)
     H   21    Vzz=    0.7489    axis=( -0.780054  0.407335 -0.474968)
     H   21  Q=         1.0000 1e-30 m^2  Cq=         1.7597 MHz  eta= 0.98294

     C   22    Vxx=    0.0756    axis=( -0.444203  0.193221 -0.874843)
     C   22    Vyy=    0.4058    axis=(  0.890713  0.200429 -0.407994)
     C   22    Vzz=   -0.4814    axis=( -0.096511  0.960466  0.261135)
     C   22  Q=         1.0000 1e-30 m^2  Cq=        -1.1310 MHz  eta= 0.68589

     C   23    Vxx=    0.0247    axis=( -0.467275  0.455022  0.758030)
     C   23    Vyy=    0.8954    axis=(  0.060841 -0.838809  0.541015)
     C   23    Vzz=   -0.9201    axis=( -0.882016 -0.298922 -0.364270)
     C   23  Q=         1.0000 1e-30 m^2  Cq=        -2.1618 MHz  eta= 0.94635

     Cl  24    Vxx=    0.1072    axis=(  0.703509  0.152852  0.694054)
     Cl  24    Vyy=    2.4062    axis=( -0.443895 -0.668160  0.597092)
     Cl  24    Vzz=   -2.5133    axis=(  0.555007 -0.728147 -0.402206)
     Cl  24  Q=        -8.1650 1e-30 m^2  Cq=        48.2168 MHz  eta= 0.91473

     Initialization:
     gipaw_setup  :      9.14s CPU     10.72s WALL (       1 calls)

     Linear response

     Apply operators

     Induced current

     Other routines
     efg          :      9.37s CPU     11.95s WALL (       1 calls)

     General routines
     calbec       :      3.24s CPU      4.41s WALL (      16 calls)
     fft          :      1.90s CPU      3.35s WALL (      15 calls)
     ffts         :      0.04s CPU      0.07s WALL (       2 calls)
     fftw         :      3.32s CPU      4.20s WALL (     672 calls)
     davcio       :      0.02s CPU      0.33s WALL (      32 calls)

     Parallel routines
     fft_scatter  :      2.60s CPU      4.77s WALL (     689 calls)

     Plugins

     GIPAW        :     61.45s CPU     72.56s WALL (       1 calls)
