
     Program QE v.6.0 (svn rev. 13079) starts on 28Dec2016 at  3:44:51 

     This program is part of the open-source Quantum ESPRESSO suite
     for quantum simulation of materials; please cite
         "P. Giannozzi et al., J. Phys.:Condens. Matter 21 395502 (2009);
          URL http://www.quantum-espresso.org", 
     in publications or presentations arising from this work. More details at
     http://www.quantum-espresso.org/quote

     Parallel version (MPI), running on     8 processors
     R & G space division:  proc/nbgrp/npool/nimage =       8

     ***** This is GIPAW svn revision unknown      *****

     Parallelizing q-star over 1 images

     Reading data from directory:
     /users/majewski/paradichlorobenzene/pbe/9_constraint/scratch/pbe.ecut100.np8.dt60.pcl2phi-129368.save
     Message from routine read_xml_file:
     file /users/majewski/paradichlorobenzene/pbe/9_constraint/scratch/pbe.ecut100.np8.dt60.pcl2phi-129368.save not guaranteed to be safe for post-processing

   Info: using nr1, nr2, nr3 values from input

   Info: using nr1, nr2, nr3 values from input

     IMPORTANT: XC functional enforced from input :
     Exchange-correlation      =  SLA  PW   PBX  PBC ( 1  4  3  4 0 0)
     Any further DFT definition will be discarded
     Please, verify this is what you really want

               file C.pbe-n-kjpaw_psl.1.0.0.UPF: wavefunction(s)  2S 2P renormalized
               file Cl.pbe-n-kjpaw_psl.1.0.0.UPF: wavefunction(s)  3S 3P renormalized
               file H.pbe-kjpaw_psl.1.0.0.UPF: wavefunction(s)  1S renormalized

     Parallelization info
     --------------------
     sticks:   dense  smooth     PW     G-vecs:    dense   smooth      PW
     Min        3057    1223    332               144436    36536    5170
     Max        3059    1225    333               144437    36537    5171
     Sum       24467    9791   2657              1155489   292295   41363


     Subspace diagonalization in iterative solution of the eigenvalue problem:
     a serial algorithm will be used

     GIPAW projectors -----------------------------------------------
     atom=  C    l=0  rc=    1.2000  rs=    0.8000
     atom=  C    l=0  rc=    1.2000  rs=    0.8000
     atom=  C    l=1  rc=    1.4000  rs=    0.9333
     atom=  C    l=1  rc=    1.4000  rs=    0.9333
     projs nearly linearly dependent: l=1  n1,n2= 1, 2  s=  0.99951561

     atom=  Cl   l=0  rc=    1.6000  rs=    1.0667
     atom=  Cl   l=0  rc=    1.6000  rs=    1.0667
     atom=  Cl   l=1  rc=    1.6000  rs=    1.0667
     atom=  Cl   l=1  rc=    1.6000  rs=    1.0667
     atom=  Cl   l=2  rc=    1.6000  rs=    1.0667
     atom=  Cl   l=2  rc=    1.6000  rs=    1.0667
     projs nearly linearly dependent: l=2  n1,n2= 1, 2  s=  0.99993509

     atom=  H    l=0  rc=    1.0000  rs=    0.6667
     atom=  H    l=0  rc=    1.0000  rs=    0.6667
     projs nearly linearly dependent: l=0  n1,n2= 1, 2  s=  0.99968852
     -----------------------------------------------------------------

     GIPAW integrals: -------------------------------------------
     Atom  i/j   nmr_para   nmr_dia   epr_rmc  epr_para   epr_dia
       C   1 1   0.83E+03  0.17E-01  0.93E+01  0.24E+08  0.24E+03
       C   2 1   0.86E+03 -0.61E-01  0.94E+01  0.25E+08  0.25E+03
       C   2 2   0.90E+03 -0.15E+00  0.97E+01  0.26E+08  0.26E+03
       C   3 3   0.33E+01  0.34E+00  0.18E+01  0.55E+03  0.21E+02
       C   4 3   0.35E+01  0.37E+00  0.20E+01  0.59E+03  0.22E+02
       C   4 4   0.38E+01  0.39E+00  0.22E+01  0.63E+03  0.24E+02
       Cl  1 1   0.14E+04 -0.47E+00  0.84E+01  0.32E+09  0.42E+03
       Cl  2 1   0.21E+04 -0.37E+00  0.12E+02  0.49E+09  0.65E+03
       Cl  2 2   0.33E+04 -0.16E+00  0.21E+02  0.76E+09  0.10E+04
       Cl  3 3   0.21E+02  0.79E-01  0.89E+01  0.23E+05  0.13E+03
       Cl  4 3   0.24E+02  0.67E-01  0.99E+01  0.27E+05  0.15E+03
       Cl  4 4   0.28E+02  0.44E-01  0.11E+02  0.32E+05  0.18E+03
       Cl  5 5   0.77E+00  0.19E+00  0.18E+01  0.12E+03  0.22E+02
       Cl  6 5   0.80E+00  0.19E+00  0.19E+01  0.12E+03  0.23E+02
       Cl  6 6   0.83E+00  0.20E+00  0.19E+01  0.12E+03  0.23E+02
       H   1 1   0.39E+02  0.19E+00  0.29E+00  0.78E+05  0.13E+02
       H   2 1   0.41E+02  0.21E+00  0.32E+00  0.82E+05  0.14E+02
       H   2 2   0.43E+02  0.22E+00  0.36E+00  0.86E+05  0.15E+02
     ------------------------------------------------------------

     alpha_pv=     33.7225 eV

     Number of occupied bands for each k-point:
     k-point:     1    nbnd_occ=  42
     k-point:     2    nbnd_occ=  42
     k-point:     3    nbnd_occ=  42
     k-point:     4    nbnd_occ=  42
     k-point:     5    nbnd_occ=  42
     k-point:     6    nbnd_occ=  42
     k-point:     7    nbnd_occ=  42
     k-point:     8    nbnd_occ=  42
     k-point:     9    nbnd_occ=  42
     k-point:    10    nbnd_occ=  42
     k-point:    11    nbnd_occ=  42
     k-point:    12    nbnd_occ=  42
     k-point:    13    nbnd_occ=  42
     k-point:    14    nbnd_occ=  42
     k-point:    15    nbnd_occ=  42
     k-point:    16    nbnd_occ=  42


     q-space interpolation up to   110.00 Rydberg

     GIPAW job: efg                                                                             


     ELECTRIC FIELD GRADIENTS TENSORS IN Hartree/bohrradius^2:

     ----- bare term -----
     Cl   1       -0.077183        0.006689       -0.038069
     Cl   1        0.006689       -0.061278       -0.023766
     Cl   1       -0.038069       -0.023766        0.138461

     C    2       -0.236181        0.091733       -0.443324
     C    2        0.091733        0.010635       -0.422392
     C    2       -0.443324       -0.422392        0.225546

     C    3        0.042262        0.489510       -0.176704
     C    3        0.489510       -0.253578       -0.527376
     C    3       -0.176704       -0.527376        0.211316

     H    4        0.074084       -0.113818       -0.232512
     H    4       -0.113818        0.500313        0.012463
     H    4       -0.232512        0.012463       -0.574397

     C    5       -0.369648        0.300260       -0.512041
     C    5        0.300260        0.254193       -0.239249
     C    5       -0.512041       -0.239249        0.115455

     H    6        0.088786       -0.040543        0.360017
     H    6       -0.040543        0.007753       -0.405619
     H    6        0.360017       -0.405619       -0.096539

     H    7        0.423017        0.160357        0.005350
     H    7        0.160357       -0.606445        0.255461
     H    7        0.005350        0.255461        0.183428

     C    8       -0.592639       -0.190183       -0.380182
     C    8       -0.190183        0.020906        0.271776
     C    8       -0.380182        0.271776        0.571733

     H    9       -0.454973        0.357180       -0.300908
     H    9        0.357180        0.259169        0.083186
     H    9       -0.300908        0.083186        0.195804

     C   10       -0.127969       -0.288282       -0.109409
     C   10       -0.288282       -0.511194        0.484234
     C   10       -0.109409        0.484234        0.639163

     C   11       -0.405462        0.022151       -0.304303
     C   11        0.022151       -0.022957        0.365762
     C   11       -0.304303        0.365762        0.428419

     Cl  12       -0.070136       -0.031328       -0.127534
     Cl  12       -0.031328       -0.060712        0.110033
     Cl  12       -0.127534        0.110033        0.130848

     H   13        0.449243       -0.017063        0.078999
     H   13       -0.017063        0.143015       -0.189118
     H   13        0.078999       -0.189118       -0.592259

     C   14       -0.221344        0.222188       -0.142720
     C   14        0.222188       -0.142412       -0.326955
     C   14       -0.142720       -0.326955        0.363756

     H   15        0.152392       -0.071938       -0.250445
     H   15       -0.071938        0.400658        0.019139
     H   15       -0.250445        0.019139       -0.553050

     C   16       -0.128043        0.125421       -0.142972
     C   16        0.125421        0.000441       -0.166533
     C   16       -0.142972       -0.166533        0.127601

     C   17       -0.015178        0.356564        0.007121
     C   17        0.356564       -0.491223       -0.422624
     C   17        0.007121       -0.422624        0.506401

     Cl  18       -0.047296        0.059087       -0.091385
     Cl  18        0.059087        0.048018       -0.118856
     Cl  18       -0.091385       -0.118856       -0.000722

     H   19        0.454096        0.221408        0.021353
     H   19        0.221408       -0.763843        0.027310
     H   19        0.021353        0.027310        0.309747

     C   20       -0.140668       -0.409641       -0.198379
     C   20       -0.409641       -0.189415        0.444677
     C   20       -0.198379        0.444677        0.330083

     H   21       -0.417947        0.534322       -0.018381
     H   21        0.534322        0.102047       -0.080053
     H   21       -0.018381       -0.080053        0.315901

     C   22       -0.169644       -0.238772       -0.392703
     C   22       -0.238772       -0.170574        0.475051
     C   22       -0.392703        0.475051        0.340218

     C   23       -0.058662       -0.287717       -0.225556
     C   23       -0.287717       -0.238142        0.505972
     C   23       -0.225556        0.505972        0.296804

     Cl  24        0.004274        0.028020       -0.070016
     Cl  24        0.028020       -0.021621        0.030882
     Cl  24       -0.070016        0.030882        0.017347

     ----- ionic term -----
     Cl   1        0.153432       -0.216568        0.039751
     Cl   1       -0.216568       -0.016383       -0.018495
     Cl   1        0.039751       -0.018495       -0.137049

     C    2        0.073396       -0.292136        0.307476
     C    2       -0.292136       -0.032673        0.362062
     C    2        0.307476        0.362062       -0.040723

     C    3        0.037379       -0.274735        0.219667
     C    3       -0.274735        0.048100        0.402286
     C    3        0.219667        0.402286       -0.085479

     H    4        0.222634        0.253958        0.753911
     H    4        0.253958       -0.443289        0.325639
     H    4        0.753911        0.325639        0.220655

     C    5        0.202820       -0.276701        0.336383
     C    5       -0.276701       -0.080189        0.258997
     C    5        0.336383        0.258997       -0.122631

     H    6       -0.501993       -0.070918       -0.002384
     H    6       -0.070918        0.437299        0.764562
     H    6       -0.002384        0.764562        0.064694

     H    7       -0.488349       -0.157562        0.092076
     H    7       -0.157562        0.755759       -0.621559
     H    7        0.092076       -0.621559       -0.267410

     C    8        0.363619        0.138236        0.196483
     C    8        0.138236        0.070149       -0.287549
     C    8        0.196483       -0.287549       -0.433768

     H    9        0.548732       -0.365730        0.661983
     H    9       -0.365730       -0.385372       -0.294821
     H    9        0.661983       -0.294821       -0.163360

     C   10        0.166510        0.168821        0.159532
     C   10        0.168821        0.200113       -0.402415
     C   10        0.159532       -0.402415       -0.366622

     C   11        0.286038        0.012643        0.221611
     C   11        0.012643        0.112884       -0.398038
     C   11        0.221611       -0.398038       -0.398923

     Cl  12        0.157321        0.176282       -0.000602
     Cl  12        0.176282       -0.024844       -0.006249
     Cl  12       -0.000602       -0.006249       -0.132477

     H   13       -0.547790        0.006882        0.020664
     H   13        0.006882        0.261084        0.797070
     H   13        0.020664        0.797070        0.286706

     C   14        0.110145       -0.284755        0.304144
     C   14       -0.284755       -0.087652        0.257124
     C   14        0.304144        0.257124       -0.022493

     H   15        0.173940        0.202097        0.791744
     H   15        0.202097       -0.496857        0.282649
     H   15        0.791744        0.282649        0.322917

     C   16       -0.011948       -0.328003        0.176562
     C   16       -0.328003        0.015585        0.408578
     C   16        0.176562        0.408578       -0.003637

     C   17        0.032329       -0.330587        0.240747
     C   17       -0.330587        0.007037        0.427511
     C   17        0.240747        0.427511       -0.039367

     Cl  18        0.079018       -0.238091        0.000808
     Cl  18       -0.238091        0.064651        0.003762
     Cl  18        0.000808        0.003762       -0.143669

     H   19       -0.519182       -0.071292        0.015021
     H   19       -0.071292        0.905844       -0.503885
     H   19        0.015021       -0.503885       -0.386662

     C   20        0.322173        0.078665        0.170928
     C   20        0.078665        0.121648       -0.293112
     C   20        0.170928       -0.293112       -0.443821

     H   21        0.638516       -0.467377        0.532948
     H   21       -0.467377       -0.304212       -0.272152
     H   21        0.532948       -0.272152       -0.334304

     C   22        0.152207        0.123861        0.111763
     C   22        0.123861        0.268084       -0.391007
     C   22        0.111763       -0.391007       -0.420290

     C   23        0.247980        0.146053        0.191127
     C   23        0.146053        0.206344       -0.361431
     C   23        0.191127       -0.361431       -0.454324

     Cl  24        0.129612        0.218667       -0.003495
     Cl  24        0.218667        0.023635       -0.007980
     Cl  24       -0.003495       -0.007980       -0.153247

     ----- GIPAW term -----
     Cl   1        0.787481       -2.218166       -0.246355
     Cl   1       -2.218166       -0.361828       -0.224784
     Cl   1       -0.246355       -0.224784       -0.425653

     C    2        0.058509       -0.047432       -0.074541
     C    2       -0.047432        0.042086       -0.052454
     C    2       -0.074541       -0.052454       -0.100595

     C    3        0.015013        0.189699       -0.120374
     C    3        0.189699       -0.002584       -0.167455
     C    3       -0.120374       -0.167455       -0.012430

     H    4       -0.000000        0.000000        0.000000
     H    4        0.000000        0.000000        0.000000
     H    4        0.000000        0.000000        0.000000

     C    5        0.088113        0.213463       -0.080570
     C    5        0.213463        0.043518       -0.025298
     C    5       -0.080570       -0.025298       -0.131630

     H    6       -0.000000        0.000000        0.000000
     H    6        0.000000        0.000000        0.000000
     H    6        0.000000        0.000000        0.000000

     H    7       -0.000000        0.000000        0.000000
     H    7        0.000000        0.000000        0.000000
     H    7        0.000000        0.000000        0.000000

     C    8       -0.139918       -0.029701       -0.020676
     C    8       -0.029701       -0.047720        0.016636
     C    8       -0.020676        0.016636        0.187638

     H    9       -0.000000        0.000000        0.000000
     H    9        0.000000        0.000000        0.000000
     H    9        0.000000        0.000000        0.000000

     C   10       -0.116477       -0.033446       -0.022687
     C   10       -0.033446       -0.175665        0.055183
     C   10       -0.022687        0.055183        0.292142

     C   11       -0.038533        0.105000        0.044953
     C   11        0.105000       -0.063997       -0.004875
     C   11        0.044953       -0.004875        0.102529

     Cl  12        0.646339        1.590027       -1.395155
     Cl  12        1.590027       -0.709025        1.028170
     Cl  12       -1.395155        1.028170        0.062686

     H   13       -0.000000        0.000000        0.000000
     H   13        0.000000        0.000000        0.000000
     H   13        0.000000        0.000000        0.000000

     C   14       -0.104167        0.031689       -0.051103
     C   14        0.031689       -0.119544       -0.126480
     C   14       -0.051103       -0.126480        0.223712

     H   15       -0.000000        0.000000        0.000000
     H   15        0.000000        0.000000        0.000000
     H   15        0.000000        0.000000        0.000000

     C   16       -0.084207        0.000091       -0.031849
     C   16        0.000091       -0.033011       -0.061393
     C   16       -0.031849       -0.061393        0.117219

     C   17        0.063118       -0.006739        0.161405
     C   17       -0.006739       -0.173218        0.000715
     C   17        0.161405        0.000715        0.110100

     Cl  18        0.827232       -1.556964       -0.687163
     Cl  18       -1.556964        0.617919       -1.097425
     Cl  18       -0.687163       -1.097425       -1.445151

     H   19       -0.000000        0.000000        0.000000
     H   19        0.000000        0.000000        0.000000
     H   19        0.000000        0.000000        0.000000

     C   20        0.023683       -0.180853       -0.017964
     C   20       -0.180853        0.007081        0.099756
     C   20       -0.017964        0.099756       -0.030764

     H   21       -0.000000        0.000000        0.000000
     H   21        0.000000        0.000000        0.000000
     H   21        0.000000        0.000000        0.000000

     C   22       -0.007258       -0.112879       -0.212099
     C   22       -0.112879       -0.044694        0.149291
     C   22       -0.212099        0.149291        0.051952

     C   23        0.149436        0.022097       -0.039715
     C   23        0.022097       -0.065550        0.077081
     C   23       -0.039715        0.077081       -0.083887

     Cl  24        1.415198        2.343734       -0.590365
     Cl  24        2.343734       -0.130728        0.237567
     Cl  24       -0.590365        0.237567       -1.284470

     ----- total EFG -----
     Cl   1        0.863730       -2.428046       -0.244673
     Cl   1       -2.428046       -0.439488       -0.267046
     Cl   1       -0.244673       -0.267046       -0.424241

     C    2       -0.104277       -0.247834       -0.210389
     C    2       -0.247834        0.020048       -0.112783
     C    2       -0.210389       -0.112783        0.084228

     C    3        0.094654        0.404474       -0.077412
     C    3        0.404474       -0.208062       -0.292545
     C    3       -0.077412       -0.292545        0.113408

     H    4        0.296718        0.140140        0.521399
     H    4        0.140140        0.057024        0.338103
     H    4        0.521399        0.338103       -0.353742

     C    5       -0.078715        0.237022       -0.256228
     C    5        0.237022        0.217522       -0.005550
     C    5       -0.256228       -0.005550       -0.138807

     H    6       -0.413207       -0.111461        0.357633
     H    6       -0.111461        0.445052        0.358943
     H    6        0.357633        0.358943       -0.031844

     H    7       -0.065332        0.002795        0.097426
     H    7        0.002795        0.149314       -0.366099
     H    7        0.097426       -0.366099       -0.083982

     C    8       -0.368938       -0.081648       -0.204376
     C    8       -0.081648        0.043335        0.000862
     C    8       -0.204376        0.000862        0.325603

     H    9        0.093759       -0.008549        0.361075
     H    9       -0.008549       -0.126203       -0.211636
     H    9        0.361075       -0.211636        0.032443

     C   10       -0.077936       -0.152907        0.027436
     C   10       -0.152907       -0.486747        0.137002
     C   10        0.027436        0.137002        0.564683

     C   11       -0.157956        0.139795       -0.037739
     C   11        0.139795        0.025931       -0.037151
     C   11       -0.037739       -0.037151        0.132025

     Cl  12        0.733525        1.734981       -1.523291
     Cl  12        1.734981       -0.794581        1.131954
     Cl  12       -1.523291        1.131954        0.061056

     H   13       -0.098547       -0.010181        0.099662
     H   13       -0.010181        0.404099        0.607952
     H   13        0.099662        0.607952       -0.305553

     C   14       -0.215366       -0.030878        0.110320
     C   14       -0.030878       -0.349608       -0.196311
     C   14        0.110320       -0.196311        0.564974

     H   15        0.326332        0.130158        0.541299
     H   15        0.130158       -0.096199        0.301788
     H   15        0.541299        0.301788       -0.230133

     C   16       -0.224198       -0.202492        0.001741
     C   16       -0.202492       -0.016985        0.180652
     C   16        0.001741        0.180652        0.241183

     C   17        0.080269        0.019238        0.409273
     C   17        0.019238       -0.657404        0.005602
     C   17        0.409273        0.005602        0.577134

     Cl  18        0.858954       -1.735968       -0.777740
     Cl  18       -1.735968        0.730589       -1.212519
     Cl  18       -0.777740       -1.212519       -1.589542

     H   19       -0.065087        0.150116        0.036374
     H   19        0.150116        0.142001       -0.476575
     H   19        0.036374       -0.476575       -0.076914

     C   20        0.205187       -0.511828       -0.045414
     C   20       -0.511828       -0.060685        0.251321
     C   20       -0.045414        0.251321       -0.144502

     H   21        0.220569        0.066945        0.514567
     H   21        0.066945       -0.202166       -0.352205
     H   21        0.514567       -0.352205       -0.018403

     C   22       -0.024695       -0.227790       -0.493039
     C   22       -0.227790        0.052815        0.233335
     C   22       -0.493039        0.233335       -0.028120

     C   23        0.338755       -0.119567       -0.074144
     C   23       -0.119567       -0.097348        0.221621
     C   23       -0.074144        0.221621       -0.241407

     Cl  24        1.549084        2.590422       -0.663877
     Cl  24        2.590422       -0.128714        0.260469
     Cl  24       -0.663877        0.260469       -1.420370

     ----- total EFG (symmetrized) -----
     Cl   1        0.863730       -2.428046       -0.244673
     Cl   1       -2.428046       -0.439488       -0.267046
     Cl   1       -0.244673       -0.267046       -0.424241

     C    2       -0.104277       -0.247834       -0.210389
     C    2       -0.247834        0.020048       -0.112783
     C    2       -0.210389       -0.112783        0.084228

     C    3        0.094654        0.404474       -0.077412
     C    3        0.404474       -0.208062       -0.292545
     C    3       -0.077412       -0.292545        0.113408

     H    4        0.296718        0.140140        0.521399
     H    4        0.140140        0.057024        0.338103
     H    4        0.521399        0.338103       -0.353742

     C    5       -0.078715        0.237022       -0.256228
     C    5        0.237022        0.217522       -0.005550
     C    5       -0.256228       -0.005550       -0.138807

     H    6       -0.413207       -0.111461        0.357633
     H    6       -0.111461        0.445052        0.358943
     H    6        0.357633        0.358943       -0.031844

     H    7       -0.065332        0.002795        0.097426
     H    7        0.002795        0.149314       -0.366099
     H    7        0.097426       -0.366099       -0.083982

     C    8       -0.368938       -0.081648       -0.204376
     C    8       -0.081648        0.043335        0.000862
     C    8       -0.204376        0.000862        0.325603

     H    9        0.093759       -0.008549        0.361075
     H    9       -0.008549       -0.126203       -0.211636
     H    9        0.361075       -0.211636        0.032443

     C   10       -0.077936       -0.152907        0.027436
     C   10       -0.152907       -0.486747        0.137002
     C   10        0.027436        0.137002        0.564683

     C   11       -0.157956        0.139795       -0.037739
     C   11        0.139795        0.025931       -0.037151
     C   11       -0.037739       -0.037151        0.132025

     Cl  12        0.733525        1.734981       -1.523291
     Cl  12        1.734981       -0.794581        1.131954
     Cl  12       -1.523291        1.131954        0.061056

     H   13       -0.098547       -0.010181        0.099662
     H   13       -0.010181        0.404099        0.607952
     H   13        0.099662        0.607952       -0.305553

     C   14       -0.215366       -0.030878        0.110320
     C   14       -0.030878       -0.349608       -0.196311
     C   14        0.110320       -0.196311        0.564974

     H   15        0.326332        0.130158        0.541299
     H   15        0.130158       -0.096199        0.301788
     H   15        0.541299        0.301788       -0.230133

     C   16       -0.224198       -0.202492        0.001741
     C   16       -0.202492       -0.016985        0.180652
     C   16        0.001741        0.180652        0.241183

     C   17        0.080269        0.019238        0.409273
     C   17        0.019238       -0.657404        0.005602
     C   17        0.409273        0.005602        0.577134

     Cl  18        0.858954       -1.735968       -0.777740
     Cl  18       -1.735968        0.730589       -1.212519
     Cl  18       -0.777740       -1.212519       -1.589542

     H   19       -0.065087        0.150116        0.036374
     H   19        0.150116        0.142001       -0.476575
     H   19        0.036374       -0.476575       -0.076914

     C   20        0.205187       -0.511828       -0.045414
     C   20       -0.511828       -0.060685        0.251321
     C   20       -0.045414        0.251321       -0.144502

     H   21        0.220569        0.066945        0.514567
     H   21        0.066945       -0.202166       -0.352205
     H   21        0.514567       -0.352205       -0.018403

     C   22       -0.024695       -0.227790       -0.493039
     C   22       -0.227790        0.052815        0.233335
     C   22       -0.493039        0.233335       -0.028120

     C   23        0.338755       -0.119567       -0.074144
     C   23       -0.119567       -0.097348        0.221621
     C   23       -0.074144        0.221621       -0.241407

     Cl  24        1.549084        2.590422       -0.663877
     Cl  24        2.590422       -0.128714        0.260469
     Cl  24       -0.663877        0.260469       -1.420370


     NQR/NMR SPECTROSCOPIC PARAMETERS:
     Cl   1    Vxx=   -0.3576    axis=( -0.103043 -0.150905  0.983163)
     Cl   1    Vyy=   -2.3688    axis=(  0.599289  0.779464  0.182450)
     Cl   1    Vzz=    2.7264    axis=( -0.793873  0.607999  0.010117)
     Cl   1  Q=        -8.1650 1e-30 m^2  Cq=       -52.3046 MHz  eta= 0.73767

     C    2    Vxx=    0.1675    axis=( -0.100850  0.705824 -0.701172)
     C    2    Vyy=    0.2427    axis=(  0.677907 -0.467088 -0.567690)
     C    2    Vzz=   -0.4102    axis=( -0.728198 -0.532581 -0.431377)
     C    2  Q=         1.0000 1e-30 m^2  Cq=        -0.9637 MHz  eta= 0.18326

     C    3    Vxx=    0.0325    axis=( -0.607574 -0.058261 -0.792123)
     C    3    Vyy=    0.5194    axis=(  0.634152  0.564902 -0.527956)
     C    3    Vzz=   -0.5519    axis=( -0.478231  0.823099  0.306274)
     C    3  Q=         1.0000 1e-30 m^2  Cq=        -1.2968 MHz  eta= 0.88218

     H    4    Vxx=   -0.0018    axis=(  0.512541 -0.856324 -0.063334)
     H    4    Vyy=   -0.7160    axis=( -0.402315 -0.304652  0.863325)
     H    4    Vzz=    0.7179    axis=( -0.758580 -0.417009 -0.500659)
     H    4  Q=         1.0000 1e-30 m^2  Cq=         1.6867 MHz  eta= 0.99485

     C    5    Vxx=    0.0217    axis=(  0.447896 -0.561947 -0.695418)
     C    5    Vyy=    0.3865    axis=(  0.553257  0.785197 -0.278160)
     C    5    Vzz=   -0.4082    axis=(  0.702351 -0.260158  0.662587)
     C    5  Q=         1.0000 1e-30 m^2  Cq=        -0.9592 MHz  eta= 0.89351

     H    6    Vxx=    0.0578    axis=(  0.606890 -0.439263  0.662369)
     H    6    Vyy=    0.6431    axis=(  0.078333  0.862394  0.500141)
     H    6    Vzz=   -0.7009    axis=(  0.790916  0.251645 -0.557787)
     H    6  Q=         1.0000 1e-30 m^2  Cq=        -1.6468 MHz  eta= 0.83509

     H    7    Vxx=   -0.0504    axis=(  0.959991  0.242671  0.139739)
     H    7    Vyy=   -0.3728    axis=( -0.255664  0.555945  0.790925)
     H    7    Vzz=    0.4233    axis=(  0.114247 -0.795007  0.595744)
     H    7  Q=         1.0000 1e-30 m^2  Cq=         0.9945 MHz  eta= 0.76164

     C    8    Vxx=    0.0547    axis=( -0.138024  0.984604 -0.107257)
     C    8    Vyy=    0.3828    axis=(  0.268539 -0.067034 -0.960934)
     C    8    Vzz=   -0.4375    axis=( -0.953329 -0.161434 -0.255152)
     C    8  Q=         1.0000 1e-30 m^2  Cq=        -1.0279 MHz  eta= 0.74998

     H    9    Vxx=   -0.0720    axis=(  0.540699  0.809424 -0.229080)
     H    9    Vyy=   -0.3932    axis=( -0.499760  0.528138  0.686521)
     H    9    Vzz=    0.4652    axis=( -0.676672  0.256716 -0.690081)
     H    9  Q=         1.0000 1e-30 m^2  Cq=         1.0931 MHz  eta= 0.69040

     C   10    Vxx=   -0.0275    axis=(  0.950843 -0.308467  0.027310)
     C   10    Vyy=   -0.5548    axis=(  0.309433  0.942935 -0.122980)
     C   10    Vzz=    0.5823    axis=(  0.012184  0.125386  0.992033)
     C   10  Q=         1.0000 1e-30 m^2  Cq=         1.3683 MHz  eta= 0.90541

     C   11    Vxx=    0.0641    axis=(  0.354748  0.723332  0.592406)
     C   11    Vyy=    0.1699    axis=( -0.308892 -0.507364  0.804467)
     C   11    Vzz=   -0.2340    axis=( -0.882462  0.468373 -0.043446)
     C   11  Q=         1.0000 1e-30 m^2  Cq=        -0.5498 MHz  eta= 0.45246

     Cl  12    Vxx=    0.8099    axis=( -0.123547 -0.657786 -0.743004)
     Cl  12    Vyy=    2.1848    axis=( -0.841781 -0.327024  0.429488)
     Cl  12    Vzz=   -2.9946    axis=( -0.525491  0.678508 -0.513309)
     Cl  12  Q=        -8.1650 1e-30 m^2  Cq=        57.4507 MHz  eta= 0.45911

     H   13    Vxx=   -0.0858    axis=(  0.986174 -0.120576  0.113680)
     H   13    Vyy=   -0.6693    axis=(  0.158591  0.487709 -0.858480)
     H   13    Vzz=    0.7552    axis=(  0.048069  0.864639  0.500088)
     H   13  Q=         1.0000 1e-30 m^2  Cq=         1.7743 MHz  eta= 0.77273

     C   14    Vxx=   -0.2306    axis=(  0.989552 -0.021598 -0.142551)
     C   14    Vyy=   -0.3904    axis=(  0.049547  0.979443  0.195543)
     C   14    Vzz=    0.6209    axis=(  0.135397 -0.200563  0.970279)
     C   14  Q=         1.0000 1e-30 m^2  Cq=         1.4590 MHz  eta= 0.25731

     H   15    Vxx=   -0.1101    axis=(  0.454493 -0.877061 -0.155565)
     H   15    Vyy=   -0.6351    axis=(  0.418881  0.364573 -0.831640)
     H   15    Vzz=    0.7452    axis=(  0.786114  0.312811  0.533080)
     H   15  Q=         1.0000 1e-30 m^2  Cq=         1.7509 MHz  eta= 0.70445

     C   16    Vxx=    0.0139    axis=( -0.557918  0.651709 -0.513812)
     C   16    Vyy=    0.3506    axis=( -0.177502  0.511093  0.840998)
     C   16    Vzz=   -0.3645    axis=(  0.810692  0.560410 -0.169468)
     C   16  Q=         1.0000 1e-30 m^2  Cq=        -0.8565 MHz  eta= 0.92353

     C   17    Vxx=   -0.1497    axis=(  0.870929  0.027587 -0.490635)
     C   17    Vyy=   -0.6579    axis=( -0.028833  0.999572  0.005021)
     C   17    Vzz=    0.8076    axis=(  0.490563  0.009774  0.871351)
     C   17  Q=         1.0000 1e-30 m^2  Cq=         1.8976 MHz  eta= 0.62932

     Cl  18    Vxx=    0.1705    axis=(  0.596587  0.513086 -0.617112)
     Cl  18    Vyy=    2.5541    axis=( -0.695465  0.714262 -0.078474)
     Cl  18    Vzz=   -2.7245    axis=(  0.400516  0.475996  0.782953)
     Cl  18  Q=        -8.1650 1e-30 m^2  Cq=        52.2690 MHz  eta= 0.87487

     H   19    Vxx=   -0.0448    axis=(  0.946688  0.050821  0.318118)
     H   19    Vyy=   -0.4920    axis=( -0.279969  0.618300  0.734385)
     H   19    Vzz=    0.5368    axis=( -0.159370 -0.784297  0.599566)
     H   19  Q=         1.0000 1e-30 m^2  Cq=         1.2613 MHz  eta= 0.83307

     C   20    Vxx=   -0.1105    axis=(  0.447497  0.198680  0.871936)
     C   20    Vyy=   -0.5375    axis=( -0.495387 -0.756673  0.426659)
     C   20    Vzz=    0.6480    axis=( -0.744539  0.622874  0.240185)
     C   20  Q=         1.0000 1e-30 m^2  Cq=         1.5226 MHz  eta= 0.65883

     H   21    Vxx=   -0.0064    axis=(  0.527047  0.781393 -0.334136)
     H   21    Vyy=   -0.6588    axis=( -0.441491  0.587708  0.678001)
     H   21    Vzz=    0.6652    axis=(  0.726159 -0.209820  0.654728)
     H   21  Q=         1.0000 1e-30 m^2  Cq=         1.5629 MHz  eta= 0.98075

     C   22    Vxx=   -0.1264    axis=(  0.348312  0.876243 -0.332983)
     C   22    Vyy=   -0.5195    axis=( -0.703579  0.009659 -0.710551)
     C   22    Vzz=    0.6459    axis=(  0.619399 -0.481774 -0.619870)
     C   22  Q=         1.0000 1e-30 m^2  Cq=         1.5176 MHz  eta= 0.60860

     C   23    Vxx=    0.0048    axis=(  0.387036  0.740198  0.549828)
     C   23    Vyy=    0.3978    axis=(  0.921947 -0.320175 -0.217947)
     C   23    Vzz=   -0.4026    axis=( -0.014717 -0.591266  0.806343)
     C   23  Q=         1.0000 1e-30 m^2  Cq=        -0.9459 MHz  eta= 0.97637

     Cl  24    Vxx=   -1.0698    axis=(  0.257425 -0.475798 -0.841040)
     Cl  24    Vyy=   -2.3938    axis=(  0.524945 -0.661878  0.535117)
     Cl  24    Vzz=    3.4636    axis=( -0.811274 -0.579252  0.079384)
     Cl  24  Q=        -8.1650 1e-30 m^2  Cq=       -66.4477 MHz  eta= 0.38225

     Initialization:
     gipaw_setup  :      9.31s CPU     10.96s WALL (       1 calls)

     Linear response

     Apply operators

     Induced current

     Other routines
     efg          :      9.53s CPU     11.92s WALL (       1 calls)

     General routines
     calbec       :      3.32s CPU      4.28s WALL (      16 calls)
     fft          :      1.76s CPU      3.26s WALL (      15 calls)
     ffts         :      0.04s CPU      0.05s WALL (       2 calls)
     fftw         :      3.46s CPU      4.15s WALL (     672 calls)
     davcio       :      0.02s CPU      0.31s WALL (      32 calls)

     Parallel routines
     fft_scatter  :      2.43s CPU      4.20s WALL (     689 calls)

     Plugins

     GIPAW        :     61.76s CPU     75.39s WALL (       1 calls)
