
     Program QE v.6.0 (svn rev. 13079) starts on  9Jan2017 at 18:31:17 

     This program is part of the open-source Quantum ESPRESSO suite
     for quantum simulation of materials; please cite
         "P. Giannozzi et al., J. Phys.:Condens. Matter 21 395502 (2009);
          URL http://www.quantum-espresso.org", 
     in publications or presentations arising from this work. More details at
     http://www.quantum-espresso.org/quote

     Parallel version (MPI), running on     8 processors
     R & G space division:  proc/nbgrp/npool/nimage =       8

     ***** This is GIPAW svn revision unknown      *****

     Parallelizing q-star over 1 images

     Reading data from directory:
     /users/majewski/paradichlorobenzene/pbe/9_constraint/scratch/pbe.ecut100.np8.dt60.pcl2phi-129368.save
     Message from routine read_xml_file:
     file /users/majewski/paradichlorobenzene/pbe/9_constraint/scratch/pbe.ecut100.np8.dt60.pcl2phi-129368.save not guaranteed to be safe for post-processing

   Info: using nr1, nr2, nr3 values from input

   Info: using nr1, nr2, nr3 values from input

     IMPORTANT: XC functional enforced from input :
     Exchange-correlation      =  SLA  PW   PBX  PBC ( 1  4  3  4 0 0)
     Any further DFT definition will be discarded
     Please, verify this is what you really want

               file C.pbe-n-kjpaw_psl.1.0.0.UPF: wavefunction(s)  2S 2P renormalized
               file Cl.pbe-n-kjpaw_psl.1.0.0.UPF: wavefunction(s)  3S 3P renormalized
               file H.pbe-kjpaw_psl.1.0.0.UPF: wavefunction(s)  1S renormalized

     Parallelization info
     --------------------
     sticks:   dense  smooth     PW     G-vecs:    dense   smooth      PW
     Min        3057    1223    332               144436    36536    5170
     Max        3059    1225    333               144437    36537    5171
     Sum       24467    9791   2657              1155489   292295   41363


     Subspace diagonalization in iterative solution of the eigenvalue problem:
     a serial algorithm will be used

     GIPAW projectors -----------------------------------------------
     atom=  C    l=0  rc=    1.2000  rs=    0.8000
     atom=  C    l=0  rc=    1.2000  rs=    0.8000
     atom=  C    l=1  rc=    1.4000  rs=    0.9333
     atom=  C    l=1  rc=    1.4000  rs=    0.9333
     projs nearly linearly dependent: l=1  n1,n2= 1, 2  s=  0.99951561

     atom=  Cl   l=0  rc=    1.6000  rs=    1.0667
     atom=  Cl   l=0  rc=    1.6000  rs=    1.0667
     atom=  Cl   l=1  rc=    1.6000  rs=    1.0667
     atom=  Cl   l=1  rc=    1.6000  rs=    1.0667
     atom=  Cl   l=2  rc=    1.6000  rs=    1.0667
     atom=  Cl   l=2  rc=    1.6000  rs=    1.0667
     projs nearly linearly dependent: l=2  n1,n2= 1, 2  s=  0.99993509

     atom=  H    l=0  rc=    1.0000  rs=    0.6667
     atom=  H    l=0  rc=    1.0000  rs=    0.6667
     projs nearly linearly dependent: l=0  n1,n2= 1, 2  s=  0.99968852
     -----------------------------------------------------------------

     GIPAW integrals: -------------------------------------------
     Atom  i/j   nmr_para   nmr_dia   epr_rmc  epr_para   epr_dia
       C   1 1   0.83E+03  0.17E-01  0.93E+01  0.24E+08  0.24E+03
       C   2 1   0.86E+03 -0.61E-01  0.94E+01  0.25E+08  0.25E+03
       C   2 2   0.90E+03 -0.15E+00  0.97E+01  0.26E+08  0.26E+03
       C   3 3   0.33E+01  0.34E+00  0.18E+01  0.55E+03  0.21E+02
       C   4 3   0.35E+01  0.37E+00  0.20E+01  0.59E+03  0.22E+02
       C   4 4   0.38E+01  0.39E+00  0.22E+01  0.63E+03  0.24E+02
       Cl  1 1   0.14E+04 -0.47E+00  0.84E+01  0.32E+09  0.42E+03
       Cl  2 1   0.21E+04 -0.37E+00  0.12E+02  0.49E+09  0.65E+03
       Cl  2 2   0.33E+04 -0.16E+00  0.21E+02  0.76E+09  0.10E+04
       Cl  3 3   0.21E+02  0.79E-01  0.89E+01  0.23E+05  0.13E+03
       Cl  4 3   0.24E+02  0.67E-01  0.99E+01  0.27E+05  0.15E+03
       Cl  4 4   0.28E+02  0.44E-01  0.11E+02  0.32E+05  0.18E+03
       Cl  5 5   0.77E+00  0.19E+00  0.18E+01  0.12E+03  0.22E+02
       Cl  6 5   0.80E+00  0.19E+00  0.19E+01  0.12E+03  0.23E+02
       Cl  6 6   0.83E+00  0.20E+00  0.19E+01  0.12E+03  0.23E+02
       H   1 1   0.39E+02  0.19E+00  0.29E+00  0.78E+05  0.13E+02
       H   2 1   0.41E+02  0.21E+00  0.32E+00  0.82E+05  0.14E+02
       H   2 2   0.43E+02  0.22E+00  0.36E+00  0.86E+05  0.15E+02
     ------------------------------------------------------------

     alpha_pv=     34.1085 eV

     Number of occupied bands for each k-point:
     k-point:     1    nbnd_occ=  42
     k-point:     2    nbnd_occ=  42
     k-point:     3    nbnd_occ=  42
     k-point:     4    nbnd_occ=  42
     k-point:     5    nbnd_occ=  42
     k-point:     6    nbnd_occ=  42
     k-point:     7    nbnd_occ=  42
     k-point:     8    nbnd_occ=  42
     k-point:     9    nbnd_occ=  42
     k-point:    10    nbnd_occ=  42
     k-point:    11    nbnd_occ=  42
     k-point:    12    nbnd_occ=  42
     k-point:    13    nbnd_occ=  42
     k-point:    14    nbnd_occ=  42
     k-point:    15    nbnd_occ=  42
     k-point:    16    nbnd_occ=  42


     q-space interpolation up to   110.00 Rydberg

     GIPAW job: efg                                                                             


     ELECTRIC FIELD GRADIENTS TENSORS IN Hartree/bohrradius^2:

     ----- bare term -----
     Cl   1       -0.030023        0.130771        0.084946
     Cl   1        0.130771       -0.060379        0.034808
     Cl   1        0.084946        0.034808        0.090402

     C    2       -0.352371       -0.050285       -0.312281
     C    2       -0.050285       -0.073627       -0.585897
     C    2       -0.312281       -0.585897        0.425997

     C    3       -0.022941        0.084212       -0.435264
     C    3        0.084212       -0.284279       -0.477408
     C    3       -0.435264       -0.477408        0.307219

     H    4       -0.716935       -0.119995       -0.184948
     H    4       -0.119995        0.403375       -0.165378
     H    4       -0.184948       -0.165378        0.313560

     C    5        0.056091        0.535062       -0.098909
     C    5        0.535062       -0.365618       -0.371156
     C    5       -0.098909       -0.371156        0.309527

     H    6        0.108823       -0.409618       -0.167771
     H    6       -0.409618       -0.389703       -0.424703
     H    6       -0.167771       -0.424703        0.280880

     H    7        0.418003        0.066256        0.271023
     H    7        0.066256        0.010572        0.260792
     H    7        0.271023        0.260792       -0.428575

     C    8       -0.582349       -0.339149       -0.263397
     C    8       -0.339149        0.317075        0.287366
     C    8       -0.263397        0.287366        0.265273

     H    9        0.131644        0.076328       -0.360727
     H    9        0.076328        0.398021       -0.156907
     H    9       -0.360727       -0.156907       -0.529665

     C   10        0.058641       -0.147229       -0.117911
     C   10       -0.147229       -0.087755        0.378376
     C   10       -0.117911        0.378376        0.029114

     C   11       -0.369070       -0.251325       -0.317235
     C   11       -0.251325        0.003343        0.471966
     C   11       -0.317235        0.471966        0.365727

     Cl  12       -0.034377        0.087476       -0.033045
     Cl  12        0.087476        0.066283        0.115560
     Cl  12       -0.033045        0.115560       -0.031906

     H   13        0.408398        0.010467       -0.325362
     H   13        0.010467        0.001542       -0.307639
     H   13       -0.325362       -0.307639       -0.409941

     C   14       -0.414310        0.313273       -0.117390
     C   14        0.313273        0.001551       -0.425363
     C   14       -0.117390       -0.425363        0.412759

     H   15       -0.002368        0.160242       -0.486677
     H   15        0.160242       -0.086777        0.152524
     H   15       -0.486677        0.152524        0.089145

     C   16        0.064000        0.285506       -0.113492
     C   16        0.285506       -0.080041       -0.613872
     C   16       -0.113492       -0.613872        0.016041

     C   17       -0.326460        0.312913       -0.493953
     C   17        0.312913        0.238761       -0.203915
     C   17       -0.493953       -0.203915        0.087699

     Cl  18       -0.068200        0.127317        0.080449
     Cl  18        0.127317       -0.010719        0.104009
     Cl  18        0.080449        0.104009        0.078919

     H   19        0.048878       -0.186283        0.352199
     H   19       -0.186283       -0.004055        0.471488
     H   19        0.352199        0.471488       -0.044823

     C   20       -0.039120        0.233567       -0.554808
     C   20        0.233567       -0.150266        0.417865
     C   20       -0.554808        0.417865        0.189387

     H   21        0.122012        0.060552       -0.180470
     H   21        0.060552        0.473431        0.117889
     H   21       -0.180470        0.117889       -0.595443

     C   22       -0.232078       -0.401575       -0.373102
     C   22       -0.401575       -0.188744        0.159701
     C   22       -0.373102        0.159701        0.420822

     C   23        0.022261        0.258807       -0.487009
     C   23        0.258807       -0.280958        0.483520
     C   23       -0.487009        0.483520        0.258697

     Cl  24       -0.178390       -0.190946       -0.155839
     Cl  24       -0.190946       -0.131895       -0.018083
     Cl  24       -0.155839       -0.018083        0.310286

     ----- ionic term -----
     Cl   1        0.071701       -0.211540        0.019126
     Cl   1       -0.211540        0.086369       -0.007547
     Cl   1        0.019126       -0.007547       -0.158069

     C    2        0.147676       -0.151096        0.343668
     C    2       -0.151096        0.146556        0.370077
     C    2        0.343668        0.370077       -0.294232

     C    3        0.101369       -0.185076        0.205462
     C    3       -0.185076        0.186712        0.409962
     C    3        0.205462        0.409962       -0.288081

     H    4        0.588499        0.191590        0.715447
     H    4        0.191590       -0.496108        0.194173
     H    4        0.715447        0.194173       -0.092391

     C    5        0.262489       -0.183258        0.219047
     C    5       -0.183258        0.042610        0.327750
     C    5        0.219047        0.327750       -0.305099

     H    6       -0.513260        0.088958        0.049982
     H    6        0.088958        0.522955        0.760769
     H    6        0.049982        0.760769       -0.009695

     H    7       -0.537679        0.085104       -0.034026
     H    7        0.085104        0.507937       -0.764549
     H    7       -0.034026       -0.764549        0.029742

     C    8        0.115552        0.318925        0.323910
     C    8        0.318925       -0.029908       -0.257444
     C    8        0.323910       -0.257444       -0.085644

     H    9        0.372938       -0.304794        0.748365
     H    9       -0.304794       -0.419835       -0.313613
     H    9        0.748365       -0.313613        0.046897

     C   10        0.050168        0.299223        0.213691
     C   10        0.299223        0.061565       -0.403869
     C   10        0.213691       -0.403869       -0.111733

     C   11        0.062295        0.255739        0.314316
     C   11        0.255739       -0.032869       -0.453139
     C   11        0.314316       -0.453139       -0.029426

     Cl  12        0.147847        0.222301        0.019010
     Cl  12        0.222301       -0.016145        0.005060
     Cl  12        0.019010        0.005060       -0.131702

     H   13       -0.499356        0.238427        0.182067
     H   13        0.238427        0.554154        0.749065
     H   13        0.182067        0.749065       -0.054798

     C   14        0.199967       -0.162882        0.273513
     C   14       -0.162882        0.068084        0.326361
     C   14        0.273513        0.326361       -0.268051

     H   15        0.635832        0.066717        0.722288
     H   15        0.066717       -0.508226        0.132201
     H   15        0.722288        0.132201       -0.127606

     C   16        0.087786       -0.254304        0.180004
     C   16       -0.254304        0.156561        0.407986
     C   16        0.180004        0.407986       -0.244347

     C   17        0.231036       -0.137424        0.222512
     C   17       -0.137424        0.022566        0.439766
     C   17        0.222512        0.439766       -0.253602

     Cl  18        0.119345       -0.199743       -0.041580
     Cl  18       -0.199743       -0.005575        0.037565
     Cl  18       -0.041580        0.037565       -0.113770

     H   19       -0.513843        0.122369       -0.073536
     H   19        0.122369        0.474565       -0.763258
     H   19       -0.073536       -0.763258        0.039278

     C   20        0.123464        0.239585        0.334549
     C   20        0.239585       -0.030266       -0.294304
     C   20        0.334549       -0.294304       -0.093198

     H   21        0.159798       -0.163680        0.785435
     H   21       -0.163680       -0.494251       -0.252144
     H   21        0.785435       -0.252144        0.334453

     C   22       -0.035571        0.274236        0.240550
     C   22        0.274236        0.100489       -0.406253
     C   22        0.240550       -0.406253       -0.064918

     C   23       -0.005336        0.286278        0.335822
     C   23        0.286278        0.044000       -0.401605
     C   23        0.335822       -0.401605       -0.038663

     Cl  24        0.116670        0.211079        0.046211
     Cl  24        0.211079        0.019749        0.020022
     Cl  24        0.046211        0.020022       -0.136419

     ----- GIPAW term -----
     Cl   1        1.374004       -1.496634        0.685538
     Cl   1       -1.496634       -0.356584        0.297315
     Cl   1        0.685538        0.297315       -1.017421

     C    2       -0.097686       -0.107667       -0.063618
     C    2       -0.107667       -0.063194       -0.191647
     C    2       -0.063618       -0.191647        0.160879

     C    3        0.069302        0.038992       -0.251007
     C    3        0.038992       -0.122158       -0.101091
     C    3       -0.251007       -0.101091        0.052856

     H    4       -0.000000        0.000000        0.000000
     H    4        0.000000        0.000000        0.000000
     H    4        0.000000        0.000000        0.000000

     C    5        0.168982        0.239931       -0.034855
     C    5        0.239931       -0.081896       -0.089647
     C    5       -0.034855       -0.089647       -0.087087

     H    6       -0.000000        0.000000        0.000000
     H    6        0.000000        0.000000        0.000000
     H    6        0.000000        0.000000        0.000000

     H    7       -0.000000        0.000000        0.000000
     H    7        0.000000        0.000000        0.000000
     H    7        0.000000        0.000000        0.000000

     C    8       -0.166134       -0.091841       -0.055894
     C    8       -0.091841        0.163733        0.167745
     C    8       -0.055894        0.167745        0.002400

     H    9       -0.000000        0.000000        0.000000
     H    9        0.000000        0.000000        0.000000
     H    9        0.000000        0.000000        0.000000

     C   10       -0.064419       -0.029754       -0.037949
     C   10       -0.029754        0.049462        0.133857
     C   10       -0.037949        0.133857        0.014957

     C   11       -0.079983        0.078288       -0.040413
     C   11        0.078288        0.107154        0.177922
     C   11       -0.040413        0.177922       -0.027170

     Cl  12        0.762594        2.611007       -0.088228
     Cl  12        2.611007        0.786959        1.122003
     Cl  12       -0.088228        1.122003       -1.549552

     H   13       -0.000000        0.000000        0.000000
     H   13        0.000000        0.000000        0.000000
     H   13        0.000000        0.000000        0.000000

     C   14       -0.156891        0.033632        0.003659
     C   14        0.033632       -0.014575       -0.221718
     C   14        0.003659       -0.221718        0.171467

     H   15       -0.000000        0.000000        0.000000
     H   15        0.000000        0.000000        0.000000
     H   15        0.000000        0.000000        0.000000

     C   16       -0.085455        0.103993       -0.027781
     C   16        0.103993        0.202556       -0.146135
     C   16       -0.027781       -0.146135       -0.117101

     C   17        0.038972        0.166749       -0.056076
     C   17        0.166749        0.150005        0.000533
     C   17       -0.056076        0.000533       -0.188977

     Cl  18        0.297357       -0.220990        1.403727
     Cl  18       -0.220990        0.046849        1.855456
     Cl  18        1.403727        1.855456       -0.344206

     H   19       -0.000000        0.000000        0.000000
     H   19        0.000000        0.000000        0.000000
     H   19        0.000000        0.000000        0.000000

     C   20        0.122268        0.170306       -0.219888
     C   20        0.170306       -0.113747        0.003239
     C   20       -0.219888        0.003239       -0.008521

     H   21       -0.000000        0.000000        0.000000
     H   21        0.000000        0.000000        0.000000
     H   21        0.000000        0.000000        0.000000

     C   22       -0.027651       -0.030184       -0.224549
     C   22       -0.030184       -0.130612       -0.015751
     C   22       -0.224549       -0.015751        0.158263

     C   23        0.036130        0.230519       -0.165809
     C   23        0.230519       -0.045738       -0.053717
     C   23       -0.165809       -0.053717        0.009607

     Cl  24        0.056887        1.279893       -1.700508
     Cl  24        1.279893       -1.269369       -0.225090
     Cl  24       -1.700508       -0.225090        1.212482

     ----- total EFG -----
     Cl   1        1.415682       -1.577403        0.789610
     Cl   1       -1.577403       -0.330594        0.324576
     Cl   1        0.789610        0.324576       -1.085088

     C    2       -0.302381       -0.309048       -0.032231
     C    2       -0.309048        0.009736       -0.407468
     C    2       -0.032231       -0.407468        0.292645

     C    3        0.147731       -0.061873       -0.480810
     C    3       -0.061873       -0.219725       -0.168537
     C    3       -0.480810       -0.168537        0.071994

     H    4       -0.128435        0.071595        0.530498
     H    4        0.071595       -0.092733        0.028795
     H    4        0.530498        0.028795        0.221169

     C    5        0.487562        0.591735        0.085283
     C    5        0.591735       -0.404904       -0.133053
     C    5        0.085283       -0.133053       -0.082658

     H    6       -0.404437       -0.320660       -0.117789
     H    6       -0.320660        0.133252        0.336067
     H    6       -0.117789        0.336067        0.271185

     H    7       -0.119676        0.151360        0.236997
     H    7        0.151360        0.518508       -0.503757
     H    7        0.236997       -0.503757       -0.398832

     C    8       -0.632930       -0.112065        0.004619
     C    8       -0.112065        0.450901        0.197667
     C    8        0.004619        0.197667        0.182030

     H    9        0.504583       -0.228466        0.387639
     H    9       -0.228466       -0.021815       -0.470520
     H    9        0.387639       -0.470520       -0.482768

     C   10        0.044389        0.122241        0.057831
     C   10        0.122241        0.023272        0.108364
     C   10        0.057831        0.108364       -0.067662

     C   11       -0.386759        0.082702       -0.043332
     C   11        0.082702        0.077628        0.196749
     C   11       -0.043332        0.196749        0.309130

     Cl  12        0.876064        2.920784       -0.102263
     Cl  12        2.920784        0.837097        1.242624
     Cl  12       -0.102263        1.242624       -1.713161

     H   13       -0.090957        0.248895       -0.143295
     H   13        0.248895        0.555696        0.441427
     H   13       -0.143295        0.441427       -0.464739

     C   14       -0.371234        0.184023        0.159783
     C   14        0.184023        0.055059       -0.320719
     C   14        0.159783       -0.320719        0.316175

     H   15        0.633464        0.226959        0.235611
     H   15        0.226959       -0.595004        0.284725
     H   15        0.235611        0.284725       -0.038461

     C   16        0.066331        0.135195        0.038731
     C   16        0.135195        0.279076       -0.352021
     C   16        0.038731       -0.352021       -0.345407

     C   17       -0.056452        0.342238       -0.327517
     C   17        0.342238        0.411332        0.236383
     C   17       -0.327517        0.236383       -0.354880

     Cl  18        0.348501       -0.293415        1.442596
     Cl  18       -0.293415        0.030555        1.997031
     Cl  18        1.442596        1.997031       -0.379057

     H   19       -0.464965       -0.063914        0.278663
     H   19       -0.063914        0.470510       -0.291769
     H   19        0.278663       -0.291769       -0.005545

     C   20        0.206612        0.643458       -0.440148
     C   20        0.643458       -0.294279        0.126801
     C   20       -0.440148        0.126801        0.087668

     H   21        0.281810       -0.103127        0.604965
     H   21       -0.103127       -0.020821       -0.134255
     H   21        0.604965       -0.134255       -0.260990

     C   22       -0.295301       -0.157523       -0.357100
     C   22       -0.157523       -0.218867       -0.262303
     C   22       -0.357100       -0.262303        0.514167

     C   23        0.053055        0.775604       -0.316996
     C   23        0.775604       -0.282696        0.028198
     C   23       -0.316996        0.028198        0.229641

     Cl  24       -0.004834        1.300027       -1.810136
     Cl  24        1.300027       -1.381515       -0.223152
     Cl  24       -1.810136       -0.223152        1.386349

     ----- total EFG (symmetrized) -----
     Cl   1        1.415682       -1.577403        0.789610
     Cl   1       -1.577403       -0.330594        0.324576
     Cl   1        0.789610        0.324576       -1.085088

     C    2       -0.302381       -0.309048       -0.032231
     C    2       -0.309048        0.009736       -0.407468
     C    2       -0.032231       -0.407468        0.292645

     C    3        0.147731       -0.061873       -0.480810
     C    3       -0.061873       -0.219725       -0.168537
     C    3       -0.480810       -0.168537        0.071994

     H    4       -0.128435        0.071595        0.530498
     H    4        0.071595       -0.092733        0.028795
     H    4        0.530498        0.028795        0.221169

     C    5        0.487562        0.591735        0.085283
     C    5        0.591735       -0.404904       -0.133053
     C    5        0.085283       -0.133053       -0.082658

     H    6       -0.404437       -0.320660       -0.117789
     H    6       -0.320660        0.133252        0.336067
     H    6       -0.117789        0.336067        0.271185

     H    7       -0.119676        0.151360        0.236997
     H    7        0.151360        0.518508       -0.503757
     H    7        0.236997       -0.503757       -0.398832

     C    8       -0.632930       -0.112065        0.004619
     C    8       -0.112065        0.450901        0.197667
     C    8        0.004619        0.197667        0.182030

     H    9        0.504583       -0.228466        0.387639
     H    9       -0.228466       -0.021815       -0.470520
     H    9        0.387639       -0.470520       -0.482768

     C   10        0.044389        0.122241        0.057831
     C   10        0.122241        0.023272        0.108364
     C   10        0.057831        0.108364       -0.067662

     C   11       -0.386759        0.082702       -0.043332
     C   11        0.082702        0.077628        0.196749
     C   11       -0.043332        0.196749        0.309130

     Cl  12        0.876064        2.920784       -0.102263
     Cl  12        2.920784        0.837097        1.242624
     Cl  12       -0.102263        1.242624       -1.713161

     H   13       -0.090957        0.248895       -0.143295
     H   13        0.248895        0.555696        0.441427
     H   13       -0.143295        0.441427       -0.464739

     C   14       -0.371234        0.184023        0.159783
     C   14        0.184023        0.055059       -0.320719
     C   14        0.159783       -0.320719        0.316175

     H   15        0.633464        0.226959        0.235611
     H   15        0.226959       -0.595004        0.284725
     H   15        0.235611        0.284725       -0.038461

     C   16        0.066331        0.135195        0.038731
     C   16        0.135195        0.279076       -0.352021
     C   16        0.038731       -0.352021       -0.345407

     C   17       -0.056452        0.342238       -0.327517
     C   17        0.342238        0.411332        0.236383
     C   17       -0.327517        0.236383       -0.354880

     Cl  18        0.348501       -0.293415        1.442596
     Cl  18       -0.293415        0.030555        1.997031
     Cl  18        1.442596        1.997031       -0.379057

     H   19       -0.464965       -0.063914        0.278663
     H   19       -0.063914        0.470510       -0.291769
     H   19        0.278663       -0.291769       -0.005545

     C   20        0.206612        0.643458       -0.440148
     C   20        0.643458       -0.294279        0.126801
     C   20       -0.440148        0.126801        0.087668

     H   21        0.281810       -0.103127        0.604965
     H   21       -0.103127       -0.020821       -0.134255
     H   21        0.604965       -0.134255       -0.260990

     C   22       -0.295301       -0.157523       -0.357100
     C   22       -0.157523       -0.218867       -0.262303
     C   22       -0.357100       -0.262303        0.514167

     C   23        0.053055        0.775604       -0.316996
     C   23        0.775604       -0.282696        0.028198
     C   23       -0.316996        0.028198        0.229641

     Cl  24       -0.004834        1.300027       -1.810136
     Cl  24        1.300027       -1.381515       -0.223152
     Cl  24       -1.810136       -0.223152        1.386349


     NQR/NMR SPECTROSCOPIC PARAMETERS:
     Cl   1    Vxx=   -0.5370    axis=(  0.233779  0.650931  0.722244)
     Cl   1    Vyy=   -1.8870    axis=( -0.443119 -0.589868  0.675056)
     Cl   1    Vzz=    2.4240    axis=(  0.865444 -0.477854  0.150542)
     Cl   1  Q=        -8.1650 1e-30 m^2  Cq=       -46.5031 MHz  eta= 0.55695

     C    2    Vxx=   -0.0379    axis=( -0.658220  0.505013  0.558308)
     C    2    Vyy=   -0.5727    axis=(  0.730819  0.606645  0.312867)
     C    2    Vzz=    0.6106    axis=(  0.180692 -0.613957  0.768379)
     C    2  Q=         1.0000 1e-30 m^2  Cq=         1.4348 MHz  eta= 0.87578

     C    3    Vxx=   -0.1183    axis=( -0.429117  0.834824 -0.344858)
     C    3    Vyy=   -0.4799    axis=(  0.543557  0.543599  0.639568)
     C    3    Vzz=    0.5982    axis=(  0.721391  0.086999 -0.687041)
     C    3  Q=         1.0000 1e-30 m^2  Cq=         1.4055 MHz  eta= 0.60447

     H    4    Vxx=   -0.0948    axis=( -0.024917 -0.990916  0.132150)
     H    4    Vyy=   -0.5162    axis=(  0.809685 -0.097537 -0.578702)
     H    4    Vzz=    0.6110    axis=(  0.586335  0.092581  0.804761)
     H    4  Q=         1.0000 1e-30 m^2  Cq=         1.4356 MHz  eta= 0.68977

     C    5    Vxx=   -0.0453    axis=(  0.086246 -0.217778  0.972180)
     C    5    Vyy=   -0.7375    axis=( -0.436055  0.869132  0.233378)
     C    5    Vzz=    0.7828    axis=( -0.895778 -0.444052 -0.020004)
     C    5  Q=         1.0000 1e-30 m^2  Cq=         1.8393 MHz  eta= 0.88429

     H    6    Vxx=   -0.0761    axis=(  0.344260 -0.613590  0.710628)
     H    6    Vyy=   -0.5559    axis=( -0.895466 -0.442071  0.052099)
     H    6    Vzz=    0.6319    axis=(  0.282181 -0.654279 -0.701636)
     H    6  Q=         1.0000 1e-30 m^2  Cq=         1.4848 MHz  eta= 0.75930

     H    7    Vxx=    0.0018    axis=(  0.912031  0.116277  0.393292)
     H    7    Vyy=    0.7434    axis=(  0.052809  0.917688 -0.393777)
     H    7    Vzz=   -0.7452    axis=( -0.406706  0.379906  0.830820)
     H    7  Q=         1.0000 1e-30 m^2  Cq=        -1.7509 MHz  eta= 0.99511

     C    8    Vxx=    0.0818    axis=(  0.076691 -0.452477  0.888472)
     C    8    Vyy=    0.5634    axis=( -0.081162  0.885306  0.457871)
     C    8    Vzz=   -0.6452    axis=( -0.993746 -0.107225  0.031172)
     C    8  Q=         1.0000 1e-30 m^2  Cq=        -1.5159 MHz  eta= 0.74654

     H    9    Vxx=   -0.0081    axis=(  0.567294  0.767783 -0.297804)
     H    9    Vyy=   -0.8132    axis=(  0.174531 -0.465503 -0.867667)
     H    9    Vzz=    0.8213    axis=( -0.804808  0.440246 -0.398079)
     H    9  Q=         1.0000 1e-30 m^2  Cq=         1.9297 MHz  eta= 0.98023

     C   10    Vxx=   -0.0634    axis=(  0.750354 -0.420424 -0.510111)
     C   10    Vyy=   -0.1431    axis=( -0.170363  0.622623 -0.763752)
     C   10    Vzz=    0.2065    axis=(  0.638706  0.659988  0.395563)
     C   10  Q=         1.0000 1e-30 m^2  Cq=         0.4852 MHz  eta= 0.38585

     C   11    Vxx=   -0.0117    axis=(  0.241386  0.841442 -0.483434)
     C   11    Vyy=   -0.4100    axis=( -0.970419  0.211538 -0.116352)
     C   11    Vzz=    0.4217    axis=(  0.004361  0.497219  0.867614)
     C   11  Q=         1.0000 1e-30 m^2  Cq=         0.9907 MHz  eta= 0.94458

     Cl  12    Vxx=   -0.9965    axis=( -0.554135  0.381180  0.740024)
     Cl  12    Vyy=   -2.8991    axis=(  0.472561 -0.587810  0.656632)
     Cl  12    Vzz=    3.8957    axis=(  0.685288  0.713570  0.145595)
     Cl  12  Q=        -8.1650 1e-30 m^2  Cq=       -74.7363 MHz  eta= 0.48839

     H   13    Vxx=   -0.0501    axis=(  0.911947 -0.081687 -0.402095)
     H   13    Vyy=   -0.7112    axis=( -0.347178  0.368668 -0.862294)
     H   13    Vzz=    0.7612    axis=(  0.218678  0.925965  0.307846)
     H   13  Q=         1.0000 1e-30 m^2  Cq=         1.7886 MHz  eta= 0.86845

     C   14    Vxx=   -0.0027    axis=(  0.546652  0.711407  0.441670)
     C   14    Vyy=   -0.5303    axis=( -0.836568  0.441048  0.325009)
     C   14    Vzz=    0.5330    axis=(  0.036416 -0.547154  0.836240)
     C   14  Q=         1.0000 1e-30 m^2  Cq=         1.2523 MHz  eta= 0.99005

     H   15    Vxx=   -0.0507    axis=( -0.396272  0.290398  0.870998)
     H   15    Vyy=   -0.7260    axis=( -0.094183  0.930800 -0.353187)
     H   15    Vzz=    0.7767    axis=( -0.913290 -0.221991 -0.341500)
     H   15  Q=         1.0000 1e-30 m^2  Cq=         1.8250 MHz  eta= 0.86939

     C   16    Vxx=    0.0513    axis=(  0.951667 -0.177639  0.250547)
     C   16    Vyy=    0.4668    axis=( -0.264201 -0.889463  0.372899)
     C   16    Vzz=   -0.5181    axis=(  0.156611 -0.421070 -0.893405)
     C   16  Q=         1.0000 1e-30 m^2  Cq=        -1.2173 MHz  eta= 0.80200

     C   17    Vxx=    0.1056    axis=( -0.704718  0.287236  0.648743)
     C   17    Vyy=    0.5961    axis=( -0.433895 -0.897939 -0.073764)
     C   17    Vzz=   -0.7017    axis=(  0.561344 -0.333469  0.757424)
     C   17  Q=         1.0000 1e-30 m^2  Cq=        -1.6487 MHz  eta= 0.69913

     Cl  18    Vxx=    0.5175    axis=( -0.804680  0.593123  0.026387)
     Cl  18    Vyy=    2.2086    axis=( -0.444354 -0.572181 -0.689318)
     Cl  18    Vzz=   -2.7260    axis=( -0.393752 -0.566405  0.723978)
     Cl  18  Q=        -8.1650 1e-30 m^2  Cq=        52.2974 MHz  eta= 0.62035

     H   19    Vxx=   -0.0382    axis=(  0.423919  0.490102  0.761638)
     H   19    Vyy=   -0.6010    axis=(  0.890016 -0.069602 -0.450584)
     H   19    Vzz=    0.6392    axis=(  0.167821 -0.868882  0.465705)
     H   19  Q=         1.0000 1e-30 m^2  Cq=         1.5020 MHz  eta= 0.88050

     C   20    Vxx=    0.0873    axis=( -0.155679 -0.537871 -0.828528)
     C   20    Vyy=    0.7850    axis=( -0.798105 -0.425740  0.426349)
     C   20    Vzz=   -0.8723    axis=(  0.582058 -0.727626  0.362999)
     C   20  Q=         1.0000 1e-30 m^2  Cq=        -2.0495 MHz  eta= 0.79987

     H   21    Vxx=   -0.0506    axis=(  0.229589  0.972481  0.039612)
     H   21    Vyy=   -0.6578    axis=( -0.531967  0.091300  0.841829)
     H   21    Vzz=    0.7085    axis=(  0.815046 -0.214346  0.538289)
     H   21  Q=         1.0000 1e-30 m^2  Cq=         1.6646 MHz  eta= 0.85706

     C   22    Vxx=   -0.0952    axis=(  0.605152 -0.796020  0.011983)
     C   22    Vyy=   -0.5959    axis=(  0.736682  0.565622  0.370636)
     C   22    Vzz=    0.6911    axis=( -0.301811 -0.215463  0.928701)
     C   22  Q=         1.0000 1e-30 m^2  Cq=         1.6237 MHz  eta= 0.72459

     C   23    Vxx=    0.1715    axis=(  0.199707  0.396681  0.895970)
     C   23    Vyy=    0.7794    axis=( -0.744540 -0.533015  0.401941)
     C   23    Vzz=   -0.9509    axis=(  0.637007 -0.747355  0.188898)
     C   23  Q=         1.0000 1e-30 m^2  Cq=        -2.2343 MHz  eta= 0.63936

     Cl  24    Vxx=   -0.4843    axis=(  0.526763  0.618134  0.583465)
     Cl  24    Vyy=   -2.3571    axis=( -0.608272  0.753591 -0.249209)
     Cl  24    Vzz=    2.8413    axis=( -0.593738 -0.223631  0.772958)
     Cl  24  Q=        -8.1650 1e-30 m^2  Cq=       -54.5098 MHz  eta= 0.65911

     Initialization:
     gipaw_setup  :      9.12s CPU     10.99s WALL (       1 calls)

     Linear response

     Apply operators

     Induced current

     Other routines
     efg          :     10.50s CPU     13.94s WALL (       1 calls)

     General routines
     calbec       :      3.58s CPU      5.21s WALL (      16 calls)
     fft          :      1.65s CPU      2.39s WALL (      15 calls)
     ffts         :      0.04s CPU      0.04s WALL (       2 calls)
     fftw         :      4.11s CPU      5.19s WALL (     672 calls)
     davcio       :      0.04s CPU      0.29s WALL (      32 calls)

     Parallel routines
     fft_scatter  :      2.69s CPU      4.36s WALL (     689 calls)

     Plugins

     GIPAW        :     62.61s CPU     76.91s WALL (       1 calls)
