
     Program QE v.6.0 (svn rev. 13079) starts on 20Jan2017 at  2:34:35 

     This program is part of the open-source Quantum ESPRESSO suite
     for quantum simulation of materials; please cite
         "P. Giannozzi et al., J. Phys.:Condens. Matter 21 395502 (2009);
          URL http://www.quantum-espresso.org", 
     in publications or presentations arising from this work. More details at
     http://www.quantum-espresso.org/quote

     Parallel version (MPI), running on     8 processors
     R & G space division:  proc/nbgrp/npool/nimage =       8

     ***** This is GIPAW svn revision unknown      *****

     Parallelizing q-star over 1 images

     Reading data from directory:
     /users/majewski/paradichlorobenzene/pbe/9_constraint/scratch/pbe.ecut100.np8.dt60.pcl2phi-129368.save
     Message from routine read_xml_file:
     file /users/majewski/paradichlorobenzene/pbe/9_constraint/scratch/pbe.ecut100.np8.dt60.pcl2phi-129368.save not guaranteed to be safe for post-processing

   Info: using nr1, nr2, nr3 values from input

   Info: using nr1, nr2, nr3 values from input

     IMPORTANT: XC functional enforced from input :
     Exchange-correlation      =  SLA  PW   PBX  PBC ( 1  4  3  4 0 0)
     Any further DFT definition will be discarded
     Please, verify this is what you really want

               file C.pbe-n-kjpaw_psl.1.0.0.UPF: wavefunction(s)  2S 2P renormalized
               file Cl.pbe-n-kjpaw_psl.1.0.0.UPF: wavefunction(s)  3S 3P renormalized
               file H.pbe-kjpaw_psl.1.0.0.UPF: wavefunction(s)  1S renormalized

     Parallelization info
     --------------------
     sticks:   dense  smooth     PW     G-vecs:    dense   smooth      PW
     Min        3057    1223    332               144436    36536    5170
     Max        3059    1225    333               144437    36537    5171
     Sum       24467    9791   2657              1155489   292295   41363


     Subspace diagonalization in iterative solution of the eigenvalue problem:
     a serial algorithm will be used

     GIPAW projectors -----------------------------------------------
     atom=  C    l=0  rc=    1.2000  rs=    0.8000
     atom=  C    l=0  rc=    1.2000  rs=    0.8000
     atom=  C    l=1  rc=    1.4000  rs=    0.9333
     atom=  C    l=1  rc=    1.4000  rs=    0.9333
     projs nearly linearly dependent: l=1  n1,n2= 1, 2  s=  0.99951561

     atom=  Cl   l=0  rc=    1.6000  rs=    1.0667
     atom=  Cl   l=0  rc=    1.6000  rs=    1.0667
     atom=  Cl   l=1  rc=    1.6000  rs=    1.0667
     atom=  Cl   l=1  rc=    1.6000  rs=    1.0667
     atom=  Cl   l=2  rc=    1.6000  rs=    1.0667
     atom=  Cl   l=2  rc=    1.6000  rs=    1.0667
     projs nearly linearly dependent: l=2  n1,n2= 1, 2  s=  0.99993509

     atom=  H    l=0  rc=    1.0000  rs=    0.6667
     atom=  H    l=0  rc=    1.0000  rs=    0.6667
     projs nearly linearly dependent: l=0  n1,n2= 1, 2  s=  0.99968852
     -----------------------------------------------------------------

     GIPAW integrals: -------------------------------------------
     Atom  i/j   nmr_para   nmr_dia   epr_rmc  epr_para   epr_dia
       C   1 1   0.83E+03  0.17E-01  0.93E+01  0.24E+08  0.24E+03
       C   2 1   0.86E+03 -0.61E-01  0.94E+01  0.25E+08  0.25E+03
       C   2 2   0.90E+03 -0.15E+00  0.97E+01  0.26E+08  0.26E+03
       C   3 3   0.33E+01  0.34E+00  0.18E+01  0.55E+03  0.21E+02
       C   4 3   0.35E+01  0.37E+00  0.20E+01  0.59E+03  0.22E+02
       C   4 4   0.38E+01  0.39E+00  0.22E+01  0.63E+03  0.24E+02
       Cl  1 1   0.14E+04 -0.47E+00  0.84E+01  0.32E+09  0.42E+03
       Cl  2 1   0.21E+04 -0.37E+00  0.12E+02  0.49E+09  0.65E+03
       Cl  2 2   0.33E+04 -0.16E+00  0.21E+02  0.76E+09  0.10E+04
       Cl  3 3   0.21E+02  0.79E-01  0.89E+01  0.23E+05  0.13E+03
       Cl  4 3   0.24E+02  0.67E-01  0.99E+01  0.27E+05  0.15E+03
       Cl  4 4   0.28E+02  0.44E-01  0.11E+02  0.32E+05  0.18E+03
       Cl  5 5   0.77E+00  0.19E+00  0.18E+01  0.12E+03  0.22E+02
       Cl  6 5   0.80E+00  0.19E+00  0.19E+01  0.12E+03  0.23E+02
       Cl  6 6   0.83E+00  0.20E+00  0.19E+01  0.12E+03  0.23E+02
       H   1 1   0.39E+02  0.19E+00  0.29E+00  0.78E+05  0.13E+02
       H   2 1   0.41E+02  0.21E+00  0.32E+00  0.82E+05  0.14E+02
       H   2 2   0.43E+02  0.22E+00  0.36E+00  0.86E+05  0.15E+02
     ------------------------------------------------------------

     alpha_pv=     34.4058 eV

     Number of occupied bands for each k-point:
     k-point:     1    nbnd_occ=  42
     k-point:     2    nbnd_occ=  42
     k-point:     3    nbnd_occ=  42
     k-point:     4    nbnd_occ=  42
     k-point:     5    nbnd_occ=  42
     k-point:     6    nbnd_occ=  42
     k-point:     7    nbnd_occ=  42
     k-point:     8    nbnd_occ=  42
     k-point:     9    nbnd_occ=  42
     k-point:    10    nbnd_occ=  42
     k-point:    11    nbnd_occ=  42
     k-point:    12    nbnd_occ=  42
     k-point:    13    nbnd_occ=  42
     k-point:    14    nbnd_occ=  42
     k-point:    15    nbnd_occ=  42
     k-point:    16    nbnd_occ=  42


     q-space interpolation up to   110.00 Rydberg

     GIPAW job: efg                                                                             


     ELECTRIC FIELD GRADIENTS TENSORS IN Hartree/bohrradius^2:

     ----- bare term -----
     Cl   1        0.143899        0.031268        0.024260
     Cl   1        0.031268       -0.197260       -0.090903
     Cl   1        0.024260       -0.090903        0.053361

     C    2       -0.671791        0.438967       -0.349053
     C    2        0.438967        0.335603       -0.157695
     C    2       -0.349053       -0.157695        0.336188

     C    3        0.269576        0.051209       -0.138838
     C    3        0.051209       -0.147984       -0.388162
     C    3       -0.138838       -0.388162       -0.121593

     H    4        0.046622        0.186726       -0.398630
     H    4        0.186726       -0.049487        0.143696
     H    4       -0.398630        0.143696        0.002865

     C    5       -0.470487        0.280106       -0.054618
     C    5        0.280106        0.239739       -0.069610
     C    5       -0.054618       -0.069610        0.230748

     H    6        0.503684        0.003362        0.055567
     H    6        0.003362        0.093184       -0.117054
     H    6        0.055567       -0.117054       -0.596868

     H    7        0.340311        0.219188        0.043881
     H    7        0.219188       -0.620881       -0.141664
     H    7        0.043881       -0.141664        0.280571

     C    8        0.103052        0.044539       -0.136271
     C    8        0.044539       -0.161722        0.265820
     C    8       -0.136271        0.265820        0.058671

     H    9       -0.174926        0.412378        0.020794
     H    9        0.412378       -0.148712       -0.127841
     H    9        0.020794       -0.127841        0.323638

     C   10       -0.305018       -0.054726        0.016070
     C   10       -0.054726       -0.053728       -0.105384
     C   10        0.016070       -0.105384        0.358746

     C   11        0.126298        0.001942       -0.190369
     C   11        0.001942       -0.036830        0.579964
     C   11       -0.190369        0.579964       -0.089468

     Cl  12        0.025804       -0.241669        0.055731
     Cl  12       -0.241669       -0.123237       -0.308303
     Cl  12        0.055731       -0.308303        0.097432

     H   13        0.432441        0.048216        0.100947
     H   13        0.048216       -0.245321       -0.632774
     H   13        0.100947       -0.632774       -0.187120

     C   14       -0.166262       -0.040269       -0.352033
     C   14       -0.040269       -0.116846       -0.371748
     C   14       -0.352033       -0.371748        0.283109

     H   15       -0.135571       -0.155911       -0.467840
     H   15       -0.155911        0.371409        0.018921
     H   15       -0.467840        0.018921       -0.235838

     C   16       -0.236661        0.393109       -0.269137
     C   16        0.393109       -0.189588       -0.290702
     C   16       -0.269137       -0.290702        0.426249

     C   17       -0.070815       -0.338707       -0.362430
     C   17       -0.338707        0.001441       -0.746827
     C   17       -0.362430       -0.746827        0.069374

     Cl  18       -0.228004        0.302406        0.002941
     Cl  18        0.302406        0.049060       -0.033960
     Cl  18        0.002941       -0.033960        0.178945

     H   19        0.344881        0.128365        0.054656
     H   19        0.128365       -0.559678        0.514315
     H   19        0.054656        0.514315        0.214797

     C   20       -0.934756       -0.373642       -0.417187
     C   20       -0.373642        0.506354        0.031525
     C   20       -0.417187        0.031525        0.428402

     H   21       -0.531908        0.126543        0.221924
     H   21        0.126543        0.355596        0.198824
     H   21        0.221924        0.198824        0.176312

     C   22        0.174817        0.001420       -0.053029
     C   22        0.001420       -0.516087        0.388423
     C   22       -0.053029        0.388423        0.341270

     C   23       -0.823327       -0.413988       -0.310781
     C   23       -0.413988        0.278037        0.023474
     C   23       -0.310781        0.023474        0.545290

     Cl  24        0.001390       -0.009035        0.065296
     Cl  24       -0.009035       -0.035592        0.001432
     Cl  24        0.065296        0.001432        0.034203

     ----- ionic term -----
     Cl   1        0.111069       -0.218450       -0.018726
     Cl   1       -0.218450        0.020117        0.022947
     Cl   1       -0.018726        0.022947       -0.131185

     C    2        0.107648       -0.250966        0.267376
     C    2       -0.250966       -0.002392        0.436873
     C    2        0.267376        0.436873       -0.105256

     C    3        0.114068       -0.306917        0.182536
     C    3       -0.306917        0.049773        0.379304
     C    3        0.182536        0.379304       -0.163841

     H    4        0.610362        0.024866        0.714574
     H    4        0.024866       -0.505487        0.085982
     H    4        0.714574        0.085982       -0.104876

     C    5        0.202912       -0.219890        0.321911
     C    5       -0.219890       -0.086163        0.333664
     C    5        0.321911        0.333664       -0.116749

     H    6       -0.556018        0.038108        0.030970
     H    6        0.038108        0.393674        0.831043
     H    6        0.030970        0.831043        0.162344

     H    7       -0.502941       -0.203124        0.040607
     H    7       -0.203124        0.963380       -0.412038
     H    7        0.040607       -0.412038       -0.460439

     C    8        0.385729        0.015990        0.067997
     C    8        0.015990        0.152214       -0.230829
     C    8        0.067997       -0.230829       -0.537943

     H    9        0.755391       -0.468338        0.438095
     H    9       -0.468338       -0.306396       -0.227085
     H    9        0.438095       -0.227085       -0.448995

     C   10        0.208227        0.094365        0.078831
     C   10        0.094365        0.231828       -0.359554
     C   10        0.078831       -0.359554       -0.440054

     C   11        0.286957        0.059314        0.122491
     C   11        0.059314        0.165324       -0.399779
     C   11        0.122491       -0.399779       -0.452281

     Cl  12        0.143299        0.184632       -0.046280
     Cl  12        0.184632        0.001419       -0.044224
     Cl  12       -0.046280       -0.044224       -0.144718

     H   13       -0.522271        0.026082        0.056692
     H   13        0.026082        0.490292        0.778820
     H   13        0.056692        0.778820        0.031978

     C   14        0.198571       -0.300466        0.284115
     C   14       -0.300466        0.001986        0.304137
     C   14        0.284115        0.304137       -0.200557

     H   15        0.523593        0.025724        0.743550
     H   15        0.025724       -0.558250        0.122663
     H   15        0.743550        0.122663        0.034656

     C   16        0.071680       -0.365120        0.185556
     C   16       -0.365120        0.066031        0.424006
     C   16        0.185556        0.424006       -0.137711

     C   17        0.205837       -0.206990        0.353276
     C   17       -0.206990       -0.128169        0.448963
     C   17        0.353276        0.448963       -0.077668

     Cl  18        0.184869       -0.191517        0.005992
     Cl  18       -0.191517       -0.042561        0.012331
     Cl  18        0.005992        0.012331       -0.142309

     H   19       -0.489994       -0.223267        0.059014
     H   19       -0.223267        0.892994       -0.477454
     H   19        0.059014       -0.477454       -0.403000

     C   20        0.376203        0.024535        0.084357
     C   20        0.024535        0.057979       -0.306410
     C   20        0.084357       -0.306410       -0.434183

     H   21        0.823907       -0.424498        0.412227
     H   21       -0.424498       -0.344099       -0.188840
     H   21        0.412227       -0.188840       -0.479809

     C   22        0.238526        0.105151        0.000665
     C   22        0.105151        0.186488       -0.377761
     C   22        0.000665       -0.377761       -0.425014

     C   23        0.315082        0.050929        0.083062
     C   23        0.050929        0.196638       -0.333369
     C   23        0.083062       -0.333369       -0.511720

     Cl  24        0.163469        0.235722       -0.008481
     Cl  24        0.235722       -0.002413       -0.008533
     Cl  24       -0.008481       -0.008533       -0.161056

     ----- GIPAW term -----
     Cl   1       -0.096733       -0.484408        0.374027
     Cl   1       -0.484408        1.543939        1.356429
     Cl   1        0.374027        1.356429       -1.447206

     C    2       -0.163866        0.010125       -0.037530
     C    2        0.010125        0.290689       -0.012953
     C    2       -0.037530       -0.012953       -0.126823

     C    3       -0.020628       -0.006216       -0.010138
     C    3       -0.006216        0.096047       -0.041455
     C    3       -0.010138       -0.041455       -0.075419

     H    4       -0.000000        0.000000        0.000000
     H    4        0.000000        0.000000        0.000000
     H    4        0.000000        0.000000        0.000000

     C    5       -0.093172       -0.004092        0.020283
     C    5       -0.004092        0.099486       -0.062563
     C    5        0.020283       -0.062563       -0.006315

     H    6       -0.000000        0.000000        0.000000
     H    6        0.000000        0.000000        0.000000
     H    6        0.000000        0.000000        0.000000

     H    7       -0.000000        0.000000        0.000000
     H    7        0.000000        0.000000        0.000000
     H    7        0.000000        0.000000        0.000000

     C    8       -0.019654       -0.009643       -0.000918
     C    8       -0.009643        0.113374        0.035920
     C    8       -0.000918        0.035920       -0.093720

     H    9       -0.000000        0.000000        0.000000
     H    9        0.000000        0.000000        0.000000
     H    9        0.000000        0.000000        0.000000

     C   10       -0.028647        0.009366        0.003705
     C   10        0.009366        0.023442       -0.013383
     C   10        0.003705       -0.013383        0.005205

     C   11       -0.026584       -0.003919       -0.027338
     C   11       -0.003919        0.174124        0.076107
     C   11       -0.027338        0.076107       -0.147539

     Cl  12       -0.642936       -0.040580       -0.277106
     Cl  12       -0.040580        0.431787        1.198100
     Cl  12       -0.277106        1.198100        0.211149

     H   13       -0.000000        0.000000        0.000000
     H   13        0.000000        0.000000        0.000000
     H   13        0.000000        0.000000        0.000000

     C   14       -0.076903       -0.091277       -0.092655
     C   14       -0.091277        0.063205        0.056497
     C   14       -0.092655        0.056497        0.013698

     H   15       -0.000000        0.000000        0.000000
     H   15        0.000000        0.000000        0.000000
     H   15        0.000000        0.000000        0.000000

     C   16        0.024914       -0.032274       -0.112935
     C   16       -0.032274       -0.039259        0.017872
     C   16       -0.112935        0.017872        0.014346

     C   17       -0.022502       -0.228351       -0.005053
     C   17       -0.228351        0.128536       -0.206164
     C   17       -0.005053       -0.206164       -0.106034

     Cl  18       -1.141465        0.138652       -0.272988
     Cl  18        0.138652        2.640699       -1.167427
     Cl  18       -0.272988       -1.167427       -1.499234

     H   19       -0.000000        0.000000        0.000000
     H   19        0.000000        0.000000        0.000000
     H   19        0.000000        0.000000        0.000000

     C   20       -0.243412       -0.011047       -0.047828
     C   20       -0.011047        0.300728       -0.120494
     C   20       -0.047828       -0.120494       -0.057317

     H   21       -0.000000        0.000000        0.000000
     H   21        0.000000        0.000000        0.000000
     H   21        0.000000        0.000000        0.000000

     C   22       -0.048656        0.045174       -0.026214
     C   22        0.045174       -0.048557       -0.112568
     C   22       -0.026214       -0.112568        0.097213

     C   23       -0.157466        0.001322       -0.023209
     C   23        0.001322        0.083482       -0.163167
     C   23       -0.023209       -0.163167        0.073983

     Cl  24       -0.465698        1.565011        0.031512
     Cl  24        1.565011       -0.152711       -1.919633
     Cl  24        0.031512       -1.919633        0.618409

     ----- total EFG -----
     Cl   1        0.158235       -0.671589        0.379560
     Cl   1       -0.671589        1.366796        1.288473
     Cl   1        0.379560        1.288473       -1.525031

     C    2       -0.728009        0.198126       -0.119207
     C    2        0.198126        0.623900        0.266225
     C    2       -0.119207        0.266225        0.104109

     C    3        0.363016       -0.261925        0.033561
     C    3       -0.261925       -0.002163       -0.050313
     C    3        0.033561       -0.050313       -0.360853

     H    4        0.656985        0.211592        0.315943
     H    4        0.211592       -0.554974        0.229679
     H    4        0.315943        0.229679       -0.102011

     C    5       -0.360746        0.056124        0.287576
     C    5        0.056124        0.253062        0.201492
     C    5        0.287576        0.201492        0.107685

     H    6       -0.052334        0.041470        0.086537
     H    6        0.041470        0.486858        0.713989
     H    6        0.086537        0.713989       -0.434524

     H    7       -0.162630        0.016064        0.084488
     H    7        0.016064        0.342498       -0.553701
     H    7        0.084488       -0.553701       -0.179868

     C    8        0.469127        0.050886       -0.069192
     C    8        0.050886        0.103866        0.070911
     C    8       -0.069192        0.070911       -0.572993

     H    9        0.580465       -0.055960        0.458889
     H    9       -0.055960       -0.455108       -0.354926
     H    9        0.458889       -0.354926       -0.125357

     C   10       -0.125438        0.049005        0.098605
     C   10        0.049005        0.201542       -0.478321
     C   10        0.098605       -0.478321       -0.076104

     C   11        0.386672        0.057338       -0.095216
     C   11        0.057338        0.302617        0.256291
     C   11       -0.095216        0.256291       -0.689289

     Cl  12       -0.473832       -0.097617       -0.267655
     Cl  12       -0.097617        0.309969        0.845572
     Cl  12       -0.267655        0.845572        0.163863

     H   13       -0.089830        0.074298        0.157639
     H   13        0.074298        0.244971        0.146045
     H   13        0.157639        0.146045       -0.155141

     C   14       -0.044595       -0.432012       -0.160573
     C   14       -0.432012       -0.051655       -0.011113
     C   14       -0.160573       -0.011113        0.096250

     H   15        0.388023       -0.130187        0.275710
     H   15       -0.130187       -0.186841        0.141584
     H   15        0.275710        0.141584       -0.201182

     C   16       -0.140067       -0.004286       -0.196516
     C   16       -0.004286       -0.162817        0.151176
     C   16       -0.196516        0.151176        0.302883

     C   17        0.112520       -0.774047       -0.014208
     C   17       -0.774047        0.001807       -0.504028
     C   17       -0.014208       -0.504028       -0.114327

     Cl  18       -1.184600        0.249541       -0.264055
     Cl  18        0.249541        2.647198       -1.189056
     Cl  18       -0.264055       -1.189056       -1.462598

     H   19       -0.145113       -0.094902        0.113670
     H   19       -0.094902        0.333316        0.036861
     H   19        0.113670        0.036861       -0.188203

     C   20       -0.801964       -0.360153       -0.380659
     C   20       -0.360153        0.865062       -0.395379
     C   20       -0.380659       -0.395379       -0.063097

     H   21        0.292000       -0.297955        0.634150
     H   21       -0.297955        0.011497        0.009983
     H   21        0.634150        0.009983       -0.303497

     C   22        0.364687        0.151745       -0.078577
     C   22        0.151745       -0.378156       -0.101906
     C   22       -0.078577       -0.101906        0.013469

     C   23       -0.665710       -0.361737       -0.250929
     C   23       -0.361737        0.558158       -0.473062
     C   23       -0.250929       -0.473062        0.107553

     Cl  24       -0.300840        1.791697        0.088327
     Cl  24        1.791697       -0.190716       -1.926735
     Cl  24        0.088327       -1.926735        0.491556

     ----- total EFG (symmetrized) -----
     Cl   1        0.158235       -0.671589        0.379560
     Cl   1       -0.671589        1.366796        1.288473
     Cl   1        0.379560        1.288473       -1.525031

     C    2       -0.728009        0.198126       -0.119207
     C    2        0.198126        0.623900        0.266225
     C    2       -0.119207        0.266225        0.104109

     C    3        0.363016       -0.261925        0.033561
     C    3       -0.261925       -0.002163       -0.050313
     C    3        0.033561       -0.050313       -0.360853

     H    4        0.656985        0.211592        0.315943
     H    4        0.211592       -0.554974        0.229679
     H    4        0.315943        0.229679       -0.102011

     C    5       -0.360746        0.056124        0.287576
     C    5        0.056124        0.253062        0.201492
     C    5        0.287576        0.201492        0.107685

     H    6       -0.052334        0.041470        0.086537
     H    6        0.041470        0.486858        0.713989
     H    6        0.086537        0.713989       -0.434524

     H    7       -0.162630        0.016064        0.084488
     H    7        0.016064        0.342498       -0.553701
     H    7        0.084488       -0.553701       -0.179868

     C    8        0.469127        0.050886       -0.069192
     C    8        0.050886        0.103866        0.070911
     C    8       -0.069192        0.070911       -0.572993

     H    9        0.580465       -0.055960        0.458889
     H    9       -0.055960       -0.455108       -0.354926
     H    9        0.458889       -0.354926       -0.125357

     C   10       -0.125438        0.049005        0.098605
     C   10        0.049005        0.201542       -0.478321
     C   10        0.098605       -0.478321       -0.076104

     C   11        0.386672        0.057338       -0.095216
     C   11        0.057338        0.302617        0.256291
     C   11       -0.095216        0.256291       -0.689289

     Cl  12       -0.473832       -0.097617       -0.267655
     Cl  12       -0.097617        0.309969        0.845572
     Cl  12       -0.267655        0.845572        0.163863

     H   13       -0.089830        0.074298        0.157639
     H   13        0.074298        0.244971        0.146045
     H   13        0.157639        0.146045       -0.155141

     C   14       -0.044595       -0.432012       -0.160573
     C   14       -0.432012       -0.051655       -0.011113
     C   14       -0.160573       -0.011113        0.096250

     H   15        0.388023       -0.130187        0.275710
     H   15       -0.130187       -0.186841        0.141584
     H   15        0.275710        0.141584       -0.201182

     C   16       -0.140067       -0.004286       -0.196516
     C   16       -0.004286       -0.162817        0.151176
     C   16       -0.196516        0.151176        0.302883

     C   17        0.112520       -0.774047       -0.014208
     C   17       -0.774047        0.001807       -0.504028
     C   17       -0.014208       -0.504028       -0.114327

     Cl  18       -1.184600        0.249541       -0.264055
     Cl  18        0.249541        2.647198       -1.189056
     Cl  18       -0.264055       -1.189056       -1.462598

     H   19       -0.145113       -0.094902        0.113670
     H   19       -0.094902        0.333316        0.036861
     H   19        0.113670        0.036861       -0.188203

     C   20       -0.801964       -0.360153       -0.380659
     C   20       -0.360153        0.865062       -0.395379
     C   20       -0.380659       -0.395379       -0.063097

     H   21        0.292000       -0.297955        0.634150
     H   21       -0.297955        0.011497        0.009983
     H   21        0.634150        0.009983       -0.303497

     C   22        0.364687        0.151745       -0.078577
     C   22        0.151745       -0.378156       -0.101906
     C   22       -0.078577       -0.101906        0.013469

     C   23       -0.665710       -0.361737       -0.250929
     C   23       -0.361737        0.558158       -0.473062
     C   23       -0.250929       -0.473062        0.107553

     Cl  24       -0.300840        1.791697        0.088327
     Cl  24        1.791697       -0.190716       -1.926735
     Cl  24        0.088327       -1.926735        0.491556


     NQR/NMR SPECTROSCOPIC PARAMETERS:
     Cl   1    Vxx=    0.1750    axis=(  0.928827  0.164454  0.332017)
     Cl   1    Vyy=    1.9962    axis=( -0.270673  0.913097  0.304942)
     Cl   1    Vzz=   -2.1712    axis=( -0.253015 -0.373106  0.892623)
     Cl   1  Q=        -8.1650 1e-30 m^2  Cq=        41.6531 MHz  eta= 0.83879

     C    2    Vxx=    0.0361    axis=( -0.229678 -0.336239  0.913341)
     C    2    Vyy=    0.7490    axis=(  0.094799  0.926237  0.364826)
     C    2    Vzz=   -0.7851    axis=( -0.968639  0.170376 -0.180862)
     C    2  Q=         1.0000 1e-30 m^2  Cq=        -1.8447 MHz  eta= 0.90810

     C    3    Vxx=   -0.1352    axis=(  0.468280  0.874642 -0.125360)
     C    3    Vyy=   -0.3678    axis=(  0.004525  0.139502  0.990211)
     C    3    Vzz=    0.5030    axis=(  0.883569 -0.464263  0.061368)
     C    3  Q=         1.0000 1e-30 m^2  Cq=         1.1818 MHz  eta= 0.46245

     H    4    Vxx=   -0.1717    axis=( -0.405218  0.294863  0.865364)
     H    4    Vyy=   -0.6559    axis=( -0.066491  0.934547 -0.349572)
     H    4    Vzz=    0.8276    axis=( -0.911799 -0.199192 -0.359090)
     H    4  Q=         1.0000 1e-30 m^2  Cq=         1.9446 MHz  eta= 0.58509

     C    5    Vxx=    0.0437    axis=(  0.348874 -0.696805  0.626698)
     C    5    Vyy=    0.4555    axis=(  0.275416  0.715416  0.642127)
     C    5    Vzz=   -0.4993    axis=( -0.895786 -0.051419  0.441501)
     C    5  Q=         1.0000 1e-30 m^2  Cq=        -1.1731 MHz  eta= 0.82477

     H    6    Vxx=   -0.0547    axis=(  0.993893 -0.107709  0.023976)
     H    6    Vyy=   -0.8276    axis=( -0.072563 -0.474275  0.877381)
     H    6    Vzz=    0.8824    axis=( -0.083131 -0.873763 -0.479195)
     H    6  Q=         1.0000 1e-30 m^2  Cq=         2.0732 MHz  eta= 0.87592

     H    7    Vxx=   -0.1472    axis=(  0.978308  0.140275  0.152433)
     H    7    Vyy=   -0.5475    axis=( -0.203797  0.519796  0.829626)
     H    7    Vzz=    0.6947    axis=(  0.037141 -0.842695  0.537108)
     H    7  Q=         1.0000 1e-30 m^2  Cq=         1.6323 MHz  eta= 0.57633

     C    8    Vxx=    0.1061    axis=( -0.116397  0.986538  0.114871)
     C    8    Vyy=    0.4794    axis=(  0.990716  0.123505 -0.056813)
     C    8    Vzz=   -0.5856    axis=(  0.070235 -0.107191  0.991755)
     C    8  Q=         1.0000 1e-30 m^2  Cq=        -1.3758 MHz  eta= 0.63755

     H    9    Vxx=   -0.1232    axis=( -0.467105 -0.607863  0.642118)
     H    9    Vyy=   -0.7183    axis=( -0.179973  0.776372  0.604033)
     H    9    Vzz=    0.8415    axis=(  0.865692 -0.166583  0.472046)
     H    9  Q=         1.0000 1e-30 m^2  Cq=         1.9771 MHz  eta= 0.70722

     C   10    Vxx=   -0.0919    axis=( -0.953314 -0.203888 -0.222759)
     C   10    Vyy=   -0.4695    axis=( -0.300520  0.568088  0.766136)
     C   10    Vzz=    0.5614    axis=(  0.029659 -0.797312  0.602839)
     C   10  Q=         1.0000 1e-30 m^2  Cq=         1.3190 MHz  eta= 0.67253

     C   11    Vxx=    0.3441    axis=( -0.531242  0.809574  0.249742)
     C   11    Vyy=    0.4173    axis=(  0.842202  0.536665  0.051825)
     C   11    Vzz=   -0.7614    axis=(  0.092071 -0.237865  0.966925)
     C   11  Q=         1.0000 1e-30 m^2  Cq=        -1.7890 MHz  eta= 0.09626

     Cl  12    Vxx=   -0.4243    axis=(  0.811631  0.484218 -0.326785)
     Cl  12    Vyy=   -0.7016    axis=( -0.562658  0.497572 -0.660181)
     Cl  12    Vzz=    1.1259    axis=(  0.157073 -0.719691 -0.676294)
     Cl  12  Q=        -8.1650 1e-30 m^2  Cq=       -21.5990 MHz  eta= 0.24625

     H   13    Vxx=   -0.0365    axis=(  0.763903 -0.444426  0.467908)
     H   13    Vyy=   -0.2928    axis=(  0.574970  0.139496 -0.806195)
     H   13    Vzz=    0.3293    axis=(  0.293023  0.884888  0.362093)
     H   13  Q=         1.0000 1e-30 m^2  Cq=         0.7738 MHz  eta= 0.77836

     C   14    Vxx=    0.0845    axis=( -0.093246  0.371245 -0.923841)
     C   14    Vyy=    0.4205    axis=(  0.701379 -0.634078 -0.325596)
     C   14    Vzz=   -0.5050    axis=(  0.706663  0.678323  0.201258)
     C   14  Q=         1.0000 1e-30 m^2  Cq=        -1.1866 MHz  eta= 0.66532

     H   15    Vxx=   -0.0643    axis=(  0.123566 -0.803628 -0.582163)
     H   15    Vyy=   -0.4400    axis=(  0.337472  0.585723 -0.736913)
     H   15    Vzz=    0.5042    axis=(  0.933190 -0.105406  0.343577)
     H   15  Q=         1.0000 1e-30 m^2  Cq=         1.1848 MHz  eta= 0.74513

     C   16    Vxx=   -0.1577    axis=(  0.672073  0.739168  0.044138)
     C   16    Vyy=   -0.2555    axis=( -0.664657  0.628454 -0.404075)
     C   16    Vzz=    0.4132    axis=( -0.326418  0.242231  0.913660)
     C   16  Q=         1.0000 1e-30 m^2  Cq=         0.9708 MHz  eta= 0.23670

     C   17    Vxx=   -0.0333    axis=(  0.545611  0.118011 -0.829688)
     C   17    Vyy=   -0.9136    axis=(  0.540032  0.707558  0.455770)
     C   17    Vzz=    0.9469    axis=( -0.640838  0.696731 -0.322322)
     C   17  Q=         1.0000 1e-30 m^2  Cq=         2.2249 MHz  eta= 0.92968

     Cl  18    Vxx=   -1.1505    axis=(  0.954971 -0.143976 -0.259426)
     Cl  18    Vyy=   -1.8389    axis=(  0.287305  0.230439  0.929706)
     Cl  18    Vzz=    2.9894    axis=( -0.074074 -0.962376  0.261428)
     Cl  18  Q=        -8.1650 1e-30 m^2  Cq=       -57.3503 MHz  eta= 0.23029

     H   19    Vxx=   -0.0567    axis=(  0.735066  0.115711  0.668049)
     H   19    Vyy=   -0.2951    axis=( -0.653366 -0.142275  0.743553)
     H   19    Vzz=    0.3519    axis=( -0.181084  0.983041  0.028980)
     H   19  Q=         1.0000 1e-30 m^2  Cq=         0.8268 MHz  eta= 0.67748

     C   20    Vxx=    0.0501    axis=( -0.470877  0.207859  0.857362)
     C   20    Vyy=    1.0364    axis=(  0.123848 -0.946647  0.297524)
     C   20    Vzz=   -1.0866    axis=(  0.873462  0.246280  0.420012)
     C   20  Q=         1.0000 1e-30 m^2  Cq=        -2.5530 MHz  eta= 0.90776

     H   21    Vxx=   -0.0302    axis=( -0.141187 -0.921693 -0.361315)
     H   21    Vyy=   -0.7459    axis=(  0.554539  0.228709 -0.800112)
     H   21    Vzz=    0.7761    axis=(  0.820093 -0.313329  0.478823)
     H   21  Q=         1.0000 1e-30 m^2  Cq=         1.8235 MHz  eta= 0.92210

     C   22    Vxx=    0.0067    axis=(  0.270499 -0.145342  0.951686)
     C   22    Vyy=    0.4181    axis=( -0.948233 -0.211069  0.237284)
     C   22    Vzz=   -0.4248    axis=(  0.166384 -0.966605 -0.194912)
     C   22  Q=         1.0000 1e-30 m^2  Cq=        -0.9982 MHz  eta= 0.96847

     C   23    Vxx=    0.0326    axis=( -0.480848  0.380210  0.790079)
     C   23    Vyy=    0.8781    axis=(  0.122597 -0.863084  0.489956)
     C   23    Vzz=   -0.9107    axis=(  0.868191  0.332456  0.368400)
     C   23  Q=         1.0000 1e-30 m^2  Cq=        -2.1398 MHz  eta= 0.92837

     Cl  24    Vxx=    0.1468    axis=(  0.736941  0.151648  0.658726)
     Cl  24    Vyy=    2.5909    axis=(  0.404144  0.682302 -0.609206)
     Cl  24    Vzz=   -2.7377    axis=(  0.541835 -0.715170 -0.441528)
     Cl  24  Q=        -8.1650 1e-30 m^2  Cq=        52.5210 MHz  eta= 0.89275

     Initialization:
     gipaw_setup  :      9.06s CPU     11.19s WALL (       1 calls)

     Linear response

     Apply operators

     Induced current

     Other routines
     efg          :      9.36s CPU     11.64s WALL (       1 calls)

     General routines
     calbec       :      3.25s CPU      4.17s WALL (      16 calls)
     fft          :      1.77s CPU      3.08s WALL (      15 calls)
     ffts         :      0.05s CPU      0.06s WALL (       2 calls)
     fftw         :      3.33s CPU      4.14s WALL (     672 calls)
     davcio       :      0.05s CPU      0.33s WALL (      32 calls)

     Parallel routines
     fft_scatter  :      2.56s CPU      4.48s WALL (     689 calls)

     Plugins

     GIPAW        :     61.28s CPU     72.93s WALL (       1 calls)
