
     Program QE v.6.0 (svn rev. 13079) starts on  9Jan2017 at  4:48:20 

     This program is part of the open-source Quantum ESPRESSO suite
     for quantum simulation of materials; please cite
         "P. Giannozzi et al., J. Phys.:Condens. Matter 21 395502 (2009);
          URL http://www.quantum-espresso.org", 
     in publications or presentations arising from this work. More details at
     http://www.quantum-espresso.org/quote

     Parallel version (MPI), running on     8 processors
     R & G space division:  proc/nbgrp/npool/nimage =       8

     ***** This is GIPAW svn revision unknown      *****

     Parallelizing q-star over 1 images

     Reading data from directory:
     /users/majewski/paradichlorobenzene/pbe/9_constraint/scratch/pbe.ecut100.np8.dt60.pcl2phi-129368.save
     Message from routine read_xml_file:
     file /users/majewski/paradichlorobenzene/pbe/9_constraint/scratch/pbe.ecut100.np8.dt60.pcl2phi-129368.save not guaranteed to be safe for post-processing

   Info: using nr1, nr2, nr3 values from input

   Info: using nr1, nr2, nr3 values from input

     IMPORTANT: XC functional enforced from input :
     Exchange-correlation      =  SLA  PW   PBX  PBC ( 1  4  3  4 0 0)
     Any further DFT definition will be discarded
     Please, verify this is what you really want

               file C.pbe-n-kjpaw_psl.1.0.0.UPF: wavefunction(s)  2S 2P renormalized
               file Cl.pbe-n-kjpaw_psl.1.0.0.UPF: wavefunction(s)  3S 3P renormalized
               file H.pbe-kjpaw_psl.1.0.0.UPF: wavefunction(s)  1S renormalized

     Parallelization info
     --------------------
     sticks:   dense  smooth     PW     G-vecs:    dense   smooth      PW
     Min        3057    1223    332               144436    36536    5170
     Max        3059    1225    333               144437    36537    5171
     Sum       24467    9791   2657              1155489   292295   41363


     Subspace diagonalization in iterative solution of the eigenvalue problem:
     a serial algorithm will be used

     GIPAW projectors -----------------------------------------------
     atom=  C    l=0  rc=    1.2000  rs=    0.8000
     atom=  C    l=0  rc=    1.2000  rs=    0.8000
     atom=  C    l=1  rc=    1.4000  rs=    0.9333
     atom=  C    l=1  rc=    1.4000  rs=    0.9333
     projs nearly linearly dependent: l=1  n1,n2= 1, 2  s=  0.99951561

     atom=  Cl   l=0  rc=    1.6000  rs=    1.0667
     atom=  Cl   l=0  rc=    1.6000  rs=    1.0667
     atom=  Cl   l=1  rc=    1.6000  rs=    1.0667
     atom=  Cl   l=1  rc=    1.6000  rs=    1.0667
     atom=  Cl   l=2  rc=    1.6000  rs=    1.0667
     atom=  Cl   l=2  rc=    1.6000  rs=    1.0667
     projs nearly linearly dependent: l=2  n1,n2= 1, 2  s=  0.99993509

     atom=  H    l=0  rc=    1.0000  rs=    0.6667
     atom=  H    l=0  rc=    1.0000  rs=    0.6667
     projs nearly linearly dependent: l=0  n1,n2= 1, 2  s=  0.99968852
     -----------------------------------------------------------------

     GIPAW integrals: -------------------------------------------
     Atom  i/j   nmr_para   nmr_dia   epr_rmc  epr_para   epr_dia
       C   1 1   0.83E+03  0.17E-01  0.93E+01  0.24E+08  0.24E+03
       C   2 1   0.86E+03 -0.61E-01  0.94E+01  0.25E+08  0.25E+03
       C   2 2   0.90E+03 -0.15E+00  0.97E+01  0.26E+08  0.26E+03
       C   3 3   0.33E+01  0.34E+00  0.18E+01  0.55E+03  0.21E+02
       C   4 3   0.35E+01  0.37E+00  0.20E+01  0.59E+03  0.22E+02
       C   4 4   0.38E+01  0.39E+00  0.22E+01  0.63E+03  0.24E+02
       Cl  1 1   0.14E+04 -0.47E+00  0.84E+01  0.32E+09  0.42E+03
       Cl  2 1   0.21E+04 -0.37E+00  0.12E+02  0.49E+09  0.65E+03
       Cl  2 2   0.33E+04 -0.16E+00  0.21E+02  0.76E+09  0.10E+04
       Cl  3 3   0.21E+02  0.79E-01  0.89E+01  0.23E+05  0.13E+03
       Cl  4 3   0.24E+02  0.67E-01  0.99E+01  0.27E+05  0.15E+03
       Cl  4 4   0.28E+02  0.44E-01  0.11E+02  0.32E+05  0.18E+03
       Cl  5 5   0.77E+00  0.19E+00  0.18E+01  0.12E+03  0.22E+02
       Cl  6 5   0.80E+00  0.19E+00  0.19E+01  0.12E+03  0.23E+02
       Cl  6 6   0.83E+00  0.20E+00  0.19E+01  0.12E+03  0.23E+02
       H   1 1   0.39E+02  0.19E+00  0.29E+00  0.78E+05  0.13E+02
       H   2 1   0.41E+02  0.21E+00  0.32E+00  0.82E+05  0.14E+02
       H   2 2   0.43E+02  0.22E+00  0.36E+00  0.86E+05  0.15E+02
     ------------------------------------------------------------

     alpha_pv=     33.8966 eV

     Number of occupied bands for each k-point:
     k-point:     1    nbnd_occ=  42
     k-point:     2    nbnd_occ=  42
     k-point:     3    nbnd_occ=  42
     k-point:     4    nbnd_occ=  42
     k-point:     5    nbnd_occ=  42
     k-point:     6    nbnd_occ=  42
     k-point:     7    nbnd_occ=  42
     k-point:     8    nbnd_occ=  42
     k-point:     9    nbnd_occ=  42
     k-point:    10    nbnd_occ=  42
     k-point:    11    nbnd_occ=  42
     k-point:    12    nbnd_occ=  42
     k-point:    13    nbnd_occ=  42
     k-point:    14    nbnd_occ=  42
     k-point:    15    nbnd_occ=  42
     k-point:    16    nbnd_occ=  42


     q-space interpolation up to   110.00 Rydberg

     GIPAW job: efg                                                                             


     ELECTRIC FIELD GRADIENTS TENSORS IN Hartree/bohrradius^2:

     ----- bare term -----
     Cl   1       -0.095676        0.152720       -0.083924
     Cl   1        0.152720        0.044367       -0.122663
     Cl   1       -0.083924       -0.122663        0.051309

     C    2       -0.068806        0.222252       -0.224035
     C    2        0.222252       -0.019505       -0.667825
     C    2       -0.224035       -0.667825        0.088311

     C    3       -0.228091        0.165941       -0.213681
     C    3        0.165941        0.001688       -0.232076
     C    3       -0.213681       -0.232076        0.226402

     H    4       -0.394030       -0.521188        0.047550
     H    4       -0.521188        0.072022        0.097131
     H    4        0.047550        0.097131        0.322007

     C    5       -0.024673        0.344142       -0.100944
     C    5        0.344142       -0.236139       -0.324528
     C    5       -0.100944       -0.324528        0.260812

     H    6       -0.012245       -0.507497        0.033459
     H    6       -0.507497       -0.387298       -0.138169
     H    6        0.033459       -0.138169        0.399543

     H    7        0.469700        0.107686       -0.033322
     H    7        0.107686       -0.589035        0.291513
     H    7       -0.033322        0.291513        0.119335

     C    8       -0.605273       -0.312213       -0.460874
     C    8       -0.312213        0.068816        0.057930
     C    8       -0.460874        0.057930        0.536458

     H    9       -0.648947        0.287038       -0.173433
     H    9        0.287038        0.369507        0.127039
     H    9       -0.173433        0.127039        0.279440

     C   10       -0.041248        0.176571       -0.280614
     C   10        0.176571       -0.108453        0.686827
     C   10       -0.280614        0.686827        0.149701

     C   11       -0.388974       -0.344804       -0.177587
     C   11       -0.344804       -0.043954        0.434070
     C   11       -0.177587        0.434070        0.432928

     Cl  12        0.147986       -0.012328       -0.050604
     Cl  12       -0.012328       -0.078551       -0.236987
     Cl  12       -0.050604       -0.236987       -0.069435

     H   13        0.451980       -0.028165       -0.135820
     H   13       -0.028165       -0.573966       -0.407599
     H   13       -0.135820       -0.407599        0.121986

     C   14       -0.871825        0.354169       -0.433215
     C   14        0.354169        0.353827       -0.009195
     C   14       -0.433215       -0.009195        0.517998

     H   15       -0.487533       -0.318098       -0.106744
     H   15       -0.318098        0.404185       -0.107190
     H   15       -0.106744       -0.107190        0.083348

     C   16        0.012969        0.302937       -0.053196
     C   16        0.302937       -0.485457       -0.403356
     C   16       -0.053196       -0.403356        0.472488

     C   17       -0.490167        0.331650       -0.426374
     C   17        0.331650        0.281257       -0.196493
     C   17       -0.426374       -0.196493        0.208910

     Cl  18       -0.078758        0.022658        0.057993
     Cl  18        0.022658       -0.041782        0.103006
     Cl  18        0.057993        0.103006        0.120540

     H   19        0.345875       -0.225300       -0.018904
     H   19       -0.225300       -0.693082        0.286925
     H   19       -0.018904        0.286925        0.347207

     C   20       -0.164507        0.224286       -0.338556
     C   20        0.224286        0.043885        0.539788
     C   20       -0.338556        0.539788        0.120622

     H   21       -0.004351        0.079983       -0.317332
     H   21        0.079983       -0.106489        0.525110
     H   21       -0.317332        0.525110        0.110840

     C   22       -0.520928       -0.324818       -0.304860
     C   22       -0.324818        0.127633        0.101958
     C   22       -0.304860        0.101958        0.393294

     C   23        0.034368        0.330875       -0.483749
     C   23        0.330875       -0.228335        0.505109
     C   23       -0.483749        0.505109        0.193967

     Cl  24       -0.205052       -0.350984       -0.049188
     Cl  24       -0.350984       -0.048576       -0.015063
     Cl  24       -0.049188       -0.015063        0.253628

     ----- ionic term -----
     Cl   1        0.135372       -0.186177       -0.030622
     Cl   1       -0.186177        0.017909        0.017729
     Cl   1       -0.030622        0.017729       -0.153281

     C    2        0.307471       -0.075088        0.170246
     C    2       -0.075088        0.160448        0.374017
     C    2        0.170246        0.374017       -0.467919

     C    3        0.183164       -0.174682        0.140090
     C    3       -0.174682        0.244560        0.392445
     C    3        0.140090        0.392445       -0.427724

     H    4        0.667539        0.378042        0.571969
     H    4        0.378042       -0.385166        0.244026
     H    4        0.571969        0.244026       -0.282373

     C    5        0.356926       -0.120507        0.180657
     C    5       -0.120507        0.082225        0.294704
     C    5        0.180657        0.294704       -0.439151

     H    6       -0.452704        0.276495        0.165533
     H    6        0.276495        0.629805        0.667009
     H    6        0.165533        0.667009       -0.177101

     H    7       -0.493896        0.000168        0.013922
     H    7        0.000168        0.835495       -0.544796
     H    7        0.013922       -0.544796       -0.341599

     C    8        0.238359        0.152403        0.348757
     C    8        0.152403        0.147387       -0.220767
     C    8        0.348757       -0.220767       -0.385746

     H    9        0.659983       -0.565876        0.417370
     H    9       -0.565876       -0.192096       -0.222410
     H    9        0.417370       -0.222410       -0.467886

     C   10        0.100475        0.117526        0.226167
     C   10        0.117526        0.328160       -0.294731
     C   10        0.226167       -0.294731       -0.428635

     C   11        0.095494        0.158094        0.351586
     C   11        0.158094        0.267120       -0.325638
     C   11        0.351586       -0.325638       -0.362615

     Cl  12        0.119924        0.225452        0.051274
     Cl  12        0.225452        0.044397        0.031493
     Cl  12        0.051274        0.031493       -0.164321

     H   13       -0.503406        0.060031        0.029329
     H   13        0.060031        0.866376        0.562624
     H   13        0.029329        0.562624       -0.362970

     C   14        0.401560       -0.170960        0.149476
     C   14       -0.170960        0.121152        0.269059
     C   14        0.149476        0.269059       -0.522712

     H   15        0.671686        0.507064        0.499639
     H   15        0.507064       -0.271423        0.259110
     H   15        0.499639        0.259110       -0.400263

     C   16        0.181582       -0.157617        0.120979
     C   16       -0.157617        0.297207        0.384411
     C   16        0.120979        0.384411       -0.478790

     C   17        0.233010       -0.089869        0.130702
     C   17       -0.089869        0.201231        0.388017
     C   17        0.130702        0.388017       -0.434241

     Cl  18        0.138072       -0.188847       -0.037736
     Cl  18       -0.188847       -0.016732        0.028468
     Cl  18       -0.037736        0.028468       -0.121340

     H   19       -0.524574        0.012165       -0.001604
     H   19        0.012165        0.578366       -0.713423
     H   19       -0.001604       -0.713423       -0.053792

     C   20        0.188209        0.207975        0.349065
     C   20        0.207975        0.118576       -0.241967
     C   20        0.349065       -0.241967       -0.306786

     H   21        0.431831       -0.377487        0.706281
     H   21       -0.377487       -0.317227       -0.321579
     H   21        0.706281       -0.321579       -0.114604

     C   22        0.053381        0.226202        0.278086
     C   22        0.226202        0.287095       -0.324485
     C   22        0.278086       -0.324485       -0.340475

     C   23        0.149334        0.169915        0.342665
     C   23        0.169915        0.220581       -0.345375
     C   23        0.342665       -0.345375       -0.369915

     Cl  24        0.128748        0.210300        0.059940
     Cl  24        0.210300        0.043045        0.029588
     Cl  24        0.059940        0.029588       -0.171794

     ----- GIPAW term -----
     Cl   1        0.234359       -0.108226       -1.403889
     Cl   1       -0.108226        0.526431       -1.914489
     Cl   1       -1.403889       -1.914489       -0.760789

     C    2        0.004515        0.081877       -0.099970
     C    2        0.081877        0.111316       -0.205173
     C    2       -0.099970       -0.205173       -0.115831

     C    3       -0.030274        0.102818       -0.111477
     C    3        0.102818        0.042464       -0.096390
     C    3       -0.111477       -0.096390       -0.012189

     H    4       -0.000000        0.000000        0.000000
     H    4        0.000000        0.000000        0.000000
     H    4        0.000000        0.000000        0.000000

     C    5        0.044695        0.174736       -0.061269
     C    5        0.174736        0.011513       -0.120438
     C    5       -0.061269       -0.120438       -0.056208

     H    6       -0.000000        0.000000        0.000000
     H    6        0.000000        0.000000        0.000000
     H    6        0.000000        0.000000        0.000000

     H    7       -0.000000        0.000000        0.000000
     H    7        0.000000        0.000000        0.000000
     H    7        0.000000        0.000000        0.000000

     C    8       -0.096146        0.047509       -0.167003
     C    8        0.047509        0.011592       -0.124781
     C    8       -0.167003       -0.124781        0.084554

     H    9       -0.000000        0.000000        0.000000
     H    9        0.000000        0.000000        0.000000
     H    9        0.000000        0.000000        0.000000

     C   10       -0.035194        0.201598       -0.002646
     C   10        0.201598        0.094950        0.189454
     C   10       -0.002646        0.189454       -0.059756

     C   11       -0.119738        0.069508        0.023853
     C   11        0.069508        0.083540        0.219131
     C   11        0.023853        0.219131        0.036198

     Cl  12       -0.298593        0.810422       -0.533245
     Cl  12        0.810422        0.136975        1.540124
     Cl  12       -0.533245        1.540124        0.161618

     H   13       -0.000000        0.000000        0.000000
     H   13        0.000000        0.000000        0.000000
     H   13        0.000000        0.000000        0.000000

     C   14       -0.241119        0.067598       -0.040686
     C   14        0.067598        0.169589        0.180913
     C   14       -0.040686        0.180913        0.071530

     H   15       -0.000000        0.000000        0.000000
     H   15        0.000000        0.000000        0.000000
     H   15        0.000000        0.000000        0.000000

     C   16       -0.104674        0.060046        0.040726
     C   16        0.060046       -0.030650        0.155853
     C   16        0.040726        0.155853        0.135324

     C   17       -0.060641        0.102976       -0.030549
     C   17        0.102976        0.214105        0.052136
     C   17       -0.030549        0.052136       -0.153465

     Cl  18       -0.381803       -1.386132        0.563392
     Cl  18       -1.386132       -0.457112        1.874345
     Cl  18        0.563392        1.874345        0.838915

     H   19       -0.000000        0.000000        0.000000
     H   19        0.000000        0.000000        0.000000
     H   19        0.000000        0.000000        0.000000

     C   20       -0.077016        0.139500       -0.006496
     C   20        0.139500        0.177027        0.189475
     C   20       -0.006496        0.189475       -0.100011

     H   21       -0.000000        0.000000        0.000000
     H   21        0.000000        0.000000        0.000000
     H   21        0.000000        0.000000        0.000000

     C   22       -0.088234        0.141825       -0.108649
     C   22        0.141825        0.146894       -0.107317
     C   22       -0.108649       -0.107317       -0.058660

     C   23        0.020058        0.253280       -0.152038
     C   23        0.253280        0.019956       -0.079158
     C   23       -0.152038       -0.079158       -0.040015

     Cl  24        0.039517        0.706073       -2.086098
     Cl  24        0.706073       -1.340473       -0.585229
     Cl  24       -2.086098       -0.585229        1.300956

     ----- total EFG -----
     Cl   1        0.274055       -0.141684       -1.518434
     Cl   1       -0.141684        0.588706       -2.019423
     Cl   1       -1.518434       -2.019423       -0.862762

     C    2        0.243180        0.229041       -0.153759
     C    2        0.229041        0.252259       -0.498982
     C    2       -0.153759       -0.498982       -0.495439

     C    3       -0.075201        0.094077       -0.185068
     C    3        0.094077        0.288712        0.063980
     C    3       -0.185068        0.063980       -0.213511

     H    4        0.273509       -0.143145        0.619519
     H    4       -0.143145       -0.313144        0.341158
     H    4        0.619519        0.341158        0.039635

     C    5        0.376949        0.398371        0.018444
     C    5        0.398371       -0.142401       -0.150262
     C    5        0.018444       -0.150262       -0.234547

     H    6       -0.464949       -0.231002        0.198992
     H    6       -0.231002        0.242507        0.528840
     H    6        0.198992        0.528840        0.222442

     H    7       -0.024197        0.107854       -0.019400
     H    7        0.107854        0.246460       -0.253283
     H    7       -0.019400       -0.253283       -0.222263

     C    8       -0.463060       -0.112301       -0.279120
     C    8       -0.112301        0.227795       -0.287618
     C    8       -0.279120       -0.287618        0.235265

     H    9        0.011036       -0.278839        0.243936
     H    9       -0.278839        0.177410       -0.095371
     H    9        0.243936       -0.095371       -0.188446

     C   10        0.024033        0.495695       -0.057092
     C   10        0.495695        0.314658        0.581550
     C   10       -0.057092        0.581550       -0.338691

     C   11       -0.413218       -0.117203        0.197851
     C   11       -0.117203        0.306706        0.327563
     C   11        0.197851        0.327563        0.106512

     Cl  12       -0.030682        1.023546       -0.532575
     Cl  12        1.023546        0.102821        1.334630
     Cl  12       -0.532575        1.334630       -0.072138

     H   13       -0.051426        0.031866       -0.106491
     H   13        0.031866        0.292410        0.155025
     H   13       -0.106491        0.155025       -0.240985

     C   14       -0.711384        0.250807       -0.324425
     C   14        0.250807        0.644569        0.440777
     C   14       -0.324425        0.440777        0.066816

     H   15        0.184153        0.188966        0.392895
     H   15        0.188966        0.132762        0.151920
     H   15        0.392895        0.151920       -0.316916

     C   16        0.089877        0.205366        0.108508
     C   16        0.205366       -0.218900        0.136907
     C   16        0.108508        0.136907        0.129022

     C   17       -0.317798        0.344757       -0.326220
     C   17        0.344757        0.696593        0.243659
     C   17       -0.326220        0.243659       -0.378796

     Cl  18       -0.322489       -1.552321        0.583648
     Cl  18       -1.552321       -0.515626        2.005819
     Cl  18        0.583648        2.005819        0.838115

     H   19       -0.178699       -0.213135       -0.020509
     H   19       -0.213135       -0.114716       -0.426498
     H   19       -0.020509       -0.426498        0.293415

     C   20       -0.053314        0.571761        0.004014
     C   20        0.571761        0.339489        0.487296
     C   20        0.004014        0.487296       -0.286175

     H   21        0.427479       -0.297505        0.388949
     H   21       -0.297505       -0.423716        0.203531
     H   21        0.388949        0.203531       -0.003764

     C   22       -0.555781        0.043209       -0.135423
     C   22        0.043209        0.561622       -0.329844
     C   22       -0.135423       -0.329844       -0.005841

     C   23        0.203760        0.754070       -0.293122
     C   23        0.754070        0.012202        0.080575
     C   23       -0.293122        0.080575       -0.215963

     Cl  24       -0.036787        0.565390       -2.075346
     Cl  24        0.565390       -1.346004       -0.570704
     Cl  24       -2.075346       -0.570704        1.382791

     ----- total EFG (symmetrized) -----
     Cl   1        0.274055       -0.141684       -1.518434
     Cl   1       -0.141684        0.588706       -2.019423
     Cl   1       -1.518434       -2.019423       -0.862762

     C    2        0.243180        0.229041       -0.153759
     C    2        0.229041        0.252259       -0.498982
     C    2       -0.153759       -0.498982       -0.495439

     C    3       -0.075201        0.094077       -0.185068
     C    3        0.094077        0.288712        0.063980
     C    3       -0.185068        0.063980       -0.213511

     H    4        0.273509       -0.143145        0.619519
     H    4       -0.143145       -0.313144        0.341158
     H    4        0.619519        0.341158        0.039635

     C    5        0.376949        0.398371        0.018444
     C    5        0.398371       -0.142401       -0.150262
     C    5        0.018444       -0.150262       -0.234547

     H    6       -0.464949       -0.231002        0.198992
     H    6       -0.231002        0.242507        0.528840
     H    6        0.198992        0.528840        0.222442

     H    7       -0.024197        0.107854       -0.019400
     H    7        0.107854        0.246460       -0.253283
     H    7       -0.019400       -0.253283       -0.222263

     C    8       -0.463060       -0.112301       -0.279120
     C    8       -0.112301        0.227795       -0.287618
     C    8       -0.279120       -0.287618        0.235265

     H    9        0.011036       -0.278839        0.243936
     H    9       -0.278839        0.177410       -0.095371
     H    9        0.243936       -0.095371       -0.188446

     C   10        0.024033        0.495695       -0.057092
     C   10        0.495695        0.314658        0.581550
     C   10       -0.057092        0.581550       -0.338691

     C   11       -0.413218       -0.117203        0.197851
     C   11       -0.117203        0.306706        0.327563
     C   11        0.197851        0.327563        0.106512

     Cl  12       -0.030682        1.023546       -0.532575
     Cl  12        1.023546        0.102821        1.334630
     Cl  12       -0.532575        1.334630       -0.072138

     H   13       -0.051426        0.031866       -0.106491
     H   13        0.031866        0.292410        0.155025
     H   13       -0.106491        0.155025       -0.240985

     C   14       -0.711384        0.250807       -0.324425
     C   14        0.250807        0.644569        0.440777
     C   14       -0.324425        0.440777        0.066816

     H   15        0.184153        0.188966        0.392895
     H   15        0.188966        0.132762        0.151920
     H   15        0.392895        0.151920       -0.316916

     C   16        0.089877        0.205366        0.108508
     C   16        0.205366       -0.218900        0.136907
     C   16        0.108508        0.136907        0.129022

     C   17       -0.317798        0.344757       -0.326220
     C   17        0.344757        0.696593        0.243659
     C   17       -0.326220        0.243659       -0.378796

     Cl  18       -0.322489       -1.552321        0.583648
     Cl  18       -1.552321       -0.515626        2.005819
     Cl  18        0.583648        2.005819        0.838115

     H   19       -0.178699       -0.213135       -0.020509
     H   19       -0.213135       -0.114716       -0.426498
     H   19       -0.020509       -0.426498        0.293415

     C   20       -0.053314        0.571761        0.004014
     C   20        0.571761        0.339489        0.487296
     C   20        0.004014        0.487296       -0.286175

     H   21        0.427479       -0.297505        0.388949
     H   21       -0.297505       -0.423716        0.203531
     H   21        0.388949        0.203531       -0.003764

     C   22       -0.555781        0.043209       -0.135423
     C   22        0.043209        0.561622       -0.329844
     C   22       -0.135423       -0.329844       -0.005841

     C   23        0.203760        0.754070       -0.293122
     C   23        0.754070        0.012202        0.080575
     C   23       -0.293122        0.080575       -0.215963

     Cl  24       -0.036787        0.565390       -2.075346
     Cl  24        0.565390       -1.346004       -0.570704
     Cl  24       -2.075346       -0.570704        1.382791


     NQR/NMR SPECTROSCOPIC PARAMETERS:
     Cl   1    Vxx=    0.5157    axis=(  0.821695 -0.564555 -0.078069)
     Cl   1    Vyy=    2.3474    axis=( -0.405287 -0.675124  0.616401)
     Cl   1    Vzz=   -2.8631    axis=( -0.400699 -0.474853 -0.783553)
     Cl   1  Q=        -8.1650 1e-30 m^2  Cq=        54.9270 MHz  eta= 0.63978

     C    2    Vxx=    0.0709    axis=(  0.843654 -0.495257  0.207289)
     C    2    Vyy=    0.6755    axis=( -0.535566 -0.749243  0.389621)
     C    2    Vzz=   -0.7464    axis=( -0.037653 -0.439722 -0.897344)
     C    2  Q=         1.0000 1e-30 m^2  Cq=        -1.7538 MHz  eta= 0.80990

     C    3    Vxx=    0.0471    axis=( -0.788542  0.149012  0.596654)
     C    3    Vyy=    0.3124    axis=( -0.216464 -0.975366 -0.042486)
     C    3    Vzz=   -0.3594    axis=(  0.575625 -0.162656  0.801373)
     C    3  Q=         1.0000 1e-30 m^2  Cq=        -0.8445 MHz  eta= 0.73818

     H    4    Vxx=   -0.0390    axis=( -0.478152  0.771629  0.419475)
     H    4    Vyy=   -0.7595    axis=(  0.462658  0.627265 -0.626487)
     H    4    Vzz=    0.7984    axis=( -0.746538 -0.105483 -0.656928)
     H    4  Q=         1.0000 1e-30 m^2  Cq=         1.8760 MHz  eta= 0.90236

     C    5    Vxx=   -0.1454    axis=(  0.317349 -0.454660  0.832210)
     C    5    Vyy=   -0.4512    axis=(  0.371897 -0.747605 -0.550254)
     C    5    Vzz=    0.5966    axis=( -0.872343 -0.484119  0.068165)
     C    5  Q=         1.0000 1e-30 m^2  Cq=         1.4017 MHz  eta= 0.51249

     H    6    Vxx=   -0.0657    axis=( -0.604726  0.544328 -0.581389)
     H    6    Vyy=   -0.6963    axis=( -0.796119 -0.433656  0.422063)
     H    6    Vzz=    0.7620    axis=( -0.022383  0.718088  0.695593)
     H    6  Q=         1.0000 1e-30 m^2  Cq=         1.7904 MHz  eta= 0.82754

     H    7    Vxx=   -0.0498    axis=(  0.963745 -0.196618  0.180380)
     H    7    Vyy=   -0.3352    axis=( -0.085977  0.411136  0.907510)
     H    7    Vzz=    0.3850    axis=( -0.252594 -0.890117  0.379326)
     H    7  Q=         1.0000 1e-30 m^2  Cq=         0.9046 MHz  eta= 0.74114

     C    8    Vxx=    0.0770    axis=(  0.431328 -0.718730 -0.545329)
     C    8    Vyy=    0.5357    axis=( -0.136089 -0.649362  0.748203)
     C    8    Vzz=   -0.6126    axis=( -0.891872 -0.248508 -0.377899)
     C    8  Q=         1.0000 1e-30 m^2  Cq=        -1.4394 MHz  eta= 0.74874

     H    9    Vxx=   -0.0974    axis=( -0.474623 -0.676842 -0.562688)
     H    9    Vyy=   -0.3670    axis=(  0.626965  0.188719 -0.755844)
     H    9    Vzz=    0.4644    axis=(  0.617777 -0.711527  0.334785)
     H    9  Q=         1.0000 1e-30 m^2  Cq=         1.0911 MHz  eta= 0.58049

     C   10    Vxx=   -0.0558    axis=(  0.804200 -0.194263 -0.561716)
     C   10    Vyy=   -0.8039    axis=( -0.382636  0.553968 -0.739398)
     C   10    Vzz=    0.8598    axis=(  0.454810  0.809556  0.371168)
     C   10  Q=         1.0000 1e-30 m^2  Cq=         2.0201 MHz  eta= 0.87013

     C   11    Vxx=   -0.0073    axis=( -0.489948  0.535064 -0.688227)
     C   11    Vyy=   -0.5424    axis=( -0.871349 -0.276601  0.405269)
     C   11    Vzz=    0.5497    axis=(  0.026480  0.798247  0.601748)
     C   11  Q=         1.0000 1e-30 m^2  Cq=         1.2917 MHz  eta= 0.97344

     Cl  12    Vxx=    0.4663    axis=(  0.801416  0.080730 -0.592634)
     Cl  12    Vyy=    1.4867    axis=( -0.327308 -0.770120 -0.547526)
     Cl  12    Vzz=   -1.9530    axis=(  0.500601 -0.632770  0.590763)
     Cl  12  Q=        -8.1650 1e-30 m^2  Cq=        37.4666 MHz  eta= 0.52252

     H   13    Vxx=   -0.0067    axis=(  0.927633  0.089147 -0.362697)
     H   13    Vyy=   -0.3275    axis=( -0.373398  0.243080 -0.895257)
     H   13    Vzz=    0.3342    axis=(  0.008355  0.965901  0.258777)
     H   13  Q=         1.0000 1e-30 m^2  Cq=         0.7853 MHz  eta= 0.95975

     C   14    Vxx=    0.0440    axis=(  0.469348  0.386618 -0.793875)
     C   14    Vyy=    0.8858    axis=( -0.046024 -0.887120 -0.459239)
     C   14    Vzz=   -0.9297    axis=(  0.881813 -0.252081  0.398574)
     C   14  Q=         1.0000 1e-30 m^2  Cq=        -2.1845 MHz  eta= 0.90543

     H   15    Vxx=   -0.0048    axis=(  0.477867 -0.859077  0.183384)
     H   15    Vyy=   -0.5353    axis=(  0.463983  0.069580 -0.883107)
     H   15    Vzz=    0.5401    axis=(  0.745897  0.507095  0.431847)
     H   15  Q=         1.0000 1e-30 m^2  Cq=         1.2690 MHz  eta= 0.98230

     C   16    Vxx=    0.0090    axis=( -0.650968 -0.138171  0.746424)
     C   16    Vyy=    0.3256    axis=( -0.649928 -0.406606 -0.642079)
     C   16    Vzz=   -0.3346    axis=( -0.392217  0.903095 -0.174886)
     C   16  Q=         1.0000 1e-30 m^2  Cq=        -0.7862 MHz  eta= 0.94592

     C   17    Vxx=   -0.0290    axis=(  0.695745 -0.091327 -0.712459)
     C   17    Vyy=   -0.7910    axis=( -0.671685  0.268740 -0.690376)
     C   17    Vzz=    0.8200    axis=( -0.254516 -0.958873 -0.125632)
     C   17  Q=         1.0000 1e-30 m^2  Cq=         1.9267 MHz  eta= 0.92928

     Cl  18    Vxx=    0.5795    axis=(  0.826639 -0.301763  0.474981)
     Cl  18    Vyy=    2.3669    axis=(  0.200940 -0.630130 -0.750040)
     Cl  18    Vzz=   -2.9464    axis=(  0.525634  0.715454 -0.460254)
     Cl  18  Q=        -8.1650 1e-30 m^2  Cq=        56.5260 MHz  eta= 0.60661

     H   19    Vxx=   -0.0748    axis=( -0.843139  0.374015  0.386302)
     H   19    Vyy=   -0.5003    axis=(  0.520917  0.746253  0.414430)
     H   19    Vzz=    0.5751    axis=(  0.133276 -0.550653  0.824026)
     H   19  Q=         1.0000 1e-30 m^2  Cq=         1.3513 MHz  eta= 0.74002

     C   20    Vxx=   -0.1798    axis=( -0.718228  0.154083  0.678532)
     C   20    Vyy=   -0.7102    axis=( -0.494605  0.572837 -0.653623)
     C   20    Vzz=    0.8900    axis=(  0.489401  0.805056  0.335217)
     C   20  Q=         1.0000 1e-30 m^2  Cq=         2.0911 MHz  eta= 0.59602

     H   21    Vxx=   -0.0007    axis=(  0.294538 -0.574519 -0.763659)
     H   21    Vyy=   -0.6796    axis=( -0.377446 -0.804075  0.459346)
     H   21    Vzz=    0.6803    axis=( -0.877942  0.152945 -0.453680)
     H   21  Q=         1.0000 1e-30 m^2  Cq=         1.5984 MHz  eta= 0.99807

     C   22    Vxx=   -0.1318    axis=( -0.234781  0.429434  0.872046)
     C   22    Vyy=   -0.5884    axis=(  0.969107  0.033667  0.244333)
     C   22    Vzz=    0.7202    axis=(  0.075566  0.902470 -0.424072)
     C   22  Q=         1.0000 1e-30 m^2  Cq=         1.6923 MHz  eta= 0.63398

     C   23    Vxx=   -0.1221    axis=(  0.170050 -0.420005 -0.891448)
     C   23    Vyy=   -0.7720    axis=(  0.629846 -0.649402  0.426113)
     C   23    Vzz=    0.8941    axis=( -0.757877 -0.633935  0.154107)
     C   23  Q=         1.0000 1e-30 m^2  Cq=         2.1008 MHz  eta= 0.72692

     Cl  24    Vxx=   -1.3785    axis=(  0.460152  0.735169  0.497781)
     Cl  24    Vyy=   -1.6323    axis=( -0.675428  0.653761 -0.341164)
     Cl  24    Vzz=    3.0109    axis=( -0.576243 -0.179228  0.797384)
     Cl  24  Q=        -8.1650 1e-30 m^2  Cq=       -57.7617 MHz  eta= 0.08429

     Initialization:
     gipaw_setup  :      9.56s CPU     11.70s WALL (       1 calls)

     Linear response

     Apply operators

     Induced current

     Other routines
     efg          :     12.50s CPU     27.00s WALL (       1 calls)

     General routines
     calbec       :      3.30s CPU      4.44s WALL (      16 calls)
     fft          :      1.44s CPU      1.78s WALL (      15 calls)
     ffts         :      0.06s CPU      0.09s WALL (       2 calls)
     fftw         :      6.36s CPU     11.84s WALL (     672 calls)
     davcio       :      0.09s CPU      7.45s WALL (      32 calls)

     Parallel routines
     fft_scatter  :      5.14s CPU     10.88s WALL (     689 calls)

     Plugins

     GIPAW        :     64.85s CPU     87.74s WALL (       1 calls)
