
     Program QE v.6.0 (svn rev. 13079) starts on  5Jan2017 at  7:10: 8 

     This program is part of the open-source Quantum ESPRESSO suite
     for quantum simulation of materials; please cite
         "P. Giannozzi et al., J. Phys.:Condens. Matter 21 395502 (2009);
          URL http://www.quantum-espresso.org", 
     in publications or presentations arising from this work. More details at
     http://www.quantum-espresso.org/quote

     Parallel version (MPI), running on     8 processors
     R & G space division:  proc/nbgrp/npool/nimage =       8

     ***** This is GIPAW svn revision unknown      *****

     Parallelizing q-star over 1 images

     Reading data from directory:
     /users/majewski/paradichlorobenzene/pbe/9_constraint/scratch/pbe.ecut100.np8.dt60.pcl2phi-129368.save
     Message from routine read_xml_file:
     file /users/majewski/paradichlorobenzene/pbe/9_constraint/scratch/pbe.ecut100.np8.dt60.pcl2phi-129368.save not guaranteed to be safe for post-processing

   Info: using nr1, nr2, nr3 values from input

   Info: using nr1, nr2, nr3 values from input

     IMPORTANT: XC functional enforced from input :
     Exchange-correlation      =  SLA  PW   PBX  PBC ( 1  4  3  4 0 0)
     Any further DFT definition will be discarded
     Please, verify this is what you really want

               file C.pbe-n-kjpaw_psl.1.0.0.UPF: wavefunction(s)  2S 2P renormalized
               file Cl.pbe-n-kjpaw_psl.1.0.0.UPF: wavefunction(s)  3S 3P renormalized
               file H.pbe-kjpaw_psl.1.0.0.UPF: wavefunction(s)  1S renormalized

     Parallelization info
     --------------------
     sticks:   dense  smooth     PW     G-vecs:    dense   smooth      PW
     Min        3057    1223    332               144436    36536    5170
     Max        3059    1225    333               144437    36537    5171
     Sum       24467    9791   2657              1155489   292295   41363


     Subspace diagonalization in iterative solution of the eigenvalue problem:
     a serial algorithm will be used

     GIPAW projectors -----------------------------------------------
     atom=  C    l=0  rc=    1.2000  rs=    0.8000
     atom=  C    l=0  rc=    1.2000  rs=    0.8000
     atom=  C    l=1  rc=    1.4000  rs=    0.9333
     atom=  C    l=1  rc=    1.4000  rs=    0.9333
     projs nearly linearly dependent: l=1  n1,n2= 1, 2  s=  0.99951561

     atom=  Cl   l=0  rc=    1.6000  rs=    1.0667
     atom=  Cl   l=0  rc=    1.6000  rs=    1.0667
     atom=  Cl   l=1  rc=    1.6000  rs=    1.0667
     atom=  Cl   l=1  rc=    1.6000  rs=    1.0667
     atom=  Cl   l=2  rc=    1.6000  rs=    1.0667
     atom=  Cl   l=2  rc=    1.6000  rs=    1.0667
     projs nearly linearly dependent: l=2  n1,n2= 1, 2  s=  0.99993509

     atom=  H    l=0  rc=    1.0000  rs=    0.6667
     atom=  H    l=0  rc=    1.0000  rs=    0.6667
     projs nearly linearly dependent: l=0  n1,n2= 1, 2  s=  0.99968852
     -----------------------------------------------------------------

     GIPAW integrals: -------------------------------------------
     Atom  i/j   nmr_para   nmr_dia   epr_rmc  epr_para   epr_dia
       C   1 1   0.83E+03  0.17E-01  0.93E+01  0.24E+08  0.24E+03
       C   2 1   0.86E+03 -0.61E-01  0.94E+01  0.25E+08  0.25E+03
       C   2 2   0.90E+03 -0.15E+00  0.97E+01  0.26E+08  0.26E+03
       C   3 3   0.33E+01  0.34E+00  0.18E+01  0.55E+03  0.21E+02
       C   4 3   0.35E+01  0.37E+00  0.20E+01  0.59E+03  0.22E+02
       C   4 4   0.38E+01  0.39E+00  0.22E+01  0.63E+03  0.24E+02
       Cl  1 1   0.14E+04 -0.47E+00  0.84E+01  0.32E+09  0.42E+03
       Cl  2 1   0.21E+04 -0.37E+00  0.12E+02  0.49E+09  0.65E+03
       Cl  2 2   0.33E+04 -0.16E+00  0.21E+02  0.76E+09  0.10E+04
       Cl  3 3   0.21E+02  0.79E-01  0.89E+01  0.23E+05  0.13E+03
       Cl  4 3   0.24E+02  0.67E-01  0.99E+01  0.27E+05  0.15E+03
       Cl  4 4   0.28E+02  0.44E-01  0.11E+02  0.32E+05  0.18E+03
       Cl  5 5   0.77E+00  0.19E+00  0.18E+01  0.12E+03  0.22E+02
       Cl  6 5   0.80E+00  0.19E+00  0.19E+01  0.12E+03  0.23E+02
       Cl  6 6   0.83E+00  0.20E+00  0.19E+01  0.12E+03  0.23E+02
       H   1 1   0.39E+02  0.19E+00  0.29E+00  0.78E+05  0.13E+02
       H   2 1   0.41E+02  0.21E+00  0.32E+00  0.82E+05  0.14E+02
       H   2 2   0.43E+02  0.22E+00  0.36E+00  0.86E+05  0.15E+02
     ------------------------------------------------------------

     alpha_pv=     34.3253 eV

     Number of occupied bands for each k-point:
     k-point:     1    nbnd_occ=  42
     k-point:     2    nbnd_occ=  42
     k-point:     3    nbnd_occ=  42
     k-point:     4    nbnd_occ=  42
     k-point:     5    nbnd_occ=  42
     k-point:     6    nbnd_occ=  42
     k-point:     7    nbnd_occ=  42
     k-point:     8    nbnd_occ=  42
     k-point:     9    nbnd_occ=  42
     k-point:    10    nbnd_occ=  42
     k-point:    11    nbnd_occ=  42
     k-point:    12    nbnd_occ=  42
     k-point:    13    nbnd_occ=  42
     k-point:    14    nbnd_occ=  42
     k-point:    15    nbnd_occ=  42
     k-point:    16    nbnd_occ=  42


     q-space interpolation up to   110.00 Rydberg

     GIPAW job: efg                                                                             


     ELECTRIC FIELD GRADIENTS TENSORS IN Hartree/bohrradius^2:

     ----- bare term -----
     Cl   1        0.100358        0.067446       -0.062449
     Cl   1        0.067446       -0.127772        0.030539
     Cl   1       -0.062449        0.030539        0.027414

     C    2       -0.501052        0.407229       -0.170105
     C    2        0.407229        0.097170       -0.328093
     C    2       -0.170105       -0.328093        0.403881

     C    3        0.181078       -0.036449       -0.203503
     C    3       -0.036449       -0.105193       -0.249031
     C    3       -0.203503       -0.249031       -0.075885

     H    4        0.097804        0.059904       -0.397547
     H    4        0.059904        0.163151        0.204969
     H    4       -0.397547        0.204969       -0.260955

     C    5       -0.508331        0.338776       -0.014463
     C    5        0.338776        0.165308       -0.285170
     C    5       -0.014463       -0.285170        0.343023

     H    6        0.485654       -0.054272        0.040719
     H    6       -0.054272       -0.298861       -0.410916
     H    6        0.040719       -0.410916       -0.186793

     H    7       -0.044565        0.312985       -0.350024
     H    7        0.312985       -0.096268        0.415788
     H    7       -0.350024        0.415788        0.140833

     C    8        0.112934       -0.600185        0.109172
     C    8       -0.600185       -0.517983        0.383249
     C    8        0.109172        0.383249        0.405049

     H    9       -0.687076       -0.146375       -0.222889
     H    9       -0.146375        0.320280        0.163584
     H    9       -0.222889        0.163584        0.366796

     C   10       -0.007052       -0.135578       -0.444326
     C   10       -0.135578       -0.145603        0.439041
     C   10       -0.444326        0.439041        0.152655

     C   11       -0.198945       -0.178259       -0.212216
     C   11       -0.178259       -0.052947        0.507554
     C   11       -0.212216        0.507554        0.251892

     Cl  12       -0.051205       -0.067694        0.003947
     Cl  12       -0.067694        0.019605       -0.000641
     Cl  12        0.003947       -0.000641        0.031600

     H   13        0.112874        0.204750        0.328710
     H   13        0.204750       -0.070501       -0.514510
     H   13        0.328710       -0.514510       -0.042373

     C   14       -0.016201       -0.367821       -0.526790
     C   14       -0.367821       -0.077088       -0.509606
     C   14       -0.526790       -0.509606        0.093288

     H   15        0.096226       -0.091899       -0.194091
     H   15       -0.091899        0.492069        0.028254
     H   15       -0.194091        0.028254       -0.588295

     C   16       -0.080448        0.485481       -0.221456
     C   16        0.485481       -0.237642       -0.074772
     C   16       -0.221456       -0.074772        0.318090

     C   17        0.090108       -0.368209       -0.557392
     C   17       -0.368209       -0.200011       -0.617002
     C   17       -0.557392       -0.617002        0.109904

     Cl  18       -0.214444        0.388586       -0.011516
     Cl  18        0.388586       -0.036992        0.015147
     Cl  18       -0.011516        0.015147        0.251436

     H   19        0.483002       -0.049730       -0.243430
     H   19       -0.049730       -0.054038        0.251520
     H   19       -0.243430        0.251520       -0.428964

     C   20       -0.509456       -0.313533       -0.203863
     C   20       -0.313533        0.246803        0.291468
     C   20       -0.203863        0.291468        0.262653

     H   21       -0.112285       -0.222961       -0.471831
     H   21       -0.222961       -0.140071       -0.005154
     H   21       -0.471831       -0.005154        0.252356

     C   22        0.077717       -0.226304       -0.112269
     C   22       -0.226304       -0.102312        0.596734
     C   22       -0.112269        0.596734        0.024595

     C   23       -0.428881       -0.202812       -0.462869
     C   23       -0.202812        0.233664        0.112495
     C   23       -0.462869        0.112495        0.195217

     Cl  24        0.013486        0.050867       -0.126093
     Cl  24        0.050867       -0.039097        0.173669
     Cl  24       -0.126093        0.173669        0.025612

     ----- ionic term -----
     Cl   1        0.104028       -0.236614        0.008158
     Cl   1       -0.236614        0.036805       -0.002835
     Cl   1        0.008158       -0.002835       -0.140833

     C    2        0.035218       -0.258000        0.359220
     C    2       -0.258000        0.035063        0.401080
     C    2        0.359220        0.401080       -0.070281

     C    3        0.019084       -0.305267        0.280857
     C    3       -0.305267        0.119998        0.295575
     C    3        0.280857        0.295575       -0.139082

     H    4        0.392652        0.129827        0.770684
     H    4        0.129827       -0.479437        0.160076
     H    4        0.770684        0.160076        0.086785

     C    5        0.091259       -0.320208        0.347232
     C    5       -0.320208        0.082037        0.216614
     C    5        0.347232        0.216614       -0.173296

     H    6       -0.514452       -0.168414       -0.072939
     H    6       -0.168414        0.627892        0.695739
     H    6       -0.072939        0.695739       -0.113440

     H    7       -0.485202       -0.219299        0.170089
     H    7       -0.219299        0.535451       -0.759978
     H    7        0.170089       -0.759978       -0.050249

     C    8        0.309480        0.198209        0.249473
     C    8        0.198209       -0.041496       -0.336769
     C    8        0.249473       -0.336769       -0.267984

     H    9        0.664957       -0.001130        0.669141
     H    9       -0.001130       -0.555971       -0.099883
     H    9        0.669141       -0.099883       -0.108986

     C   10        0.163756        0.306119        0.123170
     C   10        0.306119        0.047165       -0.415185
     C   10        0.123170       -0.415185       -0.210921

     C   11        0.242903        0.193221        0.210580
     C   11        0.193221       -0.011026       -0.410391
     C   11        0.210580       -0.410391       -0.231877

     Cl  12        0.111933        0.201890       -0.028827
     Cl  12        0.201890        0.030159       -0.028623
     Cl  12       -0.028827       -0.028623       -0.142091

     H   13       -0.533366        0.000351        0.025232
     H   13        0.000351        0.409554        0.781523
     H   13        0.025232        0.781523        0.123812

     C   14        0.122326       -0.268683        0.400396
     C   14       -0.268683       -0.017333        0.266485
     C   14        0.400396        0.266485       -0.104993

     H   15        0.336389       -0.000709        0.816678
     H   15       -0.000709       -0.515403        0.090966
     H   15        0.816678        0.090966        0.179015

     C   16        0.004612       -0.340388        0.277031
     C   16       -0.340388        0.156714        0.328989
     C   16        0.277031        0.328989       -0.161326

     C   17        0.023626       -0.247213        0.376568
     C   17       -0.247213        0.079851        0.379815
     C   17        0.376568        0.379815       -0.103477

     Cl  18        0.122783       -0.199243        0.058846
     Cl  18       -0.199243        0.017558       -0.022201
     Cl  18        0.058846       -0.022201       -0.140341

     H   19       -0.479219       -0.260829        0.178704
     H   19       -0.260829        0.539197       -0.759116
     H   19        0.178704       -0.759116       -0.059979

     C   20        0.271838        0.121144        0.199767
     C   20        0.121144       -0.007075       -0.334023
     C   20        0.199767       -0.334023       -0.264763

     H   21        0.670065       -0.102462        0.711519
     H   21       -0.102462       -0.514332       -0.136734
     H   21        0.711519       -0.136734       -0.155733

     C   22        0.154606        0.172113        0.170051
     C   22        0.172113        0.063558       -0.398629
     C   22        0.170051       -0.398629       -0.218164

     C   23        0.240620        0.119979        0.301927
     C   23        0.119979       -0.024094       -0.396559
     C   23        0.301927       -0.396559       -0.216526

     Cl  24        0.093614        0.189044       -0.024956
     Cl  24        0.189044        0.018570       -0.033040
     Cl  24       -0.024956       -0.033040       -0.112184

     ----- GIPAW term -----
     Cl   1       -0.156316       -0.818682       -0.317030
     Cl   1       -0.818682        2.207023       -0.968802
     Cl   1       -0.317030       -0.968802       -2.050706

     C    2       -0.120339       -0.082219        0.024112
     C    2       -0.082219        0.167894       -0.156606
     C    2        0.024112       -0.156606       -0.047555

     C    3       -0.016320       -0.035413       -0.005993
     C    3       -0.035413        0.027585       -0.049748
     C    3       -0.005993       -0.049748       -0.011265

     H    4       -0.000000        0.000000        0.000000
     H    4        0.000000        0.000000        0.000000
     H    4        0.000000        0.000000        0.000000

     C    5       -0.068819       -0.133414        0.091687
     C    5       -0.133414        0.136393       -0.108765
     C    5        0.091687       -0.108765       -0.067574

     H    6       -0.000000        0.000000        0.000000
     H    6        0.000000        0.000000        0.000000
     H    6        0.000000        0.000000        0.000000

     H    7       -0.000000        0.000000        0.000000
     H    7        0.000000        0.000000        0.000000
     H    7        0.000000        0.000000        0.000000

     C    8        0.190973       -0.199174        0.154144
     C    8       -0.199174       -0.166890        0.011233
     C    8        0.154144        0.011233       -0.024082

     H    9       -0.000000        0.000000        0.000000
     H    9        0.000000        0.000000        0.000000
     H    9        0.000000        0.000000        0.000000

     C   10        0.169199       -0.100633       -0.189588
     C   10       -0.100633       -0.076974        0.088364
     C   10       -0.189588        0.088364       -0.092225

     C   11       -0.028398       -0.037580       -0.134079
     C   11       -0.037580       -0.026032        0.176625
     C   11       -0.134079        0.176625        0.054430

     Cl  12       -0.269787        0.518102       -1.368472
     Cl  12        0.518102       -0.572086        1.689218
     Cl  12       -1.368472        1.689218        0.841874

     H   13       -0.000000        0.000000        0.000000
     H   13        0.000000        0.000000        0.000000
     H   13        0.000000        0.000000        0.000000

     C   14        0.158136       -0.225071       -0.120484
     C   14       -0.225071       -0.050616       -0.042072
     C   14       -0.120484       -0.042072       -0.107521

     H   15       -0.000000        0.000000        0.000000
     H   15        0.000000        0.000000        0.000000
     H   15        0.000000        0.000000        0.000000

     C   16        0.132043       -0.029235       -0.142499
     C   16       -0.029235       -0.109488        0.063164
     C   16       -0.142499        0.063164       -0.022555

     C   17        0.156219       -0.195243       -0.152663
     C   17       -0.195243       -0.071037       -0.018608
     C   17       -0.152663       -0.018608       -0.085183

     Cl  18        0.604081       -0.388554       -2.190302
     Cl  18       -0.388554       -1.410704        0.272971
     Cl  18       -2.190302        0.272971        0.806623

     H   19       -0.000000        0.000000        0.000000
     H   19        0.000000        0.000000        0.000000
     H   19        0.000000        0.000000        0.000000

     C   20       -0.151637       -0.069691       -0.043800
     C   20       -0.069691        0.112353        0.177080
     C   20       -0.043800        0.177080        0.039284

     H   21       -0.000000        0.000000        0.000000
     H   21        0.000000        0.000000        0.000000
     H   21        0.000000        0.000000        0.000000

     C   22       -0.105250       -0.062348        0.002335
     C   22       -0.062348        0.260252        0.025447
     C   22        0.002335        0.025447       -0.155002

     C   23        0.058309       -0.128055        0.049817
     C   23       -0.128055        0.053663       -0.094148
     C   23        0.049817       -0.094148       -0.111972

     Cl  24        0.064539       -0.017477        0.883888
     Cl  24       -0.017477        0.318364       -1.376021
     Cl  24        0.883888       -1.376021       -0.382903

     ----- total EFG -----
     Cl   1        0.048069       -0.987850       -0.371321
     Cl   1       -0.987850        2.116056       -0.941098
     Cl   1       -0.371321       -0.941098       -2.164125

     C    2       -0.586173        0.067010        0.213227
     C    2        0.067010        0.300127       -0.083619
     C    2        0.213227       -0.083619        0.286045

     C    3        0.183843       -0.377128        0.071360
     C    3       -0.377128        0.042390       -0.003204
     C    3        0.071360       -0.003204       -0.226232

     H    4        0.490456        0.189731        0.373137
     H    4        0.189731       -0.316287        0.365044
     H    4        0.373137        0.365044       -0.174170

     C    5       -0.485890       -0.114845        0.424457
     C    5       -0.114845        0.383738       -0.177322
     C    5        0.424457       -0.177322        0.102153

     H    6       -0.028799       -0.222687       -0.032219
     H    6       -0.222687        0.329031        0.284823
     H    6       -0.032219        0.284823       -0.300232

     H    7       -0.529767        0.093685       -0.179935
     H    7        0.093685        0.439183       -0.344190
     H    7       -0.179935       -0.344190        0.090584

     C    8        0.613387       -0.601150        0.512790
     C    8       -0.601150       -0.726369        0.057714
     C    8        0.512790        0.057714        0.112982

     H    9       -0.022119       -0.147506        0.446252
     H    9       -0.147506       -0.235691        0.063702
     H    9        0.446252        0.063702        0.257810

     C   10        0.325902        0.069908       -0.510744
     C   10        0.069908       -0.175412        0.112221
     C   10       -0.510744        0.112221       -0.150490

     C   11        0.015559       -0.022619       -0.135714
     C   11       -0.022619       -0.090004        0.273788
     C   11       -0.135714        0.273788        0.074445

     Cl  12       -0.209059        0.652298       -1.393352
     Cl  12        0.652298       -0.522323        1.659954
     Cl  12       -1.393352        1.659954        0.731383

     H   13       -0.420492        0.205101        0.353942
     H   13        0.205101        0.339053        0.267013
     H   13        0.353942        0.267013        0.081439

     C   14        0.264261       -0.861575       -0.246878
     C   14       -0.861575       -0.145036       -0.285194
     C   14       -0.246878       -0.285194       -0.119225

     H   15        0.432615       -0.092608        0.622587
     H   15       -0.092608       -0.023334        0.119219
     H   15        0.622587        0.119219       -0.409281

     C   16        0.056207        0.115858       -0.086925
     C   16        0.115858       -0.190416        0.317381
     C   16       -0.086925        0.317381        0.134209

     C   17        0.269953       -0.810666       -0.333487
     C   17       -0.810666       -0.191197       -0.255795
     C   17       -0.333487       -0.255795       -0.078756

     Cl  18        0.512419       -0.199212       -2.142972
     Cl  18       -0.199212       -1.430138        0.265917
     Cl  18       -2.142972        0.265917        0.917719

     H   19        0.003784       -0.310559       -0.064726
     H   19       -0.310559        0.485159       -0.507596
     H   19       -0.064726       -0.507596       -0.488943

     C   20       -0.389255       -0.262080       -0.047896
     C   20       -0.262080        0.352081        0.134525
     C   20       -0.047896        0.134525        0.037173

     H   21        0.557780       -0.325424        0.239687
     H   21       -0.325424       -0.654403       -0.141888
     H   21        0.239687       -0.141888        0.096622

     C   22        0.127073       -0.116539        0.060118
     C   22       -0.116539        0.221498        0.223552
     C   22        0.060118        0.223552       -0.348571

     C   23       -0.129952       -0.210888       -0.111125
     C   23       -0.210888        0.263233       -0.378212
     C   23       -0.111125       -0.378212       -0.133281

     Cl  24        0.171638        0.222435        0.732839
     Cl  24        0.222435        0.297836       -1.235392
     Cl  24        0.732839       -1.235392       -0.469475

     ----- total EFG (symmetrized) -----
     Cl   1        0.048069       -0.987850       -0.371321
     Cl   1       -0.987850        2.116056       -0.941098
     Cl   1       -0.371321       -0.941098       -2.164125

     C    2       -0.586173        0.067010        0.213227
     C    2        0.067010        0.300127       -0.083619
     C    2        0.213227       -0.083619        0.286045

     C    3        0.183843       -0.377128        0.071360
     C    3       -0.377128        0.042390       -0.003204
     C    3        0.071360       -0.003204       -0.226232

     H    4        0.490456        0.189731        0.373137
     H    4        0.189731       -0.316287        0.365044
     H    4        0.373137        0.365044       -0.174170

     C    5       -0.485890       -0.114845        0.424457
     C    5       -0.114845        0.383738       -0.177322
     C    5        0.424457       -0.177322        0.102153

     H    6       -0.028799       -0.222687       -0.032219
     H    6       -0.222687        0.329031        0.284823
     H    6       -0.032219        0.284823       -0.300232

     H    7       -0.529767        0.093685       -0.179935
     H    7        0.093685        0.439183       -0.344190
     H    7       -0.179935       -0.344190        0.090584

     C    8        0.613387       -0.601150        0.512790
     C    8       -0.601150       -0.726369        0.057714
     C    8        0.512790        0.057714        0.112982

     H    9       -0.022119       -0.147506        0.446252
     H    9       -0.147506       -0.235691        0.063702
     H    9        0.446252        0.063702        0.257810

     C   10        0.325902        0.069908       -0.510744
     C   10        0.069908       -0.175412        0.112221
     C   10       -0.510744        0.112221       -0.150490

     C   11        0.015559       -0.022619       -0.135714
     C   11       -0.022619       -0.090004        0.273788
     C   11       -0.135714        0.273788        0.074445

     Cl  12       -0.209059        0.652298       -1.393352
     Cl  12        0.652298       -0.522323        1.659954
     Cl  12       -1.393352        1.659954        0.731383

     H   13       -0.420492        0.205101        0.353942
     H   13        0.205101        0.339053        0.267013
     H   13        0.353942        0.267013        0.081439

     C   14        0.264261       -0.861575       -0.246878
     C   14       -0.861575       -0.145036       -0.285194
     C   14       -0.246878       -0.285194       -0.119225

     H   15        0.432615       -0.092608        0.622587
     H   15       -0.092608       -0.023334        0.119219
     H   15        0.622587        0.119219       -0.409281

     C   16        0.056207        0.115858       -0.086925
     C   16        0.115858       -0.190416        0.317381
     C   16       -0.086925        0.317381        0.134209

     C   17        0.269953       -0.810666       -0.333487
     C   17       -0.810666       -0.191197       -0.255795
     C   17       -0.333487       -0.255795       -0.078756

     Cl  18        0.512419       -0.199212       -2.142972
     Cl  18       -0.199212       -1.430138        0.265917
     Cl  18       -2.142972        0.265917        0.917719

     H   19        0.003784       -0.310559       -0.064726
     H   19       -0.310559        0.485159       -0.507596
     H   19       -0.064726       -0.507596       -0.488943

     C   20       -0.389255       -0.262080       -0.047896
     C   20       -0.262080        0.352081        0.134525
     C   20       -0.047896        0.134525        0.037173

     H   21        0.557780       -0.325424        0.239687
     H   21       -0.325424       -0.654403       -0.141888
     H   21        0.239687       -0.141888        0.096622

     C   22        0.127073       -0.116539        0.060118
     C   22       -0.116539        0.221498        0.223552
     C   22        0.060118        0.223552       -0.348571

     C   23       -0.129952       -0.210888       -0.111125
     C   23       -0.210888        0.263233       -0.378212
     C   23       -0.111125       -0.378212       -0.133281

     Cl  24        0.171638        0.222435        0.732839
     Cl  24        0.222435        0.297836       -1.235392
     Cl  24        0.732839       -1.235392       -0.469475


     NQR/NMR SPECTROSCOPIC PARAMETERS:
     Cl   1    Vxx=   -0.1321    axis=(  0.913989  0.277834 -0.295690)
     Cl   1    Vyy=   -2.4968    axis=( -0.231360 -0.241800 -0.942340)
     Cl   1    Vzz=    2.6289    axis=( -0.333312  0.929699 -0.156723)
     Cl   1  Q=        -8.1650 1e-30 m^2  Cq=       -50.4334 MHz  eta= 0.89951

     C    2    Vxx=    0.2540    axis=(  0.213293  0.772989  0.597489)
     C    2    Vyy=    0.3891    axis=(  0.124771 -0.628107  0.768059)
     C    2    Vzz=   -0.6430    axis=(  0.968988 -0.089272 -0.230417)
     C    2  Q=         1.0000 1e-30 m^2  Cq=        -1.5109 MHz  eta= 0.21007

     C    3    Vxx=   -0.2033    axis=(  0.290959  0.457638  0.840185)
     C    3    Vyy=   -0.2980    axis=(  0.567917  0.624110 -0.536616)
     C    3    Vzz=    0.5013    axis=(  0.769944 -0.633288  0.078310)
     C    3  Q=         1.0000 1e-30 m^2  Cq=         1.1778 MHz  eta= 0.18904

     H    4    Vxx=   -0.1337    axis=(  0.534665 -0.611200 -0.583582)
     H    4    Vyy=   -0.6264    axis=(  0.100872  0.731799 -0.674014)
     H    4    Vzz=    0.7601    axis=(  0.839022  0.301505  0.452920)
     H    4  Q=         1.0000 1e-30 m^2  Cq=         1.7858 MHz  eta= 0.64816

     C    5    Vxx=    0.1419    axis=(  0.337050  0.655478  0.675830)
     C    5    Vyy=    0.5667    axis=( -0.314417  0.754987 -0.575445)
     C    5    Vzz=   -0.7086    axis=(  0.887434  0.018539 -0.460562)
     C    5  Q=         1.0000 1e-30 m^2  Cq=        -1.6649 MHz  eta= 0.59960

     H    6    Vxx=   -0.1084    axis=(  0.917389  0.288433  0.274234)
     H    6    Vyy=   -0.4175    axis=(  0.148636  0.390888 -0.908358)
     H    6    Vzz=    0.5260    axis=( -0.369195  0.874078  0.315725)
     H    6  Q=         1.0000 1e-30 m^2  Cq=         1.2358 MHz  eta= 0.58764

     H    7    Vxx=   -0.0979    axis=( -0.215273  0.553245  0.804722)
     H    7    Vyy=   -0.5782    axis=(  0.965817 -0.001240  0.259221)
     H    7    Vzz=    0.6761    axis=(  0.144411  0.833017 -0.534067)
     H    7  Q=         1.0000 1e-30 m^2  Cq=         1.5885 MHz  eta= 0.71036

     C    8    Vxx=   -0.0575    axis=( -0.330219  0.371630  0.867667)
     C    8    Vyy=   -1.0122    axis=(  0.400155  0.887658 -0.227900)
     C    8    Vzz=    1.0696    axis=( -0.854887  0.271944 -0.441832)
     C    8  Q=         1.0000 1e-30 m^2  Cq=         2.5132 MHz  eta= 0.89257

     H    9    Vxx=   -0.1273    axis=(  0.439047 -0.817113 -0.373583)
     H    9    Vyy=   -0.4598    axis=(  0.671106  0.574711 -0.468320)
     H    9    Vzz=    0.5872    axis=(  0.597373 -0.045100  0.800695)
     H    9  Q=         1.0000 1e-30 m^2  Cq=         1.3796 MHz  eta= 0.56635

     C   10    Vxx=   -0.1255    axis=(  0.191054  0.935593  0.296924)
     C   10    Vyy=   -0.5257    axis=( -0.502337  0.353076 -0.789300)
     C   10    Vzz=    0.6513    axis=( -0.843301  0.001643  0.537439)
     C   10  Q=         1.0000 1e-30 m^2  Cq=         1.5302 MHz  eta= 0.61453

     C   11    Vxx=   -0.0202    axis=(  0.904922  0.388477  0.173785)
     C   11    Vyy=   -0.3070    axis=( -0.206891  0.758421 -0.618057)
     C   11    Vzz=    0.3272    axis=( -0.371903  0.523339  0.766684)
     C   11  Q=         1.0000 1e-30 m^2  Cq=         0.7687 MHz  eta= 0.87643

     Cl  12    Vxx=    0.3040    axis=(  0.767969  0.640263  0.016948)
     Cl  12    Vyy=    2.1887    axis=(  0.368067 -0.419516 -0.829779)
     Cl  12    Vzz=   -2.4927    axis=( -0.524167  0.643482 -0.557835)
     Cl  12  Q=        -8.1650 1e-30 m^2  Cq=        47.8209 MHz  eta= 0.75607

     H   13    Vxx=   -0.0290    axis=( -0.281964  0.661333 -0.695079)
     H   13    Vyy=   -0.6077    axis=( -0.898335  0.072404  0.433304)
     H   13    Vzz=    0.6368    axis=(  0.336885  0.746590  0.573683)
     H   13  Q=         1.0000 1e-30 m^2  Cq=         1.4962 MHz  eta= 0.90882

     C   14    Vxx=    0.0437    axis=( -0.233016 -0.322525  0.917432)
     C   14    Vyy=    0.9454    axis=( -0.786708  0.617088  0.017124)
     C   14    Vzz=   -0.9892    axis=( -0.571659 -0.717761 -0.397524)
     C   14  Q=         1.0000 1e-30 m^2  Cq=        -2.3242 MHz  eta= 0.91156

     H   15    Vxx=    0.0055    axis=(  0.062156 -0.980117 -0.188435)
     H   15    Vyy=    0.7641    axis=(  0.884261 -0.033475  0.465792)
     H   15    Vzz=   -0.7695    axis=( -0.462838 -0.195577  0.864598)
     H   15  Q=         1.0000 1e-30 m^2  Cq=        -1.8081 MHz  eta= 0.98581

     C   16    Vxx=    0.0984    axis=(  0.956660  0.273333 -0.100457)
     C   16    Vyy=    0.3291    axis=( -0.056051  0.511347  0.857545)
     C   16    Vzz=   -0.4276    axis=(  0.285764 -0.814748  0.504505)
     C   16  Q=         1.0000 1e-30 m^2  Cq=        -1.0046 MHz  eta= 0.53956

     C   17    Vxx=    0.0893    axis=( -0.145245 -0.403922  0.903189)
     C   17    Vyy=    0.8965    axis=( -0.809376  0.573541  0.126338)
     C   17    Vzz=   -0.9857    axis=( -0.569047 -0.712670 -0.410229)
     C   17  Q=         1.0000 1e-30 m^2  Cq=        -2.3161 MHz  eta= 0.81888

     Cl  18    Vxx=   -1.4137    axis=( -0.621606 -0.600613 -0.502863)
     Cl  18    Vyy=   -1.4792    axis=(  0.404806 -0.795892  0.450209)
     Cl  18    Vzz=    2.8929    axis=( -0.670626  0.076290  0.737863)
     Cl  18  Q=        -8.1650 1e-30 m^2  Cq=       -55.4990 MHz  eta= 0.02266

     H   19    Vxx=   -0.0385    axis=(  0.913766  0.198196 -0.354613)
     H   19    Vyy=   -0.7518    axis=( -0.247579 -0.420383 -0.872916)
     H   19    Vzz=    0.7902    axis=( -0.322082  0.885436 -0.335063)
     H   19  Q=         1.0000 1e-30 m^2  Cq=         1.8567 MHz  eta= 0.90266

     C   20    Vxx=   -0.0086    axis=(  0.083093 -0.294652  0.951985)
     C   20    Vyy=   -0.4726    axis=( -0.953456 -0.301365 -0.010055)
     C   20    Vzz=    0.4812    axis=(  0.289858 -0.906840 -0.305979)
     C   20  Q=         1.0000 1e-30 m^2  Cq=         1.1307 MHz  eta= 0.96407

     H   21    Vxx=   -0.0054    axis=( -0.393433 -0.003716  0.919346)
     H   21    Vyy=   -0.7442    axis=( -0.223955 -0.969480 -0.099760)
     H   21    Vzz=    0.7496    axis=(  0.891658 -0.245141  0.380593)
     H   21  Q=         1.0000 1e-30 m^2  Cq=         1.7612 MHz  eta= 0.98565

     C   22    Vxx=    0.1024    axis=( -0.896268 -0.338065 -0.287080)
     C   22    Vyy=    0.3395    axis=( -0.410626  0.877122  0.249083)
     C   22    Vzz=   -0.4419    axis=( -0.167598 -0.341128  0.924955)
     C   22  Q=         1.0000 1e-30 m^2  Cq=        -1.0383 MHz  eta= 0.53669

     C   23    Vxx=   -0.0323    axis=(  0.833752 -0.099975 -0.543012)
     C   23    Vyy=   -0.4849    axis=(  0.514411  0.497948  0.698161)
     C   23    Vzz=    0.5172    axis=(  0.200593 -0.861425  0.466594)
     C   23  Q=         1.0000 1e-30 m^2  Cq=         1.2152 MHz  eta= 0.87513

     Cl  24    Vxx=    0.3871    axis=(  0.889470  0.438572  0.128447)
     Cl  24    Vyy=    1.2794    axis=(  0.269141 -0.729877  0.628365)
     Cl  24    Vzz=   -1.6665    axis=(  0.369333 -0.524341 -0.767241)
     Cl  24  Q=        -8.1650 1e-30 m^2  Cq=        31.9715 MHz  eta= 0.53539

     Initialization:
     gipaw_setup  :      9.00s CPU     10.87s WALL (       1 calls)

     Linear response

     Apply operators

     Induced current

     Other routines
     efg          :      9.59s CPU     12.13s WALL (       1 calls)

     General routines
     calbec       :      3.47s CPU      4.57s WALL (      16 calls)
     fft          :      1.59s CPU      2.27s WALL (      15 calls)
     ffts         :      0.04s CPU      0.05s WALL (       2 calls)
     fftw         :      3.28s CPU      3.95s WALL (     672 calls)
     davcio       :      0.04s CPU      0.31s WALL (      32 calls)

     Parallel routines
     fft_scatter  :      2.17s CPU      3.34s WALL (     689 calls)

     Plugins

     GIPAW        :     60.26s CPU     71.85s WALL (       1 calls)
