
     Program QE v.6.0 (svn rev. 13079) starts on 12Jan2017 at  0:18:37 

     This program is part of the open-source Quantum ESPRESSO suite
     for quantum simulation of materials; please cite
         "P. Giannozzi et al., J. Phys.:Condens. Matter 21 395502 (2009);
          URL http://www.quantum-espresso.org", 
     in publications or presentations arising from this work. More details at
     http://www.quantum-espresso.org/quote

     Parallel version (MPI), running on     8 processors
     R & G space division:  proc/nbgrp/npool/nimage =       8

     ***** This is GIPAW svn revision unknown      *****

     Parallelizing q-star over 1 images

     Reading data from directory:
     /users/majewski/paradichlorobenzene/pbe/9_constraint/scratch/pbe.ecut100.np8.dt60.pcl2phi-129368.save
     Message from routine read_xml_file:
     file /users/majewski/paradichlorobenzene/pbe/9_constraint/scratch/pbe.ecut100.np8.dt60.pcl2phi-129368.save not guaranteed to be safe for post-processing

   Info: using nr1, nr2, nr3 values from input

   Info: using nr1, nr2, nr3 values from input

     IMPORTANT: XC functional enforced from input :
     Exchange-correlation      =  SLA  PW   PBX  PBC ( 1  4  3  4 0 0)
     Any further DFT definition will be discarded
     Please, verify this is what you really want

               file C.pbe-n-kjpaw_psl.1.0.0.UPF: wavefunction(s)  2S 2P renormalized
               file Cl.pbe-n-kjpaw_psl.1.0.0.UPF: wavefunction(s)  3S 3P renormalized
               file H.pbe-kjpaw_psl.1.0.0.UPF: wavefunction(s)  1S renormalized

     Parallelization info
     --------------------
     sticks:   dense  smooth     PW     G-vecs:    dense   smooth      PW
     Min        3057    1223    332               144436    36536    5170
     Max        3059    1225    333               144437    36537    5171
     Sum       24467    9791   2657              1155489   292295   41363


     Subspace diagonalization in iterative solution of the eigenvalue problem:
     a serial algorithm will be used

     GIPAW projectors -----------------------------------------------
     atom=  C    l=0  rc=    1.2000  rs=    0.8000
     atom=  C    l=0  rc=    1.2000  rs=    0.8000
     atom=  C    l=1  rc=    1.4000  rs=    0.9333
     atom=  C    l=1  rc=    1.4000  rs=    0.9333
     projs nearly linearly dependent: l=1  n1,n2= 1, 2  s=  0.99951561

     atom=  Cl   l=0  rc=    1.6000  rs=    1.0667
     atom=  Cl   l=0  rc=    1.6000  rs=    1.0667
     atom=  Cl   l=1  rc=    1.6000  rs=    1.0667
     atom=  Cl   l=1  rc=    1.6000  rs=    1.0667
     atom=  Cl   l=2  rc=    1.6000  rs=    1.0667
     atom=  Cl   l=2  rc=    1.6000  rs=    1.0667
     projs nearly linearly dependent: l=2  n1,n2= 1, 2  s=  0.99993509

     atom=  H    l=0  rc=    1.0000  rs=    0.6667
     atom=  H    l=0  rc=    1.0000  rs=    0.6667
     projs nearly linearly dependent: l=0  n1,n2= 1, 2  s=  0.99968852
     -----------------------------------------------------------------

     GIPAW integrals: -------------------------------------------
     Atom  i/j   nmr_para   nmr_dia   epr_rmc  epr_para   epr_dia
       C   1 1   0.83E+03  0.17E-01  0.93E+01  0.24E+08  0.24E+03
       C   2 1   0.86E+03 -0.61E-01  0.94E+01  0.25E+08  0.25E+03
       C   2 2   0.90E+03 -0.15E+00  0.97E+01  0.26E+08  0.26E+03
       C   3 3   0.33E+01  0.34E+00  0.18E+01  0.55E+03  0.21E+02
       C   4 3   0.35E+01  0.37E+00  0.20E+01  0.59E+03  0.22E+02
       C   4 4   0.38E+01  0.39E+00  0.22E+01  0.63E+03  0.24E+02
       Cl  1 1   0.14E+04 -0.47E+00  0.84E+01  0.32E+09  0.42E+03
       Cl  2 1   0.21E+04 -0.37E+00  0.12E+02  0.49E+09  0.65E+03
       Cl  2 2   0.33E+04 -0.16E+00  0.21E+02  0.76E+09  0.10E+04
       Cl  3 3   0.21E+02  0.79E-01  0.89E+01  0.23E+05  0.13E+03
       Cl  4 3   0.24E+02  0.67E-01  0.99E+01  0.27E+05  0.15E+03
       Cl  4 4   0.28E+02  0.44E-01  0.11E+02  0.32E+05  0.18E+03
       Cl  5 5   0.77E+00  0.19E+00  0.18E+01  0.12E+03  0.22E+02
       Cl  6 5   0.80E+00  0.19E+00  0.19E+01  0.12E+03  0.23E+02
       Cl  6 6   0.83E+00  0.20E+00  0.19E+01  0.12E+03  0.23E+02
       H   1 1   0.39E+02  0.19E+00  0.29E+00  0.78E+05  0.13E+02
       H   2 1   0.41E+02  0.21E+00  0.32E+00  0.82E+05  0.14E+02
       H   2 2   0.43E+02  0.22E+00  0.36E+00  0.86E+05  0.15E+02
     ------------------------------------------------------------

     alpha_pv=     34.6317 eV

     Number of occupied bands for each k-point:
     k-point:     1    nbnd_occ=  42
     k-point:     2    nbnd_occ=  42
     k-point:     3    nbnd_occ=  42
     k-point:     4    nbnd_occ=  42
     k-point:     5    nbnd_occ=  42
     k-point:     6    nbnd_occ=  42
     k-point:     7    nbnd_occ=  42
     k-point:     8    nbnd_occ=  42
     k-point:     9    nbnd_occ=  42
     k-point:    10    nbnd_occ=  42
     k-point:    11    nbnd_occ=  42
     k-point:    12    nbnd_occ=  42
     k-point:    13    nbnd_occ=  42
     k-point:    14    nbnd_occ=  42
     k-point:    15    nbnd_occ=  42
     k-point:    16    nbnd_occ=  42


     q-space interpolation up to   110.00 Rydberg

     GIPAW job: efg                                                                             


     ELECTRIC FIELD GRADIENTS TENSORS IN Hartree/bohrradius^2:

     ----- bare term -----
     Cl   1        0.026845        0.040212       -0.058763
     Cl   1        0.040212        0.024779        0.071359
     Cl   1       -0.058763        0.071359       -0.051624

     C    2       -0.346862        0.263710       -0.380168
     C    2        0.263710        0.001411       -0.483507
     C    2       -0.380168       -0.483507        0.345451

     C    3        0.070549        0.556523       -0.181610
     C    3        0.556523       -0.325220       -0.522097
     C    3       -0.181610       -0.522097        0.254672

     H    4       -0.146308       -0.187103       -0.408702
     H    4       -0.187103        0.425573       -0.019496
     H    4       -0.408702       -0.019496       -0.279265

     C    5       -0.594540        0.385749       -0.463133
     C    5        0.385749        0.355265       -0.154974
     C    5       -0.463133       -0.154974        0.239276

     H    6        0.145137       -0.005737        0.008795
     H    6       -0.005737       -0.349057       -0.574847
     H    6        0.008795       -0.574847        0.203920

     H    7        0.202297        0.377622       -0.176245
     H    7        0.377622       -0.433977        0.466940
     H    7       -0.176245        0.466940        0.231680

     C    8       -0.180309       -0.190844       -0.235055
     C    8       -0.190844        0.006241        0.515975
     C    8       -0.235055        0.515975        0.174068

     H    9       -0.399012        0.485131        0.106982
     H    9        0.485131        0.158094       -0.132519
     H    9        0.106982       -0.132519        0.240918

     C   10       -0.268359       -0.223659       -0.091614
     C   10       -0.223659       -0.081407        0.312049
     C   10       -0.091614        0.312049        0.349766

     C   11       -0.140674        0.150689       -0.250171
     C   11        0.150689       -0.009885        0.568846
     C   11       -0.250171        0.568846        0.150559

     Cl  12        0.284885       -0.194487        0.060250
     Cl  12       -0.194487        0.143898       -0.534565
     Cl  12        0.060250       -0.534565       -0.428783

     H   13        0.391739        0.172822       -0.025963
     H   13        0.172822       -0.751852       -0.221445
     H   13       -0.025963       -0.221445        0.360113

     C   14       -0.129155       -0.257681       -0.390622
     C   14       -0.257681        0.052486       -0.518291
     C   14       -0.390622       -0.518291        0.076669

     H   15        0.087569       -0.085296       -0.271033
     H   15       -0.085296       -0.005136       -0.492864
     H   15       -0.271033       -0.492864       -0.082433

     C   16       -0.741541        0.361810       -0.386113
     C   16        0.361810        0.295794       -0.014594
     C   16       -0.386113       -0.014594        0.445747

     C   17        0.130073        0.096275       -0.111153
     C   17        0.096275       -0.428483       -0.416420
     C   17       -0.111153       -0.416420        0.298409

     Cl  18        0.037047        0.189197       -0.030998
     Cl  18        0.189197        0.063197       -0.176693
     Cl  18       -0.030998       -0.176693       -0.100244

     H   19        0.203400        0.057940       -0.203342
     H   19        0.057940       -0.344853        0.516242
     H   19       -0.203342        0.516242        0.141453

     C   20       -0.498430       -0.312205       -0.262841
     C   20       -0.312205        0.089345        0.230398
     C   20       -0.262841        0.230398        0.409086

     H   21       -0.601311        0.212013        0.187915
     H   21        0.212013        0.417325        0.118170
     H   21        0.187915        0.118170        0.183986

     C   22        0.024542        0.068459       -0.324477
     C   22        0.068459       -0.456850        0.409911
     C   22       -0.324477        0.409911        0.432308

     C   23       -0.672323       -0.198213       -0.343695
     C   23       -0.198213        0.056006        0.134948
     C   23       -0.343695        0.134948        0.616318

     Cl  24        0.201604       -0.055372        0.064423
     Cl  24       -0.055372        0.231359        0.105129
     Cl  24        0.064423        0.105129       -0.432963

     ----- ionic term -----
     Cl   1        0.178810       -0.221951        0.085313
     Cl   1       -0.221951       -0.036386       -0.038907
     Cl   1        0.085313       -0.038907       -0.142424

     C    2        0.131097       -0.192188        0.368845
     C    2       -0.192188        0.119766        0.377324
     C    2        0.368845        0.377324       -0.250863

     C    3        0.151168       -0.327480        0.241907
     C    3       -0.327480        0.189544        0.334323
     C    3        0.241907        0.334323       -0.340712

     H    4        0.499774        0.306747        0.706608
     H    4        0.306747       -0.363638        0.279528
     H    4        0.706608        0.279528       -0.136136

     C    5        0.185210       -0.245003        0.335424
     C    5       -0.245003        0.076053        0.271698
     C    5        0.335424        0.271698       -0.261262

     H    6       -0.528897        0.006728        0.016475
     H    6        0.006728        0.723245        0.662932
     H    6        0.016475        0.662932       -0.194348

     H    7       -0.488730       -0.198617        0.149299
     H    7       -0.198617        0.465217       -0.776993
     H    7        0.149299       -0.776993        0.023513

     C    8        0.342846        0.049077        0.080844
     C    8        0.049077        0.022426       -0.335703
     C    8        0.080844       -0.335703       -0.365273

     H    9        0.756522       -0.350080        0.531970
     H    9       -0.350080       -0.462142       -0.220714
     H    9        0.531970       -0.220714       -0.294380

     C   10        0.176713        0.118652        0.079603
     C   10        0.118652        0.142583       -0.438632
     C   10        0.079603       -0.438632       -0.319296

     C   11        0.289102        0.037045        0.050262
     C   11        0.037045        0.081778       -0.462107
     C   11        0.050262       -0.462107       -0.370880

     Cl  12        0.129546        0.184015       -0.083916
     Cl  12        0.184015       -0.010415       -0.056665
     Cl  12       -0.083916       -0.056665       -0.119131

     H   13       -0.522509        0.028973        0.028625
     H   13        0.028973        0.750620        0.643463
     H   13        0.028625        0.643463       -0.228111

     C   14        0.194836       -0.140950        0.388959
     C   14       -0.140950        0.068706        0.278591
     C   14        0.388959        0.278591       -0.263542

     H   15        0.254265        0.379085        0.705656
     H   15        0.379085       -0.289111        0.397695
     H   15        0.705656        0.397695        0.034847

     C   16        0.052217       -0.226708        0.267302
     C   16       -0.226708        0.220268        0.361123
     C   16        0.267302        0.361123       -0.272485

     C   17        0.061348       -0.219415        0.334240
     C   17       -0.219415        0.174183        0.368841
     C   17        0.334240        0.368841       -0.235531

     Cl  18        0.139408       -0.201229        0.064781
     Cl  18       -0.201229        0.007060       -0.033577
     Cl  18        0.064781       -0.033577       -0.146468

     H   19       -0.515068       -0.135939        0.063096
     H   19       -0.135939        0.652756       -0.738213
     H   19        0.063096       -0.738213       -0.137688

     C   20        0.369546        0.077005        0.051150
     C   20        0.077005        0.032967       -0.348791
     C   20        0.051150       -0.348791       -0.402513

     H   21        0.761292       -0.422368        0.463190
     H   21       -0.422368       -0.397437       -0.221580
     H   21        0.463190       -0.221580       -0.363855

     C   22        0.210830        0.121380        0.039393
     C   22        0.121380        0.141372       -0.429822
     C   22        0.039393       -0.429822       -0.352202

     C   23        0.247145        0.054205        0.050822
     C   23        0.054205        0.133306       -0.429967
     C   23        0.050822       -0.429967       -0.380451

     Cl  24        0.109337        0.209201       -0.065164
     Cl  24        0.209201        0.011764       -0.044327
     Cl  24       -0.065164       -0.044327       -0.121101

     ----- GIPAW term -----
     Cl   1       -0.658245       -1.251141       -0.109924
     Cl   1       -1.251141       -1.013988       -1.071578
     Cl   1       -0.109924       -1.071578        1.672233

     C    2       -0.098862       -0.012052       -0.088851
     C    2       -0.012052        0.097917       -0.218827
     C    2       -0.088851       -0.218827        0.000945

     C    3        0.073403        0.212331       -0.119252
     C    3        0.212331       -0.045698       -0.140656
     C    3       -0.119252       -0.140656       -0.027705

     H    4       -0.000000        0.000000        0.000000
     H    4        0.000000        0.000000        0.000000
     H    4        0.000000        0.000000        0.000000

     C    5       -0.040631        0.227584       -0.021242
     C    5        0.227584        0.138901        0.045027
     C    5       -0.021242        0.045027       -0.098270

     H    6       -0.000000        0.000000        0.000000
     H    6        0.000000        0.000000        0.000000
     H    6        0.000000        0.000000        0.000000

     H    7       -0.000000        0.000000        0.000000
     H    7        0.000000        0.000000        0.000000
     H    7        0.000000        0.000000        0.000000

     C    8       -0.092543       -0.102440       -0.039827
     C    8       -0.102440        0.195057        0.178759
     C    8       -0.039827        0.178759       -0.102515

     H    9       -0.000000        0.000000        0.000000
     H    9        0.000000        0.000000        0.000000
     H    9        0.000000        0.000000        0.000000

     C   10       -0.105468       -0.062421       -0.067367
     C   10       -0.062421        0.028360        0.148989
     C   10       -0.067367        0.148989        0.077108

     C   11       -0.072770        0.072676       -0.032382
     C   11        0.072676        0.035645        0.196479
     C   11       -0.032382        0.196479        0.037125

     Cl  12        0.251289        0.008443       -0.217610
     Cl  12        0.008443       -0.111270       -0.285508
     Cl  12       -0.217610       -0.285508       -0.140020

     H   13       -0.000000        0.000000        0.000000
     H   13        0.000000        0.000000        0.000000
     H   13        0.000000        0.000000        0.000000

     C   14       -0.062266       -0.180684       -0.049654
     C   14       -0.180684        0.207480       -0.094732
     C   14       -0.049654       -0.094732       -0.145214

     H   15       -0.000000        0.000000        0.000000
     H   15        0.000000        0.000000        0.000000
     H   15        0.000000        0.000000        0.000000

     C   16       -0.197740       -0.025918       -0.089799
     C   16       -0.025918        0.167765        0.159828
     C   16       -0.089799        0.159828        0.029976

     C   17       -0.065008       -0.016093        0.043610
     C   17       -0.016093        0.036495        0.182420
     C   17        0.043610        0.182420        0.028513

     Cl  18       -0.703258       -0.436591        0.387003
     Cl  18       -0.436591       -0.605892        1.070699
     Cl  18        0.387003        1.070699        1.309149

     H   19       -0.000000        0.000000        0.000000
     H   19        0.000000        0.000000        0.000000
     H   19        0.000000        0.000000        0.000000

     C   20       -0.040255        0.093297       -0.030655
     C   20        0.093297        0.083842        0.007602
     C   20       -0.030655        0.007602       -0.043587

     H   21       -0.000000        0.000000        0.000000
     H   21        0.000000        0.000000        0.000000
     H   21        0.000000        0.000000        0.000000

     C   22       -0.029843        0.095049       -0.193147
     C   22        0.095049       -0.131200       -0.065476
     C   22       -0.193147       -0.065476        0.161043

     C   23       -0.164696        0.077307       -0.099132
     C   23        0.077307       -0.052554       -0.125445
     C   23       -0.099132       -0.125445        0.217251

     Cl  24       -0.270183        0.870631       -0.101462
     Cl  24        0.870631       -0.703434       -0.340117
     Cl  24       -0.101462       -0.340117        0.973617

     ----- total EFG -----
     Cl   1       -0.452590       -1.432880       -0.083374
     Cl   1       -1.432880       -1.025595       -1.039126
     Cl   1       -0.083374       -1.039126        1.478185

     C    2       -0.314626        0.059470       -0.100173
     C    2        0.059470        0.219094       -0.325010
     C    2       -0.100173       -0.325010        0.095532

     C    3        0.295119        0.441373       -0.058955
     C    3        0.441373       -0.181374       -0.328430
     C    3       -0.058955       -0.328430       -0.113746

     H    4        0.353466        0.119644        0.297906
     H    4        0.119644        0.061935        0.260032
     H    4        0.297906        0.260032       -0.415401

     C    5       -0.449962        0.368330       -0.148951
     C    5        0.368330        0.570218        0.161751
     C    5       -0.148951        0.161751       -0.120256

     H    6       -0.383760        0.000991        0.025271
     H    6        0.000991        0.374189        0.088085
     H    6        0.025271        0.088085        0.009572

     H    7       -0.286433        0.179006       -0.026946
     H    7        0.179006        0.031240       -0.310053
     H    7       -0.026946       -0.310053        0.255193

     C    8        0.069995       -0.244207       -0.194039
     C    8       -0.244207        0.223725        0.359032
     C    8       -0.194039        0.359032       -0.293720

     H    9        0.357510        0.135050        0.638952
     H    9        0.135050       -0.304048       -0.353233
     H    9        0.638952       -0.353233       -0.053463

     C   10       -0.197113       -0.167428       -0.079378
     C   10       -0.167428        0.089536        0.022406
     C   10       -0.079378        0.022406        0.107577

     C   11        0.075659        0.260409       -0.232292
     C   11        0.260409        0.107537        0.303218
     C   11       -0.232292        0.303218       -0.183196

     Cl  12        0.665720       -0.002030       -0.241276
     Cl  12       -0.002030        0.022214       -0.876738
     Cl  12       -0.241276       -0.876738       -0.687934

     H   13       -0.130769        0.201795        0.002662
     H   13        0.201795       -0.001232        0.422017
     H   13        0.002662        0.422017        0.132002

     C   14        0.003415       -0.579315       -0.051317
     C   14       -0.579315        0.328671       -0.334432
     C   14       -0.051317       -0.334432       -0.332086

     H   15        0.341833        0.293789        0.434623
     H   15        0.293789       -0.294247       -0.095169
     H   15        0.434623       -0.095169       -0.047586

     C   16       -0.887065        0.109185       -0.208610
     C   16        0.109185        0.683827        0.506357
     C   16       -0.208610        0.506357        0.203238

     C   17        0.126414       -0.139233        0.266697
     C   17       -0.139233       -0.217805        0.134840
     C   17        0.266697        0.134840        0.091391

     Cl  18       -0.526802       -0.448623        0.420786
     Cl  18       -0.448623       -0.535636        0.860429
     Cl  18        0.420786        0.860429        1.062438

     H   19       -0.311668       -0.077998       -0.140246
     H   19       -0.077998        0.307902       -0.221971
     H   19       -0.140246       -0.221971        0.003766

     C   20       -0.169140       -0.141904       -0.242346
     C   20       -0.141904        0.206154       -0.110791
     C   20       -0.242346       -0.110791       -0.037014

     H   21        0.159981       -0.210355        0.651104
     H   21       -0.210355        0.019887       -0.103409
     H   21        0.651104       -0.103409       -0.179869

     C   22        0.205530        0.284889       -0.478230
     C   22        0.284889       -0.446678       -0.085387
     C   22       -0.478230       -0.085387        0.241148

     C   23       -0.589874       -0.066700       -0.392004
     C   23       -0.066700        0.136757       -0.420463
     C   23       -0.392004       -0.420463        0.453117

     Cl  24        0.040759        1.024460       -0.102203
     Cl  24        1.024460       -0.460312       -0.279316
     Cl  24       -0.102203       -0.279316        0.419553

     ----- total EFG (symmetrized) -----
     Cl   1       -0.452590       -1.432880       -0.083374
     Cl   1       -1.432880       -1.025595       -1.039126
     Cl   1       -0.083374       -1.039126        1.478185

     C    2       -0.314626        0.059470       -0.100173
     C    2        0.059470        0.219094       -0.325010
     C    2       -0.100173       -0.325010        0.095532

     C    3        0.295119        0.441373       -0.058955
     C    3        0.441373       -0.181374       -0.328430
     C    3       -0.058955       -0.328430       -0.113746

     H    4        0.353466        0.119644        0.297906
     H    4        0.119644        0.061935        0.260032
     H    4        0.297906        0.260032       -0.415401

     C    5       -0.449962        0.368330       -0.148951
     C    5        0.368330        0.570218        0.161751
     C    5       -0.148951        0.161751       -0.120256

     H    6       -0.383760        0.000991        0.025271
     H    6        0.000991        0.374189        0.088085
     H    6        0.025271        0.088085        0.009572

     H    7       -0.286433        0.179006       -0.026946
     H    7        0.179006        0.031240       -0.310053
     H    7       -0.026946       -0.310053        0.255193

     C    8        0.069995       -0.244207       -0.194039
     C    8       -0.244207        0.223725        0.359032
     C    8       -0.194039        0.359032       -0.293720

     H    9        0.357510        0.135050        0.638952
     H    9        0.135050       -0.304048       -0.353233
     H    9        0.638952       -0.353233       -0.053463

     C   10       -0.197113       -0.167428       -0.079378
     C   10       -0.167428        0.089536        0.022406
     C   10       -0.079378        0.022406        0.107577

     C   11        0.075659        0.260409       -0.232292
     C   11        0.260409        0.107537        0.303218
     C   11       -0.232292        0.303218       -0.183196

     Cl  12        0.665720       -0.002030       -0.241276
     Cl  12       -0.002030        0.022214       -0.876738
     Cl  12       -0.241276       -0.876738       -0.687934

     H   13       -0.130769        0.201795        0.002662
     H   13        0.201795       -0.001232        0.422017
     H   13        0.002662        0.422017        0.132002

     C   14        0.003415       -0.579315       -0.051317
     C   14       -0.579315        0.328671       -0.334432
     C   14       -0.051317       -0.334432       -0.332086

     H   15        0.341833        0.293789        0.434623
     H   15        0.293789       -0.294247       -0.095169
     H   15        0.434623       -0.095169       -0.047586

     C   16       -0.887065        0.109185       -0.208610
     C   16        0.109185        0.683827        0.506357
     C   16       -0.208610        0.506357        0.203238

     C   17        0.126414       -0.139233        0.266697
     C   17       -0.139233       -0.217805        0.134840
     C   17        0.266697        0.134840        0.091391

     Cl  18       -0.526802       -0.448623        0.420786
     Cl  18       -0.448623       -0.535636        0.860429
     Cl  18        0.420786        0.860429        1.062438

     H   19       -0.311668       -0.077998       -0.140246
     H   19       -0.077998        0.307902       -0.221971
     H   19       -0.140246       -0.221971        0.003766

     C   20       -0.169140       -0.141904       -0.242346
     C   20       -0.141904        0.206154       -0.110791
     C   20       -0.242346       -0.110791       -0.037014

     H   21        0.159981       -0.210355        0.651104
     H   21       -0.210355        0.019887       -0.103409
     H   21        0.651104       -0.103409       -0.179869

     C   22        0.205530        0.284889       -0.478230
     C   22        0.284889       -0.446678       -0.085387
     C   22       -0.478230       -0.085387        0.241148

     C   23       -0.589874       -0.066700       -0.392004
     C   23       -0.066700        0.136757       -0.420463
     C   23       -0.392004       -0.420463        0.453117

     Cl  24        0.040759        1.024460       -0.102203
     Cl  24        1.024460       -0.460312       -0.279316
     Cl  24       -0.102203       -0.279316        0.419553


     NQR/NMR SPECTROSCOPIC PARAMETERS:
     Cl   1    Vxx=    0.4512    axis=(  0.781615 -0.469072 -0.411157)
     Cl   1    Vyy=    1.9442    axis=(  0.216693 -0.413912  0.884150)
     Cl   1    Vzz=   -2.3954    axis=( -0.584913 -0.780159 -0.221875)
     Cl   1  Q=        -8.1650 1e-30 m^2  Cq=        45.9545 MHz  eta= 0.62329

     C    2    Vxx=   -0.1644    axis=( -0.226427  0.649956  0.725457)
     C    2    Vyy=   -0.3385    axis=( -0.964858 -0.047709 -0.258404)
     C    2    Vzz=    0.5029    axis=( -0.133340 -0.758472  0.637918)
     C    2  Q=         1.0000 1e-30 m^2  Cq=         1.1816 MHz  eta= 0.34624

     C    3    Vxx=   -0.0381    axis=(  0.513289 -0.279095  0.811567)
     C    3    Vyy=   -0.5905    axis=(  0.359798 -0.788546 -0.498738)
     C    3    Vzz=    0.6286    axis=( -0.779153 -0.547997  0.304334)
     C    3  Q=         1.0000 1e-30 m^2  Cq=         1.4769 MHz  eta= 0.87882

     H    4    Vxx=    0.0439    axis=(  0.490488 -0.855454 -0.166196)
     H    4    Vyy=    0.5437    axis=(  0.835209  0.407038  0.369791)
     H    4    Vzz=   -0.5875    axis=( -0.248691 -0.320187  0.914130)
     H    4  Q=         1.0000 1e-30 m^2  Cq=        -1.3805 MHz  eta= 0.85072

     C    5    Vxx=   -0.0633    axis=( -0.374863 -0.018709  0.926891)
     C    5    Vyy=   -0.6407    axis=( -0.882026  0.315087 -0.350358)
     C    5    Vzz=    0.7040    axis=( -0.285497 -0.948878 -0.134617)
     C    5  Q=         1.0000 1e-30 m^2  Cq=         1.6541 MHz  eta= 0.82022

     H    6    Vxx=   -0.0090    axis=(  0.064986 -0.223715  0.972486)
     H    6    Vyy=   -0.3854    axis=( -0.997850 -0.006264  0.065239)
     H    6    Vzz=    0.3944    axis=( -0.008503 -0.974634 -0.223641)
     H    6  Q=         1.0000 1e-30 m^2  Cq=         0.9267 MHz  eta= 0.95435

     H    7    Vxx=   -0.1043    axis=(  0.527472  0.623431  0.577155)
     H    7    Vyy=   -0.3892    axis=( -0.833750  0.510359  0.210699)
     H    7    Vzz=    0.4935    axis=( -0.163200 -0.592341  0.788985)
     H    7  Q=         1.0000 1e-30 m^2  Cq=         1.1596 MHz  eta= 0.57716

     C    8    Vxx=   -0.1031    axis=(  0.849541  0.516387  0.107819)
     C    8    Vyy=   -0.4859    axis=( -0.134746  0.410026 -0.902066)
     C    8    Vzz=    0.5890    axis=( -0.510024  0.751813  0.417915)
     C    8  Q=         1.0000 1e-30 m^2  Cq=         1.3838 MHz  eta= 0.64999

     H    9    Vxx=   -0.0383    axis=(  0.428246  0.793194 -0.432954)
     H    9    Vyy=   -0.7943    axis=( -0.440291  0.601542  0.666552)
     H    9    Vzz=    0.8326    axis=(  0.789144 -0.094823  0.606844)
     H    9  Q=         1.0000 1e-30 m^2  Cq=         1.9564 MHz  eta= 0.90794

     C   10    Vxx=    0.0839    axis=(  0.092660 -0.549263  0.830496)
     C   10    Vyy=    0.2005    axis=(  0.416505 -0.736223 -0.533385)
     C   10    Vzz=   -0.2844    axis=( -0.904399 -0.395329 -0.160552)
     C   10  Q=         1.0000 1e-30 m^2  Cq=        -0.6682 MHz  eta= 0.40995

     C   11    Vxx=    0.1895    axis=( -0.683517  0.296290  0.667096)
     C   11    Vyy=    0.3659    axis=( -0.554278 -0.805344 -0.210230)
     C   11    Vzz=   -0.5554    axis=(  0.474952 -0.513453  0.714693)
     C   11  Q=         1.0000 1e-30 m^2  Cq=        -1.3050 MHz  eta= 0.31766

     Cl  12    Vxx=    0.5123    axis=( -0.601941  0.697618 -0.388581)
     Cl  12    Vyy=    0.7872    axis=(  0.791956  0.459171 -0.402452)
     Cl  12    Vzz=   -1.2995    axis=(  0.102333  0.549992  0.828877)
     Cl  12  Q=        -8.1650 1e-30 m^2  Cq=        24.9297 MHz  eta= 0.21150

     H   13    Vxx=   -0.0801    axis=( -0.862655 -0.222748  0.454103)
     H   13    Vyy=   -0.4409    axis=( -0.461056  0.715471 -0.524909)
     H   13    Vzz=    0.5210    axis=( -0.207975 -0.662182 -0.719904)
     H   13  Q=         1.0000 1e-30 m^2  Cq=         1.2240 MHz  eta= 0.69262

     C   14    Vxx=   -0.1695    axis=(  0.638483  0.254956 -0.726180)
     C   14    Vyy=   -0.6485    axis=(  0.530049  0.538440  0.655080)
     C   14    Vzz=    0.8180    axis=(  0.558021 -0.803168  0.208645)
     C   14  Q=         1.0000 1e-30 m^2  Cq=         1.9221 MHz  eta= 0.58547

     H   15    Vxx=   -0.0982    axis=(  0.230219  0.682041 -0.694132)
     H   15    Vyy=   -0.5672    axis=( -0.479268  0.700254  0.529099)
     H   15    Vzz=    0.6655    axis=( -0.846936 -0.210867 -0.488092)
     H   15  Q=         1.0000 1e-30 m^2  Cq=         1.5636 MHz  eta= 0.70479

     C   16    Vxx=   -0.0511    axis=( -0.270164 -0.518725  0.811133)
     C   16    Vyy=   -0.9531    axis=( -0.962758  0.136421 -0.233423)
     C   16    Vzz=    1.0042    axis=(  0.010426 -0.843987 -0.536263)
     C   16  Q=         1.0000 1e-30 m^2  Cq=         2.3595 MHz  eta= 0.89823

     C   17    Vxx=    0.0077    axis=(  0.506588 -0.650934 -0.565379)
     C   17    Vyy=    0.3763    axis=( -0.734234  0.018042 -0.678656)
     C   17    Vzz=   -0.3840    axis=(  0.451961  0.758920 -0.468798)
     C   17  Q=         1.0000 1e-30 m^2  Cq=        -0.9023 MHz  eta= 0.96005

     Cl  18    Vxx=   -0.1262    axis=(  0.799944 -0.583676  0.139328)
     Cl  18    Vyy=   -1.3345    axis=(  0.589705  0.721657 -0.362573)
     Cl  18    Vzz=    1.4607    axis=(  0.111078  0.372200  0.921482)
     Cl  18  Q=        -8.1650 1e-30 m^2  Cq=       -28.0228 MHz  eta= 0.82724

     H   19    Vxx=   -0.0238    axis=(  0.486807 -0.403831 -0.774558)
     H   19    Vyy=   -0.4011    axis=( -0.873494 -0.230367 -0.428881)
     H   19    Vzz=    0.4249    axis=( -0.005237  0.885354 -0.464888)
     H   19  Q=         1.0000 1e-30 m^2  Cq=         0.9984 MHz  eta= 0.88789

     C   20    Vxx=    0.1481    axis=( -0.611375  0.015504  0.791189)
     C   20    Vyy=    0.2590    axis=( -0.213807  0.959388 -0.184016)
     C   20    Vzz=   -0.4071    axis=( -0.761910 -0.281665 -0.583231)
     C   20  Q=         1.0000 1e-30 m^2  Cq=        -0.9565 MHz  eta= 0.27252

     H   21    Vxx=   -0.0506    axis=(  0.198946  0.949550  0.242436)
     H   21    Vyy=   -0.6861    axis=( -0.619225 -0.069943  0.782092)
     H   21    Vzz=    0.7367    axis=(  0.759593 -0.305717  0.574070)
     H   21  Q=         1.0000 1e-30 m^2  Cq=         1.7310 MHz  eta= 0.86267

     C   22    Vxx=   -0.1909    axis=(  0.573798  0.400639  0.714314)
     C   22    Vyy=   -0.5677    axis=( -0.425792  0.890974 -0.157690)
     C   22    Vzz=    0.7586    axis=( -0.699612 -0.213667  0.681828)
     C   22  Q=         1.0000 1e-30 m^2  Cq=         1.7824 MHz  eta= 0.49672

     C   23    Vxx=   -0.0367    axis=(  0.385884 -0.829673 -0.403406)
     C   23    Vyy=   -0.7690    axis=(  0.898106  0.237854  0.369908)
     C   23    Vzz=    0.8057    axis=( -0.210951 -0.505043  0.836918)
     C   23  Q=         1.0000 1e-30 m^2  Cq=         1.8930 MHz  eta= 0.90899

     Cl  24    Vxx=    0.3145    axis=(  0.392246  0.194515  0.899059)
     Cl  24    Vyy=    0.9646    axis=(  0.692082  0.581431 -0.427739)
     Cl  24    Vzz=   -1.2791    axis=( -0.605943  0.790001  0.093444)
     Cl  24  Q=        -8.1650 1e-30 m^2  Cq=        24.5394 MHz  eta= 0.50821

     Initialization:
     gipaw_setup  :      8.80s CPU     11.05s WALL (       1 calls)

     Linear response

     Apply operators

     Induced current

     Other routines
     efg          :      9.30s CPU     11.67s WALL (       1 calls)

     General routines
     calbec       :      3.22s CPU      3.97s WALL (      16 calls)
     fft          :      1.37s CPU      1.66s WALL (      15 calls)
     ffts         :      0.04s CPU      0.05s WALL (       2 calls)
     fftw         :      3.34s CPU      4.13s WALL (     672 calls)
     davcio       :      0.04s CPU      0.36s WALL (      32 calls)

     Parallel routines
     fft_scatter  :      2.04s CPU      2.73s WALL (     689 calls)

     Plugins

     GIPAW        :     62.50s CPU     74.38s WALL (       1 calls)
