
     Program QE v.6.0 (svn rev. 13079) starts on  3Jan2017 at 23:40:27 

     This program is part of the open-source Quantum ESPRESSO suite
     for quantum simulation of materials; please cite
         "P. Giannozzi et al., J. Phys.:Condens. Matter 21 395502 (2009);
          URL http://www.quantum-espresso.org", 
     in publications or presentations arising from this work. More details at
     http://www.quantum-espresso.org/quote

     Parallel version (MPI), running on     8 processors
     R & G space division:  proc/nbgrp/npool/nimage =       8

     ***** This is GIPAW svn revision unknown      *****

     Parallelizing q-star over 1 images

     Reading data from directory:
     /users/majewski/paradichlorobenzene/pbe/9_constraint/scratch/pbe.ecut100.np8.dt60.pcl2phi-129368.save
     Message from routine read_xml_file:
     file /users/majewski/paradichlorobenzene/pbe/9_constraint/scratch/pbe.ecut100.np8.dt60.pcl2phi-129368.save not guaranteed to be safe for post-processing

   Info: using nr1, nr2, nr3 values from input

   Info: using nr1, nr2, nr3 values from input

     IMPORTANT: XC functional enforced from input :
     Exchange-correlation      =  SLA  PW   PBX  PBC ( 1  4  3  4 0 0)
     Any further DFT definition will be discarded
     Please, verify this is what you really want

               file C.pbe-n-kjpaw_psl.1.0.0.UPF: wavefunction(s)  2S 2P renormalized
               file Cl.pbe-n-kjpaw_psl.1.0.0.UPF: wavefunction(s)  3S 3P renormalized
               file H.pbe-kjpaw_psl.1.0.0.UPF: wavefunction(s)  1S renormalized

     Parallelization info
     --------------------
     sticks:   dense  smooth     PW     G-vecs:    dense   smooth      PW
     Min        3057    1223    332               144436    36536    5170
     Max        3059    1225    333               144437    36537    5171
     Sum       24467    9791   2657              1155489   292295   41363


     Subspace diagonalization in iterative solution of the eigenvalue problem:
     a serial algorithm will be used

     GIPAW projectors -----------------------------------------------
     atom=  C    l=0  rc=    1.2000  rs=    0.8000
     atom=  C    l=0  rc=    1.2000  rs=    0.8000
     atom=  C    l=1  rc=    1.4000  rs=    0.9333
     atom=  C    l=1  rc=    1.4000  rs=    0.9333
     projs nearly linearly dependent: l=1  n1,n2= 1, 2  s=  0.99951561

     atom=  Cl   l=0  rc=    1.6000  rs=    1.0667
     atom=  Cl   l=0  rc=    1.6000  rs=    1.0667
     atom=  Cl   l=1  rc=    1.6000  rs=    1.0667
     atom=  Cl   l=1  rc=    1.6000  rs=    1.0667
     atom=  Cl   l=2  rc=    1.6000  rs=    1.0667
     atom=  Cl   l=2  rc=    1.6000  rs=    1.0667
     projs nearly linearly dependent: l=2  n1,n2= 1, 2  s=  0.99993509

     atom=  H    l=0  rc=    1.0000  rs=    0.6667
     atom=  H    l=0  rc=    1.0000  rs=    0.6667
     projs nearly linearly dependent: l=0  n1,n2= 1, 2  s=  0.99968852
     -----------------------------------------------------------------

     GIPAW integrals: -------------------------------------------
     Atom  i/j   nmr_para   nmr_dia   epr_rmc  epr_para   epr_dia
       C   1 1   0.83E+03  0.17E-01  0.93E+01  0.24E+08  0.24E+03
       C   2 1   0.86E+03 -0.61E-01  0.94E+01  0.25E+08  0.25E+03
       C   2 2   0.90E+03 -0.15E+00  0.97E+01  0.26E+08  0.26E+03
       C   3 3   0.33E+01  0.34E+00  0.18E+01  0.55E+03  0.21E+02
       C   4 3   0.35E+01  0.37E+00  0.20E+01  0.59E+03  0.22E+02
       C   4 4   0.38E+01  0.39E+00  0.22E+01  0.63E+03  0.24E+02
       Cl  1 1   0.14E+04 -0.47E+00  0.84E+01  0.32E+09  0.42E+03
       Cl  2 1   0.21E+04 -0.37E+00  0.12E+02  0.49E+09  0.65E+03
       Cl  2 2   0.33E+04 -0.16E+00  0.21E+02  0.76E+09  0.10E+04
       Cl  3 3   0.21E+02  0.79E-01  0.89E+01  0.23E+05  0.13E+03
       Cl  4 3   0.24E+02  0.67E-01  0.99E+01  0.27E+05  0.15E+03
       Cl  4 4   0.28E+02  0.44E-01  0.11E+02  0.32E+05  0.18E+03
       Cl  5 5   0.77E+00  0.19E+00  0.18E+01  0.12E+03  0.22E+02
       Cl  6 5   0.80E+00  0.19E+00  0.19E+01  0.12E+03  0.23E+02
       Cl  6 6   0.83E+00  0.20E+00  0.19E+01  0.12E+03  0.23E+02
       H   1 1   0.39E+02  0.19E+00  0.29E+00  0.78E+05  0.13E+02
       H   2 1   0.41E+02  0.21E+00  0.32E+00  0.82E+05  0.14E+02
       H   2 2   0.43E+02  0.22E+00  0.36E+00  0.86E+05  0.15E+02
     ------------------------------------------------------------

     alpha_pv=     34.3469 eV

     Number of occupied bands for each k-point:
     k-point:     1    nbnd_occ=  42
     k-point:     2    nbnd_occ=  42
     k-point:     3    nbnd_occ=  42
     k-point:     4    nbnd_occ=  42
     k-point:     5    nbnd_occ=  42
     k-point:     6    nbnd_occ=  42
     k-point:     7    nbnd_occ=  42
     k-point:     8    nbnd_occ=  42
     k-point:     9    nbnd_occ=  42
     k-point:    10    nbnd_occ=  42
     k-point:    11    nbnd_occ=  42
     k-point:    12    nbnd_occ=  42
     k-point:    13    nbnd_occ=  42
     k-point:    14    nbnd_occ=  42
     k-point:    15    nbnd_occ=  42
     k-point:    16    nbnd_occ=  42


     q-space interpolation up to   110.00 Rydberg

     GIPAW job: efg                                                                             


     ELECTRIC FIELD GRADIENTS TENSORS IN Hartree/bohrradius^2:

     ----- bare term -----
     Cl   1        0.014717        0.079528       -0.016766
     Cl   1        0.079528        0.018347        0.008984
     Cl   1       -0.016766        0.008984       -0.033063

     C    2       -0.797152        0.363818       -0.308950
     C    2        0.363818        0.286288       -0.015404
     C    2       -0.308950       -0.015404        0.510864

     C    3        0.140524        0.289328       -0.018823
     C    3        0.289328       -0.553424       -0.436204
     C    3       -0.018823       -0.436204        0.412900

     H    4       -0.384069        0.089096       -0.393511
     H    4        0.089096        0.038096       -0.374549
     H    4       -0.393511       -0.374549        0.345973

     C    5       -0.881741        0.297104       -0.406591
     C    5        0.297104        0.357905       -0.072540
     C    5       -0.406591       -0.072540        0.523836

     H    6        0.426404       -0.022977       -0.205219
     H    6       -0.022977       -0.562581       -0.434542
     H    6       -0.205219       -0.434542        0.136177

     H    7        0.356899        0.265400        0.070144
     H    7        0.265400       -0.629902       -0.195913
     H    7        0.070144       -0.195913        0.273003

     C    8        0.092274        0.134975       -0.022347
     C    8        0.134975       -0.185393       -0.143807
     C    8       -0.022347       -0.143807        0.093118

     H    9       -0.223984        0.368899        0.154753
     H    9        0.368899        0.003753       -0.174606
     H    9        0.154753       -0.174606        0.220231

     C   10        0.073471       -0.038855        0.242914
     C   10       -0.038855       -0.072639       -0.204458
     C   10        0.242914       -0.204458       -0.000832

     C   11       -0.010736        0.157347       -0.140728
     C   11        0.157347        0.015016        0.141171
     C   11       -0.140728        0.141171       -0.004280

     Cl  12       -0.014102       -0.322170       -0.038566
     Cl  12       -0.322170        0.057316       -0.213834
     Cl  12       -0.038566       -0.213834       -0.043214

     H   13        0.374469        0.049637        0.142033
     H   13        0.049637       -0.065456       -0.515883
     H   13        0.142033       -0.515883       -0.309013

     C   14        0.186780       -0.014309       -0.015887
     C   14       -0.014309       -0.230129       -0.263185
     C   14       -0.015887       -0.263185        0.043349

     H   15        0.110583       -0.099753       -0.314358
     H   15       -0.099753        0.320402       -0.282437
     H   15       -0.314358       -0.282437       -0.430986

     C   16       -0.288974        0.269809       -0.176964
     C   16        0.269809        0.392676       -0.168593
     C   16       -0.176964       -0.168593       -0.103702

     C   17        0.300335        0.037398       -0.087408
     C   17        0.037398       -0.540220       -0.507004
     C   17       -0.087408       -0.507004        0.239885

     Cl  18       -0.104205        0.196370       -0.006246
     Cl  18        0.196370       -0.016553       -0.026610
     Cl  18       -0.006246       -0.026610        0.120758

     H   19       -0.064855        0.161955       -0.138719
     H   19        0.161955       -0.276395        0.471525
     H   19       -0.138719        0.471525        0.341250

     C   20       -0.495781       -0.316803       -0.062300
     C   20       -0.316803        0.118654        0.364448
     C   20       -0.062300        0.364448        0.377127

     H   21       -0.665441        0.142732        0.132976
     H   21        0.142732        0.428633        0.162749
     H   21        0.132976        0.162749        0.236808

     C   22        0.056881        0.246707       -0.389378
     C   22        0.246707       -0.187028        0.598679
     C   22       -0.389378        0.598679        0.130147

     C   23       -0.468013       -0.381993       -0.333483
     C   23       -0.381993        0.169219        0.260317
     C   23       -0.333483        0.260317        0.298794

     Cl  24       -0.027004        0.121708       -0.011737
     Cl  24        0.121708        0.049080        0.116044
     Cl  24       -0.011737        0.116044       -0.022076

     ----- ionic term -----
     Cl   1        0.129849       -0.227879        0.068700
     Cl   1       -0.227879        0.038714       -0.038129
     Cl   1        0.068700       -0.038129       -0.168563

     C    2        0.040722       -0.245387        0.383629
     C    2       -0.245387        0.179529        0.351483
     C    2        0.383629        0.351483       -0.220251

     C    3        0.131913       -0.271900        0.231963
     C    3       -0.271900        0.201619        0.355722
     C    3        0.231963        0.355722       -0.333532

     H    4        0.568905        0.203474        0.732054
     H    4        0.203474       -0.432098        0.198846
     H    4        0.732054        0.198846       -0.136807

     C    5        0.252002       -0.161894        0.307927
     C    5       -0.161894        0.067972        0.309768
     C    5        0.307927        0.309768       -0.319974

     H    6       -0.511004        0.064505        0.023528
     H    6        0.064505        0.731591        0.666330
     H    6        0.023528        0.666330       -0.220587

     H    7       -0.527495       -0.145467        0.057678
     H    7       -0.145467        0.717727       -0.658629
     H    7        0.057678       -0.658629       -0.190232

     C    8        0.348894        0.090784        0.124287
     C    8        0.090784        0.123245       -0.305438
     C    8        0.124287       -0.305438       -0.472139

     H    9        0.819254       -0.409371        0.437303
     H    9       -0.409371       -0.340935       -0.194942
     H    9        0.437303       -0.194942       -0.478319

     C   10        0.210010        0.154225        0.076632
     C   10        0.154225        0.263096       -0.358433
     C   10        0.076632       -0.358433       -0.473106

     C   11        0.312288        0.097228        0.130510
     C   11        0.097228        0.215201       -0.329823
     C   11        0.130510       -0.329823       -0.527489

     Cl  12        0.143930        0.211948       -0.007433
     Cl  12        0.211948        0.037831       -0.018379
     Cl  12       -0.007433       -0.018379       -0.181761

     H   13       -0.535182       -0.037010        0.014328
     H   13       -0.037010        0.610624        0.727755
     H   13        0.014328        0.727755       -0.075442

     C   14        0.175828       -0.243158        0.341028
     C   14       -0.243158       -0.003682        0.284851
     C   14        0.341028        0.284851       -0.172146

     H   15        0.403119        0.284145        0.832931
     H   15        0.284145       -0.497691        0.281570
     H   15        0.832931        0.281570        0.094572

     C   16        0.094272       -0.237350        0.246552
     C   16       -0.237350        0.051173        0.401617
     C   16        0.246552        0.401617       -0.145445

     C   17        0.155050       -0.130445        0.289711
     C   17       -0.130445        0.016400        0.466204
     C   17        0.289711        0.466204       -0.171450

     Cl  18        0.116987       -0.182284       -0.001410
     Cl  18       -0.182284        0.006045       -0.000867
     Cl  18       -0.001410       -0.000867       -0.123033

     H   19       -0.449104       -0.278196        0.102211
     H   19       -0.278196        0.843084       -0.495213
     H   19        0.102211       -0.495213       -0.393980

     C   20        0.407073        0.046028        0.105891
     C   20        0.046028        0.117750       -0.261002
     C   20        0.105891       -0.261002       -0.524823

     H   21        0.781722       -0.489514        0.313505
     H   21       -0.489514       -0.281265       -0.175449
     H   21        0.313505       -0.175449       -0.500457

     C   22        0.252588        0.102682        0.053557
     C   22        0.102682        0.242249       -0.304864
     C   22        0.053557       -0.304864       -0.494837

     C   23        0.369051        0.006638        0.187999
     C   23        0.006638        0.135043       -0.282333
     C   23        0.187999       -0.282333       -0.504093

     Cl  24        0.155695        0.205056        0.014687
     Cl  24        0.205056       -0.024620       -0.001570
     Cl  24        0.014687       -0.001570       -0.131075

     ----- GIPAW term -----
     Cl   1        0.407602        0.396075       -0.078426
     Cl   1        0.396075        2.208946        0.000127
     Cl   1       -0.078426        0.000127       -2.616548

     C    2       -0.161393        0.039622        0.027444
     C    2        0.039622        0.094999        0.189004
     C    2        0.027444        0.189004        0.066394

     C    3       -0.086171        0.056471        0.052496
     C    3        0.056471       -0.002963        0.175848
     C    3        0.052496        0.175848        0.089134

     H    4       -0.000000        0.000000        0.000000
     H    4        0.000000        0.000000        0.000000
     H    4        0.000000        0.000000        0.000000

     C    5       -0.150438        0.061394        0.030395
     C    5        0.061394        0.044827        0.125323
     C    5        0.030395        0.125323        0.105611

     H    6       -0.000000        0.000000        0.000000
     H    6        0.000000        0.000000        0.000000
     H    6        0.000000        0.000000        0.000000

     H    7       -0.000000        0.000000        0.000000
     H    7        0.000000        0.000000        0.000000
     H    7        0.000000        0.000000        0.000000

     C    8        0.021311        0.013085        0.010362
     C    8        0.013085       -0.005492       -0.018891
     C    8        0.010362       -0.018891       -0.015819

     H    9       -0.000000        0.000000        0.000000
     H    9        0.000000        0.000000        0.000000
     H    9        0.000000        0.000000        0.000000

     C   10        0.021914        0.011573        0.024395
     C   10        0.011573        0.005679       -0.038731
     C   10        0.024395       -0.038731       -0.027593

     C   11        0.005993        0.035280       -0.007022
     C   11        0.035280       -0.010966        0.012149
     C   11       -0.007022        0.012149        0.004973

     Cl  12       -0.760347        0.360846        0.218603
     Cl  12        0.360846       -0.375054        1.182736
     Cl  12        0.218603        1.182736        1.135401

     H   13       -0.000000        0.000000        0.000000
     H   13        0.000000        0.000000        0.000000
     H   13        0.000000        0.000000        0.000000

     C   14       -0.005093       -0.027721        0.006676
     C   14       -0.027721       -0.024608        0.068538
     C   14        0.006676        0.068538        0.029702

     H   15       -0.000000        0.000000        0.000000
     H   15        0.000000        0.000000        0.000000
     H   15        0.000000        0.000000        0.000000

     C   16       -0.016579        0.010309        0.005543
     C   16        0.010309        0.041944       -0.008532
     C   16        0.005543       -0.008532       -0.025364

     C   17       -0.023919       -0.028358        0.029312
     C   17       -0.028358        0.003250        0.110897
     C   17        0.029312        0.110897        0.020669

     Cl  18       -0.881210       -0.400447        0.613110
     Cl  18       -0.400447       -0.160267        1.949674
     Cl  18        0.613110        1.949674        1.041477

     H   19       -0.000000        0.000000        0.000000
     H   19        0.000000        0.000000        0.000000
     H   19        0.000000        0.000000        0.000000

     C   20       -0.083147        0.109090        0.089976
     C   20        0.109090        0.113974        0.145723
     C   20        0.089976        0.145723       -0.030827

     H   21       -0.000000        0.000000        0.000000
     H   21        0.000000        0.000000        0.000000
     H   21        0.000000        0.000000        0.000000

     C   22        0.034052        0.244179       -0.116932
     C   22        0.244179        0.070061        0.035032
     C   22       -0.116932        0.035032       -0.104113

     C   23       -0.122661       -0.034484       -0.054278
     C   23       -0.034484        0.186315        0.137845
     C   23       -0.054278        0.137845       -0.063654

     Cl  24        0.669599        2.955731        0.287008
     Cl  24        2.955731        0.769097        1.361518
     Cl  24        0.287008        1.361518       -1.438696

     ----- total EFG -----
     Cl   1        0.552168        0.247724       -0.026491
     Cl   1        0.247724        2.266007       -0.029018
     Cl   1       -0.026491       -0.029018       -2.818175

     C    2       -0.917822        0.158054        0.102123
     C    2        0.158054        0.560816        0.525083
     C    2        0.102123        0.525083        0.357007

     C    3        0.186267        0.073899        0.265636
     C    3        0.073899       -0.354769        0.095366
     C    3        0.265636        0.095366        0.168502

     H    4        0.184835        0.292570        0.338543
     H    4        0.292570       -0.394001       -0.175703
     H    4        0.338543       -0.175703        0.209166

     C    5       -0.780177        0.196603       -0.068270
     C    5        0.196603        0.470704        0.362550
     C    5       -0.068270        0.362550        0.309473

     H    6       -0.084600        0.041528       -0.181690
     H    6        0.041528        0.169010        0.231787
     H    6       -0.181690        0.231787       -0.084410

     H    7       -0.170596        0.119933        0.127822
     H    7        0.119933        0.087826       -0.854542
     H    7        0.127822       -0.854542        0.082771

     C    8        0.462479        0.238844        0.112302
     C    8        0.238844       -0.067640       -0.468137
     C    8        0.112302       -0.468137       -0.394840

     H    9        0.595270       -0.040473        0.592056
     H    9       -0.040473       -0.337182       -0.369549
     H    9        0.592056       -0.369549       -0.258088

     C   10        0.305394        0.126943        0.343942
     C   10        0.126943        0.196137       -0.601623
     C   10        0.343942       -0.601623       -0.501531

     C   11        0.307546        0.289855       -0.017240
     C   11        0.289855        0.219251       -0.176503
     C   11       -0.017240       -0.176503       -0.526796

     Cl  12       -0.630519        0.250623        0.172604
     Cl  12        0.250623       -0.279907        0.950523
     Cl  12        0.172604        0.950523        0.910426

     H   13       -0.160713        0.012626        0.156361
     H   13        0.012626        0.545168        0.211872
     H   13        0.156361        0.211872       -0.384455

     C   14        0.357514       -0.285189        0.331817
     C   14       -0.285189       -0.258420        0.090205
     C   14        0.331817        0.090205       -0.099095

     H   15        0.513702        0.184392        0.518572
     H   15        0.184392       -0.177289       -0.000867
     H   15        0.518572       -0.000867       -0.336414

     C   16       -0.211282        0.042769        0.075130
     C   16        0.042769        0.485793        0.224492
     C   16        0.075130        0.224492       -0.274511

     C   17        0.431466       -0.121405        0.231615
     C   17       -0.121405       -0.520570        0.070096
     C   17        0.231615        0.070096        0.089103

     Cl  18       -0.868428       -0.386362        0.605454
     Cl  18       -0.386362       -0.170774        1.922198
     Cl  18        0.605454        1.922198        1.039202

     H   19       -0.513959       -0.116241       -0.036508
     H   19       -0.116241        0.566689       -0.023687
     H   19       -0.036508       -0.023687       -0.052730

     C   20       -0.171855       -0.161685        0.133567
     C   20       -0.161685        0.350378        0.249169
     C   20        0.133567        0.249169       -0.178523

     H   21        0.116280       -0.346782        0.446481
     H   21       -0.346782        0.147368       -0.012700
     H   21        0.446481       -0.012700       -0.263648

     C   22        0.343521        0.593567       -0.452753
     C   22        0.593567        0.125282        0.328848
     C   22       -0.452753        0.328848       -0.468803

     C   23       -0.221624       -0.409839       -0.199762
     C   23       -0.409839        0.490577        0.115829
     C   23       -0.199762        0.115829       -0.268953

     Cl  24        0.798289        3.282495        0.289958
     Cl  24        3.282495        0.793557        1.475991
     Cl  24        0.289958        1.475991       -1.591846

     ----- total EFG (symmetrized) -----
     Cl   1        0.552168        0.247724       -0.026491
     Cl   1        0.247724        2.266007       -0.029018
     Cl   1       -0.026491       -0.029018       -2.818175

     C    2       -0.917822        0.158054        0.102123
     C    2        0.158054        0.560816        0.525083
     C    2        0.102123        0.525083        0.357007

     C    3        0.186267        0.073899        0.265636
     C    3        0.073899       -0.354769        0.095366
     C    3        0.265636        0.095366        0.168502

     H    4        0.184835        0.292570        0.338543
     H    4        0.292570       -0.394001       -0.175703
     H    4        0.338543       -0.175703        0.209166

     C    5       -0.780177        0.196603       -0.068270
     C    5        0.196603        0.470704        0.362550
     C    5       -0.068270        0.362550        0.309473

     H    6       -0.084600        0.041528       -0.181690
     H    6        0.041528        0.169010        0.231787
     H    6       -0.181690        0.231787       -0.084410

     H    7       -0.170596        0.119933        0.127822
     H    7        0.119933        0.087826       -0.854542
     H    7        0.127822       -0.854542        0.082771

     C    8        0.462479        0.238844        0.112302
     C    8        0.238844       -0.067640       -0.468137
     C    8        0.112302       -0.468137       -0.394840

     H    9        0.595270       -0.040473        0.592056
     H    9       -0.040473       -0.337182       -0.369549
     H    9        0.592056       -0.369549       -0.258088

     C   10        0.305394        0.126943        0.343942
     C   10        0.126943        0.196137       -0.601623
     C   10        0.343942       -0.601623       -0.501531

     C   11        0.307546        0.289855       -0.017240
     C   11        0.289855        0.219251       -0.176503
     C   11       -0.017240       -0.176503       -0.526796

     Cl  12       -0.630519        0.250623        0.172604
     Cl  12        0.250623       -0.279907        0.950523
     Cl  12        0.172604        0.950523        0.910426

     H   13       -0.160713        0.012626        0.156361
     H   13        0.012626        0.545168        0.211872
     H   13        0.156361        0.211872       -0.384455

     C   14        0.357514       -0.285189        0.331817
     C   14       -0.285189       -0.258420        0.090205
     C   14        0.331817        0.090205       -0.099095

     H   15        0.513702        0.184392        0.518572
     H   15        0.184392       -0.177289       -0.000867
     H   15        0.518572       -0.000867       -0.336414

     C   16       -0.211282        0.042769        0.075130
     C   16        0.042769        0.485793        0.224492
     C   16        0.075130        0.224492       -0.274511

     C   17        0.431466       -0.121405        0.231615
     C   17       -0.121405       -0.520570        0.070096
     C   17        0.231615        0.070096        0.089103

     Cl  18       -0.868428       -0.386362        0.605454
     Cl  18       -0.386362       -0.170774        1.922198
     Cl  18        0.605454        1.922198        1.039202

     H   19       -0.513959       -0.116241       -0.036508
     H   19       -0.116241        0.566689       -0.023687
     H   19       -0.036508       -0.023687       -0.052730

     C   20       -0.171855       -0.161685        0.133567
     C   20       -0.161685        0.350378        0.249169
     C   20        0.133567        0.249169       -0.178523

     H   21        0.116280       -0.346782        0.446481
     H   21       -0.346782        0.147368       -0.012700
     H   21        0.446481       -0.012700       -0.263648

     C   22        0.343521        0.593567       -0.452753
     C   22        0.593567        0.125282        0.328848
     C   22       -0.452753        0.328848       -0.468803

     C   23       -0.221624       -0.409839       -0.199762
     C   23       -0.409839        0.490577        0.115829
     C   23       -0.199762        0.115829       -0.268953

     Cl  24        0.798289        3.282495        0.289958
     Cl  24        3.282495        0.793557        1.475991
     Cl  24        0.289958        1.475991       -1.591846


     NQR/NMR SPECTROSCOPIC PARAMETERS:
     Cl   1    Vxx=    0.5172    axis=(  0.990078 -0.140360 -0.006643)
     Cl   1    Vyy=    2.3013    axis=(  0.140318  0.990086 -0.006338)
     Cl   1    Vzz=   -2.8185    axis=(  0.007466  0.005343  0.999958)
     Cl   1  Q=        -8.1650 1e-30 m^2  Cq=        54.0720 MHz  eta= 0.63298

     C    2    Vxx=   -0.0754    axis=( -0.024860 -0.632637  0.774049)
     C    2    Vyy=   -0.9365    axis=( -0.995029  0.090347  0.041884)
     C    2    Vzz=    1.0119    axis=( -0.096430 -0.769161 -0.631738)
     C    2  Q=         1.0000 1e-30 m^2  Cq=         2.3776 MHz  eta= 0.85092

     C    3    Vxx=   -0.0874    axis=( -0.703377  0.058274  0.708424)
     C    3    Vyy=   -0.3733    axis=( -0.062443  0.987715 -0.143247)
     C    3    Vzz=    0.4607    axis=( -0.708069 -0.144993 -0.691098)
     C    3  Q=         1.0000 1e-30 m^2  Cq=         1.0824 MHz  eta= 0.62056

     H    4    Vxx=    0.0836    axis=( -0.527300 -0.558533  0.640309)
     H    4    Vyy=    0.5433    axis=(  0.724459  0.098230  0.682283)
     H    4    Vzz=   -0.6270    axis=(  0.443976 -0.823645 -0.352837)
     H    4  Q=         1.0000 1e-30 m^2  Cq=        -1.4731 MHz  eta= 0.73321

     C    5    Vxx=    0.0551    axis=( -0.202348 -0.587687  0.783377)
     C    5    Vyy=    0.7696    axis=(  0.073149  0.788620  0.610514)
     C    5    Vzz=   -0.8247    axis=( -0.976578  0.180840 -0.116587)
     C    5  Q=         1.0000 1e-30 m^2  Cq=        -1.9378 MHz  eta= 0.86632

     H    6    Vxx=    0.0292    axis=(  0.805308  0.432654 -0.405327)
     H    6    Vyy=    0.3159    axis=(  0.164034 -0.819600 -0.548953)
     H    6    Vzz=   -0.3451    axis=( -0.569712  0.375589 -0.731000)
     H    6  Q=         1.0000 1e-30 m^2  Cq=        -0.8109 MHz  eta= 0.83101

     H    7    Vxx=   -0.1231    axis=( -0.965138 -0.188194 -0.181911)
     H    7    Vyy=   -0.8168    axis=( -0.261696  0.680893  0.684032)
     H    7    Vzz=    0.9399    axis=( -0.004869  0.707791 -0.706405)
     H    7  Q=         1.0000 1e-30 m^2  Cq=         2.2083 MHz  eta= 0.73801

     C    8    Vxx=    0.2101    axis=( -0.385748  0.693618 -0.608352)
     C    8    Vyy=    0.5604    axis=( -0.903753 -0.416695  0.097959)
     C    8    Vzz=   -0.7706    axis=( -0.185551  0.587588  0.787599)
     C    8  Q=         1.0000 1e-30 m^2  Cq=        -1.8105 MHz  eta= 0.45462

     H    9    Vxx=   -0.1454    axis=(  0.407364  0.791574 -0.455484)
     H    9    Vyy=   -0.7877    axis=( -0.303799  0.587792  0.749805)
     H    9    Vzz=    0.9330    axis=(  0.861255 -0.167068  0.479925)
     H    9  Q=         1.0000 1e-30 m^2  Cq=         2.1923 MHz  eta= 0.68840

     C   10    Vxx=    0.3868    axis=(  0.897269  0.438603  0.050361)
     C   10    Vyy=    0.5654    axis=( -0.344023  0.766116 -0.542876)
     C   10    Vzz=   -0.9522    axis=( -0.276689  0.469780  0.838302)
     C   10  Q=         1.0000 1e-30 m^2  Cq=        -2.2373 MHz  eta= 0.18767

     C   11    Vxx=   -0.0026    axis=(  0.673029 -0.707357  0.216052)
     C   11    Vyy=   -0.5693    axis=(  0.059947 -0.238982 -0.969172)
     C   11    Vzz=    0.5719    axis=(  0.737183  0.665233 -0.118438)
     C   11  Q=         1.0000 1e-30 m^2  Cq=         1.3437 MHz  eta= 0.99081

     Cl  12    Vxx=   -0.5843    axis=( -0.847631 -0.397949  0.350939)
     Cl  12    Vyy=   -0.8878    axis=( -0.514675  0.777434 -0.361532)
     Cl  12    Vzz=    1.4722    axis=(  0.128961  0.487066  0.863792)
     Cl  12  Q=        -8.1650 1e-30 m^2  Cq=       -28.2428 MHz  eta= 0.20618

     H   13    Vxx=   -0.0963    axis=(  0.910527 -0.145721  0.386918)
     H   13    Vyy=   -0.4977    axis=(  0.408774  0.176943 -0.895318)
     H   13    Vzz=    0.5940    axis=(  0.062004  0.973374  0.220679)
     H   13  Q=         1.0000 1e-30 m^2  Cq=         1.3957 MHz  eta= 0.67580

     C   14    Vxx=   -0.0873    axis=( -0.148163  0.643074  0.751335)
     C   14    Vyy=   -0.5005    axis=(  0.444944  0.721832 -0.530079)
     C   14    Vzz=    0.5878    axis=(  0.883217 -0.255764  0.393080)
     C   14  Q=         1.0000 1e-30 m^2  Cq=         1.3810 MHz  eta= 0.70287

     H   15    Vxx=   -0.1902    axis=( -0.068856  0.965807 -0.249952)
     H   15    Vyy=   -0.5977    axis=( -0.441097  0.195253  0.875962)
     H   15    Vzz=    0.7879    axis=(  0.894814  0.170569  0.412570)
     H   15  Q=         1.0000 1e-30 m^2  Cq=         1.8514 MHz  eta= 0.51720

     C   16    Vxx=   -0.1906    axis=(  0.918907 -0.175387  0.353341)
     C   16    Vyy=   -0.3615    axis=(  0.386242  0.217977 -0.896272)
     C   16    Vzz=    0.5520    axis=(  0.080174  0.960065  0.268042)
     C   16  Q=         1.0000 1e-30 m^2  Cq=         1.2971 MHz  eta= 0.30963

     C   17    Vxx=   -0.0018    axis=( -0.412552  0.216102  0.884930)
     C   17    Vyy=   -0.5522    axis=(  0.158736  0.973645 -0.163764)
     C   17    Vzz=    0.5539    axis=( -0.896997  0.072909 -0.435982)
     C   17  Q=         1.0000 1e-30 m^2  Cq=         1.3015 MHz  eta= 0.99365

     Cl  18    Vxx=   -0.4830    axis=(  0.851308 -0.463232  0.246353)
     Cl  18    Vyy=   -1.9873    axis=(  0.518505  0.671059 -0.529937)
     Cl  18    Vzz=    2.4703    axis=(  0.080166  0.578875  0.811466)
     Cl  18  Q=        -8.1650 1e-30 m^2  Cq=       -47.3906 MHz  eta= 0.60896

     H   19    Vxx=   -0.0502    axis=( -0.084040  0.022418  0.996210)
     H   19    Vyy=   -0.5295    axis=(  0.990956  0.106838  0.081192)
     H   19    Vzz=    0.5797    axis=( -0.104613  0.994024 -0.031193)
     H   19  Q=         1.0000 1e-30 m^2  Cq=         1.3620 MHz  eta= 0.82685

     C   20    Vxx=   -0.0463    axis=( -0.772923  0.080309 -0.629397)
     C   20    Vyy=   -0.4202    axis=( -0.611912 -0.356666  0.705941)
     C   20    Vzz=    0.4665    axis=( -0.167791  0.930774  0.324818)
     C   20  Q=         1.0000 1e-30 m^2  Cq=         1.0960 MHz  eta= 0.80153

     H   21    Vxx=   -0.0046    axis=(  0.325957  0.787363  0.523270)
     H   21    Vyy=   -0.6077    axis=( -0.594021 -0.260013  0.761270)
     H   21    Vzz=    0.6123    axis=(  0.735453 -0.558975  0.382957)
     H   21  Q=         1.0000 1e-30 m^2  Cq=         1.4387 MHz  eta= 0.98486

     C   22    Vxx=    0.1141    axis=( -0.377865  0.649420  0.659903)
     C   22    Vyy=    0.8553    axis=( -0.796701 -0.591180  0.125591)
     C   22    Vzz=   -0.9694    axis=(  0.471683 -0.478289  0.740780)
     C   22  Q=         1.0000 1e-30 m^2  Cq=        -2.2777 MHz  eta= 0.76466

     C   23    Vxx=   -0.2158    axis=( -0.440481 -0.388291  0.809449)
     C   23    Vyy=   -0.4982    axis=( -0.789304 -0.262103 -0.555249)
     C   23    Vzz=    0.7141    axis=( -0.427757  0.883477  0.191028)
     C   23  Q=         1.0000 1e-30 m^2  Cq=         1.6777 MHz  eta= 0.39554

     Cl  24    Vxx=   -1.2924    axis=( -0.531395  0.267456  0.803795)
     Cl  24    Vyy=   -3.0531    axis=( -0.514067  0.652361 -0.556921)
     Cl  24    Vzz=    4.3456    axis=(  0.673316  0.709149  0.209171)
     Cl  24  Q=        -8.1650 1e-30 m^2  Cq=       -83.3672 MHz  eta= 0.40518

     Initialization:
     gipaw_setup  :      8.90s CPU     10.66s WALL (       1 calls)

     Linear response

     Apply operators

     Induced current

     Other routines
     efg          :      9.27s CPU     11.91s WALL (       1 calls)

     General routines
     calbec       :      3.22s CPU      4.04s WALL (      16 calls)
     fft          :      1.64s CPU      2.45s WALL (      15 calls)
     ffts         :      0.04s CPU      0.06s WALL (       2 calls)
     fftw         :      3.27s CPU      3.93s WALL (     672 calls)
     davcio       :      0.04s CPU      0.31s WALL (      32 calls)

     Parallel routines
     fft_scatter  :      2.21s CPU      3.61s WALL (     689 calls)

     Plugins

     GIPAW        :     60.85s CPU     73.48s WALL (       1 calls)
