
     Program QE v.6.0 (svn rev. 13079) starts on 17Jan2017 at  3:13:44 

     This program is part of the open-source Quantum ESPRESSO suite
     for quantum simulation of materials; please cite
         "P. Giannozzi et al., J. Phys.:Condens. Matter 21 395502 (2009);
          URL http://www.quantum-espresso.org", 
     in publications or presentations arising from this work. More details at
     http://www.quantum-espresso.org/quote

     Parallel version (MPI), running on     8 processors
     R & G space division:  proc/nbgrp/npool/nimage =       8

     ***** This is GIPAW svn revision unknown      *****

     Parallelizing q-star over 1 images

     Reading data from directory:
     /users/majewski/paradichlorobenzene/pbe/9_constraint/scratch/pbe.ecut100.np8.dt60.pcl2phi-129368.save
     Message from routine read_xml_file:
     file /users/majewski/paradichlorobenzene/pbe/9_constraint/scratch/pbe.ecut100.np8.dt60.pcl2phi-129368.save not guaranteed to be safe for post-processing

   Info: using nr1, nr2, nr3 values from input

   Info: using nr1, nr2, nr3 values from input

     IMPORTANT: XC functional enforced from input :
     Exchange-correlation      =  SLA  PW   PBX  PBC ( 1  4  3  4 0 0)
     Any further DFT definition will be discarded
     Please, verify this is what you really want

               file C.pbe-n-kjpaw_psl.1.0.0.UPF: wavefunction(s)  2S 2P renormalized
               file Cl.pbe-n-kjpaw_psl.1.0.0.UPF: wavefunction(s)  3S 3P renormalized
               file H.pbe-kjpaw_psl.1.0.0.UPF: wavefunction(s)  1S renormalized

     Parallelization info
     --------------------
     sticks:   dense  smooth     PW     G-vecs:    dense   smooth      PW
     Min        3057    1223    332               144436    36536    5170
     Max        3059    1225    333               144437    36537    5171
     Sum       24467    9791   2657              1155489   292295   41363


     Subspace diagonalization in iterative solution of the eigenvalue problem:
     a serial algorithm will be used

     GIPAW projectors -----------------------------------------------
     atom=  C    l=0  rc=    1.2000  rs=    0.8000
     atom=  C    l=0  rc=    1.2000  rs=    0.8000
     atom=  C    l=1  rc=    1.4000  rs=    0.9333
     atom=  C    l=1  rc=    1.4000  rs=    0.9333
     projs nearly linearly dependent: l=1  n1,n2= 1, 2  s=  0.99951561

     atom=  Cl   l=0  rc=    1.6000  rs=    1.0667
     atom=  Cl   l=0  rc=    1.6000  rs=    1.0667
     atom=  Cl   l=1  rc=    1.6000  rs=    1.0667
     atom=  Cl   l=1  rc=    1.6000  rs=    1.0667
     atom=  Cl   l=2  rc=    1.6000  rs=    1.0667
     atom=  Cl   l=2  rc=    1.6000  rs=    1.0667
     projs nearly linearly dependent: l=2  n1,n2= 1, 2  s=  0.99993509

     atom=  H    l=0  rc=    1.0000  rs=    0.6667
     atom=  H    l=0  rc=    1.0000  rs=    0.6667
     projs nearly linearly dependent: l=0  n1,n2= 1, 2  s=  0.99968852
     -----------------------------------------------------------------

     GIPAW integrals: -------------------------------------------
     Atom  i/j   nmr_para   nmr_dia   epr_rmc  epr_para   epr_dia
       C   1 1   0.83E+03  0.17E-01  0.93E+01  0.24E+08  0.24E+03
       C   2 1   0.86E+03 -0.61E-01  0.94E+01  0.25E+08  0.25E+03
       C   2 2   0.90E+03 -0.15E+00  0.97E+01  0.26E+08  0.26E+03
       C   3 3   0.33E+01  0.34E+00  0.18E+01  0.55E+03  0.21E+02
       C   4 3   0.35E+01  0.37E+00  0.20E+01  0.59E+03  0.22E+02
       C   4 4   0.38E+01  0.39E+00  0.22E+01  0.63E+03  0.24E+02
       Cl  1 1   0.14E+04 -0.47E+00  0.84E+01  0.32E+09  0.42E+03
       Cl  2 1   0.21E+04 -0.37E+00  0.12E+02  0.49E+09  0.65E+03
       Cl  2 2   0.33E+04 -0.16E+00  0.21E+02  0.76E+09  0.10E+04
       Cl  3 3   0.21E+02  0.79E-01  0.89E+01  0.23E+05  0.13E+03
       Cl  4 3   0.24E+02  0.67E-01  0.99E+01  0.27E+05  0.15E+03
       Cl  4 4   0.28E+02  0.44E-01  0.11E+02  0.32E+05  0.18E+03
       Cl  5 5   0.77E+00  0.19E+00  0.18E+01  0.12E+03  0.22E+02
       Cl  6 5   0.80E+00  0.19E+00  0.19E+01  0.12E+03  0.23E+02
       Cl  6 6   0.83E+00  0.20E+00  0.19E+01  0.12E+03  0.23E+02
       H   1 1   0.39E+02  0.19E+00  0.29E+00  0.78E+05  0.13E+02
       H   2 1   0.41E+02  0.21E+00  0.32E+00  0.82E+05  0.14E+02
       H   2 2   0.43E+02  0.22E+00  0.36E+00  0.86E+05  0.15E+02
     ------------------------------------------------------------

     alpha_pv=     33.8469 eV

     Number of occupied bands for each k-point:
     k-point:     1    nbnd_occ=  42
     k-point:     2    nbnd_occ=  42
     k-point:     3    nbnd_occ=  42
     k-point:     4    nbnd_occ=  42
     k-point:     5    nbnd_occ=  42
     k-point:     6    nbnd_occ=  42
     k-point:     7    nbnd_occ=  42
     k-point:     8    nbnd_occ=  42
     k-point:     9    nbnd_occ=  42
     k-point:    10    nbnd_occ=  42
     k-point:    11    nbnd_occ=  42
     k-point:    12    nbnd_occ=  42
     k-point:    13    nbnd_occ=  42
     k-point:    14    nbnd_occ=  42
     k-point:    15    nbnd_occ=  42
     k-point:    16    nbnd_occ=  42


     q-space interpolation up to   110.00 Rydberg

     GIPAW job: efg                                                                             


     ELECTRIC FIELD GRADIENTS TENSORS IN Hartree/bohrradius^2:

     ----- bare term -----
     Cl   1       -0.168525        0.306212       -0.001554
     Cl   1        0.306212       -0.169068       -0.042390
     Cl   1       -0.001554       -0.042390        0.337593

     C    2        0.254178        0.032825       -0.174123
     C    2        0.032825       -0.266127       -0.607138
     C    2       -0.174123       -0.607138        0.011949

     C    3       -0.427670        0.141050       -0.015049
     C    3        0.141050       -0.093011        0.069764
     C    3       -0.015049        0.069764        0.520681

     H    4       -0.086118       -0.417147       -0.108053
     H    4       -0.417147       -0.309279        0.046903
     H    4       -0.108053        0.046903        0.395397

     C    5        0.123861       -0.126257       -0.314648
     C    5       -0.126257       -0.206797       -0.243497
     C    5       -0.314648       -0.243497        0.082936

     H    6        0.279950        0.201752       -0.038865
     H    6        0.201752       -0.606181       -0.105072
     H    6       -0.038865       -0.105072        0.326231

     H    7        0.375604        0.087068        0.135097
     H    7        0.087068       -0.305289        0.472581
     H    7        0.135097        0.472581       -0.070315

     C    8       -0.587588       -0.332652       -0.347603
     C    8       -0.332652        0.377848        0.148961
     C    8       -0.347603        0.148961        0.209739

     H    9        0.040169        0.095995       -0.429383
     H    9        0.095995        0.260925       -0.220865
     H    9       -0.429383       -0.220865       -0.301094

     C   10        0.206445       -0.196436       -0.003073
     C   10       -0.196436       -0.153997        0.393635
     C   10       -0.003073        0.393635       -0.052448

     C   11       -0.515694       -0.410559       -0.353412
     C   11       -0.410559        0.218460        0.171867
     C   11       -0.353412        0.171867        0.297234

     Cl  12       -0.001325       -0.031460       -0.083438
     Cl  12       -0.031460        0.030575        0.066514
     Cl  12       -0.083438        0.066514       -0.029250

     H   13        0.484450       -0.071966       -0.110294
     H   13       -0.071966       -0.582466       -0.319181
     H   13       -0.110294       -0.319181        0.098016

     C   14       -0.938266        0.365111       -0.467628
     C   14        0.365111        0.384087        0.032511
     C   14       -0.467628        0.032511        0.554179

     H   15       -0.571355       -0.257864        0.062102
     H   15       -0.257864        0.434037       -0.128563
     H   15        0.062102       -0.128563        0.137318

     C   16        0.026890       -0.056014       -0.277343
     C   16       -0.056014       -0.393884       -0.423765
     C   16       -0.277343       -0.423765        0.366994

     C   17       -0.709860        0.400837       -0.323793
     C   17        0.400837        0.323431       -0.139998
     C   17       -0.323793       -0.139998        0.386429

     Cl  18        0.061494       -0.159255       -0.058918
     Cl  18       -0.159255        0.026006        0.036231
     Cl  18       -0.058918        0.036231       -0.087499

     H   19        0.437847       -0.059667        0.060162
     H   19       -0.059667       -0.464403        0.622384
     H   19        0.060162        0.622384        0.026557

     C   20       -0.127286        0.056835       -0.298022
     C   20        0.056835       -0.016122        0.404213
     C   20       -0.298022        0.404213        0.143409

     H   21       -0.133838        0.393757       -0.451543
     H   21        0.393757       -0.010682        0.396024
     H   21       -0.451543        0.396024        0.144521

     C   22       -0.725999       -0.404388       -0.323399
     C   22       -0.404388        0.362186        0.093126
     C   22       -0.323399        0.093126        0.363813

     C   23        0.107782       -0.068685       -0.154222
     C   23       -0.068685       -0.027686        0.601328
     C   23       -0.154222        0.601328       -0.080096

     Cl  24       -0.160210       -0.257204       -0.004209
     Cl  24       -0.257204       -0.029253        0.017396
     Cl  24       -0.004209        0.017396        0.189463

     ----- ionic term -----
     Cl   1        0.169847       -0.184124        0.007506
     Cl   1       -0.184124        0.001428        0.004568
     Cl   1        0.007506        0.004568       -0.171274

     C    2        0.250178       -0.078648        0.189658
     C    2       -0.078648        0.263173        0.363390
     C    2        0.189658        0.363390       -0.513351

     C    3        0.200323       -0.155436        0.148358
     C    3       -0.155436        0.268731        0.337742
     C    3        0.148358        0.337742       -0.469054

     H    4        0.674012        0.401246        0.566592
     H    4        0.401246       -0.339308        0.243792
     H    4        0.566592        0.243792       -0.334704

     C    5        0.348772       -0.099254        0.178206
     C    5       -0.099254        0.084193        0.306827
     C    5        0.178206        0.306827       -0.432965

     H    6       -0.499386       -0.108776       -0.075100
     H    6       -0.108776        0.658445        0.676941
     H    6       -0.075100        0.676941       -0.159059

     H    7       -0.520150       -0.084159        0.054290
     H    7       -0.084159        0.766506       -0.648788
     H    7        0.054290       -0.648788       -0.246356

     C    8        0.210044        0.151048        0.318807
     C    8        0.151048        0.078812       -0.294129
     C    8        0.318807       -0.294129       -0.288856

     H    9        0.459056       -0.367809        0.688501
     H    9       -0.367809       -0.337097       -0.320391
     H    9        0.688501       -0.320391       -0.121959

     C   10        0.085157        0.253049        0.196939
     C   10        0.253049        0.154391       -0.390312
     C   10        0.196939       -0.390312       -0.239548

     C   11        0.140548        0.260432        0.302477
     C   11        0.260432        0.026369       -0.381032
     C   11        0.302477       -0.381032       -0.166918

     Cl  12        0.166925        0.235529        0.023290
     Cl  12        0.235529       -0.023310        0.008437
     Cl  12        0.023290        0.008437       -0.143615

     H   13       -0.511742        0.041674        0.015018
     H   13        0.041674        0.908882        0.500965
     H   13        0.015018        0.500965       -0.397140

     C   14        0.359278       -0.089802        0.199054
     C   14       -0.089802        0.142944        0.249253
     C   14        0.199054        0.249253       -0.502223

     H   15        0.627161        0.530910        0.476229
     H   15        0.530910       -0.226631        0.264389
     H   15        0.476229        0.264389       -0.400530

     C   16        0.216330       -0.138784        0.151710
     C   16       -0.138784        0.257001        0.317585
     C   16        0.151710        0.317585       -0.473332

     C   17        0.283973       -0.031746        0.214011
     C   17       -0.031746        0.186268        0.360725
     C   17        0.214011        0.360725       -0.470241

     Cl  18        0.192192       -0.217783        0.003725
     Cl  18       -0.217783       -0.043037       -0.000663
     Cl  18        0.003725       -0.000663       -0.149155

     H   19       -0.524885       -0.001860        0.023050
     H   19       -0.001860        0.506335       -0.761581
     H   19        0.023050       -0.761581        0.018550

     C   20        0.208987        0.210447        0.287385
     C   20        0.210447       -0.062209       -0.309223
     C   20        0.287385       -0.309223       -0.146777

     H   21        0.527938       -0.246369        0.702131
     H   21       -0.246369       -0.492004       -0.250617
     H   21        0.702131       -0.250617       -0.035934

     C   22        0.131844        0.218389        0.191843
     C   22        0.218389        0.066942       -0.429513
     C   22        0.191843       -0.429513       -0.198786

     C   23        0.180253        0.156424        0.336839
     C   23        0.156424        0.029496       -0.441680
     C   23        0.336839       -0.441680       -0.209750

     Cl  24        0.150847        0.199106        0.027258
     Cl  24        0.199106        0.013915        0.006245
     Cl  24        0.027258        0.006245       -0.164761

     ----- GIPAW term -----
     Cl   1       -1.121414        0.347915       -0.021346
     Cl   1        0.347915        2.414690        0.335770
     Cl   1       -0.021346        0.335770       -1.293276

     C    2       -0.020400        0.003669       -0.001147
     C    2        0.003669        0.140393        0.048915
     C    2       -0.001147        0.048915       -0.119993

     C    3       -0.034058       -0.033554        0.009609
     C    3       -0.033554        0.018249        0.017176
     C    3        0.009609        0.017176        0.015809

     H    4       -0.000000        0.000000        0.000000
     H    4        0.000000        0.000000        0.000000
     H    4        0.000000        0.000000        0.000000

     C    5        0.002314       -0.024368       -0.025462
     C    5       -0.024368        0.063992       -0.016625
     C    5       -0.025462       -0.016625       -0.066306

     H    6       -0.000000        0.000000        0.000000
     H    6        0.000000        0.000000        0.000000
     H    6        0.000000        0.000000        0.000000

     H    7       -0.000000        0.000000        0.000000
     H    7        0.000000        0.000000        0.000000
     H    7        0.000000        0.000000        0.000000

     C    8       -0.113459       -0.128039       -0.065368
     C    8       -0.128039        0.168206        0.077646
     C    8       -0.065368        0.077646       -0.054747

     H    9       -0.000000        0.000000        0.000000
     H    9        0.000000        0.000000        0.000000
     H    9        0.000000        0.000000        0.000000

     C   10       -0.021600       -0.053612       -0.004726
     C   10       -0.053612        0.089648        0.065909
     C   10       -0.004726        0.065909       -0.068048

     C   11       -0.113996       -0.053411       -0.049340
     C   11       -0.053411        0.203574        0.078365
     C   11       -0.049340        0.078365       -0.089579

     Cl  12       -0.170532        1.208139       -0.489157
     Cl  12        1.208139        1.874101        1.784086
     Cl  12       -0.489157        1.784086       -1.703569

     H   13       -0.000000        0.000000        0.000000
     H   13        0.000000        0.000000        0.000000
     H   13        0.000000        0.000000        0.000000

     C   14       -0.215595        0.021644       -0.054391
     C   14        0.021644        0.131113        0.195498
     C   14       -0.054391        0.195498        0.084482

     H   15       -0.000000        0.000000        0.000000
     H   15        0.000000        0.000000        0.000000
     H   15        0.000000        0.000000        0.000000

     C   16       -0.084092       -0.119937       -0.120709
     C   16       -0.119937        0.002829        0.147695
     C   16       -0.120709        0.147695        0.081263

     C   17       -0.159730       -0.090292       -0.045137
     C   17       -0.090292        0.281434        0.043505
     C   17       -0.045137        0.043505       -0.121704

     Cl  18        1.871179       -3.518371       -0.667239
     Cl  18       -3.518371        0.320735        0.435688
     Cl  18       -0.667239        0.435688       -2.191914

     H   19       -0.000000        0.000000        0.000000
     H   19        0.000000        0.000000        0.000000
     H   19        0.000000        0.000000        0.000000

     C   20       -0.115165        0.071710       -0.051674
     C   20        0.071710        0.213461       -0.047273
     C   20       -0.051674       -0.047273       -0.098296

     H   21       -0.000000        0.000000        0.000000
     H   21        0.000000        0.000000        0.000000
     H   21        0.000000        0.000000        0.000000

     C   22       -0.227269       -0.126422       -0.046237
     C   22       -0.126422        0.294695       -0.076127
     C   22       -0.046237       -0.076127       -0.067425

     C   23       -0.033308       -0.030037       -0.013629
     C   23       -0.030037        0.216718        0.049797
     C   23       -0.013629        0.049797       -0.183411

     Cl  24       -0.762076       -0.609321        0.187286
     Cl  24       -0.609321        2.412514       -0.860533
     Cl  24        0.187286       -0.860533       -1.650438

     ----- total EFG -----
     Cl   1       -1.120092        0.470003       -0.015394
     Cl   1        0.470003        2.247049        0.297947
     Cl   1       -0.015394        0.297947       -1.126957

     C    2        0.483957       -0.042154        0.014389
     C    2       -0.042154        0.137439       -0.194833
     C    2        0.014389       -0.194833       -0.621395

     C    3       -0.261405       -0.047941        0.142918
     C    3       -0.047941        0.193969        0.424682
     C    3        0.142918        0.424682        0.067436

     H    4        0.587894       -0.015901        0.458539
     H    4       -0.015901       -0.648587        0.290694
     H    4        0.458539        0.290694        0.060693

     C    5        0.474947       -0.249879       -0.161904
     C    5       -0.249879       -0.058613        0.046706
     C    5       -0.161904        0.046706       -0.416334

     H    6       -0.219436        0.092976       -0.113965
     H    6        0.092976        0.052264        0.571869
     H    6       -0.113965        0.571869        0.167172

     H    7       -0.144547        0.002909        0.189387
     H    7        0.002909        0.461217       -0.176207
     H    7        0.189387       -0.176207       -0.316671

     C    8       -0.491003       -0.309643       -0.094164
     C    8       -0.309643        0.624867       -0.067522
     C    8       -0.094164       -0.067522       -0.133864

     H    9        0.499224       -0.271814        0.259118
     H    9       -0.271814       -0.076172       -0.541257
     H    9        0.259118       -0.541257       -0.423052

     C   10        0.270003        0.003000        0.189140
     C   10        0.003000        0.090042        0.069232
     C   10        0.189140        0.069232       -0.360045

     C   11       -0.489142       -0.203538       -0.100275
     C   11       -0.203538        0.448404       -0.130799
     C   11       -0.100275       -0.130799        0.040738

     Cl  12       -0.004932        1.412208       -0.549305
     Cl  12        1.412208        1.881365        1.859037
     Cl  12       -0.549305        1.859037       -1.876434

     H   13       -0.027292       -0.030292       -0.095276
     H   13       -0.030292        0.326416        0.181784
     H   13       -0.095276        0.181784       -0.299123

     C   14       -0.794583        0.296952       -0.322964
     C   14        0.296952        0.658144        0.477262
     C   14       -0.322964        0.477262        0.136439

     H   15        0.055806        0.273046        0.538331
     H   15        0.273046        0.207406        0.135826
     H   15        0.538331        0.135826       -0.263212

     C   16        0.159129       -0.314735       -0.246342
     C   16       -0.314735       -0.134054        0.041515
     C   16       -0.246342        0.041515       -0.025075

     C   17       -0.585617        0.278799       -0.154919
     C   17        0.278799        0.791133        0.264232
     C   17       -0.154919        0.264232       -0.205516

     Cl  18        2.124865       -3.895409       -0.722432
     Cl  18       -3.895409        0.303703        0.471257
     Cl  18       -0.722432        0.471257       -2.428568

     H   19       -0.087038       -0.061526        0.083212
     H   19       -0.061526        0.041931       -0.139197
     H   19        0.083212       -0.139197        0.045107

     C   20       -0.033464        0.338992       -0.062312
     C   20        0.338992        0.135129        0.047717
     C   20       -0.062312        0.047717       -0.101665

     H   21        0.394099        0.147388        0.250588
     H   21        0.147388       -0.502687        0.145407
     H   21        0.250588        0.145407        0.108587

     C   22       -0.821424       -0.312421       -0.177793
     C   22       -0.312421        0.723822       -0.412513
     C   22       -0.177793       -0.412513        0.097602

     C   23        0.254728        0.057701        0.168988
     C   23        0.057701        0.218529        0.209445
     C   23        0.168988        0.209445       -0.473257

     Cl  24       -0.771439       -0.667419        0.210335
     Cl  24       -0.667419        2.397175       -0.836892
     Cl  24        0.210335       -0.836892       -1.625736

     ----- total EFG (symmetrized) -----
     Cl   1       -1.120092        0.470003       -0.015394
     Cl   1        0.470003        2.247049        0.297947
     Cl   1       -0.015394        0.297947       -1.126957

     C    2        0.483957       -0.042154        0.014389
     C    2       -0.042154        0.137439       -0.194833
     C    2        0.014389       -0.194833       -0.621395

     C    3       -0.261405       -0.047941        0.142918
     C    3       -0.047941        0.193969        0.424682
     C    3        0.142918        0.424682        0.067436

     H    4        0.587894       -0.015901        0.458539
     H    4       -0.015901       -0.648587        0.290694
     H    4        0.458539        0.290694        0.060693

     C    5        0.474947       -0.249879       -0.161904
     C    5       -0.249879       -0.058613        0.046706
     C    5       -0.161904        0.046706       -0.416334

     H    6       -0.219436        0.092976       -0.113965
     H    6        0.092976        0.052264        0.571869
     H    6       -0.113965        0.571869        0.167172

     H    7       -0.144547        0.002909        0.189387
     H    7        0.002909        0.461217       -0.176207
     H    7        0.189387       -0.176207       -0.316671

     C    8       -0.491003       -0.309643       -0.094164
     C    8       -0.309643        0.624867       -0.067522
     C    8       -0.094164       -0.067522       -0.133864

     H    9        0.499224       -0.271814        0.259118
     H    9       -0.271814       -0.076172       -0.541257
     H    9        0.259118       -0.541257       -0.423052

     C   10        0.270003        0.003000        0.189140
     C   10        0.003000        0.090042        0.069232
     C   10        0.189140        0.069232       -0.360045

     C   11       -0.489142       -0.203538       -0.100275
     C   11       -0.203538        0.448404       -0.130799
     C   11       -0.100275       -0.130799        0.040738

     Cl  12       -0.004932        1.412208       -0.549305
     Cl  12        1.412208        1.881365        1.859037
     Cl  12       -0.549305        1.859037       -1.876434

     H   13       -0.027292       -0.030292       -0.095276
     H   13       -0.030292        0.326416        0.181784
     H   13       -0.095276        0.181784       -0.299123

     C   14       -0.794583        0.296952       -0.322964
     C   14        0.296952        0.658144        0.477262
     C   14       -0.322964        0.477262        0.136439

     H   15        0.055806        0.273046        0.538331
     H   15        0.273046        0.207406        0.135826
     H   15        0.538331        0.135826       -0.263212

     C   16        0.159129       -0.314735       -0.246342
     C   16       -0.314735       -0.134054        0.041515
     C   16       -0.246342        0.041515       -0.025075

     C   17       -0.585617        0.278799       -0.154919
     C   17        0.278799        0.791133        0.264232
     C   17       -0.154919        0.264232       -0.205516

     Cl  18        2.124865       -3.895409       -0.722432
     Cl  18       -3.895409        0.303703        0.471257
     Cl  18       -0.722432        0.471257       -2.428568

     H   19       -0.087038       -0.061526        0.083212
     H   19       -0.061526        0.041931       -0.139197
     H   19        0.083212       -0.139197        0.045107

     C   20       -0.033464        0.338992       -0.062312
     C   20        0.338992        0.135129        0.047717
     C   20       -0.062312        0.047717       -0.101665

     H   21        0.394099        0.147388        0.250588
     H   21        0.147388       -0.502687        0.145407
     H   21        0.250588        0.145407        0.108587

     C   22       -0.821424       -0.312421       -0.177793
     C   22       -0.312421        0.723822       -0.412513
     C   22       -0.177793       -0.412513        0.097602

     C   23        0.254728        0.057701        0.168988
     C   23        0.057701        0.218529        0.209445
     C   23        0.168988        0.209445       -0.473257

     Cl  24       -0.771439       -0.667419        0.210335
     Cl  24       -0.667419        2.397175       -0.836892
     Cl  24        0.210335       -0.836892       -1.625736


     NQR/NMR SPECTROSCOPIC PARAMETERS:
     Cl   1    Vxx=   -1.1103    axis=( -0.602597  0.013547  0.797931)
     Cl   1    Vyy=   -1.2260    axis=( -0.786734  0.157669 -0.596817)
     Cl   1    Vzz=    2.3362    axis=(  0.133894  0.987399  0.084353)
     Cl   1  Q=        -8.1650 1e-30 m^2  Cq=       -44.8195 MHz  eta= 0.04952

     C    2    Vxx=    0.1781    axis=(  0.143510  0.962101 -0.231875)
     C    2    Vyy=    0.4904    axis=(  0.989643 -0.138674  0.037109)
     C    2    Vzz=   -0.6685    axis=( -0.003548  0.234798  0.972038)
     C    2  Q=         1.0000 1e-30 m^2  Cq=        -1.5707 MHz  eta= 0.46715

     C    3    Vxx=   -0.1418    axis=(  0.745665 -0.479132  0.463050)
     C    3    Vyy=   -0.4223    axis=( -0.662547 -0.459297  0.591673)
     C    3    Vzz=    0.5641    axis=(  0.070812  0.747983  0.659929)
     C    3  Q=         1.0000 1e-30 m^2  Cq=         1.3255 MHz  eta= 0.49709

     H    4    Vxx=   -0.0882    axis=( -0.505724  0.408515  0.759841)
     H    4    Vyy=   -0.7770    axis=(  0.142720  0.908258 -0.393318)
     H    4    Vzz=    0.8652    axis=( -0.850808 -0.090466 -0.517631)
     H    4  Q=         1.0000 1e-30 m^2  Cq=         2.0328 MHz  eta= 0.79609

     C    5    Vxx=   -0.1565    axis=(  0.355481  0.933136 -0.053767)
     C    5    Vyy=   -0.4449    axis=(  0.171129 -0.008424  0.985213)
     C    5    Vzz=    0.6014    axis=(  0.918884 -0.359425 -0.162681)
     C    5  Q=         1.0000 1e-30 m^2  Cq=         1.4129 MHz  eta= 0.47952

     H    6    Vxx=   -0.1524    axis=( -0.906469 -0.328747  0.265028)
     H    6    Vyy=   -0.5326    axis=(  0.421533 -0.667330  0.613988)
     H    6    Vzz=    0.6850    axis=( -0.024986  0.668279  0.743491)
     H    6  Q=         1.0000 1e-30 m^2  Cq=         1.6095 MHz  eta= 0.55506

     H    7    Vxx=   -0.0381    axis=( -0.860989 -0.164780 -0.481192)
     H    7    Vyy=   -0.4634    axis=( -0.504931  0.163120  0.847606)
     H    7    Vzz=    0.5015    axis=( -0.061176  0.972749 -0.223647)
     H    7  Q=         1.0000 1e-30 m^2  Cq=         1.1784 MHz  eta= 0.84789

     C    8    Vxx=   -0.1106    axis=( -0.233393 -0.008992  0.972341)
     C    8    Vyy=   -0.5965    axis=(  0.940697  0.251100  0.228120)
     C    8    Vzz=    0.7071    axis=( -0.246206  0.967919 -0.050146)
     C    8  Q=         1.0000 1e-30 m^2  Cq=         1.6615 MHz  eta= 0.68708

     H    9    Vxx=    0.0270    axis=(  0.616426  0.656548 -0.434700)
     H    9    Vyy=    0.7930    axis=(  0.786346 -0.484557  0.383229)
     H    9    Vzz=   -0.8200    axis=(  0.040971 -0.578057 -0.814967)
     H    9  Q=         1.0000 1e-30 m^2  Cq=        -1.9267 MHz  eta= 0.93417

     C   10    Vxx=    0.0966    axis=(  0.124223 -0.987378 -0.098254)
     C   10    Vyy=    0.3244    axis=(  0.957224  0.093170  0.273936)
     C   10    Vzz=   -0.4210    axis=( -0.261324 -0.128080  0.956716)
     C   10  Q=         1.0000 1e-30 m^2  Cq=        -0.9891 MHz  eta= 0.54129

     C   11    Vxx=    0.0420    axis=( -0.249109  0.181441  0.951327)
     C   11    Vyy=    0.5159    axis=(  0.171405 -0.958527  0.227698)
     C   11    Vzz=   -0.5579    axis=(  0.953187  0.219784  0.207678)
     C   11  Q=         1.0000 1e-30 m^2  Cq=        -1.3109 MHz  eta= 0.84927

     Cl  12    Vxx=   -0.0350    axis=(  0.867633 -0.196176 -0.456868)
     Cl  12    Vyy=   -3.0291    axis=( -0.347567  0.417765 -0.839446)
     Cl  12    Vzz=    3.0640    axis=(  0.355543  0.887123  0.294282)
     Cl  12  Q=        -8.1650 1e-30 m^2  Cq=       -58.7821 MHz  eta= 0.97716

     H   13    Vxx=   -0.0136    axis=(  0.961123  0.191798 -0.198635)
     H   13    Vyy=   -0.3691    axis=(  0.241555 -0.235536  0.941368)
     H   13    Vzz=    0.3827    axis=(  0.133767 -0.952752 -0.272709)
     H   13  Q=         1.0000 1e-30 m^2  Cq=         0.8992 MHz  eta= 0.92868

     C   14    Vxx=    0.0654    axis=(  0.442286  0.417515 -0.793766)
     C   14    Vyy=    0.9464    axis=( -0.057553 -0.870000 -0.489681)
     C   14    Vzz=   -1.0118    axis=(  0.895026 -0.262262  0.360760)
     C   14  Q=         1.0000 1e-30 m^2  Cq=        -2.3773 MHz  eta= 0.87080

     H   15    Vxx=    0.0105    axis=(  0.405402 -0.828576  0.386150)
     H   15    Vyy=    0.6584    axis=( -0.679615 -0.555696 -0.478879)
     H   15    Vzz=   -0.6689    axis=(  0.611369 -0.068295 -0.788393)
     H   15  Q=         1.0000 1e-30 m^2  Cq=        -1.5717 MHz  eta= 0.96857

     C   16    Vxx=   -0.0998    axis=(  0.167002 -0.518816  0.838415)
     C   16    Vyy=   -0.3695    axis=( -0.592365 -0.732570 -0.335327)
     C   16    Vzz=    0.4694    axis=(  0.788171 -0.440648 -0.429669)
     C   16  Q=         1.0000 1e-30 m^2  Cq=         1.1029 MHz  eta= 0.57462

     C   17    Vxx=   -0.1701    axis=( -0.419429 -0.125489  0.899073)
     C   17    Vyy=   -0.7245    axis=( -0.893611  0.231427 -0.384579)
     C   17    Vzz=    0.8946    axis=(  0.159809  0.964725  0.209205)
     C   17  Q=         1.0000 1e-30 m^2  Cq=         2.1020 MHz  eta= 0.61967

     Cl  18    Vxx=   -2.5018    axis=( -0.083362 -0.276563  0.957373)
     Cl  18    Vyy=   -2.8082    axis=( -0.621014 -0.736936 -0.266957)
     Cl  18    Vzz=    5.3100    axis=(  0.779354 -0.616797 -0.110317)
     Cl  18  Q=        -8.1650 1e-30 m^2  Cq=      -101.8703 MHz  eta= 0.05771

     H   19    Vxx=   -0.0896    axis=(  0.375947  0.750651  0.543311)
     H   19    Vyy=   -0.1276    axis=(  0.869773 -0.083617 -0.486317)
     H   19    Vzz=    0.2173    axis=(  0.319624 -0.655386  0.684331)
     H   19  Q=         1.0000 1e-30 m^2  Cq=         0.5105 MHz  eta= 0.17497

     C   20    Vxx=   -0.0742    axis=( -0.259241  0.204654  0.943881)
     C   20    Vyy=   -0.3259    axis=( -0.743829  0.581061 -0.330283)
     C   20    Vzz=    0.4001    axis=( -0.616046 -0.787708  0.001593)
     C   20  Q=         1.0000 1e-30 m^2  Cq=         0.9402 MHz  eta= 0.62912

     H   21    Vxx=   -0.0321    axis=( -0.528744  0.095019  0.843446)
     H   21    Vyy=   -0.5450    axis=( -0.106361  0.978464 -0.176906)
     H   21    Vzz=    0.5771    axis=( -0.842091 -0.183247 -0.507251)
     H   21  Q=         1.0000 1e-30 m^2  Cq=         1.3560 MHz  eta= 0.88868

     C   22    Vxx=   -0.0039    axis=( -0.326504  0.356135  0.875536)
     C   22    Vyy=   -0.9486    axis=(  0.937812  0.237618  0.253074)
     C   22    Vzz=    0.9525    axis=( -0.117914  0.903718 -0.411571)
     C   22  Q=         1.0000 1e-30 m^2  Cq=         2.2379 MHz  eta= 0.99183

     C   23    Vxx=    0.1800    axis=(  0.685628 -0.725845 -0.055356)
     C   23    Vyy=    0.3788    axis=(  0.705170  0.643371  0.298008)
     C   23    Vzz=   -0.5588    axis=( -0.180693 -0.243358  0.952957)
     C   23  Q=         1.0000 1e-30 m^2  Cq=        -1.3129 MHz  eta= 0.35575

     Cl  24    Vxx=   -0.9045    axis=(  0.977087  0.208434  0.043093)
     Cl  24    Vyy=   -1.7991    axis=( -0.082111  0.182348  0.979800)
     Cl  24    Vzz=    2.7037    axis=(  0.196366 -0.960887  0.195284)
     Cl  24  Q=        -8.1650 1e-30 m^2  Cq=       -51.8682 MHz  eta= 0.33088

     Initialization:
     gipaw_setup  :      9.24s CPU     10.86s WALL (       1 calls)

     Linear response

     Apply operators

     Induced current

     Other routines
     efg          :      9.37s CPU     12.18s WALL (       1 calls)

     General routines
     calbec       :      3.33s CPU      4.74s WALL (      16 calls)
     fft          :      1.48s CPU      1.94s WALL (      15 calls)
     ffts         :      0.04s CPU      0.06s WALL (       2 calls)
     fftw         :      3.23s CPU      3.98s WALL (     672 calls)
     davcio       :      0.04s CPU      0.33s WALL (      32 calls)

     Parallel routines
     fft_scatter  :      2.10s CPU      3.20s WALL (     689 calls)

     Plugins

     GIPAW        :     61.01s CPU     73.67s WALL (       1 calls)
