
     Program QE v.6.0 (svn rev. 13079) starts on 24Dec2016 at 16:48:10 

     This program is part of the open-source Quantum ESPRESSO suite
     for quantum simulation of materials; please cite
         "P. Giannozzi et al., J. Phys.:Condens. Matter 21 395502 (2009);
          URL http://www.quantum-espresso.org", 
     in publications or presentations arising from this work. More details at
     http://www.quantum-espresso.org/quote

     Parallel version (MPI), running on     8 processors
     R & G space division:  proc/nbgrp/npool/nimage =       8

     ***** This is GIPAW svn revision unknown      *****

     Parallelizing q-star over 1 images

     Reading data from directory:
     /users/majewski/paradichlorobenzene/pbe/9_constraint/scratch/pbe.ecut100.np8.dt60.pcl2phi-129368.save
     Message from routine read_xml_file:
     file /users/majewski/paradichlorobenzene/pbe/9_constraint/scratch/pbe.ecut100.np8.dt60.pcl2phi-129368.save not guaranteed to be safe for post-processing

   Info: using nr1, nr2, nr3 values from input

   Info: using nr1, nr2, nr3 values from input

     IMPORTANT: XC functional enforced from input :
     Exchange-correlation      =  SLA  PW   PBX  PBC ( 1  4  3  4 0 0)
     Any further DFT definition will be discarded
     Please, verify this is what you really want

               file C.pbe-n-kjpaw_psl.1.0.0.UPF: wavefunction(s)  2S 2P renormalized
               file Cl.pbe-n-kjpaw_psl.1.0.0.UPF: wavefunction(s)  3S 3P renormalized
               file H.pbe-kjpaw_psl.1.0.0.UPF: wavefunction(s)  1S renormalized

     Parallelization info
     --------------------
     sticks:   dense  smooth     PW     G-vecs:    dense   smooth      PW
     Min        3057    1223    332               144436    36536    5170
     Max        3059    1225    333               144437    36537    5171
     Sum       24467    9791   2657              1155489   292295   41363


     Subspace diagonalization in iterative solution of the eigenvalue problem:
     a serial algorithm will be used

     GIPAW projectors -----------------------------------------------
     atom=  C    l=0  rc=    1.2000  rs=    0.8000
     atom=  C    l=0  rc=    1.2000  rs=    0.8000
     atom=  C    l=1  rc=    1.4000  rs=    0.9333
     atom=  C    l=1  rc=    1.4000  rs=    0.9333
     projs nearly linearly dependent: l=1  n1,n2= 1, 2  s=  0.99951561

     atom=  Cl   l=0  rc=    1.6000  rs=    1.0667
     atom=  Cl   l=0  rc=    1.6000  rs=    1.0667
     atom=  Cl   l=1  rc=    1.6000  rs=    1.0667
     atom=  Cl   l=1  rc=    1.6000  rs=    1.0667
     atom=  Cl   l=2  rc=    1.6000  rs=    1.0667
     atom=  Cl   l=2  rc=    1.6000  rs=    1.0667
     projs nearly linearly dependent: l=2  n1,n2= 1, 2  s=  0.99993509

     atom=  H    l=0  rc=    1.0000  rs=    0.6667
     atom=  H    l=0  rc=    1.0000  rs=    0.6667
     projs nearly linearly dependent: l=0  n1,n2= 1, 2  s=  0.99968852
     -----------------------------------------------------------------

     GIPAW integrals: -------------------------------------------
     Atom  i/j   nmr_para   nmr_dia   epr_rmc  epr_para   epr_dia
       C   1 1   0.83E+03  0.17E-01  0.93E+01  0.24E+08  0.24E+03
       C   2 1   0.86E+03 -0.61E-01  0.94E+01  0.25E+08  0.25E+03
       C   2 2   0.90E+03 -0.15E+00  0.97E+01  0.26E+08  0.26E+03
       C   3 3   0.33E+01  0.34E+00  0.18E+01  0.55E+03  0.21E+02
       C   4 3   0.35E+01  0.37E+00  0.20E+01  0.59E+03  0.22E+02
       C   4 4   0.38E+01  0.39E+00  0.22E+01  0.63E+03  0.24E+02
       Cl  1 1   0.14E+04 -0.47E+00  0.84E+01  0.32E+09  0.42E+03
       Cl  2 1   0.21E+04 -0.37E+00  0.12E+02  0.49E+09  0.65E+03
       Cl  2 2   0.33E+04 -0.16E+00  0.21E+02  0.76E+09  0.10E+04
       Cl  3 3   0.21E+02  0.79E-01  0.89E+01  0.23E+05  0.13E+03
       Cl  4 3   0.24E+02  0.67E-01  0.99E+01  0.27E+05  0.15E+03
       Cl  4 4   0.28E+02  0.44E-01  0.11E+02  0.32E+05  0.18E+03
       Cl  5 5   0.77E+00  0.19E+00  0.18E+01  0.12E+03  0.22E+02
       Cl  6 5   0.80E+00  0.19E+00  0.19E+01  0.12E+03  0.23E+02
       Cl  6 6   0.83E+00  0.20E+00  0.19E+01  0.12E+03  0.23E+02
       H   1 1   0.39E+02  0.19E+00  0.29E+00  0.78E+05  0.13E+02
       H   2 1   0.41E+02  0.21E+00  0.32E+00  0.82E+05  0.14E+02
       H   2 2   0.43E+02  0.22E+00  0.36E+00  0.86E+05  0.15E+02
     ------------------------------------------------------------

     alpha_pv=     34.1919 eV

     Number of occupied bands for each k-point:
     k-point:     1    nbnd_occ=  42
     k-point:     2    nbnd_occ=  42
     k-point:     3    nbnd_occ=  42
     k-point:     4    nbnd_occ=  42
     k-point:     5    nbnd_occ=  42
     k-point:     6    nbnd_occ=  42
     k-point:     7    nbnd_occ=  42
     k-point:     8    nbnd_occ=  42
     k-point:     9    nbnd_occ=  42
     k-point:    10    nbnd_occ=  42
     k-point:    11    nbnd_occ=  42
     k-point:    12    nbnd_occ=  42
     k-point:    13    nbnd_occ=  42
     k-point:    14    nbnd_occ=  42
     k-point:    15    nbnd_occ=  42
     k-point:    16    nbnd_occ=  42


     q-space interpolation up to   110.00 Rydberg

     GIPAW job: efg                                                                             


     ELECTRIC FIELD GRADIENTS TENSORS IN Hartree/bohrradius^2:

     ----- bare term -----
     Cl   1        0.000549        0.062424        0.035965
     Cl   1        0.062424        0.049596        0.076966
     Cl   1        0.035965        0.076966       -0.050144

     C    2       -0.805155        0.348909       -0.331756
     C    2        0.348909        0.266197        0.000834
     C    2       -0.331756        0.000834        0.538958

     C    3        0.245952       -0.017007        0.086214
     C    3       -0.017007       -0.408791       -0.278849
     C    3        0.086214       -0.278849        0.162838

     H    4       -0.396644       -0.293056        0.272136
     H    4       -0.293056        0.265029        0.016268
     H    4        0.272136        0.016268        0.131615

     C    5       -0.578751        0.277545       -0.342597
     C    5        0.277545        0.154828        0.020026
     C    5       -0.342597        0.020026        0.423923

     H    6        0.384176       -0.305156        0.160445
     H    6       -0.305156       -0.546198        0.064547
     H    6        0.160445        0.064547        0.162021

     H    7        0.445247        0.044558       -0.021282
     H    7        0.044558       -0.348433        0.629110
     H    7       -0.021282        0.629110       -0.096814

     C    8       -0.184896       -0.092583       -0.294555
     C    8       -0.092583       -0.193341        0.357298
     C    8       -0.294555        0.357298        0.378237

     H    9       -0.094748        0.177786       -0.449224
     H    9        0.177786        0.365975        0.344094
     H    9       -0.449224        0.344094       -0.271227

     C   10       -0.581296       -0.345067       -0.346807
     C   10       -0.345067        0.116802        0.136698
     C   10       -0.346807        0.136698        0.464494

     C   11       -0.094788        0.116209       -0.330864
     C   11        0.116209        0.003869        0.699359
     C   11       -0.330864        0.699359        0.090920

     Cl  12       -0.168608       -0.155262       -0.045283
     Cl  12       -0.155262        0.088785        0.148962
     Cl  12       -0.045283        0.148962        0.079823

     H   13        0.261250       -0.449550        0.017329
     H   13       -0.449550       -0.642039       -0.163183
     H   13        0.017329       -0.163183        0.380789

     C   14       -0.069098        0.424061       -0.132529
     C   14        0.424061       -0.146326       -0.448212
     C   14       -0.132529       -0.448212        0.215424

     H   15       -0.515002       -0.448253        0.127300
     H   15       -0.448253        0.267118        0.063588
     H   15        0.127300        0.063588        0.247883

     C   16       -0.424049        0.359469       -0.299097
     C   16        0.359469        0.116231       -0.372400
     C   16       -0.299097       -0.372400        0.307817

     C   17       -0.053471       -0.164051       -0.354697
     C   17       -0.164051       -0.039449       -0.647872
     C   17       -0.354697       -0.647872        0.092920

     Cl  18       -0.232852        0.249699        0.109788
     Cl  18        0.249699       -0.057419       -0.116536
     Cl  18        0.109788       -0.116536        0.290270

     H   19        0.541326        0.006160       -0.028398
     H   19        0.006160       -0.239966        0.324041
     H   19       -0.028398        0.324041       -0.301360

     C   20       -0.751998       -0.358476       -0.263839
     C   20       -0.358476        0.440887        0.227272
     C   20       -0.263839        0.227272        0.311111

     H   21       -0.076822        0.057223       -0.521962
     H   21        0.057223        0.246368       -0.140348
     H   21       -0.521962       -0.140348       -0.169546

     C   22       -0.019146       -0.204135       -0.180960
     C   22       -0.204135       -0.044013        0.661390
     C   22       -0.180960        0.661390        0.063158

     C   23       -0.511603       -0.297484       -0.398808
     C   23       -0.297484        0.233746        0.300932
     C   23       -0.398808        0.300932        0.277857

     Cl  24       -0.037952       -0.074842       -0.069726
     Cl  24       -0.074842        0.142195        0.089661
     Cl  24       -0.069726        0.089661       -0.104242

     ----- ionic term -----
     Cl   1        0.118283       -0.215523        0.022383
     Cl   1       -0.215523        0.056120       -0.014735
     Cl   1        0.022383       -0.014735       -0.174404

     C    2        0.242177       -0.121411        0.187951
     C    2       -0.121411        0.313028        0.243200
     C    2        0.187951        0.243200       -0.555205

     C    3        0.199537       -0.092791        0.061259
     C    3       -0.092791        0.363642        0.299105
     C    3        0.061259        0.299105       -0.563179

     H    4        0.800248        0.557746        0.319816
     H    4        0.557746       -0.221800        0.166893
     H    4        0.319816        0.166893       -0.578448

     C    5        0.434933       -0.078147        0.071449
     C    5       -0.078147        0.135529        0.258855
     C    5        0.071449        0.258855       -0.570462

     H    6       -0.461802        0.179794        0.030488
     H    6        0.179794        0.849797        0.525395
     H    6        0.030488        0.525395       -0.387995

     H    7       -0.532580       -0.067543        0.068622
     H    7       -0.067543        0.598764       -0.755422
     H    7        0.068622       -0.755422       -0.066183

     C    8        0.251765        0.261200        0.285477
     C    8        0.261200        0.007014       -0.313473
     C    8        0.285477       -0.313473       -0.258779

     H    9        0.520549       -0.178607        0.752543
     H    9       -0.178607       -0.511926       -0.199396
     H    9        0.752543       -0.199396       -0.008623

     C   10        0.173934        0.325202        0.192616
     C   10        0.325202        0.055368       -0.372344
     C   10        0.192616       -0.372344       -0.229302

     C   11        0.242841        0.215438        0.293009
     C   11        0.215438       -0.043453       -0.382419
     C   11        0.293009       -0.382419       -0.199388

     Cl  12        0.146648        0.187413       -0.001798
     Cl  12        0.187413       -0.002461       -0.011946
     Cl  12       -0.001798       -0.011946       -0.144187

     H   13       -0.517416        0.165710        0.083606
     H   13        0.165710        0.777056        0.618506
     H   13        0.083606        0.618506       -0.259639

     C   14        0.360054       -0.175085        0.134468
     C   14       -0.175085        0.142621        0.265990
     C   14        0.134468        0.265990       -0.502674

     H   15        0.898731        0.311070        0.421763
     H   15        0.311070       -0.444187        0.159872
     H   15        0.421763        0.159872       -0.454544

     C   16        0.237927       -0.178056        0.097817
     C   16       -0.178056        0.242292        0.352532
     C   16        0.097817        0.352532       -0.480220

     C   17        0.331577       -0.057074        0.056799
     C   17       -0.057074        0.200296        0.395053
     C   17        0.056799        0.395053       -0.531874

     Cl  18        0.113986       -0.213375       -0.066340
     Cl  18       -0.213375        0.035561        0.051562
     Cl  18       -0.066340        0.051562       -0.149547

     H   19       -0.513447       -0.058056        0.057128
     H   19       -0.058056        0.569783       -0.763548
     H   19        0.057128       -0.763548       -0.056336

     C   20        0.338875        0.269659        0.306660
     C   20        0.269659       -0.043530       -0.307568
     C   20        0.306660       -0.307568       -0.295345

     H   21        0.489093       -0.302936        0.723481
     H   21       -0.302936       -0.411979       -0.284683
     H   21        0.723481       -0.284683       -0.077114

     C   22        0.143049        0.290184        0.194841
     C   22        0.290184        0.122551       -0.434808
     C   22        0.194841       -0.434808       -0.265600

     C   23        0.123136        0.237925        0.308285
     C   23        0.237925        0.079410       -0.416999
     C   23        0.308285       -0.416999       -0.202546

     Cl  24        0.134169        0.230575        0.025190
     Cl  24        0.230575        0.014774        0.008410
     Cl  24        0.025190        0.008410       -0.148943

     ----- GIPAW term -----
     Cl   1        0.026552       -0.565089        0.463487
     Cl   1       -0.565089        1.990333        1.537129
     Cl   1        0.463487        1.537129       -2.016885

     C    2       -0.190092       -0.013352       -0.026473
     C    2       -0.013352        0.107886        0.209676
     C    2       -0.026473        0.209676        0.082206

     C    3       -0.000756       -0.024511        0.009592
     C    3       -0.024511       -0.026986        0.056241
     C    3        0.009592        0.056241        0.027742

     H    4       -0.000000        0.000000        0.000000
     H    4        0.000000        0.000000        0.000000
     H    4        0.000000        0.000000        0.000000

     C    5       -0.089884        0.000457       -0.094543
     C    5        0.000457       -0.028097        0.075171
     C    5       -0.094543        0.075171        0.117981

     H    6       -0.000000        0.000000        0.000000
     H    6        0.000000        0.000000        0.000000
     H    6        0.000000        0.000000        0.000000

     H    7       -0.000000        0.000000        0.000000
     H    7        0.000000        0.000000        0.000000
     H    7        0.000000        0.000000        0.000000

     C    8       -0.078259        0.019688       -0.061472
     C    8        0.019688       -0.008208       -0.051083
     C    8       -0.061472       -0.051083        0.086466

     H    9       -0.000000        0.000000        0.000000
     H    9        0.000000        0.000000        0.000000
     H    9        0.000000        0.000000        0.000000

     C   10       -0.189342        0.022860       -0.113903
     C   10        0.022860        0.135569       -0.115648
     C   10       -0.113903       -0.115648        0.053773

     C   11       -0.020620        0.140604       -0.053847
     C   11        0.140604        0.157243        0.172135
     C   11       -0.053847        0.172135       -0.136623

     Cl  12        0.187578        1.271540       -0.460843
     Cl  12        1.271540        0.868975        1.313230
     Cl  12       -0.460843        1.313230       -1.056553

     H   13       -0.000000        0.000000        0.000000
     H   13        0.000000        0.000000        0.000000
     H   13        0.000000        0.000000        0.000000

     C   14        0.007607        0.230008       -0.017532
     C   14        0.230008        0.101528       -0.116094
     C   14       -0.017532       -0.116094       -0.109135

     H   15       -0.000000        0.000000        0.000000
     H   15        0.000000        0.000000        0.000000
     H   15        0.000000        0.000000        0.000000

     C   16       -0.128868        0.163730       -0.123300
     C   16        0.163730        0.159322       -0.152410
     C   16       -0.123300       -0.152410       -0.030454

     C   17        0.007508       -0.183805       -0.057557
     C   17       -0.183805        0.140779       -0.102393
     C   17       -0.057557       -0.102393       -0.148286

     Cl  18       -0.349486       -1.406083        1.425242
     Cl  18       -1.406083       -0.742424       -1.585455
     Cl  18        1.425242       -1.585455        1.091910

     H   19       -0.000000        0.000000        0.000000
     H   19        0.000000        0.000000        0.000000
     H   19        0.000000        0.000000        0.000000

     C   20       -0.214059       -0.043602       -0.020094
     C   20       -0.043602        0.274457        0.104333
     C   20       -0.020094        0.104333       -0.060398

     H   21       -0.000000        0.000000        0.000000
     H   21        0.000000        0.000000        0.000000
     H   21        0.000000        0.000000        0.000000

     C   22       -0.119145       -0.049657       -0.036431
     C   22       -0.049657        0.220180        0.181894
     C   22       -0.036431        0.181894       -0.101035

     C   23       -0.109133        0.013452       -0.064732
     C   23        0.013452        0.234842        0.036827
     C   23       -0.064732        0.036827       -0.125709

     Cl  24        0.463101        1.014747       -0.516751
     Cl  24        1.014747        1.861471        1.049038
     Cl  24       -0.516751        1.049038       -2.324572

     ----- total EFG -----
     Cl   1        0.145384       -0.718188        0.521835
     Cl   1       -0.718188        2.096049        1.599360
     Cl   1        0.521835        1.599360       -2.241433

     C    2       -0.753070        0.214146       -0.170277
     C    2        0.214146        0.687110        0.453709
     C    2       -0.170277        0.453709        0.065960

     C    3        0.444733       -0.134310        0.157065
     C    3       -0.134310       -0.072135        0.076497
     C    3        0.157065        0.076497       -0.372598

     H    4        0.403603        0.264690        0.591952
     H    4        0.264690        0.043229        0.183161
     H    4        0.591952        0.183161       -0.446832

     C    5       -0.233703        0.199855       -0.365690
     C    5        0.199855        0.262260        0.354052
     C    5       -0.365690        0.354052       -0.028558

     H    6       -0.077626       -0.125362        0.190932
     H    6       -0.125362        0.303599        0.589943
     H    6        0.190932        0.589943       -0.225974

     H    7       -0.087333       -0.022984        0.047340
     H    7       -0.022984        0.250331       -0.126312
     H    7        0.047340       -0.126312       -0.162998

     C    8       -0.011389        0.188305       -0.070551
     C    8        0.188305       -0.194535       -0.007257
     C    8       -0.070551       -0.007257        0.205924

     H    9        0.425801       -0.000821        0.303319
     H    9       -0.000821       -0.145951        0.144699
     H    9        0.303319        0.144699       -0.279851

     C   10       -0.596704        0.002995       -0.268094
     C   10        0.002995        0.307739       -0.351295
     C   10       -0.268094       -0.351295        0.288965

     C   11        0.127433        0.472251       -0.091702
     C   11        0.472251        0.117659        0.489076
     C   11       -0.091702        0.489076       -0.245092

     Cl  12        0.165619        1.303690       -0.507924
     Cl  12        1.303690        0.955299        1.450246
     Cl  12       -0.507924        1.450246       -1.120917

     H   13       -0.256167       -0.283840        0.100935
     H   13       -0.283840        0.135017        0.455323
     H   13        0.100935        0.455323        0.121150

     C   14        0.298562        0.478985       -0.015594
     C   14        0.478985        0.097823       -0.298317
     C   14       -0.015594       -0.298317       -0.396385

     H   15        0.383729       -0.137183        0.549063
     H   15       -0.137183       -0.177069        0.223460
     H   15        0.549063        0.223460       -0.206660

     C   16       -0.314989        0.345143       -0.324580
     C   16        0.345143        0.517846       -0.172277
     C   16       -0.324580       -0.172277       -0.202856

     C   17        0.285614       -0.404930       -0.355454
     C   17       -0.404930        0.301626       -0.355211
     C   17       -0.355454       -0.355211       -0.587240

     Cl  18       -0.468351       -1.369759        1.468690
     Cl  18       -1.369759       -0.764282       -1.650429
     Cl  18        1.468690       -1.650429        1.232633

     H   19        0.027879       -0.051896        0.028730
     H   19       -0.051896        0.329817       -0.439507
     H   19        0.028730       -0.439507       -0.357696

     C   20       -0.627182       -0.132419        0.022726
     C   20       -0.132419        0.671814        0.024037
     C   20        0.022726        0.024037       -0.044632

     H   21        0.412271       -0.245714        0.201519
     H   21       -0.245714       -0.165611       -0.425031
     H   21        0.201519       -0.425031       -0.246660

     C   22        0.004759        0.036391       -0.022549
     C   22        0.036391        0.298718        0.408475
     C   22       -0.022549        0.408475       -0.303477

     C   23       -0.497601       -0.046107       -0.155255
     C   23       -0.046107        0.547998       -0.079240
     C   23       -0.155255       -0.079240       -0.050397

     Cl  24        0.559318        1.170480       -0.561288
     Cl  24        1.170480        2.018439        1.147109
     Cl  24       -0.561288        1.147109       -2.577758

     ----- total EFG (symmetrized) -----
     Cl   1        0.145384       -0.718188        0.521835
     Cl   1       -0.718188        2.096049        1.599360
     Cl   1        0.521835        1.599360       -2.241433

     C    2       -0.753070        0.214146       -0.170277
     C    2        0.214146        0.687110        0.453709
     C    2       -0.170277        0.453709        0.065960

     C    3        0.444733       -0.134310        0.157065
     C    3       -0.134310       -0.072135        0.076497
     C    3        0.157065        0.076497       -0.372598

     H    4        0.403603        0.264690        0.591952
     H    4        0.264690        0.043229        0.183161
     H    4        0.591952        0.183161       -0.446832

     C    5       -0.233703        0.199855       -0.365690
     C    5        0.199855        0.262260        0.354052
     C    5       -0.365690        0.354052       -0.028558

     H    6       -0.077626       -0.125362        0.190932
     H    6       -0.125362        0.303599        0.589943
     H    6        0.190932        0.589943       -0.225974

     H    7       -0.087333       -0.022984        0.047340
     H    7       -0.022984        0.250331       -0.126312
     H    7        0.047340       -0.126312       -0.162998

     C    8       -0.011389        0.188305       -0.070551
     C    8        0.188305       -0.194535       -0.007257
     C    8       -0.070551       -0.007257        0.205924

     H    9        0.425801       -0.000821        0.303319
     H    9       -0.000821       -0.145951        0.144699
     H    9        0.303319        0.144699       -0.279851

     C   10       -0.596704        0.002995       -0.268094
     C   10        0.002995        0.307739       -0.351295
     C   10       -0.268094       -0.351295        0.288965

     C   11        0.127433        0.472251       -0.091702
     C   11        0.472251        0.117659        0.489076
     C   11       -0.091702        0.489076       -0.245092

     Cl  12        0.165619        1.303690       -0.507924
     Cl  12        1.303690        0.955299        1.450246
     Cl  12       -0.507924        1.450246       -1.120917

     H   13       -0.256167       -0.283840        0.100935
     H   13       -0.283840        0.135017        0.455323
     H   13        0.100935        0.455323        0.121150

     C   14        0.298562        0.478985       -0.015594
     C   14        0.478985        0.097823       -0.298317
     C   14       -0.015594       -0.298317       -0.396385

     H   15        0.383729       -0.137183        0.549063
     H   15       -0.137183       -0.177069        0.223460
     H   15        0.549063        0.223460       -0.206660

     C   16       -0.314989        0.345143       -0.324580
     C   16        0.345143        0.517846       -0.172277
     C   16       -0.324580       -0.172277       -0.202856

     C   17        0.285614       -0.404930       -0.355454
     C   17       -0.404930        0.301626       -0.355211
     C   17       -0.355454       -0.355211       -0.587240

     Cl  18       -0.468351       -1.369759        1.468690
     Cl  18       -1.369759       -0.764282       -1.650429
     Cl  18        1.468690       -1.650429        1.232633

     H   19        0.027879       -0.051896        0.028730
     H   19       -0.051896        0.329817       -0.439507
     H   19        0.028730       -0.439507       -0.357696

     C   20       -0.627182       -0.132419        0.022726
     C   20       -0.132419        0.671814        0.024037
     C   20        0.022726        0.024037       -0.044632

     H   21        0.412271       -0.245714        0.201519
     H   21       -0.245714       -0.165611       -0.425031
     H   21        0.201519       -0.425031       -0.246660

     C   22        0.004759        0.036391       -0.022549
     C   22        0.036391        0.298718        0.408475
     C   22       -0.022549        0.408475       -0.303477

     C   23       -0.497601       -0.046107       -0.155255
     C   23       -0.046107        0.547998       -0.079240
     C   23       -0.155255       -0.079240       -0.050397

     Cl  24        0.559318        1.170480       -0.561288
     Cl  24        1.170480        2.018439        1.147109
     Cl  24       -0.561288        1.147109       -2.577758


     NQR/NMR SPECTROSCOPIC PARAMETERS:
     Cl   1    Vxx=    0.2080    axis=(  0.951375  0.122459  0.282647)
     Cl   1    Vyy=    2.7303    axis=( -0.204017  0.937973  0.280326)
     Cl   1    Vzz=   -2.9382    axis=( -0.230787 -0.324360  0.917348)
     Cl   1  Q=        -8.1650 1e-30 m^2  Cq=        56.3684 MHz  eta= 0.85844

     C    2    Vxx=   -0.0815    axis=( -0.343841 -0.404459  0.847459)
     C    2    Vyy=   -0.8523    axis=( -0.936612  0.212414 -0.278636)
     C    2    Vzz=    0.9338    axis=( -0.067315 -0.889546 -0.451858)
     C    2  Q=         1.0000 1e-30 m^2  Cq=         2.1940 MHz  eta= 0.82546

     C    3    Vxx=   -0.0681    axis=( -0.149820 -0.937904 -0.312873)
     C    3    Vyy=   -0.4307    axis=(  0.210870  0.278853 -0.936897)
     C    3    Vzz=    0.4988    axis=(  0.965965 -0.206341  0.155998)
     C    3  Q=         1.0000 1e-30 m^2  Cq=         1.1720 MHz  eta= 0.72705

     H    4    Vxx=   -0.0830    axis=(  0.359298 -0.925660  0.118569)
     H    4    Vyy=   -0.7529    axis=(  0.444320  0.057951 -0.893992)
     H    4    Vzz=    0.8359    axis=(  0.820661  0.373892  0.432111)
     H    4  Q=         1.0000 1e-30 m^2  Cq=         1.9640 MHz  eta= 0.80147

     C    5    Vxx=    0.1634    axis=(  0.716607  0.452387 -0.530867)
     C    5    Vyy=    0.5024    axis=(  0.073236 -0.805722 -0.587749)
     C    5    Vzz=   -0.6657    axis=(  0.693621 -0.382307  0.610517)
     C    5  Q=         1.0000 1e-30 m^2  Cq=        -1.5642 MHz  eta= 0.50921

     H    6    Vxx=    0.0072    axis=(  0.937440 -0.187443  0.293381)
     H    6    Vyy=    0.6855    axis=(  0.002063 -0.839684 -0.543071)
     H    6    Vzz=   -0.6927    axis=(  0.348142  0.509702 -0.786766)
     H    6  Q=         1.0000 1e-30 m^2  Cq=        -1.6275 MHz  eta= 0.97923

     H    7    Vxx=   -0.0779    axis=(  0.946804  0.171184  0.272502)
     H    7    Vyy=   -0.2113    axis=( -0.308016  0.236798  0.921441)
     H    7    Vzz=    0.2891    axis=(  0.093208 -0.956359  0.276929)
     H    7  Q=         1.0000 1e-30 m^2  Cq=         0.6794 MHz  eta= 0.46142

     C    8    Vxx=    0.0759    axis=(  0.745270  0.507396  0.432576)
     C    8    Vyy=    0.2384    axis=( -0.394904 -0.186840  0.899523)
     C    8    Vzz=   -0.3143    axis=( -0.537236  0.841214 -0.061127)
     C    8  Q=         1.0000 1e-30 m^2  Cq=        -0.7384 MHz  eta= 0.51721

     H    9    Vxx=   -0.0889    axis=(  0.209199 -0.910190 -0.357477)
     H    9    Vyy=   -0.4530    axis=(  0.298280  0.407539 -0.863099)
     H    9    Vzz=    0.5419    axis=(  0.931270  0.073932  0.356749)
     H    9  Q=         1.0000 1e-30 m^2  Cq=         1.2733 MHz  eta= 0.67180

     C   10    Vxx=    0.0021    axis=( -0.278028  0.725880  0.629125)
     C   10    Vyy=    0.6790    axis=( -0.152332 -0.679978  0.717234)
     C   10    Vzz=   -0.6811    axis=(  0.948417  0.103575  0.299627)
     C   10  Q=         1.0000 1e-30 m^2  Cq=        -1.6003 MHz  eta= 0.99377

     C   11    Vxx=    0.0445    axis=(  0.714699 -0.252233 -0.652367)
     C   11    Vyy=    0.6949    axis=( -0.570265 -0.750182 -0.334701)
     C   11    Vzz=   -0.7393    axis=( -0.404972  0.611233 -0.679994)
     C   11  Q=         1.0000 1e-30 m^2  Cq=        -1.7371 MHz  eta= 0.87970

     Cl  12    Vxx=    0.1534    axis=(  0.783679 -0.231877 -0.576265)
     Cl  12    Vyy=    2.1908    axis=( -0.463895 -0.835435 -0.294702)
     Cl  12    Vzz=   -2.3442    axis=(  0.413097 -0.498278  0.762279)
     Cl  12  Q=        -8.1650 1e-30 m^2  Cq=        44.9714 MHz  eta= 0.86915

     H   13    Vxx=   -0.0338    axis=(  0.725801 -0.360285  0.586010)
     H   13    Vyy=   -0.5717    axis=( -0.667742 -0.573731  0.474293)
     H   13    Vzz=    0.6055    axis=( -0.165332  0.735545  0.656992)
     H   13  Q=         1.0000 1e-30 m^2  Cq=         1.4227 MHz  eta= 0.88844

     C   14    Vxx=   -0.1335    axis=( -0.617291  0.538096 -0.573938)
     C   14    Vyy=   -0.5915    axis=( -0.274617  0.536260  0.798130)
     C   14    Vzz=    0.7249    axis=(  0.737250  0.650291 -0.183258)
     C   14  Q=         1.0000 1e-30 m^2  Cq=         1.7033 MHz  eta= 0.63177

     H   15    Vxx=   -0.0386    axis=(  0.236524 -0.884186 -0.402829)
     H   15    Vyy=   -0.6734    axis=(  0.454544  0.467119 -0.758412)
     H   15    Vzz=    0.7119    axis=(  0.858747 -0.003721  0.512387)
     H   15  Q=         1.0000 1e-30 m^2  Cq=         1.6728 MHz  eta= 0.89166

     C   16    Vxx=   -0.1137    axis=( -0.452680  0.456368  0.766034)
     C   16    Vyy=   -0.6130    axis=(  0.805603 -0.158923  0.570742)
     C   16    Vzz=    0.7267    axis=( -0.382209 -0.875484  0.295710)
     C   16  Q=         1.0000 1e-30 m^2  Cq=         1.7075 MHz  eta= 0.68713

     C   17    Vxx=    0.2066    axis=(  0.607007  0.587825 -0.534793)
     C   17    Vyy=    0.6987    axis=( -0.697891  0.716187 -0.004922)
     C   17    Vzz=   -0.9053    axis=(  0.380119  0.376215  0.844968)
     C   17  Q=         1.0000 1e-30 m^2  Cq=        -2.1271 MHz  eta= 0.54347

     Cl  18    Vxx=   -1.1780    axis=( -0.678039  0.344770  0.649151)
     Cl  18    Vyy=   -2.0336    axis=( -0.562887 -0.811497 -0.156943)
     Cl  18    Vzz=    3.2116    axis=(  0.472675 -0.471812  0.744293)
     Cl  18  Q=        -8.1650 1e-30 m^2  Cq=       -61.6123 MHz  eta= 0.26642

     H   19    Vxx=    0.0212    axis=(  0.993630  0.103461 -0.044672)
     H   19    Vyy=    0.5507    axis=(  0.112575 -0.893061  0.435626)
     H   19    Vzz=   -0.5719    axis=(  0.005175 -0.437880 -0.899019)
     H   19  Q=         1.0000 1e-30 m^2  Cq=        -1.3438 MHz  eta= 0.92592

     C   20    Vxx=   -0.0442    axis=(  0.044672 -0.025264  0.998682)
     C   20    Vyy=   -0.6416    axis=(  0.994005  0.100984 -0.041908)
     C   20    Vzz=    0.6858    axis=( -0.099792  0.994567  0.029624)
     C   20  Q=         1.0000 1e-30 m^2  Cq=         1.6114 MHz  eta= 0.87103

     H   21    Vxx=   -0.0148    axis=(  0.596017  0.583511 -0.551615)
     H   21    Vyy=   -0.6334    axis=(  0.017448  0.677393  0.735415)
     H   21    Vzz=    0.6482    axis=(  0.802782 -0.447944  0.393556)
     H   21  Q=         1.0000 1e-30 m^2  Cq=         1.5229 MHz  eta= 0.95435

     C   22    Vxx=    0.0063    axis=(  0.996512 -0.007990 -0.083061)
     C   22    Vyy=    0.5061    axis=( -0.044583 -0.892400 -0.449038)
     C   22    Vzz=   -0.5124    axis=( -0.070536  0.451175 -0.889644)
     C   22  Q=         1.0000 1e-30 m^2  Cq=        -1.2040 MHz  eta= 0.97523

     C   23    Vxx=   -0.0086    axis=( -0.310088  0.108781  0.944464)
     C   23    Vyy=   -0.5504    axis=(  0.950372  0.061889  0.304900)
     C   23    Vzz=    0.5590    axis=( -0.025284  0.992137 -0.122573)
     C   23  Q=         1.0000 1e-30 m^2  Cq=         1.3133 MHz  eta= 0.96941

     Cl  24    Vxx=    0.2673    axis=( -0.870956  0.371490  0.321606)
     Cl  24    Vyy=    2.7755    axis=(  0.433060  0.889590  0.145217)
     Cl  24    Vzz=   -3.0428    axis=(  0.232150 -0.265753  0.935672)
     Cl  24  Q=        -8.1650 1e-30 m^2  Cq=        58.3751 MHz  eta= 0.82429

     Initialization:
     gipaw_setup  :      9.16s CPU     11.27s WALL (       1 calls)

     Linear response

     Apply operators

     Induced current

     Other routines
     efg          :      9.22s CPU     11.84s WALL (       1 calls)

     General routines
     calbec       :      3.29s CPU      4.41s WALL (      16 calls)
     fft          :      1.36s CPU      1.72s WALL (      15 calls)
     ffts         :      0.05s CPU      0.06s WALL (       2 calls)
     fftw         :      3.17s CPU      4.07s WALL (     672 calls)
     davcio       :      0.03s CPU      0.32s WALL (      32 calls)

     Parallel routines
     fft_scatter  :      1.97s CPU      3.03s WALL (     689 calls)

     Plugins

     GIPAW        :     62.33s CPU     76.96s WALL (       1 calls)
