
     Program QE v.6.0 (svn rev. 13079) starts on 12Jan2017 at 15:45:47 

     This program is part of the open-source Quantum ESPRESSO suite
     for quantum simulation of materials; please cite
         "P. Giannozzi et al., J. Phys.:Condens. Matter 21 395502 (2009);
          URL http://www.quantum-espresso.org", 
     in publications or presentations arising from this work. More details at
     http://www.quantum-espresso.org/quote

     Parallel version (MPI), running on     8 processors
     R & G space division:  proc/nbgrp/npool/nimage =       8

     ***** This is GIPAW svn revision unknown      *****

     Parallelizing q-star over 1 images

     Reading data from directory:
     /users/majewski/paradichlorobenzene/pbe/9_constraint/scratch/pbe.ecut100.np8.dt60.pcl2phi-129368.save
     Message from routine read_xml_file:
     file /users/majewski/paradichlorobenzene/pbe/9_constraint/scratch/pbe.ecut100.np8.dt60.pcl2phi-129368.save not guaranteed to be safe for post-processing

   Info: using nr1, nr2, nr3 values from input

   Info: using nr1, nr2, nr3 values from input

     IMPORTANT: XC functional enforced from input :
     Exchange-correlation      =  SLA  PW   PBX  PBC ( 1  4  3  4 0 0)
     Any further DFT definition will be discarded
     Please, verify this is what you really want

               file C.pbe-n-kjpaw_psl.1.0.0.UPF: wavefunction(s)  2S 2P renormalized
               file Cl.pbe-n-kjpaw_psl.1.0.0.UPF: wavefunction(s)  3S 3P renormalized
               file H.pbe-kjpaw_psl.1.0.0.UPF: wavefunction(s)  1S renormalized

     Parallelization info
     --------------------
     sticks:   dense  smooth     PW     G-vecs:    dense   smooth      PW
     Min        3057    1223    332               144436    36536    5170
     Max        3059    1225    333               144437    36537    5171
     Sum       24467    9791   2657              1155489   292295   41363


     Subspace diagonalization in iterative solution of the eigenvalue problem:
     a serial algorithm will be used

     GIPAW projectors -----------------------------------------------
     atom=  C    l=0  rc=    1.2000  rs=    0.8000
     atom=  C    l=0  rc=    1.2000  rs=    0.8000
     atom=  C    l=1  rc=    1.4000  rs=    0.9333
     atom=  C    l=1  rc=    1.4000  rs=    0.9333
     projs nearly linearly dependent: l=1  n1,n2= 1, 2  s=  0.99951561

     atom=  Cl   l=0  rc=    1.6000  rs=    1.0667
     atom=  Cl   l=0  rc=    1.6000  rs=    1.0667
     atom=  Cl   l=1  rc=    1.6000  rs=    1.0667
     atom=  Cl   l=1  rc=    1.6000  rs=    1.0667
     atom=  Cl   l=2  rc=    1.6000  rs=    1.0667
     atom=  Cl   l=2  rc=    1.6000  rs=    1.0667
     projs nearly linearly dependent: l=2  n1,n2= 1, 2  s=  0.99993509

     atom=  H    l=0  rc=    1.0000  rs=    0.6667
     atom=  H    l=0  rc=    1.0000  rs=    0.6667
     projs nearly linearly dependent: l=0  n1,n2= 1, 2  s=  0.99968852
     -----------------------------------------------------------------

     GIPAW integrals: -------------------------------------------
     Atom  i/j   nmr_para   nmr_dia   epr_rmc  epr_para   epr_dia
       C   1 1   0.83E+03  0.17E-01  0.93E+01  0.24E+08  0.24E+03
       C   2 1   0.86E+03 -0.61E-01  0.94E+01  0.25E+08  0.25E+03
       C   2 2   0.90E+03 -0.15E+00  0.97E+01  0.26E+08  0.26E+03
       C   3 3   0.33E+01  0.34E+00  0.18E+01  0.55E+03  0.21E+02
       C   4 3   0.35E+01  0.37E+00  0.20E+01  0.59E+03  0.22E+02
       C   4 4   0.38E+01  0.39E+00  0.22E+01  0.63E+03  0.24E+02
       Cl  1 1   0.14E+04 -0.47E+00  0.84E+01  0.32E+09  0.42E+03
       Cl  2 1   0.21E+04 -0.37E+00  0.12E+02  0.49E+09  0.65E+03
       Cl  2 2   0.33E+04 -0.16E+00  0.21E+02  0.76E+09  0.10E+04
       Cl  3 3   0.21E+02  0.79E-01  0.89E+01  0.23E+05  0.13E+03
       Cl  4 3   0.24E+02  0.67E-01  0.99E+01  0.27E+05  0.15E+03
       Cl  4 4   0.28E+02  0.44E-01  0.11E+02  0.32E+05  0.18E+03
       Cl  5 5   0.77E+00  0.19E+00  0.18E+01  0.12E+03  0.22E+02
       Cl  6 5   0.80E+00  0.19E+00  0.19E+01  0.12E+03  0.23E+02
       Cl  6 6   0.83E+00  0.20E+00  0.19E+01  0.12E+03  0.23E+02
       H   1 1   0.39E+02  0.19E+00  0.29E+00  0.78E+05  0.13E+02
       H   2 1   0.41E+02  0.21E+00  0.32E+00  0.82E+05  0.14E+02
       H   2 2   0.43E+02  0.22E+00  0.36E+00  0.86E+05  0.15E+02
     ------------------------------------------------------------

     alpha_pv=     35.1195 eV

     Number of occupied bands for each k-point:
     k-point:     1    nbnd_occ=  42
     k-point:     2    nbnd_occ=  42
     k-point:     3    nbnd_occ=  42
     k-point:     4    nbnd_occ=  42
     k-point:     5    nbnd_occ=  42
     k-point:     6    nbnd_occ=  42
     k-point:     7    nbnd_occ=  42
     k-point:     8    nbnd_occ=  42
     k-point:     9    nbnd_occ=  42
     k-point:    10    nbnd_occ=  42
     k-point:    11    nbnd_occ=  42
     k-point:    12    nbnd_occ=  42
     k-point:    13    nbnd_occ=  42
     k-point:    14    nbnd_occ=  42
     k-point:    15    nbnd_occ=  42
     k-point:    16    nbnd_occ=  42


     q-space interpolation up to   110.00 Rydberg

     GIPAW job: efg                                                                             


     ELECTRIC FIELD GRADIENTS TENSORS IN Hartree/bohrradius^2:

     ----- bare term -----
     Cl   1        0.022211        0.037901       -0.149685
     Cl   1        0.037901        0.111491        0.018647
     Cl   1       -0.149685        0.018647       -0.133702

     C    2       -0.138904        0.237904       -0.174805
     C    2        0.237904       -0.391631       -0.401335
     C    2       -0.174805       -0.401335        0.530535

     C    3       -0.085448        0.372611       -0.232020
     C    3        0.372611       -0.187490       -0.220684
     C    3       -0.232020       -0.220684        0.272938

     H    4        0.068028       -0.095003       -0.232993
     H    4       -0.095003        0.512720       -0.190771
     H    4       -0.232993       -0.190771       -0.580748

     C    5       -0.470386        0.294238       -0.465436
     C    5        0.294238        0.348939       -0.116851
     C    5       -0.465436       -0.116851        0.121447

     H    6       -0.204280        0.066160        0.212603
     H    6        0.066160        0.024247       -0.471698
     H    6        0.212603       -0.471698        0.180033

     H    7        0.432819        0.230797       -0.032946
     H    7        0.230797       -0.768069        0.298683
     H    7       -0.032946        0.298683        0.335250

     C    8       -0.064482       -0.244426       -0.105717
     C    8       -0.244426       -0.066519        0.413524
     C    8       -0.105717        0.413524        0.131001

     H    9       -0.252297        0.489458        0.027024
     H    9        0.489458       -0.074925       -0.141008
     H    9        0.027024       -0.141008        0.327221

     C   10       -0.468396       -0.227227       -0.114166
     C   10       -0.227227        0.117879        0.123735
     C   10       -0.114166        0.123735        0.350517

     C   11        0.023531       -0.057219       -0.181510
     C   11       -0.057219        0.026137        0.628676
     C   11       -0.181510        0.628676       -0.049668

     Cl  12        0.202960       -0.101069        0.128980
     Cl  12       -0.101069        0.068559       -0.443368
     Cl  12        0.128980       -0.443368       -0.271519

     H   13        0.280199        0.158414       -0.134781
     H   13        0.158414       -0.582139        0.091164
     H   13       -0.134781        0.091164        0.301940

     C   14       -0.060637       -0.203005       -0.300032
     C   14       -0.203005       -0.121825       -0.226473
     C   14       -0.300032       -0.226473        0.182462

     H   15        0.036296       -0.171158       -0.238632
     H   15       -0.171158       -0.313113       -0.290102
     H   15       -0.238632       -0.290102        0.276818

     C   16       -0.602080        0.256446       -0.153614
     C   16        0.256446        0.016671       -0.066632
     C   16       -0.153614       -0.066632        0.585409

     C   17        0.170957        0.089715       -0.118221
     C   17        0.089715       -0.272691       -0.561297
     C   17       -0.118221       -0.561297        0.101734

     Cl  18        0.294133        0.250326       -0.070089
     Cl  18        0.250326        0.110584       -0.563836
     Cl  18       -0.070089       -0.563836       -0.404717

     H   19        0.510849        0.027379       -0.003522
     H   19        0.027379       -0.372706        0.432060
     H   19       -0.003522        0.432060       -0.138143

     C   20       -0.883811       -0.351154       -0.370961
     C   20       -0.351154        0.488850        0.085969
     C   20       -0.370961        0.085969        0.394960

     H   21       -0.583643        0.023558       -0.122549
     H   21        0.023558        0.355147        0.301037
     H   21       -0.122549        0.301037        0.228496

     C   22        0.015183       -0.030741       -0.223976
     C   22       -0.030741       -0.420521        0.403882
     C   22       -0.223976        0.403882        0.405338

     C   23       -0.797447       -0.317226       -0.265870
     C   23       -0.317226        0.245792        0.048690
     C   23       -0.265870        0.048690        0.551655

     Cl  24        0.084986       -0.035281        0.083112
     Cl  24       -0.035281        0.120722        0.062694
     Cl  24        0.083112        0.062694       -0.205708

     ----- ionic term -----
     Cl   1        0.210797       -0.210545        0.056307
     Cl   1       -0.210545       -0.074693       -0.020013
     Cl   1        0.056307       -0.020013       -0.136103

     C    2        0.210390       -0.170524        0.260234
     C    2       -0.170524        0.098675        0.408798
     C    2        0.260234        0.408798       -0.309066

     C    3        0.217309       -0.313691        0.266261
     C    3       -0.313691        0.091145        0.331764
     C    3        0.266261        0.331764       -0.308454

     H    4        0.387526        0.365544        0.704401
     H    4        0.365544       -0.338816        0.344791
     H    4        0.704401        0.344791       -0.048710

     C    5        0.255989       -0.268212        0.384694
     C    5       -0.268212       -0.009733        0.270186
     C    5        0.384694        0.270186       -0.246256

     H    6       -0.501047       -0.232378       -0.093782
     H    6       -0.232378        0.709962        0.634635
     H    6       -0.093782        0.634635       -0.208915

     H    7       -0.523481       -0.078883        0.032549
     H    7       -0.078883        0.741925       -0.697970
     H    7        0.032549       -0.697970       -0.218444

     C    8        0.403876        0.131583        0.060960
     C    8        0.131583        0.043385       -0.333475
     C    8        0.060960       -0.333475       -0.447262

     H    9        0.789190       -0.430819        0.424409
     H    9       -0.430819       -0.419610       -0.208132
     H    9        0.424409       -0.208132       -0.369581

     C   10        0.244989        0.176748        0.027518
     C   10        0.176748        0.139737       -0.411659
     C   10        0.027518       -0.411659       -0.384726

     C   11        0.228894        0.091520        0.078445
     C   11        0.091520        0.108354       -0.428592
     C   11        0.078445       -0.428592       -0.337248

     Cl  12        0.094345        0.173534       -0.069682
     Cl  12        0.173534        0.017187       -0.045086
     Cl  12       -0.069682       -0.045086       -0.111532

     H   13       -0.489392       -0.136621       -0.052651
     H   13       -0.136621        0.808190        0.591610
     H   13       -0.052651        0.591610       -0.318799

     C   14        0.289150       -0.167740        0.344732
     C   14       -0.167740        0.092248        0.253737
     C   14        0.344732        0.253737       -0.381398

     H   15        0.282025        0.430935        0.678556
     H   15        0.430935       -0.209367        0.409685
     H   15        0.678556        0.409685       -0.072658

     C   16        0.158508       -0.229359        0.304612
     C   16       -0.229359        0.215277        0.284010
     C   16        0.304612        0.284010       -0.373785

     C   17        0.080933       -0.190662        0.465575
     C   17       -0.190662        0.146534        0.266361
     C   17        0.465575        0.266361       -0.227467

     Cl  18        0.132172       -0.193759        0.139913
     Cl  18       -0.193759       -0.002640       -0.082994
     Cl  18        0.139913       -0.082994       -0.129532

     H   19       -0.495152        0.009218       -0.010454
     H   19        0.009218        0.484214       -0.791077
     H   19       -0.010454       -0.791077        0.010938

     C   20        0.388048        0.180636        0.083870
     C   20        0.180636       -0.027602       -0.348655
     C   20        0.083870       -0.348655       -0.360447

     H   21        0.625607       -0.363015        0.629553
     H   21       -0.363015       -0.413998       -0.272789
     H   21        0.629553       -0.272789       -0.211609

     C   22        0.248114        0.198633        0.083669
     C   22        0.198633        0.054718       -0.401060
     C   22        0.083669       -0.401060       -0.302832

     C   23        0.371076        0.095530        0.088580
     C   23        0.095530       -0.002216       -0.378671
     C   23        0.088580       -0.378671       -0.368860

     Cl  24        0.169885        0.223769       -0.045619
     Cl  24        0.223769       -0.029579       -0.024786
     Cl  24       -0.045619       -0.024786       -0.140305

     ----- GIPAW term -----
     Cl   1       -0.231672       -1.046892        1.000872
     Cl   1       -1.046892       -1.127620        0.404802
     Cl   1        1.000872        0.404802        1.359292

     C    2       -0.093736       -0.041804        0.002148
     C    2       -0.041804       -0.130454       -0.142155
     C    2        0.002148       -0.142155        0.224190

     C    3       -0.014002        0.069524       -0.158653
     C    3        0.069524       -0.096347       -0.061974
     C    3       -0.158653       -0.061974        0.110349

     H    4       -0.000000        0.000000        0.000000
     H    4        0.000000        0.000000        0.000000
     H    4        0.000000        0.000000        0.000000

     C    5        0.003211        0.179086       -0.067623
     C    5        0.179086        0.099485       -0.012982
     C    5       -0.067623       -0.012982       -0.102696

     H    6       -0.000000        0.000000        0.000000
     H    6        0.000000        0.000000        0.000000
     H    6        0.000000        0.000000        0.000000

     H    7       -0.000000        0.000000        0.000000
     H    7        0.000000        0.000000        0.000000
     H    7        0.000000        0.000000        0.000000

     C    8       -0.080602       -0.134998        0.021096
     C    8       -0.134998        0.216609        0.017559
     C    8        0.021096        0.017559       -0.136008

     H    9       -0.000000        0.000000        0.000000
     H    9        0.000000        0.000000        0.000000
     H    9        0.000000        0.000000        0.000000

     C   10       -0.117663       -0.050036       -0.031675
     C   10       -0.050036        0.140667        0.069644
     C   10       -0.031675        0.069644       -0.023004

     C   11       -0.036909       -0.028418       -0.046837
     C   11       -0.028418        0.179965        0.149976
     C   11       -0.046837        0.149976       -0.143056

     Cl  12       -0.031266        0.158471       -0.388404
     Cl  12        0.158471       -0.222843        0.366760
     Cl  12       -0.388404        0.366760        0.254109

     H   13       -0.000000        0.000000        0.000000
     H   13        0.000000        0.000000        0.000000
     H   13        0.000000        0.000000        0.000000

     C   14       -0.018010       -0.058654        0.006141
     C   14       -0.058654        0.026043       -0.085340
     C   14        0.006141       -0.085340       -0.008033

     H   15       -0.000000        0.000000        0.000000
     H   15        0.000000        0.000000        0.000000
     H   15        0.000000        0.000000        0.000000

     C   16       -0.075024       -0.050094       -0.009513
     C   16       -0.050094        0.074404        0.008725
     C   16       -0.009513        0.008725        0.000619

     C   17       -0.049359        0.011245        0.030098
     C   17        0.011245        0.158598        0.110274
     C   17        0.030098        0.110274       -0.109239

     Cl  18        0.424363        0.074809        0.171188
     Cl  18        0.074809        0.008559       -0.635500
     Cl  18        0.171188       -0.635500       -0.432922

     H   19       -0.000000        0.000000        0.000000
     H   19        0.000000        0.000000        0.000000
     H   19        0.000000        0.000000        0.000000

     C   20       -0.238259        0.022112       -0.044311
     C   20        0.022112        0.316501       -0.072253
     C   20       -0.044311       -0.072253       -0.078242

     H   21       -0.000000        0.000000        0.000000
     H   21        0.000000        0.000000        0.000000
     H   21        0.000000        0.000000        0.000000

     C   22       -0.104598        0.077061       -0.085415
     C   22        0.077061       -0.004067       -0.162192
     C   22       -0.085415       -0.162192        0.108665

     C   23       -0.162096        0.000578        0.003685
     C   23        0.000578        0.025869       -0.157058
     C   23        0.003685       -0.157058        0.136226

     Cl  24       -0.493852        1.177623       -0.346706
     Cl  24        1.177623       -1.096721       -0.403926
     Cl  24       -0.346706       -0.403926        1.590573

     ----- total EFG -----
     Cl   1        0.001335       -1.219535        0.907493
     Cl   1       -1.219535       -1.090822        0.403436
     Cl   1        0.907493        0.403436        1.089487

     C    2       -0.022250        0.025576        0.087577
     C    2        0.025576       -0.423410       -0.134692
     C    2        0.087577       -0.134692        0.445660

     C    3        0.117860        0.128444       -0.124412
     C    3        0.128444       -0.192692        0.049105
     C    3       -0.124412        0.049105        0.074832

     H    4        0.455554        0.270541        0.471408
     H    4        0.270541        0.173904        0.154020
     H    4        0.471408        0.154020       -0.629458

     C    5       -0.211186        0.205111       -0.148365
     C    5        0.205111        0.438691        0.140354
     C    5       -0.148365        0.140354       -0.227505

     H    6       -0.705327       -0.166219        0.118821
     H    6       -0.166219        0.734209        0.162937
     H    6        0.118821        0.162937       -0.028883

     H    7       -0.090662        0.151914       -0.000396
     H    7        0.151914       -0.026144       -0.399287
     H    7       -0.000396       -0.399287        0.116806

     C    8        0.258793       -0.247840       -0.023660
     C    8       -0.247840        0.193476        0.097608
     C    8       -0.023660        0.097608       -0.452269

     H    9        0.536894        0.058639        0.451434
     H    9        0.058639       -0.494534       -0.349140
     H    9        0.451434       -0.349140       -0.042359

     C   10       -0.341070       -0.100515       -0.118323
     C   10       -0.100515        0.398282       -0.218280
     C   10       -0.118323       -0.218280       -0.057213

     C   11        0.215517        0.005883       -0.149902
     C   11        0.005883        0.314456        0.350060
     C   11       -0.149902        0.350060       -0.529972

     Cl  12        0.266039        0.230936       -0.329106
     Cl  12        0.230936       -0.137097       -0.121694
     Cl  12       -0.329106       -0.121694       -0.128943

     H   13       -0.209193        0.021793       -0.187432
     H   13        0.021793        0.226051        0.682774
     H   13       -0.187432        0.682774       -0.016859

     C   14        0.210504       -0.429399        0.050841
     C   14       -0.429399       -0.003534       -0.058076
     C   14        0.050841       -0.058076       -0.206970

     H   15        0.318321        0.259777        0.439924
     H   15        0.259777       -0.522481        0.119584
     H   15        0.439924        0.119584        0.204160

     C   16       -0.518595       -0.023007        0.141486
     C   16       -0.023007        0.306352        0.226102
     C   16        0.141486        0.226102        0.212243

     C   17        0.202530       -0.089702        0.377452
     C   17       -0.089702        0.032441       -0.184663
     C   17        0.377452       -0.184663       -0.234972

     Cl  18        0.850668        0.131377        0.241012
     Cl  18        0.131377        0.116502       -1.282330
     Cl  18        0.241012       -1.282330       -0.967170

     H   19        0.015697        0.036597       -0.013977
     H   19        0.036597        0.111507       -0.359017
     H   19       -0.013977       -0.359017       -0.127205

     C   20       -0.734021       -0.148406       -0.331402
     C   20       -0.148406        0.777750       -0.334940
     C   20       -0.331402       -0.334940       -0.043729

     H   21        0.041963       -0.339458        0.507004
     H   21       -0.339458       -0.058851        0.028248
     H   21        0.507004        0.028248        0.016887

     C   22        0.158700        0.244953       -0.225722
     C   22        0.244953       -0.369871       -0.159369
     C   22       -0.225722       -0.159369        0.211171

     C   23       -0.588467       -0.221118       -0.173605
     C   23       -0.221118        0.269446       -0.487038
     C   23       -0.173605       -0.487038        0.319021

     Cl  24       -0.238981        1.366111       -0.309213
     Cl  24        1.366111       -1.005578       -0.366018
     Cl  24       -0.309213       -0.366018        1.244560

     ----- total EFG (symmetrized) -----
     Cl   1        0.001335       -1.219535        0.907493
     Cl   1       -1.219535       -1.090822        0.403436
     Cl   1        0.907493        0.403436        1.089487

     C    2       -0.022250        0.025576        0.087577
     C    2        0.025576       -0.423410       -0.134692
     C    2        0.087577       -0.134692        0.445660

     C    3        0.117860        0.128444       -0.124412
     C    3        0.128444       -0.192692        0.049105
     C    3       -0.124412        0.049105        0.074832

     H    4        0.455554        0.270541        0.471408
     H    4        0.270541        0.173904        0.154020
     H    4        0.471408        0.154020       -0.629458

     C    5       -0.211186        0.205111       -0.148365
     C    5        0.205111        0.438691        0.140354
     C    5       -0.148365        0.140354       -0.227505

     H    6       -0.705327       -0.166219        0.118821
     H    6       -0.166219        0.734209        0.162937
     H    6        0.118821        0.162937       -0.028883

     H    7       -0.090662        0.151914       -0.000396
     H    7        0.151914       -0.026144       -0.399287
     H    7       -0.000396       -0.399287        0.116806

     C    8        0.258793       -0.247840       -0.023660
     C    8       -0.247840        0.193476        0.097608
     C    8       -0.023660        0.097608       -0.452269

     H    9        0.536894        0.058639        0.451434
     H    9        0.058639       -0.494534       -0.349140
     H    9        0.451434       -0.349140       -0.042359

     C   10       -0.341070       -0.100515       -0.118323
     C   10       -0.100515        0.398282       -0.218280
     C   10       -0.118323       -0.218280       -0.057213

     C   11        0.215517        0.005883       -0.149902
     C   11        0.005883        0.314456        0.350060
     C   11       -0.149902        0.350060       -0.529972

     Cl  12        0.266039        0.230936       -0.329106
     Cl  12        0.230936       -0.137097       -0.121694
     Cl  12       -0.329106       -0.121694       -0.128943

     H   13       -0.209193        0.021793       -0.187432
     H   13        0.021793        0.226051        0.682774
     H   13       -0.187432        0.682774       -0.016859

     C   14        0.210504       -0.429399        0.050841
     C   14       -0.429399       -0.003534       -0.058076
     C   14        0.050841       -0.058076       -0.206970

     H   15        0.318321        0.259777        0.439924
     H   15        0.259777       -0.522481        0.119584
     H   15        0.439924        0.119584        0.204160

     C   16       -0.518595       -0.023007        0.141486
     C   16       -0.023007        0.306352        0.226102
     C   16        0.141486        0.226102        0.212243

     C   17        0.202530       -0.089702        0.377452
     C   17       -0.089702        0.032441       -0.184663
     C   17        0.377452       -0.184663       -0.234972

     Cl  18        0.850668        0.131377        0.241012
     Cl  18        0.131377        0.116502       -1.282330
     Cl  18        0.241012       -1.282330       -0.967170

     H   19        0.015697        0.036597       -0.013977
     H   19        0.036597        0.111507       -0.359017
     H   19       -0.013977       -0.359017       -0.127205

     C   20       -0.734021       -0.148406       -0.331402
     C   20       -0.148406        0.777750       -0.334940
     C   20       -0.331402       -0.334940       -0.043729

     H   21        0.041963       -0.339458        0.507004
     H   21       -0.339458       -0.058851        0.028248
     H   21        0.507004        0.028248        0.016887

     C   22        0.158700        0.244953       -0.225722
     C   22        0.244953       -0.369871       -0.159369
     C   22       -0.225722       -0.159369        0.211171

     C   23       -0.588467       -0.221118       -0.173605
     C   23       -0.221118        0.269446       -0.487038
     C   23       -0.173605       -0.487038        0.319021

     Cl  24       -0.238981        1.366111       -0.309213
     Cl  24        1.366111       -1.005578       -0.366018
     Cl  24       -0.309213       -0.366018        1.244560


     NQR/NMR SPECTROSCOPIC PARAMETERS:
     Cl   1    Vxx=    0.4698    axis=(  0.613707 -0.609351 -0.502051)
     Cl   1    Vyy=    1.6350    axis=(  0.551252 -0.124529  0.824993)
     Cl   1    Vzz=   -2.1048    axis=( -0.565230 -0.783061  0.259482)
     Cl   1  Q=        -8.1650 1e-30 m^2  Cq=        40.3794 MHz  eta= 0.55357

     C    2    Vxx=   -0.0324    axis=(  0.982340  0.115077 -0.147532)
     C    2    Vyy=   -0.4473    axis=( -0.091566  0.983298  0.157292)
     C    2    Vzz=    0.4797    axis=(  0.163169 -0.141005  0.976470)
     C    2  Q=         1.0000 1e-30 m^2  Cq=         1.1272 MHz  eta= 0.86490

     C    3    Vxx=    0.0292    axis=(  0.456608  0.435963  0.775529)
     C    3    Vyy=    0.2345    axis=( -0.802047 -0.175518  0.570889)
     C    3    Vzz=   -0.2637    axis=(  0.385006 -0.882683  0.269520)
     C    3  Q=         1.0000 1e-30 m^2  Cq=        -0.6196 MHz  eta= 0.77864

     H    4    Vxx=    0.0220    axis=(  0.439683 -0.891715  0.107346)
     H    4    Vyy=    0.7864    axis=(  0.831805  0.449367  0.325838)
     H    4    Vzz=   -0.8083    axis=( -0.338792 -0.053974  0.939312)
     H    4  Q=         1.0000 1e-30 m^2  Cq=        -1.8993 MHz  eta= 0.94565

     C    5    Vxx=   -0.0746    axis=(  0.681351 -0.073122 -0.728295)
     C    5    Vyy=   -0.4360    axis=( -0.689568  0.269562 -0.672185)
     C    5    Vzz=    0.5106    axis=( -0.245472 -0.960203 -0.133244)
     C    5  Q=         1.0000 1e-30 m^2  Cq=         1.1997 MHz  eta= 0.70775

     H    6    Vxx=   -0.0302    axis=(  0.209197 -0.160142  0.964672)
     H    6    Vyy=   -0.7506    axis=(  0.973266  0.129749 -0.189521)
     H    6    Vzz=    0.7808    axis=( -0.094815  0.978529  0.183004)
     H    6  Q=         1.0000 1e-30 m^2  Cq=         1.8345 MHz  eta= 0.92273

     H    7    Vxx=   -0.0637    axis=(  0.916812  0.163728  0.364209)
     H    7    Vyy=   -0.4049    axis=( -0.357836  0.741656  0.567362)
     H    7    Vzz=    0.4686    axis=( -0.177224 -0.650492  0.738547)
     H    7  Q=         1.0000 1e-30 m^2  Cq=         1.1010 MHz  eta= 0.72816

     C    8    Vxx=   -0.0164    axis=(  0.669757  0.731557  0.127474)
     C    8    Vyy=   -0.4670    axis=(  0.020249  0.153608 -0.987924)
     C    8    Vzz=    0.4834    axis=( -0.742304  0.664251  0.088066)
     C    8  Q=         1.0000 1e-30 m^2  Cq=         1.1358 MHz  eta= 0.93206

     H    9    Vxx=   -0.0475    axis=(  0.458967  0.583509 -0.669975)
     H    9    Vyy=   -0.7474    axis=( -0.228591  0.806261  0.545609)
     H    9    Vzz=    0.7950    axis=( -0.858543  0.097266 -0.503432)
     H    9  Q=         1.0000 1e-30 m^2  Cq=         1.8678 MHz  eta= 0.88041

     C   10    Vxx=   -0.0670    axis=(  0.467172 -0.290779 -0.834984)
     C   10    Vyy=   -0.4220    axis=( -0.882016 -0.219094 -0.417188)
     C   10    Vzz=    0.4890    axis=( -0.061630  0.931367 -0.358827)
     C   10  Q=         1.0000 1e-30 m^2  Cq=         1.1490 MHz  eta= 0.72588

     C   11    Vxx=    0.2289    axis=(  0.965880  0.247380 -0.076677)
     C   11    Vyy=    0.4502    axis=( -0.205090  0.911370  0.356853)
     C   11    Vzz=   -0.6791    axis=(  0.158159 -0.328951  0.931009)
     C   11  Q=         1.0000 1e-30 m^2  Cq=        -1.5957 MHz  eta= 0.32583

     Cl  12    Vxx=   -0.2353    axis=(  0.262214 -0.931023 -0.253850)
     Cl  12    Vyy=   -0.3160    axis=(  0.516274 -0.086901  0.852003)
     Cl  12    Vzz=    0.5513    axis=(  0.815294  0.354463 -0.457876)
     Cl  12  Q=        -8.1650 1e-30 m^2  Cq=       -10.5759 MHz  eta= 0.14627

     H   13    Vxx=   -0.1621    axis=( -0.933256 -0.298660  0.199588)
     H   13    Vyy=   -0.6467    axis=(  0.344104 -0.583856  0.735326)
     H   13    Vzz=    0.8088    axis=(  0.103082 -0.754927 -0.647657)
     H   13  Q=         1.0000 1e-30 m^2  Cq=         1.9004 MHz  eta= 0.59909

     C   14    Vxx=   -0.2129    axis=( -0.147594 -0.028473  0.988638)
     C   14    Vyy=   -0.3407    axis=(  0.604124  0.788851  0.112909)
     C   14    Vzz=    0.5536    axis=( -0.783103  0.613925 -0.099228)
     C   14  Q=         1.0000 1e-30 m^2  Cq=         1.3007 MHz  eta= 0.23087

     H   15    Vxx=   -0.1673    axis=( -0.605114 -0.181579  0.775156)
     H   15    Vyy=   -0.5963    axis=( -0.277100  0.960801  0.008753)
     H   15    Vzz=    0.7636    axis=( -0.746360 -0.209499 -0.631710)
     H   15  Q=         1.0000 1e-30 m^2  Cq=         1.7941 MHz  eta= 0.56188

     C   16    Vxx=    0.0548    axis=( -0.207668  0.643267 -0.736941)
     C   16    Vyy=    0.4954    axis=(  0.072605  0.761422  0.644177)
     C   16    Vzz=   -0.5502    axis=( -0.975501 -0.080270  0.204827)
     C   16  Q=         1.0000 1e-30 m^2  Cq=        -1.2927 MHz  eta= 0.80097

     C   17    Vxx=   -0.0057    axis=(  0.428644  0.903211 -0.021793)
     C   17    Vyy=   -0.4801    axis=( -0.446953  0.232953  0.863693)
     C   17    Vzz=    0.4858    axis=(  0.785174 -0.360476  0.503547)
     C   17  Q=         1.0000 1e-30 m^2  Cq=         1.1414 MHz  eta= 0.97664

     Cl  18    Vxx=    0.8725    axis=(  0.965147  0.256431 -0.052301)
     Cl  18    Vyy=    0.9727    axis=( -0.241465  0.795452 -0.555834)
     Cl  18    Vzz=   -1.8452    axis=( -0.100930  0.549090  0.829647)
     Cl  18  Q=        -8.1650 1e-30 m^2  Cq=        35.3989 MHz  eta= 0.05428

     H   19    Vxx=    0.0120    axis=(  0.994157 -0.070416  0.081815)
     H   19    Vyy=    0.3745    axis=( -0.104971 -0.807342  0.580672)
     H   19    Vzz=   -0.3864    axis=(  0.025164 -0.585867 -0.810016)
     H   19  Q=         1.0000 1e-30 m^2  Cq=        -0.9080 MHz  eta= 0.93813

     C   20    Vxx=    0.0124    axis=( -0.435891  0.288538  0.852493)
     C   20    Vyy=    0.8975    axis=(  0.018995 -0.944055  0.329241)
     C   20    Vzz=   -0.9099    axis=(  0.899799  0.159707  0.406024)
     C   20  Q=         1.0000 1e-30 m^2  Cq=        -2.1379 MHz  eta= 0.97284

     H   21    Vxx=   -0.0090    axis=( -0.074570  0.825153  0.559966)
     H   21    Vyy=   -0.6085    axis=(  0.683083  0.451369 -0.574163)
     H   21    Vzz=    0.6175    axis=( -0.726524  0.339688 -0.597307)
     H   21  Q=         1.0000 1e-30 m^2  Cq=         1.4509 MHz  eta= 0.97084

     C   22    Vxx=   -0.0309    axis=(  0.673649  0.146193  0.724448)
     C   22    Vyy=   -0.4734    axis=( -0.324120  0.939384  0.111825)
     C   22    Vzz=    0.5042    axis=( -0.664186 -0.310139  0.680199)
     C   22  Q=         1.0000 1e-30 m^2  Cq=         1.1848 MHz  eta= 0.87750

     C   23    Vxx=   -0.0486    axis=( -0.459613  0.633570  0.622370)
     C   23    Vyy=   -0.7339    axis=( -0.887882 -0.343985 -0.305516)
     C   23    Vzz=    0.7824    axis=(  0.020520 -0.693011  0.720635)
     C   23  Q=         1.0000 1e-30 m^2  Cq=         1.8384 MHz  eta= 0.87583

     Cl  24    Vxx=    0.5034    axis=(  0.688200  0.494207  0.531169)
     Cl  24    Vyy=    1.5412    axis=( -0.408659 -0.340887  0.846637)
     Cl  24    Vzz=   -2.0446    axis=( -0.599482  0.799722  0.032636)
     Cl  24  Q=        -8.1650 1e-30 m^2  Cq=        39.2240 MHz  eta= 0.50759

     Initialization:
     gipaw_setup  :      9.34s CPU     11.38s WALL (       1 calls)

     Linear response

     Apply operators

     Induced current

     Other routines
     efg          :      9.56s CPU     12.40s WALL (       1 calls)

     General routines
     calbec       :      3.33s CPU      4.57s WALL (      16 calls)
     fft          :      1.42s CPU      1.83s WALL (      15 calls)
     ffts         :      0.04s CPU      0.05s WALL (       2 calls)
     fftw         :      3.44s CPU      4.41s WALL (     672 calls)
     davcio       :      0.03s CPU      0.33s WALL (      32 calls)

     Parallel routines
     fft_scatter  :      2.16s CPU      3.43s WALL (     689 calls)

     Plugins

     GIPAW        :     63.30s CPU     75.51s WALL (       1 calls)
