
     Program QE v.6.0 (svn rev. 13079) starts on 15Jan2017 at  3:35:26 

     This program is part of the open-source Quantum ESPRESSO suite
     for quantum simulation of materials; please cite
         "P. Giannozzi et al., J. Phys.:Condens. Matter 21 395502 (2009);
          URL http://www.quantum-espresso.org", 
     in publications or presentations arising from this work. More details at
     http://www.quantum-espresso.org/quote

     Parallel version (MPI), running on     8 processors
     R & G space division:  proc/nbgrp/npool/nimage =       8

     ***** This is GIPAW svn revision unknown      *****

     Parallelizing q-star over 1 images

     Reading data from directory:
     /users/majewski/paradichlorobenzene/pbe/9_constraint/scratch/pbe.ecut100.np8.dt60.pcl2phi-129368.save
     Message from routine read_xml_file:
     file /users/majewski/paradichlorobenzene/pbe/9_constraint/scratch/pbe.ecut100.np8.dt60.pcl2phi-129368.save not guaranteed to be safe for post-processing

   Info: using nr1, nr2, nr3 values from input

   Info: using nr1, nr2, nr3 values from input

     IMPORTANT: XC functional enforced from input :
     Exchange-correlation      =  SLA  PW   PBX  PBC ( 1  4  3  4 0 0)
     Any further DFT definition will be discarded
     Please, verify this is what you really want

               file C.pbe-n-kjpaw_psl.1.0.0.UPF: wavefunction(s)  2S 2P renormalized
               file Cl.pbe-n-kjpaw_psl.1.0.0.UPF: wavefunction(s)  3S 3P renormalized
               file H.pbe-kjpaw_psl.1.0.0.UPF: wavefunction(s)  1S renormalized

     Parallelization info
     --------------------
     sticks:   dense  smooth     PW     G-vecs:    dense   smooth      PW
     Min        3057    1223    332               144436    36536    5170
     Max        3059    1225    333               144437    36537    5171
     Sum       24467    9791   2657              1155489   292295   41363


     Subspace diagonalization in iterative solution of the eigenvalue problem:
     a serial algorithm will be used

     GIPAW projectors -----------------------------------------------
     atom=  C    l=0  rc=    1.2000  rs=    0.8000
     atom=  C    l=0  rc=    1.2000  rs=    0.8000
     atom=  C    l=1  rc=    1.4000  rs=    0.9333
     atom=  C    l=1  rc=    1.4000  rs=    0.9333
     projs nearly linearly dependent: l=1  n1,n2= 1, 2  s=  0.99951561

     atom=  Cl   l=0  rc=    1.6000  rs=    1.0667
     atom=  Cl   l=0  rc=    1.6000  rs=    1.0667
     atom=  Cl   l=1  rc=    1.6000  rs=    1.0667
     atom=  Cl   l=1  rc=    1.6000  rs=    1.0667
     atom=  Cl   l=2  rc=    1.6000  rs=    1.0667
     atom=  Cl   l=2  rc=    1.6000  rs=    1.0667
     projs nearly linearly dependent: l=2  n1,n2= 1, 2  s=  0.99993509

     atom=  H    l=0  rc=    1.0000  rs=    0.6667
     atom=  H    l=0  rc=    1.0000  rs=    0.6667
     projs nearly linearly dependent: l=0  n1,n2= 1, 2  s=  0.99968852
     -----------------------------------------------------------------

     GIPAW integrals: -------------------------------------------
     Atom  i/j   nmr_para   nmr_dia   epr_rmc  epr_para   epr_dia
       C   1 1   0.83E+03  0.17E-01  0.93E+01  0.24E+08  0.24E+03
       C   2 1   0.86E+03 -0.61E-01  0.94E+01  0.25E+08  0.25E+03
       C   2 2   0.90E+03 -0.15E+00  0.97E+01  0.26E+08  0.26E+03
       C   3 3   0.33E+01  0.34E+00  0.18E+01  0.55E+03  0.21E+02
       C   4 3   0.35E+01  0.37E+00  0.20E+01  0.59E+03  0.22E+02
       C   4 4   0.38E+01  0.39E+00  0.22E+01  0.63E+03  0.24E+02
       Cl  1 1   0.14E+04 -0.47E+00  0.84E+01  0.32E+09  0.42E+03
       Cl  2 1   0.21E+04 -0.37E+00  0.12E+02  0.49E+09  0.65E+03
       Cl  2 2   0.33E+04 -0.16E+00  0.21E+02  0.76E+09  0.10E+04
       Cl  3 3   0.21E+02  0.79E-01  0.89E+01  0.23E+05  0.13E+03
       Cl  4 3   0.24E+02  0.67E-01  0.99E+01  0.27E+05  0.15E+03
       Cl  4 4   0.28E+02  0.44E-01  0.11E+02  0.32E+05  0.18E+03
       Cl  5 5   0.77E+00  0.19E+00  0.18E+01  0.12E+03  0.22E+02
       Cl  6 5   0.80E+00  0.19E+00  0.19E+01  0.12E+03  0.23E+02
       Cl  6 6   0.83E+00  0.20E+00  0.19E+01  0.12E+03  0.23E+02
       H   1 1   0.39E+02  0.19E+00  0.29E+00  0.78E+05  0.13E+02
       H   2 1   0.41E+02  0.21E+00  0.32E+00  0.82E+05  0.14E+02
       H   2 2   0.43E+02  0.22E+00  0.36E+00  0.86E+05  0.15E+02
     ------------------------------------------------------------

     alpha_pv=     34.0151 eV

     Number of occupied bands for each k-point:
     k-point:     1    nbnd_occ=  42
     k-point:     2    nbnd_occ=  42
     k-point:     3    nbnd_occ=  42
     k-point:     4    nbnd_occ=  42
     k-point:     5    nbnd_occ=  42
     k-point:     6    nbnd_occ=  42
     k-point:     7    nbnd_occ=  42
     k-point:     8    nbnd_occ=  42
     k-point:     9    nbnd_occ=  42
     k-point:    10    nbnd_occ=  42
     k-point:    11    nbnd_occ=  42
     k-point:    12    nbnd_occ=  42
     k-point:    13    nbnd_occ=  42
     k-point:    14    nbnd_occ=  42
     k-point:    15    nbnd_occ=  42
     k-point:    16    nbnd_occ=  42


     q-space interpolation up to   110.00 Rydberg

     GIPAW job: efg                                                                             


     ELECTRIC FIELD GRADIENTS TENSORS IN Hartree/bohrradius^2:

     ----- bare term -----
     Cl   1       -0.138332        0.103227        0.072970
     Cl   1        0.103227       -0.093082        0.044301
     Cl   1        0.072970        0.044301        0.231415

     C    2       -0.390170       -0.150961       -0.264677
     C    2       -0.150961       -0.075033       -0.511972
     C    2       -0.264677       -0.511972        0.465203

     C    3       -0.159409        0.216792       -0.289239
     C    3        0.216792       -0.245931       -0.519746
     C    3       -0.289239       -0.519746        0.405340

     H    4       -0.523646        0.099297       -0.373084
     H    4        0.099297        0.220748       -0.184623
     H    4       -0.373084       -0.184623        0.302899

     C    5       -0.028773        0.495616        0.058021
     C    5        0.495616       -0.438520       -0.396779
     C    5        0.058021       -0.396779        0.467293

     H    6        0.397702       -0.119687       -0.213800
     H    6       -0.119687       -0.157194       -0.545318
     H    6       -0.213800       -0.545318       -0.240509

     H    7        0.496007        0.013181       -0.078723
     H    7        0.013181       -0.275449        0.400232
     H    7       -0.078723        0.400232       -0.220558

     C    8       -0.554376       -0.306983       -0.225992
     C    8       -0.306983        0.160626        0.261729
     C    8       -0.225992        0.261729        0.393750

     H    9       -0.448115       -0.246720       -0.364561
     H    9       -0.246720        0.095856        0.154868
     H    9       -0.364561        0.154868        0.352259

     C   10       -0.035567        0.057938       -0.282410
     C   10        0.057938       -0.099924        0.643866
     C   10       -0.282410        0.643866        0.135491

     C   11       -0.601971       -0.369656       -0.392003
     C   11       -0.369656        0.326088        0.225001
     C   11       -0.392003        0.225001        0.275883

     Cl  12       -0.024143       -0.108353        0.000957
     Cl  12       -0.108353        0.151718       -0.044402
     Cl  12        0.000957       -0.044402       -0.127574

     H   13        0.134517       -0.014264       -0.392204
     H   13       -0.014264       -0.134634       -0.421356
     H   13       -0.392204       -0.421356        0.000117

     C   14       -0.465165        0.327221       -0.050466
     C   14        0.327221        0.059896       -0.412721
     C   14       -0.050466       -0.412721        0.405268

     H   15       -0.443930        0.266753       -0.154828
     H   15        0.266753        0.060195       -0.329749
     H   15       -0.154828       -0.329749        0.383735

     C   16        0.028120        0.007011       -0.231662
     C   16        0.007011       -0.167063       -0.538026
     C   16       -0.231662       -0.538026        0.138944

     C   17       -0.655604        0.348717       -0.358980
     C   17        0.348717        0.306468       -0.052101
     C   17       -0.358980       -0.052101        0.349136

     Cl  18        0.023267        0.000479       -0.018839
     Cl  18        0.000479       -0.070663       -0.046159
     Cl  18       -0.018839       -0.046159        0.047396

     H   19        0.414602        0.132603       -0.176665
     H   19        0.132603       -0.205640        0.592879
     H   19       -0.176665        0.592879       -0.208962

     C   20       -0.132812       -0.379879       -0.098538
     C   20       -0.379879       -0.291357        0.367713
     C   20       -0.098538        0.367713        0.424169

     H   21       -0.115574        0.095250       -0.528472
     H   21        0.095250        0.361535       -0.030885
     H   21       -0.528472       -0.030885       -0.245960

     C   22       -0.315334       -0.369858       -0.363518
     C   22       -0.369858       -0.195847        0.321725
     C   22       -0.363518        0.321725        0.511181

     C   23       -0.023363        0.268784       -0.439623
     C   23        0.268784       -0.119686        0.611087
     C   23       -0.439623        0.611087        0.143049

     Cl  24       -0.025858       -0.136173       -0.011734
     Cl  24       -0.136173       -0.051178        0.012316
     Cl  24       -0.011734        0.012316        0.077036

     ----- ionic term -----
     Cl   1        0.089212       -0.191223       -0.019877
     Cl   1       -0.191223        0.042469        0.026666
     Cl   1       -0.019877        0.026666       -0.131680

     C    2        0.245911       -0.152198        0.251059
     C    2       -0.152198        0.006706        0.402435
     C    2        0.251059        0.402435       -0.252618

     C    3        0.164261       -0.304956        0.138579
     C    3       -0.304956        0.098677        0.412952
     C    3        0.138579        0.412952       -0.262939

     H    4        0.733155        0.105389        0.657739
     H    4        0.105389       -0.530653        0.135315
     H    4        0.657739        0.135315       -0.202502

     C    5        0.266050       -0.312334        0.187010
     C    5       -0.312334        0.041130        0.334396
     C    5        0.187010        0.334396       -0.307180

     H    6       -0.533275        0.014969        0.037534
     H    6        0.014969        0.531599        0.795437
     H    6        0.037534        0.795437        0.001676

     H    7       -0.520002        0.026176       -0.010534
     H    7        0.026176        0.472195       -0.787716
     H    7       -0.010534       -0.787716        0.047807

     C    8        0.293102        0.253886        0.270850
     C    8        0.253886        0.005766       -0.308606
     C    8        0.270850       -0.308606       -0.298867

     H    9        0.758168       -0.210349        0.612807
     H    9       -0.210349       -0.458506       -0.165490
     H    9        0.612807       -0.165490       -0.299662

     C   10        0.202568        0.267588        0.190387
     C   10        0.267588        0.165821       -0.329299
     C   10        0.190387       -0.329299       -0.368389

     C   11        0.169423        0.247850        0.268881
     C   11        0.247850        0.129906       -0.332939
     C   11        0.268881       -0.332939       -0.299329

     Cl  12        0.125514        0.226545        0.003847
     Cl  12        0.226545        0.030735       -0.010752
     Cl  12        0.003847       -0.010752       -0.156249

     H   13       -0.488802        0.249054        0.141388
     H   13        0.249054        0.607294        0.721375
     H   13        0.141388        0.721375       -0.118492

     C   14        0.295831       -0.139367        0.215988
     C   14       -0.139367        0.032202        0.340152
     C   14        0.215988        0.340152       -0.328034

     H   15        0.869736        0.150979        0.509608
     H   15        0.150979       -0.472759        0.135302
     H   15        0.509608        0.135302       -0.396977

     C   16        0.161454       -0.208810        0.115065
     C   16       -0.208810        0.165867        0.421745
     C   16        0.115065        0.421745       -0.327321

     C   17        0.178609       -0.192876        0.278824
     C   17       -0.192876        0.112946        0.384330
     C   17        0.278824        0.384330       -0.291555

     Cl  18        0.080046       -0.212381       -0.009302
     Cl  18       -0.212381        0.060049        0.021786
     Cl  18       -0.009302        0.021786       -0.140095

     H   19       -0.534802       -0.057455        0.061482
     H   19       -0.057455        0.518576       -0.772486
     H   19        0.061482       -0.772486        0.016227

     C   20        0.169862        0.315419        0.277468
     C   20        0.315419        0.124842       -0.261086
     C   20        0.277468       -0.261086       -0.294704

     H   21        0.629374       -0.123389        0.727099
     H   21       -0.123389       -0.506286       -0.157648
     H   21        0.727099       -0.157648       -0.123088

     C   22        0.084757        0.348098        0.228812
     C   22        0.348098        0.169283       -0.355725
     C   22        0.228812       -0.355725       -0.254040

     C   23        0.204155        0.189103        0.303361
     C   23        0.189103        0.015026       -0.403692
     C   23        0.303361       -0.403692       -0.219180

     Cl  24        0.122454        0.198451        0.007625
     Cl  24        0.198451        0.018527       -0.007203
     Cl  24        0.007625       -0.007203       -0.140981

     ----- GIPAW term -----
     Cl   1       -0.386736       -1.196988        1.089126
     Cl   1       -1.196988       -1.411143        0.671003
     Cl   1        1.089126        0.671003        1.797879

     C    2       -0.088662       -0.148961        0.043386
     C    2       -0.148961       -0.102378       -0.128429
     C    2        0.043386       -0.128429        0.191039

     C    3       -0.037169        0.013788       -0.086536
     C    3        0.013788       -0.033588       -0.081191
     C    3       -0.086536       -0.081191        0.070757

     H    4       -0.000000        0.000000        0.000000
     H    4        0.000000        0.000000        0.000000
     H    4        0.000000        0.000000        0.000000

     C    5        0.114538        0.131518        0.171918
     C    5        0.131518       -0.193122       -0.041859
     C    5        0.171918       -0.041859        0.078584

     H    6       -0.000000        0.000000        0.000000
     H    6        0.000000        0.000000        0.000000
     H    6        0.000000        0.000000        0.000000

     H    7       -0.000000        0.000000        0.000000
     H    7        0.000000        0.000000        0.000000
     H    7        0.000000        0.000000        0.000000

     C    8       -0.086030        0.097113       -0.000145
     C    8        0.097113        0.138797        0.042941
     C    8       -0.000145        0.042941       -0.052767

     H    9       -0.000000        0.000000        0.000000
     H    9        0.000000        0.000000        0.000000
     H    9        0.000000        0.000000        0.000000

     C   10       -0.076653        0.139187       -0.052130
     C   10        0.139187        0.174124        0.105095
     C   10       -0.052130        0.105095       -0.097472

     C   11       -0.149623       -0.017904       -0.054718
     C   11       -0.017904        0.294532        0.010397
     C   11       -0.054718        0.010397       -0.144909

     Cl  12        0.533165        0.566339        0.078651
     Cl  12        0.566339        2.121024       -0.446471
     Cl  12        0.078651       -0.446471       -2.654189

     H   13       -0.000000        0.000000        0.000000
     H   13        0.000000        0.000000        0.000000
     H   13        0.000000        0.000000        0.000000

     C   14       -0.094025       -0.072590        0.097733
     C   14       -0.072590        0.073060       -0.178333
     C   14        0.097733       -0.178333        0.020965

     H   15       -0.000000        0.000000        0.000000
     H   15        0.000000        0.000000        0.000000
     H   15        0.000000        0.000000        0.000000

     C   16       -0.114801       -0.086389       -0.049606
     C   16       -0.086389        0.213264        0.073715
     C   16       -0.049606        0.073715       -0.098463

     C   17       -0.118746        0.091877        0.032872
     C   17        0.091877        0.174185        0.173331
     C   17        0.032872        0.173331       -0.055439

     Cl  18        0.188206        0.210017        0.823064
     Cl  18        0.210017        1.154535        1.516936
     Cl  18        0.823064        1.516936       -1.342741

     H   19       -0.000000        0.000000        0.000000
     H   19        0.000000        0.000000        0.000000
     H   19        0.000000        0.000000        0.000000

     C   20       -0.019587       -0.137910        0.067873
     C   20       -0.137910       -0.060085       -0.018933
     C   20        0.067873       -0.018933        0.079672

     H   21       -0.000000        0.000000        0.000000
     H   21        0.000000        0.000000        0.000000
     H   21        0.000000        0.000000        0.000000

     C   22       -0.093847       -0.045211       -0.176263
     C   22       -0.045211       -0.094192        0.030676
     C   22       -0.176263        0.030676        0.188039

     C   23        0.119836        0.250126       -0.069222
     C   23        0.250126       -0.003723        0.099388
     C   23       -0.069222        0.099388       -0.116112

     Cl  24        1.610570        1.829222       -0.107986
     Cl  24        1.829222       -0.225953        0.072035
     Cl  24       -0.107986        0.072035       -1.384617

     ----- total EFG -----
     Cl   1       -0.435857       -1.284984        1.142219
     Cl   1       -1.284984       -1.461757        0.741970
     Cl   1        1.142219        0.741970        1.897613

     C    2       -0.232921       -0.452121        0.029768
     C    2       -0.452121       -0.170704       -0.237967
     C    2        0.029768       -0.237967        0.403625

     C    3       -0.032317       -0.074377       -0.237196
     C    3       -0.074377       -0.180841       -0.187985
     C    3       -0.237196       -0.187985        0.213159

     H    4        0.209508        0.204686        0.284656
     H    4        0.204686       -0.309905       -0.049307
     H    4        0.284656       -0.049307        0.100397

     C    5        0.351815        0.314801        0.416949
     C    5        0.314801       -0.590513       -0.104242
     C    5        0.416949       -0.104242        0.238698

     H    6       -0.135572       -0.104718       -0.176266
     H    6       -0.104718        0.374405        0.250118
     H    6       -0.176266        0.250118       -0.238833

     H    7       -0.023995        0.039358       -0.089257
     H    7        0.039358        0.196746       -0.387485
     H    7       -0.089257       -0.387485       -0.172751

     C    8       -0.347304        0.044016        0.044712
     C    8        0.044016        0.305189       -0.003936
     C    8        0.044712       -0.003936        0.042115

     H    9        0.310053       -0.457069        0.248247
     H    9       -0.457069       -0.362650       -0.010622
     H    9        0.248247       -0.010622        0.052597

     C   10        0.090348        0.464714       -0.144154
     C   10        0.464714        0.240021        0.419661
     C   10       -0.144154        0.419661       -0.330370

     C   11       -0.582171       -0.139710       -0.177841
     C   11       -0.139710        0.750525       -0.097541
     C   11       -0.177841       -0.097541       -0.168355

     Cl  12        0.634536        0.684531        0.083455
     Cl  12        0.684531        2.303476       -0.501624
     Cl  12        0.083455       -0.501624       -2.938012

     H   13       -0.354285        0.234790       -0.250816
     H   13        0.234790        0.472659        0.300018
     H   13       -0.250816        0.300018       -0.118375

     C   14       -0.263358        0.115264        0.263254
     C   14        0.115264        0.165158       -0.250901
     C   14        0.263254       -0.250901        0.098200

     H   15        0.425806        0.417732        0.354780
     H   15        0.417732       -0.412563       -0.194447
     H   15        0.354780       -0.194447       -0.013242

     C   16        0.074773       -0.288188       -0.166204
     C   16       -0.288188        0.212068       -0.042567
     C   16       -0.166204       -0.042567       -0.286841

     C   17       -0.595741        0.247718       -0.047284
     C   17        0.247718        0.593598        0.505560
     C   17       -0.047284        0.505560        0.002142

     Cl  18        0.291520       -0.001886        0.794923
     Cl  18       -0.001886        1.143921        1.492562
     Cl  18        0.794923        1.492562       -1.435441

     H   19       -0.120200        0.075148       -0.115183
     H   19        0.075148        0.312935       -0.179606
     H   19       -0.115183       -0.179606       -0.192735

     C   20        0.017463       -0.202370        0.246803
     C   20       -0.202370       -0.226599        0.087694
     C   20        0.246803        0.087694        0.209137

     H   21        0.513800       -0.028139        0.198628
     H   21       -0.028139       -0.144752       -0.188533
     H   21        0.198628       -0.188533       -0.369048

     C   22       -0.324424       -0.066971       -0.310969
     C   22       -0.066971       -0.120756       -0.003324
     C   22       -0.310969       -0.003324        0.445180

     C   23        0.300628        0.708013       -0.205484
     C   23        0.708013       -0.108384        0.306783
     C   23       -0.205484        0.306783       -0.192244

     Cl  24        1.707166        1.891500       -0.112095
     Cl  24        1.891500       -0.258605        0.077148
     Cl  24       -0.112095        0.077148       -1.448562

     ----- total EFG (symmetrized) -----
     Cl   1       -0.435857       -1.284984        1.142219
     Cl   1       -1.284984       -1.461757        0.741970
     Cl   1        1.142219        0.741970        1.897613

     C    2       -0.232921       -0.452121        0.029768
     C    2       -0.452121       -0.170704       -0.237967
     C    2        0.029768       -0.237967        0.403625

     C    3       -0.032317       -0.074377       -0.237196
     C    3       -0.074377       -0.180841       -0.187985
     C    3       -0.237196       -0.187985        0.213159

     H    4        0.209508        0.204686        0.284656
     H    4        0.204686       -0.309905       -0.049307
     H    4        0.284656       -0.049307        0.100397

     C    5        0.351815        0.314801        0.416949
     C    5        0.314801       -0.590513       -0.104242
     C    5        0.416949       -0.104242        0.238698

     H    6       -0.135572       -0.104718       -0.176266
     H    6       -0.104718        0.374405        0.250118
     H    6       -0.176266        0.250118       -0.238833

     H    7       -0.023995        0.039358       -0.089257
     H    7        0.039358        0.196746       -0.387485
     H    7       -0.089257       -0.387485       -0.172751

     C    8       -0.347304        0.044016        0.044712
     C    8        0.044016        0.305189       -0.003936
     C    8        0.044712       -0.003936        0.042115

     H    9        0.310053       -0.457069        0.248247
     H    9       -0.457069       -0.362650       -0.010622
     H    9        0.248247       -0.010622        0.052597

     C   10        0.090348        0.464714       -0.144154
     C   10        0.464714        0.240021        0.419661
     C   10       -0.144154        0.419661       -0.330370

     C   11       -0.582171       -0.139710       -0.177841
     C   11       -0.139710        0.750525       -0.097541
     C   11       -0.177841       -0.097541       -0.168355

     Cl  12        0.634536        0.684531        0.083455
     Cl  12        0.684531        2.303476       -0.501624
     Cl  12        0.083455       -0.501624       -2.938012

     H   13       -0.354285        0.234790       -0.250816
     H   13        0.234790        0.472659        0.300018
     H   13       -0.250816        0.300018       -0.118375

     C   14       -0.263358        0.115264        0.263254
     C   14        0.115264        0.165158       -0.250901
     C   14        0.263254       -0.250901        0.098200

     H   15        0.425806        0.417732        0.354780
     H   15        0.417732       -0.412563       -0.194447
     H   15        0.354780       -0.194447       -0.013242

     C   16        0.074773       -0.288188       -0.166204
     C   16       -0.288188        0.212068       -0.042567
     C   16       -0.166204       -0.042567       -0.286841

     C   17       -0.595741        0.247718       -0.047284
     C   17        0.247718        0.593598        0.505560
     C   17       -0.047284        0.505560        0.002142

     Cl  18        0.291520       -0.001886        0.794923
     Cl  18       -0.001886        1.143921        1.492562
     Cl  18        0.794923        1.492562       -1.435441

     H   19       -0.120200        0.075148       -0.115183
     H   19        0.075148        0.312935       -0.179606
     H   19       -0.115183       -0.179606       -0.192735

     C   20        0.017463       -0.202370        0.246803
     C   20       -0.202370       -0.226599        0.087694
     C   20        0.246803        0.087694        0.209137

     H   21        0.513800       -0.028139        0.198628
     H   21       -0.028139       -0.144752       -0.188533
     H   21        0.198628       -0.188533       -0.369048

     C   22       -0.324424       -0.066971       -0.310969
     C   22       -0.066971       -0.120756       -0.003324
     C   22       -0.310969       -0.003324        0.445180

     C   23        0.300628        0.708013       -0.205484
     C   23        0.708013       -0.108384        0.306783
     C   23       -0.205484        0.306783       -0.192244

     Cl  24        1.707166        1.891500       -0.112095
     Cl  24        1.891500       -0.258605        0.077148
     Cl  24       -0.112095        0.077148       -1.448562


     NQR/NMR SPECTROSCOPIC PARAMETERS:
     Cl   1    Vxx=    0.3067    axis=(  0.737309 -0.633826 -0.233751)
     Cl   1    Vyy=    2.3764    axis=(  0.350604  0.063250  0.934386)
     Cl   1    Vzz=   -2.6831    axis=( -0.577453 -0.770885  0.268857)
     Cl   1  Q=        -8.1650 1e-30 m^2  Cq=        51.4736 MHz  eta= 0.77141

     C    2    Vxx=    0.1266    axis=( -0.642188  0.546037  0.537995)
     C    2    Vyy=    0.5475    axis=(  0.301392 -0.465455  0.832175)
     C    2    Vzz=   -0.6741    axis=(  0.704810  0.696560  0.134339)
     C    2  Q=         1.0000 1e-30 m^2  Cq=        -1.5838 MHz  eta= 0.62447

     C    3    Vxx=   -0.0351    axis=(  0.733229 -0.646366  0.211153)
     C    3    Vyy=   -0.3510    axis=(  0.510352  0.728316  0.457271)
     C    3    Vzz=    0.3860    axis=( -0.449350 -0.227522  0.863897)
     C    3  Q=         1.0000 1e-30 m^2  Cq=         0.9070 MHz  eta= 0.81837

     H    4    Vxx=   -0.0409    axis=( -0.455022 -0.483354  0.747880)
     H    4    Vyy=   -0.4258    axis=( -0.412798  0.858664  0.303800)
     H    4    Vzz=    0.4667    axis=( -0.789020 -0.170488 -0.590239)
     H    4  Q=         1.0000 1e-30 m^2  Cq=         1.0965 MHz  eta= 0.82461

     C    5    Vxx=    0.0032    axis=( -0.524113 -0.409029  0.746995)
     C    5    Vyy=    0.7390    axis=(  0.774826  0.135039  0.617583)
     C    5    Vzz=   -0.7422    axis=(  0.353483 -0.902474 -0.246151)
     C    5  Q=         1.0000 1e-30 m^2  Cq=        -1.7440 MHz  eta= 0.99129

     H    6    Vxx=   -0.1032    axis=(  0.840062  0.384557 -0.382639)
     H    6    Vyy=   -0.4005    axis=( -0.483031  0.209164 -0.850254)
     H    6    Vzz=    0.5037    axis=( -0.246936  0.899092  0.361463)
     H    6  Q=         1.0000 1e-30 m^2  Cq=         1.1835 MHz  eta= 0.59016

     H    7    Vxx=   -0.0302    axis=(  0.976242 -0.215023 -0.026786)
     H    7    Vyy=   -0.4248    axis=(  0.137207  0.517746  0.844460)
     H    7    Vzz=    0.4550    axis=( -0.167710 -0.828072  0.534948)
     H    7  Q=         1.0000 1e-30 m^2  Cq=         1.0692 MHz  eta= 0.86720

     C    8    Vxx=    0.0472    axis=(  0.112184 -0.003978  0.993679)
     C    8    Vyy=    0.3081    axis=( -0.066762 -0.997763  0.003543)
     C    8    Vzz=   -0.3553    axis=(  0.991442 -0.066738 -0.112199)
     C    8  Q=         1.0000 1e-30 m^2  Cq=        -0.8349 MHz  eta= 0.73445

     H    9    Vxx=   -0.0203    axis=( -0.255292  0.312443  0.914989)
     H    9    Vyy=   -0.6108    axis=( -0.473621 -0.865443  0.163379)
     H    9    Vzz=    0.6311    axis=(  0.842917 -0.391648  0.368920)
     H    9  Q=         1.0000 1e-30 m^2  Cq=         1.4828 MHz  eta= 0.93569

     C   10    Vxx=    0.0259    axis=(  0.711703 -0.296272 -0.636947)
     C   10    Vyy=    0.6940    axis=( -0.553062 -0.795370 -0.248011)
     C   10    Vzz=   -0.7199    axis=( -0.433129  0.528781 -0.729924)
     C   10  Q=         1.0000 1e-30 m^2  Cq=        -1.6915 MHz  eta= 0.92803

     C   11    Vxx=   -0.1045    axis=( -0.360626  0.047342  0.931508)
     C   11    Vyy=   -0.6673    axis=(  0.928249  0.115785  0.353480)
     C   11    Vzz=    0.7718    axis=( -0.091120  0.992145 -0.085700)
     C   11  Q=         1.0000 1e-30 m^2  Cq=         1.8134 MHz  eta= 0.72930

     Cl  12    Vxx=    0.4075    axis=(  0.944063 -0.321852  0.071808)
     Cl  12    Vyy=    2.5842    axis=(  0.327121  0.941540 -0.080583)
     Cl  12    Vzz=   -2.9917    axis=( -0.041674  0.099565  0.994158)
     Cl  12  Q=        -8.1650 1e-30 m^2  Cq=        57.3952 MHz  eta= 0.72758

     H   13    Vxx=    0.0176    axis=(  0.625165  0.178381 -0.759835)
     H   13    Vyy=    0.6151    axis=( -0.139483 -0.932326 -0.333636)
     H   13    Vzz=   -0.6327    axis=( -0.767928  0.314562 -0.557976)
     H   13  Q=         1.0000 1e-30 m^2  Cq=        -1.4866 MHz  eta= 0.94451

     C   14    Vxx=    0.0816    axis=(  0.586952  0.647958  0.485425)
     C   14    Vyy=    0.3993    axis=(  0.164267 -0.682409  0.712274)
     C   14    Vzz=   -0.4809    axis=(  0.792782 -0.338331 -0.506980)
     C   14  Q=         1.0000 1e-30 m^2  Cq=        -1.1299 MHz  eta= 0.66062

     H   15    Vxx=    0.0335    axis=(  0.182308  0.531387 -0.827280)
     H   15    Vyy=    0.6996    axis=( -0.889436 -0.269529 -0.369132)
     H   15    Vzz=   -0.7331    axis=( -0.419128  0.803108  0.423497)
     H   15  Q=         1.0000 1e-30 m^2  Cq=        -1.7225 MHz  eta= 0.90868

     C   16    Vxx=   -0.0522    axis=(  0.611405  0.579947 -0.538373)
     C   16    Vyy=   -0.3944    axis=(  0.469491  0.281814  0.836755)
     C   16    Vzz=    0.4467    axis=( -0.636995  0.764357  0.099978)
     C   16  Q=         1.0000 1e-30 m^2  Cq=         1.0495 MHz  eta= 0.76610

     C   17    Vxx=   -0.2216    axis=( -0.373253 -0.404398  0.834952)
     C   17    Vyy=   -0.6867    axis=( -0.918845  0.285396 -0.272529)
     C   17    Vzz=    0.9083    axis=( -0.128082 -0.868914 -0.478104)
     C   17  Q=         1.0000 1e-30 m^2  Cq=         2.1341 MHz  eta= 0.51209

     Cl  18    Vxx=    0.4208    axis=(  0.938241 -0.310894  0.151815)
     Cl  18    Vyy=    1.9000    axis=(  0.217093  0.870678  0.441350)
     Cl  18    Vzz=   -2.3208    axis=( -0.269395 -0.381135  0.884399)
     Cl  18  Q=        -8.1650 1e-30 m^2  Cq=        44.5235 MHz  eta= 0.63739

     H   19    Vxx=   -0.0957    axis=(  0.854594 -0.332501 -0.398888)
     H   19    Vyy=   -0.2972    axis=(  0.475867  0.193914  0.857874)
     H   19    Vzz=    0.3929    axis=( -0.207894 -0.922952  0.323944)
     H   19  Q=         1.0000 1e-30 m^2  Cq=         0.9232 MHz  eta= 0.51298

     C   20    Vxx=    0.0287    axis=(  0.589328 -0.637640 -0.496093)
     C   20    Vyy=    0.3814    axis=( -0.589618  0.080330 -0.803678)
     C   20    Vzz=   -0.4101    axis=(  0.552308  0.766135 -0.328623)
     C   20  Q=         1.0000 1e-30 m^2  Cq=        -0.9636 MHz  eta= 0.86020

     H   21    Vxx=   -0.0612    axis=(  0.188947  0.887015 -0.421312)
     H   21    Vyy=   -0.5019    axis=( -0.159241  0.451038  0.878184)
     H   21    Vzz=    0.5631    axis=(  0.968990 -0.098840  0.226471)
     H   21  Q=         1.0000 1e-30 m^2  Cq=         1.3230 MHz  eta= 0.78264

     C   22    Vxx=   -0.1086    axis=(  0.172924 -0.980703  0.091211)
     C   22    Vyy=   -0.4470    axis=(  0.926234  0.193412  0.323547)
     C   22    Vzz=    0.5557    axis=( -0.334945  0.028534  0.941806)
     C   22  Q=         1.0000 1e-30 m^2  Cq=         1.3056 MHz  eta= 0.60899

     C   23    Vxx=    0.0146    axis=( -0.311747  0.378822  0.871382)
     C   23    Vyy=    0.8335    axis=( -0.795775 -0.605207 -0.021592)
     C   23    Vzz=   -0.8482    axis=(  0.519187 -0.700156  0.490129)
     C   23  Q=         1.0000 1e-30 m^2  Cq=        -1.9928 MHz  eta= 0.96548

     Cl  24    Vxx=   -1.3024    axis=( -0.389047  0.657273  0.645473)
     Cl  24    Vyy=   -1.5542    axis=(  0.343341 -0.546737  0.763673)
     Cl  24    Vzz=    2.8566    axis=( -0.854845 -0.518721  0.012962)
     Cl  24  Q=        -8.1650 1e-30 m^2  Cq=       -54.8030 MHz  eta= 0.08813

     Initialization:
     gipaw_setup  :      9.16s CPU     11.03s WALL (       1 calls)

     Linear response

     Apply operators

     Induced current

     Other routines
     efg          :      9.36s CPU     11.76s WALL (       1 calls)

     General routines
     calbec       :      3.16s CPU      3.77s WALL (      16 calls)
     fft          :      1.52s CPU      1.99s WALL (      15 calls)
     ffts         :      0.06s CPU      0.10s WALL (       2 calls)
     fftw         :      3.27s CPU      4.06s WALL (     672 calls)
     davcio       :      0.05s CPU      0.34s WALL (      32 calls)

     Parallel routines
     fft_scatter  :      2.16s CPU      3.17s WALL (     689 calls)

     Plugins

     GIPAW        :     60.46s CPU     72.23s WALL (       1 calls)
