
     Program QE v.6.0 (svn rev. 13079) starts on 23Dec2016 at 19:38:19 

     This program is part of the open-source Quantum ESPRESSO suite
     for quantum simulation of materials; please cite
         "P. Giannozzi et al., J. Phys.:Condens. Matter 21 395502 (2009);
          URL http://www.quantum-espresso.org", 
     in publications or presentations arising from this work. More details at
     http://www.quantum-espresso.org/quote

     Parallel version (MPI), running on     8 processors
     R & G space division:  proc/nbgrp/npool/nimage =       8

     ***** This is GIPAW svn revision unknown      *****

     Parallelizing q-star over 1 images

     Reading data from directory:
     /users/majewski/paradichlorobenzene/pbe/9_constraint/scratch/pbe.ecut100.np8.dt60.pcl2phi-129368.save
     Message from routine read_xml_file:
     file /users/majewski/paradichlorobenzene/pbe/9_constraint/scratch/pbe.ecut100.np8.dt60.pcl2phi-129368.save not guaranteed to be safe for post-processing

   Info: using nr1, nr2, nr3 values from input

   Info: using nr1, nr2, nr3 values from input

     IMPORTANT: XC functional enforced from input :
     Exchange-correlation      =  SLA  PW   PBX  PBC ( 1  4  3  4 0 0)
     Any further DFT definition will be discarded
     Please, verify this is what you really want

               file C.pbe-n-kjpaw_psl.1.0.0.UPF: wavefunction(s)  2S 2P renormalized
               file Cl.pbe-n-kjpaw_psl.1.0.0.UPF: wavefunction(s)  3S 3P renormalized
               file H.pbe-kjpaw_psl.1.0.0.UPF: wavefunction(s)  1S renormalized

     Parallelization info
     --------------------
     sticks:   dense  smooth     PW     G-vecs:    dense   smooth      PW
     Min        3057    1223    332               144436    36536    5170
     Max        3059    1225    333               144437    36537    5171
     Sum       24467    9791   2657              1155489   292295   41363


     Subspace diagonalization in iterative solution of the eigenvalue problem:
     a serial algorithm will be used

     GIPAW projectors -----------------------------------------------
     atom=  C    l=0  rc=    1.2000  rs=    0.8000
     atom=  C    l=0  rc=    1.2000  rs=    0.8000
     atom=  C    l=1  rc=    1.4000  rs=    0.9333
     atom=  C    l=1  rc=    1.4000  rs=    0.9333
     projs nearly linearly dependent: l=1  n1,n2= 1, 2  s=  0.99951561

     atom=  Cl   l=0  rc=    1.6000  rs=    1.0667
     atom=  Cl   l=0  rc=    1.6000  rs=    1.0667
     atom=  Cl   l=1  rc=    1.6000  rs=    1.0667
     atom=  Cl   l=1  rc=    1.6000  rs=    1.0667
     atom=  Cl   l=2  rc=    1.6000  rs=    1.0667
     atom=  Cl   l=2  rc=    1.6000  rs=    1.0667
     projs nearly linearly dependent: l=2  n1,n2= 1, 2  s=  0.99993509

     atom=  H    l=0  rc=    1.0000  rs=    0.6667
     atom=  H    l=0  rc=    1.0000  rs=    0.6667
     projs nearly linearly dependent: l=0  n1,n2= 1, 2  s=  0.99968852
     -----------------------------------------------------------------

     GIPAW integrals: -------------------------------------------
     Atom  i/j   nmr_para   nmr_dia   epr_rmc  epr_para   epr_dia
       C   1 1   0.83E+03  0.17E-01  0.93E+01  0.24E+08  0.24E+03
       C   2 1   0.86E+03 -0.61E-01  0.94E+01  0.25E+08  0.25E+03
       C   2 2   0.90E+03 -0.15E+00  0.97E+01  0.26E+08  0.26E+03
       C   3 3   0.33E+01  0.34E+00  0.18E+01  0.55E+03  0.21E+02
       C   4 3   0.35E+01  0.37E+00  0.20E+01  0.59E+03  0.22E+02
       C   4 4   0.38E+01  0.39E+00  0.22E+01  0.63E+03  0.24E+02
       Cl  1 1   0.14E+04 -0.47E+00  0.84E+01  0.32E+09  0.42E+03
       Cl  2 1   0.21E+04 -0.37E+00  0.12E+02  0.49E+09  0.65E+03
       Cl  2 2   0.33E+04 -0.16E+00  0.21E+02  0.76E+09  0.10E+04
       Cl  3 3   0.21E+02  0.79E-01  0.89E+01  0.23E+05  0.13E+03
       Cl  4 3   0.24E+02  0.67E-01  0.99E+01  0.27E+05  0.15E+03
       Cl  4 4   0.28E+02  0.44E-01  0.11E+02  0.32E+05  0.18E+03
       Cl  5 5   0.77E+00  0.19E+00  0.18E+01  0.12E+03  0.22E+02
       Cl  6 5   0.80E+00  0.19E+00  0.19E+01  0.12E+03  0.23E+02
       Cl  6 6   0.83E+00  0.20E+00  0.19E+01  0.12E+03  0.23E+02
       H   1 1   0.39E+02  0.19E+00  0.29E+00  0.78E+05  0.13E+02
       H   2 1   0.41E+02  0.21E+00  0.32E+00  0.82E+05  0.14E+02
       H   2 2   0.43E+02  0.22E+00  0.36E+00  0.86E+05  0.15E+02
     ------------------------------------------------------------

     alpha_pv=     34.0952 eV

     Number of occupied bands for each k-point:
     k-point:     1    nbnd_occ=  42
     k-point:     2    nbnd_occ=  42
     k-point:     3    nbnd_occ=  42
     k-point:     4    nbnd_occ=  42
     k-point:     5    nbnd_occ=  42
     k-point:     6    nbnd_occ=  42
     k-point:     7    nbnd_occ=  42
     k-point:     8    nbnd_occ=  42
     k-point:     9    nbnd_occ=  42
     k-point:    10    nbnd_occ=  42
     k-point:    11    nbnd_occ=  42
     k-point:    12    nbnd_occ=  42
     k-point:    13    nbnd_occ=  42
     k-point:    14    nbnd_occ=  42
     k-point:    15    nbnd_occ=  42
     k-point:    16    nbnd_occ=  42


     q-space interpolation up to   110.00 Rydberg

     GIPAW job: efg                                                                             


     ELECTRIC FIELD GRADIENTS TENSORS IN Hartree/bohrradius^2:

     ----- bare term -----
     Cl   1        0.318060        0.046553        0.215198
     Cl   1        0.046553        0.357575        0.304409
     Cl   1        0.215198        0.304409       -0.675636

     C    2       -0.632595        0.064633       -0.248821
     C    2        0.064633        0.027300       -0.225751
     C    2       -0.248821       -0.225751        0.605295

     C    3        0.038507        0.483383        0.054902
     C    3        0.483383       -0.528517       -0.447764
     C    3        0.054902       -0.447764        0.490011

     H    4       -0.500984       -0.255699       -0.548318
     H    4       -0.255699        0.326238       -0.238889
     H    4       -0.548318       -0.238889        0.174746

     C    5       -0.472407        0.347491       -0.486451
     C    5        0.347491        0.249139       -0.315257
     C    5       -0.486451       -0.315257        0.223268

     H    6        0.396928       -0.059941        0.167924
     H    6       -0.059941       -0.185910       -0.420490
     H    6        0.167924       -0.420490       -0.211018

     H    7        0.365817       -0.168004       -0.238116
     H    7       -0.168004       -0.591226       -0.025571
     H    7       -0.238116       -0.025571        0.225409

     C    8       -0.547332        0.044306       -0.271030
     C    8        0.044306       -0.032080        0.317036
     C    8       -0.271030        0.317036        0.579411

     H    9       -0.461321        0.338755       -0.304205
     H    9        0.338755        0.326318        0.091845
     H    9       -0.304205        0.091845        0.135002

     C   10       -0.110727       -0.441565        0.152184
     C   10       -0.441565       -0.456529        0.544632
     C   10        0.152184        0.544632        0.567255

     C   11       -0.268398        0.037118       -0.342959
     C   11        0.037118       -0.020925        0.394748
     C   11       -0.342959        0.394748        0.289323

     Cl  12       -0.009554       -0.130880       -0.079253
     Cl  12       -0.130880        0.023957        0.065350
     Cl  12       -0.079253        0.065350       -0.014403

     H   13        0.454301       -0.074193       -0.210880
     H   13       -0.074193       -0.013063       -0.473420
     H   13       -0.210880       -0.473420       -0.441238

     C   14       -0.158197        0.392222        0.024126
     C   14        0.392222       -0.414328       -0.388568
     C   14        0.024126       -0.388568        0.572524

     H   15       -0.603697       -0.318625       -0.342361
     H   15       -0.318625        0.329721       -0.154767
     H   15       -0.342361       -0.154767        0.273976

     C   16       -0.363267        0.343153       -0.347029
     C   16        0.343153        0.041198       -0.361607
     C   16       -0.347029       -0.361607        0.322070

     C   17       -0.078716        0.224034       -0.252514
     C   17        0.224034       -0.050539       -0.669522
     C   17       -0.252514       -0.669522        0.129255

     Cl  18       -0.083467        0.192667       -0.087635
     Cl  18        0.192667        0.092626       -0.123222
     Cl  18       -0.087635       -0.123222       -0.009159

     H   19        0.425148        0.019792        0.205550
     H   19        0.019792       -0.041282        0.405096
     H   19        0.205550        0.405096       -0.383866

     C   20       -0.414794       -0.321282       -0.142800
     C   20       -0.321282       -0.070448        0.463201
     C   20       -0.142800        0.463201        0.485242

     H   21        0.112085        0.064615       -0.448334
     H   21        0.064615        0.442405       -0.033733
     H   21       -0.448334       -0.033733       -0.554489

     C   22       -0.206389       -0.037580       -0.167776
     C   22       -0.037580       -0.032860        0.279697
     C   22       -0.167776        0.279697        0.239249

     C   23       -0.127334       -0.292936       -0.083473
     C   23       -0.292936       -0.463522        0.412029
     C   23       -0.083473        0.412029        0.590856

     Cl  24       -0.080113        0.003235       -0.081560
     Cl  24        0.003235       -0.025128        0.126929
     Cl  24       -0.081560        0.126929        0.105241

     ----- ionic term -----
     Cl   1        0.168366       -0.176459       -0.059961
     Cl   1       -0.176459       -0.065269        0.027667
     Cl   1       -0.059961        0.027667       -0.103096

     C    2        0.293719       -0.161072        0.075421
     C    2       -0.161072       -0.094544        0.452994
     C    2        0.075421        0.452994       -0.199175

     C    3        0.145818       -0.212051        0.071044
     C    3       -0.212051        0.022511        0.474095
     C    3        0.071044        0.474095       -0.168329

     H    4        0.520269        0.371053        0.654475
     H    4        0.371053       -0.412398        0.305556
     H    4        0.654475        0.305556       -0.107870

     C    5        0.323891       -0.117258        0.214630
     C    5       -0.117258       -0.063059        0.376637
     C    5        0.214630        0.376637       -0.260832

     H    6       -0.524969        0.092912        0.075702
     H    6        0.092912        0.572081        0.776582
     H    6        0.075702        0.776582       -0.047112

     H    7       -0.481912        0.059849       -0.016702
     H    7        0.059849        0.745173       -0.633107
     H    7       -0.016702       -0.633107       -0.263261

     C    8        0.282850        0.265480        0.286191
     C    8        0.265480        0.123186       -0.253078
     C    8        0.286191       -0.253078       -0.406036

     H    9        0.749988       -0.301637        0.616738
     H    9       -0.301637       -0.404205       -0.196945
     H    9        0.616738       -0.196945       -0.345783

     C   10        0.196378        0.282983        0.230851
     C   10        0.282983        0.232840       -0.284357
     C   10        0.230851       -0.284357       -0.429218

     C   11        0.169570        0.201526        0.414298
     C   11        0.201526        0.104576       -0.290929
     C   11        0.414298       -0.290929       -0.274145

     Cl  12        0.133360        0.200432        0.055050
     Cl  12        0.200432        0.018280        0.026621
     Cl  12        0.055050        0.026621       -0.151640

     H   13       -0.510075        0.069465        0.042140
     H   13        0.069465        0.516896        0.786752
     H   13        0.042140        0.786752       -0.006821

     C   14        0.380805       -0.192853        0.110807
     C   14       -0.192853       -0.074945        0.367643
     C   14        0.110807        0.367643       -0.305860

     H   15        0.674146        0.249640        0.648300
     H   15        0.249640       -0.503137        0.224092
     H   15        0.648300        0.224092       -0.171009

     C   16        0.229991       -0.255393        0.073981
     C   16       -0.255393        0.032980        0.469148
     C   16        0.073981        0.469148       -0.262971

     C   17        0.261664       -0.139871        0.262038
     C   17       -0.139871       -0.007608        0.452249
     C   17        0.262038        0.452249       -0.254056

     Cl  18        0.137186       -0.211275       -0.004756
     Cl  18       -0.211275        0.003186        0.005025
     Cl  18       -0.004756        0.005025       -0.140373

     H   19       -0.520723        0.084963       -0.014646
     H   19        0.084963        0.582519       -0.734282
     H   19       -0.014646       -0.734282       -0.061797

     C   20        0.244897        0.260896        0.403971
     C   20        0.260896       -0.007820       -0.252307
     C   20        0.403971       -0.252307       -0.237077

     H   21        0.402265       -0.294954        0.752633
     H   21       -0.294954       -0.426916       -0.289178
     H   21        0.752633       -0.289178        0.024650

     C   22        0.062986        0.241399        0.260623
     C   22        0.241399        0.148676       -0.381800
     C   22        0.260623       -0.381800       -0.211661

     C   23        0.136796        0.198792        0.252648
     C   23        0.198792        0.136428       -0.437316
     C   23        0.252648       -0.437316       -0.273223

     Cl  24        0.113769        0.231043        0.007961
     Cl  24        0.231043        0.028087       -0.000819
     Cl  24        0.007961       -0.000819       -0.141856

     ----- GIPAW term -----
     Cl   1        0.332988       -0.396768       -0.166711
     Cl   1       -0.396768       -0.034186        0.148772
     Cl   1       -0.166711        0.148772       -0.298803

     C    2       -0.170360       -0.067610       -0.009865
     C    2       -0.067610       -0.108553        0.043411
     C    2       -0.009865        0.043411        0.278913

     C    3       -0.028556        0.145423        0.125974
     C    3        0.145423       -0.089623        0.085599
     C    3        0.125974        0.085599        0.118180

     H    4       -0.000000        0.000000        0.000000
     H    4        0.000000        0.000000        0.000000
     H    4        0.000000        0.000000        0.000000

     C    5       -0.034359        0.193476       -0.123377
     C    5        0.193476        0.096895       -0.096838
     C    5       -0.123377       -0.096838       -0.062535

     H    6       -0.000000        0.000000        0.000000
     H    6        0.000000        0.000000        0.000000
     H    6        0.000000        0.000000        0.000000

     H    7       -0.000000        0.000000        0.000000
     H    7        0.000000        0.000000        0.000000
     H    7        0.000000        0.000000        0.000000

     C    8       -0.162344        0.042628        0.054990
     C    8        0.042628       -0.094175        0.131074
     C    8        0.054990        0.131074        0.256520

     H    9       -0.000000        0.000000        0.000000
     H    9        0.000000        0.000000        0.000000
     H    9        0.000000        0.000000        0.000000

     C   10       -0.017461       -0.003860        0.185664
     C   10       -0.003860       -0.140830        0.144965
     C   10        0.185664        0.144965        0.158291

     C   11        0.064731        0.089176        0.048202
     C   11        0.089176       -0.045729        0.004328
     C   11        0.048202        0.004328       -0.019002

     Cl  12        1.367947        1.222627       -0.624365
     Cl  12        1.222627        0.370167        0.570870
     Cl  12       -0.624365        0.570870       -1.738114

     H   13       -0.000000        0.000000        0.000000
     H   13        0.000000        0.000000        0.000000
     H   13        0.000000        0.000000        0.000000

     C   14       -0.042836        0.074294        0.141038
     C   14        0.074294       -0.207342       -0.047295
     C   14        0.141038       -0.047295        0.250178

     H   15       -0.000000        0.000000        0.000000
     H   15        0.000000        0.000000        0.000000
     H   15        0.000000        0.000000        0.000000

     C   16       -0.067290        0.148635       -0.087756
     C   16        0.148635        0.092157       -0.047269
     C   16       -0.087756       -0.047269       -0.024867

     C   17        0.023292        0.065505       -0.103906
     C   17        0.065505        0.089249       -0.198906
     C   17       -0.103906       -0.198906       -0.112541

     Cl  18        0.594982        0.015616       -1.127308
     Cl  18        0.015616        1.045899       -1.487460
     Cl  18       -1.127308       -1.487460       -1.640881

     H   19       -0.000000        0.000000        0.000000
     H   19        0.000000        0.000000        0.000000
     H   19        0.000000        0.000000        0.000000

     C   20       -0.149832       -0.033478        0.012731
     C   20       -0.033478       -0.048470        0.216660
     C   20        0.012731        0.216660        0.198303

     H   21       -0.000000        0.000000        0.000000
     H   21        0.000000        0.000000        0.000000
     H   21        0.000000        0.000000        0.000000

     C   22       -0.123704        0.032309        0.010294
     C   22        0.032309       -0.046543        0.104657
     C   22        0.010294        0.104657        0.170247

     C   23       -0.074918        0.049720        0.077019
     C   23        0.049720       -0.165314        0.113741
     C   23        0.077019        0.113741        0.240231

     Cl  24       -0.271252        1.722186       -0.437262
     Cl  24        1.722186        0.065937        2.050752
     Cl  24       -0.437262        2.050752        0.205314

     ----- total EFG -----
     Cl   1        0.819414       -0.526674       -0.011474
     Cl   1       -0.526674        0.258120        0.480847
     Cl   1       -0.011474        0.480847       -1.077535

     C    2       -0.509236       -0.164049       -0.183264
     C    2       -0.164049       -0.175797        0.270654
     C    2       -0.183264        0.270654        0.685033

     C    3        0.155768        0.416756        0.251919
     C    3        0.416756       -0.595629        0.111930
     C    3        0.251919        0.111930        0.439861

     H    4        0.019284        0.115354        0.106157
     H    4        0.115354       -0.086160        0.066667
     H    4        0.106157        0.066667        0.066876

     C    5       -0.182876        0.423709       -0.395198
     C    5        0.423709        0.282975       -0.035457
     C    5       -0.395198       -0.035457       -0.100099

     H    6       -0.128042        0.032972        0.243625
     H    6        0.032972        0.386171        0.356093
     H    6        0.243625        0.356093       -0.258129

     H    7       -0.116095       -0.108155       -0.254819
     H    7       -0.108155        0.153947       -0.658678
     H    7       -0.254819       -0.658678       -0.037852

     C    8       -0.426826        0.352414        0.070151
     C    8        0.352414       -0.003070        0.195032
     C    8        0.070151        0.195032        0.429895

     H    9        0.288667        0.037117        0.312532
     H    9        0.037117       -0.077886       -0.105100
     H    9        0.312532       -0.105100       -0.210781

     C   10        0.068190       -0.162441        0.568698
     C   10       -0.162441       -0.364518        0.405240
     C   10        0.568698        0.405240        0.296328

     C   11       -0.034097        0.327820        0.119541
     C   11        0.327820        0.037921        0.108148
     C   11        0.119541        0.108148       -0.003824

     Cl  12        1.491753        1.292179       -0.648568
     Cl  12        1.292179        0.412404        0.662840
     Cl  12       -0.648568        0.662840       -1.904157

     H   13       -0.055774       -0.004728       -0.168740
     H   13       -0.004728        0.503833        0.313332
     H   13       -0.168740        0.313332       -0.448059

     C   14        0.179772        0.273664        0.275972
     C   14        0.273664       -0.696615       -0.068220
     C   14        0.275972       -0.068220        0.516843

     H   15        0.070449       -0.068986        0.305938
     H   15       -0.068986       -0.173416        0.069325
     H   15        0.305938        0.069325        0.102967

     C   16       -0.200566        0.236395       -0.360804
     C   16        0.236395        0.166335        0.060272
     C   16       -0.360804        0.060272        0.034232

     C   17        0.206240        0.149667       -0.094382
     C   17        0.149667        0.031102       -0.416179
     C   17       -0.094382       -0.416179       -0.237342

     Cl  18        0.648701       -0.002992       -1.219700
     Cl  18       -0.002992        1.141712       -1.605658
     Cl  18       -1.219700       -1.605658       -1.790413

     H   19       -0.095575        0.104755        0.190904
     H   19        0.104755        0.541237       -0.329186
     H   19        0.190904       -0.329186       -0.445662

     C   20       -0.319730       -0.093864        0.273902
     C   20       -0.093864       -0.126738        0.427553
     C   20        0.273902        0.427553        0.446468

     H   21        0.514350       -0.230339        0.304300
     H   21       -0.230339        0.015489       -0.322911
     H   21        0.304300       -0.322911       -0.529839

     C   22       -0.267108        0.236128        0.103141
     C   22        0.236128        0.069272        0.002554
     C   22        0.103141        0.002554        0.197835

     C   23       -0.065456       -0.044424        0.246195
     C   23       -0.044424       -0.492408        0.088454
     C   23        0.246195        0.088454        0.557864

     Cl  24       -0.237596        1.956464       -0.510861
     Cl  24        1.956464        0.068897        2.176862
     Cl  24       -0.510861        2.176862        0.168699

     ----- total EFG (symmetrized) -----
     Cl   1        0.819414       -0.526674       -0.011474
     Cl   1       -0.526674        0.258120        0.480847
     Cl   1       -0.011474        0.480847       -1.077535

     C    2       -0.509236       -0.164049       -0.183264
     C    2       -0.164049       -0.175797        0.270654
     C    2       -0.183264        0.270654        0.685033

     C    3        0.155768        0.416756        0.251919
     C    3        0.416756       -0.595629        0.111930
     C    3        0.251919        0.111930        0.439861

     H    4        0.019284        0.115354        0.106157
     H    4        0.115354       -0.086160        0.066667
     H    4        0.106157        0.066667        0.066876

     C    5       -0.182876        0.423709       -0.395198
     C    5        0.423709        0.282975       -0.035457
     C    5       -0.395198       -0.035457       -0.100099

     H    6       -0.128042        0.032972        0.243625
     H    6        0.032972        0.386171        0.356093
     H    6        0.243625        0.356093       -0.258129

     H    7       -0.116095       -0.108155       -0.254819
     H    7       -0.108155        0.153947       -0.658678
     H    7       -0.254819       -0.658678       -0.037852

     C    8       -0.426826        0.352414        0.070151
     C    8        0.352414       -0.003070        0.195032
     C    8        0.070151        0.195032        0.429895

     H    9        0.288667        0.037117        0.312532
     H    9        0.037117       -0.077886       -0.105100
     H    9        0.312532       -0.105100       -0.210781

     C   10        0.068190       -0.162441        0.568698
     C   10       -0.162441       -0.364518        0.405240
     C   10        0.568698        0.405240        0.296328

     C   11       -0.034097        0.327820        0.119541
     C   11        0.327820        0.037921        0.108148
     C   11        0.119541        0.108148       -0.003824

     Cl  12        1.491753        1.292179       -0.648568
     Cl  12        1.292179        0.412404        0.662840
     Cl  12       -0.648568        0.662840       -1.904157

     H   13       -0.055774       -0.004728       -0.168740
     H   13       -0.004728        0.503833        0.313332
     H   13       -0.168740        0.313332       -0.448059

     C   14        0.179772        0.273664        0.275972
     C   14        0.273664       -0.696615       -0.068220
     C   14        0.275972       -0.068220        0.516843

     H   15        0.070449       -0.068986        0.305938
     H   15       -0.068986       -0.173416        0.069325
     H   15        0.305938        0.069325        0.102967

     C   16       -0.200566        0.236395       -0.360804
     C   16        0.236395        0.166335        0.060272
     C   16       -0.360804        0.060272        0.034232

     C   17        0.206240        0.149667       -0.094382
     C   17        0.149667        0.031102       -0.416179
     C   17       -0.094382       -0.416179       -0.237342

     Cl  18        0.648701       -0.002992       -1.219700
     Cl  18       -0.002992        1.141712       -1.605658
     Cl  18       -1.219700       -1.605658       -1.790413

     H   19       -0.095575        0.104755        0.190904
     H   19        0.104755        0.541237       -0.329186
     H   19        0.190904       -0.329186       -0.445662

     C   20       -0.319730       -0.093864        0.273902
     C   20       -0.093864       -0.126738        0.427553
     C   20        0.273902        0.427553        0.446468

     H   21        0.514350       -0.230339        0.304300
     H   21       -0.230339        0.015489       -0.322911
     H   21        0.304300       -0.322911       -0.529839

     C   22       -0.267108        0.236128        0.103141
     C   22        0.236128        0.069272        0.002554
     C   22        0.103141        0.002554        0.197835

     C   23       -0.065456       -0.044424        0.246195
     C   23       -0.044424       -0.492408        0.088454
     C   23        0.246195        0.088454        0.557864

     Cl  24       -0.237596        1.956464       -0.510861
     Cl  24        1.956464        0.068897        2.176862
     Cl  24       -0.510861        2.176862        0.168699


     NQR/NMR SPECTROSCOPIC PARAMETERS:
     Cl   1    Vxx=    0.0776    axis=(  0.552561  0.771401  0.315622)
     Cl   1    Vyy=    1.1669    axis=(  0.829753 -0.544864 -0.120971)
     Cl   1    Vzz=   -1.2445    axis=( -0.078653 -0.328732  0.941142)
     Cl   1  Q=        -8.1650 1e-30 m^2  Cq=        23.8757 MHz  eta= 0.87530

     C    2    Vxx=   -0.2201    axis=( -0.299952  0.895601 -0.328523)
     C    2    Vyy=   -0.5807    axis=(  0.939034  0.337870  0.063715)
     C    2    Vzz=    0.8008    axis=( -0.168061  0.289383  0.942345)
     C    2  Q=         1.0000 1e-30 m^2  Cq=         1.8816 MHz  eta= 0.45023

     C    3    Vxx=    0.1105    axis=(  0.700633  0.311793 -0.641794)
     C    3    Vyy=    0.6706    axis=(  0.586413  0.260804  0.766877)
     C    3    Vzz=   -0.7810    axis=( -0.406489  0.913656  0.000112)
     C    3  Q=         1.0000 1e-30 m^2  Cq=        -1.8351 MHz  eta= 0.71712

     H    4    Vxx=   -0.0459    axis=( -0.558221 -0.368595  0.743322)
     H    4    Vyy=   -0.1603    axis=( -0.543741  0.839217  0.007808)
     H    4    Vzz=    0.2062    axis=( -0.626686 -0.399816 -0.668889)
     H    4  Q=         1.0000 1e-30 m^2  Cq=         0.4844 MHz  eta= 0.55473

     C    5    Vxx=    0.0224    axis=(  0.289033 -0.574314 -0.765914)
     C    5    Vyy=    0.6199    axis=(  0.565703  0.747895 -0.347323)
     C    5    Vzz=   -0.6424    axis=(  0.772295 -0.332892  0.541058)
     C    5  Q=         1.0000 1e-30 m^2  Cq=        -1.5093 MHz  eta= 0.93010

     H    6    Vxx=   -0.0400    axis=(  0.858004 -0.366793  0.359572)
     H    6    Vyy=   -0.5296    axis=(  0.475796  0.303818 -0.825417)
     H    6    Vzz=    0.5697    axis=(  0.193513  0.879294  0.435195)
     H    6  Q=         1.0000 1e-30 m^2  Cq=         1.3385 MHz  eta= 0.85943

     H    7    Vxx=   -0.0098    axis=(  0.909968 -0.342045 -0.234444)
     H    7    Vyy=   -0.7229    axis=(  0.400930  0.581313  0.708047)
     H    7    Vzz=    0.7327    axis=( -0.105899 -0.738295  0.666113)
     H    7  Q=         1.0000 1e-30 m^2  Cq=         1.7216 MHz  eta= 0.97328

     C    8    Vxx=    0.0782    axis=(  0.447712  0.741141 -0.500264)
     C    8    Vyy=    0.5492    axis=(  0.224154  0.448579  0.865177)
     C    8    Vzz=   -0.6274    axis=( -0.865626  0.499487 -0.034704)
     C    8  Q=         1.0000 1e-30 m^2  Cq=        -1.4741 MHz  eta= 0.75079

     H    9    Vxx=   -0.0400    axis=(  0.162862  0.945045 -0.283487)
     H    9    Vyy=   -0.3993    axis=( -0.405519  0.326048  0.853960)
     H    9    Vzz=    0.4393    axis=(  0.899461 -0.024118  0.436334)
     H    9  Q=         1.0000 1e-30 m^2  Cq=         1.0321 MHz  eta= 0.81805

     C   10    Vxx=   -0.0266    axis=(  0.661549 -0.684710 -0.305817)
     C   10    Vyy=   -0.7780    axis=(  0.485244  0.701784 -0.521573)
     C   10    Vzz=    0.8046    axis=(  0.571744  0.196650  0.796516)
     C   10  Q=         1.0000 1e-30 m^2  Cq=         1.8905 MHz  eta= 0.93394

     C   11    Vxx=   -0.0672    axis=( -0.203873 -0.317171  0.926196)
     C   11    Vyy=   -0.3289    axis=( -0.752866  0.655545  0.058768)
     C   11    Vzz=    0.3960    axis=( -0.625802 -0.685320 -0.372435)
     C   11  Q=         1.0000 1e-30 m^2  Cq=         0.9305 MHz  eta= 0.66079

     Cl  12    Vxx=   -0.0123    axis=( -0.473646  0.767828  0.431393)
     Cl  12    Vyy=   -2.3476    axis=(  0.267152 -0.341485  0.901120)
     Cl  12    Vzz=    2.3599    axis=( -0.839219 -0.542060  0.043384)
     Cl  12  Q=        -8.1650 1e-30 m^2  Cq=       -45.2737 MHz  eta= 0.98959

     H   13    Vxx=   -0.0119    axis=(  0.953899  0.162174 -0.252540)
     H   13    Vyy=   -0.5902    axis=( -0.288409  0.262475 -0.920830)
     H   13    Vzz=    0.6021    axis=( -0.083049  0.951213  0.297147)
     H   13  Q=         1.0000 1e-30 m^2  Cq=         1.4148 MHz  eta= 0.96046

     C   14    Vxx=    0.1150    axis=( -0.806645 -0.314063  0.500688)
     C   14    Vyy=    0.6761    axis=(  0.509778  0.058976  0.858282)
     C   14    Vzz=   -0.7911    axis=(  0.299083 -0.947569 -0.112530)
     C   14  Q=         1.0000 1e-30 m^2  Cq=        -1.8588 MHz  eta= 0.70920

     H   15    Vxx=   -0.0961    axis=(  0.453334 -0.784243 -0.423616)
     H   15    Vyy=   -0.2970    axis=(  0.567323  0.620432 -0.541487)
     H   15    Vzz=    0.3931    axis=(  0.687483  0.005147  0.726182)
     H   15  Q=         1.0000 1e-30 m^2  Cq=         0.9236 MHz  eta= 0.51110

     C   16    Vxx=    0.1779    axis=( -0.123433  0.765747  0.631187)
     C   16    Vyy=    0.3588    axis=( -0.602668 -0.563163  0.565366)
     C   16    Vzz=   -0.5367    axis=( -0.788388  0.310611 -0.531004)
     C   16  Q=         1.0000 1e-30 m^2  Cq=        -1.2611 MHz  eta= 0.33704

     C   17    Vxx=    0.0826    axis=( -0.818471  0.455149 -0.350635)
     C   17    Vyy=    0.4580    axis=( -0.574308 -0.665743  0.476399)
     C   17    Vzz=   -0.5406    axis=( -0.016600  0.591291  0.806287)
     C   17  Q=         1.0000 1e-30 m^2  Cq=        -1.2702 MHz  eta= 0.69450

     Cl  18    Vxx=    0.7991    axis=(  0.866536 -0.487796 -0.105686)
     Cl  18    Vyy=    2.0605    axis=(  0.393286  0.797696 -0.457173)
     Cl  18    Vzz=   -2.8596    axis=(  0.307313  0.354592  0.883076)
     Cl  18  Q=        -8.1650 1e-30 m^2  Cq=        54.8602 MHz  eta= 0.44108

     H   19    Vxx=   -0.0133    axis=(  0.926447  0.046715  0.373516)
     H   19    Vyy=   -0.6305    axis=(  0.370962 -0.281756 -0.884873)
     H   19    Vzz=    0.6438    axis=(  0.063904  0.958348 -0.278362)
     H   19  Q=         1.0000 1e-30 m^2  Cq=         1.5128 MHz  eta= 0.95861

     C   20    Vxx=   -0.1491    axis=(  0.687320 -0.701701  0.187637)
     C   20    Vyy=   -0.5648    axis=(  0.699650  0.570175 -0.430571)
     C   20    Vzz=    0.7139    axis=(  0.195146  0.427220  0.882837)
     C   20  Q=         1.0000 1e-30 m^2  Cq=         1.6774 MHz  eta= 0.58223

     H   21    Vxx=   -0.0270    axis=(  0.491296  0.837187 -0.240304)
     H   21    Vyy=   -0.7091    axis=( -0.161200  0.358529  0.919495)
     H   21    Vzz=    0.7361    axis=(  0.855945 -0.413008  0.311098)
     H   21  Q=         1.0000 1e-30 m^2  Cq=         1.7295 MHz  eta= 0.92665

     C   22    Vxx=    0.1513    axis=( -0.262754 -0.737363  0.622299)
     C   22    Vyy=    0.2513    axis=( -0.385592 -0.510973 -0.768261)
     C   22    Vzz=   -0.4026    axis=(  0.884465 -0.441818 -0.150061)
     C   22  Q=         1.0000 1e-30 m^2  Cq=        -0.9459 MHz  eta= 0.24851

     C   23    Vxx=   -0.1370    axis=(  0.932393 -0.192669 -0.305815)
     C   23    Vyy=   -0.5105    axis=( -0.163432 -0.979382  0.118743)
     C   23    Vzz=    0.6476    axis=(  0.322388  0.060736  0.944657)
     C   23  Q=         1.0000 1e-30 m^2  Cq=         1.5215 MHz  eta= 0.57680

     Cl  24    Vxx=    0.4489    axis=(  0.748516  0.091125 -0.656826)
     Cl  24    Vyy=    2.7287    axis=( -0.392128 -0.737947 -0.549246)
     Cl  24    Vzz=   -3.1776    axis=(  0.534752 -0.668679  0.516632)
     Cl  24  Q=        -8.1650 1e-30 m^2  Cq=        60.9606 MHz  eta= 0.71748

     Initialization:
     gipaw_setup  :      9.35s CPU     11.23s WALL (       1 calls)

     Linear response

     Apply operators

     Induced current

     Other routines
     efg          :      9.52s CPU     11.54s WALL (       1 calls)

     General routines
     calbec       :      3.14s CPU      3.95s WALL (      16 calls)
     fft          :      1.81s CPU      2.87s WALL (      15 calls)
     ffts         :      0.02s CPU      0.04s WALL (       2 calls)
     fftw         :      3.48s CPU      4.13s WALL (     672 calls)
     davcio       :      0.04s CPU      0.32s WALL (      32 calls)

     Parallel routines
     fft_scatter  :      2.43s CPU      3.92s WALL (     689 calls)

     Plugins

     GIPAW        :     62.14s CPU     74.42s WALL (       1 calls)
