
     Program QE v.6.0 (svn rev. 13079) starts on 23Dec2016 at  2:11:25 

     This program is part of the open-source Quantum ESPRESSO suite
     for quantum simulation of materials; please cite
         "P. Giannozzi et al., J. Phys.:Condens. Matter 21 395502 (2009);
          URL http://www.quantum-espresso.org", 
     in publications or presentations arising from this work. More details at
     http://www.quantum-espresso.org/quote

     Parallel version (MPI), running on     8 processors
     R & G space division:  proc/nbgrp/npool/nimage =       8

     ***** This is GIPAW svn revision unknown      *****

     Parallelizing q-star over 1 images

     Reading data from directory:
     /users/majewski/paradichlorobenzene/pbe/9_constraint/scratch/pbe.ecut100.np8.dt60.pcl2phi-129368.save
     Message from routine read_xml_file:
     file /users/majewski/paradichlorobenzene/pbe/9_constraint/scratch/pbe.ecut100.np8.dt60.pcl2phi-129368.save not guaranteed to be safe for post-processing

   Info: using nr1, nr2, nr3 values from input

   Info: using nr1, nr2, nr3 values from input

     IMPORTANT: XC functional enforced from input :
     Exchange-correlation      =  SLA  PW   PBX  PBC ( 1  4  3  4 0 0)
     Any further DFT definition will be discarded
     Please, verify this is what you really want

               file C.pbe-n-kjpaw_psl.1.0.0.UPF: wavefunction(s)  2S 2P renormalized
               file Cl.pbe-n-kjpaw_psl.1.0.0.UPF: wavefunction(s)  3S 3P renormalized
               file H.pbe-kjpaw_psl.1.0.0.UPF: wavefunction(s)  1S renormalized

     Parallelization info
     --------------------
     sticks:   dense  smooth     PW     G-vecs:    dense   smooth      PW
     Min        3057    1223    332               144436    36536    5170
     Max        3059    1225    333               144437    36537    5171
     Sum       24467    9791   2657              1155489   292295   41363


     Subspace diagonalization in iterative solution of the eigenvalue problem:
     a serial algorithm will be used

     GIPAW projectors -----------------------------------------------
     atom=  C    l=0  rc=    1.2000  rs=    0.8000
     atom=  C    l=0  rc=    1.2000  rs=    0.8000
     atom=  C    l=1  rc=    1.4000  rs=    0.9333
     atom=  C    l=1  rc=    1.4000  rs=    0.9333
     projs nearly linearly dependent: l=1  n1,n2= 1, 2  s=  0.99951561

     atom=  Cl   l=0  rc=    1.6000  rs=    1.0667
     atom=  Cl   l=0  rc=    1.6000  rs=    1.0667
     atom=  Cl   l=1  rc=    1.6000  rs=    1.0667
     atom=  Cl   l=1  rc=    1.6000  rs=    1.0667
     atom=  Cl   l=2  rc=    1.6000  rs=    1.0667
     atom=  Cl   l=2  rc=    1.6000  rs=    1.0667
     projs nearly linearly dependent: l=2  n1,n2= 1, 2  s=  0.99993509

     atom=  H    l=0  rc=    1.0000  rs=    0.6667
     atom=  H    l=0  rc=    1.0000  rs=    0.6667
     projs nearly linearly dependent: l=0  n1,n2= 1, 2  s=  0.99968852
     -----------------------------------------------------------------

     GIPAW integrals: -------------------------------------------
     Atom  i/j   nmr_para   nmr_dia   epr_rmc  epr_para   epr_dia
       C   1 1   0.83E+03  0.17E-01  0.93E+01  0.24E+08  0.24E+03
       C   2 1   0.86E+03 -0.61E-01  0.94E+01  0.25E+08  0.25E+03
       C   2 2   0.90E+03 -0.15E+00  0.97E+01  0.26E+08  0.26E+03
       C   3 3   0.33E+01  0.34E+00  0.18E+01  0.55E+03  0.21E+02
       C   4 3   0.35E+01  0.37E+00  0.20E+01  0.59E+03  0.22E+02
       C   4 4   0.38E+01  0.39E+00  0.22E+01  0.63E+03  0.24E+02
       Cl  1 1   0.14E+04 -0.47E+00  0.84E+01  0.32E+09  0.42E+03
       Cl  2 1   0.21E+04 -0.37E+00  0.12E+02  0.49E+09  0.65E+03
       Cl  2 2   0.33E+04 -0.16E+00  0.21E+02  0.76E+09  0.10E+04
       Cl  3 3   0.21E+02  0.79E-01  0.89E+01  0.23E+05  0.13E+03
       Cl  4 3   0.24E+02  0.67E-01  0.99E+01  0.27E+05  0.15E+03
       Cl  4 4   0.28E+02  0.44E-01  0.11E+02  0.32E+05  0.18E+03
       Cl  5 5   0.77E+00  0.19E+00  0.18E+01  0.12E+03  0.22E+02
       Cl  6 5   0.80E+00  0.19E+00  0.19E+01  0.12E+03  0.23E+02
       Cl  6 6   0.83E+00  0.20E+00  0.19E+01  0.12E+03  0.23E+02
       H   1 1   0.39E+02  0.19E+00  0.29E+00  0.78E+05  0.13E+02
       H   2 1   0.41E+02  0.21E+00  0.32E+00  0.82E+05  0.14E+02
       H   2 2   0.43E+02  0.22E+00  0.36E+00  0.86E+05  0.15E+02
     ------------------------------------------------------------

     alpha_pv=     34.1168 eV

     Number of occupied bands for each k-point:
     k-point:     1    nbnd_occ=  42
     k-point:     2    nbnd_occ=  42
     k-point:     3    nbnd_occ=  42
     k-point:     4    nbnd_occ=  42
     k-point:     5    nbnd_occ=  42
     k-point:     6    nbnd_occ=  42
     k-point:     7    nbnd_occ=  42
     k-point:     8    nbnd_occ=  42
     k-point:     9    nbnd_occ=  42
     k-point:    10    nbnd_occ=  42
     k-point:    11    nbnd_occ=  42
     k-point:    12    nbnd_occ=  42
     k-point:    13    nbnd_occ=  42
     k-point:    14    nbnd_occ=  42
     k-point:    15    nbnd_occ=  42
     k-point:    16    nbnd_occ=  42


     q-space interpolation up to   110.00 Rydberg

     GIPAW job: efg                                                                             


     ELECTRIC FIELD GRADIENTS TENSORS IN Hartree/bohrradius^2:

     ----- bare term -----
     Cl   1       -0.019277        0.067394        0.052510
     Cl   1        0.067394        0.005494        0.101799
     Cl   1        0.052510        0.101799        0.013783

     C    2       -0.175455        0.087818       -0.219033
     C    2        0.087818       -0.020755       -0.566356
     C    2       -0.219033       -0.566356        0.196210

     C    3       -0.010291        0.161673        0.157733
     C    3        0.161673       -0.128095       -0.023115
     C    3        0.157733       -0.023115        0.138385

     H    4       -0.257763       -0.436704        0.135306
     H    4       -0.436704        0.031611        0.195652
     H    4        0.135306        0.195652        0.226152

     C    5       -0.319956       -0.081132       -0.226431
     C    5       -0.081132       -0.041210       -0.209290
     C    5       -0.226431       -0.209290        0.361166

     H    6        0.414315       -0.033813       -0.087081
     H    6       -0.033813       -0.622113        0.239193
     H    6       -0.087081        0.239193        0.207798

     H    7        0.404140        0.039715       -0.076993
     H    7        0.039715       -0.474604        0.566062
     H    7       -0.076993        0.566062        0.070463

     C    8       -0.746408       -0.314563       -0.414848
     C    8       -0.314563        0.226183        0.112018
     C    8       -0.414848        0.112018        0.520225

     H    9        0.015182        0.139005       -0.386199
     H    9        0.139005        0.338922       -0.174396
     H    9       -0.386199       -0.174396       -0.354104

     C   10        0.023899       -0.467710       -0.107503
     C   10       -0.467710       -0.244020        0.581335
     C   10       -0.107503        0.581335        0.220121

     C   11       -0.629685       -0.224867       -0.367880
     C   11       -0.224867        0.147188        0.136893
     C   11       -0.367880        0.136893        0.482497

     Cl  12       -0.028023       -0.020220       -0.051115
     Cl  12       -0.020220        0.122085        0.063655
     Cl  12       -0.051115        0.063655       -0.094062

     H   13        0.418148        0.025857       -0.104159
     H   13        0.025857       -0.626021       -0.234570
     H   13       -0.104159       -0.234570        0.207874

     C   14       -0.414030        0.181276       -0.411487
     C   14        0.181276        0.027186       -0.364133
     C   14       -0.411487       -0.364133        0.386844

     H   15       -0.243612       -0.493863       -0.034292
     H   15       -0.493863       -0.048295        0.188082
     H   15       -0.034292        0.188082        0.291908

     C   16       -0.261397        0.329177       -0.148390
     C   16        0.329177       -0.293812       -0.542702
     C   16       -0.148390       -0.542702        0.555209

     C   17       -0.161169        0.143755       -0.295585
     C   17        0.143755       -0.187927       -0.496489
     C   17       -0.295585       -0.496489        0.349096

     Cl  18        0.031670        0.141691       -0.060647
     Cl  18        0.141691        0.074487       -0.050982
     Cl  18       -0.060647       -0.050982       -0.106157

     H   19        0.231464       -0.251627        0.105092
     H   19       -0.251627       -0.443949        0.497040
     H   19        0.105092        0.497040        0.212485

     C   20       -0.195537       -0.085810       -0.332974
     C   20       -0.085810       -0.238095        0.357220
     C   20       -0.332974        0.357220        0.433632

     H   21        0.061417        0.184385       -0.403069
     H   21        0.184385        0.205501        0.506387
     H   21       -0.403069        0.506387       -0.266918

     C   22       -0.678142       -0.320099       -0.343723
     C   22       -0.320099        0.113639        0.033194
     C   22       -0.343723        0.033194        0.564503

     C   23       -0.025419       -0.130213       -0.172451
     C   23       -0.130213       -0.549224        0.340350
     C   23       -0.172451        0.340350        0.574644

     Cl  24       -0.116162       -0.038213       -0.058884
     Cl  24       -0.038213       -0.084667        0.051969
     Cl  24       -0.058884        0.051969        0.200829

     ----- ionic term -----
     Cl   1        0.180537       -0.195111       -0.010559
     Cl   1       -0.195111       -0.017035        0.015648
     Cl   1       -0.010559        0.015648       -0.163502

     C    2        0.310108       -0.076621        0.123084
     C    2       -0.076621        0.225156        0.368026
     C    2        0.123084        0.368026       -0.535265

     C    3        0.244759       -0.197434        0.067568
     C    3       -0.197434        0.266457        0.358010
     C    3        0.067568        0.358010       -0.511216

     H    4        0.759131        0.436829        0.475637
     H    4        0.436829       -0.324878        0.234093
     H    4        0.475637        0.234093       -0.434253

     C    5        0.407422       -0.074825        0.094284
     C    5       -0.074825        0.144432        0.270503
     C    5        0.094284        0.270503       -0.551854

     H    6       -0.534662        0.004541       -0.020367
     H    6        0.004541        0.948925        0.481089
     H    6       -0.020367        0.481089       -0.414263

     H    7       -0.525836       -0.073381        0.074737
     H    7       -0.073381        0.527052       -0.748342
     H    7        0.074737       -0.748342       -0.001216

     C    8        0.161476        0.268824        0.316081
     C    8        0.268824        0.075286       -0.250718
     C    8        0.316081       -0.250718       -0.236762

     H    9        0.248468       -0.148171        0.777187
     H    9       -0.148171       -0.473416       -0.217782
     H    9        0.777187       -0.217782        0.224948

     C   10        0.032524        0.341985        0.235050
     C   10        0.341985        0.142306       -0.347129
     C   10        0.235050       -0.347129       -0.174830

     C   11        0.219745        0.222029        0.329657
     C   11        0.222029        0.027515       -0.361013
     C   11        0.329657       -0.361013       -0.247260

     Cl  12        0.150724        0.234637        0.046216
     Cl  12        0.234637        0.012905        0.025785
     Cl  12        0.046216        0.025785       -0.163629

     H   13       -0.517004        0.101144        0.029674
     H   13        0.101144        0.904742        0.511593
     H   13        0.029674        0.511593       -0.387738

     C   14        0.415466       -0.042609        0.111491
     C   14       -0.042609        0.103675        0.288148
     C   14        0.111491        0.288148       -0.519140

     H   15        0.625436        0.585071        0.377886
     H   15        0.585071       -0.167517        0.248227
     H   15        0.377886        0.248227       -0.457919

     C   16        0.229810       -0.123935        0.039631
     C   16       -0.123935        0.264905        0.357923
     C   16        0.039631        0.357923       -0.494714

     C   17        0.353075        0.010065        0.117544
     C   17        0.010065        0.165487        0.342800
     C   17        0.117544        0.342800       -0.518563

     Cl  18        0.183152       -0.167177       -0.015646
     Cl  18       -0.167177       -0.057614        0.005302
     Cl  18       -0.015646        0.005302       -0.125538

     H   19       -0.481909        0.086038       -0.008065
     H   19        0.086038        0.745411       -0.630946
     H   19       -0.008065       -0.630946       -0.263502

     C   20        0.342117        0.228581        0.335259
     C   20        0.228581        0.015028       -0.254762
     C   20        0.335259       -0.254762       -0.357145

     H   21        0.448517       -0.390512        0.698245
     H   21       -0.390512       -0.375184       -0.314911
     H   21        0.698245       -0.314911       -0.073333

     C   22        0.161330        0.212621        0.236127
     C   22        0.212621        0.171972       -0.321350
     C   22        0.236127       -0.321350       -0.333301

     C   23        0.088578        0.228495        0.279504
     C   23        0.228495        0.174030       -0.308253
     C   23        0.279504       -0.308253       -0.262608

     Cl  24        0.100755        0.206197        0.017850
     Cl  24        0.206197        0.043508        0.012033
     Cl  24        0.017850        0.012033       -0.144263

     ----- GIPAW term -----
     Cl   1       -0.221085       -0.057709       -1.177262
     Cl   1       -0.057709        0.028319       -1.693168
     Cl   1       -1.177262       -1.693168        0.192766

     C    2       -0.053400        0.016345       -0.107106
     C    2        0.016345        0.016027       -0.206517
     C    2       -0.107106       -0.206517        0.037374

     C    3       -0.007549       -0.000880        0.023456
     C    3       -0.000880        0.002464       -0.006251
     C    3        0.023456       -0.006251        0.005085

     H    4       -0.000000        0.000000        0.000000
     H    4        0.000000        0.000000        0.000000
     H    4        0.000000        0.000000        0.000000

     C    5       -0.096870       -0.023331        0.001037
     C    5       -0.023331       -0.028278       -0.120409
     C    5        0.001037       -0.120409        0.125148

     H    6       -0.000000        0.000000        0.000000
     H    6        0.000000        0.000000        0.000000
     H    6        0.000000        0.000000        0.000000

     H    7       -0.000000        0.000000        0.000000
     H    7        0.000000        0.000000        0.000000
     H    7        0.000000        0.000000        0.000000

     C    8       -0.191793       -0.070799       -0.037812
     C    8       -0.070799        0.093486       -0.110190
     C    8       -0.037812       -0.110190        0.098307

     H    9       -0.000000        0.000000        0.000000
     H    9        0.000000        0.000000        0.000000
     H    9        0.000000        0.000000        0.000000

     C   10       -0.022554       -0.182981       -0.006762
     C   10       -0.182981        0.100932        0.076910
     C   10       -0.006762        0.076910       -0.078378

     C   11       -0.141672        0.073276       -0.063497
     C   11        0.073276        0.080990       -0.146757
     C   11       -0.063497       -0.146757        0.060681

     Cl  12        0.895283        1.784694       -0.346728
     Cl  12        1.784694        1.257885        0.603721
     Cl  12       -0.346728        0.603721       -2.153169

     H   13       -0.000000        0.000000        0.000000
     H   13        0.000000        0.000000        0.000000
     H   13        0.000000        0.000000        0.000000

     C   14       -0.019172        0.043580       -0.047777
     C   14        0.043580       -0.019997       -0.060691
     C   14       -0.047777       -0.060691        0.039168

     H   15       -0.000000        0.000000        0.000000
     H   15        0.000000        0.000000        0.000000
     H   15        0.000000        0.000000        0.000000

     C   16       -0.131089        0.050035       -0.038549
     C   16        0.050035       -0.064370       -0.174130
     C   16       -0.038549       -0.174130        0.195458

     C   17        0.057576       -0.115122       -0.035608
     C   17       -0.115122       -0.033332       -0.086647
     C   17       -0.035608       -0.086647       -0.024244

     Cl  18        2.052236        0.239287       -0.852811
     Cl  18        0.239287        0.465200       -0.640789
     Cl  18       -0.852811       -0.640789       -2.517437

     H   19       -0.000000        0.000000        0.000000
     H   19        0.000000        0.000000        0.000000
     H   19        0.000000        0.000000        0.000000

     C   20       -0.065524        0.031380       -0.096232
     C   20        0.031380       -0.086295       -0.032230
     C   20       -0.096232       -0.032230        0.151819

     H   21       -0.000000        0.000000        0.000000
     H   21        0.000000        0.000000        0.000000
     H   21        0.000000        0.000000        0.000000

     C   22       -0.252852       -0.026690       -0.067618
     C   22       -0.026690        0.010750       -0.167176
     C   22       -0.067618       -0.167176        0.242101

     C   23       -0.080720        0.058873        0.010242
     C   23        0.058873       -0.193200       -0.032816
     C   23        0.010242       -0.032816        0.273920

     Cl  24       -0.610149        1.530781       -0.431915
     Cl  24        1.530781       -1.188159        1.127769
     Cl  24       -0.431915        1.127769        1.798308

     ----- total EFG -----
     Cl   1       -0.059825       -0.185425       -1.135311
     Cl   1       -0.185425        0.016778       -1.575721
     Cl   1       -1.135311       -1.575721        0.043047

     C    2        0.081253        0.027542       -0.203054
     C    2        0.027542        0.220428       -0.404846
     C    2       -0.203054       -0.404846       -0.301681

     C    3        0.226920       -0.036641        0.248758
     C    3       -0.036641        0.140826        0.328644
     C    3        0.248758        0.328644       -0.367746

     H    4        0.501367        0.000125        0.610943
     H    4        0.000125       -0.293267        0.429745
     H    4        0.610943        0.429745       -0.208101

     C    5       -0.009404       -0.179288       -0.131110
     C    5       -0.179288        0.074943       -0.059197
     C    5       -0.131110       -0.059197       -0.065540

     H    6       -0.120347       -0.029272       -0.107448
     H    6       -0.029272        0.326812        0.720281
     H    6       -0.107448        0.720281       -0.206465

     H    7       -0.121696       -0.033665       -0.002256
     H    7       -0.033665        0.052449       -0.182280
     H    7       -0.002256       -0.182280        0.069247

     C    8       -0.776725       -0.116538       -0.136578
     C    8       -0.116538        0.394956       -0.248890
     C    8       -0.136578       -0.248890        0.381769

     H    9        0.263650       -0.009167        0.390988
     H    9       -0.009167       -0.134494       -0.392178
     H    9        0.390988       -0.392178       -0.129156

     C   10        0.033868       -0.308706        0.120785
     C   10       -0.308706       -0.000782        0.311116
     C   10        0.120785        0.311116       -0.033087

     C   11       -0.551611        0.070438       -0.101720
     C   11        0.070438        0.255693       -0.370877
     C   11       -0.101720       -0.370877        0.295918

     Cl  12        1.017984        1.999112       -0.351626
     Cl  12        1.999112        1.392876        0.693161
     Cl  12       -0.351626        0.693161       -2.410860

     H   13       -0.098856        0.127001       -0.074484
     H   13        0.127001        0.278720        0.277023
     H   13       -0.074484        0.277023       -0.179864

     C   14       -0.017736        0.182247       -0.347773
     C   14        0.182247        0.110864       -0.136675
     C   14       -0.347773       -0.136675       -0.093128

     H   15        0.381823        0.091208        0.343595
     H   15        0.091208       -0.215812        0.436309
     H   15        0.343595        0.436309       -0.166011

     C   16       -0.162676        0.255277       -0.147308
     C   16        0.255277       -0.093277       -0.358909
     C   16       -0.147308       -0.358909        0.255953

     C   17        0.249483        0.038698       -0.213650
     C   17        0.038698       -0.055773       -0.240336
     C   17       -0.213650       -0.240336       -0.193710

     Cl  18        2.267059        0.213801       -0.929103
     Cl  18        0.213801        0.482073       -0.686470
     Cl  18       -0.929103       -0.686470       -2.749132

     H   19       -0.250446       -0.165589        0.097027
     H   19       -0.165589        0.301462       -0.133906
     H   19        0.097027       -0.133906       -0.051017

     C   20        0.081056        0.174151       -0.093947
     C   20        0.174151       -0.309362        0.070228
     C   20       -0.093947        0.070228        0.228306

     H   21        0.509934       -0.206127        0.295176
     H   21       -0.206127       -0.169683        0.191476
     H   21        0.295176        0.191476       -0.340250

     C   22       -0.769664       -0.134168       -0.175214
     C   22       -0.134168        0.296361       -0.455332
     C   22       -0.175214       -0.455332        0.473303

     C   23       -0.017562        0.157155        0.117295
     C   23        0.157155       -0.568394       -0.000720
     C   23        0.117295       -0.000720        0.585956

     Cl  24       -0.625556        1.698765       -0.472949
     Cl  24        1.698765       -1.229318        1.191771
     Cl  24       -0.472949        1.191771        1.854874

     ----- total EFG (symmetrized) -----
     Cl   1       -0.059825       -0.185425       -1.135311
     Cl   1       -0.185425        0.016778       -1.575721
     Cl   1       -1.135311       -1.575721        0.043047

     C    2        0.081253        0.027542       -0.203054
     C    2        0.027542        0.220428       -0.404846
     C    2       -0.203054       -0.404846       -0.301681

     C    3        0.226920       -0.036641        0.248758
     C    3       -0.036641        0.140826        0.328644
     C    3        0.248758        0.328644       -0.367746

     H    4        0.501367        0.000125        0.610943
     H    4        0.000125       -0.293267        0.429745
     H    4        0.610943        0.429745       -0.208101

     C    5       -0.009404       -0.179288       -0.131110
     C    5       -0.179288        0.074943       -0.059197
     C    5       -0.131110       -0.059197       -0.065540

     H    6       -0.120347       -0.029272       -0.107448
     H    6       -0.029272        0.326812        0.720281
     H    6       -0.107448        0.720281       -0.206465

     H    7       -0.121696       -0.033665       -0.002256
     H    7       -0.033665        0.052449       -0.182280
     H    7       -0.002256       -0.182280        0.069247

     C    8       -0.776725       -0.116538       -0.136578
     C    8       -0.116538        0.394956       -0.248890
     C    8       -0.136578       -0.248890        0.381769

     H    9        0.263650       -0.009167        0.390988
     H    9       -0.009167       -0.134494       -0.392178
     H    9        0.390988       -0.392178       -0.129156

     C   10        0.033868       -0.308706        0.120785
     C   10       -0.308706       -0.000782        0.311116
     C   10        0.120785        0.311116       -0.033087

     C   11       -0.551611        0.070438       -0.101720
     C   11        0.070438        0.255693       -0.370877
     C   11       -0.101720       -0.370877        0.295918

     Cl  12        1.017984        1.999112       -0.351626
     Cl  12        1.999112        1.392876        0.693161
     Cl  12       -0.351626        0.693161       -2.410860

     H   13       -0.098856        0.127001       -0.074484
     H   13        0.127001        0.278720        0.277023
     H   13       -0.074484        0.277023       -0.179864

     C   14       -0.017736        0.182247       -0.347773
     C   14        0.182247        0.110864       -0.136675
     C   14       -0.347773       -0.136675       -0.093128

     H   15        0.381823        0.091208        0.343595
     H   15        0.091208       -0.215812        0.436309
     H   15        0.343595        0.436309       -0.166011

     C   16       -0.162676        0.255277       -0.147308
     C   16        0.255277       -0.093277       -0.358909
     C   16       -0.147308       -0.358909        0.255953

     C   17        0.249483        0.038698       -0.213650
     C   17        0.038698       -0.055773       -0.240336
     C   17       -0.213650       -0.240336       -0.193710

     Cl  18        2.267059        0.213801       -0.929103
     Cl  18        0.213801        0.482073       -0.686470
     Cl  18       -0.929103       -0.686470       -2.749132

     H   19       -0.250446       -0.165589        0.097027
     H   19       -0.165589        0.301462       -0.133906
     H   19        0.097027       -0.133906       -0.051017

     C   20        0.081056        0.174151       -0.093947
     C   20        0.174151       -0.309362        0.070228
     C   20       -0.093947        0.070228        0.228306

     H   21        0.509934       -0.206127        0.295176
     H   21       -0.206127       -0.169683        0.191476
     H   21        0.295176        0.191476       -0.340250

     C   22       -0.769664       -0.134168       -0.175214
     C   22       -0.134168        0.296361       -0.455332
     C   22       -0.175214       -0.455332        0.473303

     C   23       -0.017562        0.157155        0.117295
     C   23        0.157155       -0.568394       -0.000720
     C   23        0.117295       -0.000720        0.585956

     Cl  24       -0.625556        1.698765       -0.472949
     Cl  24        1.698765       -1.229318        1.191771
     Cl  24       -0.472949        1.191771        1.854874


     NQR/NMR SPECTROSCOPIC PARAMETERS:
     Cl   1    Vxx=    0.1420    axis=( -0.811820  0.581823  0.049293)
     Cl   1    Vyy=    1.8768    axis=( -0.370550 -0.578588  0.726587)
     Cl   1    Vzz=   -2.0188    axis=( -0.451265 -0.571592 -0.685304)
     Cl   1  Q=        -8.1650 1e-30 m^2  Cq=        38.7298 MHz  eta= 0.85932

     C    2    Vxx=    0.0848    axis=(  0.916705 -0.393484 -0.069445)
     C    2    Vyy=    0.4807    axis=( -0.309577 -0.809322  0.499159)
     C    2    Vzz=   -0.5655    axis=( -0.252615 -0.436083 -0.863723)
     C    2  Q=         1.0000 1e-30 m^2  Cq=        -1.3286 MHz  eta= 0.70003

     C    3    Vxx=    0.2258    axis=(  0.688202 -0.717322 -0.108749)
     C    3    Vyy=    0.3732    axis=(  0.669127  0.569602  0.477307)
     C    3    Vzz=   -0.5990    axis=( -0.280439 -0.401251  0.871982)
     C    3  Q=         1.0000 1e-30 m^2  Cq=        -1.4074 MHz  eta= 0.24604

     H    4    Vxx=   -0.0639    axis=(  0.453831 -0.786049 -0.419720)
     H    4    Vyy=   -0.8313    axis=(  0.337185  0.587481 -0.735644)
     H    4    Vzz=    0.8952    axis=(  0.824829  0.192334  0.531661)
     H    4  Q=         1.0000 1e-30 m^2  Cq=         2.1033 MHz  eta= 0.85730

     C    5    Vxx=    0.0332    axis=( -0.373935 -0.487882  0.788761)
     C    5    Vyy=    0.2222    axis=(  0.656196 -0.740184 -0.146746)
     C    5    Vzz=   -0.2554    axis=(  0.655423  0.462709  0.596927)
     C    5  Q=         1.0000 1e-30 m^2  Cq=        -0.6001 MHz  eta= 0.73974

     H    6    Vxx=   -0.1194    axis=(  0.988758  0.141741 -0.047619)
     H    6    Vyy=   -0.7165    axis=( -0.119950  0.561750 -0.818565)
     H    6    Vzz=    0.8359    axis=( -0.089274  0.815075  0.572436)
     H    6  Q=         1.0000 1e-30 m^2  Cq=         1.9640 MHz  eta= 0.71439

     H    7    Vxx=   -0.0964    axis=( -0.696493  0.487341  0.526684)
     H    7    Vyy=   -0.1482    axis=( -0.715116 -0.531985 -0.453432)
     H    7    Vzz=    0.2446    axis=(  0.059212 -0.692453  0.719029)
     H    7  Q=         1.0000 1e-30 m^2  Cq=         0.5747 MHz  eta= 0.21151

     C    8    Vxx=    0.1732    axis=( -0.185277  0.688968  0.700710)
     C    8    Vyy=    0.6374    axis=( -0.008742 -0.714183  0.699904)
     C    8    Vzz=   -0.8106    axis=( -0.982647 -0.123551 -0.138345)
     C    8  Q=         1.0000 1e-30 m^2  Cq=        -1.9046 MHz  eta= 0.57276

     H    9    Vxx=    0.0352    axis=(  0.595404  0.732198 -0.330728)
     H    9    Vyy=    0.5807    axis=(  0.736304 -0.332568  0.589284)
     H    9    Vzz=   -0.6159    axis=(  0.321483 -0.594378 -0.737132)
     H    9  Q=         1.0000 1e-30 m^2  Cq=        -1.4471 MHz  eta= 0.88571

     C   10    Vxx=    0.1206    axis=( -0.689912 -0.087240 -0.718617)
     C   10    Vyy=    0.3834    axis=(  0.520660 -0.749489 -0.408875)
     C   10    Vzz=   -0.5040    axis=( -0.502926 -0.656243  0.562504)
     C   10  Q=         1.0000 1e-30 m^2  Cq=        -1.1843 MHz  eta= 0.52130

     C   11    Vxx=   -0.0949    axis=( -0.039421  0.729887  0.682430)
     C   11    Vyy=   -0.5647    axis=( -0.994156  0.040037 -0.100249)
     C   11    Vzz=    0.6596    axis=( -0.100493 -0.682394  0.724043)
     C   11  Q=         1.0000 1e-30 m^2  Cq=         1.5497 MHz  eta= 0.71232

     Cl  12    Vxx=   -0.5254    axis=( -0.708308  0.609472  0.356152)
     Cl  12    Vyy=   -2.7018    axis=(  0.234673 -0.272533  0.933089)
     Cl  12    Vzz=    3.2271    axis=( -0.665754 -0.744493 -0.050010)
     Cl  12  Q=        -8.1650 1e-30 m^2  Cq=       -61.9107 MHz  eta= 0.67440

     H   13    Vxx=   -0.0558    axis=(  0.890879  0.036717 -0.452755)
     H   13    Vyy=   -0.3671    axis=( -0.423753  0.426185 -0.799249)
     H   13    Vzz=    0.4228    axis=(  0.163612  0.903890  0.395238)
     H   13  Q=         1.0000 1e-30 m^2  Cq=         0.9935 MHz  eta= 0.73622

     C   14    Vxx=   -0.0414    axis=(  0.385893 -0.827674 -0.407483)
     C   14    Vyy=   -0.4061    axis=(  0.678036 -0.045065  0.733646)
     C   14    Vzz=    0.4475    axis=( -0.625583 -0.559396  0.543803)
     C   14  Q=         1.0000 1e-30 m^2  Cq=         1.0515 MHz  eta= 0.81501

     H   15    Vxx=    0.0113    axis=(  0.593393 -0.656507 -0.465708)
     H   15    Vyy=    0.6475    axis=( -0.784852 -0.343554 -0.515731)
     H   15    Vzz=   -0.6588    axis=(  0.178585  0.671543 -0.719123)
     H   15  Q=         1.0000 1e-30 m^2  Cq=        -1.5479 MHz  eta= 0.96584

     C   16    Vxx=   -0.1533    axis=(  0.730210  0.361417  0.579803)
     C   16    Vyy=   -0.4217    axis=( -0.592023  0.758306  0.272913)
     C   16    Vzz=    0.5750    axis=( -0.341033 -0.542540  0.767689)
     C   16  Q=         1.0000 1e-30 m^2  Cq=         1.3511 MHz  eta= 0.46685

     C   17    Vxx=    0.0316    axis=(  0.498336 -0.785989  0.365901)
     C   17    Vyy=    0.3787    axis=( -0.834967 -0.321463  0.446645)
     C   17    Vzz=   -0.4102    axis=( -0.233434 -0.528094 -0.816471)
     C   17  Q=         1.0000 1e-30 m^2  Cq=        -0.9639 MHz  eta= 0.84607

     Cl  18    Vxx=    0.5417    axis=(  0.198734 -0.969110  0.146049)
     Cl  18    Vyy=    2.4905    axis=(  0.966429  0.169021 -0.193514)
     Cl  18    Vzz=   -3.0322    axis=(  0.162851  0.179604  0.970166)
     Cl  18  Q=        -8.1650 1e-30 m^2  Cq=        58.1707 MHz  eta= 0.64271

     H   19    Vxx=   -0.0898    axis=(  0.159397  0.379389  0.911404)
     H   19    Vyy=   -0.3112    axis=( -0.947183 -0.201459  0.249516)
     H   19    Vzz=    0.4010    axis=(  0.278274 -0.903038  0.327239)
     H   19  Q=         1.0000 1e-30 m^2  Cq=         0.9422 MHz  eta= 0.55219

     C   20    Vxx=    0.1173    axis=(  0.808511  0.400881  0.430819)
     C   20    Vyy=    0.2744    axis=( -0.458457 -0.029914  0.888213)
     C   20    Vzz=   -0.3918    axis=(  0.368955 -0.915642  0.159601)
     C   20  Q=         1.0000 1e-30 m^2  Cq=        -0.9205 MHz  eta= 0.40096

     H   21    Vxx=   -0.0455    axis=( -0.014035 -0.832003 -0.554593)
     H   21    Vyy=   -0.5831    axis=( -0.312760 -0.523164  0.792768)
     H   21    Vzz=    0.6286    axis=( -0.949729  0.184581 -0.252874)
     H   21  Q=         1.0000 1e-30 m^2  Cq=         1.4769 MHz  eta= 0.85514

     C   22    Vxx=   -0.0178    axis=( -0.273905  0.752016  0.599540)
     C   22    Vyy=   -0.8325    axis=( -0.961233 -0.193489 -0.196451)
     C   22    Vzz=    0.8503    axis=( -0.031730 -0.630107  0.775860)
     C   22  Q=         1.0000 1e-30 m^2  Cq=         1.9978 MHz  eta= 0.95817

     C   23    Vxx=    0.0022    axis=( -0.946505 -0.260916  0.189871)
     C   23    Vyy=    0.6087    axis=(  0.190054  0.024775  0.981461)
     C   23    Vzz=   -0.6109    axis=( -0.260783  0.965044  0.026138)
     C   23  Q=         1.0000 1e-30 m^2  Cq=        -1.4353 MHz  eta= 0.99270

     Cl  24    Vxx=    0.6965    axis=(  0.797135  0.552677 -0.243154)
     Cl  24    Vyy=    2.2666    axis=( -0.048186 -0.343192 -0.938028)
     Cl  24    Vzz=   -2.9631    axis=( -0.601875  0.759452 -0.246939)
     Cl  24  Q=        -8.1650 1e-30 m^2  Cq=        56.8459 MHz  eta= 0.52988

     Initialization:
     gipaw_setup  :      9.24s CPU     11.00s WALL (       1 calls)

     Linear response

     Apply operators

     Induced current

     Other routines
     efg          :      9.62s CPU     12.07s WALL (       1 calls)

     General routines
     calbec       :      3.24s CPU      4.31s WALL (      16 calls)
     fft          :      1.48s CPU      1.94s WALL (      15 calls)
     ffts         :      0.03s CPU      0.04s WALL (       2 calls)
     fftw         :      3.62s CPU      4.37s WALL (     672 calls)
     davcio       :      0.04s CPU      0.33s WALL (      32 calls)

     Parallel routines
     fft_scatter  :      2.22s CPU      3.25s WALL (     689 calls)

     Plugins

     GIPAW        :     61.75s CPU     73.62s WALL (       1 calls)
