
     Program QE v.6.0 (svn rev. 13079) starts on 16Jan2017 at 20:18:37 

     This program is part of the open-source Quantum ESPRESSO suite
     for quantum simulation of materials; please cite
         "P. Giannozzi et al., J. Phys.:Condens. Matter 21 395502 (2009);
          URL http://www.quantum-espresso.org", 
     in publications or presentations arising from this work. More details at
     http://www.quantum-espresso.org/quote

     Parallel version (MPI), running on     8 processors
     R & G space division:  proc/nbgrp/npool/nimage =       8

     ***** This is GIPAW svn revision unknown      *****

     Parallelizing q-star over 1 images

     Reading data from directory:
     /users/majewski/paradichlorobenzene/pbe/9_constraint/scratch/pbe.ecut100.np8.dt60.pcl2phi-129368.save
     Message from routine read_xml_file:
     file /users/majewski/paradichlorobenzene/pbe/9_constraint/scratch/pbe.ecut100.np8.dt60.pcl2phi-129368.save not guaranteed to be safe for post-processing

   Info: using nr1, nr2, nr3 values from input

   Info: using nr1, nr2, nr3 values from input

     IMPORTANT: XC functional enforced from input :
     Exchange-correlation      =  SLA  PW   PBX  PBC ( 1  4  3  4 0 0)
     Any further DFT definition will be discarded
     Please, verify this is what you really want

               file C.pbe-n-kjpaw_psl.1.0.0.UPF: wavefunction(s)  2S 2P renormalized
               file Cl.pbe-n-kjpaw_psl.1.0.0.UPF: wavefunction(s)  3S 3P renormalized
               file H.pbe-kjpaw_psl.1.0.0.UPF: wavefunction(s)  1S renormalized

     Parallelization info
     --------------------
     sticks:   dense  smooth     PW     G-vecs:    dense   smooth      PW
     Min        3057    1223    332               144436    36536    5170
     Max        3059    1225    333               144437    36537    5171
     Sum       24467    9791   2657              1155489   292295   41363


     Subspace diagonalization in iterative solution of the eigenvalue problem:
     a serial algorithm will be used

     GIPAW projectors -----------------------------------------------
     atom=  C    l=0  rc=    1.2000  rs=    0.8000
     atom=  C    l=0  rc=    1.2000  rs=    0.8000
     atom=  C    l=1  rc=    1.4000  rs=    0.9333
     atom=  C    l=1  rc=    1.4000  rs=    0.9333
     projs nearly linearly dependent: l=1  n1,n2= 1, 2  s=  0.99951561

     atom=  Cl   l=0  rc=    1.6000  rs=    1.0667
     atom=  Cl   l=0  rc=    1.6000  rs=    1.0667
     atom=  Cl   l=1  rc=    1.6000  rs=    1.0667
     atom=  Cl   l=1  rc=    1.6000  rs=    1.0667
     atom=  Cl   l=2  rc=    1.6000  rs=    1.0667
     atom=  Cl   l=2  rc=    1.6000  rs=    1.0667
     projs nearly linearly dependent: l=2  n1,n2= 1, 2  s=  0.99993509

     atom=  H    l=0  rc=    1.0000  rs=    0.6667
     atom=  H    l=0  rc=    1.0000  rs=    0.6667
     projs nearly linearly dependent: l=0  n1,n2= 1, 2  s=  0.99968852
     -----------------------------------------------------------------

     GIPAW integrals: -------------------------------------------
     Atom  i/j   nmr_para   nmr_dia   epr_rmc  epr_para   epr_dia
       C   1 1   0.83E+03  0.17E-01  0.93E+01  0.24E+08  0.24E+03
       C   2 1   0.86E+03 -0.61E-01  0.94E+01  0.25E+08  0.25E+03
       C   2 2   0.90E+03 -0.15E+00  0.97E+01  0.26E+08  0.26E+03
       C   3 3   0.33E+01  0.34E+00  0.18E+01  0.55E+03  0.21E+02
       C   4 3   0.35E+01  0.37E+00  0.20E+01  0.59E+03  0.22E+02
       C   4 4   0.38E+01  0.39E+00  0.22E+01  0.63E+03  0.24E+02
       Cl  1 1   0.14E+04 -0.47E+00  0.84E+01  0.32E+09  0.42E+03
       Cl  2 1   0.21E+04 -0.37E+00  0.12E+02  0.49E+09  0.65E+03
       Cl  2 2   0.33E+04 -0.16E+00  0.21E+02  0.76E+09  0.10E+04
       Cl  3 3   0.21E+02  0.79E-01  0.89E+01  0.23E+05  0.13E+03
       Cl  4 3   0.24E+02  0.67E-01  0.99E+01  0.27E+05  0.15E+03
       Cl  4 4   0.28E+02  0.44E-01  0.11E+02  0.32E+05  0.18E+03
       Cl  5 5   0.77E+00  0.19E+00  0.18E+01  0.12E+03  0.22E+02
       Cl  6 5   0.80E+00  0.19E+00  0.19E+01  0.12E+03  0.23E+02
       Cl  6 6   0.83E+00  0.20E+00  0.19E+01  0.12E+03  0.23E+02
       H   1 1   0.39E+02  0.19E+00  0.29E+00  0.78E+05  0.13E+02
       H   2 1   0.41E+02  0.21E+00  0.32E+00  0.82E+05  0.14E+02
       H   2 2   0.43E+02  0.22E+00  0.36E+00  0.86E+05  0.15E+02
     ------------------------------------------------------------

     alpha_pv=     33.8098 eV

     Number of occupied bands for each k-point:
     k-point:     1    nbnd_occ=  42
     k-point:     2    nbnd_occ=  42
     k-point:     3    nbnd_occ=  42
     k-point:     4    nbnd_occ=  42
     k-point:     5    nbnd_occ=  42
     k-point:     6    nbnd_occ=  42
     k-point:     7    nbnd_occ=  42
     k-point:     8    nbnd_occ=  42
     k-point:     9    nbnd_occ=  42
     k-point:    10    nbnd_occ=  42
     k-point:    11    nbnd_occ=  42
     k-point:    12    nbnd_occ=  42
     k-point:    13    nbnd_occ=  42
     k-point:    14    nbnd_occ=  42
     k-point:    15    nbnd_occ=  42
     k-point:    16    nbnd_occ=  42


     q-space interpolation up to   110.00 Rydberg

     GIPAW job: efg                                                                             


     ELECTRIC FIELD GRADIENTS TENSORS IN Hartree/bohrradius^2:

     ----- bare term -----
     Cl   1       -0.063427        0.221927        0.046806
     Cl   1        0.221927       -0.217176        0.149055
     Cl   1        0.046806        0.149055        0.280603

     C    2        0.221693        0.038000       -0.167878
     C    2        0.038000       -0.248123       -0.607315
     C    2       -0.167878       -0.607315        0.026431

     C    3       -0.323067        0.043290        0.012645
     C    3        0.043290       -0.115894        0.142247
     C    3        0.012645        0.142247        0.438961

     H    4       -0.097678       -0.360100       -0.024449
     H    4       -0.360100       -0.240975        0.097503
     H    4       -0.024449        0.097503        0.338653

     C    5        0.121716       -0.073541       -0.133429
     C    5       -0.073541       -0.186413       -0.200242
     C    5       -0.133429       -0.200242        0.064697

     H    6        0.368218       -0.147087        0.015642
     H    6       -0.147087       -0.651483        0.131865
     H    6        0.015642        0.131865        0.283265

     H    7        0.424954        0.077409        0.223809
     H    7        0.077409       -0.084823        0.284402
     H    7        0.223809        0.284402       -0.340130

     C    8       -0.420624       -0.153732       -0.164593
     C    8       -0.153732        0.177648       -0.122826
     C    8       -0.164593       -0.122826        0.242976

     H    9        0.113347       -0.001453       -0.431358
     H    9       -0.001453        0.175027       -0.273870
     H    9       -0.431358       -0.273870       -0.288374

     C   10        0.161825       -0.115268       -0.123656
     C   10       -0.115268       -0.091987        0.510467
     C   10       -0.123656        0.510467       -0.069839

     C   11       -0.628314       -0.423736       -0.312550
     C   11       -0.423736        0.287346        0.216407
     C   11       -0.312550        0.216407        0.340968

     Cl  12       -0.015664       -0.011650       -0.053124
     Cl  12       -0.011650        0.116202        0.050877
     Cl  12       -0.053124        0.050877       -0.100538

     H   13        0.320833       -0.229040        0.143640
     H   13       -0.229040       -0.525577       -0.202678
     H   13        0.143640       -0.202678        0.204745

     C   14       -0.799083        0.349985       -0.416338
     C   14        0.349985        0.340070       -0.082645
     C   14       -0.416338       -0.082645        0.459013

     H   15       -0.479789       -0.258317        0.253567
     H   15       -0.258317        0.344297       -0.063053
     H   15        0.253567       -0.063053        0.135492

     C   16        0.241219       -0.039891        0.058104
     C   16       -0.039891       -0.448656       -0.357145
     C   16        0.058104       -0.357145        0.207437

     C   17       -0.821386        0.448940       -0.339660
     C   17        0.448940        0.286221       -0.011029
     C   17       -0.339660       -0.011029        0.535165

     Cl  18       -0.013648       -0.099792       -0.028946
     Cl  18       -0.099792        0.082967        0.074200
     Cl  18       -0.028946        0.074200       -0.069319

     H   19        0.446070        0.080343       -0.010461
     H   19        0.080343       -0.799974        0.083408
     H   19       -0.010461        0.083408        0.353904

     C   20       -0.046965        0.164348       -0.341965
     C   20        0.164348       -0.005506        0.456974
     C   20       -0.341965        0.456974        0.052471

     H   21        0.053269        0.170846       -0.325387
     H   21        0.170846       -0.176467        0.494774
     H   21       -0.325387        0.494774        0.123198

     C   22       -0.753638       -0.325523       -0.276700
     C   22       -0.325523        0.319525        0.090230
     C   22       -0.276700        0.090230        0.434113

     C   23        0.179041        0.020875       -0.245948
     C   23        0.020875       -0.141878        0.604436
     C   23       -0.245948        0.604436       -0.037163

     Cl  24       -0.170052       -0.266936        0.003040
     Cl  24       -0.266936        0.085423       -0.015096
     Cl  24        0.003040       -0.015096        0.084630

     ----- ionic term -----
     Cl   1        0.146324       -0.162702       -0.048809
     Cl   1       -0.162702       -0.003794        0.033857
     Cl   1       -0.048809        0.033857       -0.142530

     C    2        0.278897        0.003214        0.089878
     C    2        0.003214        0.265335        0.348551
     C    2        0.089878        0.348551       -0.544232

     C    3        0.211889       -0.100436        0.092798
     C    3       -0.100436        0.330085        0.313951
     C    3        0.092798        0.313951       -0.541973

     H    4        0.661750        0.538872        0.429446
     H    4        0.538872       -0.213330        0.246185
     H    4        0.429446        0.246185       -0.448420

     C    5        0.404318       -0.099911        0.089070
     C    5       -0.099911        0.162553        0.219855
     C    5        0.089070        0.219855       -0.566871

     H    6       -0.522705        0.083169        0.028404
     H    6        0.083169        0.943643        0.472153
     H    6        0.028404        0.472153       -0.420938

     H    7       -0.528239       -0.026320        0.033507
     H    7       -0.026320        0.694465       -0.697390
     H    7        0.033507       -0.697390       -0.166226

     C    8        0.225323        0.186688        0.309396
     C    8        0.186688       -0.060266       -0.328258
     C    8        0.309396       -0.328258       -0.165057

     H    9        0.363981       -0.240910        0.753743
     H    9       -0.240910       -0.434267       -0.270133
     H    9        0.753743       -0.270133        0.070286

     C   10        0.135749        0.241450        0.179931
     C   10        0.241450        0.053565       -0.421736
     C   10        0.179931       -0.421736       -0.189313

     C   11        0.184351        0.206036        0.277729
     C   11        0.206036        0.043772       -0.437435
     C   11        0.277729       -0.437435       -0.228123

     Cl  12        0.170467        0.245797        0.015133
     Cl  12        0.245797       -0.015114        0.003519
     Cl  12        0.015133        0.003519       -0.155354

     H   13       -0.472250        0.226009        0.086232
     H   13        0.226009        0.820881        0.539164
     H   13        0.086232        0.539164       -0.348630

     C   14        0.409875       -0.004618        0.121900
     C   14       -0.004618        0.107583        0.273445
     C   14        0.121900        0.273445       -0.517459

     H   15        0.705874        0.536833        0.424276
     H   15        0.536833       -0.227070        0.225914
     H   15        0.424276        0.225914       -0.478803

     C   16        0.232290       -0.091471        0.079627
     C   16       -0.091471        0.290139        0.307322
     C   16        0.079627        0.307322       -0.522429

     C   17        0.306669       -0.041387        0.142918
     C   17       -0.041387        0.251017        0.250723
     C   17        0.142918        0.250723       -0.557686

     Cl  18        0.170569       -0.218407        0.029467
     Cl  18       -0.218407       -0.006504       -0.016109
     Cl  18        0.029467       -0.016109       -0.164065

     H   19       -0.495220       -0.159991        0.089313
     H   19       -0.159991        0.814703       -0.592141
     H   19        0.089313       -0.592141       -0.319483

     C   20        0.267746        0.145201        0.322742
     C   20        0.145201        0.051900       -0.282820
     C   20        0.322742       -0.282820       -0.319646

     H   21        0.385928       -0.296479        0.738831
     H   21       -0.296479       -0.429544       -0.306388
     H   21        0.738831       -0.306388        0.043616

     C   22        0.082216        0.228048        0.228366
     C   22        0.228048        0.128267       -0.433019
     C   22        0.228366       -0.433019       -0.210483

     C   23        0.070776        0.149797        0.355890
     C   23        0.149797        0.036706       -0.460706
     C   23        0.355890       -0.460706       -0.107482

     Cl  24        0.132902        0.156758        0.018121
     Cl  24        0.156758        0.007378        0.003417
     Cl  24        0.018121        0.003417       -0.140281

     ----- GIPAW term -----
     Cl   1       -0.772928        0.360243       -0.321070
     Cl   1        0.360243        1.469926       -1.081994
     Cl   1       -0.321070       -1.081994       -0.696998

     C    2       -0.032583        0.001623        0.004088
     C    2        0.001623        0.159405        0.060718
     C    2        0.004088        0.060718       -0.126822

     C    3       -0.016768       -0.023301        0.007956
     C    3       -0.023301        0.000853        0.026768
     C    3        0.007956        0.026768        0.015916

     H    4       -0.000000        0.000000        0.000000
     H    4        0.000000        0.000000        0.000000
     H    4        0.000000        0.000000        0.000000

     C    5       -0.005403        0.003027       -0.001159
     C    5        0.003027        0.079673       -0.030478
     C    5       -0.001159       -0.030478       -0.074270

     H    6       -0.000000        0.000000        0.000000
     H    6        0.000000        0.000000        0.000000
     H    6        0.000000        0.000000        0.000000

     H    7       -0.000000        0.000000        0.000000
     H    7        0.000000        0.000000        0.000000
     H    7        0.000000        0.000000        0.000000

     C    8       -0.028567       -0.004901       -0.001543
     C    8       -0.004901        0.027116       -0.020631
     C    8       -0.001543       -0.020631        0.001451

     H    9       -0.000000        0.000000        0.000000
     H    9        0.000000        0.000000        0.000000
     H    9        0.000000        0.000000        0.000000

     C   10       -0.062857       -0.018097       -0.014413
     C   10       -0.018097        0.158000        0.102390
     C   10       -0.014413        0.102390       -0.095143

     C   11       -0.158218        0.016129       -0.030726
     C   11        0.016129        0.272244        0.070948
     C   11       -0.030726        0.070948       -0.114026

     Cl  12        0.020474        1.675445       -0.242121
     Cl  12        1.675445        2.463182        0.905310
     Cl  12       -0.242121        0.905310       -2.483656

     H   13       -0.000000        0.000000        0.000000
     H   13        0.000000        0.000000        0.000000
     H   13        0.000000        0.000000        0.000000

     C   14       -0.118899        0.015960       -0.036197
     C   14        0.015960        0.048800        0.093252
     C   14       -0.036197        0.093252        0.070099

     H   15       -0.000000        0.000000        0.000000
     H   15        0.000000        0.000000        0.000000
     H   15        0.000000        0.000000        0.000000

     C   16       -0.011746       -0.034619        0.008095
     C   16       -0.034619       -0.020729        0.070517
     C   16        0.008095        0.070517        0.032474

     C   17       -0.156578       -0.030135       -0.052506
     C   17       -0.030135        0.129526        0.163573
     C   17       -0.052506        0.163573        0.027052

     Cl  18        0.697728       -3.117333       -0.502833
     Cl  18       -3.117333        1.384324        0.955210
     Cl  18       -0.502833        0.955210       -2.082052

     H   19       -0.000000        0.000000        0.000000
     H   19        0.000000        0.000000        0.000000
     H   19        0.000000        0.000000        0.000000

     C   20       -0.075212        0.096330       -0.043582
     C   20        0.096330        0.214952        0.040461
     C   20       -0.043582        0.040461       -0.139740

     H   21       -0.000000        0.000000        0.000000
     H   21        0.000000        0.000000        0.000000
     H   21        0.000000        0.000000        0.000000

     C   22       -0.204684        0.035478       -0.046322
     C   22        0.035478        0.268688       -0.058962
     C   22       -0.046322       -0.058962       -0.064004

     C   23       -0.035054        0.018073       -0.021365
     C   23        0.018073        0.181583       -0.010452
     C   23       -0.021365       -0.010452       -0.146529

     Cl  24       -0.454239       -0.636364        0.137139
     Cl  24       -0.636364        2.519067       -0.615097
     Cl  24        0.137139       -0.615097       -2.064827

     ----- total EFG -----
     Cl   1       -0.690031        0.419467       -0.323073
     Cl   1        0.419467        1.248957       -0.899081
     Cl   1       -0.323073       -0.899081       -0.558925

     C    2        0.468007        0.042837       -0.073913
     C    2        0.042837        0.176617       -0.198047
     C    2       -0.073913       -0.198047       -0.644624

     C    3       -0.127947       -0.080447        0.113400
     C    3       -0.080447        0.215043        0.482966
     C    3        0.113400        0.482966       -0.087096

     H    4        0.564072        0.178772        0.404997
     H    4        0.178772       -0.454304        0.343688
     H    4        0.404997        0.343688       -0.109767

     C    5        0.520631       -0.170425       -0.045518
     C    5       -0.170425        0.055813       -0.010864
     C    5       -0.045518       -0.010864       -0.576444

     H    6       -0.154487       -0.063918        0.044046
     H    6       -0.063918        0.292160        0.604018
     H    6        0.044046        0.604018       -0.137673

     H    7       -0.103286        0.051089        0.257316
     H    7        0.051089        0.609642       -0.412988
     H    7        0.257316       -0.412988       -0.506356

     C    8       -0.223868        0.028055        0.143260
     C    8        0.028055        0.144498       -0.471715
     C    8        0.143260       -0.471715        0.079370

     H    9        0.477328       -0.242363        0.322385
     H    9       -0.242363       -0.259240       -0.544003
     H    9        0.322385       -0.544003       -0.218089

     C   10        0.234717        0.108085        0.041861
     C   10        0.108085        0.119578        0.191121
     C   10        0.041861        0.191121       -0.354295

     C   11       -0.602180       -0.201571       -0.065547
     C   11       -0.201571        0.603362       -0.150079
     C   11       -0.065547       -0.150079       -0.001182

     Cl  12        0.175277        1.909593       -0.280112
     Cl  12        1.909593        2.564270        0.959706
     Cl  12       -0.280112        0.959706       -2.739548

     H   13       -0.151418       -0.003032        0.229872
     H   13       -0.003032        0.295303        0.336485
     H   13        0.229872        0.336485       -0.143886

     C   14       -0.508106        0.361327       -0.330634
     C   14        0.361327        0.496453        0.284052
     C   14       -0.330634        0.284052        0.011653

     H   15        0.226085        0.278516        0.677843
     H   15        0.278516        0.117227        0.162860
     H   15        0.677843        0.162860       -0.343311

     C   16        0.461764       -0.165982        0.145826
     C   16       -0.165982       -0.179246        0.020694
     C   16        0.145826        0.020694       -0.282518

     C   17       -0.671295        0.377418       -0.249247
     C   17        0.377418        0.666764        0.403268
     C   17       -0.249247        0.403268        0.004531

     Cl  18        0.854649       -3.435532       -0.502312
     Cl  18       -3.435532        1.460787        1.013302
     Cl  18       -0.502312        1.013302       -2.315436

     H   19       -0.049150       -0.079649        0.078852
     H   19       -0.079649        0.014729       -0.508733
     H   19        0.078852       -0.508733        0.034421

     C   20        0.145568        0.405878       -0.062804
     C   20        0.405878        0.261347        0.214615
     C   20       -0.062804        0.214615       -0.406915

     H   21        0.439197       -0.125633        0.413444
     H   21       -0.125633       -0.606011        0.188386
     H   21        0.413444        0.188386        0.166814

     C   22       -0.876105       -0.061997       -0.094656
     C   22       -0.061997        0.716480       -0.401751
     C   22       -0.094656       -0.401751        0.159625

     C   23        0.214763        0.188745        0.088578
     C   23        0.188745        0.076411        0.133278
     C   23        0.088578        0.133278       -0.291174

     Cl  24       -0.491389       -0.746542        0.158300
     Cl  24       -0.746542        2.611868       -0.626776
     Cl  24        0.158300       -0.626776       -2.120478

     ----- total EFG (symmetrized) -----
     Cl   1       -0.690031        0.419467       -0.323073
     Cl   1        0.419467        1.248957       -0.899081
     Cl   1       -0.323073       -0.899081       -0.558925

     C    2        0.468007        0.042837       -0.073913
     C    2        0.042837        0.176617       -0.198047
     C    2       -0.073913       -0.198047       -0.644624

     C    3       -0.127947       -0.080447        0.113400
     C    3       -0.080447        0.215043        0.482966
     C    3        0.113400        0.482966       -0.087096

     H    4        0.564072        0.178772        0.404997
     H    4        0.178772       -0.454304        0.343688
     H    4        0.404997        0.343688       -0.109767

     C    5        0.520631       -0.170425       -0.045518
     C    5       -0.170425        0.055813       -0.010864
     C    5       -0.045518       -0.010864       -0.576444

     H    6       -0.154487       -0.063918        0.044046
     H    6       -0.063918        0.292160        0.604018
     H    6        0.044046        0.604018       -0.137673

     H    7       -0.103286        0.051089        0.257316
     H    7        0.051089        0.609642       -0.412988
     H    7        0.257316       -0.412988       -0.506356

     C    8       -0.223868        0.028055        0.143260
     C    8        0.028055        0.144498       -0.471715
     C    8        0.143260       -0.471715        0.079370

     H    9        0.477328       -0.242363        0.322385
     H    9       -0.242363       -0.259240       -0.544003
     H    9        0.322385       -0.544003       -0.218089

     C   10        0.234717        0.108085        0.041861
     C   10        0.108085        0.119578        0.191121
     C   10        0.041861        0.191121       -0.354295

     C   11       -0.602180       -0.201571       -0.065547
     C   11       -0.201571        0.603362       -0.150079
     C   11       -0.065547       -0.150079       -0.001182

     Cl  12        0.175277        1.909593       -0.280112
     Cl  12        1.909593        2.564270        0.959706
     Cl  12       -0.280112        0.959706       -2.739548

     H   13       -0.151418       -0.003032        0.229872
     H   13       -0.003032        0.295303        0.336485
     H   13        0.229872        0.336485       -0.143886

     C   14       -0.508106        0.361327       -0.330634
     C   14        0.361327        0.496453        0.284052
     C   14       -0.330634        0.284052        0.011653

     H   15        0.226085        0.278516        0.677843
     H   15        0.278516        0.117227        0.162860
     H   15        0.677843        0.162860       -0.343311

     C   16        0.461764       -0.165982        0.145826
     C   16       -0.165982       -0.179246        0.020694
     C   16        0.145826        0.020694       -0.282518

     C   17       -0.671295        0.377418       -0.249247
     C   17        0.377418        0.666764        0.403268
     C   17       -0.249247        0.403268        0.004531

     Cl  18        0.854649       -3.435532       -0.502312
     Cl  18       -3.435532        1.460787        1.013302
     Cl  18       -0.502312        1.013302       -2.315436

     H   19       -0.049150       -0.079649        0.078852
     H   19       -0.079649        0.014729       -0.508733
     H   19        0.078852       -0.508733        0.034421

     C   20        0.145568        0.405878       -0.062804
     C   20        0.405878        0.261347        0.214615
     C   20       -0.062804        0.214615       -0.406915

     H   21        0.439197       -0.125633        0.413444
     H   21       -0.125633       -0.606011        0.188386
     H   21        0.413444        0.188386        0.166814

     C   22       -0.876105       -0.061997       -0.094656
     C   22       -0.061997        0.716480       -0.401751
     C   22       -0.094656       -0.401751        0.159625

     C   23        0.214763        0.188745        0.088578
     C   23        0.188745        0.076411        0.133278
     C   23        0.088578        0.133278       -0.291174

     Cl  24       -0.491389       -0.746542        0.158300
     Cl  24       -0.746542        2.611868       -0.626776
     Cl  24        0.158300       -0.626776       -2.120478


     NQR/NMR SPECTROSCOPIC PARAMETERS:
     Cl   1    Vxx=   -0.7132    axis=(  0.828355 -0.369868 -0.420744)
     Cl   1    Vyy=   -1.0150    axis=(  0.520430  0.230135  0.822308)
     Cl   1    Vzz=    1.7282    axis=(  0.207318  0.900131 -0.383124)
     Cl   1  Q=        -8.1650 1e-30 m^2  Cq=       -33.1555 MHz  eta= 0.17462

     C    2    Vxx=    0.2090    axis=( -0.215872  0.955108 -0.202898)
     C    2    Vyy=    0.4843    axis=(  0.974932  0.199362 -0.098809)
     C    2    Vzz=   -0.6933    axis=(  0.053923  0.219142  0.974202)
     C    2  Q=         1.0000 1e-30 m^2  Cq=        -1.6289 MHz  eta= 0.39704

     C    3    Vxx=   -0.0753    axis=(  0.935088 -0.212613  0.283559)
     C    3    Vyy=   -0.4948    axis=(  0.354398  0.553162 -0.753932)
     C    3    Vzz=    0.5700    axis=(  0.003442  0.805486  0.592605)
     C    3  Q=         1.0000 1e-30 m^2  Cq=         1.3393 MHz  eta= 0.73591

     H    4    Vxx=   -0.1604    axis=(  0.513081 -0.502043 -0.696205)
     H    4    Vyy=   -0.6702    axis=(  0.061377  0.830489 -0.553644)
     H    4    Vzz=    0.8306    axis=( -0.856143 -0.241333 -0.456921)
     H    4  Q=         1.0000 1e-30 m^2  Cq=         1.9516 MHz  eta= 0.61378

     C    5    Vxx=    0.0011    axis=( -0.308057 -0.950433  0.042161)
     C    5    Vyy=    0.5778    axis=(  0.950260 -0.309534 -0.034561)
     C    5    Vzz=   -0.5789    axis=(  0.045898  0.029417  0.998513)
     C    5  Q=         1.0000 1e-30 m^2  Cq=        -1.3601 MHz  eta= 0.99635

     H    6    Vxx=   -0.1427    axis=(  0.984907 -0.073133  0.156878)
     H    6    Vyy=   -0.5765    axis=( -0.170317 -0.570988  0.803097)
     H    6    Vzz=    0.7192    axis=( -0.030843  0.817695  0.574825)
     H    6  Q=         1.0000 1e-30 m^2  Cq=         1.6898 MHz  eta= 0.60309

     H    7    Vxx=    0.0007    axis=(  0.926213  0.155286  0.343535)
     H    7    Vyy=    0.7471    axis=( -0.039981  0.946551 -0.320068)
     H    7    Vzz=   -0.7479    axis=( -0.374875  0.282716  0.882916)
     H    7  Q=         1.0000 1e-30 m^2  Cq=        -1.7572 MHz  eta= 0.99808

     C    8    Vxx=   -0.1568    axis=(  0.851559  0.417402  0.317210)
     C    8    Vyy=   -0.4355    axis=(  0.515376 -0.555597 -0.652457)
     C    8    Vzz=    0.5922    axis=(  0.096096 -0.719088  0.688242)
     C    8  Q=         1.0000 1e-30 m^2  Cq=         1.3915 MHz  eta= 0.47064

     H    9    Vxx=   -0.0167    axis=(  0.626704  0.568668 -0.532784)
     H    9    Vyy=   -0.7852    axis=( -0.043897  0.708384  0.704460)
     H    9    Vzz=    0.8019    axis=(  0.778020 -0.418101  0.468910)
     H    9  Q=         1.0000 1e-30 m^2  Cq=         1.8841 MHz  eta= 0.95844

     C   10    Vxx=    0.0926    axis=(  0.631826 -0.732314 -0.253994)
     C   10    Vyy=    0.3292    axis=( -0.775091 -0.594599 -0.213743)
     C   10    Vzz=   -0.4218    axis=( -0.005502 -0.331916  0.943293)
     C   10  Q=         1.0000 1e-30 m^2  Cq=        -0.9910 MHz  eta= 0.56086

     C   11    Vxx=   -0.0174    axis=( -0.170301  0.178977  0.969002)
     C   11    Vyy=   -0.6475    axis=(  0.974887  0.173807  0.139233)
     C   11    Vzz=    0.6649    axis=( -0.143500  0.968379 -0.204082)
     C   11  Q=         1.0000 1e-30 m^2  Cq=         1.5622 MHz  eta= 0.94771

     Cl  12    Vxx=   -0.6536    axis=(  0.855898 -0.416488 -0.306556)
     Cl  12    Vyy=   -3.0468    axis=(  0.223003 -0.237596  0.945419)
     Cl  12    Vzz=    3.7004    axis=( -0.466592 -0.877545 -0.110480)
     Cl  12  Q=        -8.1650 1e-30 m^2  Cq=       -70.9908 MHz  eta= 0.64673

     H   13    Vxx=   -0.0326    axis=(  0.809802 -0.416539  0.413178)
     H   13    Vyy=   -0.4640    axis=(  0.559764  0.337588 -0.756768)
     H   13    Vzz=    0.4966    axis=(  0.175739  0.844115  0.506543)
     H   13  Q=         1.0000 1e-30 m^2  Cq=         1.1668 MHz  eta= 0.86881

     C   14    Vxx=    0.1560    axis=( -0.509634 -0.163856  0.844644)
     C   14    Vyy=    0.6668    axis=(  0.201464  0.931680  0.302298)
     C   14    Vzz=   -0.8228    axis=( -0.836472  0.324227 -0.441805)
     C   14  Q=         1.0000 1e-30 m^2  Cq=        -1.9332 MHz  eta= 0.62070

     H   15    Vxx=   -0.0293    axis=(  0.333452 -0.909541  0.248083)
     H   15    Vyy=   -0.7942    axis=(  0.557394 -0.022026 -0.829956)
     H   15    Vzz=    0.8235    axis=(  0.760343  0.415031  0.499628)
     H   15  Q=         1.0000 1e-30 m^2  Cq=         1.9350 MHz  eta= 0.92884

     C   16    Vxx=   -0.1939    axis=( -0.131893 -0.895123 -0.425863)
     C   16    Vyy=   -0.3316    axis=(  0.244386  0.386992 -0.889108)
     C   16    Vzz=    0.5255    axis=(  0.960666 -0.221342  0.167714)
     C   16  Q=         1.0000 1e-30 m^2  Cq=         1.2346 MHz  eta= 0.26215

     C   17    Vxx=    0.0133    axis=( -0.454661 -0.262602  0.851072)
     C   17    Vyy=    0.8960    axis=( -0.161761 -0.915309 -0.368839)
     C   17    Vzz=   -0.9092    axis=(  0.875852 -0.305367  0.373677)
     C   17  Q=         1.0000 1e-30 m^2  Cq=        -2.1363 MHz  eta= 0.97084

     Cl  18    Vxx=   -2.0622    axis=(  0.657662  0.472605  0.586623)
     Cl  18    Vyy=   -2.7112    axis=(  0.358556  0.488473 -0.795507)
     Cl  18    Vzz=    4.7735    axis=( -0.662510  0.733512  0.151794)
     Cl  18  Q=        -8.1650 1e-30 m^2  Cq=       -91.5765 MHz  eta= 0.13596

     H   19    Vxx=   -0.0700    axis=(  0.983177  0.125080 -0.133107)
     H   19    Vyy=   -0.4843    axis=(  0.003897  0.714210  0.699920)
     H   19    Vzz=    0.5542    axis=( -0.182612  0.688665 -0.701708)
     H   19  Q=         1.0000 1e-30 m^2  Cq=         1.3022 MHz  eta= 0.74754

     C   20    Vxx=   -0.0989    axis=( -0.708345  0.503204  0.495008)
     C   20    Vyy=   -0.5293    axis=(  0.319032 -0.397330  0.860435)
     C   20    Vzz=    0.6282    axis=(  0.629656  0.767408  0.120909)
     C   20  Q=         1.0000 1e-30 m^2  Cq=         1.4760 MHz  eta= 0.68520

     H   21    Vxx=   -0.0416    axis=( -0.547398  0.372049  0.749623)
     H   21    Vyy=   -0.6968    axis=(  0.213561  0.928189 -0.304724)
     H   21    Vzz=    0.7384    axis=( -0.809164 -0.006715 -0.587544)
     H   21  Q=         1.0000 1e-30 m^2  Cq=         1.7349 MHz  eta= 0.88733

     C   22    Vxx=   -0.0357    axis=( -0.132787  0.458435  0.878752)
     C   22    Vyy=   -0.8913    axis=( -0.991125 -0.066920 -0.114857)
     C   22    Vzz=    0.9269    axis=(  0.006152 -0.886205  0.463253)
     C   22  Q=         1.0000 1e-30 m^2  Cq=         2.1779 MHz  eta= 0.92306

     C   23    Vxx=   -0.0442    axis=(  0.619825 -0.761710 -0.188717)
     C   23    Vyy=   -0.3359    axis=(  0.056841  0.283430 -0.957307)
     C   23    Vzz=    0.3800    axis=(  0.782679  0.582636  0.218974)
     C   23  Q=         1.0000 1e-30 m^2  Cq=         0.8930 MHz  eta= 0.76763

     Cl  24    Vxx=   -0.6615    axis=(  0.974527  0.224070  0.009476)
     Cl  24    Vyy=   -2.2044    axis=( -0.037963  0.123168  0.991659)
     Cl  24    Vzz=    2.8659    axis=(  0.221034 -0.966759  0.128537)
     Cl  24  Q=        -8.1650 1e-30 m^2  Cq=       -54.9806 MHz  eta= 0.53836

     Initialization:
     gipaw_setup  :      9.26s CPU     11.19s WALL (       1 calls)

     Linear response

     Apply operators

     Induced current

     Other routines
     efg          :      9.30s CPU     12.12s WALL (       1 calls)

     General routines
     calbec       :      3.23s CPU      4.30s WALL (      16 calls)
     fft          :      1.56s CPU      2.45s WALL (      15 calls)
     ffts         :      0.04s CPU      0.04s WALL (       2 calls)
     fftw         :      3.30s CPU      4.15s WALL (     672 calls)
     davcio       :      0.04s CPU      0.34s WALL (      32 calls)

     Parallel routines
     fft_scatter  :      2.36s CPU      3.90s WALL (     689 calls)

     Plugins

     GIPAW        :     61.02s CPU     72.85s WALL (       1 calls)
