
     Program QE v.6.0 (svn rev. 13079) starts on 26Dec2016 at  8:11:51 

     This program is part of the open-source Quantum ESPRESSO suite
     for quantum simulation of materials; please cite
         "P. Giannozzi et al., J. Phys.:Condens. Matter 21 395502 (2009);
          URL http://www.quantum-espresso.org", 
     in publications or presentations arising from this work. More details at
     http://www.quantum-espresso.org/quote

     Parallel version (MPI), running on     8 processors
     R & G space division:  proc/nbgrp/npool/nimage =       8

     ***** This is GIPAW svn revision unknown      *****

     Parallelizing q-star over 1 images

     Reading data from directory:
     /users/majewski/paradichlorobenzene/pbe/9_constraint/scratch/pbe.ecut100.np8.dt60.pcl2phi-129368.save
     Message from routine read_xml_file:
     file /users/majewski/paradichlorobenzene/pbe/9_constraint/scratch/pbe.ecut100.np8.dt60.pcl2phi-129368.save not guaranteed to be safe for post-processing

   Info: using nr1, nr2, nr3 values from input

   Info: using nr1, nr2, nr3 values from input

     IMPORTANT: XC functional enforced from input :
     Exchange-correlation      =  SLA  PW   PBX  PBC ( 1  4  3  4 0 0)
     Any further DFT definition will be discarded
     Please, verify this is what you really want

               file C.pbe-n-kjpaw_psl.1.0.0.UPF: wavefunction(s)  2S 2P renormalized
               file Cl.pbe-n-kjpaw_psl.1.0.0.UPF: wavefunction(s)  3S 3P renormalized
               file H.pbe-kjpaw_psl.1.0.0.UPF: wavefunction(s)  1S renormalized

     Parallelization info
     --------------------
     sticks:   dense  smooth     PW     G-vecs:    dense   smooth      PW
     Min        3057    1223    332               144436    36536    5170
     Max        3059    1225    333               144437    36537    5171
     Sum       24467    9791   2657              1155489   292295   41363


     Subspace diagonalization in iterative solution of the eigenvalue problem:
     a serial algorithm will be used

     GIPAW projectors -----------------------------------------------
     atom=  C    l=0  rc=    1.2000  rs=    0.8000
     atom=  C    l=0  rc=    1.2000  rs=    0.8000
     atom=  C    l=1  rc=    1.4000  rs=    0.9333
     atom=  C    l=1  rc=    1.4000  rs=    0.9333
     projs nearly linearly dependent: l=1  n1,n2= 1, 2  s=  0.99951561

     atom=  Cl   l=0  rc=    1.6000  rs=    1.0667
     atom=  Cl   l=0  rc=    1.6000  rs=    1.0667
     atom=  Cl   l=1  rc=    1.6000  rs=    1.0667
     atom=  Cl   l=1  rc=    1.6000  rs=    1.0667
     atom=  Cl   l=2  rc=    1.6000  rs=    1.0667
     atom=  Cl   l=2  rc=    1.6000  rs=    1.0667
     projs nearly linearly dependent: l=2  n1,n2= 1, 2  s=  0.99993509

     atom=  H    l=0  rc=    1.0000  rs=    0.6667
     atom=  H    l=0  rc=    1.0000  rs=    0.6667
     projs nearly linearly dependent: l=0  n1,n2= 1, 2  s=  0.99968852
     -----------------------------------------------------------------

     GIPAW integrals: -------------------------------------------
     Atom  i/j   nmr_para   nmr_dia   epr_rmc  epr_para   epr_dia
       C   1 1   0.83E+03  0.17E-01  0.93E+01  0.24E+08  0.24E+03
       C   2 1   0.86E+03 -0.61E-01  0.94E+01  0.25E+08  0.25E+03
       C   2 2   0.90E+03 -0.15E+00  0.97E+01  0.26E+08  0.26E+03
       C   3 3   0.33E+01  0.34E+00  0.18E+01  0.55E+03  0.21E+02
       C   4 3   0.35E+01  0.37E+00  0.20E+01  0.59E+03  0.22E+02
       C   4 4   0.38E+01  0.39E+00  0.22E+01  0.63E+03  0.24E+02
       Cl  1 1   0.14E+04 -0.47E+00  0.84E+01  0.32E+09  0.42E+03
       Cl  2 1   0.21E+04 -0.37E+00  0.12E+02  0.49E+09  0.65E+03
       Cl  2 2   0.33E+04 -0.16E+00  0.21E+02  0.76E+09  0.10E+04
       Cl  3 3   0.21E+02  0.79E-01  0.89E+01  0.23E+05  0.13E+03
       Cl  4 3   0.24E+02  0.67E-01  0.99E+01  0.27E+05  0.15E+03
       Cl  4 4   0.28E+02  0.44E-01  0.11E+02  0.32E+05  0.18E+03
       Cl  5 5   0.77E+00  0.19E+00  0.18E+01  0.12E+03  0.22E+02
       Cl  6 5   0.80E+00  0.19E+00  0.19E+01  0.12E+03  0.23E+02
       Cl  6 6   0.83E+00  0.20E+00  0.19E+01  0.12E+03  0.23E+02
       H   1 1   0.39E+02  0.19E+00  0.29E+00  0.78E+05  0.13E+02
       H   2 1   0.41E+02  0.21E+00  0.32E+00  0.82E+05  0.14E+02
       H   2 2   0.43E+02  0.22E+00  0.36E+00  0.86E+05  0.15E+02
     ------------------------------------------------------------

     alpha_pv=     34.7424 eV

     Number of occupied bands for each k-point:
     k-point:     1    nbnd_occ=  42
     k-point:     2    nbnd_occ=  42
     k-point:     3    nbnd_occ=  42
     k-point:     4    nbnd_occ=  42
     k-point:     5    nbnd_occ=  42
     k-point:     6    nbnd_occ=  42
     k-point:     7    nbnd_occ=  42
     k-point:     8    nbnd_occ=  42
     k-point:     9    nbnd_occ=  42
     k-point:    10    nbnd_occ=  42
     k-point:    11    nbnd_occ=  42
     k-point:    12    nbnd_occ=  42
     k-point:    13    nbnd_occ=  42
     k-point:    14    nbnd_occ=  42
     k-point:    15    nbnd_occ=  42
     k-point:    16    nbnd_occ=  42


     q-space interpolation up to   110.00 Rydberg

     GIPAW job: efg                                                                             


     ELECTRIC FIELD GRADIENTS TENSORS IN Hartree/bohrradius^2:

     ----- bare term -----
     Cl   1        0.094565        0.015774       -0.058418
     Cl   1        0.015774       -0.058607        0.153825
     Cl   1       -0.058418        0.153825       -0.035957

     C    2       -0.373837        0.327880       -0.234687
     C    2        0.327880       -0.035717       -0.429788
     C    2       -0.234687       -0.429788        0.409554

     C    3        0.085721        0.151249       -0.066250
     C    3        0.151249       -0.078426       -0.223892
     C    3       -0.066250       -0.223892       -0.007294

     H    4        0.174822       -0.057810       -0.245019
     H    4       -0.057810        0.337080        0.159976
     H    4       -0.245019        0.159976       -0.511902

     C    5       -0.406549        0.235273       -0.149026
     C    5        0.235273        0.252052       -0.086080
     C    5       -0.149026       -0.086080        0.154497

     H    6        0.421001       -0.036876        0.228358
     H    6       -0.036876        0.143014       -0.130834
     H    6        0.228358       -0.130834       -0.564015

     H    7        0.403239        0.264195       -0.045572
     H    7        0.264195       -0.706118        0.324415
     H    7       -0.045572        0.324415        0.302879

     C    8       -0.010226       -0.181360       -0.092079
     C    8       -0.181360       -0.190124        0.376212
     C    8       -0.092079        0.376212        0.200350

     H    9       -0.214705        0.534175       -0.123853
     H    9        0.534175       -0.181373       -0.039087
     H    9       -0.123853       -0.039087        0.396078

     C   10       -0.678999       -0.351569       -0.257591
     C   10       -0.351569        0.318711        0.154585
     C   10       -0.257591        0.154585        0.360288

     C   11        0.028176        0.109599       -0.284942
     C   11        0.109599       -0.159774        0.486083
     C   11       -0.284942        0.486083        0.131598

     Cl  12       -0.345544       -0.277124       -0.011593
     Cl  12       -0.277124        0.203850       -0.009637
     Cl  12       -0.011593       -0.009637        0.141693

     H   13        0.061167        0.253382        0.182712
     H   13        0.253382       -0.244505       -0.503007
     H   13        0.182712       -0.503007        0.183338

     C   14       -0.094024       -0.187831       -0.503719
     C   14       -0.187831       -0.090018       -0.476581
     C   14       -0.503719       -0.476581        0.184042

     H   15       -0.008576       -0.055744       -0.220536
     H   15       -0.055744        0.434485       -0.392556
     H   15       -0.220536       -0.392556       -0.425909

     C   16       -0.273343        0.386131       -0.354862
     C   16        0.386131       -0.124418       -0.103798
     C   16       -0.354862       -0.103798        0.397761

     C   17       -0.044606       -0.082412       -0.300827
     C   17       -0.082412        0.041385       -0.678446
     C   17       -0.300827       -0.678446        0.003222

     Cl  18       -0.141868        0.233011       -0.001492
     Cl  18        0.233011       -0.055821       -0.013282
     Cl  18       -0.001492       -0.013282        0.197689

     H   19        0.252833       -0.004739       -0.086167
     H   19       -0.004739       -0.521574        0.635330
     H   19       -0.086167        0.635330        0.268740

     C   20       -0.793188       -0.357709       -0.467048
     C   20       -0.357709        0.300975       -0.024390
     C   20       -0.467048       -0.024390        0.492213

     H   21       -0.567360       -0.027504       -0.084096
     H   21       -0.027504        0.329107        0.343749
     H   21       -0.084096        0.343749        0.238253

     C   22        0.099612        0.017559       -0.162889
     C   22        0.017559       -0.476250        0.423028
     C   22       -0.162889        0.423028        0.376638

     C   23       -0.780647       -0.389635       -0.254720
     C   23       -0.389635        0.279618        0.099921
     C   23       -0.254720        0.099921        0.501029

     Cl  24       -0.004485       -0.029624        0.052796
     Cl  24       -0.029624        0.004617       -0.078292
     Cl  24        0.052796       -0.078292       -0.000132

     ----- ionic term -----
     Cl   1        0.121108       -0.239220        0.050087
     Cl   1       -0.239220        0.012124       -0.026330
     Cl   1        0.050087       -0.026330       -0.133232

     C    2        0.085319       -0.327891        0.350734
     C    2       -0.327891        0.002832        0.341134
     C    2        0.350734        0.341134       -0.088151

     C    3        0.097964       -0.363545        0.219137
     C    3       -0.363545        0.044007        0.365849
     C    3        0.219137        0.365849       -0.141971

     H    4        0.216121        0.166160        0.800268
     H    4        0.166160       -0.478011        0.251329
     H    4        0.800268        0.251329        0.261890

     C    5        0.224555       -0.299199        0.315917
     C    5       -0.299199       -0.098568        0.291053
     C    5        0.315917        0.291053       -0.125987

     H    6       -0.527859       -0.049711       -0.039335
     H    6       -0.049711        0.362158        0.799858
     H    6       -0.039335        0.799858        0.165701

     H    7       -0.506520       -0.144401        0.059312
     H    7       -0.144401        0.804792       -0.600009
     H    7        0.059312       -0.600009       -0.298272

     C    8        0.354775        0.138648        0.136959
     C    8        0.138648        0.105861       -0.305480
     C    8        0.136959       -0.305480       -0.460636

     H    9        0.745272       -0.405992        0.512056
     H    9       -0.405992       -0.371773       -0.214620
     H    9        0.512056       -0.214620       -0.373499

     C   10        0.193326        0.162093        0.093485
     C   10        0.162093        0.264680       -0.388124
     C   10        0.093485       -0.388124       -0.458006

     C   11        0.241337        0.146101        0.201672
     C   11        0.146101        0.201293       -0.366338
     C   11        0.201672       -0.366338       -0.442630

     Cl  12        0.131347        0.210607       -0.018410
     Cl  12        0.210607        0.029531       -0.017154
     Cl  12       -0.018410       -0.017154       -0.160879

     H   13       -0.532453       -0.075726        0.000004
     H   13       -0.075726        0.605611        0.735960
     H   13        0.000004        0.735960       -0.073158

     C   14        0.220771       -0.359140        0.364094
     C   14       -0.359140       -0.051487        0.246291
     C   14        0.364094        0.246291       -0.169284

     H   15        0.358512        0.206816        0.767776
     H   15        0.206816       -0.499003        0.258454
     H   15        0.767776        0.258454        0.140491

     C   16        0.139475       -0.404354        0.206625
     C   16       -0.404354        0.005618        0.367242
     C   16        0.206625        0.367242       -0.145093

     C   17        0.206570       -0.297259        0.271548
     C   17       -0.297259       -0.121555        0.399929
     C   17        0.271548        0.399929       -0.085015

     Cl  18        0.214652       -0.195137        0.022065
     Cl  18       -0.195137       -0.065114       -0.002729
     Cl  18        0.022065       -0.002729       -0.149539

     H   19       -0.509320       -0.091221        0.059457
     H   19       -0.091221        0.576887       -0.743341
     H   19        0.059457       -0.743341       -0.067566

     C   20        0.343169        0.212794        0.182155
     C   20        0.212794        0.049355       -0.323812
     C   20        0.182155       -0.323812       -0.392524

     H   21        0.607782       -0.342561        0.640960
     H   21       -0.342561       -0.385672       -0.252496
     H   21        0.640960       -0.252496       -0.222110

     C   22        0.212627        0.240795        0.142202
     C   22        0.240795        0.157201       -0.383273
     C   22        0.142202       -0.383273       -0.369828

     C   23        0.292186        0.134276        0.220612
     C   23        0.134276        0.109341       -0.323586
     C   23        0.220612       -0.323586       -0.401527

     Cl  24        0.139234        0.242509        0.030063
     Cl  24        0.242509        0.026729        0.015634
     Cl  24        0.030063        0.015634       -0.165963

     ----- GIPAW term -----
     Cl   1       -0.401613       -0.894816       -0.594293
     Cl   1       -0.894816        0.121402       -1.775566
     Cl   1       -0.594293       -1.775566        0.280212

     C    2       -0.127802       -0.036876       -0.014291
     C    2       -0.036876        0.083644       -0.223980
     C    2       -0.014291       -0.223980        0.044158

     C    3       -0.033280        0.025644       -0.032410
     C    3        0.025644        0.012486       -0.075555
     C    3       -0.032410       -0.075555        0.020795

     H    4       -0.000000        0.000000        0.000000
     H    4        0.000000        0.000000        0.000000
     H    4        0.000000        0.000000        0.000000

     C    5       -0.082035        0.044705       -0.024728
     C    5        0.044705        0.079478       -0.076160
     C    5       -0.024728       -0.076160        0.002556

     H    6       -0.000000        0.000000        0.000000
     H    6        0.000000        0.000000        0.000000
     H    6        0.000000        0.000000        0.000000

     H    7       -0.000000        0.000000        0.000000
     H    7        0.000000        0.000000        0.000000
     H    7        0.000000        0.000000        0.000000

     C    8       -0.096504       -0.081199        0.033360
     C    8       -0.081199        0.160390       -0.090055
     C    8        0.033360       -0.090055       -0.063886

     H    9       -0.000000        0.000000        0.000000
     H    9        0.000000        0.000000        0.000000
     H    9        0.000000        0.000000        0.000000

     C   10       -0.207381       -0.086448       -0.047949
     C   10       -0.086448        0.286859        0.019682
     C   10       -0.047949        0.019682       -0.079478

     C   11       -0.072202        0.118975       -0.035844
     C   11        0.118975        0.169775       -0.130153
     C   11       -0.035844       -0.130153       -0.097573

     Cl  12       -0.906065        1.445585       -0.172341
     Cl  12        1.445585        2.560669       -0.302130
     Cl  12       -0.172341       -0.302130       -1.654604

     H   13       -0.000000        0.000000        0.000000
     H   13        0.000000        0.000000        0.000000
     H   13        0.000000        0.000000        0.000000

     C   14        0.155442       -0.159024       -0.113911
     C   14       -0.159024       -0.081511       -0.078491
     C   14       -0.113911       -0.078491       -0.073931

     H   15       -0.000000        0.000000        0.000000
     H   15        0.000000        0.000000        0.000000
     H   15        0.000000        0.000000        0.000000

     C   16        0.046112       -0.094764       -0.188808
     C   16       -0.094764       -0.045743        0.107320
     C   16       -0.188808        0.107320       -0.000369

     C   17       -0.043852       -0.100548       -0.045174
     C   17       -0.100548        0.236073       -0.117771
     C   17       -0.045174       -0.117771       -0.192221

     Cl  18       -0.639487        0.743466       -0.038043
     Cl  18        0.743466        2.443934        0.148725
     Cl  18       -0.038043        0.148725       -1.804447

     H   19       -0.000000        0.000000        0.000000
     H   19        0.000000        0.000000        0.000000
     H   19        0.000000        0.000000        0.000000

     C   20       -0.139215        0.080021       -0.123006
     C   20        0.080021        0.129581       -0.170001
     C   20       -0.123006       -0.170001        0.009635

     H   21       -0.000000        0.000000        0.000000
     H   21        0.000000        0.000000        0.000000
     H   21        0.000000        0.000000        0.000000

     C   22       -0.086785        0.075182       -0.059977
     C   22        0.075182       -0.008380       -0.161048
     C   22       -0.059977       -0.161048        0.095165

     C   23       -0.115283       -0.017694        0.009779
     C   23       -0.017694        0.034208       -0.102494
     C   23        0.009779       -0.102494        0.081074

     Cl  24       -0.235509        1.126198        0.425971
     Cl  24        1.126198        1.286086       -2.065057
     Cl  24        0.425971       -2.065057       -1.050578

     ----- total EFG -----
     Cl   1       -0.185940       -1.118261       -0.602623
     Cl   1       -1.118261        0.074918       -1.648071
     Cl   1       -0.602623       -1.648071        0.111023

     C    2       -0.416320       -0.036887        0.101756
     C    2       -0.036887        0.050760       -0.312634
     C    2        0.101756       -0.312634        0.365561

     C    3        0.150404       -0.186651        0.120477
     C    3       -0.186651       -0.021934        0.066402
     C    3        0.120477        0.066402       -0.128470

     H    4        0.390942        0.108350        0.555248
     H    4        0.108350       -0.140931        0.411305
     H    4        0.555248        0.411305       -0.250012

     C    5       -0.264030       -0.019221        0.142163
     C    5       -0.019221        0.232963        0.128814
     C    5        0.142163        0.128814        0.031067

     H    6       -0.106857       -0.086587        0.189023
     H    6       -0.086587        0.505172        0.669024
     H    6        0.189023        0.669024       -0.398314

     H    7       -0.103281        0.119793        0.013740
     H    7        0.119793        0.098674       -0.275595
     H    7        0.013740       -0.275595        0.004607

     C    8        0.248046       -0.123911        0.078240
     C    8       -0.123911        0.076126       -0.019323
     C    8        0.078240       -0.019323       -0.324173

     H    9        0.530567        0.128182        0.388203
     H    9        0.128182       -0.553146       -0.253707
     H    9        0.388203       -0.253707        0.022579

     C   10       -0.693055       -0.275923       -0.212055
     C   10       -0.275923        0.870250       -0.213857
     C   10       -0.212055       -0.213857       -0.177196

     C   11        0.197311        0.374674       -0.119114
     C   11        0.374674        0.211294       -0.010409
     C   11       -0.119114       -0.010409       -0.408605

     Cl  12       -1.120262        1.379068       -0.202344
     Cl  12        1.379068        2.794051       -0.328920
     Cl  12       -0.202344       -0.328920       -1.673789

     H   13       -0.471286        0.177656        0.182716
     H   13        0.177656        0.361107        0.232952
     H   13        0.182716        0.232952        0.110180

     C   14        0.282188       -0.705995       -0.253537
     C   14       -0.705995       -0.223015       -0.308781
     C   14       -0.253537       -0.308781       -0.059172

     H   15        0.349936        0.151072        0.547240
     H   15        0.151072       -0.064518       -0.134102
     H   15        0.547240       -0.134102       -0.285418

     C   16       -0.087756       -0.112987       -0.337046
     C   16       -0.112987       -0.164543        0.370763
     C   16       -0.337046        0.370763        0.252300

     C   17        0.118112       -0.480220       -0.074453
     C   17       -0.480220        0.155902       -0.396287
     C   17       -0.074453       -0.396287       -0.274014

     Cl  18       -0.566702        0.781341       -0.017469
     Cl  18        0.781341        2.322999        0.132714
     Cl  18       -0.017469        0.132714       -1.756297

     H   19       -0.256487       -0.095960       -0.026711
     H   19       -0.095960        0.055313       -0.108011
     H   19       -0.026711       -0.108011        0.201174

     C   20       -0.589235       -0.064894       -0.407899
     C   20       -0.064894        0.479911       -0.518202
     C   20       -0.407899       -0.518202        0.109323

     H   21        0.040422       -0.370065        0.556865
     H   21       -0.370065       -0.056566        0.091253
     H   21        0.556865        0.091253        0.016143

     C   22        0.225454        0.333535       -0.080663
     C   22        0.333535       -0.327429       -0.121293
     C   22       -0.080663       -0.121293        0.101975

     C   23       -0.603744       -0.273053       -0.024330
     C   23       -0.273053        0.423167       -0.326159
     C   23       -0.024330       -0.326159        0.180576

     Cl  24       -0.100759        1.339084        0.508829
     Cl  24        1.339084        1.317432       -2.127714
     Cl  24        0.508829       -2.127714       -1.216673

     ----- total EFG (symmetrized) -----
     Cl   1       -0.185940       -1.118261       -0.602623
     Cl   1       -1.118261        0.074918       -1.648071
     Cl   1       -0.602623       -1.648071        0.111023

     C    2       -0.416320       -0.036887        0.101756
     C    2       -0.036887        0.050760       -0.312634
     C    2        0.101756       -0.312634        0.365561

     C    3        0.150404       -0.186651        0.120477
     C    3       -0.186651       -0.021934        0.066402
     C    3        0.120477        0.066402       -0.128470

     H    4        0.390942        0.108350        0.555248
     H    4        0.108350       -0.140931        0.411305
     H    4        0.555248        0.411305       -0.250012

     C    5       -0.264030       -0.019221        0.142163
     C    5       -0.019221        0.232963        0.128814
     C    5        0.142163        0.128814        0.031067

     H    6       -0.106857       -0.086587        0.189023
     H    6       -0.086587        0.505172        0.669024
     H    6        0.189023        0.669024       -0.398314

     H    7       -0.103281        0.119793        0.013740
     H    7        0.119793        0.098674       -0.275595
     H    7        0.013740       -0.275595        0.004607

     C    8        0.248046       -0.123911        0.078240
     C    8       -0.123911        0.076126       -0.019323
     C    8        0.078240       -0.019323       -0.324173

     H    9        0.530567        0.128182        0.388203
     H    9        0.128182       -0.553146       -0.253707
     H    9        0.388203       -0.253707        0.022579

     C   10       -0.693055       -0.275923       -0.212055
     C   10       -0.275923        0.870250       -0.213857
     C   10       -0.212055       -0.213857       -0.177196

     C   11        0.197311        0.374674       -0.119114
     C   11        0.374674        0.211294       -0.010409
     C   11       -0.119114       -0.010409       -0.408605

     Cl  12       -1.120262        1.379068       -0.202344
     Cl  12        1.379068        2.794051       -0.328920
     Cl  12       -0.202344       -0.328920       -1.673789

     H   13       -0.471286        0.177656        0.182716
     H   13        0.177656        0.361107        0.232952
     H   13        0.182716        0.232952        0.110180

     C   14        0.282188       -0.705995       -0.253537
     C   14       -0.705995       -0.223015       -0.308781
     C   14       -0.253537       -0.308781       -0.059172

     H   15        0.349936        0.151072        0.547240
     H   15        0.151072       -0.064518       -0.134102
     H   15        0.547240       -0.134102       -0.285418

     C   16       -0.087756       -0.112987       -0.337046
     C   16       -0.112987       -0.164543        0.370763
     C   16       -0.337046        0.370763        0.252300

     C   17        0.118112       -0.480220       -0.074453
     C   17       -0.480220        0.155902       -0.396287
     C   17       -0.074453       -0.396287       -0.274014

     Cl  18       -0.566702        0.781341       -0.017469
     Cl  18        0.781341        2.322999        0.132714
     Cl  18       -0.017469        0.132714       -1.756297

     H   19       -0.256487       -0.095960       -0.026711
     H   19       -0.095960        0.055313       -0.108011
     H   19       -0.026711       -0.108011        0.201174

     C   20       -0.589235       -0.064894       -0.407899
     C   20       -0.064894        0.479911       -0.518202
     C   20       -0.407899       -0.518202        0.109323

     H   21        0.040422       -0.370065        0.556865
     H   21       -0.370065       -0.056566        0.091253
     H   21        0.556865        0.091253        0.016143

     C   22        0.225454        0.333535       -0.080663
     C   22        0.333535       -0.327429       -0.121293
     C   22       -0.080663       -0.121293        0.101975

     C   23       -0.603744       -0.273053       -0.024330
     C   23       -0.273053        0.423167       -0.326159
     C   23       -0.024330       -0.326159        0.180576

     Cl  24       -0.100759        1.339084        0.508829
     Cl  24        1.339084        1.317432       -2.127714
     Cl  24        0.508829       -2.127714       -1.216673


     NQR/NMR SPECTROSCOPIC PARAMETERS:
     Cl   1    Vxx=    0.4539    axis=( -0.831791  0.196102  0.519296)
     Cl   1    Vyy=    1.8228    axis=(  0.221710 -0.740285  0.634683)
     Cl   1    Vzz=   -2.2767    axis=( -0.508889 -0.643056 -0.572285)
     Cl   1  Q=        -8.1650 1e-30 m^2  Cq=        43.6778 MHz  eta= 0.60125

     C    2    Vxx=   -0.1402    axis=(  0.074980  0.854894  0.513355)
     C    2    Vyy=   -0.4294    axis=( -0.991433  0.008695  0.130328)
     C    2    Vzz=    0.5696    axis=(  0.106954 -0.518729  0.848222)
     C    2  Q=         1.0000 1e-30 m^2  Cq=         1.3383 MHz  eta= 0.50768

     C    3    Vxx=   -0.0215    axis=( -0.245702 -0.675173 -0.695538)
     C    3    Vyy=   -0.2599    axis=(  0.456214  0.552553 -0.697534)
     C    3    Vzz=    0.2813    axis=( -0.855277  0.488700 -0.172260)
     C    3  Q=         1.0000 1e-30 m^2  Cq=         0.6610 MHz  eta= 0.84748

     H    4    Vxx=   -0.0723    axis=(  0.515333 -0.812900 -0.271339)
     H    4    Vyy=   -0.7403    axis=(  0.346704  0.487309 -0.801453)
     H    4    Vzz=    0.8126    axis=(  0.783727  0.318940  0.532962)
     H    4  Q=         1.0000 1e-30 m^2  Cq=         1.9093 MHz  eta= 0.82199

     C    5    Vxx=    0.0299    axis=( -0.410733  0.460374 -0.786991)
     C    5    Vyy=    0.2997    axis=(  0.088129  0.879164  0.468298)
     C    5    Vzz=   -0.3296    axis=( -0.907487 -0.122989  0.401674)
     C    5  Q=         1.0000 1e-30 m^2  Cq=        -0.7743 MHz  eta= 0.81849

     H    6    Vxx=   -0.0462    axis=(  0.959501 -0.143485  0.242423)
     H    6    Vyy=   -0.8147    axis=(  0.281404  0.448475 -0.848341)
     H    6    Vzz=    0.8608    axis=(  0.013004  0.882203  0.470689)
     H    6  Q=         1.0000 1e-30 m^2  Cq=         2.0226 MHz  eta= 0.89278

     H    7    Vxx=   -0.0712    axis=(  0.858905  0.175127  0.481261)
     H    7    Vyy=   -0.2757    axis=(  0.477182 -0.614870 -0.627879)
     H    7    Vzz=    0.3469    axis=( -0.185955 -0.768938  0.611683)
     H    7  Q=         1.0000 1e-30 m^2  Cq=         0.8150 MHz  eta= 0.58973

     C    8    Vxx=    0.0123    axis=(  0.450602  0.891114  0.053602)
     C    8    Vyy=    0.3224    axis=( -0.882969  0.453726 -0.120408)
     C    8    Vzz=   -0.3347    axis=( -0.131618  0.006927  0.991276)
     C    8  Q=         1.0000 1e-30 m^2  Cq=        -0.7864 MHz  eta= 0.92646

     H    9    Vxx=   -0.0323    axis=(  0.421882  0.478874 -0.769867)
     H    9    Vyy=   -0.7082    axis=(  0.223565 -0.877859 -0.423535)
     H    9    Vzz=    0.7405    axis=( -0.878655  0.006566 -0.477412)
     H    9  Q=         1.0000 1e-30 m^2  Cq=         1.7400 MHz  eta= 0.91265

     C   10    Vxx=   -0.1114    axis=( -0.379948  0.093683  0.920251)
     C   10    Vyy=   -0.8343    axis=(  0.913745  0.192786  0.357636)
     C   10    Vzz=    0.9457    axis=( -0.143907  0.976758 -0.158851)
     C   10  Q=         1.0000 1e-30 m^2  Cq=         2.2220 MHz  eta= 0.76437

     C   11    Vxx=   -0.1482    axis=(  0.661708 -0.697585 -0.274806)
     C   11    Vyy=   -0.4392    axis=( -0.257363  0.132924 -0.957129)
     C   11    Vzz=    0.5874    axis=(  0.704207  0.704064 -0.091575)
     C   11  Q=         1.0000 1e-30 m^2  Cq=         1.3802 MHz  eta= 0.49537

     Cl  12    Vxx=   -1.5117    axis=(  0.845778 -0.304365 -0.438202)
     Cl  12    Vyy=   -1.7479    axis=(  0.439388 -0.068548  0.895678)
     Cl  12    Vzz=    3.2596    axis=( -0.302651 -0.950086  0.075758)
     Cl  12  Q=        -8.1650 1e-30 m^2  Cq=       -62.5334 MHz  eta= 0.07246

     H   13    Vxx=   -0.0213    axis=(  0.115222 -0.555268  0.823651)
     H   13    Vyy=   -0.5382    axis=(  0.965426 -0.132586 -0.224439)
     H   13    Vzz=    0.5595    axis=(  0.233828  0.821035  0.520794)
     H   13  Q=         1.0000 1e-30 m^2  Cq=         1.3145 MHz  eta= 0.92384

     C   14    Vxx=    0.1269    axis=( -0.211463 -0.371211  0.904149)
     C   14    Vyy=    0.7806    axis=( -0.823013  0.566603  0.040140)
     C   14    Vzz=   -0.9075    axis=( -0.527194 -0.735638 -0.425327)
     C   14  Q=         1.0000 1e-30 m^2  Cq=        -2.1323 MHz  eta= 0.72033

     H   15    Vxx=   -0.0086    axis=(  0.075010  0.947537 -0.310721)
     H   15    Vyy=   -0.6622    axis=(  0.487695 -0.306649 -0.817386)
     H   15    Vzz=    0.6708    axis=( -0.869786 -0.090225 -0.485110)
     H   15  Q=         1.0000 1e-30 m^2  Cq=         1.5762 MHz  eta= 0.97441

     C   16    Vxx=   -0.2273    axis=(  0.824251  0.543393  0.159165)
     C   16    Vyy=   -0.4101    axis=( -0.362531  0.722385 -0.588838)
     C   16    Vzz=    0.6374    axis=( -0.434949  0.427649  0.792424)
     C   16  Q=         1.0000 1e-30 m^2  Cq=         1.4976 MHz  eta= 0.28669

     C   17    Vxx=   -0.0231    axis=(  0.671223  0.302353 -0.676788)
     C   17    Vyy=   -0.6589    axis=(  0.428496  0.586754  0.687103)
     C   17    Vzz=    0.6820    axis=( -0.604856  0.751201 -0.264286)
     C   17  Q=         1.0000 1e-30 m^2  Cq=         1.6024 MHz  eta= 0.93216

     Cl  18    Vxx=   -0.7620    axis=(  0.968709 -0.243218 -0.049483)
     Cl  18    Vyy=   -1.7624    axis=( -0.040891  0.040252 -0.998353)
     Cl  18    Vzz=    2.5243    axis=(  0.244809  0.969136  0.029047)
     Cl  18  Q=        -8.1650 1e-30 m^2  Cq=       -48.4284 MHz  eta= 0.39629

     H   19    Vxx=    0.0306    axis=( -0.318713  0.822522  0.471042)
     H   19    Vyy=    0.2595    axis=(  0.044637 -0.483382  0.874271)
     H   19    Vzz=   -0.2902    axis=(  0.946800  0.299667  0.117345)
     H   19  Q=         1.0000 1e-30 m^2  Cq=        -0.6818 MHz  eta= 0.78881

     C   20    Vxx=   -0.0267    axis=( -0.522318  0.576155  0.628673)
     C   20    Vyy=   -0.8430    axis=( -0.842050 -0.232046 -0.486936)
     C   20    Vzz=    0.8697    axis=( -0.134670 -0.783709  0.606353)
     C   20  Q=         1.0000 1e-30 m^2  Cq=         2.0434 MHz  eta= 0.93861

     H   21    Vxx=    0.0497    axis=( -0.102745  0.829247  0.549357)
     H   21    Vyy=    0.6505    axis=( -0.736532  0.307770 -0.602327)
     H   21    Vzz=   -0.7002    axis=(  0.668553  0.466505 -0.579145)
     H   21  Q=         1.0000 1e-30 m^2  Cq=        -1.6452 MHz  eta= 0.85793

     C   22    Vxx=    0.0636    axis=(  0.381085  0.038517  0.923737)
     C   22    Vyy=    0.4304    axis=(  0.831080  0.423478 -0.360517)
     C   22    Vzz=   -0.4940    axis=( -0.405068  0.905087  0.129371)
     C   22  Q=         1.0000 1e-30 m^2  Cq=        -1.1608 MHz  eta= 0.74237

     C   23    Vxx=   -0.0001    axis=( -0.252364  0.483211  0.838343)
     C   23    Vyy=   -0.6852    axis=( -0.953250 -0.272971 -0.129617)
     C   23    Vzz=    0.6853    axis=(  0.166211 -0.831862  0.529509)
     C   23  Q=         1.0000 1e-30 m^2  Cq=         1.6103 MHz  eta= 0.99973

     Cl  24    Vxx=    0.0539    axis=(  0.865667 -0.087340  0.492943)
     Cl  24    Vyy=    2.8349    axis=( -0.319111 -0.854961  0.408914)
     Cl  24    Vzz=   -2.8888    axis=(  0.385732 -0.511286 -0.767982)
     Cl  24  Q=        -8.1650 1e-30 m^2  Cq=        55.4196 MHz  eta= 0.96270

     Initialization:
     gipaw_setup  :      9.04s CPU     11.35s WALL (       1 calls)

     Linear response

     Apply operators

     Induced current

     Other routines
     efg          :      9.38s CPU     12.52s WALL (       1 calls)

     General routines
     calbec       :      3.25s CPU      4.52s WALL (      16 calls)
     fft          :      1.39s CPU      1.66s WALL (      15 calls)
     ffts         :      0.04s CPU      0.05s WALL (       2 calls)
     fftw         :      3.29s CPU      4.45s WALL (     672 calls)
     davcio       :      0.01s CPU      0.33s WALL (      32 calls)

     Parallel routines
     fft_scatter  :      2.20s CPU      3.30s WALL (     689 calls)

     Plugins

     GIPAW        :     62.35s CPU     76.07s WALL (       1 calls)
