
     Program QE v.6.0 (svn rev. 13079) starts on  6Jan2017 at  5: 1: 7 

     This program is part of the open-source Quantum ESPRESSO suite
     for quantum simulation of materials; please cite
         "P. Giannozzi et al., J. Phys.:Condens. Matter 21 395502 (2009);
          URL http://www.quantum-espresso.org", 
     in publications or presentations arising from this work. More details at
     http://www.quantum-espresso.org/quote

     Parallel version (MPI), running on     8 processors
     R & G space division:  proc/nbgrp/npool/nimage =       8

     ***** This is GIPAW svn revision unknown      *****

     Parallelizing q-star over 1 images

     Reading data from directory:
     /users/majewski/paradichlorobenzene/pbe/9_constraint/scratch/pbe.ecut100.np8.dt60.pcl2phi-129368.save
     Message from routine read_xml_file:
     file /users/majewski/paradichlorobenzene/pbe/9_constraint/scratch/pbe.ecut100.np8.dt60.pcl2phi-129368.save not guaranteed to be safe for post-processing

   Info: using nr1, nr2, nr3 values from input

   Info: using nr1, nr2, nr3 values from input

     IMPORTANT: XC functional enforced from input :
     Exchange-correlation      =  SLA  PW   PBX  PBC ( 1  4  3  4 0 0)
     Any further DFT definition will be discarded
     Please, verify this is what you really want

               file C.pbe-n-kjpaw_psl.1.0.0.UPF: wavefunction(s)  2S 2P renormalized
               file Cl.pbe-n-kjpaw_psl.1.0.0.UPF: wavefunction(s)  3S 3P renormalized
               file H.pbe-kjpaw_psl.1.0.0.UPF: wavefunction(s)  1S renormalized

     Parallelization info
     --------------------
     sticks:   dense  smooth     PW     G-vecs:    dense   smooth      PW
     Min        3057    1223    332               144436    36536    5170
     Max        3059    1225    333               144437    36537    5171
     Sum       24467    9791   2657              1155489   292295   41363


     Subspace diagonalization in iterative solution of the eigenvalue problem:
     a serial algorithm will be used

     GIPAW projectors -----------------------------------------------
     atom=  C    l=0  rc=    1.2000  rs=    0.8000
     atom=  C    l=0  rc=    1.2000  rs=    0.8000
     atom=  C    l=1  rc=    1.4000  rs=    0.9333
     atom=  C    l=1  rc=    1.4000  rs=    0.9333
     projs nearly linearly dependent: l=1  n1,n2= 1, 2  s=  0.99951561

     atom=  Cl   l=0  rc=    1.6000  rs=    1.0667
     atom=  Cl   l=0  rc=    1.6000  rs=    1.0667
     atom=  Cl   l=1  rc=    1.6000  rs=    1.0667
     atom=  Cl   l=1  rc=    1.6000  rs=    1.0667
     atom=  Cl   l=2  rc=    1.6000  rs=    1.0667
     atom=  Cl   l=2  rc=    1.6000  rs=    1.0667
     projs nearly linearly dependent: l=2  n1,n2= 1, 2  s=  0.99993509

     atom=  H    l=0  rc=    1.0000  rs=    0.6667
     atom=  H    l=0  rc=    1.0000  rs=    0.6667
     projs nearly linearly dependent: l=0  n1,n2= 1, 2  s=  0.99968852
     -----------------------------------------------------------------

     GIPAW integrals: -------------------------------------------
     Atom  i/j   nmr_para   nmr_dia   epr_rmc  epr_para   epr_dia
       C   1 1   0.83E+03  0.17E-01  0.93E+01  0.24E+08  0.24E+03
       C   2 1   0.86E+03 -0.61E-01  0.94E+01  0.25E+08  0.25E+03
       C   2 2   0.90E+03 -0.15E+00  0.97E+01  0.26E+08  0.26E+03
       C   3 3   0.33E+01  0.34E+00  0.18E+01  0.55E+03  0.21E+02
       C   4 3   0.35E+01  0.37E+00  0.20E+01  0.59E+03  0.22E+02
       C   4 4   0.38E+01  0.39E+00  0.22E+01  0.63E+03  0.24E+02
       Cl  1 1   0.14E+04 -0.47E+00  0.84E+01  0.32E+09  0.42E+03
       Cl  2 1   0.21E+04 -0.37E+00  0.12E+02  0.49E+09  0.65E+03
       Cl  2 2   0.33E+04 -0.16E+00  0.21E+02  0.76E+09  0.10E+04
       Cl  3 3   0.21E+02  0.79E-01  0.89E+01  0.23E+05  0.13E+03
       Cl  4 3   0.24E+02  0.67E-01  0.99E+01  0.27E+05  0.15E+03
       Cl  4 4   0.28E+02  0.44E-01  0.11E+02  0.32E+05  0.18E+03
       Cl  5 5   0.77E+00  0.19E+00  0.18E+01  0.12E+03  0.22E+02
       Cl  6 5   0.80E+00  0.19E+00  0.19E+01  0.12E+03  0.23E+02
       Cl  6 6   0.83E+00  0.20E+00  0.19E+01  0.12E+03  0.23E+02
       H   1 1   0.39E+02  0.19E+00  0.29E+00  0.78E+05  0.13E+02
       H   2 1   0.41E+02  0.21E+00  0.32E+00  0.82E+05  0.14E+02
       H   2 2   0.43E+02  0.22E+00  0.36E+00  0.86E+05  0.15E+02
     ------------------------------------------------------------

     alpha_pv=     33.7121 eV

     Number of occupied bands for each k-point:
     k-point:     1    nbnd_occ=  42
     k-point:     2    nbnd_occ=  42
     k-point:     3    nbnd_occ=  42
     k-point:     4    nbnd_occ=  42
     k-point:     5    nbnd_occ=  42
     k-point:     6    nbnd_occ=  42
     k-point:     7    nbnd_occ=  42
     k-point:     8    nbnd_occ=  42
     k-point:     9    nbnd_occ=  42
     k-point:    10    nbnd_occ=  42
     k-point:    11    nbnd_occ=  42
     k-point:    12    nbnd_occ=  42
     k-point:    13    nbnd_occ=  42
     k-point:    14    nbnd_occ=  42
     k-point:    15    nbnd_occ=  42
     k-point:    16    nbnd_occ=  42


     q-space interpolation up to   110.00 Rydberg

     GIPAW job: efg                                                                             


     ELECTRIC FIELD GRADIENTS TENSORS IN Hartree/bohrradius^2:

     ----- bare term -----
     Cl   1       -0.032111        0.052774       -0.085989
     Cl   1        0.052774        0.082967       -0.105734
     Cl   1       -0.085989       -0.105734       -0.050856

     C    2       -0.337329        0.238012       -0.278659
     C    2        0.238012       -0.038961       -0.459368
     C    2       -0.278659       -0.459368        0.376290

     C    3       -0.160195       -0.119356       -0.207289
     C    3       -0.119356       -0.150223       -0.604773
     C    3       -0.207289       -0.604773        0.310418

     H    4       -0.056062       -0.067438       -0.597185
     H    4       -0.067438        0.442357       -0.000596
     H    4       -0.597185       -0.000596       -0.386295

     C    5       -0.216530        0.371756        0.028875
     C    5        0.371756       -0.212284       -0.420475
     C    5        0.028875       -0.420475        0.428814

     H    6        0.293229       -0.040662       -0.362797
     H    6       -0.040662       -0.092704       -0.410712
     H    6       -0.362797       -0.410712       -0.200525

     H    7        0.220547        0.465500        0.034778
     H    7        0.465500       -0.601817        0.161496
     H    7        0.034778        0.161496        0.381270

     C    8       -0.082548       -0.456746       -0.158433
     C    8       -0.456746       -0.198521        0.445168
     C    8       -0.158433        0.445168        0.281069

     H    9       -0.543852        0.488115        0.051502
     H    9        0.488115        0.233255       -0.039737
     H    9        0.051502       -0.039737        0.310598

     C   10       -0.242052       -0.296552       -0.372308
     C   10       -0.296552        0.000814        0.359531
     C   10       -0.372308        0.359531        0.241238

     C   11       -0.038767       -0.026187       -0.284562
     C   11       -0.026187       -0.199499        0.515233
     C   11       -0.284562        0.515233        0.238266

     Cl  12       -0.060547       -0.055060       -0.046755
     Cl  12       -0.055060       -0.020423       -0.011170
     Cl  12       -0.046755       -0.011170        0.080970

     H   13        0.311018       -0.179427       -0.100855
     H   13       -0.179427       -0.467999       -0.491820
     H   13       -0.100855       -0.491820        0.156982

     C   14       -0.342925        0.200811       -0.349222
     C   14        0.200811       -0.079300       -0.429605
     C   14       -0.349222       -0.429605        0.422225

     H   15       -0.229012       -0.104631       -0.545861
     H   15       -0.104631        0.211170        0.005233
     H   15       -0.545861        0.005233        0.017842

     C   16       -0.046066        0.475909       -0.148163
     C   16        0.475909       -0.357888       -0.491322
     C   16       -0.148163       -0.491322        0.403954

     C   17        0.008917       -0.095874       -0.497168
     C   17       -0.095874       -0.087030       -0.493548
     C   17       -0.497168       -0.493548        0.078113

     Cl  18       -0.019384        0.092702        0.010057
     Cl  18        0.092702       -0.032579       -0.006244
     Cl  18        0.010057       -0.006244        0.051964

     H   19        0.297255        0.094742       -0.116171
     H   19        0.094742       -0.429652        0.531712
     H   19       -0.116171        0.531712        0.132397

     C   20       -0.587878       -0.249962       -0.402260
     C   20       -0.249962        0.032579        0.247958
     C   20       -0.402260        0.247958        0.555299

     H   21       -0.525007        0.084344       -0.345254
     H   21        0.084344        0.303327        0.269074
     H   21       -0.345254        0.269074        0.221680

     C   22       -0.046984       -0.330613       -0.094134
     C   22       -0.330613       -0.447983        0.462001
     C   22       -0.094134        0.462001        0.494967

     C   23       -0.389834       -0.051335       -0.323788
     C   23       -0.051335        0.043271        0.293520
     C   23       -0.323788        0.293520        0.346563

     Cl  24       -0.031012       -0.150103        0.079558
     Cl  24       -0.150103        0.036203       -0.111920
     Cl  24        0.079558       -0.111920       -0.005191

     ----- ionic term -----
     Cl   1        0.085236       -0.206548        0.011930
     Cl   1       -0.206548        0.057105       -0.008501
     Cl   1        0.011930       -0.008501       -0.142341

     C    2        0.142965       -0.205518        0.296659
     C    2       -0.205518        0.124157        0.332797
     C    2        0.296659        0.332797       -0.267122

     C    3        0.112084       -0.241465        0.245694
     C    3       -0.241465        0.148615        0.356534
     C    3        0.245694        0.356534       -0.260700

     H    4        0.404591        0.286488        0.767628
     H    4        0.286488       -0.431233        0.285372
     H    4        0.767628        0.285372        0.026642

     C    5        0.248044       -0.243222        0.327208
     C    5       -0.243222        0.016478        0.280980
     C    5        0.327208        0.280980       -0.264522

     H    6       -0.518481        0.082594        0.067670
     H    6        0.082594        0.536326        0.755497
     H    6        0.067670        0.755497       -0.017845

     H    7       -0.485767       -0.208423        0.085593
     H    7       -0.208423        0.799487       -0.574717
     H    7        0.085593       -0.574717       -0.313720

     C    8        0.315991        0.075389        0.247329
     C    8        0.075389        0.126746       -0.275406
     C    8        0.247329       -0.275406       -0.442737

     H    9        0.805921       -0.438683        0.392077
     H    9       -0.438683       -0.344006       -0.180461
     H    9        0.392077       -0.180461       -0.461915

     C   10        0.182553        0.114549        0.164549
     C   10        0.114549        0.242521       -0.357636
     C   10        0.164549       -0.357636       -0.425074

     C   11        0.190625        0.085716        0.284646
     C   11        0.085716        0.200842       -0.396000
     C   11        0.284646       -0.396000       -0.391467

     Cl  12        0.110711        0.201327        0.007971
     Cl  12        0.201327        0.040710       -0.000030
     Cl  12        0.007971       -0.000030       -0.151422

     H   13       -0.505019        0.155181        0.118874
     H   13        0.155181        0.620889        0.710824
     H   13        0.118874        0.710824       -0.115870

     C   14        0.229850       -0.257284        0.292298
     C   14       -0.257284        0.106626        0.267935
     C   14        0.292298        0.267935       -0.336476

     H   15        0.578852        0.101682        0.752427
     H   15        0.101682       -0.498613        0.151508
     H   15        0.752427        0.151508       -0.080238

     C   16        0.111582       -0.308754        0.240157
     C   16       -0.308754        0.211338        0.349755
     C   16        0.240157        0.349755       -0.322921

     C   17        0.172053       -0.156932        0.326712
     C   17       -0.156932        0.068962        0.378855
     C   17        0.326712        0.378855       -0.241015

     Cl  18        0.141776       -0.185081        0.005655
     Cl  18       -0.185081       -0.007077        0.007822
     Cl  18        0.005655        0.007822       -0.134699

     H   19       -0.509921       -0.149672        0.112570
     H   19       -0.149672        0.514854       -0.751353
     H   19        0.112570       -0.751353       -0.004932

     C   20        0.273104        0.141215        0.258589
     C   20        0.141215        0.074650       -0.320940
     C   20        0.258589       -0.320940       -0.347754

     H   21        0.670503       -0.267048        0.660752
     H   21       -0.267048       -0.438717       -0.214670
     H   21        0.660752       -0.214670       -0.231786

     C   22        0.142200        0.214045        0.195129
     C   22        0.214045        0.219261       -0.396347
     C   22        0.195129       -0.396347       -0.361462

     C   23        0.214564        0.076474        0.251131
     C   23        0.076474        0.173834       -0.415110
     C   23        0.251131       -0.415110       -0.388398

     Cl  24        0.124377        0.203337        0.010606
     Cl  24        0.203337        0.025368       -0.003464
     Cl  24        0.010606       -0.003464       -0.149745

     ----- GIPAW term -----
     Cl   1        0.038908       -0.957469       -0.662647
     Cl   1       -0.957469        1.810695       -1.708220
     Cl   1       -0.662647       -1.708220       -1.849603

     C    2       -0.040299       -0.116093       -0.018289
     C    2       -0.116093        0.077453       -0.142659
     C    2       -0.018289       -0.142659       -0.037154

     C    3       -0.057035       -0.146032        0.078969
     C    3       -0.146032       -0.039203       -0.200195
     C    3        0.078969       -0.200195        0.096239

     H    4       -0.000000        0.000000        0.000000
     H    4        0.000000        0.000000        0.000000
     H    4        0.000000        0.000000        0.000000

     C    5        0.065324       -0.054916        0.152913
     C    5       -0.054916       -0.091200       -0.136978
     C    5        0.152913       -0.136978        0.025876

     H    6       -0.000000        0.000000        0.000000
     H    6        0.000000        0.000000        0.000000
     H    6        0.000000        0.000000        0.000000

     H    7       -0.000000        0.000000        0.000000
     H    7        0.000000        0.000000        0.000000
     H    7        0.000000        0.000000        0.000000

     C    8        0.039931       -0.228610       -0.015105
     C    8       -0.228610        0.034191        0.104325
     C    8       -0.015105        0.104325       -0.074123

     H    9       -0.000000        0.000000        0.000000
     H    9        0.000000        0.000000        0.000000
     H    9        0.000000        0.000000        0.000000

     C   10        0.041069       -0.166335       -0.086317
     C   10       -0.166335        0.031138        0.042265
     C   10       -0.086317        0.042265       -0.072207

     C   11        0.031579        0.106313       -0.032161
     C   11        0.106313        0.030829        0.004949
     C   11       -0.032161        0.004949       -0.062407

     Cl  12        1.143532        2.144142       -0.363289
     Cl  12        2.144142       -0.018994       -0.096020
     Cl  12       -0.363289       -0.096020       -1.124538

     H   13       -0.000000        0.000000        0.000000
     H   13        0.000000        0.000000        0.000000
     H   13        0.000000        0.000000        0.000000

     C   14       -0.042641        0.029357       -0.054019
     C   14        0.029357       -0.022957       -0.103373
     C   14       -0.054019       -0.103373        0.065598

     H   15       -0.000000        0.000000        0.000000
     H   15        0.000000        0.000000        0.000000
     H   15        0.000000        0.000000        0.000000

     C   16        0.060280        0.109174       -0.023980
     C   16        0.109174       -0.084490       -0.069307
     C   16       -0.023980       -0.069307        0.024210

     C   17        0.239949       -0.074062       -0.066095
     C   17       -0.074062       -0.072116       -0.060566
     C   17       -0.066095       -0.060566       -0.167833

     Cl  18        1.501872       -1.914634        0.057484
     Cl  18       -1.914634       -0.106533       -0.037433
     Cl  18        0.057484       -0.037433       -1.395339

     H   19       -0.000000        0.000000        0.000000
     H   19        0.000000        0.000000        0.000000
     H   19        0.000000        0.000000        0.000000

     C   20       -0.135071       -0.038389       -0.062225
     C   20       -0.038389       -0.023712       -0.002776
     C   20       -0.062225       -0.002776        0.158783

     H   21       -0.000000        0.000000        0.000000
     H   21        0.000000        0.000000        0.000000
     H   21        0.000000        0.000000        0.000000

     C   22       -0.071927       -0.063397        0.022709
     C   22       -0.063397       -0.074392       -0.049964
     C   22        0.022709       -0.049964        0.146319

     C   23        0.001770        0.043216        0.059121
     C   23        0.043216       -0.015544       -0.057798
     C   23        0.059121       -0.057798        0.013774

     Cl  24        1.059668        0.781180        0.744029
     Cl  24        0.781180        0.512688       -1.036071
     Cl  24        0.744029       -1.036071       -1.572356

     ----- total EFG -----
     Cl   1        0.092033       -1.111243       -0.736706
     Cl   1       -1.111243        1.950766       -1.822455
     Cl   1       -0.736706       -1.822455       -2.042800

     C    2       -0.234663       -0.083600       -0.000288
     C    2       -0.083600        0.162649       -0.269231
     C    2       -0.000288       -0.269231        0.072014

     C    3       -0.105146       -0.506854        0.117374
     C    3       -0.506854       -0.040811       -0.448435
     C    3        0.117374       -0.448435        0.145957

     H    4        0.348529        0.219050        0.170443
     H    4        0.219050        0.011124        0.284776
     H    4        0.170443        0.284776       -0.359653

     C    5        0.096838        0.073618        0.508997
     C    5        0.073618       -0.287006       -0.276472
     C    5        0.508997       -0.276472        0.190169

     H    6       -0.225252        0.041932       -0.295126
     H    6        0.041932        0.443622        0.344785
     H    6       -0.295126        0.344785       -0.218370

     H    7       -0.265220        0.257076        0.120371
     H    7        0.257076        0.197670       -0.413221
     H    7        0.120371       -0.413221        0.067550

     C    8        0.273375       -0.609968        0.073790
     C    8       -0.609968       -0.037584        0.274087
     C    8        0.073790        0.274087       -0.235791

     H    9        0.262068        0.049431        0.443579
     H    9        0.049431       -0.110751       -0.220197
     H    9        0.443579       -0.220197       -0.151317

     C   10       -0.018430       -0.348339       -0.294077
     C   10       -0.348339        0.274473        0.044160
     C   10       -0.294077        0.044160       -0.256043

     C   11        0.183437        0.165842       -0.032076
     C   11        0.165842        0.032172        0.124182
     C   11       -0.032076        0.124182       -0.215608

     Cl  12        1.193697        2.290409       -0.402073
     Cl  12        2.290409        0.001293       -0.107220
     Cl  12       -0.402073       -0.107220       -1.194990

     H   13       -0.194001       -0.024245        0.018019
     H   13       -0.024245        0.152889        0.219004
     H   13        0.018019        0.219004        0.041112

     C   14       -0.155717       -0.027116       -0.110943
     C   14       -0.027116        0.004369       -0.265043
     C   14       -0.110943       -0.265043        0.151348

     H   15        0.349840       -0.002949        0.206566
     H   15       -0.002949       -0.287444        0.156741
     H   15        0.206566        0.156741       -0.062397

     C   16        0.125796        0.276329        0.068014
     C   16        0.276329       -0.231040       -0.210874
     C   16        0.068014       -0.210874        0.105244

     C   17        0.420919       -0.326868       -0.236550
     C   17       -0.326868       -0.090184       -0.175259
     C   17       -0.236550       -0.175259       -0.330735

     Cl  18        1.624264       -2.007014        0.073195
     Cl  18       -2.007014       -0.146189       -0.035855
     Cl  18        0.073195       -0.035855       -1.478075

     H   19       -0.212666       -0.054930       -0.003601
     H   19       -0.054930        0.085201       -0.219641
     H   19       -0.003601       -0.219641        0.127465

     C   20       -0.449845       -0.147137       -0.205896
     C   20       -0.147137        0.083517       -0.075758
     C   20       -0.205896       -0.075758        0.366329

     H   21        0.145496       -0.182704        0.315498
     H   21       -0.182704       -0.135390        0.054403
     H   21        0.315498        0.054403       -0.010106

     C   22        0.023289       -0.179965        0.123704
     C   22       -0.179965       -0.303114        0.015691
     C   22        0.123704        0.015691        0.279825

     C   23       -0.173500        0.068355       -0.013536
     C   23        0.068355        0.201561       -0.179389
     C   23       -0.013536       -0.179389       -0.028061

     Cl  24        1.153033        0.834414        0.834193
     Cl  24        0.834414        0.574259       -1.151455
     Cl  24        0.834193       -1.151455       -1.727292

     ----- total EFG (symmetrized) -----
     Cl   1        0.092033       -1.111243       -0.736706
     Cl   1       -1.111243        1.950766       -1.822455
     Cl   1       -0.736706       -1.822455       -2.042800

     C    2       -0.234663       -0.083600       -0.000288
     C    2       -0.083600        0.162649       -0.269231
     C    2       -0.000288       -0.269231        0.072014

     C    3       -0.105146       -0.506854        0.117374
     C    3       -0.506854       -0.040811       -0.448435
     C    3        0.117374       -0.448435        0.145957

     H    4        0.348529        0.219050        0.170443
     H    4        0.219050        0.011124        0.284776
     H    4        0.170443        0.284776       -0.359653

     C    5        0.096838        0.073618        0.508997
     C    5        0.073618       -0.287006       -0.276472
     C    5        0.508997       -0.276472        0.190169

     H    6       -0.225252        0.041932       -0.295126
     H    6        0.041932        0.443622        0.344785
     H    6       -0.295126        0.344785       -0.218370

     H    7       -0.265220        0.257076        0.120371
     H    7        0.257076        0.197670       -0.413221
     H    7        0.120371       -0.413221        0.067550

     C    8        0.273375       -0.609968        0.073790
     C    8       -0.609968       -0.037584        0.274087
     C    8        0.073790        0.274087       -0.235791

     H    9        0.262068        0.049431        0.443579
     H    9        0.049431       -0.110751       -0.220197
     H    9        0.443579       -0.220197       -0.151317

     C   10       -0.018430       -0.348339       -0.294077
     C   10       -0.348339        0.274473        0.044160
     C   10       -0.294077        0.044160       -0.256043

     C   11        0.183437        0.165842       -0.032076
     C   11        0.165842        0.032172        0.124182
     C   11       -0.032076        0.124182       -0.215608

     Cl  12        1.193697        2.290409       -0.402073
     Cl  12        2.290409        0.001293       -0.107220
     Cl  12       -0.402073       -0.107220       -1.194990

     H   13       -0.194001       -0.024245        0.018019
     H   13       -0.024245        0.152889        0.219004
     H   13        0.018019        0.219004        0.041112

     C   14       -0.155717       -0.027116       -0.110943
     C   14       -0.027116        0.004369       -0.265043
     C   14       -0.110943       -0.265043        0.151348

     H   15        0.349840       -0.002949        0.206566
     H   15       -0.002949       -0.287444        0.156741
     H   15        0.206566        0.156741       -0.062397

     C   16        0.125796        0.276329        0.068014
     C   16        0.276329       -0.231040       -0.210874
     C   16        0.068014       -0.210874        0.105244

     C   17        0.420919       -0.326868       -0.236550
     C   17       -0.326868       -0.090184       -0.175259
     C   17       -0.236550       -0.175259       -0.330735

     Cl  18        1.624264       -2.007014        0.073195
     Cl  18       -2.007014       -0.146189       -0.035855
     Cl  18        0.073195       -0.035855       -1.478075

     H   19       -0.212666       -0.054930       -0.003601
     H   19       -0.054930        0.085201       -0.219641
     H   19       -0.003601       -0.219641        0.127465

     C   20       -0.449845       -0.147137       -0.205896
     C   20       -0.147137        0.083517       -0.075758
     C   20       -0.205896       -0.075758        0.366329

     H   21        0.145496       -0.182704        0.315498
     H   21       -0.182704       -0.135390        0.054403
     H   21        0.315498        0.054403       -0.010106

     C   22        0.023289       -0.179965        0.123704
     C   22       -0.179965       -0.303114        0.015691
     C   22        0.123704        0.015691        0.279825

     C   23       -0.173500        0.068355       -0.013536
     C   23        0.068355        0.201561       -0.179389
     C   23       -0.013536       -0.179389       -0.028061

     Cl  24        1.153033        0.834414        0.834193
     Cl  24        0.834414        0.574259       -1.151455
     Cl  24        0.834193       -1.151455       -1.727292


     NQR/NMR SPECTROSCOPIC PARAMETERS:
     Cl   1    Vxx=    0.2427    axis=(  0.900212  0.149158 -0.409110)
     Cl   1    Vyy=    2.8867    axis=(  0.285023 -0.912119  0.294619)
     Cl   1    Vzz=   -3.1294    axis=(  0.329212  0.381825  0.863614)
     Cl   1  Q=        -8.1650 1e-30 m^2  Cq=        60.0357 MHz  eta= 0.84488

     C    2    Vxx=   -0.1296    axis=( -0.432488  0.540821  0.721434)
     C    2    Vyy=   -0.2672    axis=(  0.895952  0.347512  0.276597)
     C    2    Vzz=    0.3968    axis=( -0.101117  0.765995 -0.634844)
     C    2  Q=         1.0000 1e-30 m^2  Cq=         0.9324 MHz  eta= 0.34660

     C    3    Vxx=   -0.0792    axis=( -0.639926  0.204360  0.740764)
     C    3    Vyy=   -0.6562    axis=(  0.603581  0.730290  0.319947)
     C    3    Vzz=    0.7353    axis=( -0.475588  0.651853 -0.590680)
     C    3  Q=         1.0000 1e-30 m^2  Cq=         1.7278 MHz  eta= 0.78472

     H    4    Vxx=   -0.0302    axis=(  0.580706 -0.740051 -0.339271)
     H    4    Vyy=   -0.5168    axis=(  0.059996  0.454506 -0.888721)
     H    4    Vzz=    0.5470    axis=(  0.811900  0.495730  0.308335)
     H    4  Q=         1.0000 1e-30 m^2  Cq=         1.2852 MHz  eta= 0.88955

     C    5    Vxx=   -0.1011    axis=(  0.590729  0.733634 -0.335886)
     C    5    Vyy=   -0.5797    axis=( -0.496804  0.658727  0.565036)
     C    5    Vzz=    0.6808    axis=(  0.635787 -0.166913  0.753601)
     C    5  Q=         1.0000 1e-30 m^2  Cq=         1.5997 MHz  eta= 0.70287

     H    6    Vxx=   -0.0051    axis=(  0.777165  0.336150 -0.531994)
     H    6    Vyy=   -0.5935    axis=( -0.620656  0.269824 -0.736194)
     H    6    Vzz=    0.5986    axis=( -0.103926  0.902329  0.418331)
     H    6  Q=         1.0000 1e-30 m^2  Cq=         1.4066 MHz  eta= 0.98299

     H    7    Vxx=   -0.0288    axis=( -0.697858 -0.349053 -0.625425)
     H    7    Vyy=   -0.5403    axis=( -0.699704  0.518777  0.491208)
     H    7    Vzz=    0.5691    axis=(  0.152998  0.780406 -0.606266)
     H    7  Q=         1.0000 1e-30 m^2  Cq=         1.3371 MHz  eta= 0.89893

     C    8    Vxx=   -0.0884    axis=(  0.408506  0.344539  0.845231)
     C    8    Vyy=   -0.6718    axis=(  0.490987  0.697687 -0.521694)
     C    8    Vzz=    0.7602    axis=( -0.769451  0.628113  0.115845)
     C    8  Q=         1.0000 1e-30 m^2  Cq=         1.7861 MHz  eta= 0.76742

     H    9    Vxx=   -0.0140    axis=(  0.343096  0.885882 -0.312246)
     H    9    Vyy=   -0.5402    axis=( -0.453686  0.447369  0.770734)
     H    9    Vzz=    0.5542    axis=(  0.822469 -0.122774  0.555403)
     H    9  Q=         1.0000 1e-30 m^2  Cq=         1.3022 MHz  eta= 0.94950

     C   10    Vxx=   -0.0641    axis=(  0.499706  0.596088 -0.628469)
     C   10    Vyy=   -0.4945    axis=(  0.632677  0.244383  0.734844)
     C   10    Vzz=    0.5586    axis=(  0.591619 -0.764824 -0.255011)
     C   10  Q=         1.0000 1e-30 m^2  Cq=         1.3126 MHz  eta= 0.77051

     C   11    Vxx=   -0.0056    axis=( -0.525913  0.694486  0.491025)
     C   11    Vyy=   -0.2879    axis=(  0.216882 -0.448726  0.866953)
     C   11    Vzz=    0.2935    axis=( -0.822422 -0.562436 -0.085369)
     C   11  Q=         1.0000 1e-30 m^2  Cq=         0.6897 MHz  eta= 0.96174

     Cl  12    Vxx=   -1.1860    axis=( -0.091937  0.264064  0.960113)
     Cl  12    Vyy=   -1.8134    axis=(  0.606493 -0.749869  0.264315)
     Cl  12    Vzz=    2.9994    axis=( -0.789755 -0.606603  0.091213)
     Cl  12  Q=        -8.1650 1e-30 m^2  Cq=       -57.5414 MHz  eta= 0.20918

     H   13    Vxx=   -0.1179    axis=(  0.356634 -0.567963  0.741775)
     H   13    Vyy=   -0.2052    axis=( -0.934112 -0.230127  0.272904)
     H   13    Vzz=    0.3232    axis=(  0.015703 -0.790228 -0.612612)
     H   13  Q=         1.0000 1e-30 m^2  Cq=         0.7593 MHz  eta= 0.27024

     C   14    Vxx=   -0.0923    axis=(  0.757770 -0.584261 -0.290558)
     C   14    Vyy=   -0.2709    axis=(  0.637114  0.566282  0.522886)
     C   14    Vzz=    0.3631    axis=( -0.140964 -0.581346  0.801352)
     C   14  Q=         1.0000 1e-30 m^2  Cq=         0.8532 MHz  eta= 0.49182

     H   15    Vxx=   -0.0579    axis=( -0.381683  0.524628  0.760976)
     H   15    Vyy=   -0.3823    axis=(  0.147363  0.847314 -0.510238)
     H   15    Vzz=    0.4403    axis=(  0.912470  0.082610  0.400716)
     H   15  Q=         1.0000 1e-30 m^2  Cq=         1.0345 MHz  eta= 0.73679

     C   16    Vxx=    0.1740    axis=(  0.471395 -0.132345  0.871935)
     C   16    Vyy=    0.2910    axis=(  0.770495  0.542841 -0.334159)
     C   16    Vzz=   -0.4650    axis=( -0.429098  0.829342  0.357864)
     C   16  Q=         1.0000 1e-30 m^2  Cq=        -1.0926 MHz  eta= 0.25153

     C   17    Vxx=   -0.0380    axis=(  0.214259  0.751977 -0.623397)
     C   17    Vyy=   -0.5639    axis=(  0.360632  0.532227  0.765950)
     C   17    Vzz=    0.6019    axis=( -0.907765  0.388928  0.157153)
     C   17  Q=         1.0000 1e-30 m^2  Cq=         1.4143 MHz  eta= 0.87365

     Cl  18    Vxx=   -1.4511    axis=(  0.510568  0.794342  0.329152)
     Cl  18    Vyy=   -1.4830    axis=( -0.194269 -0.266339  0.944099)
     Cl  18    Vzz=    2.9341    axis=(  0.837604 -0.545971  0.018332)
     Cl  18  Q=        -8.1650 1e-30 m^2  Cq=       -56.2890 MHz  eta= 0.01089

     H   19    Vxx=   -0.0985    axis=( -0.345471  0.675602  0.651316)
     H   19    Vyy=   -0.2307    axis=( -0.936271 -0.295185 -0.190424)
     H   19    Vzz=    0.3292    axis=(  0.063608 -0.675595  0.734524)
     H   19  Q=         1.0000 1e-30 m^2  Cq=         0.7734 MHz  eta= 0.40180

     C   20    Vxx=    0.1199    axis=(  0.272290 -0.959839 -0.067580)
     C   20    Vyy=    0.4204    axis=( -0.207935 -0.127271  0.969827)
     C   20    Vzz=   -0.5403    axis=( -0.939479 -0.250022 -0.234238)
     C   20  Q=         1.0000 1e-30 m^2  Cq=        -1.2696 MHz  eta= 0.55612

     H   21    Vxx=   -0.0477    axis=(  0.204964 -0.787353 -0.581434)
     H   21    Vyy=   -0.3686    axis=(  0.565806  0.580044 -0.586015)
     H   21    Vzz=    0.4162    axis=( -0.798657  0.208867 -0.564377)
     H   21  Q=         1.0000 1e-30 m^2  Cq=         0.9780 MHz  eta= 0.77102

     C   22    Vxx=    0.0545    axis=(  0.806101 -0.423772 -0.413060)
     C   22    Vyy=    0.3348    axis=(  0.414160 -0.094577  0.905277)
     C   22    Vzz=   -0.3893    axis=( -0.422697 -0.900818  0.099271)
     C   22  Q=         1.0000 1e-30 m^2  Cq=        -0.9147 MHz  eta= 0.71995

     C   23    Vxx=   -0.1194    axis=(  0.308029  0.413284  0.856921)
     C   23    Vyy=   -0.1895    axis=(  0.941496 -0.261896 -0.212121)
     C   23    Vzz=    0.3089    axis=(  0.136758  0.872128 -0.469777)
     C   23  Q=         1.0000 1e-30 m^2  Cq=         0.7258 MHz  eta= 0.22667

     Cl  24    Vxx=    0.7851    axis=( -0.499565  0.712660 -0.492495)
     Cl  24    Vyy=    1.7469    axis=( -0.817157 -0.576392 -0.005175)
     Cl  24    Vzz=   -2.5320    axis=( -0.287558  0.399861  0.870300)
     Cl  24  Q=        -8.1650 1e-30 m^2  Cq=        48.5743 MHz  eta= 0.37987

     Initialization:
     gipaw_setup  :      9.06s CPU     10.80s WALL (       1 calls)

     Linear response

     Apply operators

     Induced current

     Other routines
     efg          :      9.09s CPU     11.89s WALL (       1 calls)

     General routines
     calbec       :      3.23s CPU      4.33s WALL (      16 calls)
     fft          :      1.55s CPU      2.28s WALL (      15 calls)
     ffts         :      0.03s CPU      0.04s WALL (       2 calls)
     fftw         :      3.10s CPU      4.03s WALL (     672 calls)
     davcio       :      0.02s CPU      0.32s WALL (      32 calls)

     Parallel routines
     fft_scatter  :      2.02s CPU      3.52s WALL (     689 calls)

     Plugins

     GIPAW        :     60.43s CPU     71.66s WALL (       1 calls)
