
     Program QE v.6.0 (svn rev. 13079) starts on 10Jan2017 at 23: 9:10 

     This program is part of the open-source Quantum ESPRESSO suite
     for quantum simulation of materials; please cite
         "P. Giannozzi et al., J. Phys.:Condens. Matter 21 395502 (2009);
          URL http://www.quantum-espresso.org", 
     in publications or presentations arising from this work. More details at
     http://www.quantum-espresso.org/quote

     Parallel version (MPI), running on     8 processors
     R & G space division:  proc/nbgrp/npool/nimage =       8

     ***** This is GIPAW svn revision unknown      *****

     Parallelizing q-star over 1 images

     Reading data from directory:
     /users/majewski/paradichlorobenzene/pbe/9_constraint/scratch/pbe.ecut100.np8.dt60.pcl2phi-129368.save
     Message from routine read_xml_file:
     file /users/majewski/paradichlorobenzene/pbe/9_constraint/scratch/pbe.ecut100.np8.dt60.pcl2phi-129368.save not guaranteed to be safe for post-processing

   Info: using nr1, nr2, nr3 values from input

   Info: using nr1, nr2, nr3 values from input

     IMPORTANT: XC functional enforced from input :
     Exchange-correlation      =  SLA  PW   PBX  PBC ( 1  4  3  4 0 0)
     Any further DFT definition will be discarded
     Please, verify this is what you really want

               file C.pbe-n-kjpaw_psl.1.0.0.UPF: wavefunction(s)  2S 2P renormalized
               file Cl.pbe-n-kjpaw_psl.1.0.0.UPF: wavefunction(s)  3S 3P renormalized
               file H.pbe-kjpaw_psl.1.0.0.UPF: wavefunction(s)  1S renormalized

     Parallelization info
     --------------------
     sticks:   dense  smooth     PW     G-vecs:    dense   smooth      PW
     Min        3057    1223    332               144436    36536    5170
     Max        3059    1225    333               144437    36537    5171
     Sum       24467    9791   2657              1155489   292295   41363


     Subspace diagonalization in iterative solution of the eigenvalue problem:
     a serial algorithm will be used

     GIPAW projectors -----------------------------------------------
     atom=  C    l=0  rc=    1.2000  rs=    0.8000
     atom=  C    l=0  rc=    1.2000  rs=    0.8000
     atom=  C    l=1  rc=    1.4000  rs=    0.9333
     atom=  C    l=1  rc=    1.4000  rs=    0.9333
     projs nearly linearly dependent: l=1  n1,n2= 1, 2  s=  0.99951561

     atom=  Cl   l=0  rc=    1.6000  rs=    1.0667
     atom=  Cl   l=0  rc=    1.6000  rs=    1.0667
     atom=  Cl   l=1  rc=    1.6000  rs=    1.0667
     atom=  Cl   l=1  rc=    1.6000  rs=    1.0667
     atom=  Cl   l=2  rc=    1.6000  rs=    1.0667
     atom=  Cl   l=2  rc=    1.6000  rs=    1.0667
     projs nearly linearly dependent: l=2  n1,n2= 1, 2  s=  0.99993509

     atom=  H    l=0  rc=    1.0000  rs=    0.6667
     atom=  H    l=0  rc=    1.0000  rs=    0.6667
     projs nearly linearly dependent: l=0  n1,n2= 1, 2  s=  0.99968852
     -----------------------------------------------------------------

     GIPAW integrals: -------------------------------------------
     Atom  i/j   nmr_para   nmr_dia   epr_rmc  epr_para   epr_dia
       C   1 1   0.83E+03  0.17E-01  0.93E+01  0.24E+08  0.24E+03
       C   2 1   0.86E+03 -0.61E-01  0.94E+01  0.25E+08  0.25E+03
       C   2 2   0.90E+03 -0.15E+00  0.97E+01  0.26E+08  0.26E+03
       C   3 3   0.33E+01  0.34E+00  0.18E+01  0.55E+03  0.21E+02
       C   4 3   0.35E+01  0.37E+00  0.20E+01  0.59E+03  0.22E+02
       C   4 4   0.38E+01  0.39E+00  0.22E+01  0.63E+03  0.24E+02
       Cl  1 1   0.14E+04 -0.47E+00  0.84E+01  0.32E+09  0.42E+03
       Cl  2 1   0.21E+04 -0.37E+00  0.12E+02  0.49E+09  0.65E+03
       Cl  2 2   0.33E+04 -0.16E+00  0.21E+02  0.76E+09  0.10E+04
       Cl  3 3   0.21E+02  0.79E-01  0.89E+01  0.23E+05  0.13E+03
       Cl  4 3   0.24E+02  0.67E-01  0.99E+01  0.27E+05  0.15E+03
       Cl  4 4   0.28E+02  0.44E-01  0.11E+02  0.32E+05  0.18E+03
       Cl  5 5   0.77E+00  0.19E+00  0.18E+01  0.12E+03  0.22E+02
       Cl  6 5   0.80E+00  0.19E+00  0.19E+01  0.12E+03  0.23E+02
       Cl  6 6   0.83E+00  0.20E+00  0.19E+01  0.12E+03  0.23E+02
       H   1 1   0.39E+02  0.19E+00  0.29E+00  0.78E+05  0.13E+02
       H   2 1   0.41E+02  0.21E+00  0.32E+00  0.82E+05  0.14E+02
       H   2 2   0.43E+02  0.22E+00  0.36E+00  0.86E+05  0.15E+02
     ------------------------------------------------------------

     alpha_pv=     33.5847 eV

     Number of occupied bands for each k-point:
     k-point:     1    nbnd_occ=  42
     k-point:     2    nbnd_occ=  42
     k-point:     3    nbnd_occ=  42
     k-point:     4    nbnd_occ=  42
     k-point:     5    nbnd_occ=  42
     k-point:     6    nbnd_occ=  42
     k-point:     7    nbnd_occ=  42
     k-point:     8    nbnd_occ=  42
     k-point:     9    nbnd_occ=  42
     k-point:    10    nbnd_occ=  42
     k-point:    11    nbnd_occ=  42
     k-point:    12    nbnd_occ=  42
     k-point:    13    nbnd_occ=  42
     k-point:    14    nbnd_occ=  42
     k-point:    15    nbnd_occ=  42
     k-point:    16    nbnd_occ=  42


     q-space interpolation up to   110.00 Rydberg

     GIPAW job: efg                                                                             


     ELECTRIC FIELD GRADIENTS TENSORS IN Hartree/bohrradius^2:

     ----- bare term -----
     Cl   1       -0.017895        0.180943       -0.035095
     Cl   1        0.180943        0.071338       -0.020370
     Cl   1       -0.035095       -0.020370       -0.053443

     C    2       -0.334951        0.301454       -0.474192
     C    2        0.301454        0.227654       -0.229835
     C    2       -0.474192       -0.229835        0.107297

     C    3        0.102970        0.474144       -0.062167
     C    3        0.474144       -0.199658       -0.572142
     C    3       -0.062167       -0.572142        0.096687

     H    4        0.086972        0.006410       -0.454652
     H    4        0.006410        0.056778        0.257232
     H    4       -0.454652        0.257232       -0.143749

     C    5       -0.596939        0.367196       -0.424124
     C    5        0.367196        0.287124       -0.312048
     C    5       -0.424124       -0.312048        0.309816

     H    6        0.446064       -0.066144        0.173758
     H    6       -0.066144       -0.136050       -0.354557
     H    6        0.173758       -0.354557       -0.310014

     H    7        0.385211        0.302895        0.093277
     H    7        0.302895       -0.626131        0.074778
     H    7        0.093277        0.074778        0.240919

     C    8       -0.482405       -0.049444       -0.310974
     C    8       -0.049444       -0.064265        0.359112
     C    8       -0.310974        0.359112        0.546671

     H    9       -0.315945        0.376436        0.227657
     H    9        0.376436        0.167499       -0.135849
     H    9        0.227657       -0.135849        0.148446

     C   10       -0.007984       -0.219406        0.026428
     C   10       -0.219406       -0.425115        0.325464
     C   10        0.026428        0.325464        0.433099

     C   11       -0.462572        0.091997       -0.237437
     C   11        0.091997       -0.041105        0.429302
     C   11       -0.237437        0.429302        0.503677

     Cl  12       -0.171749       -0.066445        0.013047
     Cl  12       -0.066445       -0.112318        0.055797
     Cl  12        0.013047        0.055797        0.284067

     H   13        0.502382       -0.034596       -0.033944
     H   13       -0.034596        0.047309       -0.448212
     H   13       -0.033944       -0.448212       -0.549691

     C   14       -0.169581        0.280131       -0.098186
     C   14        0.280131       -0.402607       -0.321854
     C   14       -0.098186       -0.321854        0.572188

     H   15        0.146973       -0.079641       -0.320112
     H   15       -0.079641        0.431544        0.096620
     H   15       -0.320112        0.096620       -0.578517

     C   16       -0.261032        0.200829       -0.260607
     C   16        0.200829       -0.145878       -0.507649
     C   16       -0.260607       -0.507649        0.406910

     C   17       -0.134672        0.149834       -0.253087
     C   17        0.149834       -0.322070       -0.502191
     C   17       -0.253087       -0.502191        0.456741

     Cl  18       -0.064440        0.093996       -0.103506
     Cl  18        0.093996       -0.005420       -0.104642
     Cl  18       -0.103506       -0.104642        0.069860

     H   19       -0.134415        0.392109       -0.097281
     H   19        0.392109       -0.259532        0.349503
     H   19       -0.097281        0.349503        0.393947

     C   20       -0.115825       -0.461537       -0.240949
     C   20       -0.461537       -0.293020        0.360776
     C   20       -0.240949        0.360776        0.408845

     H   21       -0.606110        0.306233        0.178603
     H   21        0.306233        0.386232        0.037290
     H   21        0.178603        0.037290        0.219879

     C   22        0.044632        0.039743       -0.461284
     C   22        0.039743       -0.331648        0.503451
     C   22       -0.461284        0.503451        0.287016

     C   23       -0.283900       -0.212733       -0.295178
     C   23       -0.212733       -0.080841        0.416516
     C   23       -0.295178        0.416516        0.364740

     Cl  24       -0.046913        0.094559       -0.067771
     Cl  24        0.094559       -0.054501       -0.073615
     Cl  24       -0.067771       -0.073615        0.101414

     ----- ionic term -----
     Cl   1        0.124319       -0.213967        0.022964
     Cl   1       -0.213967        0.024856       -0.003541
     Cl   1        0.022964       -0.003541       -0.149175

     C    2        0.064214       -0.243694        0.358376
     C    2       -0.243694        0.054895        0.387753
     C    2        0.358376        0.387753       -0.119109

     C    3        0.049770       -0.328747        0.236255
     C    3       -0.328747        0.160041        0.354893
     C    3        0.236255        0.354893       -0.209811

     H    4        0.488612        0.063012        0.774978
     H    4        0.063012       -0.503278        0.128260
     H    4        0.774978        0.128260        0.014665

     C    5        0.142066       -0.298045        0.315572
     C    5       -0.298045        0.034777        0.267268
     C    5        0.315572        0.267268       -0.176843

     H    6       -0.543707        0.011662        0.030749
     H    6        0.011662        0.445043        0.784554
     H    6        0.030749        0.784554        0.098664

     H    7       -0.481082       -0.203465        0.113612
     H    7       -0.203465        0.617003       -0.697029
     H    7        0.113612       -0.697029       -0.135921

     C    8        0.379646        0.069404        0.153681
     C    8        0.069404        0.063659       -0.310367
     C    8        0.153681       -0.310367       -0.443306

     H    9        0.830331       -0.526194        0.239699
     H    9       -0.526194       -0.250462       -0.149543
     H    9        0.239699       -0.149543       -0.579870

     C   10        0.171663        0.117403        0.045176
     C   10        0.117403        0.296459       -0.395746
     C   10        0.045176       -0.395746       -0.468122

     C   11        0.256968        0.073818        0.141189
     C   11        0.073818        0.227353       -0.366167
     C   11        0.141189       -0.366167       -0.484321

     Cl  12        0.137829        0.196454        0.008689
     Cl  12        0.196454        0.019847       -0.004388
     Cl  12        0.008689       -0.004388       -0.157677

     H   13       -0.545080        0.033263        0.034488
     H   13        0.033263        0.402327        0.789722
     H   13        0.034488        0.789722        0.142753

     C   14        0.093736       -0.230543        0.335469
     C   14       -0.230543        0.006979        0.293781
     C   14        0.335469        0.293781       -0.100715

     H   15        0.216254        0.140036        0.802136
     H   15        0.140036       -0.491362        0.227134
     H   15        0.802136        0.227134        0.275108

     C   16       -0.071925       -0.281977        0.219038
     C   16       -0.281977        0.181032        0.426031
     C   16        0.219038        0.426031       -0.109107

     C   17        0.015636       -0.281601        0.321120
     C   17       -0.281601        0.128304        0.381667
     C   17        0.321120        0.381667       -0.143940

     Cl  18        0.070452       -0.209850        0.023623
     Cl  18       -0.209850        0.071975       -0.015570
     Cl  18        0.023623       -0.015570       -0.142427

     H   19       -0.454973       -0.297416        0.158598
     H   19       -0.297416        0.652376       -0.647784
     H   19        0.158598       -0.647784       -0.197403

     C   20        0.345042        0.026219        0.139485
     C   20        0.026219        0.115710       -0.276691
     C   20        0.139485       -0.276691       -0.460752

     H   21        0.806843       -0.443783        0.378838
     H   21       -0.443783       -0.340708       -0.186139
     H   21        0.378838       -0.186139       -0.466134

     C   22        0.170962        0.102299        0.096736
     C   22        0.102299        0.280622       -0.365532
     C   22        0.096736       -0.365532       -0.451584

     C   23        0.297375        0.052209        0.151031
     C   23        0.052209        0.182203       -0.379555
     C   23        0.151031       -0.379555       -0.479578

     Cl  24        0.122144        0.197213       -0.032677
     Cl  24        0.197213        0.012111       -0.025239
     Cl  24       -0.032677       -0.025239       -0.134254

     ----- GIPAW term -----
     Cl   1        0.970339        0.681440       -0.379254
     Cl   1        0.681440        1.602052       -0.437758
     Cl   1       -0.379254       -0.437758       -2.572390

     C    2        0.042295        0.152737       -0.042053
     C    2        0.152737        0.148062        0.016025
     C    2       -0.042053        0.016025       -0.190357

     C    3       -0.008129        0.200117       -0.036001
     C    3        0.200117        0.111919       -0.126573
     C    3       -0.036001       -0.126573       -0.103790

     H    4       -0.000000        0.000000        0.000000
     H    4        0.000000        0.000000        0.000000
     H    4        0.000000        0.000000        0.000000

     C    5       -0.129651        0.151121       -0.086513
     C    5        0.151121        0.161834       -0.092215
     C    5       -0.086513       -0.092215       -0.032183

     H    6       -0.000000        0.000000        0.000000
     H    6        0.000000        0.000000        0.000000
     H    6        0.000000        0.000000        0.000000

     H    7       -0.000000        0.000000        0.000000
     H    7        0.000000        0.000000        0.000000
     H    7        0.000000        0.000000        0.000000

     C    8       -0.166871       -0.001842       -0.039409
     C    8       -0.001842       -0.066002        0.181517
     C    8       -0.039409        0.181517        0.232872

     H    9       -0.000000        0.000000        0.000000
     H    9        0.000000        0.000000        0.000000
     H    9        0.000000        0.000000        0.000000

     C   10       -0.075193       -0.016746       -0.006145
     C   10       -0.016746       -0.115767        0.051169
     C   10       -0.006145        0.051169        0.190960

     C   11       -0.137781        0.099655        0.000164
     C   11        0.099655       -0.112132        0.111741
     C   11        0.000164        0.111741        0.249913

     Cl  12       -0.327694        1.683768        0.063207
     Cl  12        1.683768       -1.212679        0.602978
     Cl  12        0.063207        0.602978        1.540374

     H   13       -0.000000        0.000000        0.000000
     H   13        0.000000        0.000000        0.000000
     H   13        0.000000        0.000000        0.000000

     C   14       -0.098021        0.051663        0.041663
     C   14        0.051663       -0.192229        0.030041
     C   14        0.041663        0.030041        0.290249

     H   15       -0.000000        0.000000        0.000000
     H   15        0.000000        0.000000        0.000000
     H   15        0.000000        0.000000        0.000000

     C   16       -0.166576        0.024107       -0.081612
     C   16        0.024107       -0.044896       -0.203197
     C   16       -0.081612       -0.203197        0.211472

     C   17        0.004149       -0.101098       -0.006288
     C   17       -0.101098       -0.103567       -0.099968
     C   17       -0.006288       -0.099968        0.099418

     Cl  18        0.005052       -0.492027       -1.316287
     Cl  18       -0.492027        0.350065       -2.066667
     Cl  18       -1.316287       -2.066667       -0.355117

     H   19       -0.000000        0.000000        0.000000
     H   19        0.000000        0.000000        0.000000
     H   19        0.000000        0.000000        0.000000

     C   20        0.139660       -0.133634       -0.067041
     C   20       -0.133634       -0.131855        0.078001
     C   20       -0.067041        0.078001       -0.007805

     H   21       -0.000000        0.000000        0.000000
     H   21        0.000000        0.000000        0.000000
     H   21        0.000000        0.000000        0.000000

     C   22        0.103743        0.075549       -0.240016
     C   22        0.075549       -0.127649        0.042318
     C   22       -0.240016        0.042318        0.023906

     C   23        0.033820        0.135792       -0.044993
     C   23        0.135792        0.023239        0.065299
     C   23       -0.044993        0.065299       -0.057059

     Cl  24        0.747441        2.641776       -0.759096
     Cl  24        2.641776       -0.447024       -0.735514
     Cl  24       -0.759096       -0.735514       -0.300417

     ----- total EFG -----
     Cl   1        1.076763        0.648416       -0.391385
     Cl   1        0.648416        1.698245       -0.461670
     Cl   1       -0.391385       -0.461670       -2.775008

     C    2       -0.228442        0.210497       -0.157869
     C    2        0.210497        0.430612        0.173943
     C    2       -0.157869        0.173943       -0.202170

     C    3        0.144611        0.345515        0.138087
     C    3        0.345515        0.072303       -0.343823
     C    3        0.138087       -0.343823       -0.216914

     H    4        0.575584        0.069421        0.320327
     H    4        0.069421       -0.446500        0.385492
     H    4        0.320327        0.385492       -0.129084

     C    5       -0.584524        0.220273       -0.195065
     C    5        0.220273        0.483735       -0.136995
     C    5       -0.195065       -0.136995        0.100790

     H    6       -0.097643       -0.054483        0.204507
     H    6       -0.054483        0.308993        0.429997
     H    6        0.204507        0.429997       -0.211350

     H    7       -0.095871        0.099430        0.206889
     H    7        0.099430       -0.009128       -0.622252
     H    7        0.206889       -0.622252        0.104999

     C    8       -0.269630        0.018118       -0.196701
     C    8        0.018118       -0.066608        0.230261
     C    8       -0.196701        0.230261        0.336237

     H    9        0.514386       -0.149758        0.467356
     H    9       -0.149758       -0.082962       -0.285392
     H    9        0.467356       -0.285392       -0.431424

     C   10        0.088486       -0.118749        0.065459
     C   10       -0.118749       -0.244423       -0.019113
     C   10        0.065459       -0.019113        0.155937

     C   11       -0.343385        0.265470       -0.096084
     C   11        0.265470        0.074116        0.174876
     C   11       -0.096084        0.174876        0.269269

     Cl  12       -0.361614        1.813777        0.084942
     Cl  12        1.813777       -1.305150        0.654386
     Cl  12        0.084942        0.654386        1.666764

     H   13       -0.042699       -0.001333        0.000544
     H   13       -0.001333        0.449637        0.341510
     H   13        0.000544        0.341510       -0.406938

     C   14       -0.173866        0.101251        0.278946
     C   14        0.101251       -0.587856        0.001967
     C   14        0.278946        0.001967        0.761722

     H   15        0.363226        0.060395        0.482024
     H   15        0.060395       -0.059818        0.323753
     H   15        0.482024        0.323753       -0.303409

     C   16       -0.499533       -0.057041       -0.123180
     C   16       -0.057041       -0.009742       -0.284815
     C   16       -0.123180       -0.284815        0.509275

     C   17       -0.114887       -0.232866        0.061745
     C   17       -0.232866       -0.297333       -0.220492
     C   17        0.061745       -0.220492        0.412219

     Cl  18        0.011064       -0.607880       -1.396171
     Cl  18       -0.607880        0.416620       -2.186880
     Cl  18       -1.396171       -2.186880       -0.427684

     H   19       -0.589388        0.094692        0.061317
     H   19        0.094692        0.392844       -0.298281
     H   19        0.061317       -0.298281        0.196544

     C   20        0.368876       -0.568952       -0.168505
     C   20       -0.568952       -0.309165        0.162085
     C   20       -0.168505        0.162085       -0.059712

     H   21        0.200732       -0.137550        0.557441
     H   21       -0.137550        0.045524       -0.148849
     H   21        0.557441       -0.148849       -0.246256

     C   22        0.319338        0.217592       -0.604564
     C   22        0.217592       -0.178675        0.180237
     C   22       -0.604564        0.180237       -0.140663

     C   23        0.047295       -0.024732       -0.189140
     C   23       -0.024732        0.124602        0.102260
     C   23       -0.189140        0.102260       -0.171897

     Cl  24        0.822672        2.933548       -0.859544
     Cl  24        2.933548       -0.489414       -0.834369
     Cl  24       -0.859544       -0.834369       -0.333258

     ----- total EFG (symmetrized) -----
     Cl   1        1.076763        0.648416       -0.391385
     Cl   1        0.648416        1.698245       -0.461670
     Cl   1       -0.391385       -0.461670       -2.775008

     C    2       -0.228442        0.210497       -0.157869
     C    2        0.210497        0.430612        0.173943
     C    2       -0.157869        0.173943       -0.202170

     C    3        0.144611        0.345515        0.138087
     C    3        0.345515        0.072303       -0.343823
     C    3        0.138087       -0.343823       -0.216914

     H    4        0.575584        0.069421        0.320327
     H    4        0.069421       -0.446500        0.385492
     H    4        0.320327        0.385492       -0.129084

     C    5       -0.584524        0.220273       -0.195065
     C    5        0.220273        0.483735       -0.136995
     C    5       -0.195065       -0.136995        0.100790

     H    6       -0.097643       -0.054483        0.204507
     H    6       -0.054483        0.308993        0.429997
     H    6        0.204507        0.429997       -0.211350

     H    7       -0.095871        0.099430        0.206889
     H    7        0.099430       -0.009128       -0.622252
     H    7        0.206889       -0.622252        0.104999

     C    8       -0.269630        0.018118       -0.196701
     C    8        0.018118       -0.066608        0.230261
     C    8       -0.196701        0.230261        0.336237

     H    9        0.514386       -0.149758        0.467356
     H    9       -0.149758       -0.082962       -0.285392
     H    9        0.467356       -0.285392       -0.431424

     C   10        0.088486       -0.118749        0.065459
     C   10       -0.118749       -0.244423       -0.019113
     C   10        0.065459       -0.019113        0.155937

     C   11       -0.343385        0.265470       -0.096084
     C   11        0.265470        0.074116        0.174876
     C   11       -0.096084        0.174876        0.269269

     Cl  12       -0.361614        1.813777        0.084942
     Cl  12        1.813777       -1.305150        0.654386
     Cl  12        0.084942        0.654386        1.666764

     H   13       -0.042699       -0.001333        0.000544
     H   13       -0.001333        0.449637        0.341510
     H   13        0.000544        0.341510       -0.406938

     C   14       -0.173866        0.101251        0.278946
     C   14        0.101251       -0.587856        0.001967
     C   14        0.278946        0.001967        0.761722

     H   15        0.363226        0.060395        0.482024
     H   15        0.060395       -0.059818        0.323753
     H   15        0.482024        0.323753       -0.303409

     C   16       -0.499533       -0.057041       -0.123180
     C   16       -0.057041       -0.009742       -0.284815
     C   16       -0.123180       -0.284815        0.509275

     C   17       -0.114887       -0.232866        0.061745
     C   17       -0.232866       -0.297333       -0.220492
     C   17        0.061745       -0.220492        0.412219

     Cl  18        0.011064       -0.607880       -1.396171
     Cl  18       -0.607880        0.416620       -2.186880
     Cl  18       -1.396171       -2.186880       -0.427684

     H   19       -0.589388        0.094692        0.061317
     H   19        0.094692        0.392844       -0.298281
     H   19        0.061317       -0.298281        0.196544

     C   20        0.368876       -0.568952       -0.168505
     C   20       -0.568952       -0.309165        0.162085
     C   20       -0.168505        0.162085       -0.059712

     H   21        0.200732       -0.137550        0.557441
     H   21       -0.137550        0.045524       -0.148849
     H   21        0.557441       -0.148849       -0.246256

     C   22        0.319338        0.217592       -0.604564
     C   22        0.217592       -0.178675        0.180237
     C   22       -0.604564        0.180237       -0.140663

     C   23        0.047295       -0.024732       -0.189140
     C   23       -0.024732        0.124602        0.102260
     C   23       -0.189140        0.102260       -0.171897

     Cl  24        0.822672        2.933548       -0.859544
     Cl  24        2.933548       -0.489414       -0.834369
     Cl  24       -0.859544       -0.834369       -0.333258


     NQR/NMR SPECTROSCOPIC PARAMETERS:
     Cl   1    Vxx=    0.6704    axis=(  0.840829 -0.540810 -0.023048)
     Cl   1    Vyy=    2.1791    axis=(  0.534699  0.836451 -0.120191)
     Cl   1    Vzz=   -2.8495    axis=(  0.084279  0.088736  0.992483)
     Cl   1  Q=        -8.1650 1e-30 m^2  Cq=        54.6666 MHz  eta= 0.52944

     C    2    Vxx=   -0.0572    axis=(  0.664163 -0.020119 -0.747317)
     C    2    Vyy=   -0.4575    axis=( -0.710574  0.293654 -0.639415)
     C    2    Vzz=    0.5147    axis=( -0.232317 -0.955700 -0.180738)
     C    2  Q=         1.0000 1e-30 m^2  Cq=         1.2093 MHz  eta= 0.77779

     C    3    Vxx=    0.0975    axis=(  0.645460 -0.357780  0.674814)
     C    3    Vyy=    0.4862    axis=( -0.644579 -0.729134  0.229959)
     C    3    Vzz=   -0.5836    axis=(  0.409755 -0.583401 -0.701245)
     C    3  Q=         1.0000 1e-30 m^2  Cq=        -1.3713 MHz  eta= 0.66604

     H    4    Vxx=   -0.0212    axis=(  0.440936 -0.562196 -0.699651)
     H    4    Vyy=   -0.7170    axis=( -0.101346 -0.805723  0.583558)
     H    4    Vzz=    0.7382    axis=( -0.891798 -0.186405 -0.412248)
     H    4  Q=         1.0000 1e-30 m^2  Cq=         1.7344 MHz  eta= 0.94255

     C    5    Vxx=    0.0740    axis=( -0.142707  0.381978  0.913087)
     C    5    Vyy=    0.5908    axis=( -0.227918 -0.910419  0.345241)
     C    5    Vzz=   -0.6648    axis=(  0.963166 -0.158841  0.216983)
     C    5  Q=         1.0000 1e-30 m^2  Cq=        -1.5620 MHz  eta= 0.77748

     H    6    Vxx=   -0.0084    axis=(  0.905127 -0.279108  0.320692)
     H    6    Vyy=   -0.5476    axis=(  0.416308  0.428918 -0.801697)
     H    6    Vzz=    0.5560    axis=(  0.086209  0.859144  0.504420)
     H    6  Q=         1.0000 1e-30 m^2  Cq=         1.3063 MHz  eta= 0.96984

     H    7    Vxx=   -0.0244    axis=(  0.927032  0.340766  0.156492)
     H    7    Vyy=   -0.6583    axis=( -0.356989  0.674295  0.646441)
     H    7    Vzz=    0.6827    axis=(  0.114763 -0.655137  0.746743)
     H    7  Q=         1.0000 1e-30 m^2  Cq=         1.6041 MHz  eta= 0.92853

     C    8    Vxx=   -0.1230    axis=(  0.437361  0.864896 -0.246315)
     C    8    Vyy=   -0.3578    axis=( -0.870153  0.337857 -0.358729)
     C    8    Vzz=    0.4808    axis=( -0.227044  0.371226  0.900357)
     C    8  Q=         1.0000 1e-30 m^2  Cq=         1.1296 MHz  eta= 0.48824

     H    9    Vxx=   -0.0813    axis=(  0.390134  0.896495 -0.209980)
     H    9    Vyy=   -0.6984    axis=( -0.301362  0.339815  0.890902)
     H    9    Vzz=    0.7797    axis=(  0.870044 -0.284291  0.402743)
     H    9  Q=         1.0000 1e-30 m^2  Cq=         1.8319 MHz  eta= 0.79148

     C   10    Vxx=    0.0715    axis=( -0.740162  0.240228  0.628053)
     C   10    Vyy=    0.2110    axis=(  0.598999 -0.188859  0.778160)
     C   10    Vzz=   -0.2824    axis=( -0.305549 -0.952167  0.004110)
     C   10  Q=         1.0000 1e-30 m^2  Cq=        -0.6636 MHz  eta= 0.49383

     C   11    Vxx=    0.1304    axis=(  0.494133  0.690771 -0.527890)
     C   11    Vyy=    0.3770    axis=(  0.096548  0.559842  0.822956)
     C   11    Vzz=   -0.5073    axis=(  0.864008 -0.457617  0.209944)
     C   11  Q=         1.0000 1e-30 m^2  Cq=        -1.1920 MHz  eta= 0.48604

     Cl  12    Vxx=    0.8043    axis=( -0.741238 -0.497577  0.450537)
     Cl  12    Vyy=    1.9529    axis=(  0.305214  0.347959  0.886436)
     Cl  12    Vzz=   -2.7572    axis=( -0.597838  0.794570 -0.106053)
     Cl  12  Q=        -8.1650 1e-30 m^2  Cq=        52.8952 MHz  eta= 0.41658

     H   13    Vxx=   -0.0427    axis=(  0.999997  0.001013  0.002443)
     H   13    Vyy=   -0.5264    axis=( -0.001971 -0.330255  0.943890)
     H   13    Vzz=    0.5691    axis=(  0.001762 -0.943891 -0.330252)
     H   13  Q=         1.0000 1e-30 m^2  Cq=         1.3372 MHz  eta= 0.84995

     C   14    Vxx=   -0.2248    axis=(  0.929603  0.257834 -0.263363)
     C   14    Vyy=   -0.6144    axis=(  0.253741 -0.965976 -0.050056)
     C   14    Vzz=    0.8392    axis=(  0.267308  0.020294  0.963397)
     C   14  Q=         1.0000 1e-30 m^2  Cq=         1.9717 MHz  eta= 0.46420

     H   15    Vxx=   -0.0052    axis=(  0.441359 -0.867711 -0.228649)
     H   15    Vyy=   -0.6716    axis=(  0.366114  0.406768 -0.836959)
     H   15    Vzz=    0.6768    axis=(  0.819246  0.285688  0.497211)
     H   15  Q=         1.0000 1e-30 m^2  Cq=         1.5903 MHz  eta= 0.98456

     C   16    Vxx=   -0.1096    axis=( -0.246451  0.898097  0.364258)
     C   16    Vyy=   -0.5326    axis=(  0.965915  0.196910  0.168030)
     C   16    Vzz=    0.6422    axis=( -0.079181 -0.393254  0.916014)
     C   16  Q=         1.0000 1e-30 m^2  Cq=         1.5089 MHz  eta= 0.65865

     C   17    Vxx=   -0.0198    axis=( -0.835783  0.431403  0.339643)
     C   17    Vyy=   -0.4822    axis=(  0.506420  0.844697  0.173280)
     C   17    Vzz=    0.5020    axis=(  0.212142 -0.316826  0.924455)
     C   17  Q=         1.0000 1e-30 m^2  Cq=         1.1794 MHz  eta= 0.92118

     Cl  18    Vxx=    0.6440    axis=( -0.867198  0.458900  0.193337)
     Cl  18    Vyy=    2.3178    axis=( -0.222419 -0.704326  0.674132)
     Cl  18    Vzz=   -2.9618    axis=(  0.445531  0.541604  0.712858)
     Cl  18  Q=        -8.1650 1e-30 m^2  Cq=        56.8205 MHz  eta= 0.56512

     H   19    Vxx=   -0.0006    axis=(  0.175076  0.567690  0.804411)
     H   19    Vyy=   -0.6095    axis=( -0.983951  0.129489  0.122769)
     H   19    Vzz=    0.6101    axis=( -0.034468 -0.812995  0.581250)
     H   19  Q=         1.0000 1e-30 m^2  Cq=         1.4335 MHz  eta= 0.99799

     C   20    Vxx=   -0.1167    axis=(  0.286070 -0.039387  0.957399)
     C   20    Vyy=   -0.6386    axis=( -0.475440 -0.873323  0.106132)
     C   20    Vzz=    0.7553    axis=(  0.831938 -0.485547 -0.268557)
     C   20  Q=         1.0000 1e-30 m^2  Cq=         1.7747 MHz  eta= 0.69092

     H   21    Vxx=   -0.0165    axis=(  0.300733  0.946580  0.116388)
     H   21    Vyy=   -0.6267    axis=( -0.549026  0.072043  0.832695)
     H   21    Vzz=    0.6432    axis=(  0.779827 -0.314319  0.541363)
     H   21  Q=         1.0000 1e-30 m^2  Cq=         1.5112 MHz  eta= 0.94876

     C   22    Vxx=   -0.0427    axis=(  0.192539  0.880914  0.432341)
     C   22    Vyy=   -0.7003    axis=( -0.522828  0.464933 -0.714484)
     C   22    Vzz=    0.7430    axis=( -0.830409 -0.088474  0.550085)
     C   22  Q=         1.0000 1e-30 m^2  Cq=         1.7458 MHz  eta= 0.88517

     C   23    Vxx=    0.0757    axis=(  0.650619  0.734274 -0.193741)
     C   23    Vyy=    0.2194    axis=( -0.600335  0.653558  0.460934)
     C   23    Vzz=   -0.2951    axis=(  0.465073 -0.183583  0.866028)
     C   23  Q=         1.0000 1e-30 m^2  Cq=        -0.6935 MHz  eta= 0.48699

     Cl  24    Vxx=   -0.6949    axis=(  0.261329  0.144448  0.954380)
     Cl  24    Vyy=   -2.8451    axis=(  0.616666 -0.785638 -0.049948)
     Cl  24    Vzz=    3.5400    axis=(  0.742583  0.601587 -0.294387)
     Cl  24  Q=        -8.1650 1e-30 m^2  Cq=       -67.9126 MHz  eta= 0.60740

     Initialization:
     gipaw_setup  :      9.12s CPU     10.80s WALL (       1 calls)

     Linear response

     Apply operators

     Induced current

     Other routines
     efg          :      9.40s CPU     11.54s WALL (       1 calls)

     General routines
     calbec       :      3.28s CPU      4.14s WALL (      16 calls)
     fft          :      1.62s CPU      2.34s WALL (      15 calls)
     ffts         :      0.04s CPU      0.05s WALL (       2 calls)
     fftw         :      3.24s CPU      3.94s WALL (     672 calls)
     davcio       :      0.04s CPU      0.33s WALL (      32 calls)

     Parallel routines
     fft_scatter  :      2.04s CPU      3.09s WALL (     689 calls)

     Plugins

     GIPAW        :     60.74s CPU     72.34s WALL (       1 calls)
