
     Program QE v.6.0 (svn rev. 13079) starts on 20Dec2016 at  9:40:25 

     This program is part of the open-source Quantum ESPRESSO suite
     for quantum simulation of materials; please cite
         "P. Giannozzi et al., J. Phys.:Condens. Matter 21 395502 (2009);
          URL http://www.quantum-espresso.org", 
     in publications or presentations arising from this work. More details at
     http://www.quantum-espresso.org/quote

     Parallel version (MPI), running on     8 processors
     R & G space division:  proc/nbgrp/npool/nimage =       8

     ***** This is GIPAW svn revision unknown      *****

     Parallelizing q-star over 1 images

     Reading data from directory:
     /users/majewski/paradichlorobenzene/pbe/9_constraint/scratch/pbe.ecut100.np8.dt60.pcl2phi-129368.save
     Message from routine read_xml_file:
     file /users/majewski/paradichlorobenzene/pbe/9_constraint/scratch/pbe.ecut100.np8.dt60.pcl2phi-129368.save not guaranteed to be safe for post-processing

   Info: using nr1, nr2, nr3 values from input

   Info: using nr1, nr2, nr3 values from input

     IMPORTANT: XC functional enforced from input :
     Exchange-correlation      =  SLA  PW   PBX  PBC ( 1  4  3  4 0 0)
     Any further DFT definition will be discarded
     Please, verify this is what you really want

               file C.pbe-n-kjpaw_psl.1.0.0.UPF: wavefunction(s)  2S 2P renormalized
               file Cl.pbe-n-kjpaw_psl.1.0.0.UPF: wavefunction(s)  3S 3P renormalized
               file H.pbe-kjpaw_psl.1.0.0.UPF: wavefunction(s)  1S renormalized

     Parallelization info
     --------------------
     sticks:   dense  smooth     PW     G-vecs:    dense   smooth      PW
     Min        3057    1223    332               144436    36536    5170
     Max        3059    1225    333               144437    36537    5171
     Sum       24467    9791   2657              1155489   292295   41363


     Subspace diagonalization in iterative solution of the eigenvalue problem:
     a serial algorithm will be used

     GIPAW projectors -----------------------------------------------
     atom=  C    l=0  rc=    1.2000  rs=    0.8000
     atom=  C    l=0  rc=    1.2000  rs=    0.8000
     atom=  C    l=1  rc=    1.4000  rs=    0.9333
     atom=  C    l=1  rc=    1.4000  rs=    0.9333
     projs nearly linearly dependent: l=1  n1,n2= 1, 2  s=  0.99951561

     atom=  Cl   l=0  rc=    1.6000  rs=    1.0667
     atom=  Cl   l=0  rc=    1.6000  rs=    1.0667
     atom=  Cl   l=1  rc=    1.6000  rs=    1.0667
     atom=  Cl   l=1  rc=    1.6000  rs=    1.0667
     atom=  Cl   l=2  rc=    1.6000  rs=    1.0667
     atom=  Cl   l=2  rc=    1.6000  rs=    1.0667
     projs nearly linearly dependent: l=2  n1,n2= 1, 2  s=  0.99993509

     atom=  H    l=0  rc=    1.0000  rs=    0.6667
     atom=  H    l=0  rc=    1.0000  rs=    0.6667
     projs nearly linearly dependent: l=0  n1,n2= 1, 2  s=  0.99968852
     -----------------------------------------------------------------

     GIPAW integrals: -------------------------------------------
     Atom  i/j   nmr_para   nmr_dia   epr_rmc  epr_para   epr_dia
       C   1 1   0.83E+03  0.17E-01  0.93E+01  0.24E+08  0.24E+03
       C   2 1   0.86E+03 -0.61E-01  0.94E+01  0.25E+08  0.25E+03
       C   2 2   0.90E+03 -0.15E+00  0.97E+01  0.26E+08  0.26E+03
       C   3 3   0.33E+01  0.34E+00  0.18E+01  0.55E+03  0.21E+02
       C   4 3   0.35E+01  0.37E+00  0.20E+01  0.59E+03  0.22E+02
       C   4 4   0.38E+01  0.39E+00  0.22E+01  0.63E+03  0.24E+02
       Cl  1 1   0.14E+04 -0.47E+00  0.84E+01  0.32E+09  0.42E+03
       Cl  2 1   0.21E+04 -0.37E+00  0.12E+02  0.49E+09  0.65E+03
       Cl  2 2   0.33E+04 -0.16E+00  0.21E+02  0.76E+09  0.10E+04
       Cl  3 3   0.21E+02  0.79E-01  0.89E+01  0.23E+05  0.13E+03
       Cl  4 3   0.24E+02  0.67E-01  0.99E+01  0.27E+05  0.15E+03
       Cl  4 4   0.28E+02  0.44E-01  0.11E+02  0.32E+05  0.18E+03
       Cl  5 5   0.77E+00  0.19E+00  0.18E+01  0.12E+03  0.22E+02
       Cl  6 5   0.80E+00  0.19E+00  0.19E+01  0.12E+03  0.23E+02
       Cl  6 6   0.83E+00  0.20E+00  0.19E+01  0.12E+03  0.23E+02
       H   1 1   0.39E+02  0.19E+00  0.29E+00  0.78E+05  0.13E+02
       H   2 1   0.41E+02  0.21E+00  0.32E+00  0.82E+05  0.14E+02
       H   2 2   0.43E+02  0.22E+00  0.36E+00  0.86E+05  0.15E+02
     ------------------------------------------------------------

     alpha_pv=     33.8779 eV

     Number of occupied bands for each k-point:
     k-point:     1    nbnd_occ=  42
     k-point:     2    nbnd_occ=  42
     k-point:     3    nbnd_occ=  42
     k-point:     4    nbnd_occ=  42
     k-point:     5    nbnd_occ=  42
     k-point:     6    nbnd_occ=  42
     k-point:     7    nbnd_occ=  42
     k-point:     8    nbnd_occ=  42
     k-point:     9    nbnd_occ=  42
     k-point:    10    nbnd_occ=  42
     k-point:    11    nbnd_occ=  42
     k-point:    12    nbnd_occ=  42
     k-point:    13    nbnd_occ=  42
     k-point:    14    nbnd_occ=  42
     k-point:    15    nbnd_occ=  42
     k-point:    16    nbnd_occ=  42


     q-space interpolation up to   110.00 Rydberg

     GIPAW job: efg                                                                             


     ELECTRIC FIELD GRADIENTS TENSORS IN Hartree/bohrradius^2:

     ----- bare term -----
     Cl   1       -0.180276        0.315070       -0.013689
     Cl   1        0.315070       -0.040920        0.005982
     Cl   1       -0.013689        0.005982        0.221197

     C    2        0.114170       -0.163714       -0.578326
     C    2       -0.163714       -0.096942       -0.527373
     C    2       -0.578326       -0.527373       -0.017228

     C    3        0.038041        0.442038       -0.130029
     C    3        0.442038       -0.273019       -0.173921
     C    3       -0.130029       -0.173921        0.234978

     H    4        0.143179       -0.086158       -0.301739
     H    4       -0.086158        0.330180        0.225229
     H    4       -0.301739        0.225229       -0.473358

     C    5       -0.149706        0.016725       -0.497888
     C    5        0.016725       -0.185242       -0.382834
     C    5       -0.497888       -0.382834        0.334948

     H    6        0.432748        0.012539        0.188923
     H    6        0.012539       -0.015606       -0.483374
     H    6        0.188923       -0.483374       -0.417142

     H    7        0.373769        0.038566       -0.052704
     H    7        0.038566       -0.508575        0.572227
     H    7       -0.052704        0.572227        0.134806

     C    8       -0.660297       -0.389361       -0.390621
     C    8       -0.389361        0.353181        0.306076
     C    8       -0.390621        0.306076        0.307116

     H    9       -0.569927        0.046551       -0.274160
     H    9        0.046551        0.319773        0.258367
     H    9       -0.274160        0.258367        0.250154

     C   10       -0.043219       -0.177634       -0.210297
     C   10       -0.177634       -0.277935        0.516326
     C   10       -0.210297        0.516326        0.321154

     C   11       -0.215616       -0.185430       -0.485089
     C   11       -0.185430        0.112138        0.338514
     C   11       -0.485089        0.338514        0.103478

     Cl  12       -0.079839       -0.112219        0.001577
     Cl  12       -0.112219       -0.003452       -0.015798
     Cl  12        0.001577       -0.015798        0.083292

     H   13        0.514246        0.010367       -0.117734
     H   13        0.010367        0.062723       -0.208946
     H   13       -0.117734       -0.208946       -0.576969

     C   14       -0.287194        0.367822        0.096035
     C   14        0.367822       -0.124992       -0.441794
     C   14        0.096035       -0.441794        0.412186

     H   15        0.144228        0.010960       -0.374534
     H   15        0.010960        0.218118        0.236179
     H   15       -0.374534        0.236179       -0.362346

     C   16        0.110765       -0.031107       -0.213037
     C   16       -0.031107       -0.080858       -0.475367
     C   16       -0.213037       -0.475367       -0.029907

     C   17       -0.588384        0.375944       -0.255944
     C   17        0.375944        0.226796       -0.296594
     C   17       -0.255944       -0.296594        0.361588

     Cl  18        0.218091       -0.072626       -0.015886
     Cl  18       -0.072626       -0.425223        0.055300
     Cl  18       -0.015886        0.055300        0.207133

     H   19        0.233016        0.360841       -0.106832
     H   19        0.360841       -0.511945        0.414370
     H   19       -0.106832        0.414370        0.278929

     C   20       -0.020174       -0.510859       -0.163220
     C   20       -0.510859       -0.278972        0.409085
     C   20       -0.163220        0.409085        0.299146

     H   21       -0.711072        0.215713       -0.021268
     H   21        0.215713        0.421239        0.127852
     H   21       -0.021268        0.127852        0.289833

     C   22       -0.233512       -0.269297       -0.342416
     C   22       -0.269297       -0.082700        0.427956
     C   22       -0.342416        0.427956        0.316212

     C   23       -0.201273       -0.050298       -0.208486
     C   23       -0.050298       -0.017498        0.521651
     C   23       -0.208486        0.521651        0.218771

     Cl  24        0.053456       -0.055811        0.093584
     Cl  24       -0.055811        0.084940       -0.159522
     Cl  24        0.093584       -0.159522       -0.138397

     ----- ionic term -----
     Cl   1        0.124749       -0.211837        0.056971
     Cl   1       -0.211837        0.014395       -0.023396
     Cl   1        0.056971       -0.023396       -0.139144

     C    2        0.064026       -0.260032        0.392354
     C    2       -0.260032       -0.004580        0.333069
     C    2        0.392354        0.333069       -0.059446

     C    3        0.047198       -0.396790        0.237546
     C    3       -0.396790        0.147574        0.320998
     C    3        0.237546        0.320998       -0.194772

     H    4        0.490757       -0.005866        0.781868
     H    4       -0.005866       -0.505610        0.096662
     H    4        0.781868        0.096662        0.014853

     C    5        0.093422       -0.357969        0.321864
     C    5       -0.357969        0.088618        0.219386
     C    5        0.321864        0.219386       -0.182040

     H    6       -0.526915        0.090286        0.093609
     H    6        0.090286        0.537391        0.741056
     H    6        0.093609        0.741056       -0.010476

     H    7       -0.504549       -0.137952        0.052278
     H    7       -0.137952        0.845740       -0.598171
     H    7        0.052278       -0.598171       -0.341191

     C    8        0.426226        0.090090        0.176654
     C    8        0.090090        0.028577       -0.312238
     C    8        0.176654       -0.312238       -0.454803

     H    9        0.720252       -0.355467        0.610249
     H    9       -0.355467       -0.429690       -0.227608
     H    9        0.610249       -0.227608       -0.290562

     C   10        0.210628        0.102729        0.143679
     C   10        0.102729        0.157775       -0.407472
     C   10        0.143679       -0.407472       -0.368403

     C   11        0.203925        0.068096        0.197398
     C   11        0.068096        0.139021       -0.456870
     C   11        0.197398       -0.456870       -0.342946

     Cl  12        0.109857        0.197404       -0.048573
     Cl  12        0.197404        0.006369       -0.043934
     Cl  12       -0.048573       -0.043934       -0.116226

     H   13       -0.566044       -0.025008       -0.036638
     H   13       -0.025008        0.295928        0.812630
     H   13       -0.036638        0.812630        0.270116

     C   14        0.044737       -0.247106        0.314254
     C   14       -0.247106        0.004354        0.273129
     C   14        0.314254        0.273129       -0.049091

     H   15        0.224968        0.125236        0.777731
     H   15        0.125236       -0.473543        0.188344
     H   15        0.777731        0.188344        0.248575

     C   16       -0.070850       -0.273693        0.229591
     C   16       -0.273693        0.160129        0.362268
     C   16        0.229591        0.362268       -0.089279

     C   17       -0.036699       -0.307155        0.292960
     C   17       -0.307155        0.128889        0.343563
     C   17        0.292960        0.343563       -0.092190

     Cl  18        0.056793       -0.213083        0.006209
     Cl  18       -0.213083        0.085023        0.000507
     Cl  18        0.006209        0.000507       -0.141816

     H   19       -0.520967       -0.051337        0.039980
     H   19       -0.051337        0.579642       -0.770549
     H   19        0.039980       -0.770549       -0.058676

     C   20        0.317434        0.204936        0.182471
     C   20        0.204936        0.040445       -0.348371
     C   20        0.182471       -0.348371       -0.357879

     H   21        0.718801       -0.115019        0.656278
     H   21       -0.115019       -0.530308       -0.145656
     H   21        0.656278       -0.145656       -0.188493

     C   22        0.205705        0.284499        0.143319
     C   22        0.284499        0.089112       -0.401356
     C   22        0.143319       -0.401356       -0.294817

     C   23        0.334587        0.085269        0.188595
     C   23        0.085269        0.007588       -0.439907
     C   23        0.188595       -0.439907       -0.342175

     Cl  24        0.131461        0.183431       -0.031360
     Cl  24        0.183431        0.002657       -0.032894
     Cl  24       -0.031360       -0.032894       -0.134118

     ----- GIPAW term -----
     Cl   1        0.849960        0.051549       -2.179513
     Cl   1        0.051549       -1.355249       -0.474196
     Cl   1       -2.179513       -0.474196        0.505289

     C    2        0.281759       -0.047558       -0.129992
     C    2       -0.047558       -0.106278       -0.067513
     C    2       -0.129992       -0.067513       -0.175481

     C    3        0.079679        0.071269       -0.123621
     C    3        0.071269       -0.101932       -0.024556
     C    3       -0.123621       -0.024556        0.022253

     H    4       -0.000000        0.000000        0.000000
     H    4        0.000000        0.000000        0.000000
     H    4        0.000000        0.000000        0.000000

     C    5        0.024082       -0.018967       -0.235884
     C    5       -0.018967       -0.170444       -0.061459
     C    5       -0.235884       -0.061459        0.146362

     H    6       -0.000000        0.000000        0.000000
     H    6        0.000000        0.000000        0.000000
     H    6        0.000000        0.000000        0.000000

     H    7       -0.000000        0.000000        0.000000
     H    7        0.000000        0.000000        0.000000
     H    7        0.000000        0.000000        0.000000

     C    8       -0.173413       -0.140609       -0.077078
     C    8       -0.140609        0.213898        0.112991
     C    8       -0.077078        0.112991       -0.040485

     H    9       -0.000000        0.000000        0.000000
     H    9        0.000000        0.000000        0.000000
     H    9        0.000000        0.000000        0.000000

     C   10       -0.076641        0.008419       -0.045473
     C   10        0.008419        0.062754       -0.020296
     C   10       -0.045473       -0.020296        0.013886

     C   11        0.107709       -0.086810       -0.060907
     C   11       -0.086810        0.072711        0.020702
     C   11       -0.060907        0.020702       -0.180420

     Cl  12       -0.075920        0.321302        1.493305
     Cl  12        0.321302       -0.772084       -1.497600
     Cl  12        1.493305       -1.497600        0.848003

     H   13       -0.000000        0.000000        0.000000
     H   13        0.000000        0.000000        0.000000
     H   13        0.000000        0.000000        0.000000

     C   14       -0.019830       -0.068870        0.172759
     C   14       -0.068870       -0.043984       -0.182872
     C   14        0.172759       -0.182872        0.063814

     H   15       -0.000000        0.000000        0.000000
     H   15        0.000000        0.000000        0.000000
     H   15        0.000000        0.000000        0.000000

     C   16       -0.062609       -0.053630       -0.008738
     C   16       -0.053630        0.100600       -0.128472
     C   16       -0.008738       -0.128472       -0.037991

     C   17       -0.141089       -0.099104       -0.009495
     C   17       -0.099104        0.253294       -0.099853
     C   17       -0.009495       -0.099853       -0.112205

     Cl  18        0.219833       -0.053268       -0.147355
     Cl  18       -0.053268        1.415541       -0.168982
     Cl  18       -0.147355       -0.168982       -1.635374

     H   19       -0.000000        0.000000        0.000000
     H   19        0.000000        0.000000        0.000000
     H   19        0.000000        0.000000        0.000000

     C   20        0.110607       -0.246463       -0.059863
     C   20       -0.246463       -0.035704        0.122183
     C   20       -0.059863        0.122183       -0.074903

     H   21       -0.000000        0.000000        0.000000
     H   21        0.000000        0.000000        0.000000
     H   21        0.000000        0.000000        0.000000

     C   22       -0.043387       -0.138934       -0.186421
     C   22       -0.138934        0.009897        0.164490
     C   22       -0.186421        0.164490        0.033490

     C   23       -0.063004        0.000189       -0.096279
     C   23        0.000189       -0.001973        0.189886
     C   23       -0.096279        0.189886        0.064977

     Cl  24       -0.349263        0.482362       -0.918687
     Cl  24        0.482362       -0.616420        1.158464
     Cl  24       -0.918687        1.158464        0.965682

     ----- total EFG -----
     Cl   1        0.794433        0.154782       -2.136232
     Cl   1        0.154782       -1.381775       -0.491610
     Cl   1       -2.136232       -0.491610        0.587342

     C    2        0.459955       -0.471305       -0.315964
     C    2       -0.471305       -0.207800       -0.261816
     C    2       -0.315964       -0.261816       -0.252154

     C    3        0.164919        0.116518       -0.016104
     C    3        0.116518       -0.227377        0.122520
     C    3       -0.016104        0.122520        0.062458

     H    4        0.633936       -0.092024        0.480130
     H    4       -0.092024       -0.175430        0.321890
     H    4        0.480130        0.321890       -0.458506

     C    5       -0.032202       -0.360212       -0.411908
     C    5       -0.360212       -0.267068       -0.224906
     C    5       -0.411908       -0.224906        0.299270

     H    6       -0.094167        0.102825        0.282532
     H    6        0.102825        0.521785        0.257682
     H    6        0.282532        0.257682       -0.427618

     H    7       -0.130780       -0.099385       -0.000426
     H    7       -0.099385        0.337165       -0.025944
     H    7       -0.000426       -0.025944       -0.206385

     C    8       -0.407484       -0.439880       -0.291045
     C    8       -0.439880        0.595656        0.106830
     C    8       -0.291045        0.106830       -0.188171

     H    9        0.150325       -0.308916        0.336089
     H    9       -0.308916       -0.109918        0.030759
     H    9        0.336089        0.030759       -0.040407

     C   10        0.090768       -0.066487       -0.112090
     C   10       -0.066487       -0.057406        0.088558
     C   10       -0.112090        0.088558       -0.033362

     C   11        0.096018       -0.204145       -0.348598
     C   11       -0.204145        0.323870       -0.097653
     C   11       -0.348598       -0.097653       -0.419888

     Cl  12       -0.045902        0.406488        1.446309
     Cl  12        0.406488       -0.769167       -1.557332
     Cl  12        1.446309       -1.557332        0.815069

     H   13       -0.051799       -0.014641       -0.154372
     H   13       -0.014641        0.358652        0.603684
     H   13       -0.154372        0.603684       -0.306853

     C   14       -0.262286        0.051846        0.583048
     C   14        0.051846       -0.164623       -0.351537
     C   14        0.583048       -0.351537        0.426909

     H   15        0.369196        0.136196        0.403197
     H   15        0.136196       -0.255425        0.424522
     H   15        0.403197        0.424522       -0.113771

     C   16       -0.022694       -0.358430        0.007816
     C   16       -0.358430        0.179871       -0.241571
     C   16        0.007816       -0.241571       -0.157177

     C   17       -0.766172       -0.030314        0.027521
     C   17       -0.030314        0.608979       -0.052884
     C   17        0.027521       -0.052884        0.157192

     Cl  18        0.494717       -0.338977       -0.157032
     Cl  18       -0.338977        1.075340       -0.113175
     Cl  18       -0.157032       -0.113175       -1.570057

     H   19       -0.287951        0.309504       -0.066852
     H   19        0.309504        0.067697       -0.356178
     H   19       -0.066852       -0.356178        0.220254

     C   20        0.407867       -0.552386       -0.040612
     C   20       -0.552386       -0.274231        0.182897
     C   20       -0.040612        0.182897       -0.133636

     H   21        0.007729        0.100694        0.635010
     H   21        0.100694       -0.109068       -0.017804
     H   21        0.635010       -0.017804        0.101340

     C   22       -0.071194       -0.123732       -0.385519
     C   22       -0.123732        0.016309        0.191090
     C   22       -0.385519        0.191090        0.054885

     C   23        0.070309        0.035160       -0.116170
     C   23        0.035160       -0.011882        0.271630
     C   23       -0.116170        0.271630       -0.058427

     Cl  24       -0.164345        0.609982       -0.856463
     Cl  24        0.609982       -0.528823        0.966049
     Cl  24       -0.856463        0.966049        0.693168

     ----- total EFG (symmetrized) -----
     Cl   1        0.794433        0.154782       -2.136232
     Cl   1        0.154782       -1.381775       -0.491610
     Cl   1       -2.136232       -0.491610        0.587342

     C    2        0.459955       -0.471305       -0.315964
     C    2       -0.471305       -0.207800       -0.261816
     C    2       -0.315964       -0.261816       -0.252154

     C    3        0.164919        0.116518       -0.016104
     C    3        0.116518       -0.227377        0.122520
     C    3       -0.016104        0.122520        0.062458

     H    4        0.633936       -0.092024        0.480130
     H    4       -0.092024       -0.175430        0.321890
     H    4        0.480130        0.321890       -0.458506

     C    5       -0.032202       -0.360212       -0.411908
     C    5       -0.360212       -0.267068       -0.224906
     C    5       -0.411908       -0.224906        0.299270

     H    6       -0.094167        0.102825        0.282532
     H    6        0.102825        0.521785        0.257682
     H    6        0.282532        0.257682       -0.427618

     H    7       -0.130780       -0.099385       -0.000426
     H    7       -0.099385        0.337165       -0.025944
     H    7       -0.000426       -0.025944       -0.206385

     C    8       -0.407484       -0.439880       -0.291045
     C    8       -0.439880        0.595656        0.106830
     C    8       -0.291045        0.106830       -0.188171

     H    9        0.150325       -0.308916        0.336089
     H    9       -0.308916       -0.109918        0.030759
     H    9        0.336089        0.030759       -0.040407

     C   10        0.090768       -0.066487       -0.112090
     C   10       -0.066487       -0.057406        0.088558
     C   10       -0.112090        0.088558       -0.033362

     C   11        0.096018       -0.204145       -0.348598
     C   11       -0.204145        0.323870       -0.097653
     C   11       -0.348598       -0.097653       -0.419888

     Cl  12       -0.045902        0.406488        1.446309
     Cl  12        0.406488       -0.769167       -1.557332
     Cl  12        1.446309       -1.557332        0.815069

     H   13       -0.051799       -0.014641       -0.154372
     H   13       -0.014641        0.358652        0.603684
     H   13       -0.154372        0.603684       -0.306853

     C   14       -0.262286        0.051846        0.583048
     C   14        0.051846       -0.164623       -0.351537
     C   14        0.583048       -0.351537        0.426909

     H   15        0.369196        0.136196        0.403197
     H   15        0.136196       -0.255425        0.424522
     H   15        0.403197        0.424522       -0.113771

     C   16       -0.022694       -0.358430        0.007816
     C   16       -0.358430        0.179871       -0.241571
     C   16        0.007816       -0.241571       -0.157177

     C   17       -0.766172       -0.030314        0.027521
     C   17       -0.030314        0.608979       -0.052884
     C   17        0.027521       -0.052884        0.157192

     Cl  18        0.494717       -0.338977       -0.157032
     Cl  18       -0.338977        1.075340       -0.113175
     Cl  18       -0.157032       -0.113175       -1.570057

     H   19       -0.287951        0.309504       -0.066852
     H   19        0.309504        0.067697       -0.356178
     H   19       -0.066852       -0.356178        0.220254

     C   20        0.407867       -0.552386       -0.040612
     C   20       -0.552386       -0.274231        0.182897
     C   20       -0.040612        0.182897       -0.133636

     H   21        0.007729        0.100694        0.635010
     H   21        0.100694       -0.109068       -0.017804
     H   21        0.635010       -0.017804        0.101340

     C   22       -0.071194       -0.123732       -0.385519
     C   22       -0.123732        0.016309        0.191090
     C   22       -0.385519        0.191090        0.054885

     C   23        0.070309        0.035160       -0.116170
     C   23        0.035160       -0.011882        0.271630
     C   23       -0.116170        0.271630       -0.058427

     Cl  24       -0.164345        0.609982       -0.856463
     Cl  24        0.609982       -0.528823        0.966049
     Cl  24       -0.856463        0.966049        0.693168


     NQR/NMR SPECTROSCOPIC PARAMETERS:
     Cl   1    Vxx=   -1.1908    axis=(  0.536726 -0.715659  0.446943)
     Cl   1    Vyy=   -1.6867    axis=( -0.446791 -0.690408 -0.568959)
     Cl   1    Vzz=    2.8776    axis=( -0.715754 -0.105685  0.690309)
     Cl   1  Q=        -8.1650 1e-30 m^2  Cq=       -55.2049 MHz  eta= 0.17233

     C    2    Vxx=    0.0157    axis=( -0.125614 -0.631397  0.765218)
     C    2    Vyy=    0.7334    axis=( -0.898563  0.399329  0.181992)
     C    2    Vzz=   -0.7491    axis=( -0.420483 -0.664736 -0.617511)
     C    2  Q=         1.0000 1e-30 m^2  Cq=        -1.7602 MHz  eta= 0.95797

     C    3    Vxx=    0.1010    axis=( -0.242908  0.262230  0.933933)
     C    3    Vyy=    0.1997    axis=(  0.939789  0.302212  0.159576)
     C    3    Vzz=   -0.3007    axis=( -0.240400  0.916463 -0.319850)
     C    3  Q=         1.0000 1e-30 m^2  Cq=        -0.7065 MHz  eta= 0.32792

     H    4    Vxx=   -0.0018    axis=(  0.191324 -0.885665 -0.423075)
     H    4    Vyy=   -0.8140    axis=(  0.305310  0.463355 -0.831918)
     H    4    Vzz=    0.8158    axis=(  0.932835  0.029997  0.359054)
     H    4  Q=         1.0000 1e-30 m^2  Cq=         1.9168 MHz  eta= 0.99562

     C    5    Vxx=    0.1359    axis=(  0.556758 -0.724495  0.406360)
     C    5    Vyy=    0.5779    axis=(  0.569004 -0.023777 -0.821991)
     C    5    Vzz=   -0.7138    axis=(  0.605190  0.688870  0.399002)
     C    5  Q=         1.0000 1e-30 m^2  Cq=        -1.6771 MHz  eta= 0.61923

     H    6    Vxx=   -0.0131    axis=(  0.861420 -0.345095  0.372645)
     H    6    Vyy=   -0.6169    axis=(  0.445018  0.159245 -0.881249)
     H    6    Vzz=    0.6300    axis=(  0.244773  0.924960  0.290751)
     H    6  Q=         1.0000 1e-30 m^2  Cq=         1.4802 MHz  eta= 0.95829

     H    7    Vxx=   -0.1505    axis=(  0.976203  0.193783 -0.097343)
     H    7    Vyy=   -0.2081    axis=( -0.086617 -0.063097 -0.994242)
     H    7    Vzz=    0.3585    axis=( -0.198809  0.979013 -0.044811)
     H    7  Q=         1.0000 1e-30 m^2  Cq=         0.8424 MHz  eta= 0.16066

     C    8    Vxx=   -0.1147    axis=( -0.346928 -0.345918  0.871769)
     C    8    Vyy=   -0.6895    axis=( -0.858568 -0.256982 -0.443645)
     C    8    Vzz=    0.8043    axis=(  0.377494 -0.902386 -0.207839)
     C    8  Q=         1.0000 1e-30 m^2  Cq=         1.8897 MHz  eta= 0.71468

     H    9    Vxx=   -0.0462    axis=(  0.077121 -0.711175 -0.698772)
     H    9    Vyy=   -0.4522    axis=(  0.602285  0.591760 -0.535792)
     H    9    Vzz=    0.4984    axis=( -0.794547  0.379539 -0.473967)
     H    9  Q=         1.0000 1e-30 m^2  Cq=         1.1710 MHz  eta= 0.81461

     C   10    Vxx=   -0.0599    axis=(  0.617536  0.648220  0.445488)
     C   10    Vyy=   -0.1388    axis=(  0.165913 -0.660998  0.731816)
     C   10    Vzz=    0.1986    axis=( -0.768844  0.378011  0.515738)
     C   10  Q=         1.0000 1e-30 m^2  Cq=         0.4667 MHz  eta= 0.39708

     C   11    Vxx=    0.1726    axis=(  0.658664  0.577215 -0.482686)
     C   11    Vyy=    0.4574    axis=(  0.589454 -0.794538 -0.145782)
     C   11    Vzz=   -0.6300    axis=(  0.467660  0.188500  0.863575)
     C   11  Q=         1.0000 1e-30 m^2  Cq=        -1.4802 MHz  eta= 0.45211

     Cl  12    Vxx=    0.0408    axis=(  0.758444  0.637858 -0.133793)
     Cl  12    Vyy=    2.2840    axis=( -0.446327  0.358746 -0.819813)
     Cl  12    Vzz=   -2.3248    axis=( -0.474926  0.681498  0.556781)
     Cl  12  Q=        -8.1650 1e-30 m^2  Cq=        44.5997 MHz  eta= 0.96488

     H   13    Vxx=   -0.0377    axis=(  0.973653  0.200743 -0.108175)
     H   13    Vyy=   -0.6884    axis=( -0.195112  0.487842 -0.850848)
     H   13    Vzz=    0.7260    axis=( -0.118030  0.849537  0.514156)
     H   13  Q=         1.0000 1e-30 m^2  Cq=         1.7059 MHz  eta= 0.89624

     C   14    Vxx=   -0.1444    axis=(  0.498965  0.866294  0.023827)
     C   14    Vyy=   -0.6957    axis=( -0.747131  0.416073  0.518343)
     C   14    Vzz=    0.8401    axis=(  0.439123 -0.276437  0.854841)
     C   14  Q=         1.0000 1e-30 m^2  Cq=         1.9739 MHz  eta= 0.65616

     H   15    Vxx=   -0.0744    axis=(  0.618845 -0.631128 -0.467663)
     H   15    Vyy=   -0.6443    axis=(  0.183244  0.694923 -0.695344)
     H   15    Vzz=    0.7187    axis=(  0.763841  0.344614  0.545700)
     H   15  Q=         1.0000 1e-30 m^2  Cq=         1.6886 MHz  eta= 0.79295

     C   16    Vxx=   -0.1163    axis=( -0.634359 -0.149036  0.758536)
     C   16    Vyy=   -0.3952    axis=(  0.557260  0.591907  0.582330)
     C   16    Vzz=    0.5115    axis=(  0.535771 -0.792108  0.292430)
     C   16  Q=         1.0000 1e-30 m^2  Cq=         1.2018 MHz  eta= 0.54545

     C   17    Vxx=    0.1517    axis=(  0.025920  0.116542  0.992848)
     C   17    Vyy=    0.6159    axis=( -0.024088  0.992966 -0.115927)
     C   17    Vzz=   -0.7676    axis=( -0.999374 -0.020911  0.028545)
     C   17  Q=         1.0000 1e-30 m^2  Cq=        -1.8035 MHz  eta= 0.60473

     Cl  18    Vxx=    0.3574    axis=(  0.905789  0.412240 -0.098000)
     Cl  18    Vyy=    1.2318    axis=(  0.415403 -0.909538  0.013457)
     Cl  18    Vzz=   -1.5893    axis=(  0.083587  0.052899  0.995095)
     Cl  18  Q=        -8.1650 1e-30 m^2  Cq=        30.4892 MHz  eta= 0.55019

     H   19    Vxx=   -0.0890    axis=( -0.537461 -0.493153 -0.684058)
     H   19    Vyy=   -0.4932    axis=( -0.792984  0.571533  0.211013)
     H   19    Vzz=    0.5823    axis=(  0.286900  0.655858 -0.698240)
     H   19  Q=         1.0000 1e-30 m^2  Cq=         1.3681 MHz  eta= 0.69414

     C   20    Vxx=   -0.1109    axis=(  0.262019  0.176298  0.948823)
     C   20    Vyy=   -0.6233    axis=(  0.444577  0.850585 -0.280816)
     C   20    Vzz=    0.7342    axis=( -0.856561  0.495404  0.144491)
     C   20  Q=         1.0000 1e-30 m^2  Cq=         1.7251 MHz  eta= 0.69799

     H   21    Vxx=   -0.0977    axis=( -0.080570 -0.982292  0.169146)
     H   21    Vyy=   -0.5974    axis=(  0.726533 -0.174054 -0.664722)
     H   21    Vzz=    0.6951    axis=(  0.682392  0.069333  0.727691)
     H   21  Q=         1.0000 1e-30 m^2  Cq=         1.6333 MHz  eta= 0.71877

     C   22    Vxx=   -0.0890    axis=( -0.343721 -0.898646  0.272565)
     C   22    Vyy=   -0.4013    axis=( -0.743642  0.083228 -0.663377)
     C   22    Vzz=    0.4902    axis=(  0.573456 -0.430707 -0.696878)
     C   22  Q=         1.0000 1e-30 m^2  Cq=         1.1518 MHz  eta= 0.63701

     C   23    Vxx=    0.0830    axis=( -0.914975 -0.402897 -0.022250)
     C   23    Vyy=    0.2545    axis=(  0.307017 -0.659330 -0.686312)
     C   23    Vzz=   -0.3375    axis=(  0.261842 -0.634790  0.726967)
     C   23  Q=         1.0000 1e-30 m^2  Cq=        -0.7929 MHz  eta= 0.50829

     Cl  24    Vxx=    0.2830    axis=(  0.760017  0.646779  0.063651)
     Cl  24    Vyy=    1.3987    axis=(  0.352377 -0.327807 -0.876569)
     Cl  24    Vzz=   -1.6818    axis=( -0.546081  0.688636 -0.477049)
     Cl  24  Q=        -8.1650 1e-30 m^2  Cq=        32.2637 MHz  eta= 0.66342

     Initialization:
     gipaw_setup  :      9.13s CPU     10.88s WALL (       1 calls)

     Linear response

     Apply operators

     Induced current

     Other routines
     efg          :      9.25s CPU     11.56s WALL (       1 calls)

     General routines
     calbec       :      3.26s CPU      4.41s WALL (      16 calls)
     fft          :      1.68s CPU      2.40s WALL (      15 calls)
     ffts         :      0.04s CPU      0.04s WALL (       2 calls)
     fftw         :      3.20s CPU      3.85s WALL (     672 calls)
     davcio       :      0.02s CPU      0.33s WALL (      32 calls)

     Parallel routines
     fft_scatter  :      2.14s CPU      3.33s WALL (     689 calls)

     Plugins

     GIPAW        :     61.94s CPU     75.53s WALL (       1 calls)
