
     Program QE v.6.0 (svn rev. 13079) starts on 27Dec2016 at 19:24:55 

     This program is part of the open-source Quantum ESPRESSO suite
     for quantum simulation of materials; please cite
         "P. Giannozzi et al., J. Phys.:Condens. Matter 21 395502 (2009);
          URL http://www.quantum-espresso.org", 
     in publications or presentations arising from this work. More details at
     http://www.quantum-espresso.org/quote

     Parallel version (MPI), running on     8 processors
     R & G space division:  proc/nbgrp/npool/nimage =       8

     ***** This is GIPAW svn revision unknown      *****

     Parallelizing q-star over 1 images

     Reading data from directory:
     /users/majewski/paradichlorobenzene/pbe/9_constraint/scratch/pbe.ecut100.np8.dt60.pcl2phi-129368.save
     Message from routine read_xml_file:
     file /users/majewski/paradichlorobenzene/pbe/9_constraint/scratch/pbe.ecut100.np8.dt60.pcl2phi-129368.save not guaranteed to be safe for post-processing

   Info: using nr1, nr2, nr3 values from input

   Info: using nr1, nr2, nr3 values from input

     IMPORTANT: XC functional enforced from input :
     Exchange-correlation      =  SLA  PW   PBX  PBC ( 1  4  3  4 0 0)
     Any further DFT definition will be discarded
     Please, verify this is what you really want

               file C.pbe-n-kjpaw_psl.1.0.0.UPF: wavefunction(s)  2S 2P renormalized
               file Cl.pbe-n-kjpaw_psl.1.0.0.UPF: wavefunction(s)  3S 3P renormalized
               file H.pbe-kjpaw_psl.1.0.0.UPF: wavefunction(s)  1S renormalized

     Parallelization info
     --------------------
     sticks:   dense  smooth     PW     G-vecs:    dense   smooth      PW
     Min        3057    1223    332               144436    36536    5170
     Max        3059    1225    333               144437    36537    5171
     Sum       24467    9791   2657              1155489   292295   41363


     Subspace diagonalization in iterative solution of the eigenvalue problem:
     a serial algorithm will be used

     GIPAW projectors -----------------------------------------------
     atom=  C    l=0  rc=    1.2000  rs=    0.8000
     atom=  C    l=0  rc=    1.2000  rs=    0.8000
     atom=  C    l=1  rc=    1.4000  rs=    0.9333
     atom=  C    l=1  rc=    1.4000  rs=    0.9333
     projs nearly linearly dependent: l=1  n1,n2= 1, 2  s=  0.99951561

     atom=  Cl   l=0  rc=    1.6000  rs=    1.0667
     atom=  Cl   l=0  rc=    1.6000  rs=    1.0667
     atom=  Cl   l=1  rc=    1.6000  rs=    1.0667
     atom=  Cl   l=1  rc=    1.6000  rs=    1.0667
     atom=  Cl   l=2  rc=    1.6000  rs=    1.0667
     atom=  Cl   l=2  rc=    1.6000  rs=    1.0667
     projs nearly linearly dependent: l=2  n1,n2= 1, 2  s=  0.99993509

     atom=  H    l=0  rc=    1.0000  rs=    0.6667
     atom=  H    l=0  rc=    1.0000  rs=    0.6667
     projs nearly linearly dependent: l=0  n1,n2= 1, 2  s=  0.99968852
     -----------------------------------------------------------------

     GIPAW integrals: -------------------------------------------
     Atom  i/j   nmr_para   nmr_dia   epr_rmc  epr_para   epr_dia
       C   1 1   0.83E+03  0.17E-01  0.93E+01  0.24E+08  0.24E+03
       C   2 1   0.86E+03 -0.61E-01  0.94E+01  0.25E+08  0.25E+03
       C   2 2   0.90E+03 -0.15E+00  0.97E+01  0.26E+08  0.26E+03
       C   3 3   0.33E+01  0.34E+00  0.18E+01  0.55E+03  0.21E+02
       C   4 3   0.35E+01  0.37E+00  0.20E+01  0.59E+03  0.22E+02
       C   4 4   0.38E+01  0.39E+00  0.22E+01  0.63E+03  0.24E+02
       Cl  1 1   0.14E+04 -0.47E+00  0.84E+01  0.32E+09  0.42E+03
       Cl  2 1   0.21E+04 -0.37E+00  0.12E+02  0.49E+09  0.65E+03
       Cl  2 2   0.33E+04 -0.16E+00  0.21E+02  0.76E+09  0.10E+04
       Cl  3 3   0.21E+02  0.79E-01  0.89E+01  0.23E+05  0.13E+03
       Cl  4 3   0.24E+02  0.67E-01  0.99E+01  0.27E+05  0.15E+03
       Cl  4 4   0.28E+02  0.44E-01  0.11E+02  0.32E+05  0.18E+03
       Cl  5 5   0.77E+00  0.19E+00  0.18E+01  0.12E+03  0.22E+02
       Cl  6 5   0.80E+00  0.19E+00  0.19E+01  0.12E+03  0.23E+02
       Cl  6 6   0.83E+00  0.20E+00  0.19E+01  0.12E+03  0.23E+02
       H   1 1   0.39E+02  0.19E+00  0.29E+00  0.78E+05  0.13E+02
       H   2 1   0.41E+02  0.21E+00  0.32E+00  0.82E+05  0.14E+02
       H   2 2   0.43E+02  0.22E+00  0.36E+00  0.86E+05  0.15E+02
     ------------------------------------------------------------

     alpha_pv=     34.1662 eV

     Number of occupied bands for each k-point:
     k-point:     1    nbnd_occ=  42
     k-point:     2    nbnd_occ=  42
     k-point:     3    nbnd_occ=  42
     k-point:     4    nbnd_occ=  42
     k-point:     5    nbnd_occ=  42
     k-point:     6    nbnd_occ=  42
     k-point:     7    nbnd_occ=  42
     k-point:     8    nbnd_occ=  42
     k-point:     9    nbnd_occ=  42
     k-point:    10    nbnd_occ=  42
     k-point:    11    nbnd_occ=  42
     k-point:    12    nbnd_occ=  42
     k-point:    13    nbnd_occ=  42
     k-point:    14    nbnd_occ=  42
     k-point:    15    nbnd_occ=  42
     k-point:    16    nbnd_occ=  42


     q-space interpolation up to   110.00 Rydberg

     GIPAW job: efg                                                                             


     ELECTRIC FIELD GRADIENTS TENSORS IN Hartree/bohrradius^2:

     ----- bare term -----
     Cl   1       -0.056757        0.180817       -0.147452
     Cl   1        0.180817       -0.019728       -0.128376
     Cl   1       -0.147452       -0.128376        0.076485

     C    2       -0.071650        0.076172       -0.558051
     C    2        0.076172       -0.026690       -0.460866
     C    2       -0.558051       -0.460866        0.098340

     C    3        0.074532        0.536370       -0.172077
     C    3        0.536370       -0.306453       -0.501217
     C    3       -0.172077       -0.501217        0.231921

     H    4        0.112541       -0.090557       -0.355221
     H    4       -0.090557        0.293142        0.239043
     H    4       -0.355221        0.239043       -0.405684

     C    5       -0.382849        0.269937       -0.495174
     C    5        0.269937        0.120429       -0.365153
     C    5       -0.495174       -0.365153        0.262420

     H    6        0.420496       -0.042938        0.144704
     H    6       -0.042938       -0.158673       -0.424858
     H    6        0.144704       -0.424858       -0.261823

     H    7        0.094704       -0.362995       -0.127099
     H    7       -0.362995       -0.474928        0.189887
     H    7       -0.127099        0.189887        0.380224

     C    8       -0.245814        0.119225       -0.359834
     C    8        0.119225        0.015196        0.556488
     C    8       -0.359834        0.556488        0.230618

     H    9       -0.233754        0.480507       -0.122267
     H    9        0.480507       -0.078560       -0.161099
     H    9       -0.122267       -0.161099        0.312314

     C   10       -0.400704       -0.342885        0.023838
     C   10       -0.342885       -0.063845        0.492613
     C   10        0.023838        0.492613        0.464549

     C   11       -0.132256        0.184764       -0.371990
     C   11        0.184764       -0.083197        0.625524
     C   11       -0.371990        0.625524        0.215453

     Cl  12       -0.209455       -0.133463        0.056869
     Cl  12       -0.133463       -0.074258        0.128608
     Cl  12        0.056869        0.128608        0.283714

     H   13        0.375133       -0.045465       -0.034681
     H   13       -0.045465       -0.471421       -0.524124
     H   13       -0.034681       -0.524124        0.096288

     C   14       -0.219016        0.390670       -0.100097
     C   14        0.390670       -0.259000       -0.413269
     C   14       -0.100097       -0.413269        0.478016

     H   15       -0.073325       -0.084179       -0.592902
     H   15       -0.084179        0.442706       -0.032114
     H   15       -0.592902       -0.032114       -0.369381

     C   16       -0.384148        0.124413       -0.235053
     C   16        0.124413       -0.127766       -0.424399
     C   16       -0.235053       -0.424399        0.511913

     C   17       -0.089685        0.122286       -0.258314
     C   17        0.122286       -0.297548       -0.497362
     C   17       -0.258314       -0.497362        0.387233

     Cl  18       -0.128309       -0.002018       -0.007991
     Cl  18       -0.002018       -0.116090       -0.029398
     Cl  18       -0.007991       -0.029398        0.244400

     H   19        0.361782        0.057909       -0.107893
     H   19        0.057909       -0.413218        0.536838
     H   19       -0.107893        0.536838        0.051437

     C   20       -0.350485       -0.345303       -0.309147
     C   20       -0.345303       -0.087041        0.216325
     C   20       -0.309147        0.216325        0.437525

     H   21       -0.719239        0.191813        0.036052
     H   21        0.191813        0.430484        0.130768
     H   21        0.036052        0.130768        0.288755

     C   22        0.024628       -0.008524       -0.458414
     C   22       -0.008524       -0.304068        0.507746
     C   22       -0.458414        0.507746        0.279440

     C   23       -0.245303       -0.260540       -0.365633
     C   23       -0.260540       -0.165998        0.445113
     C   23       -0.365633        0.445113        0.411301

     Cl  24        0.006849       -0.023546       -0.122063
     Cl  24       -0.023546       -0.024688        0.084951
     Cl  24       -0.122063        0.084951        0.017838

     ----- ionic term -----
     Cl   1        0.134254       -0.208706        0.033926
     Cl   1       -0.208706        0.006724       -0.010252
     Cl   1        0.033926       -0.010252       -0.140979

     C    2        0.115987       -0.223685        0.350761
     C    2       -0.223685        0.056410        0.405406
     C    2        0.350761        0.405406       -0.172397

     C    3        0.047033       -0.333675        0.256874
     C    3       -0.333675        0.152457        0.371729
     C    3        0.256874        0.371729       -0.199490

     H    4        0.383801        0.077673        0.803608
     H    4        0.077673       -0.503943        0.152641
     H    4        0.803608        0.152641        0.120141

     C    5        0.178023       -0.238969        0.365145
     C    5       -0.238969        0.022707        0.290927
     C    5        0.365145        0.290927       -0.200730

     H    6       -0.532900        0.083853        0.077664
     H    6        0.083853        0.511570        0.767408
     H    6        0.077664        0.767408        0.021330

     H    7       -0.452686        0.182834       -0.086318
     H    7        0.182834        0.753032       -0.610115
     H    7       -0.086318       -0.610115       -0.300346

     C    8        0.347850        0.190432        0.094759
     C    8        0.190432        0.112296       -0.306900
     C    8        0.094759       -0.306900       -0.460145

     H    9        0.726527       -0.442371        0.504705
     H    9       -0.442371       -0.337781       -0.231462
     H    9        0.504705       -0.231462       -0.388746

     C   10        0.238242        0.189601        0.089704
     C   10        0.189601        0.200874       -0.355555
     C   10        0.089704       -0.355555       -0.439116

     C   11        0.278606        0.162506        0.171239
     C   11        0.162506        0.128047       -0.351711
     C   11        0.171239       -0.351711       -0.406653

     Cl  12        0.145362        0.199475       -0.018581
     Cl  12        0.199475       -0.001195       -0.021725
     Cl  12       -0.018581       -0.021725       -0.144167

     H   13       -0.514063       -0.047305        0.004702
     H   13       -0.047305        0.728535        0.660247
     H   13        0.004702        0.660247       -0.214472

     C   14        0.228075       -0.297648        0.343169
     C   14       -0.297648        0.052519        0.252749
     C   14        0.343169        0.252749       -0.280594

     H   15        0.494399        0.241117        0.741067
     H   15        0.241117       -0.466777        0.239845
     H   15        0.741067        0.239845       -0.027623

     C   16        0.119602       -0.286303        0.262732
     C   16       -0.286303        0.133412        0.362278
     C   16        0.262732        0.362278       -0.253015

     C   17        0.116561       -0.206241        0.380333
     C   17       -0.206241        0.056747        0.383377
     C   17        0.380333        0.383377       -0.173308

     Cl  18        0.116049       -0.219655        0.030984
     Cl  18       -0.219655        0.027111       -0.020286
     Cl  18        0.030984       -0.020286       -0.143160

     H   19       -0.502734        0.039743       -0.017683
     H   19        0.039743        0.563866       -0.750965
     H   19       -0.017683       -0.750965       -0.061132

     C   20        0.383239        0.227241        0.163969
     C   20        0.227241        0.005943       -0.316465
     C   20        0.163969       -0.316465       -0.389182

     H   21        0.737948       -0.334769        0.546920
     H   21       -0.334769       -0.432809       -0.225295
     H   21        0.546920       -0.225295       -0.305139

     C   22        0.235325        0.224219        0.124406
     C   22        0.224219        0.137645       -0.417356
     C   22        0.124406       -0.417356       -0.372970

     C   23        0.244150        0.101001        0.178703
     C   23        0.101001        0.151570       -0.431245
     C   23        0.178703       -0.431245       -0.395720

     Cl  24        0.152105        0.227931       -0.000551
     Cl  24        0.227931        0.008036       -0.006669
     Cl  24       -0.000551       -0.006669       -0.160141

     ----- GIPAW term -----
     Cl   1        0.884737       -0.511050       -1.427561
     Cl   1       -0.511050        0.027616       -1.386248
     Cl   1       -1.427561       -1.386248       -0.912353

     C    2        0.158626        0.024690       -0.150954
     C    2        0.024690       -0.007389       -0.097444
     C    2       -0.150954       -0.097444       -0.151237

     C    3        0.060473        0.202600       -0.125045
     C    3        0.202600       -0.039132       -0.144594
     C    3       -0.125045       -0.144594       -0.021342

     H    4       -0.000000        0.000000        0.000000
     H    4        0.000000        0.000000        0.000000
     H    4        0.000000        0.000000        0.000000

     C    5        0.011723        0.142527       -0.134416
     C    5        0.142527        0.015108       -0.100088
     C    5       -0.134416       -0.100088       -0.026831

     H    6       -0.000000        0.000000        0.000000
     H    6        0.000000        0.000000        0.000000
     H    6        0.000000        0.000000        0.000000

     H    7       -0.000000        0.000000        0.000000
     H    7        0.000000        0.000000        0.000000
     H    7        0.000000        0.000000        0.000000

     C    8       -0.057912        0.126182       -0.028371
     C    8        0.126182        0.113034        0.177920
     C    8       -0.028371        0.177920       -0.055122

     H    9       -0.000000        0.000000        0.000000
     H    9        0.000000        0.000000        0.000000
     H    9        0.000000        0.000000        0.000000

     C   10       -0.155471        0.033627        0.074611
     C   10        0.033627        0.090989        0.216620
     C   10        0.074611        0.216620        0.064481

     C   11        0.049780        0.209434       -0.034068
     C   11        0.209434        0.008683        0.142816
     C   11       -0.034068        0.142816       -0.058463

     Cl  12       -0.292324        1.616654        0.518984
     Cl  12        1.616654       -0.706977        1.318719
     Cl  12        0.518984        1.318719        0.999301

     H   13       -0.000000        0.000000        0.000000
     H   13        0.000000        0.000000        0.000000
     H   13        0.000000        0.000000        0.000000

     C   14        0.032014        0.056594        0.077606
     C   14        0.056594       -0.121186       -0.094692
     C   14        0.077606       -0.094692        0.089172

     H   15       -0.000000        0.000000        0.000000
     H   15        0.000000        0.000000        0.000000
     H   15        0.000000        0.000000        0.000000

     C   16       -0.163306       -0.021777        0.027064
     C   16       -0.021777       -0.083660       -0.097024
     C   16        0.027064       -0.097024        0.246966

     C   17        0.042716       -0.102461       -0.010360
     C   17       -0.102461       -0.080358       -0.056688
     C   17       -0.010360       -0.056688        0.037642

     Cl  18       -0.010699       -2.051752        0.152541
     Cl  18       -2.051752       -1.042968       -0.417901
     Cl  18        0.152541       -0.417901        1.053667

     H   19       -0.000000        0.000000        0.000000
     H   19        0.000000        0.000000        0.000000
     H   19        0.000000        0.000000        0.000000

     C   20        0.056948        0.050550       -0.086701
     C   20        0.050550       -0.042173       -0.012720
     C   20       -0.086701       -0.012720       -0.014775

     H   21       -0.000000        0.000000        0.000000
     H   21        0.000000        0.000000        0.000000
     H   21        0.000000        0.000000        0.000000

     C   22        0.110241        0.043796       -0.229954
     C   22        0.043796       -0.121704        0.063255
     C   22       -0.229954        0.063255        0.011462

     C   23        0.063116        0.038206       -0.189903
     C   23        0.038206       -0.103656        0.082008
     C   23       -0.189903        0.082008        0.040540

     Cl  24        1.417657        1.773443       -1.118148
     Cl  24        1.773443       -0.261860        0.699622
     Cl  24       -1.118148        0.699622       -1.155796

     ----- total EFG -----
     Cl   1        0.962234       -0.538940       -1.541087
     Cl   1       -0.538940        0.014612       -1.524876
     Cl   1       -1.541087       -1.524876       -0.976847

     C    2        0.202964       -0.122823       -0.358245
     C    2       -0.122823        0.022331       -0.152904
     C    2       -0.358245       -0.152904       -0.225294

     C    3        0.182038        0.405296       -0.040248
     C    3        0.405296       -0.193128       -0.274082
     C    3       -0.040248       -0.274082        0.011090

     H    4        0.496343       -0.012884        0.448388
     H    4       -0.012884       -0.210800        0.391684
     H    4        0.448388        0.391684       -0.285543

     C    5       -0.193102        0.173495       -0.264445
     C    5        0.173495        0.158244       -0.174313
     C    5       -0.264445       -0.174313        0.034858

     H    6       -0.112404        0.040914        0.222368
     H    6        0.040914        0.352897        0.342550
     H    6        0.222368        0.342550       -0.240493

     H    7       -0.357982       -0.180161       -0.213417
     H    7       -0.180161        0.278104       -0.420228
     H    7       -0.213417       -0.420228        0.079878

     C    8        0.044124        0.435839       -0.293446
     C    8        0.435839        0.240526        0.427508
     C    8       -0.293446        0.427508       -0.284650

     H    9        0.492773        0.038136        0.382438
     H    9        0.038136       -0.416341       -0.392561
     H    9        0.382438       -0.392561       -0.076432

     C   10       -0.317933       -0.119657        0.188154
     C   10       -0.119657        0.228018        0.353678
     C   10        0.188154        0.353678        0.089915

     C   11        0.196130        0.556703       -0.234819
     C   11        0.556703        0.053532        0.416629
     C   11       -0.234819        0.416629       -0.249662

     Cl  12       -0.356417        1.682667        0.557272
     Cl  12        1.682667       -0.782431        1.425602
     Cl  12        0.557272        1.425602        1.138848

     H   13       -0.138930       -0.092770       -0.029980
     H   13       -0.092770        0.257114        0.136122
     H   13       -0.029980        0.136122       -0.118184

     C   14        0.041074        0.149616        0.320677
     C   14        0.149616       -0.327668       -0.255212
     C   14        0.320677       -0.255212        0.286594

     H   15        0.421075        0.156938        0.148165
     H   15        0.156938       -0.024071        0.207730
     H   15        0.148165        0.207730       -0.397004

     C   16       -0.427851       -0.183667        0.054743
     C   16       -0.183667       -0.078013       -0.159146
     C   16        0.054743       -0.159146        0.505864

     C   17        0.069592       -0.186416        0.111659
     C   17       -0.186416       -0.321158       -0.170673
     C   17        0.111659       -0.170673        0.251566

     Cl  18       -0.022959       -2.273425        0.175534
     Cl  18       -2.273425       -1.131947       -0.467585
     Cl  18        0.175534       -0.467585        1.154907

     H   19       -0.140953        0.097652       -0.125575
     H   19        0.097652        0.150648       -0.214128
     H   19       -0.125575       -0.214128       -0.009695

     C   20        0.089702       -0.067513       -0.231879
     C   20       -0.067513       -0.123270       -0.112860
     C   20       -0.231879       -0.112860        0.033569

     H   21        0.018708       -0.142956        0.582972
     H   21       -0.142956       -0.002325       -0.094527
     H   21        0.582972       -0.094527       -0.016383

     C   22        0.370195        0.259491       -0.563963
     C   22        0.259491       -0.288127        0.153645
     C   22       -0.563963        0.153645       -0.082068

     C   23        0.061964       -0.121333       -0.376833
     C   23       -0.121333       -0.118084        0.095876
     C   23       -0.376833        0.095876        0.056121

     Cl  24        1.576611        1.977827       -1.240762
     Cl  24        1.977827       -0.278512        0.777904
     Cl  24       -1.240762        0.777904       -1.298099

     ----- total EFG (symmetrized) -----
     Cl   1        0.962234       -0.538940       -1.541087
     Cl   1       -0.538940        0.014612       -1.524876
     Cl   1       -1.541087       -1.524876       -0.976847

     C    2        0.202964       -0.122823       -0.358245
     C    2       -0.122823        0.022331       -0.152904
     C    2       -0.358245       -0.152904       -0.225294

     C    3        0.182038        0.405296       -0.040248
     C    3        0.405296       -0.193128       -0.274082
     C    3       -0.040248       -0.274082        0.011090

     H    4        0.496343       -0.012884        0.448388
     H    4       -0.012884       -0.210800        0.391684
     H    4        0.448388        0.391684       -0.285543

     C    5       -0.193102        0.173495       -0.264445
     C    5        0.173495        0.158244       -0.174313
     C    5       -0.264445       -0.174313        0.034858

     H    6       -0.112404        0.040914        0.222368
     H    6        0.040914        0.352897        0.342550
     H    6        0.222368        0.342550       -0.240493

     H    7       -0.357982       -0.180161       -0.213417
     H    7       -0.180161        0.278104       -0.420228
     H    7       -0.213417       -0.420228        0.079878

     C    8        0.044124        0.435839       -0.293446
     C    8        0.435839        0.240526        0.427508
     C    8       -0.293446        0.427508       -0.284650

     H    9        0.492773        0.038136        0.382438
     H    9        0.038136       -0.416341       -0.392561
     H    9        0.382438       -0.392561       -0.076432

     C   10       -0.317933       -0.119657        0.188154
     C   10       -0.119657        0.228018        0.353678
     C   10        0.188154        0.353678        0.089915

     C   11        0.196130        0.556703       -0.234819
     C   11        0.556703        0.053532        0.416629
     C   11       -0.234819        0.416629       -0.249662

     Cl  12       -0.356417        1.682667        0.557272
     Cl  12        1.682667       -0.782431        1.425602
     Cl  12        0.557272        1.425602        1.138848

     H   13       -0.138930       -0.092770       -0.029980
     H   13       -0.092770        0.257114        0.136122
     H   13       -0.029980        0.136122       -0.118184

     C   14        0.041074        0.149616        0.320677
     C   14        0.149616       -0.327668       -0.255212
     C   14        0.320677       -0.255212        0.286594

     H   15        0.421075        0.156938        0.148165
     H   15        0.156938       -0.024071        0.207730
     H   15        0.148165        0.207730       -0.397004

     C   16       -0.427851       -0.183667        0.054743
     C   16       -0.183667       -0.078013       -0.159146
     C   16        0.054743       -0.159146        0.505864

     C   17        0.069592       -0.186416        0.111659
     C   17       -0.186416       -0.321158       -0.170673
     C   17        0.111659       -0.170673        0.251566

     Cl  18       -0.022959       -2.273425        0.175534
     Cl  18       -2.273425       -1.131947       -0.467585
     Cl  18        0.175534       -0.467585        1.154907

     H   19       -0.140953        0.097652       -0.125575
     H   19        0.097652        0.150648       -0.214128
     H   19       -0.125575       -0.214128       -0.009695

     C   20        0.089702       -0.067513       -0.231879
     C   20       -0.067513       -0.123270       -0.112860
     C   20       -0.231879       -0.112860        0.033569

     H   21        0.018708       -0.142956        0.582972
     H   21       -0.142956       -0.002325       -0.094527
     H   21        0.582972       -0.094527       -0.016383

     C   22        0.370195        0.259491       -0.563963
     C   22        0.259491       -0.288127        0.153645
     C   22       -0.563963        0.153645       -0.082068

     C   23        0.061964       -0.121333       -0.376833
     C   23       -0.121333       -0.118084        0.095876
     C   23       -0.376833        0.095876        0.056121

     Cl  24        1.576611        1.977827       -1.240762
     Cl  24        1.977827       -0.278512        0.777904
     Cl  24       -1.240762        0.777904       -1.298099


     NQR/NMR SPECTROSCOPIC PARAMETERS:
     Cl   1    Vxx=    0.8793    axis=( -0.446593  0.836820 -0.316682)
     Cl   1    Vyy=    1.8736    axis=( -0.804011 -0.220035  0.552404)
     Cl   1    Vzz=   -2.7529    axis=(  0.392582  0.501316  0.771079)
     Cl   1  Q=        -8.1650 1e-30 m^2  Cq=        52.8122 MHz  eta= 0.36117

     C    2    Vxx=    0.0913    axis=( -0.090583  0.933059 -0.348131)
     C    2    Vyy=    0.4091    axis=( -0.876373  0.091358  0.472889)
     C    2    Vzz=   -0.5004    axis=(  0.473038  0.347928  0.809432)
     C    2  Q=         1.0000 1e-30 m^2  Cq=        -1.1757 MHz  eta= 0.63506

     C    3    Vxx=    0.0241    axis=(  0.513187 -0.115584  0.850458)
     C    3    Vyy=    0.5132    axis=(  0.737578  0.566087 -0.368136)
     C    3    Vzz=   -0.5372    axis=( -0.438883  0.816202  0.375761)
     C    3  Q=         1.0000 1e-30 m^2  Cq=        -1.2623 MHz  eta= 0.91046

     H    4    Vxx=    0.0155    axis=(  0.397420 -0.800175 -0.449196)
     H    4    Vyy=    0.7275    axis=( -0.872538 -0.177944 -0.454986)
     H    4    Vzz=   -0.7430    axis=(  0.284137  0.572762 -0.768902)
     H    4  Q=         1.0000 1e-30 m^2  Cq=        -1.7458 MHz  eta= 0.95833

     C    5    Vxx=   -0.0545    axis=(  0.272319 -0.732858 -0.623508)
     C    5    Vyy=   -0.3727    axis=(  0.854887 -0.113119  0.506333)
     C    5    Vzz=    0.4272    axis=(  0.441601  0.670913 -0.595706)
     C    5  Q=         1.0000 1e-30 m^2  Cq=         1.0038 MHz  eta= 0.74473

     H    6    Vxx=   -0.0451    axis=(  0.866488 -0.373802  0.330862)
     H    6    Vyy=   -0.4917    axis=(  0.454317  0.315841 -0.832971)
     H    6    Vzz=    0.5368    axis=(  0.206866  0.872076  0.443497)
     H    6  Q=         1.0000 1e-30 m^2  Cq=         1.2613 MHz  eta= 0.83180

     H    7    Vxx=   -0.0214    axis=( -0.638175  0.470844  0.609129)
     H    7    Vyy=   -0.5895    axis=( -0.769826 -0.400550 -0.496918)
     H    7    Vzz=    0.6108    axis=(  0.010016 -0.786044  0.618089)
     H    7  Q=         1.0000 1e-30 m^2  Cq=         1.4352 MHz  eta= 0.93008

     C    8    Vxx=    0.1746    axis=(  0.697586 -0.244610 -0.673453)
     C    8    Vyy=    0.6243    axis=( -0.509394 -0.830308 -0.226065)
     C    8    Vzz=   -0.7989    axis=( -0.503876  0.500753 -0.703815)
     C    8  Q=         1.0000 1e-30 m^2  Cq=        -1.8771 MHz  eta= 0.56292

     H    9    Vxx=    0.0209    axis=(  0.466994  0.612957 -0.637339)
     H    9    Vyy=    0.7054    axis=( -0.858866  0.142924 -0.491856)
     H    9    Vzz=   -0.7263    axis=( -0.210395  0.777082  0.593192)
     H    9  Q=         1.0000 1e-30 m^2  Cq=        -1.7066 MHz  eta= 0.94248

     C   10    Vxx=   -0.0313    axis=( -0.609073  0.527139 -0.592583)
     C   10    Vyy=   -0.4890    axis=( -0.792325 -0.371103  0.484255)
     C   10    Vzz=    0.5203    axis=(  0.035361  0.764465  0.643694)
     C   10  Q=         1.0000 1e-30 m^2  Cq=         1.2225 MHz  eta= 0.87963

     C   11    Vxx=    0.1237    axis=( -0.520215  0.388460  0.760576)
     C   11    Vyy=    0.6990    axis=(  0.707965  0.694245  0.129649)
     C   11    Vzz=   -0.8228    axis=( -0.477663  0.605907 -0.636173)
     C   11  Q=         1.0000 1e-30 m^2  Cq=        -1.9332 MHz  eta= 0.69922

     Cl  12    Vxx=   -0.1188    axis=( -0.682766 -0.314780  0.659351)
     Cl  12    Vyy=   -2.4269    axis=( -0.577781  0.784984 -0.223541)
     Cl  12    Vzz=    2.5457    axis=( -0.447214 -0.533586 -0.717834)
     Cl  12  Q=        -8.1650 1e-30 m^2  Cq=       -48.8384 MHz  eta= 0.90666

     H   13    Vxx=   -0.1596    axis=(  0.977503  0.183894  0.103297)
     H   13    Vyy=   -0.1624    axis=( -0.040604 -0.316520  0.947717)
     H   13    Vzz=    0.3219    axis=( -0.206975  0.930590  0.301932)
     H   13  Q=         1.0000 1e-30 m^2  Cq=         0.7564 MHz  eta= 0.00873

     C   14    Vxx=    0.0131    axis=(  0.744787  0.577463 -0.334407)
     C   14    Vyy=    0.5281    axis=( -0.506945  0.163757 -0.846280)
     C   14    Vzz=   -0.5412    axis=( -0.433934  0.799825  0.414707)
     C   14  Q=         1.0000 1e-30 m^2  Cq=        -1.2715 MHz  eta= 0.95161

     H   15    Vxx=   -0.0227    axis=(  0.408073 -0.857196 -0.314152)
     H   15    Vyy=   -0.4957    axis=(  0.084290  0.378012 -0.921955)
     H   15    Vzz=    0.5184    axis=(  0.909050  0.349745  0.226510)
     H   15  Q=         1.0000 1e-30 m^2  Cq=         1.2180 MHz  eta= 0.91261

     C   16    Vxx=   -0.0500    axis=( -0.384307  0.876833  0.288913)
     C   16    Vyy=   -0.5067    axis=(  0.917374  0.397816  0.012928)
     C   16    Vzz=    0.5567    axis=(  0.103598 -0.270010  0.957268)
     C   16  Q=         1.0000 1e-30 m^2  Cq=         1.3080 MHz  eta= 0.82054

     C   17    Vxx=    0.0328    axis=( -0.819293  0.166986  0.548521)
     C   17    Vyy=    0.3851    axis=(  0.479924 -0.323744  0.815391)
     C   17    Vzz=   -0.4179    axis=(  0.313739  0.931292  0.185100)
     C   17  Q=         1.0000 1e-30 m^2  Cq=        -0.9819 MHz  eta= 0.84287

     Cl  18    Vxx=    0.9485    axis=(  0.401172 -0.239685 -0.884088)
     Cl  18    Vyy=    1.9856    axis=(  0.681702 -0.566547  0.462932)
     Cl  18    Vzz=   -2.9341    axis=( -0.611836 -0.788400 -0.063890)
     Cl  18  Q=        -8.1650 1e-30 m^2  Cq=        56.2897 MHz  eta= 0.35348

     H   19    Vxx=   -0.1257    axis=(  0.553275 -0.623569 -0.552312)
     H   19    Vyy=   -0.2211    axis=(  0.777274  0.148029  0.611501)
     H   19    Vzz=    0.3468    axis=(  0.299554  0.767626 -0.566584)
     H   19  Q=         1.0000 1e-30 m^2  Cq=         0.8148 MHz  eta= 0.27535

     C   20    Vxx=   -0.0172    axis=(  0.469093 -0.766114  0.439342)
     C   20    Vyy=   -0.2795    axis=(  0.489280  0.639594  0.592895)
     C   20    Vzz=    0.2967    axis=( -0.735226 -0.063162  0.674873)
     C   20  Q=         1.0000 1e-30 m^2  Cq=         0.6972 MHz  eta= 0.88400

     H   21    Vxx=   -0.0455    axis=(  0.145382  0.964491  0.220503)
     H   21    Vyy=   -0.5839    axis=(  0.701119  0.056815 -0.710777)
     H   21    Vzz=    0.6294    axis=(  0.698066 -0.257933  0.667963)
     H   21  Q=         1.0000 1e-30 m^2  Cq=         1.4788 MHz  eta= 0.85546

     C   22    Vxx=   -0.1020    axis=(  0.235805  0.792698  0.562161)
     C   22    Vyy=   -0.6664    axis=(  0.493741 -0.595974  0.633273)
     C   22    Vzz=    0.7683    axis=( -0.837028 -0.128233  0.531921)
     C   22  Q=         1.0000 1e-30 m^2  Cq=         1.8053 MHz  eta= 0.73456

     C   23    Vxx=   -0.1561    axis=(  0.104394  0.962714 -0.249566)
     C   23    Vyy=   -0.3196    axis=( -0.715239 -0.101686 -0.691443)
     C   23    Vzz=    0.4757    axis=(  0.691039 -0.250682 -0.677956)
     C   23  Q=         1.0000 1e-30 m^2  Cq=         1.1177 MHz  eta= 0.34369

     Cl  24    Vxx=   -0.1600    axis=( -0.240886  0.658682  0.712820)
     Cl  24    Vyy=   -2.7768    axis=(  0.454545 -0.572356  0.682493)
     Cl  24    Vzz=    2.9368    axis=( -0.857533 -0.488412  0.161528)
     Cl  24  Q=        -8.1650 1e-30 m^2  Cq=       -56.3411 MHz  eta= 0.89105

     Initialization:
     gipaw_setup  :      9.06s CPU     10.82s WALL (       1 calls)

     Linear response

     Apply operators

     Induced current

     Other routines
     efg          :      9.07s CPU     11.59s WALL (       1 calls)

     General routines
     calbec       :      3.18s CPU      4.34s WALL (      16 calls)
     fft          :      1.54s CPU      2.24s WALL (      15 calls)
     ffts         :      0.04s CPU      0.04s WALL (       2 calls)
     fftw         :      3.19s CPU      3.89s WALL (     672 calls)
     davcio       :      0.04s CPU      0.33s WALL (      32 calls)

     Parallel routines
     fft_scatter  :      2.11s CPU      3.25s WALL (     689 calls)

     Plugins

     GIPAW        :     60.63s CPU     75.45s WALL (       1 calls)
