
     Program QE v.6.0 (svn rev. 13079) starts on  5Jan2017 at 23:30:48 

     This program is part of the open-source Quantum ESPRESSO suite
     for quantum simulation of materials; please cite
         "P. Giannozzi et al., J. Phys.:Condens. Matter 21 395502 (2009);
          URL http://www.quantum-espresso.org", 
     in publications or presentations arising from this work. More details at
     http://www.quantum-espresso.org/quote

     Parallel version (MPI), running on     8 processors
     R & G space division:  proc/nbgrp/npool/nimage =       8

     ***** This is GIPAW svn revision unknown      *****

     Parallelizing q-star over 1 images

     Reading data from directory:
     /users/majewski/paradichlorobenzene/pbe/9_constraint/scratch/pbe.ecut100.np8.dt60.pcl2phi-129368.save
     Message from routine read_xml_file:
     file /users/majewski/paradichlorobenzene/pbe/9_constraint/scratch/pbe.ecut100.np8.dt60.pcl2phi-129368.save not guaranteed to be safe for post-processing

   Info: using nr1, nr2, nr3 values from input

   Info: using nr1, nr2, nr3 values from input

     IMPORTANT: XC functional enforced from input :
     Exchange-correlation      =  SLA  PW   PBX  PBC ( 1  4  3  4 0 0)
     Any further DFT definition will be discarded
     Please, verify this is what you really want

               file C.pbe-n-kjpaw_psl.1.0.0.UPF: wavefunction(s)  2S 2P renormalized
               file Cl.pbe-n-kjpaw_psl.1.0.0.UPF: wavefunction(s)  3S 3P renormalized
               file H.pbe-kjpaw_psl.1.0.0.UPF: wavefunction(s)  1S renormalized

     Parallelization info
     --------------------
     sticks:   dense  smooth     PW     G-vecs:    dense   smooth      PW
     Min        3057    1223    332               144436    36536    5170
     Max        3059    1225    333               144437    36537    5171
     Sum       24467    9791   2657              1155489   292295   41363


     Subspace diagonalization in iterative solution of the eigenvalue problem:
     a serial algorithm will be used

     GIPAW projectors -----------------------------------------------
     atom=  C    l=0  rc=    1.2000  rs=    0.8000
     atom=  C    l=0  rc=    1.2000  rs=    0.8000
     atom=  C    l=1  rc=    1.4000  rs=    0.9333
     atom=  C    l=1  rc=    1.4000  rs=    0.9333
     projs nearly linearly dependent: l=1  n1,n2= 1, 2  s=  0.99951561

     atom=  Cl   l=0  rc=    1.6000  rs=    1.0667
     atom=  Cl   l=0  rc=    1.6000  rs=    1.0667
     atom=  Cl   l=1  rc=    1.6000  rs=    1.0667
     atom=  Cl   l=1  rc=    1.6000  rs=    1.0667
     atom=  Cl   l=2  rc=    1.6000  rs=    1.0667
     atom=  Cl   l=2  rc=    1.6000  rs=    1.0667
     projs nearly linearly dependent: l=2  n1,n2= 1, 2  s=  0.99993509

     atom=  H    l=0  rc=    1.0000  rs=    0.6667
     atom=  H    l=0  rc=    1.0000  rs=    0.6667
     projs nearly linearly dependent: l=0  n1,n2= 1, 2  s=  0.99968852
     -----------------------------------------------------------------

     GIPAW integrals: -------------------------------------------
     Atom  i/j   nmr_para   nmr_dia   epr_rmc  epr_para   epr_dia
       C   1 1   0.83E+03  0.17E-01  0.93E+01  0.24E+08  0.24E+03
       C   2 1   0.86E+03 -0.61E-01  0.94E+01  0.25E+08  0.25E+03
       C   2 2   0.90E+03 -0.15E+00  0.97E+01  0.26E+08  0.26E+03
       C   3 3   0.33E+01  0.34E+00  0.18E+01  0.55E+03  0.21E+02
       C   4 3   0.35E+01  0.37E+00  0.20E+01  0.59E+03  0.22E+02
       C   4 4   0.38E+01  0.39E+00  0.22E+01  0.63E+03  0.24E+02
       Cl  1 1   0.14E+04 -0.47E+00  0.84E+01  0.32E+09  0.42E+03
       Cl  2 1   0.21E+04 -0.37E+00  0.12E+02  0.49E+09  0.65E+03
       Cl  2 2   0.33E+04 -0.16E+00  0.21E+02  0.76E+09  0.10E+04
       Cl  3 3   0.21E+02  0.79E-01  0.89E+01  0.23E+05  0.13E+03
       Cl  4 3   0.24E+02  0.67E-01  0.99E+01  0.27E+05  0.15E+03
       Cl  4 4   0.28E+02  0.44E-01  0.11E+02  0.32E+05  0.18E+03
       Cl  5 5   0.77E+00  0.19E+00  0.18E+01  0.12E+03  0.22E+02
       Cl  6 5   0.80E+00  0.19E+00  0.19E+01  0.12E+03  0.23E+02
       Cl  6 6   0.83E+00  0.20E+00  0.19E+01  0.12E+03  0.23E+02
       H   1 1   0.39E+02  0.19E+00  0.29E+00  0.78E+05  0.13E+02
       H   2 1   0.41E+02  0.21E+00  0.32E+00  0.82E+05  0.14E+02
       H   2 2   0.43E+02  0.22E+00  0.36E+00  0.86E+05  0.15E+02
     ------------------------------------------------------------

     alpha_pv=     33.9937 eV

     Number of occupied bands for each k-point:
     k-point:     1    nbnd_occ=  42
     k-point:     2    nbnd_occ=  42
     k-point:     3    nbnd_occ=  42
     k-point:     4    nbnd_occ=  42
     k-point:     5    nbnd_occ=  42
     k-point:     6    nbnd_occ=  42
     k-point:     7    nbnd_occ=  42
     k-point:     8    nbnd_occ=  42
     k-point:     9    nbnd_occ=  42
     k-point:    10    nbnd_occ=  42
     k-point:    11    nbnd_occ=  42
     k-point:    12    nbnd_occ=  42
     k-point:    13    nbnd_occ=  42
     k-point:    14    nbnd_occ=  42
     k-point:    15    nbnd_occ=  42
     k-point:    16    nbnd_occ=  42


     q-space interpolation up to   110.00 Rydberg

     GIPAW job: efg                                                                             


     ELECTRIC FIELD GRADIENTS TENSORS IN Hartree/bohrradius^2:

     ----- bare term -----
     Cl   1        0.036458        0.022003       -0.070213
     Cl   1        0.022003       -0.054655        0.033610
     Cl   1       -0.070213        0.033610        0.018196

     C    2       -0.414107        0.290519       -0.270761
     C    2        0.290519        0.034748       -0.458799
     C    2       -0.270761       -0.458799        0.379359

     C    3       -0.124021       -0.066357       -0.240481
     C    3       -0.066357       -0.099510       -0.683326
     C    3       -0.240481       -0.683326        0.223531

     H    4        0.024715       -0.055553       -0.515207
     H    4       -0.055553        0.391773        0.118859
     H    4       -0.515207        0.118859       -0.416488

     C    5       -0.342631        0.331050       -0.203950
     C    5        0.331050       -0.066769       -0.287604
     C    5       -0.203950       -0.287604        0.409401

     H    6        0.240172       -0.077975       -0.226297
     H    6       -0.077975       -0.308929       -0.501274
     H    6       -0.226297       -0.501274        0.068757

     H    7        0.216469        0.314634       -0.306519
     H    7        0.314634       -0.229912        0.543405
     H    7       -0.306519        0.543405        0.013443

     C    8        0.061613       -0.577066        0.126098
     C    8       -0.577066       -0.496976        0.363515
     C    8        0.126098        0.363515        0.435363

     H    9       -0.710728        0.317350       -0.263566
     H    9        0.317350        0.378053        0.130734
     H    9       -0.263566        0.130734        0.332675

     C   10       -0.293714       -0.267345       -0.306000
     C   10       -0.267345        0.011142        0.291923
     C   10       -0.306000        0.291923        0.282572

     C   11        0.013615       -0.328178       -0.148889
     C   11       -0.328178       -0.216748        0.531572
     C   11       -0.148889        0.531572        0.203132

     Cl  12        0.024975        0.044977       -0.071778
     Cl  12        0.044977       -0.020802        0.021059
     Cl  12       -0.071778        0.021059       -0.004174

     H   13        0.395927        0.064708        0.132609
     H   13        0.064708       -0.233224       -0.604200
     H   13        0.132609       -0.604200       -0.162703

     C   14       -0.076485       -0.190491       -0.538597
     C   14       -0.190491       -0.162719       -0.406328
     C   14       -0.538597       -0.406328        0.239204

     H   15        0.048422       -0.122072       -0.248647
     H   15       -0.122072        0.505467        0.007902
     H   15       -0.248647        0.007902       -0.553889

     C   16        0.016165        0.512997       -0.289792
     C   16        0.512997       -0.370663       -0.273831
     C   16       -0.289792       -0.273831        0.354498

     C   17        0.128015       -0.350390       -0.586768
     C   17       -0.350390       -0.220515       -0.585583
     C   17       -0.586768       -0.585583        0.092499

     Cl  18        0.010897        0.287641        0.080151
     Cl  18        0.287641       -0.146315       -0.027321
     Cl  18        0.080151       -0.027321        0.135418

     H   19        0.188394        0.038858       -0.154425
     H   19        0.038858       -0.402382        0.548280
     H   19       -0.154425        0.548280        0.213989

     C   20       -0.764594       -0.354944       -0.406571
     C   20       -0.354944        0.334533        0.140113
     C   20       -0.406571        0.140113        0.430061

     H   21       -0.451267       -0.056738       -0.331522
     H   21       -0.056738        0.159698        0.382390
     H   21       -0.331522        0.382390        0.291569

     C   22        0.066904       -0.406561        0.003131
     C   22       -0.406561       -0.391515        0.456296
     C   22        0.003131        0.456296        0.324611

     C   23       -0.559128       -0.293225       -0.382378
     C   23       -0.293225        0.264028        0.073336
     C   23       -0.382378        0.073336        0.295100

     Cl  24       -0.050146       -0.133833        0.085854
     Cl  24       -0.133833        0.047562       -0.139725
     Cl  24        0.085854       -0.139725        0.002584

     ----- ionic term -----
     Cl   1        0.088184       -0.215702        0.043170
     Cl   1       -0.215702        0.054057       -0.027808
     Cl   1        0.043170       -0.027808       -0.142241

     C    2        0.023095       -0.237132        0.370384
     C    2       -0.237132        0.165524        0.335166
     C    2        0.370384        0.335166       -0.188619

     C    3        0.044040       -0.265506        0.273724
     C    3       -0.265506        0.218600        0.343777
     C    3        0.273724        0.343777       -0.262641

     H    4        0.323683        0.246138        0.779666
     H    4        0.246138       -0.426955        0.278690
     H    4        0.779666        0.278690        0.103271

     C    5        0.219258       -0.212192        0.356523
     C    5       -0.212192        0.067953        0.281580
     C    5        0.356523        0.281580       -0.287211

     H    6       -0.506415        0.082580        0.052583
     H    6        0.082580        0.607463        0.720313
     H    6        0.052583        0.720313       -0.101048

     H    7       -0.526521       -0.087940        0.067616
     H    7       -0.087940        0.625080       -0.737709
     H    7        0.067616       -0.737709       -0.098559

     C    8        0.284086        0.245994        0.234709
     C    8        0.245994        0.042902       -0.314794
     C    8        0.234709       -0.314794       -0.326987

     H    9        0.756117       -0.273179        0.580460
     H    9       -0.273179       -0.474821       -0.190779
     H    9        0.580460       -0.190779       -0.281296

     C   10        0.183541        0.254968        0.139310
     C   10        0.254968        0.158983       -0.404389
     C   10        0.139310       -0.404389       -0.342524

     C   11        0.167559        0.167971        0.206915
     C   11        0.167971        0.127912       -0.396411
     C   11        0.206915       -0.396411       -0.295471

     Cl  12        0.085683        0.186951       -0.018723
     Cl  12        0.186951        0.044040       -0.016668
     Cl  12       -0.018723       -0.016668       -0.129723

     H   13       -0.544218        0.127956        0.105768
     H   13        0.127956        0.583486        0.740397
     H   13        0.105768        0.740397       -0.039268

     C   14        0.087761       -0.232741        0.339667
     C   14       -0.232741        0.075319        0.282995
     C   14        0.339667        0.282995       -0.163080

     H   15        0.377419        0.134658        0.807887
     H   15        0.134658       -0.512333        0.189463
     H   15        0.807887        0.189463        0.134913

     C   16       -0.020347       -0.292751        0.238061
     C   16       -0.292751        0.176072        0.426732
     C   16        0.238061        0.426732       -0.155725

     C   17        0.103049       -0.193479        0.280324
     C   17       -0.193479        0.080199        0.503037
     C   17        0.280324        0.503037       -0.183248

     Cl  18        0.129377       -0.205262       -0.011583
     Cl  18       -0.205262        0.009473        0.022108
     Cl  18       -0.011583        0.022108       -0.138850

     H   19       -0.464111       -0.255628        0.157070
     H   19       -0.255628        0.609989       -0.691643
     H   19        0.157070       -0.691643       -0.145877

     C   20        0.266697        0.184121        0.213876
     C   20        0.184121        0.091338       -0.306058
     C   20        0.213876       -0.306058       -0.358035

     H   21        0.739116       -0.258420        0.609461
     H   21       -0.258420       -0.427651       -0.201854
     H   21        0.609461       -0.201854       -0.311466

     C   22        0.163929        0.239765        0.156620
     C   22        0.239765        0.204074       -0.389441
     C   22        0.156620       -0.389441       -0.368003

     C   23        0.250739        0.164870        0.298022
     C   23        0.164870        0.060091       -0.351917
     C   23        0.298022       -0.351917       -0.310830

     Cl  24        0.148588        0.205307        0.014220
     Cl  24        0.205307       -0.005929       -0.005216
     Cl  24        0.014220       -0.005216       -0.142659

     ----- GIPAW term -----
     Cl   1       -0.317384       -0.737806       -0.801728
     Cl   1       -0.737806        0.786799       -2.065639
     Cl   1       -0.801728       -2.065639       -0.469414

     C    2       -0.105632       -0.085522       -0.014890
     C    2       -0.085522        0.136410       -0.193121
     C    2       -0.014890       -0.193121       -0.030778

     C    3       -0.100061       -0.128598        0.008261
     C    3       -0.128598        0.078952       -0.234522
     C    3        0.008261       -0.234522        0.021109

     H    4       -0.000000        0.000000        0.000000
     H    4        0.000000        0.000000        0.000000
     H    4        0.000000        0.000000        0.000000

     C    5        0.046991       -0.073931       -0.002750
     C    5       -0.073931       -0.011500       -0.040626
     C    5       -0.002750       -0.040626       -0.035491

     H    6       -0.000000        0.000000        0.000000
     H    6        0.000000        0.000000        0.000000
     H    6        0.000000        0.000000        0.000000

     H    7       -0.000000        0.000000        0.000000
     H    7        0.000000        0.000000        0.000000
     H    7        0.000000        0.000000        0.000000

     C    8        0.096969       -0.200851        0.182136
     C    8       -0.200851       -0.143404       -0.033989
     C    8        0.182136       -0.033989        0.046435

     H    9       -0.000000        0.000000        0.000000
     H    9        0.000000        0.000000        0.000000
     H    9        0.000000        0.000000        0.000000

     C   10        0.028876       -0.147147        0.016007
     C   10       -0.147147        0.001804       -0.021436
     C   10        0.016007       -0.021436       -0.030680

     C   11        0.118531       -0.066110        0.009617
     C   11       -0.066110        0.012671        0.046696
     C   11        0.009617        0.046696       -0.131202

     Cl  12        1.563074        2.433962       -0.605073
     Cl  12        2.433962       -0.134961        0.157116
     Cl  12       -0.605073        0.157116       -1.428113

     H   13       -0.000000        0.000000        0.000000
     H   13        0.000000        0.000000        0.000000
     H   13        0.000000        0.000000        0.000000

     C   14        0.086830       -0.158996       -0.215923
     C   14       -0.158996       -0.106217        0.000645
     C   14       -0.215923        0.000645        0.019387

     H   15       -0.000000        0.000000        0.000000
     H   15        0.000000        0.000000        0.000000
     H   15        0.000000        0.000000        0.000000

     C   16        0.140053        0.083411       -0.203535
     C   16        0.083411       -0.168751       -0.025833
     C   16       -0.203535       -0.025833        0.028698

     C   17        0.212093       -0.237943       -0.180029
     C   17       -0.237943       -0.092147       -0.041265
     C   17       -0.180029       -0.041265       -0.119946

     Cl  18        2.480363       -1.073796        0.746653
     Cl  18       -1.073796       -1.094554       -0.143813
     Cl  18        0.746653       -0.143813       -1.385809

     H   19       -0.000000        0.000000        0.000000
     H   19        0.000000        0.000000        0.000000
     H   19        0.000000        0.000000        0.000000

     C   20       -0.204464       -0.064443       -0.052080
     C   20       -0.064443        0.202135       -0.070787
     C   20       -0.052080       -0.070787        0.002329

     H   21       -0.000000        0.000000        0.000000
     H   21        0.000000        0.000000        0.000000
     H   21        0.000000        0.000000        0.000000

     C   22       -0.082083       -0.132122        0.079543
     C   22       -0.132122        0.081098       -0.141549
     C   22        0.079543       -0.141549        0.000984

     C   23       -0.021185       -0.130413        0.074075
     C   23       -0.130413        0.090361       -0.143691
     C   23        0.074075       -0.143691       -0.069175

     Cl  24        0.617530        0.527470        0.929529
     Cl  24        0.527470        0.762548       -1.553352
     Cl  24        0.929529       -1.553352       -1.380079

     ----- total EFG -----
     Cl   1       -0.192742       -0.931505       -0.828771
     Cl   1       -0.931505        0.786201       -2.059837
     Cl   1       -0.828771       -2.059837       -0.593459

     C    2       -0.496644       -0.032136        0.084733
     C    2       -0.032136        0.336682       -0.316754
     C    2        0.084733       -0.316754        0.159962

     C    3       -0.180042       -0.460461        0.041504
     C    3       -0.460461        0.198043       -0.574071
     C    3        0.041504       -0.574071       -0.018001

     H    4        0.348398        0.190585        0.264459
     H    4        0.190585       -0.035182        0.397549
     H    4        0.264459        0.397549       -0.313216

     C    5       -0.076382        0.044927        0.149822
     C    5        0.044927       -0.010317       -0.046649
     C    5        0.149822       -0.046649        0.086699

     H    6       -0.266243        0.004605       -0.173715
     H    6        0.004605        0.298534        0.219039
     H    6       -0.173715        0.219039       -0.032291

     H    7       -0.310052        0.226695       -0.238903
     H    7        0.226695        0.395168       -0.194304
     H    7       -0.238903       -0.194304       -0.085116

     C    8        0.442667       -0.531922        0.542943
     C    8       -0.531922       -0.597478        0.014732
     C    8        0.542943        0.014732        0.154811

     H    9        0.045389        0.044171        0.316893
     H    9        0.044171       -0.096768       -0.060045
     H    9        0.316893       -0.060045        0.051379

     C   10       -0.081297       -0.159524       -0.150684
     C   10       -0.159524        0.171930       -0.133902
     C   10       -0.150684       -0.133902       -0.090633

     C   11        0.299705       -0.226317        0.067643
     C   11       -0.226317       -0.076165        0.181857
     C   11        0.067643        0.181857       -0.223540

     Cl  12        1.673732        2.665890       -0.695574
     Cl  12        2.665890       -0.111722        0.161508
     Cl  12       -0.695574        0.161508       -1.562009

     H   13       -0.148291        0.192664        0.238378
     H   13        0.192664        0.350262        0.136197
     H   13        0.238378        0.136197       -0.201970

     C   14        0.098107       -0.582228       -0.414854
     C   14       -0.582228       -0.193617       -0.122689
     C   14       -0.414854       -0.122689        0.095510

     H   15        0.425841        0.012585        0.559240
     H   15        0.012585       -0.006866        0.197365
     H   15        0.559240        0.197365       -0.418975

     C   16        0.135871        0.303657       -0.255265
     C   16        0.303657       -0.363341        0.127067
     C   16       -0.255265        0.127067        0.227471

     C   17        0.443157       -0.781813       -0.486473
     C   17       -0.781813       -0.232463       -0.123810
     C   17       -0.486473       -0.123810       -0.210694

     Cl  18        2.620637       -0.991417        0.815220
     Cl  18       -0.991417       -1.231396       -0.149026
     Cl  18        0.815220       -0.149026       -1.389241

     H   19       -0.275718       -0.216769        0.002646
     H   19       -0.216769        0.207606       -0.143363
     H   19        0.002646       -0.143363        0.068112

     C   20       -0.702362       -0.235266       -0.244775
     C   20       -0.235266        0.628007       -0.236733
     C   20       -0.244775       -0.236733        0.074355

     H   21        0.287849       -0.315158        0.277939
     H   21       -0.315158       -0.267953        0.180536
     H   21        0.277939        0.180536       -0.019896

     C   22        0.148750       -0.298918        0.239294
     C   22       -0.298918       -0.106343       -0.074693
     C   22        0.239294       -0.074693       -0.042408

     C   23       -0.329574       -0.258768       -0.010281
     C   23       -0.258768        0.414479       -0.422273
     C   23       -0.010281       -0.422273       -0.084905

     Cl  24        0.715972        0.598944        1.029602
     Cl  24        0.598944        0.804182       -1.698293
     Cl  24        1.029602       -1.698293       -1.520154

     ----- total EFG (symmetrized) -----
     Cl   1       -0.192742       -0.931505       -0.828771
     Cl   1       -0.931505        0.786201       -2.059837
     Cl   1       -0.828771       -2.059837       -0.593459

     C    2       -0.496644       -0.032136        0.084733
     C    2       -0.032136        0.336682       -0.316754
     C    2        0.084733       -0.316754        0.159962

     C    3       -0.180042       -0.460461        0.041504
     C    3       -0.460461        0.198043       -0.574071
     C    3        0.041504       -0.574071       -0.018001

     H    4        0.348398        0.190585        0.264459
     H    4        0.190585       -0.035182        0.397549
     H    4        0.264459        0.397549       -0.313216

     C    5       -0.076382        0.044927        0.149822
     C    5        0.044927       -0.010317       -0.046649
     C    5        0.149822       -0.046649        0.086699

     H    6       -0.266243        0.004605       -0.173715
     H    6        0.004605        0.298534        0.219039
     H    6       -0.173715        0.219039       -0.032291

     H    7       -0.310052        0.226695       -0.238903
     H    7        0.226695        0.395168       -0.194304
     H    7       -0.238903       -0.194304       -0.085116

     C    8        0.442667       -0.531922        0.542943
     C    8       -0.531922       -0.597478        0.014732
     C    8        0.542943        0.014732        0.154811

     H    9        0.045389        0.044171        0.316893
     H    9        0.044171       -0.096768       -0.060045
     H    9        0.316893       -0.060045        0.051379

     C   10       -0.081297       -0.159524       -0.150684
     C   10       -0.159524        0.171930       -0.133902
     C   10       -0.150684       -0.133902       -0.090633

     C   11        0.299705       -0.226317        0.067643
     C   11       -0.226317       -0.076165        0.181857
     C   11        0.067643        0.181857       -0.223540

     Cl  12        1.673732        2.665890       -0.695574
     Cl  12        2.665890       -0.111722        0.161508
     Cl  12       -0.695574        0.161508       -1.562009

     H   13       -0.148291        0.192664        0.238378
     H   13        0.192664        0.350262        0.136197
     H   13        0.238378        0.136197       -0.201970

     C   14        0.098107       -0.582228       -0.414854
     C   14       -0.582228       -0.193617       -0.122689
     C   14       -0.414854       -0.122689        0.095510

     H   15        0.425841        0.012585        0.559240
     H   15        0.012585       -0.006866        0.197365
     H   15        0.559240        0.197365       -0.418975

     C   16        0.135871        0.303657       -0.255265
     C   16        0.303657       -0.363341        0.127067
     C   16       -0.255265        0.127067        0.227471

     C   17        0.443157       -0.781813       -0.486473
     C   17       -0.781813       -0.232463       -0.123810
     C   17       -0.486473       -0.123810       -0.210694

     Cl  18        2.620637       -0.991417        0.815220
     Cl  18       -0.991417       -1.231396       -0.149026
     Cl  18        0.815220       -0.149026       -1.389241

     H   19       -0.275718       -0.216769        0.002646
     H   19       -0.216769        0.207606       -0.143363
     H   19        0.002646       -0.143363        0.068112

     C   20       -0.702362       -0.235266       -0.244775
     C   20       -0.235266        0.628007       -0.236733
     C   20       -0.244775       -0.236733        0.074355

     H   21        0.287849       -0.315158        0.277939
     H   21       -0.315158       -0.267953        0.180536
     H   21        0.277939        0.180536       -0.019896

     C   22        0.148750       -0.298918        0.239294
     C   22       -0.298918       -0.106343       -0.074693
     C   22        0.239294       -0.074693       -0.042408

     C   23       -0.329574       -0.258768       -0.010281
     C   23       -0.258768        0.414479       -0.422273
     C   23       -0.010281       -0.422273       -0.084905

     Cl  24        0.715972        0.598944        1.029602
     Cl  24        0.598944        0.804182       -1.698293
     Cl  24        1.029602       -1.698293       -1.520154


     NQR/NMR SPECTROSCOPIC PARAMETERS:
     Cl   1    Vxx=    0.3729    axis=( -0.888236  0.154403  0.432663)
     Cl   1    Vyy=    2.3029    axis=( -0.124977  0.825082 -0.551017)
     Cl   1    Vzz=   -2.6758    axis=( -0.442061 -0.543506 -0.713571)
     Cl   1  Q=        -8.1650 1e-30 m^2  Cq=        51.3340 MHz  eta= 0.72129

     C    2    Vxx=   -0.0752    axis=(  0.110918  0.611314  0.783577)
     C    2    Vyy=   -0.5075    axis=( -0.991273  0.011538  0.131317)
     C    2    Vzz=    0.5827    axis=(  0.071235 -0.791304  0.607259)
     C    2  Q=         1.0000 1e-30 m^2  Cq=         1.3690 MHz  eta= 0.74200

     C    3    Vxx=   -0.1537    axis=(  0.744529 -0.102096 -0.659737)
     C    3    Vyy=   -0.6725    axis=(  0.555856  0.642118  0.527928)
     C    3    Vzz=    0.8262    axis=( -0.369730  0.759777 -0.534826)
     C    3  Q=         1.0000 1e-30 m^2  Cq=         1.9413 MHz  eta= 0.62800

     H    4    Vxx=   -0.0072    axis=(  0.631756 -0.690875 -0.351533)
     H    4    Vyy=   -0.6085    axis=(  0.123519  0.537419 -0.834220)
     H    4    Vzz=    0.6157    axis=(  0.765263  0.483603  0.424854)
     H    4  Q=         1.0000 1e-30 m^2  Cq=         1.4466 MHz  eta= 0.97669

     C    5    Vxx=    0.0101    axis=(  0.336402  0.937696 -0.086944)
     C    5    Vyy=    0.1774    axis=( -0.493227  0.096790 -0.864499)
     C    5    Vzz=   -0.1875    axis=( -0.802222  0.333702  0.495058)
     C    5  Q=         1.0000 1e-30 m^2  Cq=        -0.4406 MHz  eta= 0.89200

     H    6    Vxx=   -0.0380    axis=(  0.546155  0.451656 -0.705494)
     H    6    Vyy=   -0.3780    axis=( -0.829872  0.176971 -0.529145)
     H    6    Vzz=    0.4160    axis=(  0.114140 -0.874464 -0.471470)
     H    6  Q=         1.0000 1e-30 m^2  Cq=         0.9775 MHz  eta= 0.81713

     H    7    Vxx=   -0.0936    axis=(  0.366971 -0.485655 -0.793393)
     H    7    Vyy=   -0.4723    axis=( -0.870740  0.120781 -0.476680)
     H    7    Vzz=    0.5658    axis=(  0.327328  0.865767 -0.378556)
     H    7  Q=         1.0000 1e-30 m^2  Cq=         1.3295 MHz  eta= 0.66933

     C    8    Vxx=   -0.0966    axis=( -0.387878  0.435789  0.812182)
     C    8    Vyy=   -0.8787    axis=(  0.447562  0.859361 -0.247359)
     C    8    Vzz=    0.9753    axis=( -0.805754  0.267557 -0.528370)
     C    8  Q=         1.0000 1e-30 m^2  Cq=         2.2916 MHz  eta= 0.80195

     H    9    Vxx=   -0.0698    axis=( -0.264313 -0.937407  0.226731)
     H    9    Vyy=   -0.2958    axis=(  0.661925 -0.347302 -0.664256)
     H    9    Vzz=    0.3656    axis=(  0.701423 -0.025493  0.712290)
     H    9  Q=         1.0000 1e-30 m^2  Cq=         0.8590 MHz  eta= 0.61820

     C   10    Vxx=    0.0630    axis=( -0.673720 -0.084137  0.734181)
     C   10    Vyy=    0.2606    axis=( -0.338188  0.918461 -0.205082)
     C   10    Vzz=   -0.3236    axis=( -0.657062 -0.386459 -0.647240)
     C   10  Q=         1.0000 1e-30 m^2  Cq=        -0.7602 MHz  eta= 0.61065

     C   11    Vxx=   -0.0088    axis=(  0.339478  0.662364  0.667853)
     C   11    Vyy=   -0.3976    axis=( -0.270537 -0.611260  0.743754)
     C   11    Vzz=    0.4064    axis=( -0.900868  0.433168  0.028315)
     C   11  Q=         1.0000 1e-30 m^2  Cq=         0.9549 MHz  eta= 0.95672

     Cl  12    Vxx=   -1.2416    axis=( -0.262812  0.502337  0.823765)
     Cl  12    Vyy=   -2.3938    axis=(  0.519123 -0.646048  0.559583)
     Cl  12    Vzz=    3.6354    axis=(  0.813291  0.574700 -0.090985)
     Cl  12  Q=        -8.1650 1e-30 m^2  Cq=       -69.7425 MHz  eta= 0.31693

     H   13    Vxx=   -0.0665    axis=(  0.625124 -0.488087  0.609090)
     H   13    Vyy=   -0.4161    axis=(  0.680621 -0.041110 -0.731481)
     H   13    Vzz=    0.4826    axis=(  0.382066  0.871826  0.306503)
     H   13  Q=         1.0000 1e-30 m^2  Cq=         1.1339 MHz  eta= 0.72457

     C   14    Vxx=    0.1138    axis=(  0.135207 -0.577380  0.805203)
     C   14    Vyy=    0.6810    axis=( -0.770572  0.449582  0.451769)
     C   14    Vzz=   -0.7948    axis=( -0.622847 -0.681549 -0.384126)
     C   14  Q=         1.0000 1e-30 m^2  Cq=        -1.8676 MHz  eta= 0.71359

     H   15    Vxx=    0.0196    axis=(  0.227382 -0.963173 -0.143510)
     H   15    Vyy=    0.7183    axis=( -0.878798 -0.139466 -0.456359)
     H   15    Vzz=   -0.7378    axis=(  0.419538  0.229884 -0.878146)
     H   15  Q=         1.0000 1e-30 m^2  Cq=        -1.7336 MHz  eta= 0.94695

     C   16    Vxx=    0.1165    axis=( -0.544655 -0.519070 -0.658724)
     C   16    Vyy=    0.4560    axis=( -0.700014 -0.151199  0.697939)
     C   16    Vzz=   -0.5725    axis=( -0.461878  0.841252 -0.281005)
     C   16  Q=         1.0000 1e-30 m^2  Cq=        -1.3452 MHz  eta= 0.59289

     C   17    Vxx=   -0.1046    axis=(  0.042364  0.549064 -0.834706)
     C   17    Vyy=   -0.9489    axis=(  0.551145  0.683996  0.477900)
     C   17    Vzz=    1.0535    axis=(  0.833333 -0.480290 -0.273637)
     C   17  Q=         1.0000 1e-30 m^2  Cq=         2.4753 MHz  eta= 0.80149

     Cl  18    Vxx=   -1.4491    axis=( -0.131911 -0.893854 -0.428515)
     Cl  18    Vyy=   -1.5671    axis=( -0.263363 -0.385153  0.884476)
     Cl  18    Vzz=    3.0162    axis=(  0.955636 -0.229526  0.184602)
     Cl  18  Q=        -8.1650 1e-30 m^2  Cq=       -57.8650 MHz  eta= 0.03910

     H   19    Vxx=    0.0098    axis=( -0.264322  0.359095  0.895089)
     H   19    Vyy=    0.3548    axis=( -0.295225  0.853418 -0.429558)
     H   19    Vzz=   -0.3646    axis=( -0.918137 -0.377794 -0.119563)
     H   19  Q=         1.0000 1e-30 m^2  Cq=        -0.8566 MHz  eta= 0.94615

     C   20    Vxx=    0.1028    axis=( -0.347988  0.251238  0.903207)
     C   20    Vyy=    0.7296    axis=( -0.103748  0.947185 -0.303443)
     C   20    Vzz=   -0.8324    axis=( -0.931741 -0.199301 -0.303543)
     C   20  Q=         1.0000 1e-30 m^2  Cq=        -1.9559 MHz  eta= 0.75298

     H   21    Vxx=    0.0593    axis=( -0.155363  0.587638  0.794068)
     H   21    Vyy=    0.5033    axis=( -0.885318  0.273792 -0.375832)
     H   21    Vzz=   -0.5626    axis=( -0.438263 -0.761393  0.477709)
     H   21  Q=         1.0000 1e-30 m^2  Cq=        -1.3220 MHz  eta= 0.78911

     C   22    Vxx=   -0.1345    axis=( -0.160789  0.519472  0.839223)
     C   22    Vyy=   -0.3280    axis=( -0.614310 -0.718186  0.326853)
     C   22    Vzz=    0.4625    axis=(  0.772509 -0.462989  0.434593)
     C   22  Q=         1.0000 1e-30 m^2  Cq=         1.0867 MHz  eta= 0.41845

     C   23    Vxx=   -0.2151    axis=( -0.620323  0.244833  0.745155)
     C   23    Vyy=   -0.4878    axis=(  0.755265  0.442753  0.483265)
     C   23    Vzz=    0.7029    axis=( -0.211601  0.862570 -0.459564)
     C   23  Q=         1.0000 1e-30 m^2  Cq=         1.6516 MHz  eta= 0.38802

     Cl  24    Vxx=    1.1132    axis=( -0.944559 -0.078173 -0.318899)
     Cl  24    Vyy=    1.7037    axis=( -0.076569 -0.892023  0.445457)
     Cl  24    Vzz=   -2.8168    axis=( -0.319288  0.445178  0.836583)
     Cl  24  Q=        -8.1650 1e-30 m^2  Cq=        54.0396 MHz  eta= 0.20964

     Initialization:
     gipaw_setup  :      9.28s CPU     11.10s WALL (       1 calls)

     Linear response

     Apply operators

     Induced current

     Other routines
     efg          :      9.34s CPU     11.90s WALL (       1 calls)

     General routines
     calbec       :      3.32s CPU      4.52s WALL (      16 calls)
     fft          :      1.53s CPU      2.21s WALL (      15 calls)
     ffts         :      0.05s CPU      0.08s WALL (       2 calls)
     fftw         :      3.23s CPU      4.02s WALL (     672 calls)
     davcio       :      0.02s CPU      0.32s WALL (      32 calls)

     Parallel routines
     fft_scatter  :      2.17s CPU      3.52s WALL (     689 calls)

     Plugins

     GIPAW        :     60.82s CPU     73.15s WALL (       1 calls)
