
     Program QE v.6.0 (svn rev. 13079) starts on 13Jan2017 at 23:43:42 

     This program is part of the open-source Quantum ESPRESSO suite
     for quantum simulation of materials; please cite
         "P. Giannozzi et al., J. Phys.:Condens. Matter 21 395502 (2009);
          URL http://www.quantum-espresso.org", 
     in publications or presentations arising from this work. More details at
     http://www.quantum-espresso.org/quote

     Parallel version (MPI), running on     8 processors
     R & G space division:  proc/nbgrp/npool/nimage =       8

     ***** This is GIPAW svn revision unknown      *****

     Parallelizing q-star over 1 images

     Reading data from directory:
     /users/majewski/paradichlorobenzene/pbe/9_constraint/scratch/pbe.ecut100.np8.dt60.pcl2phi-129368.save
     Message from routine read_xml_file:
     file /users/majewski/paradichlorobenzene/pbe/9_constraint/scratch/pbe.ecut100.np8.dt60.pcl2phi-129368.save not guaranteed to be safe for post-processing

   Info: using nr1, nr2, nr3 values from input

   Info: using nr1, nr2, nr3 values from input

     IMPORTANT: XC functional enforced from input :
     Exchange-correlation      =  SLA  PW   PBX  PBC ( 1  4  3  4 0 0)
     Any further DFT definition will be discarded
     Please, verify this is what you really want

               file C.pbe-n-kjpaw_psl.1.0.0.UPF: wavefunction(s)  2S 2P renormalized
               file Cl.pbe-n-kjpaw_psl.1.0.0.UPF: wavefunction(s)  3S 3P renormalized
               file H.pbe-kjpaw_psl.1.0.0.UPF: wavefunction(s)  1S renormalized

     Parallelization info
     --------------------
     sticks:   dense  smooth     PW     G-vecs:    dense   smooth      PW
     Min        3057    1223    332               144436    36536    5170
     Max        3059    1225    333               144437    36537    5171
     Sum       24467    9791   2657              1155489   292295   41363


     Subspace diagonalization in iterative solution of the eigenvalue problem:
     a serial algorithm will be used

     GIPAW projectors -----------------------------------------------
     atom=  C    l=0  rc=    1.2000  rs=    0.8000
     atom=  C    l=0  rc=    1.2000  rs=    0.8000
     atom=  C    l=1  rc=    1.4000  rs=    0.9333
     atom=  C    l=1  rc=    1.4000  rs=    0.9333
     projs nearly linearly dependent: l=1  n1,n2= 1, 2  s=  0.99951561

     atom=  Cl   l=0  rc=    1.6000  rs=    1.0667
     atom=  Cl   l=0  rc=    1.6000  rs=    1.0667
     atom=  Cl   l=1  rc=    1.6000  rs=    1.0667
     atom=  Cl   l=1  rc=    1.6000  rs=    1.0667
     atom=  Cl   l=2  rc=    1.6000  rs=    1.0667
     atom=  Cl   l=2  rc=    1.6000  rs=    1.0667
     projs nearly linearly dependent: l=2  n1,n2= 1, 2  s=  0.99993509

     atom=  H    l=0  rc=    1.0000  rs=    0.6667
     atom=  H    l=0  rc=    1.0000  rs=    0.6667
     projs nearly linearly dependent: l=0  n1,n2= 1, 2  s=  0.99968852
     -----------------------------------------------------------------

     GIPAW integrals: -------------------------------------------
     Atom  i/j   nmr_para   nmr_dia   epr_rmc  epr_para   epr_dia
       C   1 1   0.83E+03  0.17E-01  0.93E+01  0.24E+08  0.24E+03
       C   2 1   0.86E+03 -0.61E-01  0.94E+01  0.25E+08  0.25E+03
       C   2 2   0.90E+03 -0.15E+00  0.97E+01  0.26E+08  0.26E+03
       C   3 3   0.33E+01  0.34E+00  0.18E+01  0.55E+03  0.21E+02
       C   4 3   0.35E+01  0.37E+00  0.20E+01  0.59E+03  0.22E+02
       C   4 4   0.38E+01  0.39E+00  0.22E+01  0.63E+03  0.24E+02
       Cl  1 1   0.14E+04 -0.47E+00  0.84E+01  0.32E+09  0.42E+03
       Cl  2 1   0.21E+04 -0.37E+00  0.12E+02  0.49E+09  0.65E+03
       Cl  2 2   0.33E+04 -0.16E+00  0.21E+02  0.76E+09  0.10E+04
       Cl  3 3   0.21E+02  0.79E-01  0.89E+01  0.23E+05  0.13E+03
       Cl  4 3   0.24E+02  0.67E-01  0.99E+01  0.27E+05  0.15E+03
       Cl  4 4   0.28E+02  0.44E-01  0.11E+02  0.32E+05  0.18E+03
       Cl  5 5   0.77E+00  0.19E+00  0.18E+01  0.12E+03  0.22E+02
       Cl  6 5   0.80E+00  0.19E+00  0.19E+01  0.12E+03  0.23E+02
       Cl  6 6   0.83E+00  0.20E+00  0.19E+01  0.12E+03  0.23E+02
       H   1 1   0.39E+02  0.19E+00  0.29E+00  0.78E+05  0.13E+02
       H   2 1   0.41E+02  0.21E+00  0.32E+00  0.82E+05  0.14E+02
       H   2 2   0.43E+02  0.22E+00  0.36E+00  0.86E+05  0.15E+02
     ------------------------------------------------------------

     alpha_pv=     34.2368 eV

     Number of occupied bands for each k-point:
     k-point:     1    nbnd_occ=  42
     k-point:     2    nbnd_occ=  42
     k-point:     3    nbnd_occ=  42
     k-point:     4    nbnd_occ=  42
     k-point:     5    nbnd_occ=  42
     k-point:     6    nbnd_occ=  42
     k-point:     7    nbnd_occ=  42
     k-point:     8    nbnd_occ=  42
     k-point:     9    nbnd_occ=  42
     k-point:    10    nbnd_occ=  42
     k-point:    11    nbnd_occ=  42
     k-point:    12    nbnd_occ=  42
     k-point:    13    nbnd_occ=  42
     k-point:    14    nbnd_occ=  42
     k-point:    15    nbnd_occ=  42
     k-point:    16    nbnd_occ=  42


     q-space interpolation up to   110.00 Rydberg

     GIPAW job: efg                                                                             


     ELECTRIC FIELD GRADIENTS TENSORS IN Hartree/bohrradius^2:

     ----- bare term -----
     Cl   1        0.211429        0.113379       -0.003105
     Cl   1        0.113379        0.274839        0.040230
     Cl   1       -0.003105        0.040230       -0.486268

     C    2       -0.166883        0.152653       -0.280604
     C    2        0.152653       -0.322098       -0.509052
     C    2       -0.280604       -0.509052        0.488981

     C    3       -0.114047        0.441925       -0.298141
     C    3        0.441925       -0.300257       -0.303660
     C    3       -0.298141       -0.303660        0.414305

     H    4       -0.100640       -0.149817       -0.324682
     H    4       -0.149817        0.495757       -0.189403
     H    4       -0.324682       -0.189403       -0.395116

     C    5       -0.521306        0.010413       -0.293304
     C    5        0.010413        0.009327       -0.306525
     C    5       -0.293304       -0.306525        0.511978

     H    6        0.109391        0.263079       -0.247214
     H    6        0.263079       -0.429173       -0.255557
     H    6       -0.247214       -0.255557        0.319782

     H    7        0.306894       -0.102893        0.124527
     H    7       -0.102893       -0.325383        0.563390
     H    7        0.124527        0.563390        0.018489

     C    8       -0.272894       -0.105596       -0.333743
     C    8       -0.105596       -0.053387        0.498681
     C    8       -0.333743        0.498681        0.326281

     H    9       -0.222874        0.444176       -0.322308
     H    9        0.444176       -0.137936        0.124126
     H    9       -0.322308        0.124126        0.360809

     C   10       -0.624220       -0.351436       -0.234451
     C   10       -0.351436        0.243545        0.271322
     C   10       -0.234451        0.271322        0.380675

     C   11       -0.057726        0.027386       -0.314747
     C   11        0.027386       -0.094679        0.595271
     C   11       -0.314747        0.595271        0.152405

     Cl  12       -0.022851       -0.015847       -0.021320
     Cl  12       -0.015847        0.010866        0.004863
     Cl  12       -0.021320        0.004863        0.011985

     H   13        0.212773        0.312493        0.046669
     H   13        0.312493       -0.522625       -0.396672
     H   13        0.046669       -0.396672        0.309852

     C   14       -0.041925       -0.333761       -0.532589
     C   14       -0.333761       -0.094939       -0.466571
     C   14       -0.532589       -0.466571        0.136864

     H   15        0.077140       -0.045240       -0.233391
     H   15       -0.045240        0.294439       -0.468635
     H   15       -0.233391       -0.468635       -0.371579

     C   16       -0.386502        0.398828       -0.357308
     C   16        0.398828        0.061057       -0.003666
     C   16       -0.357308       -0.003666        0.325445

     C   17        0.032889        0.102944       -0.159262
     C   17        0.102944       -0.560735       -0.306503
     C   17       -0.159262       -0.306503        0.527846

     Cl  18        0.030255        0.147094       -0.073195
     Cl  18        0.147094        0.011898       -0.206654
     Cl  18       -0.073195       -0.206654       -0.042153

     H   19        0.370028        0.062699       -0.054707
     H   19        0.062699       -0.520008        0.521742
     H   19       -0.054707        0.521742        0.149980

     C   20       -0.602911       -0.315666       -0.382264
     C   20       -0.315666        0.133895        0.233636
     C   20       -0.382264        0.233636        0.469016

     H   21       -0.391805        0.031241       -0.530740
     H   21        0.031241        0.258955        0.089091
     H   21       -0.530740        0.089091        0.132850

     C   22       -0.124358       -0.221032       -0.247862
     C   22       -0.221032       -0.194483        0.585838
     C   22       -0.247862        0.585838        0.318841

     C   23       -0.378469       -0.209876       -0.339393
     C   23       -0.209876        0.026813        0.374203
     C   23       -0.339393        0.374203        0.351655

     Cl  24       -0.001647        0.105728       -0.023914
     Cl  24        0.105728        0.075049        0.062290
     Cl  24       -0.023914        0.062290       -0.073402

     ----- ionic term -----
     Cl   1        0.140479       -0.207683        0.116899
     Cl   1       -0.207683       -0.016327       -0.058840
     Cl   1        0.116899       -0.058840       -0.124152

     C    2        0.062080       -0.228036        0.401114
     C    2       -0.228036        0.134229        0.309657
     C    2        0.401114        0.309657       -0.196309

     C    3        0.118984       -0.345534        0.307809
     C    3       -0.345534        0.183507        0.248601
     C    3        0.307809        0.248601       -0.302491

     H    4        0.401542        0.214405        0.783472
     H    4        0.214405       -0.420443        0.250484
     H    4        0.783472        0.250484        0.018901

     C    5        0.200556       -0.231079        0.391753
     C    5       -0.231079        0.081310        0.235347
     C    5        0.391753        0.235347       -0.281866

     H    6       -0.513522       -0.092905       -0.040567
     H    6       -0.092905        0.742209        0.645220
     H    6       -0.040567        0.645220       -0.228687

     H    7       -0.505628        0.072584       -0.037641
     H    7        0.072584        0.454147       -0.786202
     H    7       -0.037641       -0.786202        0.051481

     C    8        0.385845        0.268330        0.240611
     C    8        0.268330       -0.024063       -0.311942
     C    8        0.240611       -0.311942       -0.361782

     H    9        0.660928       -0.369526        0.656168
     H    9       -0.369526       -0.426423       -0.243040
     H    9        0.656168       -0.243040       -0.234505

     C   10        0.275185        0.275001        0.178567
     C   10        0.275001        0.134622       -0.340979
     C   10        0.178567       -0.340979       -0.409807

     C   11        0.197614        0.146022        0.248865
     C   11        0.146022        0.139788       -0.360054
     C   11        0.248865       -0.360054       -0.337402

     Cl  12        0.108357        0.190078        0.008640
     Cl  12        0.190078        0.027820        0.002604
     Cl  12        0.008640        0.002604       -0.136177

     H   13       -0.549658        0.026242        0.026608
     H   13        0.026242        0.796086        0.613095
     H   13        0.026608        0.613095       -0.246428

     C   14        0.118307       -0.195088        0.377408
     C   14       -0.195088        0.093813        0.258383
     C   14        0.377408        0.258383       -0.212120

     H   15        0.384038        0.328305        0.751867
     H   15        0.328305       -0.378841        0.326002
     H   15        0.751867        0.326002       -0.005197

     C   16        0.112717       -0.306861        0.258151
     C   16       -0.306861        0.163785        0.298762
     C   16        0.258151        0.298762       -0.276502

     C   17        0.237188       -0.230541        0.317085
     C   17       -0.230541        0.034130        0.357368
     C   17        0.317085        0.357368       -0.271318

     Cl  18        0.210281       -0.207379        0.046850
     Cl  18       -0.207379       -0.057409       -0.020269
     Cl  18        0.046850       -0.020269       -0.152873

     H   19       -0.507297       -0.046671        0.044290
     H   19       -0.046671        0.713610       -0.670525
     H   19        0.044290       -0.670525       -0.206313

     C   20        0.296423        0.194960        0.277166
     C   20        0.194960        0.090529       -0.277987
     C   20        0.277166       -0.277987       -0.386952

     H   21        0.587424       -0.285125        0.704170
     H   21       -0.285125       -0.435595       -0.254539
     H   21        0.704170       -0.254539       -0.151829

     C   22        0.163916        0.268490        0.214820
     C   22        0.268490        0.165952       -0.359103
     C   22        0.214820       -0.359103       -0.329868

     C   23        0.218717        0.180765        0.267113
     C   23        0.180765        0.102490       -0.379129
     C   23        0.267113       -0.379129       -0.321207

     Cl  24        0.130184        0.227774        0.021659
     Cl  24        0.227774        0.012933        0.008429
     Cl  24        0.021659        0.008429       -0.143117

     ----- GIPAW term -----
     Cl   1       -0.260572       -0.640990        0.097054
     Cl   1       -0.640990       -0.546295       -0.173117
     Cl   1        0.097054       -0.173117        0.806867

     C    2       -0.034016       -0.092374       -0.029744
     C    2       -0.092374       -0.107836       -0.136948
     C    2       -0.029744       -0.136948        0.141852

     C    3        0.093567        0.018528       -0.162151
     C    3        0.018528       -0.121707        0.001790
     C    3       -0.162151        0.001790        0.028140

     H    4       -0.000000        0.000000        0.000000
     H    4        0.000000        0.000000        0.000000
     H    4        0.000000        0.000000        0.000000

     C    5       -0.056889       -0.016325        0.128512
     C    5       -0.016325       -0.105792       -0.036406
     C    5        0.128512       -0.036406        0.162681

     H    6       -0.000000        0.000000        0.000000
     H    6        0.000000        0.000000        0.000000
     H    6        0.000000        0.000000        0.000000

     H    7       -0.000000        0.000000        0.000000
     H    7        0.000000        0.000000        0.000000
     H    7        0.000000        0.000000        0.000000

     C    8       -0.059183        0.002061       -0.048284
     C    8        0.002061        0.057461        0.138641
     C    8       -0.048284        0.138641        0.001722

     H    9       -0.000000        0.000000        0.000000
     H    9        0.000000        0.000000        0.000000
     H    9        0.000000        0.000000        0.000000

     C   10       -0.221121        0.004269       -0.043160
     C   10        0.004269        0.278692        0.032631
     C   10       -0.043160        0.032631       -0.057571

     C   11        0.024077        0.119829       -0.051152
     C   11        0.119829        0.098896        0.073869
     C   11       -0.051152        0.073869       -0.122973

     Cl  12        1.349560        2.284081       -0.175537
     Cl  12        2.284081        0.185232        0.035432
     Cl  12       -0.175537        0.035432       -1.534792

     H   13       -0.000000        0.000000        0.000000
     H   13        0.000000        0.000000        0.000000
     H   13        0.000000        0.000000        0.000000

     C   14        0.115761       -0.238523       -0.161318
     C   14       -0.238523       -0.034271       -0.018416
     C   14       -0.161318       -0.018416       -0.081490

     H   15       -0.000000        0.000000        0.000000
     H   15        0.000000        0.000000        0.000000
     H   15        0.000000        0.000000        0.000000

     C   16       -0.045906       -0.044738       -0.162395
     C   16       -0.044738       -0.017819        0.114111
     C   16       -0.162395        0.114111        0.063725

     C   17       -0.075474       -0.055497        0.008523
     C   17       -0.055497       -0.170107        0.080419
     C   17        0.008523        0.080419        0.245581

     Cl  18       -0.526953       -0.233565        0.675586
     Cl  18       -0.233565       -0.290093        1.315718
     Cl  18        0.675586        1.315718        0.817045

     H   19       -0.000000        0.000000        0.000000
     H   19        0.000000        0.000000        0.000000
     H   19        0.000000        0.000000        0.000000

     C   20       -0.131428       -0.035213       -0.064037
     C   20       -0.035213        0.077493       -0.012081
     C   20       -0.064037       -0.012081        0.053935

     H   21       -0.000000        0.000000        0.000000
     H   21        0.000000        0.000000        0.000000
     H   21        0.000000        0.000000        0.000000

     C   22       -0.067456       -0.015434       -0.054386
     C   22       -0.015434        0.048587        0.119760
     C   22       -0.054386        0.119760        0.018869

     C   23       -0.024729        0.123374       -0.060057
     C   23        0.123374        0.092763        0.046179
     C   23       -0.060057        0.046179       -0.068033

     Cl  24        1.139974        2.790456       -0.088200
     Cl  24        2.790456        0.774308        0.578126
     Cl  24       -0.088200        0.578126       -1.914282

     ----- total EFG -----
     Cl   1        0.091336       -0.735294        0.210849
     Cl   1       -0.735294       -0.287783       -0.191728
     Cl   1        0.210849       -0.191728        0.196447

     C    2       -0.138819       -0.167757        0.090767
     C    2       -0.167757       -0.295705       -0.336343
     C    2        0.090767       -0.336343        0.434524

     C    3        0.098503        0.114919       -0.152483
     C    3        0.114919       -0.238457       -0.053270
     C    3       -0.152483       -0.053270        0.139954

     H    4        0.300902        0.064588        0.458789
     H    4        0.064588        0.075314        0.061081
     H    4        0.458789        0.061081       -0.376215

     C    5       -0.377639       -0.236991        0.226960
     C    5       -0.236991       -0.015155       -0.107584
     C    5        0.226960       -0.107584        0.392793

     H    6       -0.404131        0.170174       -0.287781
     H    6        0.170174        0.313035        0.389663
     H    6       -0.287781        0.389663        0.091096

     H    7       -0.198734       -0.030309        0.086886
     H    7       -0.030309        0.128764       -0.222812
     H    7        0.086886       -0.222812        0.069971

     C    8        0.053768        0.164794       -0.141416
     C    8        0.164794       -0.019989        0.325379
     C    8       -0.141416        0.325379       -0.033779

     H    9        0.438054        0.074650        0.333860
     H    9        0.074650       -0.564358       -0.118913
     H    9        0.333860       -0.118913        0.126304

     C   10       -0.570157       -0.072166       -0.099044
     C   10       -0.072166        0.656859       -0.037026
     C   10       -0.099044       -0.037026       -0.086703

     C   11        0.163965        0.293236       -0.117035
     C   11        0.293236        0.144005        0.309086
     C   11       -0.117035        0.309086       -0.307970

     Cl  12        1.435067        2.458312       -0.188217
     Cl  12        2.458312        0.223917        0.042900
     Cl  12       -0.188217        0.042900       -1.658984

     H   13       -0.336885        0.338735        0.073277
     H   13        0.338735        0.273461        0.216423
     H   13        0.073277        0.216423        0.063424

     C   14        0.192143       -0.767372       -0.316499
     C   14       -0.767372       -0.035397       -0.226604
     C   14       -0.316499       -0.226604       -0.156746

     H   15        0.461178        0.283065        0.518476
     H   15        0.283065       -0.084402       -0.142632
     H   15        0.518476       -0.142632       -0.376776

     C   16       -0.319691        0.047228       -0.261552
     C   16        0.047228        0.207023        0.409207
     C   16       -0.261552        0.409207        0.112668

     C   17        0.194603       -0.183094        0.166346
     C   17       -0.183094       -0.696712        0.131283
     C   17        0.166346        0.131283        0.502109

     Cl  18       -0.286416       -0.293849        0.649242
     Cl  18       -0.293849       -0.335603        1.088795
     Cl  18        0.649242        1.088795        0.622019

     H   19       -0.137269        0.016028       -0.010417
     H   19        0.016028        0.193601       -0.148783
     H   19       -0.010417       -0.148783       -0.056332

     C   20       -0.437916       -0.155919       -0.169135
     C   20       -0.155919        0.301917       -0.056433
     C   20       -0.169135       -0.056433        0.135999

     H   21        0.195619       -0.253884        0.173430
     H   21       -0.253884       -0.176640       -0.165448
     H   21        0.173430       -0.165448       -0.018979

     C   22       -0.027898        0.032024       -0.087428
     C   22        0.032024        0.020056        0.346495
     C   22       -0.087428        0.346495        0.007842

     C   23       -0.184481        0.094263       -0.132337
     C   23        0.094263        0.222066        0.041252
     C   23       -0.132337        0.041252       -0.037585

     Cl  24        1.268510        3.123958       -0.090456
     Cl  24        3.123958        0.862290        0.648845
     Cl  24       -0.090456        0.648845       -2.130801

     ----- total EFG (symmetrized) -----
     Cl   1        0.091336       -0.735294        0.210849
     Cl   1       -0.735294       -0.287783       -0.191728
     Cl   1        0.210849       -0.191728        0.196447

     C    2       -0.138819       -0.167757        0.090767
     C    2       -0.167757       -0.295705       -0.336343
     C    2        0.090767       -0.336343        0.434524

     C    3        0.098503        0.114919       -0.152483
     C    3        0.114919       -0.238457       -0.053270
     C    3       -0.152483       -0.053270        0.139954

     H    4        0.300902        0.064588        0.458789
     H    4        0.064588        0.075314        0.061081
     H    4        0.458789        0.061081       -0.376215

     C    5       -0.377639       -0.236991        0.226960
     C    5       -0.236991       -0.015155       -0.107584
     C    5        0.226960       -0.107584        0.392793

     H    6       -0.404131        0.170174       -0.287781
     H    6        0.170174        0.313035        0.389663
     H    6       -0.287781        0.389663        0.091096

     H    7       -0.198734       -0.030309        0.086886
     H    7       -0.030309        0.128764       -0.222812
     H    7        0.086886       -0.222812        0.069971

     C    8        0.053768        0.164794       -0.141416
     C    8        0.164794       -0.019989        0.325379
     C    8       -0.141416        0.325379       -0.033779

     H    9        0.438054        0.074650        0.333860
     H    9        0.074650       -0.564358       -0.118913
     H    9        0.333860       -0.118913        0.126304

     C   10       -0.570157       -0.072166       -0.099044
     C   10       -0.072166        0.656859       -0.037026
     C   10       -0.099044       -0.037026       -0.086703

     C   11        0.163965        0.293236       -0.117035
     C   11        0.293236        0.144005        0.309086
     C   11       -0.117035        0.309086       -0.307970

     Cl  12        1.435067        2.458312       -0.188217
     Cl  12        2.458312        0.223917        0.042900
     Cl  12       -0.188217        0.042900       -1.658984

     H   13       -0.336885        0.338735        0.073277
     H   13        0.338735        0.273461        0.216423
     H   13        0.073277        0.216423        0.063424

     C   14        0.192143       -0.767372       -0.316499
     C   14       -0.767372       -0.035397       -0.226604
     C   14       -0.316499       -0.226604       -0.156746

     H   15        0.461178        0.283065        0.518476
     H   15        0.283065       -0.084402       -0.142632
     H   15        0.518476       -0.142632       -0.376776

     C   16       -0.319691        0.047228       -0.261552
     C   16        0.047228        0.207023        0.409207
     C   16       -0.261552        0.409207        0.112668

     C   17        0.194603       -0.183094        0.166346
     C   17       -0.183094       -0.696712        0.131283
     C   17        0.166346        0.131283        0.502109

     Cl  18       -0.286416       -0.293849        0.649242
     Cl  18       -0.293849       -0.335603        1.088795
     Cl  18        0.649242        1.088795        0.622019

     H   19       -0.137269        0.016028       -0.010417
     H   19        0.016028        0.193601       -0.148783
     H   19       -0.010417       -0.148783       -0.056332

     C   20       -0.437916       -0.155919       -0.169135
     C   20       -0.155919        0.301917       -0.056433
     C   20       -0.169135       -0.056433        0.135999

     H   21        0.195619       -0.253884        0.173430
     H   21       -0.253884       -0.176640       -0.165448
     H   21        0.173430       -0.165448       -0.018979

     C   22       -0.027898        0.032024       -0.087428
     C   22        0.032024        0.020056        0.346495
     C   22       -0.087428        0.346495        0.007842

     C   23       -0.184481        0.094263       -0.132337
     C   23        0.094263        0.222066        0.041252
     C   23       -0.132337        0.041252       -0.037585

     Cl  24        1.268510        3.123958       -0.090456
     Cl  24        3.123958        0.862290        0.648845
     Cl  24       -0.090456        0.648845       -2.130801


     NQR/NMR SPECTROSCOPIC PARAMETERS:
     Cl   1    Vxx=    0.0622    axis=( -0.352184  0.245072  0.903275)
     Cl   1    Vyy=    0.7958    axis=( -0.710647  0.558021 -0.428478)
     Cl   1    Vzz=   -0.8581    axis=( -0.609055 -0.792813 -0.022366)
     Cl   1  Q=        -8.1650 1e-30 m^2  Cq=        16.4615 MHz  eta= 0.85498

     C    2    Vxx=   -0.1202    axis=( -0.910444  0.270456  0.312963)
     C    2    Vyy=   -0.4751    axis=(  0.363001  0.885159  0.291074)
     C    2    Vzz=    0.5953    axis=(  0.198300 -0.378612  0.904063)
     C    2  Q=         1.0000 1e-30 m^2  Cq=         1.3987 MHz  eta= 0.59621

     C    3    Vxx=   -0.0244    axis=(  0.686877  0.194501  0.700264)
     C    3    Vyy=   -0.2740    axis=( -0.288391  0.957362  0.016966)
     C    3    Vzz=    0.2984    axis=( -0.667107 -0.213604  0.713682)
     C    3  Q=         1.0000 1e-30 m^2  Cq=         0.7012 MHz  eta= 0.83641

     H    4    Vxx=    0.0609    axis=(  0.175401 -0.983390  0.046683)
     H    4    Vyy=    0.5479    axis=( -0.876727 -0.177596 -0.447001)
     H    4    Vzz=   -0.6088    axis=(  0.447867  0.037476 -0.893314)
     H    4  Q=         1.0000 1e-30 m^2  Cq=        -1.4304 MHz  eta= 0.79995

     C    5    Vxx=    0.0115    axis=( -0.285197  0.864569  0.413743)
     C    5    Vyy=    0.5116    axis=(  0.314029 -0.323557  0.892579)
     C    5    Vzz=   -0.5232    axis=(  0.905565  0.384488 -0.179222)
     C    5  Q=         1.0000 1e-30 m^2  Cq=        -1.2293 MHz  eta= 0.95590

     H    6    Vxx=    0.0426    axis=(  0.594132  0.515640 -0.617352)
     H    6    Vyy=    0.6088    axis=(  0.042809 -0.786681 -0.615873)
     H    6    Vzz=   -0.6514    axis=( -0.803228  0.339482 -0.489466)
     H    6  Q=         1.0000 1e-30 m^2  Cq=        -1.5306 MHz  eta= 0.86924

     H    7    Vxx=   -0.1062    axis=(  0.387973  0.660017  0.643315)
     H    7    Vyy=   -0.2300    axis=( -0.909509  0.161150  0.383176)
     H    7    Vzz=    0.3362    axis=(  0.149233 -0.733763  0.662813)
     H    7  Q=         1.0000 1e-30 m^2  Cq=         0.7899 MHz  eta= 0.36807

     C    8    Vxx=    0.1455    axis=( -0.911362 -0.197007  0.361397)
     C    8    Vyy=    0.3006    axis=( -0.106792 -0.734775 -0.669851)
     C    8    Vzz=   -0.4461    axis=( -0.397511  0.649071 -0.648607)
     C    8  Q=         1.0000 1e-30 m^2  Cq=        -1.0481 MHz  eta= 0.34776

     H    9    Vxx=   -0.0481    axis=( -0.518560 -0.262423  0.813775)
     H    9    Vyy=   -0.6025    axis=( -0.140363  0.964953  0.221731)
     H    9    Vzz=    0.6506    axis=( -0.843442  0.000757 -0.537220)
     H    9  Q=         1.0000 1e-30 m^2  Cq=         1.5287 MHz  eta= 0.85216

     C   10    Vxx=   -0.0679    axis=( -0.197576  0.030384  0.979817)
     C   10    Vyy=   -0.5945    axis=(  0.978742  0.062226  0.195430)
     C   10    Vzz=    0.6624    axis=( -0.055032  0.997599 -0.042032)
     C   10  Q=         1.0000 1e-30 m^2  Cq=         1.5564 MHz  eta= 0.79505

     C   11    Vxx=    0.0753    axis=( -0.698963  0.437183  0.565969)
     C   11    Vyy=    0.4744    axis=( -0.631433 -0.748825 -0.201380)
     C   11    Vzz=   -0.5497    axis=(  0.335772 -0.498128  0.799453)
     C   11  Q=         1.0000 1e-30 m^2  Cq=        -1.2916 MHz  eta= 0.72597

     Cl  12    Vxx=   -1.5310    axis=( -0.391218  0.529639  0.752616)
     Cl  12    Vyy=   -1.8333    axis=(  0.476469 -0.583092  0.658013)
     Cl  12    Vzz=    3.3642    axis=(  0.787353  0.616025 -0.024241)
     Cl  12  Q=        -8.1650 1e-30 m^2  Cq=       -64.5413 MHz  eta= 0.08987

     H   13    Vxx=   -0.0457    axis=( -0.216159 -0.380327  0.899237)
     H   13    Vyy=   -0.4885    axis=( -0.908423  0.415889 -0.042470)
     H   13    Vzz=    0.5343    axis=( -0.357830 -0.826068 -0.435396)
     H   13  Q=         1.0000 1e-30 m^2  Cq=         1.2553 MHz  eta= 0.82883

     C   14    Vxx=    0.0299    axis=( -0.225679 -0.411855  0.882861)
     C   14    Vyy=    0.8632    axis=( -0.768860  0.631830  0.098211)
     C   14    Vzz=   -0.8930    axis=( -0.598267 -0.656633 -0.459250)
     C   14  Q=         1.0000 1e-30 m^2  Cq=        -2.0983 MHz  eta= 0.93311

     H   15    Vxx=   -0.0297    axis=( -0.049560  0.895620 -0.442051)
     H   15    Vyy=   -0.7265    axis=( -0.444566  0.376551  0.812755)
     H   15    Vzz=    0.7561    axis=(  0.894374  0.236801  0.379500)
     H   15  Q=         1.0000 1e-30 m^2  Cq=         1.7766 MHz  eta= 0.92153

     C   16    Vxx=   -0.0690    axis=( -0.622510 -0.613592  0.485784)
     C   16    Vyy=   -0.5253    axis=( -0.766004  0.350510 -0.538870)
     C   16    Vzz=    0.5943    axis=(  0.160374 -0.707564 -0.688210)
     C   16  Q=         1.0000 1e-30 m^2  Cq=         1.3964 MHz  eta= 0.76769

     C   17    Vxx=    0.1771    axis=(  0.899812 -0.242992 -0.362345)
     C   17    Vyy=    0.5768    axis=( -0.382551 -0.040158 -0.923061)
     C   17    Vzz=   -0.7538    axis=(  0.209746  0.969197 -0.129091)
     C   17  Q=         1.0000 1e-30 m^2  Cq=        -1.7712 MHz  eta= 0.53023

     Cl  18    Vxx=   -0.0361    axis=(  0.835581 -0.544105  0.075855)
     Cl  18    Vyy=   -1.3902    axis=(  0.495554  0.686913 -0.531580)
     Cl  18    Vzz=    1.4263    axis=(  0.237129  0.481768  0.843605)
     Cl  18  Q=        -8.1650 1e-30 m^2  Cq=       -27.3630 MHz  eta= 0.94934

     H   19    Vxx=   -0.1251    axis=( -0.200274  0.422675  0.883876)
     H   19    Vyy=   -0.1387    axis=( -0.978605 -0.042893 -0.201227)
     H   19    Vzz=    0.2638    axis=( -0.047141 -0.905266  0.422222)
     H   19  Q=         1.0000 1e-30 m^2  Cq=         0.6199 MHz  eta= 0.05150

     C   20    Vxx=    0.1810    axis=( -0.281989  0.082506  0.955864)
     C   20    Vyy=    0.3364    axis=( -0.167482  0.976765 -0.133719)
     C   20    Vzz=   -0.5174    axis=( -0.944686 -0.197797 -0.261618)
     C   20  Q=         1.0000 1e-30 m^2  Cq=        -1.2157 MHz  eta= 0.30026

     H   21    Vxx=   -0.1141    axis=( -0.531921 -0.072564  0.843679)
     H   21    Vyy=   -0.3264    axis=(  0.338703  0.894920  0.290516)
     H   21    Vzz=    0.4405    axis=( -0.776106  0.440288 -0.451448)
     H   21  Q=         1.0000 1e-30 m^2  Cq=         1.0351 MHz  eta= 0.48202

     C   22    Vxx=   -0.0096    axis=( -0.962372 -0.248380  0.110218)
     C   22    Vyy=   -0.3547    axis=( -0.252626  0.668367 -0.699618)
     C   22    Vzz=    0.3644    axis=(  0.100105 -0.701137 -0.705965)
     C   22  Q=         1.0000 1e-30 m^2  Cq=         0.8561 MHz  eta= 0.94720

     C   23    Vxx=    0.0396    axis=( -0.489952  0.056446  0.869920)
     C   23    Vyy=    0.2434    axis=( -0.200292 -0.978494 -0.049316)
     C   23    Vzz=   -0.2831    axis=(  0.848428 -0.198401  0.490721)
     C   23  Q=         1.0000 1e-30 m^2  Cq=        -0.6651 MHz  eta= 0.72002

     Cl  24    Vxx=   -1.5731    axis=( -0.535232  0.506438  0.676053)
     Cl  24    Vyy=   -2.6454    axis=(  0.433667 -0.522069  0.734422)
     Cl  24    Vzz=    4.2186    axis=(  0.724886  0.686268  0.059803)
     Cl  24  Q=        -8.1650 1e-30 m^2  Cq=       -80.9313 MHz  eta= 0.25419

     Initialization:
     gipaw_setup  :      8.89s CPU     11.10s WALL (       1 calls)

     Linear response

     Apply operators

     Induced current

     Other routines
     efg          :      9.27s CPU     11.92s WALL (       1 calls)

     General routines
     calbec       :      3.22s CPU      4.33s WALL (      16 calls)
     fft          :      1.41s CPU      1.78s WALL (      15 calls)
     ffts         :      0.04s CPU      0.05s WALL (       2 calls)
     fftw         :      3.26s CPU      4.18s WALL (     672 calls)
     davcio       :      0.02s CPU      0.33s WALL (      32 calls)

     Parallel routines
     fft_scatter  :      2.10s CPU      3.17s WALL (     689 calls)

     Plugins

     GIPAW        :     62.51s CPU     75.76s WALL (       1 calls)
