
     Program QE v.6.0 (svn rev. 13079) starts on 14Jan2017 at  8:45: 2 

     This program is part of the open-source Quantum ESPRESSO suite
     for quantum simulation of materials; please cite
         "P. Giannozzi et al., J. Phys.:Condens. Matter 21 395502 (2009);
          URL http://www.quantum-espresso.org", 
     in publications or presentations arising from this work. More details at
     http://www.quantum-espresso.org/quote

     Parallel version (MPI), running on     8 processors
     R & G space division:  proc/nbgrp/npool/nimage =       8

     ***** This is GIPAW svn revision unknown      *****

     Parallelizing q-star over 1 images

     Reading data from directory:
     /users/majewski/paradichlorobenzene/pbe/9_constraint/scratch/pbe.ecut100.np8.dt60.pcl2phi-129368.save
     Message from routine read_xml_file:
     file /users/majewski/paradichlorobenzene/pbe/9_constraint/scratch/pbe.ecut100.np8.dt60.pcl2phi-129368.save not guaranteed to be safe for post-processing

   Info: using nr1, nr2, nr3 values from input

   Info: using nr1, nr2, nr3 values from input

     IMPORTANT: XC functional enforced from input :
     Exchange-correlation      =  SLA  PW   PBX  PBC ( 1  4  3  4 0 0)
     Any further DFT definition will be discarded
     Please, verify this is what you really want

               file C.pbe-n-kjpaw_psl.1.0.0.UPF: wavefunction(s)  2S 2P renormalized
               file Cl.pbe-n-kjpaw_psl.1.0.0.UPF: wavefunction(s)  3S 3P renormalized
               file H.pbe-kjpaw_psl.1.0.0.UPF: wavefunction(s)  1S renormalized

     Parallelization info
     --------------------
     sticks:   dense  smooth     PW     G-vecs:    dense   smooth      PW
     Min        3057    1223    332               144436    36536    5170
     Max        3059    1225    333               144437    36537    5171
     Sum       24467    9791   2657              1155489   292295   41363


     Subspace diagonalization in iterative solution of the eigenvalue problem:
     a serial algorithm will be used

     GIPAW projectors -----------------------------------------------
     atom=  C    l=0  rc=    1.2000  rs=    0.8000
     atom=  C    l=0  rc=    1.2000  rs=    0.8000
     atom=  C    l=1  rc=    1.4000  rs=    0.9333
     atom=  C    l=1  rc=    1.4000  rs=    0.9333
     projs nearly linearly dependent: l=1  n1,n2= 1, 2  s=  0.99951561

     atom=  Cl   l=0  rc=    1.6000  rs=    1.0667
     atom=  Cl   l=0  rc=    1.6000  rs=    1.0667
     atom=  Cl   l=1  rc=    1.6000  rs=    1.0667
     atom=  Cl   l=1  rc=    1.6000  rs=    1.0667
     atom=  Cl   l=2  rc=    1.6000  rs=    1.0667
     atom=  Cl   l=2  rc=    1.6000  rs=    1.0667
     projs nearly linearly dependent: l=2  n1,n2= 1, 2  s=  0.99993509

     atom=  H    l=0  rc=    1.0000  rs=    0.6667
     atom=  H    l=0  rc=    1.0000  rs=    0.6667
     projs nearly linearly dependent: l=0  n1,n2= 1, 2  s=  0.99968852
     -----------------------------------------------------------------

     GIPAW integrals: -------------------------------------------
     Atom  i/j   nmr_para   nmr_dia   epr_rmc  epr_para   epr_dia
       C   1 1   0.83E+03  0.17E-01  0.93E+01  0.24E+08  0.24E+03
       C   2 1   0.86E+03 -0.61E-01  0.94E+01  0.25E+08  0.25E+03
       C   2 2   0.90E+03 -0.15E+00  0.97E+01  0.26E+08  0.26E+03
       C   3 3   0.33E+01  0.34E+00  0.18E+01  0.55E+03  0.21E+02
       C   4 3   0.35E+01  0.37E+00  0.20E+01  0.59E+03  0.22E+02
       C   4 4   0.38E+01  0.39E+00  0.22E+01  0.63E+03  0.24E+02
       Cl  1 1   0.14E+04 -0.47E+00  0.84E+01  0.32E+09  0.42E+03
       Cl  2 1   0.21E+04 -0.37E+00  0.12E+02  0.49E+09  0.65E+03
       Cl  2 2   0.33E+04 -0.16E+00  0.21E+02  0.76E+09  0.10E+04
       Cl  3 3   0.21E+02  0.79E-01  0.89E+01  0.23E+05  0.13E+03
       Cl  4 3   0.24E+02  0.67E-01  0.99E+01  0.27E+05  0.15E+03
       Cl  4 4   0.28E+02  0.44E-01  0.11E+02  0.32E+05  0.18E+03
       Cl  5 5   0.77E+00  0.19E+00  0.18E+01  0.12E+03  0.22E+02
       Cl  6 5   0.80E+00  0.19E+00  0.19E+01  0.12E+03  0.23E+02
       Cl  6 6   0.83E+00  0.20E+00  0.19E+01  0.12E+03  0.23E+02
       H   1 1   0.39E+02  0.19E+00  0.29E+00  0.78E+05  0.13E+02
       H   2 1   0.41E+02  0.21E+00  0.32E+00  0.82E+05  0.14E+02
       H   2 2   0.43E+02  0.22E+00  0.36E+00  0.86E+05  0.15E+02
     ------------------------------------------------------------

     alpha_pv=     33.9814 eV

     Number of occupied bands for each k-point:
     k-point:     1    nbnd_occ=  42
     k-point:     2    nbnd_occ=  42
     k-point:     3    nbnd_occ=  42
     k-point:     4    nbnd_occ=  42
     k-point:     5    nbnd_occ=  42
     k-point:     6    nbnd_occ=  42
     k-point:     7    nbnd_occ=  42
     k-point:     8    nbnd_occ=  42
     k-point:     9    nbnd_occ=  42
     k-point:    10    nbnd_occ=  42
     k-point:    11    nbnd_occ=  42
     k-point:    12    nbnd_occ=  42
     k-point:    13    nbnd_occ=  42
     k-point:    14    nbnd_occ=  42
     k-point:    15    nbnd_occ=  42
     k-point:    16    nbnd_occ=  42


     q-space interpolation up to   110.00 Rydberg

     GIPAW job: efg                                                                             


     ELECTRIC FIELD GRADIENTS TENSORS IN Hartree/bohrradius^2:

     ----- bare term -----
     Cl   1       -0.131751        0.028676       -0.054476
     Cl   1        0.028676       -0.101786       -0.059843
     Cl   1       -0.054476       -0.059843        0.233538

     C    2       -0.101504        0.040980       -0.375713
     C    2        0.040980       -0.341336       -0.496275
     C    2       -0.375713       -0.496275        0.442840

     C    3       -0.005469        0.496201       -0.152865
     C    3        0.496201       -0.387883       -0.436524
     C    3       -0.152865       -0.436524        0.393352

     H    4       -0.393276       -0.227200       -0.508686
     H    4       -0.227200        0.286562       -0.262703
     H    4       -0.508686       -0.262703        0.106713

     C    5       -0.245890       -0.059779       -0.407514
     C    5       -0.059779       -0.034745       -0.435488
     C    5       -0.407514       -0.435488        0.280635

     H    6        0.219867        0.272138       -0.229515
     H    6        0.272138       -0.531659       -0.124511
     H    6       -0.229515       -0.124511        0.311792

     H    7        0.509886        0.026884       -0.020745
     H    7        0.026884       -0.068091        0.380776
     H    7       -0.020745        0.380776       -0.441795

     C    8       -0.332840       -0.203814       -0.441040
     C    8       -0.203814       -0.052884        0.423374
     C    8       -0.441040        0.423374        0.385724

     H    9        0.161843        0.042059       -0.339891
     H    9        0.042059        0.225349       -0.275193
     H    9       -0.339891       -0.275193       -0.387193

     C   10       -0.024797       -0.471367       -0.214716
     C   10       -0.471367       -0.248977        0.579870
     C   10       -0.214716        0.579870        0.273774

     C   11       -0.232593        0.024889       -0.387432
     C   11        0.024889       -0.044700        0.454797
     C   11       -0.387432        0.454797        0.277292

     Cl  12       -0.047707       -0.044172       -0.018055
     Cl  12       -0.044172        0.011131        0.012388
     Cl  12       -0.018055        0.012388        0.036576

     H   13        0.297545        0.105063        0.038132
     H   13        0.105063       -0.452779       -0.507131
     H   13        0.038132       -0.507131        0.155234

     C   14       -0.282877        0.007454       -0.400569
     C   14        0.007454       -0.050791       -0.467479
     C   14       -0.400569       -0.467479        0.333668

     H   15       -0.023020       -0.147838       -0.415515
     H   15       -0.147838        0.445978       -0.275659
     H   15       -0.415515       -0.275659       -0.422957

     C   16       -0.451637        0.335729       -0.355503
     C   16        0.335729       -0.082873       -0.241606
     C   16       -0.355503       -0.241606        0.534510

     C   17       -0.051934        0.162570       -0.178527
     C   17        0.162570       -0.388747       -0.449960
     C   17       -0.178527       -0.449960        0.440681

     Cl  18       -0.065934        0.087644       -0.023413
     Cl  18        0.087644       -0.013107        0.005846
     Cl  18       -0.023413        0.005846        0.079041

     H   19        0.436686        0.065488       -0.103615
     H   19        0.065488       -0.187954        0.538921
     H   19       -0.103615        0.538921       -0.248733

     C   20       -0.295989       -0.293697       -0.195077
     C   20       -0.293697       -0.244859        0.427120
     C   20       -0.195077        0.427120        0.540848

     H   21       -0.065816        0.069863       -0.566088
     H   21        0.069863        0.412097       -0.021399
     H   21       -0.566088       -0.021399       -0.346281

     C   22       -0.190271       -0.001940       -0.239130
     C   22       -0.001940       -0.115979        0.643782
     C   22       -0.239130        0.643782        0.306251

     C   23       -0.214115       -0.145210       -0.345196
     C   23       -0.145210       -0.173405        0.510744
     C   23       -0.345196        0.510744        0.387520

     Cl  24       -0.030177       -0.060058       -0.076868
     Cl  24       -0.060058       -0.009118        0.060572
     Cl  24       -0.076868        0.060572        0.039296

     ----- ionic term -----
     Cl   1        0.137970       -0.208164        0.057876
     Cl   1       -0.208164        0.006833       -0.028215
     Cl   1        0.057876       -0.028215       -0.144803

     C    2        0.069140       -0.190790        0.333336
     C    2       -0.190790        0.232055        0.407973
     C    2        0.333336        0.407973       -0.301195

     C    3        0.103155       -0.263395        0.209876
     C    3       -0.263395        0.293711        0.380739
     C    3        0.209876        0.380739       -0.396866

     H    4        0.597401        0.367182        0.658488
     H    4        0.367182       -0.358302        0.275008
     H    4        0.658488        0.275008       -0.239100

     C    5        0.213262       -0.183638        0.329783
     C    5       -0.183638        0.126876        0.268361
     C    5        0.329783        0.268361       -0.340138

     H    6       -0.517314       -0.009726        0.016343
     H    6       -0.009726        0.894622        0.511449
     H    6        0.016343        0.511449       -0.377308

     H    7       -0.520025       -0.104950        0.119892
     H    7       -0.104950        0.412580       -0.782001
     H    7        0.119892       -0.782001        0.107445

     C    8        0.162631        0.232263        0.336546
     C    8        0.232263       -0.010368       -0.292926
     C    8        0.336546       -0.292926       -0.152262

     H    9        0.207554        0.034463        0.818035
     H    9        0.034463       -0.547464       -0.052883
     H    9        0.818035       -0.052883        0.339911

     C   10       -0.003232        0.353518        0.218744
     C   10        0.353518        0.089055       -0.372624
     C   10        0.218744       -0.372624       -0.085823

     C   11        0.181658        0.204950        0.305623
     C   11        0.204950       -0.030511       -0.436129
     C   11        0.305623       -0.436129       -0.151147

     Cl  12        0.151485        0.212380        0.010935
     Cl  12        0.212380       -0.013258        0.001114
     Cl  12        0.010935        0.001114       -0.138227

     H   13       -0.525702        0.016552        0.019973
     H   13        0.016552        0.617996        0.714039
     H   13        0.019973        0.714039       -0.092295

     C   14        0.198246       -0.173682        0.362203
     C   14       -0.173682        0.049973        0.293954
     C   14        0.362203        0.293954       -0.248219

     H   15        0.413649        0.257162        0.780644
     H   15        0.257162       -0.430751        0.271861
     H   15        0.780644        0.271861        0.017102

     C   16        0.095383       -0.269446        0.263007
     C   16       -0.269446        0.178048        0.349530
     C   16        0.263007        0.349530       -0.273431

     C   17        0.119796       -0.186696        0.368623
     C   17       -0.186696        0.152108        0.377522
     C   17        0.368623        0.377522       -0.271904

     Cl  18        0.123579       -0.219099        0.081960
     Cl  18       -0.219099        0.016769       -0.045667
     Cl  18        0.081960       -0.045667       -0.140348

     H   19       -0.522081       -0.093549        0.066197
     H   19       -0.093549        0.619273       -0.726460
     H   19        0.066197       -0.726460       -0.097192

     C   20        0.197834        0.141655        0.312457
     C   20        0.141655        0.020155       -0.309701
     C   20        0.312457       -0.309701       -0.217989

     H   21        0.423779       -0.306968        0.788610
     H   21       -0.306968       -0.448453       -0.311289
     H   21        0.788610       -0.311289        0.024675

     C   22        0.029682        0.170311        0.232805
     C   22        0.170311        0.167355       -0.438492
     C   22        0.232805       -0.438492       -0.197038

     C   23        0.108234        0.239692        0.327853
     C   23        0.239692        0.090087       -0.418352
     C   23        0.327853       -0.418352       -0.198321

     Cl  24        0.120082        0.240434        0.005288
     Cl  24        0.240434        0.029499       -0.004551
     Cl  24        0.005288       -0.004551       -0.149581

     ----- GIPAW term -----
     Cl   1       -0.488778       -1.686848       -0.331266
     Cl   1       -1.686848       -1.172570       -0.992947
     Cl   1       -0.331266       -0.992947        1.661348

     C    2       -0.007410       -0.113012       -0.098657
     C    2       -0.113012       -0.124484       -0.081974
     C    2       -0.098657       -0.081974        0.131894

     C    3        0.133702        0.079765       -0.043345
     C    3        0.079765       -0.126679       -0.051911
     C    3       -0.043345       -0.051911       -0.007023

     H    4       -0.000000        0.000000        0.000000
     H    4        0.000000        0.000000        0.000000
     H    4        0.000000        0.000000        0.000000

     C    5        0.109540       -0.066395        0.011360
     C    5       -0.066395       -0.086970       -0.090584
     C    5        0.011360       -0.090584       -0.022570

     H    6       -0.000000        0.000000        0.000000
     H    6        0.000000        0.000000        0.000000
     H    6        0.000000        0.000000        0.000000

     H    7       -0.000000        0.000000        0.000000
     H    7        0.000000        0.000000        0.000000
     H    7        0.000000        0.000000        0.000000

     C    8       -0.021543       -0.056660       -0.136975
     C    8       -0.056660       -0.062164        0.114951
     C    8       -0.136975        0.114951        0.083707

     H    9       -0.000000        0.000000        0.000000
     H    9        0.000000        0.000000        0.000000
     H    9        0.000000        0.000000        0.000000

     C   10       -0.010693       -0.176537       -0.107986
     C   10       -0.176537        0.011895        0.172974
     C   10       -0.107986        0.172974       -0.001202

     C   11        0.058514        0.121418       -0.026345
     C   11        0.121418       -0.016842        0.046623
     C   11       -0.026345        0.046623       -0.041672

     Cl  12        1.238782        2.203570       -0.159691
     Cl  12        2.203570        0.202509        0.084078
     Cl  12       -0.159691        0.084078       -1.441291

     H   13       -0.000000        0.000000        0.000000
     H   13        0.000000        0.000000        0.000000
     H   13        0.000000        0.000000        0.000000

     C   14        0.010450       -0.064022       -0.047990
     C   14       -0.064022       -0.025828       -0.113462
     C   14       -0.047990       -0.113462        0.015378

     H   15       -0.000000        0.000000        0.000000
     H   15        0.000000        0.000000        0.000000
     H   15        0.000000        0.000000        0.000000

     C   16       -0.155675        0.017952       -0.132891
     C   16        0.017952       -0.026374        0.047315
     C   16       -0.132891        0.047315        0.182049

     C   17        0.019333       -0.069540        0.039614
     C   17       -0.069540       -0.113545        0.004536
     C   17        0.039614        0.004536        0.094213

     Cl  18       -0.856091       -1.187259       -0.182213
     Cl  18       -1.187259       -1.436387       -0.255877
     Cl  18       -0.182213       -0.255877        2.292478

     H   19       -0.000000        0.000000        0.000000
     H   19        0.000000        0.000000        0.000000
     H   19        0.000000        0.000000        0.000000

     C   20       -0.083961       -0.045410        0.000759
     C   20       -0.045410       -0.138865        0.105562
     C   20        0.000759        0.105562        0.222825

     H   21       -0.000000        0.000000        0.000000
     H   21        0.000000        0.000000        0.000000
     H   21        0.000000        0.000000        0.000000

     C   22       -0.118486        0.093541        0.007621
     C   22        0.093541        0.032603        0.229887
     C   22        0.007621        0.229887        0.085883

     C   23       -0.007743        0.097798       -0.061197
     C   23        0.097798       -0.022936        0.142055
     C   23       -0.061197        0.142055        0.030679

     Cl  24        1.211151        1.854605       -0.573845
     Cl  24        1.854605        0.082759        0.507672
     Cl  24       -0.573845        0.507672       -1.293911

     ----- total EFG -----
     Cl   1       -0.482560       -1.866336       -0.327867
     Cl   1       -1.866336       -1.267523       -1.081005
     Cl   1       -0.327867       -1.081005        1.750083

     C    2       -0.039774       -0.262823       -0.141035
     C    2       -0.262823       -0.233765       -0.170276
     C    2       -0.141035       -0.170276        0.273539

     C    3        0.231387        0.312570        0.013666
     C    3        0.312570       -0.220851       -0.107696
     C    3        0.013666       -0.107696       -0.010537

     H    4        0.204126        0.139982        0.149802
     H    4        0.139982       -0.071740        0.012305
     H    4        0.149802        0.012305       -0.132386

     C    5        0.076912       -0.309812       -0.066370
     C    5       -0.309812        0.005160       -0.257712
     C    5       -0.066370       -0.257712       -0.082073

     H    6       -0.297447        0.262411       -0.213172
     H    6        0.262411        0.362963        0.386939
     H    6       -0.213172        0.386939       -0.065516

     H    7       -0.010139       -0.078066        0.099147
     H    7       -0.078066        0.344489       -0.401225
     H    7        0.099147       -0.401225       -0.334350

     C    8       -0.191752       -0.028211       -0.241469
     C    8       -0.028211       -0.125416        0.245399
     C    8       -0.241469        0.245399        0.317169

     H    9        0.369397        0.076522        0.478145
     H    9        0.076522       -0.322115       -0.328075
     H    9        0.478145       -0.328075       -0.047282

     C   10       -0.038721       -0.294385       -0.103958
     C   10       -0.294385       -0.148027        0.380220
     C   10       -0.103958        0.380220        0.186748

     C   11        0.007579        0.351257       -0.108155
     C   11        0.351257       -0.092052        0.065291
     C   11       -0.108155        0.065291        0.084473

     Cl  12        1.342560        2.371779       -0.166811
     Cl  12        2.371779        0.200382        0.097580
     Cl  12       -0.166811        0.097580       -1.542942

     H   13       -0.228156        0.121615        0.058105
     H   13        0.121615        0.165218        0.206908
     H   13        0.058105        0.206908        0.062939

     C   14       -0.074181       -0.230250       -0.086356
     C   14       -0.230250       -0.026646       -0.286987
     C   14       -0.086356       -0.286987        0.100827

     H   15        0.390629        0.109324        0.365129
     H   15        0.109324        0.015226       -0.003798
     H   15        0.365129       -0.003798       -0.405855

     C   16       -0.511930        0.084235       -0.225387
     C   16        0.084235        0.068802        0.155238
     C   16       -0.225387        0.155238        0.443128

     C   17        0.087195       -0.093666        0.229710
     C   17       -0.093666       -0.350184       -0.067902
     C   17        0.229710       -0.067902        0.262989

     Cl  18       -0.798446       -1.318714       -0.123665
     Cl  18       -1.318714       -1.432725       -0.295698
     Cl  18       -0.123665       -0.295698        2.231171

     H   19       -0.085395       -0.028062       -0.037417
     H   19       -0.028062        0.431319       -0.187539
     H   19       -0.037417       -0.187539       -0.345925

     C   20       -0.182116       -0.197452        0.118139
     C   20       -0.197452       -0.363568        0.222980
     C   20        0.118139        0.222980        0.545684

     H   21        0.357963       -0.237105        0.222522
     H   21       -0.237105       -0.036356       -0.332688
     H   21        0.222522       -0.332688       -0.321606

     C   22       -0.279075        0.261912        0.001296
     C   22        0.261912        0.083979        0.435178
     C   22        0.001296        0.435178        0.195096

     C   23       -0.113624        0.192280       -0.078539
     C   23        0.192280       -0.106254        0.234447
     C   23       -0.078539        0.234447        0.219878

     Cl  24        1.301056        2.034980       -0.645425
     Cl  24        2.034980        0.103140        0.563692
     Cl  24       -0.645425        0.563692       -1.404196

     ----- total EFG (symmetrized) -----
     Cl   1       -0.482560       -1.866336       -0.327867
     Cl   1       -1.866336       -1.267523       -1.081005
     Cl   1       -0.327867       -1.081005        1.750083

     C    2       -0.039774       -0.262823       -0.141035
     C    2       -0.262823       -0.233765       -0.170276
     C    2       -0.141035       -0.170276        0.273539

     C    3        0.231387        0.312570        0.013666
     C    3        0.312570       -0.220851       -0.107696
     C    3        0.013666       -0.107696       -0.010537

     H    4        0.204126        0.139982        0.149802
     H    4        0.139982       -0.071740        0.012305
     H    4        0.149802        0.012305       -0.132386

     C    5        0.076912       -0.309812       -0.066370
     C    5       -0.309812        0.005160       -0.257712
     C    5       -0.066370       -0.257712       -0.082073

     H    6       -0.297447        0.262411       -0.213172
     H    6        0.262411        0.362963        0.386939
     H    6       -0.213172        0.386939       -0.065516

     H    7       -0.010139       -0.078066        0.099147
     H    7       -0.078066        0.344489       -0.401225
     H    7        0.099147       -0.401225       -0.334350

     C    8       -0.191752       -0.028211       -0.241469
     C    8       -0.028211       -0.125416        0.245399
     C    8       -0.241469        0.245399        0.317169

     H    9        0.369397        0.076522        0.478145
     H    9        0.076522       -0.322115       -0.328075
     H    9        0.478145       -0.328075       -0.047282

     C   10       -0.038721       -0.294385       -0.103958
     C   10       -0.294385       -0.148027        0.380220
     C   10       -0.103958        0.380220        0.186748

     C   11        0.007579        0.351257       -0.108155
     C   11        0.351257       -0.092052        0.065291
     C   11       -0.108155        0.065291        0.084473

     Cl  12        1.342560        2.371779       -0.166811
     Cl  12        2.371779        0.200382        0.097580
     Cl  12       -0.166811        0.097580       -1.542942

     H   13       -0.228156        0.121615        0.058105
     H   13        0.121615        0.165218        0.206908
     H   13        0.058105        0.206908        0.062939

     C   14       -0.074181       -0.230250       -0.086356
     C   14       -0.230250       -0.026646       -0.286987
     C   14       -0.086356       -0.286987        0.100827

     H   15        0.390629        0.109324        0.365129
     H   15        0.109324        0.015226       -0.003798
     H   15        0.365129       -0.003798       -0.405855

     C   16       -0.511930        0.084235       -0.225387
     C   16        0.084235        0.068802        0.155238
     C   16       -0.225387        0.155238        0.443128

     C   17        0.087195       -0.093666        0.229710
     C   17       -0.093666       -0.350184       -0.067902
     C   17        0.229710       -0.067902        0.262989

     Cl  18       -0.798446       -1.318714       -0.123665
     Cl  18       -1.318714       -1.432725       -0.295698
     Cl  18       -0.123665       -0.295698        2.231171

     H   19       -0.085395       -0.028062       -0.037417
     H   19       -0.028062        0.431319       -0.187539
     H   19       -0.037417       -0.187539       -0.345925

     C   20       -0.182116       -0.197452        0.118139
     C   20       -0.197452       -0.363568        0.222980
     C   20        0.118139        0.222980        0.545684

     H   21        0.357963       -0.237105        0.222522
     H   21       -0.237105       -0.036356       -0.332688
     H   21        0.222522       -0.332688       -0.321606

     C   22       -0.279075        0.261912        0.001296
     C   22        0.261912        0.083979        0.435178
     C   22        0.001296        0.435178        0.195096

     C   23       -0.113624        0.192280       -0.078539
     C   23        0.192280       -0.106254        0.234447
     C   23       -0.078539        0.234447        0.219878

     Cl  24        1.301056        2.034980       -0.645425
     Cl  24        2.034980        0.103140        0.563692
     Cl  24       -0.645425        0.563692       -1.404196


     NQR/NMR SPECTROSCOPIC PARAMETERS:
     Cl   1    Vxx=    0.8768    axis=(  0.787496 -0.513803 -0.340377)
     Cl   1    Vyy=    2.1372    axis=( -0.151700  0.373692 -0.915064)
     Cl   1    Vzz=   -3.0140    axis=(  0.597358  0.772244  0.216337)
     Cl   1  Q=        -8.1650 1e-30 m^2  Cq=        57.8227 MHz  eta= 0.41816

     C    2    Vxx=    0.1418    axis=(  0.798256 -0.596483  0.083636)
     C    2    Vyy=    0.3394    axis=(  0.232714  0.177356 -0.956237)
     C    2    Vzz=   -0.4813    axis=(  0.555546  0.782785  0.280385)
     C    2  Q=         1.0000 1e-30 m^2  Cq=        -1.1308 MHz  eta= 0.41058

     C    3    Vxx=    0.0124    axis=(  0.197375 -0.180394  0.963588)
     C    3    Vyy=    0.3945    axis=( -0.880952 -0.463855  0.093609)
     C    3    Vzz=   -0.4069    axis=(  0.430079 -0.867350 -0.250472)
     C    3  Q=         1.0000 1e-30 m^2  Cq=        -0.9561 MHz  eta= 0.93894

     H    4    Vxx=   -0.1045    axis=(  0.159980 -0.863853  0.477666)
     H    4    Vyy=   -0.2050    axis=(  0.429154 -0.374908 -0.821749)
     H    4    Vzz=    0.3095    axis=(  0.888951  0.336456  0.310748)
     H    4  Q=         1.0000 1e-30 m^2  Cq=         0.7271 MHz  eta= 0.32487

     C    5    Vxx=    0.0461    axis=( -0.605629 -0.223819  0.763622)
     C    5    Vyy=    0.3911    axis=(  0.637701 -0.710512  0.297508)
     C    5    Vzz=   -0.4372    axis=(  0.475975  0.667142  0.573036)
     C    5  Q=         1.0000 1e-30 m^2  Cq=        -1.0273 MHz  eta= 0.78912

     H    6    Vxx=    0.0097    axis=(  0.684764  0.243666 -0.686822)
     H    6    Vyy=    0.6085    axis=( -0.146490 -0.877188 -0.457254)
     H    6    Vzz=   -0.6182    axis=( -0.713890  0.413724 -0.564973)
     H    6  Q=         1.0000 1e-30 m^2  Cq=        -1.4526 MHz  eta= 0.96848

     H    7    Vxx=   -0.0263    axis=(  0.973961  0.225897  0.019250)
     H    7    Vyy=   -0.5269    axis=( -0.112372  0.407257  0.906374)
     H    7    Vzz=    0.5532    axis=(  0.196907 -0.884937  0.422036)
     H    7  Q=         1.0000 1e-30 m^2  Cq=         1.2998 MHz  eta= 0.90497

     C    8    Vxx=   -0.1816    axis=(  0.576380  0.808506 -0.118756)
     C    8    Vyy=   -0.3229    axis=( -0.752340  0.468281 -0.463354)
     C    8    Vzz=    0.5045    axis=( -0.319014  0.356413  0.878180)
     C    8  Q=         1.0000 1e-30 m^2  Cq=         1.1853 MHz  eta= 0.28016

     H    9    Vxx=   -0.0341    axis=( -0.475223 -0.713241  0.515219)
     H    9    Vyy=   -0.6630    axis=(  0.345733 -0.689836 -0.636078)
     H    9    Vzz=    0.6971    axis=(  0.809093 -0.124151  0.574417)
     H    9  Q=         1.0000 1e-30 m^2  Cq=         1.6379 MHz  eta= 0.90205

     C   10    Vxx=   -0.0573    axis=( -0.798706  0.154866 -0.581451)
     C   10    Vyy=   -0.4897    axis=( -0.439456 -0.810212  0.387860)
     C   10    Vzz=    0.5470    axis=( -0.411033  0.565308  0.715177)
     C   10  Q=         1.0000 1e-30 m^2  Cq=         1.2853 MHz  eta= 0.79043

     C   11    Vxx=    0.1059    axis=( -0.014039  0.290654  0.956725)
     C   11    Vyy=    0.3196    axis=( -0.762300 -0.622303  0.177870)
     C   11    Vzz=   -0.4255    axis=(  0.647072 -0.726814  0.230302)
     C   11  Q=         1.0000 1e-30 m^2  Cq=        -0.9997 MHz  eta= 0.50221

     Cl  12    Vxx=   -1.4158    axis=(  0.349439 -0.463656 -0.814196)
     Cl  12    Vyy=   -1.7963    axis=(  0.510342 -0.634577  0.580399)
     Cl  12    Vzz=    3.2121    axis=( -0.785776 -0.618332  0.014877)
     Cl  12  Q=        -8.1650 1e-30 m^2  Cq=       -61.6223 MHz  eta= 0.11847

     H   13    Vxx=   -0.0942    axis=( -0.164422 -0.566828  0.807262)
     H   13    Vyy=   -0.2627    axis=( -0.961528  0.274690 -0.002966)
     H   13    Vzz=    0.3569    axis=( -0.220065 -0.776693 -0.590186)
     H   13  Q=         1.0000 1e-30 m^2  Cq=         0.8386 MHz  eta= 0.47224

     C   14    Vxx=    0.0702    axis=( -0.791358  0.295326  0.535290)
     C   14    Vyy=    0.3488    axis=( -0.223811  0.674848 -0.703199)
     C   14    Vzz=   -0.4189    axis=( -0.568913 -0.676286 -0.467949)
     C   14  Q=         1.0000 1e-30 m^2  Cq=        -0.9843 MHz  eta= 0.66505

     H   15    Vxx=   -0.0003    axis=( -0.144171  0.979744 -0.138982)
     H   15    Vyy=   -0.5513    axis=(  0.368153 -0.077262 -0.926549)
     H   15    Vzz=    0.5516    axis=( -0.918519 -0.184748 -0.349557)
     H   15  Q=         1.0000 1e-30 m^2  Cq=         1.2960 MHz  eta= 0.99883

     C   16    Vxx=    0.0508    axis=(  0.236074  0.942327 -0.237253)
     C   16    Vyy=    0.5328    axis=(  0.180481 -0.282426 -0.942158)
     C   16    Vzz=   -0.5837    axis=( -0.954828  0.179600 -0.236745)
     C   16  Q=         1.0000 1e-30 m^2  Cq=        -1.3714 MHz  eta= 0.82586

     C   17    Vxx=   -0.0660    axis=( -0.801339  0.124310  0.585152)
     C   17    Vyy=   -0.3702    axis=( -0.181340 -0.982623 -0.039588)
     C   17    Vzz=    0.4362    axis=(  0.570063 -0.137835  0.809956)
     C   17  Q=         1.0000 1e-30 m^2  Cq=         1.0249 MHz  eta= 0.69734

     Cl  18    Vxx=    0.2371    axis=(  0.787709 -0.614594 -0.042286)
     Cl  18    Vyy=    2.2550    axis=(  0.006922  0.077466 -0.996971)
     Cl  18    Vzz=   -2.4921    axis=(  0.616008  0.785031  0.065275)
     Cl  18  Q=        -8.1650 1e-30 m^2  Cq=        47.8096 MHz  eta= 0.80972

     H   19    Vxx=   -0.0801    axis=(  0.989982  0.002554 -0.141168)
     H   19    Vyy=   -0.3947    axis=( -0.137024 -0.223736 -0.964970)
     H   19    Vzz=    0.4749    axis=( -0.034049  0.974646 -0.221145)
     H   19  Q=         1.0000 1e-30 m^2  Cq=         1.1157 MHz  eta= 0.66250

     C   20    Vxx=   -0.0561    axis=(  0.850169 -0.525770  0.027913)
     C   20    Vyy=   -0.5480    axis=(  0.517894  0.825529 -0.224249)
     C   20    Vzz=    0.6041    axis=(  0.094860  0.205105  0.974132)
     C   20  Q=         1.0000 1e-30 m^2  Cq=         1.4195 MHz  eta= 0.81419

     H   21    Vxx=   -0.0594    axis=(  0.601788  0.702290 -0.380314)
     H   21    Vyy=   -0.5450    axis=( -0.072311  0.522149  0.849783)
     H   21    Vzz=    0.6043    axis=(  0.795375 -0.483889  0.365006)
     H   21  Q=         1.0000 1e-30 m^2  Cq=         1.4199 MHz  eta= 0.80352

     C   22    Vxx=   -0.1149    axis=( -0.675559 -0.426441  0.601471)
     C   22    Vyy=   -0.4989    axis=( -0.709606  0.597552 -0.373351)
     C   22    Vzz=    0.6138    axis=( -0.200198 -0.679028 -0.706287)
     C   22  Q=         1.0000 1e-30 m^2  Cq=         1.4423 MHz  eta= 0.62564

     C   23    Vxx=    0.0427    axis=(  0.794392  0.512525 -0.325975)
     C   23    Vyy=    0.3434    axis=(  0.050793  0.478736  0.876489)
     C   23    Vzz=   -0.3860    axis=(  0.605279 -0.712832  0.354271)
     C   23  Q=         1.0000 1e-30 m^2  Cq=        -0.9070 MHz  eta= 0.77899

     Cl  24    Vxx=   -0.5784    axis=( -0.392725  0.587200  0.707788)
     Cl  24    Vyy=   -2.2529    axis=(  0.444458 -0.552588  0.705055)
     Cl  24    Vzz=    2.8313    axis=( -0.805124 -0.591475  0.043971)
     Cl  24  Q=        -8.1650 1e-30 m^2  Cq=       -54.3167 MHz  eta= 0.59141

     Initialization:
     gipaw_setup  :      9.08s CPU     10.84s WALL (       1 calls)

     Linear response

     Apply operators

     Induced current

     Other routines
     efg          :      9.36s CPU     12.52s WALL (       1 calls)

     General routines
     calbec       :      3.45s CPU      4.92s WALL (      16 calls)
     fft          :      1.58s CPU      2.34s WALL (      15 calls)
     ffts         :      0.04s CPU      0.04s WALL (       2 calls)
     fftw         :      3.21s CPU      4.21s WALL (     672 calls)
     davcio       :      0.02s CPU      0.30s WALL (      32 calls)

     Parallel routines
     fft_scatter  :      2.33s CPU      3.84s WALL (     689 calls)

     Plugins

     GIPAW        :     61.66s CPU     73.24s WALL (       1 calls)
