
     Program QE v.6.0 (svn rev. 13079) starts on 23Jan2017 at 10: 8:26 

     This program is part of the open-source Quantum ESPRESSO suite
     for quantum simulation of materials; please cite
         "P. Giannozzi et al., J. Phys.:Condens. Matter 21 395502 (2009);
          URL http://www.quantum-espresso.org", 
     in publications or presentations arising from this work. More details at
     http://www.quantum-espresso.org/quote

     Parallel version (MPI), running on     8 processors
     R & G space division:  proc/nbgrp/npool/nimage =       8

     ***** This is GIPAW svn revision unknown      *****

     Parallelizing q-star over 1 images

     Reading data from directory:
     /users/majewski/paradichlorobenzene/pbe/9_constraint/scratch/pbe.ecut100.np8.dt60.pcl2phi-129368.save
     Message from routine read_xml_file:
     file /users/majewski/paradichlorobenzene/pbe/9_constraint/scratch/pbe.ecut100.np8.dt60.pcl2phi-129368.save not guaranteed to be safe for post-processing

   Info: using nr1, nr2, nr3 values from input

   Info: using nr1, nr2, nr3 values from input

     IMPORTANT: XC functional enforced from input :
     Exchange-correlation      =  SLA  PW   PBX  PBC ( 1  4  3  4 0 0)
     Any further DFT definition will be discarded
     Please, verify this is what you really want

               file C.pbe-n-kjpaw_psl.1.0.0.UPF: wavefunction(s)  2S 2P renormalized
               file Cl.pbe-n-kjpaw_psl.1.0.0.UPF: wavefunction(s)  3S 3P renormalized
               file H.pbe-kjpaw_psl.1.0.0.UPF: wavefunction(s)  1S renormalized

     Parallelization info
     --------------------
     sticks:   dense  smooth     PW     G-vecs:    dense   smooth      PW
     Min        3057    1223    332               144436    36536    5170
     Max        3059    1225    333               144437    36537    5171
     Sum       24467    9791   2657              1155489   292295   41363


     Subspace diagonalization in iterative solution of the eigenvalue problem:
     a serial algorithm will be used

     GIPAW projectors -----------------------------------------------
     atom=  C    l=0  rc=    1.2000  rs=    0.8000
     atom=  C    l=0  rc=    1.2000  rs=    0.8000
     atom=  C    l=1  rc=    1.4000  rs=    0.9333
     atom=  C    l=1  rc=    1.4000  rs=    0.9333
     projs nearly linearly dependent: l=1  n1,n2= 1, 2  s=  0.99951561

     atom=  Cl   l=0  rc=    1.6000  rs=    1.0667
     atom=  Cl   l=0  rc=    1.6000  rs=    1.0667
     atom=  Cl   l=1  rc=    1.6000  rs=    1.0667
     atom=  Cl   l=1  rc=    1.6000  rs=    1.0667
     atom=  Cl   l=2  rc=    1.6000  rs=    1.0667
     atom=  Cl   l=2  rc=    1.6000  rs=    1.0667
     projs nearly linearly dependent: l=2  n1,n2= 1, 2  s=  0.99993509

     atom=  H    l=0  rc=    1.0000  rs=    0.6667
     atom=  H    l=0  rc=    1.0000  rs=    0.6667
     projs nearly linearly dependent: l=0  n1,n2= 1, 2  s=  0.99968852
     -----------------------------------------------------------------

     GIPAW integrals: -------------------------------------------
     Atom  i/j   nmr_para   nmr_dia   epr_rmc  epr_para   epr_dia
       C   1 1   0.83E+03  0.17E-01  0.93E+01  0.24E+08  0.24E+03
       C   2 1   0.86E+03 -0.61E-01  0.94E+01  0.25E+08  0.25E+03
       C   2 2   0.90E+03 -0.15E+00  0.97E+01  0.26E+08  0.26E+03
       C   3 3   0.33E+01  0.34E+00  0.18E+01  0.55E+03  0.21E+02
       C   4 3   0.35E+01  0.37E+00  0.20E+01  0.59E+03  0.22E+02
       C   4 4   0.38E+01  0.39E+00  0.22E+01  0.63E+03  0.24E+02
       Cl  1 1   0.14E+04 -0.47E+00  0.84E+01  0.32E+09  0.42E+03
       Cl  2 1   0.21E+04 -0.37E+00  0.12E+02  0.49E+09  0.65E+03
       Cl  2 2   0.33E+04 -0.16E+00  0.21E+02  0.76E+09  0.10E+04
       Cl  3 3   0.21E+02  0.79E-01  0.89E+01  0.23E+05  0.13E+03
       Cl  4 3   0.24E+02  0.67E-01  0.99E+01  0.27E+05  0.15E+03
       Cl  4 4   0.28E+02  0.44E-01  0.11E+02  0.32E+05  0.18E+03
       Cl  5 5   0.77E+00  0.19E+00  0.18E+01  0.12E+03  0.22E+02
       Cl  6 5   0.80E+00  0.19E+00  0.19E+01  0.12E+03  0.23E+02
       Cl  6 6   0.83E+00  0.20E+00  0.19E+01  0.12E+03  0.23E+02
       H   1 1   0.39E+02  0.19E+00  0.29E+00  0.78E+05  0.13E+02
       H   2 1   0.41E+02  0.21E+00  0.32E+00  0.82E+05  0.14E+02
       H   2 2   0.43E+02  0.22E+00  0.36E+00  0.86E+05  0.15E+02
     ------------------------------------------------------------

     alpha_pv=     34.2654 eV

     Number of occupied bands for each k-point:
     k-point:     1    nbnd_occ=  42
     k-point:     2    nbnd_occ=  42
     k-point:     3    nbnd_occ=  42
     k-point:     4    nbnd_occ=  42
     k-point:     5    nbnd_occ=  42
     k-point:     6    nbnd_occ=  42
     k-point:     7    nbnd_occ=  42
     k-point:     8    nbnd_occ=  42
     k-point:     9    nbnd_occ=  42
     k-point:    10    nbnd_occ=  42
     k-point:    11    nbnd_occ=  42
     k-point:    12    nbnd_occ=  42
     k-point:    13    nbnd_occ=  42
     k-point:    14    nbnd_occ=  42
     k-point:    15    nbnd_occ=  42
     k-point:    16    nbnd_occ=  42


     q-space interpolation up to   110.00 Rydberg

     GIPAW job: efg                                                                             


     ELECTRIC FIELD GRADIENTS TENSORS IN Hartree/bohrradius^2:

     ----- bare term -----
     Cl   1        0.032803        0.109621       -0.092253
     Cl   1        0.109621        0.049988       -0.080821
     Cl   1       -0.092253       -0.080821       -0.082791

     C    2        0.052256        0.489140       -0.141190
     C    2        0.489140       -0.281551       -0.515305
     C    2       -0.141190       -0.515305        0.229295

     C    3       -0.047592        0.151373       -0.411126
     C    3        0.151373       -0.080460       -0.381512
     C    3       -0.411126       -0.381512        0.128052

     H    4       -0.615575       -0.452068        0.038806
     H    4       -0.452068        0.282006       -0.001976
     H    4        0.038806       -0.001976        0.333569

     C    5        0.048050        0.551173       -0.090601
     C    5        0.551173       -0.351787       -0.392815
     C    5       -0.090601       -0.392815        0.303736

     H    6        0.349707       -0.331647       -0.014979
     H    6       -0.331647       -0.686215       -0.252970
     H    6       -0.014979       -0.252970        0.336509

     H    7        0.417383        0.013926       -0.234550
     H    7        0.013926       -0.171596        0.409240
     H    7       -0.234550        0.409240       -0.245787

     C    8       -0.291180       -0.348575       -0.048790
     C    8       -0.348575       -0.117665        0.377182
     C    8       -0.048790        0.377182        0.408846

     H    9        0.098280        0.015825       -0.468313
     H    9        0.015825        0.342174       -0.182677
     H    9       -0.468313       -0.182677       -0.440454

     C   10       -0.086446        0.043266       -0.199965
     C   10        0.043266       -0.078310        0.545482
     C   10       -0.199965        0.545482        0.164757

     C   11       -0.309601       -0.368502       -0.068857
     C   11       -0.368502       -0.119543        0.411434
     C   11       -0.068857        0.411434        0.429144

     Cl  12       -0.031242        0.024601       -0.069600
     Cl  12        0.024601        0.036066        0.096278
     Cl  12       -0.069600        0.096278       -0.004824

     H   13        0.251352        0.249919       -0.265350
     H   13        0.249919       -0.534536       -0.037638
     H   13       -0.265350       -0.037638        0.283184

     C   14       -0.398521       -0.170010       -0.268946
     C   14       -0.170010       -0.036722       -0.384429
     C   14       -0.268946       -0.384429        0.435244

     H   15       -0.357631       -0.425749        0.032884
     H   15       -0.425749        0.234537        0.112775
     H   15        0.032884        0.112775        0.123094

     C   16       -0.043716        0.479562        0.222473
     C   16        0.479562       -0.476517       -0.522129
     C   16        0.222473       -0.522129        0.520232

     C   17       -0.135575        0.002143       -0.400378
     C   17        0.002143        0.008184       -0.370074
     C   17       -0.400378       -0.370074        0.127391

     Cl  18       -0.062406        0.175110       -0.155122
     Cl  18        0.175110       -0.103697       -0.032453
     Cl  18       -0.155122       -0.032453        0.166102

     H   19        0.097852       -0.024105        0.377251
     H   19       -0.024105        0.168934        0.268833
     H   19        0.377251        0.268833       -0.266786

     C   20       -0.053479        0.030555       -0.534738
     C   20        0.030555       -0.010475        0.377446
     C   20       -0.534738        0.377446        0.063954

     H   21        0.119628        0.087862       -0.202256
     H   21        0.087862        0.466885       -0.074333
     H   21       -0.202256       -0.074333       -0.586512

     C   22        0.044355       -0.361774        0.032674
     C   22       -0.361774       -0.197497        0.051619
     C   22        0.032674        0.051619        0.153142

     C   23        0.104715        0.137503       -0.597773
     C   23        0.137503       -0.107744        0.516858
     C   23       -0.597773        0.516858        0.003028

     Cl  24       -0.114925       -0.268638       -0.084619
     Cl  24       -0.268638       -0.061694        0.039777
     Cl  24       -0.084619        0.039777        0.176619

     ----- ionic term -----
     Cl   1        0.148141       -0.192972       -0.021744
     Cl   1       -0.192972        0.003165        0.013356
     Cl   1       -0.021744        0.013356       -0.151306

     C    2        0.307081       -0.021474        0.176743
     C    2       -0.021474        0.165338        0.407753
     C    2        0.176743        0.407753       -0.472418

     C    3        0.172539       -0.149969        0.130594
     C    3       -0.149969        0.226412        0.388915
     C    3        0.130594        0.388915       -0.398950

     H    4        0.700795        0.382307        0.524933
     H    4        0.382307       -0.394356        0.239285
     H    4        0.524933        0.239285       -0.306439

     C    5        0.287276       -0.133489        0.197805
     C    5       -0.133489        0.106472        0.305279
     C    5        0.197805        0.305279       -0.393748

     H    6       -0.537905       -0.012932       -0.002315
     H    6       -0.012932        0.748143        0.644296
     H    6       -0.002315        0.644296       -0.210238

     H    7       -0.541159        0.001833        0.020190
     H    7        0.001833        0.524435       -0.764107
     H    7        0.020190       -0.764107        0.016724

     C    8        0.124452        0.270641        0.395814
     C    8        0.270641        0.024919       -0.241549
     C    8        0.395814       -0.241549       -0.149370

     H    9        0.328651       -0.231363        0.763523
     H    9       -0.231363       -0.448363       -0.263669
     H    9        0.763523       -0.263669        0.119713

     C   10       -0.002438        0.319369        0.241634
     C   10        0.319369        0.150698       -0.330046
     C   10        0.241634       -0.330046       -0.148260

     C   11        0.025986        0.340666        0.298410
     C   11        0.340666        0.071728       -0.331869
     C   11        0.298410       -0.331869       -0.097714

     Cl  12        0.095910        0.242061        0.013698
     Cl  12        0.242061        0.050064        0.016578
     Cl  12        0.013698        0.016578       -0.145974

     H   13       -0.501419        0.021287       -0.011822
     H   13        0.021287        0.838617        0.571045
     H   13       -0.011822        0.571045       -0.337198

     C   14        0.389001       -0.106613        0.159522
     C   14       -0.106613        0.133904        0.284931
     C   14        0.159522        0.284931       -0.522905

     H   15        0.851385        0.407814        0.375424
     H   15        0.407814       -0.318674        0.156406
     H   15        0.375424        0.156406       -0.532711

     C   16        0.286730       -0.211928        0.096561
     C   16       -0.211928        0.235916        0.278527
     C   16        0.096561        0.278527       -0.522647

     C   17        0.284953       -0.103307        0.293357
     C   17       -0.103307        0.163958        0.271948
     C   17        0.293357        0.271948       -0.448911

     Cl  18        0.170443       -0.194034        0.065583
     Cl  18       -0.194034       -0.012522       -0.025747
     Cl  18        0.065583       -0.025747       -0.157921

     H   19       -0.498735        0.179556       -0.166808
     H   19        0.179556        0.183714       -0.757227
     H   19       -0.166808       -0.757227        0.315021

     C   20        0.108777        0.362455        0.299229
     C   20        0.362455       -0.037598       -0.221271
     C   20        0.299229       -0.221271       -0.071179

     H   21        0.458999       -0.177659        0.798166
     H   21       -0.177659       -0.500071       -0.211714
     H   21        0.798166       -0.211714        0.041072

     C   22        0.040249        0.326071        0.249268
     C   22        0.326071        0.091071       -0.339635
     C   22        0.249268       -0.339635       -0.131320

     C   23        0.086849        0.249909        0.371788
     C   23        0.249909       -0.024933       -0.372689
     C   23        0.371788       -0.372689       -0.061916

     Cl  24        0.120947        0.200925        0.038024
     Cl  24        0.200925        0.013794        0.013726
     Cl  24        0.038024        0.013726       -0.134741

     ----- GIPAW term -----
     Cl   1        2.045057       -0.102046       -1.347688
     Cl   1       -0.102046        0.067328       -0.962753
     Cl   1       -1.347688       -0.962753       -2.112385

     C    2        0.222063        0.118135       -0.048965
     C    2        0.118135       -0.079886       -0.083290
     C    2       -0.048965       -0.083290       -0.142177

     C    3        0.136686        0.132651       -0.179807
     C    3        0.132651       -0.041758       -0.086792
     C    3       -0.179807       -0.086792       -0.094928

     H    4       -0.000000        0.000000        0.000000
     H    4        0.000000        0.000000        0.000000
     H    4        0.000000        0.000000        0.000000

     C    5        0.162409        0.254106       -0.010262
     C    5        0.254106       -0.072714       -0.084339
     C    5       -0.010262       -0.084339       -0.089695

     H    6       -0.000000        0.000000        0.000000
     H    6        0.000000        0.000000        0.000000
     H    6        0.000000        0.000000        0.000000

     H    7       -0.000000        0.000000        0.000000
     H    7        0.000000        0.000000        0.000000
     H    7        0.000000        0.000000        0.000000

     C    8        0.049677        0.082318        0.102077
     C    8        0.082318       -0.032809        0.114037
     C    8        0.102077        0.114037       -0.016868

     H    9       -0.000000        0.000000        0.000000
     H    9        0.000000        0.000000        0.000000
     H    9        0.000000        0.000000        0.000000

     C   10       -0.118403        0.076832        0.013279
     C   10        0.076832        0.046404        0.213732
     C   10        0.013279        0.213732        0.071999

     C   11        0.033295        0.177829        0.089667
     C   11        0.177829        0.030950        0.135496
     C   11        0.089667        0.135496       -0.064244

     Cl  12       -0.040302        2.186717       -0.044556
     Cl  12        2.186717        1.349843        1.858417
     Cl  12       -0.044556        1.858417       -1.309541

     H   13       -0.000000        0.000000        0.000000
     H   13        0.000000        0.000000        0.000000
     H   13        0.000000        0.000000        0.000000

     C   14        0.006672       -0.098927        0.166947
     C   14       -0.098927       -0.121553       -0.102744
     C   14        0.166947       -0.102744        0.114881

     H   15       -0.000000        0.000000        0.000000
     H   15        0.000000        0.000000        0.000000
     H   15        0.000000        0.000000        0.000000

     C   16        0.010320       -0.005952        0.206715
     C   16       -0.005952       -0.140476       -0.127996
     C   16        0.206715       -0.127996        0.130156

     C   17        0.188028        0.002598        0.047491
     C   17        0.002598       -0.047167        0.011355
     C   17        0.047491        0.011355       -0.140861

     Cl  18        1.232759       -1.344654       -1.335066
     Cl  18       -1.344654       -0.698888       -0.274544
     Cl  18       -1.335066       -0.274544       -0.533872

     H   19       -0.000000        0.000000        0.000000
     H   19        0.000000        0.000000        0.000000
     H   19        0.000000        0.000000        0.000000

     C   20        0.172416       -0.011937       -0.205470
     C   20       -0.011937       -0.127762        0.067191
     C   20       -0.205470        0.067191       -0.044654

     H   21       -0.000000        0.000000        0.000000
     H   21        0.000000        0.000000        0.000000
     H   21        0.000000        0.000000        0.000000

     C   22        0.051160       -0.028343       -0.038411
     C   22       -0.028343       -0.051033       -0.008527
     C   22       -0.038411       -0.008527       -0.000127

     C   23        0.244550        0.033479       -0.175386
     C   23        0.033479       -0.101309        0.079112
     C   23       -0.175386        0.079112       -0.143242

     Cl  24        1.174359       -0.369891       -2.067992
     Cl  24       -0.369891       -0.922061        1.077463
     Cl  24       -2.067992        1.077463       -0.252298

     ----- total EFG -----
     Cl   1        2.226000       -0.185397       -1.461685
     Cl   1       -0.185397        0.120482       -1.030219
     Cl   1       -1.461685       -1.030219       -2.346482

     C    2        0.581400        0.585801       -0.013412
     C    2        0.585801       -0.196099       -0.190842
     C    2       -0.013412       -0.190842       -0.385301

     C    3        0.261633        0.134054       -0.460338
     C    3        0.134054        0.104193       -0.079389
     C    3       -0.460338       -0.079389       -0.365826

     H    4        0.085220       -0.069761        0.563739
     H    4       -0.069761       -0.112350        0.237309
     H    4        0.563739        0.237309        0.027130

     C    5        0.497736        0.671790        0.096941
     C    5        0.671790       -0.318029       -0.171875
     C    5        0.096941       -0.171875       -0.179707

     H    6       -0.188198       -0.344579       -0.017294
     H    6       -0.344579        0.061927        0.391326
     H    6       -0.017294        0.391326        0.126271

     H    7       -0.123776        0.015759       -0.214360
     H    7        0.015759        0.352839       -0.354867
     H    7       -0.214360       -0.354867       -0.229063

     C    8       -0.117051        0.004383        0.449101
     C    8        0.004383       -0.125556        0.249670
     C    8        0.449101        0.249670        0.242607

     H    9        0.426931       -0.215539        0.295210
     H    9       -0.215539       -0.106189       -0.446347
     H    9        0.295210       -0.446347       -0.320742

     C   10       -0.207287        0.439468        0.054947
     C   10        0.439468        0.118792        0.429168
     C   10        0.054947        0.429168        0.088495

     C   11       -0.250321        0.149993        0.319221
     C   11        0.149993       -0.016865        0.215061
     C   11        0.319221        0.215061        0.267186

     Cl  12        0.024365        2.453380       -0.100458
     Cl  12        2.453380        1.435973        1.971274
     Cl  12       -0.100458        1.971274       -1.460338

     H   13       -0.250067        0.271205       -0.277171
     H   13        0.271205        0.304081        0.533407
     H   13       -0.277171        0.533407       -0.054014

     C   14       -0.002848       -0.375550        0.057523
     C   14       -0.375550       -0.024371       -0.202242
     C   14        0.057523       -0.202242        0.027219

     H   15        0.493754       -0.017935        0.408308
     H   15       -0.017935       -0.084137        0.269181
     H   15        0.408308        0.269181       -0.409616

     C   16        0.253334        0.261683        0.525748
     C   16        0.261683       -0.381076       -0.371599
     C   16        0.525748       -0.371599        0.127742

     C   17        0.337406       -0.098566       -0.059530
     C   17       -0.098566        0.124975       -0.086770
     C   17       -0.059530       -0.086770       -0.462381

     Cl  18        1.340797       -1.363578       -1.424606
     Cl  18       -1.363578       -0.815107       -0.332745
     Cl  18       -1.424606       -0.332745       -0.525690

     H   19       -0.400883        0.155451        0.210443
     H   19        0.155451        0.352649       -0.488394
     H   19        0.210443       -0.488394        0.048234

     C   20        0.227713        0.381073       -0.440979
     C   20        0.381073       -0.175835        0.223365
     C   20       -0.440979        0.223365       -0.051879

     H   21        0.578627       -0.089797        0.595911
     H   21       -0.089797       -0.033186       -0.286048
     H   21        0.595911       -0.286048       -0.545441

     C   22        0.135763       -0.064046        0.243531
     C   22       -0.064046       -0.157459       -0.296544
     C   22        0.243531       -0.296544        0.021696

     C   23        0.436114        0.420891       -0.401371
     C   23        0.420891       -0.233985        0.223281
     C   23       -0.401371        0.223281       -0.202129

     Cl  24        1.180381       -0.437604       -2.114588
     Cl  24       -0.437604       -0.969961        1.130966
     Cl  24       -2.114588        1.130966       -0.210420

     ----- total EFG (symmetrized) -----
     Cl   1        2.226000       -0.185397       -1.461685
     Cl   1       -0.185397        0.120482       -1.030219
     Cl   1       -1.461685       -1.030219       -2.346482

     C    2        0.581400        0.585801       -0.013412
     C    2        0.585801       -0.196099       -0.190842
     C    2       -0.013412       -0.190842       -0.385301

     C    3        0.261633        0.134054       -0.460338
     C    3        0.134054        0.104193       -0.079389
     C    3       -0.460338       -0.079389       -0.365826

     H    4        0.085220       -0.069761        0.563739
     H    4       -0.069761       -0.112350        0.237309
     H    4        0.563739        0.237309        0.027130

     C    5        0.497736        0.671790        0.096941
     C    5        0.671790       -0.318029       -0.171875
     C    5        0.096941       -0.171875       -0.179707

     H    6       -0.188198       -0.344579       -0.017294
     H    6       -0.344579        0.061927        0.391326
     H    6       -0.017294        0.391326        0.126271

     H    7       -0.123776        0.015759       -0.214360
     H    7        0.015759        0.352839       -0.354867
     H    7       -0.214360       -0.354867       -0.229063

     C    8       -0.117051        0.004383        0.449101
     C    8        0.004383       -0.125556        0.249670
     C    8        0.449101        0.249670        0.242607

     H    9        0.426931       -0.215539        0.295210
     H    9       -0.215539       -0.106189       -0.446347
     H    9        0.295210       -0.446347       -0.320742

     C   10       -0.207287        0.439468        0.054947
     C   10        0.439468        0.118792        0.429168
     C   10        0.054947        0.429168        0.088495

     C   11       -0.250321        0.149993        0.319221
     C   11        0.149993       -0.016865        0.215061
     C   11        0.319221        0.215061        0.267186

     Cl  12        0.024365        2.453380       -0.100458
     Cl  12        2.453380        1.435973        1.971274
     Cl  12       -0.100458        1.971274       -1.460338

     H   13       -0.250067        0.271205       -0.277171
     H   13        0.271205        0.304081        0.533407
     H   13       -0.277171        0.533407       -0.054014

     C   14       -0.002848       -0.375550        0.057523
     C   14       -0.375550       -0.024371       -0.202242
     C   14        0.057523       -0.202242        0.027219

     H   15        0.493754       -0.017935        0.408308
     H   15       -0.017935       -0.084137        0.269181
     H   15        0.408308        0.269181       -0.409616

     C   16        0.253334        0.261683        0.525748
     C   16        0.261683       -0.381076       -0.371599
     C   16        0.525748       -0.371599        0.127742

     C   17        0.337406       -0.098566       -0.059530
     C   17       -0.098566        0.124975       -0.086770
     C   17       -0.059530       -0.086770       -0.462381

     Cl  18        1.340797       -1.363578       -1.424606
     Cl  18       -1.363578       -0.815107       -0.332745
     Cl  18       -1.424606       -0.332745       -0.525690

     H   19       -0.400883        0.155451        0.210443
     H   19        0.155451        0.352649       -0.488394
     H   19        0.210443       -0.488394        0.048234

     C   20        0.227713        0.381073       -0.440979
     C   20        0.381073       -0.175835        0.223365
     C   20       -0.440979        0.223365       -0.051879

     H   21        0.578627       -0.089797        0.595911
     H   21       -0.089797       -0.033186       -0.286048
     H   21        0.595911       -0.286048       -0.545441

     C   22        0.135763       -0.064046        0.243531
     C   22       -0.064046       -0.157459       -0.296544
     C   22        0.243531       -0.296544        0.021696

     C   23        0.436114        0.420891       -0.401371
     C   23        0.420891       -0.233985        0.223281
     C   23       -0.401371        0.223281       -0.202129

     Cl  24        1.180381       -0.437604       -2.114588
     Cl  24       -0.437604       -0.969961        1.130966
     Cl  24       -2.114588        1.130966       -0.210420


     NQR/NMR SPECTROSCOPIC PARAMETERS:
     Cl   1    Vxx=    0.4508    axis=(  0.132132 -0.950558  0.281036)
     Cl   1    Vyy=    2.6586    axis=(  0.956151  0.047464 -0.289004)
     Cl   1    Vzz=   -3.1094    axis=(  0.261376  0.306899  0.915148)
     Cl   1  Q=        -8.1650 1e-30 m^2  Cq=        59.6531 MHz  eta= 0.71002

     C    2    Vxx=   -0.2803    axis=(  0.333699 -0.472203  0.815886)
     C    2    Vyy=   -0.6236    axis=(  0.353274 -0.739780 -0.572646)
     C    2    Vzz=    0.9039    axis=( -0.873981 -0.479322  0.080047)
     C    2  Q=         1.0000 1e-30 m^2  Cq=         2.1238 MHz  eta= 0.37972

     C    3    Vxx=    0.0509    axis=(  0.291666 -0.945926 -0.141971)
     C    3    Vyy=    0.5583    axis=( -0.835342 -0.324201  0.443956)
     C    3    Vzz=   -0.6093    axis=( -0.465977 -0.010893 -0.884730)
     C    3  Q=         1.0000 1e-30 m^2  Cq=        -1.4315 MHz  eta= 0.83277

     H    4    Vxx=   -0.0305    axis=( -0.397381  0.897213  0.192605)
     H    4    Vyy=   -0.6081    axis=(  0.599275  0.412681 -0.685977)
     H    4    Vzz=    0.6386    axis=( -0.694952 -0.157171 -0.701668)
     H    4  Q=         1.0000 1e-30 m^2  Cq=         1.5005 MHz  eta= 0.90445

     C    5    Vxx=   -0.1129    axis=(  0.157036 -0.279437  0.947235)
     C    5    Vyy=   -0.7628    axis=( -0.464571  0.825487  0.320539)
     C    5    Vzz=    0.8758    axis=( -0.871501 -0.490394 -0.000187)
     C    5  Q=         1.0000 1e-30 m^2  Cq=         2.0577 MHz  eta= 0.74210

     H    6    Vxx=   -0.0573    axis=( -0.672822  0.289672 -0.680735)
     H    6    Vyy=   -0.5166    axis=( -0.660923 -0.648792  0.377161)
     H    6    Vzz=    0.5739    axis=( -0.332402  0.703675  0.627973)
     H    6  Q=         1.0000 1e-30 m^2  Cq=         1.3485 MHz  eta= 0.80017

     H    7    Vxx=   -0.0444    axis=(  0.871548 -0.345413 -0.347986)
     H    7    Vyy=   -0.4943    axis=(  0.460997  0.335556  0.821513)
     H    7    Vzz=    0.5387    axis=( -0.166993 -0.876409  0.451687)
     H    7  Q=         1.0000 1e-30 m^2  Cq=         1.2658 MHz  eta= 0.83505

     C    8    Vxx=   -0.1273    axis=(  0.487508 -0.873115 -0.002569)
     C    8    Vyy=   -0.4805    axis=(  0.710994  0.398692 -0.579252)
     C    8    Vzz=    0.6077    axis=(  0.506778  0.280563  0.815145)
     C    8  Q=         1.0000 1e-30 m^2  Cq=         1.4280 MHz  eta= 0.58118

     H    9    Vxx=   -0.0217    axis=(  0.602263  0.679272 -0.419367)
     H    9    Vyy=   -0.6825    axis=( -0.100292  0.585547  0.804411)
     H    9    Vzz=    0.7042    axis=(  0.791972 -0.442408  0.420779)
     H    9  Q=         1.0000 1e-30 m^2  Cq=         1.6545 MHz  eta= 0.93829

     C   10    Vxx=   -0.0974    axis=( -0.612105 -0.246998  0.751212)
     C   10    Vyy=   -0.5882    axis=( -0.686037  0.638335 -0.349115)
     C   10    Vzz=    0.6856    axis=( -0.393294 -0.729055 -0.560178)
     C   10  Q=         1.0000 1e-30 m^2  Cq=         1.6109 MHz  eta= 0.71592

     C   11    Vxx=   -0.1315    axis=(  0.053098 -0.896042  0.440782)
     C   11    Vyy=   -0.4084    axis=( -0.911765  0.136520  0.387360)
     C   11    Vzz=    0.5399    axis=(  0.407266  0.422457  0.809731)
     C   11  Q=         1.0000 1e-30 m^2  Cq=         1.2687 MHz  eta= 0.51274

     Cl  12    Vxx=   -0.6616    axis=( -0.720952  0.228367  0.654275)
     Cl  12    Vyy=   -3.0874    axis=(  0.457697 -0.551992  0.697007)
     Cl  12    Vzz=    3.7490    axis=(  0.520328  0.801968  0.293437)
     Cl  12  Q=        -8.1650 1e-30 m^2  Cq=       -71.9235 MHz  eta= 0.64706

     H   13    Vxx=    0.0475    axis=(  0.782614  0.303146 -0.543707)
     H   13    Vyy=    0.6919    axis=( -0.071669 -0.823730 -0.562435)
     H   13    Vzz=   -0.7394    axis=( -0.618368  0.479137 -0.622936)
     H   13  Q=         1.0000 1e-30 m^2  Cq=        -1.7374 MHz  eta= 0.87140

     C   14    Vxx=   -0.0275    axis=( -0.470934  0.103239  0.876107)
     C   14    Vyy=   -0.4168    axis=(  0.630690  0.733792  0.252545)
     C   14    Vzz=    0.4443    axis=( -0.616808  0.671484 -0.410680)
     C   14  Q=         1.0000 1e-30 m^2  Cq=         1.0439 MHz  eta= 0.87606

     H   15    Vxx=    0.0191    axis=(  0.251077 -0.909307 -0.331847)
     H   15    Vyy=    0.6602    axis=(  0.918075  0.115060  0.379340)
     H   15    Vzz=   -0.6793    axis=( -0.306754 -0.399904  0.863701)
     H   15  Q=         1.0000 1e-30 m^2  Cq=        -1.5960 MHz  eta= 0.94391

     C   16    Vxx=    0.0901    axis=(  0.522153  0.687719 -0.504379)
     C   16    Vyy=    0.7229    axis=(  0.730728 -0.055809  0.680383)
     C   16    Vzz=   -0.8130    axis=(  0.439764 -0.723828 -0.531677)
     C   16  Q=         1.0000 1e-30 m^2  Cq=        -1.9103 MHz  eta= 0.77826

     C   17    Vxx=    0.1048    axis=(  0.345124  0.921670 -0.177240)
     C   17    Vyy=    0.3768    axis=(  0.934212 -0.355496 -0.029514)
     C   17    Vzz=   -0.4815    axis=(  0.090210  0.155394  0.983725)
     C   17  Q=         1.0000 1e-30 m^2  Cq=        -1.1314 MHz  eta= 0.56493

     Cl  18    Vxx=   -0.3358    axis=(  0.062592 -0.683172  0.727570)
     Cl  18    Vyy=   -2.1308    axis=( -0.492439 -0.655223 -0.572876)
     Cl  18    Vzz=    2.4666    axis=( -0.868093  0.322426  0.377432)
     Cl  18  Q=        -8.1650 1e-30 m^2  Cq=       -47.3214 MHz  eta= 0.72772

     H   19    Vxx=   -0.0905    axis=(  0.644564  0.452793  0.616049)
     H   19    Vyy=   -0.6215    axis=(  0.764550 -0.382227 -0.519004)
     H   19    Vzz=    0.7120    axis=( -0.000469 -0.805532  0.592552)
     H   19  Q=         1.0000 1e-30 m^2  Cq=         1.6729 MHz  eta= 0.74565

     C   20    Vxx=    0.1010    axis=(  0.137318  0.729600  0.669946)
     C   20    Vyy=    0.6012    axis=( -0.837761 -0.275318  0.471547)
     C   20    Vzz=   -0.7021    axis=( -0.528489  0.626006 -0.573424)
     C   20  Q=         1.0000 1e-30 m^2  Cq=        -1.6498 MHz  eta= 0.71234

     H   21    Vxx=   -0.0130    axis=(  0.305609  0.938267 -0.162043)
     H   21    Vyy=   -0.8662    axis=( -0.352799  0.269656  0.896001)
     H   21    Vzz=    0.8792    axis=(  0.884384 -0.216658  0.413429)
     H   21  Q=         1.0000 1e-30 m^2  Cq=         2.0658 MHz  eta= 0.97035

     C   22    Vxx=   -0.0355    axis=(  0.748468  0.540638 -0.384064)
     C   22    Vyy=   -0.3973    axis=( -0.204454  0.739040  0.641887)
     C   22    Vzz=    0.4328    axis=( -0.630867  0.401909 -0.663683)
     C   22  Q=         1.0000 1e-30 m^2  Cq=         1.0168 MHz  eta= 0.83611

     C   23    Vxx=    0.0058    axis=(  0.005822  0.686990  0.726643)
     C   23    Vyy=    0.7258    axis=( -0.895100 -0.320388  0.310076)
     C   23    Vzz=   -0.7316    axis=(  0.445827 -0.652224  0.613060)
     C   23  Q=         1.0000 1e-30 m^2  Cq=        -1.7189 MHz  eta= 0.98428

     Cl  24    Vxx=   -0.8017    axis=(  0.514729  0.796330  0.317667)
     Cl  24    Vyy=   -2.1778    axis=(  0.393185 -0.548515  0.737928)
     Cl  24    Vzz=    2.9794    axis=( -0.761879  0.254931  0.595441)
     Cl  24  Q=        -8.1650 1e-30 m^2  Cq=       -57.1592 MHz  eta= 0.46187

     Initialization:
     gipaw_setup  :      9.15s CPU     11.04s WALL (       1 calls)

     Linear response

     Apply operators

     Induced current

     Other routines
     efg          :      9.53s CPU     12.59s WALL (       1 calls)

     General routines
     calbec       :      3.38s CPU      4.94s WALL (      16 calls)
     fft          :      1.92s CPU      3.32s WALL (      15 calls)
     ffts         :      0.04s CPU      0.05s WALL (       2 calls)
     fftw         :      3.25s CPU      4.00s WALL (     672 calls)
     davcio       :      0.04s CPU      0.31s WALL (      32 calls)

     Parallel routines
     fft_scatter  :      2.42s CPU      4.46s WALL (     689 calls)

     Plugins

     GIPAW        :     61.40s CPU     76.18s WALL (       1 calls)
