
     Program QE v.6.0 (svn rev. 13079) starts on 30Dec2016 at 20:29: 6 

     This program is part of the open-source Quantum ESPRESSO suite
     for quantum simulation of materials; please cite
         "P. Giannozzi et al., J. Phys.:Condens. Matter 21 395502 (2009);
          URL http://www.quantum-espresso.org", 
     in publications or presentations arising from this work. More details at
     http://www.quantum-espresso.org/quote

     Parallel version (MPI), running on     8 processors
     R & G space division:  proc/nbgrp/npool/nimage =       8

     ***** This is GIPAW svn revision unknown      *****

     Parallelizing q-star over 1 images

     Reading data from directory:
     /users/majewski/paradichlorobenzene/pbe/9_constraint/scratch/pbe.ecut100.np8.dt60.pcl2phi-129368.save
     Message from routine read_xml_file:
     file /users/majewski/paradichlorobenzene/pbe/9_constraint/scratch/pbe.ecut100.np8.dt60.pcl2phi-129368.save not guaranteed to be safe for post-processing

   Info: using nr1, nr2, nr3 values from input

   Info: using nr1, nr2, nr3 values from input

     IMPORTANT: XC functional enforced from input :
     Exchange-correlation      =  SLA  PW   PBX  PBC ( 1  4  3  4 0 0)
     Any further DFT definition will be discarded
     Please, verify this is what you really want

               file C.pbe-n-kjpaw_psl.1.0.0.UPF: wavefunction(s)  2S 2P renormalized
               file Cl.pbe-n-kjpaw_psl.1.0.0.UPF: wavefunction(s)  3S 3P renormalized
               file H.pbe-kjpaw_psl.1.0.0.UPF: wavefunction(s)  1S renormalized

     Parallelization info
     --------------------
     sticks:   dense  smooth     PW     G-vecs:    dense   smooth      PW
     Min        3057    1223    332               144436    36536    5170
     Max        3059    1225    333               144437    36537    5171
     Sum       24467    9791   2657              1155489   292295   41363


     Subspace diagonalization in iterative solution of the eigenvalue problem:
     a serial algorithm will be used

     GIPAW projectors -----------------------------------------------
     atom=  C    l=0  rc=    1.2000  rs=    0.8000
     atom=  C    l=0  rc=    1.2000  rs=    0.8000
     atom=  C    l=1  rc=    1.4000  rs=    0.9333
     atom=  C    l=1  rc=    1.4000  rs=    0.9333
     projs nearly linearly dependent: l=1  n1,n2= 1, 2  s=  0.99951561

     atom=  Cl   l=0  rc=    1.6000  rs=    1.0667
     atom=  Cl   l=0  rc=    1.6000  rs=    1.0667
     atom=  Cl   l=1  rc=    1.6000  rs=    1.0667
     atom=  Cl   l=1  rc=    1.6000  rs=    1.0667
     atom=  Cl   l=2  rc=    1.6000  rs=    1.0667
     atom=  Cl   l=2  rc=    1.6000  rs=    1.0667
     projs nearly linearly dependent: l=2  n1,n2= 1, 2  s=  0.99993509

     atom=  H    l=0  rc=    1.0000  rs=    0.6667
     atom=  H    l=0  rc=    1.0000  rs=    0.6667
     projs nearly linearly dependent: l=0  n1,n2= 1, 2  s=  0.99968852
     -----------------------------------------------------------------

     GIPAW integrals: -------------------------------------------
     Atom  i/j   nmr_para   nmr_dia   epr_rmc  epr_para   epr_dia
       C   1 1   0.83E+03  0.17E-01  0.93E+01  0.24E+08  0.24E+03
       C   2 1   0.86E+03 -0.61E-01  0.94E+01  0.25E+08  0.25E+03
       C   2 2   0.90E+03 -0.15E+00  0.97E+01  0.26E+08  0.26E+03
       C   3 3   0.33E+01  0.34E+00  0.18E+01  0.55E+03  0.21E+02
       C   4 3   0.35E+01  0.37E+00  0.20E+01  0.59E+03  0.22E+02
       C   4 4   0.38E+01  0.39E+00  0.22E+01  0.63E+03  0.24E+02
       Cl  1 1   0.14E+04 -0.47E+00  0.84E+01  0.32E+09  0.42E+03
       Cl  2 1   0.21E+04 -0.37E+00  0.12E+02  0.49E+09  0.65E+03
       Cl  2 2   0.33E+04 -0.16E+00  0.21E+02  0.76E+09  0.10E+04
       Cl  3 3   0.21E+02  0.79E-01  0.89E+01  0.23E+05  0.13E+03
       Cl  4 3   0.24E+02  0.67E-01  0.99E+01  0.27E+05  0.15E+03
       Cl  4 4   0.28E+02  0.44E-01  0.11E+02  0.32E+05  0.18E+03
       Cl  5 5   0.77E+00  0.19E+00  0.18E+01  0.12E+03  0.22E+02
       Cl  6 5   0.80E+00  0.19E+00  0.19E+01  0.12E+03  0.23E+02
       Cl  6 6   0.83E+00  0.20E+00  0.19E+01  0.12E+03  0.23E+02
       H   1 1   0.39E+02  0.19E+00  0.29E+00  0.78E+05  0.13E+02
       H   2 1   0.41E+02  0.21E+00  0.32E+00  0.82E+05  0.14E+02
       H   2 2   0.43E+02  0.22E+00  0.36E+00  0.86E+05  0.15E+02
     ------------------------------------------------------------

     alpha_pv=     33.9157 eV

     Number of occupied bands for each k-point:
     k-point:     1    nbnd_occ=  42
     k-point:     2    nbnd_occ=  42
     k-point:     3    nbnd_occ=  42
     k-point:     4    nbnd_occ=  42
     k-point:     5    nbnd_occ=  42
     k-point:     6    nbnd_occ=  42
     k-point:     7    nbnd_occ=  42
     k-point:     8    nbnd_occ=  42
     k-point:     9    nbnd_occ=  42
     k-point:    10    nbnd_occ=  42
     k-point:    11    nbnd_occ=  42
     k-point:    12    nbnd_occ=  42
     k-point:    13    nbnd_occ=  42
     k-point:    14    nbnd_occ=  42
     k-point:    15    nbnd_occ=  42
     k-point:    16    nbnd_occ=  42


     q-space interpolation up to   110.00 Rydberg

     GIPAW job: efg                                                                             


     ELECTRIC FIELD GRADIENTS TENSORS IN Hartree/bohrradius^2:

     ----- bare term -----
     Cl   1       -0.262104        0.259671        0.108645
     Cl   1        0.259671        0.030078       -0.141853
     Cl   1        0.108645       -0.141853        0.232026

     C    2        0.085859       -0.141943       -0.349593
     C    2       -0.141943       -0.042238       -0.632407
     C    2       -0.349593       -0.632407       -0.043621

     C    3       -0.578481        0.322857       -0.240900
     C    3        0.322857        0.182978       -0.127361
     C    3       -0.240900       -0.127361        0.395503

     H    4       -0.142456       -0.132394       -0.369756
     H    4       -0.132394        0.284381       -0.432410
     H    4       -0.369756       -0.432410       -0.141925

     C    5       -0.091044       -0.300988       -0.442016
     C    5       -0.300988       -0.053853       -0.435048
     C    5       -0.442016       -0.435048        0.144897

     H    6        0.179650        0.249011        0.255430
     H    6        0.249011       -0.197724       -0.532540
     H    6        0.255430       -0.532540        0.018074

     H    7        0.379892        0.080261        0.100231
     H    7        0.080261       -0.347399        0.501710
     H    7        0.100231        0.501710       -0.032493

     C    8       -0.546442       -0.330409       -0.395422
     C    8       -0.330409        0.370286        0.145917
     C    8       -0.395422        0.145917        0.176155

     H    9        0.088589        0.117590       -0.311586
     H    9        0.117590        0.367307       -0.192059
     H    9       -0.311586       -0.192059       -0.455897

     C   10        0.185955       -0.280347        0.077443
     C   10       -0.280347       -0.218904        0.360406
     C   10        0.077443        0.360406        0.032949

     C   11       -0.219990       -0.188785       -0.410769
     C   11       -0.188785        0.107222        0.078848
     C   11       -0.410769        0.078848        0.112768

     Cl  12        0.031113        0.350360        0.155638
     Cl  12        0.350360       -0.336346       -0.281174
     Cl  12        0.155638       -0.281174        0.305233

     H   13        0.480464        0.110421       -0.232681
     H   13        0.110421       -0.093992       -0.229845
     H   13       -0.232681       -0.229845       -0.386473

     C   14       -0.611147        0.337571       -0.074020
     C   14        0.337571        0.219794       -0.063786
     C   14       -0.074020       -0.063786        0.391353

     H   15       -0.051944        0.172190       -0.518409
     H   15        0.172190        0.084260        0.191056
     H   15       -0.518409        0.191056       -0.032316

     C   16        0.181468       -0.078279       -0.313976
     C   16       -0.078279       -0.145987       -0.513061
     C   16       -0.313976       -0.513061       -0.035481

     C   17       -0.702640        0.501753       -0.247024
     C   17        0.501753        0.222004       -0.124190
     C   17       -0.247024       -0.124190        0.480636

     Cl  18       -0.038635       -0.020653       -0.018682
     Cl  18       -0.020653       -0.012995        0.010998
     Cl  18       -0.018682        0.010998        0.051630

     H   19        0.260379        0.392121       -0.141889
     H   19        0.392121       -0.520639        0.442257
     H   19       -0.141889        0.442257        0.260260

     C   20        0.003954       -0.531557        0.002799
     C   20       -0.531557       -0.290337        0.385220
     C   20        0.002799        0.385220        0.286383

     H   21        0.115414        0.101900       -0.357823
     H   21        0.101900        0.495226        0.113866
     H   21       -0.357823        0.113866       -0.610639

     C   22       -0.535957       -0.297356       -0.287173
     C   22       -0.297356        0.037316        0.204919
     C   22       -0.287173        0.204919        0.498640

     C   23       -0.022022       -0.068131       -0.236194
     C   23       -0.068131       -0.128608        0.523930
     C   23       -0.236194        0.523930        0.150629

     Cl  24       -0.180392       -0.146647        0.030583
     Cl  24       -0.146647       -0.048996       -0.124001
     Cl  24        0.030583       -0.124001        0.229387

     ----- ionic term -----
     Cl   1        0.095832       -0.190206        0.008241
     Cl   1       -0.190206        0.040465        0.011902
     Cl   1        0.008241        0.011902       -0.136297

     C    2        0.110334       -0.221308        0.241133
     C    2       -0.221308        0.058766        0.448093
     C    2        0.241133        0.448093       -0.169099

     C    3        0.135319       -0.319748        0.172515
     C    3       -0.319748        0.048660        0.416870
     C    3        0.172515        0.416870       -0.183978

     H    4        0.547411        0.105496        0.789551
     H    4        0.105496       -0.540391        0.150613
     H    4        0.789551        0.150613       -0.007020

     C    5        0.275230       -0.273188        0.228355
     C    5       -0.273188       -0.053489        0.319293
     C    5        0.228355        0.319293       -0.221741

     H    6       -0.514847       -0.073480       -0.047559
     H    6       -0.073480        0.454369        0.795682
     H    6       -0.047559        0.795682        0.060478

     H    7       -0.523902       -0.147941        0.078117
     H    7       -0.147941        0.754618       -0.639032
     H    7        0.078117       -0.639032       -0.230716

     C    8        0.179187        0.236303        0.395080
     C    8        0.236303        0.053657       -0.260395
     C    8        0.395080       -0.260395       -0.232844

     H    9        0.388489       -0.303048        0.758105
     H    9       -0.303048       -0.379089       -0.306431
     H    9        0.758105       -0.306431       -0.009399

     C   10        0.040744        0.270007        0.248593
     C   10        0.270007        0.228743       -0.389067
     C   10        0.248593       -0.389067       -0.269488

     C   11        0.018747        0.265382        0.309382
     C   11        0.265382        0.185596       -0.364989
     C   11        0.309382       -0.364989       -0.204343

     Cl  12        0.103130        0.207881        0.031177
     Cl  12        0.207881        0.042040        0.008942
     Cl  12        0.031177        0.008942       -0.145169

     H   13       -0.499960        0.083069        0.100657
     H   13        0.083069        0.526157        0.768559
     H   13        0.100657        0.768559       -0.026196

     C   14        0.290324       -0.201540        0.283572
     C   14       -0.201540       -0.040934        0.306292
     C   14        0.283572        0.306292       -0.249391

     H   15        0.441202        0.282231        0.734901
     H   15        0.282231       -0.445223        0.281176
     H   15        0.734901        0.281176        0.004021

     C   16        0.147920       -0.242578        0.188031
     C   16       -0.242578        0.035623        0.383663
     C   16        0.188031        0.383663       -0.183543

     C   17        0.240411       -0.201633        0.232912
     C   17       -0.201633       -0.075976        0.403321
     C   17        0.232912        0.403321       -0.164435

     Cl  18        0.163760       -0.219494       -0.032418
     Cl  18       -0.219494       -0.044416        0.013308
     Cl  18       -0.032418        0.013308       -0.119344

     H   19       -0.525289       -0.073430        0.066402
     H   19       -0.073430        0.665300       -0.681961
     H   19        0.066402       -0.681961       -0.140011

     C   20        0.112793        0.301234        0.325396
     C   20        0.301234        0.127321       -0.239083
     C   20        0.325396       -0.239083       -0.240113

     H   21        0.149277       -0.094826        0.797571
     H   21       -0.094826       -0.528767       -0.189128
     H   21        0.797571       -0.189128        0.379491

     C   22       -0.039521        0.322205        0.268908
     C   22        0.322205        0.194452       -0.380747
     C   22        0.268908       -0.380747       -0.154930

     C   23        0.103127        0.199618        0.438125
     C   23        0.199618        0.033936       -0.383169
     C   23        0.438125       -0.383169       -0.137062

     Cl  24        0.105227        0.204179        0.046205
     Cl  24        0.204179        0.041813        0.032309
     Cl  24        0.046205        0.032309       -0.147041

     ----- GIPAW term -----
     Cl   1        0.068840       -1.952058        1.056683
     Cl   1       -1.952058        0.556859       -1.452879
     Cl   1        1.056683       -1.452879       -0.625699

     C    2       -0.041489       -0.075543       -0.038978
     C    2       -0.075543        0.178428       -0.074828
     C    2       -0.038978       -0.074828       -0.136939

     C    3       -0.102451       -0.152441       -0.061053
     C    3       -0.152441        0.193480        0.067537
     C    3       -0.061053        0.067537       -0.091030

     H    4       -0.000000        0.000000        0.000000
     H    4        0.000000        0.000000        0.000000
     H    4        0.000000        0.000000        0.000000

     C    5       -0.037662       -0.203344       -0.118150
     C    5       -0.203344        0.109797        0.044723
     C    5       -0.118150        0.044723       -0.072135

     H    6       -0.000000        0.000000        0.000000
     H    6        0.000000        0.000000        0.000000
     H    6        0.000000        0.000000        0.000000

     H    7       -0.000000        0.000000        0.000000
     H    7        0.000000        0.000000        0.000000
     H    7        0.000000        0.000000        0.000000

     C    8       -0.078802       -0.154726       -0.078113
     C    8       -0.154726        0.148463        0.064451
     C    8       -0.078113        0.064451       -0.069661

     H    9       -0.000000        0.000000        0.000000
     H    9        0.000000        0.000000        0.000000
     H    9        0.000000        0.000000        0.000000

     C   10        0.003505       -0.076640        0.001635
     C   10       -0.076640        0.049181        0.049723
     C   10        0.001635        0.049723       -0.052686

     C   11        0.015434       -0.072861       -0.065545
     C   11       -0.072861        0.065453        0.032215
     C   11       -0.065545        0.032215       -0.080887

     Cl  12        0.200946        0.216093       -0.150065
     Cl  12        0.216093        0.450604        0.267448
     Cl  12       -0.150065        0.267448       -0.651549

     H   13       -0.000000        0.000000        0.000000
     H   13        0.000000        0.000000        0.000000
     H   13        0.000000        0.000000        0.000000

     C   14       -0.089266       -0.056404        0.031816
     C   14       -0.056404        0.117170       -0.021309
     C   14        0.031816       -0.021309       -0.027904

     H   15       -0.000000        0.000000        0.000000
     H   15        0.000000        0.000000        0.000000
     H   15        0.000000        0.000000        0.000000

     C   16       -0.031235       -0.078362       -0.025511
     C   16       -0.078362        0.107374       -0.065558
     C   16       -0.025511       -0.065558       -0.076139

     C   17       -0.104594       -0.097491       -0.021376
     C   17       -0.097491        0.194562        0.014921
     C   17       -0.021376        0.014921       -0.089968

     Cl  18        1.131992       -2.796787       -1.324008
     Cl  18       -2.796787       -0.228658        0.972066
     Cl  18       -1.324008        0.972066       -0.903334

     H   19       -0.000000        0.000000        0.000000
     H   19        0.000000        0.000000        0.000000
     H   19        0.000000        0.000000        0.000000

     C   20        0.056166       -0.261221        0.081444
     C   20       -0.261221        0.021334        0.006031
     C   20        0.081444        0.006031       -0.077500

     H   21       -0.000000        0.000000        0.000000
     H   21        0.000000        0.000000        0.000000
     H   21        0.000000        0.000000        0.000000

     C   22       -0.178582       -0.077632        0.004134
     C   22       -0.077632        0.019672       -0.081137
     C   22        0.004134       -0.081137        0.158910

     C   23        0.002809        0.052280       -0.011053
     C   23        0.052280        0.121146       -0.015301
     C   23       -0.011053       -0.015301       -0.123955

     Cl  24       -0.632353        1.029476        0.583754
     Cl  24        1.029476       -0.529722       -1.786571
     Cl  24        0.583754       -1.786571        1.162075

     ----- total EFG -----
     Cl   1       -0.097433       -1.882593        1.173568
     Cl   1       -1.882593        0.627402       -1.582830
     Cl   1        1.173568       -1.582830       -0.529969

     C    2        0.154703       -0.438795       -0.147438
     C    2       -0.438795        0.194956       -0.259142
     C    2       -0.147438       -0.259142       -0.349659

     C    3       -0.545613       -0.149332       -0.129439
     C    3       -0.149332        0.425118        0.357046
     C    3       -0.129439        0.357046        0.120495

     H    4        0.404955       -0.026899        0.419795
     H    4       -0.026899       -0.256010       -0.281797
     H    4        0.419795       -0.281797       -0.148946

     C    5        0.146524       -0.777520       -0.331811
     C    5       -0.777520        0.002455       -0.071032
     C    5       -0.331811       -0.071032       -0.148979

     H    6       -0.335197        0.175531        0.207870
     H    6        0.175531        0.256645        0.263142
     H    6        0.207870        0.263142        0.078553

     H    7       -0.144011       -0.067679        0.178348
     H    7       -0.067679        0.407219       -0.137323
     H    7        0.178348       -0.137323       -0.263209

     C    8       -0.446056       -0.248833       -0.078455
     C    8       -0.248833        0.572406       -0.050028
     C    8       -0.078455       -0.050028       -0.126350

     H    9        0.477078       -0.185458        0.446519
     H    9       -0.185458       -0.011782       -0.498490
     H    9        0.446519       -0.498490       -0.465296

     C   10        0.230205       -0.086981        0.327671
     C   10       -0.086981        0.059020        0.021061
     C   10        0.327671        0.021061       -0.289224

     C   11       -0.185808        0.003737       -0.166932
     C   11        0.003737        0.358271       -0.253927
     C   11       -0.166932       -0.253927       -0.172462

     Cl  12        0.335188        0.774334        0.036750
     Cl  12        0.774334        0.156297       -0.004784
     Cl  12        0.036750       -0.004784       -0.491485

     H   13       -0.019496        0.193490       -0.132023
     H   13        0.193490        0.432165        0.538715
     H   13       -0.132023        0.538715       -0.412669

     C   14       -0.410088        0.079627        0.241369
     C   14        0.079627        0.296031        0.221197
     C   14        0.241369        0.221197        0.114058

     H   15        0.389258        0.454421        0.216493
     H   15        0.454421       -0.360963        0.472232
     H   15        0.216493        0.472232       -0.028295

     C   16        0.298154       -0.399220       -0.151455
     C   16       -0.399220       -0.002990       -0.194956
     C   16       -0.151455       -0.194956       -0.295164

     C   17       -0.566823        0.202629       -0.035488
     C   17        0.202629        0.340589        0.294053
     C   17       -0.035488        0.294053        0.226233

     Cl  18        1.257116       -3.036933       -1.375108
     Cl  18       -3.036933       -0.286069        0.996373
     Cl  18       -1.375108        0.996373       -0.971048

     H   19       -0.264910        0.318691       -0.075488
     H   19        0.318691        0.144661       -0.239704
     H   19       -0.075488       -0.239704        0.120249

     C   20        0.172914       -0.491544        0.409639
     C   20       -0.491544       -0.141683        0.152168
     C   20        0.409639        0.152168       -0.031231

     H   21        0.264690        0.007074        0.439748
     H   21        0.007074       -0.033542       -0.075262
     H   21        0.439748       -0.075262       -0.231148

     C   22       -0.754059       -0.052782       -0.014130
     C   22       -0.052782        0.251440       -0.256966
     C   22       -0.014130       -0.256966        0.502619

     C   23        0.083914        0.183766        0.190879
     C   23        0.183766        0.026474        0.125460
     C   23        0.190879        0.125460       -0.110388

     Cl  24       -0.707518        1.087008        0.660542
     Cl  24        1.087008       -0.536904       -1.878263
     Cl  24        0.660542       -1.878263        1.244422

     ----- total EFG (symmetrized) -----
     Cl   1       -0.097433       -1.882593        1.173568
     Cl   1       -1.882593        0.627402       -1.582830
     Cl   1        1.173568       -1.582830       -0.529969

     C    2        0.154703       -0.438795       -0.147438
     C    2       -0.438795        0.194956       -0.259142
     C    2       -0.147438       -0.259142       -0.349659

     C    3       -0.545613       -0.149332       -0.129439
     C    3       -0.149332        0.425118        0.357046
     C    3       -0.129439        0.357046        0.120495

     H    4        0.404955       -0.026899        0.419795
     H    4       -0.026899       -0.256010       -0.281797
     H    4        0.419795       -0.281797       -0.148946

     C    5        0.146524       -0.777520       -0.331811
     C    5       -0.777520        0.002455       -0.071032
     C    5       -0.331811       -0.071032       -0.148979

     H    6       -0.335197        0.175531        0.207870
     H    6        0.175531        0.256645        0.263142
     H    6        0.207870        0.263142        0.078553

     H    7       -0.144011       -0.067679        0.178348
     H    7       -0.067679        0.407219       -0.137323
     H    7        0.178348       -0.137323       -0.263209

     C    8       -0.446056       -0.248833       -0.078455
     C    8       -0.248833        0.572406       -0.050028
     C    8       -0.078455       -0.050028       -0.126350

     H    9        0.477078       -0.185458        0.446519
     H    9       -0.185458       -0.011782       -0.498490
     H    9        0.446519       -0.498490       -0.465296

     C   10        0.230205       -0.086981        0.327671
     C   10       -0.086981        0.059020        0.021061
     C   10        0.327671        0.021061       -0.289224

     C   11       -0.185808        0.003737       -0.166932
     C   11        0.003737        0.358271       -0.253927
     C   11       -0.166932       -0.253927       -0.172462

     Cl  12        0.335188        0.774334        0.036750
     Cl  12        0.774334        0.156297       -0.004784
     Cl  12        0.036750       -0.004784       -0.491485

     H   13       -0.019496        0.193490       -0.132023
     H   13        0.193490        0.432165        0.538715
     H   13       -0.132023        0.538715       -0.412669

     C   14       -0.410088        0.079627        0.241369
     C   14        0.079627        0.296031        0.221197
     C   14        0.241369        0.221197        0.114058

     H   15        0.389258        0.454421        0.216493
     H   15        0.454421       -0.360963        0.472232
     H   15        0.216493        0.472232       -0.028295

     C   16        0.298154       -0.399220       -0.151455
     C   16       -0.399220       -0.002990       -0.194956
     C   16       -0.151455       -0.194956       -0.295164

     C   17       -0.566823        0.202629       -0.035488
     C   17        0.202629        0.340589        0.294053
     C   17       -0.035488        0.294053        0.226233

     Cl  18        1.257116       -3.036933       -1.375108
     Cl  18       -3.036933       -0.286069        0.996373
     Cl  18       -1.375108        0.996373       -0.971048

     H   19       -0.264910        0.318691       -0.075488
     H   19        0.318691        0.144661       -0.239704
     H   19       -0.075488       -0.239704        0.120249

     C   20        0.172914       -0.491544        0.409639
     C   20       -0.491544       -0.141683        0.152168
     C   20        0.409639        0.152168       -0.031231

     H   21        0.264690        0.007074        0.439748
     H   21        0.007074       -0.033542       -0.075262
     H   21        0.439748       -0.075262       -0.231148

     C   22       -0.754059       -0.052782       -0.014130
     C   22       -0.052782        0.251440       -0.256966
     C   22       -0.014130       -0.256966        0.502619

     C   23        0.083914        0.183766        0.190879
     C   23        0.183766        0.026474        0.125460
     C   23        0.190879        0.125460       -0.110388

     Cl  24       -0.707518        1.087008        0.660542
     Cl  24        1.087008       -0.536904       -1.878263
     Cl  24        0.660542       -1.878263        1.244422


     NQR/NMR SPECTROSCOPIC PARAMETERS:
     Cl   1    Vxx=   -1.5067    axis=(  0.662713  0.029618 -0.748288)
     Cl   1    Vyy=   -1.7096    axis=( -0.501616 -0.724379 -0.472923)
     Cl   1    Vzz=    3.2163    axis=( -0.556051  0.688765 -0.465199)
     Cl   1  Q=        -8.1650 1e-30 m^2  Cq=       -61.7032 MHz  eta= 0.06310

     C    2    Vxx=   -0.0231    axis=(  0.609929  0.463209 -0.642980)
     C    2    Vyy=   -0.5993    axis=(  0.431585  0.486324  0.759752)
     C    2    Vzz=    0.6224    axis=( -0.664621  0.740896 -0.096709)
     C    2  Q=         1.0000 1e-30 m^2  Cq=         1.4624 MHz  eta= 0.92574

     C    3    Vxx=   -0.1140    axis=( -0.053312 -0.561604  0.825687)
     C    3    Vyy=   -0.5780    axis=( -0.986242 -0.099953 -0.131664)
     C    3    Vzz=    0.6920    axis=(  0.156473 -0.821347 -0.548549)
     C    3  Q=         1.0000 1e-30 m^2  Cq=         1.6260 MHz  eta= 0.67054

     H    4    Vxx=   -0.0934    axis=(  0.444557  0.756779 -0.479223)
     H    4    Vyy=   -0.5662    axis=( -0.293842  0.628598  0.720084)
     H    4    Vzz=    0.6596    axis=(  0.846183 -0.179302  0.501821)
     H    4  Q=         1.0000 1e-30 m^2  Cq=         1.5498 MHz  eta= 0.71691

     C    5    Vxx=   -0.0711    axis=( -0.121789 -0.418225  0.900142)
     C    5    Vyy=   -0.8234    axis=(  0.653495  0.648805  0.389867)
     C    5    Vzz=    0.8945    axis=( -0.747069  0.635720  0.194291)
     C    5  Q=         1.0000 1e-30 m^2  Cq=         2.1016 MHz  eta= 0.84106

     H    6    Vxx=   -0.0981    axis=(  0.178734 -0.641740  0.745804)
     H    6    Vyy=   -0.4287    axis=(  0.938735 -0.115791 -0.324605)
     H    6    Vzz=    0.5268    axis=(  0.294669  0.758130  0.581729)
     H    6  Q=         1.0000 1e-30 m^2  Cq=         1.2377 MHz  eta= 0.62772

     H    7    Vxx=   -0.0539    axis=( -0.813230 -0.272482 -0.514209)
     H    7    Vyy=   -0.3985    axis=( -0.554441  0.094356  0.826857)
     H    7    Vzz=    0.4524    axis=( -0.176785  0.957523 -0.227809)
     H    7  Q=         1.0000 1e-30 m^2  Cq=         1.0629 MHz  eta= 0.76163

     C    8    Vxx=   -0.1082    axis=( -0.220064 -0.008756  0.975446)
     C    8    Vyy=   -0.5230    axis=(  0.949888  0.225649  0.216324)
     C    8    Vzz=    0.6312    axis=( -0.222003  0.974169 -0.041340)
     C    8  Q=         1.0000 1e-30 m^2  Cq=         1.4832 MHz  eta= 0.65718

     H    9    Vxx=    0.0213    axis=(  0.574923  0.773995 -0.265321)
     H    9    Vyy=    0.8284    axis=( -0.786812  0.434023 -0.438806)
     H    9    Vzz=   -0.8497    axis=( -0.224478  0.461037  0.858519)
     H    9  Q=         1.0000 1e-30 m^2  Cq=        -1.9966 MHz  eta= 0.94977

     C   10    Vxx=    0.0513    axis=( -0.131437 -0.973588 -0.186683)
     C   10    Vyy=    0.4027    axis=( -0.887966  0.199349 -0.414458)
     C   10    Vzz=   -0.4540    axis=(  0.440727  0.111293 -0.890715)
     C   10  Q=         1.0000 1e-30 m^2  Cq=        -1.0667 MHz  eta= 0.77394

     C   11    Vxx=   -0.0754    axis=(  0.788028 -0.316116 -0.528283)
     C   11    Vyy=   -0.3917    axis=(  0.606606  0.252234  0.753928)
     C   11    Vzz=    0.4671    axis=( -0.105077 -0.914576  0.390526)
     C   11  Q=         1.0000 1e-30 m^2  Cq=         1.0976 MHz  eta= 0.67718

     Cl  12    Vxx=   -0.4778    axis=( -0.287304  0.344083 -0.893903)
     Cl  12    Vyy=   -0.5478    axis=( -0.599949  0.662858  0.447974)
     Cl  12    Vzz=    1.0256    axis=(  0.746671  0.665001  0.015991)
     Cl  12  Q=        -8.1650 1e-30 m^2  Cq=       -19.6759 MHz  eta= 0.06820

     H   13    Vxx=    0.0200    axis=(  0.946868 -0.025454 -0.320613)
     H   13    Vyy=    0.7135    axis=(  0.162995  0.897342  0.410133)
     H   13    Vzz=   -0.7335    axis=(  0.277260 -0.440600  0.853814)
     H   13  Q=         1.0000 1e-30 m^2  Cq=        -1.7235 MHz  eta= 0.94545

     C   14    Vxx=    0.0131    axis=(  0.286922 -0.638850  0.713826)
     C   14    Vyy=    0.4912    axis=(  0.227809  0.769283  0.596914)
     C   14    Vzz=   -0.5044    axis=( -0.930472 -0.008652  0.366260)
     C   14  Q=         1.0000 1e-30 m^2  Cq=        -1.1850 MHz  eta= 0.94801

     H   15    Vxx=   -0.0534    axis=(  0.615464 -0.242247 -0.750013)
     H   15    Vyy=   -0.7579    axis=( -0.245371  0.845414 -0.474413)
     H   15    Vzz=    0.8113    axis=( -0.748997 -0.476016 -0.460882)
     H   15  Q=         1.0000 1e-30 m^2  Cq=         1.9062 MHz  eta= 0.86830

     C   16    Vxx=   -0.0406    axis=(  0.396074  0.599870 -0.695185)
     C   16    Vyy=   -0.5338    axis=(  0.402812  0.566849  0.718627)
     C   16    Vzz=    0.5745    axis=( -0.825147  0.564658  0.017121)
     C   16  Q=         1.0000 1e-30 m^2  Cq=         1.3498 MHz  eta= 0.85849

     C   17    Vxx=    0.0231    axis=( -0.243283 -0.570973  0.784094)
     C   17    Vyy=    0.5989    axis=(  0.117934  0.784971  0.608204)
     C   17    Vzz=   -0.6220    axis=( -0.962759  0.240437 -0.123633)
     C   17  Q=         1.0000 1e-30 m^2  Cq=        -1.4614 MHz  eta= 0.92567

     Cl  18    Vxx=   -1.5277    axis=(  0.216939 -0.230573  0.948564)
     Cl  18    Vyy=   -2.6506    axis=(  0.623255  0.780593  0.047204)
     Cl  18    Vzz=    4.1784    axis=( -0.751326  0.580957  0.313047)
     Cl  18  Q=        -8.1650 1e-30 m^2  Cq=       -80.1596 MHz  eta= 0.26874

     H   19    Vxx=   -0.0422    axis=(  0.357361  0.444297  0.821519)
     H   19    Vyy=   -0.4438    axis=( -0.857346  0.504963  0.099850)
     H   19    Vzz=    0.4860    axis=( -0.370474 -0.740008  0.561371)
     H   19  Q=         1.0000 1e-30 m^2  Cq=         1.1420 MHz  eta= 0.82625

     C   20    Vxx=    0.0733    axis=( -0.038962  0.635047  0.771491)
     C   20    Vyy=    0.6371    axis=( -0.809097  0.433026 -0.397304)
     C   20    Vzz=   -0.7105    axis=( -0.586382 -0.639691  0.496943)
     C   20  Q=         1.0000 1e-30 m^2  Cq=        -1.6693 MHz  eta= 0.79355

     H   21    Vxx=   -0.0252    axis=(  0.123465  0.987568 -0.097290)
     H   21    Vyy=   -0.4982    axis=( -0.495052  0.146265  0.856463)
     H   21    Vzz=    0.5234    axis=(  0.860046 -0.057580  0.506957)
     H   21  Q=         1.0000 1e-30 m^2  Cq=         1.2298 MHz  eta= 0.90355

     C   22    Vxx=    0.0942    axis=( -0.061453  0.845746  0.530036)
     C   22    Vyy=    0.6632    axis=(  0.011303 -0.530416  0.847662)
     C   22    Vzz=   -0.7575    axis=( -0.998046 -0.058082 -0.023036)
     C   22  Q=         1.0000 1e-30 m^2  Cq=        -1.7797 MHz  eta= 0.75119

     C   23    Vxx=   -0.1243    axis=(  0.524643 -0.822490  0.219679)
     C   23    Vyy=   -0.2283    axis=( -0.486346 -0.077778  0.870298)
     C   23    Vzz=    0.3525    axis=(  0.698725  0.563436  0.440820)
     C   23  Q=         1.0000 1e-30 m^2  Cq=         0.8283 MHz  eta= 0.29506

     Cl  24    Vxx=    0.1533    axis=(  0.828022  0.469368  0.306715)
     Cl  24    Vyy=    2.4327    axis=(  0.008304  0.536700 -0.843733)
     Cl  24    Vzz=   -2.5860    axis=( -0.560634  0.701176  0.440501)
     Cl  24  Q=        -8.1650 1e-30 m^2  Cq=        49.6115 MHz  eta= 0.88141

     Initialization:
     gipaw_setup  :      9.66s CPU     11.76s WALL (       1 calls)

     Linear response

     Apply operators

     Induced current

     Other routines
     efg          :     10.74s CPU     25.28s WALL (       1 calls)

     General routines
     calbec       :      3.10s CPU      4.04s WALL (      16 calls)
     fft          :      1.52s CPU      2.08s WALL (      15 calls)
     ffts         :      0.04s CPU      0.05s WALL (       2 calls)
     fftw         :      4.82s CPU      8.33s WALL (     672 calls)
     davcio       :      0.10s CPU      9.61s WALL (      32 calls)

     Parallel routines
     fft_scatter  :      3.65s CPU      7.62s WALL (     689 calls)

     Plugins

     GIPAW        :     62.70s CPU     89.42s WALL (       1 calls)
