Cl       1.165882815   0.173745456   0.481427136
C        1.073263271   0.355960038   0.491891065
C        1.098704389   0.560438215   0.684450897
H        1.175480250   0.606526434   0.828607611
C        1.024710814   0.705961540   0.692701169
H        1.043870769   0.865578872   0.843654541
H        0.456129231   0.365578872   0.156345459
C        0.475289186   0.205961540   0.307298831
H        0.324519750   0.106526434   0.171392389
C        0.401295611   0.060438215   0.315549103
C        0.426736729  -0.144039962   0.508108935
Cl       0.334117185  -0.326254544   0.518572864
H        0.956129231   0.134421128   0.156345459
C        0.975289186   0.294038460   0.307298831
H        0.824519750   0.393473566   0.171392389
C        0.901295611   0.439561785   0.315549103
C        0.926736729   0.644039962   0.508108935
Cl       0.834117185   0.826254544   0.518572864
H        0.543870769  -0.365578872   0.843654541
C        0.524710814  -0.205961540   0.692701169
H        0.675480250  -0.106526434   0.828607611
C        0.598704389  -0.060438215   0.684450897
C        0.573263271   0.144039962   0.491891065
Cl       0.665882815   0.326254544   0.481427136
