
     Program QE v.6.0 (svn rev. 13079) starts on 16Dec2016 at 18:16:48 

     This program is part of the open-source Quantum ESPRESSO suite
     for quantum simulation of materials; please cite
         "P. Giannozzi et al., J. Phys.:Condens. Matter 21 395502 (2009);
          URL http://www.quantum-espresso.org", 
     in publications or presentations arising from this work. More details at
     http://www.quantum-espresso.org/quote

     Parallel version (MPI), running on     8 processors
     R & G space division:  proc/nbgrp/npool/nimage =       8

     ***** This is GIPAW svn revision unknown      *****

     Parallelizing q-star over 1 images

     Reading data from directory:
     /users/majewski/paradichlorobenzene/pbe/9_constraint/scratch/pbe.ecut100.np8.dt60.pcl2phi-129368.save
     Message from routine read_xml_file:
     file /users/majewski/paradichlorobenzene/pbe/9_constraint/scratch/pbe.ecut100.np8.dt60.pcl2phi-129368.save not guaranteed to be safe for post-processing

   Info: using nr1, nr2, nr3 values from input

   Info: using nr1, nr2, nr3 values from input

     IMPORTANT: XC functional enforced from input :
     Exchange-correlation      =  SLA  PW   PBX  PBC ( 1  4  3  4 0 0)
     Any further DFT definition will be discarded
     Please, verify this is what you really want

               file C.pbe-n-kjpaw_psl.1.0.0.UPF: wavefunction(s)  2S 2P renormalized
               file Cl.pbe-n-kjpaw_psl.1.0.0.UPF: wavefunction(s)  3S 3P renormalized
               file H.pbe-kjpaw_psl.1.0.0.UPF: wavefunction(s)  1S renormalized

     Parallelization info
     --------------------
     sticks:   dense  smooth     PW     G-vecs:    dense   smooth      PW
     Min        3057    1223    332               144436    36536    5170
     Max        3059    1225    333               144437    36537    5171
     Sum       24467    9791   2657              1155489   292295   41363


     Subspace diagonalization in iterative solution of the eigenvalue problem:
     a serial algorithm will be used

     GIPAW projectors -----------------------------------------------
     atom=  C    l=0  rc=    1.2000  rs=    0.8000
     atom=  C    l=0  rc=    1.2000  rs=    0.8000
     atom=  C    l=1  rc=    1.4000  rs=    0.9333
     atom=  C    l=1  rc=    1.4000  rs=    0.9333
     projs nearly linearly dependent: l=1  n1,n2= 1, 2  s=  0.99951561

     atom=  Cl   l=0  rc=    1.6000  rs=    1.0667
     atom=  Cl   l=0  rc=    1.6000  rs=    1.0667
     atom=  Cl   l=1  rc=    1.6000  rs=    1.0667
     atom=  Cl   l=1  rc=    1.6000  rs=    1.0667
     atom=  Cl   l=2  rc=    1.6000  rs=    1.0667
     atom=  Cl   l=2  rc=    1.6000  rs=    1.0667
     projs nearly linearly dependent: l=2  n1,n2= 1, 2  s=  0.99993509

     atom=  H    l=0  rc=    1.0000  rs=    0.6667
     atom=  H    l=0  rc=    1.0000  rs=    0.6667
     projs nearly linearly dependent: l=0  n1,n2= 1, 2  s=  0.99968852
     -----------------------------------------------------------------

     GIPAW integrals: -------------------------------------------
     Atom  i/j   nmr_para   nmr_dia   epr_rmc  epr_para   epr_dia
       C   1 1   0.83E+03  0.17E-01  0.93E+01  0.24E+08  0.24E+03
       C   2 1   0.86E+03 -0.61E-01  0.94E+01  0.25E+08  0.25E+03
       C   2 2   0.90E+03 -0.15E+00  0.97E+01  0.26E+08  0.26E+03
       C   3 3   0.33E+01  0.34E+00  0.18E+01  0.55E+03  0.21E+02
       C   4 3   0.35E+01  0.37E+00  0.20E+01  0.59E+03  0.22E+02
       C   4 4   0.38E+01  0.39E+00  0.22E+01  0.63E+03  0.24E+02
       Cl  1 1   0.14E+04 -0.47E+00  0.84E+01  0.32E+09  0.42E+03
       Cl  2 1   0.21E+04 -0.37E+00  0.12E+02  0.49E+09  0.65E+03
       Cl  2 2   0.33E+04 -0.16E+00  0.21E+02  0.76E+09  0.10E+04
       Cl  3 3   0.21E+02  0.79E-01  0.89E+01  0.23E+05  0.13E+03
       Cl  4 3   0.24E+02  0.67E-01  0.99E+01  0.27E+05  0.15E+03
       Cl  4 4   0.28E+02  0.44E-01  0.11E+02  0.32E+05  0.18E+03
       Cl  5 5   0.77E+00  0.19E+00  0.18E+01  0.12E+03  0.22E+02
       Cl  6 5   0.80E+00  0.19E+00  0.19E+01  0.12E+03  0.23E+02
       Cl  6 6   0.83E+00  0.20E+00  0.19E+01  0.12E+03  0.23E+02
       H   1 1   0.39E+02  0.19E+00  0.29E+00  0.78E+05  0.13E+02
       H   2 1   0.41E+02  0.21E+00  0.32E+00  0.82E+05  0.14E+02
       H   2 2   0.43E+02  0.22E+00  0.36E+00  0.86E+05  0.15E+02
     ------------------------------------------------------------

     alpha_pv=     34.4947 eV

     Number of occupied bands for each k-point:
     k-point:     1    nbnd_occ=  42
     k-point:     2    nbnd_occ=  42
     k-point:     3    nbnd_occ=  42
     k-point:     4    nbnd_occ=  42
     k-point:     5    nbnd_occ=  42
     k-point:     6    nbnd_occ=  42
     k-point:     7    nbnd_occ=  42
     k-point:     8    nbnd_occ=  42
     k-point:     9    nbnd_occ=  42
     k-point:    10    nbnd_occ=  42
     k-point:    11    nbnd_occ=  42
     k-point:    12    nbnd_occ=  42
     k-point:    13    nbnd_occ=  42
     k-point:    14    nbnd_occ=  42
     k-point:    15    nbnd_occ=  42
     k-point:    16    nbnd_occ=  42


     q-space interpolation up to   110.00 Rydberg

     GIPAW job: efg                                                                             


     ELECTRIC FIELD GRADIENTS TENSORS IN Hartree/bohrradius^2:

     ----- bare term -----
     Cl   1       -0.037795       -0.008208        0.048104
     Cl   1       -0.008208       -0.038223        0.035011
     Cl   1        0.048104        0.035011        0.076018

     C    2       -0.748000        0.314381       -0.262919
     C    2        0.314381        0.194041       -0.065941
     C    2       -0.262919       -0.065941        0.553959

     C    3        0.342395       -0.051276        0.244197
     C    3       -0.051276       -0.214074       -0.078934
     C    3        0.244197       -0.078934       -0.128321

     H    4       -0.334841       -0.249756        0.268196
     H    4       -0.249756        0.202109        0.016931
     H    4        0.268196        0.016931        0.132732

     C    5       -0.347651        0.195774       -0.101891
     C    5        0.195774        0.293779        0.038183
     C    5       -0.101891        0.038183        0.053873

     H    6        0.340234       -0.315528        0.160706
     H    6       -0.315528       -0.518407        0.224272
     H    6        0.160706        0.224272        0.178173

     H    7        0.280585        0.327885       -0.058087
     H    7        0.327885       -0.573427        0.367165
     H    7       -0.058087        0.367165        0.292842

     C    8       -0.213844       -0.331069       -0.280462
     C    8       -0.331069       -0.124770        0.483706
     C    8       -0.280462        0.483706        0.338614

     H    9       -0.419745        0.200697       -0.509324
     H    9        0.200697        0.312583        0.191422
     H    9       -0.509324        0.191422        0.107162

     C   10       -0.285500       -0.372113       -0.206716
     C   10       -0.372113       -0.166125        0.425840
     C   10       -0.206716        0.425840        0.451625

     C   11       -0.147644        0.090112       -0.348339
     C   11        0.090112       -0.065759        0.650453
     C   11       -0.348339        0.650453        0.213403

     Cl  12       -0.004021       -0.149470        0.017701
     Cl  12       -0.149470       -0.060807        0.008868
     Cl  12        0.017701        0.008868        0.064828

     H   13        0.239619       -0.446401        0.103208
     H   13       -0.446401       -0.594921        0.031912
     H   13        0.103208        0.031912        0.355302

     C   14       -0.123299        0.282423       -0.174245
     C   14        0.282423       -0.035768       -0.475985
     C   14       -0.174245       -0.475985        0.159067

     H   15       -0.199075       -0.415177        0.074525
     H   15       -0.415177       -0.092320        0.170233
     H   15        0.074525        0.170233        0.291396

     C   16       -0.368191        0.267749       -0.185656
     C   16        0.267749        0.055215       -0.297081
     C   16       -0.185656       -0.297081        0.312976

     C   17       -0.025835       -0.151556       -0.362629
     C   17       -0.151556       -0.111702       -0.571109
     C   17       -0.362629       -0.571109        0.137536

     Cl  18       -0.284062        0.221566        0.030988
     Cl  18        0.221566        0.107745       -0.176073
     Cl  18        0.030988       -0.176073        0.176318

     H   19        0.536307        0.011159       -0.037685
     H   19        0.011159       -0.119677        0.301116
     H   19       -0.037685        0.301116       -0.416629

     C   20       -0.575044       -0.333714       -0.150564
     C   20       -0.333714        0.242762        0.361689
     C   20       -0.150564        0.361689        0.332282

     H   21        0.072278        0.015079       -0.473308
     H   21        0.015079        0.271052       -0.231751
     H   21       -0.473308       -0.231751       -0.343331

     C   22        0.020694       -0.159689       -0.138622
     C   22       -0.159689       -0.084970        0.415347
     C   22       -0.138622        0.415347        0.064276

     C   23       -0.289263       -0.281601       -0.411372
     C   23       -0.281601        0.114109        0.187324
     C   23       -0.411372        0.187324        0.175155

     Cl  24        0.088134        0.079231        0.107502
     Cl  24        0.079231       -0.081172       -0.264938
     Cl  24        0.107502       -0.264938       -0.006962

     ----- ionic term -----
     Cl   1        0.150561       -0.214591        0.001089
     Cl   1       -0.214591        0.025634        0.000955
     Cl   1        0.001089        0.000955       -0.176195

     C    2        0.290812       -0.091155        0.102376
     C    2       -0.091155        0.313722        0.230903
     C    2        0.102376        0.230903       -0.604533

     C    3        0.232001       -0.127952        0.029328
     C    3       -0.127952        0.359669        0.269356
     C    3        0.029328        0.269356       -0.591669

     H    4        0.870693        0.479469        0.323305
     H    4        0.479469       -0.287599        0.150048
     H    4        0.323305        0.150048       -0.583093

     C    5        0.446012       -0.073375        0.004077
     C    5       -0.073375        0.150078        0.230236
     C    5        0.004077        0.230236       -0.596090

     H    6       -0.484708        0.182415        0.038660
     H    6        0.182415        0.891428        0.499164
     H    6        0.038660        0.499164       -0.406720

     H    7       -0.531987       -0.128160        0.093347
     H    7       -0.128160        0.623293       -0.724067
     H    7        0.093347       -0.724067       -0.091307

     C    8        0.211066        0.306065        0.370616
     C    8        0.306065        0.075859       -0.254847
     C    8        0.370616       -0.254847       -0.286925

     H    9        0.648243       -0.190752        0.697580
     H    9       -0.190752       -0.482433       -0.191476
     H    9        0.697580       -0.191476       -0.165810

     C   10        0.092552        0.357820        0.221385
     C   10        0.357820        0.224341       -0.371224
     C   10        0.221385       -0.371224       -0.316893

     C   11        0.101344        0.270604        0.303619
     C   11        0.270604        0.139066       -0.387888
     C   11        0.303619       -0.387888       -0.240409

     Cl  12        0.114805        0.214558        0.015167
     Cl  12        0.214558        0.054958        0.000474
     Cl  12        0.015167        0.000474       -0.169763

     H   13       -0.455446        0.307758        0.094122
     H   13        0.307758        0.901567        0.430028
     H   13        0.094122        0.430028       -0.446121

     C   14        0.396449       -0.052116        0.064249
     C   14       -0.052116        0.151017        0.228752
     C   14        0.064249        0.228752       -0.547466

     H   15        0.681835        0.610242        0.228934
     H   15        0.610242       -0.126977        0.153296
     H   15        0.228934        0.153296       -0.554858

     C   16        0.192980       -0.048567        0.014757
     C   16       -0.048567        0.333522        0.312185
     C   16        0.014757        0.312185       -0.526503

     C   17        0.393050       -0.026520        0.004346
     C   17       -0.026520        0.200953        0.291118
     C   17        0.004346        0.291118       -0.594003

     Cl  18        0.146329       -0.200037       -0.052226
     Cl  18       -0.200037        0.004256        0.030138
     Cl  18       -0.052226        0.030138       -0.150585

     H   19       -0.516032       -0.059985        0.054820
     H   19       -0.059985        0.605713       -0.723014
     H   19        0.054820       -0.723014       -0.089681

     C   20        0.225140        0.288688        0.336111
     C   20        0.288688        0.061609       -0.254835
     C   20        0.336111       -0.254835       -0.286749

     H   21        0.565249       -0.260668        0.718180
     H   21       -0.260668       -0.421449       -0.229270
     H   21        0.718180       -0.229270       -0.143800

     C   22        0.148892        0.284707        0.256545
     C   22        0.284707        0.156880       -0.309680
     C   22        0.256545       -0.309680       -0.305772

     C   23        0.192212        0.247691        0.409717
     C   23        0.247691        0.036251       -0.282522
     C   23        0.409717       -0.282522       -0.228463

     Cl  24        0.124829        0.223076        0.043412
     Cl  24        0.223076        0.028021        0.022955
     Cl  24        0.043412        0.022955       -0.152849

     ----- GIPAW term -----
     Cl   1       -0.476161       -1.736867       -0.128205
     Cl   1       -1.736867       -0.563738        1.733625
     Cl   1       -0.128205        1.733625        1.039899

     C    2       -0.149338       -0.028731       -0.047104
     C    2       -0.028731       -0.009614        0.129476
     C    2       -0.047104        0.129476        0.158952

     C    3        0.028245       -0.011250        0.030479
     C    3       -0.011250        0.017743        0.031521
     C    3        0.030479        0.031521       -0.045988

     H    4       -0.000000        0.000000        0.000000
     H    4        0.000000        0.000000        0.000000
     H    4        0.000000        0.000000        0.000000

     C    5       -0.005856        0.005206        0.005563
     C    5        0.005206        0.032383        0.017843
     C    5        0.005563        0.017843       -0.026527

     H    6       -0.000000        0.000000        0.000000
     H    6        0.000000        0.000000        0.000000
     H    6        0.000000        0.000000        0.000000

     H    7       -0.000000        0.000000        0.000000
     H    7        0.000000        0.000000        0.000000
     H    7        0.000000        0.000000        0.000000

     C    8       -0.024271       -0.147979       -0.073643
     C    8       -0.147979        0.032861        0.168301
     C    8       -0.073643        0.168301       -0.008590

     H    9       -0.000000        0.000000        0.000000
     H    9        0.000000        0.000000        0.000000
     H    9        0.000000        0.000000        0.000000

     C   10       -0.061873       -0.022386       -0.038480
     C   10       -0.022386        0.010058        0.065238
     C   10       -0.038480        0.065238        0.051815

     C   11        0.012125        0.155541       -0.058565
     C   11        0.155541        0.048385        0.166294
     C   11       -0.058565        0.166294       -0.060509

     Cl  12        1.749041        1.632499        0.121727
     Cl  12        1.632499       -0.321046        0.046767
     Cl  12        0.121727        0.046767       -1.427996

     H   13       -0.000000        0.000000        0.000000
     H   13        0.000000        0.000000        0.000000
     H   13        0.000000        0.000000        0.000000

     C   14       -0.064777        0.157929       -0.021713
     C   14        0.157929        0.188822       -0.130768
     C   14       -0.021713       -0.130768       -0.124046

     H   15       -0.000000        0.000000        0.000000
     H   15        0.000000        0.000000        0.000000
     H   15        0.000000        0.000000        0.000000

     C   16       -0.114607        0.106916       -0.091822
     C   16        0.106916        0.107164       -0.147377
     C   16       -0.091822       -0.147377        0.007443

     C   17        0.017050       -0.186853       -0.068971
     C   17       -0.186853        0.102654       -0.021615
     C   17       -0.068971       -0.021615       -0.119704

     Cl  18       -0.675769       -1.366015        0.196214
     Cl  18       -1.366015        1.283883       -1.834412
     Cl  18        0.196214       -1.834412       -0.608114

     H   19       -0.000000        0.000000        0.000000
     H   19        0.000000        0.000000        0.000000
     H   19        0.000000        0.000000        0.000000

     C   20       -0.186869       -0.027123        0.003921
     C   20       -0.027123        0.144796        0.206832
     C   20        0.003921        0.206832        0.042073

     H   21       -0.000000        0.000000        0.000000
     H   21        0.000000        0.000000        0.000000
     H   21        0.000000        0.000000        0.000000

     C   22       -0.078252       -0.034185       -0.045485
     C   22       -0.034185        0.051402        0.155121
     C   22       -0.045485        0.155121        0.026850

     C   23       -0.037010       -0.082132       -0.089869
     C   23       -0.082132        0.107182        0.096705
     C   23       -0.089869        0.096705       -0.070172

     Cl  24       -0.045268        0.197289       -0.737310
     Cl  24        0.197289        0.360249        1.262421
     Cl  24       -0.737310        1.262421       -0.314981

     ----- total EFG -----
     Cl   1       -0.363395       -1.959666       -0.079012
     Cl   1       -1.959666       -0.576327        1.769591
     Cl   1       -0.079012        1.769591        0.939722

     C    2       -0.606526        0.194495       -0.207646
     C    2        0.194495        0.498149        0.294438
     C    2       -0.207646        0.294438        0.108377

     C    3        0.602641       -0.190478        0.304004
     C    3       -0.190478        0.163338        0.221943
     C    3        0.304004        0.221943       -0.765978

     H    4        0.535852        0.229714        0.591501
     H    4        0.229714       -0.085491        0.166979
     H    4        0.591501        0.166979       -0.450361

     C    5        0.092506        0.127606       -0.092251
     C    5        0.127606        0.476239        0.286263
     C    5       -0.092251        0.286263       -0.568745

     H    6       -0.144473       -0.133113        0.199365
     H    6       -0.133113        0.373020        0.723436
     H    6        0.199365        0.723436       -0.228547

     H    7       -0.251402        0.199725        0.035260
     H    7        0.199725        0.049866       -0.356902
     H    7        0.035260       -0.356902        0.201536

     C    8       -0.027048       -0.172983        0.016511
     C    8       -0.172983       -0.016050        0.397161
     C    8        0.016511        0.397161        0.043098

     H    9        0.228498        0.009945        0.188256
     H    9        0.009945       -0.169850       -0.000054
     H    9        0.188256       -0.000054       -0.058648

     C   10       -0.254821       -0.036679       -0.023811
     C   10       -0.036679        0.068274        0.119854
     C   10       -0.023811        0.119854        0.186546

     C   11       -0.034175        0.516258       -0.103286
     C   11        0.516258        0.121691        0.428860
     C   11       -0.103286        0.428860       -0.087516

     Cl  12        1.859825        1.697587        0.154595
     Cl  12        1.697587       -0.326895        0.056109
     Cl  12        0.154595        0.056109       -1.532931

     H   13       -0.215827       -0.138643        0.197330
     H   13       -0.138643        0.306646        0.461940
     H   13        0.197330        0.461940       -0.090819

     C   14        0.208374        0.388236       -0.131709
     C   14        0.388236        0.304071       -0.378001
     C   14       -0.131709       -0.378001       -0.512444

     H   15        0.482760        0.195065        0.303460
     H   15        0.195065       -0.219298        0.323530
     H   15        0.303460        0.323530       -0.263463

     C   16       -0.289817        0.326098       -0.262721
     C   16        0.326098        0.495901       -0.132273
     C   16       -0.262721       -0.132273       -0.206084

     C   17        0.384265       -0.364928       -0.427254
     C   17       -0.364928        0.191905       -0.301606
     C   17       -0.427254       -0.301606       -0.576170

     Cl  18       -0.813503       -1.344486        0.174976
     Cl  18       -1.344486        1.395884       -1.980347
     Cl  18        0.174976       -1.980347       -0.582381

     H   19        0.020275       -0.048826        0.017134
     H   19       -0.048826        0.486035       -0.421898
     H   19        0.017134       -0.421898       -0.506310

     C   20       -0.536774       -0.072150        0.189468
     C   20       -0.072150        0.449167        0.313686
     C   20        0.189468        0.313686        0.087606

     H   21        0.637528       -0.245589        0.244871
     H   21       -0.245589       -0.150397       -0.461020
     H   21        0.244871       -0.461020       -0.487131

     C   22        0.091334        0.090833        0.072438
     C   22        0.090833        0.123312        0.260789
     C   22        0.072438        0.260789       -0.214646

     C   23       -0.134061       -0.116042       -0.091523
     C   23       -0.116042        0.257542        0.001507
     C   23       -0.091523        0.001507       -0.123481

     Cl  24        0.167694        0.499595       -0.586396
     Cl  24        0.499595        0.307098        1.020438
     Cl  24       -0.586396        1.020438       -0.474792

     ----- total EFG (symmetrized) -----
     Cl   1       -0.363395       -1.959666       -0.079012
     Cl   1       -1.959666       -0.576327        1.769591
     Cl   1       -0.079012        1.769591        0.939722

     C    2       -0.606526        0.194495       -0.207646
     C    2        0.194495        0.498149        0.294438
     C    2       -0.207646        0.294438        0.108377

     C    3        0.602641       -0.190478        0.304004
     C    3       -0.190478        0.163338        0.221943
     C    3        0.304004        0.221943       -0.765978

     H    4        0.535852        0.229714        0.591501
     H    4        0.229714       -0.085491        0.166979
     H    4        0.591501        0.166979       -0.450361

     C    5        0.092506        0.127606       -0.092251
     C    5        0.127606        0.476239        0.286263
     C    5       -0.092251        0.286263       -0.568745

     H    6       -0.144473       -0.133113        0.199365
     H    6       -0.133113        0.373020        0.723436
     H    6        0.199365        0.723436       -0.228547

     H    7       -0.251402        0.199725        0.035260
     H    7        0.199725        0.049866       -0.356902
     H    7        0.035260       -0.356902        0.201536

     C    8       -0.027048       -0.172983        0.016511
     C    8       -0.172983       -0.016050        0.397161
     C    8        0.016511        0.397161        0.043098

     H    9        0.228498        0.009945        0.188256
     H    9        0.009945       -0.169850       -0.000054
     H    9        0.188256       -0.000054       -0.058648

     C   10       -0.254821       -0.036679       -0.023811
     C   10       -0.036679        0.068274        0.119854
     C   10       -0.023811        0.119854        0.186546

     C   11       -0.034175        0.516258       -0.103286
     C   11        0.516258        0.121691        0.428860
     C   11       -0.103286        0.428860       -0.087516

     Cl  12        1.859825        1.697587        0.154595
     Cl  12        1.697587       -0.326895        0.056109
     Cl  12        0.154595        0.056109       -1.532931

     H   13       -0.215827       -0.138643        0.197330
     H   13       -0.138643        0.306646        0.461940
     H   13        0.197330        0.461940       -0.090819

     C   14        0.208374        0.388236       -0.131709
     C   14        0.388236        0.304071       -0.378001
     C   14       -0.131709       -0.378001       -0.512444

     H   15        0.482760        0.195065        0.303460
     H   15        0.195065       -0.219298        0.323530
     H   15        0.303460        0.323530       -0.263463

     C   16       -0.289817        0.326098       -0.262721
     C   16        0.326098        0.495901       -0.132273
     C   16       -0.262721       -0.132273       -0.206084

     C   17        0.384265       -0.364928       -0.427254
     C   17       -0.364928        0.191905       -0.301606
     C   17       -0.427254       -0.301606       -0.576170

     Cl  18       -0.813503       -1.344486        0.174976
     Cl  18       -1.344486        1.395884       -1.980347
     Cl  18        0.174976       -1.980347       -0.582381

     H   19        0.020275       -0.048826        0.017134
     H   19       -0.048826        0.486035       -0.421898
     H   19        0.017134       -0.421898       -0.506310

     C   20       -0.536774       -0.072150        0.189468
     C   20       -0.072150        0.449167        0.313686
     C   20        0.189468        0.313686        0.087606

     H   21        0.637528       -0.245589        0.244871
     H   21       -0.245589       -0.150397       -0.461020
     H   21        0.244871       -0.461020       -0.487131

     C   22        0.091334        0.090833        0.072438
     C   22        0.090833        0.123312        0.260789
     C   22        0.072438        0.260789       -0.214646

     C   23       -0.134061       -0.116042       -0.091523
     C   23       -0.116042        0.257542        0.001507
     C   23       -0.091523        0.001507       -0.123481

     Cl  24        0.167694        0.499595       -0.586396
     Cl  24        0.499595        0.307098        1.020438
     Cl  24       -0.586396        1.020438       -0.474792


     NQR/NMR SPECTROSCOPIC PARAMETERS:
     Cl   1    Vxx=    0.2266    axis=(  0.702875 -0.238642  0.670087)
     Cl   1    Vyy=    2.6459    axis=( -0.420990  0.619768  0.662310)
     Cl   1    Vzz=   -2.8725    axis=( -0.573354 -0.747621  0.335154)
     Cl   1  Q=        -8.1650 1e-30 m^2  Cq=        55.1075 MHz  eta= 0.84221

     C    2    Vxx=    0.0618    axis=( -0.375761 -0.397420  0.837175)
     C    2    Vyy=    0.6610    axis=(  0.062769  0.890388  0.450854)
     C    2    Vzz=   -0.7228    axis=( -0.924588  0.221962 -0.309628)
     C    2  Q=         1.0000 1e-30 m^2  Cq=        -1.6982 MHz  eta= 0.82898

     C    3    Vxx=    0.1871    axis=(  0.217845  0.932911  0.286740)
     C    3    Vyy=    0.7065    axis=(  0.950295 -0.269713  0.155546)
     C    3    Vzz=   -0.8935    axis=( -0.222449 -0.238602  0.945297)
     C    3  Q=         1.0000 1e-30 m^2  Cq=        -2.0995 MHz  eta= 0.58127

     H    4    Vxx=   -0.1603    axis=(  0.286959 -0.957337  0.034065)
     H    4    Vyy=   -0.7322    axis=(  0.407614  0.089846 -0.908724)
     H    4    Vzz=    0.8925    axis=(  0.866894  0.274652  0.416006)
     H    4  Q=         1.0000 1e-30 m^2  Cq=         2.0970 MHz  eta= 0.64080

     C    5    Vxx=    0.0904    axis=(  0.964286 -0.165465 -0.206820)
     C    5    Vyy=    0.5713    axis=(  0.210958  0.951959  0.221971)
     C    5    Vzz=   -0.6617    axis=(  0.160155 -0.257674  0.952866)
     C    5  Q=         1.0000 1e-30 m^2  Cq=        -1.5546 MHz  eta= 0.72676

     H    6    Vxx=   -0.0567    axis=(  0.939008 -0.190802  0.286109)
     H    6    Vyy=   -0.7990    axis=(  0.343895  0.521180 -0.781094)
     H    6    Vzz=    0.8557    axis=( -0.000080  0.831845  0.555008)
     H    6  Q=         1.0000 1e-30 m^2  Cq=         2.0106 MHz  eta= 0.86752

     H    7    Vxx=   -0.0758    axis=(  0.672759  0.494278  0.550531)
     H    7    Vyy=   -0.4283    axis=( -0.727168  0.578983  0.368790)
     H    7    Vzz=    0.5041    axis=( -0.136464 -0.648435  0.748939)
     H    7  Q=         1.0000 1e-30 m^2  Cq=         1.1845 MHz  eta= 0.69924

     C    8    Vxx=   -0.0039    axis=(  0.914460 -0.084803  0.395690)
     C    8    Vyy=   -0.4332    axis=(  0.331079  0.719040 -0.611039)
     C    8    Vzz=    0.4371    axis=( -0.232699  0.689776  0.685610)
     C    8  Q=         1.0000 1e-30 m^2  Cq=         1.0269 MHz  eta= 0.98233

     H    9    Vxx=   -0.1508    axis=( -0.428314 -0.226054  0.874898)
     H    9    Vyy=   -0.1710    axis=(  0.116044 -0.973947 -0.194835)
     H    9    Vzz=    0.3218    axis=(  0.896148  0.018076  0.443387)
     H    9  Q=         1.0000 1e-30 m^2  Cq=         0.7562 MHz  eta= 0.06292

     C   10    Vxx=   -0.0049    axis=( -0.072427  0.841285 -0.535719)
     C   10    Vyy=   -0.2592    axis=( -0.994454 -0.101979 -0.025701)
     C   10    Vzz=    0.2641    axis=( -0.076254  0.530886  0.844005)
     C   10  Q=         1.0000 1e-30 m^2  Cq=         0.6205 MHz  eta= 0.96297

     C   11    Vxx=    0.0362    axis=( -0.643977  0.064761  0.762299)
     C   11    Vyy=    0.6689    axis=( -0.514355 -0.774254 -0.368741)
     C   11    Vzz=   -0.7051    axis=(  0.566333 -0.629553  0.531912)
     C   11  Q=         1.0000 1e-30 m^2  Cq=        -1.6566 MHz  eta= 0.89740

     Cl  12    Vxx=   -1.2506    axis=(  0.474039 -0.876351  0.085415)
     Cl  12    Vyy=   -1.5412    axis=( -0.073776  0.057134  0.995637)
     Cl  12    Vzz=    2.7918    axis=( -0.877408 -0.478272 -0.037570)
     Cl  12  Q=        -8.1650 1e-30 m^2  Cq=       -53.5592 MHz  eta= 0.10407

     H   13    Vxx=   -0.0483    axis=(  0.820990 -0.306351  0.481793)
     H   13    Vyy=   -0.5626    axis=(  0.570864  0.454458 -0.683800)
     H   13    Vzz=    0.6109    axis=( -0.009472  0.836431  0.547990)
     H   13  Q=         1.0000 1e-30 m^2  Cq=         1.4353 MHz  eta= 0.84189

     C   14    Vxx=   -0.0966    axis=(  0.801150 -0.546786  0.243275)
     C   14    Vyy=   -0.6611    axis=( -0.026445  0.373759  0.927149)
     C   14    Vzz=    0.7577    axis=( -0.597878 -0.749219  0.284977)
     C   14  Q=         1.0000 1e-30 m^2  Cq=         1.7802 MHz  eta= 0.74503

     H   15    Vxx=   -0.1157    axis=(  0.491447 -0.698563 -0.520086)
     H   15    Vyy=   -0.5747    axis=(  0.101013  0.638868 -0.762656)
     H   15    Vzz=    0.6903    axis=(  0.865030  0.322269  0.384534)
     H   15  Q=         1.0000 1e-30 m^2  Cq=         1.6220 MHz  eta= 0.66492

     C   16    Vxx=   -0.1238    axis=( -0.453416  0.407744  0.792565)
     C   16    Vyy=   -0.5443    axis=(  0.809814 -0.182983  0.557422)
     C   16    Vzz=    0.6682    axis=( -0.372311 -0.894574  0.247229)
     C   16  Q=         1.0000 1e-30 m^2  Cq=         1.5699 MHz  eta= 0.62934

     C   17    Vxx=    0.2089    axis=(  0.381234  0.774385 -0.504964)
     C   17    Vyy=    0.6906    axis=( -0.840253  0.518031  0.160057)
     C   17    Vzz=   -0.8996    axis=(  0.385532  0.363279  0.848171)
     C   17  Q=         1.0000 1e-30 m^2  Cq=        -2.1136 MHz  eta= 0.53550

     Cl  18    Vxx=   -0.9023    axis=(  0.815434 -0.021408 -0.578454)
     Cl  18    Vyy=   -2.1226    axis=(  0.488243  0.562245  0.667458)
     Cl  18    Vzz=    3.0249    axis=( -0.310944  0.826694 -0.468926)
     Cl  18  Q=        -8.1650 1e-30 m^2  Cq=       -58.0312 MHz  eta= 0.40340

     H   19    Vxx=    0.0160    axis=(  0.996592  0.077023 -0.029523)
     H   19    Vyy=    0.6454    axis=( -0.082479  0.935388 -0.343869)
     H   19    Vzz=   -0.6614    axis=(  0.001130  0.345132  0.938553)
     H   19  Q=         1.0000 1e-30 m^2  Cq=        -1.5541 MHz  eta= 0.95164

     C   20    Vxx=   -0.0169    axis=(  0.358230 -0.482537  0.799268)
     C   20    Vyy=   -0.6145    axis=(  0.933182  0.158433 -0.322600)
     C   20    Vzz=    0.6314    axis=(  0.029036  0.861427  0.507051)
     C   20  Q=         1.0000 1e-30 m^2  Cq=         1.4835 MHz  eta= 0.94661

     H   21    Vxx=   -0.0076    axis=(  0.465148  0.744773 -0.478488)
     H   21    Vyy=   -0.8123    axis=( -0.044951  0.559697  0.827477)
     H   21    Vzz=    0.8199    axis=(  0.884091 -0.363391  0.293821)
     H   21  Q=         1.0000 1e-30 m^2  Cq=         1.9263 MHz  eta= 0.98148

     C   22    Vxx=    0.0354    axis=(  0.894154 -0.413368 -0.172091)
     C   22    Vyy=    0.3220    axis=( -0.445252 -0.780241 -0.439288)
     C   22    Vzz=   -0.3574    axis=(  0.047315  0.469415 -0.881709)
     C   22  Q=         1.0000 1e-30 m^2  Cq=        -0.8397 MHz  eta= 0.80189

     C   23    Vxx=   -0.0555    axis=( -0.584202 -0.220349  0.781124)
     C   23    Vyy=   -0.2355    axis=( -0.763350 -0.177748 -0.621050)
     C   23    Vzz=    0.2910    axis=(  0.275690 -0.959089 -0.064363)
     C   23  Q=         1.0000 1e-30 m^2  Cq=         0.6837 MHz  eta= 0.61886

     Cl  24    Vxx=    0.5045    axis=( -0.900753 -0.115927  0.418575)
     Cl  24    Vyy=    1.0197    axis=( -0.134327 -0.842118 -0.522297)
     Cl  24    Vzz=   -1.5242    axis=(  0.413038 -0.526687  0.742968)
     Cl  24  Q=        -8.1650 1e-30 m^2  Cq=        29.2404 MHz  eta= 0.33802

     Initialization:
     gipaw_setup  :      9.26s CPU     11.19s WALL (       1 calls)

     Linear response

     Apply operators

     Induced current

     Other routines
     efg          :      9.09s CPU     11.62s WALL (       1 calls)

     General routines
     calbec       :      3.28s CPU      4.55s WALL (      16 calls)
     fft          :      1.68s CPU      2.37s WALL (      15 calls)
     ffts         :      0.04s CPU      0.05s WALL (       2 calls)
     fftw         :      3.19s CPU      3.83s WALL (     672 calls)
     davcio       :      0.03s CPU      0.32s WALL (      32 calls)

     Parallel routines
     fft_scatter  :      2.30s CPU      3.41s WALL (     689 calls)

     Plugins

     GIPAW        :     60.65s CPU     72.40s WALL (       1 calls)
