
     Program QE v.6.0 (svn rev. 13079) starts on 20Jan2017 at  5:54:40 

     This program is part of the open-source Quantum ESPRESSO suite
     for quantum simulation of materials; please cite
         "P. Giannozzi et al., J. Phys.:Condens. Matter 21 395502 (2009);
          URL http://www.quantum-espresso.org", 
     in publications or presentations arising from this work. More details at
     http://www.quantum-espresso.org/quote

     Parallel version (MPI), running on     8 processors
     R & G space division:  proc/nbgrp/npool/nimage =       8

     ***** This is GIPAW svn revision unknown      *****

     Parallelizing q-star over 1 images

     Reading data from directory:
     /users/majewski/paradichlorobenzene/pbe/9_constraint/scratch/pbe.ecut100.np8.dt60.pcl2phi-129368.save
     Message from routine read_xml_file:
     file /users/majewski/paradichlorobenzene/pbe/9_constraint/scratch/pbe.ecut100.np8.dt60.pcl2phi-129368.save not guaranteed to be safe for post-processing

   Info: using nr1, nr2, nr3 values from input

   Info: using nr1, nr2, nr3 values from input

     IMPORTANT: XC functional enforced from input :
     Exchange-correlation      =  SLA  PW   PBX  PBC ( 1  4  3  4 0 0)
     Any further DFT definition will be discarded
     Please, verify this is what you really want

               file C.pbe-n-kjpaw_psl.1.0.0.UPF: wavefunction(s)  2S 2P renormalized
               file Cl.pbe-n-kjpaw_psl.1.0.0.UPF: wavefunction(s)  3S 3P renormalized
               file H.pbe-kjpaw_psl.1.0.0.UPF: wavefunction(s)  1S renormalized

     Parallelization info
     --------------------
     sticks:   dense  smooth     PW     G-vecs:    dense   smooth      PW
     Min        3057    1223    332               144436    36536    5170
     Max        3059    1225    333               144437    36537    5171
     Sum       24467    9791   2657              1155489   292295   41363


     Subspace diagonalization in iterative solution of the eigenvalue problem:
     a serial algorithm will be used

     GIPAW projectors -----------------------------------------------
     atom=  C    l=0  rc=    1.2000  rs=    0.8000
     atom=  C    l=0  rc=    1.2000  rs=    0.8000
     atom=  C    l=1  rc=    1.4000  rs=    0.9333
     atom=  C    l=1  rc=    1.4000  rs=    0.9333
     projs nearly linearly dependent: l=1  n1,n2= 1, 2  s=  0.99951561

     atom=  Cl   l=0  rc=    1.6000  rs=    1.0667
     atom=  Cl   l=0  rc=    1.6000  rs=    1.0667
     atom=  Cl   l=1  rc=    1.6000  rs=    1.0667
     atom=  Cl   l=1  rc=    1.6000  rs=    1.0667
     atom=  Cl   l=2  rc=    1.6000  rs=    1.0667
     atom=  Cl   l=2  rc=    1.6000  rs=    1.0667
     projs nearly linearly dependent: l=2  n1,n2= 1, 2  s=  0.99993509

     atom=  H    l=0  rc=    1.0000  rs=    0.6667
     atom=  H    l=0  rc=    1.0000  rs=    0.6667
     projs nearly linearly dependent: l=0  n1,n2= 1, 2  s=  0.99968852
     -----------------------------------------------------------------

     GIPAW integrals: -------------------------------------------
     Atom  i/j   nmr_para   nmr_dia   epr_rmc  epr_para   epr_dia
       C   1 1   0.83E+03  0.17E-01  0.93E+01  0.24E+08  0.24E+03
       C   2 1   0.86E+03 -0.61E-01  0.94E+01  0.25E+08  0.25E+03
       C   2 2   0.90E+03 -0.15E+00  0.97E+01  0.26E+08  0.26E+03
       C   3 3   0.33E+01  0.34E+00  0.18E+01  0.55E+03  0.21E+02
       C   4 3   0.35E+01  0.37E+00  0.20E+01  0.59E+03  0.22E+02
       C   4 4   0.38E+01  0.39E+00  0.22E+01  0.63E+03  0.24E+02
       Cl  1 1   0.14E+04 -0.47E+00  0.84E+01  0.32E+09  0.42E+03
       Cl  2 1   0.21E+04 -0.37E+00  0.12E+02  0.49E+09  0.65E+03
       Cl  2 2   0.33E+04 -0.16E+00  0.21E+02  0.76E+09  0.10E+04
       Cl  3 3   0.21E+02  0.79E-01  0.89E+01  0.23E+05  0.13E+03
       Cl  4 3   0.24E+02  0.67E-01  0.99E+01  0.27E+05  0.15E+03
       Cl  4 4   0.28E+02  0.44E-01  0.11E+02  0.32E+05  0.18E+03
       Cl  5 5   0.77E+00  0.19E+00  0.18E+01  0.12E+03  0.22E+02
       Cl  6 5   0.80E+00  0.19E+00  0.19E+01  0.12E+03  0.23E+02
       Cl  6 6   0.83E+00  0.20E+00  0.19E+01  0.12E+03  0.23E+02
       H   1 1   0.39E+02  0.19E+00  0.29E+00  0.78E+05  0.13E+02
       H   2 1   0.41E+02  0.21E+00  0.32E+00  0.82E+05  0.14E+02
       H   2 2   0.43E+02  0.22E+00  0.36E+00  0.86E+05  0.15E+02
     ------------------------------------------------------------

     alpha_pv=     34.7439 eV

     Number of occupied bands for each k-point:
     k-point:     1    nbnd_occ=  42
     k-point:     2    nbnd_occ=  42
     k-point:     3    nbnd_occ=  42
     k-point:     4    nbnd_occ=  42
     k-point:     5    nbnd_occ=  42
     k-point:     6    nbnd_occ=  42
     k-point:     7    nbnd_occ=  42
     k-point:     8    nbnd_occ=  42
     k-point:     9    nbnd_occ=  42
     k-point:    10    nbnd_occ=  42
     k-point:    11    nbnd_occ=  42
     k-point:    12    nbnd_occ=  42
     k-point:    13    nbnd_occ=  42
     k-point:    14    nbnd_occ=  42
     k-point:    15    nbnd_occ=  42
     k-point:    16    nbnd_occ=  42


     q-space interpolation up to   110.00 Rydberg

     GIPAW job: efg                                                                             


     ELECTRIC FIELD GRADIENTS TENSORS IN Hartree/bohrradius^2:

     ----- bare term -----
     Cl   1        0.124931        0.025441        0.030152
     Cl   1        0.025441       -0.156528       -0.094975
     Cl   1        0.030152       -0.094975        0.031597

     C    2       -0.691511        0.473976       -0.336308
     C    2        0.473976        0.291804       -0.096479
     C    2       -0.336308       -0.096479        0.399707

     C    3        0.302895        0.014419       -0.230455
     C    3        0.014419       -0.191191       -0.366462
     C    3       -0.230455       -0.366462       -0.111704

     H    4        0.000967        0.190341       -0.436216
     H    4        0.190341       -0.010310        0.156776
     H    4       -0.436216        0.156776        0.009343

     C    5       -0.472159        0.306333       -0.012350
     C    5        0.306333        0.154684        0.032847
     C    5       -0.012350        0.032847        0.317475

     H    6        0.475892        0.094290       -0.187682
     H    6        0.094290        0.026369       -0.153989
     H    6       -0.187682       -0.153989       -0.502261

     H    7        0.349880        0.276240        0.039169
     H    7        0.276240       -0.669490       -0.036270
     H    7        0.039169       -0.036270        0.319610

     C    8        0.124258        0.054692       -0.128634
     C    8        0.054692       -0.185208        0.239776
     C    8       -0.128634        0.239776        0.060951

     H    9       -0.144557        0.369454        0.036562
     H    9        0.369454       -0.165088       -0.140810
     H    9        0.036562       -0.140810        0.309644

     C   10       -0.211648       -0.007574        0.118047
     C   10       -0.007574       -0.129740       -0.214985
     C   10        0.118047       -0.214985        0.341387

     C   11        0.257344        0.041879       -0.248924
     C   11        0.041879       -0.186908        0.436972
     C   11       -0.248924        0.436972       -0.070436

     Cl  12        0.071293       -0.178059        0.083115
     Cl  12       -0.178059       -0.142308       -0.357145
     Cl  12        0.083115       -0.357145        0.071015

     H   13        0.340570        0.101722        0.271131
     H   13        0.101722       -0.050924       -0.551564
     H   13        0.271131       -0.551564       -0.289646

     C   14       -0.151221       -0.092594       -0.384726
     C   14       -0.092594       -0.139438       -0.356790
     C   14       -0.384726       -0.356790        0.290659

     H   15       -0.017137       -0.103751       -0.319515
     H   15       -0.103751        0.317758       -0.468479
     H   15       -0.319515       -0.468479       -0.300621

     C   16       -0.537253        0.337461       -0.328989
     C   16        0.337461        0.099077       -0.151065
     C   16       -0.328989       -0.151065        0.438175

     C   17        0.009317       -0.177840       -0.326842
     C   17       -0.177840        0.019956       -0.678885
     C   17       -0.326842       -0.678885       -0.029273

     Cl  18       -0.224074        0.293872       -0.001202
     Cl  18        0.293872        0.063736       -0.044406
     Cl  18       -0.001202       -0.044406        0.160338

     H   19        0.422365        0.045077       -0.083106
     H   19        0.045077       -0.610044        0.652721
     H   19       -0.083106        0.652721        0.187679

     C   20       -0.899895       -0.374899       -0.470419
     C   20       -0.374899        0.371052        0.019641
     C   20       -0.470419        0.019641        0.528843

     H   21       -0.499919        0.213610        0.247151
     H   21        0.213610        0.357451        0.113754
     H   21        0.247151        0.113754        0.142468

     C   22        0.190943        0.023817       -0.047609
     C   22        0.023817       -0.504998        0.424431
     C   22       -0.047609        0.424431        0.314055

     C   23       -0.823346       -0.459000       -0.353691
     C   23       -0.459000        0.326842        0.007687
     C   23       -0.353691        0.007687        0.496504

     Cl  24       -0.041407        0.002402        0.052300
     Cl  24        0.002402       -0.027613       -0.077816
     Cl  24        0.052300       -0.077816        0.069020

     ----- ionic term -----
     Cl   1        0.125029       -0.237157       -0.029367
     Cl   1       -0.237157        0.013253        0.027540
     Cl   1       -0.029367        0.027540       -0.138282

     C    2        0.155936       -0.269463        0.280596
     C    2       -0.269463       -0.042276        0.416495
     C    2        0.280596        0.416495       -0.113659

     C    3        0.145039       -0.259494        0.193749
     C    3       -0.259494        0.036511        0.381256
     C    3        0.193749        0.381256       -0.181550

     H    4        0.588569        0.170940        0.709146
     H    4        0.170940       -0.485678        0.162859
     H    4        0.709146        0.162859       -0.102891

     C    5        0.250910       -0.216957        0.278707
     C    5       -0.216957       -0.042804        0.310311
     C    5        0.278707        0.310311       -0.208106

     H    6       -0.532772        0.129617        0.107406
     H    6        0.129617        0.491006        0.802619
     H    6        0.107406        0.802619        0.041766

     H    7       -0.500747       -0.214400        0.083073
     H    7       -0.214400        0.801055       -0.597518
     H    7        0.083073       -0.597518       -0.300308

     C    8        0.404108        0.045408        0.081473
     C    8        0.045408        0.095660       -0.304798
     C    8        0.081473       -0.304798       -0.499767

     H    9        0.774381       -0.485546        0.407913
     H    9       -0.485546       -0.293918       -0.218011
     H    9        0.407913       -0.218011       -0.480463

     C   10        0.230554        0.077299        0.048993
     C   10        0.077299        0.245389       -0.387831
     C   10        0.048993       -0.387831       -0.475943

     C   11        0.310347       -0.111279        0.081622
     C   11       -0.111279        0.221477       -0.386678
     C   11        0.081622       -0.386678       -0.531824

     Cl  12        0.124267        0.153019       -0.030084
     Cl  12        0.153019        0.002726       -0.031339
     Cl  12       -0.030084       -0.031339       -0.126993

     H   13       -0.501845       -0.067734       -0.010272
     H   13       -0.067734        0.352259        0.793290
     H   13       -0.010272        0.793290        0.149585

     C   14        0.272866       -0.336239        0.284460
     C   14       -0.336239       -0.109724        0.294237
     C   14        0.284460        0.294237       -0.163143

     H   15        0.393408        0.219371        0.756847
     H   15        0.219371       -0.504488        0.262436
     H   15        0.756847        0.262436        0.111080

     C   16        0.089894       -0.302524        0.181482
     C   16       -0.302524        0.006312        0.454180
     C   16        0.181482        0.454180       -0.096206

     C   17        0.189457       -0.220362        0.274485
     C   17       -0.220362       -0.086164        0.427766
     C   17        0.274485        0.427766       -0.103293

     Cl  18        0.154136       -0.188949        0.006322
     Cl  18       -0.188949       -0.012746        0.008030
     Cl  18        0.006322        0.008030       -0.141390

     H   19       -0.510114       -0.065585        0.004647
     H   19       -0.065585        0.691218       -0.691041
     H   19        0.004647       -0.691041       -0.181104

     C   20        0.441644       -0.005331        0.051584
     C   20       -0.005331        0.094132       -0.302248
     C   20        0.051584       -0.302248       -0.535776

     H   21        0.769648       -0.547937        0.356119
     H   21       -0.547937       -0.242656       -0.197313
     H   21        0.356119       -0.197313       -0.526992

     C   22        0.240797        0.094087        0.047819
     C   22        0.094087        0.273379       -0.331364
     C   22        0.047819       -0.331364       -0.514176

     C   23        0.335935        0.083191        0.106040
     C   23        0.083191        0.218237       -0.336638
     C   23        0.106040       -0.336638       -0.554172

     Cl  24        0.182102        0.247441       -0.018447
     Cl  24        0.247441       -0.012005       -0.016615
     Cl  24       -0.018447       -0.016615       -0.170096

     ----- GIPAW term -----
     Cl   1       -0.151326       -0.557602        0.461131
     Cl   1       -0.557602        1.308258        1.601073
     Cl   1        0.461131        1.601073       -1.156932

     C    2       -0.141858        0.015046       -0.028613
     C    2        0.015046        0.237966        0.011547
     C    2       -0.028613        0.011547       -0.096108

     C    3       -0.005014       -0.020754       -0.020649
     C    3       -0.020754        0.069727       -0.015773
     C    3       -0.020649       -0.015773       -0.064713

     H    4       -0.000000        0.000000        0.000000
     H    4        0.000000        0.000000        0.000000
     H    4        0.000000        0.000000        0.000000

     C    5       -0.047437       -0.036322        0.032355
     C    5       -0.036322        0.057460        0.000917
     C    5        0.032355        0.000917       -0.010023

     H    6       -0.000000        0.000000        0.000000
     H    6        0.000000        0.000000        0.000000
     H    6        0.000000        0.000000        0.000000

     H    7       -0.000000        0.000000        0.000000
     H    7        0.000000        0.000000        0.000000
     H    7        0.000000        0.000000        0.000000

     C    8       -0.011152       -0.006663        0.000599
     C    8       -0.006663        0.097731        0.026376
     C    8        0.000599        0.026376       -0.086579

     H    9       -0.000000        0.000000        0.000000
     H    9        0.000000        0.000000        0.000000
     H    9        0.000000        0.000000        0.000000

     C   10        0.001164        0.026363        0.018797
     C   10        0.026363       -0.009214       -0.038182
     C   10        0.018797       -0.038182        0.008050

     C   11        0.013526        0.003658       -0.029413
     C   11        0.003658        0.064949        0.008328
     C   11       -0.029413        0.008328       -0.078475

     Cl  12       -0.432292       -0.093753       -0.374077
     Cl  12       -0.093753        0.303024        0.978859
     Cl  12       -0.374077        0.978859        0.129268

     H   13       -0.000000        0.000000        0.000000
     H   13        0.000000        0.000000        0.000000
     H   13        0.000000        0.000000        0.000000

     C   14       -0.065688       -0.121592       -0.120008
     C   14       -0.121592        0.032222        0.073995
     C   14       -0.120008        0.073995        0.033466

     H   15       -0.000000        0.000000        0.000000
     H   15        0.000000        0.000000        0.000000
     H   15        0.000000        0.000000        0.000000

     C   16       -0.151185       -0.061084       -0.116116
     C   16       -0.061084        0.135634        0.101010
     C   16       -0.116116        0.101010        0.015551

     C   17       -0.055308       -0.099334       -0.034484
     C   17       -0.099334        0.184316       -0.154090
     C   17       -0.034484       -0.154090       -0.129008

     Cl  18       -1.076793        0.140358       -0.329171
     Cl  18        0.140358        2.549194       -1.312831
     Cl  18       -0.329171       -1.312831       -1.472400

     H   19       -0.000000        0.000000        0.000000
     H   19        0.000000        0.000000        0.000000
     H   19        0.000000        0.000000        0.000000

     C   20       -0.172827       -0.009287       -0.056035
     C   20       -0.009287        0.110334       -0.153282
     C   20       -0.056035       -0.153282        0.062493

     H   21       -0.000000        0.000000        0.000000
     H   21        0.000000        0.000000        0.000000
     H   21        0.000000        0.000000        0.000000

     C   22       -0.044975        0.049403       -0.018789
     C   22        0.049403       -0.026767       -0.110145
     C   22       -0.018789       -0.110145        0.071743

     C   23       -0.167553       -0.002569       -0.030662
     C   23       -0.002569        0.182794       -0.157122
     C   23       -0.030662       -0.157122       -0.015241

     Cl  24       -0.403916        1.625744        0.160454
     Cl  24        1.625744        0.015880       -2.064075
     Cl  24        0.160454       -2.064075        0.388036

     ----- total EFG -----
     Cl   1        0.098634       -0.769318        0.461915
     Cl   1       -0.769318        1.164983        1.533639
     Cl   1        0.461915        1.533639       -1.263617

     C    2       -0.677433        0.219560       -0.084325
     C    2        0.219560        0.487493        0.331564
     C    2       -0.084325        0.331564        0.189940

     C    3        0.442920       -0.265828       -0.057356
     C    3       -0.265828       -0.084954       -0.000979
     C    3       -0.057356       -0.000979       -0.357966

     H    4        0.589536        0.361282        0.272931
     H    4        0.361282       -0.495988        0.319635
     H    4        0.272931        0.319635       -0.093548

     C    5       -0.268686        0.053055        0.298712
     C    5        0.053055        0.169340        0.344074
     C    5        0.298712        0.344074        0.099346

     H    6       -0.056879        0.223907       -0.080276
     H    6        0.223907        0.517374        0.648630
     H    6       -0.080276        0.648630       -0.460495

     H    7       -0.150867        0.061840        0.122242
     H    7        0.061840        0.131565       -0.633787
     H    7        0.122242       -0.633787        0.019302

     C    8        0.517213        0.093437       -0.046561
     C    8        0.093437        0.008182       -0.038646
     C    8       -0.046561       -0.038646       -0.525396

     H    9        0.629824       -0.116091        0.444475
     H    9       -0.116091       -0.459006       -0.358821
     H    9        0.444475       -0.358821       -0.170819

     C   10        0.020070        0.096089        0.185838
     C   10        0.096089        0.106436       -0.640999
     C   10        0.185838       -0.640999       -0.126506

     C   11        0.581218       -0.065742       -0.196715
     C   11       -0.065742        0.099517        0.058623
     C   11       -0.196715        0.058623       -0.680735

     Cl  12       -0.236732       -0.118793       -0.321046
     Cl  12       -0.118793        0.163443        0.590374
     Cl  12       -0.321046        0.590374        0.073290

     H   13       -0.161275        0.033988        0.260860
     H   13        0.033988        0.301335        0.241725
     H   13        0.260860        0.241725       -0.140061

     C   14        0.055957       -0.550425       -0.220274
     C   14       -0.550425       -0.216940        0.011442
     C   14       -0.220274        0.011442        0.160982

     H   15        0.376271        0.115620        0.437331
     H   15        0.115620       -0.186730       -0.206042
     H   15        0.437331       -0.206042       -0.189541

     C   16       -0.598544       -0.026147       -0.263622
     C   16       -0.026147        0.241023        0.404125
     C   16       -0.263622        0.404125        0.357520

     C   17        0.143467       -0.497536       -0.086841
     C   17       -0.497536        0.118108       -0.405208
     C   17       -0.086841       -0.405208       -0.261575

     Cl  18       -1.146731        0.245281       -0.324051
     Cl  18        0.245281        2.600184       -1.349207
     Cl  18       -0.324051       -1.349207       -1.453453

     H   19       -0.087749       -0.020508       -0.078460
     H   19       -0.020508        0.081174       -0.038321
     H   19       -0.078460       -0.038321        0.006575

     C   20       -0.631077       -0.389517       -0.474870
     C   20       -0.389517        0.575518       -0.435889
     C   20       -0.474870       -0.435889        0.055559

     H   21        0.269729       -0.334327        0.603270
     H   21       -0.334327        0.114795       -0.083559
     H   21        0.603270       -0.083559       -0.384524

     C   22        0.386765        0.167307       -0.018579
     C   22        0.167307       -0.258387       -0.017079
     C   22       -0.018579       -0.017079       -0.128379

     C   23       -0.654965       -0.378379       -0.278314
     C   23       -0.378379        0.727873       -0.486073
     C   23       -0.278314       -0.486073       -0.072908

     Cl  24       -0.263221        1.875587        0.194307
     Cl  24        1.875587       -0.023738       -2.158506
     Cl  24        0.194307       -2.158506        0.286959

     ----- total EFG (symmetrized) -----
     Cl   1        0.098634       -0.769318        0.461915
     Cl   1       -0.769318        1.164983        1.533639
     Cl   1        0.461915        1.533639       -1.263617

     C    2       -0.677433        0.219560       -0.084325
     C    2        0.219560        0.487493        0.331564
     C    2       -0.084325        0.331564        0.189940

     C    3        0.442920       -0.265828       -0.057356
     C    3       -0.265828       -0.084954       -0.000979
     C    3       -0.057356       -0.000979       -0.357966

     H    4        0.589536        0.361282        0.272931
     H    4        0.361282       -0.495988        0.319635
     H    4        0.272931        0.319635       -0.093548

     C    5       -0.268686        0.053055        0.298712
     C    5        0.053055        0.169340        0.344074
     C    5        0.298712        0.344074        0.099346

     H    6       -0.056879        0.223907       -0.080276
     H    6        0.223907        0.517374        0.648630
     H    6       -0.080276        0.648630       -0.460495

     H    7       -0.150867        0.061840        0.122242
     H    7        0.061840        0.131565       -0.633787
     H    7        0.122242       -0.633787        0.019302

     C    8        0.517213        0.093437       -0.046561
     C    8        0.093437        0.008182       -0.038646
     C    8       -0.046561       -0.038646       -0.525396

     H    9        0.629824       -0.116091        0.444475
     H    9       -0.116091       -0.459006       -0.358821
     H    9        0.444475       -0.358821       -0.170819

     C   10        0.020070        0.096089        0.185838
     C   10        0.096089        0.106436       -0.640999
     C   10        0.185838       -0.640999       -0.126506

     C   11        0.581218       -0.065742       -0.196715
     C   11       -0.065742        0.099517        0.058623
     C   11       -0.196715        0.058623       -0.680735

     Cl  12       -0.236732       -0.118793       -0.321046
     Cl  12       -0.118793        0.163443        0.590374
     Cl  12       -0.321046        0.590374        0.073290

     H   13       -0.161275        0.033988        0.260860
     H   13        0.033988        0.301335        0.241725
     H   13        0.260860        0.241725       -0.140061

     C   14        0.055957       -0.550425       -0.220274
     C   14       -0.550425       -0.216940        0.011442
     C   14       -0.220274        0.011442        0.160982

     H   15        0.376271        0.115620        0.437331
     H   15        0.115620       -0.186730       -0.206042
     H   15        0.437331       -0.206042       -0.189541

     C   16       -0.598544       -0.026147       -0.263622
     C   16       -0.026147        0.241023        0.404125
     C   16       -0.263622        0.404125        0.357520

     C   17        0.143467       -0.497536       -0.086841
     C   17       -0.497536        0.118108       -0.405208
     C   17       -0.086841       -0.405208       -0.261575

     Cl  18       -1.146731        0.245281       -0.324051
     Cl  18        0.245281        2.600184       -1.349207
     Cl  18       -0.324051       -1.349207       -1.453453

     H   19       -0.087749       -0.020508       -0.078460
     H   19       -0.020508        0.081174       -0.038321
     H   19       -0.078460       -0.038321        0.006575

     C   20       -0.631077       -0.389517       -0.474870
     C   20       -0.389517        0.575518       -0.435889
     C   20       -0.474870       -0.435889        0.055559

     H   21        0.269729       -0.334327        0.603270
     H   21       -0.334327        0.114795       -0.083559
     H   21        0.603270       -0.083559       -0.384524

     C   22        0.386765        0.167307       -0.018579
     C   22        0.167307       -0.258387       -0.017079
     C   22       -0.018579       -0.017079       -0.128379

     C   23       -0.654965       -0.378379       -0.278314
     C   23       -0.378379        0.727873       -0.486073
     C   23       -0.278314       -0.486073       -0.072908

     Cl  24       -0.263221        1.875587        0.194307
     Cl  24        1.875587       -0.023738       -2.158506
     Cl  24        0.194307       -2.158506        0.286959


     NQR/NMR SPECTROSCOPIC PARAMETERS:
     Cl   1    Vxx=    0.2106    axis=(  0.913359  0.103453  0.393792)
     Cl   1    Vyy=    2.0408    axis=( -0.262666  0.888716  0.375753)
     Cl   1    Vzz=   -2.2514    axis=( -0.311096 -0.446633  0.838891)
     Cl   1  Q=        -8.1650 1e-30 m^2  Cq=        43.1927 MHz  eta= 0.81288

     C    2    Vxx=    0.0248    axis=( -0.251506 -0.482044  0.839272)
     C    2    Vyy=    0.7164    axis=(  0.102384  0.849030  0.518330)
     C    2    Vzz=   -0.7412    axis=( -0.962425  0.216291 -0.164183)
     C    2  Q=         1.0000 1e-30 m^2  Cq=        -1.7414 MHz  eta= 0.93315

     C    3    Vxx=   -0.1925    axis=( -0.372083 -0.918416  0.134414)
     C    3    Vyy=   -0.3641    axis=( -0.104105 -0.102605 -0.989259)
     C    3    Vzz=    0.5566    axis=(  0.922343 -0.382079 -0.057434)
     C    3  Q=         1.0000 1e-30 m^2  Cq=         1.3078 MHz  eta= 0.30829

     H    4    Vxx=   -0.1344    axis=( -0.459343  0.284774  0.841373)
     H    4    Vyy=   -0.7040    axis=( -0.168174  0.902202 -0.397177)
     H    4    Vzz=    0.8384    axis=( -0.872194 -0.323937 -0.366528)
     H    4  Q=         1.0000 1e-30 m^2  Cq=         1.9699 MHz  eta= 0.67947

     C    5    Vxx=   -0.0884    axis=( -0.537425  0.712623 -0.450936)
     C    5    Vyy=   -0.4656    axis=( -0.790490 -0.239422  0.563740)
     C    5    Vzz=    0.5540    axis=(  0.293770  0.659428  0.691992)
     C    5  Q=         1.0000 1e-30 m^2  Cq=         1.3018 MHz  eta= 0.68090

     H    6    Vxx=   -0.0473    axis=(  0.958390 -0.059259 -0.279244)
     H    6    Vyy=   -0.8232    axis=( -0.223152  0.454522 -0.862330)
     H    6    Vzz=    0.8705    axis=(  0.178023  0.888762  0.422385)
     H    6  Q=         1.0000 1e-30 m^2  Cq=         2.0453 MHz  eta= 0.89125

     H    7    Vxx=   -0.1136    axis=(  0.958260  0.222478  0.179561)
     H    7    Vyy=   -0.5997    axis=(  0.282591 -0.641784 -0.712920)
     H    7    Vzz=    0.7133    axis=(  0.043370 -0.733905  0.677866)
     H    7  Q=         1.0000 1e-30 m^2  Cq=         1.6760 MHz  eta= 0.68147

     C    8    Vxx=   -0.0067    axis=(  0.180188 -0.981980  0.056991)
     C    8    Vyy=   -0.5297    axis=( -0.038551 -0.064945 -0.997144)
     C    8    Vzz=    0.5364    axis=(  0.982876  0.177477 -0.049558)
     C    8  Q=         1.0000 1e-30 m^2  Cq=         1.2604 MHz  eta= 0.97495

     H    9    Vxx=   -0.1550    axis=( -0.459952 -0.598573  0.655862)
     H    9    Vyy=   -0.7225    axis=( -0.135248  0.777238  0.614498)
     H    9    Vzz=    0.8775    axis=(  0.877583 -0.193936  0.438448)
     H    9  Q=         1.0000 1e-30 m^2  Cq=         2.0619 MHz  eta= 0.64663

     C   10    Vxx=    0.0732    axis=(  0.960638  0.229924  0.155915)
     C   10    Vyy=    0.6449    axis=(  0.076197 -0.757796  0.648027)
     C   10    Vzz=   -0.7182    axis=(  0.267148 -0.610640 -0.745487)
     C   10  Q=         1.0000 1e-30 m^2  Cq=        -1.6874 MHz  eta= 0.79606

     C   11    Vxx=    0.0919    axis=(  0.147802  0.988311  0.037356)
     C   11    Vyy=    0.6216    axis=( -0.978032  0.140442  0.154047)
     C   11    Vzz=   -0.7135    axis=(  0.147000 -0.059304  0.987357)
     C   11  Q=         1.0000 1e-30 m^2  Cq=        -1.6765 MHz  eta= 0.74241

     Cl  12    Vxx=   -0.2350    axis=(  0.809886  0.548709 -0.207372)
     Cl  12    Vyy=   -0.5669    axis=( -0.511779  0.488216 -0.706914)
     Cl  12    Vzz=    0.8019    axis=(  0.286648 -0.678648 -0.676217)
     Cl  12  Q=        -8.1650 1e-30 m^2  Cq=       -15.3836 MHz  eta= 0.41385

     H   13    Vxx=   -0.0009    axis=(  0.716326 -0.483190  0.503393)
     H   13    Vyy=   -0.4421    axis=(  0.652213  0.207262 -0.729151)
     H   13    Vzz=    0.4430    axis=(  0.247985  0.850629  0.463610)
     H   13  Q=         1.0000 1e-30 m^2  Cq=         1.0408 MHz  eta= 0.99601

     C   14    Vxx=    0.0985    axis=(  0.234553 -0.376756  0.896125)
     C   14    Vyy=    0.5691    axis=( -0.742289  0.525820  0.415356)
     C   14    Vzz=   -0.6676    axis=( -0.627688 -0.762607 -0.156329)
     C   14  Q=         1.0000 1e-30 m^2  Cq=        -1.5687 MHz  eta= 0.70488

     H   15    Vxx=   -0.0420    axis=(  0.246198  0.852635 -0.460870)
     H   15    Vyy=   -0.5723    axis=( -0.408703  0.522491  0.748308)
     H   15    Vzz=    0.6142    axis=(  0.878834  0.004127  0.477111)
     H   15  Q=         1.0000 1e-30 m^2  Cq=         1.4432 MHz  eta= 0.86333

     C   16    Vxx=   -0.0694    axis=(  0.250395  0.775541 -0.579516)
     C   16    Vyy=   -0.6738    axis=( -0.954430  0.097346 -0.282113)
     C   16    Vzz=    0.7432    axis=( -0.162377  0.623747  0.764574)
     C   16  Q=         1.0000 1e-30 m^2  Cq=         1.7462 MHz  eta= 0.81325

     C   17    Vxx=   -0.0018    axis=(  0.644183  0.310143 -0.699171)
     C   17    Vyy=   -0.6852    axis=(  0.433361  0.605233  0.667751)
     C   17    Vzz=    0.6870    axis=( -0.630259  0.733147 -0.255477)
     C   17  Q=         1.0000 1e-30 m^2  Cq=         1.6142 MHz  eta= 0.99471

     Cl  18    Vxx=   -1.0981    axis=(  0.951487 -0.159171 -0.263320)
     Cl  18    Vyy=   -1.9360    axis=(  0.297489  0.257368  0.919381)
     Cl  18    Vzz=    3.0341    axis=( -0.078568 -0.953114  0.292234)
     Cl  18  Q=        -8.1650 1e-30 m^2  Cq=       -58.2073 MHz  eta= 0.27617

     H   19    Vxx=    0.0399    axis=(  0.522278 -0.426480 -0.738471)
     H   19    Vyy=    0.0984    axis=(  0.091241  0.888938 -0.448848)
     H   19    Vzz=   -0.1384    axis=(  0.847880  0.167045  0.503185)
     H   19  Q=         1.0000 1e-30 m^2  Cq=        -0.3251 MHz  eta= 0.42271

     C   20    Vxx=    0.2264    axis=( -0.565826  0.318331  0.760596)
     C   20    Vyy=    0.8329    axis=(  0.093610 -0.891700  0.442840)
     C   20    Vzz=   -1.0593    axis=(  0.819194  0.321770  0.474748)
     C   20  Q=         1.0000 1e-30 m^2  Cq=        -2.4889 MHz  eta= 0.57255

     H   21    Vxx=   -0.0353    axis=(  0.315732  0.888571  0.332799)
     H   21    Vyy=   -0.7561    axis=( -0.532771 -0.124212  0.837094)
     H   21    Vzz=    0.7914    axis=(  0.785155 -0.441603  0.434188)
     H   21  Q=         1.0000 1e-30 m^2  Cq=         1.8594 MHz  eta= 0.91080

     C   22    Vxx=   -0.1284    axis=(  0.055340 -0.059719  0.996680)
     C   22    Vyy=   -0.3001    axis=( -0.234258  0.969571  0.071102)
     C   22    Vzz=    0.4284    axis=( -0.970598 -0.237415  0.039667)
     C   22  Q=         1.0000 1e-30 m^2  Cq=         1.0067 MHz  eta= 0.40069

     C   23    Vxx=   -0.0440    axis=( -0.526442  0.253083  0.811670)
     C   23    Vyy=   -0.9463    axis=(  0.837596  0.318229  0.444031)
     C   23    Vzz=    0.9902    axis=(  0.145921 -0.913608  0.379510)
     C   23  Q=         1.0000 1e-30 m^2  Cq=         2.3266 MHz  eta= 0.91122

     Cl  24    Vxx=    0.1638    axis=(  0.755174  0.104899  0.647077)
     Cl  24    Vyy=    2.7940    axis=(  0.398711  0.710029 -0.580421)
     Cl  24    Vzz=   -2.9578    axis=(  0.520329 -0.696316 -0.494370)
     Cl  24  Q=        -8.1650 1e-30 m^2  Cq=        56.7436 MHz  eta= 0.88924

     Initialization:
     gipaw_setup  :      9.22s CPU     11.31s WALL (       1 calls)

     Linear response

     Apply operators

     Induced current

     Other routines
     efg          :      9.10s CPU     11.32s WALL (       1 calls)

     General routines
     calbec       :      3.19s CPU      4.17s WALL (      16 calls)
     fft          :      1.48s CPU      2.09s WALL (      15 calls)
     ffts         :      0.04s CPU      0.04s WALL (       2 calls)
     fftw         :      3.19s CPU      3.90s WALL (     672 calls)
     davcio       :      0.04s CPU      0.31s WALL (      32 calls)

     Parallel routines
     fft_scatter  :      2.17s CPU      3.26s WALL (     689 calls)

     Plugins

     GIPAW        :     60.93s CPU     72.19s WALL (       1 calls)
