
     Program QE v.6.0 (svn rev. 13079) starts on  9Jan2017 at  2:50:22 

     This program is part of the open-source Quantum ESPRESSO suite
     for quantum simulation of materials; please cite
         "P. Giannozzi et al., J. Phys.:Condens. Matter 21 395502 (2009);
          URL http://www.quantum-espresso.org", 
     in publications or presentations arising from this work. More details at
     http://www.quantum-espresso.org/quote

     Parallel version (MPI), running on     8 processors
     R & G space division:  proc/nbgrp/npool/nimage =       8

     ***** This is GIPAW svn revision unknown      *****

     Parallelizing q-star over 1 images

     Reading data from directory:
     /users/majewski/paradichlorobenzene/pbe/9_constraint/scratch/pbe.ecut100.np8.dt60.pcl2phi-129368.save
     Message from routine read_xml_file:
     file /users/majewski/paradichlorobenzene/pbe/9_constraint/scratch/pbe.ecut100.np8.dt60.pcl2phi-129368.save not guaranteed to be safe for post-processing

   Info: using nr1, nr2, nr3 values from input

   Info: using nr1, nr2, nr3 values from input

     IMPORTANT: XC functional enforced from input :
     Exchange-correlation      =  SLA  PW   PBX  PBC ( 1  4  3  4 0 0)
     Any further DFT definition will be discarded
     Please, verify this is what you really want

               file C.pbe-n-kjpaw_psl.1.0.0.UPF: wavefunction(s)  2S 2P renormalized
               file Cl.pbe-n-kjpaw_psl.1.0.0.UPF: wavefunction(s)  3S 3P renormalized
               file H.pbe-kjpaw_psl.1.0.0.UPF: wavefunction(s)  1S renormalized

     Parallelization info
     --------------------
     sticks:   dense  smooth     PW     G-vecs:    dense   smooth      PW
     Min        3057    1223    332               144436    36536    5170
     Max        3059    1225    333               144437    36537    5171
     Sum       24467    9791   2657              1155489   292295   41363


     Subspace diagonalization in iterative solution of the eigenvalue problem:
     a serial algorithm will be used

     GIPAW projectors -----------------------------------------------
     atom=  C    l=0  rc=    1.2000  rs=    0.8000
     atom=  C    l=0  rc=    1.2000  rs=    0.8000
     atom=  C    l=1  rc=    1.4000  rs=    0.9333
     atom=  C    l=1  rc=    1.4000  rs=    0.9333
     projs nearly linearly dependent: l=1  n1,n2= 1, 2  s=  0.99951561

     atom=  Cl   l=0  rc=    1.6000  rs=    1.0667
     atom=  Cl   l=0  rc=    1.6000  rs=    1.0667
     atom=  Cl   l=1  rc=    1.6000  rs=    1.0667
     atom=  Cl   l=1  rc=    1.6000  rs=    1.0667
     atom=  Cl   l=2  rc=    1.6000  rs=    1.0667
     atom=  Cl   l=2  rc=    1.6000  rs=    1.0667
     projs nearly linearly dependent: l=2  n1,n2= 1, 2  s=  0.99993509

     atom=  H    l=0  rc=    1.0000  rs=    0.6667
     atom=  H    l=0  rc=    1.0000  rs=    0.6667
     projs nearly linearly dependent: l=0  n1,n2= 1, 2  s=  0.99968852
     -----------------------------------------------------------------

     GIPAW integrals: -------------------------------------------
     Atom  i/j   nmr_para   nmr_dia   epr_rmc  epr_para   epr_dia
       C   1 1   0.83E+03  0.17E-01  0.93E+01  0.24E+08  0.24E+03
       C   2 1   0.86E+03 -0.61E-01  0.94E+01  0.25E+08  0.25E+03
       C   2 2   0.90E+03 -0.15E+00  0.97E+01  0.26E+08  0.26E+03
       C   3 3   0.33E+01  0.34E+00  0.18E+01  0.55E+03  0.21E+02
       C   4 3   0.35E+01  0.37E+00  0.20E+01  0.59E+03  0.22E+02
       C   4 4   0.38E+01  0.39E+00  0.22E+01  0.63E+03  0.24E+02
       Cl  1 1   0.14E+04 -0.47E+00  0.84E+01  0.32E+09  0.42E+03
       Cl  2 1   0.21E+04 -0.37E+00  0.12E+02  0.49E+09  0.65E+03
       Cl  2 2   0.33E+04 -0.16E+00  0.21E+02  0.76E+09  0.10E+04
       Cl  3 3   0.21E+02  0.79E-01  0.89E+01  0.23E+05  0.13E+03
       Cl  4 3   0.24E+02  0.67E-01  0.99E+01  0.27E+05  0.15E+03
       Cl  4 4   0.28E+02  0.44E-01  0.11E+02  0.32E+05  0.18E+03
       Cl  5 5   0.77E+00  0.19E+00  0.18E+01  0.12E+03  0.22E+02
       Cl  6 5   0.80E+00  0.19E+00  0.19E+01  0.12E+03  0.23E+02
       Cl  6 6   0.83E+00  0.20E+00  0.19E+01  0.12E+03  0.23E+02
       H   1 1   0.39E+02  0.19E+00  0.29E+00  0.78E+05  0.13E+02
       H   2 1   0.41E+02  0.21E+00  0.32E+00  0.82E+05  0.14E+02
       H   2 2   0.43E+02  0.22E+00  0.36E+00  0.86E+05  0.15E+02
     ------------------------------------------------------------

     alpha_pv=     34.1057 eV

     Number of occupied bands for each k-point:
     k-point:     1    nbnd_occ=  42
     k-point:     2    nbnd_occ=  42
     k-point:     3    nbnd_occ=  42
     k-point:     4    nbnd_occ=  42
     k-point:     5    nbnd_occ=  42
     k-point:     6    nbnd_occ=  42
     k-point:     7    nbnd_occ=  42
     k-point:     8    nbnd_occ=  42
     k-point:     9    nbnd_occ=  42
     k-point:    10    nbnd_occ=  42
     k-point:    11    nbnd_occ=  42
     k-point:    12    nbnd_occ=  42
     k-point:    13    nbnd_occ=  42
     k-point:    14    nbnd_occ=  42
     k-point:    15    nbnd_occ=  42
     k-point:    16    nbnd_occ=  42


     q-space interpolation up to   110.00 Rydberg

     GIPAW job: efg                                                                             


     ELECTRIC FIELD GRADIENTS TENSORS IN Hartree/bohrradius^2:

     ----- bare term -----
     Cl   1       -0.068188        0.106159       -0.018399
     Cl   1        0.106159        0.022207       -0.022925
     Cl   1       -0.018399       -0.022925        0.045981

     C    2       -0.060993        0.172664       -0.216792
     C    2        0.172664        0.011154       -0.675982
     C    2       -0.216792       -0.675982        0.049838

     C    3       -0.281652        0.195664       -0.189803
     C    3        0.195664        0.024009       -0.228375
     C    3       -0.189803       -0.228375        0.257643

     H    4       -0.482331       -0.441782        0.150843
     H    4       -0.441782        0.225336        0.079278
     H    4        0.150843        0.079278        0.256995

     C    5       -0.023934        0.318035       -0.074405
     C    5        0.318035       -0.165618       -0.379077
     C    5       -0.074405       -0.379077        0.189552

     H    6        0.420659       -0.284367        0.011725
     H    6       -0.284367       -0.786751       -0.094024
     H    6        0.011725       -0.094024        0.366092

     H    7        0.214553        0.366087        0.218855
     H    7        0.366087       -0.481988        0.110894
     H    7        0.218855        0.110894        0.267435

     C    8       -0.560284       -0.319186       -0.476148
     C    8       -0.319186        0.027638        0.025464
     C    8       -0.476148        0.025464        0.532647

     H    9       -0.506423       -0.151973       -0.423255
     H    9       -0.151973        0.213615        0.115418
     H    9       -0.423255        0.115418        0.292808

     C   10       -0.030358        0.070210       -0.329541
     C   10        0.070210       -0.190637        0.603417
     C   10       -0.329541        0.603417        0.220995

     C   11       -0.357055       -0.353144       -0.207284
     C   11       -0.353144       -0.032648        0.348272
     C   11       -0.207284        0.348272        0.389702

     Cl  12        0.206250       -0.012652       -0.041409
     Cl  12       -0.012652       -0.072209       -0.331266
     Cl  12       -0.041409       -0.331266       -0.134041

     H   13        0.392996       -0.190694        0.062807
     H   13       -0.190694       -0.557280       -0.323477
     H   13        0.062807       -0.323477        0.164284

     C   14       -0.787693        0.252206       -0.399840
     C   14        0.252206        0.131090       -0.075457
     C   14       -0.399840       -0.075457        0.656602

     H   15       -0.557169       -0.152668        0.151885
     H   15       -0.152668        0.417366       -0.217727
     H   15        0.151885       -0.217727        0.139802

     C   16       -0.009287        0.195139       -0.117145
     C   16        0.195139       -0.560798       -0.381374
     C   16       -0.117145       -0.381374        0.570086

     C   17       -0.549104        0.373264       -0.412735
     C   17        0.373264        0.316031       -0.105303
     C   17       -0.412735       -0.105303        0.233073

     Cl  18       -0.097830        0.029454        0.064604
     Cl  18        0.029454       -0.049738        0.124524
     Cl  18        0.064604        0.124524        0.147568

     H   19        0.280440       -0.278331       -0.099916
     H   19       -0.278331       -0.647140        0.101487
     H   19       -0.099916        0.101487        0.366700

     C   20       -0.176998        0.237058       -0.341211
     C   20        0.237058        0.041537        0.550481
     C   20       -0.341211        0.550481        0.135460

     H   21       -0.062424        0.157822       -0.391487
     H   21        0.157822        0.197188        0.477943
     H   21       -0.391487        0.477943       -0.134764

     C   22       -0.687239       -0.324715       -0.308819
     C   22       -0.324715        0.277697        0.075210
     C   22       -0.308819        0.075210        0.409542

     C   23        0.030090        0.308120       -0.444541
     C   23        0.308120       -0.253201        0.488246
     C   23       -0.444541        0.488246        0.223112

     Cl  24       -0.206848       -0.353312       -0.058656
     Cl  24       -0.353312       -0.054993       -0.018234
     Cl  24       -0.058656       -0.018234        0.261841

     ----- ionic term -----
     Cl   1        0.144070       -0.171178       -0.033505
     Cl   1       -0.171178        0.001852        0.021474
     Cl   1       -0.033505        0.021474       -0.145922

     C    2        0.296648       -0.013485        0.124732
     C    2       -0.013485        0.172775        0.382766
     C    2        0.124732        0.382766       -0.469424

     C    3        0.213171       -0.197304        0.100590
     C    3       -0.197304        0.219327        0.377257
     C    3        0.100590        0.377257       -0.432498

     H    4        0.818933        0.284527        0.482361
     H    4        0.284527       -0.448288        0.178734
     H    4        0.482361        0.178734       -0.370644

     C    5        0.342640       -0.166189        0.149878
     C    5       -0.166189        0.093083        0.308230
     C    5        0.149878        0.308230       -0.435723

     H    6       -0.517923        0.006731        0.004717
     H    6        0.006731        0.722358        0.665537
     H    6        0.004717        0.665537       -0.204436

     H    7       -0.470363       -0.247323        0.087302
     H    7       -0.247323        0.932341       -0.425799
     H    7        0.087302       -0.425799       -0.461979

     C    8        0.261113        0.152847        0.339480
     C    8        0.152847        0.190761       -0.195241
     C    8        0.339480       -0.195241       -0.451874

     H    9        0.641518       -0.251020        0.661670
     H    9       -0.251020       -0.387606       -0.176206
     H    9        0.661670       -0.176206       -0.253911

     C   10        0.166086        0.243191        0.271858
     C   10        0.243191        0.311230       -0.215045
     C   10        0.271858       -0.215045       -0.477316

     C   11        0.114316        0.154450        0.381314
     C   11        0.154450        0.260841       -0.260006
     C   11        0.381314       -0.260006       -0.375157

     Cl  12        0.131273        0.220191        0.053168
     Cl  12        0.220191        0.034586        0.032380
     Cl  12        0.053168        0.032380       -0.165859

     H   13       -0.497328        0.217460        0.092298
     H   13        0.217460        0.755621        0.617056
     H   13        0.092298        0.617056       -0.258294

     C   14        0.350717       -0.026919        0.139485
     C   14       -0.026919        0.137798        0.269467
     C   14        0.139485        0.269467       -0.488515

     H   15        0.842161        0.359414        0.424881
     H   15        0.359414       -0.377176        0.167164
     H   15        0.424881        0.167164       -0.464985

     C   16        0.239365       -0.137895        0.113013
     C   16       -0.137895        0.229717        0.290865
     C   16        0.113013        0.290865       -0.469083

     C   17        0.328543       -0.053994        0.179476
     C   17       -0.053994        0.126252        0.331043
     C   17        0.179476        0.331043       -0.454795

     Cl  18        0.160681       -0.191429       -0.030161
     Cl  18       -0.191429       -0.026160        0.026072
     Cl  18       -0.030161        0.026072       -0.134521

     H   19       -0.510853        0.086758       -0.022311
     H   19        0.086758        0.718598       -0.626974
     H   19       -0.022311       -0.626974       -0.207745

     C   20        0.223876        0.243314        0.372237
     C   20        0.243314        0.102730       -0.225120
     C   20        0.372237       -0.225120       -0.326606

     H   21        0.523376       -0.167020        0.773162
     H   21       -0.167020       -0.468648       -0.176888
     H   21        0.773162       -0.176888       -0.054728

     C   22        0.144783        0.258735        0.310681
     C   22        0.258735        0.208605       -0.253388
     C   22        0.310681       -0.253388       -0.353387

     C   23        0.148439        0.150524        0.322126
     C   23        0.150524        0.239089       -0.324572
     C   23        0.322126       -0.324572       -0.387528

     Cl  24        0.122277        0.203055        0.048543
     Cl  24        0.203055        0.048969        0.022057
     Cl  24        0.048543        0.022057       -0.171246

     ----- GIPAW term -----
     Cl   1        0.199247        0.304586       -1.347825
     Cl   1        0.304586        0.643130       -1.793569
     Cl   1       -1.347825       -1.793569       -0.842377

     C    2       -0.017269        0.066220       -0.086115
     C    2        0.066220        0.143199       -0.204872
     C    2       -0.086115       -0.204872       -0.125930

     C    3       -0.061117        0.100317       -0.097227
     C    3        0.100317        0.066605       -0.106198
     C    3       -0.097227       -0.106198       -0.005488

     H    4       -0.000000        0.000000        0.000000
     H    4        0.000000        0.000000        0.000000
     H    4        0.000000        0.000000        0.000000

     C    5        0.004741        0.180691       -0.023021
     C    5        0.180691        0.093744       -0.114698
     C    5       -0.023021       -0.114698       -0.098486

     H    6       -0.000000        0.000000        0.000000
     H    6        0.000000        0.000000        0.000000
     H    6        0.000000        0.000000        0.000000

     H    7       -0.000000        0.000000        0.000000
     H    7        0.000000        0.000000        0.000000
     H    7        0.000000        0.000000        0.000000

     C    8       -0.059771        0.060631       -0.195603
     C    8        0.060631       -0.021425       -0.134202
     C    8       -0.195603       -0.134202        0.081196

     H    9       -0.000000        0.000000        0.000000
     H    9        0.000000        0.000000        0.000000
     H    9        0.000000        0.000000        0.000000

     C   10       -0.001692        0.151710       -0.081582
     C   10        0.151710        0.048651        0.089642
     C   10       -0.081582        0.089642       -0.046959

     C   11       -0.115566        0.023203       -0.009542
     C   11        0.023203        0.076726        0.189631
     C   11       -0.009542        0.189631        0.038840

     Cl  12       -0.181536        0.755284       -0.437122
     Cl  12        0.755284        0.014693        1.188624
     Cl  12       -0.437122        1.188624        0.166842

     H   13       -0.000000        0.000000        0.000000
     H   13        0.000000        0.000000        0.000000
     H   13        0.000000        0.000000        0.000000

     C   14       -0.221779        0.044222       -0.021794
     C   14        0.044222       -0.022300        0.122744
     C   14       -0.021794        0.122744        0.244079

     H   15       -0.000000        0.000000        0.000000
     H   15        0.000000        0.000000        0.000000
     H   15        0.000000        0.000000        0.000000

     C   16       -0.115056        0.000855       -0.027553
     C   16        0.000855       -0.126655        0.127827
     C   16       -0.027553        0.127827        0.241711

     C   17       -0.067209        0.137388        0.003586
     C   17        0.137388        0.205526        0.104842
     C   17        0.003586        0.104842       -0.138317

     Cl  18       -0.247649       -1.441884        0.623536
     Cl  18       -1.441884       -0.499821        1.750525
     Cl  18        0.623536        1.750525        0.747469

     H   19       -0.000000        0.000000        0.000000
     H   19        0.000000        0.000000        0.000000
     H   19        0.000000        0.000000        0.000000

     C   20       -0.073328        0.150680       -0.001230
     C   20        0.150680        0.165141        0.198784
     C   20       -0.001230        0.198784       -0.091813

     H   21       -0.000000        0.000000        0.000000
     H   21        0.000000        0.000000        0.000000
     H   21        0.000000        0.000000        0.000000

     C   22       -0.177246        0.104283       -0.082239
     C   22        0.104283        0.239533       -0.107454
     C   22       -0.082239       -0.107454       -0.062287

     C   23       -0.017148        0.224086       -0.134250
     C   23        0.224086        0.029066       -0.110702
     C   23       -0.134250       -0.110702       -0.011918

     Cl  24        0.101422        0.731049       -2.121848
     Cl  24        0.731049       -1.340623       -0.609196
     Cl  24       -2.121848       -0.609196        1.239201

     ----- total EFG -----
     Cl   1        0.275129        0.239566       -1.399729
     Cl   1        0.239566        0.667189       -1.795020
     Cl   1       -1.399729       -1.795020       -0.942318

     C    2        0.218386        0.225399       -0.178174
     C    2        0.225399        0.327129       -0.498088
     C    2       -0.178174       -0.498088       -0.545515

     C    3       -0.129598        0.098677       -0.186441
     C    3        0.098677        0.309941        0.042684
     C    3       -0.186441        0.042684       -0.180343

     H    4        0.336602       -0.157256        0.633203
     H    4       -0.157256       -0.222953        0.258012
     H    4        0.633203        0.258012       -0.113649

     C    5        0.323446        0.332538        0.052452
     C    5        0.332538        0.021210       -0.185544
     C    5        0.052452       -0.185544       -0.344656

     H    6       -0.097264       -0.277635        0.016442
     H    6       -0.277635       -0.064393        0.571513
     H    6        0.016442        0.571513        0.161656

     H    7       -0.255810        0.118765        0.306157
     H    7        0.118765        0.450354       -0.314905
     H    7        0.306157       -0.314905       -0.194544

     C    8       -0.358942       -0.105707       -0.332270
     C    8       -0.105707        0.196974       -0.303979
     C    8       -0.332270       -0.303979        0.161969

     H    9        0.135094       -0.402993        0.238415
     H    9       -0.402993       -0.173991       -0.060788
     H    9        0.238415       -0.060788        0.038896

     C   10        0.134036        0.465110       -0.139265
     C   10        0.465110        0.169244        0.478015
     C   10       -0.139265        0.478015       -0.303280

     C   11       -0.358304       -0.175491        0.164488
     C   11       -0.175491        0.304919        0.277898
     C   11        0.164488        0.277898        0.053385

     Cl  12        0.155987        0.962824       -0.425363
     Cl  12        0.962824       -0.022930        0.889738
     Cl  12       -0.425363        0.889738       -0.133058

     H   13       -0.104331        0.026766        0.155105
     H   13        0.026766        0.198342        0.293579
     H   13        0.155105        0.293579       -0.094010

     C   14       -0.658755        0.269509       -0.282148
     C   14        0.269509        0.246588        0.316754
     C   14       -0.282148        0.316754        0.412167

     H   15        0.284993        0.206746        0.576766
     H   15        0.206746        0.040190       -0.050563
     H   15        0.576766       -0.050563       -0.325183

     C   16        0.115022        0.058099       -0.031685
     C   16        0.058099       -0.457736        0.037317
     C   16       -0.031685        0.037317        0.342714

     C   17       -0.287770        0.456657       -0.229673
     C   17        0.456657        0.647809        0.330583
     C   17       -0.229673        0.330583       -0.360039

     Cl  18       -0.184797       -1.603858        0.657979
     Cl  18       -1.603858       -0.575719        1.901121
     Cl  18        0.657979        1.901121        0.760516

     H   19       -0.230413       -0.191573       -0.122227
     H   19       -0.191573        0.071457       -0.525487
     H   19       -0.122227       -0.525487        0.158955

     C   20       -0.026450        0.631052        0.029796
     C   20        0.631052        0.309409        0.524145
     C   20        0.029796        0.524145       -0.282959

     H   21        0.460952       -0.009198        0.381675
     H   21       -0.009198       -0.271460        0.301055
     H   21        0.381675        0.301055       -0.189492

     C   22       -0.719702        0.038303       -0.080378
     C   22        0.038303        0.725835       -0.285632
     C   22       -0.080378       -0.285632       -0.006132

     C   23        0.161381        0.682730       -0.256666
     C   23        0.682730        0.014953        0.052972
     C   23       -0.256666        0.052972       -0.176334

     Cl  24        0.016851        0.580792       -2.131962
     Cl  24        0.580792       -1.346646       -0.605372
     Cl  24       -2.131962       -0.605372        1.329795

     ----- total EFG (symmetrized) -----
     Cl   1        0.275129        0.239566       -1.399729
     Cl   1        0.239566        0.667189       -1.795020
     Cl   1       -1.399729       -1.795020       -0.942318

     C    2        0.218386        0.225399       -0.178174
     C    2        0.225399        0.327129       -0.498088
     C    2       -0.178174       -0.498088       -0.545515

     C    3       -0.129598        0.098677       -0.186441
     C    3        0.098677        0.309941        0.042684
     C    3       -0.186441        0.042684       -0.180343

     H    4        0.336602       -0.157256        0.633203
     H    4       -0.157256       -0.222953        0.258012
     H    4        0.633203        0.258012       -0.113649

     C    5        0.323446        0.332538        0.052452
     C    5        0.332538        0.021210       -0.185544
     C    5        0.052452       -0.185544       -0.344656

     H    6       -0.097264       -0.277635        0.016442
     H    6       -0.277635       -0.064393        0.571513
     H    6        0.016442        0.571513        0.161656

     H    7       -0.255810        0.118765        0.306157
     H    7        0.118765        0.450354       -0.314905
     H    7        0.306157       -0.314905       -0.194544

     C    8       -0.358942       -0.105707       -0.332270
     C    8       -0.105707        0.196974       -0.303979
     C    8       -0.332270       -0.303979        0.161969

     H    9        0.135094       -0.402993        0.238415
     H    9       -0.402993       -0.173991       -0.060788
     H    9        0.238415       -0.060788        0.038896

     C   10        0.134036        0.465110       -0.139265
     C   10        0.465110        0.169244        0.478015
     C   10       -0.139265        0.478015       -0.303280

     C   11       -0.358304       -0.175491        0.164488
     C   11       -0.175491        0.304919        0.277898
     C   11        0.164488        0.277898        0.053385

     Cl  12        0.155987        0.962824       -0.425363
     Cl  12        0.962824       -0.022930        0.889738
     Cl  12       -0.425363        0.889738       -0.133058

     H   13       -0.104331        0.026766        0.155105
     H   13        0.026766        0.198342        0.293579
     H   13        0.155105        0.293579       -0.094010

     C   14       -0.658755        0.269509       -0.282148
     C   14        0.269509        0.246588        0.316754
     C   14       -0.282148        0.316754        0.412167

     H   15        0.284993        0.206746        0.576766
     H   15        0.206746        0.040190       -0.050563
     H   15        0.576766       -0.050563       -0.325183

     C   16        0.115022        0.058099       -0.031685
     C   16        0.058099       -0.457736        0.037317
     C   16       -0.031685        0.037317        0.342714

     C   17       -0.287770        0.456657       -0.229673
     C   17        0.456657        0.647809        0.330583
     C   17       -0.229673        0.330583       -0.360039

     Cl  18       -0.184797       -1.603858        0.657979
     Cl  18       -1.603858       -0.575719        1.901121
     Cl  18        0.657979        1.901121        0.760516

     H   19       -0.230413       -0.191573       -0.122227
     H   19       -0.191573        0.071457       -0.525487
     H   19       -0.122227       -0.525487        0.158955

     C   20       -0.026450        0.631052        0.029796
     C   20        0.631052        0.309409        0.524145
     C   20        0.029796        0.524145       -0.282959

     H   21        0.460952       -0.009198        0.381675
     H   21       -0.009198       -0.271460        0.301055
     H   21        0.381675        0.301055       -0.189492

     C   22       -0.719702        0.038303       -0.080378
     C   22        0.038303        0.725835       -0.285632
     C   22       -0.080378       -0.285632       -0.006132

     C   23        0.161381        0.682730       -0.256666
     C   23        0.682730        0.014953        0.052972
     C   23       -0.256666        0.052972       -0.176334

     Cl  24        0.016851        0.580792       -2.131962
     Cl  24        0.580792       -1.346646       -0.605372
     Cl  24       -2.131962       -0.605372        1.329795


     NQR/NMR SPECTROSCOPIC PARAMETERS:
     Cl   1    Vxx=    0.1877    axis=(  0.802989 -0.593769 -0.051451)
     Cl   1    Vyy=    2.3386    axis=(  0.464905  0.678049 -0.569309)
     Cl   1    Vzz=   -2.5263    axis=(  0.372924  0.433229  0.820512)
     Cl   1  Q=        -8.1650 1e-30 m^2  Cq=        48.4651 MHz  eta= 0.85143

     C    2    Vxx=    0.0648    axis=(  0.866079 -0.480182  0.139040)
     C    2    Vyy=    0.7117    axis=(  0.494447  0.781825 -0.379832)
     C    2    Vzz=   -0.7765    axis=(  0.073683  0.397712  0.914547)
     C    2  Q=         1.0000 1e-30 m^2  Cq=        -1.8244 MHz  eta= 0.83306

     C    3    Vxx=    0.0263    axis=( -0.718870  0.147858  0.679238)
     C    3    Vyy=    0.3311    axis=( -0.207050 -0.978311 -0.006170)
     C    3    Vzz=   -0.3574    axis=(  0.663594 -0.145072  0.733892)
     C    3  Q=         1.0000 1e-30 m^2  Cq=        -0.8397 MHz  eta= 0.85299

     H    4    Vxx=   -0.0466    axis=(  0.308918 -0.862363 -0.401122)
     H    4    Vyy=   -0.7373    axis=(  0.491891  0.505829 -0.708647)
     H    4    Vzz=    0.7839    axis=(  0.814010  0.021606  0.580448)
     H    4  Q=         1.0000 1e-30 m^2  Cq=         1.8420 MHz  eta= 0.88110

     C    5    Vxx=   -0.0710    axis=( -0.493919  0.672770 -0.550839)
     C    5    Vyy=   -0.4704    axis=( -0.260266  0.490070  0.831921)
     C    5    Vzz=    0.5414    axis=( -0.829642 -0.554267  0.066956)
     C    5  Q=         1.0000 1e-30 m^2  Cq=         1.2720 MHz  eta= 0.73767

     H    6    Vxx=   -0.0358    axis=(  0.889449 -0.171887  0.423480)
     H    6    Vyy=   -0.6324    axis=(  0.400415  0.739780 -0.540734)
     H    6    Vzz=    0.6682    axis=( -0.220337  0.650523  0.726822)
     H    6  Q=         1.0000 1e-30 m^2  Cq=         1.5700 MHz  eta= 0.89290

     H    7    Vxx=    0.0407    axis=(  0.742073  0.259854  0.617903)
     H    7    Vyy=    0.5787    axis=(  0.007685 -0.925041  0.379789)
     H    7    Vzz=   -0.6194    axis=(  0.670275 -0.277083 -0.688445)
     H    7  Q=         1.0000 1e-30 m^2  Cq=        -1.4553 MHz  eta= 0.86855

     C    8    Vxx=    0.0760    axis=(  0.528514 -0.709509 -0.466122)
     C    8    Vyy=    0.5157    axis=(  0.204368  0.639264 -0.741333)
     C    8    Vzz=   -0.5917    axis=(  0.823958  0.296544  0.482861)
     C    8  Q=         1.0000 1e-30 m^2  Cq=        -1.3903 MHz  eta= 0.74308

     H    9    Vxx=   -0.0565    axis=( -0.250055  0.402155  0.880763)
     H    9    Vyy=   -0.4673    axis=( -0.596324 -0.780627  0.187132)
     H    9    Vzz=    0.5238    axis=(  0.762804 -0.478427  0.435015)
     H    9  Q=         1.0000 1e-30 m^2  Cq=         1.2308 MHz  eta= 0.78409

     C   10    Vxx=    0.0702    axis=(  0.715406 -0.288704 -0.636274)
     C   10    Vyy=    0.6928    axis=( -0.568559 -0.769847 -0.289958)
     C   10    Vzz=   -0.7630    axis=( -0.406122  0.569197 -0.714898)
     C   10  Q=         1.0000 1e-30 m^2  Cq=        -1.7927 MHz  eta= 0.81599

     C   11    Vxx=    0.0166    axis=(  0.520029 -0.407185  0.750846)
     C   11    Vyy=    0.4887    axis=( -0.076625  0.853274  0.515802)
     C   11    Vzz=   -0.5053    axis=( -0.850705 -0.325765  0.412527)
     C   11  Q=         1.0000 1e-30 m^2  Cq=        -1.1872 MHz  eta= 0.93428

     Cl  12    Vxx=    0.4140    axis=( -0.626772  0.168165  0.760840)
     Cl  12    Vyy=    1.1318    axis=(  0.589944  0.740303  0.322363)
     Cl  12    Vzz=   -1.5458    axis=( -0.509042  0.650901 -0.563209)
     Cl  12  Q=        -8.1650 1e-30 m^2  Cq=        29.6550 MHz  eta= 0.46434

     H   13    Vxx=   -0.0635    axis=(  0.856447 -0.421562  0.297967)
     H   13    Vyy=   -0.3390    axis=(  0.471710  0.404560 -0.783468)
     H   13    Vzz=    0.4025    axis=(  0.209734  0.811552  0.545339)
     H   13  Q=         1.0000 1e-30 m^2  Cq=         0.9458 MHz  eta= 0.68428

     C   14    Vxx=    0.1783    axis=(  0.415084  0.750012 -0.514963)
     C   14    Vyy=    0.6599    axis=( -0.053527  0.585181  0.809134)
     C   14    Vzz=   -0.8382    axis=(  0.908207 -0.308295  0.283045)
     C   14  Q=         1.0000 1e-30 m^2  Cq=        -1.9694 MHz  eta= 0.57465

     H   15    Vxx=    0.0339    axis=( -0.101257  0.949697 -0.296348)
     H   15    Vyy=    0.6696    axis=( -0.845218 -0.239239 -0.477883)
     H   15    Vzz=   -0.7035    axis=( -0.524742  0.202090  0.826925)
     H   15  Q=         1.0000 1e-30 m^2  Cq=        -1.6530 MHz  eta= 0.90356

     C   16    Vxx=    0.1175    axis=(  0.986812  0.107524  0.121000)
     C   16    Vyy=    0.3481    axis=(  0.125579 -0.036856 -0.991399)
     C   16    Vzz=   -0.4656    axis=( -0.102140  0.993519 -0.049873)
     C   16  Q=         1.0000 1e-30 m^2  Cq=        -1.0939 MHz  eta= 0.49539

     C   17    Vxx=   -0.1038    axis=(  0.679255 -0.092478 -0.728053)
     C   17    Vyy=   -0.7719    axis=( -0.657177  0.364960 -0.659487)
     C   17    Vzz=    0.8756    axis=( -0.326698 -0.926419 -0.187126)
     C   17  Q=         1.0000 1e-30 m^2  Cq=         2.0574 MHz  eta= 0.76298

     Cl  18    Vxx=    0.7638    axis=( -0.822083  0.283678 -0.493667)
     Cl  18    Vyy=    2.1977    axis=( -0.224089  0.635863  0.738554)
     Cl  18    Vzz=   -2.9614    axis=( -0.523416 -0.717778  0.459163)
     Cl  18  Q=        -8.1650 1e-30 m^2  Cq=        56.8135 MHz  eta= 0.48419

     H   19    Vxx=   -0.0813    axis=( -0.827487  0.381019  0.412420)
     H   19    Vyy=   -0.5631    axis=( -0.559429 -0.622282 -0.547544)
     H   19    Vzz=    0.6444    axis=(  0.048017 -0.683805  0.728083)
     H   19  Q=         1.0000 1e-30 m^2  Cq=         1.5141 MHz  eta= 0.74773

     C   20    Vxx=   -0.1958    axis=( -0.701863  0.155513  0.695129)
     C   20    Vyy=   -0.7585    axis=( -0.491758  0.600219 -0.630802)
     C   20    Vzz=    0.9542    axis=(  0.515327  0.784572  0.344796)
     C   20  Q=         1.0000 1e-30 m^2  Cq=         2.2421 MHz  eta= 0.58966

     H   21    Vxx=   -0.0491    axis=(  0.390169 -0.746238 -0.539348)
     H   21    Vyy=   -0.6045    axis=(  0.260874  0.651366 -0.712508)
     H   21    Vzz=    0.6535    axis=(  0.883013  0.137297  0.448817)
     H   21  Q=         1.0000 1e-30 m^2  Cq=         1.5355 MHz  eta= 0.84985

     C   22    Vxx=   -0.0979    axis=( -0.100992  0.330112  0.938524)
     C   22    Vyy=   -0.7287    axis=( -0.994066  0.004837 -0.108670)
     C   22    Vzz=    0.8266    axis=( -0.040413 -0.943929  0.327664)
     C   22  Q=         1.0000 1e-30 m^2  Cq=         1.9422 MHz  eta= 0.76301

     C   23    Vxx=   -0.1121    axis=(  0.144421 -0.398374 -0.905782)
     C   23    Vyy=   -0.6883    axis=(  0.645342 -0.655997  0.391411)
     C   23    Vzz=    0.8004    axis=( -0.750118 -0.641067  0.162347)
     C   23  Q=         1.0000 1e-30 m^2  Cq=         1.8806 MHz  eta= 0.71986

     Cl  24    Vxx=   -1.4215    axis=(  0.405155  0.775286  0.484543)
     Cl  24    Vyy=   -1.6397    axis=( -0.700769  0.603732 -0.380039)
     Cl  24    Vzz=    3.0612    axis=( -0.587173 -0.185578  0.787901)
     Cl  24  Q=        -8.1650 1e-30 m^2  Cq=       -58.7275 MHz  eta= 0.07129

     Initialization:
     gipaw_setup  :      9.24s CPU     10.99s WALL (       1 calls)

     Linear response

     Apply operators

     Induced current

     Other routines
     efg          :      9.04s CPU     11.33s WALL (       1 calls)

     General routines
     calbec       :      3.15s CPU      4.11s WALL (      16 calls)
     fft          :      1.37s CPU      1.77s WALL (      15 calls)
     ffts         :      0.03s CPU      0.06s WALL (       2 calls)
     fftw         :      3.16s CPU      3.84s WALL (     672 calls)
     davcio       :      0.03s CPU      0.32s WALL (      32 calls)

     Parallel routines
     fft_scatter  :      1.95s CPU      2.85s WALL (     689 calls)

     Plugins

     GIPAW        :     60.87s CPU     71.74s WALL (       1 calls)
