
     Program QE v.6.0 (svn rev. 13079) starts on  8Jan2017 at 13: 5:45 

     This program is part of the open-source Quantum ESPRESSO suite
     for quantum simulation of materials; please cite
         "P. Giannozzi et al., J. Phys.:Condens. Matter 21 395502 (2009);
          URL http://www.quantum-espresso.org", 
     in publications or presentations arising from this work. More details at
     http://www.quantum-espresso.org/quote

     Parallel version (MPI), running on     8 processors
     R & G space division:  proc/nbgrp/npool/nimage =       8

     ***** This is GIPAW svn revision unknown      *****

     Parallelizing q-star over 1 images

     Reading data from directory:
     /users/majewski/paradichlorobenzene/pbe/9_constraint/scratch/pbe.ecut100.np8.dt60.pcl2phi-129368.save
     Message from routine read_xml_file:
     file /users/majewski/paradichlorobenzene/pbe/9_constraint/scratch/pbe.ecut100.np8.dt60.pcl2phi-129368.save not guaranteed to be safe for post-processing

   Info: using nr1, nr2, nr3 values from input

   Info: using nr1, nr2, nr3 values from input

     IMPORTANT: XC functional enforced from input :
     Exchange-correlation      =  SLA  PW   PBX  PBC ( 1  4  3  4 0 0)
     Any further DFT definition will be discarded
     Please, verify this is what you really want

               file C.pbe-n-kjpaw_psl.1.0.0.UPF: wavefunction(s)  2S 2P renormalized
               file Cl.pbe-n-kjpaw_psl.1.0.0.UPF: wavefunction(s)  3S 3P renormalized
               file H.pbe-kjpaw_psl.1.0.0.UPF: wavefunction(s)  1S renormalized

     Parallelization info
     --------------------
     sticks:   dense  smooth     PW     G-vecs:    dense   smooth      PW
     Min        3057    1223    332               144436    36536    5170
     Max        3059    1225    333               144437    36537    5171
     Sum       24467    9791   2657              1155489   292295   41363


     Subspace diagonalization in iterative solution of the eigenvalue problem:
     a serial algorithm will be used

     GIPAW projectors -----------------------------------------------
     atom=  C    l=0  rc=    1.2000  rs=    0.8000
     atom=  C    l=0  rc=    1.2000  rs=    0.8000
     atom=  C    l=1  rc=    1.4000  rs=    0.9333
     atom=  C    l=1  rc=    1.4000  rs=    0.9333
     projs nearly linearly dependent: l=1  n1,n2= 1, 2  s=  0.99951561

     atom=  Cl   l=0  rc=    1.6000  rs=    1.0667
     atom=  Cl   l=0  rc=    1.6000  rs=    1.0667
     atom=  Cl   l=1  rc=    1.6000  rs=    1.0667
     atom=  Cl   l=1  rc=    1.6000  rs=    1.0667
     atom=  Cl   l=2  rc=    1.6000  rs=    1.0667
     atom=  Cl   l=2  rc=    1.6000  rs=    1.0667
     projs nearly linearly dependent: l=2  n1,n2= 1, 2  s=  0.99993509

     atom=  H    l=0  rc=    1.0000  rs=    0.6667
     atom=  H    l=0  rc=    1.0000  rs=    0.6667
     projs nearly linearly dependent: l=0  n1,n2= 1, 2  s=  0.99968852
     -----------------------------------------------------------------

     GIPAW integrals: -------------------------------------------
     Atom  i/j   nmr_para   nmr_dia   epr_rmc  epr_para   epr_dia
       C   1 1   0.83E+03  0.17E-01  0.93E+01  0.24E+08  0.24E+03
       C   2 1   0.86E+03 -0.61E-01  0.94E+01  0.25E+08  0.25E+03
       C   2 2   0.90E+03 -0.15E+00  0.97E+01  0.26E+08  0.26E+03
       C   3 3   0.33E+01  0.34E+00  0.18E+01  0.55E+03  0.21E+02
       C   4 3   0.35E+01  0.37E+00  0.20E+01  0.59E+03  0.22E+02
       C   4 4   0.38E+01  0.39E+00  0.22E+01  0.63E+03  0.24E+02
       Cl  1 1   0.14E+04 -0.47E+00  0.84E+01  0.32E+09  0.42E+03
       Cl  2 1   0.21E+04 -0.37E+00  0.12E+02  0.49E+09  0.65E+03
       Cl  2 2   0.33E+04 -0.16E+00  0.21E+02  0.76E+09  0.10E+04
       Cl  3 3   0.21E+02  0.79E-01  0.89E+01  0.23E+05  0.13E+03
       Cl  4 3   0.24E+02  0.67E-01  0.99E+01  0.27E+05  0.15E+03
       Cl  4 4   0.28E+02  0.44E-01  0.11E+02  0.32E+05  0.18E+03
       Cl  5 5   0.77E+00  0.19E+00  0.18E+01  0.12E+03  0.22E+02
       Cl  6 5   0.80E+00  0.19E+00  0.19E+01  0.12E+03  0.23E+02
       Cl  6 6   0.83E+00  0.20E+00  0.19E+01  0.12E+03  0.23E+02
       H   1 1   0.39E+02  0.19E+00  0.29E+00  0.78E+05  0.13E+02
       H   2 1   0.41E+02  0.21E+00  0.32E+00  0.82E+05  0.14E+02
       H   2 2   0.43E+02  0.22E+00  0.36E+00  0.86E+05  0.15E+02
     ------------------------------------------------------------

     alpha_pv=     34.4392 eV

     Number of occupied bands for each k-point:
     k-point:     1    nbnd_occ=  42
     k-point:     2    nbnd_occ=  42
     k-point:     3    nbnd_occ=  42
     k-point:     4    nbnd_occ=  42
     k-point:     5    nbnd_occ=  42
     k-point:     6    nbnd_occ=  42
     k-point:     7    nbnd_occ=  42
     k-point:     8    nbnd_occ=  42
     k-point:     9    nbnd_occ=  42
     k-point:    10    nbnd_occ=  42
     k-point:    11    nbnd_occ=  42
     k-point:    12    nbnd_occ=  42
     k-point:    13    nbnd_occ=  42
     k-point:    14    nbnd_occ=  42
     k-point:    15    nbnd_occ=  42
     k-point:    16    nbnd_occ=  42


     q-space interpolation up to   110.00 Rydberg

     GIPAW job: efg                                                                             


     ELECTRIC FIELD GRADIENTS TENSORS IN Hartree/bohrradius^2:

     ----- bare term -----
     Cl   1        0.112034       -0.052925        0.190826
     Cl   1       -0.052925       -0.173451        0.418194
     Cl   1        0.190826        0.418194        0.061417

     C    2        0.094341        0.085266       -0.151012
     C    2        0.085266       -0.013654       -0.607052
     C    2       -0.151012       -0.607052       -0.080687

     C    3       -0.402708        0.133239       -0.071360
     C    3        0.133239        0.023969        0.010151
     C    3       -0.071360        0.010151        0.378738

     H    4       -0.204543       -0.428971        0.042931
     H    4       -0.428971       -0.109009        0.140003
     H    4        0.042931        0.140003        0.313552

     C    5       -0.126381       -0.040287       -0.273889
     C    5       -0.040287        0.062646       -0.486077
     C    5       -0.273889       -0.486077        0.063735

     H    6        0.425121       -0.265032        0.001865
     H    6       -0.265032       -0.792442       -0.121431
     H    6        0.001865       -0.121431        0.367321

     H    7        0.439084       -0.013950       -0.181024
     H    7       -0.013950       -0.564309        0.314216
     H    7       -0.181024        0.314216        0.125224

     C    8       -0.801124       -0.358688       -0.417624
     C    8       -0.358688        0.351736        0.097595
     C    8       -0.417624        0.097595        0.449388

     H    9       -0.056596        0.090377       -0.527133
     H    9        0.090377        0.405823       -0.035023
     H    9       -0.527133       -0.035023       -0.349227

     C   10       -0.205015       -0.148306       -0.255840
     C   10       -0.148306       -0.142069        0.623687
     C   10       -0.255840        0.623687        0.347084

     C   11       -0.389529       -0.331683       -0.237575
     C   11       -0.331683       -0.014153        0.427245
     C   11       -0.237575        0.427245        0.403682

     Cl  12        0.211852        0.005156        0.025378
     Cl  12        0.005156        0.002311       -0.349137
     Cl  12        0.025378       -0.349137       -0.214162

     H   13        0.427215        0.047853       -0.258969
     H   13        0.047853       -0.559345       -0.029143
     H   13       -0.258969       -0.029143        0.132130

     C   14       -0.780013        0.206513       -0.334490
     C   14        0.206513        0.266615       -0.038405
     C   14       -0.334490       -0.038405        0.513399

     H   15       -0.420079       -0.338714        0.234774
     H   15       -0.338714        0.309375        0.024166
     H   15        0.234774        0.024166        0.110705

     C   16        0.233695        0.147822        0.065792
     C   16        0.147822       -0.439713       -0.238370
     C   16        0.065792       -0.238370        0.206018

     C   17       -0.716958        0.245474       -0.352085
     C   17        0.245474        0.139023       -0.071380
     C   17       -0.352085       -0.071380        0.577935

     Cl  18       -0.013293       -0.075991       -0.127812
     Cl  18       -0.075991       -0.079993       -0.005936
     Cl  18       -0.127812       -0.005936        0.093286

     H   19        0.443510       -0.067397       -0.040216
     H   19       -0.067397       -0.806518        0.109829
     H   19       -0.040216        0.109829        0.363008

     C   20       -0.114552        0.300303       -0.398869
     C   20        0.300303        0.028597        0.533141
     C   20       -0.398869        0.533141        0.085954

     H   21        0.047892        0.045598       -0.241371
     H   21        0.045598        0.298239        0.486354
     H   21       -0.241371        0.486354       -0.346131

     C   22       -0.651321       -0.335519       -0.328010
     C   22       -0.335519        0.239037        0.057322
     C   22       -0.328010        0.057322        0.412285

     C   23        0.024130        0.068176       -0.254341
     C   23        0.068176       -0.257270        0.419663
     C   23       -0.254341        0.419663        0.233140

     Cl  24       -0.178583       -0.289913       -0.014066
     Cl  24       -0.289913       -0.018295        0.007323
     Cl  24       -0.014066        0.007323        0.196878

     ----- ionic term -----
     Cl   1        0.145702       -0.144185       -0.063971
     Cl   1       -0.144185       -0.031364        0.032894
     Cl   1       -0.063971        0.032894       -0.114338

     C    2        0.310701        0.051197        0.008449
     C    2        0.051197        0.172187        0.372779
     C    2        0.008449        0.372779       -0.482888

     C    3        0.260714       -0.088556        0.038238
     C    3       -0.088556        0.183435        0.350272
     C    3        0.038238        0.350272       -0.444148

     H    4        0.774020        0.477108        0.352488
     H    4        0.477108       -0.321149        0.182458
     H    4        0.352488        0.182458       -0.452871

     C    5        0.397980        0.008443        0.142554
     C    5        0.008443        0.068299        0.307167
     C    5        0.142554        0.307167       -0.466279

     H    6       -0.513037        0.196978        0.093385
     H    6        0.196978        0.786679        0.611864
     H    6        0.093385        0.611864       -0.273642

     H    7       -0.501651       -0.018563        0.024540
     H    7       -0.018563        0.928059       -0.454259
     H    7        0.024540       -0.454259       -0.426408

     C    8        0.243140        0.192813        0.353342
     C    8        0.192813        0.124971       -0.203640
     C    8        0.353342       -0.203640       -0.368111

     H    9        0.429119       -0.294714        0.730973
     H    9       -0.294714       -0.374288       -0.258577
     H    9        0.730973       -0.258577       -0.054831

     C   10        0.141986        0.236450        0.289144
     C   10        0.236450        0.195174       -0.266632
     C   10        0.289144       -0.266632       -0.337160

     C   11        0.107309        0.193109        0.390136
     C   11        0.193109        0.184328       -0.297530
     C   11        0.390136       -0.297530       -0.291637

     Cl  12        0.134926        0.236593        0.075793
     Cl  12        0.236593        0.025726        0.044976
     Cl  12        0.075793        0.044976       -0.160653

     H   13       -0.498638       -0.044721       -0.059803
     H   13       -0.044721        0.864667        0.545142
     H   13       -0.059803        0.545142       -0.366029

     C   14        0.424472       -0.080719        0.010566
     C   14       -0.080719        0.137869        0.262205
     C   14        0.010566        0.262205       -0.562340

     H   15        0.732458        0.464336        0.469601
     H   15        0.464336       -0.291257        0.228726
     H   15        0.469601        0.228726       -0.441201

     C   16        0.252253       -0.167604        0.063380
     C   16       -0.167604        0.294225        0.315332
     C   16        0.063380        0.315332       -0.546478

     C   17        0.315889       -0.053461        0.181952
     C   17       -0.053461        0.242036        0.306523
     C   17        0.181952        0.306523       -0.557924

     Cl  18        0.190198       -0.216177        0.015298
     Cl  18       -0.216177       -0.028075       -0.003731
     Cl  18        0.015298       -0.003731       -0.162123

     H   19       -0.518749       -0.123286        0.081141
     H   19       -0.123286        0.761467       -0.610352
     H   19        0.081141       -0.610352       -0.242718

     C   20        0.196040        0.169443        0.391106
     C   20        0.169443        0.090107       -0.248955
     C   20        0.391106       -0.248955       -0.286147

     H   21        0.259886       -0.162772        0.803438
     H   21       -0.162772       -0.475066       -0.235930
     H   21        0.803438       -0.235930        0.215180

     C   22        0.064478        0.306943        0.275422
     C   22        0.306943        0.199436       -0.304387
     C   22        0.275422       -0.304387       -0.263914

     C   23        0.143778        0.217817        0.322130
     C   23        0.217817        0.175165       -0.345710
     C   23        0.322130       -0.345710       -0.318943

     Cl  24        0.149799        0.212589        0.053702
     Cl  24        0.212589        0.019339        0.027056
     Cl  24        0.053702        0.027056       -0.169138

     ----- GIPAW term -----
     Cl   1        0.126524        0.055192       -0.463044
     Cl   1        0.055192        0.058834       -0.482062
     Cl   1       -0.463044       -0.482062       -0.185359

     C    2       -0.034068        0.036640       -0.014026
     C    2        0.036640        0.224134       -0.056230
     C    2       -0.014026       -0.056230       -0.190066

     C    3       -0.065108        0.014851       -0.012942
     C    3        0.014851        0.071774       -0.013353
     C    3       -0.012942       -0.013353       -0.006666

     H    4       -0.000000        0.000000        0.000000
     H    4        0.000000        0.000000        0.000000
     H    4        0.000000        0.000000        0.000000

     C    5       -0.110378       -0.029508       -0.027719
     C    5       -0.029508        0.264490       -0.099083
     C    5       -0.027719       -0.099083       -0.154112

     H    6       -0.000000        0.000000        0.000000
     H    6        0.000000        0.000000        0.000000
     H    6        0.000000        0.000000        0.000000

     H    7       -0.000000        0.000000        0.000000
     H    7        0.000000        0.000000        0.000000
     H    7        0.000000        0.000000        0.000000

     C    8       -0.216849       -0.075042       -0.046931
     C    8       -0.075042        0.201758       -0.107606
     C    8       -0.046931       -0.107606        0.015090

     H    9       -0.000000        0.000000        0.000000
     H    9        0.000000        0.000000        0.000000
     H    9        0.000000        0.000000        0.000000

     C   10       -0.130542        0.012686       -0.045586
     C   10        0.012686        0.029802        0.217109
     C   10       -0.045586        0.217109        0.100740

     C   11       -0.129733        0.039468       -0.013210
     C   11        0.039468        0.097107        0.222660
     C   11       -0.013210        0.222660        0.032627

     Cl  12       -0.154520        0.671275       -0.410242
     Cl  12        0.671275       -0.109289        0.982652
     Cl  12       -0.410242        0.982652        0.263809

     H   13       -0.000000        0.000000        0.000000
     H   13        0.000000        0.000000        0.000000
     H   13        0.000000        0.000000        0.000000

     C   14       -0.156455        0.023275        0.009995
     C   14        0.023275       -0.015327        0.092063
     C   14        0.009995        0.092063        0.171782

     H   15       -0.000000        0.000000        0.000000
     H   15        0.000000        0.000000        0.000000
     H   15        0.000000        0.000000        0.000000

     C   16       -0.004114        0.001716        0.008316
     C   16        0.001716       -0.057457        0.041246
     C   16        0.008316        0.041246        0.061571

     C   17       -0.176491       -0.069610       -0.076885
     C   17       -0.069610        0.026423        0.180853
     C   17       -0.076885        0.180853        0.150068

     Cl  18        1.113155       -2.435269       -1.368536
     Cl  18       -2.435269       -0.819242        0.058594
     Cl  18       -1.368536        0.058594       -0.293912

     H   19       -0.000000        0.000000        0.000000
     H   19        0.000000        0.000000        0.000000
     H   19        0.000000        0.000000        0.000000

     C   20       -0.038584        0.191080       -0.028907
     C   20        0.191080        0.169673        0.128793
     C   20       -0.028907        0.128793       -0.131089

     H   21       -0.000000        0.000000        0.000000
     H   21        0.000000        0.000000        0.000000
     H   21        0.000000        0.000000        0.000000

     C   22       -0.143282        0.117577       -0.097908
     C   22        0.117577        0.195775       -0.121330
     C   22       -0.097908       -0.121330       -0.052492

     C   23       -0.074711        0.105873       -0.024610
     C   23        0.105873        0.094405       -0.169558
     C   23       -0.024610       -0.169558       -0.019694

     Cl  24       -1.154309        0.785551       -0.521908
     Cl  24        0.785551       -0.453622       -1.787919
     Cl  24       -0.521908       -1.787919        1.607931

     ----- total EFG -----
     Cl   1        0.384260       -0.141918       -0.336189
     Cl   1       -0.141918       -0.145981       -0.030973
     Cl   1       -0.336189       -0.030973       -0.238279

     C    2        0.370974        0.173103       -0.156589
     C    2        0.173103        0.382667       -0.290503
     C    2       -0.156589       -0.290503       -0.753642

     C    3       -0.207101        0.059535       -0.046064
     C    3        0.059535        0.279178        0.347070
     C    3       -0.046064        0.347070       -0.072076

     H    4        0.569476        0.048138        0.395419
     H    4        0.048138       -0.430158        0.322461
     H    4        0.395419        0.322461       -0.139319

     C    5        0.161221       -0.061353       -0.159054
     C    5       -0.061353        0.395435       -0.277993
     C    5       -0.159054       -0.277993       -0.556656

     H    6       -0.087916       -0.068055        0.095250
     H    6       -0.068055       -0.005763        0.490433
     H    6        0.095250        0.490433        0.093679

     H    7       -0.062566       -0.032513       -0.156485
     H    7       -0.032513        0.363750       -0.140044
     H    7       -0.156485       -0.140044       -0.301184

     C    8       -0.774832       -0.240916       -0.111213
     C    8       -0.240916        0.678465       -0.213651
     C    8       -0.111213       -0.213651        0.096367

     H    9        0.372523       -0.204337        0.203840
     H    9       -0.204337        0.031535       -0.293600
     H    9        0.203840       -0.293600       -0.404058

     C   10       -0.193571        0.100830       -0.012283
     C   10        0.100830        0.082907        0.574165
     C   10       -0.012283        0.574165        0.110664

     C   11       -0.411953       -0.099106        0.139351
     C   11       -0.099106        0.267281        0.352375
     C   11        0.139351        0.352375        0.144672

     Cl  12        0.192258        0.913025       -0.309071
     Cl  12        0.913025       -0.081252        0.678491
     Cl  12       -0.309071        0.678491       -0.111007

     H   13       -0.071422        0.003132       -0.318772
     H   13        0.003132        0.305322        0.516000
     H   13       -0.318772        0.516000       -0.233899

     C   14       -0.511996        0.149068       -0.313929
     C   14        0.149068        0.389156        0.315862
     C   14       -0.313929        0.315862        0.122840

     H   15        0.312378        0.125622        0.704375
     H   15        0.125622        0.018118        0.252892
     H   15        0.704375        0.252892       -0.330497

     C   16        0.481834       -0.018066        0.137488
     C   16       -0.018066       -0.202946        0.118208
     C   16        0.137488        0.118208       -0.278889

     C   17       -0.577560        0.122403       -0.247018
     C   17        0.122403        0.407482        0.415996
     C   17       -0.247018        0.415996        0.170078

     Cl  18        1.290060       -2.727436       -1.481050
     Cl  18       -2.727436       -0.927310        0.048928
     Cl  18       -1.481050        0.048928       -0.362749

     H   19       -0.075239       -0.190683        0.040925
     H   19       -0.190683       -0.045051       -0.500523
     H   19        0.040925       -0.500523        0.120290

     C   20        0.042904        0.660826       -0.036670
     C   20        0.660826        0.288378        0.412979
     C   20       -0.036670        0.412979       -0.331282

     H   21        0.307778       -0.117174        0.562067
     H   21       -0.117174       -0.176827        0.250424
     H   21        0.562067        0.250424       -0.130951

     C   22       -0.730125        0.089001       -0.150495
     C   22        0.089001        0.634248       -0.368395
     C   22       -0.150495       -0.368395        0.095878

     C   23        0.093197        0.391866        0.043178
     C   23        0.391866        0.012300       -0.095604
     C   23        0.043178       -0.095604       -0.105497

     Cl  24       -1.183093        0.708227       -0.482272
     Cl  24        0.708227       -0.452578       -1.753540
     Cl  24       -0.482272       -1.753540        1.635671

     ----- total EFG (symmetrized) -----
     Cl   1        0.384260       -0.141918       -0.336189
     Cl   1       -0.141918       -0.145981       -0.030973
     Cl   1       -0.336189       -0.030973       -0.238279

     C    2        0.370974        0.173103       -0.156589
     C    2        0.173103        0.382667       -0.290503
     C    2       -0.156589       -0.290503       -0.753642

     C    3       -0.207101        0.059535       -0.046064
     C    3        0.059535        0.279178        0.347070
     C    3       -0.046064        0.347070       -0.072076

     H    4        0.569476        0.048138        0.395419
     H    4        0.048138       -0.430158        0.322461
     H    4        0.395419        0.322461       -0.139319

     C    5        0.161221       -0.061353       -0.159054
     C    5       -0.061353        0.395435       -0.277993
     C    5       -0.159054       -0.277993       -0.556656

     H    6       -0.087916       -0.068055        0.095250
     H    6       -0.068055       -0.005763        0.490433
     H    6        0.095250        0.490433        0.093679

     H    7       -0.062566       -0.032513       -0.156485
     H    7       -0.032513        0.363750       -0.140044
     H    7       -0.156485       -0.140044       -0.301184

     C    8       -0.774832       -0.240916       -0.111213
     C    8       -0.240916        0.678465       -0.213651
     C    8       -0.111213       -0.213651        0.096367

     H    9        0.372523       -0.204337        0.203840
     H    9       -0.204337        0.031535       -0.293600
     H    9        0.203840       -0.293600       -0.404058

     C   10       -0.193571        0.100830       -0.012283
     C   10        0.100830        0.082907        0.574165
     C   10       -0.012283        0.574165        0.110664

     C   11       -0.411953       -0.099106        0.139351
     C   11       -0.099106        0.267281        0.352375
     C   11        0.139351        0.352375        0.144672

     Cl  12        0.192258        0.913025       -0.309071
     Cl  12        0.913025       -0.081252        0.678491
     Cl  12       -0.309071        0.678491       -0.111007

     H   13       -0.071422        0.003132       -0.318772
     H   13        0.003132        0.305322        0.516000
     H   13       -0.318772        0.516000       -0.233899

     C   14       -0.511996        0.149068       -0.313929
     C   14        0.149068        0.389156        0.315862
     C   14       -0.313929        0.315862        0.122840

     H   15        0.312378        0.125622        0.704375
     H   15        0.125622        0.018118        0.252892
     H   15        0.704375        0.252892       -0.330497

     C   16        0.481834       -0.018066        0.137488
     C   16       -0.018066       -0.202946        0.118208
     C   16        0.137488        0.118208       -0.278889

     C   17       -0.577560        0.122403       -0.247018
     C   17        0.122403        0.407482        0.415996
     C   17       -0.247018        0.415996        0.170078

     Cl  18        1.290060       -2.727436       -1.481050
     Cl  18       -2.727436       -0.927310        0.048928
     Cl  18       -1.481050        0.048928       -0.362749

     H   19       -0.075239       -0.190683        0.040925
     H   19       -0.190683       -0.045051       -0.500523
     H   19        0.040925       -0.500523        0.120290

     C   20        0.042904        0.660826       -0.036670
     C   20        0.660826        0.288378        0.412979
     C   20       -0.036670        0.412979       -0.331282

     H   21        0.307778       -0.117174        0.562067
     H   21       -0.117174       -0.176827        0.250424
     H   21        0.562067        0.250424       -0.130951

     C   22       -0.730125        0.089001       -0.150495
     C   22        0.089001        0.634248       -0.368395
     C   22       -0.150495       -0.368395        0.095878

     C   23        0.093197        0.391866        0.043178
     C   23        0.391866        0.012300       -0.095604
     C   23        0.043178       -0.095604       -0.105497

     Cl  24       -1.183093        0.708227       -0.482272
     Cl  24        0.708227       -0.452578       -1.753540
     Cl  24       -0.482272       -1.753540        1.635671


     NQR/NMR SPECTROSCOPIC PARAMETERS:
     Cl   1    Vxx=   -0.1374    axis=( -0.021994 -0.932827  0.359653)
     Cl   1    Vyy=   -0.4138    axis=(  0.415529  0.318667  0.851931)
     Cl   1    Vzz=    0.5512    axis=( -0.909314  0.168184  0.380608)
     Cl   1  Q=        -8.1650 1e-30 m^2  Cq=       -10.5750 MHz  eta= 0.50153

     C    2    Vxx=    0.2100    axis=(  0.761396 -0.644437  0.070553)
     C    2    Vyy=    0.6243    axis=(  0.641315  0.732814 -0.227375)
     C    2    Vzz=   -0.8342    axis=(  0.094826  0.218369  0.971248)
     C    2  Q=         1.0000 1e-30 m^2  Cq=        -1.9601 MHz  eta= 0.49667

     C    3    Vxx=   -0.1665    axis=(  0.859978  0.237066 -0.451926)
     C    3    Vyy=   -0.3271    axis=( -0.508893  0.464787 -0.724569)
     C    3    Vzz=    0.4935    axis=( -0.038278 -0.853096 -0.520349)
     C    3  Q=         1.0000 1e-30 m^2  Cq=         1.1596 MHz  eta= 0.32536

     H    4    Vxx=   -0.1062    axis=( -0.434825  0.602001  0.669718)
     H    4    Vyy=   -0.6670    axis=(  0.161290  0.783743 -0.599777)
     H    4    Vzz=    0.7732    axis=(  0.885953  0.152779  0.437888)
     H    4  Q=         1.0000 1e-30 m^2  Cq=         1.8167 MHz  eta= 0.72532

     C    5    Vxx=    0.1949    axis=(  0.977685  0.008112 -0.209921)
     C    5    Vyy=    0.4718    axis=( -0.062013  0.965870 -0.251496)
     C    5    Vzz=   -0.6666    axis=(  0.200716  0.258901  0.944819)
     C    5  Q=         1.0000 1e-30 m^2  Cq=        -1.5663 MHz  eta= 0.41537

     H    6    Vxx=   -0.0557    axis=(  0.959439 -0.234162  0.156989)
     H    6    Vyy=   -0.4822    axis=(  0.278944  0.707850 -0.648952)
     H    6    Vzz=    0.5379    axis=(  0.040835  0.666421  0.744457)
     H    6  Q=         1.0000 1e-30 m^2  Cq=         1.2639 MHz  eta= 0.79283

     H    7    Vxx=    0.0122    axis=(  0.905796 -0.081839 -0.415735)
     H    7    Vyy=    0.3920    axis=(  0.002105 -0.980289  0.197560)
     H    7    Vzz=   -0.4042    axis=(  0.423709  0.179824  0.887769)
     H    7  Q=         1.0000 1e-30 m^2  Cq=        -0.9498 MHz  eta= 0.93967

     C    8    Vxx=    0.0629    axis=( -0.198047  0.251337  0.947421)
     C    8    Vyy=    0.7736    axis=( -0.128014  0.951656 -0.279220)
     C    8    Vzz=   -0.8365    axis=( -0.971797 -0.176582 -0.156297)
     C    8  Q=         1.0000 1e-30 m^2  Cq=        -1.9654 MHz  eta= 0.84952

     H    9    Vxx=   -0.0098    axis=(  0.565356  0.774289 -0.284338)
     H    9    Vyy=   -0.5616    axis=(  0.107631 -0.411018 -0.905251)
     H    9    Vzz=    0.5714    axis=( -0.817795  0.481186 -0.315709)
     H    9  Q=         1.0000 1e-30 m^2  Cq=         1.3427 MHz  eta= 0.96554

     C   10    Vxx=   -0.1764    axis=( -0.963516 -0.135900  0.230583)
     C   10    Vyy=   -0.4991    axis=( -0.258005  0.700796 -0.665070)
     C   10    Vzz=    0.6755    axis=( -0.071209 -0.700297 -0.710291)
     C   10  Q=         1.0000 1e-30 m^2  Cq=         1.5872 MHz  eta= 0.47771

     C   11    Vxx=   -0.0674    axis=( -0.443094  0.584433 -0.679784)
     C   11    Vyy=   -0.4964    axis=( -0.896353 -0.276300  0.346713)
     C   11    Vzz=    0.5638    axis=(  0.014806  0.762952  0.646285)
     C   11  Q=         1.0000 1e-30 m^2  Cq=         1.3248 MHz  eta= 0.76077

     Cl  12    Vxx=    0.2753    axis=( -0.520652  0.230869  0.821962)
     Cl  12    Vyy=    1.0288    axis=( -0.676679 -0.698640 -0.232396)
     Cl  12    Vzz=   -1.3041    axis=(  0.520602 -0.677202  0.519972)
     Cl  12  Q=        -8.1650 1e-30 m^2  Cq=        25.0186 MHz  eta= 0.57774

     H   13    Vxx=    0.0179    axis=(  0.873865  0.422440 -0.240635)
     H   13    Vyy=    0.6575    axis=( -0.236520  0.801843  0.548731)
     H   13    Vzz=   -0.6754    axis=(  0.424757 -0.422602  0.800618)
     H   13  Q=         1.0000 1e-30 m^2  Cq=        -1.5869 MHz  eta= 0.94708

     C   14    Vxx=    0.1038    axis=( -0.484137 -0.523353  0.701223)
     C   14    Vyy=    0.6014    axis=(  0.052371 -0.817300 -0.573828)
     C   14    Vzz=   -0.7052    axis=( -0.873424  0.241088 -0.423093)
     C   14  Q=         1.0000 1e-30 m^2  Cq=        -1.6570 MHz  eta= 0.70550

     H   15    Vxx=   -0.0282    axis=(  0.339316 -0.940665  0.003701)
     H   15    Vyy=   -0.8098    axis=(  0.508394  0.180074 -0.842086)
     H   15    Vzz=    0.8380    axis=(  0.791455  0.287615  0.539330)
     H   15  Q=         1.0000 1e-30 m^2  Cq=         1.9690 MHz  eta= 0.93272

     C   16    Vxx=   -0.1234    axis=(  0.099009 -0.832432 -0.545210)
     C   16    Vyy=   -0.3826    axis=(  0.142045  0.554115 -0.820232)
     C   16    Vzz=    0.5059    axis=(  0.984896  0.003766  0.173105)
     C   16  Q=         1.0000 1e-30 m^2  Cq=         1.1887 MHz  eta= 0.51228

     C   17    Vxx=   -0.0143    axis=( -0.431058 -0.567090  0.701854)
     C   17    Vyy=   -0.7092    axis=( -0.901349  0.234455 -0.364144)
     C   17    Vzz=    0.7235    axis=(  0.041949 -0.789582 -0.612210)
     C   17  Q=         1.0000 1e-30 m^2  Cq=         1.7000 MHz  eta= 0.96039

     Cl  18    Vxx=   -0.5199    axis=(  0.080881 -0.433655  0.897442)
     Cl  18    Vyy=   -3.0203    axis=( -0.582179 -0.751390 -0.310613)
     Cl  18    Vzz=    3.5402    axis=(  0.809028 -0.497349 -0.313238)
     Cl  18  Q=        -8.1650 1e-30 m^2  Cq=       -67.9165 MHz  eta= 0.70630

     H   19    Vxx=   -0.0775    axis=(  0.931033 -0.065759 -0.358962)
     H   19    Vyy=   -0.5045    axis=(  0.280572  0.757975  0.588858)
     H   19    Vzz=    0.5820    axis=(  0.233361 -0.648961  0.724150)
     H   19  Q=         1.0000 1e-30 m^2  Cq=         1.3675 MHz  eta= 0.73352

     C   20    Vxx=   -0.1664    axis=( -0.627839  0.239920  0.740444)
     C   20    Vyy=   -0.7446    axis=( -0.517514  0.581894 -0.627358)
     C   20    Vzz=    0.9110    axis=(  0.581375  0.777070  0.241173)
     C   20  Q=         1.0000 1e-30 m^2  Cq=         2.1404 MHz  eta= 0.63473

     H   21    Vxx=   -0.0270    axis=(  0.319497 -0.871524 -0.371978)
     H   21    Vyy=   -0.6672    axis=(  0.479344  0.487269 -0.729930)
     H   21    Vzz=    0.6942    axis=(  0.817405  0.054905  0.573441)
     H   21  Q=         1.0000 1e-30 m^2  Cq=         1.6311 MHz  eta= 0.92225

     C   22    Vxx=   -0.0782    axis=( -0.137501  0.468468  0.872715)
     C   22    Vyy=   -0.7571    axis=( -0.985996  0.019209 -0.165660)
     C   22    Vzz=    0.8353    axis=( -0.094370 -0.883272  0.459266)
     C   22  Q=         1.0000 1e-30 m^2  Cq=         1.9626 MHz  eta= 0.81285

     C   23    Vxx=   -0.0706    axis=(  0.274591 -0.217961  0.936532)
     C   23    Vyy=   -0.3780    axis=( -0.618538  0.705676  0.345588)
     C   23    Vzz=    0.4486    axis=( -0.736214 -0.674176  0.058955)
     C   23  Q=         1.0000 1e-30 m^2  Cq=         1.0540 MHz  eta= 0.68529

     Cl  24    Vxx=   -1.0163    axis=(  0.744496  0.486584  0.457124)
     Cl  24    Vyy=   -1.7666    axis=(  0.639436 -0.716560 -0.278681)
     Cl  24    Vzz=    2.7829    axis=( -0.191955 -0.499778  0.844615)
     Cl  24  Q=        -8.1650 1e-30 m^2  Cq=       -53.3883 MHz  eta= 0.26958

     Initialization:
     gipaw_setup  :      9.24s CPU     11.36s WALL (       1 calls)

     Linear response

     Apply operators

     Induced current

     Other routines
     efg          :      9.58s CPU     12.39s WALL (       1 calls)

     General routines
     calbec       :      3.36s CPU      4.82s WALL (      16 calls)
     fft          :      1.90s CPU      3.21s WALL (      15 calls)
     ffts         :      0.03s CPU      0.04s WALL (       2 calls)
     fftw         :      3.36s CPU      4.07s WALL (     672 calls)
     davcio       :      0.05s CPU      0.33s WALL (      32 calls)

     Parallel routines
     fft_scatter  :      2.37s CPU      4.28s WALL (     689 calls)

     Plugins

     GIPAW        :     62.10s CPU     74.95s WALL (       1 calls)
