
     Program QE v.6.0 (svn rev. 13079) starts on 25Dec2016 at  5: 3:21 

     This program is part of the open-source Quantum ESPRESSO suite
     for quantum simulation of materials; please cite
         "P. Giannozzi et al., J. Phys.:Condens. Matter 21 395502 (2009);
          URL http://www.quantum-espresso.org", 
     in publications or presentations arising from this work. More details at
     http://www.quantum-espresso.org/quote

     Parallel version (MPI), running on     8 processors
     R & G space division:  proc/nbgrp/npool/nimage =       8

     ***** This is GIPAW svn revision unknown      *****

     Parallelizing q-star over 1 images

     Reading data from directory:
     /users/majewski/paradichlorobenzene/pbe/9_constraint/scratch/pbe.ecut100.np8.dt60.pcl2phi-129368.save
     Message from routine read_xml_file:
     file /users/majewski/paradichlorobenzene/pbe/9_constraint/scratch/pbe.ecut100.np8.dt60.pcl2phi-129368.save not guaranteed to be safe for post-processing

   Info: using nr1, nr2, nr3 values from input

   Info: using nr1, nr2, nr3 values from input

     IMPORTANT: XC functional enforced from input :
     Exchange-correlation      =  SLA  PW   PBX  PBC ( 1  4  3  4 0 0)
     Any further DFT definition will be discarded
     Please, verify this is what you really want

               file C.pbe-n-kjpaw_psl.1.0.0.UPF: wavefunction(s)  2S 2P renormalized
               file Cl.pbe-n-kjpaw_psl.1.0.0.UPF: wavefunction(s)  3S 3P renormalized
               file H.pbe-kjpaw_psl.1.0.0.UPF: wavefunction(s)  1S renormalized

     Parallelization info
     --------------------
     sticks:   dense  smooth     PW     G-vecs:    dense   smooth      PW
     Min        3057    1223    332               144436    36536    5170
     Max        3059    1225    333               144437    36537    5171
     Sum       24467    9791   2657              1155489   292295   41363


     Subspace diagonalization in iterative solution of the eigenvalue problem:
     a serial algorithm will be used

     GIPAW projectors -----------------------------------------------
     atom=  C    l=0  rc=    1.2000  rs=    0.8000
     atom=  C    l=0  rc=    1.2000  rs=    0.8000
     atom=  C    l=1  rc=    1.4000  rs=    0.9333
     atom=  C    l=1  rc=    1.4000  rs=    0.9333
     projs nearly linearly dependent: l=1  n1,n2= 1, 2  s=  0.99951561

     atom=  Cl   l=0  rc=    1.6000  rs=    1.0667
     atom=  Cl   l=0  rc=    1.6000  rs=    1.0667
     atom=  Cl   l=1  rc=    1.6000  rs=    1.0667
     atom=  Cl   l=1  rc=    1.6000  rs=    1.0667
     atom=  Cl   l=2  rc=    1.6000  rs=    1.0667
     atom=  Cl   l=2  rc=    1.6000  rs=    1.0667
     projs nearly linearly dependent: l=2  n1,n2= 1, 2  s=  0.99993509

     atom=  H    l=0  rc=    1.0000  rs=    0.6667
     atom=  H    l=0  rc=    1.0000  rs=    0.6667
     projs nearly linearly dependent: l=0  n1,n2= 1, 2  s=  0.99968852
     -----------------------------------------------------------------

     GIPAW integrals: -------------------------------------------
     Atom  i/j   nmr_para   nmr_dia   epr_rmc  epr_para   epr_dia
       C   1 1   0.83E+03  0.17E-01  0.93E+01  0.24E+08  0.24E+03
       C   2 1   0.86E+03 -0.61E-01  0.94E+01  0.25E+08  0.25E+03
       C   2 2   0.90E+03 -0.15E+00  0.97E+01  0.26E+08  0.26E+03
       C   3 3   0.33E+01  0.34E+00  0.18E+01  0.55E+03  0.21E+02
       C   4 3   0.35E+01  0.37E+00  0.20E+01  0.59E+03  0.22E+02
       C   4 4   0.38E+01  0.39E+00  0.22E+01  0.63E+03  0.24E+02
       Cl  1 1   0.14E+04 -0.47E+00  0.84E+01  0.32E+09  0.42E+03
       Cl  2 1   0.21E+04 -0.37E+00  0.12E+02  0.49E+09  0.65E+03
       Cl  2 2   0.33E+04 -0.16E+00  0.21E+02  0.76E+09  0.10E+04
       Cl  3 3   0.21E+02  0.79E-01  0.89E+01  0.23E+05  0.13E+03
       Cl  4 3   0.24E+02  0.67E-01  0.99E+01  0.27E+05  0.15E+03
       Cl  4 4   0.28E+02  0.44E-01  0.11E+02  0.32E+05  0.18E+03
       Cl  5 5   0.77E+00  0.19E+00  0.18E+01  0.12E+03  0.22E+02
       Cl  6 5   0.80E+00  0.19E+00  0.19E+01  0.12E+03  0.23E+02
       Cl  6 6   0.83E+00  0.20E+00  0.19E+01  0.12E+03  0.23E+02
       H   1 1   0.39E+02  0.19E+00  0.29E+00  0.78E+05  0.13E+02
       H   2 1   0.41E+02  0.21E+00  0.32E+00  0.82E+05  0.14E+02
       H   2 2   0.43E+02  0.22E+00  0.36E+00  0.86E+05  0.15E+02
     ------------------------------------------------------------

     alpha_pv=     33.4836 eV

     Number of occupied bands for each k-point:
     k-point:     1    nbnd_occ=  42
     k-point:     2    nbnd_occ=  42
     k-point:     3    nbnd_occ=  42
     k-point:     4    nbnd_occ=  42
     k-point:     5    nbnd_occ=  42
     k-point:     6    nbnd_occ=  42
     k-point:     7    nbnd_occ=  42
     k-point:     8    nbnd_occ=  42
     k-point:     9    nbnd_occ=  42
     k-point:    10    nbnd_occ=  42
     k-point:    11    nbnd_occ=  42
     k-point:    12    nbnd_occ=  42
     k-point:    13    nbnd_occ=  42
     k-point:    14    nbnd_occ=  42
     k-point:    15    nbnd_occ=  42
     k-point:    16    nbnd_occ=  42


     q-space interpolation up to   110.00 Rydberg

     GIPAW job: efg                                                                             


     ELECTRIC FIELD GRADIENTS TENSORS IN Hartree/bohrradius^2:

     ----- bare term -----
     Cl   1        0.057812        0.067556        0.024664
     Cl   1        0.067556       -0.051951        0.015642
     Cl   1        0.024664        0.015642       -0.005861

     C    2       -0.544516        0.397676       -0.327067
     C    2        0.397676        0.233066       -0.281308
     C    2       -0.327067       -0.281308        0.311449

     C    3        0.065592       -0.241953       -0.362859
     C    3       -0.241953       -0.182479       -0.584654
     C    3       -0.362859       -0.584654        0.116887

     H    4       -0.603369        0.163881       -0.021947
     H    4        0.163881        0.254609       -0.290134
     H    4       -0.021947       -0.290134        0.348760

     C    5       -0.400692        0.311817       -0.182499
     C    5        0.311817        0.028768       -0.217594
     C    5       -0.182499       -0.217594        0.371924

     H    6       -0.039721       -0.111292       -0.191037
     H    6       -0.111292       -0.266774       -0.484855
     H    6       -0.191037       -0.484855        0.306495

     H    7        0.447751        0.161071       -0.054554
     H    7        0.161071       -0.668121        0.490747
     H    7       -0.054554        0.490747        0.220370

     C    8       -0.079913       -0.156048       -0.154836
     C    8       -0.156048       -0.025833        0.422311
     C    8       -0.154836        0.422311        0.105746

     H    9       -0.207448        0.438297       -0.431896
     H    9        0.438297       -0.010819        0.331418
     H    9       -0.431896        0.331418        0.218267

     C   10       -0.643654       -0.420004       -0.326602
     C   10       -0.420004        0.308938        0.164148
     C   10       -0.326602        0.164148        0.334716

     C   11        0.022777       -0.284372       -0.116708
     C   11       -0.284372       -0.143420        0.519118
     C   11       -0.116708        0.519118        0.120643

     Cl  12       -0.102025       -0.202578       -0.038691
     Cl  12       -0.202578        0.148686        0.053550
     Cl  12       -0.038691        0.053550       -0.046661

     H   13        0.377747       -0.300037        0.080976
     H   13       -0.300037       -0.667766        0.163430
     H   13        0.080976        0.163430        0.290019

     C   14       -0.082448       -0.021504       -0.152859
     C   14       -0.021504       -0.105779       -0.198865
     C   14       -0.152859       -0.198865        0.188227

     H   15       -0.296719       -0.471596        0.100430
     H   15       -0.471596        0.036138        0.172805
     H   15        0.100430        0.172805        0.260582

     C   16       -0.256272        0.194726        0.024846
     C   16        0.194726       -0.048301       -0.177441
     C   16        0.024846       -0.177441        0.304572

     C   17       -0.149679       -0.282524       -0.308796
     C   17       -0.282524       -0.023187       -0.699028
     C   17       -0.308796       -0.699028        0.172865

     Cl  18       -0.088217        0.185198       -0.023811
     Cl  18        0.185198       -0.041509       -0.006935
     Cl  18       -0.023811       -0.006935        0.129726

     H   19        0.380332        0.073178        0.039441
     H   19        0.073178       -0.436213        0.570695
     H   19        0.039441        0.570695        0.055881

     C   20       -0.837085       -0.428617       -0.429934
     C   20       -0.428617        0.512006        0.096128
     C   20       -0.429934        0.096128        0.325079

     H   21       -0.178168       -0.175379       -0.508850
     H   21       -0.175379       -0.047386       -0.027171
     H   21       -0.508850       -0.027171        0.225554

     C   22        0.055254       -0.134592       -0.166603
     C   22       -0.134592       -0.049271        0.624532
     C   22       -0.166603        0.624532       -0.005983

     C   23       -0.592139       -0.381032       -0.403737
     C   23       -0.381032        0.331319        0.226351
     C   23       -0.403737        0.226351        0.260820

     Cl  24       -0.001874       -0.049537        0.041727
     Cl  24       -0.049537        0.039739       -0.083267
     Cl  24        0.041727       -0.083267       -0.037865

     ----- ionic term -----
     Cl   1        0.107191       -0.189958       -0.032666
     Cl   1       -0.189958        0.018497        0.023456
     Cl   1       -0.032666        0.023456       -0.125689

     C    2        0.225996       -0.005030        0.204605
     C    2       -0.005030        0.238321        0.376427
     C    2        0.204605        0.376427       -0.464317

     C    3        0.157919       -0.109803        0.133744
     C    3       -0.109803        0.324080        0.352372
     C    3        0.133744        0.352372       -0.481999

     H    4        0.825314        0.357394        0.453116
     H    4        0.357394       -0.383473        0.168012
     H    4        0.453116        0.168012       -0.441841

     C    5        0.294398       -0.104987        0.184812
     C    5       -0.104987        0.147566        0.284723
     C    5        0.184812        0.284723       -0.441964

     H    6       -0.506805        0.193402        0.103470
     H    6        0.193402        0.709417        0.643666
     H    6        0.103470        0.643666       -0.202613

     H    7       -0.512346       -0.058017        0.047406
     H    7       -0.058017        0.571694       -0.741017
     H    7        0.047406       -0.741017       -0.059348

     C    8        0.223385        0.159442        0.245853
     C    8        0.159442        0.066239       -0.303922
     C    8        0.245853       -0.303922       -0.289624

     H    9        0.549990       -0.285145        0.687162
     H    9       -0.285145       -0.431317       -0.251780
     H    9        0.687162       -0.251780       -0.118673

     C   10        0.110605        0.215227        0.193397
     C   10        0.215227        0.188791       -0.366674
     C   10        0.193397       -0.366674       -0.299396

     C   11        0.217403        0.201813        0.255458
     C   11        0.201813        0.096942       -0.374898
     C   11        0.255458       -0.374898       -0.314344

     Cl  12        0.140359        0.192961       -0.011102
     Cl  12        0.192961        0.012909       -0.017425
     Cl  12       -0.011102       -0.017425       -0.153268

     H   13       -0.469217        0.196072        0.074443
     H   13        0.196072        0.760810        0.593133
     H   13        0.074443        0.593133       -0.291594

     C   14        0.367709       -0.115830        0.211748
     C   14       -0.115830        0.113991        0.269109
     C   14        0.211748        0.269109       -0.481701

     H   15        0.810997        0.383969        0.484851
     H   15        0.383969       -0.356720        0.190275
     H   15        0.484851        0.190275       -0.454278

     C   16        0.223695       -0.145392        0.160043
     C   16       -0.145392        0.252915        0.315985
     C   16        0.160043        0.315985       -0.476610

     C   17        0.242320       -0.077136        0.265752
     C   17       -0.077136        0.224513        0.281634
     C   17        0.265752        0.281634       -0.466833

     Cl  18        0.106078       -0.184124        0.042326
     Cl  18       -0.184124        0.062946       -0.025901
     Cl  18        0.042326       -0.025901       -0.169024

     H   19       -0.510619       -0.042070        0.047687
     H   19       -0.042070        0.631683       -0.720948
     H   19        0.047687       -0.720948       -0.121064

     C   20        0.270526        0.183044        0.293583
     C   20        0.183044        0.025979       -0.274464
     C   20        0.293583       -0.274464       -0.296505

     H   21        0.615466       -0.252465        0.692405
     H   21       -0.252465       -0.450965       -0.213776
     H   21        0.692405       -0.213776       -0.164502

     C   22        0.099102        0.192889        0.218397
     C   22        0.192889        0.165265       -0.400893
     C   22        0.218397       -0.400893       -0.264367

     C   23        0.108518        0.143876        0.220786
     C   23        0.143876        0.152416       -0.476318
     C   23        0.220786       -0.476318       -0.260933

     Cl  24        0.136435        0.202478       -0.015882
     Cl  24        0.202478        0.001978       -0.023550
     Cl  24       -0.015882       -0.023550       -0.138413

     ----- GIPAW term -----
     Cl   1       -0.183522       -1.215600        0.068686
     Cl   1       -1.215600        2.220109        1.163426
     Cl   1        0.068686        1.163426       -2.036588

     C    2       -0.148358        0.010599       -0.043808
     C    2        0.010599        0.242923       -0.128055
     C    2       -0.043808       -0.128055       -0.094566

     C    3       -0.036227       -0.215627       -0.105517
     C    3       -0.215627        0.140148        0.033449
     C    3       -0.105517        0.033449       -0.103920

     H    4       -0.000000        0.000000        0.000000
     H    4        0.000000        0.000000        0.000000
     H    4        0.000000        0.000000        0.000000

     C    5        0.045505       -0.161422       -0.000354
     C    5       -0.161422        0.055718       -0.007332
     C    5       -0.000354       -0.007332       -0.101223

     H    6       -0.000000        0.000000        0.000000
     H    6        0.000000        0.000000        0.000000
     H    6        0.000000        0.000000        0.000000

     H    7       -0.000000        0.000000        0.000000
     H    7        0.000000        0.000000        0.000000
     H    7        0.000000        0.000000        0.000000

     C    8       -0.100701       -0.083272        0.005376
     C    8       -0.083272        0.243292        0.016533
     C    8        0.005376        0.016533       -0.142591

     H    9       -0.000000        0.000000        0.000000
     H    9        0.000000        0.000000        0.000000
     H    9        0.000000        0.000000        0.000000

     C   10       -0.202523       -0.164243       -0.054162
     C   10       -0.164243        0.270599       -0.045015
     C   10       -0.054162       -0.045015       -0.068076

     C   11        0.037644       -0.084337        0.034104
     C   11       -0.084337        0.124917       -0.013232
     C   11        0.034104       -0.013232       -0.162562

     Cl  12        0.675119        0.624964       -0.379377
     Cl  12        0.624964        1.418186        0.463363
     Cl  12       -0.379377        0.463363       -2.093304

     H   13       -0.000000        0.000000        0.000000
     H   13        0.000000        0.000000        0.000000
     H   13        0.000000        0.000000        0.000000

     C   14       -0.043207        0.017411       -0.022292
     C   14        0.017411        0.040947       -0.109902
     C   14       -0.022292       -0.109902        0.002261

     H   15       -0.000000        0.000000        0.000000
     H   15        0.000000        0.000000        0.000000
     H   15        0.000000        0.000000        0.000000

     C   16       -0.083842        0.024737       -0.010823
     C   16        0.024737        0.044577       -0.094548
     C   16       -0.010823       -0.094548        0.039265

     C   17       -0.060987       -0.170311        0.010286
     C   17       -0.170311        0.053847       -0.235712
     C   17        0.010286       -0.235712        0.007141

     Cl  18        1.459551       -1.986971       -0.235723
     Cl  18       -1.986971       -0.113854        0.022691
     Cl  18       -0.235723        0.022691       -1.345697

     H   19       -0.000000        0.000000        0.000000
     H   19        0.000000        0.000000        0.000000
     H   19        0.000000        0.000000        0.000000

     C   20       -0.204235       -0.155186       -0.035394
     C   20       -0.155186        0.290797       -0.055423
     C   20       -0.035394       -0.055423       -0.086563

     H   21       -0.000000        0.000000        0.000000
     H   21        0.000000        0.000000        0.000000
     H   21        0.000000        0.000000        0.000000

     C   22       -0.114607       -0.010493       -0.015944
     C   22       -0.010493        0.270112        0.077201
     C   22       -0.015944        0.077201       -0.155505

     C   23       -0.144867       -0.041508       -0.057391
     C   23       -0.041508        0.294516        0.021378
     C   23       -0.057391        0.021378       -0.149649

     Cl  24       -0.072951        0.805837        0.450134
     Cl  24        0.805837        1.845984       -1.730336
     Cl  24        0.450134       -1.730336       -1.773033

     ----- total EFG -----
     Cl   1       -0.018518       -1.338002        0.060683
     Cl   1       -1.338002        2.186656        1.202524
     Cl   1        0.060683        1.202524       -2.168138

     C    2       -0.466877        0.403244       -0.166270
     C    2        0.403244        0.714311       -0.032937
     C    2       -0.166270       -0.032937       -0.247433

     C    3        0.187283       -0.567383       -0.334632
     C    3       -0.567383        0.281748       -0.198833
     C    3       -0.334632       -0.198833       -0.469031

     H    4        0.221945        0.521274        0.431169
     H    4        0.521274       -0.128864       -0.122122
     H    4        0.431169       -0.122122       -0.093081

     C    5       -0.060789        0.045408        0.001959
     C    5        0.045408        0.232053        0.059798
     C    5        0.001959        0.059798       -0.171264

     H    6       -0.546526        0.082110       -0.087567
     H    6        0.082110        0.442643        0.158812
     H    6       -0.087567        0.158812        0.103883

     H    7       -0.064595        0.103054       -0.007148
     H    7        0.103054       -0.096427       -0.250271
     H    7       -0.007148       -0.250271        0.161022

     C    8        0.042771       -0.079877        0.096393
     C    8       -0.079877        0.283699        0.134922
     C    8        0.096393        0.134922       -0.326469

     H    9        0.342542        0.153152        0.255266
     H    9        0.153152       -0.442136        0.079639
     H    9        0.255266        0.079639        0.099594

     C   10       -0.735572       -0.369020       -0.187368
     C   10       -0.369020        0.768328       -0.247541
     C   10       -0.187368       -0.247541       -0.032756

     C   11        0.277824       -0.166896        0.172854
     C   11       -0.166896        0.078439        0.130987
     C   11        0.172854        0.130987       -0.356264

     Cl  12        0.713453        0.615347       -0.429170
     Cl  12        0.615347        1.579781        0.499488
     Cl  12       -0.429170        0.499488       -2.293233

     H   13       -0.091470       -0.103965        0.155418
     H   13       -0.103965        0.093044        0.756563
     H   13        0.155418        0.756563       -0.001574

     C   14        0.242054       -0.119923        0.036597
     C   14       -0.119923        0.049159       -0.039658
     C   14        0.036597       -0.039658       -0.291213

     H   15        0.514278       -0.087627        0.585281
     H   15       -0.087627       -0.320582        0.363080
     H   15        0.585281        0.363080       -0.193696

     C   16       -0.116418        0.074071        0.174066
     C   16        0.074071        0.249191        0.043996
     C   16        0.174066        0.043996       -0.132773

     C   17        0.031654       -0.529971       -0.032758
     C   17       -0.529971        0.255172       -0.653106
     C   17       -0.032758       -0.653106       -0.286827

     Cl  18        1.477412       -1.985898       -0.217208
     Cl  18       -1.985898       -0.092417       -0.010145
     Cl  18       -0.217208       -0.010145       -1.384995

     H   19       -0.130287        0.031108        0.087128
     H   19        0.031108        0.195471       -0.150253
     H   19        0.087128       -0.150253       -0.065183

     C   20       -0.770794       -0.400759       -0.171745
     C   20       -0.400759        0.828783       -0.233760
     C   20       -0.171745       -0.233760       -0.057989

     H   21        0.437298       -0.427844        0.183555
     H   21       -0.427844       -0.498351       -0.240947
     H   21        0.183555       -0.240947        0.061053

     C   22        0.039750        0.047804        0.035851
     C   22        0.047804        0.386106        0.300841
     C   22        0.035851        0.300841       -0.425856

     C   23       -0.628488       -0.278664       -0.240343
     C   23       -0.278664        0.778251       -0.228589
     C   23       -0.240343       -0.228589       -0.149762

     Cl  24        0.061610        0.958778        0.475980
     Cl  24        0.958778        1.887701       -1.837153
     Cl  24        0.475980       -1.837153       -1.949310

     ----- total EFG (symmetrized) -----
     Cl   1       -0.018518       -1.338002        0.060683
     Cl   1       -1.338002        2.186656        1.202524
     Cl   1        0.060683        1.202524       -2.168138

     C    2       -0.466877        0.403244       -0.166270
     C    2        0.403244        0.714311       -0.032937
     C    2       -0.166270       -0.032937       -0.247433

     C    3        0.187283       -0.567383       -0.334632
     C    3       -0.567383        0.281748       -0.198833
     C    3       -0.334632       -0.198833       -0.469031

     H    4        0.221945        0.521274        0.431169
     H    4        0.521274       -0.128864       -0.122122
     H    4        0.431169       -0.122122       -0.093081

     C    5       -0.060789        0.045408        0.001959
     C    5        0.045408        0.232053        0.059798
     C    5        0.001959        0.059798       -0.171264

     H    6       -0.546526        0.082110       -0.087567
     H    6        0.082110        0.442643        0.158812
     H    6       -0.087567        0.158812        0.103883

     H    7       -0.064595        0.103054       -0.007148
     H    7        0.103054       -0.096427       -0.250271
     H    7       -0.007148       -0.250271        0.161022

     C    8        0.042771       -0.079877        0.096393
     C    8       -0.079877        0.283699        0.134922
     C    8        0.096393        0.134922       -0.326469

     H    9        0.342542        0.153152        0.255266
     H    9        0.153152       -0.442136        0.079639
     H    9        0.255266        0.079639        0.099594

     C   10       -0.735572       -0.369020       -0.187368
     C   10       -0.369020        0.768328       -0.247541
     C   10       -0.187368       -0.247541       -0.032756

     C   11        0.277824       -0.166896        0.172854
     C   11       -0.166896        0.078439        0.130987
     C   11        0.172854        0.130987       -0.356264

     Cl  12        0.713453        0.615347       -0.429170
     Cl  12        0.615347        1.579781        0.499488
     Cl  12       -0.429170        0.499488       -2.293233

     H   13       -0.091470       -0.103965        0.155418
     H   13       -0.103965        0.093044        0.756563
     H   13        0.155418        0.756563       -0.001574

     C   14        0.242054       -0.119923        0.036597
     C   14       -0.119923        0.049159       -0.039658
     C   14        0.036597       -0.039658       -0.291213

     H   15        0.514278       -0.087627        0.585281
     H   15       -0.087627       -0.320582        0.363080
     H   15        0.585281        0.363080       -0.193696

     C   16       -0.116418        0.074071        0.174066
     C   16        0.074071        0.249191        0.043996
     C   16        0.174066        0.043996       -0.132773

     C   17        0.031654       -0.529971       -0.032758
     C   17       -0.529971        0.255172       -0.653106
     C   17       -0.032758       -0.653106       -0.286827

     Cl  18        1.477412       -1.985898       -0.217208
     Cl  18       -1.985898       -0.092417       -0.010145
     Cl  18       -0.217208       -0.010145       -1.384995

     H   19       -0.130287        0.031108        0.087128
     H   19        0.031108        0.195471       -0.150253
     H   19        0.087128       -0.150253       -0.065183

     C   20       -0.770794       -0.400759       -0.171745
     C   20       -0.400759        0.828783       -0.233760
     C   20       -0.171745       -0.233760       -0.057989

     H   21        0.437298       -0.427844        0.183555
     H   21       -0.427844       -0.498351       -0.240947
     H   21        0.183555       -0.240947        0.061053

     C   22        0.039750        0.047804        0.035851
     C   22        0.047804        0.386106        0.300841
     C   22        0.035851        0.300841       -0.425856

     C   23       -0.628488       -0.278664       -0.240343
     C   23       -0.278664        0.778251       -0.228589
     C   23       -0.240343       -0.228589       -0.149762

     Cl  24        0.061610        0.958778        0.475980
     Cl  24        0.958778        1.887701       -1.837153
     Cl  24        0.475980       -1.837153       -1.949310


     NQR/NMR SPECTROSCOPIC PARAMETERS:
     Cl   1    Vxx=   -0.4899    axis=(  0.904302  0.330850  0.269772)
     Cl   1    Vyy=   -2.5481    axis=( -0.175223 -0.288582  0.941285)
     Cl   1    Vzz=    3.0380    axis=(  0.389275 -0.898476 -0.202992)
     Cl   1  Q=        -8.1650 1e-30 m^2  Cq=       -58.2834 MHz  eta= 0.67746

     C    2    Vxx=   -0.1973    axis=( -0.315866  0.173432  0.932818)
     C    2    Vyy=   -0.6476    axis=(  0.899577 -0.257825  0.352546)
     C    2    Vzz=    0.8449    axis=(  0.301646  0.950499 -0.074578)
     C    2  Q=         1.0000 1e-30 m^2  Cq=         1.9851 MHz  eta= 0.53305

     C    3    Vxx=   -0.0184    axis=(  0.522747  0.565660 -0.637781)
     C    3    Vyy=   -0.7911    axis=(  0.497382  0.405226  0.767074)
     C    3    Vzz=    0.8095    axis=( -0.692349  0.718206  0.069519)
     C    3  Q=         1.0000 1e-30 m^2  Cq=         1.9019 MHz  eta= 0.95452

     H    4    Vxx=    0.0123    axis=( -0.007076  0.639037 -0.769143)
     H    4    Vyy=    0.7078    axis=( -0.812242 -0.452319 -0.368334)
     H    4    Vzz=   -0.7201    axis=( -0.583277  0.622124  0.522254)
     H    4  Q=         1.0000 1e-30 m^2  Cq=        -1.6920 MHz  eta= 0.96570

     C    5    Vxx=   -0.0672    axis=(  0.988592 -0.137872 -0.060636)
     C    5    Vyy=   -0.1801    axis=(  0.040003 -0.147773  0.988212)
     C    5    Vzz=    0.2474    axis=( -0.145207 -0.979364 -0.140572)
     C    5  Q=         1.0000 1e-30 m^2  Cq=         0.5812 MHz  eta= 0.45634

     H    6    Vxx=    0.0614    axis=( -0.179312 -0.345164  0.921254)
     H    6    Vyy=    0.5073    axis=( -0.042942 -0.932793 -0.357845)
     H    6    Vzz=   -0.5688    axis=(  0.982855 -0.103727  0.152439)
     H    6  Q=         1.0000 1e-30 m^2  Cq=        -1.3364 MHz  eta= 0.78401

     H    7    Vxx=   -0.0406    axis=(  0.916035  0.235473  0.324704)
     H    7    Vyy=   -0.2826    axis=( -0.369010  0.812030  0.452150)
     H    7    Vzz=    0.3233    axis=( -0.157200 -0.534004  0.830739)
     H    7  Q=         1.0000 1e-30 m^2  Cq=         0.7595 MHz  eta= 0.74857

     C    8    Vxx=    0.0590    axis=( -0.942996 -0.160041 -0.291797)
     C    8    Vyy=    0.3250    axis=( -0.215097  0.962134  0.167427)
     C    8    Vzz=   -0.3841    axis=( -0.253953 -0.220647  0.941713)
     C    8  Q=         1.0000 1e-30 m^2  Cq=        -0.9024 MHz  eta= 0.69255

     H    9    Vxx=   -0.0611    axis=( -0.525092 -0.033320  0.850393)
     H    9    Vyy=   -0.4729    axis=( -0.165023  0.984254 -0.063332)
     H    9    Vzz=    0.5341    axis=( -0.834892 -0.173590 -0.522323)
     H    9  Q=         1.0000 1e-30 m^2  Cq=         1.2549 MHz  eta= 0.77103

     C   10    Vxx=   -0.0086    axis=( -0.316649  0.148120  0.936907)
     C   10    Vyy=   -0.8894    axis=( -0.929013 -0.247832 -0.274800)
     C   10    Vzz=    0.8980    axis=(  0.191492 -0.957413  0.216081)
     C   10  Q=         1.0000 1e-30 m^2  Cq=         2.1100 MHz  eta= 0.98092

     C   11    Vxx=    0.0715    axis=(  0.349538  0.846969  0.400584)
     C   11    Vyy=    0.3840    axis=(  0.892658 -0.430915  0.132192)
     C   11    Vzz=   -0.4555    axis=( -0.284580 -0.311378  0.906674)
     C   11  Q=         1.0000 1e-30 m^2  Cq=        -1.0702 MHz  eta= 0.68600

     Cl  12    Vxx=    0.5246    axis=( -0.884595  0.417076  0.208662)
     Cl  12    Vyy=    1.9144    axis=(  0.437548  0.897065  0.061862)
     Cl  12    Vzz=   -2.4389    axis=(  0.161382 -0.146022  0.976029)
     Cl  12  Q=        -8.1650 1e-30 m^2  Cq=        46.7895 MHz  eta= 0.56984

     H   13    Vxx=   -0.0418    axis=(  0.963589 -0.206956  0.169310)
     H   13    Vyy=   -0.7630    axis=( -0.265083 -0.656404  0.706303)
     H   13    Vzz=    0.8048    axis=(  0.035038  0.725467  0.687364)
     H   13  Q=         1.0000 1e-30 m^2  Cq=         1.8911 MHz  eta= 0.89605

     C   14    Vxx=   -0.0069    axis=(  0.441040  0.894903 -0.068063)
     C   14    Vyy=   -0.2968    axis=(  0.045680 -0.098122 -0.994125)
     C   14    Vzz=    0.3037    axis=( -0.896324  0.435340 -0.084155)
     C   14  Q=         1.0000 1e-30 m^2  Cq=         0.7137 MHz  eta= 0.95439

     H   15    Vxx=   -0.0561    axis=(  0.375985 -0.789786 -0.484637)
     H   15    Vyy=   -0.7979    axis=(  0.357411  0.606148 -0.710522)
     H   15    Vzz=    0.8539    axis=(  0.854922  0.093931  0.510181)
     H   15  Q=         1.0000 1e-30 m^2  Cq=         2.0064 MHz  eta= 0.86868

     C   16    Vxx=    0.0192    axis=(  0.665605 -0.341283  0.663699)
     C   16    Vyy=    0.2804    axis=(  0.268899  0.939252  0.213305)
     C   16    Vzz=   -0.2996    axis=( -0.696178  0.036491  0.716942)
     C   16  Q=         1.0000 1e-30 m^2  Cq=        -0.7038 MHz  eta= 0.87201

     C   17    Vxx=   -0.0536    axis=(  0.802547  0.164535 -0.573451)
     C   17    Vyy=   -0.8567    axis=(  0.381977  0.596643  0.705769)
     C   17    Vzz=    0.9103    axis=(  0.458270 -0.785458  0.415986)
     C   17  Q=         1.0000 1e-30 m^2  Cq=         2.1388 MHz  eta= 0.88225

     Cl  18    Vxx=   -1.2847    axis=( -0.330698 -0.544275  0.770976)
     Cl  18    Vyy=   -1.5504    axis=( -0.454802 -0.623905 -0.635530)
     Cl  18    Vzz=    2.8351    axis=( -0.826918  0.560810  0.041214)
     Cl  18  Q=        -8.1650 1e-30 m^2  Cq=       -54.3892 MHz  eta= 0.09373

     H   19    Vxx=   -0.0399    axis=( -0.713217 -0.307729 -0.629781)
     H   19    Vyy=   -0.2243    axis=(  0.700626 -0.285932 -0.653733)
     H   19    Vzz=    0.2642    axis=(  0.021098 -0.907494  0.419534)
     H   19  Q=         1.0000 1e-30 m^2  Cq=         0.6208 MHz  eta= 0.69774

     C   20    Vxx=   -0.0360    axis=( -0.288873  0.122784  0.949461)
     C   20    Vyy=   -0.9233    axis=(  0.935354  0.247645  0.252556)
     C   20    Vzz=    0.9592    axis=( -0.204120  0.961039 -0.186385)
     C   20  Q=         1.0000 1e-30 m^2  Cq=         2.2538 MHz  eta= 0.92501

     H   21    Vxx=   -0.0096    axis=( -0.431976 -0.065305  0.899518)
     H   21    Vyy=   -0.6997    axis=(  0.312822  0.924608  0.217353)
     H   21    Vzz=    0.7093    axis=( -0.845895  0.375280 -0.378980)
     H   21  Q=         1.0000 1e-30 m^2  Cq=         1.6667 MHz  eta= 0.97292

     C   22    Vxx=    0.0333    axis=(  0.991678 -0.128567 -0.006808)
     C   22    Vyy=    0.4925    axis=(  0.124213  0.941506  0.313269)
     C   22    Vzz=   -0.5258    axis=( -0.033867 -0.311507  0.949640)
     C   22  Q=         1.0000 1e-30 m^2  Cq=        -1.2355 MHz  eta= 0.87332

     C   23    Vxx=   -0.0606    axis=( -0.429664  0.101767  0.897236)
     C   23    Vyy=   -0.8042    axis=(  0.890134  0.214798  0.401900)
     C   23    Vzz=    0.8648    axis=( -0.151825  0.971342 -0.182877)
     C   23  Q=         1.0000 1e-30 m^2  Cq=         2.0320 MHz  eta= 0.85987

     Cl  24    Vxx=    0.0912    axis=(  0.927792 -0.142566  0.344785)
     Cl  24    Vyy=    2.8177    axis=(  0.260315  0.909371 -0.324471)
     Cl  24    Vzz=   -2.9088    axis=( -0.267279  0.390794  0.880819)
     Cl  24  Q=        -8.1650 1e-30 m^2  Cq=        55.8046 MHz  eta= 0.93732

     Initialization:
     gipaw_setup  :      9.09s CPU     10.72s WALL (       1 calls)

     Linear response

     Apply operators

     Induced current

     Other routines
     efg          :      9.74s CPU     12.04s WALL (       1 calls)

     General routines
     calbec       :      3.39s CPU      4.46s WALL (      16 calls)
     fft          :      1.72s CPU      2.75s WALL (      15 calls)
     ffts         :      0.04s CPU      0.04s WALL (       2 calls)
     fftw         :      3.60s CPU      4.17s WALL (     672 calls)
     davcio       :      0.02s CPU      0.31s WALL (      32 calls)

     Parallel routines
     fft_scatter  :      2.41s CPU      3.85s WALL (     689 calls)

     Plugins

     GIPAW        :     60.92s CPU     72.57s WALL (       1 calls)
