
     Program QE v.6.0 (svn rev. 13079) starts on  7Jan2017 at  1:51:36 

     This program is part of the open-source Quantum ESPRESSO suite
     for quantum simulation of materials; please cite
         "P. Giannozzi et al., J. Phys.:Condens. Matter 21 395502 (2009);
          URL http://www.quantum-espresso.org", 
     in publications or presentations arising from this work. More details at
     http://www.quantum-espresso.org/quote

     Parallel version (MPI), running on     8 processors
     R & G space division:  proc/nbgrp/npool/nimage =       8

     ***** This is GIPAW svn revision unknown      *****

     Parallelizing q-star over 1 images

     Reading data from directory:
     /users/majewski/paradichlorobenzene/pbe/9_constraint/scratch/pbe.ecut100.np8.dt60.pcl2phi-129368.save
     Message from routine read_xml_file:
     file /users/majewski/paradichlorobenzene/pbe/9_constraint/scratch/pbe.ecut100.np8.dt60.pcl2phi-129368.save not guaranteed to be safe for post-processing

   Info: using nr1, nr2, nr3 values from input

   Info: using nr1, nr2, nr3 values from input

     IMPORTANT: XC functional enforced from input :
     Exchange-correlation      =  SLA  PW   PBX  PBC ( 1  4  3  4 0 0)
     Any further DFT definition will be discarded
     Please, verify this is what you really want

               file C.pbe-n-kjpaw_psl.1.0.0.UPF: wavefunction(s)  2S 2P renormalized
               file Cl.pbe-n-kjpaw_psl.1.0.0.UPF: wavefunction(s)  3S 3P renormalized
               file H.pbe-kjpaw_psl.1.0.0.UPF: wavefunction(s)  1S renormalized

     Parallelization info
     --------------------
     sticks:   dense  smooth     PW     G-vecs:    dense   smooth      PW
     Min        3057    1223    332               144436    36536    5170
     Max        3059    1225    333               144437    36537    5171
     Sum       24467    9791   2657              1155489   292295   41363


     Subspace diagonalization in iterative solution of the eigenvalue problem:
     a serial algorithm will be used

     GIPAW projectors -----------------------------------------------
     atom=  C    l=0  rc=    1.2000  rs=    0.8000
     atom=  C    l=0  rc=    1.2000  rs=    0.8000
     atom=  C    l=1  rc=    1.4000  rs=    0.9333
     atom=  C    l=1  rc=    1.4000  rs=    0.9333
     projs nearly linearly dependent: l=1  n1,n2= 1, 2  s=  0.99951561

     atom=  Cl   l=0  rc=    1.6000  rs=    1.0667
     atom=  Cl   l=0  rc=    1.6000  rs=    1.0667
     atom=  Cl   l=1  rc=    1.6000  rs=    1.0667
     atom=  Cl   l=1  rc=    1.6000  rs=    1.0667
     atom=  Cl   l=2  rc=    1.6000  rs=    1.0667
     atom=  Cl   l=2  rc=    1.6000  rs=    1.0667
     projs nearly linearly dependent: l=2  n1,n2= 1, 2  s=  0.99993509

     atom=  H    l=0  rc=    1.0000  rs=    0.6667
     atom=  H    l=0  rc=    1.0000  rs=    0.6667
     projs nearly linearly dependent: l=0  n1,n2= 1, 2  s=  0.99968852
     -----------------------------------------------------------------

     GIPAW integrals: -------------------------------------------
     Atom  i/j   nmr_para   nmr_dia   epr_rmc  epr_para   epr_dia
       C   1 1   0.83E+03  0.17E-01  0.93E+01  0.24E+08  0.24E+03
       C   2 1   0.86E+03 -0.61E-01  0.94E+01  0.25E+08  0.25E+03
       C   2 2   0.90E+03 -0.15E+00  0.97E+01  0.26E+08  0.26E+03
       C   3 3   0.33E+01  0.34E+00  0.18E+01  0.55E+03  0.21E+02
       C   4 3   0.35E+01  0.37E+00  0.20E+01  0.59E+03  0.22E+02
       C   4 4   0.38E+01  0.39E+00  0.22E+01  0.63E+03  0.24E+02
       Cl  1 1   0.14E+04 -0.47E+00  0.84E+01  0.32E+09  0.42E+03
       Cl  2 1   0.21E+04 -0.37E+00  0.12E+02  0.49E+09  0.65E+03
       Cl  2 2   0.33E+04 -0.16E+00  0.21E+02  0.76E+09  0.10E+04
       Cl  3 3   0.21E+02  0.79E-01  0.89E+01  0.23E+05  0.13E+03
       Cl  4 3   0.24E+02  0.67E-01  0.99E+01  0.27E+05  0.15E+03
       Cl  4 4   0.28E+02  0.44E-01  0.11E+02  0.32E+05  0.18E+03
       Cl  5 5   0.77E+00  0.19E+00  0.18E+01  0.12E+03  0.22E+02
       Cl  6 5   0.80E+00  0.19E+00  0.19E+01  0.12E+03  0.23E+02
       Cl  6 6   0.83E+00  0.20E+00  0.19E+01  0.12E+03  0.23E+02
       H   1 1   0.39E+02  0.19E+00  0.29E+00  0.78E+05  0.13E+02
       H   2 1   0.41E+02  0.21E+00  0.32E+00  0.82E+05  0.14E+02
       H   2 2   0.43E+02  0.22E+00  0.36E+00  0.86E+05  0.15E+02
     ------------------------------------------------------------

     alpha_pv=     34.2975 eV

     Number of occupied bands for each k-point:
     k-point:     1    nbnd_occ=  42
     k-point:     2    nbnd_occ=  42
     k-point:     3    nbnd_occ=  42
     k-point:     4    nbnd_occ=  42
     k-point:     5    nbnd_occ=  42
     k-point:     6    nbnd_occ=  42
     k-point:     7    nbnd_occ=  42
     k-point:     8    nbnd_occ=  42
     k-point:     9    nbnd_occ=  42
     k-point:    10    nbnd_occ=  42
     k-point:    11    nbnd_occ=  42
     k-point:    12    nbnd_occ=  42
     k-point:    13    nbnd_occ=  42
     k-point:    14    nbnd_occ=  42
     k-point:    15    nbnd_occ=  42
     k-point:    16    nbnd_occ=  42


     q-space interpolation up to   110.00 Rydberg

     GIPAW job: efg                                                                             


     ELECTRIC FIELD GRADIENTS TENSORS IN Hartree/bohrradius^2:

     ----- bare term -----
     Cl   1       -0.237007        0.181032        0.075085
     Cl   1        0.181032       -0.041023       -0.155167
     Cl   1        0.075085       -0.155167        0.278030

     C    2       -0.135050       -0.204050       -0.362734
     C    2       -0.204050       -0.093087       -0.551944
     C    2       -0.362734       -0.551944        0.228137

     C    3       -0.044205        0.446357       -0.033096
     C    3        0.446357       -0.365172       -0.434583
     C    3       -0.033096       -0.434583        0.409376

     H    4       -0.407957       -0.294514       -0.474399
     H    4       -0.294514        0.171918       -0.157497
     H    4       -0.474399       -0.157497        0.236040

     C    5       -0.099276       -0.126981       -0.540119
     C    5       -0.126981       -0.131179       -0.438240
     C    5       -0.540119       -0.438240        0.230455

     H    6        0.297008        0.124189        0.129680
     H    6        0.124189       -0.338325       -0.564343
     H    6        0.129680       -0.564343        0.041318

     H    7        0.101141       -0.312145       -0.255535
     H    7       -0.312145       -0.443707        0.155114
     H    7       -0.255535        0.155114        0.342566

     C    8       -0.084005        0.089124       -0.479071
     C    8        0.089124        0.000420        0.403224
     C    8       -0.479071        0.403224        0.083584

     H    9       -0.180424        0.116792       -0.392534
     H    9        0.116792        0.093310        0.450662
     H    9       -0.392534        0.450662        0.087114

     C   10       -0.156140       -0.424677       -0.302457
     C   10       -0.424677       -0.261997        0.266031
     C   10       -0.302457        0.266031        0.418137

     C   11        0.003327        0.129401       -0.534990
     C   11        0.129401       -0.354725        0.484339
     C   11       -0.534990        0.484339        0.351398

     Cl  12       -0.132320       -0.214552       -0.179359
     Cl  12       -0.214552       -0.133243        0.031341
     Cl  12       -0.179359        0.031341        0.265563

     H   13       -0.043344       -0.331200       -0.026074
     H   13       -0.331200       -0.330214       -0.375804
     H   13       -0.026074       -0.375804        0.373557

     C   14       -0.198361        0.410965       -0.388442
     C   14        0.410965       -0.271890       -0.201068
     C   14       -0.388442       -0.201068        0.470251

     H   15       -0.613634       -0.241906        0.202075
     H   15       -0.241906        0.383690       -0.071799
     H   15        0.202075       -0.071799        0.229944

     C   16        0.015601       -0.053479       -0.249953
     C   16       -0.053479       -0.300209       -0.370336
     C   16       -0.249953       -0.370336        0.284608

     C   17       -0.313871        0.326299       -0.376528
     C   17        0.326299       -0.159466       -0.306073
     C   17       -0.376528       -0.306073        0.473337

     Cl  18        0.044133       -0.069353       -0.132058
     Cl  18       -0.069353       -0.054262       -0.024497
     Cl  18       -0.132058       -0.024497        0.010129

     H   19        0.413193        0.111471       -0.030139
     H   19        0.111471       -0.645315        0.284198
     H   19       -0.030139        0.284198        0.232122

     C   20       -0.418773       -0.245027       -0.381434
     C   20       -0.245027       -0.096183        0.400098
     C   20       -0.381434        0.400098        0.514956

     H   21       -0.186947        0.254559       -0.504393
     H   21        0.254559        0.245807        0.351863
     H   21       -0.504393        0.351863       -0.058859

     C   22       -0.403604       -0.362972       -0.329404
     C   22       -0.362972        0.050029        0.390558
     C   22       -0.329404        0.390558        0.353575

     C   23        0.082087       -0.507765       -0.049038
     C   23       -0.507765       -0.314195        0.492885
     C   23       -0.049038        0.492885        0.232108

     Cl  24       -0.025626       -0.100597        0.087400
     Cl  24       -0.100597        0.003457       -0.115789
     Cl  24        0.087400       -0.115789        0.022169

     ----- ionic term -----
     Cl   1        0.170186       -0.208447       -0.027230
     Cl   1       -0.208447       -0.029111        0.023993
     Cl   1       -0.027230        0.023993       -0.141075

     C    2        0.355387       -0.144099        0.126441
     C    2       -0.144099        0.031137        0.396842
     C    2        0.126441        0.396842       -0.386524

     C    3        0.205059       -0.234156        0.099029
     C    3       -0.234156        0.137796        0.405101
     C    3        0.099029        0.405101       -0.342855

     H    4        0.703252        0.359632        0.585332
     H    4        0.359632       -0.405015        0.244792
     H    4        0.585332        0.244792       -0.298237

     C    5        0.330584       -0.142573        0.209598
     C    5       -0.142573        0.046432        0.337243
     C    5        0.209598        0.337243       -0.377016

     H    6       -0.523043        0.105030        0.073121
     H    6        0.105030        0.663509        0.721061
     H    6        0.073121        0.721061       -0.140466

     H    7       -0.511516       -0.066410        0.035900
     H    7       -0.066410        0.957981       -0.448469
     H    7        0.035900       -0.448469       -0.446464

     C    8        0.299767        0.080354        0.348489
     C    8        0.080354        0.085452       -0.267608
     C    8        0.348489       -0.267608       -0.385219

     H    9        0.519966       -0.444328        0.643091
     H    9       -0.444328       -0.298100       -0.313674
     H    9        0.643091       -0.313674       -0.221866

     C   10        0.143136        0.152433        0.227166
     C   10        0.152433        0.223477       -0.364219
     C   10        0.227166       -0.364219       -0.366613

     C   11        0.156535        0.180008        0.315416
     C   11        0.180008        0.193175       -0.402915
     C   11        0.315416       -0.402915       -0.349710

     Cl  12        0.159538        0.227854        0.037658
     Cl  12        0.227854        0.003572        0.009729
     Cl  12        0.037658        0.009729       -0.163111

     H   13       -0.487885        0.170859        0.100058
     H   13        0.170859        0.585019        0.727975
     H   13        0.100058        0.727975       -0.097134

     C   14        0.390930       -0.081812        0.151136
     C   14       -0.081812        0.010515        0.334794
     C   14        0.151136        0.334794       -0.401445

     H   15        0.776402        0.349803        0.490072
     H   15        0.349803       -0.420348        0.201505
     H   15        0.490072        0.201505       -0.356054

     C   16        0.210826       -0.154419        0.095408
     C   16       -0.154419        0.208382        0.386010
     C   16        0.095408        0.386010       -0.419208

     C   17        0.243323       -0.082533        0.257444
     C   17       -0.082533        0.165692        0.373089
     C   17        0.257444        0.373089       -0.409015

     Cl  18        0.126209       -0.213919       -0.003788
     Cl  18       -0.213919        0.027467        0.000808
     Cl  18       -0.003788        0.000808       -0.153676

     H   19       -0.518794       -0.016504        0.031387
     H   19       -0.016504        0.687551       -0.684162
     H   19        0.031387       -0.684162       -0.168757

     C   20        0.299851        0.199823        0.334455
     C   20        0.199823        0.034019       -0.299968
     C   20        0.334455       -0.299968       -0.333871

     H   21        0.359062       -0.238236        0.747325
     H   21       -0.238236       -0.450003       -0.281229
     H   21        0.747325       -0.281229        0.090941

     C   22        0.146426        0.308455        0.227425
     C   22        0.308455        0.177609       -0.368034
     C   22        0.227425       -0.368034       -0.324035

     C   23        0.212133        0.154081        0.332162
     C   23        0.154081        0.142170       -0.410007
     C   23        0.332162       -0.410007       -0.354303

     Cl  24        0.167051        0.218943        0.036713
     Cl  24        0.218943        0.000495        0.021107
     Cl  24        0.036713        0.021107       -0.167546

     ----- GIPAW term -----
     Cl   1       -0.458838       -1.539900        0.735590
     Cl   1       -1.539900       -0.368266       -1.703734
     Cl   1        0.735590       -1.703734        0.827104

     C    2        0.107348       -0.193424        0.025086
     C    2       -0.193424       -0.060246       -0.097497
     C    2        0.025086       -0.097497       -0.047101

     C    3        0.137140       -0.021688        0.057769
     C    3       -0.021688       -0.107952       -0.064285
     C    3        0.057769       -0.064285       -0.029188

     H    4       -0.000000        0.000000        0.000000
     H    4        0.000000        0.000000        0.000000
     H    4        0.000000        0.000000        0.000000

     C    5        0.122426       -0.117800       -0.188046
     C    5       -0.117800       -0.110931       -0.049195
     C    5       -0.188046       -0.049195       -0.011495

     H    6       -0.000000        0.000000        0.000000
     H    6        0.000000        0.000000        0.000000
     H    6        0.000000        0.000000        0.000000

     H    7       -0.000000        0.000000        0.000000
     H    7        0.000000        0.000000        0.000000
     H    7        0.000000        0.000000        0.000000

     C    8        0.282237        0.015537       -0.001153
     C    8        0.015537       -0.139051        0.046345
     C    8       -0.001153        0.046345       -0.143186

     H    9       -0.000000        0.000000        0.000000
     H    9        0.000000        0.000000        0.000000
     H    9        0.000000        0.000000        0.000000

     C   10        0.081531        0.015338       -0.157663
     C   10        0.015338       -0.099529       -0.024815
     C   10       -0.157663       -0.024815        0.017998

     C   11        0.041511        0.134661       -0.220979
     C   11        0.134661       -0.153316        0.046872
     C   11       -0.220979        0.046872        0.111805

     Cl  12        0.580758        0.960135       -1.965815
     Cl  12        0.960135       -1.254218        0.351699
     Cl  12       -1.965815        0.351699        0.673460

     H   13       -0.000000        0.000000        0.000000
     H   13        0.000000        0.000000        0.000000
     H   13        0.000000        0.000000        0.000000

     C   14        0.117991        0.062449       -0.204675
     C   14        0.062449       -0.163566       -0.018229
     C   14       -0.204675       -0.018229        0.045575

     H   15       -0.000000        0.000000        0.000000
     H   15        0.000000        0.000000        0.000000
     H   15        0.000000        0.000000        0.000000

     C   16        0.025856       -0.016251       -0.172525
     C   16       -0.016251       -0.108865       -0.035372
     C   16       -0.172525       -0.035372        0.083009

     C   17        0.061916       -0.056438       -0.226866
     C   17       -0.056438       -0.130351       -0.006029
     C   17       -0.226866       -0.006029        0.068435

     Cl  18        1.956952       -2.349317       -1.827436
     Cl  18       -2.349317       -0.975072        0.030544
     Cl  18       -1.827436        0.030544       -0.981880

     H   19       -0.000000        0.000000        0.000000
     H   19        0.000000        0.000000        0.000000
     H   19        0.000000        0.000000        0.000000

     C   20       -0.091064       -0.061838       -0.103419
     C   20       -0.061838       -0.055404        0.136689
     C   20       -0.103419        0.136689        0.146468

     H   21       -0.000000        0.000000        0.000000
     H   21        0.000000        0.000000        0.000000
     H   21        0.000000        0.000000        0.000000

     C   22       -0.112476       -0.133358       -0.100793
     C   22       -0.133358        0.120084        0.085789
     C   22       -0.100793        0.085789       -0.007607

     C   23        0.207507       -0.136506        0.045529
     C   23       -0.136506       -0.063670        0.033819
     C   23        0.045529        0.033819       -0.143837

     Cl  24        1.219907        0.407223        1.612071
     Cl  24        0.407223       -0.261421       -1.422821
     Cl  24        1.612071       -1.422821       -0.958486

     ----- total EFG -----
     Cl   1       -0.525658       -1.567316        0.783444
     Cl   1       -1.567316       -0.438401       -1.834908
     Cl   1        0.783444       -1.834908        0.964059

     C    2        0.327684       -0.541573       -0.211208
     C    2       -0.541573       -0.122196       -0.252599
     C    2       -0.211208       -0.252599       -0.205488

     C    3        0.297994        0.190512        0.123702
     C    3        0.190512       -0.335327       -0.093767
     C    3        0.123702       -0.093767        0.037333

     H    4        0.295295        0.065118        0.110932
     H    4        0.065118       -0.233098        0.087295
     H    4        0.110932        0.087295       -0.062197

     C    5        0.353734       -0.387355       -0.518567
     C    5       -0.387355       -0.195679       -0.150193
     C    5       -0.518567       -0.150193       -0.158055

     H    6       -0.226035        0.229219        0.202800
     H    6        0.229219        0.325184        0.156718
     H    6        0.202800        0.156718       -0.099149

     H    7       -0.410375       -0.378555       -0.219636
     H    7       -0.378555        0.514273       -0.293355
     H    7       -0.219636       -0.293355       -0.103899

     C    8        0.498000        0.185014       -0.131735
     C    8        0.185014       -0.053179        0.181961
     C    8       -0.131735        0.181961       -0.444821

     H    9        0.339542       -0.327536        0.250557
     H    9       -0.327536       -0.204789        0.136988
     H    9        0.250557        0.136988       -0.134753

     C   10        0.068528       -0.256905       -0.232954
     C   10       -0.256905       -0.138050       -0.123004
     C   10       -0.232954       -0.123004        0.069522

     C   11        0.201374        0.444070       -0.440553
     C   11        0.444070       -0.314867        0.128296
     C   11       -0.440553        0.128296        0.113493

     Cl  12        0.607976        0.973437       -2.107516
     Cl  12        0.973437       -1.383889        0.392768
     Cl  12       -2.107516        0.392768        0.775913

     H   13       -0.531228       -0.160341        0.073984
     H   13       -0.160341        0.254805        0.352171
     H   13        0.073984        0.352171        0.276423

     C   14        0.310560        0.391602       -0.441982
     C   14        0.391602       -0.424941        0.115496
     C   14       -0.441982        0.115496        0.114381

     H   15        0.162768        0.107897        0.692148
     H   15        0.107897       -0.036658        0.129706
     H   15        0.692148        0.129706       -0.126110

     C   16        0.252283       -0.224150       -0.327070
     C   16       -0.224150       -0.200692       -0.019699
     C   16       -0.327070       -0.019699       -0.051591

     C   17       -0.008632        0.187329       -0.345949
     C   17        0.187329       -0.124125        0.060986
     C   17       -0.345949        0.060986        0.132757

     Cl  18        2.127293       -2.632589       -1.963281
     Cl  18       -2.632589       -1.001866        0.006855
     Cl  18       -1.963281        0.006855       -1.125428

     H   19       -0.105601        0.094968        0.001248
     H   19        0.094968        0.042236       -0.399965
     H   19        0.001248       -0.399965        0.063365

     C   20       -0.209986       -0.107043       -0.150399
     C   20       -0.107043       -0.117568        0.236819
     C   20       -0.150399        0.236819        0.327554

     H   21        0.172115        0.016324        0.242932
     H   21        0.016324       -0.204197        0.070634
     H   21        0.242932        0.070634        0.032082

     C   22       -0.369654       -0.187875       -0.202772
     C   22       -0.187875        0.347721        0.108312
     C   22       -0.202772        0.108312        0.021932

     C   23        0.501727       -0.490190        0.328653
     C   23       -0.490190       -0.235695        0.116697
     C   23        0.328653        0.116697       -0.266033

     Cl  24        1.361332        0.525569        1.736184
     Cl  24        0.525569       -0.257470       -1.517503
     Cl  24        1.736184       -1.517503       -1.103862

     ----- total EFG (symmetrized) -----
     Cl   1       -0.525658       -1.567316        0.783444
     Cl   1       -1.567316       -0.438401       -1.834908
     Cl   1        0.783444       -1.834908        0.964059

     C    2        0.327684       -0.541573       -0.211208
     C    2       -0.541573       -0.122196       -0.252599
     C    2       -0.211208       -0.252599       -0.205488

     C    3        0.297994        0.190512        0.123702
     C    3        0.190512       -0.335327       -0.093767
     C    3        0.123702       -0.093767        0.037333

     H    4        0.295295        0.065118        0.110932
     H    4        0.065118       -0.233098        0.087295
     H    4        0.110932        0.087295       -0.062197

     C    5        0.353734       -0.387355       -0.518567
     C    5       -0.387355       -0.195679       -0.150193
     C    5       -0.518567       -0.150193       -0.158055

     H    6       -0.226035        0.229219        0.202800
     H    6        0.229219        0.325184        0.156718
     H    6        0.202800        0.156718       -0.099149

     H    7       -0.410375       -0.378555       -0.219636
     H    7       -0.378555        0.514273       -0.293355
     H    7       -0.219636       -0.293355       -0.103899

     C    8        0.498000        0.185014       -0.131735
     C    8        0.185014       -0.053179        0.181961
     C    8       -0.131735        0.181961       -0.444821

     H    9        0.339542       -0.327536        0.250557
     H    9       -0.327536       -0.204789        0.136988
     H    9        0.250557        0.136988       -0.134753

     C   10        0.068528       -0.256905       -0.232954
     C   10       -0.256905       -0.138050       -0.123004
     C   10       -0.232954       -0.123004        0.069522

     C   11        0.201374        0.444070       -0.440553
     C   11        0.444070       -0.314867        0.128296
     C   11       -0.440553        0.128296        0.113493

     Cl  12        0.607976        0.973437       -2.107516
     Cl  12        0.973437       -1.383889        0.392768
     Cl  12       -2.107516        0.392768        0.775913

     H   13       -0.531228       -0.160341        0.073984
     H   13       -0.160341        0.254805        0.352171
     H   13        0.073984        0.352171        0.276423

     C   14        0.310560        0.391602       -0.441982
     C   14        0.391602       -0.424941        0.115496
     C   14       -0.441982        0.115496        0.114381

     H   15        0.162768        0.107897        0.692148
     H   15        0.107897       -0.036658        0.129706
     H   15        0.692148        0.129706       -0.126110

     C   16        0.252283       -0.224150       -0.327070
     C   16       -0.224150       -0.200692       -0.019699
     C   16       -0.327070       -0.019699       -0.051591

     C   17       -0.008632        0.187329       -0.345949
     C   17        0.187329       -0.124125        0.060986
     C   17       -0.345949        0.060986        0.132757

     Cl  18        2.127293       -2.632589       -1.963281
     Cl  18       -2.632589       -1.001866        0.006855
     Cl  18       -1.963281        0.006855       -1.125428

     H   19       -0.105601        0.094968        0.001248
     H   19        0.094968        0.042236       -0.399965
     H   19        0.001248       -0.399965        0.063365

     C   20       -0.209986       -0.107043       -0.150399
     C   20       -0.107043       -0.117568        0.236819
     C   20       -0.150399        0.236819        0.327554

     H   21        0.172115        0.016324        0.242932
     H   21        0.016324       -0.204197        0.070634
     H   21        0.242932        0.070634        0.032082

     C   22       -0.369654       -0.187875       -0.202772
     C   22       -0.187875        0.347721        0.108312
     C   22       -0.202772        0.108312        0.021932

     C   23        0.501727       -0.490190        0.328653
     C   23       -0.490190       -0.235695        0.116697
     C   23        0.328653        0.116697       -0.266033

     Cl  24        1.361332        0.525569        1.736184
     Cl  24        0.525569       -0.257470       -1.517503
     Cl  24        1.736184       -1.517503       -1.103862


     NQR/NMR SPECTROSCOPIC PARAMETERS:
     Cl   1    Vxx=   -0.6560    axis=( -0.718128  0.262447  0.644526)
     Cl   1    Vyy=   -2.2822    axis=( -0.555393 -0.774200 -0.303567)
     Cl   1    Vzz=    2.9382    axis=(  0.419322 -0.575965  0.701736)
     Cl   1  Q=        -8.1650 1e-30 m^2  Cq=       -56.3688 MHz  eta= 0.55346

     C    2    Vxx=    0.0098    axis=( -0.270478 -0.483440  0.832543)
     C    2    Vyy=    0.6907    axis=( -0.837676  0.544395  0.043973)
     C    2    Vzz=   -0.7005    axis=( -0.474491 -0.685507 -0.552213)
     C    2  Q=         1.0000 1e-30 m^2  Cq=        -1.6460 MHz  eta= 0.97200

     C    3    Vxx=    0.0438    axis=( -0.201822 -0.329554  0.922313)
     C    3    Vyy=    0.3785    axis=( -0.935843 -0.212887 -0.280850)
     C    3    Vzz=   -0.4222    axis=(  0.288903 -0.919823 -0.265445)
     C    3  Q=         1.0000 1e-30 m^2  Cq=        -0.9921 MHz  eta= 0.79268

     H    4    Vxx=   -0.0698    axis=( -0.328378  0.340177  0.881162)
     H    4    Vyy=   -0.2704    axis=( -0.034081  0.928020 -0.370968)
     H    4    Vzz=    0.3402    axis=( -0.943931 -0.151848 -0.293148)
     H    4  Q=         1.0000 1e-30 m^2  Cq=         0.7994 MHz  eta= 0.58946

     C    5    Vxx=   -0.0355    axis=( -0.074080  0.771507 -0.631893)
     C    5    Vyy=   -0.7135    axis=( -0.517033 -0.571536 -0.637200)
     C    5    Vzz=    0.7490    axis=( -0.852754  0.279506  0.441234)
     C    5  Q=         1.0000 1e-30 m^2  Cq=         1.7599 MHz  eta= 0.90528

     H    6    Vxx=   -0.1005    axis=( -0.374189  0.491083 -0.786651)
     H    6    Vyy=   -0.3902    axis=( -0.848341  0.161357  0.504263)
     H    6    Vzz=    0.4907    axis=(  0.374566  0.856039  0.356228)
     H    6  Q=         1.0000 1e-30 m^2  Cq=         1.1529 MHz  eta= 0.59031

     H    7    Vxx=    0.0029    axis=( -0.530742  0.090526  0.842685)
     H    7    Vyy=    0.7052    axis=( -0.262627  0.927773 -0.265075)
     H    7    Vzz=   -0.7082    axis=( -0.805816 -0.361999 -0.468634)
     H    7  Q=         1.0000 1e-30 m^2  Cq=        -1.6639 MHz  eta= 0.99176

     C    8    Vxx=   -0.0083    axis=( -0.209302  0.878529  0.429394)
     C    8    Vyy=   -0.5517    axis=(  0.182757 -0.396238  0.899775)
     C    8    Vzz=    0.5600    axis=( -0.960621 -0.266800  0.077624)
     C    8  Q=         1.0000 1e-30 m^2  Cq=         1.3158 MHz  eta= 0.97029

     H    9    Vxx=   -0.0284    axis=( -0.003083 -0.609764 -0.792577)
     H    9    Vyy=   -0.5111    axis=(  0.436235  0.712369 -0.549754)
     H    9    Vzz=    0.5395    axis=( -0.899828  0.347444 -0.263804)
     H    9  Q=         1.0000 1e-30 m^2  Cq=         1.2675 MHz  eta= 0.89476

     C   10    Vxx=    0.0962    axis=(  0.269766 -0.662631  0.698674)
     C   10    Vyy=    0.3297    axis=(  0.777224 -0.278504 -0.564232)
     C   10    Vzz=   -0.4259    axis=( -0.568461 -0.695237 -0.439882)
     C   10  Q=         1.0000 1e-30 m^2  Cq=        -1.0008 MHz  eta= 0.54812

     C   11    Vxx=    0.0456    axis=(  0.292694  0.619743  0.728182)
     C   11    Vyy=    0.6718    axis=( -0.783783 -0.280726  0.553964)
     C   11    Vzz=   -0.7174    axis=( -0.547735  0.732878 -0.403578)
     C   11  Q=         1.0000 1e-30 m^2  Cq=        -1.6856 MHz  eta= 0.87287

     Cl  12    Vxx=   -0.4501    axis=( -0.451273 -0.702090 -0.550838)
     Cl  12    Vyy=   -2.3894    axis=(  0.546484 -0.705407  0.451395)
     Cl  12    Vzz=    2.8394    axis=( -0.705484 -0.097321  0.702012)
     Cl  12  Q=        -8.1650 1e-30 m^2  Cq=       -54.4725 MHz  eta= 0.68300

     H   13    Vxx=   -0.0317    axis=( -0.313314  0.661779 -0.681089)
     H   13    Vyy=   -0.5893    axis=( -0.948197 -0.257651  0.185844)
     H   13    Vzz=    0.6210    axis=( -0.052496  0.704034  0.708223)
     H   13  Q=         1.0000 1e-30 m^2  Cq=         1.4592 MHz  eta= 0.89782

     C   14    Vxx=   -0.0123    axis=( -0.359899 -0.552104 -0.752100)
     C   14    Vyy=   -0.7059    axis=(  0.468830 -0.803968  0.365832)
     C   14    Vzz=    0.7182    axis=( -0.806642 -0.220944  0.548190)
     C   14  Q=         1.0000 1e-30 m^2  Cq=         1.6875 MHz  eta= 0.96565

     H   15    Vxx=   -0.0694    axis=(  0.190467 -0.977695  0.088517)
     H   15    Vyy=   -0.6904    axis=(  0.625264  0.051306 -0.778725)
     H   15    Vzz=    0.7598    axis=(  0.756814  0.203667  0.621089)
     H   15  Q=         1.0000 1e-30 m^2  Cq=         1.7853 MHz  eta= 0.81727

     C   16    Vxx=   -0.1206    axis=(  0.188076 -0.696913  0.692055)
     C   16    Vyy=   -0.3869    axis=( -0.510418 -0.671358 -0.537357)
     C   16    Vzz=    0.5075    axis=( -0.839107  0.252174  0.481983)
     C   16  Q=         1.0000 1e-30 m^2  Cq=         1.1925 MHz  eta= 0.52459

     C   17    Vxx=   -0.0141    axis=(  0.337553  0.825497  0.452341)
     C   17    Vyy=   -0.4112    axis=( -0.677421  0.546692 -0.492167)
     C   17    Vzz=    0.4253    axis=( -0.653574 -0.140293  0.743746)
     C   17  Q=         1.0000 1e-30 m^2  Cq=         0.9992 MHz  eta= 0.93366

     Cl  18    Vxx=   -1.0868    axis=( -0.017680 -0.611511  0.791038)
     Cl  18    Vyy=   -3.1031    axis=( -0.531599 -0.664321 -0.525434)
     Cl  18    Vzz=    4.1899    axis=( -0.846812  0.429805  0.313333)
     Cl  18  Q=        -8.1650 1e-30 m^2  Cq=       -80.3816 MHz  eta= 0.48121

     H   19    Vxx=   -0.0946    axis=( -0.958438 -0.107392 -0.264317)
     H   19    Vyy=   -0.3659    axis=( -0.260708  0.705967  0.658515)
     H   19    Vzz=    0.4605    axis=(  0.115880  0.700055 -0.704624)
     H   19  Q=         1.0000 1e-30 m^2  Cq=         1.0821 MHz  eta= 0.58910

     C   20    Vxx=   -0.1971    axis=( -0.505374  0.722900 -0.471182)
     C   20    Vyy=   -0.2804    axis=(  0.824457  0.565686 -0.016395)
     C   20    Vzz=    0.4775    axis=( -0.254689  0.396756  0.881883)
     C   20  Q=         1.0000 1e-30 m^2  Cq=         1.1220 MHz  eta= 0.17454

     H   21    Vxx=   -0.1253    axis=( -0.571093  0.478634  0.666905)
     H   21    Vyy=   -0.2352    axis=(  0.224071  0.872463 -0.434282)
     H   21    Vzz=    0.3604    axis=( -0.789712 -0.098581 -0.605505)
     H   21  Q=         1.0000 1e-30 m^2  Cq=         0.8468 MHz  eta= 0.30495

     C   22    Vxx=    0.0245    axis=( -0.241444 -0.431573  0.869166)
     C   22    Vyy=    0.4533    axis=(  0.290981 -0.886648 -0.359422)
     C   22    Vzz=   -0.4778    axis=(  0.925762  0.166131  0.339655)
     C   22  Q=         1.0000 1e-30 m^2  Cq=        -1.1226 MHz  eta= 0.89753

     C   23    Vxx=   -0.1441    axis=( -0.070868 -0.618213 -0.782809)
     C   23    Vyy=   -0.6596    axis=( -0.450703 -0.680258  0.578027)
     C   23    Vzz=    0.8037    axis=( -0.889856  0.393778 -0.230422)
     C   23  Q=         1.0000 1e-30 m^2  Cq=         1.8885 MHz  eta= 0.64138

     Cl  24    Vxx=    0.6594    axis=( -0.342220 -0.851977  0.396258)
     Cl  24    Vyy=    2.2849    axis=(  0.861785 -0.116535  0.493707)
     Cl  24    Vzz=   -2.9443    axis=( -0.374450  0.510445  0.774101)
     Cl  24  Q=        -8.1650 1e-30 m^2  Cq=        56.4857 MHz  eta= 0.55207

     Initialization:
     gipaw_setup  :      9.04s CPU     10.94s WALL (       1 calls)

     Linear response

     Apply operators

     Induced current

     Other routines
     efg          :      9.31s CPU     11.87s WALL (       1 calls)

     General routines
     calbec       :      3.30s CPU      4.48s WALL (      16 calls)
     fft          :      1.35s CPU      1.60s WALL (      15 calls)
     ffts         :      0.03s CPU      0.05s WALL (       2 calls)
     fftw         :      3.28s CPU      4.07s WALL (     672 calls)
     davcio       :      0.02s CPU      0.30s WALL (      32 calls)

     Parallel routines
     fft_scatter  :      2.07s CPU      2.98s WALL (     689 calls)

     Plugins

     GIPAW        :     62.25s CPU     73.47s WALL (       1 calls)
