
     Program QE v.6.0 (svn rev. 13079) starts on 22Dec2016 at 19:20:32 

     This program is part of the open-source Quantum ESPRESSO suite
     for quantum simulation of materials; please cite
         "P. Giannozzi et al., J. Phys.:Condens. Matter 21 395502 (2009);
          URL http://www.quantum-espresso.org", 
     in publications or presentations arising from this work. More details at
     http://www.quantum-espresso.org/quote

     Parallel version (MPI), running on     8 processors
     R & G space division:  proc/nbgrp/npool/nimage =       8

     ***** This is GIPAW svn revision unknown      *****

     Parallelizing q-star over 1 images

     Reading data from directory:
     /users/majewski/paradichlorobenzene/pbe/9_constraint/scratch/pbe.ecut100.np8.dt60.pcl2phi-129368.save
     Message from routine read_xml_file:
     file /users/majewski/paradichlorobenzene/pbe/9_constraint/scratch/pbe.ecut100.np8.dt60.pcl2phi-129368.save not guaranteed to be safe for post-processing

   Info: using nr1, nr2, nr3 values from input

   Info: using nr1, nr2, nr3 values from input

     IMPORTANT: XC functional enforced from input :
     Exchange-correlation      =  SLA  PW   PBX  PBC ( 1  4  3  4 0 0)
     Any further DFT definition will be discarded
     Please, verify this is what you really want

               file C.pbe-n-kjpaw_psl.1.0.0.UPF: wavefunction(s)  2S 2P renormalized
               file Cl.pbe-n-kjpaw_psl.1.0.0.UPF: wavefunction(s)  3S 3P renormalized
               file H.pbe-kjpaw_psl.1.0.0.UPF: wavefunction(s)  1S renormalized

     Parallelization info
     --------------------
     sticks:   dense  smooth     PW     G-vecs:    dense   smooth      PW
     Min        3057    1223    332               144436    36536    5170
     Max        3059    1225    333               144437    36537    5171
     Sum       24467    9791   2657              1155489   292295   41363


     Subspace diagonalization in iterative solution of the eigenvalue problem:
     a serial algorithm will be used

     GIPAW projectors -----------------------------------------------
     atom=  C    l=0  rc=    1.2000  rs=    0.8000
     atom=  C    l=0  rc=    1.2000  rs=    0.8000
     atom=  C    l=1  rc=    1.4000  rs=    0.9333
     atom=  C    l=1  rc=    1.4000  rs=    0.9333
     projs nearly linearly dependent: l=1  n1,n2= 1, 2  s=  0.99951561

     atom=  Cl   l=0  rc=    1.6000  rs=    1.0667
     atom=  Cl   l=0  rc=    1.6000  rs=    1.0667
     atom=  Cl   l=1  rc=    1.6000  rs=    1.0667
     atom=  Cl   l=1  rc=    1.6000  rs=    1.0667
     atom=  Cl   l=2  rc=    1.6000  rs=    1.0667
     atom=  Cl   l=2  rc=    1.6000  rs=    1.0667
     projs nearly linearly dependent: l=2  n1,n2= 1, 2  s=  0.99993509

     atom=  H    l=0  rc=    1.0000  rs=    0.6667
     atom=  H    l=0  rc=    1.0000  rs=    0.6667
     projs nearly linearly dependent: l=0  n1,n2= 1, 2  s=  0.99968852
     -----------------------------------------------------------------

     GIPAW integrals: -------------------------------------------
     Atom  i/j   nmr_para   nmr_dia   epr_rmc  epr_para   epr_dia
       C   1 1   0.83E+03  0.17E-01  0.93E+01  0.24E+08  0.24E+03
       C   2 1   0.86E+03 -0.61E-01  0.94E+01  0.25E+08  0.25E+03
       C   2 2   0.90E+03 -0.15E+00  0.97E+01  0.26E+08  0.26E+03
       C   3 3   0.33E+01  0.34E+00  0.18E+01  0.55E+03  0.21E+02
       C   4 3   0.35E+01  0.37E+00  0.20E+01  0.59E+03  0.22E+02
       C   4 4   0.38E+01  0.39E+00  0.22E+01  0.63E+03  0.24E+02
       Cl  1 1   0.14E+04 -0.47E+00  0.84E+01  0.32E+09  0.42E+03
       Cl  2 1   0.21E+04 -0.37E+00  0.12E+02  0.49E+09  0.65E+03
       Cl  2 2   0.33E+04 -0.16E+00  0.21E+02  0.76E+09  0.10E+04
       Cl  3 3   0.21E+02  0.79E-01  0.89E+01  0.23E+05  0.13E+03
       Cl  4 3   0.24E+02  0.67E-01  0.99E+01  0.27E+05  0.15E+03
       Cl  4 4   0.28E+02  0.44E-01  0.11E+02  0.32E+05  0.18E+03
       Cl  5 5   0.77E+00  0.19E+00  0.18E+01  0.12E+03  0.22E+02
       Cl  6 5   0.80E+00  0.19E+00  0.19E+01  0.12E+03  0.23E+02
       Cl  6 6   0.83E+00  0.20E+00  0.19E+01  0.12E+03  0.23E+02
       H   1 1   0.39E+02  0.19E+00  0.29E+00  0.78E+05  0.13E+02
       H   2 1   0.41E+02  0.21E+00  0.32E+00  0.82E+05  0.14E+02
       H   2 2   0.43E+02  0.22E+00  0.36E+00  0.86E+05  0.15E+02
     ------------------------------------------------------------

     alpha_pv=     34.2120 eV

     Number of occupied bands for each k-point:
     k-point:     1    nbnd_occ=  42
     k-point:     2    nbnd_occ=  42
     k-point:     3    nbnd_occ=  42
     k-point:     4    nbnd_occ=  42
     k-point:     5    nbnd_occ=  42
     k-point:     6    nbnd_occ=  42
     k-point:     7    nbnd_occ=  42
     k-point:     8    nbnd_occ=  42
     k-point:     9    nbnd_occ=  42
     k-point:    10    nbnd_occ=  42
     k-point:    11    nbnd_occ=  42
     k-point:    12    nbnd_occ=  42
     k-point:    13    nbnd_occ=  42
     k-point:    14    nbnd_occ=  42
     k-point:    15    nbnd_occ=  42
     k-point:    16    nbnd_occ=  42


     q-space interpolation up to   110.00 Rydberg

     GIPAW job: efg                                                                             


     ELECTRIC FIELD GRADIENTS TENSORS IN Hartree/bohrradius^2:

     ----- bare term -----
     Cl   1       -0.130907        0.224733       -0.048467
     Cl   1        0.224733        0.098995       -0.087484
     Cl   1       -0.048467       -0.087484        0.031912

     C    2       -0.004150        0.099990       -0.104174
     C    2        0.099990       -0.009777       -0.512139
     C    2       -0.104174       -0.512139        0.013927

     C    3        0.087066       -0.047787        0.271580
     C    3       -0.047787       -0.062319        0.274573
     C    3        0.271580        0.274573       -0.024747

     H    4       -0.135275       -0.291456        0.113829
     H    4       -0.291456       -0.095049        0.159490
     H    4        0.113829        0.159490        0.230324

     C    5       -0.060353       -0.135755       -0.115577
     C    5       -0.135755       -0.067766        0.093127
     C    5       -0.115577        0.093127        0.128119

     H    6        0.329171       -0.237406        0.067285
     H    6       -0.237406       -0.549576        0.271750
     H    6        0.067285        0.271750        0.220405

     H    7        0.307636        0.066353        0.122296
     H    7        0.066353       -0.314791        0.517354
     H    7        0.122296        0.517354        0.007154

     C    8       -0.757187       -0.386634       -0.395129
     C    8       -0.386634        0.401562        0.203394
     C    8       -0.395129        0.203394        0.355625

     H    9       -0.172542       -0.130071       -0.517545
     H    9       -0.130071       -0.066239       -0.002593
     H    9       -0.517545       -0.002593        0.238781

     C   10        0.027221       -0.412071       -0.131283
     C   10       -0.412071       -0.144004        0.625023
     C   10       -0.131283        0.625023        0.116784

     C   11       -0.539437       -0.390073       -0.408560
     C   11       -0.390073        0.295613        0.264920
     C   11       -0.408560        0.264920        0.243824

     Cl  12        0.005479        0.092294       -0.027256
     Cl  12        0.092294        0.074844        0.034079
     Cl  12       -0.027256        0.034079       -0.080322

     H   13        0.381286        0.088737       -0.213503
     H   13        0.088737       -0.552769       -0.241230
     H   13       -0.213503       -0.241230        0.171483

     C   14       -0.593057        0.304832       -0.414557
     C   14        0.304832        0.211055       -0.214181
     C   14       -0.414557       -0.214181        0.382003

     H   15       -0.336589       -0.491562       -0.017308
     H   15       -0.491562        0.109879        0.149281
     H   15       -0.017308        0.149281        0.226710

     C   16       -0.236244        0.331194       -0.153497
     C   16        0.331194       -0.314228       -0.537479
     C   16       -0.153497       -0.537479        0.550473

     C   17       -0.249331        0.226876       -0.249749
     C   17        0.226876       -0.128186       -0.452112
     C   17       -0.249749       -0.452112        0.377518

     Cl  18       -0.033835        0.170037       -0.092726
     Cl  18        0.170037        0.085360       -0.107132
     Cl  18       -0.092726       -0.107132       -0.051525

     H   19        0.459728       -0.016937        0.098595
     H   19       -0.016937       -0.101337        0.588255
     H   19        0.098595        0.588255       -0.358391

     C   20       -0.168126       -0.167894       -0.222516
     C   20       -0.167894       -0.203780        0.337617
     C   20       -0.222516        0.337617        0.371906

     H   21        0.123508        0.092622       -0.345421
     H   21        0.092622        0.480178       -0.004697
     H   21       -0.345421       -0.004697       -0.603686

     C   22       -0.509345       -0.321147       -0.382747
     C   22       -0.321147       -0.045152        0.114362
     C   22       -0.382747        0.114362        0.554497

     C   23       -0.013950        0.101033       -0.326390
     C   23        0.101033       -0.248089        0.442473
     C   23       -0.326390        0.442473        0.262039

     Cl  24       -0.199154       -0.190281       -0.093421
     Cl  24       -0.190281       -0.104552       -0.031384
     Cl  24       -0.093421       -0.031384        0.303706

     ----- ionic term -----
     Cl   1        0.156714       -0.197125        0.026516
     Cl   1       -0.197125        0.026393       -0.013517
     Cl   1        0.026516       -0.013517       -0.183107

     C    2        0.267414       -0.052318        0.175569
     C    2       -0.052318        0.334175        0.250134
     C    2        0.175569        0.250134       -0.601590

     C    3        0.217918       -0.065267        0.029859
     C    3       -0.065267        0.356110        0.274856
     C    3        0.029859        0.274856       -0.574028

     H    4        0.683394        0.599997        0.313627
     H    4        0.599997       -0.119444        0.201911
     H    4        0.313627        0.201911       -0.563951

     C    5        0.414600        0.018913        0.040850
     C    5        0.018913        0.134819        0.228269
     C    5        0.040850        0.228269       -0.549419

     H    6       -0.486388        0.235473        0.050297
     H    6        0.235473        0.936006        0.424616
     H    6        0.050297        0.424616       -0.449618

     H    7       -0.528865        0.060707       -0.012709
     H    7        0.060707        0.597926       -0.737983
     H    7       -0.012709       -0.737983       -0.069062

     C    8        0.203619        0.282625        0.322835
     C    8        0.282625        0.057075       -0.282001
     C    8        0.322835       -0.282001       -0.260694

     H    9        0.713763       -0.165874        0.623587
     H    9       -0.165874       -0.456638       -0.173774
     H    9        0.623587       -0.173774       -0.257125

     C   10        0.175921        0.348659        0.206268
     C   10        0.348659        0.164006       -0.309574
     C   10        0.206268       -0.309574       -0.339927

     C   11        0.196619        0.252225        0.285426
     C   11        0.252225        0.032138       -0.351128
     C   11        0.285426       -0.351128       -0.228758

     Cl  12        0.195638        0.224880        0.004525
     Cl  12        0.224880       -0.033014       -0.004001
     Cl  12        0.004525       -0.004001       -0.162624

     H   13       -0.520934        0.037279        0.021929
     H   13        0.037279        0.968699        0.437977
     H   13        0.021929        0.437977       -0.447766

     C   14        0.439293       -0.075135        0.115869
     C   14       -0.075135        0.114814        0.245768
     C   14        0.115869        0.245768       -0.554107

     H   15        0.687914        0.531378        0.412086
     H   15        0.531378       -0.240084        0.239174
     H   15        0.412086        0.239174       -0.447830

     C   16        0.297550       -0.168092        0.044766
     C   16       -0.168092        0.204818        0.317373
     C   16        0.044766        0.317373       -0.502368

     C   17        0.400247       -0.092476        0.013257
     C   17       -0.092476        0.143984        0.304989
     C   17        0.013257        0.304989       -0.544231

     Cl  18        0.218238       -0.214972       -0.031695
     Cl  18       -0.214972       -0.066082        0.014244
     Cl  18       -0.031695        0.014244       -0.152156

     H   19       -0.530782        0.032434       -0.015069
     H   19        0.032434        0.415207       -0.783339
     H   19       -0.015069       -0.783339        0.115575

     C   20        0.156246        0.285586        0.321613
     C   20        0.285586        0.035975       -0.260232
     C   20        0.321613       -0.260232       -0.192221

     H   21        0.349319       -0.084843        0.814785
     H   21       -0.084843       -0.517577       -0.161446
     H   21        0.814785       -0.161446        0.168258

     C   22        0.017589        0.338082        0.263208
     C   22        0.338082        0.151765       -0.358743
     C   22        0.263208       -0.358743       -0.169354

     C   23        0.089082        0.227278        0.353260
     C   23        0.227278        0.081111       -0.403074
     C   23        0.353260       -0.403074       -0.170192

     Cl  24        0.101761        0.225496        0.041875
     Cl  24        0.225496        0.047933        0.024538
     Cl  24        0.041875        0.024538       -0.149694

     ----- GIPAW term -----
     Cl   1       -0.026629        0.405454       -0.856221
     Cl   1        0.405454        1.742372       -1.477935
     Cl   1       -0.856221       -1.477935       -1.715743

     C    2       -0.013527        0.042491       -0.056074
     C    2        0.042491        0.082553       -0.138894
     C    2       -0.056074       -0.138894       -0.069026

     C    3        0.018607       -0.012977        0.020821
     C    3       -0.012977        0.002866        0.035493
     C    3        0.020821        0.035493       -0.021473

     H    4       -0.000000        0.000000        0.000000
     H    4        0.000000        0.000000        0.000000
     H    4        0.000000        0.000000        0.000000

     C    5        0.000465       -0.016781        0.007455
     C    5       -0.016781       -0.006785        0.001729
     C    5        0.007455        0.001729        0.006320

     H    6       -0.000000        0.000000        0.000000
     H    6        0.000000        0.000000        0.000000
     H    6        0.000000        0.000000        0.000000

     H    7       -0.000000        0.000000        0.000000
     H    7        0.000000        0.000000        0.000000
     H    7        0.000000        0.000000        0.000000

     C    8       -0.205934       -0.107200       -0.050456
     C    8       -0.107200        0.255433        0.004617
     C    8       -0.050456        0.004617       -0.049499

     H    9       -0.000000        0.000000        0.000000
     H    9        0.000000        0.000000        0.000000
     H    9        0.000000        0.000000        0.000000

     C   10       -0.058302       -0.168745       -0.045477
     C   10       -0.168745        0.156149        0.157327
     C   10       -0.045477        0.157327       -0.097847

     C   11       -0.133533       -0.062105       -0.068635
     C   11       -0.062105        0.273840        0.082557
     C   11       -0.068635        0.082557       -0.140307

     Cl  12        1.252163        2.716437       -0.156866
     Cl  12        2.716437        0.737926        0.317758
     Cl  12       -0.156866        0.317758       -1.990089

     H   13       -0.000000        0.000000        0.000000
     H   13        0.000000        0.000000        0.000000
     H   13        0.000000        0.000000        0.000000

     C   14       -0.080315        0.133393       -0.010719
     C   14        0.133393        0.071227        0.035290
     C   14       -0.010719        0.035290        0.009088

     H   15       -0.000000        0.000000        0.000000
     H   15        0.000000        0.000000        0.000000
     H   15        0.000000        0.000000        0.000000

     C   16       -0.112682        0.047244       -0.032112
     C   16        0.047244       -0.073639       -0.148577
     C   16       -0.032112       -0.148577        0.186321

     C   17        0.037879       -0.134403       -0.010522
     C   17       -0.134403        0.006847       -0.097674
     C   17       -0.010522       -0.097674       -0.044726

     Cl  18        1.139828       -0.446819       -0.961281
     Cl  18       -0.446819        0.772760       -1.034580
     Cl  18       -0.961281       -1.034580       -1.912588

     H   19       -0.000000        0.000000        0.000000
     H   19        0.000000        0.000000        0.000000
     H   19        0.000000        0.000000        0.000000

     C   20       -0.091345       -0.028257       -0.017763
     C   20       -0.028257        0.016356       -0.076070
     C   20       -0.017763       -0.076070        0.074989

     H   21       -0.000000        0.000000        0.000000
     H   21        0.000000        0.000000        0.000000
     H   21        0.000000        0.000000        0.000000

     C   22       -0.188512       -0.005686       -0.159484
     C   22       -0.005686       -0.078636       -0.082809
     C   22       -0.159484       -0.082809        0.267148

     C   23       -0.028291        0.153835       -0.062254
     C   23        0.153835        0.035772       -0.103324
     C   23       -0.062254       -0.103324       -0.007481

     Cl  24       -0.598772        1.202209       -1.325249
     Cl  24        1.202209       -1.374351       -0.547445
     Cl  24       -1.325249       -0.547445        1.973123

     ----- total EFG -----
     Cl   1       -0.000822        0.433062       -0.878172
     Cl   1        0.433062        1.867760       -1.578937
     Cl   1       -0.878172       -1.578937       -1.866938

     C    2        0.249738        0.090162        0.015321
     C    2        0.090162        0.406950       -0.400900
     C    2        0.015321       -0.400900       -0.656689

     C    3        0.323591       -0.126031        0.322260
     C    3       -0.126031        0.296657        0.584922
     C    3        0.322260        0.584922       -0.620248

     H    4        0.548119        0.308542        0.427457
     H    4        0.308542       -0.214493        0.361401
     H    4        0.427457        0.361401       -0.333627

     C    5        0.354711       -0.133623       -0.067272
     C    5       -0.133623        0.060269        0.323125
     C    5       -0.067272        0.323125       -0.414980

     H    6       -0.157218       -0.001932        0.117582
     H    6       -0.001932        0.386431        0.696366
     H    6        0.117582        0.696366       -0.229213

     H    7       -0.221228        0.127060        0.109587
     H    7        0.127060        0.283136       -0.220628
     H    7        0.109587       -0.220628       -0.061907

     C    8       -0.759502       -0.211210       -0.122750
     C    8       -0.211210        0.714070       -0.073990
     C    8       -0.122750       -0.073990        0.045433

     H    9        0.541221       -0.295945        0.106042
     H    9       -0.295945       -0.522877       -0.176367
     H    9        0.106042       -0.176367       -0.018344

     C   10        0.144839       -0.232157        0.029508
     C   10       -0.232157        0.176151        0.472777
     C   10        0.029508        0.472777       -0.320991

     C   11       -0.476350       -0.199954       -0.191769
     C   11       -0.199954        0.601591       -0.003651
     C   11       -0.191769       -0.003651       -0.125241

     Cl  12        1.453280        3.033612       -0.179597
     Cl  12        3.033612        0.779756        0.347836
     Cl  12       -0.179597        0.347836       -2.233036

     H   13       -0.139647        0.126016       -0.191574
     H   13        0.126016        0.415930        0.196746
     H   13       -0.191574        0.196746       -0.276283

     C   14       -0.234079        0.363090       -0.309406
     C   14        0.363090        0.397095        0.066877
     C   14       -0.309406        0.066877       -0.163016

     H   15        0.351325        0.039816        0.394778
     H   15        0.039816       -0.130206        0.388455
     H   15        0.394778        0.388455       -0.221120

     C   16       -0.051376        0.210346       -0.140842
     C   16        0.210346       -0.183050       -0.368682
     C   16       -0.140842       -0.368682        0.234426

     C   17        0.188794       -0.000003       -0.247014
     C   17       -0.000003        0.022645       -0.244797
     C   17       -0.247014       -0.244797       -0.211439

     Cl  18        1.324231       -0.491754       -1.085702
     Cl  18       -0.491754        0.792038       -1.127468
     Cl  18       -1.085702       -1.127468       -2.116268

     H   19       -0.071054        0.015497        0.083526
     H   19        0.015497        0.313870       -0.195084
     H   19        0.083526       -0.195084       -0.242816

     C   20       -0.103224        0.089435        0.081334
     C   20        0.089435       -0.151450        0.001315
     C   20        0.081334        0.001315        0.254674

     H   21        0.472826        0.007778        0.469364
     H   21        0.007778       -0.037398       -0.166143
     H   21        0.469364       -0.166143       -0.435428

     C   22       -0.680268        0.011249       -0.279022
     C   22        0.011249        0.027977       -0.327190
     C   22       -0.279022       -0.327190        0.652292

     C   23        0.046841        0.482146       -0.035384
     C   23        0.482146       -0.131206       -0.063925
     C   23       -0.035384       -0.063925        0.084365

     Cl  24       -0.696165        1.237424       -1.376794
     Cl  24        1.237424       -1.430970       -0.554291
     Cl  24       -1.376794       -0.554291        2.127135

     ----- total EFG (symmetrized) -----
     Cl   1       -0.000822        0.433062       -0.878172
     Cl   1        0.433062        1.867760       -1.578937
     Cl   1       -0.878172       -1.578937       -1.866938

     C    2        0.249738        0.090162        0.015321
     C    2        0.090162        0.406950       -0.400900
     C    2        0.015321       -0.400900       -0.656689

     C    3        0.323591       -0.126031        0.322260
     C    3       -0.126031        0.296657        0.584922
     C    3        0.322260        0.584922       -0.620248

     H    4        0.548119        0.308542        0.427457
     H    4        0.308542       -0.214493        0.361401
     H    4        0.427457        0.361401       -0.333627

     C    5        0.354711       -0.133623       -0.067272
     C    5       -0.133623        0.060269        0.323125
     C    5       -0.067272        0.323125       -0.414980

     H    6       -0.157218       -0.001932        0.117582
     H    6       -0.001932        0.386431        0.696366
     H    6        0.117582        0.696366       -0.229213

     H    7       -0.221228        0.127060        0.109587
     H    7        0.127060        0.283136       -0.220628
     H    7        0.109587       -0.220628       -0.061907

     C    8       -0.759502       -0.211210       -0.122750
     C    8       -0.211210        0.714070       -0.073990
     C    8       -0.122750       -0.073990        0.045433

     H    9        0.541221       -0.295945        0.106042
     H    9       -0.295945       -0.522877       -0.176367
     H    9        0.106042       -0.176367       -0.018344

     C   10        0.144839       -0.232157        0.029508
     C   10       -0.232157        0.176151        0.472777
     C   10        0.029508        0.472777       -0.320991

     C   11       -0.476350       -0.199954       -0.191769
     C   11       -0.199954        0.601591       -0.003651
     C   11       -0.191769       -0.003651       -0.125241

     Cl  12        1.453280        3.033612       -0.179597
     Cl  12        3.033612        0.779756        0.347836
     Cl  12       -0.179597        0.347836       -2.233036

     H   13       -0.139647        0.126016       -0.191574
     H   13        0.126016        0.415930        0.196746
     H   13       -0.191574        0.196746       -0.276283

     C   14       -0.234079        0.363090       -0.309406
     C   14        0.363090        0.397095        0.066877
     C   14       -0.309406        0.066877       -0.163016

     H   15        0.351325        0.039816        0.394778
     H   15        0.039816       -0.130206        0.388455
     H   15        0.394778        0.388455       -0.221120

     C   16       -0.051376        0.210346       -0.140842
     C   16        0.210346       -0.183050       -0.368682
     C   16       -0.140842       -0.368682        0.234426

     C   17        0.188794       -0.000003       -0.247014
     C   17       -0.000003        0.022645       -0.244797
     C   17       -0.247014       -0.244797       -0.211439

     Cl  18        1.324231       -0.491754       -1.085702
     Cl  18       -0.491754        0.792038       -1.127468
     Cl  18       -1.085702       -1.127468       -2.116268

     H   19       -0.071054        0.015497        0.083526
     H   19        0.015497        0.313870       -0.195084
     H   19        0.083526       -0.195084       -0.242816

     C   20       -0.103224        0.089435        0.081334
     C   20        0.089435       -0.151450        0.001315
     C   20        0.081334        0.001315        0.254674

     H   21        0.472826        0.007778        0.469364
     H   21        0.007778       -0.037398       -0.166143
     H   21        0.469364       -0.166143       -0.435428

     C   22       -0.680268        0.011249       -0.279022
     C   22        0.011249        0.027977       -0.327190
     C   22       -0.279022       -0.327190        0.652292

     C   23        0.046841        0.482146       -0.035384
     C   23        0.482146       -0.131206       -0.063925
     C   23       -0.035384       -0.063925        0.084365

     Cl  24       -0.696165        1.237424       -1.376794
     Cl  24        1.237424       -1.430970       -0.554291
     Cl  24       -1.376794       -0.554291        2.127135


     NQR/NMR SPECTROSCOPIC PARAMETERS:
     Cl   1    Vxx=   -0.0167    axis=(  0.928381 -0.339675 -0.150763)
     Cl   1    Vyy=   -2.6258    axis=(  0.258269  0.298012  0.918959)
     Cl   1    Vzz=    2.6424    axis=( -0.267218 -0.892081  0.364397)
     Cl   1  Q=        -8.1650 1e-30 m^2  Cq=       -50.6940 MHz  eta= 0.98739

     C    2    Vxx=    0.2306    axis=(  0.967086 -0.225198  0.118446)
     C    2    Vyy=    0.5620    axis=(  0.251033  0.920440 -0.299622)
     C    2    Vzz=   -0.7927    axis=( -0.041549  0.319494  0.946677)
     C    2  Q=         1.0000 1e-30 m^2  Cq=        -1.8624 MHz  eta= 0.41811

     C    3    Vxx=    0.4096    axis=(  0.955682 -0.248449  0.157939)
     C    3    Vyy=    0.5856    axis=(  0.150354  0.873134  0.463714)
     C    3    Vzz=   -0.9952    axis=( -0.253111 -0.419416  0.871794)
     C    3  Q=         1.0000 1e-30 m^2  Cq=        -2.3384 MHz  eta= 0.17683

     H    4    Vxx=   -0.2289    axis=(  0.524537 -0.741586 -0.418224)
     H    4    Vyy=   -0.6589    axis=(  0.144841  0.561792 -0.814500)
     H    4    Vzz=    0.8878    axis=(  0.838977  0.366660  0.402093)
     H    4  Q=         1.0000 1e-30 m^2  Cq=         2.0860 MHz  eta= 0.48433

     C    5    Vxx=    0.1259    axis=( -0.547262 -0.746728 -0.378023)
     C    5    Vyy=    0.4525    axis=( -0.836961  0.488436  0.246833)
     C    5    Vzz=   -0.5784    axis=( -0.000323 -0.451472  0.892285)
     C    5  Q=         1.0000 1e-30 m^2  Cq=        -1.3591 MHz  eta= 0.56464

     H    6    Vxx=   -0.1428    axis=(  0.981493 -0.151139  0.117595)
     H    6    Vyy=   -0.7011    axis=(  0.180920  0.530581 -0.828101)
     H    6    Vzz=    0.8439    axis=(  0.062765  0.834051  0.548106)
     H    6  Q=         1.0000 1e-30 m^2  Cq=         1.9829 MHz  eta= 0.66150

     H    7    Vxx=   -0.0431    axis=(  0.630809  0.250862  0.734267)
     H    7    Vyy=   -0.3551    axis=(  0.767549 -0.340515 -0.543064)
     H    7    Vzz=    0.3983    axis=( -0.113795 -0.906156  0.407348)
     H    7  Q=         1.0000 1e-30 m^2  Cq=         0.9358 MHz  eta= 0.78337

     C    8    Vxx=    0.0612    axis=( -0.162503  0.059057  0.984939)
     C    8    Vyy=    0.7483    axis=( -0.131798  0.987963 -0.080984)
     C    8    Vzz=   -0.8096    axis=( -0.977866 -0.142973 -0.152764)
     C    8  Q=         1.0000 1e-30 m^2  Cq=        -1.9021 MHz  eta= 0.84869

     H    9    Vxx=   -0.0167    axis=( -0.271016 -0.171578  0.947160)
     H    9    Vyy=   -0.6343    axis=(  0.217469  0.947630  0.233889)
     H    9    Vzz=    0.6511    axis=(  0.937687 -0.269365  0.219510)
     H    9  Q=         1.0000 1e-30 m^2  Cq=         1.5297 MHz  eta= 0.94858

     C   10    Vxx=    0.0858    axis=( -0.883122 -0.273096 -0.381462)
     C   10    Vyy=    0.5490    axis=( -0.428787  0.799784  0.420104)
     C   10    Vzz=   -0.6347    axis=( -0.190359 -0.534569  0.823407)
     C   10  Q=         1.0000 1e-30 m^2  Cq=        -1.4914 MHz  eta= 0.72968

     C   11    Vxx=   -0.0491    axis=( -0.365050 -0.106985  0.924820)
     C   11    Vyy=   -0.5896    axis=(  0.912779  0.154376  0.378156)
     C   11    Vzz=    0.6387    axis=( -0.183227  0.982203  0.041299)
     C   11  Q=         1.0000 1e-30 m^2  Cq=         1.5008 MHz  eta= 0.84619

     Cl  12    Vxx=   -1.6778    axis=( -0.558403  0.609657  0.562588)
     Cl  12    Vyy=   -2.4924    axis=(  0.366198 -0.427365  0.826594)
     Cl  12    Vzz=    4.1703    axis=( -0.744369 -0.667591 -0.015387)
     Cl  12  Q=        -8.1650 1e-30 m^2  Cq=       -80.0046 MHz  eta= 0.19534

     H   13    Vxx=   -0.0048    axis=( -0.823281 -0.018715  0.567326)
     H   13    Vyy=   -0.4727    axis=(  0.552710 -0.254110  0.793688)
     H   13    Vzz=    0.4775    axis=(  0.129310  0.966994  0.219548)
     H   13  Q=         1.0000 1e-30 m^2  Cq=         1.1218 MHz  eta= 0.98003

     C   14    Vxx=    0.0439    axis=( -0.473591  0.332429  0.815600)
     C   14    Vyy=    0.5698    axis=( -0.442860 -0.890334  0.105737)
     C   14    Vzz=   -0.6137    axis=(  0.761306 -0.311121  0.568874)
     C   14  Q=         1.0000 1e-30 m^2  Cq=        -1.4419 MHz  eta= 0.85691

     H   15    Vxx=    0.0250    axis=(  0.530102 -0.767323 -0.360844)
     H   15    Vyy=    0.6219    axis=( -0.798700 -0.308955 -0.516357)
     H   15    Vzz=   -0.6469    axis=(  0.284728  0.561928 -0.776639)
     H   15  Q=         1.0000 1e-30 m^2  Cq=        -1.5200 MHz  eta= 0.92282

     C   16    Vxx=   -0.1034    axis=(  0.873370  0.102665  0.476115)
     C   16    Vyy=   -0.4357    axis=(  0.320887 -0.856678 -0.403899)
     C   16    Vzz=    0.5391    axis=( -0.366411 -0.505532  0.781140)
     C   16  Q=         1.0000 1e-30 m^2  Cq=         1.2667 MHz  eta= 0.61628

     C   17    Vxx=    0.0886    axis=(  0.539672 -0.812904  0.218952)
     C   17    Vyy=    0.3500    axis=( -0.775152 -0.378328  0.505972)
     C   17    Vzz=   -0.4386    axis=( -0.328471 -0.442780 -0.834297)
     C   17  Q=         1.0000 1e-30 m^2  Cq=        -1.0306 MHz  eta= 0.59608

     Cl  18    Vxx=    1.1546    axis=(  0.200405  0.903827 -0.378068)
     Cl  18    Vyy=    1.6858    axis=(  0.940568 -0.285487 -0.183926)
     Cl  18    Vzz=   -2.8404    axis=(  0.274171  0.318739  0.907324)
     Cl  18  Q=        -8.1650 1e-30 m^2  Cq=        54.4919 MHz  eta= 0.18701

     H   19    Vxx=   -0.0440    axis=(  0.951096  0.115077  0.286659)
     H   19    Vyy=   -0.3317    axis=( -0.307983  0.281988  0.908642)
     H   19    Vzz=    0.3757    axis=(  0.023729 -0.952492  0.303639)
     H   19  Q=         1.0000 1e-30 m^2  Cq=         0.8827 MHz  eta= 0.76573

     C   20    Vxx=   -0.0482    axis=(  0.741547  0.639797 -0.201909)
     C   20    Vyy=   -0.2251    axis=(  0.633048 -0.766929 -0.105218)
     C   20    Vzz=    0.2733    axis=(  0.222168  0.049794  0.973736)
     C   20  Q=         1.0000 1e-30 m^2  Cq=         0.6421 MHz  eta= 0.64722

     H   21    Vxx=   -0.0037    axis=(  0.169455  0.967424 -0.188085)
     H   21    Vyy=   -0.6728    axis=(  0.369481 -0.239287 -0.897901)
     H   21    Vzz=    0.6766    axis=( -0.913657  0.082659 -0.397993)
     H   21  Q=         1.0000 1e-30 m^2  Cq=         1.5897 MHz  eta= 0.98896

     C   22    Vxx=   -0.0971    axis=( -0.148928  0.925371  0.348581)
     C   22    Vyy=   -0.7404    axis=(  0.974030  0.076483  0.213108)
     C   22    Vzz=    0.8375    axis=( -0.170544 -0.371266  0.912730)
     C   22  Q=         1.0000 1e-30 m^2  Cq=         1.9678 MHz  eta= 0.76816

     C   23    Vxx=    0.0732    axis=(  0.164719  0.081132  0.982998)
     C   23    Vyy=    0.4605    axis=(  0.753230  0.633082 -0.178469)
     C   23    Vzz=   -0.5336    axis=( -0.636798  0.769821  0.043169)
     C   23  Q=         1.0000 1e-30 m^2  Cq=        -1.2538 MHz  eta= 0.72580

     Cl  24    Vxx=   -0.5264    axis=(  0.648846  0.603981  0.462824)
     Cl  24    Vyy=   -2.3929    axis=( -0.638374  0.763089 -0.100870)
     Cl  24    Vzz=    2.9193    axis=( -0.414100 -0.230005  0.880692)
     Cl  24  Q=        -8.1650 1e-30 m^2  Cq=       -56.0046 MHz  eta= 0.63938

     Initialization:
     gipaw_setup  :      9.24s CPU     10.71s WALL (       1 calls)

     Linear response

     Apply operators

     Induced current

     Other routines
     efg          :      9.46s CPU     12.03s WALL (       1 calls)

     General routines
     calbec       :      3.25s CPU      4.25s WALL (      16 calls)
     fft          :      1.43s CPU      1.83s WALL (      15 calls)
     ffts         :      0.04s CPU      0.04s WALL (       2 calls)
     fftw         :      3.49s CPU      4.30s WALL (     672 calls)
     davcio       :      0.04s CPU      0.31s WALL (      32 calls)

     Parallel routines
     fft_scatter  :      2.22s CPU      3.30s WALL (     689 calls)

     Plugins

     GIPAW        :     61.02s CPU     74.39s WALL (       1 calls)
