
     Program QE v.6.0 (svn rev. 13079) starts on  1Jan2017 at 15:51: 8 

     This program is part of the open-source Quantum ESPRESSO suite
     for quantum simulation of materials; please cite
         "P. Giannozzi et al., J. Phys.:Condens. Matter 21 395502 (2009);
          URL http://www.quantum-espresso.org", 
     in publications or presentations arising from this work. More details at
     http://www.quantum-espresso.org/quote

     Parallel version (MPI), running on     8 processors
     R & G space division:  proc/nbgrp/npool/nimage =       8

     ***** This is GIPAW svn revision unknown      *****

     Parallelizing q-star over 1 images

     Reading data from directory:
     /users/majewski/paradichlorobenzene/pbe/9_constraint/scratch/pbe.ecut100.np8.dt60.pcl2phi-129368.save
     Message from routine read_xml_file:
     file /users/majewski/paradichlorobenzene/pbe/9_constraint/scratch/pbe.ecut100.np8.dt60.pcl2phi-129368.save not guaranteed to be safe for post-processing

   Info: using nr1, nr2, nr3 values from input

   Info: using nr1, nr2, nr3 values from input

     IMPORTANT: XC functional enforced from input :
     Exchange-correlation      =  SLA  PW   PBX  PBC ( 1  4  3  4 0 0)
     Any further DFT definition will be discarded
     Please, verify this is what you really want

               file C.pbe-n-kjpaw_psl.1.0.0.UPF: wavefunction(s)  2S 2P renormalized
               file Cl.pbe-n-kjpaw_psl.1.0.0.UPF: wavefunction(s)  3S 3P renormalized
               file H.pbe-kjpaw_psl.1.0.0.UPF: wavefunction(s)  1S renormalized

     Parallelization info
     --------------------
     sticks:   dense  smooth     PW     G-vecs:    dense   smooth      PW
     Min        3057    1223    332               144436    36536    5170
     Max        3059    1225    333               144437    36537    5171
     Sum       24467    9791   2657              1155489   292295   41363


     Subspace diagonalization in iterative solution of the eigenvalue problem:
     a serial algorithm will be used

     GIPAW projectors -----------------------------------------------
     atom=  C    l=0  rc=    1.2000  rs=    0.8000
     atom=  C    l=0  rc=    1.2000  rs=    0.8000
     atom=  C    l=1  rc=    1.4000  rs=    0.9333
     atom=  C    l=1  rc=    1.4000  rs=    0.9333
     projs nearly linearly dependent: l=1  n1,n2= 1, 2  s=  0.99951561

     atom=  Cl   l=0  rc=    1.6000  rs=    1.0667
     atom=  Cl   l=0  rc=    1.6000  rs=    1.0667
     atom=  Cl   l=1  rc=    1.6000  rs=    1.0667
     atom=  Cl   l=1  rc=    1.6000  rs=    1.0667
     atom=  Cl   l=2  rc=    1.6000  rs=    1.0667
     atom=  Cl   l=2  rc=    1.6000  rs=    1.0667
     projs nearly linearly dependent: l=2  n1,n2= 1, 2  s=  0.99993509

     atom=  H    l=0  rc=    1.0000  rs=    0.6667
     atom=  H    l=0  rc=    1.0000  rs=    0.6667
     projs nearly linearly dependent: l=0  n1,n2= 1, 2  s=  0.99968852
     -----------------------------------------------------------------

     GIPAW integrals: -------------------------------------------
     Atom  i/j   nmr_para   nmr_dia   epr_rmc  epr_para   epr_dia
       C   1 1   0.83E+03  0.17E-01  0.93E+01  0.24E+08  0.24E+03
       C   2 1   0.86E+03 -0.61E-01  0.94E+01  0.25E+08  0.25E+03
       C   2 2   0.90E+03 -0.15E+00  0.97E+01  0.26E+08  0.26E+03
       C   3 3   0.33E+01  0.34E+00  0.18E+01  0.55E+03  0.21E+02
       C   4 3   0.35E+01  0.37E+00  0.20E+01  0.59E+03  0.22E+02
       C   4 4   0.38E+01  0.39E+00  0.22E+01  0.63E+03  0.24E+02
       Cl  1 1   0.14E+04 -0.47E+00  0.84E+01  0.32E+09  0.42E+03
       Cl  2 1   0.21E+04 -0.37E+00  0.12E+02  0.49E+09  0.65E+03
       Cl  2 2   0.33E+04 -0.16E+00  0.21E+02  0.76E+09  0.10E+04
       Cl  3 3   0.21E+02  0.79E-01  0.89E+01  0.23E+05  0.13E+03
       Cl  4 3   0.24E+02  0.67E-01  0.99E+01  0.27E+05  0.15E+03
       Cl  4 4   0.28E+02  0.44E-01  0.11E+02  0.32E+05  0.18E+03
       Cl  5 5   0.77E+00  0.19E+00  0.18E+01  0.12E+03  0.22E+02
       Cl  6 5   0.80E+00  0.19E+00  0.19E+01  0.12E+03  0.23E+02
       Cl  6 6   0.83E+00  0.20E+00  0.19E+01  0.12E+03  0.23E+02
       H   1 1   0.39E+02  0.19E+00  0.29E+00  0.78E+05  0.13E+02
       H   2 1   0.41E+02  0.21E+00  0.32E+00  0.82E+05  0.14E+02
       H   2 2   0.43E+02  0.22E+00  0.36E+00  0.86E+05  0.15E+02
     ------------------------------------------------------------

     alpha_pv=     34.0868 eV

     Number of occupied bands for each k-point:
     k-point:     1    nbnd_occ=  42
     k-point:     2    nbnd_occ=  42
     k-point:     3    nbnd_occ=  42
     k-point:     4    nbnd_occ=  42
     k-point:     5    nbnd_occ=  42
     k-point:     6    nbnd_occ=  42
     k-point:     7    nbnd_occ=  42
     k-point:     8    nbnd_occ=  42
     k-point:     9    nbnd_occ=  42
     k-point:    10    nbnd_occ=  42
     k-point:    11    nbnd_occ=  42
     k-point:    12    nbnd_occ=  42
     k-point:    13    nbnd_occ=  42
     k-point:    14    nbnd_occ=  42
     k-point:    15    nbnd_occ=  42
     k-point:    16    nbnd_occ=  42


     q-space interpolation up to   110.00 Rydberg

     GIPAW job: efg                                                                             


     ELECTRIC FIELD GRADIENTS TENSORS IN Hartree/bohrradius^2:

     ----- bare term -----
     Cl   1       -0.042116        0.118951        0.037841
     Cl   1        0.118951        0.056381        0.078301
     Cl   1        0.037841        0.078301       -0.014266

     C    2       -0.023637        0.260796       -0.095064
     C    2        0.260796       -0.402497       -0.439685
     C    2       -0.095064       -0.439685        0.426134

     C    3       -0.472599        0.187506       -0.255016
     C    3        0.187506       -0.091182       -0.312167
     C    3       -0.255016       -0.312167        0.563780

     H    4       -0.252522       -0.290380       -0.554569
     H    4       -0.290380        0.294675       -0.310899
     H    4       -0.554569       -0.310899       -0.042153

     C    5       -0.147278        0.296749       -0.008865
     C    5        0.296749       -0.310883       -0.335395
     C    5       -0.008865       -0.335395        0.458162

     H    6        0.459730       -0.036160       -0.176237
     H    6       -0.036160        0.101131       -0.325432
     H    6       -0.176237       -0.325432       -0.560861

     H    7        0.409429        0.130568       -0.095325
     H    7        0.130568       -0.421052        0.590649
     H    7       -0.095325        0.590649        0.011623

     C    8       -0.170352       -0.328944       -0.048337
     C    8       -0.328944       -0.413765        0.348150
     C    8       -0.048337        0.348150        0.584117

     H    9       -0.206374        0.333643       -0.519415
     H    9        0.333643        0.193358        0.368248
     H    9       -0.519415        0.368248        0.013016

     C   10       -0.502177       -0.211836       -0.260510
     C   10       -0.211836       -0.068269        0.274438
     C   10       -0.260510        0.274438        0.570446

     C   11       -0.123175       -0.262947       -0.127127
     C   11       -0.262947       -0.440397        0.395509
     C   11       -0.127127        0.395509        0.563572

     Cl  12       -0.070137       -0.025325       -0.074564
     Cl  12       -0.025325       -0.049350        0.058331
     Cl  12       -0.074564        0.058331        0.119487

     H   13        0.317477       -0.045543       -0.099410
     H   13       -0.045543       -0.494432       -0.582397
     H   13       -0.099410       -0.582397        0.176955

     C   14       -0.791298        0.284155       -0.400054
     C   14        0.284155        0.192685       -0.069007
     C   14       -0.400054       -0.069007        0.598613

     H   15       -0.501760       -0.317053       -0.228534
     H   15       -0.317053        0.351949       -0.117993
     H   15       -0.228534       -0.117993        0.149811

     C   16       -0.022147        0.155950       -0.165117
     C   16        0.155950       -0.533063       -0.392768
     C   16       -0.165117       -0.392768        0.555210

     C   17       -0.553434       -0.046539       -0.199747
     C   17       -0.046539        0.027132       -0.282256
     C   17       -0.199747       -0.282256        0.526302

     Cl  18        0.063707        0.082991        0.023827
     Cl  18        0.082991        0.127015        0.046463
     Cl  18        0.023827        0.046463       -0.190722

     H   19        0.478522        0.069590       -0.074182
     H   19        0.069590       -0.588155        0.284297
     H   19       -0.074182        0.284297        0.109633

     C   20       -0.711004       -0.092547       -0.301343
     C   20       -0.092547        0.084177        0.110888
     C   20       -0.301343        0.110888        0.626827

     H   21       -0.374007        0.372345       -0.342549
     H   21        0.372345        0.140905        0.020316
     H   21       -0.342549        0.020316        0.233102

     C   22       -0.120868       -0.312404       -0.016288
     C   22       -0.312404       -0.526123        0.469765
     C   22       -0.016288        0.469765        0.646991

     C   23       -0.533886       -0.013616       -0.274907
     C   23       -0.013616       -0.041507        0.360235
     C   23       -0.274907        0.360235        0.575393

     Cl  24       -0.079825       -0.134491        0.126263
     Cl  24       -0.134491       -0.090183       -0.065069
     Cl  24        0.126263       -0.065069        0.170008

     ----- ionic term -----
     Cl   1        0.139231       -0.221458       -0.012418
     Cl   1       -0.221458       -0.000167        0.008883
     Cl   1       -0.012418        0.008883       -0.139064

     C    2        0.253461       -0.223568        0.212874
     C    2       -0.223568        0.033654        0.418472
     C    2        0.212874        0.418472       -0.287115

     C    3        0.192747       -0.249887        0.102930
     C    3       -0.249887        0.103590        0.466480
     C    3        0.102930        0.466480       -0.296337

     H    4        0.621697        0.402693        0.628276
     H    4        0.402693       -0.402757        0.288279
     H    4        0.628276        0.288279       -0.218940

     C    5        0.354217       -0.195501        0.227216
     C    5       -0.195501       -0.072897        0.358722
     C    5        0.227216        0.358722       -0.281320

     H    6       -0.500167        0.113923        0.103885
     H    6        0.113923        0.452944        0.791879
     H    6        0.103885        0.791879        0.047223

     H    7       -0.498033       -0.084985        0.042379
     H    7       -0.084985        0.798018       -0.589038
     H    7        0.042379       -0.589038       -0.299984

     C    8        0.296430        0.179776        0.221733
     C    8        0.179776        0.123451       -0.274841
     C    8        0.221733       -0.274841       -0.419881

     H    9        0.586478       -0.450684        0.591782
     H    9       -0.450684       -0.313711       -0.282448
     H    9        0.591782       -0.282448       -0.272767

     C   10        0.163986        0.193088        0.163548
     C   10        0.193088        0.255426       -0.346674
     C   10        0.163548       -0.346674       -0.419412

     C   11        0.236713        0.210022        0.297876
     C   11        0.210022        0.159513       -0.303198
     C   11        0.297876       -0.303198       -0.396227

     Cl  12        0.112881        0.226611        0.021483
     Cl  12        0.226611        0.034538        0.011035
     Cl  12        0.021483        0.011035       -0.147419

     H   13       -0.485089        0.183480        0.151911
     H   13        0.183480        0.498280        0.768064
     H   13        0.151911        0.768064       -0.013191

     C   14        0.320801       -0.136354        0.255046
     C   14       -0.136354       -0.041227        0.323096
     C   14        0.255046        0.323096       -0.279574

     H   15        0.553286        0.422117        0.622002
     H   15        0.422117       -0.357766        0.316991
     H   15        0.622002        0.316991       -0.195519

     C   16        0.114377       -0.146012        0.170711
     C   16       -0.146012        0.098794        0.481026
     C   16        0.170711        0.481026       -0.213170

     C   17        0.225260       -0.141751        0.247701
     C   17       -0.141751       -0.006872        0.481550
     C   17        0.247701        0.481550       -0.218388

     Cl  18        0.150683       -0.206919       -0.020421
     Cl  18       -0.206919       -0.014221        0.023966
     Cl  18       -0.020421        0.023966       -0.136462

     H   19       -0.502174       -0.063972        0.066418
     H   19       -0.063972        0.567614       -0.739632
     H   19        0.066418       -0.739632       -0.065441

     C   20        0.372046        0.221970        0.322631
     C   20        0.221970       -0.007611       -0.272791
     C   20        0.322631       -0.272791       -0.364435

     H   21        0.490409       -0.375667        0.686060
     H   21       -0.375667       -0.353898       -0.316253
     H   21        0.686060       -0.316253       -0.136511

     C   22        0.147368        0.235020        0.211525
     C   22        0.235020        0.194874       -0.384406
     C   22        0.211525       -0.384406       -0.342243

     C   23        0.177156        0.214168        0.243083
     C   23        0.214168        0.201976       -0.366835
     C   23        0.243083       -0.366835       -0.379132

     Cl  24        0.134791        0.235973        0.035737
     Cl  24        0.235973        0.042718        0.013397
     Cl  24        0.035737        0.013397       -0.177509

     ----- GIPAW term -----
     Cl   1        1.126194       -1.292260        0.344098
     Cl   1       -1.292260        0.545262        0.661736
     Cl   1        0.344098        0.661736       -1.671457

     C    2        0.056265       -0.025630        0.092879
     C    2       -0.025630       -0.116614        0.012546
     C    2        0.092879        0.012546        0.060349

     C    3       -0.197495        0.008611        0.003833
     C    3        0.008611       -0.083530       -0.019108
     C    3        0.003833       -0.019108        0.281025

     H    4       -0.000000        0.000000        0.000000
     H    4        0.000000        0.000000        0.000000
     H    4        0.000000        0.000000        0.000000

     C    5       -0.095090        0.026939        0.057622
     C    5        0.026939       -0.174925       -0.081098
     C    5        0.057622       -0.081098        0.270015

     H    6       -0.000000        0.000000        0.000000
     H    6        0.000000        0.000000        0.000000
     H    6        0.000000        0.000000        0.000000

     H    7       -0.000000        0.000000        0.000000
     H    7        0.000000        0.000000        0.000000
     H    7        0.000000        0.000000        0.000000

     C    8       -0.083958       -0.065075        0.082542
     C    8       -0.065075       -0.204397        0.002228
     C    8        0.082542        0.002228        0.288355

     H    9       -0.000000        0.000000        0.000000
     H    9        0.000000        0.000000        0.000000
     H    9        0.000000        0.000000        0.000000

     C   10       -0.202221       -0.019328        0.007155
     C   10       -0.019328       -0.073978       -0.010239
     C   10        0.007155       -0.010239        0.276199

     C   11       -0.086405        0.045272        0.038326
     C   11        0.045272       -0.152827        0.119645
     C   11        0.038326        0.119645        0.239231

     Cl  12       -0.552980        1.387968       -0.587945
     Cl  12        1.387968       -0.618529        1.817636
     Cl  12       -0.587945        1.817636        1.171508

     H   13       -0.000000        0.000000        0.000000
     H   13        0.000000        0.000000        0.000000
     H   13        0.000000        0.000000        0.000000

     C   14       -0.211367        0.067341       -0.006777
     C   14        0.067341        0.030769        0.140478
     C   14       -0.006777        0.140478        0.180598

     H   15       -0.000000        0.000000        0.000000
     H   15        0.000000        0.000000        0.000000
     H   15        0.000000        0.000000        0.000000

     C   16       -0.110134       -0.017634       -0.060509
     C   16       -0.017634       -0.121995        0.115808
     C   16       -0.060509        0.115808        0.232130

     C   17       -0.144264       -0.076254        0.032663
     C   17       -0.076254       -0.113153       -0.015476
     C   17        0.032663       -0.015476        0.257417

     Cl  18       -0.626549       -0.909555       -0.305813
     Cl  18       -0.909555       -1.165517       -0.294329
     Cl  18       -0.305813       -0.294329        1.792066

     H   19       -0.000000        0.000000        0.000000
     H   19        0.000000        0.000000        0.000000
     H   19        0.000000        0.000000        0.000000

     C   20       -0.190185       -0.003656        0.027448
     C   20       -0.003656       -0.092428       -0.022157
     C   20        0.027448       -0.022157        0.282613

     H   21       -0.000000        0.000000        0.000000
     H   21        0.000000        0.000000        0.000000
     H   21        0.000000        0.000000        0.000000

     C   22       -0.126588       -0.033711        0.022024
     C   22       -0.033711       -0.184159        0.080794
     C   22        0.022024        0.080794        0.310746

     C   23       -0.152518        0.083549       -0.049801
     C   23        0.083549       -0.122877        0.056020
     C   23       -0.049801        0.056020        0.275395

     Cl  24        0.878411        1.312941        1.136854
     Cl  24        1.312941       -0.702992       -0.601879
     Cl  24        1.136854       -0.601879       -0.175419

     ----- total EFG -----
     Cl   1        1.223310       -1.394767        0.369521
     Cl   1       -1.394767        0.601477        0.748920
     Cl   1        0.369521        0.748920       -1.824786

     C    2        0.286089        0.011598        0.210689
     C    2        0.011598       -0.485457       -0.008667
     C    2        0.210689       -0.008667        0.199368

     C    3       -0.477347       -0.053770       -0.148254
     C    3       -0.053770       -0.071121        0.135204
     C    3       -0.148254        0.135204        0.548468

     H    4        0.369176        0.112313        0.073707
     H    4        0.112313       -0.108083       -0.022620
     H    4        0.073707       -0.022620       -0.261093

     C    5        0.111848        0.128186        0.275973
     C    5        0.128186       -0.558705       -0.057771
     C    5        0.275973       -0.057771        0.446856

     H    6       -0.040438        0.077762       -0.072352
     H    6        0.077762        0.554075        0.466447
     H    6       -0.072352        0.466447       -0.513638

     H    7       -0.088604        0.045583       -0.052946
     H    7        0.045583        0.376966        0.001611
     H    7       -0.052946        0.001611       -0.288362

     C    8        0.042120       -0.214243        0.255938
     C    8       -0.214243       -0.494711        0.075538
     C    8        0.255938        0.075538        0.452592

     H    9        0.380104       -0.117041        0.072367
     H    9       -0.117041       -0.120353        0.085799
     H    9        0.072367        0.085799       -0.259751

     C   10       -0.540413       -0.038076       -0.089808
     C   10       -0.038076        0.113179       -0.082474
     C   10       -0.089808       -0.082474        0.427233

     C   11        0.027134       -0.007653        0.209075
     C   11       -0.007653       -0.433711        0.211956
     C   11        0.209075        0.211956        0.406577

     Cl  12       -0.510236        1.589254       -0.641027
     Cl  12        1.589254       -0.633340        1.887002
     Cl  12       -0.641027        1.887002        1.143576

     H   13       -0.167612        0.137936        0.052501
     H   13        0.137936        0.003849        0.185666
     H   13        0.052501        0.185666        0.163764

     C   14       -0.681864        0.215141       -0.151785
     C   14        0.215141        0.182227        0.394567
     C   14       -0.151785        0.394567        0.499638

     H   15        0.051525        0.105064        0.393467
     H   15        0.105064       -0.005817        0.198998
     H   15        0.393467        0.198998       -0.045708

     C   16       -0.017905       -0.007696       -0.054915
     C   16       -0.007696       -0.556265        0.204066
     C   16       -0.054915        0.204066        0.574170

     C   17       -0.472438       -0.264544        0.080616
     C   17       -0.264544       -0.092893        0.183818
     C   17        0.080616        0.183818        0.565331

     Cl  18       -0.412159       -1.033482       -0.302407
     Cl  18       -1.033482       -1.052722       -0.223900
     Cl  18       -0.302407       -0.223900        1.464882

     H   19       -0.023651        0.005618       -0.007765
     H   19        0.005618       -0.020541       -0.455335
     H   19       -0.007765       -0.455335        0.044192

     C   20       -0.529143        0.125767        0.048736
     C   20        0.125767       -0.015862       -0.184059
     C   20        0.048736       -0.184059        0.545005

     H   21        0.116402       -0.003322        0.343511
     H   21       -0.003322       -0.212993       -0.295937
     H   21        0.343511       -0.295937        0.096591

     C   22       -0.100088       -0.111095        0.217261
     C   22       -0.111095       -0.515407        0.166153
     C   22        0.217261        0.166153        0.615495

     C   23       -0.509247        0.284101       -0.081625
     C   23        0.284101        0.037592        0.049419
     C   23       -0.081625        0.049419        0.471656

     Cl  24        0.933377        1.414423        1.298853
     Cl  24        1.414423       -0.750457       -0.653550
     Cl  24        1.298853       -0.653550       -0.182919

     ----- total EFG (symmetrized) -----
     Cl   1        1.223310       -1.394767        0.369521
     Cl   1       -1.394767        0.601477        0.748920
     Cl   1        0.369521        0.748920       -1.824786

     C    2        0.286089        0.011598        0.210689
     C    2        0.011598       -0.485457       -0.008667
     C    2        0.210689       -0.008667        0.199368

     C    3       -0.477347       -0.053770       -0.148254
     C    3       -0.053770       -0.071121        0.135204
     C    3       -0.148254        0.135204        0.548468

     H    4        0.369176        0.112313        0.073707
     H    4        0.112313       -0.108083       -0.022620
     H    4        0.073707       -0.022620       -0.261093

     C    5        0.111848        0.128186        0.275973
     C    5        0.128186       -0.558705       -0.057771
     C    5        0.275973       -0.057771        0.446856

     H    6       -0.040438        0.077762       -0.072352
     H    6        0.077762        0.554075        0.466447
     H    6       -0.072352        0.466447       -0.513638

     H    7       -0.088604        0.045583       -0.052946
     H    7        0.045583        0.376966        0.001611
     H    7       -0.052946        0.001611       -0.288362

     C    8        0.042120       -0.214243        0.255938
     C    8       -0.214243       -0.494711        0.075538
     C    8        0.255938        0.075538        0.452592

     H    9        0.380104       -0.117041        0.072367
     H    9       -0.117041       -0.120353        0.085799
     H    9        0.072367        0.085799       -0.259751

     C   10       -0.540413       -0.038076       -0.089808
     C   10       -0.038076        0.113179       -0.082474
     C   10       -0.089808       -0.082474        0.427233

     C   11        0.027134       -0.007653        0.209075
     C   11       -0.007653       -0.433711        0.211956
     C   11        0.209075        0.211956        0.406577

     Cl  12       -0.510236        1.589254       -0.641027
     Cl  12        1.589254       -0.633340        1.887002
     Cl  12       -0.641027        1.887002        1.143576

     H   13       -0.167612        0.137936        0.052501
     H   13        0.137936        0.003849        0.185666
     H   13        0.052501        0.185666        0.163764

     C   14       -0.681864        0.215141       -0.151785
     C   14        0.215141        0.182227        0.394567
     C   14       -0.151785        0.394567        0.499638

     H   15        0.051525        0.105064        0.393467
     H   15        0.105064       -0.005817        0.198998
     H   15        0.393467        0.198998       -0.045708

     C   16       -0.017905       -0.007696       -0.054915
     C   16       -0.007696       -0.556265        0.204066
     C   16       -0.054915        0.204066        0.574170

     C   17       -0.472438       -0.264544        0.080616
     C   17       -0.264544       -0.092893        0.183818
     C   17        0.080616        0.183818        0.565331

     Cl  18       -0.412159       -1.033482       -0.302407
     Cl  18       -1.033482       -1.052722       -0.223900
     Cl  18       -0.302407       -0.223900        1.464882

     H   19       -0.023651        0.005618       -0.007765
     H   19        0.005618       -0.020541       -0.455335
     H   19       -0.007765       -0.455335        0.044192

     C   20       -0.529143        0.125767        0.048736
     C   20        0.125767       -0.015862       -0.184059
     C   20        0.048736       -0.184059        0.545005

     H   21        0.116402       -0.003322        0.343511
     H   21       -0.003322       -0.212993       -0.295937
     H   21        0.343511       -0.295937        0.096591

     C   22       -0.100088       -0.111095        0.217261
     C   22       -0.111095       -0.515407        0.166153
     C   22        0.217261        0.166153        0.615495

     C   23       -0.509247        0.284101       -0.081625
     C   23        0.284101        0.037592        0.049419
     C   23       -0.081625        0.049419        0.471656

     Cl  24        0.933377        1.414423        1.298853
     Cl  24        1.414423       -0.750457       -0.653550
     Cl  24        1.298853       -0.653550       -0.182919


     NQR/NMR SPECTROSCOPIC PARAMETERS:
     Cl   1    Vxx=   -0.1278    axis=(  0.588776  0.684305  0.430197)
     Cl   1    Vyy=   -2.2219    axis=( -0.241903 -0.358657  0.901581)
     Cl   1    Vzz=    2.3496    axis=( -0.771250  0.634895  0.045633)
     Cl   1  Q=        -8.1650 1e-30 m^2  Cq=       -45.0763 MHz  eta= 0.89125

     C    2    Vxx=    0.0280    axis=( -0.631421 -0.027344  0.774958)
     C    2    Vyy=    0.4578    axis=( -0.775178 -0.003726 -0.631732)
     C    2    Vzz=   -0.4859    axis=(  0.020161 -0.999619 -0.018843)
     C    2  Q=         1.0000 1e-30 m^2  Cq=        -1.1416 MHz  eta= 0.88471

     C    3    Vxx=   -0.0981    axis=(  0.053724 -0.974878  0.216163)
     C    3    Vyy=   -0.5012    axis=( -0.988179 -0.083033 -0.128874)
     C    3    Vzz=    0.5993    axis=( -0.143585  0.206684  0.967815)
     C    3  Q=         1.0000 1e-30 m^2  Cq=         1.4082 MHz  eta= 0.67251

     H    4    Vxx=   -0.1233    axis=( -0.179204  0.951019 -0.251892)
     H    4    Vyy=   -0.2778    axis=(  0.149020 -0.226843 -0.962463)
     H    4    Vzz=    0.4011    axis=( -0.972460 -0.210014 -0.101070)
     H    4  Q=         1.0000 1e-30 m^2  Cq=         0.9424 MHz  eta= 0.38540

     C    5    Vxx=   -0.0079    axis=( -0.842116 -0.246296  0.479770)
     C    5    Vyy=   -0.5944    axis=(  0.219647 -0.969131 -0.111981)
     C    5    Vzz=    0.6023    axis=(  0.492540  0.011079  0.870219)
     C    5  Q=         1.0000 1e-30 m^2  Cq=         1.4152 MHz  eta= 0.97381

     H    6    Vxx=   -0.0297    axis=(  0.987871 -0.007675 -0.155086)
     H    6    Vyy=   -0.7024    axis=(  0.142481 -0.352216  0.925010)
     H    6    Vzz=    0.7321    axis=( -0.061723 -0.935887 -0.346851)
     H    6  Q=         1.0000 1e-30 m^2  Cq=         1.7201 MHz  eta= 0.91891

     H    7    Vxx=   -0.0796    axis=( -0.964699  0.095440  0.245452)
     H    7    Vyy=   -0.3018    axis=(  0.244793 -0.018740  0.969394)
     H    7    Vzz=    0.3814    axis=( -0.097119 -0.995259  0.005284)
     H    7  Q=         1.0000 1e-30 m^2  Cq=         0.8962 MHz  eta= 0.58237

     C    8    Vxx=    0.0185    axis=(  0.817655 -0.402017 -0.412095)
     C    8    Vyy=    0.5760    axis=(  0.440195 -0.024758  0.897561)
     C    8    Vzz=   -0.5945    axis=( -0.371037 -0.915298  0.156722)
     C    8  Q=         1.0000 1e-30 m^2  Cq=        -1.3968 MHz  eta= 0.93788

     H    9    Vxx=   -0.0899    axis=(  0.138033  0.859085  0.492870)
     H    9    Vyy=   -0.3203    axis=( -0.168071 -0.470099  0.866464)
     H    9    Vzz=    0.4103    axis=( -0.976063  0.202437 -0.079498)
     H    9  Q=         1.0000 1e-30 m^2  Cq=         0.9640 MHz  eta= 0.56159

     C   10    Vxx=    0.0981    axis=(  0.088780 -0.971630 -0.219212)
     C   10    Vyy=    0.4538    axis=(  0.079036  0.226259 -0.970855)
     C   10    Vzz=   -0.5518    axis=(  0.992911  0.068867  0.096881)
     C   10  Q=         1.0000 1e-30 m^2  Cq=        -1.2965 MHz  eta= 0.64462

     C   11    Vxx=   -0.0465    axis=(  0.921888 -0.199896 -0.331910)
     C   11    Vyy=   -0.4907    axis=(  0.116739  0.960133 -0.254002)
     C   11    Vzz=    0.5372    axis=(  0.369452  0.195414  0.908470)
     C   11  Q=         1.0000 1e-30 m^2  Cq=         1.2622 MHz  eta= 0.82695

     Cl  12    Vxx=    0.6021    axis=(  0.813304  0.398061 -0.424364)
     Cl  12    Vyy=    2.3841    axis=(  0.138123  0.576411  0.805402)
     Cl  12    Vzz=   -2.9862    axis=(  0.565207 -0.713651  0.413816)
     Cl  12  Q=        -8.1650 1e-30 m^2  Cq=        57.2890 MHz  eta= 0.59676

     H   13    Vxx=   -0.0660    axis=(  0.510768  0.607832 -0.607994)
     H   13    Vyy=   -0.2507    axis=( -0.823197  0.549714 -0.141989)
     H   13    Vzz=    0.3166    axis=(  0.247918  0.573022  0.781142)
     H   13  Q=         1.0000 1e-30 m^2  Cq=         0.7439 MHz  eta= 0.58337

     C   14    Vxx=    0.0151    axis=(  0.353331  0.776558 -0.521646)
     C   14    Vyy=    0.7662    axis=( -0.003897  0.558830  0.829273)
     C   14    Vzz=   -0.7813    axis=(  0.935490 -0.290975  0.200479)
     C   14  Q=         1.0000 1e-30 m^2  Cq=        -1.8358 MHz  eta= 0.96143

     H   15    Vxx=   -0.0785    axis=(  0.443332 -0.891666  0.091594)
     H   15    Vyy=   -0.4116    axis=( -0.602033 -0.220496  0.767423)
     H   15    Vzz=    0.4901    axis=(  0.664088  0.395366  0.634565)
     H   15  Q=         1.0000 1e-30 m^2  Cq=         1.1514 MHz  eta= 0.67964

     C   16    Vxx=   -0.0228    axis=(  0.996180  0.018291  0.085392)
     C   16    Vyy=   -0.5920    axis=( -0.003297  0.985000 -0.172521)
     C   16    Vzz=    0.6147    axis=( -0.087266  0.171581  0.981297)
     C   16  Q=         1.0000 1e-30 m^2  Cq=         1.4444 MHz  eta= 0.92597

     C   17    Vxx=    0.0156    axis=(  0.492491 -0.844555  0.210188)
     C   17    Vyy=    0.6133    axis=( -0.011545 -0.247825 -0.968736)
     C   17    Vzz=   -0.6289    axis=(  0.870241  0.474667 -0.131802)
     C   17  Q=         1.0000 1e-30 m^2  Cq=        -1.4778 MHz  eta= 0.95031

     Cl  18    Vxx=    0.3392    axis=(  0.792214 -0.603137  0.092859)
     Cl  18    Vyy=    1.5142    axis=(  0.139110  0.030328 -0.989812)
     Cl  18    Vzz=   -1.8535    axis=(  0.594176  0.797061  0.107929)
     Cl  18  Q=        -8.1650 1e-30 m^2  Cq=        35.5577 MHz  eta= 0.63396

     H   19    Vxx=   -0.0238    axis=(  0.999809 -0.015223  0.012227)
     H   19    Vyy=   -0.4447    axis=(  0.002806  0.731723  0.681596)
     H   19    Vzz=    0.4685    axis=( -0.019322 -0.681432  0.731626)
     H   19  Q=         1.0000 1e-30 m^2  Cq=         1.1008 MHz  eta= 0.89826

     C   20    Vxx=   -0.0343    axis=(  0.262139  0.925876  0.272098)
     C   20    Vyy=   -0.5658    axis=(  0.964981 -0.248659 -0.083543)
     C   20    Vzz=    0.6001    axis=(  0.009691 -0.284470  0.958636)
     C   20  Q=         1.0000 1e-30 m^2  Cq=         1.4100 MHz  eta= 0.88554

     H   21    Vxx=   -0.0559    axis=(  0.695843  0.631067 -0.342865)
     H   21    Vyy=   -0.4593    axis=( -0.354214  0.716854  0.600544)
     H   21    Vzz=    0.5151    axis=(  0.624767 -0.296437  0.722351)
     H   21  Q=         1.0000 1e-30 m^2  Cq=         1.2104 MHz  eta= 0.78309

     C   22    Vxx=   -0.1073    axis=(  0.921528 -0.332504 -0.200565)
     C   22    Vyy=   -0.5834    axis=(  0.297974  0.936708 -0.183822)
     C   22    Vzz=    0.6906    axis=(  0.248993  0.109634  0.962280)
     C   22  Q=         1.0000 1e-30 m^2  Cq=         1.6227 MHz  eta= 0.68931

     C   23    Vxx=    0.1579    axis=(  0.395754  0.917416 -0.041545)
     C   23    Vyy=    0.4803    axis=(  0.061554 -0.071636 -0.995530)
     C   23    Vzz=   -0.6382    axis=( -0.916291  0.391428 -0.084821)
     C   23  Q=         1.0000 1e-30 m^2  Cq=        -1.4994 MHz  eta= 0.50512

     Cl  24    Vxx=    0.2166    axis=(  0.093120  0.647423 -0.756421)
     Cl  24    Vyy=    2.0857    axis=( -0.855812 -0.336215 -0.393123)
     Cl  24    Vzz=   -2.3022    axis=( -0.508837  0.683961  0.522764)
     Cl  24  Q=        -8.1650 1e-30 m^2  Cq=        44.1674 MHz  eta= 0.81187

     Initialization:
     gipaw_setup  :      8.94s CPU     12.00s WALL (       1 calls)

     Linear response

     Apply operators

     Induced current

     Other routines
     efg          :     10.31s CPU     14.50s WALL (       1 calls)

     General routines
     calbec       :      3.37s CPU      4.63s WALL (      16 calls)
     fft          :      1.96s CPU      3.76s WALL (      15 calls)
     ffts         :      0.04s CPU      0.07s WALL (       2 calls)
     fftw         :      4.12s CPU      6.19s WALL (     672 calls)
     davcio       :      0.04s CPU      0.30s WALL (      32 calls)

     Parallel routines
     fft_scatter  :      3.48s CPU      7.07s WALL (     689 calls)

     Plugins

     GIPAW        :     64.48s CPU     82.51s WALL (       1 calls)
