
     Program QE v.6.0 (svn rev. 13079) starts on 16Jan2017 at  5:10:16 

     This program is part of the open-source Quantum ESPRESSO suite
     for quantum simulation of materials; please cite
         "P. Giannozzi et al., J. Phys.:Condens. Matter 21 395502 (2009);
          URL http://www.quantum-espresso.org", 
     in publications or presentations arising from this work. More details at
     http://www.quantum-espresso.org/quote

     Parallel version (MPI), running on     8 processors
     R & G space division:  proc/nbgrp/npool/nimage =       8

     ***** This is GIPAW svn revision unknown      *****

     Parallelizing q-star over 1 images

     Reading data from directory:
     /users/majewski/paradichlorobenzene/pbe/9_constraint/scratch/pbe.ecut100.np8.dt60.pcl2phi-129368.save
     Message from routine read_xml_file:
     file /users/majewski/paradichlorobenzene/pbe/9_constraint/scratch/pbe.ecut100.np8.dt60.pcl2phi-129368.save not guaranteed to be safe for post-processing

   Info: using nr1, nr2, nr3 values from input

   Info: using nr1, nr2, nr3 values from input

     IMPORTANT: XC functional enforced from input :
     Exchange-correlation      =  SLA  PW   PBX  PBC ( 1  4  3  4 0 0)
     Any further DFT definition will be discarded
     Please, verify this is what you really want

               file C.pbe-n-kjpaw_psl.1.0.0.UPF: wavefunction(s)  2S 2P renormalized
               file Cl.pbe-n-kjpaw_psl.1.0.0.UPF: wavefunction(s)  3S 3P renormalized
               file H.pbe-kjpaw_psl.1.0.0.UPF: wavefunction(s)  1S renormalized

     Parallelization info
     --------------------
     sticks:   dense  smooth     PW     G-vecs:    dense   smooth      PW
     Min        3057    1223    332               144436    36536    5170
     Max        3059    1225    333               144437    36537    5171
     Sum       24467    9791   2657              1155489   292295   41363


     Subspace diagonalization in iterative solution of the eigenvalue problem:
     a serial algorithm will be used

     GIPAW projectors -----------------------------------------------
     atom=  C    l=0  rc=    1.2000  rs=    0.8000
     atom=  C    l=0  rc=    1.2000  rs=    0.8000
     atom=  C    l=1  rc=    1.4000  rs=    0.9333
     atom=  C    l=1  rc=    1.4000  rs=    0.9333
     projs nearly linearly dependent: l=1  n1,n2= 1, 2  s=  0.99951561

     atom=  Cl   l=0  rc=    1.6000  rs=    1.0667
     atom=  Cl   l=0  rc=    1.6000  rs=    1.0667
     atom=  Cl   l=1  rc=    1.6000  rs=    1.0667
     atom=  Cl   l=1  rc=    1.6000  rs=    1.0667
     atom=  Cl   l=2  rc=    1.6000  rs=    1.0667
     atom=  Cl   l=2  rc=    1.6000  rs=    1.0667
     projs nearly linearly dependent: l=2  n1,n2= 1, 2  s=  0.99993509

     atom=  H    l=0  rc=    1.0000  rs=    0.6667
     atom=  H    l=0  rc=    1.0000  rs=    0.6667
     projs nearly linearly dependent: l=0  n1,n2= 1, 2  s=  0.99968852
     -----------------------------------------------------------------

     GIPAW integrals: -------------------------------------------
     Atom  i/j   nmr_para   nmr_dia   epr_rmc  epr_para   epr_dia
       C   1 1   0.83E+03  0.17E-01  0.93E+01  0.24E+08  0.24E+03
       C   2 1   0.86E+03 -0.61E-01  0.94E+01  0.25E+08  0.25E+03
       C   2 2   0.90E+03 -0.15E+00  0.97E+01  0.26E+08  0.26E+03
       C   3 3   0.33E+01  0.34E+00  0.18E+01  0.55E+03  0.21E+02
       C   4 3   0.35E+01  0.37E+00  0.20E+01  0.59E+03  0.22E+02
       C   4 4   0.38E+01  0.39E+00  0.22E+01  0.63E+03  0.24E+02
       Cl  1 1   0.14E+04 -0.47E+00  0.84E+01  0.32E+09  0.42E+03
       Cl  2 1   0.21E+04 -0.37E+00  0.12E+02  0.49E+09  0.65E+03
       Cl  2 2   0.33E+04 -0.16E+00  0.21E+02  0.76E+09  0.10E+04
       Cl  3 3   0.21E+02  0.79E-01  0.89E+01  0.23E+05  0.13E+03
       Cl  4 3   0.24E+02  0.67E-01  0.99E+01  0.27E+05  0.15E+03
       Cl  4 4   0.28E+02  0.44E-01  0.11E+02  0.32E+05  0.18E+03
       Cl  5 5   0.77E+00  0.19E+00  0.18E+01  0.12E+03  0.22E+02
       Cl  6 5   0.80E+00  0.19E+00  0.19E+01  0.12E+03  0.23E+02
       Cl  6 6   0.83E+00  0.20E+00  0.19E+01  0.12E+03  0.23E+02
       H   1 1   0.39E+02  0.19E+00  0.29E+00  0.78E+05  0.13E+02
       H   2 1   0.41E+02  0.21E+00  0.32E+00  0.82E+05  0.14E+02
       H   2 2   0.43E+02  0.22E+00  0.36E+00  0.86E+05  0.15E+02
     ------------------------------------------------------------

     alpha_pv=     34.2689 eV

     Number of occupied bands for each k-point:
     k-point:     1    nbnd_occ=  42
     k-point:     2    nbnd_occ=  42
     k-point:     3    nbnd_occ=  42
     k-point:     4    nbnd_occ=  42
     k-point:     5    nbnd_occ=  42
     k-point:     6    nbnd_occ=  42
     k-point:     7    nbnd_occ=  42
     k-point:     8    nbnd_occ=  42
     k-point:     9    nbnd_occ=  42
     k-point:    10    nbnd_occ=  42
     k-point:    11    nbnd_occ=  42
     k-point:    12    nbnd_occ=  42
     k-point:    13    nbnd_occ=  42
     k-point:    14    nbnd_occ=  42
     k-point:    15    nbnd_occ=  42
     k-point:    16    nbnd_occ=  42


     q-space interpolation up to   110.00 Rydberg

     GIPAW job: efg                                                                             


     ELECTRIC FIELD GRADIENTS TENSORS IN Hartree/bohrradius^2:

     ----- bare term -----
     Cl   1        0.157212        0.193979        0.043890
     Cl   1        0.193979        0.080265        0.376998
     Cl   1        0.043890        0.376998       -0.237478

     C    2       -0.084694       -0.128078       -0.294091
     C    2       -0.128078        0.048961       -0.716549
     C    2       -0.294091       -0.716549        0.035733

     C    3       -0.427677        0.277246       -0.199045
     C    3        0.277246        0.123722       -0.245856
     C    3       -0.199045       -0.245856        0.303955

     H    4       -0.269492       -0.529539       -0.020657
     H    4       -0.529539       -0.083548        0.112535
     H    4       -0.020657        0.112535        0.353040

     C    5        0.023050        0.263766        0.037216
     C    5        0.263766       -0.226172       -0.362597
     C    5        0.037216       -0.362597        0.203122

     H    6        0.168200       -0.453835       -0.110890
     H    6       -0.453835       -0.464795       -0.315972
     H    6       -0.110890       -0.315972        0.296595

     H    7        0.532166        0.027715        0.014226
     H    7        0.027715       -0.275162        0.350061
     H    7        0.014226        0.350061       -0.257003

     C    8       -0.792347       -0.342380       -0.240797
     C    8       -0.342380        0.445739        0.194136
     C    8       -0.240797        0.194136        0.346608

     H    9       -0.587832       -0.024974       -0.130028
     H    9       -0.024974        0.326043        0.314712
     H    9       -0.130028        0.314712        0.261789

     C   10        0.055336       -0.008266       -0.223827
     C   10       -0.008266       -0.049507        0.631447
     C   10       -0.223827        0.631447       -0.005829

     C   11       -0.702055       -0.438095       -0.292140
     C   11       -0.438095        0.301214        0.152623
     C   11       -0.292140        0.152623        0.400841

     Cl  12        0.042489       -0.071959       -0.025827
     Cl  12       -0.071959       -0.018089       -0.008121
     Cl  12       -0.025827       -0.008121       -0.024399

     H   13       -0.004066        0.046733       -0.247095
     H   13        0.046733       -0.298448       -0.521110
     H   13       -0.247095       -0.521110        0.302514

     C   14       -0.834689        0.330878       -0.386979
     C   14        0.330878        0.398772       -0.038923
     C   14       -0.386979       -0.038923        0.435917

     H   15       -0.554254        0.083782        0.052272
     H   15        0.083782        0.279954       -0.361922
     H   15        0.052272       -0.361922        0.274299

     C   16        0.148086       -0.011215       -0.156649
     C   16       -0.011215       -0.437871       -0.520717
     C   16       -0.156649       -0.520717        0.289785

     C   17       -0.775318        0.401963       -0.334699
     C   17        0.401963        0.293542       -0.037162
     C   17       -0.334699       -0.037162        0.481775

     Cl  18        0.294627       -0.046561       -0.103358
     Cl  18       -0.046561       -0.019859       -0.465447
     Cl  18       -0.103358       -0.465447       -0.274767

     H   19        0.450337        0.168432       -0.030962
     H   19        0.168432       -0.775666        0.330105
     H   19       -0.030962        0.330105        0.325329

     C   20       -0.097243       -0.053860       -0.208644
     C   20       -0.053860        0.028224        0.461787
     C   20       -0.208644        0.461787        0.069019

     H   21       -0.188065        0.480099       -0.265325
     H   21        0.480099       -0.207629        0.067444
     H   21       -0.265325        0.067444        0.395694

     C   22       -0.697874       -0.328551       -0.198160
     C   22       -0.328551        0.318755        0.205190
     C   22       -0.198160        0.205190        0.379118

     C   23        0.035364        0.144816       -0.323086
     C   23        0.144816        0.023671        0.668328
     C   23       -0.323086        0.668328       -0.059034

     Cl  24       -0.301202       -0.225509       -0.010995
     Cl  24       -0.225509        0.190310        0.002466
     Cl  24       -0.010995        0.002466        0.110892

     ----- ionic term -----
     Cl   1        0.108253       -0.163553       -0.069447
     Cl   1       -0.163553        0.006473        0.056585
     Cl   1       -0.069447        0.056585       -0.114726

     C    2        0.316419       -0.052707        0.116049
     C    2       -0.052707        0.062930        0.416549
     C    2        0.116049        0.416549       -0.379350

     C    3        0.163669       -0.162752        0.090379
     C    3       -0.162752        0.209889        0.420855
     C    3        0.090379        0.420855       -0.373558

     H    4        0.737392        0.394323        0.505572
     H    4        0.394323       -0.389164        0.239574
     H    4        0.505572        0.239574       -0.348228

     C    5        0.306823       -0.149739        0.111353
     C    5       -0.149739        0.102310        0.334924
     C    5        0.111353        0.334924       -0.409133

     H    6       -0.509204        0.197341        0.125189
     H    6        0.197341        0.606463        0.748698
     H    6        0.125189        0.748698       -0.097259

     H    7       -0.519087        0.003895        0.007575
     H    7        0.003895        0.549763       -0.761728
     H    7        0.007575       -0.761728       -0.030676

     C    8        0.291448        0.183908        0.249255
     C    8        0.183908        0.019783       -0.337263
     C    8        0.249255       -0.337263       -0.311231

     H    9        0.761580       -0.520309        0.380736
     H    9       -0.520309       -0.259410       -0.203516
     H    9        0.380736       -0.203516       -0.502171

     C   10        0.195945        0.201196        0.099922
     C   10        0.201196        0.194822       -0.382816
     C   10        0.099922       -0.382816       -0.390767

     C   11        0.193760        0.205052        0.203156
     C   11        0.205052        0.142427       -0.367891
     C   11        0.203156       -0.367891       -0.336187

     Cl  12        0.141302        0.217816        0.014044
     Cl  12        0.217816        0.007769        0.002043
     Cl  12        0.014044        0.002043       -0.149071

     H   13       -0.459188        0.294317        0.174616
     H   13        0.294317        0.572748        0.728073
     H   13        0.174616        0.728073       -0.113560

     C   14        0.387789       -0.079250        0.157146
     C   14       -0.079250        0.031000        0.331969
     C   14        0.157146        0.331969       -0.418789

     H   15        0.802203        0.368363        0.487116
     H   15        0.368363       -0.396583        0.194172
     H   15        0.487116        0.194172       -0.405620

     C   16        0.180769       -0.142331        0.096707
     C   16       -0.142331        0.202500        0.416822
     C   16        0.096707        0.416822       -0.383270

     C   17        0.218619       -0.080954        0.119539
     C   17       -0.080954        0.161026        0.422113
     C   17        0.119539        0.422113       -0.379645

     Cl  18        0.105196       -0.201556       -0.046365
     Cl  18       -0.201556        0.021128        0.041121
     Cl  18       -0.046365        0.041121       -0.126324

     H   19       -0.512506       -0.067714        0.049416
     H   19       -0.067714        0.584583       -0.741035
     H   19        0.049416       -0.741035       -0.072077

     C   20        0.293650        0.241914        0.222822
     C   20        0.241914        0.088043       -0.282906
     C   20        0.222822       -0.282906       -0.381693

     H   21        0.729574       -0.305872        0.611745
     H   21       -0.305872       -0.419068       -0.222387
     H   21        0.611745       -0.222387       -0.310506

     C   22        0.167634        0.260443        0.194772
     C   22        0.260443        0.200350       -0.393253
     C   22        0.194772       -0.393253       -0.367984

     C   23        0.164934        0.131308        0.310156
     C   23        0.131308        0.131827       -0.425247
     C   23        0.310156       -0.425247       -0.296761

     Cl  24        0.125559        0.190503        0.027299
     Cl  24        0.190503        0.028515        0.001391
     Cl  24        0.027299        0.001391       -0.154074

     ----- GIPAW term -----
     Cl   1       -0.301614       -0.170465       -0.300938
     Cl   1       -0.170465       -0.282520       -0.608834
     Cl   1       -0.300938       -0.608834        0.584134

     C    2       -0.072590       -0.085011       -0.045101
     C    2       -0.085011        0.166232       -0.226070
     C    2       -0.045101       -0.226070       -0.093642

     C    3       -0.123329        0.110023       -0.078975
     C    3        0.110023        0.149323       -0.120496
     C    3       -0.078975       -0.120496       -0.025994

     H    4       -0.000000        0.000000        0.000000
     H    4        0.000000        0.000000        0.000000
     H    4        0.000000        0.000000        0.000000

     C    5       -0.016781        0.140077        0.045247
     C    5        0.140077        0.110036       -0.019532
     C    5        0.045247       -0.019532       -0.093256

     H    6       -0.000000        0.000000        0.000000
     H    6        0.000000        0.000000        0.000000
     H    6        0.000000        0.000000        0.000000

     H    7       -0.000000        0.000000        0.000000
     H    7        0.000000        0.000000        0.000000
     H    7        0.000000        0.000000        0.000000

     C    8       -0.214844        0.019227       -0.002264
     C    8        0.019227        0.292239        0.064273
     C    8       -0.002264        0.064273       -0.077395

     H    9       -0.000000        0.000000        0.000000
     H    9        0.000000        0.000000        0.000000
     H    9        0.000000        0.000000        0.000000

     C   10       -0.112090        0.067176       -0.027702
     C   10        0.067176        0.268567        0.064946
     C   10       -0.027702        0.064946       -0.156477

     C   11       -0.150652        0.077697       -0.028216
     C   11        0.077697        0.267486       -0.002338
     C   11       -0.028216       -0.002338       -0.116834

     Cl  12       -0.116940        1.514326       -0.117673
     Cl  12        1.514326        2.543599        0.001004
     Cl  12       -0.117673        0.001004       -2.426659

     H   13       -0.000000        0.000000        0.000000
     H   13        0.000000        0.000000        0.000000
     H   13        0.000000        0.000000        0.000000

     C   14       -0.185342       -0.093611       -0.072761
     C   14       -0.093611        0.249046        0.120728
     C   14       -0.072761        0.120728       -0.063704

     H   15       -0.000000        0.000000        0.000000
     H   15        0.000000        0.000000        0.000000
     H   15        0.000000        0.000000        0.000000

     C   16       -0.086272       -0.066695       -0.032975
     C   16       -0.066695        0.068935        0.147257
     C   16       -0.032975        0.147257        0.017337

     C   17       -0.127911        0.066470        0.032011
     C   17        0.066470        0.104520        0.155079
     C   17        0.032011        0.155079        0.023391

     Cl  18        0.153707       -0.549444        0.236390
     Cl  18       -0.549444       -0.029575        0.478770
     Cl  18        0.236390        0.478770       -0.124132

     H   19       -0.000000        0.000000        0.000000
     H   19        0.000000        0.000000        0.000000
     H   19        0.000000        0.000000        0.000000

     C   20       -0.097795       -0.036569       -0.018095
     C   20       -0.036569        0.242414        0.120582
     C   20       -0.018095        0.120582       -0.144619

     H   21       -0.000000        0.000000        0.000000
     H   21        0.000000        0.000000        0.000000
     H   21        0.000000        0.000000        0.000000

     C   22       -0.227763        0.010399       -0.026004
     C   22        0.010399        0.309874        0.038944
     C   22       -0.026004        0.038944       -0.082111

     C   23       -0.059044        0.092462       -0.038726
     C   23        0.092462        0.235114        0.093899
     C   23       -0.038726        0.093899       -0.176070

     Cl  24       -0.453703        1.669842       -0.142989
     Cl  24        1.669842        2.062344       -0.096833
     Cl  24       -0.142989       -0.096833       -1.608641

     ----- total EFG -----
     Cl   1       -0.036149       -0.140039       -0.326495
     Cl   1       -0.140039       -0.195781       -0.175251
     Cl   1       -0.326495       -0.175251        0.231931

     C    2        0.159134       -0.265795       -0.223143
     C    2       -0.265795        0.278124       -0.526070
     C    2       -0.223143       -0.526070       -0.437258

     C    3       -0.387337        0.224517       -0.187641
     C    3        0.224517        0.482934        0.054503
     C    3       -0.187641        0.054503       -0.095597

     H    4        0.467900       -0.135216        0.484915
     H    4       -0.135216       -0.472711        0.352109
     H    4        0.484915        0.352109        0.004811

     C    5        0.313093        0.254104        0.193815
     C    5        0.254104       -0.013826       -0.047205
     C    5        0.193815       -0.047205       -0.299267

     H    6       -0.341004       -0.256495        0.014299
     H    6       -0.256495        0.141668        0.432727
     H    6        0.014299        0.432727        0.199335

     H    7        0.013079        0.031611        0.021801
     H    7        0.031611        0.274601       -0.411667
     H    7        0.021801       -0.411667       -0.287680

     C    8       -0.715744       -0.139245        0.006194
     C    8       -0.139245        0.757762       -0.078854
     C    8        0.006194       -0.078854       -0.042018

     H    9        0.173749       -0.545283        0.250708
     H    9       -0.545283        0.066633        0.111196
     H    9        0.250708        0.111196       -0.240382

     C   10        0.139191        0.260107       -0.151607
     C   10        0.260107        0.413881        0.313577
     C   10       -0.151607        0.313577       -0.553072

     C   11       -0.658947       -0.155347       -0.117199
     C   11       -0.155347        0.711127       -0.217607
     C   11       -0.117199       -0.217607       -0.052180

     Cl  12        0.066851        1.660183       -0.129456
     Cl  12        1.660183        2.533279       -0.005073
     Cl  12       -0.129456       -0.005073       -2.600130

     H   13       -0.463254        0.341050       -0.072479
     H   13        0.341050        0.274300        0.206962
     H   13       -0.072479        0.206962        0.188954

     C   14       -0.632242        0.158018       -0.302594
     C   14        0.158018        0.678818        0.413775
     C   14       -0.302594        0.413775       -0.046576

     H   15        0.247950        0.452145        0.539388
     H   15        0.452145       -0.116629       -0.167750
     H   15        0.539388       -0.167750       -0.131321

     C   16        0.242583       -0.220240       -0.092916
     C   16       -0.220240       -0.166435        0.043361
     C   16       -0.092916        0.043361       -0.076148

     C   17       -0.684610        0.387479       -0.183149
     C   17        0.387479        0.559088        0.540030
     C   17       -0.183149        0.540030        0.125522

     Cl  18        0.553530       -0.797561        0.086668
     Cl  18       -0.797561       -0.028306        0.054444
     Cl  18        0.086668        0.054444       -0.525223

     H   19       -0.062169        0.100718        0.018454
     H   19        0.100718       -0.191083       -0.410929
     H   19        0.018454       -0.410929        0.253252

     C   20        0.098612        0.151485       -0.003918
     C   20        0.151485        0.358681        0.299463
     C   20       -0.003918        0.299463       -0.457293

     H   21        0.541509        0.174227        0.346421
     H   21        0.174227       -0.626697       -0.154943
     H   21        0.346421       -0.154943        0.085188

     C   22       -0.758003       -0.057709       -0.029391
     C   22       -0.057709        0.828979       -0.149119
     C   22       -0.029391       -0.149119       -0.070976

     C   23        0.141253        0.368587       -0.051656
     C   23        0.368587        0.390612        0.336981
     C   23       -0.051656        0.336981       -0.531866

     Cl  24       -0.629346        1.634836       -0.126685
     Cl  24        1.634836        2.281169       -0.092976
     Cl  24       -0.126685       -0.092976       -1.651823

     ----- total EFG (symmetrized) -----
     Cl   1       -0.036149       -0.140039       -0.326495
     Cl   1       -0.140039       -0.195781       -0.175251
     Cl   1       -0.326495       -0.175251        0.231931

     C    2        0.159134       -0.265795       -0.223143
     C    2       -0.265795        0.278124       -0.526070
     C    2       -0.223143       -0.526070       -0.437258

     C    3       -0.387337        0.224517       -0.187641
     C    3        0.224517        0.482934        0.054503
     C    3       -0.187641        0.054503       -0.095597

     H    4        0.467900       -0.135216        0.484915
     H    4       -0.135216       -0.472711        0.352109
     H    4        0.484915        0.352109        0.004811

     C    5        0.313093        0.254104        0.193815
     C    5        0.254104       -0.013826       -0.047205
     C    5        0.193815       -0.047205       -0.299267

     H    6       -0.341004       -0.256495        0.014299
     H    6       -0.256495        0.141668        0.432727
     H    6        0.014299        0.432727        0.199335

     H    7        0.013079        0.031611        0.021801
     H    7        0.031611        0.274601       -0.411667
     H    7        0.021801       -0.411667       -0.287680

     C    8       -0.715744       -0.139245        0.006194
     C    8       -0.139245        0.757762       -0.078854
     C    8        0.006194       -0.078854       -0.042018

     H    9        0.173749       -0.545283        0.250708
     H    9       -0.545283        0.066633        0.111196
     H    9        0.250708        0.111196       -0.240382

     C   10        0.139191        0.260107       -0.151607
     C   10        0.260107        0.413881        0.313577
     C   10       -0.151607        0.313577       -0.553072

     C   11       -0.658947       -0.155347       -0.117199
     C   11       -0.155347        0.711127       -0.217607
     C   11       -0.117199       -0.217607       -0.052180

     Cl  12        0.066851        1.660183       -0.129456
     Cl  12        1.660183        2.533279       -0.005073
     Cl  12       -0.129456       -0.005073       -2.600130

     H   13       -0.463254        0.341050       -0.072479
     H   13        0.341050        0.274300        0.206962
     H   13       -0.072479        0.206962        0.188954

     C   14       -0.632242        0.158018       -0.302594
     C   14        0.158018        0.678818        0.413775
     C   14       -0.302594        0.413775       -0.046576

     H   15        0.247950        0.452145        0.539388
     H   15        0.452145       -0.116629       -0.167750
     H   15        0.539388       -0.167750       -0.131321

     C   16        0.242583       -0.220240       -0.092916
     C   16       -0.220240       -0.166435        0.043361
     C   16       -0.092916        0.043361       -0.076148

     C   17       -0.684610        0.387479       -0.183149
     C   17        0.387479        0.559088        0.540030
     C   17       -0.183149        0.540030        0.125522

     Cl  18        0.553530       -0.797561        0.086668
     Cl  18       -0.797561       -0.028306        0.054444
     Cl  18        0.086668        0.054444       -0.525223

     H   19       -0.062169        0.100718        0.018454
     H   19        0.100718       -0.191083       -0.410929
     H   19        0.018454       -0.410929        0.253252

     C   20        0.098612        0.151485       -0.003918
     C   20        0.151485        0.358681        0.299463
     C   20       -0.003918        0.299463       -0.457293

     H   21        0.541509        0.174227        0.346421
     H   21        0.174227       -0.626697       -0.154943
     H   21        0.346421       -0.154943        0.085188

     C   22       -0.758003       -0.057709       -0.029391
     C   22       -0.057709        0.828979       -0.149119
     C   22       -0.029391       -0.149119       -0.070976

     C   23        0.141253        0.368587       -0.051656
     C   23        0.368587        0.390612        0.336981
     C   23       -0.051656        0.336981       -0.531866

     Cl  24       -0.629346        1.634836       -0.126685
     Cl  24        1.634836        2.281169       -0.092976
     Cl  24       -0.126685       -0.092976       -1.651823


     NQR/NMR SPECTROSCOPIC PARAMETERS:
     Cl   1    Vxx=   -0.0150    axis=(  0.609320 -0.742268  0.278869)
     Cl   1    Vyy=   -0.4436    axis=(  0.594550  0.660389  0.458690)
     Cl   1    Vzz=    0.4586    axis=( -0.524633 -0.113687  0.843703)
     Cl   1  Q=        -8.1650 1e-30 m^2  Cq=        -8.7974 MHz  eta= 0.93465

     C    2    Vxx=    0.2192    axis=(  0.888062  0.160779 -0.430692)
     C    2    Vyy=    0.6032    axis=(  0.335064 -0.867812  0.366925)
     C    2    Vzz=   -0.8224    axis=(  0.314766  0.470162  0.824542)
     C    2  Q=         1.0000 1e-30 m^2  Cq=        -1.9323 MHz  eta= 0.46685

     C    3    Vxx=   -0.0079    axis=( -0.402063  0.082651  0.911874)
     C    3    Vyy=   -0.5296    axis=( -0.885452  0.218409 -0.410209)
     C    3    Vzz=    0.5376    axis=( -0.233066 -0.972351 -0.014631)
     C    3  Q=         1.0000 1e-30 m^2  Cq=         1.2631 MHz  eta= 0.97052

     H    4    Vxx=   -0.0097    axis=(  0.467393 -0.617576 -0.632569)
     H    4    Vyy=   -0.7688    axis=(  0.299095  0.783807 -0.544233)
     H    4    Vzz=    0.7785    axis=( -0.831917 -0.065172 -0.551060)
     H    4  Q=         1.0000 1e-30 m^2  Cq=         1.8292 MHz  eta= 0.97503

     C    5    Vxx=   -0.0825    axis=( -0.310192  0.832720 -0.458648)
     C    5    Vyy=   -0.3982    axis=( -0.359253  0.343996  0.867527)
     C    5    Vzz=    0.4807    axis=(  0.880181  0.433871  0.192452)
     C    5  Q=         1.0000 1e-30 m^2  Cq=         1.1295 MHz  eta= 0.65685

     H    6    Vxx=   -0.1156    axis=( -0.593880  0.486168 -0.641051)
     H    6    Vyy=   -0.5178    axis=( -0.785477 -0.522836  0.331163)
     H    6    Vzz=    0.6334    axis=( -0.174163  0.700202  0.692376)
     H    6  Q=         1.0000 1e-30 m^2  Cq=         1.4881 MHz  eta= 0.63498

     H    7    Vxx=    0.0146    axis=(  0.997174 -0.002340  0.075092)
     H    7    Vyy=    0.4926    axis=( -0.037128 -0.884279  0.465481)
     H    7    Vzz=   -0.5073    axis=(  0.065313 -0.466954 -0.881866)
     H    7  Q=         1.0000 1e-30 m^2  Cq=        -1.1919 MHz  eta= 0.94225

     C    8    Vxx=   -0.0496    axis=( -0.010680  0.095371  0.995385)
     C    8    Vyy=   -0.7288    axis=( -0.995632 -0.093353 -0.001739)
     C    8    Vzz=    0.7784    axis=(  0.092756 -0.991055  0.095951)
     C    8  Q=         1.0000 1e-30 m^2  Cq=         1.8290 MHz  eta= 0.87246

     H    9    Vxx=   -0.0774    axis=(  0.299039  0.508881  0.807227)
     H    9    Vyy=   -0.6049    axis=(  0.585076  0.570496 -0.576386)
     H    9    Vzz=    0.6823    axis=( -0.753832  0.644651 -0.127134)
     H    9  Q=         1.0000 1e-30 m^2  Cq=         1.6032 MHz  eta= 0.77311

     C   10    Vxx=    0.0991    axis=( -0.862883  0.347030  0.367427)
     C   10    Vyy=    0.6061    axis=(  0.432697  0.882924  0.182258)
     C   10    Vzz=   -0.7052    axis=(  0.261161 -0.316252  0.912020)
     C   10  Q=         1.0000 1e-30 m^2  Cq=        -1.6570 MHz  eta= 0.71884

     C   11    Vxx=   -0.0711    axis=( -0.245153  0.214334  0.945495)
     C   11    Vyy=   -0.7079    axis=(  0.965770  0.139284  0.218835)
     C   11    Vzz=    0.7790    axis=( -0.084789  0.966779 -0.241143)
     C   11  Q=         1.0000 1e-30 m^2  Cq=         1.8304 MHz  eta= 0.81741

     Cl  12    Vxx=   -0.7610    axis=(  0.891282 -0.449259 -0.061500)
     Cl  12    Vyy=   -2.6078    axis=(  0.059653 -0.018279  0.998052)
     Cl  12    Vzz=    3.3688    axis=( -0.449508 -0.893215  0.010508)
     Cl  12  Q=        -8.1650 1e-30 m^2  Cq=       -64.6291 MHz  eta= 0.54818

     H   13    Vxx=    0.1210    axis=(  0.338304  0.398374 -0.852554)
     H   13    Vyy=    0.5018    axis=(  0.257260  0.832309  0.490998)
     H   13    Vzz=   -0.6228    axis=(  0.905189 -0.385435  0.179088)
     H   13  Q=         1.0000 1e-30 m^2  Cq=        -1.4634 MHz  eta= 0.61142

     C   14    Vxx=   -0.0386    axis=( -0.497615 -0.348528  0.794297)
     C   14    Vyy=   -0.8281    axis=( -0.867291  0.214323 -0.449302)
     C   14    Vzz=    0.8666    axis=(  0.013642  0.912466  0.408926)
     C   14  Q=         1.0000 1e-30 m^2  Cq=         2.0362 MHz  eta= 0.91100

     H   15    Vxx=    0.0427    axis=(  0.027530  0.760889 -0.648297)
     H   15    Vyy=    0.7325    axis=( -0.823521 -0.350351 -0.446169)
     H   15    Vzz=   -0.7752    axis=( -0.566617  0.546170  0.616963)
     H   15  Q=         1.0000 1e-30 m^2  Cq=        -1.8214 MHz  eta= 0.88994

     C   16    Vxx=   -0.1001    axis=(  0.214786 -0.076616  0.973651)
     C   16    Vyy=   -0.2625    axis=( -0.397257 -0.917578  0.015431)
     C   16    Vzz=    0.3626    axis=(  0.892219 -0.390104 -0.227519)
     C   16  Q=         1.0000 1e-30 m^2  Cq=         0.8519 MHz  eta= 0.44807

     C   17    Vxx=   -0.0428    axis=( -0.468126 -0.403819  0.785996)
     C   17    Vyy=   -0.9126    axis=( -0.872256  0.353613 -0.337826)
     C   17    Vzz=    0.9555    axis=( -0.141518 -0.843735 -0.517769)
     C   17  Q=         1.0000 1e-30 m^2  Cq=         2.2450 MHz  eta= 0.91031

     Cl  18    Vxx=   -0.4573    axis=(  0.321414  0.495085  0.807208)
     Cl  18    Vyy=   -0.6552    axis=(  0.473798  0.653983 -0.589764)
     Cl  18    Vzz=    1.1125    axis=( -0.819883  0.572012 -0.024371)
     Cl  18  Q=        -8.1650 1e-30 m^2  Cq=       -21.3436 MHz  eta= 0.17788

     H   19    Vxx=   -0.0412    axis=(  0.969708  0.169550  0.175838)
     H   19    Vyy=   -0.4593    axis=( -0.235603  0.839236  0.490075)
     H   19    Vzz=    0.5005    axis=( -0.064477 -0.516658  0.853761)
     H   19  Q=         1.0000 1e-30 m^2  Cq=         1.1761 MHz  eta= 0.83533

     C   20    Vxx=    0.0525    axis=(  0.940037 -0.290879 -0.178099)
     C   20    Vyy=    0.5070    axis=(  0.331677  0.901327  0.278567)
     C   20    Vzz=   -0.5595    axis=(  0.079496 -0.320935  0.943759)
     C   20  Q=         1.0000 1e-30 m^2  Cq=        -1.3145 MHz  eta= 0.81239

     H   21    Vxx=   -0.0231    axis=( -0.414779 -0.336707  0.845332)
     H   21    Vyy=   -0.7100    axis=( -0.206377  0.939617  0.272999)
     H   21    Vzz=    0.7331    axis=( -0.886209 -0.061223 -0.459222)
     H   21  Q=         1.0000 1e-30 m^2  Cq=         1.7224 MHz  eta= 0.93705

     C   22    Vxx=   -0.0929    axis=( -0.057104  0.155943  0.986114)
     C   22    Vyy=   -0.7619    axis=(  0.997841  0.041005  0.051298)
     C   22    Vzz=    0.8547    axis=( -0.032436  0.986915 -0.157948)
     C   22  Q=         1.0000 1e-30 m^2  Cq=         2.0083 MHz  eta= 0.78273

     C   23    Vxx=   -0.0271    axis=(  0.824179 -0.428423 -0.370381)
     C   23    Vyy=   -0.6787    axis=(  0.219485 -0.361254  0.906268)
     C   23    Vzz=    0.7058    axis=( -0.522068 -0.828221 -0.203706)
     C   23  Q=         1.0000 1e-30 m^2  Cq=         1.6584 MHz  eta= 0.92312

     Cl  24    Vxx=   -1.3436    axis=(  0.882431 -0.404171 -0.240753)
     Cl  24    Vyy=   -1.6751    axis=( -0.231341  0.072798 -0.970145)
     Cl  24    Vzz=    3.0186    axis=(  0.409631  0.911782 -0.029262)
     Cl  24  Q=        -8.1650 1e-30 m^2  Cq=       -57.9108 MHz  eta= 0.10981

     Initialization:
     gipaw_setup  :      9.17s CPU     10.96s WALL (       1 calls)

     Linear response

     Apply operators

     Induced current

     Other routines
     efg          :      9.26s CPU     11.32s WALL (       1 calls)

     General routines
     calbec       :      3.32s CPU      4.22s WALL (      16 calls)
     fft          :      1.41s CPU      1.92s WALL (      15 calls)
     ffts         :      0.04s CPU      0.05s WALL (       2 calls)
     fftw         :      3.32s CPU      3.85s WALL (     672 calls)
     davcio       :      0.02s CPU      0.31s WALL (      32 calls)

     Parallel routines
     fft_scatter  :      2.10s CPU      3.08s WALL (     689 calls)

     Plugins

     GIPAW        :     60.63s CPU     73.45s WALL (       1 calls)
