
     Program QE v.6.0 (svn rev. 13079) starts on 10Jan2017 at 22:13:58 

     This program is part of the open-source Quantum ESPRESSO suite
     for quantum simulation of materials; please cite
         "P. Giannozzi et al., J. Phys.:Condens. Matter 21 395502 (2009);
          URL http://www.quantum-espresso.org", 
     in publications or presentations arising from this work. More details at
     http://www.quantum-espresso.org/quote

     Parallel version (MPI), running on     8 processors
     R & G space division:  proc/nbgrp/npool/nimage =       8

     ***** This is GIPAW svn revision unknown      *****

     Parallelizing q-star over 1 images

     Reading data from directory:
     /users/majewski/paradichlorobenzene/pbe/9_constraint/scratch/pbe.ecut100.np8.dt60.pcl2phi-129368.save
     Message from routine read_xml_file:
     file /users/majewski/paradichlorobenzene/pbe/9_constraint/scratch/pbe.ecut100.np8.dt60.pcl2phi-129368.save not guaranteed to be safe for post-processing

   Info: using nr1, nr2, nr3 values from input

   Info: using nr1, nr2, nr3 values from input

     IMPORTANT: XC functional enforced from input :
     Exchange-correlation      =  SLA  PW   PBX  PBC ( 1  4  3  4 0 0)
     Any further DFT definition will be discarded
     Please, verify this is what you really want

               file C.pbe-n-kjpaw_psl.1.0.0.UPF: wavefunction(s)  2S 2P renormalized
               file Cl.pbe-n-kjpaw_psl.1.0.0.UPF: wavefunction(s)  3S 3P renormalized
               file H.pbe-kjpaw_psl.1.0.0.UPF: wavefunction(s)  1S renormalized

     Parallelization info
     --------------------
     sticks:   dense  smooth     PW     G-vecs:    dense   smooth      PW
     Min        3057    1223    332               144436    36536    5170
     Max        3059    1225    333               144437    36537    5171
     Sum       24467    9791   2657              1155489   292295   41363


     Subspace diagonalization in iterative solution of the eigenvalue problem:
     a serial algorithm will be used

     GIPAW projectors -----------------------------------------------
     atom=  C    l=0  rc=    1.2000  rs=    0.8000
     atom=  C    l=0  rc=    1.2000  rs=    0.8000
     atom=  C    l=1  rc=    1.4000  rs=    0.9333
     atom=  C    l=1  rc=    1.4000  rs=    0.9333
     projs nearly linearly dependent: l=1  n1,n2= 1, 2  s=  0.99951561

     atom=  Cl   l=0  rc=    1.6000  rs=    1.0667
     atom=  Cl   l=0  rc=    1.6000  rs=    1.0667
     atom=  Cl   l=1  rc=    1.6000  rs=    1.0667
     atom=  Cl   l=1  rc=    1.6000  rs=    1.0667
     atom=  Cl   l=2  rc=    1.6000  rs=    1.0667
     atom=  Cl   l=2  rc=    1.6000  rs=    1.0667
     projs nearly linearly dependent: l=2  n1,n2= 1, 2  s=  0.99993509

     atom=  H    l=0  rc=    1.0000  rs=    0.6667
     atom=  H    l=0  rc=    1.0000  rs=    0.6667
     projs nearly linearly dependent: l=0  n1,n2= 1, 2  s=  0.99968852
     -----------------------------------------------------------------

     GIPAW integrals: -------------------------------------------
     Atom  i/j   nmr_para   nmr_dia   epr_rmc  epr_para   epr_dia
       C   1 1   0.83E+03  0.17E-01  0.93E+01  0.24E+08  0.24E+03
       C   2 1   0.86E+03 -0.61E-01  0.94E+01  0.25E+08  0.25E+03
       C   2 2   0.90E+03 -0.15E+00  0.97E+01  0.26E+08  0.26E+03
       C   3 3   0.33E+01  0.34E+00  0.18E+01  0.55E+03  0.21E+02
       C   4 3   0.35E+01  0.37E+00  0.20E+01  0.59E+03  0.22E+02
       C   4 4   0.38E+01  0.39E+00  0.22E+01  0.63E+03  0.24E+02
       Cl  1 1   0.14E+04 -0.47E+00  0.84E+01  0.32E+09  0.42E+03
       Cl  2 1   0.21E+04 -0.37E+00  0.12E+02  0.49E+09  0.65E+03
       Cl  2 2   0.33E+04 -0.16E+00  0.21E+02  0.76E+09  0.10E+04
       Cl  3 3   0.21E+02  0.79E-01  0.89E+01  0.23E+05  0.13E+03
       Cl  4 3   0.24E+02  0.67E-01  0.99E+01  0.27E+05  0.15E+03
       Cl  4 4   0.28E+02  0.44E-01  0.11E+02  0.32E+05  0.18E+03
       Cl  5 5   0.77E+00  0.19E+00  0.18E+01  0.12E+03  0.22E+02
       Cl  6 5   0.80E+00  0.19E+00  0.19E+01  0.12E+03  0.23E+02
       Cl  6 6   0.83E+00  0.20E+00  0.19E+01  0.12E+03  0.23E+02
       H   1 1   0.39E+02  0.19E+00  0.29E+00  0.78E+05  0.13E+02
       H   2 1   0.41E+02  0.21E+00  0.32E+00  0.82E+05  0.14E+02
       H   2 2   0.43E+02  0.22E+00  0.36E+00  0.86E+05  0.15E+02
     ------------------------------------------------------------

     alpha_pv=     34.2268 eV

     Number of occupied bands for each k-point:
     k-point:     1    nbnd_occ=  42
     k-point:     2    nbnd_occ=  42
     k-point:     3    nbnd_occ=  42
     k-point:     4    nbnd_occ=  42
     k-point:     5    nbnd_occ=  42
     k-point:     6    nbnd_occ=  42
     k-point:     7    nbnd_occ=  42
     k-point:     8    nbnd_occ=  42
     k-point:     9    nbnd_occ=  42
     k-point:    10    nbnd_occ=  42
     k-point:    11    nbnd_occ=  42
     k-point:    12    nbnd_occ=  42
     k-point:    13    nbnd_occ=  42
     k-point:    14    nbnd_occ=  42
     k-point:    15    nbnd_occ=  42
     k-point:    16    nbnd_occ=  42


     q-space interpolation up to   110.00 Rydberg

     GIPAW job: efg                                                                             


     ELECTRIC FIELD GRADIENTS TENSORS IN Hartree/bohrradius^2:

     ----- bare term -----
     Cl   1       -0.013386        0.176185       -0.020118
     Cl   1        0.176185        0.093659       -0.000730
     Cl   1       -0.020118       -0.000730       -0.080274

     C    2       -0.312342        0.302693       -0.490929
     C    2        0.302693        0.226626       -0.225789
     C    2       -0.490929       -0.225789        0.085717

     C    3        0.114896        0.458167       -0.048588
     C    3        0.458167       -0.203875       -0.549451
     C    3       -0.048588       -0.549451        0.088979

     H    4        0.071892       -0.003759       -0.463271
     H    4       -0.003759        0.061585        0.250602
     H    4       -0.463271        0.250602       -0.133477

     C    5       -0.502631        0.354594       -0.479573
     C    5        0.354594        0.266698       -0.288106
     C    5       -0.479573       -0.288106        0.235932

     H    6        0.513692       -0.041042        0.038230
     H    6       -0.041042       -0.185838       -0.341919
     H    6        0.038230       -0.341919       -0.327855

     H    7        0.424725        0.238167        0.048042
     H    7        0.238167       -0.653453        0.102865
     H    7        0.048042        0.102865        0.228729

     C    8       -0.495334       -0.097762       -0.341557
     C    8       -0.097762       -0.073208        0.390738
     C    8       -0.341557        0.390738        0.568541

     H    9       -0.439271        0.369680        0.209206
     H    9        0.369680        0.305340       -0.052711
     H    9        0.209206       -0.052711        0.133931

     C   10       -0.066557       -0.219379       -0.013376
     C   10       -0.219379       -0.414014        0.364550
     C   10       -0.013376        0.364550        0.480570

     C   11       -0.447747        0.085076       -0.241107
     C   11        0.085076       -0.041645        0.442763
     C   11       -0.241107        0.442763        0.489392

     Cl  12       -0.168004       -0.063244        0.026348
     Cl  12       -0.063244       -0.117196        0.038851
     Cl  12        0.026348        0.038851        0.285200

     H   13        0.481015       -0.006354        0.132092
     H   13       -0.006354        0.048771       -0.426808
     H   13        0.132092       -0.426808       -0.529786

     C   14       -0.178787        0.344935       -0.050474
     C   14        0.344935       -0.394872       -0.366538
     C   14       -0.050474       -0.366538        0.573659

     H   15        0.151261       -0.033125       -0.366538
     H   15       -0.033125        0.301321        0.220598
     H   15       -0.366538        0.220598       -0.452582

     C   16       -0.258346        0.202046       -0.258976
     C   16        0.202046       -0.144131       -0.497214
     C   16       -0.258976       -0.497214        0.402477

     C   17       -0.144618        0.179807       -0.226273
     C   17        0.179807       -0.302429       -0.502987
     C   17       -0.226273       -0.502987        0.447048

     Cl  18       -0.054943        0.102502       -0.090370
     Cl  18        0.102502       -0.002313       -0.082110
     Cl  18       -0.090370       -0.082110        0.057256

     H   19       -0.154678        0.371664       -0.146783
     H   19        0.371664       -0.222735        0.367074
     H   19       -0.146783        0.367074        0.377412

     C   20       -0.086136       -0.473245       -0.181404
     C   20       -0.473245       -0.317973        0.368827
     C   20       -0.181404        0.368827        0.404109

     H   21       -0.630648        0.319505        0.131008
     H   21        0.319505        0.395866        0.044752
     H   21        0.131008        0.044752        0.234782

     C   22        0.004398       -0.026075       -0.448321
     C   22       -0.026075       -0.316555        0.505633
     C   22       -0.448321        0.505633        0.312158

     C   23       -0.411381       -0.258079       -0.287464
     C   23       -0.258079        0.047626        0.359553
     C   23       -0.287464        0.359553        0.363756

     Cl  24       -0.033395        0.083820       -0.069858
     Cl  24        0.083820       -0.052566       -0.045672
     Cl  24       -0.069858       -0.045672        0.085961

     ----- ionic term -----
     Cl   1        0.129466       -0.206482        0.015395
     Cl   1       -0.206482        0.011877        0.001544
     Cl   1        0.015395        0.001544       -0.141343

     C    2        0.084154       -0.239790        0.357968
     C    2       -0.239790        0.031679        0.380769
     C    2        0.357968        0.380769       -0.115833

     C    3        0.053609       -0.287337        0.242352
     C    3       -0.287337        0.143508        0.350947
     C    3        0.242352        0.350947       -0.197117

     H    4        0.526025        0.102655        0.756054
     H    4        0.102655       -0.495014        0.148918
     H    4        0.756054        0.148918       -0.031010

     C    5        0.157097       -0.232819        0.386600
     C    5       -0.232819       -0.010637        0.265017
     C    5        0.386600        0.265017       -0.146460

     H    6       -0.521499        0.135134        0.137928
     H    6        0.135134        0.424135        0.778082
     H    6        0.137928        0.778082        0.097364

     H    7       -0.489138       -0.159075        0.089533
     H    7       -0.159075        0.645327       -0.694758
     H    7        0.089533       -0.694758       -0.156189

     C    8        0.394611        0.128240        0.163989
     C    8        0.128240        0.036398       -0.303229
     C    8        0.163989       -0.303229       -0.431008

     H    9        0.845479       -0.373378        0.443555
     H    9       -0.373378       -0.380288       -0.189669
     H    9        0.443555       -0.189669       -0.465190

     C   10        0.196880        0.163039        0.088140
     C   10        0.163039        0.232251       -0.400965
     C   10        0.088140       -0.400965       -0.429131

     C   11        0.240576        0.087374        0.148547
     C   11        0.087374        0.211069       -0.366453
     C   11        0.148547       -0.366453       -0.451645

     Cl  12        0.129635        0.196282        0.010505
     Cl  12        0.196282        0.026565       -0.004744
     Cl  12        0.010505       -0.004744       -0.156200

     H   13       -0.535200       -0.077607       -0.056537
     H   13       -0.077607        0.376587        0.789102
     H   13       -0.056537        0.789102        0.158612

     C   14        0.110190       -0.291693        0.324313
     C   14       -0.291693        0.012439        0.274598
     C   14        0.324313        0.274598       -0.122630

     H   15        0.280479        0.024551        0.816832
     H   15        0.024551       -0.518396        0.109810
     H   15        0.816832        0.109810        0.237917

     C   16       -0.042939       -0.343735        0.228418
     C   16       -0.343735        0.171611        0.371756
     C   16        0.228418        0.371756       -0.128672

     C   17        0.028595       -0.293108        0.351095
     C   17       -0.293108        0.109888        0.374472
     C   17        0.351095        0.374472       -0.138483

     Cl  18        0.063752       -0.218544        0.026376
     Cl  18       -0.218544        0.084464       -0.018018
     Cl  18        0.026376       -0.018018       -0.148217

     H   19       -0.448654       -0.303895        0.162387
     H   19       -0.303895        0.647385       -0.647731
     H   19        0.162387       -0.647731       -0.198730

     C   20        0.344212        0.051889        0.136038
     C   20        0.051889        0.110113       -0.282319
     C   20        0.136038       -0.282319       -0.454324

     H   21        0.778883       -0.407192        0.443658
     H   21       -0.407192       -0.356559       -0.200628
     H   21        0.443658       -0.200628       -0.422324

     C   22        0.203707        0.153209        0.089383
     C   22        0.153209        0.242513       -0.333608
     C   22        0.089383       -0.333608       -0.446220

     C   23        0.367960        0.142233        0.154169
     C   23        0.142233        0.108491       -0.325301
     C   23        0.154169       -0.325301       -0.476451

     Cl  24        0.148381        0.215174       -0.035501
     Cl  24        0.215174       -0.000275       -0.025567
     Cl  24       -0.035501       -0.025567       -0.148106

     ----- GIPAW term -----
     Cl   1        0.888858        0.476179       -0.140950
     Cl   1        0.476179        1.781003       -0.099899
     Cl   1       -0.140950       -0.099899       -2.669861

     C    2        0.052026        0.163065       -0.053551
     C    2        0.163065        0.142463        0.002415
     C    2       -0.053551        0.002415       -0.194489

     C    3       -0.003993        0.188096       -0.037038
     C    3        0.188096        0.099385       -0.123350
     C    3       -0.037038       -0.123350       -0.095392

     H    4       -0.000000        0.000000        0.000000
     H    4        0.000000        0.000000        0.000000
     H    4        0.000000        0.000000        0.000000

     C    5       -0.038179        0.196161       -0.098766
     C    5        0.196161        0.110072       -0.064471
     C    5       -0.098766       -0.064471       -0.071893

     H    6       -0.000000        0.000000        0.000000
     H    6        0.000000        0.000000        0.000000
     H    6        0.000000        0.000000        0.000000

     H    7       -0.000000        0.000000        0.000000
     H    7        0.000000        0.000000        0.000000
     H    7        0.000000        0.000000        0.000000

     C    8       -0.167316       -0.014951       -0.058758
     C    8       -0.014951       -0.068933        0.184404
     C    8       -0.058758        0.184404        0.236249

     H    9       -0.000000        0.000000        0.000000
     H    9        0.000000        0.000000        0.000000
     H    9        0.000000        0.000000        0.000000

     C   10       -0.094691       -0.021863       -0.026574
     C   10       -0.021863       -0.123415        0.080783
     C   10       -0.026574        0.080783        0.218107

     C   11       -0.136371        0.095057       -0.013579
     C   11        0.095057       -0.106352        0.124761
     C   11       -0.013579        0.124761        0.242723

     Cl  12       -0.241838        1.723317        0.203201
     Cl  12        1.723317       -1.212500        0.403454
     Cl  12        0.203201        0.403454        1.454339

     H   13       -0.000000        0.000000        0.000000
     H   13        0.000000        0.000000        0.000000
     H   13        0.000000        0.000000        0.000000

     C   14       -0.068091        0.072103        0.089394
     C   14        0.072103       -0.192655       -0.016253
     C   14        0.089394       -0.016253        0.260746

     H   15       -0.000000        0.000000        0.000000
     H   15        0.000000        0.000000        0.000000
     H   15        0.000000        0.000000        0.000000

     C   16       -0.165678        0.025415       -0.083347
     C   16        0.025415       -0.047075       -0.200241
     C   16       -0.083347       -0.200241        0.212753

     C   17        0.017095       -0.101565        0.013145
     C   17       -0.101565       -0.091585       -0.107393
     C   17        0.013145       -0.107393        0.074490

     Cl  18        0.110322       -0.202932       -1.376862
     Cl  18       -0.202932        0.473925       -2.011409
     Cl  18       -1.376862       -2.011409       -0.584247

     H   19       -0.000000        0.000000        0.000000
     H   19        0.000000        0.000000        0.000000
     H   19        0.000000        0.000000        0.000000

     C   20        0.157915       -0.128930       -0.017861
     C   20       -0.128930       -0.141956        0.071012
     C   20       -0.017861        0.071012       -0.015959

     H   21       -0.000000        0.000000        0.000000
     H   21        0.000000        0.000000        0.000000
     H   21        0.000000        0.000000        0.000000

     C   22        0.084072        0.040140       -0.230138
     C   22        0.040140       -0.121430        0.061058
     C   22       -0.230138        0.061058        0.037359

     C   23       -0.032521        0.151828       -0.035050
     C   23        0.151828        0.121354        0.061699
     C   23       -0.035050        0.061699       -0.088833

     Cl  24        0.956488        2.610585       -0.691802
     Cl  24        2.610585       -0.407159       -0.428278
     Cl  24       -0.691802       -0.428278       -0.549329

     ----- total EFG -----
     Cl   1        1.004938        0.445882       -0.145672
     Cl   1        0.445882        1.886539       -0.099085
     Cl   1       -0.145672       -0.099085       -2.891478

     C    2       -0.176162        0.225967       -0.186512
     C    2        0.225967        0.400768        0.157394
     C    2       -0.186512        0.157394       -0.224606

     C    3        0.164512        0.358926        0.156725
     C    3        0.358926        0.039018       -0.321853
     C    3        0.156725       -0.321853       -0.203530

     H    4        0.597916        0.098896        0.292784
     H    4        0.098896       -0.433429        0.399520
     H    4        0.292784        0.399520       -0.164487

     C    5       -0.383713        0.317936       -0.191739
     C    5        0.317936        0.366133       -0.087559
     C    5       -0.191739       -0.087559        0.017580

     H    6       -0.007807        0.094092        0.176158
     H    6        0.094092        0.238298        0.436163
     H    6        0.176158        0.436163       -0.230491

     H    7       -0.064413        0.079092        0.137575
     H    7        0.079092       -0.008126       -0.591893
     H    7        0.137575       -0.591893        0.072539

     C    8       -0.268038        0.015527       -0.236326
     C    8        0.015527       -0.105743        0.271913
     C    8       -0.236326        0.271913        0.373781

     H    9        0.406207       -0.003698        0.652761
     H    9       -0.003698       -0.074948       -0.242380
     H    9        0.652761       -0.242380       -0.331260

     C   10        0.035632       -0.078203        0.048190
     C   10       -0.078203       -0.305178        0.044368
     C   10        0.048190        0.044368        0.269546

     C   11       -0.343542        0.267507       -0.106140
     C   11        0.267507        0.063072        0.201071
     C   11       -0.106140        0.201071        0.280470

     Cl  12       -0.280207        1.856356        0.240054
     Cl  12        1.856356       -1.303132        0.437561
     Cl  12        0.240054        0.437561        1.583338

     H   13       -0.054184       -0.083961        0.075555
     H   13       -0.083961        0.425358        0.362294
     H   13        0.075555        0.362294       -0.371174

     C   14       -0.136687        0.125344        0.363233
     C   14        0.125344       -0.575088       -0.108194
     C   14        0.363233       -0.108194        0.711775

     H   15        0.431740       -0.008575        0.450294
     H   15       -0.008575       -0.217075        0.330408
     H   15        0.450294        0.330408       -0.214665

     C   16       -0.466963       -0.116274       -0.113904
     C   16       -0.116274       -0.019595       -0.325698
     C   16       -0.113904       -0.325698        0.486558

     C   17       -0.098928       -0.214867        0.137968
     C   17       -0.214867       -0.284126       -0.235908
     C   17        0.137968       -0.235908        0.383055

     Cl  18        0.119131       -0.318973       -1.440855
     Cl  18       -0.318973        0.556076       -2.111536
     Cl  18       -1.440855       -2.111536       -0.675208

     H   19       -0.603332        0.067769        0.015604
     H   19        0.067769        0.424650       -0.280657
     H   19        0.015604       -0.280657        0.178682

     C   20        0.415991       -0.550286       -0.063227
     C   20       -0.550286       -0.349817        0.157520
     C   20       -0.063227        0.157520       -0.066174

     H   21        0.148235       -0.087688        0.574666
     H   21       -0.087688        0.039307       -0.155876
     H   21        0.574666       -0.155876       -0.187542

     C   22        0.292177        0.167274       -0.589075
     C   22        0.167274       -0.195473        0.233082
     C   22       -0.589075        0.233082       -0.096704

     C   23       -0.075943        0.035982       -0.168344
     C   23        0.035982        0.277471        0.095951
     C   23       -0.168344        0.095951       -0.201528

     Cl  24        1.071473        2.909580       -0.797161
     Cl  24        2.909580       -0.459999       -0.499517
     Cl  24       -0.797161       -0.499517       -0.611474

     ----- total EFG (symmetrized) -----
     Cl   1        1.004938        0.445882       -0.145672
     Cl   1        0.445882        1.886539       -0.099085
     Cl   1       -0.145672       -0.099085       -2.891478

     C    2       -0.176162        0.225967       -0.186512
     C    2        0.225967        0.400768        0.157394
     C    2       -0.186512        0.157394       -0.224606

     C    3        0.164512        0.358926        0.156725
     C    3        0.358926        0.039018       -0.321853
     C    3        0.156725       -0.321853       -0.203530

     H    4        0.597916        0.098896        0.292784
     H    4        0.098896       -0.433429        0.399520
     H    4        0.292784        0.399520       -0.164487

     C    5       -0.383713        0.317936       -0.191739
     C    5        0.317936        0.366133       -0.087559
     C    5       -0.191739       -0.087559        0.017580

     H    6       -0.007807        0.094092        0.176158
     H    6        0.094092        0.238298        0.436163
     H    6        0.176158        0.436163       -0.230491

     H    7       -0.064413        0.079092        0.137575
     H    7        0.079092       -0.008126       -0.591893
     H    7        0.137575       -0.591893        0.072539

     C    8       -0.268038        0.015527       -0.236326
     C    8        0.015527       -0.105743        0.271913
     C    8       -0.236326        0.271913        0.373781

     H    9        0.406207       -0.003698        0.652761
     H    9       -0.003698       -0.074948       -0.242380
     H    9        0.652761       -0.242380       -0.331260

     C   10        0.035632       -0.078203        0.048190
     C   10       -0.078203       -0.305178        0.044368
     C   10        0.048190        0.044368        0.269546

     C   11       -0.343542        0.267507       -0.106140
     C   11        0.267507        0.063072        0.201071
     C   11       -0.106140        0.201071        0.280470

     Cl  12       -0.280207        1.856356        0.240054
     Cl  12        1.856356       -1.303132        0.437561
     Cl  12        0.240054        0.437561        1.583338

     H   13       -0.054184       -0.083961        0.075555
     H   13       -0.083961        0.425358        0.362294
     H   13        0.075555        0.362294       -0.371174

     C   14       -0.136687        0.125344        0.363233
     C   14        0.125344       -0.575088       -0.108194
     C   14        0.363233       -0.108194        0.711775

     H   15        0.431740       -0.008575        0.450294
     H   15       -0.008575       -0.217075        0.330408
     H   15        0.450294        0.330408       -0.214665

     C   16       -0.466963       -0.116274       -0.113904
     C   16       -0.116274       -0.019595       -0.325698
     C   16       -0.113904       -0.325698        0.486558

     C   17       -0.098928       -0.214867        0.137968
     C   17       -0.214867       -0.284126       -0.235908
     C   17        0.137968       -0.235908        0.383055

     Cl  18        0.119131       -0.318973       -1.440855
     Cl  18       -0.318973        0.556076       -2.111536
     Cl  18       -1.440855       -2.111536       -0.675208

     H   19       -0.603332        0.067769        0.015604
     H   19        0.067769        0.424650       -0.280657
     H   19        0.015604       -0.280657        0.178682

     C   20        0.415991       -0.550286       -0.063227
     C   20       -0.550286       -0.349817        0.157520
     C   20       -0.063227        0.157520       -0.066174

     H   21        0.148235       -0.087688        0.574666
     H   21       -0.087688        0.039307       -0.155876
     H   21        0.574666       -0.155876       -0.187542

     C   22        0.292177        0.167274       -0.589075
     C   22        0.167274       -0.195473        0.233082
     C   22       -0.589075        0.233082       -0.096704

     C   23       -0.075943        0.035982       -0.168344
     C   23        0.035982        0.277471        0.095951
     C   23       -0.168344        0.095951       -0.201528

     Cl  24        1.071473        2.909580       -0.797161
     Cl  24        2.909580       -0.459999       -0.499517
     Cl  24       -0.797161       -0.499517       -0.611474


     NQR/NMR SPECTROSCOPIC PARAMETERS:
     Cl   1    Vxx=    0.8212    axis=(  0.921296 -0.388005 -0.025793)
     Cl   1    Vyy=    2.0771    axis=(  0.387256  0.921493 -0.029731)
     Cl   1    Vzz=   -2.8984    axis=(  0.035304  0.017402  0.999225)
     Cl   1  Q=        -8.1650 1e-30 m^2  Cq=        55.6034 MHz  eta= 0.43331

     C    2    Vxx=   -0.0194    axis=(  0.693880 -0.106391 -0.712188)
     C    2    Vyy=   -0.4713    axis=( -0.661740  0.295793 -0.688917)
     C    2    Vzz=    0.4907    axis=( -0.283955 -0.949309 -0.134841)
     C    2  Q=         1.0000 1e-30 m^2  Cq=         1.1530 MHz  eta= 0.92103

     C    3    Vxx=    0.1042    axis=(  0.567445 -0.407707  0.715389)
     C    3    Vyy=    0.4807    axis=(  0.703605  0.691391 -0.164068)
     C    3    Vzz=   -0.5849    axis=( -0.427722  0.596451  0.679191)
     C    3  Q=         1.0000 1e-30 m^2  Cq=        -1.3742 MHz  eta= 0.64364

     H    4    Vxx=   -0.0168    axis=(  0.426003 -0.571467 -0.701389)
     H    4    Vyy=   -0.7272    axis=( -0.073837 -0.794629  0.602589)
     H    4    Vzz=    0.7440    axis=( -0.901704 -0.204917 -0.380709)
     H    4  Q=         1.0000 1e-30 m^2  Cq=         1.7481 MHz  eta= 0.95484

     C    5    Vxx=    0.0143    axis=(  0.150964 -0.365041 -0.918670)
     C    5    Vyy=    0.5278    axis=( -0.369023 -0.882951  0.290207)
     C    5    Vzz=   -0.5421    axis=(  0.917078 -0.295200  0.268002)
     C    5  Q=         1.0000 1e-30 m^2  Cq=        -1.2737 MHz  eta= 0.94726

     H    6    Vxx=   -0.0389    axis=(  0.931295 -0.363046  0.029785)
     H    6    Vyy=   -0.5135    axis=(  0.210881  0.470671 -0.856737)
     H    6    Vzz=    0.5523    axis=(  0.297016  0.804156  0.514893)
     H    6  Q=         1.0000 1e-30 m^2  Cq=         1.2977 MHz  eta= 0.85931

     H    7    Vxx=   -0.0248    axis=(  0.959958  0.245363  0.135196)
     H    7    Vyy=   -0.6039    axis=( -0.271537  0.696234  0.664474)
     H    7    Vzz=    0.6287    axis=(  0.068909 -0.674578  0.734981)
     H    7  Q=         1.0000 1e-30 m^2  Cq=         1.4772 MHz  eta= 0.92104

     C    8    Vxx=   -0.1582    axis=(  0.526058  0.828952 -0.190004)
     C    8    Vyy=   -0.3927    axis=( -0.812346  0.423664 -0.400753)
     C    8    Vzz=    0.5509    axis=( -0.251707  0.365168  0.896268)
     C    8  Q=         1.0000 1e-30 m^2  Cq=         1.2945 MHz  eta= 0.42565

     H    9    Vxx=   -0.0310    axis=(  0.270561  0.946507 -0.175844)
     H    9    Vyy=   -0.7746    axis=( -0.462599  0.288010  0.838482)
     H    9    Vzz=    0.8056    axis=(  0.844274 -0.145515  0.515777)
     H    9  Q=         1.0000 1e-30 m^2  Cq=         1.8929 MHz  eta= 0.92310

     C   10    Vxx=    0.0466    axis=(  0.958973 -0.233476 -0.160812)
     C   10    Vyy=    0.2805    axis=( -0.177185 -0.050796 -0.982866)
     C   10    Vzz=   -0.3271    axis=(  0.221307  0.971035 -0.090081)
     C   10  Q=         1.0000 1e-30 m^2  Cq=        -0.7686 MHz  eta= 0.71514

     C   11    Vxx=    0.1161    axis=(  0.517958  0.688489 -0.507644)
     C   11    Vyy=    0.4040    axis=(  0.079695  0.552033  0.830005)
     C   11    Vzz=   -0.5201    axis=(  0.851685 -0.470365  0.231061)
     C   11  Q=         1.0000 1e-30 m^2  Cq=        -1.2220 MHz  eta= 0.55366

     Cl  12    Vxx=    0.8533    axis=(  0.695286  0.492271 -0.523685)
     Cl  12    Vyy=    1.8735    axis=(  0.394486  0.347689  0.850584)
     Cl  12    Vzz=   -2.7268    axis=( -0.600797  0.797986 -0.047549)
     Cl  12  Q=        -8.1650 1e-30 m^2  Cq=        52.3130 MHz  eta= 0.37414

     H   13    Vxx=   -0.0371    axis=(  0.974823  0.002306  0.222970)
     H   13    Vyy=   -0.5326    axis=(  0.207045  0.361890 -0.908938)
     H   13    Vzz=    0.5697    axis=( -0.082786  0.932218  0.352301)
     H   13  Q=         1.0000 1e-30 m^2  Cq=         1.3386 MHz  eta= 0.86976

     C   14    Vxx=   -0.2063    axis=( -0.872917 -0.384704  0.300032)
     C   14    Vyy=   -0.6421    axis=( -0.348887  0.922113  0.167288)
     C   14    Vzz=    0.8484    axis=(  0.341020 -0.041352  0.939146)
     C   14  Q=         1.0000 1e-30 m^2  Cq=         1.9935 MHz  eta= 0.51371

     H   15    Vxx=   -0.0321    axis=(  0.409907 -0.800374 -0.437468)
     H   15    Vyy=   -0.6555    axis=(  0.316989  0.574719 -0.754464)
     H   15    Vzz=    0.6876    axis=(  0.855274  0.170587  0.489291)
     H   15  Q=         1.0000 1e-30 m^2  Cq=         1.6157 MHz  eta= 0.90667

     C   16    Vxx=   -0.1123    axis=( -0.396018  0.836181  0.379434)
     C   16    Vyy=   -0.5360    axis=(  0.917035  0.338970  0.210108)
     C   16    Vzz=    0.6484    axis=( -0.047072 -0.431161  0.901046)
     C   16  Q=         1.0000 1e-30 m^2  Cq=         1.5234 MHz  eta= 0.65353

     C   17    Vxx=   -0.0770    axis=( -0.825146  0.362452  0.433317)
     C   17    Vyy=   -0.4463    axis=(  0.469254  0.866837  0.168506)
     C   17    Vzz=    0.5233    axis=(  0.314540 -0.342378  0.885349)
     C   17  Q=         1.0000 1e-30 m^2  Cq=         1.2295 MHz  eta= 0.70572

     Cl  18    Vxx=    0.5345    axis=(  0.852624 -0.505059 -0.133967)
     Cl  18    Vyy=    2.3427    axis=( -0.314454 -0.700718  0.640400)
     Cl  18    Vzz=   -2.8772    axis=( -0.417313 -0.503894 -0.756267)
     Cl  18  Q=        -8.1650 1e-30 m^2  Cq=        55.1972 MHz  eta= 0.62848

     H   19    Vxx=   -0.0006    axis=(  0.082381  0.539772  0.837771)
     H   19    Vyy=   -0.6094    axis=( -0.995805  0.078171  0.047556)
     H   19    Vzz=    0.6100    axis=( -0.039820 -0.838174  0.543947)
     H   19  Q=         1.0000 1e-30 m^2  Cq=         1.4333 MHz  eta= 0.99800

     C   20    Vxx=   -0.0665    axis=(  0.230558  0.090819  0.968811)
     C   20    Vyy=   -0.6583    axis=(  0.439134  0.878769 -0.186884)
     C   20    Vzz=    0.7248    axis=( -0.868334  0.468526  0.162725)
     C   20  Q=         1.0000 1e-30 m^2  Cq=         1.7029 MHz  eta= 0.81662

     H   21    Vxx=    0.0013    axis=(  0.283490  0.956160  0.073433)
     H   21    Vyy=    0.6251    axis=(  0.760702 -0.270843  0.589896)
     H   21    Vzz=   -0.6264    axis=(  0.583923 -0.111369 -0.804133)
     H   21  Q=         1.0000 1e-30 m^2  Cq=        -1.4718 MHz  eta= 0.99573

     C   22    Vxx=   -0.0288    axis=(  0.295273  0.864662  0.406416)
     C   22    Vyy=   -0.6893    axis=( -0.506314  0.502353 -0.700919)
     C   22    Vzz=    0.7181    axis=( -0.810222  0.001188  0.586122)
     C   22  Q=         1.0000 1e-30 m^2  Cq=         1.6872 MHz  eta= 0.91980

     C   23    Vxx=    0.0386    axis=( -0.832422 -0.093962  0.546118)
     C   23    Vyy=    0.2960    axis=( -0.010970 -0.982532 -0.185770)
     C   23    Vzz=   -0.3346    axis=(  0.554033 -0.160630  0.816851)
     C   23  Q=         1.0000 1e-30 m^2  Cq=        -0.7861 MHz  eta= 0.76949

     Cl  24    Vxx=   -0.8192    axis=(  0.146017  0.172031  0.974210)
     Cl  24    Vyy=   -2.7072    axis=(  0.615592 -0.786683  0.046650)
     Cl  24    Vzz=    3.5263    axis=(  0.774419  0.592904 -0.220770)
     Cl  24  Q=        -8.1650 1e-30 m^2  Cq=       -67.6509 MHz  eta= 0.53540

     Initialization:
     gipaw_setup  :      9.08s CPU     10.67s WALL (       1 calls)

     Linear response

     Apply operators

     Induced current

     Other routines
     efg          :      9.63s CPU     12.79s WALL (       1 calls)

     General routines
     calbec       :      3.38s CPU      4.68s WALL (      16 calls)
     fft          :      1.81s CPU      2.71s WALL (      15 calls)
     ffts         :      0.05s CPU      0.05s WALL (       2 calls)
     fftw         :      3.46s CPU      4.75s WALL (     672 calls)
     davcio       :      0.03s CPU      0.33s WALL (      32 calls)

     Parallel routines
     fft_scatter  :      2.72s CPU      4.62s WALL (     689 calls)

     Plugins

     GIPAW        :     61.37s CPU     73.79s WALL (       1 calls)
