
     Program QE v.6.0 (svn rev. 13079) starts on  4Jan2017 at 15:33:17 

     This program is part of the open-source Quantum ESPRESSO suite
     for quantum simulation of materials; please cite
         "P. Giannozzi et al., J. Phys.:Condens. Matter 21 395502 (2009);
          URL http://www.quantum-espresso.org", 
     in publications or presentations arising from this work. More details at
     http://www.quantum-espresso.org/quote

     Parallel version (MPI), running on     8 processors
     R & G space division:  proc/nbgrp/npool/nimage =       8

     ***** This is GIPAW svn revision unknown      *****

     Parallelizing q-star over 1 images

     Reading data from directory:
     /users/majewski/paradichlorobenzene/pbe/9_constraint/scratch/pbe.ecut100.np8.dt60.pcl2phi-129368.save
     Message from routine read_xml_file:
     file /users/majewski/paradichlorobenzene/pbe/9_constraint/scratch/pbe.ecut100.np8.dt60.pcl2phi-129368.save not guaranteed to be safe for post-processing

   Info: using nr1, nr2, nr3 values from input

   Info: using nr1, nr2, nr3 values from input

     IMPORTANT: XC functional enforced from input :
     Exchange-correlation      =  SLA  PW   PBX  PBC ( 1  4  3  4 0 0)
     Any further DFT definition will be discarded
     Please, verify this is what you really want

               file C.pbe-n-kjpaw_psl.1.0.0.UPF: wavefunction(s)  2S 2P renormalized
               file Cl.pbe-n-kjpaw_psl.1.0.0.UPF: wavefunction(s)  3S 3P renormalized
               file H.pbe-kjpaw_psl.1.0.0.UPF: wavefunction(s)  1S renormalized

     Parallelization info
     --------------------
     sticks:   dense  smooth     PW     G-vecs:    dense   smooth      PW
     Min        3057    1223    332               144436    36536    5170
     Max        3059    1225    333               144437    36537    5171
     Sum       24467    9791   2657              1155489   292295   41363


     Subspace diagonalization in iterative solution of the eigenvalue problem:
     a serial algorithm will be used

     GIPAW projectors -----------------------------------------------
     atom=  C    l=0  rc=    1.2000  rs=    0.8000
     atom=  C    l=0  rc=    1.2000  rs=    0.8000
     atom=  C    l=1  rc=    1.4000  rs=    0.9333
     atom=  C    l=1  rc=    1.4000  rs=    0.9333
     projs nearly linearly dependent: l=1  n1,n2= 1, 2  s=  0.99951561

     atom=  Cl   l=0  rc=    1.6000  rs=    1.0667
     atom=  Cl   l=0  rc=    1.6000  rs=    1.0667
     atom=  Cl   l=1  rc=    1.6000  rs=    1.0667
     atom=  Cl   l=1  rc=    1.6000  rs=    1.0667
     atom=  Cl   l=2  rc=    1.6000  rs=    1.0667
     atom=  Cl   l=2  rc=    1.6000  rs=    1.0667
     projs nearly linearly dependent: l=2  n1,n2= 1, 2  s=  0.99993509

     atom=  H    l=0  rc=    1.0000  rs=    0.6667
     atom=  H    l=0  rc=    1.0000  rs=    0.6667
     projs nearly linearly dependent: l=0  n1,n2= 1, 2  s=  0.99968852
     -----------------------------------------------------------------

     GIPAW integrals: -------------------------------------------
     Atom  i/j   nmr_para   nmr_dia   epr_rmc  epr_para   epr_dia
       C   1 1   0.83E+03  0.17E-01  0.93E+01  0.24E+08  0.24E+03
       C   2 1   0.86E+03 -0.61E-01  0.94E+01  0.25E+08  0.25E+03
       C   2 2   0.90E+03 -0.15E+00  0.97E+01  0.26E+08  0.26E+03
       C   3 3   0.33E+01  0.34E+00  0.18E+01  0.55E+03  0.21E+02
       C   4 3   0.35E+01  0.37E+00  0.20E+01  0.59E+03  0.22E+02
       C   4 4   0.38E+01  0.39E+00  0.22E+01  0.63E+03  0.24E+02
       Cl  1 1   0.14E+04 -0.47E+00  0.84E+01  0.32E+09  0.42E+03
       Cl  2 1   0.21E+04 -0.37E+00  0.12E+02  0.49E+09  0.65E+03
       Cl  2 2   0.33E+04 -0.16E+00  0.21E+02  0.76E+09  0.10E+04
       Cl  3 3   0.21E+02  0.79E-01  0.89E+01  0.23E+05  0.13E+03
       Cl  4 3   0.24E+02  0.67E-01  0.99E+01  0.27E+05  0.15E+03
       Cl  4 4   0.28E+02  0.44E-01  0.11E+02  0.32E+05  0.18E+03
       Cl  5 5   0.77E+00  0.19E+00  0.18E+01  0.12E+03  0.22E+02
       Cl  6 5   0.80E+00  0.19E+00  0.19E+01  0.12E+03  0.23E+02
       Cl  6 6   0.83E+00  0.20E+00  0.19E+01  0.12E+03  0.23E+02
       H   1 1   0.39E+02  0.19E+00  0.29E+00  0.78E+05  0.13E+02
       H   2 1   0.41E+02  0.21E+00  0.32E+00  0.82E+05  0.14E+02
       H   2 2   0.43E+02  0.22E+00  0.36E+00  0.86E+05  0.15E+02
     ------------------------------------------------------------

     alpha_pv=     33.9336 eV

     Number of occupied bands for each k-point:
     k-point:     1    nbnd_occ=  42
     k-point:     2    nbnd_occ=  42
     k-point:     3    nbnd_occ=  42
     k-point:     4    nbnd_occ=  42
     k-point:     5    nbnd_occ=  42
     k-point:     6    nbnd_occ=  42
     k-point:     7    nbnd_occ=  42
     k-point:     8    nbnd_occ=  42
     k-point:     9    nbnd_occ=  42
     k-point:    10    nbnd_occ=  42
     k-point:    11    nbnd_occ=  42
     k-point:    12    nbnd_occ=  42
     k-point:    13    nbnd_occ=  42
     k-point:    14    nbnd_occ=  42
     k-point:    15    nbnd_occ=  42
     k-point:    16    nbnd_occ=  42


     q-space interpolation up to   110.00 Rydberg

     GIPAW job: efg                                                                             


     ELECTRIC FIELD GRADIENTS TENSORS IN Hartree/bohrradius^2:

     ----- bare term -----
     Cl   1        0.025662        0.050344       -0.035876
     Cl   1        0.050344        0.045454       -0.003736
     Cl   1       -0.035876       -0.003736       -0.071116

     C    2       -0.770164        0.461460       -0.366097
     C    2        0.461460        0.358346       -0.043319
     C    2       -0.366097       -0.043319        0.411817

     C    3        0.217994        0.139868       -0.092699
     C    3        0.139868       -0.165636       -0.555688
     C    3       -0.092699       -0.555688       -0.052358

     H    4        0.103124        0.027082       -0.444423
     H    4        0.027082        0.064594        0.267504
     H    4       -0.444423        0.267504       -0.167718

     C    5       -0.908064        0.369832       -0.403204
     C    5        0.369832        0.441046       -0.055319
     C    5       -0.403204       -0.055319        0.467018

     H    6        0.361002       -0.083709        0.003573
     H    6       -0.083709       -0.462821       -0.617505
     H    6        0.003573       -0.617505        0.101819

     H    7        0.291560        0.406256        0.090852
     H    7        0.406256       -0.635946       -0.055749
     H    7        0.090852       -0.055749        0.344386

     C    8        0.018369       -0.042594        0.058159
     C    8       -0.042594       -0.241867        0.050016
     C    8        0.058159        0.050016        0.223498

     H    9       -0.368422        0.372864        0.205572
     H    9        0.372864        0.171756       -0.110261
     H    9        0.205572       -0.110261        0.196666

     C   10       -0.018164       -0.027771        0.145412
     C   10       -0.027771       -0.097214       -0.014654
     C   10        0.145412       -0.014654        0.115378

     C   11       -0.186936        0.026532       -0.169827
     C   11        0.026532        0.002495        0.429719
     C   11       -0.169827        0.429719        0.184441

     Cl  12        0.029506       -0.129241        0.030408
     Cl  12       -0.129241        0.066171       -0.141680
     Cl  12        0.030408       -0.141680       -0.095677

     H   13        0.463340       -0.060362       -0.024977
     H   13       -0.060362       -0.390862       -0.642650
     H   13       -0.024977       -0.642650       -0.072478

     C   14       -0.050735       -0.032897       -0.235459
     C   14       -0.032897       -0.213581       -0.323662
     C   14       -0.235459       -0.323662        0.264316

     H   15        0.115539       -0.119951       -0.325437
     H   15       -0.119951        0.246281       -0.453802
     H   15       -0.325437       -0.453802       -0.361821

     C   16       -0.526357        0.367962       -0.319906
     C   16        0.367962        0.275835       -0.093955
     C   16       -0.319906       -0.093955        0.250522

     C   17        0.148449       -0.129687       -0.147057
     C   17       -0.129687       -0.428893       -0.511833
     C   17       -0.147057       -0.511833        0.280443

     Cl  18       -0.160006        0.339228        0.125587
     Cl  18        0.339228        0.078748       -0.006122
     Cl  18        0.125587       -0.006122        0.081258

     H   19        0.507028       -0.034346       -0.182606
     H   19       -0.034346        0.011016        0.214633
     H   19       -0.182606        0.214633       -0.518044

     C   20       -0.454393       -0.340816        0.034908
     C   20       -0.340816        0.137301        0.331795
     C   20        0.034908        0.331795        0.317092

     H   21       -0.546597       -0.223676       -0.164415
     H   21       -0.223676        0.180966        0.280982
     H   21       -0.164415        0.280982        0.365631

     C   22        0.036820        0.101102       -0.279521
     C   22        0.101102       -0.046165        0.645428
     C   22       -0.279521        0.645428        0.009345

     C   23       -0.474781       -0.376501       -0.453424
     C   23       -0.376501        0.300730        0.133358
     C   23       -0.453424        0.133358        0.174051

     Cl  24       -0.019429       -0.117078        0.040323
     Cl  24       -0.117078        0.056068       -0.077528
     Cl  24        0.040323       -0.077528       -0.036640

     ----- ionic term -----
     Cl   1        0.154330       -0.221963        0.032573
     Cl   1       -0.221963        0.000590       -0.015260
     Cl   1        0.032573       -0.015260       -0.154920

     C    2        0.124304       -0.234428        0.319241
     C    2       -0.234428        0.048608        0.396794
     C    2        0.319241        0.396794       -0.172912

     C    3        0.030207       -0.329474        0.260298
     C    3       -0.329474        0.137407        0.364030
     C    3        0.260298        0.364030       -0.167614

     H    4        0.311578        0.180801        0.776395
     H    4        0.180801       -0.462029        0.230166
     H    4        0.776395        0.230166        0.150452

     C    5        0.124242       -0.335487        0.324834
     C    5       -0.335487        0.078232        0.243102
     C    5        0.324834        0.243102       -0.202474

     H    6       -0.517699       -0.117247       -0.032514
     H    6       -0.117247        0.612967        0.703708
     H    6       -0.032514        0.703708       -0.095268

     H    7       -0.517465       -0.087957        0.030523
     H    7       -0.087957        0.672072       -0.709572
     H    7        0.030523       -0.709572       -0.154606

     C    8        0.324718        0.149234        0.075736
     C    8        0.149234        0.130550       -0.333346
     C    8        0.075736       -0.333346       -0.455269

     H    9        0.899388       -0.309430        0.433399
     H    9       -0.309430       -0.429500       -0.177350
     H    9        0.433399       -0.177350       -0.469888

     C   10        0.191574        0.211756        0.060271
     C   10        0.211756        0.271224       -0.390830
     C   10        0.060271       -0.390830       -0.462798

     C   11        0.213035        0.160680        0.151154
     C   11        0.160680        0.203636       -0.355773
     C   11        0.151154       -0.355773       -0.416671

     Cl  12        0.116033        0.189794       -0.023372
     Cl  12        0.189794        0.040166       -0.030961
     Cl  12       -0.023372       -0.030961       -0.156200

     H   13       -0.514367        0.114919        0.073036
     H   13        0.114919        0.614246        0.715676
     H   13        0.073036        0.715676       -0.099879

     C   14        0.213015       -0.225930        0.369529
     C   14       -0.225930        0.054110        0.251394
     C   14        0.369529        0.251394       -0.267124

     H   15        0.500811        0.298182        0.762356
     H   15        0.298182       -0.426869        0.255822
     H   15        0.762356        0.255822       -0.073942

     C   16        0.084673       -0.237844        0.292363
     C   16       -0.237844        0.193390        0.348382
     C   16        0.292363        0.348382       -0.278063

     C   17       -0.023247       -0.215696        0.347204
     C   17       -0.215696        0.187802        0.381956
     C   17        0.347204        0.381956       -0.164555

     Cl  18        0.070502       -0.191603        0.034676
     Cl  18       -0.191603        0.071562       -0.018797
     Cl  18        0.034676       -0.018797       -0.142063

     H   19       -0.524087       -0.061101        0.044334
     H   19       -0.061101        0.482776       -0.786653
     H   19        0.044334       -0.786653        0.041311

     C   20        0.263483        0.189859        0.106365
     C   20        0.189859        0.051672       -0.337629
     C   20        0.106365       -0.337629       -0.315155

     H   21        0.823934       -0.344511        0.470423
     H   21       -0.344511       -0.411031       -0.187923
     H   21        0.470423       -0.187923       -0.412904

     C   22        0.206658        0.127208        0.103841
     C   22        0.127208        0.143108       -0.408197
     C   22        0.103841       -0.408197       -0.349765

     C   23        0.309789        0.032138        0.169066
     C   23        0.032138        0.086479       -0.385444
     C   23        0.169066       -0.385444       -0.396268

     Cl  24        0.113962        0.203064       -0.015400
     Cl  24        0.203064        0.016326       -0.027378
     Cl  24       -0.015400       -0.027378       -0.130288

     ----- GIPAW term -----
     Cl   1       -0.095722       -1.197620       -0.174408
     Cl   1       -1.197620        2.694723       -0.318225
     Cl   1       -0.174408       -0.318225       -2.599000

     C    2       -0.169927        0.019328       -0.030164
     C    2        0.019328        0.256001        0.108120
     C    2       -0.030164        0.108120       -0.086074

     C    3       -0.058852        0.026618        0.004204
     C    3        0.026618        0.190071       -0.021165
     C    3        0.004204       -0.021165       -0.131219

     H    4       -0.000000        0.000000        0.000000
     H    4        0.000000        0.000000        0.000000
     H    4        0.000000        0.000000        0.000000

     C    5       -0.194559       -0.010872       -0.039448
     C    5       -0.010872        0.243485        0.087794
     C    5       -0.039448        0.087794       -0.048926

     H    6       -0.000000        0.000000        0.000000
     H    6        0.000000        0.000000        0.000000
     H    6        0.000000        0.000000        0.000000

     H    7       -0.000000        0.000000        0.000000
     H    7        0.000000        0.000000        0.000000
     H    7        0.000000        0.000000        0.000000

     C    8        0.012982       -0.029690        0.002143
     C    8       -0.029690        0.003395        0.026073
     C    8        0.002143        0.026073       -0.016377

     H    9       -0.000000        0.000000        0.000000
     H    9        0.000000        0.000000        0.000000
     H    9        0.000000        0.000000        0.000000

     C   10       -0.004628        0.004536        0.010378
     C   10        0.004536        0.002226       -0.004135
     C   10        0.010378       -0.004135        0.002402

     C   11       -0.061346        0.024252       -0.059069
     C   11        0.024252       -0.009619        0.145652
     C   11       -0.059069        0.145652        0.070965

     Cl  12       -0.654470        0.546586       -0.569447
     Cl  12        0.546586       -0.708694        1.227677
     Cl  12       -0.569447        1.227677        1.363164

     H   13       -0.000000        0.000000        0.000000
     H   13        0.000000        0.000000        0.000000
     H   13        0.000000        0.000000        0.000000

     C   14       -0.110626       -0.055936       -0.046927
     C   14       -0.055936        0.075701        0.149146
     C   14       -0.046927        0.149146        0.034925

     H   15       -0.000000        0.000000        0.000000
     H   15        0.000000        0.000000        0.000000
     H   15        0.000000        0.000000        0.000000

     C   16       -0.096733       -0.000913       -0.057919
     C   16       -0.000913        0.045316        0.070275
     C   16       -0.057919        0.070275        0.051416

     C   17       -0.054221       -0.076653       -0.004377
     C   17       -0.076653        0.001508        0.097920
     C   17       -0.004377        0.097920        0.052713

     Cl  18       -0.222695       -0.276892       -1.524424
     Cl  18       -0.276892       -1.124211        0.106088
     Cl  18       -1.524424        0.106088        1.346907

     H   19       -0.000000        0.000000        0.000000
     H   19        0.000000        0.000000        0.000000
     H   19        0.000000        0.000000        0.000000

     C   20       -0.114036        0.058394        0.096591
     C   20        0.058394        0.091253        0.172443
     C   20        0.096591        0.172443        0.022783

     H   21       -0.000000        0.000000        0.000000
     H   21        0.000000        0.000000        0.000000
     H   21        0.000000        0.000000        0.000000

     C   22       -0.096417        0.138285       -0.039986
     C   22        0.138285        0.246124        0.077245
     C   22       -0.039986        0.077245       -0.149708

     C   23       -0.032375       -0.158576       -0.025253
     C   23       -0.158576        0.199026       -0.051295
     C   23       -0.025253       -0.051295       -0.166651

     Cl  24        0.452691       -0.147226        0.718362
     Cl  24       -0.147226        1.610715       -1.369823
     Cl  24        0.718362       -1.369823       -2.063406

     ----- total EFG -----
     Cl   1        0.084270       -1.369239       -0.177712
     Cl   1       -1.369239        2.740767       -0.337221
     Cl   1       -0.177712       -0.337221       -2.825036

     C    2       -0.815787        0.246360       -0.077020
     C    2        0.246360        0.662956        0.461595
     C    2       -0.077020        0.461595        0.152831

     C    3        0.189349       -0.162988        0.171803
     C    3       -0.162988        0.161842       -0.212823
     C    3        0.171803       -0.212823       -0.351191

     H    4        0.414702        0.207883        0.331972
     H    4        0.207883       -0.397436        0.497670
     H    4        0.331972        0.497670       -0.017266

     C    5       -0.978382        0.023473       -0.117819
     C    5        0.023473        0.762764        0.275576
     C    5       -0.117819        0.275576        0.215618

     H    6       -0.156697       -0.200956       -0.028941
     H    6       -0.200956        0.150146        0.086203
     H    6       -0.028941        0.086203        0.006551

     H    7       -0.225905        0.318299        0.121376
     H    7        0.318299        0.036125       -0.765321
     H    7        0.121376       -0.765321        0.189780

     C    8        0.356070        0.076950        0.136039
     C    8        0.076950       -0.107922       -0.257257
     C    8        0.136039       -0.257257       -0.248147

     H    9        0.530965        0.063434        0.638971
     H    9        0.063434       -0.257744       -0.287610
     H    9        0.638971       -0.287610       -0.273221

     C   10        0.168782        0.188521        0.216061
     C   10        0.188521        0.176236       -0.409619
     C   10        0.216061       -0.409619       -0.345018

     C   11       -0.035247        0.211463       -0.077742
     C   11        0.211463        0.196511        0.219598
     C   11       -0.077742        0.219598       -0.161265

     Cl  12       -0.508931        0.607140       -0.562412
     Cl  12        0.607140       -0.602356        1.055035
     Cl  12       -0.562412        1.055035        1.111288

     H   13       -0.051027        0.054557        0.048059
     H   13        0.054557        0.223384        0.073026
     H   13        0.048059        0.073026       -0.172358

     C   14        0.051654       -0.314763        0.087143
     C   14       -0.314763       -0.083771        0.076878
     C   14        0.087143        0.076878        0.032117

     H   15        0.616350        0.178232        0.436919
     H   15        0.178232       -0.180587       -0.197979
     H   15        0.436919       -0.197979       -0.435763

     C   16       -0.538417        0.129206       -0.085463
     C   16        0.129206        0.514541        0.324702
     C   16       -0.085463        0.324702        0.023876

     C   17        0.070981       -0.422037        0.195771
     C   17       -0.422037       -0.239582       -0.031958
     C   17        0.195771       -0.031958        0.168601

     Cl  18       -0.312199       -0.129266       -1.364161
     Cl  18       -0.129266       -0.973902        0.081169
     Cl  18       -1.364161        0.081169        1.286101

     H   19       -0.017059       -0.095447       -0.138272
     H   19       -0.095447        0.493792       -0.572021
     H   19       -0.138272       -0.572021       -0.476733

     C   20       -0.304945       -0.092563        0.237864
     C   20       -0.092563        0.280225        0.166608
     C   20        0.237864        0.166608        0.024720

     H   21        0.277337       -0.568187        0.306009
     H   21       -0.568187       -0.230065        0.093059
     H   21        0.306009        0.093059       -0.047273

     C   22        0.147061        0.366595       -0.215667
     C   22        0.366595        0.343067        0.314475
     C   22       -0.215667        0.314475       -0.490128

     C   23       -0.197367       -0.502940       -0.309611
     C   23       -0.502940        0.586235       -0.303381
     C   23       -0.309611       -0.303381       -0.388868

     Cl  24        0.547224       -0.061241        0.743285
     Cl  24       -0.061241        1.683109       -1.474728
     Cl  24        0.743285       -1.474728       -2.230334

     ----- total EFG (symmetrized) -----
     Cl   1        0.084270       -1.369239       -0.177712
     Cl   1       -1.369239        2.740767       -0.337221
     Cl   1       -0.177712       -0.337221       -2.825036

     C    2       -0.815787        0.246360       -0.077020
     C    2        0.246360        0.662956        0.461595
     C    2       -0.077020        0.461595        0.152831

     C    3        0.189349       -0.162988        0.171803
     C    3       -0.162988        0.161842       -0.212823
     C    3        0.171803       -0.212823       -0.351191

     H    4        0.414702        0.207883        0.331972
     H    4        0.207883       -0.397436        0.497670
     H    4        0.331972        0.497670       -0.017266

     C    5       -0.978382        0.023473       -0.117819
     C    5        0.023473        0.762764        0.275576
     C    5       -0.117819        0.275576        0.215618

     H    6       -0.156697       -0.200956       -0.028941
     H    6       -0.200956        0.150146        0.086203
     H    6       -0.028941        0.086203        0.006551

     H    7       -0.225905        0.318299        0.121376
     H    7        0.318299        0.036125       -0.765321
     H    7        0.121376       -0.765321        0.189780

     C    8        0.356070        0.076950        0.136039
     C    8        0.076950       -0.107922       -0.257257
     C    8        0.136039       -0.257257       -0.248147

     H    9        0.530965        0.063434        0.638971
     H    9        0.063434       -0.257744       -0.287610
     H    9        0.638971       -0.287610       -0.273221

     C   10        0.168782        0.188521        0.216061
     C   10        0.188521        0.176236       -0.409619
     C   10        0.216061       -0.409619       -0.345018

     C   11       -0.035247        0.211463       -0.077742
     C   11        0.211463        0.196511        0.219598
     C   11       -0.077742        0.219598       -0.161265

     Cl  12       -0.508931        0.607140       -0.562412
     Cl  12        0.607140       -0.602356        1.055035
     Cl  12       -0.562412        1.055035        1.111288

     H   13       -0.051027        0.054557        0.048059
     H   13        0.054557        0.223384        0.073026
     H   13        0.048059        0.073026       -0.172358

     C   14        0.051654       -0.314763        0.087143
     C   14       -0.314763       -0.083771        0.076878
     C   14        0.087143        0.076878        0.032117

     H   15        0.616350        0.178232        0.436919
     H   15        0.178232       -0.180587       -0.197979
     H   15        0.436919       -0.197979       -0.435763

     C   16       -0.538417        0.129206       -0.085463
     C   16        0.129206        0.514541        0.324702
     C   16       -0.085463        0.324702        0.023876

     C   17        0.070981       -0.422037        0.195771
     C   17       -0.422037       -0.239582       -0.031958
     C   17        0.195771       -0.031958        0.168601

     Cl  18       -0.312199       -0.129266       -1.364161
     Cl  18       -0.129266       -0.973902        0.081169
     Cl  18       -1.364161        0.081169        1.286101

     H   19       -0.017059       -0.095447       -0.138272
     H   19       -0.095447        0.493792       -0.572021
     H   19       -0.138272       -0.572021       -0.476733

     C   20       -0.304945       -0.092563        0.237864
     C   20       -0.092563        0.280225        0.166608
     C   20        0.237864        0.166608        0.024720

     H   21        0.277337       -0.568187        0.306009
     H   21       -0.568187       -0.230065        0.093059
     H   21        0.306009        0.093059       -0.047273

     C   22        0.147061        0.366595       -0.215667
     C   22        0.366595        0.343067        0.314475
     C   22       -0.215667        0.314475       -0.490128

     C   23       -0.197367       -0.502940       -0.309611
     C   23       -0.502940        0.586235       -0.303381
     C   23       -0.309611       -0.303381       -0.388868

     Cl  24        0.547224       -0.061241        0.743285
     Cl  24       -0.061241        1.683109       -1.474728
     Cl  24        0.743285       -1.474728       -2.230334


     NQR/NMR SPECTROSCOPIC PARAMETERS:
     Cl   1    Vxx=   -0.4586    axis=(  0.916990  0.379493 -0.122939)
     Cl   1    Vyy=   -2.8711    axis=(  0.098355  0.083586  0.991635)
     Cl   1    Vzz=    3.3296    axis=(  0.386594 -0.921411  0.039322)
     Cl   1  Q=        -8.1650 1e-30 m^2  Cq=       -63.8776 MHz  eta= 0.72456

     C    2    Vxx=   -0.0721    axis=( -0.240147 -0.457265  0.856293)
     C    2    Vyy=   -0.8805    axis=(  0.965646 -0.202747  0.162547)
     C    2    Vzz=    0.9525    axis=(  0.099284  0.865911  0.490245)
     C    2  Q=         1.0000 1e-30 m^2  Cq=         2.2381 MHz  eta= 0.84869

     C    3    Vxx=    0.0148    axis=(  0.715853  0.694926 -0.068066)
     C    3    Vyy=    0.4329    axis=( -0.673994  0.662223 -0.327404)
     C    3    Vzz=   -0.4477    axis=( -0.182447  0.280249  0.942430)
     C    3  Q=         1.0000 1e-30 m^2  Cq=        -1.0520 MHz  eta= 0.93393

     H    4    Vxx=   -0.0236    axis=(  0.665539 -0.436198 -0.605632)
     H    4    Vyy=   -0.7404    axis=(  0.016841  0.820014 -0.572096)
     H    4    Vzz=    0.7640    axis=( -0.746173 -0.370552 -0.553097)
     H    4  Q=         1.0000 1e-30 m^2  Cq=         1.7951 MHz  eta= 0.93813

     C    5    Vxx=    0.1136    axis=( -0.107177 -0.385210  0.916584)
     C    5    Vyy=    0.8778    axis=( -0.012845  0.922354  0.386133)
     C    5    Vzz=   -0.9914    axis=( -0.994157  0.029611 -0.103803)
     C    5  Q=         1.0000 1e-30 m^2  Cq=        -2.3294 MHz  eta= 0.77087

     H    6    Vxx=   -0.0226    axis=(  0.183863 -0.259215  0.948157)
     H    6    Vyy=   -0.2567    axis=( -0.891280 -0.450733  0.049608)
     H    6    Vzz=    0.2793    axis=(  0.414506 -0.854194 -0.313906)
     H    6  Q=         1.0000 1e-30 m^2  Cq=         0.6563 MHz  eta= 0.83799

     H    7    Vxx=   -0.0700    axis=(  0.873664  0.274833  0.401470)
     H    7    Vyy=   -0.8265    axis=( -0.472503  0.676001  0.565476)
     H    7    Vzz=    0.8965    axis=( -0.115983 -0.683732  0.720458)
     H    7  Q=         1.0000 1e-30 m^2  Cq=         2.1065 MHz  eta= 0.84384

     C    8    Vxx=    0.0871    axis=(  0.068095  0.804686 -0.589782)
     C    8    Vyy=    0.3865    axis=( -0.980638 -0.054808 -0.188001)
     C    8    Vzz=   -0.4736    axis=( -0.183607  0.591165  0.785374)
     C    8  Q=         1.0000 1e-30 m^2  Cq=        -1.1128 MHz  eta= 0.63200

     H    9    Vxx=   -0.1101    axis=(  0.295840  0.874797 -0.383678)
     H    9    Vyy=   -0.7800    axis=( -0.403310  0.478490  0.779993)
     H    9    Vzz=    0.8902    axis=(  0.865921 -0.076012  0.494371)
     H    9  Q=         1.0000 1e-30 m^2  Cq=         2.0916 MHz  eta= 0.75253

     C   10    Vxx=    0.2419    axis=( -0.888355  0.152125 -0.433225)
     C   10    Vyy=    0.4226    axis=(  0.329460  0.868374 -0.370652)
     C   10    Vzz=   -0.6645    axis=( -0.319816  0.472001  0.821543)
     C   10  Q=         1.0000 1e-30 m^2  Cq=        -1.5612 MHz  eta= 0.27200

     C   11    Vxx=   -0.0123    axis=(  0.776809 -0.141299 -0.613679)
     C   11    Vyy=   -0.3569    axis=(  0.489863 -0.476796  0.729863)
     C   11    Vzz=    0.3692    axis=( -0.395729 -0.867583 -0.301162)
     C   11  Q=         1.0000 1e-30 m^2  Cq=         0.8675 MHz  eta= 0.93340

     Cl  12    Vxx=    0.0119    axis=(  0.809972  0.571038 -0.133645)
     Cl  12    Vyy=    1.6452    axis=(  0.126940 -0.393183 -0.910655)
     Cl  12    Vzz=   -1.6571    axis=( -0.572565  0.720641 -0.390955)
     Cl  12  Q=        -8.1650 1e-30 m^2  Cq=        31.7908 MHz  eta= 0.98563

     H   13    Vxx=   -0.0536    axis=(  0.941647 -0.246064  0.229682)
     H   13    Vyy=   -0.1959    axis=( -0.267211 -0.131505  0.954623)
     H   13    Vzz=    0.2494    axis=( -0.204694 -0.960291 -0.189583)
     H   13  Q=         1.0000 1e-30 m^2  Cq=         0.5861 MHz  eta= 0.57054

     C   14    Vxx=    0.0633    axis=(  0.112106  0.261292  0.958727)
     C   14    Vyy=    0.3074    axis=( -0.784083  0.615962 -0.076190)
     C   14    Vzz=   -0.3707    axis=( -0.610447 -0.743180  0.273928)
     C   14  Q=         1.0000 1e-30 m^2  Cq=        -0.8709 MHz  eta= 0.65866

     H   15    Vxx=   -0.0750    axis=(  0.045286  0.897869 -0.437928)
     H   15    Vyy=   -0.7100    axis=( -0.334167  0.426739  0.840373)
     H   15    Vzz=    0.7851    axis=(  0.941425  0.108284  0.319363)
     H   15  Q=         1.0000 1e-30 m^2  Cq=         1.8446 MHz  eta= 0.80884

     C   16    Vxx=   -0.0977    axis=( -0.286305 -0.401083  0.870151)
     C   16    Vyy=   -0.5835    axis=( -0.955956  0.180845 -0.231180)
     C   16    Vzz=    0.6812    axis=( -0.064640 -0.898013 -0.435194)
     C   16  Q=         1.0000 1e-30 m^2  Cq=         1.6005 MHz  eta= 0.71324

     C   17    Vxx=    0.0718    axis=( -0.354889  0.393982  0.847840)
     C   17    Vyy=    0.4730    axis=(  0.727121 -0.453724  0.515199)
     C   17    Vzz=   -0.5449    axis=(  0.587664  0.799320 -0.125450)
     C   17  Q=         1.0000 1e-30 m^2  Cq=        -1.2802 MHz  eta= 0.73642

     Cl  18    Vxx=   -0.9453    axis=( -0.356749  0.899896 -0.250834)
     Cl  18    Vyy=   -1.1286    axis=( -0.790623 -0.433861 -0.432065)
     Cl  18    Vzz=    2.0739    axis=( -0.497640  0.044176  0.866258)
     Cl  18  Q=        -8.1650 1e-30 m^2  Cq=       -39.7870 MHz  eta= 0.08841

     H   19    Vxx=    0.0179    axis=(  0.976362 -0.055325 -0.208939)
     H   19    Vyy=    0.7597    axis=( -0.037566  0.908536 -0.416113)
     H   19    Vzz=   -0.7777    axis=(  0.212850  0.414127  0.884983)
     H   19  Q=         1.0000 1e-30 m^2  Cq=        -1.8272 MHz  eta= 0.95386

     C   20    Vxx=    0.1010    axis=(  0.528491 -0.415389  0.740371)
     C   20    Vyy=    0.3634    axis=( -0.043136 -0.884127 -0.465252)
     C   20    Vzz=   -0.4644    axis=(  0.847842  0.213944 -0.485171)
     C   20  Q=         1.0000 1e-30 m^2  Cq=        -1.0912 MHz  eta= 0.56490

     H   21    Vxx=   -0.0103    axis=( -0.033021  0.460906  0.886834)
     H   21    Vyy=   -0.6956    axis=( -0.552487 -0.747839  0.368096)
     H   21    Vzz=    0.7059    axis=(  0.832867 -0.477809  0.279339)
     H   21  Q=         1.0000 1e-30 m^2  Cq=         1.6587 MHz  eta= 0.97081

     C   22    Vxx=    0.0845    axis=( -0.743108  0.428933  0.513621)
     C   22    Vyy=    0.6391    axis=( -0.558079 -0.820771 -0.121992)
     C   22    Vzz=   -0.7236    axis=(  0.369239 -0.377295  0.849300)
     C   22  Q=         1.0000 1e-30 m^2  Cq=        -1.7002 MHz  eta= 0.76638

     C   23    Vxx=   -0.0153    axis=(  0.669310  0.198498 -0.715976)
     C   23    Vyy=   -0.8335    axis=(  0.625907  0.368589  0.687300)
     C   23    Vzz=    0.8488    axis=( -0.400329  0.908152 -0.122459)
     C   23  Q=         1.0000 1e-30 m^2  Cq=         1.9945 MHz  eta= 0.96389

     Cl  24    Vxx=    0.6313    axis=(  0.963178  0.236193  0.128455)
     Cl  24    Vyy=    2.2310    axis=( -0.181853  0.924211 -0.335804)
     Cl  24    Vzz=   -2.8623    axis=( -0.198034  0.300079  0.933132)
     Cl  24  Q=        -8.1650 1e-30 m^2  Cq=        54.9122 MHz  eta= 0.55887

     Initialization:
     gipaw_setup  :      8.98s CPU     10.86s WALL (       1 calls)

     Linear response

     Apply operators

     Induced current

     Other routines
     efg          :      9.37s CPU     11.95s WALL (       1 calls)

     General routines
     calbec       :      3.31s CPU      4.50s WALL (      16 calls)
     fft          :      1.96s CPU      3.59s WALL (      15 calls)
     ffts         :      0.04s CPU      0.07s WALL (       2 calls)
     fftw         :      3.22s CPU      3.95s WALL (     672 calls)
     davcio       :      0.03s CPU      0.33s WALL (      32 calls)

     Parallel routines
     fft_scatter  :      2.69s CPU      4.82s WALL (     689 calls)

     Plugins

     GIPAW        :     61.40s CPU     75.47s WALL (       1 calls)
