
     Program QE v.6.0 (svn rev. 13079) starts on 16Jan2017 at 23:19: 2 

     This program is part of the open-source Quantum ESPRESSO suite
     for quantum simulation of materials; please cite
         "P. Giannozzi et al., J. Phys.:Condens. Matter 21 395502 (2009);
          URL http://www.quantum-espresso.org", 
     in publications or presentations arising from this work. More details at
     http://www.quantum-espresso.org/quote

     Parallel version (MPI), running on     8 processors
     R & G space division:  proc/nbgrp/npool/nimage =       8

     ***** This is GIPAW svn revision unknown      *****

     Parallelizing q-star over 1 images

     Reading data from directory:
     /users/majewski/paradichlorobenzene/pbe/9_constraint/scratch/pbe.ecut100.np8.dt60.pcl2phi-129368.save
     Message from routine read_xml_file:
     file /users/majewski/paradichlorobenzene/pbe/9_constraint/scratch/pbe.ecut100.np8.dt60.pcl2phi-129368.save not guaranteed to be safe for post-processing

   Info: using nr1, nr2, nr3 values from input

   Info: using nr1, nr2, nr3 values from input

     IMPORTANT: XC functional enforced from input :
     Exchange-correlation      =  SLA  PW   PBX  PBC ( 1  4  3  4 0 0)
     Any further DFT definition will be discarded
     Please, verify this is what you really want

               file C.pbe-n-kjpaw_psl.1.0.0.UPF: wavefunction(s)  2S 2P renormalized
               file Cl.pbe-n-kjpaw_psl.1.0.0.UPF: wavefunction(s)  3S 3P renormalized
               file H.pbe-kjpaw_psl.1.0.0.UPF: wavefunction(s)  1S renormalized

     Parallelization info
     --------------------
     sticks:   dense  smooth     PW     G-vecs:    dense   smooth      PW
     Min        3057    1223    332               144436    36536    5170
     Max        3059    1225    333               144437    36537    5171
     Sum       24467    9791   2657              1155489   292295   41363


     Subspace diagonalization in iterative solution of the eigenvalue problem:
     a serial algorithm will be used

     GIPAW projectors -----------------------------------------------
     atom=  C    l=0  rc=    1.2000  rs=    0.8000
     atom=  C    l=0  rc=    1.2000  rs=    0.8000
     atom=  C    l=1  rc=    1.4000  rs=    0.9333
     atom=  C    l=1  rc=    1.4000  rs=    0.9333
     projs nearly linearly dependent: l=1  n1,n2= 1, 2  s=  0.99951561

     atom=  Cl   l=0  rc=    1.6000  rs=    1.0667
     atom=  Cl   l=0  rc=    1.6000  rs=    1.0667
     atom=  Cl   l=1  rc=    1.6000  rs=    1.0667
     atom=  Cl   l=1  rc=    1.6000  rs=    1.0667
     atom=  Cl   l=2  rc=    1.6000  rs=    1.0667
     atom=  Cl   l=2  rc=    1.6000  rs=    1.0667
     projs nearly linearly dependent: l=2  n1,n2= 1, 2  s=  0.99993509

     atom=  H    l=0  rc=    1.0000  rs=    0.6667
     atom=  H    l=0  rc=    1.0000  rs=    0.6667
     projs nearly linearly dependent: l=0  n1,n2= 1, 2  s=  0.99968852
     -----------------------------------------------------------------

     GIPAW integrals: -------------------------------------------
     Atom  i/j   nmr_para   nmr_dia   epr_rmc  epr_para   epr_dia
       C   1 1   0.83E+03  0.17E-01  0.93E+01  0.24E+08  0.24E+03
       C   2 1   0.86E+03 -0.61E-01  0.94E+01  0.25E+08  0.25E+03
       C   2 2   0.90E+03 -0.15E+00  0.97E+01  0.26E+08  0.26E+03
       C   3 3   0.33E+01  0.34E+00  0.18E+01  0.55E+03  0.21E+02
       C   4 3   0.35E+01  0.37E+00  0.20E+01  0.59E+03  0.22E+02
       C   4 4   0.38E+01  0.39E+00  0.22E+01  0.63E+03  0.24E+02
       Cl  1 1   0.14E+04 -0.47E+00  0.84E+01  0.32E+09  0.42E+03
       Cl  2 1   0.21E+04 -0.37E+00  0.12E+02  0.49E+09  0.65E+03
       Cl  2 2   0.33E+04 -0.16E+00  0.21E+02  0.76E+09  0.10E+04
       Cl  3 3   0.21E+02  0.79E-01  0.89E+01  0.23E+05  0.13E+03
       Cl  4 3   0.24E+02  0.67E-01  0.99E+01  0.27E+05  0.15E+03
       Cl  4 4   0.28E+02  0.44E-01  0.11E+02  0.32E+05  0.18E+03
       Cl  5 5   0.77E+00  0.19E+00  0.18E+01  0.12E+03  0.22E+02
       Cl  6 5   0.80E+00  0.19E+00  0.19E+01  0.12E+03  0.23E+02
       Cl  6 6   0.83E+00  0.20E+00  0.19E+01  0.12E+03  0.23E+02
       H   1 1   0.39E+02  0.19E+00  0.29E+00  0.78E+05  0.13E+02
       H   2 1   0.41E+02  0.21E+00  0.32E+00  0.82E+05  0.14E+02
       H   2 2   0.43E+02  0.22E+00  0.36E+00  0.86E+05  0.15E+02
     ------------------------------------------------------------

     alpha_pv=     34.1252 eV

     Number of occupied bands for each k-point:
     k-point:     1    nbnd_occ=  42
     k-point:     2    nbnd_occ=  42
     k-point:     3    nbnd_occ=  42
     k-point:     4    nbnd_occ=  42
     k-point:     5    nbnd_occ=  42
     k-point:     6    nbnd_occ=  42
     k-point:     7    nbnd_occ=  42
     k-point:     8    nbnd_occ=  42
     k-point:     9    nbnd_occ=  42
     k-point:    10    nbnd_occ=  42
     k-point:    11    nbnd_occ=  42
     k-point:    12    nbnd_occ=  42
     k-point:    13    nbnd_occ=  42
     k-point:    14    nbnd_occ=  42
     k-point:    15    nbnd_occ=  42
     k-point:    16    nbnd_occ=  42


     q-space interpolation up to   110.00 Rydberg

     GIPAW job: efg                                                                             


     ELECTRIC FIELD GRADIENTS TENSORS IN Hartree/bohrradius^2:

     ----- bare term -----
     Cl   1       -0.126504        0.245644        0.020268
     Cl   1        0.245644       -0.148007        0.043250
     Cl   1        0.020268        0.043250        0.274511

     C    2        0.279107        0.040330       -0.156277
     C    2        0.040330       -0.297219       -0.606791
     C    2       -0.156277       -0.606791        0.018112

     C    3       -0.433931        0.157605       -0.007600
     C    3        0.157605       -0.109195        0.067549
     C    3       -0.007600        0.067549        0.543126

     H    4       -0.067387       -0.352328       -0.053173
     H    4       -0.352328       -0.300441        0.088961
     H    4       -0.053173        0.088961        0.367829

     C    5        0.203112       -0.110151       -0.277337
     C    5       -0.110151       -0.293448       -0.120351
     C    5       -0.277337       -0.120351        0.090336

     H    6        0.339545       -0.078301       -0.003783
     H    6       -0.078301       -0.604384        0.125373
     H    6       -0.003783        0.125373        0.264839

     H    7        0.397173        0.028541        0.236629
     H    7        0.028541        0.177876        0.062701
     H    7        0.236629        0.062701       -0.575049

     C    8       -0.549297       -0.255335       -0.215697
     C    8       -0.255335        0.289305        0.015776
     C    8       -0.215697        0.015776        0.259992

     H    9       -0.015003       -0.027285       -0.518471
     H    9       -0.027285        0.072828       -0.209759
     H    9       -0.518471       -0.209759       -0.057825

     C   10        0.190472       -0.151412       -0.081535
     C   10       -0.151412       -0.118089        0.487601
     C   10       -0.081535        0.487601       -0.072383

     C   11       -0.600089       -0.422033       -0.349733
     C   11       -0.422033        0.292606        0.212506
     C   11       -0.349733        0.212506        0.307483

     Cl  12       -0.003629       -0.025489       -0.067866
     Cl  12       -0.025489        0.068464        0.059159
     Cl  12       -0.067866        0.059159       -0.064835

     H   13        0.458228       -0.159700        0.003634
     H   13       -0.159700       -0.564674       -0.107152
     H   13        0.003634       -0.107152        0.106446

     C   14       -0.777310        0.351059       -0.410324
     C   14        0.351059        0.331772       -0.076476
     C   14       -0.410324       -0.076476        0.445538

     H   15       -0.443517       -0.325012        0.236255
     H   15       -0.325012        0.325302        0.005483
     H   15        0.236255        0.005483        0.118215

     C   16        0.186563       -0.031801       -0.043067
     C   16       -0.031801       -0.503006       -0.410092
     C   16       -0.043067       -0.410092        0.316443

     C   17       -0.768432        0.484211       -0.319012
     C   17        0.484211        0.300596       -0.072669
     C   17       -0.319012       -0.072669        0.467836

     Cl  18        0.019062       -0.163887       -0.052654
     Cl  18       -0.163887        0.070622        0.070627
     Cl  18       -0.052654        0.070627       -0.089684

     H   19        0.306778       -0.236441        0.138722
     H   19       -0.236441       -0.453827        0.539779
     H   19        0.138722        0.539779        0.147049

     C   20       -0.080756        0.132402       -0.317882
     C   20        0.132402        0.030774        0.466309
     C   20       -0.317882        0.466309        0.049983

     H   21        0.045984        0.177503       -0.334651
     H   21        0.177503       -0.166463        0.500378
     H   21       -0.334651        0.500378        0.120479

     C   22       -0.762732       -0.342446       -0.300246
     C   22       -0.342446        0.358129        0.089135
     C   22       -0.300246        0.089135        0.404603

     C   23        0.116769       -0.134297       -0.078558
     C   23       -0.134297       -0.054274        0.572284
     C   23       -0.078558        0.572284       -0.062495

     Cl  24       -0.150375       -0.243602       -0.000953
     Cl  24       -0.243602        0.003856        0.003636
     Cl  24       -0.000953        0.003636        0.146519

     ----- ionic term -----
     Cl   1        0.150930       -0.159368       -0.024938
     Cl   1       -0.159368       -0.001633        0.019657
     Cl   1       -0.024938        0.019657       -0.149297

     C    2        0.238469       -0.055600        0.085211
     C    2       -0.055600        0.283003        0.362849
     C    2        0.085211        0.362849       -0.521472

     C    3        0.179153       -0.144484        0.114615
     C    3       -0.144484        0.329376        0.327701
     C    3        0.114615        0.327701       -0.508529

     H    4        0.676507        0.542719        0.399072
     H    4        0.542719       -0.198221        0.223798
     H    4        0.399072        0.223798       -0.478286

     C    5        0.377683       -0.040407        0.204875
     C    5       -0.040407        0.163618        0.233526
     C    5        0.204875        0.233526       -0.541301

     H    6       -0.527436        0.136651        0.050468
     H    6        0.136651        0.949369        0.451044
     H    6        0.050468        0.451044       -0.421933

     H    7       -0.520372        0.066198       -0.072106
     H    7        0.066198        0.166286       -0.786373
     H    7       -0.072106       -0.786373        0.354086

     C    8        0.250625        0.240763        0.225308
     C    8        0.240763       -0.097170       -0.317679
     C    8        0.225308       -0.317679       -0.153455

     H    9        0.546065       -0.342008        0.665865
     H    9       -0.342008       -0.381321       -0.282706
     H    9        0.665865       -0.282706       -0.164744

     C   10        0.133466        0.247151        0.162401
     C   10        0.247151        0.114055       -0.436476
     C   10        0.162401       -0.436476       -0.247521

     C   11        0.163532        0.186252        0.307300
     C   11        0.186252        0.044566       -0.445498
     C   11        0.307300       -0.445498       -0.208098

     Cl  12        0.159564        0.237232        0.023207
     Cl  12        0.237232       -0.010065        0.006076
     Cl  12        0.023207        0.006076       -0.149499

     H   13       -0.516542        0.089057        0.019634
     H   13        0.089057        0.912096        0.482865
     H   13        0.019634        0.482865       -0.395554

     C   14        0.360096       -0.067026        0.116121
     C   14       -0.067026        0.182359        0.234327
     C   14        0.116121        0.234327       -0.542454

     H   15        0.639168        0.630959        0.335446
     H   15        0.630959       -0.102371        0.220987
     H   15        0.335446        0.220987       -0.536797

     C   16        0.196364       -0.107646        0.085438
     C   16       -0.107646        0.369062        0.268226
     C   16        0.085438        0.268226       -0.565427

     C   17        0.361775       -0.058289        0.191000
     C   17       -0.058289        0.232354        0.277521
     C   17        0.191000        0.277521       -0.594129

     Cl  18        0.216467       -0.243083        0.007004
     Cl  18       -0.243083       -0.034345       -0.001601
     Cl  18        0.007004       -0.001601       -0.182123

     H   19       -0.509249        0.093081       -0.047398
     H   19        0.093081        0.420753       -0.783930
     H   19       -0.047398       -0.783930        0.088496

     C   20        0.257594        0.202466        0.307431
     C   20        0.202466       -0.037961       -0.318852
     C   20        0.307431       -0.318852       -0.219633

     H   21        0.382952       -0.322562        0.717208
     H   21       -0.322562       -0.409509       -0.331657
     H   21        0.717208       -0.331657        0.026557

     C   22        0.096005        0.280402        0.186603
     C   22        0.280402        0.089700       -0.412380
     C   22        0.186603       -0.412380       -0.185705

     C   23        0.188236        0.273063        0.260873
     C   23        0.273063        0.013429       -0.379805
     C   23        0.260873       -0.379805       -0.201665

     Cl  24        0.153286        0.202577        0.029220
     Cl  24        0.202577        0.012294        0.011990
     Cl  24        0.029220        0.011990       -0.165580

     ----- GIPAW term -----
     Cl   1       -0.888043        0.487406       -0.272417
     Cl   1        0.487406        2.147012       -0.811911
     Cl   1       -0.272417       -0.811911       -1.258968

     C    2       -0.012876        0.007250        0.002394
     C    2        0.007250        0.124690        0.050575
     C    2        0.002394        0.050575       -0.111814

     C    3       -0.029112       -0.039137        0.011941
     C    3       -0.039137        0.011388        0.019367
     C    3        0.011941        0.019367        0.017724

     H    4       -0.000000        0.000000        0.000000
     H    4        0.000000        0.000000        0.000000
     H    4        0.000000        0.000000        0.000000

     C    5        0.026857       -0.006810       -0.020170
     C    5       -0.006810        0.017202        0.014666
     C    5       -0.020170        0.014666       -0.044059

     H    6       -0.000000        0.000000        0.000000
     H    6        0.000000        0.000000        0.000000
     H    6        0.000000        0.000000        0.000000

     H    7       -0.000000        0.000000        0.000000
     H    7        0.000000        0.000000        0.000000
     H    7        0.000000        0.000000        0.000000

     C    8       -0.088661       -0.039053       -0.016890
     C    8       -0.039053        0.108644        0.028471
     C    8       -0.016890        0.028471       -0.019982

     H    9       -0.000000        0.000000        0.000000
     H    9        0.000000        0.000000        0.000000
     H    9        0.000000        0.000000        0.000000

     C   10       -0.049535       -0.036316       -0.008461
     C   10       -0.036316        0.146962        0.081958
     C   10       -0.008461        0.081958       -0.097428

     C   11       -0.151794       -0.025006       -0.043978
     C   11       -0.025006        0.269982        0.072786
     C   11       -0.043978        0.072786       -0.118189

     Cl  12       -0.091629        1.480288       -0.314803
     Cl  12        1.480288        2.290337        1.317717
     Cl  12       -0.314803        1.317717       -2.198708

     H   13       -0.000000        0.000000        0.000000
     H   13        0.000000        0.000000        0.000000
     H   13        0.000000        0.000000        0.000000

     C   14       -0.113076        0.011359       -0.042641
     C   14        0.011359        0.045299        0.090472
     C   14       -0.042641        0.090472        0.067778

     H   15       -0.000000        0.000000        0.000000
     H   15        0.000000        0.000000        0.000000
     H   15        0.000000        0.000000        0.000000

     C   16       -0.043442       -0.050818       -0.021420
     C   16       -0.050818       -0.033056        0.107327
     C   16       -0.021420        0.107327        0.076498

     C   17       -0.143783       -0.055040       -0.038540
     C   17       -0.055040        0.226033        0.068190
     C   17       -0.038540        0.068190       -0.082251

     Cl  18        1.217058       -3.380194       -0.590243
     Cl  18       -3.380194        0.860937        0.726758
     Cl  18       -0.590243        0.726758       -2.077995

     H   19       -0.000000        0.000000        0.000000
     H   19        0.000000        0.000000        0.000000
     H   19        0.000000        0.000000        0.000000

     C   20       -0.092713        0.085928       -0.038946
     C   20        0.085928        0.244090        0.052725
     C   20       -0.038946        0.052725       -0.151378

     H   21       -0.000000        0.000000        0.000000
     H   21        0.000000        0.000000        0.000000
     H   21        0.000000        0.000000        0.000000

     C   22       -0.238456        0.021040       -0.058907
     C   22        0.021040        0.304470       -0.083593
     C   22       -0.058907       -0.083593       -0.066014

     C   23       -0.013163       -0.061357       -0.003602
     C   23       -0.061357        0.182206        0.048780
     C   23       -0.003602        0.048780       -0.169043

     Cl  24       -0.548390       -0.708010        0.217872
     Cl  24       -0.708010        2.368891       -0.810929
     Cl  24        0.217872       -0.810929       -1.820501

     ----- total EFG -----
     Cl   1       -0.863617        0.573682       -0.277087
     Cl   1        0.573682        1.997371       -0.749005
     Cl   1       -0.277087       -0.749005       -1.133754

     C    2        0.504700       -0.008020       -0.068672
     C    2       -0.008020        0.110474       -0.193368
     C    2       -0.068672       -0.193368       -0.615175

     C    3       -0.283890       -0.026016        0.118956
     C    3       -0.026016        0.231569        0.414617
     C    3        0.118956        0.414617        0.052321

     H    4        0.609119        0.190390        0.345899
     H    4        0.190390       -0.498662        0.312759
     H    4        0.345899        0.312759       -0.110458

     C    5        0.607652       -0.157367       -0.092632
     C    5       -0.157367       -0.112628        0.127841
     C    5       -0.092632        0.127841       -0.495024

     H    6       -0.187891        0.058350        0.046685
     H    6        0.058350        0.344985        0.576417
     H    6        0.046685        0.576417       -0.157094

     H    7       -0.123199        0.094739        0.164523
     H    7        0.094739        0.344162       -0.723672
     H    7        0.164523       -0.723672       -0.220963

     C    8       -0.387333       -0.053625       -0.007279
     C    8       -0.053625        0.300778       -0.273431
     C    8       -0.007279       -0.273431        0.086555

     H    9        0.531061       -0.369293        0.147395
     H    9       -0.369293       -0.308493       -0.492465
     H    9        0.147395       -0.492465       -0.222569

     C   10        0.274403        0.059423        0.072405
     C   10        0.059423        0.142929        0.133083
     C   10        0.072405        0.133083       -0.417332

     C   11       -0.588350       -0.260787       -0.086410
     C   11       -0.260787        0.607155       -0.160207
     C   11       -0.086410       -0.160207       -0.018804

     Cl  12        0.064306        1.692032       -0.359462
     Cl  12        1.692032        2.348737        1.382952
     Cl  12       -0.359462        1.382952       -2.413043

     H   13       -0.058314       -0.070642        0.023268
     H   13       -0.070642        0.347422        0.375713
     H   13        0.023268        0.375713       -0.289108

     C   14       -0.530291        0.295392       -0.336844
     C   14        0.295392        0.559429        0.248322
     C   14       -0.336844        0.248322       -0.029138

     H   15        0.195651        0.305946        0.571701
     H   15        0.305946        0.222931        0.226469
     H   15        0.571701        0.226469       -0.418582

     C   16        0.339486       -0.190265        0.020952
     C   16       -0.190265       -0.167000       -0.034538
     C   16        0.020952       -0.034538       -0.172486

     C   17       -0.550440        0.370882       -0.166552
     C   17        0.370882        0.758984        0.273041
     C   17       -0.166552        0.273041       -0.208543

     Cl  18        1.452587       -3.787164       -0.635892
     Cl  18       -3.787164        0.897214        0.795783
     Cl  18       -0.635892        0.795783       -2.349802

     H   19       -0.202471       -0.143361        0.091323
     H   19       -0.143361       -0.033074       -0.244152
     H   19        0.091323       -0.244152        0.235545

     C   20        0.084125        0.420796       -0.049397
     C   20        0.420796        0.236903        0.200181
     C   20       -0.049397        0.200181       -0.321028

     H   21        0.428936       -0.145059        0.382557
     H   21       -0.145059       -0.575972        0.168721
     H   21        0.382557        0.168721        0.147036

     C   22       -0.905182       -0.041005       -0.172550
     C   22       -0.041005        0.752298       -0.406838
     C   22       -0.172550       -0.406838        0.152883

     C   23        0.291841        0.077409        0.178713
     C   23        0.077409        0.141362        0.241259
     C   23        0.178713        0.241259       -0.433203

     Cl  24       -0.545478       -0.749036        0.246140
     Cl  24       -0.749036        2.385040       -0.795302
     Cl  24        0.246140       -0.795302       -1.839561

     ----- total EFG (symmetrized) -----
     Cl   1       -0.863617        0.573682       -0.277087
     Cl   1        0.573682        1.997371       -0.749005
     Cl   1       -0.277087       -0.749005       -1.133754

     C    2        0.504700       -0.008020       -0.068672
     C    2       -0.008020        0.110474       -0.193368
     C    2       -0.068672       -0.193368       -0.615175

     C    3       -0.283890       -0.026016        0.118956
     C    3       -0.026016        0.231569        0.414617
     C    3        0.118956        0.414617        0.052321

     H    4        0.609119        0.190390        0.345899
     H    4        0.190390       -0.498662        0.312759
     H    4        0.345899        0.312759       -0.110458

     C    5        0.607652       -0.157367       -0.092632
     C    5       -0.157367       -0.112628        0.127841
     C    5       -0.092632        0.127841       -0.495024

     H    6       -0.187891        0.058350        0.046685
     H    6        0.058350        0.344985        0.576417
     H    6        0.046685        0.576417       -0.157094

     H    7       -0.123199        0.094739        0.164523
     H    7        0.094739        0.344162       -0.723672
     H    7        0.164523       -0.723672       -0.220963

     C    8       -0.387333       -0.053625       -0.007279
     C    8       -0.053625        0.300778       -0.273431
     C    8       -0.007279       -0.273431        0.086555

     H    9        0.531061       -0.369293        0.147395
     H    9       -0.369293       -0.308493       -0.492465
     H    9        0.147395       -0.492465       -0.222569

     C   10        0.274403        0.059423        0.072405
     C   10        0.059423        0.142929        0.133083
     C   10        0.072405        0.133083       -0.417332

     C   11       -0.588350       -0.260787       -0.086410
     C   11       -0.260787        0.607155       -0.160207
     C   11       -0.086410       -0.160207       -0.018804

     Cl  12        0.064306        1.692032       -0.359462
     Cl  12        1.692032        2.348737        1.382952
     Cl  12       -0.359462        1.382952       -2.413043

     H   13       -0.058314       -0.070642        0.023268
     H   13       -0.070642        0.347422        0.375713
     H   13        0.023268        0.375713       -0.289108

     C   14       -0.530291        0.295392       -0.336844
     C   14        0.295392        0.559429        0.248322
     C   14       -0.336844        0.248322       -0.029138

     H   15        0.195651        0.305946        0.571701
     H   15        0.305946        0.222931        0.226469
     H   15        0.571701        0.226469       -0.418582

     C   16        0.339486       -0.190265        0.020952
     C   16       -0.190265       -0.167000       -0.034538
     C   16        0.020952       -0.034538       -0.172486

     C   17       -0.550440        0.370882       -0.166552
     C   17        0.370882        0.758984        0.273041
     C   17       -0.166552        0.273041       -0.208543

     Cl  18        1.452587       -3.787164       -0.635892
     Cl  18       -3.787164        0.897214        0.795783
     Cl  18       -0.635892        0.795783       -2.349802

     H   19       -0.202471       -0.143361        0.091323
     H   19       -0.143361       -0.033074       -0.244152
     H   19        0.091323       -0.244152        0.235545

     C   20        0.084125        0.420796       -0.049397
     C   20        0.420796        0.236903        0.200181
     C   20       -0.049397        0.200181       -0.321028

     H   21        0.428936       -0.145059        0.382557
     H   21       -0.145059       -0.575972        0.168721
     H   21        0.382557        0.168721        0.147036

     C   22       -0.905182       -0.041005       -0.172550
     C   22       -0.041005        0.752298       -0.406838
     C   22       -0.172550       -0.406838        0.152883

     C   23        0.291841        0.077409        0.178713
     C   23        0.077409        0.141362        0.241259
     C   23        0.178713        0.241259       -0.433203

     Cl  24       -0.545478       -0.749036        0.246140
     Cl  24       -0.749036        2.385040       -0.795302
     Cl  24        0.246140       -0.795302       -1.839561


     NQR/NMR SPECTROSCOPIC PARAMETERS:
     Cl   1    Vxx=   -0.9326    axis=(  0.917017 -0.257428 -0.304649)
     Cl   1    Vyy=   -1.3571    axis=(  0.348774  0.147025  0.925603)
     Cl   1    Vzz=    2.2897    axis=( -0.193485 -0.955047  0.224608)
     Cl   1  Q=        -8.1650 1e-30 m^2  Cq=       -43.9276 MHz  eta= 0.18540

     C    2    Vxx=    0.1586    axis=( -0.025185  0.970378 -0.240276)
     C    2    Vyy=    0.5089    axis=(  0.997975  0.010364 -0.062750)
     C    2    Vzz=   -0.6675    axis=(  0.058400  0.241370  0.968674)
     C    2  Q=         1.0000 1e-30 m^2  Cq=        -1.5684 MHz  eta= 0.52490

     C    3    Vxx=   -0.1761    axis=(  0.696988 -0.488962  0.524523)
     C    3    Vyy=   -0.3936    axis=( -0.714156 -0.407304  0.569284)
     C    3    Vzz=    0.5697    axis=(  0.064718  0.771375  0.633081)
     C    3  Q=         1.0000 1e-30 m^2  Cq=         1.3385 MHz  eta= 0.38169

     H    4    Vxx=   -0.1436    axis=( -0.464523  0.431882  0.773108)
     H    4    Vyy=   -0.6727    axis=(  0.001665  0.873439 -0.486930)
     H    4    Vzz=    0.8162    axis=( -0.885559 -0.224903 -0.406452)
     H    4  Q=         1.0000 1e-30 m^2  Cq=         1.9178 MHz  eta= 0.64820

     C    5    Vxx=   -0.1170    axis=(  0.236454  0.936542  0.258803)
     C    5    Vyy=   -0.5355    axis=( -0.039904  0.275491 -0.960475)
     C    5    Vzz=    0.6526    axis=( -0.970823  0.216781  0.102513)
     C    5  Q=         1.0000 1e-30 m^2  Cq=         1.5333 MHz  eta= 0.64132

     H    6    Vxx=   -0.1938    axis=( -0.996509  0.078987  0.027047)
     H    6    Vyy=   -0.5349    axis=( -0.020634 -0.546907  0.836939)
     H    6    Vzz=    0.7287    axis=( -0.080900 -0.833459 -0.546628)
     H    6  Q=         1.0000 1e-30 m^2  Cq=         1.7121 MHz  eta= 0.46814

     H    7    Vxx=   -0.0681    axis=(  0.959678  0.171049  0.223071)
     H    7    Vyy=   -0.7706    axis=( -0.280674  0.539269  0.793984)
     H    7    Vzz=    0.8387    axis=(  0.015515 -0.824580  0.565533)
     H    7  Q=         1.0000 1e-30 m^2  Cq=         1.9706 MHz  eta= 0.83768

     C    8    Vxx=   -0.0955    axis=( -0.122086  0.552394  0.824594)
     C    8    Vyy=   -0.3936    axis=( -0.991456 -0.106319 -0.075568)
     C    8    Vzz=    0.4892    axis=(  0.045927 -0.826775  0.560655)
     C    8  Q=         1.0000 1e-30 m^2  Cq=         1.1494 MHz  eta= 0.60939

     H    9    Vxx=    0.0027    axis=(  0.529925  0.478800 -0.699951)
     H    9    Vyy=    0.7822    axis=( -0.835822  0.434506 -0.335569)
     H    9    Vzz=   -0.7849    axis=(  0.143462  0.762860  0.630446)
     H    9  Q=         1.0000 1e-30 m^2  Cq=        -1.8443 MHz  eta= 0.99309

     C   10    Vxx=    0.1352    axis=(  0.453958 -0.877968 -0.151969)
     C   10    Vyy=    0.3167    axis=(  0.887429  0.430198  0.165529)
     C   10    Vzz=   -0.4520    axis=( -0.079952 -0.210005  0.974426)
     C   10  Q=         1.0000 1e-30 m^2  Cq=        -1.0619 MHz  eta= 0.40154

     C   11    Vxx=   -0.0248    axis=( -0.218949  0.153918  0.963520)
     C   11    Vyy=   -0.6646    axis=(  0.958343  0.219540  0.182702)
     C   11    Vzz=    0.6893    axis=( -0.183410  0.963385 -0.195574)
     C   11  Q=         1.0000 1e-30 m^2  Cq=         1.6196 MHz  eta= 0.92816

     Cl  12    Vxx=   -0.4267    axis=(  0.860414 -0.331840 -0.386743)
     Cl  12    Vyy=   -3.0177    axis=(  0.282106 -0.321854  0.903784)
     Cl  12    Vzz=    3.4444    axis=( -0.424387 -0.886731 -0.183314)
     Cl  12  Q=        -8.1650 1e-30 m^2  Cq=       -66.0798 MHz  eta= 0.75224

     H   13    Vxx=   -0.0571    axis=(  0.987989  0.032162  0.151139)
     H   13    Vyy=   -0.4696    axis=(  0.123510  0.423410 -0.897479)
     H   13    Vzz=    0.5266    axis=( -0.092859  0.905367  0.414352)
     H   13  Q=         1.0000 1e-30 m^2  Cq=         1.2373 MHz  eta= 0.78332

     C   14    Vxx=    0.1269    axis=( -0.502453 -0.146099  0.852171)
     C   14    Vyy=    0.6767    axis=( -0.161047 -0.952556 -0.258265)
     C   14    Vzz=   -0.8036    axis=(  0.849473 -0.267006  0.455086)
     C   14  Q=         1.0000 1e-30 m^2  Cq=        -1.8881 MHz  eta= 0.68418

     H   15    Vxx=   -0.0286    axis=(  0.498613 -0.830363  0.248763)
     H   15    Vyy=   -0.7620    axis=(  0.502024  0.042673 -0.863800)
     H   15    Vzz=    0.7907    axis=(  0.706652  0.555587  0.438140)
     H   15  Q=         1.0000 1e-30 m^2  Cq=         1.8577 MHz  eta= 0.92758

     C   16    Vxx=   -0.1639    axis=( -0.163414 -0.329970  0.929739)
     C   16    Vyy=   -0.2407    axis=(  0.278274  0.888725  0.364324)
     C   16    Vzz=    0.4046    axis=(  0.946499 -0.318258  0.053408)
     C   16  Q=         1.0000 1e-30 m^2  Cq=         0.9508 MHz  eta= 0.18985

     C   17    Vxx=   -0.1504    axis=(  0.448553  0.084216 -0.889780)
     C   17    Vyy=   -0.7519    axis=(  0.866121 -0.286610  0.409499)
     C   17    Vzz=    0.9023    axis=( -0.220533 -0.954339 -0.201501)
     C   17  Q=         1.0000 1e-30 m^2  Cq=         2.1201 MHz  eta= 0.66659

     Cl  18    Vxx=   -2.3906    axis=( -0.451031 -0.317657 -0.834066)
     Cl  18    Vyy=   -2.7178    axis=( -0.521728 -0.664380  0.535162)
     Cl  18    Vzz=    5.1084    axis=( -0.724134  0.676530  0.133926)
     Cl  18  Q=        -8.1650 1e-30 m^2  Cq=       -98.0019 MHz  eta= 0.06405

     H   19    Vxx=   -0.1280    axis=( -0.533693  0.633882  0.559790)
     H   19    Vyy=   -0.2896    axis=( -0.810611 -0.572084 -0.125017)
     H   19    Vzz=    0.4175    axis=(  0.241001 -0.520493  0.819149)
     H   19  Q=         1.0000 1e-30 m^2  Cq=         0.9811 MHz  eta= 0.38696

     C   20    Vxx=   -0.1341    axis=( -0.663213  0.416866  0.621588)
     C   20    Vyy=   -0.4708    axis=(  0.426552 -0.471903  0.771597)
     C   20    Vzz=    0.6048    axis=(  0.614981  0.776872  0.135157)
     C   20  Q=         1.0000 1e-30 m^2  Cq=         1.4211 MHz  eta= 0.55667

     H   21    Vxx=   -0.0301    axis=( -0.520561  0.375343  0.766899)
     H   21    Vyy=   -0.6660    axis=(  0.227318  0.926700 -0.299254)
     H   21    Vzz=    0.6961    axis=( -0.823008  0.018550 -0.567726)
     H   21  Q=         1.0000 1e-30 m^2  Cq=         1.6356 MHz  eta= 0.91363

     C   22    Vxx=   -0.0192    axis=( -0.190740  0.449935  0.872454)
     C   22    Vyy=   -0.9396    axis=( -0.981383 -0.067060 -0.179971)
     C   22    Vzz=    0.9588    axis=( -0.022469 -0.890540  0.454350)
     C   22  Q=         1.0000 1e-30 m^2  Cq=         2.2529 MHz  eta= 0.95994

     C   23    Vxx=    0.1340    axis=(  0.574945 -0.802371 -0.160124)
     C   23    Vyy=    0.4116    axis=(  0.800115  0.510458  0.315039)
     C   23    Vzz=   -0.5456    axis=( -0.171041 -0.309247  0.935474)
     C   23  Q=         1.0000 1e-30 m^2  Cq=        -1.2820 MHz  eta= 0.50868

     Cl  24    Vxx=   -0.7237    axis=(  0.969018  0.243724  0.040041)
     Cl  24    Vyy=   -1.9932    axis=(  0.081997 -0.164525 -0.982959)
     Cl  24    Vzz=    2.7169    axis=( -0.232983  0.955788 -0.179412)
     Cl  24  Q=        -8.1650 1e-30 m^2  Cq=       -52.1226 MHz  eta= 0.46726

     Initialization:
     gipaw_setup  :      9.36s CPU     11.29s WALL (       1 calls)

     Linear response

     Apply operators

     Induced current

     Other routines
     efg          :      9.50s CPU     12.22s WALL (       1 calls)

     General routines
     calbec       :      3.33s CPU      4.63s WALL (      16 calls)
     fft          :      1.49s CPU      1.90s WALL (      15 calls)
     ffts         :      0.05s CPU      0.06s WALL (       2 calls)
     fftw         :      3.32s CPU      4.05s WALL (     672 calls)
     davcio       :      0.06s CPU      0.36s WALL (      32 calls)

     Parallel routines
     fft_scatter  :      2.18s CPU      3.20s WALL (     689 calls)

     Plugins

     GIPAW        :     61.07s CPU     74.13s WALL (       1 calls)
