
     Program QE v.6.0 (svn rev. 13079) starts on 20Dec2016 at  2:44: 4 

     This program is part of the open-source Quantum ESPRESSO suite
     for quantum simulation of materials; please cite
         "P. Giannozzi et al., J. Phys.:Condens. Matter 21 395502 (2009);
          URL http://www.quantum-espresso.org", 
     in publications or presentations arising from this work. More details at
     http://www.quantum-espresso.org/quote

     Parallel version (MPI), running on     8 processors
     R & G space division:  proc/nbgrp/npool/nimage =       8

     ***** This is GIPAW svn revision unknown      *****

     Parallelizing q-star over 1 images

     Reading data from directory:
     /users/majewski/paradichlorobenzene/pbe/9_constraint/scratch/pbe.ecut100.np8.dt60.pcl2phi-129368.save
     Message from routine read_xml_file:
     file /users/majewski/paradichlorobenzene/pbe/9_constraint/scratch/pbe.ecut100.np8.dt60.pcl2phi-129368.save not guaranteed to be safe for post-processing

   Info: using nr1, nr2, nr3 values from input

   Info: using nr1, nr2, nr3 values from input

     IMPORTANT: XC functional enforced from input :
     Exchange-correlation      =  SLA  PW   PBX  PBC ( 1  4  3  4 0 0)
     Any further DFT definition will be discarded
     Please, verify this is what you really want

               file C.pbe-n-kjpaw_psl.1.0.0.UPF: wavefunction(s)  2S 2P renormalized
               file Cl.pbe-n-kjpaw_psl.1.0.0.UPF: wavefunction(s)  3S 3P renormalized
               file H.pbe-kjpaw_psl.1.0.0.UPF: wavefunction(s)  1S renormalized

     Parallelization info
     --------------------
     sticks:   dense  smooth     PW     G-vecs:    dense   smooth      PW
     Min        3057    1223    332               144436    36536    5170
     Max        3059    1225    333               144437    36537    5171
     Sum       24467    9791   2657              1155489   292295   41363


     Subspace diagonalization in iterative solution of the eigenvalue problem:
     a serial algorithm will be used

     GIPAW projectors -----------------------------------------------
     atom=  C    l=0  rc=    1.2000  rs=    0.8000
     atom=  C    l=0  rc=    1.2000  rs=    0.8000
     atom=  C    l=1  rc=    1.4000  rs=    0.9333
     atom=  C    l=1  rc=    1.4000  rs=    0.9333
     projs nearly linearly dependent: l=1  n1,n2= 1, 2  s=  0.99951561

     atom=  Cl   l=0  rc=    1.6000  rs=    1.0667
     atom=  Cl   l=0  rc=    1.6000  rs=    1.0667
     atom=  Cl   l=1  rc=    1.6000  rs=    1.0667
     atom=  Cl   l=1  rc=    1.6000  rs=    1.0667
     atom=  Cl   l=2  rc=    1.6000  rs=    1.0667
     atom=  Cl   l=2  rc=    1.6000  rs=    1.0667
     projs nearly linearly dependent: l=2  n1,n2= 1, 2  s=  0.99993509

     atom=  H    l=0  rc=    1.0000  rs=    0.6667
     atom=  H    l=0  rc=    1.0000  rs=    0.6667
     projs nearly linearly dependent: l=0  n1,n2= 1, 2  s=  0.99968852
     -----------------------------------------------------------------

     GIPAW integrals: -------------------------------------------
     Atom  i/j   nmr_para   nmr_dia   epr_rmc  epr_para   epr_dia
       C   1 1   0.83E+03  0.17E-01  0.93E+01  0.24E+08  0.24E+03
       C   2 1   0.86E+03 -0.61E-01  0.94E+01  0.25E+08  0.25E+03
       C   2 2   0.90E+03 -0.15E+00  0.97E+01  0.26E+08  0.26E+03
       C   3 3   0.33E+01  0.34E+00  0.18E+01  0.55E+03  0.21E+02
       C   4 3   0.35E+01  0.37E+00  0.20E+01  0.59E+03  0.22E+02
       C   4 4   0.38E+01  0.39E+00  0.22E+01  0.63E+03  0.24E+02
       Cl  1 1   0.14E+04 -0.47E+00  0.84E+01  0.32E+09  0.42E+03
       Cl  2 1   0.21E+04 -0.37E+00  0.12E+02  0.49E+09  0.65E+03
       Cl  2 2   0.33E+04 -0.16E+00  0.21E+02  0.76E+09  0.10E+04
       Cl  3 3   0.21E+02  0.79E-01  0.89E+01  0.23E+05  0.13E+03
       Cl  4 3   0.24E+02  0.67E-01  0.99E+01  0.27E+05  0.15E+03
       Cl  4 4   0.28E+02  0.44E-01  0.11E+02  0.32E+05  0.18E+03
       Cl  5 5   0.77E+00  0.19E+00  0.18E+01  0.12E+03  0.22E+02
       Cl  6 5   0.80E+00  0.19E+00  0.19E+01  0.12E+03  0.23E+02
       Cl  6 6   0.83E+00  0.20E+00  0.19E+01  0.12E+03  0.23E+02
       H   1 1   0.39E+02  0.19E+00  0.29E+00  0.78E+05  0.13E+02
       H   2 1   0.41E+02  0.21E+00  0.32E+00  0.82E+05  0.14E+02
       H   2 2   0.43E+02  0.22E+00  0.36E+00  0.86E+05  0.15E+02
     ------------------------------------------------------------

     alpha_pv=     33.9721 eV

     Number of occupied bands for each k-point:
     k-point:     1    nbnd_occ=  42
     k-point:     2    nbnd_occ=  42
     k-point:     3    nbnd_occ=  42
     k-point:     4    nbnd_occ=  42
     k-point:     5    nbnd_occ=  42
     k-point:     6    nbnd_occ=  42
     k-point:     7    nbnd_occ=  42
     k-point:     8    nbnd_occ=  42
     k-point:     9    nbnd_occ=  42
     k-point:    10    nbnd_occ=  42
     k-point:    11    nbnd_occ=  42
     k-point:    12    nbnd_occ=  42
     k-point:    13    nbnd_occ=  42
     k-point:    14    nbnd_occ=  42
     k-point:    15    nbnd_occ=  42
     k-point:    16    nbnd_occ=  42


     q-space interpolation up to   110.00 Rydberg

     GIPAW job: efg                                                                             


     ELECTRIC FIELD GRADIENTS TENSORS IN Hartree/bohrradius^2:

     ----- bare term -----
     Cl   1       -0.099450        0.290918       -0.157565
     Cl   1        0.290918       -0.117981       -0.042864
     Cl   1       -0.157565       -0.042864        0.217431

     C    2        0.091683       -0.246056       -0.598037
     C    2       -0.246056       -0.272647       -0.522433
     C    2       -0.598037       -0.522433        0.180963

     C    3        0.039433        0.281389        0.081687
     C    3        0.281389       -0.039356        0.053163
     C    3        0.081687        0.053163       -0.000077

     H    4        0.185983       -0.058703       -0.173223
     H    4       -0.058703        0.346361        0.161293
     H    4       -0.173223        0.161293       -0.532344

     C    5       -0.088892       -0.016877       -0.325530
     C    5       -0.016877       -0.012064       -0.278376
     C    5       -0.325530       -0.278376        0.100956

     H    6        0.206028        0.048522        0.374556
     H    6        0.048522        0.115593       -0.364321
     H    6        0.374556       -0.364321       -0.321620

     H    7        0.349699       -0.036456       -0.298179
     H    7       -0.036456       -0.227563        0.404728
     H    7       -0.298179        0.404728       -0.122137

     C    8       -0.641941       -0.357205       -0.370609
     C    8       -0.357205        0.267324        0.304475
     C    8       -0.370609        0.304475        0.374616

     H    9       -0.491477        0.050996       -0.394355
     H    9        0.050996        0.247146        0.288061
     H    9       -0.394355        0.288061        0.244331

     C   10       -0.042194       -0.318829       -0.070409
     C   10       -0.318829       -0.519167        0.435306
     C   10       -0.070409        0.435306        0.561361

     C   11       -0.657784       -0.084633       -0.219429
     C   11       -0.084633        0.131300        0.137314
     C   11       -0.219429        0.137314        0.526484

     Cl  12       -0.091246       -0.091368        0.094204
     Cl  12       -0.091368       -0.036595       -0.131212
     Cl  12        0.094204       -0.131212        0.127841

     H   13        0.508887        0.054078       -0.189494
     H   13        0.054078       -0.022914       -0.203424
     H   13       -0.189494       -0.203424       -0.485973

     C   14       -0.569578        0.312858       -0.089502
     C   14        0.312858        0.208838       -0.327977
     C   14       -0.089502       -0.327977        0.360740

     H   15        0.142335        0.049271       -0.369375
     H   15        0.049271        0.128993        0.249228
     H   15       -0.369375        0.249228       -0.271328

     C   16        0.031641       -0.003464       -0.206423
     C   16       -0.003464       -0.047241       -0.584857
     C   16       -0.206423       -0.584857        0.015600

     C   17       -0.540279        0.308194       -0.326551
     C   17        0.308194        0.211966       -0.316995
     C   17       -0.326551       -0.316995        0.328313

     Cl  18        0.093279        0.041381       -0.069151
     Cl  18        0.041381       -0.117380        0.044230
     Cl  18       -0.069151        0.044230        0.024101

     H   19       -0.111822        0.414259       -0.210404
     H   19        0.414259       -0.201666        0.352542
     H   19       -0.210404        0.352542        0.313488

     C   20        0.097391       -0.600840        0.091738
     C   20       -0.600840       -0.494925        0.380719
     C   20        0.091738        0.380719        0.397533

     H   21       -0.576613        0.360490        0.174116
     H   21        0.360490        0.327503       -0.011521
     H   21        0.174116       -0.011521        0.249110

     C   22       -0.069428       -0.113958       -0.353157
     C   22       -0.113958       -0.177655        0.393523
     C   22       -0.353157        0.393523        0.247083

     C   23       -0.275959       -0.188943       -0.352419
     C   23       -0.188943       -0.124821        0.533027
     C   23       -0.352419        0.533027        0.400780

     Cl  24        0.152123        0.020432        0.281367
     Cl  24        0.020432        0.254515       -0.231277
     Cl  24        0.281367       -0.231277       -0.406638

     ----- ionic term -----
     Cl   1        0.114334       -0.207752        0.024383
     Cl   1       -0.207752        0.015928       -0.006350
     Cl   1        0.024383       -0.006350       -0.130262

     C    2        0.032961       -0.314353        0.282758
     C    2       -0.314353       -0.024408        0.387264
     C    2        0.282758        0.387264       -0.008553

     C    3        0.013073       -0.407610        0.226789
     C    3       -0.407610        0.052295        0.334759
     C    3        0.226789        0.334759       -0.065368

     H    4        0.338388        0.012396        0.810491
     H    4        0.012396       -0.548596        0.086662
     H    4        0.810491        0.086662        0.210208

     C    5        0.057005       -0.375482        0.333380
     C    5       -0.375482        0.015840        0.216497
     C    5        0.333380        0.216497       -0.072845

     H    6       -0.551960       -0.061303       -0.011925
     H    6       -0.061303        0.527239        0.755130
     H    6       -0.011925        0.755130        0.024722

     H    7       -0.459216       -0.236560        0.170828
     H    7       -0.236560        0.465448       -0.772028
     H    7        0.170828       -0.772028       -0.006232

     C    8        0.418524        0.135756        0.169502
     C    8        0.135756       -0.072348       -0.349623
     C    8        0.169502       -0.349623       -0.346176

     H    9        0.631055       -0.208967        0.702095
     H    9       -0.208967       -0.483255       -0.203645
     H    9        0.702095       -0.203645       -0.147800

     C   10        0.223236        0.232314        0.101966
     C   10        0.232314        0.061872       -0.404418
     C   10        0.101966       -0.404418       -0.285108

     C   11        0.277525        0.146790        0.185184
     C   11        0.146790        0.053813       -0.335705
     C   11        0.185184       -0.335705       -0.331339

     Cl  12        0.116581        0.205780        0.012845
     Cl  12        0.205780        0.023633       -0.003249
     Cl  12        0.012845       -0.003249       -0.140213

     H   13       -0.545761        0.022028        0.020924
     H   13        0.022028        0.303848        0.796569
     H   13        0.020924        0.796569        0.241913

     C   14        0.101651       -0.308040        0.318193
     C   14       -0.308040       -0.016474        0.251346
     C   14        0.318193        0.251346       -0.085177

     H   15        0.255651        0.002423        0.784972
     H   15        0.002423       -0.505393        0.068255
     H   15        0.784972        0.068255        0.249742

     C   16       -0.007251       -0.352522        0.250965
     C   16       -0.352522        0.116037        0.331927
     C   16        0.250965        0.331927       -0.108787

     C   17       -0.065200       -0.288421        0.364237
     C   17       -0.288421        0.051833        0.341699
     C   17        0.364237        0.341699        0.013367

     Cl  18        0.078269       -0.212042        0.031051
     Cl  18       -0.212042        0.055995       -0.022726
     Cl  18        0.031051       -0.022726       -0.134264

     H   19       -0.469512       -0.291228        0.157977
     H   19       -0.291228        0.688155       -0.675064
     H   19        0.157977       -0.675064       -0.218643

     C   20        0.333683        0.099300        0.103667
     C   20        0.099300        0.029785       -0.338620
     C   20        0.103667       -0.338620       -0.363469

     H   21        0.827583       -0.338303        0.446974
     H   21       -0.338303       -0.448420       -0.197823
     H   21        0.446974       -0.197823       -0.379163

     C   22        0.206793        0.142437        0.030761
     C   22        0.142437        0.136450       -0.425549
     C   22        0.030761       -0.425549       -0.343243

     C   23        0.310340        0.072451        0.153149
     C   23        0.072451        0.021931       -0.395729
     C   23        0.153149       -0.395729       -0.332270

     Cl  24        0.113417        0.162358       -0.062840
     Cl  24        0.162358       -0.006832       -0.043950
     Cl  24       -0.062840       -0.043950       -0.106585

     ----- GIPAW term -----
     Cl   1        1.247710       -0.207309       -2.225113
     Cl   1       -0.207309       -1.277413       -0.658341
     Cl   1       -2.225113       -0.658341        0.029703

     C    2        0.141253       -0.143570       -0.239370
     C    2       -0.143570       -0.134901       -0.040839
     C    2       -0.239370       -0.040839       -0.006352

     C    3        0.025038        0.006210       -0.007489
     C    3        0.006210       -0.013957        0.023649
     C    3       -0.007489        0.023649       -0.011081

     H    4       -0.000000        0.000000        0.000000
     H    4        0.000000        0.000000        0.000000
     H    4        0.000000        0.000000        0.000000

     C    5        0.032361        0.004000       -0.150866
     C    5        0.004000       -0.099664       -0.052180
     C    5       -0.150866       -0.052180        0.067303

     H    6       -0.000000        0.000000        0.000000
     H    6        0.000000        0.000000        0.000000
     H    6        0.000000        0.000000        0.000000

     H    7       -0.000000        0.000000        0.000000
     H    7        0.000000        0.000000        0.000000
     H    7        0.000000        0.000000        0.000000

     C    8       -0.166016       -0.090728       -0.057738
     C    8       -0.090728        0.174030        0.076708
     C    8       -0.057738        0.076708       -0.008014

     H    9       -0.000000        0.000000        0.000000
     H    9        0.000000        0.000000        0.000000
     H    9        0.000000        0.000000        0.000000

     C   10       -0.090929       -0.054193        0.029298
     C   10       -0.054193       -0.117201       -0.072901
     C   10        0.029298       -0.072901        0.208130

     C   11       -0.124940        0.013220        0.113378
     C   11        0.013220       -0.057740       -0.130661
     C   11        0.113378       -0.130661        0.182680

     Cl  12        0.058874        0.892819        1.163927
     Cl  12        0.892819       -0.331755       -1.778946
     Cl  12        1.163927       -1.778946        0.272881

     H   13       -0.000000        0.000000        0.000000
     H   13        0.000000        0.000000        0.000000
     H   13        0.000000        0.000000        0.000000

     C   14       -0.117522       -0.111552        0.069747
     C   14       -0.111552        0.171177       -0.129388
     C   14        0.069747       -0.129388       -0.053655

     H   15       -0.000000        0.000000        0.000000
     H   15        0.000000        0.000000        0.000000
     H   15        0.000000        0.000000        0.000000

     C   16       -0.100738       -0.052640       -0.012642
     C   16       -0.052640        0.144166       -0.186290
     C   16       -0.012642       -0.186290       -0.043429

     C   17       -0.123504       -0.091664       -0.042273
     C   17       -0.091664        0.241207       -0.065299
     C   17       -0.042273       -0.065299       -0.117703

     Cl  18       -0.159882       -0.635543       -0.500722
     Cl  18       -0.635543        1.896067       -1.406430
     Cl  18       -0.500722       -1.406430       -1.736185

     H   19       -0.000000        0.000000        0.000000
     H   19        0.000000        0.000000        0.000000
     H   19        0.000000        0.000000        0.000000

     C   20        0.193513       -0.209172        0.153550
     C   20       -0.209172       -0.170450        0.015483
     C   20        0.153550        0.015483       -0.023062

     H   21       -0.000000        0.000000        0.000000
     H   21        0.000000        0.000000        0.000000
     H   21        0.000000        0.000000        0.000000

     C   22        0.046339       -0.081445       -0.209445
     C   22       -0.081445       -0.071850        0.109119
     C   22       -0.209445        0.109119        0.025511

     C   23       -0.010538        0.015119       -0.180151
     C   23        0.015119       -0.080925        0.158071
     C   23       -0.180151        0.158071        0.091463

     Cl  24        0.087302        0.559559       -0.544935
     Cl  24        0.559559       -0.389426        0.386274
     Cl  24       -0.544935        0.386274        0.302124

     ----- total EFG -----
     Cl   1        1.262593       -0.124143       -2.358294
     Cl   1       -0.124143       -1.379466       -0.707555
     Cl   1       -2.358294       -0.707555        0.116873

     C    2        0.265897       -0.703979       -0.554649
     C    2       -0.703979       -0.431955       -0.176008
     C    2       -0.554649       -0.176008        0.166058

     C    3        0.077545       -0.120011        0.300988
     C    3       -0.120011       -0.001018        0.411570
     C    3        0.300988        0.411570       -0.076526

     H    4        0.524371       -0.046308        0.637268
     H    4       -0.046308       -0.202235        0.247954
     H    4        0.637268        0.247954       -0.322135

     C    5        0.000475       -0.388358       -0.143015
     C    5       -0.388358       -0.095888       -0.114059
     C    5       -0.143015       -0.114059        0.095414

     H    6       -0.345933       -0.012781        0.362631
     H    6       -0.012781        0.642831        0.390810
     H    6        0.362631        0.390810       -0.296899

     H    7       -0.109517       -0.273016       -0.127352
     H    7       -0.273016        0.237885       -0.367300
     H    7       -0.127352       -0.367300       -0.128368

     C    8       -0.389433       -0.312176       -0.258845
     C    8       -0.312176        0.369007        0.031560
     C    8       -0.258845        0.031560        0.020426

     H    9        0.139579       -0.157971        0.307740
     H    9       -0.157971       -0.236110        0.084416
     H    9        0.307740        0.084416        0.096531

     C   10        0.090114       -0.140708        0.060855
     C   10       -0.140708       -0.574496       -0.042013
     C   10        0.060855       -0.042013        0.484383

     C   11       -0.505199        0.075377        0.079134
     C   11        0.075377        0.127373       -0.329051
     C   11        0.079134       -0.329051        0.377826

     Cl  12        0.084208        1.007231        1.270975
     Cl  12        1.007231       -0.344718       -1.913407
     Cl  12        1.270975       -1.913407        0.260509

     H   13       -0.036874        0.076106       -0.168570
     H   13        0.076106        0.280934        0.593145
     H   13       -0.168570        0.593145       -0.244060

     C   14       -0.585449       -0.106734        0.298438
     C   14       -0.106734        0.363541       -0.206019
     C   14        0.298438       -0.206019        0.221908

     H   15        0.397986        0.051694        0.415597
     H   15        0.051694       -0.376400        0.317483
     H   15        0.415597        0.317483       -0.021586

     C   16       -0.076347       -0.408626        0.031900
     C   16       -0.408626        0.212963       -0.439220
     C   16        0.031900       -0.439220       -0.136616

     C   17       -0.728983       -0.071891       -0.004587
     C   17       -0.071891        0.505006       -0.040595
     C   17       -0.004587       -0.040595        0.223977

     Cl  18        0.011666       -0.806205       -0.538822
     Cl  18       -0.806205        1.834682       -1.384926
     Cl  18       -0.538822       -1.384926       -1.846348

     H   19       -0.581334        0.123031       -0.052427
     H   19        0.123031        0.486489       -0.322522
     H   19       -0.052427       -0.322522        0.094845

     C   20        0.624587       -0.710713        0.348955
     C   20       -0.710713       -0.635589        0.057582
     C   20        0.348955        0.057582        0.011003

     H   21        0.250970        0.022187        0.621090
     H   21        0.022187       -0.120917       -0.209344
     H   21        0.621090       -0.209344       -0.130053

     C   22        0.183704       -0.052966       -0.531841
     C   22       -0.052966       -0.113055        0.077092
     C   22       -0.531841        0.077092       -0.070649

     C   23        0.023842       -0.101374       -0.379421
     C   23       -0.101374       -0.183815        0.295370
     C   23       -0.379421        0.295370        0.159973

     Cl  24        0.352843        0.742349       -0.326409
     Cl  24        0.742349       -0.141744        0.111046
     Cl  24       -0.326409        0.111046       -0.211099

     ----- total EFG (symmetrized) -----
     Cl   1        1.262593       -0.124143       -2.358294
     Cl   1       -0.124143       -1.379466       -0.707555
     Cl   1       -2.358294       -0.707555        0.116873

     C    2        0.265897       -0.703979       -0.554649
     C    2       -0.703979       -0.431955       -0.176008
     C    2       -0.554649       -0.176008        0.166058

     C    3        0.077545       -0.120011        0.300988
     C    3       -0.120011       -0.001018        0.411570
     C    3        0.300988        0.411570       -0.076526

     H    4        0.524371       -0.046308        0.637268
     H    4       -0.046308       -0.202235        0.247954
     H    4        0.637268        0.247954       -0.322135

     C    5        0.000475       -0.388358       -0.143015
     C    5       -0.388358       -0.095888       -0.114059
     C    5       -0.143015       -0.114059        0.095414

     H    6       -0.345933       -0.012781        0.362631
     H    6       -0.012781        0.642831        0.390810
     H    6        0.362631        0.390810       -0.296899

     H    7       -0.109517       -0.273016       -0.127352
     H    7       -0.273016        0.237885       -0.367300
     H    7       -0.127352       -0.367300       -0.128368

     C    8       -0.389433       -0.312176       -0.258845
     C    8       -0.312176        0.369007        0.031560
     C    8       -0.258845        0.031560        0.020426

     H    9        0.139579       -0.157971        0.307740
     H    9       -0.157971       -0.236110        0.084416
     H    9        0.307740        0.084416        0.096531

     C   10        0.090114       -0.140708        0.060855
     C   10       -0.140708       -0.574496       -0.042013
     C   10        0.060855       -0.042013        0.484383

     C   11       -0.505199        0.075377        0.079134
     C   11        0.075377        0.127373       -0.329051
     C   11        0.079134       -0.329051        0.377826

     Cl  12        0.084208        1.007231        1.270975
     Cl  12        1.007231       -0.344718       -1.913407
     Cl  12        1.270975       -1.913407        0.260509

     H   13       -0.036874        0.076106       -0.168570
     H   13        0.076106        0.280934        0.593145
     H   13       -0.168570        0.593145       -0.244060

     C   14       -0.585449       -0.106734        0.298438
     C   14       -0.106734        0.363541       -0.206019
     C   14        0.298438       -0.206019        0.221908

     H   15        0.397986        0.051694        0.415597
     H   15        0.051694       -0.376400        0.317483
     H   15        0.415597        0.317483       -0.021586

     C   16       -0.076347       -0.408626        0.031900
     C   16       -0.408626        0.212963       -0.439220
     C   16        0.031900       -0.439220       -0.136616

     C   17       -0.728983       -0.071891       -0.004587
     C   17       -0.071891        0.505006       -0.040595
     C   17       -0.004587       -0.040595        0.223977

     Cl  18        0.011666       -0.806205       -0.538822
     Cl  18       -0.806205        1.834682       -1.384926
     Cl  18       -0.538822       -1.384926       -1.846348

     H   19       -0.581334        0.123031       -0.052427
     H   19        0.123031        0.486489       -0.322522
     H   19       -0.052427       -0.322522        0.094845

     C   20        0.624587       -0.710713        0.348955
     C   20       -0.710713       -0.635589        0.057582
     C   20        0.348955        0.057582        0.011003

     H   21        0.250970        0.022187        0.621090
     H   21        0.022187       -0.120917       -0.209344
     H   21        0.621090       -0.209344       -0.130053

     C   22        0.183704       -0.052966       -0.531841
     C   22       -0.052966       -0.113055        0.077092
     C   22       -0.531841        0.077092       -0.070649

     C   23        0.023842       -0.101374       -0.379421
     C   23       -0.101374       -0.183815        0.295370
     C   23       -0.379421        0.295370        0.159973

     Cl  24        0.352843        0.742349       -0.326409
     Cl  24        0.742349       -0.141744        0.111046
     Cl  24       -0.326409        0.111046       -0.211099


     NQR/NMR SPECTROSCOPIC PARAMETERS:
     Cl   1    Vxx=   -0.9186    axis=(  0.429474 -0.789323  0.438773)
     Cl   1    Vyy=   -2.2240    axis=( -0.459058 -0.609221 -0.646619)
     Cl   1    Vzz=    3.1426    axis=( -0.777700 -0.076284  0.623990)
     Cl   1  Q=        -8.1650 1e-30 m^2  Cq=       -60.2892 MHz  eta= 0.41539

     C    2    Vxx=    0.1186    axis=(  0.247203 -0.567226  0.785586)
     C    2    Vyy=    0.9236    axis=(  0.793313 -0.347044 -0.500215)
     C    2    Vzz=   -1.0422    axis=( -0.556368 -0.746870 -0.364197)
     C    2  Q=         1.0000 1e-30 m^2  Cq=        -2.4488 MHz  eta= 0.77238

     C    3    Vxx=    0.1645    axis=( -0.806419  0.591338  0.002716)
     C    3    Vyy=    0.4277    axis=(  0.417339  0.565867  0.711072)
     C    3    Vzz=   -0.5922    axis=( -0.418947 -0.574556  0.703114)
     C    3  Q=         1.0000 1e-30 m^2  Cq=        -1.3914 MHz  eta= 0.44432

     H    4    Vxx=   -0.1049    axis=(  0.249739 -0.916271 -0.313173)
     H    4    Vyy=   -0.7669    axis=(  0.418123  0.393758 -0.818613)
     H    4    Vzz=    0.8718    axis=(  0.873386  0.073495  0.481451)
     H    4  Q=         1.0000 1e-30 m^2  Cq=         2.0483 MHz  eta= 0.75942

     C    5    Vxx=    0.1458    axis=( -0.079409 -0.318167  0.944703)
     C    5    Vyy=    0.3484    axis=(  0.763101 -0.629163 -0.147752)
     C    5    Vzz=   -0.4942    axis=(  0.641382  0.709171  0.292755)
     C    5  Q=         1.0000 1e-30 m^2  Cq=        -1.1612 MHz  eta= 0.40977

     H    6    Vxx=   -0.0519    axis=(  0.741816 -0.318359  0.590217)
     H    6    Vyy=   -0.7440    axis=(  0.662203  0.208887 -0.719620)
     H    6    Vzz=    0.7960    axis=(  0.105809  0.924670  0.365774)
     H    6  Q=         1.0000 1e-30 m^2  Cq=         1.8702 MHz  eta= 0.86953

     H    7    Vxx=    0.0064    axis=(  0.787160 -0.047326 -0.614930)
     H    7    Vyy=    0.5147    axis=(  0.286006 -0.855353  0.431940)
     H    7    Vzz=   -0.5210    axis=(  0.546424  0.515880  0.659764)
     H    7  Q=         1.0000 1e-30 m^2  Cq=        -1.2242 MHz  eta= 0.97549

     C    8    Vxx=    0.0797    axis=( -0.249879 -0.367341  0.895891)
     C    8    Vyy=    0.5123    axis=(  0.381336 -0.887802 -0.257664)
     C    8    Vzz=   -0.5919    axis=(  0.890024  0.277251  0.361924)
     C    8  Q=         1.0000 1e-30 m^2  Cq=        -1.3908 MHz  eta= 0.73078

     H    9    Vxx=   -0.0453    axis=( -0.458131  0.648356  0.608071)
     H    9    Vyy=   -0.3866    axis=(  0.484558  0.755664 -0.440654)
     H    9    Vzz=    0.4319    axis=( -0.745198  0.092769 -0.660359)
     H    9  Q=         1.0000 1e-30 m^2  Cq=         1.0149 MHz  eta= 0.79018

     C   10    Vxx=    0.1065    axis=( -0.966032  0.188717  0.176545)
     C   10    Vyy=    0.4974    axis=(  0.167974 -0.060618  0.983926)
     C   10    Vzz=   -0.6038    axis=( -0.196385 -0.980159 -0.026859)
     C   10  Q=         1.0000 1e-30 m^2  Cq=        -1.4188 MHz  eta= 0.64732

     C   11    Vxx=   -0.0730    axis=(  0.239889  0.803738  0.544480)
     C   11    Vyy=   -0.5321    axis=( -0.970585  0.186754  0.151946)
     C   11    Vzz=    0.6051    axis=(  0.020441 -0.564914  0.824896)
     C   11  Q=         1.0000 1e-30 m^2  Cq=         1.4218 MHz  eta= 0.75860

     Cl  12    Vxx=    0.8757    axis=(  0.843813  0.525438  0.109059)
     Cl  12    Vyy=    1.9731    axis=(  0.241449 -0.553230  0.797270)
     Cl  12    Vzz=   -2.8488    axis=( -0.479251  0.646415  0.593689)
     Cl  12  Q=        -8.1650 1e-30 m^2  Cq=        54.6530 MHz  eta= 0.38524

     H   13    Vxx=    0.0138    axis=(  0.961170  0.183601 -0.206016)
     H   13    Vyy=    0.6682    axis=( -0.041453  0.834143  0.549989)
     H   13    Vzz=   -0.6820    axis=(  0.272826 -0.520093  0.809364)
     H   13  Q=         1.0000 1e-30 m^2  Cq=        -1.6025 MHz  eta= 0.95955

     C   14    Vxx=    0.1126    axis=(  0.202207  0.671331  0.713041)
     C   14    Vyy=    0.5726    axis=( -0.230955  0.740234 -0.631438)
     C   14    Vzz=   -0.6852    axis=(  0.951721  0.037000 -0.304728)
     C   14  Q=         1.0000 1e-30 m^2  Cq=        -1.6098 MHz  eta= 0.67139

     H   15    Vxx=   -0.1005    axis=(  0.556200 -0.580282 -0.594907)
     H   15    Vyy=   -0.5970    axis=(  0.201620  0.788686 -0.580795)
     H   15    Vzz=    0.6974    axis=( -0.806220 -0.203093 -0.555664)
     H   15  Q=         1.0000 1e-30 m^2  Cq=         1.6387 MHz  eta= 0.71191

     C   16    Vxx=   -0.1351    axis=( -0.753087 -0.057027  0.655445)
     C   16    Vyy=   -0.5507    axis=(  0.489767  0.616611  0.616375)
     C   16    Vzz=    0.6857    axis=(  0.439305 -0.785200  0.436432)
     C   16  Q=         1.0000 1e-30 m^2  Cq=         1.6111 MHz  eta= 0.60609

     C   17    Vxx=    0.2185    axis=( -0.015155  0.136522  0.990521)
     C   17    Vyy=    0.5148    axis=( -0.056656  0.988926 -0.137169)
     C   17    Vzz=   -0.7332    axis=( -0.998279 -0.058198 -0.007253)
     C   17  Q=         1.0000 1e-30 m^2  Cq=        -1.7227 MHz  eta= 0.40412

     Cl  18    Vxx=    0.0958    axis=(  0.922789  0.142826 -0.357856)
     Cl  18    Vyy=    2.4499    axis=( -0.248300  0.930626 -0.268854)
     Cl  18    Vzz=   -2.5457    axis=(  0.294631  0.336951  0.894235)
     Cl  18  Q=        -8.1650 1e-30 m^2  Cq=        48.8384 MHz  eta= 0.92471

     H   19    Vxx=   -0.0862    axis=(  0.028235  0.485876  0.873572)
     H   19    Vyy=   -0.5957    axis=( -0.994106  0.105158 -0.026357)
     H   19    Vzz=    0.6820    axis=( -0.104669 -0.867679  0.485981)
     H   19  Q=         1.0000 1e-30 m^2  Cq=         1.6024 MHz  eta= 0.74710

     C   20    Vxx=   -0.0359    axis=( -0.175284  0.297842  0.938385)
     C   20    Vyy=   -0.9951    axis=(  0.429441  0.880817 -0.199353)
     C   20    Vzz=    1.0310    axis=( -0.885921  0.368038 -0.282299)
     C   20  Q=         1.0000 1e-30 m^2  Cq=         2.4225 MHz  eta= 0.93035

     H   21    Vxx=   -0.0718    axis=(  0.297794  0.935900 -0.188175)
     H   21    Vyy=   -0.6522    axis=( -0.540767  0.327823  0.774663)
     H   21    Vzz=    0.7240    axis=(  0.786695 -0.128931  0.603728)
     H   21  Q=         1.0000 1e-30 m^2  Cq=         1.7010 MHz  eta= 0.80175

     C   22    Vxx=   -0.1220    axis=( -0.141821 -0.989745  0.017056)
     C   22    Vyy=   -0.4924    axis=(  0.612971 -0.074277  0.786606)
     C   22    Vzz=    0.6143    axis=(  0.777273 -0.122012 -0.617220)
     C   22  Q=         1.0000 1e-30 m^2  Cq=         1.4435 MHz  eta= 0.60292

     C   23    Vxx=   -0.1903    axis=( -0.722381 -0.650793 -0.233741)
     C   23    Vyy=   -0.3991    axis=(  0.400682 -0.669433  0.625550)
     C   23    Vzz=    0.5894    axis=( -0.563577  0.358230  0.744347)
     C   23  Q=         1.0000 1e-30 m^2  Cq=         1.3849 MHz  eta= 0.35441

     Cl  24    Vxx=   -0.1115    axis=(  0.113162 -0.458380 -0.881523)
     Cl  24    Vyy=   -0.8133    axis=(  0.566938 -0.698820  0.436156)
     Cl  24    Vzz=    0.9248    axis=( -0.815951 -0.549125  0.180793)
     Cl  24  Q=        -8.1650 1e-30 m^2  Cq=       -17.7410 MHz  eta= 0.75895

     Initialization:
     gipaw_setup  :      8.94s CPU     11.11s WALL (       1 calls)

     Linear response

     Apply operators

     Induced current

     Other routines
     efg          :      9.34s CPU     11.66s WALL (       1 calls)

     General routines
     calbec       :      3.23s CPU      4.15s WALL (      16 calls)
     fft          :      1.67s CPU      2.60s WALL (      15 calls)
     ffts         :      0.04s CPU      0.09s WALL (       2 calls)
     fftw         :      3.40s CPU      4.16s WALL (     672 calls)
     davcio       :      0.04s CPU      0.32s WALL (      32 calls)

     Parallel routines
     fft_scatter  :      2.54s CPU      3.96s WALL (     689 calls)

     Plugins

     GIPAW        :     60.61s CPU     73.36s WALL (       1 calls)
