
     Program QE v.6.0 (svn rev. 13079) starts on  8Jan2017 at 17: 1:45 

     This program is part of the open-source Quantum ESPRESSO suite
     for quantum simulation of materials; please cite
         "P. Giannozzi et al., J. Phys.:Condens. Matter 21 395502 (2009);
          URL http://www.quantum-espresso.org", 
     in publications or presentations arising from this work. More details at
     http://www.quantum-espresso.org/quote

     Parallel version (MPI), running on     8 processors
     R & G space division:  proc/nbgrp/npool/nimage =       8

     ***** This is GIPAW svn revision unknown      *****

     Parallelizing q-star over 1 images

     Reading data from directory:
     /users/majewski/paradichlorobenzene/pbe/9_constraint/scratch/pbe.ecut100.np8.dt60.pcl2phi-129368.save
     Message from routine read_xml_file:
     file /users/majewski/paradichlorobenzene/pbe/9_constraint/scratch/pbe.ecut100.np8.dt60.pcl2phi-129368.save not guaranteed to be safe for post-processing

   Info: using nr1, nr2, nr3 values from input

   Info: using nr1, nr2, nr3 values from input

     IMPORTANT: XC functional enforced from input :
     Exchange-correlation      =  SLA  PW   PBX  PBC ( 1  4  3  4 0 0)
     Any further DFT definition will be discarded
     Please, verify this is what you really want

               file C.pbe-n-kjpaw_psl.1.0.0.UPF: wavefunction(s)  2S 2P renormalized
               file Cl.pbe-n-kjpaw_psl.1.0.0.UPF: wavefunction(s)  3S 3P renormalized
               file H.pbe-kjpaw_psl.1.0.0.UPF: wavefunction(s)  1S renormalized

     Parallelization info
     --------------------
     sticks:   dense  smooth     PW     G-vecs:    dense   smooth      PW
     Min        3057    1223    332               144436    36536    5170
     Max        3059    1225    333               144437    36537    5171
     Sum       24467    9791   2657              1155489   292295   41363


     Subspace diagonalization in iterative solution of the eigenvalue problem:
     a serial algorithm will be used

     GIPAW projectors -----------------------------------------------
     atom=  C    l=0  rc=    1.2000  rs=    0.8000
     atom=  C    l=0  rc=    1.2000  rs=    0.8000
     atom=  C    l=1  rc=    1.4000  rs=    0.9333
     atom=  C    l=1  rc=    1.4000  rs=    0.9333
     projs nearly linearly dependent: l=1  n1,n2= 1, 2  s=  0.99951561

     atom=  Cl   l=0  rc=    1.6000  rs=    1.0667
     atom=  Cl   l=0  rc=    1.6000  rs=    1.0667
     atom=  Cl   l=1  rc=    1.6000  rs=    1.0667
     atom=  Cl   l=1  rc=    1.6000  rs=    1.0667
     atom=  Cl   l=2  rc=    1.6000  rs=    1.0667
     atom=  Cl   l=2  rc=    1.6000  rs=    1.0667
     projs nearly linearly dependent: l=2  n1,n2= 1, 2  s=  0.99993509

     atom=  H    l=0  rc=    1.0000  rs=    0.6667
     atom=  H    l=0  rc=    1.0000  rs=    0.6667
     projs nearly linearly dependent: l=0  n1,n2= 1, 2  s=  0.99968852
     -----------------------------------------------------------------

     GIPAW integrals: -------------------------------------------
     Atom  i/j   nmr_para   nmr_dia   epr_rmc  epr_para   epr_dia
       C   1 1   0.83E+03  0.17E-01  0.93E+01  0.24E+08  0.24E+03
       C   2 1   0.86E+03 -0.61E-01  0.94E+01  0.25E+08  0.25E+03
       C   2 2   0.90E+03 -0.15E+00  0.97E+01  0.26E+08  0.26E+03
       C   3 3   0.33E+01  0.34E+00  0.18E+01  0.55E+03  0.21E+02
       C   4 3   0.35E+01  0.37E+00  0.20E+01  0.59E+03  0.22E+02
       C   4 4   0.38E+01  0.39E+00  0.22E+01  0.63E+03  0.24E+02
       Cl  1 1   0.14E+04 -0.47E+00  0.84E+01  0.32E+09  0.42E+03
       Cl  2 1   0.21E+04 -0.37E+00  0.12E+02  0.49E+09  0.65E+03
       Cl  2 2   0.33E+04 -0.16E+00  0.21E+02  0.76E+09  0.10E+04
       Cl  3 3   0.21E+02  0.79E-01  0.89E+01  0.23E+05  0.13E+03
       Cl  4 3   0.24E+02  0.67E-01  0.99E+01  0.27E+05  0.15E+03
       Cl  4 4   0.28E+02  0.44E-01  0.11E+02  0.32E+05  0.18E+03
       Cl  5 5   0.77E+00  0.19E+00  0.18E+01  0.12E+03  0.22E+02
       Cl  6 5   0.80E+00  0.19E+00  0.19E+01  0.12E+03  0.23E+02
       Cl  6 6   0.83E+00  0.20E+00  0.19E+01  0.12E+03  0.23E+02
       H   1 1   0.39E+02  0.19E+00  0.29E+00  0.78E+05  0.13E+02
       H   2 1   0.41E+02  0.21E+00  0.32E+00  0.82E+05  0.14E+02
       H   2 2   0.43E+02  0.22E+00  0.36E+00  0.86E+05  0.15E+02
     ------------------------------------------------------------

     alpha_pv=     34.1744 eV

     Number of occupied bands for each k-point:
     k-point:     1    nbnd_occ=  42
     k-point:     2    nbnd_occ=  42
     k-point:     3    nbnd_occ=  42
     k-point:     4    nbnd_occ=  42
     k-point:     5    nbnd_occ=  42
     k-point:     6    nbnd_occ=  42
     k-point:     7    nbnd_occ=  42
     k-point:     8    nbnd_occ=  42
     k-point:     9    nbnd_occ=  42
     k-point:    10    nbnd_occ=  42
     k-point:    11    nbnd_occ=  42
     k-point:    12    nbnd_occ=  42
     k-point:    13    nbnd_occ=  42
     k-point:    14    nbnd_occ=  42
     k-point:    15    nbnd_occ=  42
     k-point:    16    nbnd_occ=  42


     q-space interpolation up to   110.00 Rydberg

     GIPAW job: efg                                                                             


     ELECTRIC FIELD GRADIENTS TENSORS IN Hartree/bohrradius^2:

     ----- bare term -----
     Cl   1        0.090439       -0.033257        0.167031
     Cl   1       -0.033257       -0.185775        0.376469
     Cl   1        0.167031        0.376469        0.095336

     C    2        0.066858        0.159136       -0.098865
     C    2        0.159136       -0.010314       -0.591916
     C    2       -0.098865       -0.591916       -0.056544

     C    3       -0.402858        0.156660       -0.072091
     C    3        0.156660        0.047712       -0.030677
     C    3       -0.072091       -0.030677        0.355146

     H    4       -0.249188       -0.451573        0.066610
     H    4       -0.451573       -0.052424        0.148222
     H    4        0.066610        0.148222        0.301612

     C    5       -0.113365       -0.032368       -0.268261
     C    5       -0.032368        0.049044       -0.465952
     C    5       -0.268261       -0.465952        0.064321

     H    6        0.438747       -0.224303       -0.006826
     H    6       -0.224303       -0.803157       -0.149889
     H    6       -0.006826       -0.149889        0.364409

     H    7        0.368844        0.070285       -0.051727
     H    7        0.070285       -0.554624        0.596163
     H    7       -0.051727        0.596163        0.185780

     C    8       -0.735624       -0.309922       -0.491559
     C    8       -0.309922        0.153232       -0.021639
     C    8       -0.491559       -0.021639        0.582392

     H    9       -0.576257        0.039421       -0.357754
     H    9        0.039421        0.316021        0.190910
     H    9       -0.357754        0.190910        0.260236

     C   10       -0.014069        0.080227       -0.293249
     C   10        0.080227       -0.112479        0.616087
     C   10       -0.293249        0.616087        0.126548

     C   11       -0.427862       -0.383004       -0.225499
     C   11       -0.383004        0.061663        0.297996
     C   11       -0.225499        0.297996        0.366200

     Cl  12        0.323762       -0.029052       -0.042727
     Cl  12       -0.029052       -0.011700       -0.501079
     Cl  12       -0.042727       -0.501079       -0.312062

     H   13        0.339383        0.102072       -0.302267
     H   13        0.102072       -0.534828        0.071538
     H   13       -0.302267        0.071538        0.195445

     C   14       -0.835837        0.190433       -0.330758
     C   14        0.190433        0.241592       -0.044770
     C   14       -0.330758       -0.044770        0.594246

     H   15       -0.255132       -0.352262        0.244705
     H   15       -0.352262        0.124009        0.152276
     H   15        0.244705        0.152276        0.131123

     C   16        0.207244        0.191322        0.086605
     C   16        0.191322       -0.386402       -0.205957
     C   16        0.086605       -0.205957        0.179157

     C   17       -0.674926        0.155494       -0.311635
     C   17        0.155494        0.056251       -0.152771
     C   17       -0.311635       -0.152771        0.618675

     Cl  18       -0.068843       -0.061062       -0.019539
     Cl  18       -0.061062       -0.040285        0.099697
     Cl  18       -0.019539        0.099697        0.109129

     H   19        0.396022       -0.162792       -0.048955
     H   19       -0.162792       -0.761919        0.136581
     H   19       -0.048955        0.136581        0.365897

     C   20       -0.116618        0.258213       -0.365502
     C   20        0.258213        0.020827        0.513206
     C   20       -0.365502        0.513206        0.095791

     H   21       -0.057183        0.243413       -0.387645
     H   21        0.243413       -0.162215        0.420923
     H   21       -0.387645        0.420923        0.219398

     C   22       -0.635392       -0.327697       -0.345702
     C   22       -0.327697        0.215823        0.066869
     C   22       -0.345702        0.066869        0.419569

     C   23       -0.000827        0.149918       -0.343796
     C   23        0.149918       -0.267055        0.426062
     C   23       -0.343796        0.426062        0.267882

     Cl  24       -0.203164       -0.270586       -0.039806
     Cl  24       -0.270586       -0.041593       -0.029957
     Cl  24       -0.039806       -0.029957        0.244757

     ----- ionic term -----
     Cl   1        0.169956       -0.164432       -0.066182
     Cl   1       -0.164432       -0.029449        0.035530
     Cl   1       -0.066182        0.035530       -0.140507

     C    2        0.346008        0.003261        0.002664
     C    2        0.003261        0.147463        0.382284
     C    2        0.002664        0.382284       -0.493471

     C    3        0.245115       -0.121852        0.019955
     C    3       -0.121852        0.170508        0.365060
     C    3        0.019955        0.365060       -0.415623

     H    4        0.791716        0.424208        0.366852
     H    4        0.424208       -0.359224        0.181734
     H    4        0.366852        0.181734       -0.432491

     C    5        0.352206        0.016626        0.117957
     C    5        0.016626        0.101922        0.310022
     C    5        0.117957        0.310022       -0.454129

     H    6       -0.524755        0.178919        0.078822
     H    6        0.178919        0.799294        0.600373
     H    6        0.078822        0.600373       -0.274540

     H    7       -0.499866       -0.052279        0.028269
     H    7       -0.052279        0.594890       -0.705912
     H    7        0.028269       -0.705912       -0.095024

     C    8        0.251852        0.158017        0.320210
     C    8        0.158017        0.107238       -0.246164
     C    8        0.320210       -0.246164       -0.359090

     H    9        0.601119       -0.439663        0.588601
     H    9       -0.439663       -0.265302       -0.253317
     H    9        0.588601       -0.253317       -0.335818

     C   10        0.098975        0.165495        0.251417
     C   10        0.165495        0.359636       -0.270420
     C   10        0.251417       -0.270420       -0.458611

     C   11        0.112341        0.135390        0.426369
     C   11        0.135390        0.243479       -0.270285
     C   11        0.426369       -0.270285       -0.355820

     Cl  12        0.136535        0.225361        0.079418
     Cl  12        0.225361        0.020029        0.047157
     Cl  12        0.079418        0.047157       -0.156565

     H   13       -0.487940       -0.061357       -0.062636
     H   13       -0.061357        0.986924        0.384391
     H   13       -0.062636        0.384391       -0.498985

     C   14        0.460572       -0.054610       -0.013069
     C   14       -0.054610        0.114971        0.245616
     C   14       -0.013069        0.245616       -0.575543

     H   15        0.740128        0.624664        0.190250
     H   15        0.624664       -0.147064        0.130997
     H   15        0.190250        0.130997       -0.593064

     C   16        0.265163       -0.097694       -0.027809
     C   16       -0.097694        0.282485        0.308630
     C   16       -0.027809        0.308630       -0.547648

     C   17        0.253251       -0.053008        0.173778
     C   17       -0.053008        0.291574        0.305829
     C   17        0.173778        0.305829       -0.544825

     Cl  18        0.165877       -0.215214        0.025376
     Cl  18       -0.215214        0.000782       -0.011491
     Cl  18        0.025376       -0.011491       -0.166659

     H   19       -0.525361       -0.048388        0.043184
     H   19       -0.048388        0.694021       -0.657257
     H   19        0.043184       -0.657257       -0.168660

     C   20        0.181620        0.142220        0.396813
     C   20        0.142220        0.089697       -0.251852
     C   20        0.396813       -0.251852       -0.271317

     H   21        0.584288       -0.372483        0.642024
     H   21       -0.372483       -0.350592       -0.265264
     H   21        0.642024       -0.265264       -0.233696

     C   22        0.092375        0.196456        0.253319
     C   22        0.196456        0.246713       -0.314456
     C   22        0.253319       -0.314456       -0.339088

     C   23        0.203794        0.190532        0.312394
     C   23        0.190532        0.178261       -0.323425
     C   23        0.312394       -0.323425       -0.382055

     Cl  24        0.150127        0.210269        0.051683
     Cl  24        0.210269        0.024187        0.025437
     Cl  24        0.051683        0.025437       -0.174314

     ----- GIPAW term -----
     Cl   1        0.057759        0.133524       -0.518673
     Cl   1        0.133524        0.181533       -0.638003
     Cl   1       -0.518673       -0.638003       -0.239291

     C    2       -0.012036        0.074335       -0.024753
     C    2        0.074335        0.179002       -0.098538
     C    2       -0.024753       -0.098538       -0.166965

     C    3       -0.077231        0.024872       -0.017624
     C    3        0.024872        0.087722       -0.031654
     C    3       -0.017624       -0.031654       -0.010490

     H    4       -0.000000        0.000000        0.000000
     H    4        0.000000        0.000000        0.000000
     H    4        0.000000        0.000000        0.000000

     C    5       -0.111554       -0.027472       -0.027983
     C    5       -0.027472        0.266717       -0.060703
     C    5       -0.027983       -0.060703       -0.155163

     H    6       -0.000000        0.000000        0.000000
     H    6        0.000000        0.000000        0.000000
     H    6        0.000000        0.000000        0.000000

     H    7       -0.000000        0.000000        0.000000
     H    7        0.000000        0.000000        0.000000
     H    7        0.000000        0.000000        0.000000

     C    8       -0.165703        0.038667       -0.163325
     C    8        0.038667        0.033326       -0.178965
     C    8       -0.163325       -0.178965        0.132377

     H    9       -0.000000        0.000000        0.000000
     H    9        0.000000        0.000000        0.000000
     H    9        0.000000        0.000000        0.000000

     C   10       -0.075062        0.151910       -0.065329
     C   10        0.151910        0.183116        0.056328
     C   10       -0.065329        0.056328       -0.108054

     C   11       -0.120608        0.016771       -0.013934
     C   11        0.016771        0.130954        0.164679
     C   11       -0.013934        0.164679       -0.010347

     Cl  12        0.154631        0.623989       -0.243400
     Cl  12        0.623989       -0.099875        0.374919
     Cl  12       -0.243400        0.374919       -0.054756

     H   13       -0.000000        0.000000        0.000000
     H   13        0.000000        0.000000        0.000000
     H   13        0.000000        0.000000        0.000000

     C   14       -0.181527        0.045280        0.068018
     C   14        0.045280       -0.030009        0.121599
     C   14        0.068018        0.121599        0.211536

     H   15       -0.000000        0.000000        0.000000
     H   15        0.000000        0.000000        0.000000
     H   15        0.000000        0.000000        0.000000

     C   16       -0.000885        0.007841        0.013681
     C   16        0.007841       -0.051428        0.021031
     C   16        0.013681        0.021031        0.052313

     C   17       -0.176007       -0.068168       -0.050743
     C   17       -0.068168       -0.061817        0.119328
     C   17       -0.050743        0.119328        0.237823

     Cl  18        0.578050       -2.425986       -0.290256
     Cl  18       -2.425986       -0.272155        0.924077
     Cl  18       -0.290256        0.924077       -0.305895

     H   19       -0.000000        0.000000        0.000000
     H   19        0.000000        0.000000        0.000000
     H   19        0.000000        0.000000        0.000000

     C   20       -0.055169        0.151203       -0.014262
     C   20        0.151203        0.168349        0.150718
     C   20       -0.014262        0.150718       -0.113180

     H   21       -0.000000        0.000000        0.000000
     H   21        0.000000        0.000000        0.000000
     H   21        0.000000        0.000000        0.000000

     C   22       -0.175228        0.092904       -0.115051
     C   22        0.092904        0.195737       -0.138504
     C   22       -0.115051       -0.138504       -0.020509

     C   23       -0.045394        0.168387       -0.077385
     C   23        0.168387        0.036429       -0.134312
     C   23       -0.077385       -0.134312        0.008965

     Cl  24       -0.978968        0.989754       -1.017782
     Cl  24        0.989754       -0.908684       -1.429588
     Cl  24       -1.017782       -1.429588        1.887652

     ----- total EFG -----
     Cl   1        0.318154       -0.064166       -0.417824
     Cl   1       -0.064166       -0.033692       -0.226004
     Cl   1       -0.417824       -0.226004       -0.284463

     C    2        0.400829        0.236732       -0.120953
     C    2        0.236732        0.316151       -0.308170
     C    2       -0.120953       -0.308170       -0.716980

     C    3       -0.234975        0.059680       -0.069760
     C    3        0.059680        0.305941        0.302728
     C    3       -0.069760        0.302728       -0.070967

     H    4        0.542528       -0.027365        0.433462
     H    4       -0.027365       -0.411648        0.329956
     H    4        0.433462        0.329956       -0.130880

     C    5        0.127287       -0.043214       -0.178287
     C    5       -0.043214        0.417683       -0.216634
     C    5       -0.178287       -0.216634       -0.544971

     H    6       -0.086007       -0.045384        0.071997
     H    6       -0.045384       -0.003862        0.450483
     H    6        0.071997        0.450483        0.089870

     H    7       -0.131022        0.018006       -0.023459
     H    7        0.018006        0.040265       -0.109749
     H    7       -0.023459       -0.109749        0.090757

     C    8       -0.649475       -0.113238       -0.334674
     C    8       -0.113238        0.293796       -0.446768
     C    8       -0.334674       -0.446768        0.355679

     H    9        0.024862       -0.400243        0.230846
     H    9       -0.400243        0.050720       -0.062407
     H    9        0.230846       -0.062407       -0.075582

     C   10        0.009844        0.397632       -0.107161
     C   10        0.397632        0.430272        0.401995
     C   10       -0.107161        0.401995       -0.440116

     C   11       -0.436129       -0.230843        0.186936
     C   11       -0.230843        0.436096        0.192390
     C   11        0.186936        0.192390        0.000033

     Cl  12        0.614928        0.820299       -0.206709
     Cl  12        0.820299       -0.091546       -0.079003
     Cl  12       -0.206709       -0.079003       -0.523382

     H   13       -0.148557        0.040715       -0.364903
     H   13        0.040715        0.452096        0.455929
     H   13       -0.364903        0.455929       -0.303540

     C   14       -0.556793        0.181103       -0.275809
     C   14        0.181103        0.326554        0.322445
     C   14       -0.275809        0.322445        0.230239

     H   15        0.484996        0.272402        0.434954
     H   15        0.272402       -0.023056        0.283273
     H   15        0.434954        0.283273       -0.461941

     C   16        0.471522        0.101468        0.072477
     C   16        0.101468       -0.155345        0.123704
     C   16        0.072477        0.123704       -0.316177

     C   17       -0.597682        0.034318       -0.188601
     C   17        0.034318        0.286008        0.272386
     C   17       -0.188601        0.272386        0.311674

     Cl  18        0.675084       -2.702262       -0.284420
     Cl  18       -2.702262       -0.311659        1.012283
     Cl  18       -0.284420        1.012283       -0.363425

     H   19       -0.129339       -0.211180       -0.005771
     H   19       -0.211180       -0.067898       -0.520677
     H   19       -0.005771       -0.520677        0.197237

     C   20        0.009833        0.551636        0.017049
     C   20        0.551636        0.278872        0.412072
     C   20        0.017049        0.412072       -0.288705

     H   21        0.527105       -0.129071        0.254379
     H   21       -0.129071       -0.512806        0.155659
     H   21        0.254379        0.155659       -0.014299

     C   22       -0.718245       -0.038338       -0.207434
     C   22       -0.038338        0.658273       -0.386092
     C   22       -0.207434       -0.386092        0.059972

     C   23        0.157574        0.508837       -0.108787
     C   23        0.508837       -0.052366       -0.031676
     C   23       -0.108787       -0.031676       -0.105208

     Cl  24       -1.032005        0.929437       -1.005905
     Cl  24        0.929437       -0.926090       -1.434108
     Cl  24       -1.005905       -1.434108        1.958095

     ----- total EFG (symmetrized) -----
     Cl   1        0.318154       -0.064166       -0.417824
     Cl   1       -0.064166       -0.033692       -0.226004
     Cl   1       -0.417824       -0.226004       -0.284463

     C    2        0.400829        0.236732       -0.120953
     C    2        0.236732        0.316151       -0.308170
     C    2       -0.120953       -0.308170       -0.716980

     C    3       -0.234975        0.059680       -0.069760
     C    3        0.059680        0.305941        0.302728
     C    3       -0.069760        0.302728       -0.070967

     H    4        0.542528       -0.027365        0.433462
     H    4       -0.027365       -0.411648        0.329956
     H    4        0.433462        0.329956       -0.130880

     C    5        0.127287       -0.043214       -0.178287
     C    5       -0.043214        0.417683       -0.216634
     C    5       -0.178287       -0.216634       -0.544971

     H    6       -0.086007       -0.045384        0.071997
     H    6       -0.045384       -0.003862        0.450483
     H    6        0.071997        0.450483        0.089870

     H    7       -0.131022        0.018006       -0.023459
     H    7        0.018006        0.040265       -0.109749
     H    7       -0.023459       -0.109749        0.090757

     C    8       -0.649475       -0.113238       -0.334674
     C    8       -0.113238        0.293796       -0.446768
     C    8       -0.334674       -0.446768        0.355679

     H    9        0.024862       -0.400243        0.230846
     H    9       -0.400243        0.050720       -0.062407
     H    9        0.230846       -0.062407       -0.075582

     C   10        0.009844        0.397632       -0.107161
     C   10        0.397632        0.430272        0.401995
     C   10       -0.107161        0.401995       -0.440116

     C   11       -0.436129       -0.230843        0.186936
     C   11       -0.230843        0.436096        0.192390
     C   11        0.186936        0.192390        0.000033

     Cl  12        0.614928        0.820299       -0.206709
     Cl  12        0.820299       -0.091546       -0.079003
     Cl  12       -0.206709       -0.079003       -0.523382

     H   13       -0.148557        0.040715       -0.364903
     H   13        0.040715        0.452096        0.455929
     H   13       -0.364903        0.455929       -0.303540

     C   14       -0.556793        0.181103       -0.275809
     C   14        0.181103        0.326554        0.322445
     C   14       -0.275809        0.322445        0.230239

     H   15        0.484996        0.272402        0.434954
     H   15        0.272402       -0.023056        0.283273
     H   15        0.434954        0.283273       -0.461941

     C   16        0.471522        0.101468        0.072477
     C   16        0.101468       -0.155345        0.123704
     C   16        0.072477        0.123704       -0.316177

     C   17       -0.597682        0.034318       -0.188601
     C   17        0.034318        0.286008        0.272386
     C   17       -0.188601        0.272386        0.311674

     Cl  18        0.675084       -2.702262       -0.284420
     Cl  18       -2.702262       -0.311659        1.012283
     Cl  18       -0.284420        1.012283       -0.363425

     H   19       -0.129339       -0.211180       -0.005771
     H   19       -0.211180       -0.067898       -0.520677
     H   19       -0.005771       -0.520677        0.197237

     C   20        0.009833        0.551636        0.017049
     C   20        0.551636        0.278872        0.412072
     C   20        0.017049        0.412072       -0.288705

     H   21        0.527105       -0.129071        0.254379
     H   21       -0.129071       -0.512806        0.155659
     H   21        0.254379        0.155659       -0.014299

     C   22       -0.718245       -0.038338       -0.207434
     C   22       -0.038338        0.658273       -0.386092
     C   22       -0.207434       -0.386092        0.059972

     C   23        0.157574        0.508837       -0.108787
     C   23        0.508837       -0.052366       -0.031676
     C   23       -0.108787       -0.031676       -0.105208

     Cl  24       -1.032005        0.929437       -1.005905
     Cl  24        0.929437       -0.926090       -1.434108
     Cl  24       -1.005905       -1.434108        1.958095


     NQR/NMR SPECTROSCOPIC PARAMETERS:
     Cl   1    Vxx=    0.0574    axis=(  0.252920 -0.920084  0.299126)
     Cl   1    Vyy=    0.5360    axis=(  0.877631  0.088067 -0.471177)
     Cl   1    Vzz=   -0.5935    axis=(  0.407179  0.381692  0.829769)
     Cl   1  Q=        -8.1650 1e-30 m^2  Cq=        11.3852 MHz  eta= 0.80648

     C    2    Vxx=    0.1421    axis=(  0.704641 -0.693614  0.149601)
     C    2    Vyy=    0.6623    axis=(  0.708027  0.673438 -0.212553)
     C    2    Vzz=   -0.8044    axis=(  0.046683  0.255695  0.965630)
     C    2  Q=         1.0000 1e-30 m^2  Cq=        -1.8901 MHz  eta= 0.64665

     C    3    Vxx=   -0.1473    axis=(  0.713973  0.321433 -0.622032)
     C    3    Vyy=   -0.3272    axis=( -0.699683  0.360786 -0.616667)
     C    3    Vzz=    0.4746    axis=( -0.026203 -0.875508 -0.482492)
     C    3  Q=         1.0000 1e-30 m^2  Cq=         1.1150 MHz  eta= 0.37909

     H    4    Vxx=   -0.0747    axis=(  0.415418 -0.653443 -0.632803)
     H    4    Vyy=   -0.6932    axis=(  0.234003  0.749026 -0.619841)
     H    4    Vzz=    0.7680    axis=(  0.879017  0.109415  0.464067)
     H    4  Q=         1.0000 1e-30 m^2  Cq=         1.8044 MHz  eta= 0.80541

     C    5    Vxx=    0.1713    axis=(  0.972169 -0.033378 -0.231889)
     C    5    Vyy=    0.4643    axis=(  0.015832 -0.978177  0.207171)
     C    5    Vzz=   -0.6356    axis=(  0.233744  0.205076  0.950425)
     C    5  Q=         1.0000 1e-30 m^2  Cq=        -1.4933 MHz  eta= 0.46096

     H    6    Vxx=   -0.0674    axis=(  0.971806 -0.199293  0.125998)
     H    6    Vyy=   -0.4295    axis=(  0.232348  0.718568 -0.655496)
     H    6    Vzz=    0.4968    axis=(  0.040097  0.666290  0.744614)
     H    6  Q=         1.0000 1e-30 m^2  Cq=         1.1674 MHz  eta= 0.72883

     H    7    Vxx=   -0.0471    axis=( -0.005963  0.782834  0.622203)
     H    7    Vyy=   -0.1338    axis=( -0.995520  0.054066 -0.077564)
     H    7    Vzz=    0.1809    axis=( -0.094360 -0.619878  0.779004)
     H    7  Q=         1.0000 1e-30 m^2  Cq=         0.4251 MHz  eta= 0.47934

     C    8    Vxx=    0.0149    axis=( -0.403862  0.726547  0.555900)
     C    8    Vyy=    0.7935    axis=( -0.124112 -0.645558  0.753559)
     C    8    Vzz=   -0.8084    axis=(  0.906362  0.235340  0.350890)
     C    8  Q=         1.0000 1e-30 m^2  Cq=        -1.8995 MHz  eta= 0.96312

     H    9    Vxx=   -0.0977    axis=(  0.056090  0.511669  0.857350)
     H    9    Vyy=   -0.4145    axis=( -0.723760 -0.570682  0.387935)
     H    9    Vzz=    0.5122    axis=(  0.687768 -0.642275  0.338316)
     H    9  Q=         1.0000 1e-30 m^2  Cq=         1.2034 MHz  eta= 0.61840

     C   10    Vxx=   -0.0520    axis=(  0.824910 -0.263122 -0.500291)
     C   10    Vyy=   -0.6942    axis=(  0.366236 -0.425385  0.827598)
     C   10    Vzz=    0.7462    axis=( -0.430575 -0.865919 -0.254539)
     C   10  Q=         1.0000 1e-30 m^2  Cq=         1.7532 MHz  eta= 0.86063

     C   11    Vxx=    0.0502    axis=(  0.427904 -0.185085  0.884671)
     C   11    Vyy=    0.5349    axis=( -0.170645  0.944660  0.280174)
     C   11    Vzz=   -0.5851    axis=( -0.887569 -0.270852  0.372640)
     C   11  Q=         1.0000 1e-30 m^2  Cq=        -1.3747 MHz  eta= 0.82839

     Cl  12    Vxx=   -0.5290    axis=( -0.133697  0.413402  0.900680)
     Cl  12    Vyy=   -0.6533    axis=(  0.540744 -0.731192  0.415877)
     Cl  12    Vzz=    1.1822    axis=(  0.830494  0.542639 -0.125786)
     Cl  12  Q=        -8.1650 1e-30 m^2  Cq=       -22.6802 MHz  eta= 0.10514

     H   13    Vxx=    0.0439    axis=(  0.839505  0.365433 -0.402106)
     H   13    Vyy=    0.6855    axis=(  0.159126 -0.872953 -0.461120)
     H   13    Vzz=   -0.7295    axis=( -0.519528  0.323127 -0.790999)
     H   13  Q=         1.0000 1e-30 m^2  Cq=        -1.7139 MHz  eta= 0.87951

     C   14    Vxx=    0.1116    axis=( -0.437336 -0.615344  0.655811)
     C   14    Vyy=    0.6063    axis=(  0.042834 -0.742674 -0.668282)
     C   14    Vzz=   -0.7179    axis=( -0.898277  0.264173 -0.351156)
     C   14  Q=         1.0000 1e-30 m^2  Cq=        -1.6867 MHz  eta= 0.68903

     H   15    Vxx=   -0.1307    axis=(  0.473464 -0.872036 -0.124032)
     H   15    Vyy=   -0.6799    axis=(  0.277271  0.281213 -0.918717)
     H   15    Vzz=    0.8106    axis=(  0.836034  0.400589  0.374934)
     H   15  Q=         1.0000 1e-30 m^2  Cq=         1.9045 MHz  eta= 0.67761

     C   16    Vxx=   -0.1143    axis=( -0.206369  0.865548  0.456332)
     C   16    Vyy=   -0.3836    axis=( -0.019051 -0.469837  0.882548)
     C   16    Vzz=    0.4979    axis=(  0.978289  0.173437  0.113450)
     C   16  Q=         1.0000 1e-30 m^2  Cq=         1.1699 MHz  eta= 0.54081

     C   17    Vxx=    0.0613    axis=( -0.220794 -0.738498  0.637079)
     C   17    Vyy=    0.5827    axis=( -0.098645  0.666760  0.738716)
     C   17    Vzz=   -0.6440    axis=( -0.970319  0.100259 -0.220066)
     C   17  Q=         1.0000 1e-30 m^2  Cq=        -1.5131 MHz  eta= 0.80966

     Cl  18    Vxx=   -0.4223    axis=(  0.352050  0.044561  0.934920)
     Cl  18    Vyy=   -2.7243    axis=(  0.587905  0.766709 -0.257923)
     Cl  18    Vzz=    3.1465    axis=( -0.728305  0.640446  0.243723)
     Cl  18  Q=        -8.1650 1e-30 m^2  Cq=       -60.3647 MHz  eta= 0.73159

     H   19    Vxx=   -0.0787    axis=( -0.905133  0.206866  0.371405)
     H   19    Vyy=   -0.5448    axis=( -0.389836 -0.752385 -0.530985)
     H   19    Vzz=    0.6235    axis=(  0.169596 -0.625399  0.761652)
     H   19  Q=         1.0000 1e-30 m^2  Cq=         1.4649 MHz  eta= 0.74753

     C   20    Vxx=   -0.1778    axis=( -0.692149  0.214132  0.689258)
     C   20    Vyy=   -0.6400    axis=( -0.476505  0.581698 -0.659220)
     C   20    Vzz=    0.8178    axis=(  0.542100  0.784713  0.300586)
     C   20  Q=         1.0000 1e-30 m^2  Cq=         1.9215 MHz  eta= 0.56516

     H   21    Vxx=   -0.0382    axis=( -0.309249  0.371217  0.875536)
     H   21    Vyy=   -0.5933    axis=(  0.181430  0.926786 -0.328863)
     H   21    Vzz=    0.6315    axis=( -0.933514  0.057148 -0.353958)
     H   21  Q=         1.0000 1e-30 m^2  Cq=         1.4837 MHz  eta= 0.87917

     C   22    Vxx=   -0.0663    axis=( -0.295977  0.436923  0.849409)
     C   22    Vyy=   -0.7833    axis=(  0.954468  0.100598  0.280839)
     C   22    Vzz=    0.8497    axis=(  0.037256  0.893856 -0.446804)
     C   22  Q=         1.0000 1e-30 m^2  Cq=         1.9964 MHz  eta= 0.84383

     C   23    Vxx=   -0.1155    axis=(  0.037554  0.189611  0.981141)
     C   23    Vyy=   -0.4724    axis=(  0.636330 -0.761576  0.122823)
     C   23    Vzz=    0.5879    axis=(  0.770502  0.619717 -0.149255)
     C   23  Q=         1.0000 1e-30 m^2  Cq=         1.3813 MHz  eta= 0.60710

     Cl  24    Vxx=   -1.0296    axis=(  0.693763  0.529786  0.487873)
     Cl  24    Vyy=   -1.9379    axis=(  0.650492 -0.751688 -0.108745)
     Cl  24    Vzz=    2.9675    axis=( -0.309116 -0.392801  0.866115)
     Cl  24  Q=        -8.1650 1e-30 m^2  Cq=       -56.9300 MHz  eta= 0.30606

     Initialization:
     gipaw_setup  :      9.14s CPU     11.02s WALL (       1 calls)

     Linear response

     Apply operators

     Induced current

     Other routines
     efg          :     10.13s CPU     15.42s WALL (       1 calls)

     General routines
     calbec       :      3.65s CPU      5.37s WALL (      16 calls)
     fft          :      1.69s CPU      2.79s WALL (      15 calls)
     ffts         :      0.04s CPU      0.11s WALL (       2 calls)
     fftw         :      3.74s CPU      6.42s WALL (     672 calls)
     davcio       :      0.04s CPU      0.31s WALL (      32 calls)

     Parallel routines
     fft_scatter  :      2.80s CPU      6.41s WALL (     689 calls)

     Plugins

     GIPAW        :     61.95s CPU     76.11s WALL (       1 calls)
