
     Program QE v.6.0 (svn rev. 13079) starts on 25Dec2016 at 12:41:25 

     This program is part of the open-source Quantum ESPRESSO suite
     for quantum simulation of materials; please cite
         "P. Giannozzi et al., J. Phys.:Condens. Matter 21 395502 (2009);
          URL http://www.quantum-espresso.org", 
     in publications or presentations arising from this work. More details at
     http://www.quantum-espresso.org/quote

     Parallel version (MPI), running on     8 processors
     R & G space division:  proc/nbgrp/npool/nimage =       8

     ***** This is GIPAW svn revision unknown      *****

     Parallelizing q-star over 1 images

     Reading data from directory:
     /users/majewski/paradichlorobenzene/pbe/9_constraint/scratch/pbe.ecut100.np8.dt60.pcl2phi-129368.save
     Message from routine read_xml_file:
     file /users/majewski/paradichlorobenzene/pbe/9_constraint/scratch/pbe.ecut100.np8.dt60.pcl2phi-129368.save not guaranteed to be safe for post-processing

   Info: using nr1, nr2, nr3 values from input

   Info: using nr1, nr2, nr3 values from input

     IMPORTANT: XC functional enforced from input :
     Exchange-correlation      =  SLA  PW   PBX  PBC ( 1  4  3  4 0 0)
     Any further DFT definition will be discarded
     Please, verify this is what you really want

               file C.pbe-n-kjpaw_psl.1.0.0.UPF: wavefunction(s)  2S 2P renormalized
               file Cl.pbe-n-kjpaw_psl.1.0.0.UPF: wavefunction(s)  3S 3P renormalized
               file H.pbe-kjpaw_psl.1.0.0.UPF: wavefunction(s)  1S renormalized

     Parallelization info
     --------------------
     sticks:   dense  smooth     PW     G-vecs:    dense   smooth      PW
     Min        3057    1223    332               144436    36536    5170
     Max        3059    1225    333               144437    36537    5171
     Sum       24467    9791   2657              1155489   292295   41363


     Subspace diagonalization in iterative solution of the eigenvalue problem:
     a serial algorithm will be used

     GIPAW projectors -----------------------------------------------
     atom=  C    l=0  rc=    1.2000  rs=    0.8000
     atom=  C    l=0  rc=    1.2000  rs=    0.8000
     atom=  C    l=1  rc=    1.4000  rs=    0.9333
     atom=  C    l=1  rc=    1.4000  rs=    0.9333
     projs nearly linearly dependent: l=1  n1,n2= 1, 2  s=  0.99951561

     atom=  Cl   l=0  rc=    1.6000  rs=    1.0667
     atom=  Cl   l=0  rc=    1.6000  rs=    1.0667
     atom=  Cl   l=1  rc=    1.6000  rs=    1.0667
     atom=  Cl   l=1  rc=    1.6000  rs=    1.0667
     atom=  Cl   l=2  rc=    1.6000  rs=    1.0667
     atom=  Cl   l=2  rc=    1.6000  rs=    1.0667
     projs nearly linearly dependent: l=2  n1,n2= 1, 2  s=  0.99993509

     atom=  H    l=0  rc=    1.0000  rs=    0.6667
     atom=  H    l=0  rc=    1.0000  rs=    0.6667
     projs nearly linearly dependent: l=0  n1,n2= 1, 2  s=  0.99968852
     -----------------------------------------------------------------

     GIPAW integrals: -------------------------------------------
     Atom  i/j   nmr_para   nmr_dia   epr_rmc  epr_para   epr_dia
       C   1 1   0.83E+03  0.17E-01  0.93E+01  0.24E+08  0.24E+03
       C   2 1   0.86E+03 -0.61E-01  0.94E+01  0.25E+08  0.25E+03
       C   2 2   0.90E+03 -0.15E+00  0.97E+01  0.26E+08  0.26E+03
       C   3 3   0.33E+01  0.34E+00  0.18E+01  0.55E+03  0.21E+02
       C   4 3   0.35E+01  0.37E+00  0.20E+01  0.59E+03  0.22E+02
       C   4 4   0.38E+01  0.39E+00  0.22E+01  0.63E+03  0.24E+02
       Cl  1 1   0.14E+04 -0.47E+00  0.84E+01  0.32E+09  0.42E+03
       Cl  2 1   0.21E+04 -0.37E+00  0.12E+02  0.49E+09  0.65E+03
       Cl  2 2   0.33E+04 -0.16E+00  0.21E+02  0.76E+09  0.10E+04
       Cl  3 3   0.21E+02  0.79E-01  0.89E+01  0.23E+05  0.13E+03
       Cl  4 3   0.24E+02  0.67E-01  0.99E+01  0.27E+05  0.15E+03
       Cl  4 4   0.28E+02  0.44E-01  0.11E+02  0.32E+05  0.18E+03
       Cl  5 5   0.77E+00  0.19E+00  0.18E+01  0.12E+03  0.22E+02
       Cl  6 5   0.80E+00  0.19E+00  0.19E+01  0.12E+03  0.23E+02
       Cl  6 6   0.83E+00  0.20E+00  0.19E+01  0.12E+03  0.23E+02
       H   1 1   0.39E+02  0.19E+00  0.29E+00  0.78E+05  0.13E+02
       H   2 1   0.41E+02  0.21E+00  0.32E+00  0.82E+05  0.14E+02
       H   2 2   0.43E+02  0.22E+00  0.36E+00  0.86E+05  0.15E+02
     ------------------------------------------------------------

     alpha_pv=     33.9046 eV

     Number of occupied bands for each k-point:
     k-point:     1    nbnd_occ=  42
     k-point:     2    nbnd_occ=  42
     k-point:     3    nbnd_occ=  42
     k-point:     4    nbnd_occ=  42
     k-point:     5    nbnd_occ=  42
     k-point:     6    nbnd_occ=  42
     k-point:     7    nbnd_occ=  42
     k-point:     8    nbnd_occ=  42
     k-point:     9    nbnd_occ=  42
     k-point:    10    nbnd_occ=  42
     k-point:    11    nbnd_occ=  42
     k-point:    12    nbnd_occ=  42
     k-point:    13    nbnd_occ=  42
     k-point:    14    nbnd_occ=  42
     k-point:    15    nbnd_occ=  42
     k-point:    16    nbnd_occ=  42


     q-space interpolation up to   110.00 Rydberg

     GIPAW job: efg                                                                             


     ELECTRIC FIELD GRADIENTS TENSORS IN Hartree/bohrradius^2:

     ----- bare term -----
     Cl   1       -0.027137       -0.035642       -0.015293
     Cl   1       -0.035642        0.155385        0.046832
     Cl   1       -0.015293        0.046832       -0.128248

     C    2       -0.433029        0.374707       -0.227140
     C    2        0.374707        0.058150       -0.339566
     C    2       -0.227140       -0.339566        0.374879

     C    3        0.138723       -0.051308       -0.217283
     C    3       -0.051308       -0.101577       -0.362625
     C    3       -0.217283       -0.362625       -0.037146

     H    4        0.097545       -0.002854       -0.467037
     H    4       -0.002854        0.315769        0.194479
     H    4       -0.467037        0.194479       -0.413315

     C    5       -0.458415        0.321258        0.000668
     C    5        0.321258        0.199052       -0.220746
     C    5        0.000668       -0.220746        0.259363

     H    6        0.543011        0.005000       -0.043080
     H    6        0.005000        0.007198       -0.191161
     H    6       -0.043080       -0.191161       -0.550210

     H    7        0.183057        0.332423       -0.286352
     H    7        0.332423       -0.208977        0.489603
     H    7       -0.286352        0.489603        0.025919

     C    8        0.035242       -0.225003        0.026246
     C    8       -0.225003       -0.241108        0.381297
     C    8        0.026246        0.381297        0.205866

     H    9       -0.358078        0.563025       -0.248645
     H    9        0.563025       -0.006997        0.132513
     H    9       -0.248645        0.132513        0.365076

     C   10       -0.540105       -0.335976       -0.322082
     C   10       -0.335976        0.231989        0.085760
     C   10       -0.322082        0.085760        0.308115

     C   11        0.120581       -0.042087       -0.174275
     C   11       -0.042087       -0.040370        0.604074
     C   11       -0.174275        0.604074       -0.080211

     Cl  12       -0.200421       -0.181470       -0.010689
     Cl  12       -0.181470        0.155912       -0.047777
     Cl  12       -0.010689       -0.047777        0.044509

     H   13        0.454735       -0.219060        0.025733
     H   13       -0.219060       -0.779776        0.060312
     H   13        0.025733        0.060312        0.325041

     C   14       -0.182141       -0.079168       -0.259683
     C   14       -0.079168       -0.007665       -0.446449
     C   14       -0.259683       -0.446449        0.189806

     H   15       -0.339620       -0.507881       -0.145189
     H   15       -0.507881        0.029366        0.061527
     H   15       -0.145189        0.061527        0.310254

     C   16       -0.504212        0.303562       -0.066156
     C   16        0.303562        0.121888       -0.327389
     C   16       -0.066156       -0.327389        0.382324

     C   17       -0.015510       -0.247924       -0.355878
     C   17       -0.247924       -0.007123       -0.680967
     C   17       -0.355878       -0.680967        0.022632

     Cl  18       -0.257642        0.250129       -0.045297
     Cl  18        0.250129        0.068622        0.028491
     Cl  18       -0.045297        0.028491        0.189020

     H   19        0.312028       -0.016862       -0.101036
     H   19       -0.016862       -0.546785        0.647798
     H   19       -0.101036        0.647798        0.234758

     C   20       -0.944269       -0.391768       -0.430083
     C   20       -0.391768        0.513992        0.025257
     C   20       -0.430083        0.025257        0.430278

     H   21       -0.522207        0.071538       -0.136566
     H   21        0.071538        0.358293        0.380745
     H   21       -0.136566        0.380745        0.163914

     C   22        0.186541       -0.210545       -0.058417
     C   22       -0.210545       -0.408319        0.568883
     C   22       -0.058417        0.568883        0.221778

     C   23       -0.651548       -0.422729       -0.411156
     C   23       -0.422729        0.270121        0.035182
     C   23       -0.411156        0.035182        0.381427

     Cl  24       -0.044826       -0.082696        0.064737
     Cl  24       -0.082696        0.064901       -0.135448
     Cl  24        0.064737       -0.135448       -0.020075

     ----- ionic term -----
     Cl   1        0.132200       -0.208992       -0.039077
     Cl   1       -0.208992       -0.011751        0.027616
     Cl   1       -0.039077        0.027616       -0.120449

     C    2        0.187002       -0.143743        0.218182
     C    2       -0.143743        0.057784        0.458283
     C    2        0.218182        0.458283       -0.244786

     C    3        0.058352       -0.192326        0.228359
     C    3       -0.192326        0.137726        0.419862
     C    3        0.228359        0.419862       -0.196077

     H    4        0.349676        0.323221        0.750022
     H    4        0.323221       -0.393055        0.329871
     H    4        0.750022        0.329871        0.043379

     C    5        0.209936       -0.193661        0.298717
     C    5       -0.193661        0.030164        0.310520
     C    5        0.298717        0.310520       -0.240100

     H    6       -0.537124        0.007182        0.032640
     H    6        0.007182        0.538433        0.770113
     H    6        0.032640        0.770113       -0.001309

     H    7       -0.491705       -0.172148        0.160455
     H    7       -0.172148        0.306894       -0.786297
     H    7        0.160455       -0.786297        0.184811

     C    8        0.300741        0.129767        0.249955
     C    8        0.129767       -0.006529       -0.329199
     C    8        0.249955       -0.329199       -0.294212

     H    9        0.686557       -0.277803        0.634260
     H    9       -0.277803       -0.463134       -0.214899
     H    9        0.634260       -0.214899       -0.223423

     C   10        0.158296        0.176396        0.191720
     C   10        0.176396        0.165221       -0.416709
     C   10        0.191720       -0.416709       -0.323518

     C   11        0.191907        0.046973        0.279892
     C   11        0.046973        0.148219       -0.412966
     C   11        0.279892       -0.412966       -0.340127

     Cl  12        0.072167        0.174380        0.015559
     Cl  12        0.174380        0.067966        0.007607
     Cl  12        0.015559        0.007607       -0.140133

     H   13       -0.481073        0.168146        0.082050
     H   13        0.168146        0.704562        0.656627
     H   13        0.082050        0.656627       -0.223490

     C   14        0.306890       -0.163887        0.270773
     C   14       -0.163887        0.057769        0.289914
     C   14        0.270773        0.289914       -0.364659

     H   15        0.708544        0.236716        0.659972
     H   15        0.236716       -0.455244        0.196919
     H   15        0.659972        0.196919       -0.253299

     C   16        0.173750       -0.206414        0.227022
     C   16       -0.206414        0.191784        0.376790
     C   16        0.227022        0.376790       -0.365534

     C   17        0.112920       -0.145698        0.370274
     C   17       -0.145698        0.178995        0.383801
     C   17        0.370274        0.383801       -0.291915

     Cl  18        0.111006       -0.202899        0.048894
     Cl  18       -0.202899        0.056066       -0.020984
     Cl  18        0.048894       -0.020984       -0.167072

     H   19       -0.482111       -0.226056        0.124854
     H   19       -0.226056        0.708012       -0.654439
     H   19        0.124854       -0.654439       -0.225901

     C   20        0.317535        0.114621        0.220156
     C   20        0.114621        0.102900       -0.321902
     C   20        0.220156       -0.321902       -0.420436

     H   21        0.694812       -0.498379        0.460098
     H   21       -0.498379       -0.255041       -0.253145
     H   21        0.460098       -0.253145       -0.439771

     C   22        0.145689        0.172387        0.115287
     C   22        0.172387        0.281910       -0.426488
     C   22        0.115287       -0.426488       -0.427599

     C   23        0.264957        0.146216        0.236975
     C   23        0.146216        0.128879       -0.401333
     C   23        0.236975       -0.401333       -0.393837

     Cl  24        0.181807        0.229503       -0.004094
     Cl  24        0.229503       -0.021260       -0.011534
     Cl  24       -0.004094       -0.011534       -0.160547

     ----- GIPAW term -----
     Cl   1        0.236898       -2.217445       -0.133260
     Cl   1       -2.217445        2.339362        0.502654
     Cl   1       -0.133260        0.502654       -2.576260

     C    2       -0.128371       -0.025651       -0.011841
     C    2       -0.025651        0.136236       -0.183133
     C    2       -0.011841       -0.183133       -0.007865

     C    3       -0.037402       -0.050946       -0.004068
     C    3       -0.050946        0.051711       -0.090269
     C    3       -0.004068       -0.090269       -0.014309

     H    4       -0.000000        0.000000        0.000000
     H    4        0.000000        0.000000        0.000000
     H    4        0.000000        0.000000        0.000000

     C    5       -0.114494       -0.027970        0.055352
     C    5       -0.027970        0.104423       -0.128857
     C    5        0.055352       -0.128857        0.010071

     H    6       -0.000000        0.000000        0.000000
     H    6        0.000000        0.000000        0.000000
     H    6        0.000000        0.000000        0.000000

     H    7       -0.000000        0.000000        0.000000
     H    7        0.000000        0.000000        0.000000
     H    7        0.000000        0.000000        0.000000

     C    8       -0.041824       -0.113754        0.053500
     C    8       -0.113754        0.124204       -0.015365
     C    8        0.053500       -0.015365       -0.082379

     H    9       -0.000000        0.000000        0.000000
     H    9        0.000000        0.000000        0.000000
     H    9        0.000000        0.000000        0.000000

     C   10       -0.097542       -0.168118       -0.047716
     C   10       -0.168118        0.178302       -0.026735
     C   10       -0.047716       -0.026735       -0.080760

     C   11       -0.036374       -0.015545       -0.014740
     C   11       -0.015545        0.217757        0.039649
     C   11       -0.014740        0.039649       -0.181384

     Cl  12        0.129690        1.380076       -0.111258
     Cl  12        1.380076        1.495862       -0.473554
     Cl  12       -0.111258       -0.473554       -1.625552

     H   13       -0.000000        0.000000        0.000000
     H   13        0.000000        0.000000        0.000000
     H   13        0.000000        0.000000        0.000000

     C   14       -0.098707       -0.029361       -0.014615
     C   14       -0.029361        0.122918       -0.208458
     C   14       -0.014615       -0.208458       -0.024212

     H   15       -0.000000        0.000000        0.000000
     H   15        0.000000        0.000000        0.000000
     H   15        0.000000        0.000000        0.000000

     C   16       -0.182354        0.023593       -0.005655
     C   16        0.023593        0.181498       -0.165946
     C   16       -0.005655       -0.165946        0.000856

     C   17       -0.045667       -0.135047       -0.021154
     C   17       -0.135047        0.139387       -0.168110
     C   17       -0.021154       -0.168110       -0.093720

     Cl  18        0.332773       -2.199837       -0.490065
     Cl  18       -2.199837        1.028246        0.480566
     Cl  18       -0.490065        0.480566       -1.361018

     H   19       -0.000000        0.000000        0.000000
     H   19        0.000000        0.000000        0.000000
     H   19        0.000000        0.000000        0.000000

     C   20       -0.238521       -0.047702       -0.038596
     C   20       -0.047702        0.291156       -0.122850
     C   20       -0.038596       -0.122850       -0.052635

     H   21       -0.000000        0.000000        0.000000
     H   21        0.000000        0.000000        0.000000
     H   21        0.000000        0.000000        0.000000

     C   22       -0.085080       -0.038028        0.033102
     C   22       -0.038028        0.131314       -0.126819
     C   22        0.033102       -0.126819       -0.046234

     C   23       -0.077310       -0.109682        0.010222
     C   23       -0.109682        0.140807       -0.102980
     C   23        0.010222       -0.102980       -0.063497

     Cl  24        0.209837        0.693325        0.728566
     Cl  24        0.693325        1.256361       -1.803587
     Cl  24        0.728566       -1.803587       -1.466198

     ----- total EFG -----
     Cl   1        0.341961       -2.462078       -0.187630
     Cl   1       -2.462078        2.482996        0.577102
     Cl   1       -0.187630        0.577102       -2.824958

     C    2       -0.374397        0.205313       -0.020799
     C    2        0.205313        0.252169       -0.064416
     C    2       -0.020799       -0.064416        0.122228

     C    3        0.159672       -0.294581        0.007007
     C    3       -0.294581        0.087860       -0.033031
     C    3        0.007007       -0.033031       -0.247532

     H    4        0.447222        0.320367        0.282985
     H    4        0.320367       -0.077286        0.524351
     H    4        0.282985        0.524351       -0.369936

     C    5       -0.362973        0.099627        0.354738
     C    5        0.099627        0.333639       -0.039083
     C    5        0.354738       -0.039083        0.029334

     H    6        0.005888        0.012182       -0.010440
     H    6        0.012182        0.545631        0.578952
     H    6       -0.010440        0.578952       -0.551519

     H    7       -0.308648        0.160275       -0.125896
     H    7        0.160275        0.097918       -0.296694
     H    7       -0.125896       -0.296694        0.210730

     C    8        0.294158       -0.208989        0.329701
     C    8       -0.208989       -0.123434        0.036733
     C    8        0.329701        0.036733       -0.170725

     H    9        0.328478        0.285222        0.385615
     H    9        0.285222       -0.470131       -0.082387
     H    9        0.385615       -0.082387        0.141653

     C   10       -0.479350       -0.327699       -0.178078
     C   10       -0.327699        0.575512       -0.357684
     C   10       -0.178078       -0.357684       -0.096162

     C   11        0.276115       -0.010660        0.090878
     C   11       -0.010660        0.325607        0.230757
     C   11        0.090878        0.230757       -0.601722

     Cl  12        0.001435        1.372986       -0.106388
     Cl  12        1.372986        1.719741       -0.513724
     Cl  12       -0.106388       -0.513724       -1.721176

     H   13       -0.026337       -0.050914        0.107783
     H   13       -0.050914       -0.075214        0.716940
     H   13        0.107783        0.716940        0.101551

     C   14        0.026042       -0.272415       -0.003525
     C   14       -0.272415        0.173022       -0.364994
     C   14       -0.003525       -0.364994       -0.199064

     H   15        0.368923       -0.271165        0.514782
     H   15       -0.271165       -0.425879        0.258446
     H   15        0.514782        0.258446        0.056955

     C   16       -0.512816        0.120741        0.155211
     C   16        0.120741        0.495170       -0.116546
     C   16        0.155211       -0.116546        0.017647

     C   17        0.051744       -0.528669       -0.006758
     C   17       -0.528669        0.311258       -0.465276
     C   17       -0.006758       -0.465276       -0.363002

     Cl  18        0.186136       -2.152607       -0.486468
     Cl  18       -2.152607        1.152933        0.488073
     Cl  18       -0.486468        0.488073       -1.339070

     H   19       -0.170083       -0.242918        0.023818
     H   19       -0.242918        0.161226       -0.006641
     H   19        0.023818       -0.006641        0.008856

     C   20       -0.865255       -0.324849       -0.248524
     C   20       -0.324849        0.908048       -0.419495
     C   20       -0.248524       -0.419495       -0.042793

     H   21        0.172605       -0.426841        0.323532
     H   21       -0.426841        0.103252        0.127599
     H   21        0.323532        0.127599       -0.275857

     C   22        0.247150       -0.076186        0.089972
     C   22       -0.076186        0.004906        0.015577
     C   22        0.089972        0.015577       -0.252055

     C   23       -0.463901       -0.386195       -0.163959
     C   23       -0.386195        0.539807       -0.469131
     C   23       -0.163959       -0.469131       -0.075906

     Cl  24        0.346819        0.840133        0.789209
     Cl  24        0.840133        1.300002       -1.950568
     Cl  24        0.789209       -1.950568       -1.646821

     ----- total EFG (symmetrized) -----
     Cl   1        0.341961       -2.462078       -0.187630
     Cl   1       -2.462078        2.482996        0.577102
     Cl   1       -0.187630        0.577102       -2.824958

     C    2       -0.374397        0.205313       -0.020799
     C    2        0.205313        0.252169       -0.064416
     C    2       -0.020799       -0.064416        0.122228

     C    3        0.159672       -0.294581        0.007007
     C    3       -0.294581        0.087860       -0.033031
     C    3        0.007007       -0.033031       -0.247532

     H    4        0.447222        0.320367        0.282985
     H    4        0.320367       -0.077286        0.524351
     H    4        0.282985        0.524351       -0.369936

     C    5       -0.362973        0.099627        0.354738
     C    5        0.099627        0.333639       -0.039083
     C    5        0.354738       -0.039083        0.029334

     H    6        0.005888        0.012182       -0.010440
     H    6        0.012182        0.545631        0.578952
     H    6       -0.010440        0.578952       -0.551519

     H    7       -0.308648        0.160275       -0.125896
     H    7        0.160275        0.097918       -0.296694
     H    7       -0.125896       -0.296694        0.210730

     C    8        0.294158       -0.208989        0.329701
     C    8       -0.208989       -0.123434        0.036733
     C    8        0.329701        0.036733       -0.170725

     H    9        0.328478        0.285222        0.385615
     H    9        0.285222       -0.470131       -0.082387
     H    9        0.385615       -0.082387        0.141653

     C   10       -0.479350       -0.327699       -0.178078
     C   10       -0.327699        0.575512       -0.357684
     C   10       -0.178078       -0.357684       -0.096162

     C   11        0.276115       -0.010660        0.090878
     C   11       -0.010660        0.325607        0.230757
     C   11        0.090878        0.230757       -0.601722

     Cl  12        0.001435        1.372986       -0.106388
     Cl  12        1.372986        1.719741       -0.513724
     Cl  12       -0.106388       -0.513724       -1.721176

     H   13       -0.026337       -0.050914        0.107783
     H   13       -0.050914       -0.075214        0.716940
     H   13        0.107783        0.716940        0.101551

     C   14        0.026042       -0.272415       -0.003525
     C   14       -0.272415        0.173022       -0.364994
     C   14       -0.003525       -0.364994       -0.199064

     H   15        0.368923       -0.271165        0.514782
     H   15       -0.271165       -0.425879        0.258446
     H   15        0.514782        0.258446        0.056955

     C   16       -0.512816        0.120741        0.155211
     C   16        0.120741        0.495170       -0.116546
     C   16        0.155211       -0.116546        0.017647

     C   17        0.051744       -0.528669       -0.006758
     C   17       -0.528669        0.311258       -0.465276
     C   17       -0.006758       -0.465276       -0.363002

     Cl  18        0.186136       -2.152607       -0.486468
     Cl  18       -2.152607        1.152933        0.488073
     Cl  18       -0.486468        0.488073       -1.339070

     H   19       -0.170083       -0.242918        0.023818
     H   19       -0.242918        0.161226       -0.006641
     H   19        0.023818       -0.006641        0.008856

     C   20       -0.865255       -0.324849       -0.248524
     C   20       -0.324849        0.908048       -0.419495
     C   20       -0.248524       -0.419495       -0.042793

     H   21        0.172605       -0.426841        0.323532
     H   21       -0.426841        0.103252        0.127599
     H   21        0.323532        0.127599       -0.275857

     C   22        0.247150       -0.076186        0.089972
     C   22       -0.076186        0.004906        0.015577
     C   22        0.089972        0.015577       -0.252055

     C   23       -0.463901       -0.386195       -0.163959
     C   23       -0.386195        0.539807       -0.469131
     C   23       -0.163959       -0.469131       -0.075906

     Cl  24        0.346819        0.840133        0.789209
     Cl  24        0.840133        1.300002       -1.950568
     Cl  24        0.789209       -1.950568       -1.646821


     NQR/NMR SPECTROSCOPIC PARAMETERS:
     Cl   1    Vxx=   -1.2567    axis=(  0.838104  0.536772  0.097252)
     Cl   1    Vyy=   -2.8898    axis=( -0.036223 -0.123124  0.991730)
     Cl   1    Vzz=    4.1464    axis=(  0.544307 -0.834695 -0.083747)
     Cl   1  Q=        -8.1650 1e-30 m^2  Cq=       -79.5471 MHz  eta= 0.39385

     C    2    Vxx=    0.1007    axis=(  0.084135  0.291229  0.952947)
     C    2    Vyy=    0.3350    axis=(  0.273127  0.912971 -0.303126)
     C    2    Vzz=   -0.4357    axis=( -0.958292  0.285779 -0.002729)
     C    2  Q=         1.0000 1e-30 m^2  Cq=        -1.0237 MHz  eta= 0.53771

     C    3    Vxx=   -0.1680    axis=(  0.651656  0.719125 -0.241255)
     C    3    Vyy=   -0.2536    axis=( -0.130879 -0.206690 -0.969613)
     C    3    Vzz=    0.4216    axis=( -0.747138  0.663430 -0.040572)
     C    3  Q=         1.0000 1e-30 m^2  Cq=         0.9907 MHz  eta= 0.20308

     H    4    Vxx=   -0.0463    axis=(  0.652308 -0.620588 -0.435161)
     H    4    Vyy=   -0.7690    axis=(  0.030176  0.594934 -0.803208)
     H    4    Vzz=    0.8153    axis=(  0.757353  0.510808  0.406807)
     H    4  Q=         1.0000 1e-30 m^2  Cq=         1.9156 MHz  eta= 0.88630

     C    5    Vxx=    0.2360    axis=(  0.485203 -0.150223  0.861401)
     C    5    Vyy=    0.3484    axis=(  0.174047  0.982011  0.073221)
     C    5    Vzz=   -0.5843    axis=( -0.856905  0.114397  0.502620)
     C    5  Q=         1.0000 1e-30 m^2  Cq=        -1.3730 MHz  eta= 0.19238

     H    6    Vxx=    0.0061    axis=(  0.999800 -0.001177 -0.019941)
     H    6    Vyy=    0.7947    axis=(  0.008959  0.918637  0.395000)
     H    6    Vzz=   -0.8008    axis=(  0.017853 -0.395100  0.918465)
     H    6  Q=         1.0000 1e-30 m^2  Cq=        -1.8815 MHz  eta= 0.98481

     H    7    Vxx=   -0.1398    axis=(  0.180078  0.717934  0.672416)
     H    7    Vyy=   -0.3655    axis=( -0.954308  0.293237 -0.057517)
     H    7    Vzz=    0.5052    axis=( -0.238471 -0.631334  0.737936)
     H    7  Q=         1.0000 1e-30 m^2  Cq=         1.1871 MHz  eta= 0.44675

     C    8    Vxx=   -0.1037    axis=( -0.011924 -0.850997 -0.525036)
     C    8    Vyy=   -0.4076    axis=(  0.486031  0.453941 -0.746801)
     C    8    Vzz=    0.5113    axis=(  0.873860 -0.264089  0.408198)
     C    8  Q=         1.0000 1e-30 m^2  Cq=         1.2014 MHz  eta= 0.59439

     H    9    Vxx=   -0.0394    axis=( -0.456590 -0.449256  0.767916)
     H    9    Vyy=   -0.6207    axis=( -0.380896  0.878745  0.287620)
     H    9    Vzz=    0.6602    axis=( -0.804018 -0.161171 -0.572346)
     H    9  Q=         1.0000 1e-30 m^2  Cq=         1.5511 MHz  eta= 0.88055

     C   10    Vxx=   -0.0698    axis=( -0.519308  0.197195  0.831525)
     C   10    Vyy=   -0.7057    axis=(  0.832631  0.335891  0.440343)
     C   10    Vzz=    0.7755    axis=(  0.192468 -0.921027  0.338622)
     C   10  Q=         1.0000 1e-30 m^2  Cq=         1.8221 MHz  eta= 0.82006

     C   11    Vxx=    0.2838    axis=(  0.989604 -0.126391  0.068625)
     C   11    Vyy=    0.3810    axis=(  0.106926  0.965693  0.236652)
     C   11    Vzz=   -0.6648    axis=( -0.096182 -0.226854  0.969168)
     C   11  Q=         1.0000 1e-30 m^2  Cq=        -1.5619 MHz  eta= 0.14622

     Cl  12    Vxx=   -0.7362    axis=(  0.876244 -0.459525  0.145027)
     Cl  12    Vyy=   -1.8030    axis=(  0.072629 -0.171583 -0.982489)
     Cl  12    Vzz=    2.5392    axis=(  0.476362  0.871433 -0.116974)
     Cl  12  Q=        -8.1650 1e-30 m^2  Cq=       -48.7139 MHz  eta= 0.42014

     H   13    Vxx=   -0.0121    axis=(  0.985978 -0.157134  0.056182)
     H   13    Vyy=   -0.7264    axis=(  0.154920  0.736763 -0.658165)
     H   13    Vzz=    0.7385    axis=(  0.062027  0.657639  0.750775)
     H   13  Q=         1.0000 1e-30 m^2  Cq=         1.7351 MHz  eta= 0.96728

     C   14    Vxx=   -0.0403    axis=(  0.838421  0.210601 -0.502690)
     C   14    Vyy=   -0.4711    axis=(  0.315112  0.565238  0.762371)
     C   14    Vzz=    0.5114    axis=(  0.444696 -0.797592  0.407545)
     C   14  Q=         1.0000 1e-30 m^2  Cq=         1.2016 MHz  eta= 0.84251

     H   15    Vxx=   -0.0052    axis=( -0.405346  0.653784  0.638953)
     H   15    Vyy=   -0.7495    axis=(  0.416485  0.754269 -0.507562)
     H   15    Vzz=    0.7547    axis=(  0.813778 -0.060376  0.578031)
     H   15  Q=         1.0000 1e-30 m^2  Cq=         1.7732 MHz  eta= 0.98629

     C   16    Vxx=    0.0462    axis=(  0.296687  0.164417  0.940715)
     C   16    Vyy=    0.5291    axis=(  0.083827  0.976781 -0.197159)
     C   16    Vzz=   -0.5753    axis=( -0.951289  0.137351  0.276015)
     C   16  Q=         1.0000 1e-30 m^2  Cq=        -1.3517 MHz  eta= 0.83929

     C   17    Vxx=   -0.1367    axis=( -0.756357 -0.277194  0.592526)
     C   17    Vyy=   -0.7047    axis=( -0.385787 -0.542487 -0.746241)
     C   17    Vzz=    0.8414    axis=(  0.528291 -0.793014  0.303376)
     C   17  Q=         1.0000 1e-30 m^2  Cq=         1.9771 MHz  eta= 0.67506

     Cl  18    Vxx=   -1.4059    axis=( -0.298018 -0.414704  0.859771)
     Cl  18    Vyy=   -1.5785    axis=( -0.726504 -0.485697 -0.486097)
     Cl  18    Vzz=    2.9843    axis=(  0.619174 -0.769493 -0.156538)
     Cl  18  Q=        -8.1650 1e-30 m^2  Cq=       -57.2528 MHz  eta= 0.05783

     H   19    Vxx=    0.0089    axis=(  0.023279  0.080556  0.996478)
     H   19    Vyy=    0.2906    axis=(  0.467998 -0.881667  0.060341)
     H   19    Vzz=   -0.2995    axis=(  0.883423  0.464945 -0.058224)
     H   19  Q=         1.0000 1e-30 m^2  Cq=        -0.7037 MHz  eta= 0.94073

     C   20    Vxx=   -0.0591    axis=( -0.378192  0.258534  0.888893)
     C   20    Vyy=   -1.0326    axis=(  0.918549  0.224142  0.325619)
     C   20    Vzz=    1.0917    axis=( -0.115055  0.939639 -0.322245)
     C   20  Q=         1.0000 1e-30 m^2  Cq=         2.5650 MHz  eta= 0.89179

     H   21    Vxx=    0.0097    axis=( -0.345020 -0.647025 -0.679941)
     H   21    Vyy=    0.5963    axis=( -0.765932  0.612802 -0.194482)
     H   21    Vzz=   -0.6060    axis=(  0.542503  0.453688 -0.707006)
     H   21  Q=         1.0000 1e-30 m^2  Cq=        -1.4238 MHz  eta= 0.96788

     C   22    Vxx=   -0.0111    axis=( -0.231836 -0.961324 -0.148687)
     C   22    Vyy=   -0.2708    axis=(  0.185338  0.106399 -0.976898)
     C   22    Vzz=    0.2819    axis=(  0.954936 -0.254038  0.153502)
     C   22  Q=         1.0000 1e-30 m^2  Cq=         0.6623 MHz  eta= 0.92154

     C   23    Vxx=   -0.0908    axis=(  0.579400 -0.227411 -0.782675)
     C   23    Vyy=   -0.7584    axis=( -0.787726 -0.402777 -0.466110)
     C   23    Vzz=    0.8492    axis=( -0.209245  0.886597 -0.412507)
     C   23  Q=         1.0000 1e-30 m^2  Cq=         1.9953 MHz  eta= 0.78607

     Cl  24    Vxx=    0.6120    axis=( -0.924412  0.061802 -0.376355)
     Cl  24    Vyy=    2.3612    axis=(  0.219221  0.893589 -0.391716)
     Cl  24    Vzz=   -2.9731    axis=( -0.312098  0.444612  0.839592)
     Cl  24  Q=        -8.1650 1e-30 m^2  Cq=        57.0379 MHz  eta= 0.58834

     Initialization:
     gipaw_setup  :      9.04s CPU     10.99s WALL (       1 calls)

     Linear response

     Apply operators

     Induced current

     Other routines
     efg          :      9.37s CPU     11.64s WALL (       1 calls)

     General routines
     calbec       :      3.20s CPU      3.99s WALL (      16 calls)
     fft          :      1.48s CPU      2.02s WALL (      15 calls)
     ffts         :      0.03s CPU      0.05s WALL (       2 calls)
     fftw         :      3.30s CPU      4.02s WALL (     672 calls)
     davcio       :      0.04s CPU      0.33s WALL (      32 calls)

     Parallel routines
     fft_scatter  :      2.20s CPU      3.30s WALL (     689 calls)

     Plugins

     GIPAW        :     61.51s CPU     73.43s WALL (       1 calls)
