
     Program QE v.6.0 (svn rev. 13079) starts on 16Dec2016 at 21:45:49 

     This program is part of the open-source Quantum ESPRESSO suite
     for quantum simulation of materials; please cite
         "P. Giannozzi et al., J. Phys.:Condens. Matter 21 395502 (2009);
          URL http://www.quantum-espresso.org", 
     in publications or presentations arising from this work. More details at
     http://www.quantum-espresso.org/quote

     Parallel version (MPI), running on     8 processors
     R & G space division:  proc/nbgrp/npool/nimage =       8

     ***** This is GIPAW svn revision unknown      *****

     Parallelizing q-star over 1 images

     Reading data from directory:
     /users/majewski/paradichlorobenzene/pbe/9_constraint/scratch/pbe.ecut100.np8.dt60.pcl2phi-129368.save
     Message from routine read_xml_file:
     file /users/majewski/paradichlorobenzene/pbe/9_constraint/scratch/pbe.ecut100.np8.dt60.pcl2phi-129368.save not guaranteed to be safe for post-processing

   Info: using nr1, nr2, nr3 values from input

   Info: using nr1, nr2, nr3 values from input

     IMPORTANT: XC functional enforced from input :
     Exchange-correlation      =  SLA  PW   PBX  PBC ( 1  4  3  4 0 0)
     Any further DFT definition will be discarded
     Please, verify this is what you really want

               file C.pbe-n-kjpaw_psl.1.0.0.UPF: wavefunction(s)  2S 2P renormalized
               file Cl.pbe-n-kjpaw_psl.1.0.0.UPF: wavefunction(s)  3S 3P renormalized
               file H.pbe-kjpaw_psl.1.0.0.UPF: wavefunction(s)  1S renormalized

     Parallelization info
     --------------------
     sticks:   dense  smooth     PW     G-vecs:    dense   smooth      PW
     Min        3057    1223    332               144436    36536    5170
     Max        3059    1225    333               144437    36537    5171
     Sum       24467    9791   2657              1155489   292295   41363


     Subspace diagonalization in iterative solution of the eigenvalue problem:
     a serial algorithm will be used

     GIPAW projectors -----------------------------------------------
     atom=  C    l=0  rc=    1.2000  rs=    0.8000
     atom=  C    l=0  rc=    1.2000  rs=    0.8000
     atom=  C    l=1  rc=    1.4000  rs=    0.9333
     atom=  C    l=1  rc=    1.4000  rs=    0.9333
     projs nearly linearly dependent: l=1  n1,n2= 1, 2  s=  0.99951561

     atom=  Cl   l=0  rc=    1.6000  rs=    1.0667
     atom=  Cl   l=0  rc=    1.6000  rs=    1.0667
     atom=  Cl   l=1  rc=    1.6000  rs=    1.0667
     atom=  Cl   l=1  rc=    1.6000  rs=    1.0667
     atom=  Cl   l=2  rc=    1.6000  rs=    1.0667
     atom=  Cl   l=2  rc=    1.6000  rs=    1.0667
     projs nearly linearly dependent: l=2  n1,n2= 1, 2  s=  0.99993509

     atom=  H    l=0  rc=    1.0000  rs=    0.6667
     atom=  H    l=0  rc=    1.0000  rs=    0.6667
     projs nearly linearly dependent: l=0  n1,n2= 1, 2  s=  0.99968852
     -----------------------------------------------------------------

     GIPAW integrals: -------------------------------------------
     Atom  i/j   nmr_para   nmr_dia   epr_rmc  epr_para   epr_dia
       C   1 1   0.83E+03  0.17E-01  0.93E+01  0.24E+08  0.24E+03
       C   2 1   0.86E+03 -0.61E-01  0.94E+01  0.25E+08  0.25E+03
       C   2 2   0.90E+03 -0.15E+00  0.97E+01  0.26E+08  0.26E+03
       C   3 3   0.33E+01  0.34E+00  0.18E+01  0.55E+03  0.21E+02
       C   4 3   0.35E+01  0.37E+00  0.20E+01  0.59E+03  0.22E+02
       C   4 4   0.38E+01  0.39E+00  0.22E+01  0.63E+03  0.24E+02
       Cl  1 1   0.14E+04 -0.47E+00  0.84E+01  0.32E+09  0.42E+03
       Cl  2 1   0.21E+04 -0.37E+00  0.12E+02  0.49E+09  0.65E+03
       Cl  2 2   0.33E+04 -0.16E+00  0.21E+02  0.76E+09  0.10E+04
       Cl  3 3   0.21E+02  0.79E-01  0.89E+01  0.23E+05  0.13E+03
       Cl  4 3   0.24E+02  0.67E-01  0.99E+01  0.27E+05  0.15E+03
       Cl  4 4   0.28E+02  0.44E-01  0.11E+02  0.32E+05  0.18E+03
       Cl  5 5   0.77E+00  0.19E+00  0.18E+01  0.12E+03  0.22E+02
       Cl  6 5   0.80E+00  0.19E+00  0.19E+01  0.12E+03  0.23E+02
       Cl  6 6   0.83E+00  0.20E+00  0.19E+01  0.12E+03  0.23E+02
       H   1 1   0.39E+02  0.19E+00  0.29E+00  0.78E+05  0.13E+02
       H   2 1   0.41E+02  0.21E+00  0.32E+00  0.82E+05  0.14E+02
       H   2 2   0.43E+02  0.22E+00  0.36E+00  0.86E+05  0.15E+02
     ------------------------------------------------------------

     alpha_pv=     34.4974 eV

     Number of occupied bands for each k-point:
     k-point:     1    nbnd_occ=  42
     k-point:     2    nbnd_occ=  42
     k-point:     3    nbnd_occ=  42
     k-point:     4    nbnd_occ=  42
     k-point:     5    nbnd_occ=  42
     k-point:     6    nbnd_occ=  42
     k-point:     7    nbnd_occ=  42
     k-point:     8    nbnd_occ=  42
     k-point:     9    nbnd_occ=  42
     k-point:    10    nbnd_occ=  42
     k-point:    11    nbnd_occ=  42
     k-point:    12    nbnd_occ=  42
     k-point:    13    nbnd_occ=  42
     k-point:    14    nbnd_occ=  42
     k-point:    15    nbnd_occ=  42
     k-point:    16    nbnd_occ=  42


     q-space interpolation up to   110.00 Rydberg

     GIPAW job: efg                                                                             


     ELECTRIC FIELD GRADIENTS TENSORS IN Hartree/bohrradius^2:

     ----- bare term -----
     Cl   1       -0.090025       -0.037469        0.016069
     Cl   1       -0.037469       -0.049177        0.120280
     Cl   1        0.016069        0.120280        0.139202

     C    2       -0.712986        0.193193       -0.231575
     C    2        0.193193        0.148056       -0.112580
     C    2       -0.231575       -0.112580        0.564930

     C    3        0.306928       -0.043333        0.238723
     C    3       -0.043333       -0.201075       -0.063115
     C    3        0.238723       -0.063115       -0.105853

     H    4       -0.317200       -0.249786        0.258422
     H    4       -0.249786        0.185568        0.031028
     H    4        0.258422        0.031028        0.131632

     C    5       -0.346750        0.221661       -0.112668
     C    5        0.221661        0.249525        0.054453
     C    5       -0.112668        0.054453        0.097225

     H    6        0.340213       -0.294481        0.134593
     H    6       -0.294481       -0.510552        0.275036
     H    6        0.134593        0.275036        0.170339

     H    7        0.413557        0.167632       -0.020315
     H    7        0.167632       -0.692368        0.261273
     H    7       -0.020315        0.261273        0.278811

     C    8       -0.307863       -0.227821       -0.330533
     C    8       -0.227821       -0.087663        0.485708
     C    8       -0.330533        0.485708        0.395526

     H    9       -0.273232        0.228604       -0.510003
     H    9        0.228604        0.301607        0.275515
     H    9       -0.510003        0.275515       -0.028375

     C   10       -0.431693       -0.358266       -0.259611
     C   10       -0.358266        0.004284        0.376481
     C   10       -0.259611        0.376481        0.427409

     C   11       -0.081371        0.168311       -0.388947
     C   11        0.168311       -0.099013        0.615020
     C   11       -0.388947        0.615020        0.180385

     Cl  12       -0.093191       -0.115482        0.002765
     Cl  12       -0.115482        0.001882        0.027368
     Cl  12        0.002765        0.027368        0.091309

     H   13        0.461156       -0.069485       -0.015205
     H   13       -0.069485       -0.807182       -0.250180
     H   13       -0.015205       -0.250180        0.346026

     C   14       -0.088047        0.056630       -0.210638
     C   14        0.056630        0.001878       -0.428938
     C   14       -0.210638       -0.428938        0.086169

     H   15       -0.130560       -0.462310       -0.095111
     H   15       -0.462310       -0.264418        0.098207
     H   15       -0.095111        0.098207        0.394978

     C   16       -0.627380        0.333262       -0.175053
     C   16        0.333262        0.265510       -0.264666
     C   16       -0.175053       -0.264666        0.361870

     C   17        0.021820       -0.305166       -0.436008
     C   17       -0.305166       -0.159312       -0.527146
     C   17       -0.436008       -0.527146        0.137492

     Cl  18       -0.262991        0.258963       -0.009483
     Cl  18        0.258963        0.120932       -0.147851
     Cl  18       -0.009483       -0.147851        0.142059

     H   19        0.496419        0.032746        0.161631
     H   19        0.032746        0.057154        0.245761
     H   19        0.161631        0.245761       -0.553573

     C   20       -0.477355       -0.323768       -0.177819
     C   20       -0.323768        0.071862        0.435000
     C   20       -0.177819        0.435000        0.405494

     H   21        0.165584        0.056334       -0.299439
     H   21        0.056334        0.351884       -0.177194
     H   21       -0.299439       -0.177194       -0.517468

     C   22       -0.091012       -0.227652       -0.189503
     C   22       -0.227652       -0.113441        0.398363
     C   22       -0.189503        0.398363        0.204452

     C   23       -0.398973       -0.286589       -0.413268
     C   23       -0.286589        0.113798        0.435346
     C   23       -0.413268        0.435346        0.285175

     Cl  24        0.128234        0.141680        0.165647
     Cl  24        0.141680       -0.119672       -0.366341
     Cl  24        0.165647       -0.366341       -0.008562

     ----- ionic term -----
     Cl   1        0.151308       -0.205619        0.022217
     Cl   1       -0.205619        0.023968       -0.011834
     Cl   1        0.022217       -0.011834       -0.175276

     C    2        0.264961        0.006600        0.173298
     C    2        0.006600        0.330613        0.271903
     C    2        0.173298        0.271903       -0.595574

     C    3        0.278041       -0.141178        0.017793
     C    3       -0.141178        0.334799        0.285541
     C    3        0.017793        0.285541       -0.612839

     H    4        0.919589        0.478989        0.251269
     H    4        0.478989       -0.299147        0.120881
     H    4        0.251269        0.120881       -0.620442

     C    5        0.423639       -0.089912        0.027759
     C    5       -0.089912        0.192200        0.239193
     C    5        0.027759        0.239193       -0.615838

     H    6       -0.513631        0.134483        0.002430
     H    6        0.134483        1.009028        0.379489
     H    6        0.002430        0.379489       -0.495397

     H    7       -0.522804       -0.065947        0.062194
     H    7       -0.065947        0.713121       -0.678037
     H    7        0.062194       -0.678037       -0.190316

     C    8        0.292493        0.271204        0.325712
     C    8        0.271204        0.061180       -0.254929
     C    8        0.325712       -0.254929       -0.353673

     H    9        0.518496       -0.208430        0.744597
     H    9       -0.208430       -0.480954       -0.216259
     H    9        0.744597       -0.216259       -0.037542

     C   10        0.146218        0.298478        0.244024
     C   10        0.298478        0.170723       -0.342093
     C   10        0.244024       -0.342093       -0.316941

     C   11        0.127446        0.230431        0.312885
     C   11        0.230431        0.110168       -0.374688
     C   11        0.312885       -0.374688       -0.237614

     Cl  12        0.148386        0.216773        0.012461
     Cl  12        0.216773        0.021194       -0.004669
     Cl  12        0.012461       -0.004669       -0.169579

     H   13       -0.541002        0.064463        0.033516
     H   13        0.064463        0.798588        0.611473
     H   13        0.033516        0.611473       -0.257586

     C   14        0.336476       -0.072716        0.101090
     C   14       -0.072716        0.180112        0.289211
     C   14        0.101090        0.289211       -0.516588

     H   15        0.671731        0.525847        0.438123
     H   15        0.525847       -0.233173        0.228978
     H   15        0.438123        0.228978       -0.438558

     C   16        0.192127       -0.091671        0.079172
     C   16       -0.091671        0.300387        0.344092
     C   16        0.079172        0.344092       -0.492514

     C   17        0.341442        0.049480        0.050683
     C   17        0.049480        0.187762        0.333899
     C   17        0.050683        0.333899       -0.529204

     Cl  18        0.138499       -0.156180       -0.045661
     Cl  18       -0.156180       -0.024784        0.026941
     Cl  18       -0.045661        0.026941       -0.113714

     H   19       -0.525305        0.048303       -0.031926
     H   19        0.048303        0.419236       -0.783937
     H   19       -0.031926       -0.783937        0.106069

     C   20        0.195436        0.305372        0.312273
     C   20        0.305372        0.020973       -0.276885
     C   20        0.312273       -0.276885       -0.216409

     H   21        0.281196       -0.110123        0.812036
     H   21       -0.110123       -0.485940       -0.178398
     H   21        0.812036       -0.178398        0.204743

     C   22        0.084862        0.354417        0.250521
     C   22        0.354417        0.106957       -0.308138
     C   22        0.250521       -0.308138       -0.191819

     C   23        0.147504        0.227967        0.342287
     C   23        0.227967        0.073802       -0.288818
     C   23        0.342287       -0.288818       -0.221306

     Cl  24        0.077166        0.211120        0.057424
     Cl  24        0.211120        0.065425        0.039340
     Cl  24        0.057424        0.039340       -0.142591

     ----- GIPAW term -----
     Cl   1       -0.156097       -2.071257       -0.159243
     Cl   1       -2.071257       -0.436960        1.630387
     Cl   1       -0.159243        1.630387        0.593056

     C    2       -0.162662       -0.034258       -0.015502
     C    2       -0.034258       -0.053322        0.104061
     C    2       -0.015502        0.104061        0.215984

     C    3        0.027445       -0.011873        0.030398
     C    3       -0.011873        0.014856        0.032181
     C    3        0.030398        0.032181       -0.042301

     H    4       -0.000000        0.000000        0.000000
     H    4        0.000000        0.000000        0.000000
     H    4        0.000000        0.000000        0.000000

     C    5       -0.008136        0.004812       -0.005172
     C    5        0.004812        0.025159        0.024118
     C    5       -0.005172        0.024118       -0.017023

     H    6       -0.000000        0.000000        0.000000
     H    6        0.000000        0.000000        0.000000
     H    6        0.000000        0.000000        0.000000

     H    7       -0.000000        0.000000        0.000000
     H    7        0.000000        0.000000        0.000000
     H    7        0.000000        0.000000        0.000000

     C    8       -0.063702       -0.073090       -0.071980
     C    8       -0.073090        0.015719        0.172523
     C    8       -0.071980        0.172523        0.047982

     H    9       -0.000000        0.000000        0.000000
     H    9        0.000000        0.000000        0.000000
     H    9        0.000000        0.000000        0.000000

     C   10       -0.141788       -0.041926       -0.059961
     C   10       -0.041926        0.113348        0.055760
     C   10       -0.059961        0.055760        0.028440

     C   11        0.060947        0.207868       -0.062458
     C   11        0.207868        0.033551        0.113188
     C   11       -0.062458        0.113188       -0.094499

     Cl  12        1.131188        2.066678       -0.013686
     Cl  12        2.066678        0.176002        0.175614
     Cl  12       -0.013686        0.175614       -1.307190

     H   13       -0.000000        0.000000        0.000000
     H   13        0.000000        0.000000        0.000000
     H   13        0.000000        0.000000        0.000000

     C   14       -0.111431        0.020941       -0.012597
     C   14        0.020941        0.256347       -0.010860
     C   14       -0.012597       -0.010860       -0.144916

     H   15       -0.000000        0.000000        0.000000
     H   15        0.000000        0.000000        0.000000
     H   15        0.000000        0.000000        0.000000

     C   16       -0.215698        0.045002       -0.032403
     C   16        0.045002        0.276460       -0.104215
     C   16       -0.032403       -0.104215       -0.060761

     C   17       -0.008285       -0.243594       -0.113187
     C   17       -0.243594        0.100267        0.076054
     C   17       -0.113187        0.076054       -0.091981

     Cl  18       -0.945449       -0.607945       -0.282652
     Cl  18       -0.607945        1.788960       -2.000474
     Cl  18       -0.282652       -2.000474       -0.843511

     H   19       -0.000000        0.000000        0.000000
     H   19        0.000000        0.000000        0.000000
     H   19        0.000000        0.000000        0.000000

     C   20       -0.169996       -0.047764       -0.019028
     C   20       -0.047764        0.031152        0.231408
     C   20       -0.019028        0.231408        0.138844

     H   21       -0.000000        0.000000        0.000000
     H   21        0.000000        0.000000        0.000000
     H   21        0.000000        0.000000        0.000000

     C   22       -0.097783       -0.052730       -0.085737
     C   22       -0.052730       -0.010238        0.165933
     C   22       -0.085737        0.165933        0.108020

     C   23       -0.096617       -0.008442       -0.094137
     C   23       -0.008442        0.166865        0.177600
     C   23       -0.094137        0.177600       -0.070248

     Cl  24        0.049089        0.269179       -0.478774
     Cl  24        0.269179        0.314748        0.850991
     Cl  24       -0.478774        0.850991       -0.363837

     ----- total EFG -----
     Cl   1       -0.094814       -2.314344       -0.120957
     Cl   1       -2.314344       -0.462169        1.738833
     Cl   1       -0.120957        1.738833        0.556982

     C    2       -0.610688        0.165535       -0.073779
     C    2        0.165535        0.425347        0.263383
     C    2       -0.073779        0.263383        0.185340

     C    3        0.612413       -0.196384        0.286914
     C    3       -0.196384        0.148580        0.254606
     C    3        0.286914        0.254606       -0.760993

     H    4        0.602389        0.229203        0.509691
     H    4        0.229203       -0.113579        0.151909
     H    4        0.509691        0.151909       -0.488809

     C    5        0.068752        0.136561       -0.090081
     C    5        0.136561        0.466884        0.317764
     C    5       -0.090081        0.317764       -0.535636

     H    6       -0.173419       -0.159999        0.137023
     H    6       -0.159999        0.498476        0.654525
     H    6        0.137023        0.654525       -0.325058

     H    7       -0.109248        0.101685        0.041880
     H    7        0.101685        0.020753       -0.416763
     H    7        0.041880       -0.416763        0.088495

     C    8       -0.079071       -0.029707       -0.076801
     C    8       -0.029707       -0.010764        0.403302
     C    8       -0.076801        0.403302        0.089835

     H    9        0.245265        0.020174        0.234595
     H    9        0.020174       -0.179348        0.059257
     H    9        0.234595        0.059257       -0.065917

     C   10       -0.427263       -0.101714       -0.075549
     C   10       -0.101714        0.288355        0.090148
     C   10       -0.075549        0.090148        0.138908

     C   11        0.107022        0.606610       -0.138520
     C   11        0.606610        0.044706        0.353520
     C   11       -0.138520        0.353520       -0.151728

     Cl  12        1.186383        2.167969        0.001540
     Cl  12        2.167969        0.199078        0.198314
     Cl  12        0.001540        0.198314       -1.385461

     H   13       -0.079846       -0.005022        0.018310
     H   13       -0.005022       -0.008595        0.361293
     H   13        0.018310        0.361293        0.088441

     C   14        0.136998        0.004855       -0.122146
     C   14        0.004855        0.438337       -0.150587
     C   14       -0.122146       -0.150587       -0.575335

     H   15        0.541172        0.063537        0.343013
     H   15        0.063537       -0.497592        0.327185
     H   15        0.343013        0.327185       -0.043580

     C   16       -0.650951        0.286593       -0.128284
     C   16        0.286593        0.842356       -0.024789
     C   16       -0.128284       -0.024789       -0.191406

     C   17        0.354976       -0.499281       -0.498511
     C   17       -0.499281        0.128717       -0.117192
     C   17       -0.498511       -0.117192       -0.483693

     Cl  18       -1.069941       -0.505162       -0.337795
     Cl  18       -0.505162        1.885107       -2.121384
     Cl  18       -0.337795       -2.121384       -0.815166

     H   19       -0.028886        0.081050        0.129705
     H   19        0.081050        0.476391       -0.538176
     H   19        0.129705       -0.538176       -0.447504

     C   20       -0.451915       -0.066159        0.115426
     C   20       -0.066159        0.123987        0.389524
     C   20        0.115426        0.389524        0.327929

     H   21        0.446781       -0.053789        0.512596
     H   21       -0.053789       -0.134056       -0.355592
     H   21        0.512596       -0.355592       -0.312725

     C   22       -0.103932        0.074034       -0.024719
     C   22        0.074034       -0.016721        0.256158
     C   22       -0.024719        0.256158        0.120653

     C   23       -0.348085       -0.067065       -0.165118
     C   23       -0.067065        0.354465        0.324128
     C   23       -0.165118        0.324128       -0.006380

     Cl  24        0.254489        0.621979       -0.255704
     Cl  24        0.621979        0.260501        0.523989
     Cl  24       -0.255704        0.523989       -0.514990

     ----- total EFG (symmetrized) -----
     Cl   1       -0.094814       -2.314344       -0.120957
     Cl   1       -2.314344       -0.462169        1.738833
     Cl   1       -0.120957        1.738833        0.556982

     C    2       -0.610688        0.165535       -0.073779
     C    2        0.165535        0.425347        0.263383
     C    2       -0.073779        0.263383        0.185340

     C    3        0.612413       -0.196384        0.286914
     C    3       -0.196384        0.148580        0.254606
     C    3        0.286914        0.254606       -0.760993

     H    4        0.602389        0.229203        0.509691
     H    4        0.229203       -0.113579        0.151909
     H    4        0.509691        0.151909       -0.488809

     C    5        0.068752        0.136561       -0.090081
     C    5        0.136561        0.466884        0.317764
     C    5       -0.090081        0.317764       -0.535636

     H    6       -0.173419       -0.159999        0.137023
     H    6       -0.159999        0.498476        0.654525
     H    6        0.137023        0.654525       -0.325058

     H    7       -0.109248        0.101685        0.041880
     H    7        0.101685        0.020753       -0.416763
     H    7        0.041880       -0.416763        0.088495

     C    8       -0.079071       -0.029707       -0.076801
     C    8       -0.029707       -0.010764        0.403302
     C    8       -0.076801        0.403302        0.089835

     H    9        0.245265        0.020174        0.234595
     H    9        0.020174       -0.179348        0.059257
     H    9        0.234595        0.059257       -0.065917

     C   10       -0.427263       -0.101714       -0.075549
     C   10       -0.101714        0.288355        0.090148
     C   10       -0.075549        0.090148        0.138908

     C   11        0.107022        0.606610       -0.138520
     C   11        0.606610        0.044706        0.353520
     C   11       -0.138520        0.353520       -0.151728

     Cl  12        1.186383        2.167969        0.001540
     Cl  12        2.167969        0.199078        0.198314
     Cl  12        0.001540        0.198314       -1.385461

     H   13       -0.079846       -0.005022        0.018310
     H   13       -0.005022       -0.008595        0.361293
     H   13        0.018310        0.361293        0.088441

     C   14        0.136998        0.004855       -0.122146
     C   14        0.004855        0.438337       -0.150587
     C   14       -0.122146       -0.150587       -0.575335

     H   15        0.541172        0.063537        0.343013
     H   15        0.063537       -0.497592        0.327185
     H   15        0.343013        0.327185       -0.043580

     C   16       -0.650951        0.286593       -0.128284
     C   16        0.286593        0.842356       -0.024789
     C   16       -0.128284       -0.024789       -0.191406

     C   17        0.354976       -0.499281       -0.498511
     C   17       -0.499281        0.128717       -0.117192
     C   17       -0.498511       -0.117192       -0.483693

     Cl  18       -1.069941       -0.505162       -0.337795
     Cl  18       -0.505162        1.885107       -2.121384
     Cl  18       -0.337795       -2.121384       -0.815166

     H   19       -0.028886        0.081050        0.129705
     H   19        0.081050        0.476391       -0.538176
     H   19        0.129705       -0.538176       -0.447504

     C   20       -0.451915       -0.066159        0.115426
     C   20       -0.066159        0.123987        0.389524
     C   20        0.115426        0.389524        0.327929

     H   21        0.446781       -0.053789        0.512596
     H   21       -0.053789       -0.134056       -0.355592
     H   21        0.512596       -0.355592       -0.312725

     C   22       -0.103932        0.074034       -0.024719
     C   22        0.074034       -0.016721        0.256158
     C   22       -0.024719        0.256158        0.120653

     C   23       -0.348085       -0.067065       -0.165118
     C   23       -0.067065        0.354465        0.324128
     C   23       -0.165118        0.324128       -0.006380

     Cl  24        0.254489        0.621979       -0.255704
     Cl  24        0.621979        0.260501        0.523989
     Cl  24       -0.255704        0.523989       -0.514990


     NQR/NMR SPECTROSCOPIC PARAMETERS:
     Cl   1    Vxx=    0.1962    axis=(  0.617756 -0.118318  0.777418)
     Cl   1    Vyy=    2.8399    axis=( -0.539105  0.656006  0.528226)
     Cl   1    Vzz=   -3.0361    axis=( -0.572489 -0.745425  0.341466)
     Cl   1  Q=        -8.1650 1e-30 m^2  Cq=        58.2465 MHz  eta= 0.87074

     C    2    Vxx=    0.0498    axis=( -0.217873 -0.494190  0.841610)
     C    2    Vyy=    0.6032    axis=( -0.084212 -0.849591 -0.520677)
     C    2    Vzz=   -0.6530    axis=(  0.972337 -0.184315  0.143486)
     C    2  Q=         1.0000 1e-30 m^2  Cq=        -1.5342 MHz  eta= 0.84752

     C    3    Vxx=    0.1889    axis=(  0.216519  0.924656  0.313257)
     C    3    Vyy=    0.7100    axis=(  0.952710 -0.270199  0.139058)
     C    3    Vzz=   -0.8988    axis=( -0.213222 -0.268334  0.939432)
     C    3  Q=         1.0000 1e-30 m^2  Cq=        -2.1119 MHz  eta= 0.57979

     H    4    Vxx=   -0.1807    axis=(  0.283360 -0.959005 -0.004075)
     H    4    Vyy=   -0.6960    axis=(  0.346994  0.106487 -0.931802)
     H    4    Vzz=    0.8766    axis=(  0.894037  0.262621  0.362943)
     H    4  Q=         1.0000 1e-30 m^2  Cq=         2.0597 MHz  eta= 0.58784

     C    5    Vxx=    0.0681    axis=(  0.962838 -0.151668 -0.223471)
     C    5    Vyy=    0.5816    axis=(  0.207405  0.945210  0.252112)
     C    5    Vzz=   -0.6498    axis=(  0.172990 -0.289092  0.941541)
     C    5  Q=         1.0000 1e-30 m^2  Cq=        -1.5267 MHz  eta= 0.79023

     H    6    Vxx=   -0.1114    axis=(  0.943470 -0.093705  0.317937)
     H    6    Vyy=   -0.7540    axis=(  0.323407  0.470387 -0.821063)
     H    6    Vzz=    0.8654    axis=( -0.072616  0.877471  0.474100)
     H    6  Q=         1.0000 1e-30 m^2  Cq=         2.0332 MHz  eta= 0.74264

     H    7    Vxx=   -0.0750    axis=(  0.939607  0.202638  0.275820)
     H    7    Vyy=   -0.4003    axis=( -0.335725  0.702376  0.627660)
     H    7    Vzz=    0.4753    axis=( -0.066542 -0.682353  0.727988)
     H    7  Q=         1.0000 1e-30 m^2  Cq=         1.1168 MHz  eta= 0.68431

     C    8    Vxx=   -0.0873    axis=(  0.984653  0.169810  0.040288)
     C    8    Vyy=   -0.3698    axis=( -0.100294  0.739488 -0.665656)
     C    8    Vzz=    0.4571    axis=( -0.142828  0.651400  0.745170)
     C    8  Q=         1.0000 1e-30 m^2  Cq=         1.0740 MHz  eta= 0.61787

     H    9    Vxx=   -0.1447    axis=(  0.374714 -0.739388 -0.559369)
     H    9    Vyy=   -0.2302    axis=(  0.306192  0.668167 -0.678085)
     H    9    Vzz=    0.3750    axis=( -0.875120 -0.082814 -0.476767)
     H    9  Q=         1.0000 1e-30 m^2  Cq=         0.8811 MHz  eta= 0.22800

     C   10    Vxx=    0.0976    axis=( -0.042437 -0.445310  0.894370)
     C   10    Vyy=    0.3506    axis=( -0.158127  0.886888  0.434081)
     C   10    Vzz=   -0.4482    axis=( -0.986506 -0.123003 -0.108053)
     C   10  Q=         1.0000 1e-30 m^2  Cq=        -1.0531 MHz  eta= 0.56447

     C   11    Vxx=    0.0350    axis=( -0.490627  0.248912  0.835062)
     C   11    Vyy=    0.7101    axis=( -0.675669 -0.713821 -0.184205)
     C   11    Vzz=   -0.7452    axis=(  0.550234 -0.654601  0.518402)
     C   11  Q=         1.0000 1e-30 m^2  Cq=        -1.7508 MHz  eta= 0.90597

     Cl  12    Vxx=   -1.2904    axis=(  0.356018 -0.406135 -0.841609)
     Cl  12    Vyy=   -1.6294    axis=( -0.513552  0.667392 -0.539307)
     Cl  12    Vzz=    2.9198    axis=(  0.780715  0.624213  0.029032)
     Cl  12  Q=        -8.1650 1e-30 m^2  Cq=       -56.0153 MHz  eta= 0.11610

     H   13    Vxx=   -0.0791    axis=(  0.997694 -0.062658  0.026088)
     H   13    Vyy=   -0.3256    axis=(  0.064332  0.750526 -0.657702)
     H   13    Vzz=    0.4047    axis=(  0.021631  0.657864  0.752826)
     H   13  Q=         1.0000 1e-30 m^2  Cq=         0.9508 MHz  eta= 0.60932

     C   14    Vxx=    0.1546    axis=(  0.984892 -0.094022 -0.145419)
     C   14    Vyy=    0.4618    axis=(  0.071731  0.985839 -0.151580)
     C   14    Vzz=   -0.6164    axis=(  0.157612  0.138859  0.977689)
     C   14  Q=         1.0000 1e-30 m^2  Cq=        -1.4483 MHz  eta= 0.49849

     H   15    Vxx=   -0.0539    axis=(  0.476702 -0.476478 -0.738731)
     H   15    Vyy=   -0.6786    axis=(  0.094471  0.863261 -0.495838)
     H   15    Vzz=    0.7325    axis=( -0.873974 -0.166579 -0.456532)
     H   15  Q=         1.0000 1e-30 m^2  Cq=         1.7210 MHz  eta= 0.85284

     C   16    Vxx=   -0.1661    axis=( -0.208606  0.083240  0.974451)
     C   16    Vyy=   -0.7315    axis=(  0.960277 -0.171392  0.220212)
     C   16    Vzz=    0.8976    axis=(  0.185344  0.981680 -0.044180)
     C   16  Q=         1.0000 1e-30 m^2  Cq=         2.1090 MHz  eta= 0.62998

     C   17    Vxx=   -0.0047    axis=(  0.333086  0.775477 -0.536367)
     C   17    Vyy=   -0.8342    axis=(  0.482999  0.348221  0.803402)
     C   17    Vzz=    0.8389    axis=(  0.809794 -0.526666 -0.258567)
     C   17  Q=         1.0000 1e-30 m^2  Cq=         1.9710 MHz  eta= 0.98884

     Cl  18    Vxx=   -0.8360    axis=(  0.902594 -0.147685 -0.404367)
     Cl  18    Vyy=   -2.2329    axis=(  0.425004  0.455198  0.782410)
     Cl  18    Vzz=    3.0688    axis=( -0.068517  0.878057 -0.473626)
     Cl  18  Q=        -8.1650 1e-30 m^2  Cq=       -58.8735 MHz  eta= 0.45519

     H   19    Vxx=    0.0035    axis=(  0.976868  0.064580  0.203858)
     H   19    Vyy=    0.7242    axis=(  0.026440  0.909518 -0.414823)
     H   19    Vzz=   -0.7277    axis=( -0.212202  0.410617  0.886772)
     H   19  Q=         1.0000 1e-30 m^2  Cq=        -1.7099 MHz  eta= 0.99027

     C   20    Vxx=   -0.1302    axis=( -0.353514  0.754746 -0.552618)
     C   20    Vyy=   -0.5008    axis=( -0.934207 -0.254662  0.249810)
     C   20    Vzz=    0.6310    axis=(  0.047813  0.604570  0.795115)
     C   20  Q=         1.0000 1e-30 m^2  Cq=         1.4827 MHz  eta= 0.58726

     H   21    Vxx=   -0.0328    axis=(  0.423624  0.852275 -0.306871)
     H   21    Vyy=   -0.7246    axis=( -0.337452  0.462867  0.819683)
     H   21    Vzz=    0.7573    axis=(  0.840636 -0.243683  0.483684)
     H   21  Q=         1.0000 1e-30 m^2  Cq=         1.7794 MHz  eta= 0.91349

     C   22    Vxx=   -0.0681    axis=(  0.889878  0.323153 -0.322009)
     C   22    Vyy=   -0.2506    axis=( -0.452023  0.719875 -0.526740)
     C   22    Vzz=    0.3187    axis=(  0.061589  0.614289  0.786674)
     C   22  Q=         1.0000 1e-30 m^2  Cq=         0.7489 MHz  eta= 0.57268

     C   23    Vxx=   -0.1461    axis=( -0.423127 -0.531749  0.733626)
     C   23    Vyy=   -0.4212    axis=( -0.892667  0.105894 -0.438101)
     C   23    Vzz=    0.5672    axis=(  0.155274 -0.840255 -0.519481)
     C   23  Q=         1.0000 1e-30 m^2  Cq=         1.3328 MHz  eta= 0.48494

     Cl  24    Vxx=    0.0966    axis=( -0.646150  0.424747  0.634098)
     Cl  24    Vyy=    0.9102    axis=( -0.646249 -0.746484 -0.158504)
     Cl  24    Vzz=   -1.0068    axis=(  0.406020 -0.512202  0.756833)
     Cl  24  Q=        -8.1650 1e-30 m^2  Cq=        19.3147 MHz  eta= 0.80817

     Initialization:
     gipaw_setup  :      9.14s CPU     10.68s WALL (       1 calls)

     Linear response

     Apply operators

     Induced current

     Other routines
     efg          :      9.62s CPU     12.23s WALL (       1 calls)

     General routines
     calbec       :      3.23s CPU      4.31s WALL (      16 calls)
     fft          :      1.36s CPU      1.77s WALL (      15 calls)
     ffts         :      0.03s CPU      0.04s WALL (       2 calls)
     fftw         :      3.52s CPU      4.34s WALL (     672 calls)
     davcio       :      0.02s CPU      0.32s WALL (      32 calls)

     Parallel routines
     fft_scatter  :      2.13s CPU      3.26s WALL (     689 calls)

     Plugins

     GIPAW        :     62.02s CPU     73.39s WALL (       1 calls)
