
     Program QE v.6.0 (svn rev. 13079) starts on 24Dec2016 at 12:53:50 

     This program is part of the open-source Quantum ESPRESSO suite
     for quantum simulation of materials; please cite
         "P. Giannozzi et al., J. Phys.:Condens. Matter 21 395502 (2009);
          URL http://www.quantum-espresso.org", 
     in publications or presentations arising from this work. More details at
     http://www.quantum-espresso.org/quote

     Parallel version (MPI), running on     8 processors
     R & G space division:  proc/nbgrp/npool/nimage =       8

     ***** This is GIPAW svn revision unknown      *****

     Parallelizing q-star over 1 images

     Reading data from directory:
     /users/majewski/paradichlorobenzene/pbe/9_constraint/scratch/pbe.ecut100.np8.dt60.pcl2phi-129368.save
     Message from routine read_xml_file:
     file /users/majewski/paradichlorobenzene/pbe/9_constraint/scratch/pbe.ecut100.np8.dt60.pcl2phi-129368.save not guaranteed to be safe for post-processing

   Info: using nr1, nr2, nr3 values from input

   Info: using nr1, nr2, nr3 values from input

     IMPORTANT: XC functional enforced from input :
     Exchange-correlation      =  SLA  PW   PBX  PBC ( 1  4  3  4 0 0)
     Any further DFT definition will be discarded
     Please, verify this is what you really want

               file C.pbe-n-kjpaw_psl.1.0.0.UPF: wavefunction(s)  2S 2P renormalized
               file Cl.pbe-n-kjpaw_psl.1.0.0.UPF: wavefunction(s)  3S 3P renormalized
               file H.pbe-kjpaw_psl.1.0.0.UPF: wavefunction(s)  1S renormalized

     Parallelization info
     --------------------
     sticks:   dense  smooth     PW     G-vecs:    dense   smooth      PW
     Min        3057    1223    332               144436    36536    5170
     Max        3059    1225    333               144437    36537    5171
     Sum       24467    9791   2657              1155489   292295   41363


     Subspace diagonalization in iterative solution of the eigenvalue problem:
     a serial algorithm will be used

     GIPAW projectors -----------------------------------------------
     atom=  C    l=0  rc=    1.2000  rs=    0.8000
     atom=  C    l=0  rc=    1.2000  rs=    0.8000
     atom=  C    l=1  rc=    1.4000  rs=    0.9333
     atom=  C    l=1  rc=    1.4000  rs=    0.9333
     projs nearly linearly dependent: l=1  n1,n2= 1, 2  s=  0.99951561

     atom=  Cl   l=0  rc=    1.6000  rs=    1.0667
     atom=  Cl   l=0  rc=    1.6000  rs=    1.0667
     atom=  Cl   l=1  rc=    1.6000  rs=    1.0667
     atom=  Cl   l=1  rc=    1.6000  rs=    1.0667
     atom=  Cl   l=2  rc=    1.6000  rs=    1.0667
     atom=  Cl   l=2  rc=    1.6000  rs=    1.0667
     projs nearly linearly dependent: l=2  n1,n2= 1, 2  s=  0.99993509

     atom=  H    l=0  rc=    1.0000  rs=    0.6667
     atom=  H    l=0  rc=    1.0000  rs=    0.6667
     projs nearly linearly dependent: l=0  n1,n2= 1, 2  s=  0.99968852
     -----------------------------------------------------------------

     GIPAW integrals: -------------------------------------------
     Atom  i/j   nmr_para   nmr_dia   epr_rmc  epr_para   epr_dia
       C   1 1   0.83E+03  0.17E-01  0.93E+01  0.24E+08  0.24E+03
       C   2 1   0.86E+03 -0.61E-01  0.94E+01  0.25E+08  0.25E+03
       C   2 2   0.90E+03 -0.15E+00  0.97E+01  0.26E+08  0.26E+03
       C   3 3   0.33E+01  0.34E+00  0.18E+01  0.55E+03  0.21E+02
       C   4 3   0.35E+01  0.37E+00  0.20E+01  0.59E+03  0.22E+02
       C   4 4   0.38E+01  0.39E+00  0.22E+01  0.63E+03  0.24E+02
       Cl  1 1   0.14E+04 -0.47E+00  0.84E+01  0.32E+09  0.42E+03
       Cl  2 1   0.21E+04 -0.37E+00  0.12E+02  0.49E+09  0.65E+03
       Cl  2 2   0.33E+04 -0.16E+00  0.21E+02  0.76E+09  0.10E+04
       Cl  3 3   0.21E+02  0.79E-01  0.89E+01  0.23E+05  0.13E+03
       Cl  4 3   0.24E+02  0.67E-01  0.99E+01  0.27E+05  0.15E+03
       Cl  4 4   0.28E+02  0.44E-01  0.11E+02  0.32E+05  0.18E+03
       Cl  5 5   0.77E+00  0.19E+00  0.18E+01  0.12E+03  0.22E+02
       Cl  6 5   0.80E+00  0.19E+00  0.19E+01  0.12E+03  0.23E+02
       Cl  6 6   0.83E+00  0.20E+00  0.19E+01  0.12E+03  0.23E+02
       H   1 1   0.39E+02  0.19E+00  0.29E+00  0.78E+05  0.13E+02
       H   2 1   0.41E+02  0.21E+00  0.32E+00  0.82E+05  0.14E+02
       H   2 2   0.43E+02  0.22E+00  0.36E+00  0.86E+05  0.15E+02
     ------------------------------------------------------------

     alpha_pv=     34.0307 eV

     Number of occupied bands for each k-point:
     k-point:     1    nbnd_occ=  42
     k-point:     2    nbnd_occ=  42
     k-point:     3    nbnd_occ=  42
     k-point:     4    nbnd_occ=  42
     k-point:     5    nbnd_occ=  42
     k-point:     6    nbnd_occ=  42
     k-point:     7    nbnd_occ=  42
     k-point:     8    nbnd_occ=  42
     k-point:     9    nbnd_occ=  42
     k-point:    10    nbnd_occ=  42
     k-point:    11    nbnd_occ=  42
     k-point:    12    nbnd_occ=  42
     k-point:    13    nbnd_occ=  42
     k-point:    14    nbnd_occ=  42
     k-point:    15    nbnd_occ=  42
     k-point:    16    nbnd_occ=  42


     q-space interpolation up to   110.00 Rydberg

     GIPAW job: efg                                                                             


     ELECTRIC FIELD GRADIENTS TENSORS IN Hartree/bohrradius^2:

     ----- bare term -----
     Cl   1       -0.037986        0.062516        0.063608
     Cl   1        0.062516        0.033418        0.120722
     Cl   1        0.063608        0.120722        0.004567

     C    2       -0.755934        0.230562       -0.231539
     C    2        0.230562        0.208371       -0.083208
     C    2       -0.231539       -0.083208        0.547563

     C    3        0.250392       -0.043351        0.115662
     C    3       -0.043351       -0.377070       -0.272558
     C    3        0.115662       -0.272558        0.126678

     H    4       -0.472270       -0.207944        0.265649
     H    4       -0.207944        0.312376       -0.094612
     H    4        0.265649       -0.094612        0.159895

     C    5       -0.475256        0.296897       -0.391288
     C    5        0.296897       -0.017532        0.006332
     C    5       -0.391288        0.006332        0.492788

     H    6        0.070043       -0.406391        0.225744
     H    6       -0.406391       -0.418440       -0.118058
     H    6        0.225744       -0.118058        0.348397

     H    7        0.375552       -0.040886        0.271363
     H    7       -0.040886        0.016181        0.476848
     H    7        0.271363        0.476848       -0.391733

     C    8       -0.193381       -0.020569       -0.359989
     C    8       -0.020569       -0.139079        0.401763
     C    8       -0.359989        0.401763        0.332460

     H    9        0.027244        0.123191       -0.336868
     H    9        0.123191        0.161703        0.538988
     H    9       -0.336868        0.538988       -0.188947

     C   10       -0.572373       -0.340857       -0.379858
     C   10       -0.340857        0.051523        0.105985
     C   10       -0.379858        0.105985        0.520850

     C   11       -0.081736       -0.146434       -0.274772
     C   11       -0.146434       -0.066864        0.647853
     C   11       -0.274772        0.647853        0.148600

     Cl  12       -0.151949       -0.090611       -0.011781
     Cl  12       -0.090611       -0.011458        0.126571
     Cl  12       -0.011781        0.126571        0.163408

     H   13        0.335053       -0.381271       -0.043391
     H   13       -0.381271       -0.685210       -0.276382
     H   13       -0.043391       -0.276382        0.350157

     C   14       -0.068228        0.367348       -0.049079
     C   14        0.367348       -0.215051       -0.344161
     C   14       -0.049079       -0.344161        0.283279

     H   15       -0.270639       -0.553133       -0.139541
     H   15       -0.553133       -0.116666        0.025042
     H   15       -0.139541        0.025042        0.387305

     C   16       -0.590088        0.411542       -0.316754
     C   16        0.411542        0.267945       -0.245925
     C   16       -0.316754       -0.245925        0.322143

     C   17       -0.020069       -0.173857       -0.395172
     C   17       -0.173857       -0.153496       -0.558745
     C   17       -0.395172       -0.558745        0.173564

     Cl  18       -0.165949        0.166301        0.000066
     Cl  18        0.166301       -0.032765       -0.066680
     Cl  18        0.000066       -0.066680        0.198714

     H   19        0.484559        0.028688       -0.023009
     H   19        0.028688       -0.343085        0.443475
     H   19       -0.023009        0.443475       -0.141474

     C   20       -0.759804       -0.389629       -0.360988
     C   20       -0.389629        0.435515        0.244499
     C   20       -0.360988        0.244499        0.324289

     H   21       -0.055058        0.112501       -0.473915
     H   21        0.112501        0.378031       -0.071676
     H   21       -0.473915       -0.071676       -0.322972

     C   22       -0.049650       -0.254880       -0.192654
     C   22       -0.254880       -0.083281        0.634049
     C   22       -0.192654        0.634049        0.132931

     C   23       -0.401560       -0.322187       -0.418486
     C   23       -0.322187        0.136690        0.397257
     C   23       -0.418486        0.397257        0.264871

     Cl  24       -0.044382        0.022881       -0.066474
     Cl  24        0.022881        0.098061        0.121389
     Cl  24       -0.066474        0.121389       -0.053679

     ----- ionic term -----
     Cl   1        0.114342       -0.210437        0.029730
     Cl   1       -0.210437        0.055047       -0.016243
     Cl   1        0.029730       -0.016243       -0.169389

     C    2        0.233525       -0.050875        0.239652
     C    2       -0.050875        0.274861        0.310952
     C    2        0.239652        0.310952       -0.508386

     C    3        0.160392       -0.093943        0.086729
     C    3       -0.093943        0.325323        0.373986
     C    3        0.086729        0.373986       -0.485715

     H    4        0.845465        0.412613        0.437667
     H    4        0.412613       -0.343347        0.180816
     H    4        0.437667        0.180816       -0.502118

     C    5        0.315547       -0.054768        0.095600
     C    5       -0.054768        0.127551        0.305768
     C    5        0.095600        0.305768       -0.443098

     H    6       -0.459379        0.282821        0.099801
     H    6        0.282821        0.689334        0.613156
     H    6        0.099801        0.613156       -0.229955

     H    7       -0.531078        0.084787       -0.059292
     H    7        0.084787        0.287097       -0.802882
     H    7       -0.059292       -0.802882        0.243981

     C    8        0.194581        0.290554        0.307918
     C    8        0.290554       -0.071378       -0.291550
     C    8        0.307918       -0.291550       -0.123202

     H    9        0.406253       -0.345173        0.709289
     H    9       -0.345173       -0.388951       -0.323569
     H    9        0.709289       -0.323569       -0.017301

     C   10        0.124915        0.282283        0.193497
     C   10        0.282283        0.064545       -0.362031
     C   10        0.193497       -0.362031       -0.189460

     C   11        0.247475        0.263013        0.214729
     C   11        0.263013       -0.006297       -0.369769
     C   11        0.214729       -0.369769       -0.241178

     Cl  12        0.140481        0.213150       -0.007761
     Cl  12        0.213150        0.016812       -0.016996
     Cl  12       -0.007761       -0.016996       -0.157293

     H   13       -0.519114        0.169795        0.084417
     H   13        0.169795        0.852034        0.568446
     H   13        0.084417        0.568446       -0.332920

     C   14        0.352388       -0.130464        0.151449
     C   14       -0.130464        0.137134        0.278838
     C   14        0.151449        0.278838       -0.489522

     H   15        0.731444        0.441130        0.478535
     H   15        0.441130       -0.359496        0.222895
     H   15        0.478535        0.222895       -0.371947

     C   16        0.214872       -0.153927        0.093048
     C   16       -0.153927        0.202491        0.355831
     C   16        0.093048        0.355831       -0.417363

     C   17        0.278516       -0.038909        0.063124
     C   17       -0.038909        0.116377        0.374884
     C   17        0.063124        0.374884       -0.394893

     Cl  18        0.103077       -0.159314       -0.069926
     Cl  18       -0.159314       -0.001864        0.045988
     Cl  18       -0.069926        0.045988       -0.101213

     H   19       -0.495003       -0.067866        0.070630
     H   19       -0.067866        0.595011       -0.740057
     H   19        0.070630       -0.740057       -0.100008

     C   20        0.319079        0.243924        0.318005
     C   20        0.243924        0.018886       -0.261000
     C   20        0.318005       -0.261000       -0.337965

     H   21        0.480282       -0.349046        0.699430
     H   21       -0.349046       -0.369653       -0.297830
     H   21        0.699430       -0.297830       -0.110628

     C   22        0.112343        0.254616        0.239664
     C   22        0.254616        0.182052       -0.367065
     C   22        0.239664       -0.367065       -0.294395

     C   23        0.086547        0.204550        0.326112
     C   23        0.204550        0.074813       -0.381778
     C   23        0.326112       -0.381778       -0.161359

     Cl  24        0.137687        0.199575        0.022113
     Cl  24        0.199575       -0.010835        0.005076
     Cl  24        0.022113        0.005076       -0.126852

     ----- GIPAW term -----
     Cl   1        0.001156       -0.741192        0.764021
     Cl   1       -0.741192        1.074063        2.022863
     Cl   1        0.764021        2.022863       -1.075219

     C    2       -0.159291       -0.010225        0.023410
     C    2       -0.010225       -0.017332        0.134599
     C    2        0.023410        0.134599        0.176623

     C    3        0.003937       -0.025706        0.017490
     C    3       -0.025706       -0.014498        0.050907
     C    3        0.017490        0.050907        0.010562

     H    4       -0.000000        0.000000        0.000000
     H    4        0.000000        0.000000        0.000000
     H    4        0.000000        0.000000        0.000000

     C    5       -0.057681        0.004435       -0.169414
     C    5        0.004435       -0.086911        0.062491
     C    5       -0.169414        0.062491        0.144592

     H    6       -0.000000        0.000000        0.000000
     H    6        0.000000        0.000000        0.000000
     H    6        0.000000        0.000000        0.000000

     H    7       -0.000000        0.000000        0.000000
     H    7        0.000000        0.000000        0.000000
     H    7        0.000000        0.000000        0.000000

     C    8       -0.051085        0.062415       -0.090829
     C    8        0.062415        0.009053       -0.004919
     C    8       -0.090829       -0.004919        0.042032

     H    9       -0.000000        0.000000        0.000000
     H    9        0.000000        0.000000        0.000000
     H    9        0.000000        0.000000        0.000000

     C   10       -0.194320        0.011361       -0.138838
     C   10        0.011361        0.052586       -0.137456
     C   10       -0.138838       -0.137456        0.141734

     C   11        0.030101        0.001408       -0.075197
     C   11        0.001408        0.093574        0.158061
     C   11       -0.075197        0.158061       -0.123675

     Cl  12        0.340543        1.808835       -0.155141
     Cl  12        1.808835       -0.025038        1.069460
     Cl  12       -0.155141        1.069460       -0.315505

     H   13       -0.000000        0.000000        0.000000
     H   13        0.000000        0.000000        0.000000
     H   13        0.000000        0.000000        0.000000

     C   14       -0.062878        0.171877        0.072560
     C   14        0.171877        0.094104        0.079203
     C   14        0.072560        0.079203       -0.031226

     H   15       -0.000000        0.000000        0.000000
     H   15        0.000000        0.000000        0.000000
     H   15        0.000000        0.000000        0.000000

     C   16       -0.191702        0.158437       -0.071927
     C   16        0.158437        0.262113       -0.019548
     C   16       -0.071927       -0.019548       -0.070411

     C   17        0.041521       -0.207504       -0.087041
     C   17       -0.207504        0.050834       -0.021764
     C   17       -0.087041       -0.021764       -0.092355

     Cl  18       -0.948778       -1.020073       -0.069260
     Cl  18       -1.020073       -0.811198       -1.747196
     Cl  18       -0.069260       -1.747196        1.759976

     H   19       -0.000000        0.000000        0.000000
     H   19        0.000000        0.000000        0.000000
     H   19        0.000000        0.000000        0.000000

     C   20       -0.218539       -0.096345       -0.048555
     C   20       -0.096345        0.282637        0.067081
     C   20       -0.048555        0.067081       -0.064099

     H   21       -0.000000        0.000000        0.000000
     H   21        0.000000        0.000000        0.000000
     H   21        0.000000        0.000000        0.000000

     C   22       -0.112649       -0.079606       -0.064505
     C   22       -0.079606        0.135110        0.226867
     C   22       -0.064505        0.226867       -0.022461

     C   23       -0.107092       -0.047259       -0.101349
     C   23       -0.047259        0.173640        0.187594
     C   23       -0.101349        0.187594       -0.066548

     Cl  24        0.089950        1.978609       -0.267952
     Cl  24        1.978609        1.680135        1.643246
     Cl  24       -0.267952        1.643246       -1.770085

     ----- total EFG -----
     Cl   1        0.077512       -0.889113        0.857358
     Cl   1       -0.889113        1.162529        2.127342
     Cl   1        0.857358        2.127342       -1.240040

     C    2       -0.681700        0.169462        0.031522
     C    2        0.169462        0.465900        0.362343
     C    2        0.031522        0.362343        0.215800

     C    3        0.414721       -0.163001        0.219881
     C    3       -0.163001       -0.066246        0.152335
     C    3        0.219881        0.152335       -0.348475

     H    4        0.373195        0.204669        0.703316
     H    4        0.204669       -0.030971        0.086204
     H    4        0.703316        0.086204       -0.342224

     C    5       -0.217391        0.246564       -0.465102
     C    5        0.246564        0.023108        0.374591
     C    5       -0.465102        0.374591        0.194282

     H    6       -0.389336       -0.123570        0.325545
     H    6       -0.123570        0.270893        0.495099
     H    6        0.325545        0.495099        0.118442

     H    7       -0.155526        0.043901        0.212071
     H    7        0.043901        0.303278       -0.326034
     H    7        0.212071       -0.326034       -0.147751

     C    8       -0.049885        0.332401       -0.142901
     C    8        0.332401       -0.201405        0.105293
     C    8       -0.142901        0.105293        0.251290

     H    9        0.433497       -0.221982        0.372421
     H    9       -0.221982       -0.227248        0.215419
     H    9        0.372421        0.215419       -0.206249

     C   10       -0.641778       -0.047212       -0.325199
     C   10       -0.047212        0.168654       -0.393501
     C   10       -0.325199       -0.393501        0.473124

     C   11        0.195841        0.117987       -0.135240
     C   11        0.117987        0.020412        0.436144
     C   11       -0.135240        0.436144       -0.216253

     Cl  12        0.329074        1.931375       -0.174683
     Cl  12        1.931375       -0.019684        1.179034
     Cl  12       -0.174683        1.179034       -0.309390

     H   13       -0.184062       -0.211476        0.041027
     H   13       -0.211476        0.166825        0.292064
     H   13        0.041027        0.292064        0.017237

     C   14        0.221282        0.408761        0.174931
     C   14        0.408761        0.016187        0.013881
     C   14        0.174931        0.013881       -0.237469

     H   15        0.460805       -0.112004        0.338993
     H   15       -0.112004       -0.476163        0.247937
     H   15        0.338993        0.247937        0.015358

     C   16       -0.566918        0.416053       -0.295632
     C   16        0.416053        0.732549        0.090359
     C   16       -0.295632        0.090359       -0.165631

     C   17        0.299969       -0.420271       -0.419089
     C   17       -0.420271        0.013715       -0.205625
     C   17       -0.419089       -0.205625       -0.313683

     Cl  18       -1.011650       -1.013085       -0.139120
     Cl  18       -1.013085       -0.845828       -1.767889
     Cl  18       -0.139120       -1.767889        1.857478

     H   19       -0.010444       -0.039178        0.047621
     H   19       -0.039178        0.251926       -0.296583
     H   19        0.047621       -0.296583       -0.241482

     C   20       -0.659264       -0.242049       -0.091538
     C   20       -0.242049        0.737038        0.050580
     C   20       -0.091538        0.050580       -0.077774

     H   21        0.425223       -0.236546        0.225515
     H   21       -0.236546        0.008377       -0.369507
     H   21        0.225515       -0.369507       -0.433601

     C   22       -0.049955       -0.079870       -0.017495
     C   22       -0.079870        0.233881        0.493851
     C   22       -0.017495        0.493851       -0.183926

     C   23       -0.422106       -0.164895       -0.193724
     C   23       -0.164895        0.385143        0.203073
     C   23       -0.193724        0.203073        0.036963

     Cl  24        0.183256        2.201064       -0.312313
     Cl  24        2.201064        1.767360        1.769712
     Cl  24       -0.312313        1.769712       -1.950616

     ----- total EFG (symmetrized) -----
     Cl   1        0.077512       -0.889113        0.857358
     Cl   1       -0.889113        1.162529        2.127342
     Cl   1        0.857358        2.127342       -1.240040

     C    2       -0.681700        0.169462        0.031522
     C    2        0.169462        0.465900        0.362343
     C    2        0.031522        0.362343        0.215800

     C    3        0.414721       -0.163001        0.219881
     C    3       -0.163001       -0.066246        0.152335
     C    3        0.219881        0.152335       -0.348475

     H    4        0.373195        0.204669        0.703316
     H    4        0.204669       -0.030971        0.086204
     H    4        0.703316        0.086204       -0.342224

     C    5       -0.217391        0.246564       -0.465102
     C    5        0.246564        0.023108        0.374591
     C    5       -0.465102        0.374591        0.194282

     H    6       -0.389336       -0.123570        0.325545
     H    6       -0.123570        0.270893        0.495099
     H    6        0.325545        0.495099        0.118442

     H    7       -0.155526        0.043901        0.212071
     H    7        0.043901        0.303278       -0.326034
     H    7        0.212071       -0.326034       -0.147751

     C    8       -0.049885        0.332401       -0.142901
     C    8        0.332401       -0.201405        0.105293
     C    8       -0.142901        0.105293        0.251290

     H    9        0.433497       -0.221982        0.372421
     H    9       -0.221982       -0.227248        0.215419
     H    9        0.372421        0.215419       -0.206249

     C   10       -0.641778       -0.047212       -0.325199
     C   10       -0.047212        0.168654       -0.393501
     C   10       -0.325199       -0.393501        0.473124

     C   11        0.195841        0.117987       -0.135240
     C   11        0.117987        0.020412        0.436144
     C   11       -0.135240        0.436144       -0.216253

     Cl  12        0.329074        1.931375       -0.174683
     Cl  12        1.931375       -0.019684        1.179034
     Cl  12       -0.174683        1.179034       -0.309390

     H   13       -0.184062       -0.211476        0.041027
     H   13       -0.211476        0.166825        0.292064
     H   13        0.041027        0.292064        0.017237

     C   14        0.221282        0.408761        0.174931
     C   14        0.408761        0.016187        0.013881
     C   14        0.174931        0.013881       -0.237469

     H   15        0.460805       -0.112004        0.338993
     H   15       -0.112004       -0.476163        0.247937
     H   15        0.338993        0.247937        0.015358

     C   16       -0.566918        0.416053       -0.295632
     C   16        0.416053        0.732549        0.090359
     C   16       -0.295632        0.090359       -0.165631

     C   17        0.299969       -0.420271       -0.419089
     C   17       -0.420271        0.013715       -0.205625
     C   17       -0.419089       -0.205625       -0.313683

     Cl  18       -1.011650       -1.013085       -0.139120
     Cl  18       -1.013085       -0.845828       -1.767889
     Cl  18       -0.139120       -1.767889        1.857478

     H   19       -0.010444       -0.039178        0.047621
     H   19       -0.039178        0.251926       -0.296583
     H   19        0.047621       -0.296583       -0.241482

     C   20       -0.659264       -0.242049       -0.091538
     C   20       -0.242049        0.737038        0.050580
     C   20       -0.091538        0.050580       -0.077774

     H   21        0.425223       -0.236546        0.225515
     H   21       -0.236546        0.008377       -0.369507
     H   21        0.225515       -0.369507       -0.433601

     C   22       -0.049955       -0.079870       -0.017495
     C   22       -0.079870        0.233881        0.493851
     C   22       -0.017495        0.493851       -0.183926

     C   23       -0.422106       -0.164895       -0.193724
     C   23       -0.164895        0.385143        0.203073
     C   23       -0.193724        0.203073        0.036963

     Cl  24        0.183256        2.201064       -0.312313
     Cl  24        2.201064        1.767360        1.769712
     Cl  24       -0.312313        1.769712       -1.950616


     NQR/NMR SPECTROSCOPIC PARAMETERS:
     Cl   1    Vxx=    0.4934    axis=(  0.916520 -0.045562  0.397385)
     Cl   1    Vyy=    2.4581    axis=( -0.158111  0.871312  0.464561)
     Cl   1    Vzz=   -2.9516    axis=( -0.367412 -0.488611  0.791371)
     Cl   1  Q=        -8.1650 1e-30 m^2  Cq=        56.6242 MHz  eta= 0.66564

     C    2    Vxx=   -0.0347    axis=( -0.106388 -0.559139  0.822220)
     C    2    Vyy=   -0.7067    axis=( -0.988257  0.150670 -0.025411)
     C    2    Vzz=    0.7414    axis=( -0.109676 -0.815268 -0.568603)
     C    2  Q=         1.0000 1e-30 m^2  Cq=         1.7420 MHz  eta= 0.90644

     C    3    Vxx=   -0.0060    axis=( -0.102402 -0.882791 -0.458469)
     C    3    Vyy=   -0.4940    axis=( -0.283674 -0.415838  0.864065)
     C    3    Vzz=    0.5000    axis=( -0.953437  0.218538 -0.207842)
     C    3  Q=         1.0000 1e-30 m^2  Cq=         1.1748 MHz  eta= 0.97584

     H    4    Vxx=   -0.0836    axis=(  0.179701 -0.969704  0.165474)
     H    4    Vyy=   -0.7751    axis=(  0.527782 -0.046914 -0.848083)
     H    4    Vzz=    0.8588    axis=(  0.830153  0.239736  0.503362)
     H    4  Q=         1.0000 1e-30 m^2  Cq=         2.0177 MHz  eta= 0.80528

     C    5    Vxx=    0.1697    axis=(  0.620477  0.777256 -0.104313)
     C    5    Vyy=    0.5774    axis=( -0.365315  0.404169  0.838566)
     C    5    Vzz=   -0.7471    axis=(  0.693940 -0.482204  0.534721)
     C    5  Q=         1.0000 1e-30 m^2  Cq=        -1.7554 MHz  eta= 0.54581

     H    6    Vxx=   -0.0260    axis=(  0.646547 -0.572258  0.504478)
     H    6    Vyy=   -0.6837    axis=(  0.753687  0.376838 -0.538469)
     H    6    Vzz=    0.7097    axis=(  0.118037  0.728364  0.674947)
     H    6  Q=         1.0000 1e-30 m^2  Cq=         1.6674 MHz  eta= 0.92686

     H    7    Vxx=   -0.0184    axis=(  0.817759  0.350861  0.456253)
     H    7    Vyy=   -0.4619    axis=( -0.566472  0.350315  0.745915)
     H    7    Vzz=    0.4803    axis=(  0.101880 -0.868433  0.485226)
     H    7  Q=         1.0000 1e-30 m^2  Cq=         1.1285 MHz  eta= 0.92351

     C    8    Vxx=    0.1944    axis=(  0.641197  0.647922  0.411173)
     C    8    Vyy=    0.3112    axis=(  0.453411  0.112401 -0.884186)
     C    8    Vzz=   -0.5056    axis=( -0.619099  0.753368 -0.221704)
     C    8  Q=         1.0000 1e-30 m^2  Cq=        -1.1878 MHz  eta= 0.23107

     H    9    Vxx=   -0.0167    axis=(  0.131694 -0.773349 -0.620152)
     H    9    Vyy=   -0.6042    axis=( -0.379400 -0.617289  0.689209)
     H    9    Vzz=    0.6209    axis=( -0.915812  0.144521 -0.374702)
     H    9  Q=         1.0000 1e-30 m^2  Cq=         1.4589 MHz  eta= 0.94620

     C   10    Vxx=   -0.0289    axis=( -0.306468  0.835407  0.456260)
     C   10    Vyy=   -0.7564    axis=(  0.935966  0.177188  0.304256)
     C   10    Vzz=    0.7854    axis=( -0.173334 -0.520288  0.836215)
     C   10  Q=         1.0000 1e-30 m^2  Cq=         1.8453 MHz  eta= 0.92631

     C   11    Vxx=    0.2356    axis=( -0.970587 -0.059230  0.233350)
     C   11    Vyy=    0.3551    axis=( -0.092953 -0.801910 -0.590169)
     C   11    Vzz=   -0.5906    axis=(  0.222081 -0.594501  0.772819)
     C   11  Q=         1.0000 1e-30 m^2  Cq=        -1.3877 MHz  eta= 0.20235

     Cl  12    Vxx=    0.0183    axis=( -0.512162  0.158745  0.844091)
     Cl  12    Vyy=    2.2827    axis=( -0.664125 -0.696387 -0.271999)
     Cl  12    Vzz=   -2.3011    axis=(  0.544636 -0.699890  0.462089)
     Cl  12  Q=        -8.1650 1e-30 m^2  Cq=        44.1448 MHz  eta= 0.98406

     H   13    Vxx=   -0.0568    axis=(  0.670272 -0.269343  0.691513)
     H   13    Vyy=   -0.3720    axis=( -0.702074 -0.532084  0.473263)
     H   13    Vzz=    0.4287    axis=( -0.240473  0.802708  0.545740)
     H   13  Q=         1.0000 1e-30 m^2  Cq=         1.0074 MHz  eta= 0.73525

     C   14    Vxx=   -0.1866    axis=(  0.268113 -0.592573  0.759587)
     C   14    Vyy=   -0.3806    axis=( -0.554780  0.549629  0.624602)
     C   14    Vzz=    0.5672    axis=(  0.787613  0.588867  0.181385)
     C   14  Q=         1.0000 1e-30 m^2  Cq=         1.3327 MHz  eta= 0.34218

     H   15    Vxx=   -0.0098    axis=(  0.423426 -0.502452 -0.753825)
     H   15    Vyy=   -0.6343    axis=(  0.227255  0.864405 -0.448507)
     H   15    Vzz=    0.6441    axis=( -0.876964 -0.018599 -0.480197)
     H   15  Q=         1.0000 1e-30 m^2  Cq=         1.5133 MHz  eta= 0.96958

     C   16    Vxx=   -0.0223    axis=( -0.404883  0.114573  0.907162)
     C   16    Vyy=   -0.8321    axis=( -0.870375  0.255742 -0.420765)
     C   16    Vzz=    0.8544    axis=( -0.280207 -0.959932 -0.003823)
     C   16  Q=         1.0000 1e-30 m^2  Cq=         2.0074 MHz  eta= 0.94786

     C   17    Vxx=    0.0690    axis=( -0.210942 -0.745906  0.631766)
     C   17    Vyy=    0.6621    axis=( -0.845296  0.463768  0.265319)
     C   17    Vzz=   -0.7311    axis=( -0.490896 -0.478062 -0.728339)
     C   17  Q=         1.0000 1e-30 m^2  Cq=        -1.7178 MHz  eta= 0.81119

     Cl  18    Vxx=   -0.3559    axis=(  0.811949 -0.479920 -0.332290)
     Cl  18    Vyy=   -2.4048    axis=(  0.576655  0.747817  0.328997)
     Cl  18    Vzz=    2.7607    axis=(  0.090600 -0.458746  0.883937)
     Cl  18  Q=        -8.1650 1e-30 m^2  Cq=       -52.9630 MHz  eta= 0.74216

     H   19    Vxx=   -0.0161    axis=(  0.988216  0.152873  0.007632)
     H   19    Vyy=   -0.3825    axis=(  0.071775 -0.418780 -0.905247)
     H   19    Vzz=    0.3986    axis=( -0.135192  0.895127 -0.424818)
     H   19  Q=         1.0000 1e-30 m^2  Cq=         0.9365 MHz  eta= 0.91903

     C   20    Vxx=   -0.0721    axis=( -0.114538 -0.096074  0.988762)
     C   20    Vyy=   -0.7107    axis=( -0.978810 -0.159150 -0.128850)
     C   20    Vzz=    0.7828    axis=(  0.169741 -0.982569 -0.075810)
     C   20  Q=         1.0000 1e-30 m^2  Cq=         1.8392 MHz  eta= 0.81582

     H   21    Vxx=   -0.0085    axis=(  0.579784  0.741725 -0.337187)
     H   21    Vyy=   -0.6497    axis=(  0.082536 -0.465180 -0.881360)
     H   21    Vzz=    0.6583    axis=( -0.810579  0.483168 -0.330923)
     H   21  Q=         1.0000 1e-30 m^2  Cq=         1.5467 MHz  eta= 0.97404

     C   22    Vxx=   -0.0574    axis=(  0.990426  0.066126  0.121174)
     C   22    Vyy=   -0.5131    axis=(  0.064397  0.555112 -0.829279)
     C   22    Vzz=    0.5706    axis=( -0.122102  0.829143  0.545539)
     C   22  Q=         1.0000 1e-30 m^2  Cq=         1.3406 MHz  eta= 0.79870

     C   23    Vxx=   -0.0332    axis=( -0.211333 -0.493025  0.843958)
     C   23    Vyy=   -0.5021    axis=( -0.947830 -0.107459 -0.300119)
     C   23    Vzz=    0.5353    axis=(  0.238657 -0.863353 -0.444594)
     C   23  Q=         1.0000 1e-30 m^2  Cq=         1.2577 MHz  eta= 0.87611

     Cl  24    Vxx=   -0.4987    axis=(  0.770803 -0.317224 -0.552477)
     Cl  24    Vyy=   -3.1224    axis=(  0.383174 -0.461969  0.799852)
     Cl  24    Vzz=    3.6211    axis=( -0.508959 -0.828223 -0.234535)
     Cl  24  Q=        -8.1650 1e-30 m^2  Cq=       -69.4690 MHz  eta= 0.72454

     Initialization:
     gipaw_setup  :      9.41s CPU     11.38s WALL (       1 calls)

     Linear response

     Apply operators

     Induced current

     Other routines
     efg          :      9.18s CPU     11.45s WALL (       1 calls)

     General routines
     calbec       :      3.27s CPU      4.22s WALL (      16 calls)
     fft          :      1.60s CPU      2.36s WALL (      15 calls)
     ffts         :      0.03s CPU      0.04s WALL (       2 calls)
     fftw         :      3.13s CPU      3.80s WALL (     672 calls)
     davcio       :      0.02s CPU      0.31s WALL (      32 calls)

     Parallel routines
     fft_scatter  :      2.09s CPU      3.39s WALL (     689 calls)

     Plugins

     GIPAW        :     62.91s CPU     84.64s WALL (       1 calls)
