
     Program QE v.6.0 (svn rev. 13079) starts on 22Jan2017 at 17:13:24 

     This program is part of the open-source Quantum ESPRESSO suite
     for quantum simulation of materials; please cite
         "P. Giannozzi et al., J. Phys.:Condens. Matter 21 395502 (2009);
          URL http://www.quantum-espresso.org", 
     in publications or presentations arising from this work. More details at
     http://www.quantum-espresso.org/quote

     Parallel version (MPI), running on     8 processors
     R & G space division:  proc/nbgrp/npool/nimage =       8

     ***** This is GIPAW svn revision unknown      *****

     Parallelizing q-star over 1 images

     Reading data from directory:
     /users/majewski/paradichlorobenzene/pbe/9_constraint/scratch/pbe.ecut100.np8.dt60.pcl2phi-129368.save
     Message from routine read_xml_file:
     file /users/majewski/paradichlorobenzene/pbe/9_constraint/scratch/pbe.ecut100.np8.dt60.pcl2phi-129368.save not guaranteed to be safe for post-processing

   Info: using nr1, nr2, nr3 values from input

   Info: using nr1, nr2, nr3 values from input

     IMPORTANT: XC functional enforced from input :
     Exchange-correlation      =  SLA  PW   PBX  PBC ( 1  4  3  4 0 0)
     Any further DFT definition will be discarded
     Please, verify this is what you really want

               file C.pbe-n-kjpaw_psl.1.0.0.UPF: wavefunction(s)  2S 2P renormalized
               file Cl.pbe-n-kjpaw_psl.1.0.0.UPF: wavefunction(s)  3S 3P renormalized
               file H.pbe-kjpaw_psl.1.0.0.UPF: wavefunction(s)  1S renormalized

     Parallelization info
     --------------------
     sticks:   dense  smooth     PW     G-vecs:    dense   smooth      PW
     Min        3057    1223    332               144436    36536    5170
     Max        3059    1225    333               144437    36537    5171
     Sum       24467    9791   2657              1155489   292295   41363


     Subspace diagonalization in iterative solution of the eigenvalue problem:
     a serial algorithm will be used

     GIPAW projectors -----------------------------------------------
     atom=  C    l=0  rc=    1.2000  rs=    0.8000
     atom=  C    l=0  rc=    1.2000  rs=    0.8000
     atom=  C    l=1  rc=    1.4000  rs=    0.9333
     atom=  C    l=1  rc=    1.4000  rs=    0.9333
     projs nearly linearly dependent: l=1  n1,n2= 1, 2  s=  0.99951561

     atom=  Cl   l=0  rc=    1.6000  rs=    1.0667
     atom=  Cl   l=0  rc=    1.6000  rs=    1.0667
     atom=  Cl   l=1  rc=    1.6000  rs=    1.0667
     atom=  Cl   l=1  rc=    1.6000  rs=    1.0667
     atom=  Cl   l=2  rc=    1.6000  rs=    1.0667
     atom=  Cl   l=2  rc=    1.6000  rs=    1.0667
     projs nearly linearly dependent: l=2  n1,n2= 1, 2  s=  0.99993509

     atom=  H    l=0  rc=    1.0000  rs=    0.6667
     atom=  H    l=0  rc=    1.0000  rs=    0.6667
     projs nearly linearly dependent: l=0  n1,n2= 1, 2  s=  0.99968852
     -----------------------------------------------------------------

     GIPAW integrals: -------------------------------------------
     Atom  i/j   nmr_para   nmr_dia   epr_rmc  epr_para   epr_dia
       C   1 1   0.83E+03  0.17E-01  0.93E+01  0.24E+08  0.24E+03
       C   2 1   0.86E+03 -0.61E-01  0.94E+01  0.25E+08  0.25E+03
       C   2 2   0.90E+03 -0.15E+00  0.97E+01  0.26E+08  0.26E+03
       C   3 3   0.33E+01  0.34E+00  0.18E+01  0.55E+03  0.21E+02
       C   4 3   0.35E+01  0.37E+00  0.20E+01  0.59E+03  0.22E+02
       C   4 4   0.38E+01  0.39E+00  0.22E+01  0.63E+03  0.24E+02
       Cl  1 1   0.14E+04 -0.47E+00  0.84E+01  0.32E+09  0.42E+03
       Cl  2 1   0.21E+04 -0.37E+00  0.12E+02  0.49E+09  0.65E+03
       Cl  2 2   0.33E+04 -0.16E+00  0.21E+02  0.76E+09  0.10E+04
       Cl  3 3   0.21E+02  0.79E-01  0.89E+01  0.23E+05  0.13E+03
       Cl  4 3   0.24E+02  0.67E-01  0.99E+01  0.27E+05  0.15E+03
       Cl  4 4   0.28E+02  0.44E-01  0.11E+02  0.32E+05  0.18E+03
       Cl  5 5   0.77E+00  0.19E+00  0.18E+01  0.12E+03  0.22E+02
       Cl  6 5   0.80E+00  0.19E+00  0.19E+01  0.12E+03  0.23E+02
       Cl  6 6   0.83E+00  0.20E+00  0.19E+01  0.12E+03  0.23E+02
       H   1 1   0.39E+02  0.19E+00  0.29E+00  0.78E+05  0.13E+02
       H   2 1   0.41E+02  0.21E+00  0.32E+00  0.82E+05  0.14E+02
       H   2 2   0.43E+02  0.22E+00  0.36E+00  0.86E+05  0.15E+02
     ------------------------------------------------------------

     alpha_pv=     34.2228 eV

     Number of occupied bands for each k-point:
     k-point:     1    nbnd_occ=  42
     k-point:     2    nbnd_occ=  42
     k-point:     3    nbnd_occ=  42
     k-point:     4    nbnd_occ=  42
     k-point:     5    nbnd_occ=  42
     k-point:     6    nbnd_occ=  42
     k-point:     7    nbnd_occ=  42
     k-point:     8    nbnd_occ=  42
     k-point:     9    nbnd_occ=  42
     k-point:    10    nbnd_occ=  42
     k-point:    11    nbnd_occ=  42
     k-point:    12    nbnd_occ=  42
     k-point:    13    nbnd_occ=  42
     k-point:    14    nbnd_occ=  42
     k-point:    15    nbnd_occ=  42
     k-point:    16    nbnd_occ=  42


     q-space interpolation up to   110.00 Rydberg

     GIPAW job: efg                                                                             


     ELECTRIC FIELD GRADIENTS TENSORS IN Hartree/bohrradius^2:

     ----- bare term -----
     Cl   1        0.132572        0.006686       -0.111904
     Cl   1        0.006686       -0.025252       -0.047890
     Cl   1       -0.111904       -0.047890       -0.107321

     C    2       -0.649996        0.267859       -0.377327
     C    2        0.267859        0.063466       -0.100271
     C    2       -0.377327       -0.100271        0.586529

     C    3        0.033553        0.443477       -0.055536
     C    3        0.443477       -0.295885       -0.526896
     C    3       -0.055536       -0.526896        0.262332

     H    4       -0.304601       -0.163701       -0.547939
     H    4       -0.163701        0.243790       -0.072808
     H    4       -0.547939       -0.072808        0.060811

     C    5       -0.781650        0.406158       -0.422540
     C    5        0.406158        0.447262       -0.148322
     C    5       -0.422540       -0.148322        0.334387

     H    6        0.350945       -0.089967        0.145226
     H    6       -0.089967       -0.289984       -0.476237
     H    6        0.145226       -0.476237       -0.060961

     H    7        0.408155        0.039174       -0.030008
     H    7        0.039174       -0.302932        0.526241
     H    7       -0.030008        0.526241       -0.105223

     C    8       -0.321999       -0.338165       -0.319922
     C    8       -0.338165       -0.142263        0.367562
     C    8       -0.319922        0.367562        0.464263

     H    9        0.080076        0.091827       -0.401034
     H    9        0.091827        0.371304       -0.177589
     H    9       -0.401034       -0.177589       -0.451380

     C   10       -0.110623       -0.140792       -0.242788
     C   10       -0.140792       -0.122671        0.655276
     C   10       -0.242788        0.655276        0.233293

     C   11       -0.316488       -0.143872       -0.387110
     C   11       -0.143872        0.003817        0.413108
     C   11       -0.387110        0.413108        0.312671

     Cl  12       -0.046081       -0.153967       -0.093748
     Cl  12       -0.153967        0.028575        0.089754
     Cl  12       -0.093748        0.089754        0.017506

     H   13        0.359172       -0.012045        0.183195
     H   13       -0.012045        0.134431       -0.233510
     H   13        0.183195       -0.233510       -0.493603

     C   14       -0.008767        0.025041       -0.124707
     C   14        0.025041       -0.162186       -0.208599
     C   14       -0.124707       -0.208599        0.170952

     H   15        0.112437       -0.097779       -0.298776
     H   15       -0.097779        0.469793       -0.262111
     H   15       -0.298776       -0.262111       -0.582230

     C   16       -0.416830        0.318386       -0.345816
     C   16        0.318386       -0.029742       -0.091913
     C   16       -0.345816       -0.091913        0.446571

     C   17       -0.015575       -0.044996       -0.290736
     C   17       -0.044996       -0.197560       -0.478306
     C   17       -0.290736       -0.478306        0.213135

     Cl  18       -0.193392        0.150165       -0.021883
     Cl  18        0.150165        0.112058        0.018984
     Cl  18       -0.021883        0.018984        0.081333

     H   19        0.501405        0.025679       -0.073564
     H   19        0.025679       -0.079491        0.391977
     H   19       -0.073564        0.391977       -0.421913

     C   20       -0.403272       -0.286026       -0.329741
     C   20       -0.286026       -0.014923        0.441070
     C   20       -0.329741        0.441070        0.418195

     H   21        0.176880        0.053602       -0.266888
     H   21        0.053602        0.325824       -0.201087
     H   21       -0.266888       -0.201087       -0.502704

     C   22        0.177131       -0.133162        0.107730
     C   22       -0.133162       -0.057124       -0.021322
     C   22        0.107730       -0.021322       -0.120008

     C   23       -0.057195       -0.026192       -0.315337
     C   23       -0.026192        0.021985        0.137491
     C   23       -0.315337        0.137491        0.035210

     Cl  24        0.084233        0.264231        0.264811
     Cl  24        0.264231       -0.168728       -0.435359
     Cl  24        0.264811       -0.435359        0.084496

     ----- ionic term -----
     Cl   1        0.185408       -0.203431        0.035824
     Cl   1       -0.203431       -0.050888       -0.015853
     Cl   1        0.035824       -0.015853       -0.134520

     C    2        0.221184       -0.278769        0.268761
     C    2       -0.278769       -0.089035        0.346254
     C    2        0.268761        0.346254       -0.132149

     C    3        0.190061       -0.355402        0.140904
     C    3       -0.355402        0.020784        0.397796
     C    3        0.140904        0.397796       -0.210845

     H    4        0.483257        0.267236        0.726672
     H    4        0.267236       -0.453561        0.282373
     H    4        0.726672        0.282373       -0.029697

     C    5        0.316975       -0.262399        0.289214
     C    5       -0.262399       -0.074725        0.327833
     C    5        0.289214        0.327833       -0.242250

     H    6       -0.508731       -0.030268        0.011307
     H    6       -0.030268        0.523340        0.774845
     H    6        0.011307        0.774845       -0.014609

     H    7       -0.542842        0.030588       -0.013246
     H    7        0.030588        0.416182       -0.766152
     H    7       -0.013246       -0.766152        0.126660

     C    8        0.060473        0.281906        0.381265
     C    8        0.281906        0.008205       -0.240343
     C    8        0.381265       -0.240343       -0.068679

     H    9        0.195543       -0.160025        0.793719
     H    9       -0.160025       -0.483365       -0.236382
     H    9        0.793719       -0.236382        0.287823

     C   10       -0.079340        0.249625        0.269630
     C   10        0.249625        0.216466       -0.385693
     C   10        0.269630       -0.385693       -0.137126

     C   11        0.011491        0.265829        0.381431
     C   11        0.265829        0.164126       -0.348777
     C   11        0.381431       -0.348777       -0.175617

     Cl  12        0.071825        0.226317        0.038511
     Cl  12        0.226317        0.089828        0.027381
     Cl  12        0.038511        0.027381       -0.161654

     H   13       -0.543571       -0.031267       -0.035874
     H   13       -0.031267        0.246774        0.797698
     H   13       -0.035874        0.797698        0.296798

     C   14        0.220895       -0.262814        0.217159
     C   14       -0.262814       -0.121236        0.321409
     C   14        0.217159        0.321409       -0.099660

     H   15        0.466064        0.262458        0.787881
     H   15        0.262458       -0.491957        0.269780
     H   15        0.787881        0.269780        0.025893

     C   16        0.129078       -0.283349        0.142634
     C   16       -0.283349       -0.009031        0.439446
     C   16        0.142634        0.439446       -0.120047

     C   17        0.208851       -0.249463        0.270343
     C   17       -0.249463       -0.073223        0.438386
     C   17        0.270343        0.438386       -0.135627

     Cl  18        0.139704       -0.222788        0.003369
     Cl  18       -0.222788        0.000462        0.007653
     Cl  18        0.003369        0.007653       -0.140166

     H   19       -0.519379       -0.159723        0.111192
     H   19       -0.159723        0.586349       -0.706161
     H   19        0.111192       -0.706161       -0.066970

     C   20        0.073323        0.240605        0.419357
     C   20        0.240605        0.124942       -0.186833
     C   20        0.419357       -0.186833       -0.198265

     H   21        0.449807       -0.197253        0.792073
     H   21       -0.197253       -0.449145       -0.213422
     H   21        0.792073       -0.213422       -0.000662

     C   22       -0.044184        0.270819        0.301232
     C   22        0.270819        0.222543       -0.297185
     C   22        0.301232       -0.297185       -0.178359

     C   23       -0.012504        0.242123        0.403108
     C   23        0.242123        0.068397       -0.338865
     C   23        0.403108       -0.338865       -0.055893

     Cl  24        0.091462        0.189901        0.038432
     Cl  24        0.189901        0.036407        0.016565
     Cl  24        0.038432        0.016565       -0.127869

     ----- GIPAW term -----
     Cl   1        2.700269       -1.595580       -1.158032
     Cl   1       -1.595580       -0.559629       -0.386951
     Cl   1       -1.158032       -0.386951       -2.140640

     C    2       -0.130000       -0.095485       -0.148010
     C    2       -0.095485       -0.025548        0.144190
     C    2       -0.148010        0.144190        0.155548

     C    3       -0.039284        0.163970        0.041359
     C    3        0.163970        0.092007        0.016873
     C    3        0.041359        0.016873       -0.052723

     H    4       -0.000000        0.000000        0.000000
     H    4        0.000000        0.000000        0.000000
     H    4        0.000000        0.000000        0.000000

     C    5       -0.198636        0.148239       -0.042631
     C    5        0.148239        0.264635        0.038208
     C    5       -0.042631        0.038208       -0.065999

     H    6       -0.000000        0.000000        0.000000
     H    6        0.000000        0.000000        0.000000
     H    6        0.000000        0.000000        0.000000

     H    7       -0.000000        0.000000        0.000000
     H    7        0.000000        0.000000        0.000000
     H    7        0.000000        0.000000        0.000000

     C    8       -0.001403       -0.072194       -0.072564
     C    8       -0.072194       -0.063958        0.077139
     C    8       -0.072564        0.077139        0.065361

     H    9       -0.000000        0.000000        0.000000
     H    9        0.000000        0.000000        0.000000
     H    9        0.000000        0.000000        0.000000

     C   10       -0.101815        0.017240       -0.044910
     C   10        0.017240        0.120630        0.179389
     C   10       -0.044910        0.179389       -0.018816

     C   11       -0.002400        0.093640       -0.070604
     C   11        0.093640        0.064363        0.054640
     C   11       -0.070604        0.054640       -0.061963

     Cl  12        0.603714       -0.239331       -1.282620
     Cl  12       -0.239331        0.881194        1.654248
     Cl  12       -1.282620        1.654248       -1.484908

     H   13       -0.000000        0.000000        0.000000
     H   13        0.000000        0.000000        0.000000
     H   13        0.000000        0.000000        0.000000

     C   14       -0.030345       -0.019754       -0.065064
     C   14       -0.019754       -0.109091        0.008545
     C   14       -0.065064        0.008545        0.139436

     H   15       -0.000000        0.000000        0.000000
     H   15        0.000000        0.000000        0.000000
     H   15        0.000000        0.000000        0.000000

     C   16       -0.141991        0.006249       -0.156301
     C   16        0.006249       -0.088330        0.054738
     C   16       -0.156301        0.054738        0.230321

     C   17       -0.013886       -0.124781       -0.037536
     C   17       -0.124781        0.073741        0.069078
     C   17       -0.037536        0.069078       -0.059855

     Cl  18        0.338899       -1.860605       -0.211830
     Cl  18       -1.860605        1.105154        0.221207
     Cl  18       -0.211830        0.221207       -1.444053

     H   19       -0.000000        0.000000        0.000000
     H   19        0.000000        0.000000        0.000000
     H   19        0.000000        0.000000        0.000000

     C   20       -0.122276       -0.082715       -0.114361
     C   20       -0.082715       -0.043473        0.200445
     C   20       -0.114361        0.200445        0.165749

     H   21       -0.000000        0.000000        0.000000
     H   21        0.000000        0.000000        0.000000
     H   21        0.000000        0.000000        0.000000

     C   22        0.015405       -0.001764        0.009744
     C   22       -0.001764        0.002598       -0.013086
     C   22        0.009744       -0.013086       -0.018004

     C   23        0.024678       -0.019649       -0.067370
     C   23       -0.019649        0.010994        0.046915
     C   23       -0.067370        0.046915       -0.035672

     Cl  24        0.121663        0.351661       -0.119591
     Cl  24        0.351661        0.262645        0.311936
     Cl  24       -0.119591        0.311936       -0.384308

     ----- total EFG -----
     Cl   1        3.018249       -1.792325       -1.234112
     Cl   1       -1.792325       -0.635768       -0.450695
     Cl   1       -1.234112       -0.450695       -2.382481

     C    2       -0.558813       -0.106394       -0.256576
     C    2       -0.106394       -0.051116        0.390173
     C    2       -0.256576        0.390173        0.609929

     C    3        0.184330        0.252046        0.126727
     C    3        0.252046       -0.183094       -0.112227
     C    3        0.126727       -0.112227       -0.001236

     H    4        0.178656        0.103536        0.178733
     H    4        0.103536       -0.209771        0.209565
     H    4        0.178733        0.209565        0.031115

     C    5       -0.663310        0.291999       -0.175957
     C    5        0.291999        0.637172        0.217719
     C    5       -0.175957        0.217719        0.026138

     H    6       -0.157786       -0.120235        0.156533
     H    6       -0.120235        0.233356        0.298609
     H    6        0.156533        0.298609       -0.075570

     H    7       -0.134687        0.069762       -0.043254
     H    7        0.069762        0.113250       -0.239910
     H    7       -0.043254       -0.239910        0.021436

     C    8       -0.262929       -0.128453       -0.011222
     C    8       -0.128453       -0.198016        0.204358
     C    8       -0.011222        0.204358        0.460945

     H    9        0.275619       -0.068198        0.392685
     H    9       -0.068198       -0.112061       -0.413971
     H    9        0.392685       -0.413971       -0.163558

     C   10       -0.291777        0.126073       -0.018069
     C   10        0.126073        0.214425        0.448971
     C   10       -0.018069        0.448971        0.077352

     C   11       -0.307397        0.215597       -0.076283
     C   11        0.215597        0.232306        0.118971
     C   11       -0.076283        0.118971        0.075091

     Cl  12        0.629458       -0.166981       -1.337857
     Cl  12       -0.166981        0.999598        1.771383
     Cl  12       -1.337857        1.771383       -1.629055

     H   13       -0.184400       -0.043312        0.147321
     H   13       -0.043312        0.381205        0.564188
     H   13        0.147321        0.564188       -0.196805

     C   14        0.181784       -0.257527        0.027388
     C   14       -0.257527       -0.392512        0.121355
     C   14        0.027388        0.121355        0.210729

     H   15        0.578501        0.164679        0.489105
     H   15        0.164679       -0.022164        0.007669
     H   15        0.489105        0.007669       -0.556337

     C   16       -0.429744        0.041286       -0.359484
     C   16        0.041286       -0.127102        0.402271
     C   16       -0.359484        0.402271        0.556846

     C   17        0.179390       -0.419240       -0.057929
     C   17       -0.419240       -0.197043        0.029158
     C   17       -0.057929        0.029158        0.017653

     Cl  18        0.285211       -1.933228       -0.230344
     Cl  18       -1.933228        1.217674        0.247844
     Cl  18       -0.230344        0.247844       -1.502885

     H   19       -0.017974       -0.134044        0.037629
     H   19       -0.134044        0.506858       -0.314184
     H   19        0.037629       -0.314184       -0.488884

     C   20       -0.452225       -0.128137       -0.024745
     C   20       -0.128137        0.066546        0.454682
     C   20       -0.024745        0.454682        0.385679

     H   21        0.626686       -0.143651        0.525185
     H   21       -0.143651       -0.123321       -0.414509
     H   21        0.525185       -0.414509       -0.503365

     C   22        0.148353        0.135893        0.418706
     C   22        0.135893        0.168018       -0.331593
     C   22        0.418706       -0.331593       -0.316371

     C   23       -0.045021        0.196283        0.020401
     C   23        0.196283        0.101376       -0.154459
     C   23        0.020401       -0.154459       -0.056355

     Cl  24        0.297358        0.805793        0.183653
     Cl  24        0.805793        0.130324       -0.106858
     Cl  24        0.183653       -0.106858       -0.427682

     ----- total EFG (symmetrized) -----
     Cl   1        3.018249       -1.792325       -1.234112
     Cl   1       -1.792325       -0.635768       -0.450695
     Cl   1       -1.234112       -0.450695       -2.382481

     C    2       -0.558813       -0.106394       -0.256576
     C    2       -0.106394       -0.051116        0.390173
     C    2       -0.256576        0.390173        0.609929

     C    3        0.184330        0.252046        0.126727
     C    3        0.252046       -0.183094       -0.112227
     C    3        0.126727       -0.112227       -0.001236

     H    4        0.178656        0.103536        0.178733
     H    4        0.103536       -0.209771        0.209565
     H    4        0.178733        0.209565        0.031115

     C    5       -0.663310        0.291999       -0.175957
     C    5        0.291999        0.637172        0.217719
     C    5       -0.175957        0.217719        0.026138

     H    6       -0.157786       -0.120235        0.156533
     H    6       -0.120235        0.233356        0.298609
     H    6        0.156533        0.298609       -0.075570

     H    7       -0.134687        0.069762       -0.043254
     H    7        0.069762        0.113250       -0.239910
     H    7       -0.043254       -0.239910        0.021436

     C    8       -0.262929       -0.128453       -0.011222
     C    8       -0.128453       -0.198016        0.204358
     C    8       -0.011222        0.204358        0.460945

     H    9        0.275619       -0.068198        0.392685
     H    9       -0.068198       -0.112061       -0.413971
     H    9        0.392685       -0.413971       -0.163558

     C   10       -0.291777        0.126073       -0.018069
     C   10        0.126073        0.214425        0.448971
     C   10       -0.018069        0.448971        0.077352

     C   11       -0.307397        0.215597       -0.076283
     C   11        0.215597        0.232306        0.118971
     C   11       -0.076283        0.118971        0.075091

     Cl  12        0.629458       -0.166981       -1.337857
     Cl  12       -0.166981        0.999598        1.771383
     Cl  12       -1.337857        1.771383       -1.629055

     H   13       -0.184400       -0.043312        0.147321
     H   13       -0.043312        0.381205        0.564188
     H   13        0.147321        0.564188       -0.196805

     C   14        0.181784       -0.257527        0.027388
     C   14       -0.257527       -0.392512        0.121355
     C   14        0.027388        0.121355        0.210729

     H   15        0.578501        0.164679        0.489105
     H   15        0.164679       -0.022164        0.007669
     H   15        0.489105        0.007669       -0.556337

     C   16       -0.429744        0.041286       -0.359484
     C   16        0.041286       -0.127102        0.402271
     C   16       -0.359484        0.402271        0.556846

     C   17        0.179390       -0.419240       -0.057929
     C   17       -0.419240       -0.197043        0.029158
     C   17       -0.057929        0.029158        0.017653

     Cl  18        0.285211       -1.933228       -0.230344
     Cl  18       -1.933228        1.217674        0.247844
     Cl  18       -0.230344        0.247844       -1.502885

     H   19       -0.017974       -0.134044        0.037629
     H   19       -0.134044        0.506858       -0.314184
     H   19        0.037629       -0.314184       -0.488884

     C   20       -0.452225       -0.128137       -0.024745
     C   20       -0.128137        0.066546        0.454682
     C   20       -0.024745        0.454682        0.385679

     H   21        0.626686       -0.143651        0.525185
     H   21       -0.143651       -0.123321       -0.414509
     H   21        0.525185       -0.414509       -0.503365

     C   22        0.148353        0.135893        0.418706
     C   22        0.135893        0.168018       -0.331593
     C   22        0.418706       -0.331593       -0.316371

     C   23       -0.045021        0.196283        0.020401
     C   23        0.196283        0.101376       -0.154459
     C   23        0.020401       -0.154459       -0.056355

     Cl  24        0.297358        0.805793        0.183653
     Cl  24        0.805793        0.130324       -0.106858
     Cl  24        0.183653       -0.106858       -0.427682


     NQR/NMR SPECTROSCOPIC PARAMETERS:
     Cl   1    Vxx=   -0.9035    axis=( -0.243735 -0.852154  0.463062)
     Cl   1    Vyy=   -3.0010    axis=(  0.294920  0.389726  0.872431)
     Cl   1    Vzz=    3.9045    axis=( -0.923913  0.349208  0.156327)
     Cl   1  Q=        -8.1650 1e-30 m^2  Cq=       -74.9059 MHz  eta= 0.53720

     C    2    Vxx=   -0.2316    axis=(  0.028204  0.910127 -0.413367)
     C    2    Vyy=   -0.6140    axis=(  0.980620  0.055015  0.188036)
     C    2    Vzz=    0.8456    axis=( -0.193878  0.410660  0.890938)
     C    2  Q=         1.0000 1e-30 m^2  Cq=         1.9868 MHz  eta= 0.45217

     C    3    Vxx=    0.0522    axis=( -0.014499 -0.443084  0.896363)
     C    3    Vyy=    0.3259    axis=( -0.893749 -0.396211 -0.210309)
     C    3    Vzz=   -0.3781    axis=(  0.448333 -0.804173 -0.390261)
     C    3  Q=         1.0000 1e-30 m^2  Cq=        -0.8883 MHz  eta= 0.72392

     H    4    Vxx=   -0.0415    axis=(  0.684298 -0.365029 -0.631260)
     H    4    Vyy=   -0.3310    axis=( -0.000225  0.865580 -0.500770)
     H    4    Vzz=    0.3725    axis=( -0.729202 -0.342818 -0.592233)
     H    4  Q=         1.0000 1e-30 m^2  Cq=         0.8752 MHz  eta= 0.77743

     C    5    Vxx=    0.0409    axis=( -0.310763 -0.188013  0.931707)
     C    5    Vyy=    0.7449    axis=(  0.166854  0.954228  0.248210)
     C    5    Vzz=   -0.7858    axis=( -0.935728  0.232593 -0.265168)
     C    5  Q=         1.0000 1e-30 m^2  Cq=        -1.8462 MHz  eta= 0.89591

     H    6    Vxx=   -0.0058    axis=(  0.787814 -0.285419  0.545789)
     H    6    Vyy=   -0.4102    axis=(  0.614530  0.423616 -0.665509)
     H    6    Vzz=    0.4160    axis=( -0.041256  0.859701  0.509129)
     H    6  Q=         1.0000 1e-30 m^2  Cq=         0.9774 MHz  eta= 0.97220

     H    7    Vxx=   -0.1453    axis=(  0.930489  0.080541  0.357355)
     H    7    Vyy=   -0.1807    axis=(  0.322386 -0.643271 -0.694456)
     H    7    Vzz=    0.3260    axis=( -0.173944 -0.761390  0.624522)
     H    7  Q=         1.0000 1e-30 m^2  Cq=         0.7659 MHz  eta= 0.10876

     C    8    Vxx=   -0.1406    axis=( -0.691650  0.679825 -0.243843)
     C    8    Vyy=   -0.3813    axis=(  0.719744  0.676802 -0.154625)
     C    8    Vzz=    0.5219    axis=( -0.059915  0.282451  0.957409)
     C    8  Q=         1.0000 1e-30 m^2  Cq=         1.2263 MHz  eta= 0.46113

     H    9    Vxx=    0.0051    axis=(  0.625290  0.717842 -0.306130)
     H    9    Vyy=    0.6202    axis=(  0.724871 -0.388934  0.568588)
     H    9    Vzz=   -0.6253    axis=(  0.289092 -0.577437 -0.763539)
     H    9  Q=         1.0000 1e-30 m^2  Cq=        -1.4692 MHz  eta= 0.98377

     C   10    Vxx=   -0.2084    axis=(  0.719340  0.393400 -0.572526)
     C   10    Vyy=   -0.3995    axis=( -0.688291  0.514980 -0.510932)
     C   10    Vzz=    0.6080    axis=( -0.093839 -0.761598 -0.641220)
     C   10  Q=         1.0000 1e-30 m^2  Cq=         1.4285 MHz  eta= 0.31428

     C   11    Vxx=    0.0705    axis=(  0.322946  0.242362 -0.914859)
     C   11    Vyy=    0.3386    axis=( -0.262946 -0.905619 -0.332735)
     C   11    Vzz=   -0.4091    axis=(  0.909156 -0.348014  0.228738)
     C   11  Q=         1.0000 1e-30 m^2  Cq=        -0.9613 MHz  eta= 0.65535

     Cl  12    Vxx=    0.5967    axis=(  0.826093  0.561328 -0.049812)
     Cl  12    Vyy=    2.2926    axis=(  0.469002 -0.733830 -0.491458)
     Cl  12    Vzz=   -2.8893    axis=( -0.312423  0.382628 -0.869475)
     Cl  12  Q=        -8.1650 1e-30 m^2  Cq=        55.4299 MHz  eta= 0.58698

     H   13    Vxx=   -0.1325    axis=(  0.939273 -0.214764  0.267660)
     H   13    Vyy=   -0.5954    axis=(  0.340269  0.481662 -0.807601)
     H   13    Vzz=    0.7279    axis=(  0.044522  0.849634  0.525490)
     H   13  Q=         1.0000 1e-30 m^2  Cq=         1.7102 MHz  eta= 0.63589

     C   14    Vxx=    0.2260    axis=(  0.344618  0.040525  0.937868)
     C   14    Vyy=    0.2860    axis=(  0.871521 -0.385068 -0.303601)
     C   14    Vzz=   -0.5121    axis=(  0.348839  0.921998 -0.168020)
     C   14  Q=         1.0000 1e-30 m^2  Cq=        -1.2031 MHz  eta= 0.11716

     H   15    Vxx=   -0.0490    axis=(  0.153311 -0.979187  0.132998)
     H   15    Vyy=   -0.7416    axis=(  0.354334 -0.071166 -0.932407)
     H   15    Vzz=    0.7906    axis=(  0.922466  0.190074  0.336049)
     H   15  Q=         1.0000 1e-30 m^2  Cq=         1.8576 MHz  eta= 0.87607

     C   16    Vxx=   -0.2043    axis=(  0.493547  0.843335 -0.212596)
     C   16    Vyy=   -0.6168    axis=( -0.834389  0.390170 -0.389310)
     C   16    Vzz=    0.8211    axis=( -0.245370  0.369531  0.896237)
     C   16  Q=         1.0000 1e-30 m^2  Cq=         1.9293 MHz  eta= 0.50227

     C   17    Vxx=    0.0084    axis=(  0.113178 -0.090545  0.989440)
     C   17    Vyy=    0.4601    axis=( -0.831328  0.536747  0.144211)
     C   17    Vzz=   -0.4685    axis=( -0.544137 -0.838871 -0.014525)
     C   17  Q=         1.0000 1e-30 m^2  Cq=        -1.1007 MHz  eta= 0.96432

     Cl  18    Vxx=   -1.2346    axis=(  0.777367  0.622185 -0.092665)
     Cl  18    Vyy=   -1.5321    axis=( -0.121536  0.004018 -0.992579)
     Cl  18    Vzz=    2.7667    axis=( -0.617196  0.782860  0.078741)
     Cl  18  Q=        -8.1650 1e-30 m^2  Cq=       -53.0784 MHz  eta= 0.10751

     H   19    Vxx=   -0.0480    axis=(  0.977533  0.201922 -0.060462)
     H   19    Vyy=   -0.5797    axis=(  0.001990  0.277994  0.960581)
     H   19    Vzz=    0.6277    axis=(  0.210771 -0.939120  0.271347)
     H   19  Q=         1.0000 1e-30 m^2  Cq=         1.4749 MHz  eta= 0.84710

     C   20    Vxx=   -0.2218    axis=( -0.351732  0.742513 -0.570052)
     C   20    Vyy=   -0.4938    axis=( -0.932585 -0.330671  0.144711)
     C   20    Vzz=    0.7156    axis=( -0.081049  0.582522  0.808764)
     C   20  Q=         1.0000 1e-30 m^2  Cq=         1.6815 MHz  eta= 0.38006

     H   21    Vxx=   -0.0479    axis=(  0.416616  0.857994 -0.300463)
     H   21    Vyy=   -0.8689    axis=( -0.262117  0.429848  0.864017)
     H   21    Vzz=    0.9168    axis=(  0.870475 -0.281207  0.403976)
     H   21  Q=         1.0000 1e-30 m^2  Cq=         2.1542 MHz  eta= 0.89547

     C   22    Vxx=    0.2904    axis=(  0.532415  0.841422 -0.092427)
     C   22    Vyy=    0.4166    axis=( -0.713884  0.387655 -0.583175)
     C   22    Vzz=   -0.7070    axis=( -0.454866  0.376473  0.807072)
     C   22  Q=         1.0000 1e-30 m^2  Cq=        -1.6612 MHz  eta= 0.17846

     C   23    Vxx=   -0.0320    axis=(  0.633850 -0.038184  0.772513)
     C   23    Vyy=   -0.2482    axis=(  0.614917 -0.580959 -0.533258)
     C   23    Vzz=    0.2801    axis=( -0.469160 -0.813037  0.344761)
     C   23  Q=         1.0000 1e-30 m^2  Cq=         0.6582 MHz  eta= 0.77167

     Cl  24    Vxx=   -0.2950    axis=(  0.342766 -0.441014  0.829469)
     Cl  24    Vyy=   -0.7319    axis=( -0.571391  0.602979  0.556712)
     Cl  24    Vzz=    1.0269    axis=( -0.745670 -0.664773 -0.045311)
     Cl  24  Q=        -8.1650 1e-30 m^2  Cq=       -19.7004 MHz  eta= 0.42550

     Initialization:
     gipaw_setup  :      9.02s CPU     10.77s WALL (       1 calls)

     Linear response

     Apply operators

     Induced current

     Other routines
     efg          :      9.26s CPU     11.62s WALL (       1 calls)

     General routines
     calbec       :      3.33s CPU      4.25s WALL (      16 calls)
     fft          :      1.55s CPU      2.24s WALL (      15 calls)
     ffts         :      0.05s CPU      0.09s WALL (       2 calls)
     fftw         :      3.17s CPU      3.99s WALL (     672 calls)
     davcio       :      0.02s CPU      0.32s WALL (      32 calls)

     Parallel routines
     fft_scatter  :      2.17s CPU      3.55s WALL (     689 calls)

     Plugins

     GIPAW        :     61.22s CPU     74.49s WALL (       1 calls)
