
     Program QE v.6.0 (svn rev. 13079) starts on 22Jan2017 at 12:56:41 

     This program is part of the open-source Quantum ESPRESSO suite
     for quantum simulation of materials; please cite
         "P. Giannozzi et al., J. Phys.:Condens. Matter 21 395502 (2009);
          URL http://www.quantum-espresso.org", 
     in publications or presentations arising from this work. More details at
     http://www.quantum-espresso.org/quote

     Parallel version (MPI), running on     8 processors
     R & G space division:  proc/nbgrp/npool/nimage =       8

     ***** This is GIPAW svn revision unknown      *****

     Parallelizing q-star over 1 images

     Reading data from directory:
     /users/majewski/paradichlorobenzene/pbe/9_constraint/scratch/pbe.ecut100.np8.dt60.pcl2phi-129368.save
     Message from routine read_xml_file:
     file /users/majewski/paradichlorobenzene/pbe/9_constraint/scratch/pbe.ecut100.np8.dt60.pcl2phi-129368.save not guaranteed to be safe for post-processing

   Info: using nr1, nr2, nr3 values from input

   Info: using nr1, nr2, nr3 values from input

     IMPORTANT: XC functional enforced from input :
     Exchange-correlation      =  SLA  PW   PBX  PBC ( 1  4  3  4 0 0)
     Any further DFT definition will be discarded
     Please, verify this is what you really want

               file C.pbe-n-kjpaw_psl.1.0.0.UPF: wavefunction(s)  2S 2P renormalized
               file Cl.pbe-n-kjpaw_psl.1.0.0.UPF: wavefunction(s)  3S 3P renormalized
               file H.pbe-kjpaw_psl.1.0.0.UPF: wavefunction(s)  1S renormalized

     Parallelization info
     --------------------
     sticks:   dense  smooth     PW     G-vecs:    dense   smooth      PW
     Min        3057    1223    332               144436    36536    5170
     Max        3059    1225    333               144437    36537    5171
     Sum       24467    9791   2657              1155489   292295   41363


     Subspace diagonalization in iterative solution of the eigenvalue problem:
     a serial algorithm will be used

     GIPAW projectors -----------------------------------------------
     atom=  C    l=0  rc=    1.2000  rs=    0.8000
     atom=  C    l=0  rc=    1.2000  rs=    0.8000
     atom=  C    l=1  rc=    1.4000  rs=    0.9333
     atom=  C    l=1  rc=    1.4000  rs=    0.9333
     projs nearly linearly dependent: l=1  n1,n2= 1, 2  s=  0.99951561

     atom=  Cl   l=0  rc=    1.6000  rs=    1.0667
     atom=  Cl   l=0  rc=    1.6000  rs=    1.0667
     atom=  Cl   l=1  rc=    1.6000  rs=    1.0667
     atom=  Cl   l=1  rc=    1.6000  rs=    1.0667
     atom=  Cl   l=2  rc=    1.6000  rs=    1.0667
     atom=  Cl   l=2  rc=    1.6000  rs=    1.0667
     projs nearly linearly dependent: l=2  n1,n2= 1, 2  s=  0.99993509

     atom=  H    l=0  rc=    1.0000  rs=    0.6667
     atom=  H    l=0  rc=    1.0000  rs=    0.6667
     projs nearly linearly dependent: l=0  n1,n2= 1, 2  s=  0.99968852
     -----------------------------------------------------------------

     GIPAW integrals: -------------------------------------------
     Atom  i/j   nmr_para   nmr_dia   epr_rmc  epr_para   epr_dia
       C   1 1   0.83E+03  0.17E-01  0.93E+01  0.24E+08  0.24E+03
       C   2 1   0.86E+03 -0.61E-01  0.94E+01  0.25E+08  0.25E+03
       C   2 2   0.90E+03 -0.15E+00  0.97E+01  0.26E+08  0.26E+03
       C   3 3   0.33E+01  0.34E+00  0.18E+01  0.55E+03  0.21E+02
       C   4 3   0.35E+01  0.37E+00  0.20E+01  0.59E+03  0.22E+02
       C   4 4   0.38E+01  0.39E+00  0.22E+01  0.63E+03  0.24E+02
       Cl  1 1   0.14E+04 -0.47E+00  0.84E+01  0.32E+09  0.42E+03
       Cl  2 1   0.21E+04 -0.37E+00  0.12E+02  0.49E+09  0.65E+03
       Cl  2 2   0.33E+04 -0.16E+00  0.21E+02  0.76E+09  0.10E+04
       Cl  3 3   0.21E+02  0.79E-01  0.89E+01  0.23E+05  0.13E+03
       Cl  4 3   0.24E+02  0.67E-01  0.99E+01  0.27E+05  0.15E+03
       Cl  4 4   0.28E+02  0.44E-01  0.11E+02  0.32E+05  0.18E+03
       Cl  5 5   0.77E+00  0.19E+00  0.18E+01  0.12E+03  0.22E+02
       Cl  6 5   0.80E+00  0.19E+00  0.19E+01  0.12E+03  0.23E+02
       Cl  6 6   0.83E+00  0.20E+00  0.19E+01  0.12E+03  0.23E+02
       H   1 1   0.39E+02  0.19E+00  0.29E+00  0.78E+05  0.13E+02
       H   2 1   0.41E+02  0.21E+00  0.32E+00  0.82E+05  0.14E+02
       H   2 2   0.43E+02  0.22E+00  0.36E+00  0.86E+05  0.15E+02
     ------------------------------------------------------------

     alpha_pv=     34.1013 eV

     Number of occupied bands for each k-point:
     k-point:     1    nbnd_occ=  42
     k-point:     2    nbnd_occ=  42
     k-point:     3    nbnd_occ=  42
     k-point:     4    nbnd_occ=  42
     k-point:     5    nbnd_occ=  42
     k-point:     6    nbnd_occ=  42
     k-point:     7    nbnd_occ=  42
     k-point:     8    nbnd_occ=  42
     k-point:     9    nbnd_occ=  42
     k-point:    10    nbnd_occ=  42
     k-point:    11    nbnd_occ=  42
     k-point:    12    nbnd_occ=  42
     k-point:    13    nbnd_occ=  42
     k-point:    14    nbnd_occ=  42
     k-point:    15    nbnd_occ=  42
     k-point:    16    nbnd_occ=  42


     q-space interpolation up to   110.00 Rydberg

     GIPAW job: efg                                                                             


     ELECTRIC FIELD GRADIENTS TENSORS IN Hartree/bohrradius^2:

     ----- bare term -----
     Cl   1        0.014051       -0.100208       -0.103239
     Cl   1       -0.100208       -0.050494        0.019717
     Cl   1       -0.103239        0.019717        0.036444

     C    2       -0.577027        0.246319       -0.393111
     C    2        0.246319        0.017322       -0.156122
     C    2       -0.393111       -0.156122        0.559705

     C    3       -0.024481        0.049798       -0.240483
     C    3        0.049798       -0.132674       -0.586235
     C    3       -0.240483       -0.586235        0.157156

     H    4       -0.148008       -0.108516       -0.523182
     H    4       -0.108516        0.296244        0.054740
     H    4       -0.523182        0.054740       -0.148236

     C    5       -0.889666        0.382180       -0.419264
     C    5        0.382180        0.483906       -0.058394
     C    5       -0.419264       -0.058394        0.405759

     H    6        0.392730       -0.087592        0.070021
     H    6       -0.087592       -0.390953       -0.526228
     H    6        0.070021       -0.526228       -0.001777

     H    7        0.347593        0.259095       -0.002823
     H    7        0.259095       -0.626698        0.284335
     H    7       -0.002823        0.284335        0.279105

     C    8       -0.257843       -0.348426       -0.288013
     C    8       -0.348426       -0.173203        0.410494
     C    8       -0.288013        0.410494        0.431046

     H    9        0.035765        0.116784       -0.403356
     H    9        0.116784        0.381380       -0.148989
     H    9       -0.403356       -0.148989       -0.417144

     C   10       -0.149304       -0.360986       -0.248149
     C   10       -0.360986       -0.245830        0.529150
     C   10       -0.248149        0.529150        0.395134

     C   11       -0.232962       -0.067631       -0.433534
     C   11       -0.067631        0.005310        0.418391
     C   11       -0.433534        0.418391        0.227652

     Cl  12       -0.017988       -0.254585       -0.100742
     Cl  12       -0.254585        0.015727        0.081781
     Cl  12       -0.100742        0.081781        0.002261

     H   13        0.410843        0.018707        0.202865
     H   13        0.018707        0.086586       -0.412239
     H   13        0.202865       -0.412239       -0.497429

     C   14       -0.022549       -0.031036       -0.167315
     C   14       -0.031036       -0.124612       -0.227015
     C   14       -0.167315       -0.227015        0.147161

     H   15        0.124241       -0.066373       -0.241740
     H   15       -0.066373        0.377928       -0.297573
     H   15       -0.241740       -0.297573       -0.502170

     C   16       -0.368116        0.298064       -0.254691
     C   16        0.298064        0.125876       -0.038694
     C   16       -0.254691       -0.038694        0.242240

     C   17        0.001632       -0.089476       -0.305705
     C   17       -0.089476       -0.397253       -0.374611
     C   17       -0.305705       -0.374611        0.395621

     Cl  18       -0.174932        0.226056       -0.006752
     Cl  18        0.226056        0.186134        0.014646
     Cl  18       -0.006752        0.014646       -0.011202

     H   19        0.529888        0.001761       -0.100110
     H   19        0.001761        0.020510        0.259967
     H   19       -0.100110        0.259967       -0.550398

     C   20       -0.376984       -0.304868       -0.047351
     C   20       -0.304868        0.080594        0.323344
     C   20       -0.047351        0.323344        0.296390

     H   21        0.197684        0.007320       -0.181570
     H   21        0.007320        0.159531       -0.238603
     H   21       -0.181570       -0.238603       -0.357215

     C   22        0.146620       -0.136011       -0.026950
     C   22       -0.136011       -0.086495        0.178584
     C   22       -0.026950        0.178584       -0.060125

     C   23       -0.188997       -0.206845       -0.466267
     C   23       -0.206845        0.074633        0.266621
     C   23       -0.466267        0.266621        0.114364

     Cl  24        0.099631        0.274368        0.299275
     Cl  24        0.274368       -0.149283       -0.478554
     Cl  24        0.299275       -0.478554        0.049652

     ----- ionic term -----
     Cl   1        0.161881       -0.232346        0.022956
     Cl   1       -0.232346       -0.013818       -0.005347
     Cl   1        0.022956       -0.005347       -0.148062

     C    2        0.151019       -0.277689        0.290624
     C    2       -0.277689       -0.025771        0.410431
     C    2        0.290624        0.410431       -0.125248

     C    3        0.096202       -0.271480        0.195748
     C    3       -0.271480        0.041182        0.426615
     C    3        0.195748        0.426615       -0.137384

     H    4        0.329033        0.279159        0.759581
     H    4        0.279159       -0.443588        0.316475
     H    4        0.759581        0.316475        0.114555

     C    5        0.265631       -0.253417        0.286870
     C    5       -0.253417       -0.070303        0.296562
     C    5        0.286870        0.296562       -0.195328

     H    6       -0.506139       -0.052737       -0.013480
     H    6       -0.052737        0.515503        0.768091
     H    6       -0.013480        0.768091       -0.009364

     H    7       -0.525671       -0.120030        0.072664
     H    7       -0.120030        0.755404       -0.624874
     H    7        0.072664       -0.624874       -0.229733

     C    8        0.145401        0.291645        0.396036
     C    8        0.291645        0.102989       -0.214751
     C    8        0.396036       -0.214751       -0.248390

     H    9        0.299421       -0.096410        0.811743
     H    9       -0.096410       -0.503958       -0.158834
     H    9        0.811743       -0.158834        0.204537

     C   10        0.009983        0.330186        0.271678
     C   10        0.330186        0.205542       -0.309550
     C   10        0.271678       -0.309550       -0.215524

     C   11        0.029963        0.307509        0.344001
     C   11        0.307509        0.138076       -0.280918
     C   11        0.344001       -0.280918       -0.168039

     Cl  12        0.086979        0.217119        0.029610
     Cl  12        0.217119        0.069485        0.020777
     Cl  12        0.029610        0.020777       -0.156464

     H   13       -0.519904        0.056095        0.071703
     H   13        0.056095        0.548712        0.767306
     H   13        0.071703        0.767306       -0.028808

     C   14        0.239960       -0.228446        0.307253
     C   14       -0.228446       -0.074012        0.293744
     C   14        0.307253        0.293744       -0.165948

     H   15        0.341286        0.303894        0.789820
     H   15        0.303894       -0.437634        0.324067
     H   15        0.789820        0.324067        0.096348

     C   16        0.115633       -0.249853        0.194935
     C   16       -0.249853        0.001104        0.405720
     C   16        0.194935        0.405720       -0.116738

     C   17        0.183004       -0.213080        0.239662
     C   17       -0.213080       -0.087461        0.420439
     C   17        0.239662        0.420439       -0.095542

     Cl  18        0.144985       -0.180679       -0.014438
     Cl  18       -0.180679       -0.033882        0.008818
     Cl  18       -0.014438        0.008818       -0.111103

     H   19       -0.535736       -0.100458        0.070458
     H   19       -0.100458        0.582605       -0.719476
     H   19        0.070458       -0.719476       -0.046870

     C   20        0.083479        0.345391        0.326373
     C   20        0.345391        0.111539       -0.216520
     C   20        0.326373       -0.216520       -0.195018

     H   21        0.106768        0.121149        0.790847
     H   21        0.121149       -0.464969        0.049230
     H   21        0.790847        0.049230        0.358201

     C   22       -0.042741        0.387175        0.265405
     C   22        0.387175        0.184592       -0.285550
     C   22        0.265405       -0.285550       -0.141851

     C   23        0.054749        0.235167        0.431389
     C   23        0.235167        0.058575       -0.319787
     C   23        0.431389       -0.319787       -0.113324

     Cl  24        0.077587        0.206737        0.054330
     Cl  24        0.206737        0.061018        0.029498
     Cl  24        0.054330        0.029498       -0.138605

     ----- GIPAW term -----
     Cl   1        1.364301       -2.699991       -0.975418
     Cl   1       -2.699991       -0.424919        0.220380
     Cl   1       -0.975418        0.220380       -0.939382

     C    2       -0.096791       -0.109252       -0.164165
     C    2       -0.109252       -0.035334        0.115087
     C    2       -0.164165        0.115087        0.132125

     C    3       -0.098826       -0.069844       -0.049693
     C    3       -0.069844        0.191082       -0.025277
     C    3       -0.049693       -0.025277       -0.092256

     H    4       -0.000000        0.000000        0.000000
     H    4        0.000000        0.000000        0.000000
     H    4        0.000000        0.000000        0.000000

     C    5       -0.248880        0.067625       -0.043405
     C    5        0.067625        0.293485        0.115183
     C    5       -0.043405        0.115183       -0.044605

     H    6       -0.000000        0.000000        0.000000
     H    6        0.000000        0.000000        0.000000
     H    6        0.000000        0.000000        0.000000

     H    7       -0.000000        0.000000        0.000000
     H    7        0.000000        0.000000        0.000000
     H    7        0.000000        0.000000        0.000000

     C    8        0.012085       -0.101413       -0.056634
     C    8       -0.101413       -0.057555        0.099003
     C    8       -0.056634        0.099003        0.045470

     H    9       -0.000000        0.000000        0.000000
     H    9        0.000000        0.000000        0.000000
     H    9        0.000000        0.000000        0.000000

     C   10       -0.041306       -0.080394       -0.079411
     C   10       -0.080394       -0.022480        0.114901
     C   10       -0.079411        0.114901        0.063786

     C   11        0.066640        0.057309       -0.059626
     C   11        0.057309        0.029088        0.040968
     C   11       -0.059626        0.040968       -0.095727

     Cl  12        1.457034       -0.419948       -1.110566
     Cl  12       -0.419948        0.448893        1.017343
     Cl  12       -1.110566        1.017343       -1.905927

     H   13       -0.000000        0.000000        0.000000
     H   13        0.000000        0.000000        0.000000
     H   13        0.000000        0.000000        0.000000

     C   14       -0.015908       -0.030686       -0.086861
     C   14       -0.030686       -0.102964        0.006256
     C   14       -0.086861        0.006256        0.118872

     H   15       -0.000000        0.000000        0.000000
     H   15        0.000000        0.000000        0.000000
     H   15        0.000000        0.000000        0.000000

     C   16       -0.100956        0.001732       -0.084737
     C   16        0.001732       -0.032470        0.052066
     C   16       -0.084737        0.052066        0.133426

     C   17       -0.059789       -0.138346       -0.066343
     C   17       -0.138346       -0.061188        0.144552
     C   17       -0.066343        0.144552        0.120977

     Cl  18        0.162757       -0.709550       -0.080769
     Cl  18       -0.709550        1.850280        0.189116
     Cl  18       -0.080769        0.189116       -2.013037

     H   19       -0.000000        0.000000        0.000000
     H   19        0.000000        0.000000        0.000000
     H   19        0.000000        0.000000        0.000000

     C   20       -0.131682       -0.017716        0.021757
     C   20       -0.017716        0.022213        0.181594
     C   20        0.021757        0.181594        0.109470

     H   21       -0.000000        0.000000        0.000000
     H   21        0.000000        0.000000        0.000000
     H   21        0.000000        0.000000        0.000000

     C   22       -0.014523       -0.019710       -0.017452
     C   22       -0.019710        0.018996        0.048504
     C   22       -0.017452        0.048504       -0.004472

     C   23        0.005304       -0.088911       -0.127506
     C   23       -0.088911        0.067870        0.117269
     C   23       -0.127506        0.117269       -0.073174

     Cl  24        0.126106        0.441517        0.019384
     Cl  24        0.441517        0.201707        0.137224
     Cl  24        0.019384        0.137224       -0.327813

     ----- total EFG -----
     Cl   1        1.540232       -3.032545       -1.055701
     Cl   1       -3.032545       -0.489232        0.234749
     Cl   1       -1.055701        0.234749       -1.051001

     C    2       -0.522799       -0.140623       -0.266652
     C    2       -0.140623       -0.043783        0.369397
     C    2       -0.266652        0.369397        0.566582

     C    3       -0.027105       -0.291525       -0.094429
     C    3       -0.291525        0.099590       -0.184896
     C    3       -0.094429       -0.184896       -0.072485

     H    4        0.181025        0.170643        0.236398
     H    4        0.170643       -0.147344        0.371215
     H    4        0.236398        0.371215       -0.033681

     C    5       -0.872914        0.196388       -0.175799
     C    5        0.196388        0.707089        0.353351
     C    5       -0.175799        0.353351        0.165826

     H    6       -0.113409       -0.140329        0.056541
     H    6       -0.140329        0.124550        0.241863
     H    6        0.056541        0.241863       -0.011142

     H    7       -0.178077        0.139065        0.069841
     H    7        0.139065        0.128705       -0.340539
     H    7        0.069841       -0.340539        0.049372

     C    8       -0.100357       -0.158193        0.051389
     C    8       -0.158193       -0.127769        0.294746
     C    8        0.051389        0.294746        0.228126

     H    9        0.335186        0.020374        0.408387
     H    9        0.020374       -0.122579       -0.307823
     H    9        0.408387       -0.307823       -0.212607

     C   10       -0.180627       -0.111195       -0.055882
     C   10       -0.111195       -0.062768        0.334500
     C   10       -0.055882        0.334500        0.243395

     C   11       -0.136360        0.297188       -0.149160
     C   11        0.297188        0.172474        0.178440
     C   11       -0.149160        0.178440       -0.036114

     Cl  12        1.526025       -0.457414       -1.181698
     Cl  12       -0.457414        0.534105        1.119900
     Cl  12       -1.181698        1.119900       -2.060130

     H   13       -0.109061        0.074802        0.274567
     H   13        0.074802        0.635298        0.355067
     H   13        0.274567        0.355067       -0.526237

     C   14        0.201502       -0.290168        0.053078
     C   14       -0.290168       -0.301587        0.072986
     C   14        0.053078        0.072986        0.100085

     H   15        0.465527        0.237521        0.548079
     H   15        0.237521       -0.059705        0.026494
     H   15        0.548079        0.026494       -0.405821

     C   16       -0.353439        0.049943       -0.144493
     C   16        0.049943        0.094510        0.419092
     C   16       -0.144493        0.419092        0.258928

     C   17        0.124846       -0.440902       -0.132385
     C   17       -0.440902       -0.545902        0.190380
     C   17       -0.132385        0.190380        0.421056

     Cl  18        0.132811       -0.664173       -0.101959
     Cl  18       -0.664173        2.002531        0.212580
     Cl  18       -0.101959        0.212580       -2.135342

     H   19       -0.005847       -0.098697       -0.029652
     H   19       -0.098697        0.603115       -0.459509
     H   19       -0.029652       -0.459509       -0.597267

     C   20       -0.425188        0.022808        0.300779
     C   20        0.022808        0.214346        0.288418
     C   20        0.300779        0.288418        0.210842

     H   21        0.304453        0.128468        0.609277
     H   21        0.128468       -0.305438       -0.189373
     H   21        0.609277       -0.189373        0.000985

     C   22        0.089356        0.231454        0.221003
     C   22        0.231454        0.117092       -0.058462
     C   22        0.221003       -0.058462       -0.206449

     C   23       -0.128944       -0.060589       -0.162384
     C   23       -0.060589        0.201078        0.064102
     C   23       -0.162384        0.064102       -0.072134

     Cl  24        0.303325        0.922621        0.372989
     Cl  24        0.922621        0.113442       -0.311832
     Cl  24        0.372989       -0.311832       -0.416767

     ----- total EFG (symmetrized) -----
     Cl   1        1.540232       -3.032545       -1.055701
     Cl   1       -3.032545       -0.489232        0.234749
     Cl   1       -1.055701        0.234749       -1.051001

     C    2       -0.522799       -0.140623       -0.266652
     C    2       -0.140623       -0.043783        0.369397
     C    2       -0.266652        0.369397        0.566582

     C    3       -0.027105       -0.291525       -0.094429
     C    3       -0.291525        0.099590       -0.184896
     C    3       -0.094429       -0.184896       -0.072485

     H    4        0.181025        0.170643        0.236398
     H    4        0.170643       -0.147344        0.371215
     H    4        0.236398        0.371215       -0.033681

     C    5       -0.872914        0.196388       -0.175799
     C    5        0.196388        0.707089        0.353351
     C    5       -0.175799        0.353351        0.165826

     H    6       -0.113409       -0.140329        0.056541
     H    6       -0.140329        0.124550        0.241863
     H    6        0.056541        0.241863       -0.011142

     H    7       -0.178077        0.139065        0.069841
     H    7        0.139065        0.128705       -0.340539
     H    7        0.069841       -0.340539        0.049372

     C    8       -0.100357       -0.158193        0.051389
     C    8       -0.158193       -0.127769        0.294746
     C    8        0.051389        0.294746        0.228126

     H    9        0.335186        0.020374        0.408387
     H    9        0.020374       -0.122579       -0.307823
     H    9        0.408387       -0.307823       -0.212607

     C   10       -0.180627       -0.111195       -0.055882
     C   10       -0.111195       -0.062768        0.334500
     C   10       -0.055882        0.334500        0.243395

     C   11       -0.136360        0.297188       -0.149160
     C   11        0.297188        0.172474        0.178440
     C   11       -0.149160        0.178440       -0.036114

     Cl  12        1.526025       -0.457414       -1.181698
     Cl  12       -0.457414        0.534105        1.119900
     Cl  12       -1.181698        1.119900       -2.060130

     H   13       -0.109061        0.074802        0.274567
     H   13        0.074802        0.635298        0.355067
     H   13        0.274567        0.355067       -0.526237

     C   14        0.201502       -0.290168        0.053078
     C   14       -0.290168       -0.301587        0.072986
     C   14        0.053078        0.072986        0.100085

     H   15        0.465527        0.237521        0.548079
     H   15        0.237521       -0.059705        0.026494
     H   15        0.548079        0.026494       -0.405821

     C   16       -0.353439        0.049943       -0.144493
     C   16        0.049943        0.094510        0.419092
     C   16       -0.144493        0.419092        0.258928

     C   17        0.124846       -0.440902       -0.132385
     C   17       -0.440902       -0.545902        0.190380
     C   17       -0.132385        0.190380        0.421056

     Cl  18        0.132811       -0.664173       -0.101959
     Cl  18       -0.664173        2.002531        0.212580
     Cl  18       -0.101959        0.212580       -2.135342

     H   19       -0.005847       -0.098697       -0.029652
     H   19       -0.098697        0.603115       -0.459509
     H   19       -0.029652       -0.459509       -0.597267

     C   20       -0.425188        0.022808        0.300779
     C   20        0.022808        0.214346        0.288418
     C   20        0.300779        0.288418        0.210842

     H   21        0.304453        0.128468        0.609277
     H   21        0.128468       -0.305438       -0.189373
     H   21        0.609277       -0.189373        0.000985

     C   22        0.089356        0.231454        0.221003
     C   22        0.231454        0.117092       -0.058462
     C   22        0.221003       -0.058462       -0.206449

     C   23       -0.128944       -0.060589       -0.162384
     C   23       -0.060589        0.201078        0.064102
     C   23       -0.162384        0.064102       -0.072134

     Cl  24        0.303325        0.922621        0.372989
     Cl  24        0.922621        0.113442       -0.311832
     Cl  24        0.372989       -0.311832       -0.416767


     NQR/NMR SPECTROSCOPIC PARAMETERS:
     Cl   1    Vxx=   -1.1360    axis=(  0.003681 -0.325870  0.945407)
     Cl   1    Vyy=   -2.7870    axis=( -0.595902 -0.759933 -0.259620)
     Cl   1    Vzz=    3.9230    axis=(  0.803048 -0.562415 -0.196984)
     Cl   1  Q=        -8.1650 1e-30 m^2  Cq=       -75.2614 MHz  eta= 0.42084

     C    2    Vxx=   -0.2173    axis=( -0.033975  0.899562 -0.435471)
     C    2    Vyy=   -0.5914    axis=(  0.974765  0.126017  0.184265)
     C    2    Vzz=    0.8087    axis=( -0.220634  0.418221  0.881142)
     C    2  Q=         1.0000 1e-30 m^2  Cq=         1.9001 MHz  eta= 0.46260

     C    3    Vxx=    0.0280    axis=( -0.556342 -0.159047  0.815590)
     C    3    Vyy=    0.3541    axis=( -0.556576  0.800134 -0.223627)
     C    3    Vzz=   -0.3820    axis=( -0.617014 -0.578351 -0.533670)
     C    3  Q=         1.0000 1e-30 m^2  Cq=        -0.8976 MHz  eta= 0.85350

     H    4    Vxx=   -0.0612    axis=(  0.765255 -0.453410 -0.456950)
     H    4    Vyy=   -0.4672    axis=(  0.045693  0.746320 -0.664017)
     H    4    Vzz=    0.5284    axis=( -0.642103 -0.487263 -0.591843)
     H    4  Q=         1.0000 1e-30 m^2  Cq=         1.2416 MHz  eta= 0.76822

     C    5    Vxx=    0.0550    axis=( -0.251781 -0.401382  0.880624)
     C    5    Vyy=    0.8872    axis=( -0.057927 -0.902057 -0.427713)
     C    5    Vzz=   -0.9423    axis=(  0.966049 -0.158702  0.203870)
     C    5  Q=         1.0000 1e-30 m^2  Cq=        -2.2140 MHz  eta= 0.88319

     H    6    Vxx=   -0.0293    axis=(  0.773690 -0.225266  0.592165)
     H    6    Vyy=   -0.2936    axis=( -0.604802 -0.541021  0.584389)
     H    6    Vzz=    0.3228    axis=( -0.188731  0.810278  0.554824)
     H    6  Q=         1.0000 1e-30 m^2  Cq=         0.7586 MHz  eta= 0.81864

     H    7    Vxx=   -0.0705    axis=(  0.781885  0.343506  0.520249)
     H    7    Vyy=   -0.3670    axis=(  0.615732 -0.556177 -0.558159)
     H    7    Vzz=    0.4375    axis=( -0.097619 -0.756750  0.646374)
     H    7  Q=         1.0000 1e-30 m^2  Cq=         1.0280 MHz  eta= 0.67767

     C    8    Vxx=   -0.0096    axis=(  0.865468 -0.397176  0.305314)
     C    8    Vyy=   -0.3872    axis=(  0.495802  0.766366 -0.408490)
     C    8    Vzz=    0.3968    axis=( -0.071740  0.504910  0.860186)
     C    8  Q=         1.0000 1e-30 m^2  Cq=         0.9324 MHz  eta= 0.95146

     H    9    Vxx=    0.0219    axis=(  0.418963  0.832320 -0.362923)
     H    9    Vyy=    0.5789    axis=(  0.837123 -0.199248  0.509436)
     H    9    Vzz=   -0.6008    axis=(  0.351702 -0.517247 -0.780232)
     H    9  Q=         1.0000 1e-30 m^2  Cq=        -1.4116 MHz  eta= 0.92709

     C   10    Vxx=   -0.1638    axis=(  0.863904 -0.324521  0.385171)
     C   10    Vyy=   -0.3120    axis=(  0.476790  0.773381 -0.417796)
     C   10    Vzz=    0.4758    axis=( -0.162300  0.544581  0.822855)
     C   10  Q=         1.0000 1e-30 m^2  Cq=         1.1179 MHz  eta= 0.31159

     C   11    Vxx=    0.0694    axis=( -0.528784  0.058809  0.846716)
     C   11    Vyy=    0.3698    axis=(  0.445595  0.868293  0.217972)
     C   11    Vzz=   -0.4392    axis=( -0.722380  0.492552 -0.485345)
     C   11  Q=         1.0000 1e-30 m^2  Cq=        -1.0320 MHz  eta= 0.68384

     Cl  12    Vxx=    0.4427    axis=(  0.510032  0.848848  0.139013)
     Cl  12    Vyy=    2.2570    axis=( -0.829228  0.442282  0.341714)
     Cl  12    Vzz=   -2.6996    axis=(  0.228580 -0.289558  0.929466)
     Cl  12  Q=        -8.1650 1e-30 m^2  Cq=        51.7909 MHz  eta= 0.67205

     H   13    Vxx=   -0.0360    axis=(  0.910227 -0.268291  0.315446)
     H   13    Vyy=   -0.7252    axis=(  0.375701  0.214633 -0.901544)
     H   13    Vzz=    0.7611    axis=(  0.174171  0.939123  0.296162)
     H   13  Q=         1.0000 1e-30 m^2  Cq=         1.7884 MHz  eta= 0.90552

     C   14    Vxx=    0.1129    axis=( -0.006699  0.177952  0.984016)
     C   14    Vyy=    0.3354    axis=( -0.910554  0.405662 -0.079560)
     C   14    Vzz=   -0.4483    axis=( -0.413336 -0.896533  0.159317)
     C   14  Q=         1.0000 1e-30 m^2  Cq=        -1.0534 MHz  eta= 0.49626

     H   15    Vxx=   -0.1091    axis=(  0.172737 -0.956869  0.233590)
     H   15    Vyy=   -0.6811    axis=(  0.449878 -0.134327 -0.882930)
     H   15    Vzz=    0.7901    axis=(  0.876226  0.257602  0.407271)
     H   15  Q=         1.0000 1e-30 m^2  Cq=         1.8564 MHz  eta= 0.72396

     C   16    Vxx=   -0.1643    axis=(  0.550095  0.679660 -0.485239)
     C   16    Vyy=   -0.4463    axis=( -0.830842  0.386802 -0.400108)
     C   16    Vzz=    0.6105    axis=( -0.084245  0.623254  0.777468)
     C   16  Q=         1.0000 1e-30 m^2  Cq=         1.4345 MHz  eta= 0.46188

     C   17    Vxx=    0.1807    axis=( -0.730074  0.279649 -0.623528)
     C   17    Vyy=    0.5946    axis=( -0.533977  0.335946  0.775892)
     C   17    Vzz=   -0.7753    axis=( -0.426450 -0.899409  0.095939)
     C   17  Q=         1.0000 1e-30 m^2  Cq=        -1.8216 MHz  eta= 0.53393

     Cl  18    Vxx=   -0.0786    axis=(  0.952082  0.305445 -0.015628)
     Cl  18    Vyy=   -2.1484    axis=( -0.031192  0.046143 -0.998448)
     Cl  18    Vzz=    2.2269    axis=( -0.304250  0.951091  0.053459)
     Cl  18  Q=        -8.1650 1e-30 m^2  Cq=       -42.7228 MHz  eta= 0.92942

     H   19    Vxx=   -0.0102    axis=(  0.990929  0.076878 -0.110227)
     H   19    Vyy=   -0.7578    axis=( -0.079715 -0.324081 -0.942665)
     H   19    Vzz=    0.7680    axis=( -0.108193  0.942900 -0.315013)
     H   19  Q=         1.0000 1e-30 m^2  Cq=         1.8044 MHz  eta= 0.97342

     C   20    Vxx=   -0.0020    axis=(  0.346320 -0.763433  0.545190)
     C   20    Vyy=   -0.5556    axis=( -0.906959 -0.123939  0.402573)
     C   20    Vzz=    0.5575    axis=(  0.239767  0.633884  0.735325)
     C   20  Q=         1.0000 1e-30 m^2  Cq=         1.3100 MHz  eta= 0.99294

     H   21    Vxx=   -0.1469    axis=(  0.362294  0.820882 -0.441470)
     H   21    Vyy=   -0.6339    axis=( -0.500647  0.570908  0.650705)
     H   21    Vzz=    0.7808    axis=( -0.786190  0.014725 -0.617809)
     H   21  Q=         1.0000 1e-30 m^2  Cq=         1.8346 MHz  eta= 0.62375

     C   22    Vxx=    0.0226    axis=( -0.428559  0.685560 -0.588510)
     C   22    Vyy=    0.3597    axis=( -0.731742 -0.645436 -0.219012)
     C   22    Vzz=   -0.3822    axis=( -0.529992  0.336778  0.778260)
     C   22  Q=         1.0000 1e-30 m^2  Cq=        -0.8981 MHz  eta= 0.88180

     C   23    Vxx=    0.0212    axis=(  0.571773  0.439517 -0.692749)
     C   23    Vyy=    0.2442    axis=(  0.289733 -0.898159 -0.330704)
     C   23    Vzz=   -0.2654    axis=( -0.767549 -0.011624 -0.640885)
     C   23  Q=         1.0000 1e-30 m^2  Cq=        -0.6237 MHz  eta= 0.84010

     Cl  24    Vxx=   -0.0659    axis=(  0.363238 -0.470463  0.804191)
     Cl  24    Vyy=   -1.0732    axis=( -0.553098  0.585711  0.592474)
     Cl  24    Vzz=    1.1391    axis=( -0.749760 -0.660005 -0.047460)
     Cl  24  Q=        -8.1650 1e-30 m^2  Cq=       -21.8532 MHz  eta= 0.88435

     Initialization:
     gipaw_setup  :      9.06s CPU     11.00s WALL (       1 calls)

     Linear response

     Apply operators

     Induced current

     Other routines
     efg          :      9.14s CPU     11.38s WALL (       1 calls)

     General routines
     calbec       :      3.16s CPU      4.02s WALL (      16 calls)
     fft          :      1.46s CPU      1.83s WALL (      15 calls)
     ffts         :      0.04s CPU      0.04s WALL (       2 calls)
     fftw         :      3.27s CPU      3.99s WALL (     672 calls)
     davcio       :      0.03s CPU      0.34s WALL (      32 calls)

     Parallel routines
     fft_scatter  :      2.02s CPU      2.89s WALL (     689 calls)

     Plugins

     GIPAW        :     62.19s CPU     72.74s WALL (       1 calls)
