
     Program QE v.6.0 (svn rev. 13079) starts on 30Dec2016 at 21: 0: 7 

     This program is part of the open-source Quantum ESPRESSO suite
     for quantum simulation of materials; please cite
         "P. Giannozzi et al., J. Phys.:Condens. Matter 21 395502 (2009);
          URL http://www.quantum-espresso.org", 
     in publications or presentations arising from this work. More details at
     http://www.quantum-espresso.org/quote

     Parallel version (MPI), running on     8 processors
     R & G space division:  proc/nbgrp/npool/nimage =       8

     ***** This is GIPAW svn revision unknown      *****

     Parallelizing q-star over 1 images

     Reading data from directory:
     /users/majewski/paradichlorobenzene/pbe/9_constraint/scratch/pbe.ecut100.np8.dt60.pcl2phi-129368.save
     Message from routine read_xml_file:
     file /users/majewski/paradichlorobenzene/pbe/9_constraint/scratch/pbe.ecut100.np8.dt60.pcl2phi-129368.save not guaranteed to be safe for post-processing

   Info: using nr1, nr2, nr3 values from input

   Info: using nr1, nr2, nr3 values from input

     IMPORTANT: XC functional enforced from input :
     Exchange-correlation      =  SLA  PW   PBX  PBC ( 1  4  3  4 0 0)
     Any further DFT definition will be discarded
     Please, verify this is what you really want

               file C.pbe-n-kjpaw_psl.1.0.0.UPF: wavefunction(s)  2S 2P renormalized
               file Cl.pbe-n-kjpaw_psl.1.0.0.UPF: wavefunction(s)  3S 3P renormalized
               file H.pbe-kjpaw_psl.1.0.0.UPF: wavefunction(s)  1S renormalized

     Parallelization info
     --------------------
     sticks:   dense  smooth     PW     G-vecs:    dense   smooth      PW
     Min        3057    1223    332               144436    36536    5170
     Max        3059    1225    333               144437    36537    5171
     Sum       24467    9791   2657              1155489   292295   41363


     Subspace diagonalization in iterative solution of the eigenvalue problem:
     a serial algorithm will be used

     GIPAW projectors -----------------------------------------------
     atom=  C    l=0  rc=    1.2000  rs=    0.8000
     atom=  C    l=0  rc=    1.2000  rs=    0.8000
     atom=  C    l=1  rc=    1.4000  rs=    0.9333
     atom=  C    l=1  rc=    1.4000  rs=    0.9333
     projs nearly linearly dependent: l=1  n1,n2= 1, 2  s=  0.99951561

     atom=  Cl   l=0  rc=    1.6000  rs=    1.0667
     atom=  Cl   l=0  rc=    1.6000  rs=    1.0667
     atom=  Cl   l=1  rc=    1.6000  rs=    1.0667
     atom=  Cl   l=1  rc=    1.6000  rs=    1.0667
     atom=  Cl   l=2  rc=    1.6000  rs=    1.0667
     atom=  Cl   l=2  rc=    1.6000  rs=    1.0667
     projs nearly linearly dependent: l=2  n1,n2= 1, 2  s=  0.99993509

     atom=  H    l=0  rc=    1.0000  rs=    0.6667
     atom=  H    l=0  rc=    1.0000  rs=    0.6667
     projs nearly linearly dependent: l=0  n1,n2= 1, 2  s=  0.99968852
     -----------------------------------------------------------------

     GIPAW integrals: -------------------------------------------
     Atom  i/j   nmr_para   nmr_dia   epr_rmc  epr_para   epr_dia
       C   1 1   0.83E+03  0.17E-01  0.93E+01  0.24E+08  0.24E+03
       C   2 1   0.86E+03 -0.61E-01  0.94E+01  0.25E+08  0.25E+03
       C   2 2   0.90E+03 -0.15E+00  0.97E+01  0.26E+08  0.26E+03
       C   3 3   0.33E+01  0.34E+00  0.18E+01  0.55E+03  0.21E+02
       C   4 3   0.35E+01  0.37E+00  0.20E+01  0.59E+03  0.22E+02
       C   4 4   0.38E+01  0.39E+00  0.22E+01  0.63E+03  0.24E+02
       Cl  1 1   0.14E+04 -0.47E+00  0.84E+01  0.32E+09  0.42E+03
       Cl  2 1   0.21E+04 -0.37E+00  0.12E+02  0.49E+09  0.65E+03
       Cl  2 2   0.33E+04 -0.16E+00  0.21E+02  0.76E+09  0.10E+04
       Cl  3 3   0.21E+02  0.79E-01  0.89E+01  0.23E+05  0.13E+03
       Cl  4 3   0.24E+02  0.67E-01  0.99E+01  0.27E+05  0.15E+03
       Cl  4 4   0.28E+02  0.44E-01  0.11E+02  0.32E+05  0.18E+03
       Cl  5 5   0.77E+00  0.19E+00  0.18E+01  0.12E+03  0.22E+02
       Cl  6 5   0.80E+00  0.19E+00  0.19E+01  0.12E+03  0.23E+02
       Cl  6 6   0.83E+00  0.20E+00  0.19E+01  0.12E+03  0.23E+02
       H   1 1   0.39E+02  0.19E+00  0.29E+00  0.78E+05  0.13E+02
       H   2 1   0.41E+02  0.21E+00  0.32E+00  0.82E+05  0.14E+02
       H   2 2   0.43E+02  0.22E+00  0.36E+00  0.86E+05  0.15E+02
     ------------------------------------------------------------

     alpha_pv=     34.0921 eV

     Number of occupied bands for each k-point:
     k-point:     1    nbnd_occ=  42
     k-point:     2    nbnd_occ=  42
     k-point:     3    nbnd_occ=  42
     k-point:     4    nbnd_occ=  42
     k-point:     5    nbnd_occ=  42
     k-point:     6    nbnd_occ=  42
     k-point:     7    nbnd_occ=  42
     k-point:     8    nbnd_occ=  42
     k-point:     9    nbnd_occ=  42
     k-point:    10    nbnd_occ=  42
     k-point:    11    nbnd_occ=  42
     k-point:    12    nbnd_occ=  42
     k-point:    13    nbnd_occ=  42
     k-point:    14    nbnd_occ=  42
     k-point:    15    nbnd_occ=  42
     k-point:    16    nbnd_occ=  42


     q-space interpolation up to   110.00 Rydberg

     GIPAW job: efg                                                                             


     ELECTRIC FIELD GRADIENTS TENSORS IN Hartree/bohrradius^2:

     ----- bare term -----
     Cl   1       -0.256453        0.256502        0.105746
     Cl   1        0.256502        0.031208       -0.136179
     Cl   1        0.105746       -0.136179        0.225245

     C    2        0.064267       -0.166555       -0.359166
     C    2       -0.166555       -0.025170       -0.648714
     C    2       -0.359166       -0.648714       -0.039097

     C    3       -0.608957        0.319366       -0.247988
     C    3        0.319366        0.209768       -0.122365
     C    3       -0.247988       -0.122365        0.399189

     H    4       -0.082999       -0.122312       -0.358193
     H    4       -0.122312        0.116657       -0.505301
     H    4       -0.358193       -0.505301       -0.033657

     C    5       -0.085838       -0.306308       -0.442697
     C    5       -0.306308       -0.048230       -0.451994
     C    5       -0.442697       -0.451994        0.134068

     H    6        0.248855        0.217144        0.244901
     H    6        0.217144       -0.213174       -0.565326
     H    6        0.244901       -0.565326       -0.035681

     H    7        0.302626        0.093317        0.185147
     H    7        0.093317       -0.253163        0.472607
     H    7        0.185147        0.472607       -0.049463

     C    8       -0.551267       -0.317806       -0.368077
     C    8       -0.317806        0.365558        0.128996
     C    8       -0.368077        0.128996        0.185709

     H    9        0.110557        0.107197       -0.294601
     H    9        0.107197        0.367399       -0.197846
     H    9       -0.294601       -0.197846       -0.477956

     C   10        0.179556       -0.283113        0.084505
     C   10       -0.283113       -0.223715        0.335214
     C   10        0.084505        0.335214        0.044159

     C   11       -0.222175       -0.205405       -0.438348
     C   11       -0.205405        0.123732        0.126587
     C   11       -0.438348        0.126587        0.098443

     Cl  12        0.048959        0.346634        0.156774
     Cl  12        0.346634       -0.345557       -0.293490
     Cl  12        0.156774       -0.293490        0.296598

     H   13        0.423380        0.119401       -0.300450
     H   13        0.119401       -0.054419       -0.232049
     H   13       -0.300450       -0.232049       -0.368961

     C   14       -0.568501        0.353070       -0.028086
     C   14        0.353070        0.212921       -0.091810
     C   14       -0.028086       -0.091810        0.355580

     H   15       -0.039146        0.146165       -0.532693
     H   15        0.146165        0.112465        0.206589
     H   15       -0.532693        0.206589       -0.073319

     C   16        0.180413       -0.075255       -0.306782
     C   16       -0.075255       -0.140489       -0.516274
     C   16       -0.306782       -0.516274       -0.039924

     C   17       -0.686468        0.495685       -0.236884
     C   17        0.495685        0.210749       -0.135534
     C   17       -0.236884       -0.135534        0.475719

     Cl  18       -0.047856       -0.003879       -0.003204
     Cl  18       -0.003879       -0.014035        0.001772
     Cl  18       -0.003204        0.001772        0.061891

     H   19        0.208203        0.429455       -0.148247
     H   19        0.429455       -0.487087        0.416246
     H   19       -0.148247        0.416246        0.278884

     C   20        0.026133       -0.551030        0.040591
     C   20       -0.551030       -0.337377        0.374809
     C   20        0.040591        0.374809        0.311245

     H   21        0.095230        0.100792       -0.404729
     H   21        0.100792        0.489717        0.044750
     H   21       -0.404729        0.044750       -0.584948

     C   22       -0.524604       -0.307992       -0.296686
     C   22       -0.307992        0.041448        0.217705
     C   22       -0.296686        0.217705        0.483157

     C   23       -0.016337       -0.109974       -0.212161
     C   23       -0.109974       -0.151410        0.510130
     C   23       -0.212161        0.510130        0.167746

     Cl  24       -0.172867       -0.139010        0.037091
     Cl  24       -0.139010       -0.050417       -0.124615
     Cl  24        0.037091       -0.124615        0.223284

     ----- ionic term -----
     Cl   1        0.097818       -0.190013        0.009903
     Cl   1       -0.190013        0.039754        0.010931
     Cl   1        0.009903        0.010931       -0.137572

     C    2        0.106909       -0.224421        0.232485
     C    2       -0.224421        0.071078        0.425347
     C    2        0.232485        0.425347       -0.177986

     C    3        0.131927       -0.276526        0.178684
     C    3       -0.276526        0.054004        0.410553
     C    3        0.178684        0.410553       -0.185931

     H    4        0.536733        0.181314        0.774467
     H    4        0.181314       -0.509790        0.196252
     H    4        0.774467        0.196252       -0.026943

     C    5        0.266395       -0.228992        0.241245
     C    5       -0.228992       -0.058904        0.322188
     C    5        0.241245        0.322188       -0.207491

     H    6       -0.521819       -0.018905       -0.008541
     H    6       -0.018905        0.421915        0.804586
     H    6       -0.008541        0.804586        0.099904

     H    7       -0.533378       -0.067524        0.045481
     H    7       -0.067524        0.744961       -0.656098
     H    7        0.045481       -0.656098       -0.211584

     C    8        0.185149        0.295106        0.371686
     C    8        0.295106        0.060666       -0.252402
     C    8        0.371686       -0.252402       -0.245815

     H    9        0.384927       -0.278033        0.772242
     H    9       -0.278033       -0.401986       -0.293298
     H    9        0.772242       -0.293298        0.017059

     C   10        0.056395        0.308629        0.248388
     C   10        0.308629        0.210519       -0.387085
     C   10        0.248388       -0.387085       -0.266914

     C   11        0.007344        0.263524        0.290242
     C   11        0.263524        0.184819       -0.369383
     C   11        0.290242       -0.369383       -0.192162

     Cl  12        0.097722        0.200116        0.033471
     Cl  12        0.200116        0.042636        0.010366
     Cl  12        0.033471        0.010366       -0.140357

     H   13       -0.498918        0.112316        0.120083
     H   13        0.112316        0.522340        0.766944
     H   13        0.120083        0.766944       -0.023422

     C   14        0.262410       -0.211115        0.263622
     C   14       -0.211115       -0.013505        0.305183
     C   14        0.263622        0.305183       -0.248905

     H   15        0.416728        0.304774        0.734104
     H   15        0.304774       -0.428524        0.304416
     H   15        0.734104        0.304416        0.011796

     C   16        0.118686       -0.252888        0.172606
     C   16       -0.252888        0.063458        0.405498
     C   16        0.172606        0.405498       -0.182145

     C   17        0.222226       -0.196276        0.216592
     C   17       -0.196276       -0.059186        0.419414
     C   17        0.216592        0.419414       -0.163040

     Cl  18        0.158723       -0.219293       -0.036472
     Cl  18       -0.219293       -0.039688        0.014993
     Cl  18       -0.036472        0.014993       -0.119035

     H   19       -0.524429       -0.099368        0.071924
     H   19       -0.099368        0.697372       -0.663910
     H   19        0.071924       -0.663910       -0.172944

     C   20        0.103732        0.307887        0.294594
     C   20        0.307887        0.158831       -0.247360
     C   20        0.294594       -0.247360       -0.262563

     H   21        0.207959       -0.062070        0.803213
     H   21       -0.062070       -0.531528       -0.156068
     H   21        0.803213       -0.156068        0.323568

     C   22       -0.029473        0.350506        0.256429
     C   22        0.350506        0.219116       -0.385462
     C   22        0.256429       -0.385462       -0.189643

     C   23        0.091435        0.218565        0.418701
     C   23        0.218565        0.055458       -0.377379
     C   23        0.418701       -0.377379       -0.146893

     Cl  24        0.104749        0.204749        0.045485
     Cl  24        0.204749        0.042469        0.031400
     Cl  24        0.045485        0.031400       -0.147218

     ----- GIPAW term -----
     Cl   1        0.164626       -1.997778        1.011575
     Cl   1       -1.997778        0.573175       -1.354104
     Cl   1        1.011575       -1.354104       -0.737801

     C    2       -0.044927       -0.092412       -0.038908
     C    2       -0.092412        0.186180       -0.086464
     C    2       -0.038908       -0.086464       -0.141253

     C    3       -0.122649       -0.143104       -0.061098
     C    3       -0.143104        0.210439        0.069035
     C    3       -0.061098        0.069035       -0.087791

     H    4       -0.000000        0.000000        0.000000
     H    4        0.000000        0.000000        0.000000
     H    4        0.000000        0.000000        0.000000

     C    5       -0.036200       -0.198582       -0.109161
     C    5       -0.198582        0.117089        0.032724
     C    5       -0.109161        0.032724       -0.080889

     H    6       -0.000000        0.000000        0.000000
     H    6        0.000000        0.000000        0.000000
     H    6        0.000000        0.000000        0.000000

     H    7       -0.000000        0.000000        0.000000
     H    7        0.000000        0.000000        0.000000
     H    7        0.000000        0.000000        0.000000

     C    8       -0.086707       -0.136253       -0.069576
     C    8       -0.136253        0.146814        0.063370
     C    8       -0.069576        0.063370       -0.060107

     H    9       -0.000000        0.000000        0.000000
     H    9        0.000000        0.000000        0.000000
     H    9        0.000000        0.000000        0.000000

     C   10        0.008260       -0.073620       -0.000304
     C   10       -0.073620        0.036860        0.046873
     C   10       -0.000304        0.046873       -0.045120

     C   11        0.017973       -0.089037       -0.079547
     C   11       -0.089037        0.077437        0.047658
     C   11       -0.079547        0.047658       -0.095410

     Cl  12        0.208929        0.237923       -0.151317
     Cl  12        0.237923        0.433104        0.266749
     Cl  12       -0.151317        0.266749       -0.642033

     H   13       -0.000000        0.000000        0.000000
     H   13        0.000000        0.000000        0.000000
     H   13        0.000000        0.000000        0.000000

     C   14       -0.083583       -0.065540        0.046409
     C   14       -0.065540        0.118572       -0.036486
     C   14        0.046409       -0.036486       -0.034990

     H   15       -0.000000        0.000000        0.000000
     H   15        0.000000        0.000000        0.000000
     H   15        0.000000        0.000000        0.000000

     C   16       -0.034071       -0.077697       -0.024882
     C   16       -0.077697        0.112901       -0.067958
     C   16       -0.024882       -0.067958       -0.078830

     C   17       -0.096385       -0.112487       -0.020344
     C   17       -0.112487        0.191424        0.011681
     C   17       -0.020344        0.011681       -0.095039

     Cl  18        1.005418       -2.699174       -1.321039
     Cl  18       -2.699174       -0.253855        1.006822
     Cl  18       -1.321039        1.006822       -0.751563

     H   19       -0.000000        0.000000        0.000000
     H   19        0.000000        0.000000        0.000000
     H   19        0.000000        0.000000        0.000000

     C   20        0.069231       -0.259889        0.102831
     C   20       -0.259889       -0.005713       -0.010233
     C   20        0.102831       -0.010233       -0.063517

     H   21       -0.000000        0.000000        0.000000
     H   21        0.000000        0.000000        0.000000
     H   21        0.000000        0.000000        0.000000

     C   22       -0.172535       -0.080648       -0.009911
     C   22       -0.080648        0.035865       -0.073770
     C   22       -0.009911       -0.073770        0.136670

     C   23        0.010426        0.031077        0.001896
     C   23        0.031077        0.105119       -0.023792
     C   23        0.001896       -0.023792       -0.115545

     Cl  24       -0.561233        1.033221        0.676519
     Cl  24        1.033221       -0.556045       -1.752078
     Cl  24        0.676519       -1.752078        1.117278

     ----- total EFG -----
     Cl   1        0.005991       -1.931289        1.127224
     Cl   1       -1.931289        0.644137       -1.479352
     Cl   1        1.127224       -1.479352       -0.650128

     C    2        0.126248       -0.483388       -0.165589
     C    2       -0.483388        0.232088       -0.309831
     C    2       -0.165589       -0.309831       -0.358336

     C    3       -0.599678       -0.100265       -0.130402
     C    3       -0.100265        0.474211        0.357222
     C    3       -0.130402        0.357222        0.125467

     H    4        0.453734        0.059002        0.416274
     H    4        0.059002       -0.393133       -0.309049
     H    4        0.416274       -0.309049       -0.060601

     C    5        0.144357       -0.733883       -0.310613
     C    5       -0.733883        0.009955       -0.097081
     C    5       -0.310613       -0.097081       -0.154312

     H    6       -0.272964        0.198239        0.236360
     H    6        0.198239        0.208741        0.239259
     H    6        0.236360        0.239259        0.064223

     H    7       -0.230752        0.025792        0.230628
     H    7        0.025792        0.491799       -0.183491
     H    7        0.230628       -0.183491       -0.261047

     C    8       -0.452825       -0.158953       -0.065966
     C    8       -0.158953        0.573038       -0.060037
     C    8       -0.065966       -0.060037       -0.120213

     H    9        0.495485       -0.170836        0.477640
     H    9       -0.170836       -0.034587       -0.491144
     H    9        0.477640       -0.491144       -0.460898

     C   10        0.244211       -0.048103        0.332588
     C   10       -0.048103        0.023664       -0.004998
     C   10        0.332588       -0.004998       -0.267876

     C   11       -0.196858       -0.030919       -0.227653
     C   11       -0.030919        0.385988       -0.195138
     C   11       -0.227653       -0.195138       -0.189130

     Cl  12        0.355610        0.784672        0.038927
     Cl  12        0.784672        0.130182       -0.016374
     Cl  12        0.038927       -0.016374       -0.485792

     H   13       -0.075538        0.231717       -0.180367
     H   13        0.231717        0.467921        0.534895
     H   13       -0.180367        0.534895       -0.392383

     C   14       -0.389674        0.076414        0.281945
     C   14        0.076414        0.317989        0.176887
     C   14        0.281945        0.176887        0.071685

     H   15        0.377581        0.450939        0.201411
     H   15        0.450939       -0.316058        0.511005
     H   15        0.201411        0.511005       -0.061523

     C   16        0.265029       -0.405840       -0.159058
     C   16       -0.405840        0.035870       -0.178734
     C   16       -0.159058       -0.178734       -0.300899

     C   17       -0.560627        0.186921       -0.040637
     C   17        0.186921        0.342987        0.295560
     C   17       -0.040637        0.295560        0.217640

     Cl  18        1.116286       -2.922346       -1.360715
     Cl  18       -2.922346       -0.307579        1.023586
     Cl  18       -1.360715        1.023586       -0.808707

     H   19       -0.316226        0.330087       -0.076323
     H   19        0.330087        0.210286       -0.247665
     H   19       -0.076323       -0.247665        0.105940

     C   20        0.199095       -0.503032        0.438016
     C   20       -0.503032       -0.184259        0.117217
     C   20        0.438016        0.117217       -0.014836

     H   21        0.303189        0.038722        0.398484
     H   21        0.038722       -0.041810       -0.111318
     H   21        0.398484       -0.111318       -0.261379

     C   22       -0.726612       -0.038134       -0.050168
     C   22       -0.038134        0.296428       -0.241527
     C   22       -0.050168       -0.241527        0.430184

     C   23        0.085524        0.139668        0.208436
     C   23        0.139668        0.009167        0.108959
     C   23        0.208436        0.108959       -0.094691

     Cl  24       -0.629351        1.098961        0.759095
     Cl  24        1.098961       -0.563993       -1.845293
     Cl  24        0.759095       -1.845293        1.193344

     ----- total EFG (symmetrized) -----
     Cl   1        0.005991       -1.931289        1.127224
     Cl   1       -1.931289        0.644137       -1.479352
     Cl   1        1.127224       -1.479352       -0.650128

     C    2        0.126248       -0.483388       -0.165589
     C    2       -0.483388        0.232088       -0.309831
     C    2       -0.165589       -0.309831       -0.358336

     C    3       -0.599678       -0.100265       -0.130402
     C    3       -0.100265        0.474211        0.357222
     C    3       -0.130402        0.357222        0.125467

     H    4        0.453734        0.059002        0.416274
     H    4        0.059002       -0.393133       -0.309049
     H    4        0.416274       -0.309049       -0.060601

     C    5        0.144357       -0.733883       -0.310613
     C    5       -0.733883        0.009955       -0.097081
     C    5       -0.310613       -0.097081       -0.154312

     H    6       -0.272964        0.198239        0.236360
     H    6        0.198239        0.208741        0.239259
     H    6        0.236360        0.239259        0.064223

     H    7       -0.230752        0.025792        0.230628
     H    7        0.025792        0.491799       -0.183491
     H    7        0.230628       -0.183491       -0.261047

     C    8       -0.452825       -0.158953       -0.065966
     C    8       -0.158953        0.573038       -0.060037
     C    8       -0.065966       -0.060037       -0.120213

     H    9        0.495485       -0.170836        0.477640
     H    9       -0.170836       -0.034587       -0.491144
     H    9        0.477640       -0.491144       -0.460898

     C   10        0.244211       -0.048103        0.332588
     C   10       -0.048103        0.023664       -0.004998
     C   10        0.332588       -0.004998       -0.267876

     C   11       -0.196858       -0.030919       -0.227653
     C   11       -0.030919        0.385988       -0.195138
     C   11       -0.227653       -0.195138       -0.189130

     Cl  12        0.355610        0.784672        0.038927
     Cl  12        0.784672        0.130182       -0.016374
     Cl  12        0.038927       -0.016374       -0.485792

     H   13       -0.075538        0.231717       -0.180367
     H   13        0.231717        0.467921        0.534895
     H   13       -0.180367        0.534895       -0.392383

     C   14       -0.389674        0.076414        0.281945
     C   14        0.076414        0.317989        0.176887
     C   14        0.281945        0.176887        0.071685

     H   15        0.377581        0.450939        0.201411
     H   15        0.450939       -0.316058        0.511005
     H   15        0.201411        0.511005       -0.061523

     C   16        0.265029       -0.405840       -0.159058
     C   16       -0.405840        0.035870       -0.178734
     C   16       -0.159058       -0.178734       -0.300899

     C   17       -0.560627        0.186921       -0.040637
     C   17        0.186921        0.342987        0.295560
     C   17       -0.040637        0.295560        0.217640

     Cl  18        1.116286       -2.922346       -1.360715
     Cl  18       -2.922346       -0.307579        1.023586
     Cl  18       -1.360715        1.023586       -0.808707

     H   19       -0.316226        0.330087       -0.076323
     H   19        0.330087        0.210286       -0.247665
     H   19       -0.076323       -0.247665        0.105940

     C   20        0.199095       -0.503032        0.438016
     C   20       -0.503032       -0.184259        0.117217
     C   20        0.438016        0.117217       -0.014836

     H   21        0.303189        0.038722        0.398484
     H   21        0.038722       -0.041810       -0.111318
     H   21        0.398484       -0.111318       -0.261379

     C   22       -0.726612       -0.038134       -0.050168
     C   22       -0.038134        0.296428       -0.241527
     C   22       -0.050168       -0.241527        0.430184

     C   23        0.085524        0.139668        0.208436
     C   23        0.139668        0.009167        0.108959
     C   23        0.208436        0.108959       -0.094691

     Cl  24       -0.629351        1.098961        0.759095
     Cl  24        1.098961       -0.563993       -1.845293
     Cl  24        0.759095       -1.845293        1.193344


     NQR/NMR SPECTROSCOPIC PARAMETERS:
     Cl   1    Vxx=   -1.4946    axis=(  0.649513  0.062356 -0.757789)
     Cl   1    Vyy=   -1.6884    axis=( -0.497084 -0.719333 -0.485251)
     Cl   1    Vzz=    3.1830    axis=( -0.575361  0.691861 -0.436220)
     Cl   1  Q=        -8.1650 1e-30 m^2  Cq=       -61.0634 MHz  eta= 0.06090

     C    2    Vxx=   -0.0113    axis=(  0.629218  0.406051 -0.662728)
     C    2    Vyy=   -0.6697    axis=(  0.455838  0.497839  0.737813)
     C    2    Vzz=    0.6810    axis=( -0.629521  0.766342 -0.128155)
     C    2  Q=         1.0000 1e-30 m^2  Cq=         1.6000 MHz  eta= 0.96685

     C    3    Vxx=   -0.0915    axis=( -0.106163 -0.544265  0.832169)
     C    3    Vyy=   -0.6239    axis=( -0.987471 -0.040552 -0.152498)
     C    3    Vzz=    0.7155    axis=(  0.116746 -0.837933 -0.533141)
     C    3  Q=         1.0000 1e-30 m^2  Cq=         1.6811 MHz  eta= 0.74413

     H    4    Vxx=   -0.0456    axis=( -0.448918 -0.635159  0.628527)
     H    4    Vyy=   -0.6501    axis=( -0.262257  0.766062  0.586831)
     H    4    Vzz=    0.6957    axis=(  0.854222 -0.098603  0.510473)
     H    4  Q=         1.0000 1e-30 m^2  Cq=         1.6346 MHz  eta= 0.86888

     C    5    Vxx=   -0.0547    axis=( -0.155289 -0.420467  0.893920)
     C    5    Vyy=   -0.7879    axis=(  0.644177  0.642942  0.414320)
     C    5    Vzz=    0.8426    axis=( -0.748947  0.640182  0.171013)
     C    5  Q=         1.0000 1e-30 m^2  Cq=         1.9797 MHz  eta= 0.87019

     H    6    Vxx=   -0.0992    axis=( -0.194003  0.676725 -0.710215)
     H    6    Vyy=   -0.4044    axis=( -0.911175  0.143946  0.386056)
     H    6    Vzz=    0.5036    axis=(  0.363487  0.722026  0.588689)
     H    6  Q=         1.0000 1e-30 m^2  Cq=         1.1833 MHz  eta= 0.60609

     H    7    Vxx=   -0.0344    axis=( -0.758793 -0.180980 -0.625684)
     H    7    Vyy=   -0.5007    axis=( -0.650222  0.154421  0.743885)
     H    7    Vzz=    0.5352    axis=( -0.038009  0.971288 -0.234851)
     H    7  Q=         1.0000 1e-30 m^2  Cq=         1.2574 MHz  eta= 0.87133

     C    8    Vxx=   -0.1087    axis=( -0.205171  0.038286  0.977977)
     C    8    Vyy=   -0.4918    axis=(  0.967981  0.155601  0.196982)
     C    8    Vzz=    0.6005    axis=( -0.144633  0.987078 -0.068985)
     C    8  Q=         1.0000 1e-30 m^2  Cq=         1.4110 MHz  eta= 0.63790

     H    9    Vxx=    0.0139    axis=(  0.547640  0.792383 -0.268737)
     H    9    Vyy=    0.8463    axis=( -0.800512  0.402732 -0.443833)
     H    9    Vzz=   -0.8602    axis=( -0.243457  0.458187  0.854864)
     H    9  Q=         1.0000 1e-30 m^2  Cq=        -2.0210 MHz  eta= 0.96765

     C   10    Vxx=    0.0190    axis=(  0.087586  0.992588  0.084252)
     C   10    Vyy=    0.4132    axis=(  0.892201 -0.115782  0.436545)
     C   10    Vzz=   -0.4322    axis=(  0.443064  0.036934 -0.895729)
     C   10  Q=         1.0000 1e-30 m^2  Cq=        -1.0155 MHz  eta= 0.91209

     C   11    Vxx=    0.0035    axis=(  0.742728 -0.255671 -0.618860)
     C   11    Vyy=    0.4484    axis=( -0.065123 -0.947433  0.313258)
     C   11    Vzz=   -0.4519    axis=(  0.666419  0.192363  0.720335)
     C   11  Q=         1.0000 1e-30 m^2  Cq=        -1.0617 MHz  eta= 0.98464

     Cl  12    Vxx=   -0.4684    axis=(  0.267656 -0.326058  0.906668)
     Cl  12    Vyy=   -0.5674    axis=( -0.597548  0.682008  0.421666)
     Cl  12    Vzz=    1.0359    axis=( -0.755842 -0.654639 -0.012292)
     Cl  12  Q=        -8.1650 1e-30 m^2  Cq=       -19.8723 MHz  eta= 0.09560

     H   13    Vxx=    0.0060    axis=(  0.915001  0.008095 -0.403370)
     H   13    Vyy=    0.7464    axis=(  0.167182  0.902313  0.397344)
     H   13    Vzz=   -0.7524    axis=(  0.367182 -0.431006  0.824264)
     H   13  Q=         1.0000 1e-30 m^2  Cq=        -1.7679 MHz  eta= 0.98398

     C   14    Vxx=    0.0610    axis=(  0.348922 -0.599565  0.720260)
     C   14    Vyy=    0.4623    axis=(  0.251856  0.800281  0.544168)
     C   14    Vzz=   -0.5233    axis=(  0.902675  0.008470 -0.430239)
     C   14  Q=         1.0000 1e-30 m^2  Cq=        -1.2296 MHz  eta= 0.76679

     H   15    Vxx=   -0.0430    axis=( -0.641286  0.278743  0.714881)
     H   15    Vyy=   -0.7702    axis=( -0.229656  0.819245 -0.525449)
     H   15    Vzz=    0.8132    axis=(  0.732128  0.501139  0.461355)
     H   15  Q=         1.0000 1e-30 m^2  Cq=         1.9106 MHz  eta= 0.89436

     C   16    Vxx=   -0.0474    axis=(  0.423176  0.593924 -0.684234)
     C   16    Vyy=   -0.5252    axis=(  0.423124  0.538235  0.728883)
     C   16    Vzz=    0.5726    axis=( -0.801179  0.597961  0.023535)
     C   16  Q=         1.0000 1e-30 m^2  Cq=         1.3454 MHz  eta= 0.83450

     C   17    Vxx=    0.0152    axis=( -0.240655 -0.570726  0.785084)
     C   17    Vyy=    0.5952    axis=(  0.106218  0.788512  0.605777)
     C   17    Vzz=   -0.6105    axis=( -0.964781  0.229173 -0.129138)
     C   17  Q=         1.0000 1e-30 m^2  Cq=        -1.4344 MHz  eta= 0.95009

     Cl  18    Vxx=   -1.4088    axis=(  0.244312 -0.227783  0.942564)
     Cl  18    Vyy=   -2.6044    axis=( -0.623581 -0.781286 -0.027177)
     Cl  18    Vzz=    4.0132    axis=(  0.742603 -0.581125 -0.332919)
     Cl  18  Q=        -8.1650 1e-30 m^2  Cq=       -76.9912 MHz  eta= 0.29793

     H   19    Vxx=   -0.0480    axis=(  0.295723  0.436779  0.849571)
     H   19    Vyy=   -0.4781    axis=( -0.888134  0.453235  0.076130)
     H   19    Vzz=    0.5261    axis=( -0.351804 -0.777047  0.521951)
     H   19  Q=         1.0000 1e-30 m^2  Cq=         1.2361 MHz  eta= 0.81769

     C   20    Vxx=    0.0298    axis=( -0.092153  0.636074  0.766106)
     C   20    Vyy=    0.6886    axis=(  0.804725 -0.405559  0.433521)
     C   20    Vzz=   -0.7184    axis=(  0.586452  0.656454 -0.474491)
     C   20  Q=         1.0000 1e-30 m^2  Cq=        -1.6879 MHz  eta= 0.91704

     H   21    Vxx=   -0.0124    axis=(  0.141618  0.968197 -0.206252)
     H   21    Vyy=   -0.4973    axis=(  0.441271 -0.248249 -0.862353)
     H   21    Vzz=    0.5098    axis=( -0.886129  0.031112 -0.462393)
     H   21  Q=         1.0000 1e-30 m^2  Cq=         1.1977 MHz  eta= 0.95122

     C   22    Vxx=    0.1171    axis=( -0.071743  0.795301  0.601955)
     C   22    Vyy=    0.6141    axis=( -0.012628 -0.604186  0.796743)
     C   22    Vzz=   -0.7312    axis=( -0.997343 -0.049559 -0.053389)
     C   22  Q=         1.0000 1e-30 m^2  Cq=        -1.7180 MHz  eta= 0.67981

     C   23    Vxx=   -0.0893    axis=(  0.458188 -0.866872  0.196463)
     C   23    Vyy=   -0.2328    axis=(  0.520330  0.082388 -0.849982)
     C   23    Vzz=    0.3222    axis=(  0.720639  0.491677  0.488809)
     C   23  Q=         1.0000 1e-30 m^2  Cq=         0.7570 MHz  eta= 0.44538

     Cl  24    Vxx=    0.2631    axis=(  0.830630  0.482129  0.278578)
     Cl  24    Vyy=    2.3597    axis=( -0.021583  0.527799 -0.849095)
     Cl  24    Vzz=   -2.6228    axis=( -0.556406  0.699271  0.448812)
     Cl  24  Q=        -8.1650 1e-30 m^2  Cq=        50.3169 MHz  eta= 0.79936

     Initialization:
     gipaw_setup  :      8.98s CPU     10.95s WALL (       1 calls)

     Linear response

     Apply operators

     Induced current

     Other routines
     efg          :      9.33s CPU     11.55s WALL (       1 calls)

     General routines
     calbec       :      3.28s CPU      4.27s WALL (      16 calls)
     fft          :      1.72s CPU      2.97s WALL (      15 calls)
     ffts         :      0.08s CPU      0.15s WALL (       2 calls)
     fftw         :      3.29s CPU      3.96s WALL (     672 calls)
     davcio       :      0.01s CPU      0.31s WALL (      32 calls)

     Parallel routines
     fft_scatter  :      2.35s CPU      4.26s WALL (     689 calls)

     Plugins

     GIPAW        :     64.45s CPU     85.90s WALL (       1 calls)
