
     Program QE v.6.0 (svn rev. 13079) starts on 18Dec2016 at  2: 7:10 

     This program is part of the open-source Quantum ESPRESSO suite
     for quantum simulation of materials; please cite
         "P. Giannozzi et al., J. Phys.:Condens. Matter 21 395502 (2009);
          URL http://www.quantum-espresso.org", 
     in publications or presentations arising from this work. More details at
     http://www.quantum-espresso.org/quote

     Parallel version (MPI), running on     8 processors
     R & G space division:  proc/nbgrp/npool/nimage =       8

     ***** This is GIPAW svn revision unknown      *****

     Parallelizing q-star over 1 images

     Reading data from directory:
     /users/majewski/paradichlorobenzene/pbe/9_constraint/scratch/pbe.ecut100.np8.dt60.pcl2phi-129368.save
     Message from routine read_xml_file:
     file /users/majewski/paradichlorobenzene/pbe/9_constraint/scratch/pbe.ecut100.np8.dt60.pcl2phi-129368.save not guaranteed to be safe for post-processing

   Info: using nr1, nr2, nr3 values from input

   Info: using nr1, nr2, nr3 values from input

     IMPORTANT: XC functional enforced from input :
     Exchange-correlation      =  SLA  PW   PBX  PBC ( 1  4  3  4 0 0)
     Any further DFT definition will be discarded
     Please, verify this is what you really want

               file C.pbe-n-kjpaw_psl.1.0.0.UPF: wavefunction(s)  2S 2P renormalized
               file Cl.pbe-n-kjpaw_psl.1.0.0.UPF: wavefunction(s)  3S 3P renormalized
               file H.pbe-kjpaw_psl.1.0.0.UPF: wavefunction(s)  1S renormalized

     Parallelization info
     --------------------
     sticks:   dense  smooth     PW     G-vecs:    dense   smooth      PW
     Min        3057    1223    332               144436    36536    5170
     Max        3059    1225    333               144437    36537    5171
     Sum       24467    9791   2657              1155489   292295   41363


     Subspace diagonalization in iterative solution of the eigenvalue problem:
     a serial algorithm will be used

     GIPAW projectors -----------------------------------------------
     atom=  C    l=0  rc=    1.2000  rs=    0.8000
     atom=  C    l=0  rc=    1.2000  rs=    0.8000
     atom=  C    l=1  rc=    1.4000  rs=    0.9333
     atom=  C    l=1  rc=    1.4000  rs=    0.9333
     projs nearly linearly dependent: l=1  n1,n2= 1, 2  s=  0.99951561

     atom=  Cl   l=0  rc=    1.6000  rs=    1.0667
     atom=  Cl   l=0  rc=    1.6000  rs=    1.0667
     atom=  Cl   l=1  rc=    1.6000  rs=    1.0667
     atom=  Cl   l=1  rc=    1.6000  rs=    1.0667
     atom=  Cl   l=2  rc=    1.6000  rs=    1.0667
     atom=  Cl   l=2  rc=    1.6000  rs=    1.0667
     projs nearly linearly dependent: l=2  n1,n2= 1, 2  s=  0.99993509

     atom=  H    l=0  rc=    1.0000  rs=    0.6667
     atom=  H    l=0  rc=    1.0000  rs=    0.6667
     projs nearly linearly dependent: l=0  n1,n2= 1, 2  s=  0.99968852
     -----------------------------------------------------------------

     GIPAW integrals: -------------------------------------------
     Atom  i/j   nmr_para   nmr_dia   epr_rmc  epr_para   epr_dia
       C   1 1   0.83E+03  0.17E-01  0.93E+01  0.24E+08  0.24E+03
       C   2 1   0.86E+03 -0.61E-01  0.94E+01  0.25E+08  0.25E+03
       C   2 2   0.90E+03 -0.15E+00  0.97E+01  0.26E+08  0.26E+03
       C   3 3   0.33E+01  0.34E+00  0.18E+01  0.55E+03  0.21E+02
       C   4 3   0.35E+01  0.37E+00  0.20E+01  0.59E+03  0.22E+02
       C   4 4   0.38E+01  0.39E+00  0.22E+01  0.63E+03  0.24E+02
       Cl  1 1   0.14E+04 -0.47E+00  0.84E+01  0.32E+09  0.42E+03
       Cl  2 1   0.21E+04 -0.37E+00  0.12E+02  0.49E+09  0.65E+03
       Cl  2 2   0.33E+04 -0.16E+00  0.21E+02  0.76E+09  0.10E+04
       Cl  3 3   0.21E+02  0.79E-01  0.89E+01  0.23E+05  0.13E+03
       Cl  4 3   0.24E+02  0.67E-01  0.99E+01  0.27E+05  0.15E+03
       Cl  4 4   0.28E+02  0.44E-01  0.11E+02  0.32E+05  0.18E+03
       Cl  5 5   0.77E+00  0.19E+00  0.18E+01  0.12E+03  0.22E+02
       Cl  6 5   0.80E+00  0.19E+00  0.19E+01  0.12E+03  0.23E+02
       Cl  6 6   0.83E+00  0.20E+00  0.19E+01  0.12E+03  0.23E+02
       H   1 1   0.39E+02  0.19E+00  0.29E+00  0.78E+05  0.13E+02
       H   2 1   0.41E+02  0.21E+00  0.32E+00  0.82E+05  0.14E+02
       H   2 2   0.43E+02  0.22E+00  0.36E+00  0.86E+05  0.15E+02
     ------------------------------------------------------------

     alpha_pv=     34.2326 eV

     Number of occupied bands for each k-point:
     k-point:     1    nbnd_occ=  42
     k-point:     2    nbnd_occ=  42
     k-point:     3    nbnd_occ=  42
     k-point:     4    nbnd_occ=  42
     k-point:     5    nbnd_occ=  42
     k-point:     6    nbnd_occ=  42
     k-point:     7    nbnd_occ=  42
     k-point:     8    nbnd_occ=  42
     k-point:     9    nbnd_occ=  42
     k-point:    10    nbnd_occ=  42
     k-point:    11    nbnd_occ=  42
     k-point:    12    nbnd_occ=  42
     k-point:    13    nbnd_occ=  42
     k-point:    14    nbnd_occ=  42
     k-point:    15    nbnd_occ=  42
     k-point:    16    nbnd_occ=  42


     q-space interpolation up to   110.00 Rydberg

     GIPAW job: efg                                                                             


     ELECTRIC FIELD GRADIENTS TENSORS IN Hartree/bohrradius^2:

     ----- bare term -----
     Cl   1       -0.020864        0.060220       -0.020810
     Cl   1        0.060220        0.091860       -0.015732
     Cl   1       -0.020810       -0.015732       -0.070996

     C    2       -0.196471        0.334390       -0.162478
     C    2        0.334390       -0.185456       -0.385200
     C    2       -0.162478       -0.385200        0.381928

     C    3       -0.025181        0.372543       -0.194688
     C    3        0.372543       -0.169143       -0.558947
     C    3       -0.194688       -0.558947        0.194324

     H    4       -0.010555       -0.127710       -0.431586
     H    4       -0.127710        0.380185        0.113967
     H    4       -0.431586        0.113967       -0.369631

     C    5       -0.505928        0.289356       -0.324763
     C    5        0.289356        0.333749       -0.135835
     C    5       -0.324763       -0.135835        0.172178

     H    6        0.144562       -0.062166        0.384421
     H    6       -0.062166        0.073013       -0.332486
     H    6        0.384421       -0.332486       -0.217575

     H    7        0.384268        0.004002       -0.004294
     H    7        0.004002       -0.479543        0.538295
     H    7       -0.004294        0.538295        0.095275

     C    8       -0.257407       -0.223078       -0.295883
     C    8       -0.223078       -0.054963        0.521631
     C    8       -0.295883        0.521631        0.312370

     H    9       -0.259803        0.270039       -0.518135
     H    9        0.270039        0.264573        0.306238
     H    9       -0.518135        0.306238       -0.004770

     C   10       -0.636120       -0.391652       -0.279523
     C   10       -0.391652        0.291353        0.261308
     C   10       -0.279523        0.261308        0.344767

     C   11       -0.042568       -0.309123       -0.205315
     C   11       -0.309123       -0.066243        0.640753
     C   11       -0.205315        0.640753        0.108810

     Cl  12       -0.088461       -0.160368        0.082485
     Cl  12       -0.160368        0.024405       -0.137242
     Cl  12        0.082485       -0.137242        0.064056

     H   13        0.259959        0.260609        0.147221
     H   13        0.260609       -0.425570       -0.530154
     H   13        0.147221       -0.530154        0.165611

     C   14       -0.058038       -0.387416       -0.499922
     C   14       -0.387416       -0.047056       -0.520581
     C   14       -0.499922       -0.520581        0.105094

     H   15       -0.026976       -0.099152       -0.329988
     H   15       -0.099152        0.133664       -0.534292
     H   15       -0.329988       -0.534292       -0.106689

     C   16       -0.668773        0.317833       -0.248430
     C   16        0.317833        0.261086       -0.118911
     C   16       -0.248430       -0.118911        0.407687

     C   17        0.051437        0.066362       -0.183407
     C   17        0.066362       -0.044362       -0.566100
     C   17       -0.183407       -0.566100       -0.007076

     Cl  18       -0.252962        0.308649       -0.006861
     Cl  18        0.308649        0.051977        0.058123
     Cl  18       -0.006861        0.058123        0.200984

     H   19        0.263272        0.045527        0.213085
     H   19        0.045527       -0.196472        0.473263
     H   19        0.213085        0.473263       -0.066800

     C   20       -0.397821       -0.295480       -0.441068
     C   20       -0.295480        0.268587        0.249239
     C   20       -0.441068        0.249239        0.129234

     H   21        0.032421        0.130085       -0.359649
     H   21        0.130085        0.397034       -0.143596
     H   21       -0.359649       -0.143596       -0.429455

     C   22        0.061809       -0.447888       -0.137666
     C   22       -0.447888       -0.243904        0.427663
     C   22       -0.137666        0.427663        0.182095

     C   23       -0.236295       -0.248814       -0.354091
     C   23       -0.248814       -0.030768        0.312127
     C   23       -0.354091        0.312127        0.267063

     Cl  24       -0.015263        0.028955       -0.031336
     Cl  24        0.028955       -0.001934        0.035516
     Cl  24       -0.031336        0.035516        0.017197

     ----- ionic term -----
     Cl   1        0.213210       -0.205444       -0.010597
     Cl   1       -0.205444       -0.082665       -0.004740
     Cl   1       -0.010597       -0.004740       -0.130545

     C    2        0.278088       -0.194477        0.162469
     C    2       -0.194477       -0.101865        0.449437
     C    2        0.162469        0.449437       -0.176222

     C    3        0.230486       -0.353947        0.121605
     C    3       -0.353947       -0.034309        0.398824
     C    3        0.121605        0.398824       -0.196177

     H    4        0.472545        0.318643        0.701788
     H    4        0.318643       -0.443078        0.307508
     H    4        0.701788        0.307508       -0.029468

     C    5        0.271324       -0.298923        0.267706
     C    5       -0.298923       -0.075855        0.308281
     C    5        0.267706        0.308281       -0.195469

     H    6       -0.500560       -0.176556       -0.076267
     H    6       -0.176556        0.570073        0.732725
     H    6       -0.076267        0.732725       -0.069512

     H    7       -0.505372        0.068072       -0.038049
     H    7        0.068072        0.377578       -0.789496
     H    7       -0.038049       -0.789496        0.127794

     C    8        0.295066        0.296769        0.306294
     C    8        0.296769       -0.050610       -0.286681
     C    8        0.306294       -0.286681       -0.244456

     H    9        0.462767       -0.138246        0.748064
     H    9       -0.138246       -0.512601       -0.186079
     H    9        0.748064       -0.186079        0.049834

     C   10        0.206019        0.359461        0.234912
     C   10        0.359461        0.080678       -0.307443
     C   10        0.234912       -0.307443       -0.286697

     C   11        0.221403        0.199959        0.370995
     C   11        0.199959        0.028651       -0.318286
     C   11        0.370995       -0.318286       -0.250054

     Cl  12        0.114214        0.217939        0.062008
     Cl  12        0.217939        0.036467        0.041673
     Cl  12        0.062008        0.041673       -0.150681

     H   13       -0.517233        0.076907        0.050315
     H   13        0.076907        0.578425        0.753110
     H   13        0.050315        0.753110       -0.061192

     C   14        0.266757       -0.094049        0.263829
     C   14       -0.094049       -0.023525        0.345369
     C   14        0.263829        0.345369       -0.243233

     H   15        0.411676        0.191897        0.785204
     H   15        0.191897       -0.491830        0.242704
     H   15        0.785204        0.242704        0.080154

     C   16        0.144197       -0.275112        0.183914
     C   16       -0.275112        0.090053        0.388458
     C   16        0.183914        0.388458       -0.234250

     C   17        0.138586       -0.288717        0.316717
     C   17       -0.288717        0.066481        0.385635
     C   17        0.316717        0.385635       -0.205068

     Cl  18        0.155393       -0.231052        0.054571
     Cl  18       -0.231052        0.004416       -0.024684
     Cl  18        0.054571       -0.024684       -0.159809

     H   19       -0.527045       -0.079914        0.069087
     H   19       -0.079914        0.766634       -0.657646
     H   19        0.069087       -0.657646       -0.239590

     C   20        0.287594        0.211891        0.340011
     C   20        0.211891        0.039351       -0.281985
     C   20        0.340011       -0.281985       -0.326946

     H   21        0.486873       -0.273241        0.744243
     H   21       -0.273241       -0.424892       -0.275034
     H   21        0.744243       -0.275034       -0.061981

     C   22        0.150165        0.312344        0.205092
     C   22        0.312344        0.172321       -0.358127
     C   22        0.205092       -0.358127       -0.322486

     C   23        0.225601        0.240410        0.223764
     C   23        0.240410        0.037873       -0.388975
     C   23        0.223764       -0.388975       -0.263473

     Cl  24        0.195860        0.222378       -0.018937
     Cl  24        0.222378       -0.064240       -0.013883
     Cl  24       -0.018937       -0.013883       -0.131620

     ----- GIPAW term -----
     Cl   1        2.620245        0.239333       -0.548744
     Cl   1        0.239333       -0.038061       -0.303893
     Cl   1       -0.548744       -0.303893       -2.582184

     C    2        0.140328       -0.163849        0.009094
     C    2       -0.163849       -0.040211       -0.060847
     C    2        0.009094       -0.060847       -0.100117

     C    3       -0.061234        0.137973       -0.108913
     C    3        0.137973        0.041285       -0.205569
     C    3       -0.108913       -0.205569        0.019949

     H    4       -0.000000        0.000000        0.000000
     H    4        0.000000        0.000000        0.000000
     H    4        0.000000        0.000000        0.000000

     C    5       -0.086712        0.114644       -0.067753
     C    5        0.114644        0.126966       -0.079831
     C    5       -0.067753       -0.079831       -0.040255

     H    6       -0.000000        0.000000        0.000000
     H    6        0.000000        0.000000        0.000000
     H    6        0.000000        0.000000        0.000000

     H    7       -0.000000        0.000000        0.000000
     H    7        0.000000        0.000000        0.000000
     H    7        0.000000        0.000000        0.000000

     C    8       -0.086241       -0.106998       -0.080184
     C    8       -0.106998        0.084249        0.230318
     C    8       -0.080184        0.230318        0.001992

     H    9       -0.000000        0.000000        0.000000
     H    9        0.000000        0.000000        0.000000
     H    9        0.000000        0.000000        0.000000

     C   10       -0.225982       -0.103806       -0.063562
     C   10       -0.103806        0.295402        0.046427
     C   10       -0.063562        0.046427       -0.069420

     C   11        0.049273       -0.115363       -0.099028
     C   11       -0.115363        0.082462        0.179169
     C   11       -0.099028        0.179169       -0.131735

     Cl  12        0.472396        0.297685        1.243562
     Cl  12        0.297685        0.312500       -1.760863
     Cl  12        1.243562       -1.760863       -0.784897

     H   13       -0.000000        0.000000        0.000000
     H   13        0.000000        0.000000        0.000000
     H   13        0.000000        0.000000        0.000000

     C   14        0.071287       -0.244726       -0.094426
     C   14       -0.244726        0.042441       -0.044956
     C   14       -0.094426       -0.044956       -0.113728

     H   15       -0.000000        0.000000        0.000000
     H   15        0.000000        0.000000        0.000000
     H   15        0.000000        0.000000        0.000000

     C   16       -0.160996       -0.119302       -0.053358
     C   16       -0.119302        0.245533        0.062925
     C   16       -0.053358        0.062925       -0.084537

     C   17       -0.056346        0.000874        0.002217
     C   17        0.000874        0.250894        0.037228
     C   17        0.002217        0.037228       -0.194547

     Cl  18       -1.232024       -0.288232        0.098848
     Cl  18       -0.288232        1.865273        2.051717
     Cl  18        0.098848        2.051717       -0.633249

     H   19       -0.000000        0.000000        0.000000
     H   19        0.000000        0.000000        0.000000
     H   19        0.000000        0.000000        0.000000

     C   20       -0.019831       -0.168345       -0.133792
     C   20       -0.168345        0.071368        0.110762
     C   20       -0.133792        0.110762       -0.051538

     H   21       -0.000000        0.000000        0.000000
     H   21        0.000000        0.000000        0.000000
     H   21        0.000000        0.000000        0.000000

     C   22        0.017887       -0.154101       -0.111798
     C   22       -0.154101       -0.018985        0.136469
     C   22       -0.111798        0.136469        0.001098

     C   23       -0.070617       -0.035584       -0.096356
     C   23       -0.035584        0.045366        0.165784
     C   23       -0.096356        0.165784        0.025251

     Cl  24        1.264677        2.434743       -0.199763
     Cl  24        2.434743        0.111079        0.306368
     Cl  24       -0.199763        0.306368       -1.375757

     ----- total EFG -----
     Cl   1        2.812590        0.094109       -0.580152
     Cl   1        0.094109       -0.028866       -0.324366
     Cl   1       -0.580152       -0.324366       -2.783724

     C    2        0.221944       -0.023937        0.009084
     C    2       -0.023937       -0.327533        0.003390
     C    2        0.009084        0.003390        0.105589

     C    3        0.144071        0.156569       -0.181996
     C    3        0.156569       -0.162167       -0.365692
     C    3       -0.181996       -0.365692        0.018096

     H    4        0.461991        0.190934        0.270202
     H    4        0.190934       -0.062892        0.421474
     H    4        0.270202        0.421474       -0.399098

     C    5       -0.321315        0.105077       -0.124811
     C    5        0.105077        0.384861        0.092615
     C    5       -0.124811        0.092615       -0.063546

     H    6       -0.355999       -0.238722        0.308153
     H    6       -0.238722        0.643086        0.400238
     H    6        0.308153        0.400238       -0.287087

     H    7       -0.121105        0.072073       -0.042343
     H    7        0.072073       -0.101964       -0.251201
     H    7       -0.042343       -0.251201        0.223069

     C    8       -0.048582       -0.033308       -0.069774
     C    8       -0.033308       -0.021324        0.465268
     C    8       -0.069774        0.465268        0.069906

     H    9        0.202964        0.131793        0.229929
     H    9        0.131793       -0.248029        0.120159
     H    9        0.229929        0.120159        0.045065

     C   10       -0.656083       -0.135996       -0.108173
     C   10       -0.135996        0.667433        0.000292
     C   10       -0.108173        0.000292       -0.011350

     C   11        0.228107       -0.224527        0.066652
     C   11       -0.224527        0.044871        0.501636
     C   11        0.066652        0.501636       -0.272978

     Cl  12        0.498149        0.355256        1.388055
     Cl  12        0.355256        0.373373       -1.856433
     Cl  12        1.388055       -1.856433       -0.871522

     H   13       -0.257274        0.337516        0.197535
     H   13        0.337516        0.152855        0.222956
     H   13        0.197535        0.222956        0.104420

     C   14        0.280006       -0.726192       -0.330520
     C   14       -0.726192       -0.028140       -0.220168
     C   14       -0.330520       -0.220168       -0.251866

     H   15        0.384700        0.092745        0.455216
     H   15        0.092745       -0.358166       -0.291589
     H   15        0.455216       -0.291589       -0.026534

     C   16       -0.685572       -0.076581       -0.117874
     C   16       -0.076581        0.596672        0.332473
     C   16       -0.117874        0.332473        0.088900

     C   17        0.133677       -0.221482        0.135527
     C   17       -0.221482        0.273013       -0.143237
     C   17        0.135527       -0.143237       -0.406690

     Cl  18       -1.329593       -0.210635        0.146557
     Cl  18       -0.210635        1.921667        2.085156
     Cl  18        0.146557        2.085156       -0.592073

     H   19       -0.263773       -0.034386        0.282172
     H   19       -0.034386        0.570162       -0.184383
     H   19        0.282172       -0.184383       -0.306390

     C   20       -0.130057       -0.251934       -0.234849
     C   20       -0.251934        0.379307        0.078016
     C   20       -0.234849        0.078016       -0.249250

     H   21        0.519294       -0.143156        0.384593
     H   21       -0.143156       -0.027858       -0.418629
     H   21        0.384593       -0.418629       -0.491436

     C   22        0.229861       -0.289646       -0.044372
     C   22       -0.289646       -0.090568        0.206005
     C   22       -0.044372        0.206005       -0.139293

     C   23       -0.081312       -0.043988       -0.226684
     C   23       -0.043988        0.052471        0.088936
     C   23       -0.226684        0.088936        0.028841

     Cl  24        1.445274        2.686077       -0.250036
     Cl  24        2.686077        0.044905        0.328001
     Cl  24       -0.250036        0.328001       -1.490179

     ----- total EFG (symmetrized) -----
     Cl   1        2.812590        0.094109       -0.580152
     Cl   1        0.094109       -0.028866       -0.324366
     Cl   1       -0.580152       -0.324366       -2.783724

     C    2        0.221944       -0.023937        0.009084
     C    2       -0.023937       -0.327533        0.003390
     C    2        0.009084        0.003390        0.105589

     C    3        0.144071        0.156569       -0.181996
     C    3        0.156569       -0.162167       -0.365692
     C    3       -0.181996       -0.365692        0.018096

     H    4        0.461991        0.190934        0.270202
     H    4        0.190934       -0.062892        0.421474
     H    4        0.270202        0.421474       -0.399098

     C    5       -0.321315        0.105077       -0.124811
     C    5        0.105077        0.384861        0.092615
     C    5       -0.124811        0.092615       -0.063546

     H    6       -0.355999       -0.238722        0.308153
     H    6       -0.238722        0.643086        0.400238
     H    6        0.308153        0.400238       -0.287087

     H    7       -0.121105        0.072073       -0.042343
     H    7        0.072073       -0.101964       -0.251201
     H    7       -0.042343       -0.251201        0.223069

     C    8       -0.048582       -0.033308       -0.069774
     C    8       -0.033308       -0.021324        0.465268
     C    8       -0.069774        0.465268        0.069906

     H    9        0.202964        0.131793        0.229929
     H    9        0.131793       -0.248029        0.120159
     H    9        0.229929        0.120159        0.045065

     C   10       -0.656083       -0.135996       -0.108173
     C   10       -0.135996        0.667433        0.000292
     C   10       -0.108173        0.000292       -0.011350

     C   11        0.228107       -0.224527        0.066652
     C   11       -0.224527        0.044871        0.501636
     C   11        0.066652        0.501636       -0.272978

     Cl  12        0.498149        0.355256        1.388055
     Cl  12        0.355256        0.373373       -1.856433
     Cl  12        1.388055       -1.856433       -0.871522

     H   13       -0.257274        0.337516        0.197535
     H   13        0.337516        0.152855        0.222956
     H   13        0.197535        0.222956        0.104420

     C   14        0.280006       -0.726192       -0.330520
     C   14       -0.726192       -0.028140       -0.220168
     C   14       -0.330520       -0.220168       -0.251866

     H   15        0.384700        0.092745        0.455216
     H   15        0.092745       -0.358166       -0.291589
     H   15        0.455216       -0.291589       -0.026534

     C   16       -0.685572       -0.076581       -0.117874
     C   16       -0.076581        0.596672        0.332473
     C   16       -0.117874        0.332473        0.088900

     C   17        0.133677       -0.221482        0.135527
     C   17       -0.221482        0.273013       -0.143237
     C   17        0.135527       -0.143237       -0.406690

     Cl  18       -1.329593       -0.210635        0.146557
     Cl  18       -0.210635        1.921667        2.085156
     Cl  18        0.146557        2.085156       -0.592073

     H   19       -0.263773       -0.034386        0.282172
     H   19       -0.034386        0.570162       -0.184383
     H   19        0.282172       -0.184383       -0.306390

     C   20       -0.130057       -0.251934       -0.234849
     C   20       -0.251934        0.379307        0.078016
     C   20       -0.234849        0.078016       -0.249250

     H   21        0.519294       -0.143156        0.384593
     H   21       -0.143156       -0.027858       -0.418629
     H   21        0.384593       -0.418629       -0.491436

     C   22        0.229861       -0.289646       -0.044372
     C   22       -0.289646       -0.090568        0.206005
     C   22       -0.044372        0.206005       -0.139293

     C   23       -0.081312       -0.043988       -0.226684
     C   23       -0.043988        0.052471        0.088936
     C   23       -0.226684        0.088936        0.028841

     Cl  24        1.445274        2.686077       -0.250036
     Cl  24        2.686077        0.044905        0.328001
     Cl  24       -0.250036        0.328001       -1.490179


     NQR/NMR SPECTROSCOPIC PARAMETERS:
     Cl   1    Vxx=    0.0000    axis=(  0.054742 -0.993038  0.104302)
     Cl   1    Vyy=    2.8777    axis=(  0.993577  0.043813 -0.104327)
     Cl   1    Vzz=   -2.8777    axis=(  0.099031  0.109343  0.989059)
     Cl   1  Q=        -8.1650 1e-30 m^2  Cq=        55.2067 MHz  eta= 0.99999

     C    2    Vxx=    0.1049    axis=( -0.074974  0.011966  0.997114)
     C    2    Vyy=    0.2237    axis=(  0.996233 -0.042800  0.075422)
     C    2    Vzz=   -0.3286    axis=(  0.043579  0.999012 -0.008712)
     C    2  Q=         1.0000 1e-30 m^2  Cq=        -0.7721 MHz  eta= 0.36126

     C    3    Vxx=   -0.0284    axis=(  0.811256 -0.343630  0.473057)
     C    3    Vyy=   -0.4489    axis=(  0.021299 -0.791165 -0.611232)
     C    3    Vzz=    0.4773    axis=( -0.584304 -0.505941  0.634518)
     C    3  Q=         1.0000 1e-30 m^2  Cq=         1.1214 MHz  eta= 0.88110

     H    4    Vxx=    0.0165    axis=(  0.552044 -0.737506 -0.389015)
     H    4    Vyy=    0.6811    axis=(  0.826569  0.422665  0.371668)
     H    4    Vzz=   -0.6976    axis=( -0.109684 -0.526725  0.842929)
     H    4  Q=         1.0000 1e-30 m^2  Cq=        -1.6391 MHz  eta= 0.95268

     C    5    Vxx=   -0.0178    axis=( -0.408338 -0.102086  0.907104)
     C    5    Vyy=   -0.3944    axis=( -0.905807  0.168347 -0.388809)
     C    5    Vzz=    0.4122    axis=( -0.113016 -0.980427 -0.161213)
     C    5  Q=         1.0000 1e-30 m^2  Cq=         0.9685 MHz  eta= 0.91371

     H    6    Vxx=   -0.0308    axis=( -0.732382  0.136724 -0.667026)
     H    6    Vyy=   -0.7738    axis=( -0.671880 -0.303991  0.675401)
     H    6    Vzz=    0.8046    axis=( -0.110427  0.942813  0.314500)
     H    6  Q=         1.0000 1e-30 m^2  Cq=         1.8904 MHz  eta= 0.92349

     H    7    Vxx=   -0.1167    axis=( -0.933591 -0.222511 -0.280885)
     H    7    Vyy=   -0.2536    axis=(  0.327627 -0.847532 -0.417553)
     H    7    Vzz=    0.3703    axis=( -0.145149 -0.481849  0.864149)
     H    7  Q=         1.0000 1e-30 m^2  Cq=         0.8699 MHz  eta= 0.36980

     C    8    Vxx=   -0.0573    axis=(  0.989420  0.131799  0.060642)
     C    8    Vyy=   -0.4445    axis=( -0.056811  0.736578 -0.673962)
     C    8    Vzz=    0.5018    axis=( -0.133495  0.663386  0.736273)
     C    8  Q=         1.0000 1e-30 m^2  Cq=         1.1789 MHz  eta= 0.77163

     H    9    Vxx=   -0.1168    axis=( -0.609251  0.107508  0.785656)
     H    9    Vyy=   -0.2977    axis=(  0.141856 -0.960009  0.241371)
     H    9    Vzz=    0.4145    axis=(  0.780186  0.258505  0.569636)
     H    9  Q=         1.0000 1e-30 m^2  Cq=         0.9739 MHz  eta= 0.43646

     C   10    Vxx=    0.0056    axis=( -0.154798 -0.032244  0.987420)
     C   10    Vyy=    0.6814    axis=(  0.102456 -0.994602 -0.016417)
     C   10    Vzz=   -0.6870    axis=(  0.982619  0.098626  0.157266)
     C   10  Q=         1.0000 1e-30 m^2  Cq=        -1.6143 MHz  eta= 0.98370

     C   11    Vxx=    0.1827    axis=(  0.835311  0.304713  0.457609)
     C   11    Vyy=    0.4966    axis=( -0.510068  0.740120  0.438238)
     C   11    Vzz=   -0.6794    axis=( -0.205149 -0.599477  0.773655)
     C   11  Q=         1.0000 1e-30 m^2  Cq=        -1.5962 MHz  eta= 0.46209

     Cl  12    Vxx=    0.7935    axis=(  0.810263  0.585634  0.022522)
     Cl  12    Vyy=    1.9698    axis=(  0.442392 -0.636380  0.631910)
     Cl  12    Vzz=   -2.7633    axis=(  0.384400 -0.502049 -0.774715)
     Cl  12  Q=        -8.1650 1e-30 m^2  Cq=        53.0126 MHz  eta= 0.42569

     H   13    Vxx=   -0.0836    axis=( -0.150569 -0.555926  0.817481)
     H   13    Vyy=   -0.4558    axis=(  0.886735 -0.441530 -0.136937)
     H   13    Vzz=    0.5394    axis=(  0.437069  0.704271  0.559440)
     H   13  Q=         1.0000 1e-30 m^2  Cq=         1.2674 MHz  eta= 0.69010

     C   14    Vxx=   -0.0246    axis=( -0.251367 -0.486329  0.836838)
     C   14    Vyy=   -0.8571    axis=(  0.559573  0.632441  0.535627)
     C   14    Vzz=    0.8818    axis=( -0.789742  0.602911  0.113162)
     C   14  Q=         1.0000 1e-30 m^2  Cq=         2.0718 MHz  eta= 0.94412

     H   15    Vxx=   -0.0475    axis=(  0.460040  0.676815 -0.574704)
     H   15    Vyy=   -0.6378    axis=( -0.331633  0.731398  0.595883)
     H   15    Vzz=    0.6853    axis=( -0.823640  0.083539 -0.560927)
     H   15  Q=         1.0000 1e-30 m^2  Cq=         1.6102 MHz  eta= 0.86129

     C   16    Vxx=   -0.0675    axis=( -0.112063 -0.455139  0.883341)
     C   16    Vyy=   -0.7037    axis=( -0.990224 -0.023147 -0.137549)
     C   16    Vzz=    0.7712    axis=(  0.083051 -0.890120 -0.448096)
     C   16  Q=         1.0000 1e-30 m^2  Cq=         1.8120 MHz  eta= 0.82507

     C   17    Vxx=   -0.0275    axis=(  0.791651  0.608667  0.053029)
     C   17    Vyy=   -0.4513    axis=(  0.172898 -0.139936 -0.974948)
     C   17    Vzz=    0.4788    axis=( -0.585999  0.780988 -0.216017)
     C   17  Q=         1.0000 1e-30 m^2  Cq=         1.1250 MHz  eta= 0.88500

     Cl  18    Vxx=   -1.2329    axis=(  0.918223 -0.173900  0.355844)
     Cl  18    Vyy=   -1.8694    axis=( -0.395262 -0.459454  0.795406)
     Cl  18    Vzz=    3.1023    axis=( -0.025173  0.871012  0.490617)
     Cl  18  Q=        -8.1650 1e-30 m^2  Cq=       -59.5154 MHz  eta= 0.20516

     H   19    Vxx=   -0.0380    axis=( -0.745631 -0.231592 -0.624819)
     H   19    Vyy=   -0.5793    axis=( -0.657145  0.100177  0.747077)
     H   19    Vzz=    0.6173    axis=( -0.110424  0.967641 -0.226885)
     H   19  Q=         1.0000 1e-30 m^2  Cq=         1.4505 MHz  eta= 0.87689

     C   20    Vxx=   -0.0747    axis=(  0.623620  0.455279 -0.635467)
     C   20    Vyy=   -0.4443    axis=(  0.658863  0.131375  0.740703)
     C   20    Vzz=    0.5190    axis=(  0.420711 -0.880603 -0.218039)
     C   20  Q=         1.0000 1e-30 m^2  Cq=         1.2194 MHz  eta= 0.71223

     H   21    Vxx=    0.0395    axis=(  0.484227  0.822664 -0.297905)
     H   21    Vyy=    0.7539    axis=( -0.849811  0.361196 -0.383874)
     H   21    Vzz=   -0.7933    axis=( -0.208197  0.439045  0.874010)
     H   21  Q=         1.0000 1e-30 m^2  Cq=        -1.8640 MHz  eta= 0.90049

     C   22    Vxx=   -0.0626    axis=( -0.506981 -0.394508 -0.766377)
     C   22    Vyy=   -0.3756    axis=( -0.312807 -0.744292  0.590069)
     C   22    Vzz=    0.4382    axis=( -0.803195  0.538882  0.253937)
     C   22  Q=         1.0000 1e-30 m^2  Cq=         1.0296 MHz  eta= 0.71429

     C   23    Vxx=    0.0069    axis=(  0.323135  0.897564 -0.299937)
     C   23    Vyy=    0.2540    axis=( -0.542678  0.435398  0.718282)
     C   23    Vzz=   -0.2609    axis=(  0.775296 -0.069332  0.627781)
     C   23  Q=         1.0000 1e-30 m^2  Cq=        -0.6131 MHz  eta= 0.94700

     Cl  24    Vxx=   -1.2674    axis=( -0.291035  0.375811  0.879809)
     Cl  24    Vyy=   -2.2536    axis=( -0.537788  0.696310 -0.475327)
     Cl  24    Vzz=    3.5209    axis=( -0.791253 -0.611488 -0.000544)
     Cl  24  Q=        -8.1650 1e-30 m^2  Cq=       -67.5472 MHz  eta= 0.28010

     Initialization:
     gipaw_setup  :      8.90s CPU     10.82s WALL (       1 calls)

     Linear response

     Apply operators

     Induced current

     Other routines
     efg          :      9.21s CPU     11.75s WALL (       1 calls)

     General routines
     calbec       :      3.32s CPU      4.70s WALL (      16 calls)
     fft          :      1.62s CPU      2.43s WALL (      15 calls)
     ffts         :      0.04s CPU      0.05s WALL (       2 calls)
     fftw         :      3.16s CPU      3.79s WALL (     672 calls)
     davcio       :      0.04s CPU      0.31s WALL (      32 calls)

     Parallel routines
     fft_scatter  :      2.22s CPU      3.51s WALL (     689 calls)

     Plugins

     GIPAW        :     60.28s CPU     72.81s WALL (       1 calls)
