
     Program QE v.6.0 (svn rev. 13079) starts on 16Dec2016 at 22:43:26 

     This program is part of the open-source Quantum ESPRESSO suite
     for quantum simulation of materials; please cite
         "P. Giannozzi et al., J. Phys.:Condens. Matter 21 395502 (2009);
          URL http://www.quantum-espresso.org", 
     in publications or presentations arising from this work. More details at
     http://www.quantum-espresso.org/quote

     Parallel version (MPI), running on     8 processors
     R & G space division:  proc/nbgrp/npool/nimage =       8

     ***** This is GIPAW svn revision unknown      *****

     Parallelizing q-star over 1 images

     Reading data from directory:
     /users/majewski/paradichlorobenzene/pbe/9_constraint/scratch/pbe.ecut100.np8.dt60.pcl2phi-129368.save
     Message from routine read_xml_file:
     file /users/majewski/paradichlorobenzene/pbe/9_constraint/scratch/pbe.ecut100.np8.dt60.pcl2phi-129368.save not guaranteed to be safe for post-processing

   Info: using nr1, nr2, nr3 values from input

   Info: using nr1, nr2, nr3 values from input

     IMPORTANT: XC functional enforced from input :
     Exchange-correlation      =  SLA  PW   PBX  PBC ( 1  4  3  4 0 0)
     Any further DFT definition will be discarded
     Please, verify this is what you really want

               file C.pbe-n-kjpaw_psl.1.0.0.UPF: wavefunction(s)  2S 2P renormalized
               file Cl.pbe-n-kjpaw_psl.1.0.0.UPF: wavefunction(s)  3S 3P renormalized
               file H.pbe-kjpaw_psl.1.0.0.UPF: wavefunction(s)  1S renormalized

     Parallelization info
     --------------------
     sticks:   dense  smooth     PW     G-vecs:    dense   smooth      PW
     Min        3057    1223    332               144436    36536    5170
     Max        3059    1225    333               144437    36537    5171
     Sum       24467    9791   2657              1155489   292295   41363


     Subspace diagonalization in iterative solution of the eigenvalue problem:
     a serial algorithm will be used

     GIPAW projectors -----------------------------------------------
     atom=  C    l=0  rc=    1.2000  rs=    0.8000
     atom=  C    l=0  rc=    1.2000  rs=    0.8000
     atom=  C    l=1  rc=    1.4000  rs=    0.9333
     atom=  C    l=1  rc=    1.4000  rs=    0.9333
     projs nearly linearly dependent: l=1  n1,n2= 1, 2  s=  0.99951561

     atom=  Cl   l=0  rc=    1.6000  rs=    1.0667
     atom=  Cl   l=0  rc=    1.6000  rs=    1.0667
     atom=  Cl   l=1  rc=    1.6000  rs=    1.0667
     atom=  Cl   l=1  rc=    1.6000  rs=    1.0667
     atom=  Cl   l=2  rc=    1.6000  rs=    1.0667
     atom=  Cl   l=2  rc=    1.6000  rs=    1.0667
     projs nearly linearly dependent: l=2  n1,n2= 1, 2  s=  0.99993509

     atom=  H    l=0  rc=    1.0000  rs=    0.6667
     atom=  H    l=0  rc=    1.0000  rs=    0.6667
     projs nearly linearly dependent: l=0  n1,n2= 1, 2  s=  0.99968852
     -----------------------------------------------------------------

     GIPAW integrals: -------------------------------------------
     Atom  i/j   nmr_para   nmr_dia   epr_rmc  epr_para   epr_dia
       C   1 1   0.83E+03  0.17E-01  0.93E+01  0.24E+08  0.24E+03
       C   2 1   0.86E+03 -0.61E-01  0.94E+01  0.25E+08  0.25E+03
       C   2 2   0.90E+03 -0.15E+00  0.97E+01  0.26E+08  0.26E+03
       C   3 3   0.33E+01  0.34E+00  0.18E+01  0.55E+03  0.21E+02
       C   4 3   0.35E+01  0.37E+00  0.20E+01  0.59E+03  0.22E+02
       C   4 4   0.38E+01  0.39E+00  0.22E+01  0.63E+03  0.24E+02
       Cl  1 1   0.14E+04 -0.47E+00  0.84E+01  0.32E+09  0.42E+03
       Cl  2 1   0.21E+04 -0.37E+00  0.12E+02  0.49E+09  0.65E+03
       Cl  2 2   0.33E+04 -0.16E+00  0.21E+02  0.76E+09  0.10E+04
       Cl  3 3   0.21E+02  0.79E-01  0.89E+01  0.23E+05  0.13E+03
       Cl  4 3   0.24E+02  0.67E-01  0.99E+01  0.27E+05  0.15E+03
       Cl  4 4   0.28E+02  0.44E-01  0.11E+02  0.32E+05  0.18E+03
       Cl  5 5   0.77E+00  0.19E+00  0.18E+01  0.12E+03  0.22E+02
       Cl  6 5   0.80E+00  0.19E+00  0.19E+01  0.12E+03  0.23E+02
       Cl  6 6   0.83E+00  0.20E+00  0.19E+01  0.12E+03  0.23E+02
       H   1 1   0.39E+02  0.19E+00  0.29E+00  0.78E+05  0.13E+02
       H   2 1   0.41E+02  0.21E+00  0.32E+00  0.82E+05  0.14E+02
       H   2 2   0.43E+02  0.22E+00  0.36E+00  0.86E+05  0.15E+02
     ------------------------------------------------------------

     alpha_pv=     34.1875 eV

     Number of occupied bands for each k-point:
     k-point:     1    nbnd_occ=  42
     k-point:     2    nbnd_occ=  42
     k-point:     3    nbnd_occ=  42
     k-point:     4    nbnd_occ=  42
     k-point:     5    nbnd_occ=  42
     k-point:     6    nbnd_occ=  42
     k-point:     7    nbnd_occ=  42
     k-point:     8    nbnd_occ=  42
     k-point:     9    nbnd_occ=  42
     k-point:    10    nbnd_occ=  42
     k-point:    11    nbnd_occ=  42
     k-point:    12    nbnd_occ=  42
     k-point:    13    nbnd_occ=  42
     k-point:    14    nbnd_occ=  42
     k-point:    15    nbnd_occ=  42
     k-point:    16    nbnd_occ=  42


     q-space interpolation up to   110.00 Rydberg

     GIPAW job: efg                                                                             


     ELECTRIC FIELD GRADIENTS TENSORS IN Hartree/bohrradius^2:

     ----- bare term -----
     Cl   1       -0.089655       -0.048388        0.005104
     Cl   1       -0.048388       -0.046578        0.125606
     Cl   1        0.005104        0.125606        0.136233

     C    2       -0.698600        0.220952       -0.237856
     C    2        0.220952        0.142637       -0.111591
     C    2       -0.237856       -0.111591        0.555964

     C    3        0.300231       -0.059936        0.247976
     C    3       -0.059936       -0.201359       -0.076564
     C    3        0.247976       -0.076564       -0.098872

     H    4       -0.349896       -0.262999        0.263418
     H    4       -0.262999        0.209954        0.025933
     H    4        0.263418        0.025933        0.139942

     C    5       -0.384788        0.188039       -0.152122
     C    5        0.188039        0.209498        0.053576
     C    5       -0.152122        0.053576        0.175290

     H    6        0.370479       -0.294059        0.130495
     H    6       -0.294059       -0.538383        0.240754
     H    6        0.130495        0.240754        0.167904

     H    7        0.371469        0.178987       -0.059144
     H    7        0.178987       -0.594786        0.432072
     H    7       -0.059144        0.432072        0.223316

     C    8       -0.293423       -0.139106       -0.327590
     C    8       -0.139106       -0.048961        0.512628
     C    8       -0.327590        0.512628        0.342384

     H    9       -0.264646        0.211078       -0.480702
     H    9        0.211078        0.288966        0.306311
     H    9       -0.480702        0.306311       -0.024320

     C   10       -0.323849       -0.364945       -0.196329
     C   10       -0.364945       -0.129055        0.438691
     C   10       -0.196329        0.438691        0.452904

     C   11       -0.058928        0.150470       -0.366576
     C   11        0.150470       -0.078056        0.621455
     C   11       -0.366576        0.621455        0.136984

     Cl  12       -0.105884       -0.102750       -0.005825
     Cl  12       -0.102750        0.027361        0.024829
     Cl  12       -0.005825        0.024829        0.078523

     H   13        0.425499       -0.238459       -0.050795
     H   13       -0.238459       -0.726905       -0.372175
     H   13       -0.050795       -0.372175        0.301406

     C   14       -0.095399        0.001014       -0.246067
     C   14        0.001014        0.002847       -0.425653
     C   14       -0.246067       -0.425653        0.092551

     H   15       -0.130552       -0.456032       -0.079568
     H   15       -0.456032       -0.257939        0.105557
     H   15       -0.079568        0.105557        0.388491

     C   16       -0.695177        0.332296       -0.211126
     C   16        0.332296        0.319182       -0.188436
     C   16       -0.211126       -0.188436        0.375995

     C   17        0.013918       -0.254725       -0.404587
     C   17       -0.254725       -0.181238       -0.496244
     C   17       -0.404587       -0.496244        0.167319

     Cl  18       -0.257314        0.268797       -0.009647
     Cl  18        0.268797        0.115873       -0.130834
     Cl  18       -0.009647       -0.130834        0.141442

     H   19        0.449628        0.037669        0.235350
     H   19        0.037669        0.083202        0.243795
     H   19        0.235350        0.243795       -0.532829

     C   20       -0.469546       -0.320414       -0.235454
     C   20       -0.320414        0.049285        0.445739
     C   20       -0.235454        0.445739        0.420261

     H   21        0.144258        0.079184       -0.325075
     H   21        0.079184        0.443686       -0.070293
     H   21       -0.325075       -0.070293       -0.587945

     C   22       -0.080868       -0.125577       -0.177092
     C   22       -0.125577       -0.080273        0.427328
     C   22       -0.177092        0.427328        0.161141

     C   23       -0.294841       -0.224133       -0.437358
     C   23       -0.224133       -0.024548        0.494173
     C   23       -0.437358        0.494173        0.319389

     Cl  24        0.132041        0.148492        0.170659
     Cl  24        0.148492       -0.125278       -0.375746
     Cl  24        0.170659       -0.375746       -0.006763

     ----- ionic term -----
     Cl   1        0.152229       -0.215239        0.027198
     Cl   1       -0.215239        0.027311       -0.014599
     Cl   1        0.027198       -0.014599       -0.179540

     C    2        0.259788       -0.008478        0.186586
     C    2       -0.008478        0.333324        0.275909
     C    2        0.186586        0.275909       -0.593112

     C    3        0.215030       -0.093166        0.048989
     C    3       -0.093166        0.352300        0.304762
     C    3        0.048989        0.304762       -0.567330

     H    4        0.855913        0.485962        0.349667
     H    4        0.485962       -0.288507        0.164308
     H    4        0.349667        0.164308       -0.567407

     C    5        0.371309       -0.038218        0.049221
     C    5       -0.038218        0.181620        0.258681
     C    5        0.049221        0.258681       -0.552929

     H    6       -0.509289        0.145849        0.012736
     H    6        0.145849        0.935175        0.455524
     H    6        0.012736        0.455524       -0.425887

     H    7       -0.525653       -0.101023        0.087561
     H    7       -0.101023        0.608340       -0.728736
     H    7        0.087561       -0.728736       -0.082687

     C    8        0.229245        0.230288        0.324150
     C    8        0.230288        0.058229       -0.294896
     C    8        0.324150       -0.294896       -0.287474

     H    9        0.469844       -0.240652        0.748142
     H    9       -0.240652       -0.457058       -0.257284
     H    9        0.748142       -0.257284       -0.012786

     C   10        0.061758        0.283304        0.222846
     C   10        0.283304        0.240230       -0.424767
     C   10        0.222846       -0.424767       -0.301989

     C   11        0.056984        0.212935        0.286682
     C   11        0.212935        0.181234       -0.448575
     C   11        0.286682       -0.448575       -0.238218

     Cl  12        0.142514        0.211325        0.010829
     Cl  12        0.211325        0.021070       -0.006223
     Cl  12        0.010829       -0.006223       -0.163584

     H   13       -0.518821        0.176535        0.101934
     H   13        0.176535        0.713994        0.656410
     H   13        0.101934        0.656410       -0.195174

     C   14        0.361343       -0.050560        0.135171
     C   14       -0.050560        0.140903        0.287802
     C   14        0.135171        0.287802       -0.502246

     H   15        0.714261        0.537458        0.359501
     H   15        0.537458       -0.226924        0.190687
     H   15        0.359501        0.190687       -0.487338

     C   16        0.225051       -0.119896        0.065991
     C   16       -0.119896        0.263840        0.320520
     C   16        0.065991        0.320520       -0.488891

     C   17        0.336314        0.022301        0.050184
     C   17        0.022301        0.163640        0.337970
     C   17        0.050184        0.337970       -0.499954

     Cl  18        0.145846       -0.158612       -0.049941
     Cl  18       -0.158612       -0.031500        0.028989
     Cl  18       -0.049941        0.028989       -0.114346

     H   19       -0.513570        0.080509       -0.067293
     H   19        0.080509        0.350629       -0.783296
     H   19       -0.067293       -0.783296        0.162940

     C   20        0.159539        0.232903        0.292195
     C   20        0.232903        0.010074       -0.292894
     C   20        0.292195       -0.292894       -0.169613

     H   21        0.280246       -0.275191        0.772645
     H   21       -0.275191       -0.406328       -0.314723
     H   21        0.772645       -0.314723        0.126082

     C   22        0.025100        0.226507        0.258492
     C   22        0.226507        0.131593       -0.383489
     C   22        0.258492       -0.383489       -0.156693

     C   23        0.081006        0.181688        0.360148
     C   23        0.181688        0.102315       -0.357658
     C   23        0.360148       -0.357658       -0.183321

     Cl  24        0.071280        0.204747        0.052361
     Cl  24        0.204747        0.068493        0.033651
     Cl  24        0.052361        0.033651       -0.139773

     ----- GIPAW term -----
     Cl   1       -0.022299       -2.190408       -0.238483
     Cl   1       -2.190408       -0.379368        1.543557
     Cl   1       -0.238483        1.543557        0.401667

     C    2       -0.153396       -0.036401       -0.041294
     C    2       -0.036401       -0.053308        0.095828
     C    2       -0.041294        0.095828        0.206704

     C    3        0.025649       -0.013202        0.032628
     C    3       -0.013202        0.015910        0.031673
     C    3        0.032628        0.031673       -0.041559

     H    4       -0.000000        0.000000        0.000000
     H    4        0.000000        0.000000        0.000000
     H    4        0.000000        0.000000        0.000000

     C    5       -0.027852        0.004856       -0.018538
     C    5        0.004856        0.008521        0.027886
     C    5       -0.018538        0.027886        0.019330

     H    6       -0.000000        0.000000        0.000000
     H    6        0.000000        0.000000        0.000000
     H    6        0.000000        0.000000        0.000000

     H    7       -0.000000        0.000000        0.000000
     H    7        0.000000        0.000000        0.000000
     H    7        0.000000        0.000000        0.000000

     C    8       -0.073166       -0.024853       -0.051041
     C    8       -0.024853        0.059384        0.172248
     C    8       -0.051041        0.172248        0.013783

     H    9       -0.000000        0.000000        0.000000
     H    9        0.000000        0.000000        0.000000
     H    9        0.000000        0.000000        0.000000

     C   10       -0.089812       -0.021888       -0.029716
     C   10       -0.021888        0.038668        0.086307
     C   10       -0.029716        0.086307        0.051144

     C   11        0.030259        0.189507       -0.063792
     C   11        0.189507        0.093982        0.093142
     C   11       -0.063792        0.093142       -0.124241

     Cl  12        0.979275        2.078838       -0.080372
     Cl  12        2.078838        0.364314        0.159201
     Cl  12       -0.080372        0.159201       -1.343589

     H   13       -0.000000        0.000000        0.000000
     H   13        0.000000        0.000000        0.000000
     H   13        0.000000        0.000000        0.000000

     C   14       -0.115240       -0.017718       -0.025131
     C   14       -0.017718        0.251912        0.008229
     C   14       -0.025131        0.008229       -0.136672

     H   15       -0.000000        0.000000        0.000000
     H   15        0.000000        0.000000        0.000000
     H   15        0.000000        0.000000        0.000000

     C   16       -0.224074        0.024613       -0.033092
     C   16        0.024613        0.303207       -0.037965
     C   16       -0.033092       -0.037965       -0.079132

     C   17       -0.023812       -0.219393       -0.102277
     C   17       -0.219393        0.093950        0.096787
     C   17       -0.102277        0.096787       -0.070138

     Cl  18       -1.002575       -0.457207       -0.318376
     Cl  18       -0.457207        1.920828       -1.975519
     Cl  18       -0.318376       -1.975519       -0.918254

     H   19       -0.000000        0.000000        0.000000
     H   19        0.000000        0.000000        0.000000
     H   19        0.000000        0.000000        0.000000

     C   20       -0.161513       -0.064557       -0.049382
     C   20       -0.064557        0.013997        0.225792
     C   20       -0.049382        0.225792        0.147515

     H   21       -0.000000        0.000000        0.000000
     H   21        0.000000        0.000000        0.000000
     H   21        0.000000        0.000000        0.000000

     C   22       -0.112038       -0.011520       -0.044869
     C   22       -0.011520        0.018381        0.177600
     C   22       -0.044869        0.177600        0.093658

     C   23       -0.064816        0.001973       -0.123348
     C   23        0.001973        0.067483        0.206546
     C   23       -0.123348        0.206546       -0.002667

     Cl  24        0.059982        0.278054       -0.452527
     Cl  24        0.278054        0.310359        0.808486
     Cl  24       -0.452527        0.808486       -0.370341

     ----- total EFG -----
     Cl   1        0.040274       -2.454035       -0.206181
     Cl   1       -2.454035       -0.398635        1.654565
     Cl   1       -0.206181        1.654565        0.358360

     C    2       -0.592208        0.176073       -0.092564
     C    2        0.176073        0.422652        0.260146
     C    2       -0.092564        0.260146        0.169555

     C    3        0.540910       -0.166304        0.329593
     C    3       -0.166304        0.166851        0.259870
     C    3        0.329593        0.259870       -0.707761

     H    4        0.506018        0.222964        0.613085
     H    4        0.222964       -0.078553        0.190241
     H    4        0.613085        0.190241       -0.427465

     C    5       -0.041330        0.154677       -0.121440
     C    5        0.154677        0.399639        0.340143
     C    5       -0.121440        0.340143       -0.358309

     H    6       -0.138810       -0.148210        0.143231
     H    6       -0.148210        0.396792        0.696278
     H    6        0.143231        0.696278       -0.257983

     H    7       -0.154184        0.077964        0.028417
     H    7        0.077964        0.013555       -0.296663
     H    7        0.028417       -0.296663        0.140629

     C    8       -0.137345        0.066329       -0.054480
     C    8        0.066329        0.068652        0.389981
     C    8       -0.054480        0.389981        0.068693

     H    9        0.205198       -0.029574        0.267439
     H    9       -0.029574       -0.168092        0.049026
     H    9        0.267439        0.049026       -0.037106

     C   10       -0.351903       -0.103530       -0.003199
     C   10       -0.103530        0.149843        0.100231
     C   10       -0.003199        0.100231        0.202059

     C   11        0.028314        0.552911       -0.143686
     C   11        0.552911        0.197160        0.266021
     C   11       -0.143686        0.266021       -0.225474

     Cl  12        1.015905        2.187412       -0.075369
     Cl  12        2.187412        0.412745        0.177807
     Cl  12       -0.075369        0.177807       -1.428650

     H   13       -0.093322       -0.061924        0.051138
     H   13       -0.061924       -0.012910        0.284235
     H   13        0.051138        0.284235        0.106232

     C   14        0.150705       -0.067264       -0.136027
     C   14       -0.067264        0.395661       -0.129622
     C   14       -0.136027       -0.129622       -0.546366

     H   15        0.583710        0.081426        0.279933
     H   15        0.081426       -0.484863        0.296244
     H   15        0.279933        0.296244       -0.098847

     C   16       -0.694200        0.237012       -0.178227
     C   16        0.237012        0.886229        0.094120
     C   16       -0.178227        0.094120       -0.192029

     C   17        0.326420       -0.451816       -0.456680
     C   17       -0.451816        0.076352       -0.061487
     C   17       -0.456680       -0.061487       -0.402773

     Cl  18       -1.114043       -0.347023       -0.377963
     Cl  18       -0.347023        2.005201       -2.077364
     Cl  18       -0.377963       -2.077364       -0.891158

     H   19       -0.063942        0.118178        0.168057
     H   19        0.118178        0.433831       -0.539501
     H   19        0.168057       -0.539501       -0.369889

     C   20       -0.471520       -0.152068        0.007359
     C   20       -0.152068        0.073357        0.378637
     C   20        0.007359        0.378637        0.398163

     H   21        0.424504       -0.196007        0.447570
     H   21       -0.196007        0.037359       -0.385017
     H   21        0.447570       -0.385017       -0.461863

     C   22       -0.167807        0.089410        0.036531
     C   22        0.089410        0.069701        0.221439
     C   22        0.036531        0.221439        0.098106

     C   23       -0.278650       -0.040472       -0.200558
     C   23       -0.040472        0.145249        0.343061
     C   23       -0.200558        0.343061        0.133401

     Cl  24        0.263304        0.631293       -0.229507
     Cl  24        0.631293        0.253573        0.466391
     Cl  24       -0.229507        0.466391       -0.516877

     ----- total EFG (symmetrized) -----
     Cl   1        0.040274       -2.454035       -0.206181
     Cl   1       -2.454035       -0.398635        1.654565
     Cl   1       -0.206181        1.654565        0.358360

     C    2       -0.592208        0.176073       -0.092564
     C    2        0.176073        0.422652        0.260146
     C    2       -0.092564        0.260146        0.169555

     C    3        0.540910       -0.166304        0.329593
     C    3       -0.166304        0.166851        0.259870
     C    3        0.329593        0.259870       -0.707761

     H    4        0.506018        0.222964        0.613085
     H    4        0.222964       -0.078553        0.190241
     H    4        0.613085        0.190241       -0.427465

     C    5       -0.041330        0.154677       -0.121440
     C    5        0.154677        0.399639        0.340143
     C    5       -0.121440        0.340143       -0.358309

     H    6       -0.138810       -0.148210        0.143231
     H    6       -0.148210        0.396792        0.696278
     H    6        0.143231        0.696278       -0.257983

     H    7       -0.154184        0.077964        0.028417
     H    7        0.077964        0.013555       -0.296663
     H    7        0.028417       -0.296663        0.140629

     C    8       -0.137345        0.066329       -0.054480
     C    8        0.066329        0.068652        0.389981
     C    8       -0.054480        0.389981        0.068693

     H    9        0.205198       -0.029574        0.267439
     H    9       -0.029574       -0.168092        0.049026
     H    9        0.267439        0.049026       -0.037106

     C   10       -0.351903       -0.103530       -0.003199
     C   10       -0.103530        0.149843        0.100231
     C   10       -0.003199        0.100231        0.202059

     C   11        0.028314        0.552911       -0.143686
     C   11        0.552911        0.197160        0.266021
     C   11       -0.143686        0.266021       -0.225474

     Cl  12        1.015905        2.187412       -0.075369
     Cl  12        2.187412        0.412745        0.177807
     Cl  12       -0.075369        0.177807       -1.428650

     H   13       -0.093322       -0.061924        0.051138
     H   13       -0.061924       -0.012910        0.284235
     H   13        0.051138        0.284235        0.106232

     C   14        0.150705       -0.067264       -0.136027
     C   14       -0.067264        0.395661       -0.129622
     C   14       -0.136027       -0.129622       -0.546366

     H   15        0.583710        0.081426        0.279933
     H   15        0.081426       -0.484863        0.296244
     H   15        0.279933        0.296244       -0.098847

     C   16       -0.694200        0.237012       -0.178227
     C   16        0.237012        0.886229        0.094120
     C   16       -0.178227        0.094120       -0.192029

     C   17        0.326420       -0.451816       -0.456680
     C   17       -0.451816        0.076352       -0.061487
     C   17       -0.456680       -0.061487       -0.402773

     Cl  18       -1.114043       -0.347023       -0.377963
     Cl  18       -0.347023        2.005201       -2.077364
     Cl  18       -0.377963       -2.077364       -0.891158

     H   19       -0.063942        0.118178        0.168057
     H   19        0.118178        0.433831       -0.539501
     H   19        0.168057       -0.539501       -0.369889

     C   20       -0.471520       -0.152068        0.007359
     C   20       -0.152068        0.073357        0.378637
     C   20        0.007359        0.378637        0.398163

     H   21        0.424504       -0.196007        0.447570
     H   21       -0.196007        0.037359       -0.385017
     H   21        0.447570       -0.385017       -0.461863

     C   22       -0.167807        0.089410        0.036531
     C   22        0.089410        0.069701        0.221439
     C   22        0.036531        0.221439        0.098106

     C   23       -0.278650       -0.040472       -0.200558
     C   23       -0.040472        0.145249        0.343061
     C   23       -0.200558        0.343061        0.133401

     Cl  24        0.263304        0.631293       -0.229507
     Cl  24        0.631293        0.253573        0.466391
     Cl  24       -0.229507        0.466391       -0.516877


     NQR/NMR SPECTROSCOPIC PARAMETERS:
     Cl   1    Vxx=    0.0652    axis=( -0.567133  0.074669 -0.820235)
     Cl   1    Vyy=    2.9580    axis=( -0.588307  0.660244  0.466876)
     Cl   1    Vzz=   -3.0232    axis=( -0.576416 -0.747330  0.330518)
     Cl   1  Q=        -8.1650 1e-30 m^2  Cq=        57.9983 MHz  eta= 0.95688

     C    2    Vxx=    0.0514    axis=( -0.250852 -0.472897  0.844655)
     C    2    Vyy=    0.5942    axis=(  0.087802  0.857842  0.506357)
     C    2    Vzz=   -0.6456    axis=( -0.964035  0.201183 -0.173670)
     C    2  Q=         1.0000 1e-30 m^2  Cq=        -1.5170 MHz  eta= 0.84078

     C    3    Vxx=    0.2262    axis=(  0.161760  0.934499  0.317090)
     C    3    Vyy=    0.6459    axis=(  0.954939 -0.229259  0.188499)
     C    3    Vzz=   -0.8721    axis=( -0.248848 -0.272310  0.929474)
     C    3  Q=         1.0000 1e-30 m^2  Cq=        -2.0492 MHz  eta= 0.48118

     H    4    Vxx=   -0.1536    axis=(  0.304117 -0.952441  0.019191)
     H    4    Vyy=   -0.7396    axis=(  0.421711  0.116535 -0.899210)
     H    4    Vzz=    0.8932    axis=(  0.854209  0.281558  0.437095)
     H    4  Q=         1.0000 1e-30 m^2  Cq=         2.0987 MHz  eta= 0.65612

     C    5    Vxx=   -0.0020    axis=(  0.929954 -0.049605 -0.364314)
     C    5    Vyy=   -0.5461    axis=( -0.322345  0.366627 -0.872742)
     C    5    Vzz=    0.5481    axis=(  0.176860  0.929045  0.324957)
     C    5  Q=         1.0000 1e-30 m^2  Cq=         1.2877 MHz  eta= 0.99268

     H    6    Vxx=   -0.0769    axis=(  0.950790 -0.121472  0.285031)
     H    6    Vyy=   -0.7643    axis=(  0.305672  0.518062 -0.798859)
     H    6    Vzz=    0.8413    axis=( -0.050625  0.846673  0.529699)
     H    6  Q=         1.0000 1e-30 m^2  Cq=         1.9766 MHz  eta= 0.81709

     H    7    Vxx=   -0.1049    axis=( -0.838811 -0.392566 -0.377212)
     H    7    Vyy=   -0.2769    axis=(  0.542018 -0.667222 -0.510913)
     H    7    Vzz=    0.3819    axis=( -0.051117 -0.633015  0.772450)
     H    7  Q=         1.0000 1e-30 m^2  Cq=         0.8972 MHz  eta= 0.45049

     C    8    Vxx=   -0.1039    axis=( -0.930639 -0.248782  0.268364)
     C    8    Vyy=   -0.3549    axis=( -0.365661  0.660812 -0.655453)
     C    8    Vzz=    0.4588    axis=( -0.014273 -0.708121 -0.705947)
     C    8  Q=         1.0000 1e-30 m^2  Cq=         1.0779 MHz  eta= 0.54704

     H    9    Vxx=   -0.1280    axis=(  0.313512 -0.818700 -0.481084)
     H    9    Vyy=   -0.2497    axis=(  0.442356  0.574213 -0.688912)
     H    9    Vzz=    0.3777    axis=( -0.840257 -0.003172 -0.542179)
     H    9  Q=         1.0000 1e-30 m^2  Cq=         0.8873 MHz  eta= 0.32235

     C   10    Vxx=    0.0863    axis=( -0.170753  0.742670 -0.647522)
     C   10    Vyy=    0.2866    axis=( -0.107452  0.639218  0.761482)
     C   10    Vzz=   -0.3729    axis=( -0.979437 -0.199603  0.029346)
     C   10  Q=         1.0000 1e-30 m^2  Cq=        -0.8762 MHz  eta= 0.53738

     C   11    Vxx=   -0.0439    axis=( -0.512192  0.278056  0.812616)
     C   11    Vyy=   -0.6421    axis=( -0.592476  0.570592 -0.568680)
     C   11    Vzz=    0.6860    axis=( -0.621797 -0.772729 -0.127511)
     C   11  Q=         1.0000 1e-30 m^2  Cq=         1.6118 MHz  eta= 0.87206

     Cl  12    Vxx=   -1.2753    axis=(  0.430875 -0.477698 -0.765605)
     Cl  12    Vyy=   -1.6480    axis=( -0.496724  0.582759 -0.643162)
     Cl  12    Vzz=    2.9233    axis=( -0.753401 -0.657417 -0.013812)
     Cl  12  Q=        -8.1650 1e-30 m^2  Cq=       -56.0812 MHz  eta= 0.12749

     H   13    Vxx=   -0.0585    axis=(  0.917490 -0.309720  0.249572)
     H   13    Vyy=   -0.2786    axis=(  0.397756  0.711934 -0.578740)
     H   13    Vzz=    0.3371    axis=(  0.001568  0.630256  0.776386)
     H   13  Q=         1.0000 1e-30 m^2  Cq=         0.7920 MHz  eta= 0.65285

     C   14    Vxx=    0.1693    axis=(  0.963171  0.164321 -0.212837)
     C   14    Vyy=    0.4225    axis=(  0.189552 -0.976346  0.104007)
     C   14    Vzz=   -0.5918    axis=(  0.190712  0.140520  0.971536)
     C   14  Q=         1.0000 1e-30 m^2  Cq=        -1.3905 MHz  eta= 0.42790

     H   15    Vxx=   -0.0626    axis=( -0.399605  0.473596  0.784871)
     H   15    Vyy=   -0.6488    axis=(  0.055166  0.867076 -0.495112)
     H   15    Vzz=    0.7115    axis=(  0.915026  0.154550  0.372614)
     H   15  Q=         1.0000 1e-30 m^2  Cq=         1.6716 MHz  eta= 0.82398

     C   16    Vxx=   -0.1355    axis=( -0.309900 -0.015683  0.950640)
     C   16    Vyy=   -0.7897    axis=( -0.940709  0.150124 -0.304186)
     C   16    Vzz=    0.9251    axis=( -0.137943 -0.988543 -0.061277)
     C   16  Q=         1.0000 1e-30 m^2  Cq=         2.1737 MHz  eta= 0.70711

     C   17    Vxx=   -0.0538    axis=( -0.300452 -0.791222  0.532631)
     C   17    Vyy=   -0.7158    axis=(  0.498321  0.345937  0.794987)
     C   17    Vzz=    0.7696    axis=( -0.813268  0.504276  0.290345)
     C   17  Q=         1.0000 1e-30 m^2  Cq=         1.8083 MHz  eta= 0.86012

     Cl  18    Vxx=   -0.8918    axis=(  0.908962 -0.165491 -0.382625)
     Cl  18    Vyy=   -2.2018    axis=(  0.415657  0.430025  0.801441)
     Cl  18    Vzz=    3.0936    axis=( -0.031907  0.887520 -0.459664)
     Cl  18  Q=        -8.1650 1e-30 m^2  Cq=       -59.3489 MHz  eta= 0.42348

     H   19    Vxx=   -0.0007    axis=(  0.952319  0.099219  0.288522)
     H   19    Vyy=   -0.7052    axis=(  0.302361 -0.433463 -0.848934)
     H   19    Vzz=    0.7059    axis=(  0.040833  0.895693 -0.442794)
     H   19  Q=         1.0000 1e-30 m^2  Cq=         1.6586 MHz  eta= 0.99798

     C   20    Vxx=   -0.1274    axis=( -0.348759  0.762754 -0.544586)
     C   20    Vyy=   -0.5258    axis=( -0.934590 -0.326485  0.141243)
     C   20    Vzz=    0.6532    axis=( -0.070065  0.558224  0.826727)
     C   20  Q=         1.0000 1e-30 m^2  Cq=         1.5348 MHz  eta= 0.60977

     H   21    Vxx=   -0.0129    axis=(  0.540862  0.824231 -0.167666)
     H   21    Vyy=   -0.7579    axis=( -0.276733  0.362618  0.889903)
     H   21    Vzz=    0.7709    axis=(  0.794284 -0.434916  0.424218)
     H   21  Q=         1.0000 1e-30 m^2  Cq=         1.8112 MHz  eta= 0.96643

     C   22    Vxx=   -0.1152    axis=( -0.490647 -0.561145  0.666620)
     C   22    Vyy=   -0.2065    axis=( -0.853026  0.465425 -0.236062)
     C   22    Vzz=    0.3217    axis=( -0.177797 -0.684467 -0.707031)
     C   22  Q=         1.0000 1e-30 m^2  Cq=         0.7558 MHz  eta= 0.28383

     C   23    Vxx=   -0.1347    axis=( -0.510742 -0.694591  0.506642)
     C   23    Vyy=   -0.3845    axis=( -0.833124  0.254383 -0.491115)
     C   23    Vzz=    0.5193    axis=(  0.212243 -0.672929 -0.708604)
     C   23  Q=         1.0000 1e-30 m^2  Cq=         1.2201 MHz  eta= 0.48102

     Cl  24    Vxx=    0.0395    axis=( -0.624024  0.452735  0.636887)
     Cl  24    Vyy=    0.9119    axis=( -0.666952 -0.733274 -0.132229)
     Cl  24    Vzz=   -0.9514    axis=(  0.407148 -0.507287  0.759533)
     Cl  24  Q=        -8.1650 1e-30 m^2  Cq=        18.2522 MHz  eta= 0.91690

     Initialization:
     gipaw_setup  :      9.12s CPU     10.89s WALL (       1 calls)

     Linear response

     Apply operators

     Induced current

     Other routines
     efg          :      9.31s CPU     12.06s WALL (       1 calls)

     General routines
     calbec       :      3.22s CPU      4.46s WALL (      16 calls)
     fft          :      1.33s CPU      1.52s WALL (      15 calls)
     ffts         :      0.05s CPU      0.06s WALL (       2 calls)
     fftw         :      3.27s CPU      3.87s WALL (     672 calls)
     davcio       :      0.03s CPU      0.31s WALL (      32 calls)

     Parallel routines
     fft_scatter  :      1.87s CPU      2.55s WALL (     689 calls)

     Plugins

     GIPAW        :     60.22s CPU     75.08s WALL (       1 calls)
