
     Program QE v.6.0 (svn rev. 13079) starts on 25Dec2016 at 15:35:50 

     This program is part of the open-source Quantum ESPRESSO suite
     for quantum simulation of materials; please cite
         "P. Giannozzi et al., J. Phys.:Condens. Matter 21 395502 (2009);
          URL http://www.quantum-espresso.org", 
     in publications or presentations arising from this work. More details at
     http://www.quantum-espresso.org/quote

     Parallel version (MPI), running on     8 processors
     R & G space division:  proc/nbgrp/npool/nimage =       8

     ***** This is GIPAW svn revision unknown      *****

     Parallelizing q-star over 1 images

     Reading data from directory:
     /users/majewski/paradichlorobenzene/pbe/9_constraint/scratch/pbe.ecut100.np8.dt60.pcl2phi-129368.save
     Message from routine read_xml_file:
     file /users/majewski/paradichlorobenzene/pbe/9_constraint/scratch/pbe.ecut100.np8.dt60.pcl2phi-129368.save not guaranteed to be safe for post-processing

   Info: using nr1, nr2, nr3 values from input

   Info: using nr1, nr2, nr3 values from input

     IMPORTANT: XC functional enforced from input :
     Exchange-correlation      =  SLA  PW   PBX  PBC ( 1  4  3  4 0 0)
     Any further DFT definition will be discarded
     Please, verify this is what you really want

               file C.pbe-n-kjpaw_psl.1.0.0.UPF: wavefunction(s)  2S 2P renormalized
               file Cl.pbe-n-kjpaw_psl.1.0.0.UPF: wavefunction(s)  3S 3P renormalized
               file H.pbe-kjpaw_psl.1.0.0.UPF: wavefunction(s)  1S renormalized

     Parallelization info
     --------------------
     sticks:   dense  smooth     PW     G-vecs:    dense   smooth      PW
     Min        3057    1223    332               144436    36536    5170
     Max        3059    1225    333               144437    36537    5171
     Sum       24467    9791   2657              1155489   292295   41363


     Subspace diagonalization in iterative solution of the eigenvalue problem:
     a serial algorithm will be used

     GIPAW projectors -----------------------------------------------
     atom=  C    l=0  rc=    1.2000  rs=    0.8000
     atom=  C    l=0  rc=    1.2000  rs=    0.8000
     atom=  C    l=1  rc=    1.4000  rs=    0.9333
     atom=  C    l=1  rc=    1.4000  rs=    0.9333
     projs nearly linearly dependent: l=1  n1,n2= 1, 2  s=  0.99951561

     atom=  Cl   l=0  rc=    1.6000  rs=    1.0667
     atom=  Cl   l=0  rc=    1.6000  rs=    1.0667
     atom=  Cl   l=1  rc=    1.6000  rs=    1.0667
     atom=  Cl   l=1  rc=    1.6000  rs=    1.0667
     atom=  Cl   l=2  rc=    1.6000  rs=    1.0667
     atom=  Cl   l=2  rc=    1.6000  rs=    1.0667
     projs nearly linearly dependent: l=2  n1,n2= 1, 2  s=  0.99993509

     atom=  H    l=0  rc=    1.0000  rs=    0.6667
     atom=  H    l=0  rc=    1.0000  rs=    0.6667
     projs nearly linearly dependent: l=0  n1,n2= 1, 2  s=  0.99968852
     -----------------------------------------------------------------

     GIPAW integrals: -------------------------------------------
     Atom  i/j   nmr_para   nmr_dia   epr_rmc  epr_para   epr_dia
       C   1 1   0.83E+03  0.17E-01  0.93E+01  0.24E+08  0.24E+03
       C   2 1   0.86E+03 -0.61E-01  0.94E+01  0.25E+08  0.25E+03
       C   2 2   0.90E+03 -0.15E+00  0.97E+01  0.26E+08  0.26E+03
       C   3 3   0.33E+01  0.34E+00  0.18E+01  0.55E+03  0.21E+02
       C   4 3   0.35E+01  0.37E+00  0.20E+01  0.59E+03  0.22E+02
       C   4 4   0.38E+01  0.39E+00  0.22E+01  0.63E+03  0.24E+02
       Cl  1 1   0.14E+04 -0.47E+00  0.84E+01  0.32E+09  0.42E+03
       Cl  2 1   0.21E+04 -0.37E+00  0.12E+02  0.49E+09  0.65E+03
       Cl  2 2   0.33E+04 -0.16E+00  0.21E+02  0.76E+09  0.10E+04
       Cl  3 3   0.21E+02  0.79E-01  0.89E+01  0.23E+05  0.13E+03
       Cl  4 3   0.24E+02  0.67E-01  0.99E+01  0.27E+05  0.15E+03
       Cl  4 4   0.28E+02  0.44E-01  0.11E+02  0.32E+05  0.18E+03
       Cl  5 5   0.77E+00  0.19E+00  0.18E+01  0.12E+03  0.22E+02
       Cl  6 5   0.80E+00  0.19E+00  0.19E+01  0.12E+03  0.23E+02
       Cl  6 6   0.83E+00  0.20E+00  0.19E+01  0.12E+03  0.23E+02
       H   1 1   0.39E+02  0.19E+00  0.29E+00  0.78E+05  0.13E+02
       H   2 1   0.41E+02  0.21E+00  0.32E+00  0.82E+05  0.14E+02
       H   2 2   0.43E+02  0.22E+00  0.36E+00  0.86E+05  0.15E+02
     ------------------------------------------------------------

     alpha_pv=     34.2367 eV

     Number of occupied bands for each k-point:
     k-point:     1    nbnd_occ=  42
     k-point:     2    nbnd_occ=  42
     k-point:     3    nbnd_occ=  42
     k-point:     4    nbnd_occ=  42
     k-point:     5    nbnd_occ=  42
     k-point:     6    nbnd_occ=  42
     k-point:     7    nbnd_occ=  42
     k-point:     8    nbnd_occ=  42
     k-point:     9    nbnd_occ=  42
     k-point:    10    nbnd_occ=  42
     k-point:    11    nbnd_occ=  42
     k-point:    12    nbnd_occ=  42
     k-point:    13    nbnd_occ=  42
     k-point:    14    nbnd_occ=  42
     k-point:    15    nbnd_occ=  42
     k-point:    16    nbnd_occ=  42


     q-space interpolation up to   110.00 Rydberg

     GIPAW job: efg                                                                             


     ELECTRIC FIELD GRADIENTS TENSORS IN Hartree/bohrradius^2:

     ----- bare term -----
     Cl   1       -0.013958       -0.109866       -0.028390
     Cl   1       -0.109866        0.134485       -0.035253
     Cl   1       -0.028390       -0.035253       -0.120526

     C    2       -0.412088        0.389625       -0.242353
     C    2        0.389625        0.072834       -0.175332
     C    2       -0.242353       -0.175332        0.339254

     C    3        0.262648        0.044494       -0.100748
     C    3        0.044494       -0.124633       -0.245677
     C    3       -0.100748       -0.245677       -0.138015

     H    4        0.019019        0.130439       -0.493967
     H    4        0.130439        0.053373        0.224468
     H    4       -0.493967        0.224468       -0.072392

     C    5       -0.345795        0.250507       -0.005893
     C    5        0.250507        0.199261       -0.010678
     C    5       -0.005893       -0.010678        0.146534

     H    6        0.551719       -0.007257       -0.004948
     H    6       -0.007257       -0.050398       -0.213948
     H    6       -0.004948       -0.213948       -0.501321

     H    7        0.408202        0.227669       -0.018987
     H    7        0.227669       -0.730594        0.227703
     H    7       -0.018987        0.227703        0.322392

     C    8        0.038248       -0.220275       -0.011759
     C    8       -0.220275       -0.256982        0.399434
     C    8       -0.011759        0.399434        0.218734

     H    9       -0.321258        0.568469       -0.194335
     H    9        0.568469       -0.064404        0.074597
     H    9       -0.194335        0.074597        0.385662

     C   10       -0.488485       -0.289671       -0.273285
     C   10       -0.289671        0.191932        0.113793
     C   10       -0.273285        0.113793        0.296552

     C   11        0.086061       -0.225366       -0.059833
     C   11       -0.225366       -0.058804        0.579158
     C   11       -0.059833        0.579158       -0.027257

     Cl  12       -0.251008       -0.204557       -0.017924
     Cl  12       -0.204557        0.167865       -0.077408
     Cl  12       -0.017924       -0.077408        0.083143

     H   13        0.277838        0.275830        0.015290
     H   13        0.275830       -0.601583       -0.362258
     H   13        0.015290       -0.362258        0.323745

     C   14       -0.157449       -0.157003       -0.301710
     C   14       -0.157003        0.027817       -0.498392
     C   14       -0.301710       -0.498392        0.129632

     H   15       -0.253927       -0.195037       -0.451648
     H   15       -0.195037        0.092800       -0.350399
     H   15       -0.451648       -0.350399        0.161127

     C   16       -0.519379        0.316561       -0.022621
     C   16        0.316561        0.122555       -0.369419
     C   16       -0.022621       -0.369419        0.396824

     C   17       -0.051679       -0.168152       -0.302465
     C   17       -0.168152        0.031052       -0.694758
     C   17       -0.302465       -0.694758        0.020628

     Cl  18       -0.282033        0.231016       -0.022369
     Cl  18        0.231016        0.121883        0.009508
     Cl  18       -0.022369        0.009508        0.160149

     H   19        0.444200        0.063313       -0.068537
     H   19        0.063313       -0.607472        0.601684
     H   19       -0.068537        0.601684        0.163272

     C   20       -0.953456       -0.383291       -0.441364
     C   20       -0.383291        0.496067        0.005996
     C   20       -0.441364        0.005996        0.457389

     H   21       -0.481238       -0.165535       -0.151629
     H   21       -0.165535        0.155498        0.406233
     H   21       -0.151629        0.406233        0.325740

     C   22        0.170511       -0.099117       -0.117541
     C   22       -0.099117       -0.423284        0.544733
     C   22       -0.117541        0.544733        0.252773

     C   23       -0.628151       -0.372800       -0.421707
     C   23       -0.372800        0.225145        0.057336
     C   23       -0.421707        0.057336        0.403006

     Cl  24       -0.035450       -0.084422        0.062593
     Cl  24       -0.084422        0.042381       -0.115025
     Cl  24        0.062593       -0.115025       -0.006931

     ----- ionic term -----
     Cl   1        0.166920       -0.210802       -0.025145
     Cl   1       -0.210802       -0.046553        0.016860
     Cl   1       -0.025145        0.016860       -0.120367

     C    2        0.215006       -0.169510        0.281833
     C    2       -0.169510       -0.018030        0.450181
     C    2        0.281833        0.450181       -0.196976

     C    3        0.131082       -0.259983        0.175755
     C    3       -0.259983        0.125919        0.406926
     C    3        0.175755        0.406926       -0.257001

     H    4        0.643003        0.281017        0.642893
     H    4        0.281017       -0.425530        0.234687
     H    4        0.642893        0.234687       -0.217473

     C    5        0.198860       -0.229507        0.302525
     C    5       -0.229507        0.043142        0.293998
     C    5        0.302525        0.293998       -0.242003

     H    6       -0.532000        0.076474        0.072949
     H    6        0.076474        0.702710        0.696258
     H    6        0.072949        0.696258       -0.170710

     H    7       -0.515782       -0.064929        0.022905
     H    7       -0.064929        0.822560       -0.581352
     H    7        0.022905       -0.581352       -0.306778

     C    8        0.305691        0.131694        0.216164
     C    8        0.131694        0.061505       -0.320532
     C    8        0.216164       -0.320532       -0.367196

     H    9        0.644725       -0.298479        0.643420
     H    9       -0.298479       -0.445618       -0.238552
     H    9        0.643420       -0.238552       -0.199107

     C   10        0.141363        0.179990        0.128090
     C   10        0.179990        0.213131       -0.428200
     C   10        0.128090       -0.428200       -0.354494

     C   11        0.161808        0.175827        0.206977
     C   11        0.175827        0.253664       -0.365651
     C   11        0.206977       -0.365651       -0.415472

     Cl  12        0.083685        0.210996        0.014152
     Cl  12        0.210996        0.087811        0.009009
     Cl  12        0.014152        0.009009       -0.171496

     H   13       -0.510508       -0.069459       -0.052337
     H   13       -0.069459        0.436484        0.788904
     H   13       -0.052337        0.788904        0.074024

     C   14        0.266697       -0.245054        0.300329
     C   14       -0.245054       -0.017216        0.316264
     C   14        0.300329        0.316264       -0.249481

     H   15        0.455977        0.147532        0.781903
     H   15        0.147532       -0.494423        0.203170
     H   15        0.781903        0.203170        0.038446

     C   16        0.091241       -0.320866        0.223576
     C   16       -0.320866        0.158447        0.386017
     C   16        0.223576        0.386017       -0.249688

     C   17        0.112828       -0.271762        0.347247
     C   17       -0.271762        0.113448        0.371085
     C   17        0.347247        0.371085       -0.226277

     Cl  18        0.122028       -0.221595        0.049997
     Cl  18       -0.221595        0.045800       -0.021473
     Cl  18        0.049997       -0.021473       -0.167828

     H   19       -0.501745       -0.101775        0.045758
     H   19       -0.101775        0.853581       -0.543520
     H   19        0.045758       -0.543520       -0.351836

     C   20        0.289092        0.168347        0.155815
     C   20        0.168347        0.140693       -0.268973
     C   20        0.155815       -0.268973       -0.429785

     H   21        0.716352       -0.327420        0.584789
     H   21       -0.327420       -0.388924       -0.219060
     H   21        0.584789       -0.219060       -0.327428

     C   22        0.181549        0.152338        0.155682
     C   22        0.152338        0.210185       -0.380784
     C   22        0.155682       -0.380784       -0.391733

     C   23        0.301430        0.077926        0.307016
     C   23        0.077926        0.082094       -0.388278
     C   23        0.307016       -0.388278       -0.383524

     Cl  24        0.176926        0.222392        0.005223
     Cl  24        0.222392       -0.017460       -0.010750
     Cl  24        0.005223       -0.010750       -0.159466

     ----- GIPAW term -----
     Cl   1        0.644048       -2.997810       -0.053053
     Cl   1       -2.997810        1.820726       -0.477678
     Cl   1       -0.053053       -0.477678       -2.464773

     C    2       -0.092857        0.011377       -0.025600
     C    2        0.011377        0.117537       -0.105442
     C    2       -0.025600       -0.105442       -0.024679

     C    3       -0.006344       -0.004853       -0.007377
     C    3       -0.004853        0.048310       -0.032412
     C    3       -0.007377       -0.032412       -0.041966

     H    4       -0.000000        0.000000        0.000000
     H    4        0.000000        0.000000        0.000000
     H    4        0.000000        0.000000        0.000000

     C    5       -0.058338       -0.001673        0.020937
     C    5       -0.001673        0.059214       -0.039964
     C    5        0.020937       -0.039964       -0.000876

     H    6       -0.000000        0.000000        0.000000
     H    6        0.000000        0.000000        0.000000
     H    6        0.000000        0.000000        0.000000

     H    7       -0.000000        0.000000        0.000000
     H    7        0.000000        0.000000        0.000000
     H    7        0.000000        0.000000        0.000000

     C    8       -0.063817       -0.103419        0.053135
     C    8       -0.103419        0.128409       -0.053913
     C    8        0.053135       -0.053913       -0.064593

     H    9       -0.000000        0.000000        0.000000
     H    9        0.000000        0.000000        0.000000
     H    9        0.000000        0.000000        0.000000

     C   10       -0.095136       -0.139066       -0.063904
     C   10       -0.139066        0.166939        0.025368
     C   10       -0.063904        0.025368       -0.071803

     C   11       -0.008528       -0.097573        0.011237
     C   11       -0.097573        0.199043        0.030645
     C   11        0.011237        0.030645       -0.190515

     Cl  12       -0.228444        1.388105       -0.173094
     Cl  12        1.388105        1.705721       -0.796140
     Cl  12       -0.173094       -0.796140       -1.477277

     H   13       -0.000000        0.000000        0.000000
     H   13        0.000000        0.000000        0.000000
     H   13        0.000000        0.000000        0.000000

     C   14       -0.090260       -0.084350       -0.008344
     C   14       -0.084350        0.170216       -0.194090
     C   14       -0.008344       -0.194090       -0.079956

     H   15       -0.000000        0.000000        0.000000
     H   15        0.000000        0.000000        0.000000
     H   15        0.000000        0.000000        0.000000

     C   16       -0.161637       -0.084638        0.053957
     C   16       -0.084638        0.206504       -0.144763
     C   16        0.053957       -0.144763       -0.044867

     C   17       -0.066248       -0.095897       -0.035099
     C   17       -0.095897        0.156004       -0.205540
     C   17       -0.035099       -0.205540       -0.089756

     Cl  18       -0.024991       -2.100250       -0.263337
     Cl  18       -2.100250        1.488413        0.258974
     Cl  18       -0.263337        0.258974       -1.463421

     H   19       -0.000000        0.000000        0.000000
     H   19        0.000000        0.000000        0.000000
     H   19        0.000000        0.000000        0.000000

     C   20       -0.238810       -0.025779       -0.046831
     C   20       -0.025779        0.273606       -0.147482
     C   20       -0.046831       -0.147482       -0.034795

     H   21       -0.000000        0.000000        0.000000
     H   21        0.000000        0.000000        0.000000
     H   21        0.000000        0.000000        0.000000

     C   22       -0.092311        0.017465        0.000337
     C   22        0.017465        0.108666       -0.146488
     C   22        0.000337       -0.146488       -0.016355

     C   23       -0.043660       -0.103006        0.025730
     C   23       -0.103006        0.080604       -0.095456
     C   23        0.025730       -0.095456       -0.036944

     Cl  24        0.145718        0.456967        0.843501
     Cl  24        0.456967        1.195806       -1.892960
     Cl  24        0.843501       -1.892960       -1.341524

     ----- total EFG -----
     Cl   1        0.797009       -3.318477       -0.106588
     Cl   1       -3.318477        1.908658       -0.496071
     Cl   1       -0.106588       -0.496071       -2.705667

     C    2       -0.289940        0.231493        0.013880
     C    2        0.231493        0.172341        0.169406
     C    2        0.013880        0.169406        0.117599

     C    3        0.387386       -0.220342        0.067630
     C    3       -0.220342        0.049596        0.128837
     C    3        0.067630        0.128837       -0.436982

     H    4        0.662022        0.411456        0.148925
     H    4        0.411456       -0.372157        0.459155
     H    4        0.148925        0.459155       -0.289865

     C    5       -0.205273        0.019327        0.317569
     C    5        0.019327        0.301617        0.243356
     C    5        0.317569        0.243356       -0.096344

     H    6        0.019719        0.069217        0.068001
     H    6        0.069217        0.652312        0.482310
     H    6        0.068001        0.482310       -0.672030

     H    7       -0.107580        0.162741        0.003918
     H    7        0.162741        0.091966       -0.353649
     H    7        0.003918       -0.353649        0.015614

     C    8        0.280123       -0.192000        0.257540
     C    8       -0.192000       -0.067068        0.024989
     C    8        0.257540        0.024989       -0.213055

     H    9        0.323467        0.269990        0.449085
     H    9        0.269990       -0.510022       -0.163955
     H    9        0.449085       -0.163955        0.186555

     C   10       -0.442257       -0.248747       -0.209099
     C   10       -0.248747        0.572002       -0.289038
     C   10       -0.209099       -0.289038       -0.129744

     C   11        0.239341       -0.147112        0.158381
     C   11       -0.147112        0.393904        0.244152
     C   11        0.158381        0.244152       -0.633245

     Cl  12       -0.395767        1.394544       -0.176866
     Cl  12        1.394544        1.961397       -0.864539
     Cl  12       -0.176866       -0.864539       -1.565630

     H   13       -0.232670        0.206372       -0.037047
     H   13        0.206372       -0.165099        0.426646
     H   13       -0.037047        0.426646        0.397769

     C   14        0.018988       -0.486407       -0.009725
     C   14       -0.486407        0.180818       -0.376218
     C   14       -0.009725       -0.376218       -0.199806

     H   15        0.202050       -0.047504        0.330256
     H   15       -0.047504       -0.401623       -0.147229
     H   15        0.330256       -0.147229        0.199573

     C   16       -0.589775       -0.088943        0.254913
     C   16       -0.088943        0.487506       -0.128165
     C   16        0.254913       -0.128165        0.102269

     C   17       -0.005100       -0.535810        0.009683
     C   17       -0.535810        0.300504       -0.529214
     C   17        0.009683       -0.529214       -0.295405

     Cl  18       -0.184996       -2.090829       -0.235709
     Cl  18       -2.090829        1.656096        0.247009
     Cl  18       -0.235709        0.247009       -1.471100

     H   19       -0.057545       -0.038462       -0.022778
     H   19       -0.038462        0.246109        0.058164
     H   19       -0.022778        0.058164       -0.188563

     C   20       -0.903174       -0.240723       -0.332380
     C   20       -0.240723        0.910365       -0.410459
     C   20       -0.332380       -0.410459       -0.007191

     H   21        0.235114       -0.492955        0.433160
     H   21       -0.492955       -0.233426        0.187172
     H   21        0.433160        0.187172       -0.001688

     C   22        0.259749        0.070686        0.038478
     C   22        0.070686       -0.104433        0.017462
     C   22        0.038478        0.017462       -0.155316

     C   23       -0.370381       -0.397880       -0.088961
     C   23       -0.397880        0.387843       -0.426398
     C   23       -0.088961       -0.426398       -0.017462

     Cl  24        0.287194        0.594936        0.911317
     Cl  24        0.594936        1.220728       -2.018735
     Cl  24        0.911317       -2.018735       -1.507922

     ----- total EFG (symmetrized) -----
     Cl   1        0.797009       -3.318477       -0.106588
     Cl   1       -3.318477        1.908658       -0.496071
     Cl   1       -0.106588       -0.496071       -2.705667

     C    2       -0.289940        0.231493        0.013880
     C    2        0.231493        0.172341        0.169406
     C    2        0.013880        0.169406        0.117599

     C    3        0.387386       -0.220342        0.067630
     C    3       -0.220342        0.049596        0.128837
     C    3        0.067630        0.128837       -0.436982

     H    4        0.662022        0.411456        0.148925
     H    4        0.411456       -0.372157        0.459155
     H    4        0.148925        0.459155       -0.289865

     C    5       -0.205273        0.019327        0.317569
     C    5        0.019327        0.301617        0.243356
     C    5        0.317569        0.243356       -0.096344

     H    6        0.019719        0.069217        0.068001
     H    6        0.069217        0.652312        0.482310
     H    6        0.068001        0.482310       -0.672030

     H    7       -0.107580        0.162741        0.003918
     H    7        0.162741        0.091966       -0.353649
     H    7        0.003918       -0.353649        0.015614

     C    8        0.280123       -0.192000        0.257540
     C    8       -0.192000       -0.067068        0.024989
     C    8        0.257540        0.024989       -0.213055

     H    9        0.323467        0.269990        0.449085
     H    9        0.269990       -0.510022       -0.163955
     H    9        0.449085       -0.163955        0.186555

     C   10       -0.442257       -0.248747       -0.209099
     C   10       -0.248747        0.572002       -0.289038
     C   10       -0.209099       -0.289038       -0.129744

     C   11        0.239341       -0.147112        0.158381
     C   11       -0.147112        0.393904        0.244152
     C   11        0.158381        0.244152       -0.633245

     Cl  12       -0.395767        1.394544       -0.176866
     Cl  12        1.394544        1.961397       -0.864539
     Cl  12       -0.176866       -0.864539       -1.565630

     H   13       -0.232670        0.206372       -0.037047
     H   13        0.206372       -0.165099        0.426646
     H   13       -0.037047        0.426646        0.397769

     C   14        0.018988       -0.486407       -0.009725
     C   14       -0.486407        0.180818       -0.376218
     C   14       -0.009725       -0.376218       -0.199806

     H   15        0.202050       -0.047504        0.330256
     H   15       -0.047504       -0.401623       -0.147229
     H   15        0.330256       -0.147229        0.199573

     C   16       -0.589775       -0.088943        0.254913
     C   16       -0.088943        0.487506       -0.128165
     C   16        0.254913       -0.128165        0.102269

     C   17       -0.005100       -0.535810        0.009683
     C   17       -0.535810        0.300504       -0.529214
     C   17        0.009683       -0.529214       -0.295405

     Cl  18       -0.184996       -2.090829       -0.235709
     Cl  18       -2.090829        1.656096        0.247009
     Cl  18       -0.235709        0.247009       -1.471100

     H   19       -0.057545       -0.038462       -0.022778
     H   19       -0.038462        0.246109        0.058164
     H   19       -0.022778        0.058164       -0.188563

     C   20       -0.903174       -0.240723       -0.332380
     C   20       -0.240723        0.910365       -0.410459
     C   20       -0.332380       -0.410459       -0.007191

     H   21        0.235114       -0.492955        0.433160
     H   21       -0.492955       -0.233426        0.187172
     H   21        0.433160        0.187172       -0.001688

     C   22        0.259749        0.070686        0.038478
     C   22        0.070686       -0.104433        0.017462
     C   22        0.038478        0.017462       -0.155316

     C   23       -0.370381       -0.397880       -0.088961
     C   23       -0.397880        0.387843       -0.426398
     C   23       -0.088961       -0.426398       -0.017462

     Cl  24        0.287194        0.594936        0.911317
     Cl  24        0.594936        1.220728       -2.018735
     Cl  24        0.911317       -2.018735       -1.507922


     NQR/NMR SPECTROSCOPIC PARAMETERS:
     Cl   1    Vxx=   -1.8304    axis=(  0.708089  0.573848 -0.411471)
     Cl   1    Vyy=   -2.9001    axis=(  0.290492  0.294391  0.910466)
     Cl   1    Vzz=    4.7305    axis=(  0.643603 -0.764220  0.041756)
     Cl   1  Q=        -8.1650 1e-30 m^2  Cq=       -90.7519 MHz  eta= 0.22612

     C    2    Vxx=    0.0192    axis=( -0.306418 -0.459194  0.833816)
     C    2    Vyy=    0.3725    axis=(  0.287537  0.790382  0.540942)
     C    2    Vzz=   -0.3917    axis=( -0.907430  0.405508 -0.110152)
     C    2  Q=         1.0000 1e-30 m^2  Cq=        -0.9203 MHz  eta= 0.90195

     C    3    Vxx=   -0.0096    axis=(  0.416841  0.849957  0.322205)
     C    3    Vyy=   -0.4865    axis=( -0.145725 -0.287397  0.946661)
     C    3    Vzz=    0.4961    axis=( -0.897222  0.441560 -0.004061)
     C    3  Q=         1.0000 1e-30 m^2  Cq=         1.1657 MHz  eta= 0.96120

     H    4    Vxx=   -0.0624    axis=(  0.441177 -0.509241 -0.738943)
     H    4    Vyy=   -0.8231    axis=( -0.150986  0.769551 -0.620479)
     H    4    Vzz=    0.8854    axis=( -0.884628 -0.385311 -0.262620)
     H    4  Q=         1.0000 1e-30 m^2  Cq=         2.0804 MHz  eta= 0.85916

     C    5    Vxx=    0.0403    axis=(  0.647018 -0.544729  0.533514)
     C    5    Vyy=    0.4599    axis=(  0.267387  0.817380  0.510289)
     C    5    Vzz=   -0.5002    axis=(  0.714053  0.187512 -0.674513)
     C    5  Q=         1.0000 1e-30 m^2  Cq=        -1.1752 MHz  eta= 0.83880

     H    6    Vxx=    0.0125    axis=(  0.992817 -0.118702  0.014991)
     H    6    Vyy=    0.8188    axis=(  0.108225  0.944403  0.310468)
     H    6    Vzz=   -0.8313    axis=( -0.051011 -0.306615  0.950466)
     H    6  Q=         1.0000 1e-30 m^2  Cq=        -1.9532 MHz  eta= 0.97000

     H    7    Vxx=   -0.0801    axis=(  0.873100  0.136321  0.468095)
     H    7    Vyy=   -0.3561    axis=(  0.435443 -0.649876 -0.622937)
     H    7    Vzz=    0.4361    axis=( -0.219283 -0.747715  0.626767)
     H    7  Q=         1.0000 1e-30 m^2  Cq=         1.0247 MHz  eta= 0.63282

     C    8    Vxx=   -0.0850    axis=( -0.141155 -0.879089 -0.455278)
     C    8    Vyy=   -0.3607    axis=(  0.438408  0.356823 -0.824910)
     C    8    Vzz=    0.4457    axis=(  0.887623 -0.316038  0.335032)
     C    8  Q=         1.0000 1e-30 m^2  Cq=         1.0472 MHz  eta= 0.61877

     H    9    Vxx=   -0.0200    axis=( -0.506159 -0.511293  0.694538)
     H    9    Vyy=   -0.6978    axis=(  0.380822 -0.855056 -0.351928)
     H    9    Vzz=    0.7178    axis=(  0.773807  0.086364  0.627506)
     H    9  Q=         1.0000 1e-30 m^2  Cq=         1.6865 MHz  eta= 0.94420

     C   10    Vxx=   -0.0498    axis=(  0.543282 -0.165289 -0.823119)
     C   10    Vyy=   -0.6512    axis=(  0.825593  0.283214  0.488043)
     C   10    Vzz=    0.7010    axis=( -0.152451  0.944706 -0.290327)
     C   10  Q=         1.0000 1e-30 m^2  Cq=         1.6470 MHz  eta= 0.85798

     C   11    Vxx=    0.2249    axis=(  0.884933  0.378701  0.271070)
     C   11    Vyy=    0.5000    axis=(  0.424226 -0.895636 -0.133669)
     C   11    Vzz=   -0.7249    axis=( -0.192159 -0.233283  0.953233)
     C   11  Q=         1.0000 1e-30 m^2  Cq=        -1.7033 MHz  eta= 0.37952

     Cl  12    Vxx=   -0.9900    axis=(  0.901414 -0.352137  0.251897)
     Cl  12    Vyy=   -1.7888    axis=( -0.156776  0.276848  0.948038)
     Cl  12    Vzz=    2.7788    axis=( -0.403577 -0.894066  0.194348)
     Cl  12  Q=        -8.1650 1e-30 m^2  Cq=       -53.3102 MHz  eta= 0.28749

     H   13    Vxx=   -0.1026    axis=(  0.823914  0.459900 -0.331147)
     H   13    Vyy=   -0.5300    axis=( -0.561235  0.743223 -0.364191)
     H   13    Vzz=    0.6326    axis=(  0.078624  0.485913  0.870464)
     H   13  Q=         1.0000 1e-30 m^2  Cq=         1.4863 MHz  eta= 0.67566

     C   14    Vxx=   -0.0996    axis=( -0.663835 -0.176394  0.726779)
     C   14    Vyy=   -0.5884    axis=(  0.502214  0.614943  0.607969)
     C   14    Vzz=    0.6880    axis=(  0.554170 -0.768589  0.319633)
     C   14  Q=         1.0000 1e-30 m^2  Cq=         1.6165 MHz  eta= 0.71042

     H   15    Vxx=   -0.1137    axis=( -0.720982 -0.217458  0.657949)
     H   15    Vyy=   -0.4374    axis=(  0.059433 -0.965391 -0.253944)
     H   15    Vzz=    0.5511    axis=(  0.690401 -0.143985  0.708954)
     H   15  Q=         1.0000 1e-30 m^2  Cq=         1.2948 MHz  eta= 0.58750

     C   16    Vxx=    0.1248    axis=(  0.268760  0.378837  0.885579)
     C   16    Vyy=    0.5505    axis=( -0.150352  0.924637 -0.349915)
     C   16    Vzz=   -0.6753    axis=( -0.951400 -0.039105  0.305465)
     C   16  Q=         1.0000 1e-30 m^2  Cq=        -1.5866 MHz  eta= 0.63036

     C   17    Vxx=   -0.1451    axis=( -0.765084 -0.188817  0.615626)
     C   17    Vyy=   -0.7276    axis=( -0.419796 -0.578696 -0.699201)
     C   17    Vzz=    0.8727    axis=(  0.488281 -0.793385  0.363486)
     C   17  Q=         1.0000 1e-30 m^2  Cq=         2.0505 MHz  eta= 0.66742

     Cl  18    Vxx=   -1.4548    axis=( -0.428103 -0.353755  0.831616)
     Cl  18    Vyy=   -1.5902    axis=( -0.720364 -0.422087 -0.550381)
     Cl  18    Vzz=    3.0450    axis=( -0.545714  0.834686  0.074136)
     Cl  18  Q=        -8.1650 1e-30 m^2  Cq=       -58.4170 MHz  eta= 0.04445

     H   19    Vxx=   -0.0606    axis=(  0.983475  0.144097 -0.109603)
     H   19    Vyy=   -0.1985    axis=(  0.127027 -0.117863  0.984872)
     H   19    Vzz=    0.2591    axis=(  0.128999 -0.982520 -0.134219)
     H   19  Q=         1.0000 1e-30 m^2  Cq=         0.6088 MHz  eta= 0.53191

     C   20    Vxx=    0.0067    axis=( -0.395207  0.290541  0.871434)
     C   20    Vyy=    1.0733    axis=(  0.057344 -0.939009  0.339077)
     C   20    Vzz=   -1.0800    axis=(  0.916801  0.183977  0.354442)
     C   20  Q=         1.0000 1e-30 m^2  Cq=        -2.5375 MHz  eta= 0.98760

     H   21    Vxx=    0.0855    axis=( -0.120471  0.634384  0.763573)
     H   21    Vyy=    0.6749    axis=(  0.827661 -0.360529  0.430113)
     H   21    Vzz=   -0.7604    axis=(  0.548146  0.683796 -0.481621)
     H   21  Q=         1.0000 1e-30 m^2  Cq=        -1.7867 MHz  eta= 0.77519

     C   22    Vxx=   -0.1154    axis=(  0.202493 -0.953806 -0.221927)
     C   22    Vyy=   -0.1615    axis=(  0.049008  0.236208 -0.970466)
     C   22    Vzz=    0.2769    axis=(  0.978057  0.185636  0.094574)
     C   22  Q=         1.0000 1e-30 m^2  Cq=         0.6506 MHz  eta= 0.16661

     C   23    Vxx=   -0.0811    axis=(  0.567285 -0.236071 -0.788960)
     C   23    Vyy=   -0.6574    axis=( -0.778109 -0.467396 -0.419628)
     C   23    Vzz=    0.7384    axis=( -0.269695  0.851946 -0.448836)
     C   23  Q=         1.0000 1e-30 m^2  Cq=         1.7350 MHz  eta= 0.78039

     Cl  24    Vxx=    0.6456    axis=( -0.946414 -0.099472 -0.307255)
     Cl  24    Vyy=    2.2984    axis=( -0.055241 -0.887503  0.457479)
     Cl  24    Vzz=   -2.9439    axis=( -0.318196  0.449938  0.834450)
     Cl  24  Q=        -8.1650 1e-30 m^2  Cq=        56.4779 MHz  eta= 0.56141

     Initialization:
     gipaw_setup  :      9.10s CPU     10.75s WALL (       1 calls)

     Linear response

     Apply operators

     Induced current

     Other routines
     efg          :      9.12s CPU     11.36s WALL (       1 calls)

     General routines
     calbec       :      3.20s CPU      4.24s WALL (      16 calls)
     fft          :      1.54s CPU      2.14s WALL (      15 calls)
     ffts         :      0.03s CPU      0.05s WALL (       2 calls)
     fftw         :      3.13s CPU      3.68s WALL (     672 calls)
     davcio       :      0.02s CPU      0.33s WALL (      32 calls)

     Parallel routines
     fft_scatter  :      2.08s CPU      3.07s WALL (     689 calls)

     Plugins

     GIPAW        :     60.76s CPU     71.76s WALL (       1 calls)
