
     Program QE v.6.0 (svn rev. 13079) starts on 23Dec2016 at 22:59: 0 

     This program is part of the open-source Quantum ESPRESSO suite
     for quantum simulation of materials; please cite
         "P. Giannozzi et al., J. Phys.:Condens. Matter 21 395502 (2009);
          URL http://www.quantum-espresso.org", 
     in publications or presentations arising from this work. More details at
     http://www.quantum-espresso.org/quote

     Parallel version (MPI), running on     8 processors
     R & G space division:  proc/nbgrp/npool/nimage =       8

     ***** This is GIPAW svn revision unknown      *****

     Parallelizing q-star over 1 images

     Reading data from directory:
     /users/majewski/paradichlorobenzene/pbe/9_constraint/scratch/pbe.ecut100.np8.dt60.pcl2phi-129368.save
     Message from routine read_xml_file:
     file /users/majewski/paradichlorobenzene/pbe/9_constraint/scratch/pbe.ecut100.np8.dt60.pcl2phi-129368.save not guaranteed to be safe for post-processing

   Info: using nr1, nr2, nr3 values from input

   Info: using nr1, nr2, nr3 values from input

     IMPORTANT: XC functional enforced from input :
     Exchange-correlation      =  SLA  PW   PBX  PBC ( 1  4  3  4 0 0)
     Any further DFT definition will be discarded
     Please, verify this is what you really want

               file C.pbe-n-kjpaw_psl.1.0.0.UPF: wavefunction(s)  2S 2P renormalized
               file Cl.pbe-n-kjpaw_psl.1.0.0.UPF: wavefunction(s)  3S 3P renormalized
               file H.pbe-kjpaw_psl.1.0.0.UPF: wavefunction(s)  1S renormalized

     Parallelization info
     --------------------
     sticks:   dense  smooth     PW     G-vecs:    dense   smooth      PW
     Min        3057    1223    332               144436    36536    5170
     Max        3059    1225    333               144437    36537    5171
     Sum       24467    9791   2657              1155489   292295   41363


     Subspace diagonalization in iterative solution of the eigenvalue problem:
     a serial algorithm will be used

     GIPAW projectors -----------------------------------------------
     atom=  C    l=0  rc=    1.2000  rs=    0.8000
     atom=  C    l=0  rc=    1.2000  rs=    0.8000
     atom=  C    l=1  rc=    1.4000  rs=    0.9333
     atom=  C    l=1  rc=    1.4000  rs=    0.9333
     projs nearly linearly dependent: l=1  n1,n2= 1, 2  s=  0.99951561

     atom=  Cl   l=0  rc=    1.6000  rs=    1.0667
     atom=  Cl   l=0  rc=    1.6000  rs=    1.0667
     atom=  Cl   l=1  rc=    1.6000  rs=    1.0667
     atom=  Cl   l=1  rc=    1.6000  rs=    1.0667
     atom=  Cl   l=2  rc=    1.6000  rs=    1.0667
     atom=  Cl   l=2  rc=    1.6000  rs=    1.0667
     projs nearly linearly dependent: l=2  n1,n2= 1, 2  s=  0.99993509

     atom=  H    l=0  rc=    1.0000  rs=    0.6667
     atom=  H    l=0  rc=    1.0000  rs=    0.6667
     projs nearly linearly dependent: l=0  n1,n2= 1, 2  s=  0.99968852
     -----------------------------------------------------------------

     GIPAW integrals: -------------------------------------------
     Atom  i/j   nmr_para   nmr_dia   epr_rmc  epr_para   epr_dia
       C   1 1   0.83E+03  0.17E-01  0.93E+01  0.24E+08  0.24E+03
       C   2 1   0.86E+03 -0.61E-01  0.94E+01  0.25E+08  0.25E+03
       C   2 2   0.90E+03 -0.15E+00  0.97E+01  0.26E+08  0.26E+03
       C   3 3   0.33E+01  0.34E+00  0.18E+01  0.55E+03  0.21E+02
       C   4 3   0.35E+01  0.37E+00  0.20E+01  0.59E+03  0.22E+02
       C   4 4   0.38E+01  0.39E+00  0.22E+01  0.63E+03  0.24E+02
       Cl  1 1   0.14E+04 -0.47E+00  0.84E+01  0.32E+09  0.42E+03
       Cl  2 1   0.21E+04 -0.37E+00  0.12E+02  0.49E+09  0.65E+03
       Cl  2 2   0.33E+04 -0.16E+00  0.21E+02  0.76E+09  0.10E+04
       Cl  3 3   0.21E+02  0.79E-01  0.89E+01  0.23E+05  0.13E+03
       Cl  4 3   0.24E+02  0.67E-01  0.99E+01  0.27E+05  0.15E+03
       Cl  4 4   0.28E+02  0.44E-01  0.11E+02  0.32E+05  0.18E+03
       Cl  5 5   0.77E+00  0.19E+00  0.18E+01  0.12E+03  0.22E+02
       Cl  6 5   0.80E+00  0.19E+00  0.19E+01  0.12E+03  0.23E+02
       Cl  6 6   0.83E+00  0.20E+00  0.19E+01  0.12E+03  0.23E+02
       H   1 1   0.39E+02  0.19E+00  0.29E+00  0.78E+05  0.13E+02
       H   2 1   0.41E+02  0.21E+00  0.32E+00  0.82E+05  0.14E+02
       H   2 2   0.43E+02  0.22E+00  0.36E+00  0.86E+05  0.15E+02
     ------------------------------------------------------------

     alpha_pv=     33.8470 eV

     Number of occupied bands for each k-point:
     k-point:     1    nbnd_occ=  42
     k-point:     2    nbnd_occ=  42
     k-point:     3    nbnd_occ=  42
     k-point:     4    nbnd_occ=  42
     k-point:     5    nbnd_occ=  42
     k-point:     6    nbnd_occ=  42
     k-point:     7    nbnd_occ=  42
     k-point:     8    nbnd_occ=  42
     k-point:     9    nbnd_occ=  42
     k-point:    10    nbnd_occ=  42
     k-point:    11    nbnd_occ=  42
     k-point:    12    nbnd_occ=  42
     k-point:    13    nbnd_occ=  42
     k-point:    14    nbnd_occ=  42
     k-point:    15    nbnd_occ=  42
     k-point:    16    nbnd_occ=  42


     q-space interpolation up to   110.00 Rydberg

     GIPAW job: efg                                                                             


     ELECTRIC FIELD GRADIENTS TENSORS IN Hartree/bohrradius^2:

     ----- bare term -----
     Cl   1        0.255454        0.095231        0.058460
     Cl   1        0.095231        0.318096        0.131693
     Cl   1        0.058460        0.131693       -0.573550

     C    2       -0.520273       -0.068182       -0.222513
     C    2       -0.068182       -0.018578       -0.352088
     C    2       -0.222513       -0.352088        0.538851

     C    3       -0.056277        0.167535       -0.220960
     C    3        0.167535       -0.429584       -0.460991
     C    3       -0.220960       -0.460991        0.485862

     H    4       -0.566682       -0.234656       -0.209354
     H    4       -0.234656        0.376297       -0.182993
     H    4       -0.209354       -0.182993        0.190386

     C    5       -0.762778        0.371402       -0.373517
     C    5        0.371402        0.407424       -0.213150
     C    5       -0.373517       -0.213150        0.355355

     H    6        0.520095       -0.046966        0.059694
     H    6       -0.046966       -0.203781       -0.325049
     H    6        0.059694       -0.325049       -0.316314

     H    7        0.400230        0.104419       -0.036345
     H    7        0.104419       -0.594406        0.361216
     H    7       -0.036345        0.361216        0.194176

     C    8       -0.567345       -0.055742       -0.324003
     C    8       -0.055742       -0.027597        0.348688
     C    8       -0.324003        0.348688        0.594943

     H    9       -0.424951        0.284637       -0.475015
     H    9        0.284637        0.223063        0.194267
     H    9       -0.475015        0.194267        0.201888

     C   10       -0.221962       -0.389172        0.006669
     C   10       -0.389172       -0.331330        0.542371
     C   10        0.006669        0.542371        0.553292

     C   11       -0.338748        0.141520       -0.289556
     C   11        0.141520       -0.075245        0.503011
     C   11       -0.289556        0.503011        0.413992

     Cl  12       -0.004857       -0.167396       -0.073685
     Cl  12       -0.167396       -0.071354        0.016881
     Cl  12       -0.073685        0.016881        0.076211

     H   13        0.454246       -0.087683       -0.189614
     H   13       -0.087683       -0.046745       -0.519580
     H   13       -0.189614       -0.519580       -0.407502

     C   14       -0.173800        0.332541       -0.059196
     C   14        0.332541       -0.400096       -0.352910
     C   14       -0.059196       -0.352910        0.573895

     H   15       -0.340442       -0.483565       -0.367351
     H   15       -0.483565        0.041963       -0.208708
     H   15       -0.367351       -0.208708        0.298479

     C   16       -0.485880        0.351083       -0.316572
     C   16        0.351083        0.095503       -0.254276
     C   16       -0.316572       -0.254276        0.390377

     C   17       -0.041050        0.118247       -0.246454
     C   17        0.118247       -0.053759       -0.624563
     C   17       -0.246454       -0.624563        0.094809

     Cl  18       -0.084773        0.152874       -0.077058
     Cl  18        0.152874        0.052074       -0.108056
     Cl  18       -0.077058       -0.108056        0.032700

     H   19        0.483256        0.024384        0.015958
     H   19        0.024384       -0.066295        0.507032
     H   19        0.015958        0.507032       -0.416961

     C   20       -0.254417       -0.302833       -0.077188
     C   20       -0.302833       -0.301370        0.404146
     C   20       -0.077188        0.404146        0.555787

     H   21        0.120255        0.082851       -0.421880
     H   21        0.082851        0.467087        0.021189
     H   21       -0.421880        0.021189       -0.587341

     C   22       -0.312708       -0.089590       -0.195022
     C   22       -0.089590       -0.059946        0.312934
     C   22       -0.195022        0.312934        0.372653

     C   23       -0.187463       -0.308704       -0.087212
     C   23       -0.308704       -0.383762        0.451074
     C   23       -0.087212        0.451074        0.571225

     Cl  24       -0.066151       -0.010390       -0.091521
     Cl  24       -0.010390        0.004358        0.132050
     Cl  24       -0.091521        0.132050        0.061793

     ----- ionic term -----
     Cl   1        0.135093       -0.191815       -0.047109
     Cl   1       -0.191815       -0.020991        0.031622
     Cl   1       -0.047109        0.031622       -0.114102

     C    2        0.236815       -0.078829        0.158737
     C    2       -0.078829       -0.030500        0.501517
     C    2        0.158737        0.501517       -0.206315

     C    3        0.217253       -0.173285        0.107739
     C    3       -0.173285       -0.001114        0.467755
     C    3        0.107739        0.467755       -0.216138

     H    4        0.656758        0.391881        0.602432
     H    4        0.391881       -0.430328        0.264942
     H    4        0.602432        0.264942       -0.226431

     C    5        0.348641       -0.198579        0.164741
     C    5       -0.198579       -0.103024        0.363434
     C    5        0.164741        0.363434       -0.245616

     H    6       -0.526368        0.014914        0.015879
     H    6        0.014914        0.412516        0.811774
     H    6        0.015879        0.811774        0.113852

     H    7       -0.492195       -0.117953        0.091748
     H    7       -0.117953        0.582803       -0.725350
     H    7        0.091748       -0.725350       -0.090608

     C    8        0.305101        0.252494        0.297406
     C    8        0.252494        0.019008       -0.273923
     C    8        0.297406       -0.273923       -0.324109

     H    9        0.568841       -0.271328        0.710067
     H    9       -0.271328       -0.423310       -0.241787
     H    9        0.710067       -0.241787       -0.145531

     C   10        0.184121        0.285050        0.218426
     C   10        0.285050        0.161884       -0.344739
     C   10        0.218426       -0.344739       -0.346004

     C   11        0.159208        0.199473        0.358529
     C   11        0.199473        0.116907       -0.334407
     C   11        0.358529       -0.334407       -0.276115

     Cl  12        0.136069        0.221225        0.060489
     Cl  12        0.221225        0.024366        0.028997
     Cl  12        0.060489        0.028997       -0.160435

     H   13       -0.502393        0.090812        0.067032
     H   13        0.090812        0.540606        0.780749
     H   13        0.067032        0.780749       -0.038213

     C   14        0.376979       -0.145048        0.164283
     C   14       -0.145048       -0.039515        0.369490
     C   14        0.164283        0.369490       -0.337463

     H   15        0.642746        0.403966        0.595676
     H   15        0.403966       -0.410892        0.271694
     H   15        0.595676        0.271694       -0.231854

     C   16        0.217001       -0.203222        0.103790
     C   16       -0.203222        0.068780        0.458201
     C   16        0.103790        0.458201       -0.285781

     C   17        0.230188       -0.139632        0.205182
     C   17       -0.139632        0.000528        0.444071
     C   17        0.205182        0.444071       -0.230716

     Cl  18        0.129450       -0.181391       -0.026996
     Cl  18       -0.181391       -0.012032        0.015945
     Cl  18       -0.026996        0.015945       -0.117418

     H   19       -0.527222       -0.016181        0.029444
     H   19       -0.016181        0.656796       -0.704843
     H   19        0.029444       -0.704843       -0.129574

     C   20        0.217624        0.202318        0.323490
     C   20        0.202318        0.060572       -0.279697
     C   20        0.323490       -0.279697       -0.278196

     H   21        0.376839       -0.272571        0.754408
     H   21       -0.272571       -0.427990       -0.281127
     H   21        0.754408       -0.281127        0.051151

     C   22        0.081295        0.257018        0.225754
     C   22        0.257018        0.152397       -0.354131
     C   22        0.225754       -0.354131       -0.233692

     C   23        0.147059        0.251217        0.251099
     C   23        0.251217        0.116257       -0.361128
     C   23        0.251099       -0.361128       -0.263316

     Cl  24        0.106329        0.231563        0.009483
     Cl  24        0.231563        0.036254        0.000549
     Cl  24        0.009483        0.000549       -0.142583

     ----- GIPAW term -----
     Cl   1       -0.069612       -0.546581       -0.250791
     Cl   1       -0.546581       -0.442365       -0.023043
     Cl   1       -0.250791       -0.023043        0.511977

     C    2       -0.145062       -0.092592        0.022960
     C    2       -0.092592       -0.122127       -0.055264
     C    2        0.022960       -0.055264        0.267189

     C    3       -0.079791       -0.015516       -0.076189
     C    3       -0.015516       -0.081448        0.047942
     C    3       -0.076189        0.047942        0.161240

     H    4       -0.000000        0.000000        0.000000
     H    4        0.000000        0.000000        0.000000
     H    4        0.000000        0.000000        0.000000

     C    5       -0.216543        0.075730       -0.046342
     C    5        0.075730        0.269725       -0.017998
     C    5       -0.046342       -0.017998       -0.053182

     H    6       -0.000000        0.000000        0.000000
     H    6        0.000000        0.000000        0.000000
     H    6        0.000000        0.000000        0.000000

     H    7       -0.000000        0.000000        0.000000
     H    7        0.000000        0.000000        0.000000
     H    7        0.000000        0.000000        0.000000

     C    8       -0.148745        0.019017        0.037792
     C    8        0.019017       -0.089694        0.099877
     C    8        0.037792        0.099877        0.238440

     H    9       -0.000000        0.000000        0.000000
     H    9        0.000000        0.000000        0.000000
     H    9        0.000000        0.000000        0.000000

     C   10       -0.080942       -0.012333        0.089498
     C   10       -0.012333       -0.072818        0.162939
     C   10        0.089498        0.162939        0.153759

     C   11       -0.035558        0.158869        0.049178
     C   11        0.158869       -0.087660        0.098713
     C   11        0.049178        0.098713        0.123217

     Cl  12        1.755657        1.502670       -0.604676
     Cl  12        1.502670       -0.393497        0.116707
     Cl  12       -0.604676        0.116707       -1.362159

     H   13       -0.000000        0.000000        0.000000
     H   13        0.000000        0.000000        0.000000
     H   13        0.000000        0.000000        0.000000

     C   14       -0.075665        0.070359        0.080284
     C   14        0.070359       -0.191956        0.000214
     C   14        0.080284        0.000214        0.267622

     H   15       -0.000000        0.000000        0.000000
     H   15        0.000000        0.000000        0.000000
     H   15        0.000000        0.000000        0.000000

     C   16       -0.136306        0.127489       -0.035620
     C   16        0.127489        0.107828        0.042316
     C   16       -0.035620        0.042316        0.028478

     C   17        0.016813       -0.009260       -0.040598
     C   17       -0.009260        0.146876       -0.100887
     C   17       -0.040598       -0.100887       -0.163688

     Cl  18        0.362339        0.074765       -1.401495
     Cl  18        0.074765        0.663173       -1.829569
     Cl  18       -1.401495       -1.829569       -1.025512

     H   19       -0.000000        0.000000        0.000000
     H   19        0.000000        0.000000        0.000000
     H   19        0.000000        0.000000        0.000000

     C   20       -0.120435       -0.034095        0.038726
     C   20       -0.034095       -0.183097        0.121393
     C   20        0.038726        0.121393        0.303532

     H   21       -0.000000        0.000000        0.000000
     H   21        0.000000        0.000000        0.000000
     H   21        0.000000        0.000000        0.000000

     C   22       -0.166342        0.022242       -0.002414
     C   22        0.022242       -0.075185        0.110622
     C   22       -0.002414        0.110622        0.241526

     C   23       -0.077749        0.063937        0.079924
     C   23        0.063937       -0.124486        0.164807
     C   23        0.079924        0.164807        0.202235

     Cl  24       -0.214097        1.524991       -0.587567
     Cl  24        1.524991        0.555524        2.153676
     Cl  24       -0.587567        2.153676       -0.341427

     ----- total EFG -----
     Cl   1        0.320936       -0.643165       -0.239440
     Cl   1       -0.643165       -0.145260        0.140272
     Cl   1       -0.239440        0.140272       -0.175676

     C    2       -0.428519       -0.239603       -0.040817
     C    2       -0.239603       -0.171206        0.094166
     C    2       -0.040817        0.094166        0.599725

     C    3        0.081184       -0.021266       -0.189410
     C    3       -0.021266       -0.512147        0.054706
     C    3       -0.189410        0.054706        0.430963

     H    4        0.090076        0.157225        0.393078
     H    4        0.157225       -0.054031        0.081949
     H    4        0.393078        0.081949       -0.036045

     C    5       -0.630681        0.248554       -0.255118
     C    5        0.248554        0.574125        0.132286
     C    5       -0.255118        0.132286        0.056556

     H    6       -0.006273       -0.032052        0.075573
     H    6       -0.032052        0.208735        0.486725
     H    6        0.075573        0.486725       -0.202462

     H    7       -0.091965       -0.013534        0.055403
     H    7       -0.013534       -0.011603       -0.364134
     H    7        0.055403       -0.364134        0.103568

     C    8       -0.410990        0.215769        0.011194
     C    8        0.215769       -0.098283        0.174642
     C    8        0.011194        0.174642        0.509273

     H    9        0.143890        0.013309        0.235051
     H    9        0.013309       -0.200247       -0.047520
     H    9        0.235051       -0.047520        0.056358

     C   10       -0.118783       -0.116455        0.314593
     C   10       -0.116455       -0.242263        0.360571
     C   10        0.314593        0.360571        0.361046

     C   11       -0.215097        0.499862        0.118152
     C   11        0.499862       -0.045998        0.267317
     C   11        0.118152        0.267317        0.261094

     Cl  12        1.886869        1.556499       -0.617873
     Cl  12        1.556499       -0.440485        0.162585
     Cl  12       -0.617873        0.162585       -1.446384

     H   13       -0.048147        0.003129       -0.122583
     H   13        0.003129        0.493861        0.261170
     H   13       -0.122583        0.261170       -0.445715

     C   14        0.127514        0.257853        0.185371
     C   14        0.257853       -0.631567        0.016794
     C   14        0.185371        0.016794        0.504054

     H   15        0.302304       -0.079599        0.228325
     H   15       -0.079599       -0.368929        0.062987
     H   15        0.228325        0.062987        0.066625

     C   16       -0.405185        0.275351       -0.248401
     C   16        0.275351        0.272111        0.246241
     C   16       -0.248401        0.246241        0.133074

     C   17        0.205951       -0.030644       -0.081870
     C   17       -0.030644        0.093644       -0.281379
     C   17       -0.081870       -0.281379       -0.299595

     Cl  18        0.407016        0.046248       -1.505549
     Cl  18        0.046248        0.703215       -1.921680
     Cl  18       -1.505549       -1.921680       -1.110230

     H   19       -0.043966        0.008202        0.045402
     H   19        0.008202        0.590501       -0.197811
     H   19        0.045402       -0.197811       -0.546535

     C   20       -0.157229       -0.134610        0.285028
     C   20       -0.134610       -0.423894        0.245843
     C   20        0.285028        0.245843        0.581123

     H   21        0.497093       -0.189720        0.332528
     H   21       -0.189720        0.039097       -0.259938
     H   21        0.332528       -0.259938       -0.536190

     C   22       -0.397754        0.189670        0.028318
     C   22        0.189670        0.017267        0.069426
     C   22        0.028318        0.069426        0.380487

     C   23       -0.118153        0.006449        0.243812
     C   23        0.006449       -0.391991        0.254752
     C   23        0.243812        0.254752        0.510144

     Cl  24       -0.173919        1.746164       -0.669606
     Cl  24        1.746164        0.596136        2.286275
     Cl  24       -0.669606        2.286275       -0.422217

     ----- total EFG (symmetrized) -----
     Cl   1        0.320936       -0.643165       -0.239440
     Cl   1       -0.643165       -0.145260        0.140272
     Cl   1       -0.239440        0.140272       -0.175676

     C    2       -0.428519       -0.239603       -0.040817
     C    2       -0.239603       -0.171206        0.094166
     C    2       -0.040817        0.094166        0.599725

     C    3        0.081184       -0.021266       -0.189410
     C    3       -0.021266       -0.512147        0.054706
     C    3       -0.189410        0.054706        0.430963

     H    4        0.090076        0.157225        0.393078
     H    4        0.157225       -0.054031        0.081949
     H    4        0.393078        0.081949       -0.036045

     C    5       -0.630681        0.248554       -0.255118
     C    5        0.248554        0.574125        0.132286
     C    5       -0.255118        0.132286        0.056556

     H    6       -0.006273       -0.032052        0.075573
     H    6       -0.032052        0.208735        0.486725
     H    6        0.075573        0.486725       -0.202462

     H    7       -0.091965       -0.013534        0.055403
     H    7       -0.013534       -0.011603       -0.364134
     H    7        0.055403       -0.364134        0.103568

     C    8       -0.410990        0.215769        0.011194
     C    8        0.215769       -0.098283        0.174642
     C    8        0.011194        0.174642        0.509273

     H    9        0.143890        0.013309        0.235051
     H    9        0.013309       -0.200247       -0.047520
     H    9        0.235051       -0.047520        0.056358

     C   10       -0.118783       -0.116455        0.314593
     C   10       -0.116455       -0.242263        0.360571
     C   10        0.314593        0.360571        0.361046

     C   11       -0.215097        0.499862        0.118152
     C   11        0.499862       -0.045998        0.267317
     C   11        0.118152        0.267317        0.261094

     Cl  12        1.886869        1.556499       -0.617873
     Cl  12        1.556499       -0.440485        0.162585
     Cl  12       -0.617873        0.162585       -1.446384

     H   13       -0.048147        0.003129       -0.122583
     H   13        0.003129        0.493861        0.261170
     H   13       -0.122583        0.261170       -0.445715

     C   14        0.127514        0.257853        0.185371
     C   14        0.257853       -0.631567        0.016794
     C   14        0.185371        0.016794        0.504054

     H   15        0.302304       -0.079599        0.228325
     H   15       -0.079599       -0.368929        0.062987
     H   15        0.228325        0.062987        0.066625

     C   16       -0.405185        0.275351       -0.248401
     C   16        0.275351        0.272111        0.246241
     C   16       -0.248401        0.246241        0.133074

     C   17        0.205951       -0.030644       -0.081870
     C   17       -0.030644        0.093644       -0.281379
     C   17       -0.081870       -0.281379       -0.299595

     Cl  18        0.407016        0.046248       -1.505549
     Cl  18        0.046248        0.703215       -1.921680
     Cl  18       -1.505549       -1.921680       -1.110230

     H   19       -0.043966        0.008202        0.045402
     H   19        0.008202        0.590501       -0.197811
     H   19        0.045402       -0.197811       -0.546535

     C   20       -0.157229       -0.134610        0.285028
     C   20       -0.134610       -0.423894        0.245843
     C   20        0.285028        0.245843        0.581123

     H   21        0.497093       -0.189720        0.332528
     H   21       -0.189720        0.039097       -0.259938
     H   21        0.332528       -0.259938       -0.536190

     C   22       -0.397754        0.189670        0.028318
     C   22        0.189670        0.017267        0.069426
     C   22        0.028318        0.069426        0.380487

     C   23       -0.118153        0.006449        0.243812
     C   23        0.006449       -0.391991        0.254752
     C   23        0.243812        0.254752        0.510144

     Cl  24       -0.173919        1.746164       -0.669606
     Cl  24        1.746164        0.596136        2.286275
     Cl  24       -0.669606        2.286275       -0.422217


     NQR/NMR SPECTROSCOPIC PARAMETERS:
     Cl   1    Vxx=   -0.2491    axis=(  0.177603 -0.201212  0.963313)
     Cl   1    Vyy=   -0.5977    axis=(  0.583195  0.809989  0.061665)
     Cl   1    Vzz=    0.8468    axis=( -0.792680  0.550847  0.261202)
     Cl   1  Q=        -8.1650 1e-30 m^2  Cq=       -16.2451 MHz  eta= 0.41161

     C    2    Vxx=   -0.0440    axis=( -0.510370  0.845674 -0.156073)
     C    2    Vyy=   -0.5720    axis=(  0.857049  0.515105 -0.011542)
     C    2    Vzz=    0.6160    axis=( -0.070633  0.139652  0.987678)
     C    2  Q=         1.0000 1e-30 m^2  Cq=         1.4473 MHz  eta= 0.85719

     C    3    Vxx=   -0.0017    axis=( -0.916281 -0.004749 -0.400509)
     C    3    Vyy=   -0.5155    axis=( -0.018436 -0.998370  0.054016)
     C    3    Vzz=    0.5172    axis=( -0.400112  0.056878  0.914699)
     C    3  Q=         1.0000 1e-30 m^2  Cq=         1.2153 MHz  eta= 0.99336

     H    4    Vxx=   -0.1045    axis=(  0.142981 -0.941322  0.305727)
     H    4    Vyy=   -0.3766    axis=( -0.664798  0.137498  0.734260)
     H    4    Vzz=    0.4811    axis=(  0.733212  0.308232  0.606130)
     H    4  Q=         1.0000 1e-30 m^2  Cq=         1.1304 MHz  eta= 0.56548

     C    5    Vxx=    0.1366    axis=( -0.340278 -0.089706  0.936036)
     C    5    Vyy=    0.6357    axis=(  0.160802  0.975225  0.151918)
     C    5    Vzz=   -0.7723    axis=( -0.926474  0.202211 -0.317423)
     C    5  Q=         1.0000 1e-30 m^2  Cq=        -1.8147 MHz  eta= 0.64621

     H    6    Vxx=    0.0056    axis=(  0.988244 -0.106608  0.109579)
     H    6    Vyy=    0.5319    axis=( -0.028284 -0.831874 -0.554243)
     H    6    Vzz=   -0.5375    axis=(  0.150243  0.544629 -0.825110)
     H    6  Q=         1.0000 1e-30 m^2  Cq=        -1.2629 MHz  eta= 0.97930

     H    7    Vxx=   -0.0942    axis=(  0.988860  0.148821 -0.003008)
     H    7    Vyy=   -0.3255    axis=( -0.110990  0.750651  0.651310)
     H    7    Vzz=    0.4197    axis=(  0.099187 -0.643720  0.758806)
     H    7  Q=         1.0000 1e-30 m^2  Cq=         0.9862 MHz  eta= 0.55127

     C    8    Vxx=   -0.0348    axis=(  0.471596  0.836745 -0.278309)
     C    8    Vyy=   -0.5260    axis=(  0.878814 -0.471985  0.070119)
     C    8    Vzz=    0.5607    axis=(  0.072686  0.277649  0.957929)
     C    8  Q=         1.0000 1e-30 m^2  Cq=         1.3175 MHz  eta= 0.87602

     H    9    Vxx=   -0.1153    axis=(  0.581597  0.464709 -0.667675)
     H    9    Vyy=   -0.2247    axis=(  0.272991 -0.884667 -0.377941)
     H    9    Vzz=    0.3400    axis=( -0.766303  0.037540 -0.641381)
     H    9  Q=         1.0000 1e-30 m^2  Cq=         0.7988 MHz  eta= 0.32161

     C   10    Vxx=   -0.0542    axis=(  0.787806 -0.612484 -0.065007)
     C   10    Vyy=   -0.5576    axis=(  0.520842  0.718806 -0.460480)
     C   10    Vzz=    0.6118    axis=(  0.328764  0.328910  0.885287)
     C   10  Q=         1.0000 1e-30 m^2  Cq=         1.4376 MHz  eta= 0.82282

     C   11    Vxx=    0.0384    axis=( -0.481610 -0.425378  0.766228)
     C   11    Vyy=    0.6072    axis=(  0.465847  0.616299  0.634950)
     C   11    Vzz=   -0.6457    axis=( -0.742320  0.662743 -0.098654)
     C   11  Q=         1.0000 1e-30 m^2  Cq=        -1.5171 MHz  eta= 0.88097

     Cl  12    Vxx=   -0.9190    axis=( -0.294234  0.760297  0.579115)
     Cl  12    Vyy=   -1.8034    axis=( -0.339053  0.483491 -0.807019)
     Cl  12    Vzz=    2.7224    axis=( -0.893571 -0.433803  0.115522)
     Cl  12  Q=        -8.1650 1e-30 m^2  Cq=       -52.2275 MHz  eta= 0.32485

     H   13    Vxx=   -0.0205    axis=(  0.970831  0.103824 -0.216118)
     H   13    Vyy=   -0.5423    axis=(  0.235240 -0.238211  0.942294)
     H   13    Vzz=    0.5629    axis=(  0.046351 -0.965648 -0.255686)
     H   13  Q=         1.0000 1e-30 m^2  Cq=         1.3225 MHz  eta= 0.92707

     C   14    Vxx=    0.1207    axis=(  0.858101  0.284587 -0.427403)
     C   14    Vyy=    0.5914    axis=(  0.416748  0.100273  0.903475)
     C   14    Vzz=   -0.7121    axis=( -0.299974  0.953392  0.032557)
     C   14  Q=         1.0000 1e-30 m^2  Cq=        -1.6732 MHz  eta= 0.66101

     H   15    Vxx=   -0.0447    axis=( -0.482105  0.279683  0.830273)
     H   15    Vyy=   -0.3982    axis=(  0.180175  0.959071 -0.218450)
     H   15    Vzz=    0.4430    axis=( -0.857387  0.044279 -0.512764)
     H   15  Q=         1.0000 1e-30 m^2  Cq=         1.0408 MHz  eta= 0.79802

     C   16    Vxx=    0.1706    axis=(  0.519462  0.409786 -0.749823)
     C   16    Vyy=    0.4663    axis=( -0.111999 -0.837284 -0.535175)
     C   16    Vzz=   -0.6369    axis=(  0.847122 -0.361982  0.389041)
     C   16  Q=         1.0000 1e-30 m^2  Cq=        -1.4965 MHz  eta= 0.46434

     C   17    Vxx=    0.2132    axis=(  0.923738 -0.378282  0.060093)
     C   17    Vyy=    0.2444    axis=(  0.360402  0.805293 -0.470758)
     C   17    Vzz=   -0.4576    axis=(  0.129687  0.456515  0.880213)
     C   17  Q=         1.0000 1e-30 m^2  Cq=        -1.0752 MHz  eta= 0.06828

     Cl  18    Vxx=    0.4703    axis=(  0.806429 -0.589042 -0.051988)
     Cl  18    Vyy=    2.3614    axis=( -0.458423 -0.678288  0.574259)
     Cl  18    Vzz=   -2.8317    axis=( -0.373526 -0.439267 -0.817021)
     Cl  18  Q=        -8.1650 1e-30 m^2  Cq=        54.3251 MHz  eta= 0.66784

     H   19    Vxx=   -0.0400    axis=(  0.996369  0.013414  0.084073)
     H   19    Vyy=   -0.5839    axis=(  0.085133 -0.166070 -0.982432)
     H   19    Vzz=    0.6239    axis=(  0.000784  0.986023 -0.166609)
     H   19  Q=         1.0000 1e-30 m^2  Cq=         1.4660 MHz  eta= 0.87170

     C   20    Vxx=   -0.1286    axis=(  0.841576 -0.516146 -0.159194)
     C   20    Vyy=   -0.5826    axis=(  0.459901  0.839297 -0.289952)
     C   20    Vzz=    0.7112    axis=(  0.283269  0.170803  0.943708)
     C   20  Q=         1.0000 1e-30 m^2  Cq=         1.6710 MHz  eta= 0.63838

     H   21    Vxx=   -0.0078    axis=(  0.437716  0.884797 -0.159808)
     H   21    Vyy=   -0.6905    axis=(  0.217841 -0.276807 -0.935908)
     H   21    Vzz=    0.6983    axis=( -0.872325  0.374849 -0.313908)
     H   21  Q=         1.0000 1e-30 m^2  Cq=         1.6407 MHz  eta= 0.97763

     C   22    Vxx=    0.0726    axis=(  0.351061  0.905967 -0.236601)
     C   22    Vyy=    0.3987    axis=(  0.086945  0.220052  0.971606)
     C   22    Vzz=   -0.4714    axis=( -0.932307  0.361665  0.001517)
     C   22  Q=         1.0000 1e-30 m^2  Cq=        -1.1075 MHz  eta= 0.69183

     C   23    Vxx=   -0.1813    axis=( -0.937273  0.256604  0.235953)
     C   23    Vyy=   -0.4694    axis=(  0.184093  0.939135 -0.290061)
     C   23    Vzz=    0.6507    axis=(  0.296023  0.228429  0.927465)
     C   23  Q=         1.0000 1e-30 m^2  Cq=         1.5289 MHz  eta= 0.44277

     Cl  24    Vxx=    0.3807    axis=(  0.793716  0.018946 -0.607993)
     Cl  24    Vyy=    2.7926    axis=( -0.357016 -0.794743 -0.490839)
     Cl  24    Vzz=   -3.1733    axis=( -0.492498  0.606650 -0.624036)
     Cl  24  Q=        -8.1650 1e-30 m^2  Cq=        60.8773 MHz  eta= 0.76007

     Initialization:
     gipaw_setup  :      9.39s CPU     11.53s WALL (       1 calls)

     Linear response

     Apply operators

     Induced current

     Other routines
     efg          :     19.06s CPU     32.08s WALL (       1 calls)

     General routines
     calbec       :      3.34s CPU      4.25s WALL (      16 calls)
     fft          :      1.63s CPU      2.61s WALL (      15 calls)
     ffts         :      0.04s CPU      0.05s WALL (       2 calls)
     fftw         :     12.89s CPU     24.03s WALL (     672 calls)
     davcio       :      0.02s CPU      0.34s WALL (      32 calls)

     Parallel routines
     fft_scatter  :     11.72s CPU     23.82s WALL (     689 calls)

     Plugins

     GIPAW        :     71.22s CPU     94.06s WALL (       1 calls)
