
     Program QE v.6.0 (svn rev. 13079) starts on 17Dec2016 at 11:41:28 

     This program is part of the open-source Quantum ESPRESSO suite
     for quantum simulation of materials; please cite
         "P. Giannozzi et al., J. Phys.:Condens. Matter 21 395502 (2009);
          URL http://www.quantum-espresso.org", 
     in publications or presentations arising from this work. More details at
     http://www.quantum-espresso.org/quote

     Parallel version (MPI), running on     8 processors
     R & G space division:  proc/nbgrp/npool/nimage =       8

     ***** This is GIPAW svn revision unknown      *****

     Parallelizing q-star over 1 images

     Reading data from directory:
     /users/majewski/paradichlorobenzene/pbe/9_constraint/scratch/pbe.ecut100.np8.dt60.pcl2phi-129368.save
     Message from routine read_xml_file:
     file /users/majewski/paradichlorobenzene/pbe/9_constraint/scratch/pbe.ecut100.np8.dt60.pcl2phi-129368.save not guaranteed to be safe for post-processing

   Info: using nr1, nr2, nr3 values from input

   Info: using nr1, nr2, nr3 values from input

     IMPORTANT: XC functional enforced from input :
     Exchange-correlation      =  SLA  PW   PBX  PBC ( 1  4  3  4 0 0)
     Any further DFT definition will be discarded
     Please, verify this is what you really want

               file C.pbe-n-kjpaw_psl.1.0.0.UPF: wavefunction(s)  2S 2P renormalized
               file Cl.pbe-n-kjpaw_psl.1.0.0.UPF: wavefunction(s)  3S 3P renormalized
               file H.pbe-kjpaw_psl.1.0.0.UPF: wavefunction(s)  1S renormalized

     Parallelization info
     --------------------
     sticks:   dense  smooth     PW     G-vecs:    dense   smooth      PW
     Min        3057    1223    332               144436    36536    5170
     Max        3059    1225    333               144437    36537    5171
     Sum       24467    9791   2657              1155489   292295   41363


     Subspace diagonalization in iterative solution of the eigenvalue problem:
     a serial algorithm will be used

     GIPAW projectors -----------------------------------------------
     atom=  C    l=0  rc=    1.2000  rs=    0.8000
     atom=  C    l=0  rc=    1.2000  rs=    0.8000
     atom=  C    l=1  rc=    1.4000  rs=    0.9333
     atom=  C    l=1  rc=    1.4000  rs=    0.9333
     projs nearly linearly dependent: l=1  n1,n2= 1, 2  s=  0.99951561

     atom=  Cl   l=0  rc=    1.6000  rs=    1.0667
     atom=  Cl   l=0  rc=    1.6000  rs=    1.0667
     atom=  Cl   l=1  rc=    1.6000  rs=    1.0667
     atom=  Cl   l=1  rc=    1.6000  rs=    1.0667
     atom=  Cl   l=2  rc=    1.6000  rs=    1.0667
     atom=  Cl   l=2  rc=    1.6000  rs=    1.0667
     projs nearly linearly dependent: l=2  n1,n2= 1, 2  s=  0.99993509

     atom=  H    l=0  rc=    1.0000  rs=    0.6667
     atom=  H    l=0  rc=    1.0000  rs=    0.6667
     projs nearly linearly dependent: l=0  n1,n2= 1, 2  s=  0.99968852
     -----------------------------------------------------------------

     GIPAW integrals: -------------------------------------------
     Atom  i/j   nmr_para   nmr_dia   epr_rmc  epr_para   epr_dia
       C   1 1   0.83E+03  0.17E-01  0.93E+01  0.24E+08  0.24E+03
       C   2 1   0.86E+03 -0.61E-01  0.94E+01  0.25E+08  0.25E+03
       C   2 2   0.90E+03 -0.15E+00  0.97E+01  0.26E+08  0.26E+03
       C   3 3   0.33E+01  0.34E+00  0.18E+01  0.55E+03  0.21E+02
       C   4 3   0.35E+01  0.37E+00  0.20E+01  0.59E+03  0.22E+02
       C   4 4   0.38E+01  0.39E+00  0.22E+01  0.63E+03  0.24E+02
       Cl  1 1   0.14E+04 -0.47E+00  0.84E+01  0.32E+09  0.42E+03
       Cl  2 1   0.21E+04 -0.37E+00  0.12E+02  0.49E+09  0.65E+03
       Cl  2 2   0.33E+04 -0.16E+00  0.21E+02  0.76E+09  0.10E+04
       Cl  3 3   0.21E+02  0.79E-01  0.89E+01  0.23E+05  0.13E+03
       Cl  4 3   0.24E+02  0.67E-01  0.99E+01  0.27E+05  0.15E+03
       Cl  4 4   0.28E+02  0.44E-01  0.11E+02  0.32E+05  0.18E+03
       Cl  5 5   0.77E+00  0.19E+00  0.18E+01  0.12E+03  0.22E+02
       Cl  6 5   0.80E+00  0.19E+00  0.19E+01  0.12E+03  0.23E+02
       Cl  6 6   0.83E+00  0.20E+00  0.19E+01  0.12E+03  0.23E+02
       H   1 1   0.39E+02  0.19E+00  0.29E+00  0.78E+05  0.13E+02
       H   2 1   0.41E+02  0.21E+00  0.32E+00  0.82E+05  0.14E+02
       H   2 2   0.43E+02  0.22E+00  0.36E+00  0.86E+05  0.15E+02
     ------------------------------------------------------------

     alpha_pv=     34.1528 eV

     Number of occupied bands for each k-point:
     k-point:     1    nbnd_occ=  42
     k-point:     2    nbnd_occ=  42
     k-point:     3    nbnd_occ=  42
     k-point:     4    nbnd_occ=  42
     k-point:     5    nbnd_occ=  42
     k-point:     6    nbnd_occ=  42
     k-point:     7    nbnd_occ=  42
     k-point:     8    nbnd_occ=  42
     k-point:     9    nbnd_occ=  42
     k-point:    10    nbnd_occ=  42
     k-point:    11    nbnd_occ=  42
     k-point:    12    nbnd_occ=  42
     k-point:    13    nbnd_occ=  42
     k-point:    14    nbnd_occ=  42
     k-point:    15    nbnd_occ=  42
     k-point:    16    nbnd_occ=  42


     q-space interpolation up to   110.00 Rydberg

     GIPAW job: efg                                                                             


     ELECTRIC FIELD GRADIENTS TENSORS IN Hartree/bohrradius^2:

     ----- bare term -----
     Cl   1        0.029737       -0.041211       -0.142488
     Cl   1       -0.041211       -0.056849       -0.052736
     Cl   1       -0.142488       -0.052736        0.027112

     C    2       -0.499694        0.294943       -0.396108
     C    2        0.294943       -0.032549       -0.167324
     C    2       -0.396108       -0.167324        0.532243

     C    3       -0.015294        0.007026       -0.291970
     C    3        0.007026       -0.292006       -0.494770
     C    3       -0.291970       -0.494770        0.307300

     H    4       -0.476871       -0.256052       -0.439967
     H    4       -0.256052        0.295517       -0.194205
     H    4       -0.439967       -0.194205        0.181354

     C    5       -0.883946        0.372456       -0.428260
     C    5        0.372456        0.445332       -0.038197
     C    5       -0.428260       -0.038197        0.438614

     H    6        0.383403       -0.059497       -0.043572
     H    6       -0.059497       -0.516377       -0.625429
     H    6       -0.043572       -0.625429        0.132973

     H    7        0.350986       -0.174253        0.012832
     H    7       -0.174253       -0.631168        0.409943
     H    7        0.012832        0.409943        0.280182

     C    8       -0.229380       -0.039468       -0.306036
     C    8       -0.039468        0.027572        0.532943
     C    8       -0.306036        0.532943        0.201808

     H    9       -0.117209        0.197233       -0.449812
     H    9        0.197233        0.281518        0.397507
     H    9       -0.449812        0.397507       -0.164310

     C   10       -0.611012       -0.348243       -0.313502
     C   10       -0.348243        0.185014        0.167579
     C   10       -0.313502        0.167579        0.425998

     C   11       -0.038149       -0.100707       -0.251012
     C   11       -0.100707       -0.129566        0.563586
     C   11       -0.251012        0.563586        0.167715

     Cl  12       -0.157397       -0.195196        0.003301
     Cl  12       -0.195196        0.154595       -0.054604
     Cl  12        0.003301       -0.054604        0.002802

     H   13        0.121200        0.172494        0.339673
     H   13        0.172494        0.000412       -0.464093
     H   13        0.339673       -0.464093       -0.121613

     C   14       -0.091625       -0.184191       -0.424396
     C   14       -0.184191       -0.209742       -0.321622
     C   14       -0.424396       -0.321622        0.301368

     H   15       -0.008372       -0.225387       -0.409585
     H   15       -0.225387        0.045386       -0.513203
     H   15       -0.409585       -0.513203       -0.037014

     C   16       -0.687436        0.355652       -0.399889
     C   16        0.355652        0.245542        0.006318
     C   16       -0.399889        0.006318        0.441894

     C   17        0.026703       -0.074992       -0.263429
     C   17       -0.074992       -0.145455       -0.487432
     C   17       -0.263429       -0.487432        0.118752

     Cl  18       -0.144277        0.236854       -0.000368
     Cl  18        0.236854       -0.062850       -0.011804
     Cl  18       -0.000368       -0.011804        0.207127

     H   19        0.390073        0.060766        0.299408
     H   19        0.060766        0.068116        0.224833
     H   19        0.299408        0.224833       -0.458189

     C   20       -0.592085       -0.365177       -0.356068
     C   20       -0.365177        0.348791        0.283576
     C   20       -0.356068        0.283576        0.243294

     H   21        0.136431        0.082843       -0.317313
     H   21        0.082843        0.405215       -0.153904
     H   21       -0.317313       -0.153904       -0.541646

     C   22        0.033100       -0.266691       -0.104954
     C   22       -0.266691       -0.130898        0.305719
     C   22       -0.104954        0.305719        0.097797

     C   23       -0.342968       -0.308000       -0.413012
     C   23       -0.308000        0.089868        0.358418
     C   23       -0.413012        0.358418        0.253100

     Cl  24       -0.023796       -0.049730       -0.036726
     Cl  24       -0.049730       -0.016393       -0.017328
     Cl  24       -0.036726       -0.017328        0.040188

     ----- ionic term -----
     Cl   1        0.176129       -0.227467        0.007089
     Cl   1       -0.227467       -0.029101       -0.000643
     Cl   1        0.007089       -0.000643       -0.147028

     C    2        0.224163       -0.192620        0.228615
     C    2       -0.192620        0.025721        0.435306
     C    2        0.228615        0.435306       -0.249883

     C    3        0.143283       -0.207951        0.148776
     C    3       -0.207951        0.105235        0.447040
     C    3        0.148776        0.447040       -0.248518

     H    4        0.429632        0.444563        0.638841
     H    4        0.444563       -0.311445        0.367114
     H    4        0.638841        0.367114       -0.118187

     C    5        0.314883       -0.156427        0.253876
     C    5       -0.156427       -0.021784        0.332064
     C    5        0.253876        0.332064       -0.293099

     H    6       -0.513327       -0.004534        0.008519
     H    6       -0.004534        0.646696        0.730051
     H    6        0.008519        0.730051       -0.133368

     H    7       -0.528061        0.067707       -0.018444
     H    7        0.067707        0.608785       -0.733986
     H    7       -0.018444       -0.733986       -0.080723

     C    8        0.220861        0.274391        0.344467
     C    8        0.274391        0.025193       -0.274858
     C    8        0.344467       -0.274858       -0.246054

     H    9        0.485473       -0.213698        0.737541
     H    9       -0.213698       -0.484754       -0.227159
     H    9        0.737541       -0.227159       -0.000719

     C   10        0.134304        0.324106        0.234295
     C   10        0.324106        0.137465       -0.321521
     C   10        0.234295       -0.321521       -0.271768

     C   11        0.183444        0.273911        0.305069
     C   11        0.273911        0.041896       -0.345306
     C   11        0.305069       -0.345306       -0.225340

     Cl  12        0.150096        0.220712        0.015735
     Cl  12        0.220712        0.009226        0.003902
     Cl  12        0.015735        0.003902       -0.159322

     H   13       -0.472257       -0.184605       -0.119632
     H   13       -0.184605        0.456265        0.765304
     H   13       -0.119632        0.765304        0.015992

     C   14        0.344990       -0.249719        0.206570
     C   14       -0.249719       -0.057962        0.321461
     C   14        0.206570        0.321461       -0.287028

     H   15        0.640246        0.307782        0.692997
     H   15        0.307782       -0.476596        0.242310
     H   15        0.692997        0.242310       -0.163650

     C   16        0.252339       -0.266079        0.163941
     C   16       -0.266079        0.027473        0.381343
     C   16        0.163941        0.381343       -0.279812

     C   17        0.274953       -0.147365        0.228734
     C   17       -0.147365       -0.036876        0.436876
     C   17        0.228734        0.436876       -0.238077

     Cl  18        0.182571       -0.181767       -0.012883
     Cl  18       -0.181767       -0.050683        0.008065
     Cl  18       -0.012883        0.008065       -0.131888

     H   19       -0.514356        0.091799       -0.051491
     H   19        0.091799        0.369701       -0.791563
     H   19       -0.051491       -0.791563        0.144655

     C   20        0.237446        0.323839        0.353143
     C   20        0.323839       -0.031962       -0.251811
     C   20        0.353143       -0.251811       -0.205484

     H   21        0.403352       -0.253392        0.764216
     H   21       -0.253392       -0.420919       -0.276511
     H   21        0.764216       -0.276511        0.017568

     C   22        0.130139        0.340217        0.260780
     C   22        0.340217        0.115173       -0.310519
     C   22        0.260780       -0.310519       -0.245312

     C   23        0.191301        0.262695        0.367681
     C   23        0.262695        0.011664       -0.331944
     C   23        0.367681       -0.331944       -0.202964

     Cl  24        0.160420        0.252613        0.063232
     Cl  24        0.252613       -0.011881        0.026879
     Cl  24        0.063232        0.026879       -0.148538

     ----- GIPAW term -----
     Cl   1        1.755681       -1.976997       -1.932549
     Cl   1       -1.976997       -1.030318       -0.313731
     Cl   1       -1.932549       -0.313731       -0.725363

     C    2       -0.031752       -0.114680       -0.198962
     C    2       -0.114680       -0.060014        0.094843
     C    2       -0.198962        0.094843        0.091765

     C    3       -0.065516       -0.102520       -0.104855
     C    3       -0.102520        0.045595        0.059030
     C    3       -0.104855        0.059030        0.019922

     H    4       -0.000000        0.000000        0.000000
     H    4        0.000000        0.000000        0.000000
     H    4        0.000000        0.000000        0.000000

     C    5       -0.247023        0.065247       -0.045669
     C    5        0.065247        0.259282        0.143450
     C    5       -0.045669        0.143450       -0.012259

     H    6       -0.000000        0.000000        0.000000
     H    6        0.000000        0.000000        0.000000
     H    6        0.000000        0.000000        0.000000

     H    7       -0.000000        0.000000        0.000000
     H    7        0.000000        0.000000        0.000000
     H    7        0.000000        0.000000        0.000000

     C    8       -0.098336        0.016265       -0.038930
     C    8        0.016265        0.181337        0.156693
     C    8       -0.038930        0.156693       -0.083001

     H    9       -0.000000        0.000000        0.000000
     H    9        0.000000        0.000000        0.000000
     H    9        0.000000        0.000000        0.000000

     C   10       -0.204480        0.019054       -0.086642
     C   10        0.019054        0.205714       -0.082236
     C   10       -0.086642       -0.082236       -0.001234

     C   11        0.037269        0.046755       -0.026173
     C   11        0.046755        0.086689        0.048952
     C   11       -0.026173        0.048952       -0.123958

     Cl  12        0.334851        0.994650        0.019894
     Cl  12        0.994650        1.487548       -0.529327
     Cl  12        0.019894       -0.529327       -1.822398

     H   13       -0.000000        0.000000        0.000000
     H   13        0.000000        0.000000        0.000000
     H   13        0.000000        0.000000        0.000000

     C   14       -0.026067       -0.149273       -0.178745
     C   14       -0.149273       -0.074139        0.092377
     C   14       -0.178745        0.092377        0.100206

     H   15       -0.000000        0.000000        0.000000
     H   15        0.000000        0.000000        0.000000
     H   15        0.000000        0.000000        0.000000

     C   16       -0.185288       -0.052842       -0.124013
     C   16       -0.052842        0.134443        0.178447
     C   16       -0.124013        0.178447        0.050845

     C   17       -0.070405       -0.100989       -0.024850
     C   17       -0.100989        0.180129        0.124401
     C   17       -0.024850        0.124401       -0.109724

     Cl  18       -0.688384        0.717295       -0.075182
     Cl  18        0.717295        2.462801        0.041496
     Cl  18       -0.075182        0.041496       -1.774416

     H   19       -0.000000        0.000000        0.000000
     H   19        0.000000        0.000000        0.000000
     H   19        0.000000        0.000000        0.000000

     C   20       -0.148134       -0.140872       -0.088122
     C   20       -0.140872        0.177389        0.148723
     C   20       -0.088122        0.148723       -0.029255

     H   21       -0.000000        0.000000        0.000000
     H   21        0.000000        0.000000        0.000000
     H   21        0.000000        0.000000        0.000000

     C   22       -0.035856       -0.068365       -0.071901
     C   22       -0.068365       -0.001916        0.110772
     C   22       -0.071901        0.110772        0.037772

     C   23       -0.090131       -0.060317       -0.107829
     C   23       -0.060317        0.129056        0.184225
     C   23       -0.107829        0.184225       -0.038925

     Cl  24       -0.468825        0.734018       -1.045793
     Cl  24        0.734018       -0.407155        1.828696
     Cl  24       -1.045793        1.828696        0.875979

     ----- total EFG -----
     Cl   1        1.961547       -2.245674       -2.067947
     Cl   1       -2.245674       -1.116269       -0.367111
     Cl   1       -2.067947       -0.367111       -0.845279

     C    2       -0.307283       -0.012358       -0.366455
     C    2       -0.012358       -0.066841        0.362825
     C    2       -0.366455        0.362825        0.374125

     C    3        0.062473       -0.303444       -0.248048
     C    3       -0.303444       -0.141177        0.011300
     C    3       -0.248048        0.011300        0.078704

     H    4       -0.047239        0.188511        0.198874
     H    4        0.188511       -0.015928        0.172909
     H    4        0.198874        0.172909        0.063167

     C    5       -0.816086        0.281276       -0.220053
     C    5        0.281276        0.682830        0.437318
     C    5       -0.220053        0.437318        0.133256

     H    6       -0.129924       -0.064032       -0.035053
     H    6       -0.064032        0.130319        0.104622
     H    6       -0.035053        0.104622       -0.000395

     H    7       -0.177076       -0.106546       -0.005612
     H    7       -0.106546       -0.022383       -0.324043
     H    7       -0.005612       -0.324043        0.199459

     C    8       -0.106854        0.251188       -0.000499
     C    8        0.251188        0.234102        0.414779
     C    8       -0.000499        0.414779       -0.127247

     H    9        0.368264       -0.016465        0.287729
     H    9       -0.016465       -0.203236        0.170348
     H    9        0.287729        0.170348       -0.165029

     C   10       -0.681188       -0.005083       -0.165849
     C   10       -0.005083        0.528193       -0.236178
     C   10       -0.165849       -0.236178        0.152995

     C   11        0.182564        0.219959        0.027884
     C   11        0.219959       -0.000981        0.267232
     C   11        0.027884        0.267232       -0.181583

     Cl  12        0.327550        1.020166        0.038930
     Cl  12        1.020166        1.651369       -0.580030
     Cl  12        0.038930       -0.580030       -1.978919

     H   13       -0.351057       -0.012110        0.220041
     H   13       -0.012110        0.456677        0.301212
     H   13        0.220041        0.301212       -0.105620

     C   14        0.227298       -0.583183       -0.396571
     C   14       -0.583183       -0.341843        0.092216
     C   14       -0.396571        0.092216        0.114545

     H   15        0.631874        0.082395        0.283411
     H   15        0.082395       -0.431210       -0.270893
     H   15        0.283411       -0.270893       -0.200664

     C   16       -0.620384        0.036732       -0.359960
     C   16        0.036732        0.407458        0.566109
     C   16       -0.359960        0.566109        0.212926

     C   17        0.231252       -0.323346       -0.059545
     C   17       -0.323346       -0.002202        0.073845
     C   17       -0.059545        0.073845       -0.229050

     Cl  18       -0.650090        0.772382       -0.088434
     Cl  18        0.772382        2.349268        0.037756
     Cl  18       -0.088434        0.037756       -1.699178

     H   19       -0.124283        0.152565        0.247918
     H   19        0.152565        0.437816       -0.566729
     H   19        0.247918       -0.566729       -0.313534

     C   20       -0.502773       -0.182210       -0.091047
     C   20       -0.182210        0.494218        0.180488
     C   20       -0.091047        0.180488        0.008555

     H   21        0.539782       -0.170549        0.446903
     H   21       -0.170549       -0.015704       -0.430415
     H   21        0.446903       -0.430415       -0.524078

     C   22        0.127383        0.005161        0.083926
     C   22        0.005161       -0.017640        0.105972
     C   22        0.083926        0.105972       -0.109743

     C   23       -0.241798       -0.105622       -0.153161
     C   23       -0.105622        0.230588        0.210699
     C   23       -0.153161        0.210699        0.011211

     Cl  24       -0.332201        0.936901       -1.019287
     Cl  24        0.936901       -0.435428        1.838247
     Cl  24       -1.019287        1.838247        0.767629

     ----- total EFG (symmetrized) -----
     Cl   1        1.961547       -2.245674       -2.067947
     Cl   1       -2.245674       -1.116269       -0.367111
     Cl   1       -2.067947       -0.367111       -0.845279

     C    2       -0.307283       -0.012358       -0.366455
     C    2       -0.012358       -0.066841        0.362825
     C    2       -0.366455        0.362825        0.374125

     C    3        0.062473       -0.303444       -0.248048
     C    3       -0.303444       -0.141177        0.011300
     C    3       -0.248048        0.011300        0.078704

     H    4       -0.047239        0.188511        0.198874
     H    4        0.188511       -0.015928        0.172909
     H    4        0.198874        0.172909        0.063167

     C    5       -0.816086        0.281276       -0.220053
     C    5        0.281276        0.682830        0.437318
     C    5       -0.220053        0.437318        0.133256

     H    6       -0.129924       -0.064032       -0.035053
     H    6       -0.064032        0.130319        0.104622
     H    6       -0.035053        0.104622       -0.000395

     H    7       -0.177076       -0.106546       -0.005612
     H    7       -0.106546       -0.022383       -0.324043
     H    7       -0.005612       -0.324043        0.199459

     C    8       -0.106854        0.251188       -0.000499
     C    8        0.251188        0.234102        0.414779
     C    8       -0.000499        0.414779       -0.127247

     H    9        0.368264       -0.016465        0.287729
     H    9       -0.016465       -0.203236        0.170348
     H    9        0.287729        0.170348       -0.165029

     C   10       -0.681188       -0.005083       -0.165849
     C   10       -0.005083        0.528193       -0.236178
     C   10       -0.165849       -0.236178        0.152995

     C   11        0.182564        0.219959        0.027884
     C   11        0.219959       -0.000981        0.267232
     C   11        0.027884        0.267232       -0.181583

     Cl  12        0.327550        1.020166        0.038930
     Cl  12        1.020166        1.651369       -0.580030
     Cl  12        0.038930       -0.580030       -1.978919

     H   13       -0.351057       -0.012110        0.220041
     H   13       -0.012110        0.456677        0.301212
     H   13        0.220041        0.301212       -0.105620

     C   14        0.227298       -0.583183       -0.396571
     C   14       -0.583183       -0.341843        0.092216
     C   14       -0.396571        0.092216        0.114545

     H   15        0.631874        0.082395        0.283411
     H   15        0.082395       -0.431210       -0.270893
     H   15        0.283411       -0.270893       -0.200664

     C   16       -0.620384        0.036732       -0.359960
     C   16        0.036732        0.407458        0.566109
     C   16       -0.359960        0.566109        0.212926

     C   17        0.231252       -0.323346       -0.059545
     C   17       -0.323346       -0.002202        0.073845
     C   17       -0.059545        0.073845       -0.229050

     Cl  18       -0.650090        0.772382       -0.088434
     Cl  18        0.772382        2.349268        0.037756
     Cl  18       -0.088434        0.037756       -1.699178

     H   19       -0.124283        0.152565        0.247918
     H   19        0.152565        0.437816       -0.566729
     H   19        0.247918       -0.566729       -0.313534

     C   20       -0.502773       -0.182210       -0.091047
     C   20       -0.182210        0.494218        0.180488
     C   20       -0.091047        0.180488        0.008555

     H   21        0.539782       -0.170549        0.446903
     H   21       -0.170549       -0.015704       -0.430415
     H   21        0.446903       -0.430415       -0.524078

     C   22        0.127383        0.005161        0.083926
     C   22        0.005161       -0.017640        0.105972
     C   22        0.083926        0.105972       -0.109743

     C   23       -0.241798       -0.105622       -0.153161
     C   23       -0.105622        0.230588        0.210699
     C   23       -0.153161        0.210699        0.011211

     Cl  24       -0.332201        0.936901       -1.019287
     Cl  24        0.936901       -0.435428        1.838247
     Cl  24       -1.019287        1.838247        0.767629


     NQR/NMR SPECTROSCOPIC PARAMETERS:
     Cl   1    Vxx=   -0.6013    axis=(  0.028408 -0.659389  0.751265)
     Cl   1    Vyy=   -3.1760    axis=( -0.510515 -0.655729 -0.556232)
     Cl   1    Vzz=    3.7773    axis=( -0.859400  0.367731  0.355256)
     Cl   1  Q=        -8.1650 1e-30 m^2  Cq=       -72.4655 MHz  eta= 0.68165

     C    2    Vxx=   -0.1691    axis=(  0.503917  0.835720 -0.218266)
     C    2    Vyy=   -0.5189    axis=( -0.802713  0.359803 -0.475598)
     C    2    Vzz=    0.6879    axis=( -0.318934  0.414867  0.852154)
     C    2  Q=         1.0000 1e-30 m^2  Cq=         1.6163 MHz  eta= 0.50851

     C    3    Vxx=   -0.0145    axis=(  0.266423 -0.568626  0.778257)
     C    3    Vyy=   -0.4034    axis=( -0.628782 -0.714502 -0.306791)
     C    3    Vzz=    0.4178    axis=(  0.730515 -0.407618 -0.547901)
     C    3  Q=         1.0000 1e-30 m^2  Cq=         0.9817 MHz  eta= 0.93075

     H    4    Vxx=   -0.1488    axis=( -0.203214 -0.656688  0.726268)
     H    4    Vyy=   -0.2283    axis=( -0.815526  0.524011  0.245620)
     H    4    Vzz=    0.3771    axis=( -0.541868 -0.542377 -0.642033)
     H    4  Q=         1.0000 1e-30 m^2  Cq=         0.8860 MHz  eta= 0.21067

     C    5    Vxx=    0.0178    axis=( -0.358086 -0.402551  0.842453)
     C    5    Vyy=    0.9364    axis=( -0.084404 -0.884634 -0.458583)
     C    5    Vzz=   -0.9542    axis=(  0.929866 -0.235319  0.282798)
     C    5  Q=         1.0000 1e-30 m^2  Cq=        -2.2420 MHz  eta= 0.96264

     H    6    Vxx=   -0.0584    axis=(  0.004181 -0.483777  0.875181)
     H    6    Vyy=   -0.1459    axis=(  0.976956  0.188743  0.099665)
     H    6    Vzz=    0.2043    axis=( -0.213400  0.854597  0.473418)
     H    6  Q=         1.0000 1e-30 m^2  Cq=         0.4799 MHz  eta= 0.42824

     H    7    Vxx=   -0.1218    axis=( -0.823656  0.406396  0.395517)
     H    7    Vyy=   -0.3147    axis=( -0.559092 -0.698657 -0.446424)
     H    7    Vzz=    0.4365    axis=(  0.094906 -0.588830  0.802666)
     H    7  Q=         1.0000 1e-30 m^2  Cq=         1.0256 MHz  eta= 0.44189

     C    8    Vxx=   -0.1118    axis=(  0.861774 -0.017879 -0.506978)
     C    8    Vyy=   -0.4608    axis=( -0.407021  0.572129 -0.712041)
     C    8    Vzz=    0.5726    axis=(  0.302787  0.819969  0.485768)
     C    8  Q=         1.0000 1e-30 m^2  Cq=         1.3453 MHz  eta= 0.60958

     H    9    Vxx=   -0.0815    axis=(  0.311623 -0.787175 -0.532209)
     H    9    Vyy=   -0.4166    axis=(  0.283598  0.611620 -0.738575)
     H    9    Vzz=    0.4981    axis=(  0.906897  0.079223  0.413837)
     H    9  Q=         1.0000 1e-30 m^2  Cq=         1.1704 MHz  eta= 0.67259

     C   10    Vxx=    0.0693    axis=(  0.195917 -0.447006 -0.872813)
     C   10    Vyy=    0.6457    axis=( -0.052307 -0.893558  0.445889)
     C   10    Vzz=   -0.7150    axis=( -0.979224 -0.041703 -0.198445)
     C   10  Q=         1.0000 1e-30 m^2  Cq=        -1.6800 MHz  eta= 0.80625

     C   11    Vxx=    0.0061    axis=(  0.675437 -0.469749 -0.568437)
     C   11    Vyy=    0.3890    axis=( -0.709431 -0.624288 -0.327066)
     C   11    Vzz=   -0.3951    axis=(  0.201229 -0.624179  0.754922)
     C   11  Q=         1.0000 1e-30 m^2  Cq=        -0.9283 MHz  eta= 0.96901

     Cl  12    Vxx=   -0.1758    axis=(  0.882608 -0.441637  0.161123)
     Cl  12    Vyy=   -2.0871    axis=(  0.090476 -0.176751 -0.980088)
     Cl  12    Vzz=    2.2629    axis=(  0.461322  0.879611 -0.116044)
     Cl  12  Q=        -8.1650 1e-30 m^2  Cq=       -43.4131 MHz  eta= 0.84462

     H   13    Vxx=   -0.0825    axis=(  0.596147 -0.381310  0.706549)
     H   13    Vyy=   -0.5116    axis=( -0.798325 -0.187965  0.572142)
     H   13    Vzz=    0.5941    axis=(  0.085357  0.905136  0.416464)
     H   13  Q=         1.0000 1e-30 m^2  Cq=         1.3960 MHz  eta= 0.72222

     C   14    Vxx=   -0.0790    axis=(  0.320506 -0.411777  0.853063)
     C   14    Vyy=   -0.7299    axis=(  0.564519  0.806205  0.177062)
     C   14    Vzz=    0.8089    axis=( -0.760653  0.424821  0.490850)
     C   14  Q=         1.0000 1e-30 m^2  Cq=         1.9006 MHz  eta= 0.80476

     H   15    Vxx=   -0.0675    axis=(  0.233093  0.614328 -0.753836)
     H   15    Vyy=   -0.6517    axis=( -0.180324  0.789050  0.587268)
     H   15    Vzz=    0.7192    axis=(  0.955589 -0.000953  0.294701)
     H   15  Q=         1.0000 1e-30 m^2  Cq=         1.6898 MHz  eta= 0.81219

     C   16    Vxx=   -0.1042    axis=( -0.469806 -0.639554  0.608484)
     C   16    Vyy=   -0.8090    axis=( -0.871846  0.228051 -0.433449)
     C   16    Vzz=    0.9131    axis=(  0.138448 -0.734141 -0.664732)
     C   16  Q=         1.0000 1e-30 m^2  Cq=         2.1455 MHz  eta= 0.77184

     C   17    Vxx=   -0.2085    axis=(  0.517923  0.590291  0.619122)
     C   17    Vyy=   -0.2617    axis=(  0.278820  0.567742 -0.774550)
     C   17    Vzz=    0.4702    axis=( -0.808712  0.573781  0.129462)
     C   17  Q=         1.0000 1e-30 m^2  Cq=         1.1048 MHz  eta= 0.11333

     Cl  18    Vxx=   -0.8270    axis=( -0.966284  0.233690  0.108091)
     Cl  18    Vyy=   -1.7095    axis=(  0.104175 -0.029072  0.994134)
     Cl  18    Vzz=    2.5365    axis=( -0.235461 -0.971876 -0.003747)
     Cl  18  Q=        -8.1650 1e-30 m^2  Cq=       -48.6623 MHz  eta= 0.34794

     H   19    Vxx=    0.0099    axis=(  0.907254  0.179967  0.380134)
     H   19    Vyy=    0.7424    axis=( -0.021308 -0.882999  0.468892)
     H   19    Vzz=   -0.7523    axis=(  0.420043 -0.433503 -0.797270)
     H   19  Q=         1.0000 1e-30 m^2  Cq=        -1.7676 MHz  eta= 0.97380

     C   20    Vxx=   -0.0495    axis=( -0.055976 -0.331380  0.941835)
     C   20    Vyy=   -0.5416    axis=( -0.981808 -0.153151 -0.112238)
     C   20    Vzz=    0.5911    axis=(  0.181437 -0.930984 -0.316779)
     C   20  Q=         1.0000 1e-30 m^2  Cq=         1.3889 MHz  eta= 0.83240

     H   21    Vxx=    0.0166    axis=(  0.490872  0.832473 -0.256971)
     H   21    Vyy=    0.8266    axis=( -0.839152  0.372462 -0.396354)
     H   21    Vzz=   -0.8432    axis=( -0.234242  0.410196  0.881402)
     H   21  Q=         1.0000 1e-30 m^2  Cq=        -1.9811 MHz  eta= 0.96064

     C   22    Vxx=    0.0305    axis=(  0.387842 -0.832008 -0.396663)
     C   22    Vyy=    0.1634    axis=( -0.897127 -0.241989 -0.369601)
     C   22    Vzz=   -0.1938    axis=( -0.211523 -0.499204  0.840270)
     C   22  Q=         1.0000 1e-30 m^2  Cq=        -0.4554 MHz  eta= 0.68553

     C   23    Vxx=   -0.0898    axis=( -0.329537 -0.592176  0.735345)
     C   23    Vyy=   -0.3140    axis=( -0.908134 -0.014238 -0.418437)
     C   23    Vzz=    0.4039    axis=(  0.258259 -0.805683 -0.533083)
     C   23  Q=         1.0000 1e-30 m^2  Cq=         0.9489 MHz  eta= 0.55515

     Cl  24    Vxx=    0.4513    axis=(  0.844663  0.500861 -0.188896)
     Cl  24    Vyy=    2.1382    axis=( -0.136290  0.542472  0.828945)
     Cl  24    Vzz=   -2.5895    axis=(  0.517657 -0.674434  0.526469)
     Cl  24  Q=        -8.1650 1e-30 m^2  Cq=        49.6780 MHz  eta= 0.65144

     Initialization:
     gipaw_setup  :      9.35s CPU     10.81s WALL (       1 calls)

     Linear response

     Apply operators

     Induced current

     Other routines
     efg          :      9.19s CPU     11.34s WALL (       1 calls)

     General routines
     calbec       :      3.18s CPU      4.02s WALL (      16 calls)
     fft          :      1.34s CPU      1.56s WALL (      15 calls)
     ffts         :      0.04s CPU      0.05s WALL (       2 calls)
     fftw         :      3.25s CPU      3.87s WALL (     672 calls)
     davcio       :      0.03s CPU      0.35s WALL (      32 calls)

     Parallel routines
     fft_scatter  :      1.99s CPU      2.63s WALL (     689 calls)

     Plugins

     GIPAW        :     61.72s CPU     74.44s WALL (       1 calls)
