
     Program QE v.6.0 (svn rev. 13079) starts on  2Jan2017 at  2:17:58 

     This program is part of the open-source Quantum ESPRESSO suite
     for quantum simulation of materials; please cite
         "P. Giannozzi et al., J. Phys.:Condens. Matter 21 395502 (2009);
          URL http://www.quantum-espresso.org", 
     in publications or presentations arising from this work. More details at
     http://www.quantum-espresso.org/quote

     Parallel version (MPI), running on     8 processors
     R & G space division:  proc/nbgrp/npool/nimage =       8

     ***** This is GIPAW svn revision unknown      *****

     Parallelizing q-star over 1 images

     Reading data from directory:
     /users/majewski/paradichlorobenzene/pbe/9_constraint/scratch/pbe.ecut100.np8.dt60.pcl2phi-129368.save
     Message from routine read_xml_file:
     file /users/majewski/paradichlorobenzene/pbe/9_constraint/scratch/pbe.ecut100.np8.dt60.pcl2phi-129368.save not guaranteed to be safe for post-processing

   Info: using nr1, nr2, nr3 values from input

   Info: using nr1, nr2, nr3 values from input

     IMPORTANT: XC functional enforced from input :
     Exchange-correlation      =  SLA  PW   PBX  PBC ( 1  4  3  4 0 0)
     Any further DFT definition will be discarded
     Please, verify this is what you really want

               file C.pbe-n-kjpaw_psl.1.0.0.UPF: wavefunction(s)  2S 2P renormalized
               file Cl.pbe-n-kjpaw_psl.1.0.0.UPF: wavefunction(s)  3S 3P renormalized
               file H.pbe-kjpaw_psl.1.0.0.UPF: wavefunction(s)  1S renormalized

     Parallelization info
     --------------------
     sticks:   dense  smooth     PW     G-vecs:    dense   smooth      PW
     Min        3057    1223    332               144436    36536    5170
     Max        3059    1225    333               144437    36537    5171
     Sum       24467    9791   2657              1155489   292295   41363


     Subspace diagonalization in iterative solution of the eigenvalue problem:
     a serial algorithm will be used

     GIPAW projectors -----------------------------------------------
     atom=  C    l=0  rc=    1.2000  rs=    0.8000
     atom=  C    l=0  rc=    1.2000  rs=    0.8000
     atom=  C    l=1  rc=    1.4000  rs=    0.9333
     atom=  C    l=1  rc=    1.4000  rs=    0.9333
     projs nearly linearly dependent: l=1  n1,n2= 1, 2  s=  0.99951561

     atom=  Cl   l=0  rc=    1.6000  rs=    1.0667
     atom=  Cl   l=0  rc=    1.6000  rs=    1.0667
     atom=  Cl   l=1  rc=    1.6000  rs=    1.0667
     atom=  Cl   l=1  rc=    1.6000  rs=    1.0667
     atom=  Cl   l=2  rc=    1.6000  rs=    1.0667
     atom=  Cl   l=2  rc=    1.6000  rs=    1.0667
     projs nearly linearly dependent: l=2  n1,n2= 1, 2  s=  0.99993509

     atom=  H    l=0  rc=    1.0000  rs=    0.6667
     atom=  H    l=0  rc=    1.0000  rs=    0.6667
     projs nearly linearly dependent: l=0  n1,n2= 1, 2  s=  0.99968852
     -----------------------------------------------------------------

     GIPAW integrals: -------------------------------------------
     Atom  i/j   nmr_para   nmr_dia   epr_rmc  epr_para   epr_dia
       C   1 1   0.83E+03  0.17E-01  0.93E+01  0.24E+08  0.24E+03
       C   2 1   0.86E+03 -0.61E-01  0.94E+01  0.25E+08  0.25E+03
       C   2 2   0.90E+03 -0.15E+00  0.97E+01  0.26E+08  0.26E+03
       C   3 3   0.33E+01  0.34E+00  0.18E+01  0.55E+03  0.21E+02
       C   4 3   0.35E+01  0.37E+00  0.20E+01  0.59E+03  0.22E+02
       C   4 4   0.38E+01  0.39E+00  0.22E+01  0.63E+03  0.24E+02
       Cl  1 1   0.14E+04 -0.47E+00  0.84E+01  0.32E+09  0.42E+03
       Cl  2 1   0.21E+04 -0.37E+00  0.12E+02  0.49E+09  0.65E+03
       Cl  2 2   0.33E+04 -0.16E+00  0.21E+02  0.76E+09  0.10E+04
       Cl  3 3   0.21E+02  0.79E-01  0.89E+01  0.23E+05  0.13E+03
       Cl  4 3   0.24E+02  0.67E-01  0.99E+01  0.27E+05  0.15E+03
       Cl  4 4   0.28E+02  0.44E-01  0.11E+02  0.32E+05  0.18E+03
       Cl  5 5   0.77E+00  0.19E+00  0.18E+01  0.12E+03  0.22E+02
       Cl  6 5   0.80E+00  0.19E+00  0.19E+01  0.12E+03  0.23E+02
       Cl  6 6   0.83E+00  0.20E+00  0.19E+01  0.12E+03  0.23E+02
       H   1 1   0.39E+02  0.19E+00  0.29E+00  0.78E+05  0.13E+02
       H   2 1   0.41E+02  0.21E+00  0.32E+00  0.82E+05  0.14E+02
       H   2 2   0.43E+02  0.22E+00  0.36E+00  0.86E+05  0.15E+02
     ------------------------------------------------------------

     alpha_pv=     33.8299 eV

     Number of occupied bands for each k-point:
     k-point:     1    nbnd_occ=  42
     k-point:     2    nbnd_occ=  42
     k-point:     3    nbnd_occ=  42
     k-point:     4    nbnd_occ=  42
     k-point:     5    nbnd_occ=  42
     k-point:     6    nbnd_occ=  42
     k-point:     7    nbnd_occ=  42
     k-point:     8    nbnd_occ=  42
     k-point:     9    nbnd_occ=  42
     k-point:    10    nbnd_occ=  42
     k-point:    11    nbnd_occ=  42
     k-point:    12    nbnd_occ=  42
     k-point:    13    nbnd_occ=  42
     k-point:    14    nbnd_occ=  42
     k-point:    15    nbnd_occ=  42
     k-point:    16    nbnd_occ=  42


     q-space interpolation up to   110.00 Rydberg

     GIPAW job: efg                                                                             


     ELECTRIC FIELD GRADIENTS TENSORS IN Hartree/bohrradius^2:

     ----- bare term -----
     Cl   1        0.095332       -0.046431        0.017966
     Cl   1       -0.046431       -0.019860        0.012989
     Cl   1        0.017966        0.012989       -0.075472

     C    2        0.033566        0.391441       -0.104458
     C    2        0.391441       -0.313661       -0.492408
     C    2       -0.104458       -0.492408        0.280095

     C    3       -0.201012        0.171339       -0.308469
     C    3        0.171339       -0.082759       -0.389020
     C    3       -0.308469       -0.389020        0.283771

     H    4       -0.421943       -0.445789       -0.432001
     H    4       -0.445789        0.184783       -0.240438
     H    4       -0.432001       -0.240438        0.237160

     C    5       -0.163360        0.388374       -0.033425
     C    5        0.388374       -0.368360       -0.398429
     C    5       -0.033425       -0.398429        0.531721

     H    6        0.389470       -0.102630       -0.281926
     H    6       -0.102630       -0.058977       -0.487094
     H    6       -0.281926       -0.487094       -0.330493

     H    7        0.241973        0.363261       -0.218184
     H    7        0.363261       -0.395483        0.517401
     H    7       -0.218184        0.517401        0.153510

     C    8       -0.047880       -0.443875        0.049466
     C    8       -0.443875       -0.449491        0.304062
     C    8        0.049466        0.304062        0.497371

     H    9       -0.616394        0.091597       -0.474551
     H    9        0.091597        0.395016        0.125860
     H    9       -0.474551        0.125860        0.221378

     C   10       -0.329517       -0.204866       -0.271863
     C   10       -0.204866       -0.054765        0.341097
     C   10       -0.271863        0.341097        0.384281

     C   11       -0.070576       -0.225499       -0.118330
     C   11       -0.225499       -0.446490        0.440645
     C   11       -0.118330        0.440645        0.517066

     Cl  12        0.062233        0.085807       -0.004343
     Cl  12        0.085807       -0.007291        0.004348
     Cl  12       -0.004343        0.004348       -0.054941

     H   13        0.275401       -0.038925        0.262055
     H   13       -0.038925       -0.124606       -0.439848
     H   13        0.262055       -0.439848       -0.150795

     C   14       -0.430469        0.294425       -0.477120
     C   14        0.294425        0.162879       -0.324765
     C   14       -0.477120       -0.324765        0.267590

     H   15       -0.420973       -0.226029       -0.531267
     H   15       -0.226029        0.314930       -0.236379
     H   15       -0.531267       -0.236379        0.106043

     C   16       -0.009152        0.491044       -0.019490
     C   16        0.491044       -0.449181       -0.506094
     C   16       -0.019490       -0.506094        0.458334

     C   17       -0.320373       -0.248626       -0.241403
     C   17       -0.248626       -0.087061       -0.519230
     C   17       -0.241403       -0.519230        0.407434

     Cl  18        0.153561        0.087988        0.118464
     Cl  18        0.087988        0.092836        0.338970
     Cl  18        0.118464        0.338970       -0.246396

     H   19        0.408079        0.234781        0.100597
     H   19        0.234781       -0.564000        0.187468
     H   19        0.100597        0.187468        0.155921

     C   20       -0.760545       -0.218998       -0.396303
     C   20       -0.218998        0.073928        0.107469
     C   20       -0.396303        0.107469        0.686617

     H   21       -0.505184       -0.058980       -0.276657
     H   21       -0.058980        0.223372        0.329854
     H   21       -0.276657        0.329854        0.281813

     C   22       -0.067703       -0.239638       -0.126826
     C   22       -0.239638       -0.546758        0.426902
     C   22       -0.126826        0.426902        0.614461

     C   23       -0.659065       -0.114508       -0.234783
     C   23       -0.114508        0.132521        0.122403
     C   23       -0.234783        0.122403        0.526543

     Cl  24       -0.131158       -0.078664        0.085416
     Cl  24       -0.078664       -0.095089       -0.083917
     Cl  24        0.085416       -0.083917        0.226247

     ----- ionic term -----
     Cl   1        0.109703       -0.217048        0.004499
     Cl   1       -0.217048        0.030675       -0.001484
     Cl   1        0.004499       -0.001484       -0.140378

     C    2        0.163557       -0.197587        0.263506
     C    2       -0.197587        0.103468        0.398705
     C    2        0.263506        0.398705       -0.267025

     C    3        0.158888       -0.161589        0.145505
     C    3       -0.161589        0.136963        0.437539
     C    3        0.145505        0.437539       -0.295851

     H    4        0.557029        0.421899        0.610229
     H    4        0.421899       -0.365417        0.303625
     H    4        0.610229        0.303625       -0.191612

     C    5        0.331442       -0.063210        0.230641
     C    5       -0.063210       -0.030348        0.372091
     C    5        0.230641        0.372091       -0.301094

     H    6       -0.507242        0.114005        0.073309
     H    6        0.114005        0.503931        0.781635
     H    6        0.073309        0.781635        0.003311

     H    7       -0.500880       -0.191799        0.095919
     H    7       -0.191799        0.765441       -0.612045
     H    7        0.095919       -0.612045       -0.264561

     C    8        0.278233        0.124652        0.233672
     C    8        0.124652        0.091306       -0.299759
     C    8        0.233672       -0.299759       -0.369538

     H    9        0.706750       -0.224567        0.609234
     H    9       -0.224567       -0.465731       -0.187004
     H    9        0.609234       -0.187004       -0.241019

     C   10        0.146522        0.204932        0.149981
     C   10        0.204932        0.219388       -0.380091
     C   10        0.149981       -0.380091       -0.365910

     C   11        0.203827        0.124794        0.229098
     C   11        0.124794        0.154219       -0.387578
     C   11        0.229098       -0.387578       -0.358045

     Cl  12        0.110385        0.197157       -0.023417
     Cl  12        0.197157        0.018945       -0.017244
     Cl  12       -0.023417       -0.017244       -0.129330

     H   13       -0.523658       -0.023428        0.010777
     H   13       -0.023428        0.493755        0.782280
     H   13        0.010777        0.782280        0.029903

     C   14        0.305372       -0.252903        0.204608
     C   14       -0.252903       -0.051286        0.335666
     C   14        0.204608        0.335666       -0.254086

     H   15        0.546097        0.317948        0.683084
     H   15        0.317948       -0.456768        0.269619
     H   15        0.683084        0.269619       -0.089329

     C   16        0.179669       -0.235219        0.141626
     C   16       -0.235219        0.017403        0.455094
     C   16        0.141626        0.455094       -0.197073

     C   17        0.271872       -0.031285        0.191933
     C   17       -0.031285       -0.074401        0.503583
     C   17        0.191933        0.503583       -0.197471

     Cl  18        0.177314       -0.164209       -0.037414
     Cl  18       -0.164209       -0.073791        0.019641
     Cl  18       -0.037414        0.019641       -0.103524

     H   19       -0.481823       -0.207102        0.104925
     H   19       -0.207102        0.758750       -0.610570
     H   19        0.104925       -0.610570       -0.276927

     C   20        0.325080        0.151214        0.259314
     C   20        0.151214        0.070993       -0.266272
     C   20        0.259314       -0.266272       -0.396073

     H   21        0.649285       -0.143446        0.699080
     H   21       -0.143446       -0.477899       -0.144911
     H   21        0.699080       -0.144911       -0.171386

     C   22        0.203770        0.242505        0.206029
     C   22        0.242505        0.127488       -0.312578
     C   22        0.206029       -0.312578       -0.331258

     C   23        0.283101        0.139743        0.265495
     C   23        0.139743        0.065313       -0.355737
     C   23        0.265495       -0.355737       -0.348414

     Cl  24        0.156175        0.221909        0.007315
     Cl  24        0.221909       -0.000769       -0.006291
     Cl  24        0.007315       -0.006291       -0.155406

     ----- GIPAW term -----
     Cl   1        2.100813       -2.357690        0.188158
     Cl   1       -2.357690       -0.154797        0.061370
     Cl   1        0.188158        0.061370       -1.946017

     C    2        0.180023        0.049660        0.041909
     C    2        0.049660       -0.078633       -0.040533
     C    2        0.041909       -0.040533       -0.101390

     C    3        0.060577        0.073634        0.001294
     C    3        0.073634       -0.044668       -0.028079
     C    3        0.001294       -0.028079       -0.015909

     H    4       -0.000000        0.000000        0.000000
     H    4        0.000000        0.000000        0.000000
     H    4        0.000000        0.000000        0.000000

     C    5       -0.009000        0.087848        0.118060
     C    5        0.087848       -0.173794       -0.048834
     C    5        0.118060       -0.048834        0.182794

     H    6       -0.000000        0.000000        0.000000
     H    6        0.000000        0.000000        0.000000
     H    6        0.000000        0.000000        0.000000

     H    7       -0.000000        0.000000        0.000000
     H    7        0.000000        0.000000        0.000000
     H    7        0.000000        0.000000        0.000000

     C    8       -0.029660       -0.148007        0.149382
     C    8       -0.148007       -0.140728       -0.088442
     C    8        0.149382       -0.088442        0.170388

     H    9       -0.000000        0.000000        0.000000
     H    9        0.000000        0.000000        0.000000
     H    9        0.000000        0.000000        0.000000

     C   10       -0.038349       -0.065544        0.033768
     C   10       -0.065544       -0.031741        0.001530
     C   10        0.033768        0.001530        0.070090

     C   11        0.006874        0.059124        0.081559
     C   11        0.059124       -0.157846        0.021618
     C   11        0.081559        0.021618        0.150972

     Cl  12        1.816583        2.716358       -0.003018
     Cl  12        2.716358       -0.000928        0.066595
     Cl  12       -0.003018        0.066595       -1.815654

     H   13       -0.000000        0.000000        0.000000
     H   13        0.000000        0.000000        0.000000
     H   13        0.000000        0.000000        0.000000

     C   14        0.005589        0.154692       -0.096911
     C   14        0.154692        0.040189       -0.064770
     C   14       -0.096911       -0.064770       -0.045778

     H   15       -0.000000        0.000000        0.000000
     H   15        0.000000        0.000000        0.000000
     H   15        0.000000        0.000000        0.000000

     C   16        0.050811        0.113079        0.078585
     C   16        0.113079       -0.116138       -0.045174
     C   16        0.078585       -0.045174        0.065327

     C   17       -0.034654       -0.171003        0.112461
     C   17       -0.171003       -0.114190       -0.122022
     C   17        0.112461       -0.122022        0.148844

     Cl  18       -0.203578       -0.270009       -0.537752
     Cl  18       -0.270009       -0.338899       -0.706952
     Cl  18       -0.537752       -0.706952        0.542478

     H   19       -0.000000        0.000000        0.000000
     H   19        0.000000        0.000000        0.000000
     H   19        0.000000        0.000000        0.000000

     C   20       -0.220774       -0.029976       -0.033433
     C   20       -0.029976       -0.065143       -0.082651
     C   20       -0.033433       -0.082651        0.285917

     H   21       -0.000000        0.000000        0.000000
     H   21        0.000000        0.000000        0.000000
     H   21        0.000000        0.000000        0.000000

     C   22       -0.112090       -0.016458       -0.032991
     C   22       -0.016458       -0.166139       -0.045780
     C   22       -0.032991       -0.045780        0.278230

     C   23       -0.128173        0.006334        0.105866
     C   23        0.006334       -0.040105       -0.148827
     C   23        0.105866       -0.148827        0.168278

     Cl  24       -0.176597        1.324332        0.984613
     Cl  24        1.324332       -1.109662       -1.049871
     Cl  24        0.984613       -1.049871        1.286259

     ----- total EFG -----
     Cl   1        2.305848       -2.621169        0.210622
     Cl   1       -2.621169       -0.143982        0.072874
     Cl   1        0.210622        0.072874       -2.161866

     C    2        0.377146        0.243515        0.200957
     C    2        0.243515       -0.288826       -0.134236
     C    2        0.200957       -0.134236       -0.088320

     C    3        0.018453        0.083384       -0.161669
     C    3        0.083384        0.009537        0.020441
     C    3       -0.161669        0.020441       -0.027989

     H    4        0.135086       -0.023891        0.178228
     H    4       -0.023891       -0.180634        0.063188
     H    4        0.178228        0.063188        0.045548

     C    5        0.159081        0.413013        0.315276
     C    5        0.413013       -0.572502       -0.075173
     C    5        0.315276       -0.075173        0.413420

     H    6       -0.117772        0.011376       -0.208617
     H    6        0.011376        0.444954        0.294541
     H    6       -0.208617        0.294541       -0.327182

     H    7       -0.258907        0.171461       -0.122265
     H    7        0.171461        0.369958       -0.094644
     H    7       -0.122265       -0.094644       -0.111051

     C    8        0.200693       -0.467229        0.432520
     C    8       -0.467229       -0.498913       -0.084139
     C    8        0.432520       -0.084139        0.298220

     H    9        0.090356       -0.132970        0.134683
     H    9       -0.132970       -0.070715       -0.061144
     H    9        0.134683       -0.061144       -0.019641

     C   10       -0.221343       -0.065479       -0.088115
     C   10       -0.065479        0.132882       -0.037465
     C   10       -0.088115       -0.037465        0.088461

     C   11        0.140124       -0.041582        0.192327
     C   11       -0.041582       -0.450117        0.074684
     C   11        0.192327        0.074684        0.309993

     Cl  12        1.989201        2.999322       -0.030778
     Cl  12        2.999322        0.010725        0.053699
     Cl  12       -0.030778        0.053699       -1.999926

     H   13       -0.248257       -0.062353        0.272832
     H   13       -0.062353        0.369150        0.342432
     H   13        0.272832        0.342432       -0.120893

     C   14       -0.119508        0.196214       -0.369424
     C   14        0.196214        0.151782       -0.053869
     C   14       -0.369424       -0.053869       -0.032274

     H   15        0.125124        0.091918        0.151817
     H   15        0.091918       -0.141838        0.033240
     H   15        0.151817        0.033240        0.016714

     C   16        0.221328        0.368904        0.200721
     C   16        0.368904       -0.547916       -0.096173
     C   16        0.200721       -0.096173        0.326589

     C   17       -0.083155       -0.450915        0.062990
     C   17       -0.450915       -0.275652       -0.137670
     C   17        0.062990       -0.137670        0.358807

     Cl  18        0.127297       -0.346230       -0.456702
     Cl  18       -0.346230       -0.319855       -0.348342
     Cl  18       -0.456702       -0.348342        0.192558

     H   19       -0.073745        0.027679        0.205523
     H   19        0.027679        0.194750       -0.423102
     H   19        0.205523       -0.423102       -0.121006

     C   20       -0.656239       -0.097760       -0.170422
     C   20       -0.097760        0.079777       -0.241454
     C   20       -0.170422       -0.241454        0.576461

     H   21        0.144101       -0.202427        0.422423
     H   21       -0.202427       -0.254528        0.184943
     H   21        0.422423        0.184943        0.110427

     C   22        0.023976       -0.013591        0.046212
     C   22       -0.013591       -0.585409        0.068544
     C   22        0.046212        0.068544        0.561433

     C   23       -0.504136        0.031569        0.136578
     C   23        0.031569        0.157729       -0.382162
     C   23        0.136578       -0.382162        0.346407

     Cl  24       -0.151580        1.467577        1.077343
     Cl  24        1.467577       -1.205521       -1.140080
     Cl  24        1.077343       -1.140080        1.357100

     ----- total EFG (symmetrized) -----
     Cl   1        2.305848       -2.621169        0.210622
     Cl   1       -2.621169       -0.143982        0.072874
     Cl   1        0.210622        0.072874       -2.161866

     C    2        0.377146        0.243515        0.200957
     C    2        0.243515       -0.288826       -0.134236
     C    2        0.200957       -0.134236       -0.088320

     C    3        0.018453        0.083384       -0.161669
     C    3        0.083384        0.009537        0.020441
     C    3       -0.161669        0.020441       -0.027989

     H    4        0.135086       -0.023891        0.178228
     H    4       -0.023891       -0.180634        0.063188
     H    4        0.178228        0.063188        0.045548

     C    5        0.159081        0.413013        0.315276
     C    5        0.413013       -0.572502       -0.075173
     C    5        0.315276       -0.075173        0.413420

     H    6       -0.117772        0.011376       -0.208617
     H    6        0.011376        0.444954        0.294541
     H    6       -0.208617        0.294541       -0.327182

     H    7       -0.258907        0.171461       -0.122265
     H    7        0.171461        0.369958       -0.094644
     H    7       -0.122265       -0.094644       -0.111051

     C    8        0.200693       -0.467229        0.432520
     C    8       -0.467229       -0.498913       -0.084139
     C    8        0.432520       -0.084139        0.298220

     H    9        0.090356       -0.132970        0.134683
     H    9       -0.132970       -0.070715       -0.061144
     H    9        0.134683       -0.061144       -0.019641

     C   10       -0.221343       -0.065479       -0.088115
     C   10       -0.065479        0.132882       -0.037465
     C   10       -0.088115       -0.037465        0.088461

     C   11        0.140124       -0.041582        0.192327
     C   11       -0.041582       -0.450117        0.074684
     C   11        0.192327        0.074684        0.309993

     Cl  12        1.989201        2.999322       -0.030778
     Cl  12        2.999322        0.010725        0.053699
     Cl  12       -0.030778        0.053699       -1.999926

     H   13       -0.248257       -0.062353        0.272832
     H   13       -0.062353        0.369150        0.342432
     H   13        0.272832        0.342432       -0.120893

     C   14       -0.119508        0.196214       -0.369424
     C   14        0.196214        0.151782       -0.053869
     C   14       -0.369424       -0.053869       -0.032274

     H   15        0.125124        0.091918        0.151817
     H   15        0.091918       -0.141838        0.033240
     H   15        0.151817        0.033240        0.016714

     C   16        0.221328        0.368904        0.200721
     C   16        0.368904       -0.547916       -0.096173
     C   16        0.200721       -0.096173        0.326589

     C   17       -0.083155       -0.450915        0.062990
     C   17       -0.450915       -0.275652       -0.137670
     C   17        0.062990       -0.137670        0.358807

     Cl  18        0.127297       -0.346230       -0.456702
     Cl  18       -0.346230       -0.319855       -0.348342
     Cl  18       -0.456702       -0.348342        0.192558

     H   19       -0.073745        0.027679        0.205523
     H   19        0.027679        0.194750       -0.423102
     H   19        0.205523       -0.423102       -0.121006

     C   20       -0.656239       -0.097760       -0.170422
     C   20       -0.097760        0.079777       -0.241454
     C   20       -0.170422       -0.241454        0.576461

     H   21        0.144101       -0.202427        0.422423
     H   21       -0.202427       -0.254528        0.184943
     H   21        0.422423        0.184943        0.110427

     C   22        0.023976       -0.013591        0.046212
     C   22       -0.013591       -0.585409        0.068544
     C   22        0.046212        0.068544        0.561433

     C   23       -0.504136        0.031569        0.136578
     C   23        0.031569        0.157729       -0.382162
     C   23        0.136578       -0.382162        0.346407

     Cl  24       -0.151580        1.467577        1.077343
     Cl  24        1.467577       -1.205521       -1.140080
     Cl  24        1.077343       -1.140080        1.357100


     NQR/NMR SPECTROSCOPIC PARAMETERS:
     Cl   1    Vxx=   -1.7406    axis=(  0.488828  0.785175  0.380193)
     Cl   1    Vyy=   -2.2368    axis=( -0.221605 -0.309754  0.924631)
     Cl   1    Vzz=    3.9773    axis=(  0.843764 -0.536239  0.022582)
     Cl   1  Q=        -8.1650 1e-30 m^2  Cq=       -76.3029 MHz  eta= 0.12476

     C    2    Vxx=   -0.0282    axis=(  0.100628  0.528258 -0.843100)
     C    2    Vyy=   -0.4695    axis=( -0.345122  0.813319  0.468406)
     C    2    Vzz=    0.4977    axis=( -0.933148 -0.243838 -0.264155)
     C    2  Q=         1.0000 1e-30 m^2  Cq=         1.1693 MHz  eta= 0.88668

     C    3    Vxx=    0.0183    axis=( -0.018887  0.888599  0.458297)
     C    3    Vyy=    0.1749    axis=( -0.758157 -0.311552  0.572829)
     C    3    Vzz=   -0.1932    axis=(  0.651798 -0.336642  0.679582)
     C    3  Q=         1.0000 1e-30 m^2  Cq=        -0.4539 MHz  eta= 0.81046

     H    4    Vxx=   -0.0594    axis=( -0.565868  0.466125  0.680089)
     H    4    Vyy=   -0.2155    axis=(  0.258641  0.883573 -0.390389)
     H    4    Vzz=    0.2750    axis=( -0.782878 -0.045010 -0.620545)
     H    4  Q=         1.0000 1e-30 m^2  Cq=         0.6461 MHz  eta= 0.56769

     C    5    Vxx=    0.1384    axis=( -0.647270 -0.441750  0.621207)
     C    5    Vyy=    0.6542    axis=(  0.623053  0.162894  0.765030)
     C    5    Vzz=   -0.7926    axis=( -0.439143  0.882226  0.169797)
     C    5  Q=         1.0000 1e-30 m^2  Cq=        -1.8622 MHz  eta= 0.65082

     H    6    Vxx=   -0.0230    axis=(  0.891484  0.225631 -0.392870)
     H    6    Vyy=   -0.5265    axis=( -0.444198  0.264706 -0.855931)
     H    6    Vzz=    0.5495    axis=( -0.089130  0.937561  0.336207)
     H    6  Q=         1.0000 1e-30 m^2  Cq=         1.2911 MHz  eta= 0.91644

     H    7    Vxx=   -0.0964    axis=( -0.344065  0.306635  0.887465)
     H    7    Vyy=   -0.3448    axis=(  0.899844 -0.162236  0.404920)
     H    7    Vzz=    0.4412    axis=( -0.268141 -0.937899  0.220104)
     H    7  Q=         1.0000 1e-30 m^2  Cq=         1.0366 MHz  eta= 0.56322

     C    8    Vxx=   -0.0517    axis=( -0.524973  0.407924  0.746995)
     C    8    Vyy=   -0.7484    axis=( -0.485277 -0.864485  0.131041)
     C    8    Vzz=    0.8001    axis=(  0.699221 -0.293706  0.651788)
     C    8  Q=         1.0000 1e-30 m^2  Cq=         1.8800 MHz  eta= 0.87079

     H    9    Vxx=   -0.0985    axis=( -0.299871  0.434430  0.849322)
     H    9    Vyy=   -0.1484    axis=(  0.563389  0.799103 -0.209826)
     H    9    Vzz=    0.2469    axis=( -0.769851  0.415578 -0.484380)
     H    9  Q=         1.0000 1e-30 m^2  Cq=         0.5801 MHz  eta= 0.20228

     C   10    Vxx=    0.1033    axis=( -0.314133  0.397007  0.862384)
     C   10    Vyy=    0.1550    axis=(  0.054859 -0.899258  0.433966)
     C   10    Vzz=   -0.2583    axis=(  0.947793  0.183632  0.260707)
     C   10  Q=         1.0000 1e-30 m^2  Cq=        -0.6068 MHz  eta= 0.19997

     C   11    Vxx=    0.0267    axis=(  0.835854 -0.155358 -0.526510)
     C   11    Vyy=    0.4371    axis=(  0.538480  0.045590  0.841404)
     C   11    Vzz=   -0.4638    axis=(  0.106716  0.986806 -0.121764)
     C   11  Q=         1.0000 1e-30 m^2  Cq=        -1.0898 MHz  eta= 0.88485

     Cl  12    Vxx=   -1.9788    axis=( -0.190922  0.262291  0.945913)
     Cl  12    Vyy=   -2.1794    axis=( -0.554028  0.766685 -0.324418)
     Cl  12    Vzz=    4.1582    axis=( -0.810309 -0.586001 -0.001060)
     Cl  12  Q=        -8.1650 1e-30 m^2  Cq=       -79.7733 MHz  eta= 0.04823

     H   13    Vxx=   -0.0051    axis=(  0.729526 -0.391577  0.560767)
     H   13    Vyy=   -0.5469    axis=(  0.677097  0.297680 -0.672998)
     H   13    Vzz=    0.5519    axis=(  0.096601  0.870663  0.482301)
     H   13  Q=         1.0000 1e-30 m^2  Cq=         1.2968 MHz  eta= 0.98163

     C   14    Vxx=    0.0553    axis=( -0.245801  0.803056  0.542848)
     C   14    Vyy=    0.4137    axis=( -0.600038 -0.565887  0.565443)
     C   14    Vzz=   -0.4690    axis=( -0.761273  0.186743 -0.620959)
     C   14  Q=         1.0000 1e-30 m^2  Cq=        -1.1019 MHz  eta= 0.76412

     H   15    Vxx=   -0.0827    axis=( -0.481547 -0.281944  0.829831)
     H   15    Vyy=   -0.1720    axis=( -0.346782  0.930865  0.115036)
     H   15    Vzz=    0.2547    axis=( -0.804894 -0.232375 -0.546028)
     H   15  Q=         1.0000 1e-30 m^2  Cq=         0.5983 MHz  eta= 0.35066

     C   16    Vxx=    0.2124    axis=( -0.587606 -0.375737  0.716618)
     C   16    Vyy=    0.5100    axis=(  0.709830  0.185758  0.679437)
     C   16    Vzz=   -0.7224    axis=(  0.388408 -0.907918 -0.157557)
     C   16  Q=         1.0000 1e-30 m^2  Cq=        -1.6974 MHz  eta= 0.41190

     C   17    Vxx=    0.1813    axis=( -0.654682  0.466968  0.594418)
     C   17    Vyy=    0.4638    axis=(  0.432834 -0.413107  0.801248)
     C   17    Vzz=   -0.6451    axis=( -0.619715 -0.781846 -0.068334)
     C   17  Q=         1.0000 1e-30 m^2  Cq=        -1.5157 MHz  eta= 0.43798

     Cl  18    Vxx=    0.1816    axis=(  0.543967 -0.698545  0.464904)
     Cl  18    Vyy=    0.6183    axis=( -0.670072 -0.028127  0.741763)
     Cl  18    Vzz=   -0.7999    axis=( -0.505079 -0.715013 -0.483375)
     Cl  18  Q=        -8.1650 1e-30 m^2  Cq=        15.3461 MHz  eta= 0.54597

     H   19    Vxx=   -0.0079    axis=(  0.897240  0.372466  0.237128)
     H   19    Vyy=   -0.4970    axis=( -0.406787  0.488443  0.771977)
     H   19    Vzz=    0.5049    axis=(  0.171712 -0.789109  0.589765)
     H   19  Q=         1.0000 1e-30 m^2  Cq=         1.1864 MHz  eta= 0.96856

     C   20    Vxx=    0.0162    axis=( -0.217168  0.918708  0.329869)
     C   20    Vyy=    0.6857    axis=( -0.092195 -0.355728  0.930031)
     C   20    Vzz=   -0.7019    axis=(  0.971771  0.171561  0.161953)
     C   20  Q=         1.0000 1e-30 m^2  Cq=        -1.6492 MHz  eta= 0.95387

     H   21    Vxx=   -0.0009    axis=(  0.454355 -0.732464 -0.507008)
     H   21    Vyy=   -0.5495    axis=( -0.515695 -0.680351  0.520750)
     H   21    Vzz=    0.5505    axis=( -0.726374  0.024857 -0.686850)
     H   21  Q=         1.0000 1e-30 m^2  Cq=         1.2934 MHz  eta= 0.99657

     C   22    Vxx=    0.0206    axis=(  0.996205 -0.031516 -0.081134)
     C   22    Vyy=    0.5693    axis=( -0.082863 -0.058082 -0.994867)
     C   22    Vzz=   -0.5899    axis=(  0.026642  0.997814 -0.060473)
     C   22  Q=         1.0000 1e-30 m^2  Cq=        -1.3861 MHz  eta= 0.93002

     C   23    Vxx=   -0.1120    axis=(  0.261497  0.778261  0.570902)
     C   23    Vyy=   -0.5405    axis=( -0.962136  0.163052  0.218423)
     C   23    Vzz=    0.6525    axis=(  0.076903 -0.606402  0.791430)
     C   23  Q=         1.0000 1e-30 m^2  Cq=         1.5331 MHz  eta= 0.65669

     Cl  24    Vxx=    0.8417    axis=(  0.753486  0.635013 -0.170344)
     Cl  24    Vyy=    1.9754    axis=( -0.350354  0.168572 -0.921323)
     Cl  24    Vzz=   -2.8171    axis=( -0.556337  0.753884  0.349496)
     Cl  24  Q=        -8.1650 1e-30 m^2  Cq=        54.0440 MHz  eta= 0.40244

     Initialization:
     gipaw_setup  :      9.20s CPU     11.13s WALL (       1 calls)

     Linear response

     Apply operators

     Induced current

     Other routines
     efg          :      9.26s CPU     11.56s WALL (       1 calls)

     General routines
     calbec       :      3.16s CPU      4.04s WALL (      16 calls)
     fft          :      1.48s CPU      2.06s WALL (      15 calls)
     ffts         :      0.05s CPU      0.05s WALL (       2 calls)
     fftw         :      3.29s CPU      3.96s WALL (     672 calls)
     davcio       :      0.07s CPU      0.37s WALL (      32 calls)

     Parallel routines
     fft_scatter  :      2.18s CPU      3.26s WALL (     689 calls)

     Plugins

     GIPAW        :     61.26s CPU     75.73s WALL (       1 calls)
