
     Program QE v.6.0 (svn rev. 13079) starts on 20Dec2016 at 15:35:58 

     This program is part of the open-source Quantum ESPRESSO suite
     for quantum simulation of materials; please cite
         "P. Giannozzi et al., J. Phys.:Condens. Matter 21 395502 (2009);
          URL http://www.quantum-espresso.org", 
     in publications or presentations arising from this work. More details at
     http://www.quantum-espresso.org/quote

     Parallel version (MPI), running on     8 processors
     R & G space division:  proc/nbgrp/npool/nimage =       8

     ***** This is GIPAW svn revision unknown      *****

     Parallelizing q-star over 1 images

     Reading data from directory:
     /users/majewski/paradichlorobenzene/pbe/9_constraint/scratch/pbe.ecut100.np8.dt60.pcl2phi-129368.save
     Message from routine read_xml_file:
     file /users/majewski/paradichlorobenzene/pbe/9_constraint/scratch/pbe.ecut100.np8.dt60.pcl2phi-129368.save not guaranteed to be safe for post-processing

   Info: using nr1, nr2, nr3 values from input

   Info: using nr1, nr2, nr3 values from input

     IMPORTANT: XC functional enforced from input :
     Exchange-correlation      =  SLA  PW   PBX  PBC ( 1  4  3  4 0 0)
     Any further DFT definition will be discarded
     Please, verify this is what you really want

               file C.pbe-n-kjpaw_psl.1.0.0.UPF: wavefunction(s)  2S 2P renormalized
               file Cl.pbe-n-kjpaw_psl.1.0.0.UPF: wavefunction(s)  3S 3P renormalized
               file H.pbe-kjpaw_psl.1.0.0.UPF: wavefunction(s)  1S renormalized

     Parallelization info
     --------------------
     sticks:   dense  smooth     PW     G-vecs:    dense   smooth      PW
     Min        3057    1223    332               144436    36536    5170
     Max        3059    1225    333               144437    36537    5171
     Sum       24467    9791   2657              1155489   292295   41363


     Subspace diagonalization in iterative solution of the eigenvalue problem:
     a serial algorithm will be used

     GIPAW projectors -----------------------------------------------
     atom=  C    l=0  rc=    1.2000  rs=    0.8000
     atom=  C    l=0  rc=    1.2000  rs=    0.8000
     atom=  C    l=1  rc=    1.4000  rs=    0.9333
     atom=  C    l=1  rc=    1.4000  rs=    0.9333
     projs nearly linearly dependent: l=1  n1,n2= 1, 2  s=  0.99951561

     atom=  Cl   l=0  rc=    1.6000  rs=    1.0667
     atom=  Cl   l=0  rc=    1.6000  rs=    1.0667
     atom=  Cl   l=1  rc=    1.6000  rs=    1.0667
     atom=  Cl   l=1  rc=    1.6000  rs=    1.0667
     atom=  Cl   l=2  rc=    1.6000  rs=    1.0667
     atom=  Cl   l=2  rc=    1.6000  rs=    1.0667
     projs nearly linearly dependent: l=2  n1,n2= 1, 2  s=  0.99993509

     atom=  H    l=0  rc=    1.0000  rs=    0.6667
     atom=  H    l=0  rc=    1.0000  rs=    0.6667
     projs nearly linearly dependent: l=0  n1,n2= 1, 2  s=  0.99968852
     -----------------------------------------------------------------

     GIPAW integrals: -------------------------------------------
     Atom  i/j   nmr_para   nmr_dia   epr_rmc  epr_para   epr_dia
       C   1 1   0.83E+03  0.17E-01  0.93E+01  0.24E+08  0.24E+03
       C   2 1   0.86E+03 -0.61E-01  0.94E+01  0.25E+08  0.25E+03
       C   2 2   0.90E+03 -0.15E+00  0.97E+01  0.26E+08  0.26E+03
       C   3 3   0.33E+01  0.34E+00  0.18E+01  0.55E+03  0.21E+02
       C   4 3   0.35E+01  0.37E+00  0.20E+01  0.59E+03  0.22E+02
       C   4 4   0.38E+01  0.39E+00  0.22E+01  0.63E+03  0.24E+02
       Cl  1 1   0.14E+04 -0.47E+00  0.84E+01  0.32E+09  0.42E+03
       Cl  2 1   0.21E+04 -0.37E+00  0.12E+02  0.49E+09  0.65E+03
       Cl  2 2   0.33E+04 -0.16E+00  0.21E+02  0.76E+09  0.10E+04
       Cl  3 3   0.21E+02  0.79E-01  0.89E+01  0.23E+05  0.13E+03
       Cl  4 3   0.24E+02  0.67E-01  0.99E+01  0.27E+05  0.15E+03
       Cl  4 4   0.28E+02  0.44E-01  0.11E+02  0.32E+05  0.18E+03
       Cl  5 5   0.77E+00  0.19E+00  0.18E+01  0.12E+03  0.22E+02
       Cl  6 5   0.80E+00  0.19E+00  0.19E+01  0.12E+03  0.23E+02
       Cl  6 6   0.83E+00  0.20E+00  0.19E+01  0.12E+03  0.23E+02
       H   1 1   0.39E+02  0.19E+00  0.29E+00  0.78E+05  0.13E+02
       H   2 1   0.41E+02  0.21E+00  0.32E+00  0.82E+05  0.14E+02
       H   2 2   0.43E+02  0.22E+00  0.36E+00  0.86E+05  0.15E+02
     ------------------------------------------------------------

     alpha_pv=     34.4927 eV

     Number of occupied bands for each k-point:
     k-point:     1    nbnd_occ=  42
     k-point:     2    nbnd_occ=  42
     k-point:     3    nbnd_occ=  42
     k-point:     4    nbnd_occ=  42
     k-point:     5    nbnd_occ=  42
     k-point:     6    nbnd_occ=  42
     k-point:     7    nbnd_occ=  42
     k-point:     8    nbnd_occ=  42
     k-point:     9    nbnd_occ=  42
     k-point:    10    nbnd_occ=  42
     k-point:    11    nbnd_occ=  42
     k-point:    12    nbnd_occ=  42
     k-point:    13    nbnd_occ=  42
     k-point:    14    nbnd_occ=  42
     k-point:    15    nbnd_occ=  42
     k-point:    16    nbnd_occ=  42


     q-space interpolation up to   110.00 Rydberg

     GIPAW job: efg                                                                             


     ELECTRIC FIELD GRADIENTS TENSORS IN Hartree/bohrradius^2:

     ----- bare term -----
     Cl   1       -0.239256        0.196464        0.091674
     Cl   1        0.196464        0.006281        0.051549
     Cl   1        0.091674        0.051549        0.232975

     C    2        0.088054       -0.382006       -0.568445
     C    2       -0.382006       -0.241910       -0.555872
     C    2       -0.568445       -0.555872        0.153856

     C    3       -0.328457        0.366024       -0.394436
     C    3        0.366024       -0.149796       -0.151445
     C    3       -0.394436       -0.151445        0.478253

     H    4        0.095237       -0.112596       -0.323408
     H    4       -0.112596        0.493368       -0.000434
     H    4       -0.323408       -0.000434       -0.588605

     C    5       -0.127237       -0.137997       -0.387361
     C    5       -0.137997       -0.170570       -0.325833
     C    5       -0.387361       -0.325833        0.297807

     H    6        0.469036       -0.075623       -0.063374
     H    6       -0.075623       -0.218652       -0.640881
     H    6       -0.063374       -0.640881       -0.250383

     H    7        0.474032        0.032245       -0.024735
     H    7        0.032245       -0.297886        0.439569
     H    7       -0.024735        0.439569       -0.176146

     C    8       -0.602219       -0.350996       -0.270893
     C    8       -0.350996        0.303827        0.337288
     C    8       -0.270893        0.337288        0.298391

     H    9       -0.189707       -0.213261       -0.477518
     H    9       -0.213261       -0.099080        0.033836
     H    9       -0.477518        0.033836        0.288787

     C   10        0.002445       -0.250879       -0.150236
     C   10       -0.250879       -0.093907        0.618157
     C   10       -0.150236        0.618157        0.091462

     C   11       -0.327323       -0.220098       -0.416193
     C   11       -0.220098        0.172816        0.228247
     C   11       -0.416193        0.228247        0.154506

     Cl  12       -0.064622       -0.066000        0.044922
     Cl  12       -0.066000       -0.027754       -0.054719
     Cl  12        0.044922       -0.054719        0.092376

     H   13        0.491726        0.073710       -0.212434
     H   13        0.073710       -0.245061       -0.326446
     H   13       -0.212434       -0.326446       -0.246665

     C   14       -0.669230        0.331374       -0.144357
     C   14        0.331374        0.292505       -0.189752
     C   14       -0.144357       -0.189752        0.376724

     H   15        0.058053        0.175605       -0.396072
     H   15        0.175605       -0.032990        0.158966
     H   15       -0.396072        0.158966       -0.025063

     C   16        0.265247        0.025226       -0.202791
     C   16        0.025226       -0.162052       -0.447245
     C   16       -0.202791       -0.447245       -0.103195

     C   17       -0.659724        0.468443       -0.329957
     C   17        0.468443        0.263558       -0.101992
     C   17       -0.329957       -0.101992        0.396166

     Cl  18        0.112951       -0.026870       -0.020073
     Cl  18       -0.026870       -0.203326        0.043042
     Cl  18       -0.020073        0.043042        0.090376

     H   19        0.130355        0.483724        0.112068
     H   19        0.483724       -0.501466        0.001673
     H   19        0.112068        0.001673        0.371110

     C   20       -0.032292       -0.351609       -0.109174
     C   20       -0.351609       -0.235698        0.321670
     C   20       -0.109174        0.321670        0.267990

     H   21       -0.442638        0.385203        0.194583
     H   21        0.385203        0.222076       -0.081062
     H   21        0.194583       -0.081062        0.220562

     C   22       -0.079352       -0.047737       -0.108289
     C   22       -0.047737       -0.155381        0.241909
     C   22       -0.108289        0.241909        0.234733

     C   23       -0.174738       -0.127105       -0.251795
     C   23       -0.127105       -0.031538        0.620061
     C   23       -0.251795        0.620061        0.206276

     Cl  24       -0.119726       -0.127984       -0.031670
     Cl  24       -0.127984       -0.011459        0.063577
     Cl  24       -0.031670        0.063577        0.131185

     ----- ionic term -----
     Cl   1        0.045309       -0.178974        0.028210
     Cl   1       -0.178974        0.093757       -0.015340
     Cl   1        0.028210       -0.015340       -0.139066

     C    2       -0.019328       -0.203841        0.365299
     C    2       -0.203841        0.152608        0.383735
     C    2        0.365299        0.383735       -0.133279

     C    3       -0.002881       -0.234905        0.275158
     C    3       -0.234905        0.170744        0.377162
     C    3        0.275158        0.377162       -0.167862

     H    4        0.453967        0.120378        0.799991
     H    4        0.120378       -0.502736        0.158763
     H    4        0.799991        0.158763        0.048769

     C    5        0.135563       -0.216715        0.378720
     C    5       -0.216715        0.021789        0.245877
     C    5        0.378720        0.245877       -0.157353

     H    6       -0.502392        0.189722        0.136728
     H    6        0.189722        0.479551        0.740261
     H    6        0.136728        0.740261        0.022841

     H    7       -0.517824       -0.133006        0.084571
     H    7       -0.133006        0.740239       -0.679778
     H    7        0.084571       -0.679778       -0.222415

     C    8        0.310411        0.169646        0.201763
     C    8        0.169646        0.048966       -0.321728
     C    8        0.201763       -0.321728       -0.359376

     H    9        0.707899       -0.123717        0.693070
     H    9       -0.123717       -0.517008       -0.146947
     H    9        0.693070       -0.146947       -0.190891

     C   10        0.173887        0.208488        0.162481
     C   10        0.208488        0.096591       -0.429517
     C   10        0.162481       -0.429517       -0.270478

     C   11        0.250760        0.025797        0.164863
     C   11        0.025797        0.058428       -0.475924
     C   11        0.164863       -0.475924       -0.309188

     Cl  12        0.117673        0.179216       -0.038434
     Cl  12        0.179216       -0.014654       -0.034990
     Cl  12       -0.038434       -0.034990       -0.103020

     H   13       -0.546686        0.003953        0.023056
     H   13        0.003953        0.499783        0.762527
     H   13        0.023056        0.762527        0.046903

     C   14        0.108252       -0.292290        0.334313
     C   14       -0.292290        0.081870        0.243641
     C   14        0.334313        0.243641       -0.190122

     H   15        0.483513        0.030014        0.763538
     H   15        0.030014       -0.481280        0.097460
     H   15        0.763538        0.097460       -0.002233

     C   16        0.022937       -0.324038        0.255860
     C   16       -0.324038        0.184054        0.320934
     C   16        0.255860        0.320934       -0.206991

     C   17        0.087309       -0.310583        0.351375
     C   17       -0.310583        0.087805        0.358532
     C   17        0.351375        0.358532       -0.175114

     Cl  18        0.120905       -0.256630        0.011029
     Cl  18       -0.256630        0.052068       -0.000941
     Cl  18        0.011029       -0.000941       -0.172973

     H   19       -0.478372       -0.268934        0.096947
     H   19       -0.268934        0.779665       -0.592504
     H   19        0.096947       -0.592504       -0.301293

     C   20        0.321470        0.047055        0.148958
     C   20        0.047055        0.108557       -0.320301
     C   20        0.148958       -0.320301       -0.430027

     H   21        0.823836       -0.398621        0.439722
     H   21       -0.398621       -0.375357       -0.211727
     H   21        0.439722       -0.211727       -0.448479

     C   22        0.139731        0.115144        0.102052
     C   22        0.115144        0.284410       -0.447937
     C   22        0.102052       -0.447937       -0.424141

     C   23        0.211326        0.130445        0.240116
     C   23        0.130445        0.198161       -0.431781
     C   23        0.240116       -0.431781       -0.409487

     Cl  24        0.125248        0.208044       -0.023638
     Cl  24        0.208044        0.036274       -0.027655
     Cl  24       -0.023638       -0.027655       -0.161523

     ----- GIPAW term -----
     Cl   1        1.168622        0.838096       -1.413755
     Cl   1        0.838096       -0.582652       -0.811482
     Cl   1       -1.413755       -0.811482       -0.585970

     C    2        0.119261       -0.252569       -0.192335
     C    2       -0.252569       -0.058795        0.017811
     C    2       -0.192335        0.017811       -0.060467

     C    3       -0.080359        0.011588       -0.220269
     C    3        0.011588       -0.116579        0.042901
     C    3       -0.220269        0.042901        0.196938

     H    4       -0.000000        0.000000        0.000000
     H    4        0.000000        0.000000        0.000000
     H    4        0.000000        0.000000        0.000000

     C    5       -0.071286       -0.135368       -0.133203
     C    5       -0.135368        0.010172        0.109952
     C    5       -0.133203        0.109952        0.061114

     H    6       -0.000000        0.000000        0.000000
     H    6        0.000000        0.000000        0.000000
     H    6        0.000000        0.000000        0.000000

     H    7       -0.000000        0.000000        0.000000
     H    7        0.000000        0.000000        0.000000
     H    7        0.000000        0.000000        0.000000

     C    8       -0.183185       -0.090069       -0.054868
     C    8       -0.090069        0.170424        0.188423
     C    8       -0.054868        0.188423        0.012761

     H    9       -0.000000        0.000000        0.000000
     H    9        0.000000        0.000000        0.000000
     H    9        0.000000        0.000000        0.000000

     C   10       -0.108612       -0.068275       -0.015334
     C   10       -0.068275        0.240916        0.075614
     C   10       -0.015334        0.075614       -0.132304

     C   11        0.068770       -0.109359        0.020927
     C   11       -0.109359        0.084129       -0.065520
     C   11        0.020927       -0.065520       -0.152899

     Cl  12       -0.340492        0.814666        1.090936
     Cl  12        0.814666       -0.650183       -1.754202
     Cl  12        1.090936       -1.754202        0.990675

     H   13       -0.000000        0.000000        0.000000
     H   13        0.000000        0.000000        0.000000
     H   13        0.000000        0.000000        0.000000

     C   14       -0.115983       -0.136535        0.030044
     C   14       -0.136535        0.211864       -0.035147
     C   14        0.030044       -0.035147       -0.095880

     H   15       -0.000000        0.000000        0.000000
     H   15        0.000000        0.000000        0.000000
     H   15        0.000000        0.000000        0.000000

     C   16       -0.025979       -0.022545       -0.017385
     C   16       -0.022545        0.112618       -0.036554
     C   16       -0.017385       -0.036554       -0.086639

     C   17       -0.131226        0.019623       -0.027915
     C   17        0.019623        0.220572       -0.007028
     C   17       -0.027915       -0.007028       -0.089347

     Cl  18        0.157712        0.124557       -0.269860
     Cl  18        0.124557        1.953430       -0.424405
     Cl  18       -0.269860       -0.424405       -2.111142

     H   19       -0.000000        0.000000        0.000000
     H   19        0.000000        0.000000        0.000000
     H   19        0.000000        0.000000        0.000000

     C   20        0.043386       -0.175745       -0.066231
     C   20       -0.175745        0.009075        0.123748
     C   20       -0.066231        0.123748       -0.052460

     H   21       -0.000000        0.000000        0.000000
     H   21        0.000000        0.000000        0.000000
     H   21        0.000000        0.000000        0.000000

     C   22       -0.015792       -0.033474       -0.096554
     C   22       -0.033474       -0.038604        0.065866
     C   22       -0.096554        0.065866        0.054396

     C   23       -0.043393       -0.029687       -0.124898
     C   23       -0.029687        0.027523        0.227729
     C   23       -0.124898        0.227729        0.015870

     Cl  24       -0.669770        0.713490       -0.941105
     Cl  24        0.713490       -0.494473        1.941638
     Cl  24       -0.941105        1.941638        1.164242

     ----- total EFG -----
     Cl   1        0.974675        0.855585       -1.293870
     Cl   1        0.855585       -0.482614       -0.775273
     Cl   1       -1.293870       -0.775273       -0.492061

     C    2        0.187987       -0.838416       -0.395482
     C    2       -0.838416       -0.148097       -0.154326
     C    2       -0.395482       -0.154326       -0.039890

     C    3       -0.411697        0.142707       -0.339547
     C    3        0.142707       -0.095631        0.268618
     C    3       -0.339547        0.268618        0.507328

     H    4        0.549205        0.007781        0.476584
     H    4        0.007781       -0.009368        0.158329
     H    4        0.476584        0.158329       -0.539837

     C    5       -0.062959       -0.490079       -0.141844
     C    5       -0.490079       -0.138610        0.029996
     C    5       -0.141844        0.029996        0.201569

     H    6       -0.033356        0.114099        0.073354
     H    6        0.114099        0.260899        0.099381
     H    6        0.073354        0.099381       -0.227543

     H    7       -0.043793       -0.100761        0.059835
     H    7       -0.100761        0.442354       -0.240209
     H    7        0.059835       -0.240209       -0.398561

     C    8       -0.474993       -0.271419       -0.123997
     C    8       -0.271419        0.523217        0.203983
     C    8       -0.123997        0.203983       -0.048224

     H    9        0.518192       -0.336978        0.215552
     H    9       -0.336978       -0.616088       -0.113111
     H    9        0.215552       -0.113111        0.097896

     C   10        0.067721       -0.110666       -0.003088
     C   10       -0.110666        0.243600        0.264254
     C   10       -0.003088        0.264254       -0.311320

     C   11       -0.007792       -0.303660       -0.230404
     C   11       -0.303660        0.315373       -0.313198
     C   11       -0.230404       -0.313198       -0.307580

     Cl  12       -0.287440        0.927882        1.097424
     Cl  12        0.927882       -0.692591       -1.843910
     Cl  12        1.097424       -1.843910        0.980031

     H   13       -0.054960        0.077663       -0.189378
     H   13        0.077663        0.254722        0.436080
     H   13       -0.189378        0.436080       -0.199762

     C   14       -0.676961       -0.097450        0.220000
     C   14       -0.097450        0.586239        0.018742
     C   14        0.220000        0.018742        0.090722

     H   15        0.541565        0.205619        0.367466
     H   15        0.205619       -0.514270        0.256426
     H   15        0.367466        0.256426       -0.027296

     C   16        0.262205       -0.321357        0.035684
     C   16       -0.321357        0.134620       -0.162864
     C   16        0.035684       -0.162864       -0.396825

     C   17       -0.703640        0.177483       -0.006497
     C   17        0.177483        0.571935        0.249512
     C   17       -0.006497        0.249512        0.131706

     Cl  18        0.391568       -0.158943       -0.278905
     Cl  18       -0.158943        1.802172       -0.382303
     Cl  18       -0.278905       -0.382303       -2.193740

     H   19       -0.348016        0.214790        0.209015
     H   19        0.214790        0.278199       -0.590831
     H   19        0.209015       -0.590831        0.069817

     C   20        0.332564       -0.480299       -0.026447
     C   20       -0.480299       -0.118067        0.125117
     C   20       -0.026447        0.125117       -0.214498

     H   21        0.381199       -0.013418        0.634305
     H   21       -0.013418       -0.153282       -0.292789
     H   21        0.634305       -0.292789       -0.227917

     C   22        0.044587        0.033933       -0.102791
     C   22        0.033933        0.090425       -0.140161
     C   22       -0.102791       -0.140161       -0.135012

     C   23       -0.006805       -0.026347       -0.136577
     C   23       -0.026347        0.194146        0.416009
     C   23       -0.136577        0.416009       -0.187341

     Cl  24       -0.664248        0.793550       -0.996413
     Cl  24        0.793550       -0.469658        1.977560
     Cl  24       -0.996413        1.977560        1.133905

     ----- total EFG (symmetrized) -----
     Cl   1        0.974675        0.855585       -1.293870
     Cl   1        0.855585       -0.482614       -0.775273
     Cl   1       -1.293870       -0.775273       -0.492061

     C    2        0.187987       -0.838416       -0.395482
     C    2       -0.838416       -0.148097       -0.154326
     C    2       -0.395482       -0.154326       -0.039890

     C    3       -0.411697        0.142707       -0.339547
     C    3        0.142707       -0.095631        0.268618
     C    3       -0.339547        0.268618        0.507328

     H    4        0.549205        0.007781        0.476584
     H    4        0.007781       -0.009368        0.158329
     H    4        0.476584        0.158329       -0.539837

     C    5       -0.062959       -0.490079       -0.141844
     C    5       -0.490079       -0.138610        0.029996
     C    5       -0.141844        0.029996        0.201569

     H    6       -0.033356        0.114099        0.073354
     H    6        0.114099        0.260899        0.099381
     H    6        0.073354        0.099381       -0.227543

     H    7       -0.043793       -0.100761        0.059835
     H    7       -0.100761        0.442354       -0.240209
     H    7        0.059835       -0.240209       -0.398561

     C    8       -0.474993       -0.271419       -0.123997
     C    8       -0.271419        0.523217        0.203983
     C    8       -0.123997        0.203983       -0.048224

     H    9        0.518192       -0.336978        0.215552
     H    9       -0.336978       -0.616088       -0.113111
     H    9        0.215552       -0.113111        0.097896

     C   10        0.067721       -0.110666       -0.003088
     C   10       -0.110666        0.243600        0.264254
     C   10       -0.003088        0.264254       -0.311320

     C   11       -0.007792       -0.303660       -0.230404
     C   11       -0.303660        0.315373       -0.313198
     C   11       -0.230404       -0.313198       -0.307580

     Cl  12       -0.287440        0.927882        1.097424
     Cl  12        0.927882       -0.692591       -1.843910
     Cl  12        1.097424       -1.843910        0.980031

     H   13       -0.054960        0.077663       -0.189378
     H   13        0.077663        0.254722        0.436080
     H   13       -0.189378        0.436080       -0.199762

     C   14       -0.676961       -0.097450        0.220000
     C   14       -0.097450        0.586239        0.018742
     C   14        0.220000        0.018742        0.090722

     H   15        0.541565        0.205619        0.367466
     H   15        0.205619       -0.514270        0.256426
     H   15        0.367466        0.256426       -0.027296

     C   16        0.262205       -0.321357        0.035684
     C   16       -0.321357        0.134620       -0.162864
     C   16        0.035684       -0.162864       -0.396825

     C   17       -0.703640        0.177483       -0.006497
     C   17        0.177483        0.571935        0.249512
     C   17       -0.006497        0.249512        0.131706

     Cl  18        0.391568       -0.158943       -0.278905
     Cl  18       -0.158943        1.802172       -0.382303
     Cl  18       -0.278905       -0.382303       -2.193740

     H   19       -0.348016        0.214790        0.209015
     H   19        0.214790        0.278199       -0.590831
     H   19        0.209015       -0.590831        0.069817

     C   20        0.332564       -0.480299       -0.026447
     C   20       -0.480299       -0.118067        0.125117
     C   20       -0.026447        0.125117       -0.214498

     H   21        0.381199       -0.013418        0.634305
     H   21       -0.013418       -0.153282       -0.292789
     H   21        0.634305       -0.292789       -0.227917

     C   22        0.044587        0.033933       -0.102791
     C   22        0.033933        0.090425       -0.140161
     C   22       -0.102791       -0.140161       -0.135012

     C   23       -0.006805       -0.026347       -0.136577
     C   23       -0.026347        0.194146        0.416009
     C   23       -0.136577        0.416009       -0.187341

     Cl  24       -0.664248        0.793550       -0.996413
     Cl  24        0.793550       -0.469658        1.977560
     Cl  24       -0.996413        1.977560        1.133905


     NQR/NMR SPECTROSCOPIC PARAMETERS:
     Cl   1    Vxx=   -0.8390    axis=( -0.544899  0.806123 -0.230760)
     Cl   1    Vyy=   -1.3670    axis=(  0.302633  0.445727  0.842461)
     Cl   1    Vzz=    2.2060    axis=( -0.781983 -0.389221  0.486836)
     Cl   1  Q=        -8.1650 1e-30 m^2  Cq=       -42.3219 MHz  eta= 0.23935

     C    2    Vxx=    0.0600    axis=( -0.058074 -0.433141  0.899454)
     C    2    Vyy=    0.9239    axis=(  0.782565 -0.579169 -0.228377)
     C    2    Vzz=   -0.9839    axis=(  0.619855  0.690618  0.372595)
     C    2  Q=         1.0000 1e-30 m^2  Cq=        -2.3117 MHz  eta= 0.87811

     C    3    Vxx=   -0.0576    axis=(  0.474503  0.870773 -0.128844)
     C    3    Vyy=   -0.6218    axis=( -0.843200  0.407613 -0.350523)
     C    3    Vzz=    0.6794    axis=( -0.252708  0.274965  0.927649)
     C    3  Q=         1.0000 1e-30 m^2  Cq=         1.5964 MHz  eta= 0.83041

     H    4    Vxx=    0.0140    axis=(  0.148886 -0.977217 -0.151258)
     H    4    Vyy=    0.7338    axis=(  0.929532  0.086124  0.358542)
     H    4    Vzz=   -0.7477    axis=( -0.337346 -0.193981  0.921178)
     H    4  Q=         1.0000 1e-30 m^2  Cq=        -1.7568 MHz  eta= 0.96268

     C    5    Vxx=    0.1458    axis=(  0.270330 -0.372155  0.887932)
     C    5    Vyy=    0.4535    axis=( -0.676556  0.582734  0.450215)
     C    5    Vzz=   -0.5994    axis=( -0.684977 -0.722442 -0.094253)
     C    5  Q=         1.0000 1e-30 m^2  Cq=        -1.4083 MHz  eta= 0.51344

     H    6    Vxx=   -0.0655    axis=(  0.909467 -0.373531  0.182601)
     H    6    Vyy=   -0.2597    axis=( -0.246028 -0.129445  0.960580)
     H    6    Vzz=    0.3252    axis=( -0.335170 -0.918541 -0.209625)
     H    6  Q=         1.0000 1e-30 m^2  Cq=         0.7641 MHz  eta= 0.59724

     H    7    Vxx=   -0.0635    axis=(  0.977954  0.207182  0.026115)
     H    7    Vyy=   -0.4648    axis=(  0.078132 -0.247059 -0.965845)
     H    7    Vzz=    0.5284    axis=( -0.193654  0.946592 -0.257800)
     H    7  Q=         1.0000 1e-30 m^2  Cq=         1.2415 MHz  eta= 0.75949

     C    8    Vxx=   -0.1110    axis=( -0.071871 -0.333123  0.940140)
     C    8    Vyy=   -0.5546    axis=( -0.965121 -0.214677 -0.149848)
     C    8    Vzz=    0.6656    axis=(  0.251744 -0.918119 -0.306075)
     C    8  Q=         1.0000 1e-30 m^2  Cq=         1.5640 MHz  eta= 0.66642

     H    9    Vxx=    0.0079    axis=( -0.370865  0.032040  0.928134)
     H    9    Vyy=    0.7043    axis=( -0.893696  0.259438 -0.366060)
     H    9    Vzz=   -0.7122    axis=( -0.252522 -0.965228 -0.067582)
     H    9  Q=         1.0000 1e-30 m^2  Cq=        -1.6733 MHz  eta= 0.97793

     C   10    Vxx=    0.0364    axis=(  0.946014  0.262064  0.190735)
     C   10    Vyy=    0.3837    axis=( -0.313988  0.886977  0.338649)
     C   10    Vzz=   -0.4201    axis=( -0.080430 -0.380255  0.921378)
     C   10  Q=         1.0000 1e-30 m^2  Cq=        -0.9871 MHz  eta= 0.82651

     C   11    Vxx=    0.0925    axis=(  0.771273  0.203094 -0.603233)
     C   11    Vyy=    0.5317    axis=( -0.405526  0.887271 -0.219770)
     C   11    Vzz=   -0.6242    axis=(  0.490597  0.414129  0.766688)
     C   11  Q=         1.0000 1e-30 m^2  Cq=        -1.4666 MHz  eta= 0.70377

     Cl  12    Vxx=    0.4290    axis=(  0.841478  0.530856  0.100531)
     Cl  12    Vyy=    2.2530    axis=(  0.197087 -0.474840  0.857720)
     Cl  12    Vzz=   -2.6820    axis=(  0.503062 -0.701939 -0.504192)
     Cl  12  Q=        -8.1650 1e-30 m^2  Cq=        51.4535 MHz  eta= 0.68007

     H   13    Vxx=    0.0263    axis=(  0.922908  0.248187 -0.294352)
     H   13    Vyy=    0.5211    axis=( -0.059389  0.847128  0.528059)
     H   13    Vzz=   -0.5474    axis=(  0.380412 -0.469869  0.796561)
     H   13  Q=         1.0000 1e-30 m^2  Cq=        -1.2863 MHz  eta= 0.90382

     C   14    Vxx=    0.1492    axis=(  0.255585  0.015534  0.966662)
     C   14    Vyy=    0.5937    axis=( -0.075776  0.997117  0.004011)
     C   14    Vzz=   -0.7429    axis=( -0.963813 -0.074275  0.256025)
     C   14  Q=         1.0000 1e-30 m^2  Cq=        -1.7455 MHz  eta= 0.59836

     H   15    Vxx=   -0.1642    axis=( -0.507470  0.294970  0.809609)
     H   15    Vyy=   -0.6265    axis=( -0.047634  0.928542 -0.368159)
     H   15    Vzz=    0.7907    axis=( -0.860352 -0.225395 -0.457156)
     H   15  Q=         1.0000 1e-30 m^2  Cq=         1.8578 MHz  eta= 0.58466

     C   16    Vxx=   -0.0967    axis=(  0.652744  0.695690 -0.299901)
     C   16    Vyy=   -0.4479    axis=( -0.095939 -0.316771 -0.943638)
     C   16    Vzz=    0.5446    axis=( -0.751480  0.644725 -0.140027)
     C   16  Q=         1.0000 1e-30 m^2  Cq=         1.2795 MHz  eta= 0.64489

     C   17    Vxx=    0.0272    axis=( -0.102032 -0.386589  0.916591)
     C   17    Vyy=    0.7027    axis=(  0.113129  0.910913  0.396787)
     C   17    Vzz=   -0.7299    axis=( -0.988328  0.144178 -0.049207)
     C   17  Q=         1.0000 1e-30 m^2  Cq=        -1.7149 MHz  eta= 0.92548

     Cl  18    Vxx=    0.4118    axis=(  0.989749  0.080755 -0.117795)
     Cl  18    Vyy=    1.8505    axis=( -0.091347  0.991970 -0.087471)
     Cl  18    Vzz=   -2.2623    axis=(  0.109785  0.097335  0.989178)
     Cl  18  Q=        -8.1650 1e-30 m^2  Cq=        43.4013 MHz  eta= 0.63595

     H   19    Vxx=   -0.0869    axis=(  0.750684  0.404156  0.522621)
     H   19    Vyy=   -0.6880    axis=(  0.660035 -0.493241 -0.566628)
     H   19    Vzz=    0.7748    axis=( -0.028772 -0.770306  0.637025)
     H   19  Q=         1.0000 1e-30 m^2  Cq=         1.8205 MHz  eta= 0.77579

     C   20    Vxx=   -0.1886    axis=( -0.278349 -0.250964 -0.927113)
     C   20    Vyy=   -0.4586    axis=( -0.475332 -0.802775  0.360016)
     C   20    Vzz=    0.6471    axis=( -0.834614  0.540897  0.104160)
     C   20  Q=         1.0000 1e-30 m^2  Cq=         1.5205 MHz  eta= 0.41722

     H   21    Vxx=   -0.0799    axis=(  0.359452  0.901171 -0.242250)
     H   21    Vyy=   -0.7306    axis=( -0.451596  0.395167  0.799940)
     H   21    Vzz=    0.8106    axis=(  0.816612 -0.178141  0.549009)
     H   21  Q=         1.0000 1e-30 m^2  Cq=         1.9045 MHz  eta= 0.80279

     C   22    Vxx=    0.0277    axis=(  0.830723 -0.554702 -0.046962)
     C   22    Vyy=    0.1982    axis=( -0.474413 -0.749562  0.461616)
     C   22    Vzz=   -0.2260    axis=( -0.291260 -0.361195 -0.885836)
     C   22  Q=         1.0000 1e-30 m^2  Cq=        -0.5309 MHz  eta= 0.75447

     C   23    Vxx=   -0.0041    axis=(  0.956689  0.281656 -0.073600)
     C   23    Vyy=   -0.4763    axis=(  0.213979 -0.508936  0.833785)
     C   23    Vzz=    0.4804    axis=(  0.197382 -0.813421 -0.547162)
     C   23  Q=         1.0000 1e-30 m^2  Cq=         1.1287 MHz  eta= 0.98312

     Cl  24    Vxx=    0.0651    axis=(  0.830776  0.522410 -0.192093)
     Cl  24    Vyy=    2.5177    axis=(  0.133560 -0.522132 -0.842342)
     Cl  24    Vzz=   -2.5828    axis=( -0.540346  0.674141 -0.503548)
     Cl  24  Q=        -8.1650 1e-30 m^2  Cq=        49.5506 MHz  eta= 0.94956

     Initialization:
     gipaw_setup  :      9.42s CPU     11.27s WALL (       1 calls)

     Linear response

     Apply operators

     Induced current

     Other routines
     efg          :      9.42s CPU     11.69s WALL (       1 calls)

     General routines
     calbec       :      3.19s CPU      4.15s WALL (      16 calls)
     fft          :      1.55s CPU      2.24s WALL (      15 calls)
     ffts         :      0.04s CPU      0.04s WALL (       2 calls)
     fftw         :      3.40s CPU      4.08s WALL (     672 calls)
     davcio       :      0.04s CPU      0.32s WALL (      32 calls)

     Parallel routines
     fft_scatter  :      2.31s CPU      3.48s WALL (     689 calls)

     Plugins

     GIPAW        :     61.62s CPU     72.03s WALL (       1 calls)
