
     Program QE v.6.0 (svn rev. 13079) starts on 28Dec2016 at 19:35:59 

     This program is part of the open-source Quantum ESPRESSO suite
     for quantum simulation of materials; please cite
         "P. Giannozzi et al., J. Phys.:Condens. Matter 21 395502 (2009);
          URL http://www.quantum-espresso.org", 
     in publications or presentations arising from this work. More details at
     http://www.quantum-espresso.org/quote

     Parallel version (MPI), running on     8 processors
     R & G space division:  proc/nbgrp/npool/nimage =       8

     ***** This is GIPAW svn revision unknown      *****

     Parallelizing q-star over 1 images

     Reading data from directory:
     /users/majewski/paradichlorobenzene/pbe/9_constraint/scratch/pbe.ecut100.np8.dt60.pcl2phi-129368.save
     Message from routine read_xml_file:
     file /users/majewski/paradichlorobenzene/pbe/9_constraint/scratch/pbe.ecut100.np8.dt60.pcl2phi-129368.save not guaranteed to be safe for post-processing

   Info: using nr1, nr2, nr3 values from input

   Info: using nr1, nr2, nr3 values from input

     IMPORTANT: XC functional enforced from input :
     Exchange-correlation      =  SLA  PW   PBX  PBC ( 1  4  3  4 0 0)
     Any further DFT definition will be discarded
     Please, verify this is what you really want

               file C.pbe-n-kjpaw_psl.1.0.0.UPF: wavefunction(s)  2S 2P renormalized
               file Cl.pbe-n-kjpaw_psl.1.0.0.UPF: wavefunction(s)  3S 3P renormalized
               file H.pbe-kjpaw_psl.1.0.0.UPF: wavefunction(s)  1S renormalized

     Parallelization info
     --------------------
     sticks:   dense  smooth     PW     G-vecs:    dense   smooth      PW
     Min        3057    1223    332               144436    36536    5170
     Max        3059    1225    333               144437    36537    5171
     Sum       24467    9791   2657              1155489   292295   41363


     Subspace diagonalization in iterative solution of the eigenvalue problem:
     a serial algorithm will be used

     GIPAW projectors -----------------------------------------------
     atom=  C    l=0  rc=    1.2000  rs=    0.8000
     atom=  C    l=0  rc=    1.2000  rs=    0.8000
     atom=  C    l=1  rc=    1.4000  rs=    0.9333
     atom=  C    l=1  rc=    1.4000  rs=    0.9333
     projs nearly linearly dependent: l=1  n1,n2= 1, 2  s=  0.99951561

     atom=  Cl   l=0  rc=    1.6000  rs=    1.0667
     atom=  Cl   l=0  rc=    1.6000  rs=    1.0667
     atom=  Cl   l=1  rc=    1.6000  rs=    1.0667
     atom=  Cl   l=1  rc=    1.6000  rs=    1.0667
     atom=  Cl   l=2  rc=    1.6000  rs=    1.0667
     atom=  Cl   l=2  rc=    1.6000  rs=    1.0667
     projs nearly linearly dependent: l=2  n1,n2= 1, 2  s=  0.99993509

     atom=  H    l=0  rc=    1.0000  rs=    0.6667
     atom=  H    l=0  rc=    1.0000  rs=    0.6667
     projs nearly linearly dependent: l=0  n1,n2= 1, 2  s=  0.99968852
     -----------------------------------------------------------------

     GIPAW integrals: -------------------------------------------
     Atom  i/j   nmr_para   nmr_dia   epr_rmc  epr_para   epr_dia
       C   1 1   0.83E+03  0.17E-01  0.93E+01  0.24E+08  0.24E+03
       C   2 1   0.86E+03 -0.61E-01  0.94E+01  0.25E+08  0.25E+03
       C   2 2   0.90E+03 -0.15E+00  0.97E+01  0.26E+08  0.26E+03
       C   3 3   0.33E+01  0.34E+00  0.18E+01  0.55E+03  0.21E+02
       C   4 3   0.35E+01  0.37E+00  0.20E+01  0.59E+03  0.22E+02
       C   4 4   0.38E+01  0.39E+00  0.22E+01  0.63E+03  0.24E+02
       Cl  1 1   0.14E+04 -0.47E+00  0.84E+01  0.32E+09  0.42E+03
       Cl  2 1   0.21E+04 -0.37E+00  0.12E+02  0.49E+09  0.65E+03
       Cl  2 2   0.33E+04 -0.16E+00  0.21E+02  0.76E+09  0.10E+04
       Cl  3 3   0.21E+02  0.79E-01  0.89E+01  0.23E+05  0.13E+03
       Cl  4 3   0.24E+02  0.67E-01  0.99E+01  0.27E+05  0.15E+03
       Cl  4 4   0.28E+02  0.44E-01  0.11E+02  0.32E+05  0.18E+03
       Cl  5 5   0.77E+00  0.19E+00  0.18E+01  0.12E+03  0.22E+02
       Cl  6 5   0.80E+00  0.19E+00  0.19E+01  0.12E+03  0.23E+02
       Cl  6 6   0.83E+00  0.20E+00  0.19E+01  0.12E+03  0.23E+02
       H   1 1   0.39E+02  0.19E+00  0.29E+00  0.78E+05  0.13E+02
       H   2 1   0.41E+02  0.21E+00  0.32E+00  0.82E+05  0.14E+02
       H   2 2   0.43E+02  0.22E+00  0.36E+00  0.86E+05  0.15E+02
     ------------------------------------------------------------

     alpha_pv=     33.7085 eV

     Number of occupied bands for each k-point:
     k-point:     1    nbnd_occ=  42
     k-point:     2    nbnd_occ=  42
     k-point:     3    nbnd_occ=  42
     k-point:     4    nbnd_occ=  42
     k-point:     5    nbnd_occ=  42
     k-point:     6    nbnd_occ=  42
     k-point:     7    nbnd_occ=  42
     k-point:     8    nbnd_occ=  42
     k-point:     9    nbnd_occ=  42
     k-point:    10    nbnd_occ=  42
     k-point:    11    nbnd_occ=  42
     k-point:    12    nbnd_occ=  42
     k-point:    13    nbnd_occ=  42
     k-point:    14    nbnd_occ=  42
     k-point:    15    nbnd_occ=  42
     k-point:    16    nbnd_occ=  42


     q-space interpolation up to   110.00 Rydberg

     GIPAW job: efg                                                                             


     ELECTRIC FIELD GRADIENTS TENSORS IN Hartree/bohrradius^2:

     ----- bare term -----
     Cl   1        0.031637       -0.015149       -0.056021
     Cl   1       -0.015149       -0.000983       -0.026622
     Cl   1       -0.056021       -0.026622       -0.030655

     C    2       -0.002813        0.404610       -0.185490
     C    2        0.404610       -0.148919       -0.593835
     C    2       -0.185490       -0.593835        0.151732

     C    3       -0.305991        0.288052       -0.333458
     C    3        0.288052        0.012313       -0.330917
     C    3       -0.333458       -0.330917        0.293678

     H    4       -0.241951       -0.181512       -0.614335
     H    4       -0.181512        0.408396       -0.190876
     H    4       -0.614335       -0.190876       -0.166445

     C    5       -0.158591        0.402758       -0.241382
     C    5        0.402758       -0.204911       -0.440313
     C    5       -0.241382       -0.440313        0.363502

     H    6        0.406691       -0.043045       -0.036993
     H    6       -0.043045       -0.655908       -0.374255
     H    6       -0.036993       -0.374255        0.249217

     H    7        0.002881        0.368846        0.163622
     H    7        0.368846       -0.383319        0.252100
     H    7        0.163622        0.252100        0.380438

     C    8       -0.346592       -0.340281       -0.354881
     C    8       -0.340281       -0.083322        0.104286
     C    8       -0.354881        0.104286        0.429914

     H    9       -0.702392        0.063786        0.108616
     H    9        0.063786        0.400254        0.174363
     H    9        0.108616        0.174363        0.302138

     C   10        0.118358        0.209830       -0.449954
     C   10        0.209830       -0.321173        0.510780
     C   10       -0.449954        0.510780        0.202815

     C   11       -0.366671       -0.326044       -0.359278
     C   11       -0.326044       -0.085167        0.220156
     C   11       -0.359278        0.220156        0.451839

     Cl  12       -0.020479        0.117224       -0.071253
     Cl  12        0.117224       -0.024942       -0.081392
     Cl  12       -0.071253       -0.081392        0.045421

     H   13        0.246374       -0.044768        0.262399
     H   13       -0.044768       -0.135589       -0.447114
     H   13        0.262399       -0.447114       -0.110785

     C   14       -0.381233        0.314580       -0.501444
     C   14        0.314580        0.244636       -0.287198
     C   14       -0.501444       -0.287198        0.136597

     H   15       -0.031930       -0.143340       -0.429176
     H   15       -0.143340        0.303498        0.157644
     H   15       -0.429176        0.157644       -0.271568

     C   16        0.098803        0.520364       -0.109882
     C   16        0.520364       -0.266739       -0.522143
     C   16       -0.109882       -0.522143        0.167936

     C   17       -0.277087        0.285365       -0.498994
     C   17        0.285365        0.132445       -0.338037
     C   17       -0.498994       -0.338037        0.144642

     Cl  18       -0.034420        0.152995       -0.095062
     Cl  18        0.152995        0.086372       -0.104219
     Cl  18       -0.095062       -0.104219       -0.051952

     H   19        0.205875       -0.205851        0.276670
     H   19       -0.205851       -0.167865        0.562386
     H   19        0.276670        0.562386       -0.038010

     C   20       -0.097645        0.203783       -0.502033
     C   20        0.203783       -0.155362        0.392443
     C   20       -0.502033        0.392443        0.253007

     H   21       -0.350771        0.261448       -0.478089
     H   21        0.261448        0.105603        0.211655
     H   21       -0.478089        0.211655        0.245168

     C   22       -0.257826       -0.358785       -0.057555
     C   22       -0.358785       -0.133607        0.370991
     C   22       -0.057555        0.370991        0.391433

     C   23       -0.078083        0.261132       -0.380244
     C   23        0.261132       -0.046955        0.679119
     C   23       -0.380244        0.679119        0.125037

     Cl  24       -0.244114       -0.195413       -0.004777
     Cl  24       -0.195413        0.176456        0.070419
     Cl  24       -0.004777        0.070419        0.067658

     ----- ionic term -----
     Cl   1        0.108586       -0.216095        0.005494
     Cl   1       -0.216095        0.049249       -0.000468
     Cl   1        0.005494       -0.000468       -0.157835

     C    2        0.159365       -0.200371        0.292510
     C    2       -0.200371        0.080554        0.413819
     C    2        0.292510        0.413819       -0.239919

     C    3        0.109695       -0.262903        0.229598
     C    3       -0.262903        0.087368        0.374613
     C    3        0.229598        0.374613       -0.197062

     H    4        0.423415        0.190618        0.752182
     H    4        0.190618       -0.508396        0.213665
     H    4        0.752182        0.213665        0.084980

     C    5        0.263053       -0.262241        0.319514
     C    5       -0.262241        0.003733        0.265392
     C    5        0.319514        0.265392       -0.266786

     H    6       -0.509503       -0.057092       -0.001137
     H    6       -0.057092        0.661605        0.700834
     H    6       -0.001137        0.700834       -0.152102

     H    7       -0.481006       -0.223512        0.078614
     H    7       -0.223512        0.856528       -0.527929
     H    7        0.078614       -0.527929       -0.375522

     C    8        0.350506        0.122218        0.177600
     C    8        0.122218        0.087107       -0.264515
     C    8        0.177600       -0.264515       -0.437613

     H    9        0.806235       -0.339189        0.490595
     H    9       -0.339189       -0.424071       -0.188106
     H    9        0.490595       -0.188106       -0.382163

     C   10        0.224202        0.176862        0.132714
     C   10        0.176862        0.171166       -0.375687
     C   10        0.132714       -0.375687       -0.395368

     C   11        0.180644        0.138950        0.242748
     C   11        0.138950        0.153183       -0.401908
     C   11        0.242748       -0.401908       -0.333827

     Cl  12        0.124199        0.218759       -0.009208
     Cl  12        0.218759        0.023970       -0.009319
     Cl  12       -0.009208       -0.009319       -0.148169

     H   13       -0.511508        0.062939        0.060014
     H   13        0.062939        0.630841        0.723452
     H   13        0.060014        0.723452       -0.119333

     C   14        0.274785       -0.199400        0.307815
     C   14       -0.199400        0.030774        0.297202
     C   14        0.307815        0.297202       -0.305559

     H   15        0.523345        0.253612        0.732787
     H   15        0.253612       -0.433818        0.246587
     H   15        0.732787        0.246587       -0.089527

     C   16        0.121099       -0.267575        0.208875
     C   16       -0.267575        0.173394        0.370796
     C   16        0.208875        0.370796       -0.294493

     C   17        0.178052       -0.240569        0.306472
     C   17       -0.240569        0.076101        0.372976
     C   17        0.306472        0.372976       -0.254152

     Cl  18        0.151168       -0.221879        0.016182
     Cl  18       -0.221879       -0.006055        0.001581
     Cl  18        0.016182        0.001581       -0.145112

     H   19       -0.511619        0.037153       -0.010008
     H   19        0.037153        0.549633       -0.753433
     H   19       -0.010008       -0.753433       -0.038014

     C   20        0.292041        0.227008        0.163568
     C   20        0.227008        0.014193       -0.349869
     C   20        0.163568       -0.349869       -0.306234

     H   21        0.673143       -0.274450        0.650031
     H   21       -0.274450       -0.445165       -0.235153
     H   21        0.650031       -0.235153       -0.227978

     C   22        0.198956        0.280103        0.093822
     C   22        0.280103        0.139416       -0.424959
     C   22        0.093822       -0.424959       -0.338372

     C   23        0.281135        0.189512        0.168669
     C   23        0.189512        0.082871       -0.371452
     C   23        0.168669       -0.371452       -0.364006

     Cl  24        0.161907        0.199205        0.010933
     Cl  24        0.199205       -0.012677       -0.004279
     Cl  24        0.010933       -0.004279       -0.149230

     ----- GIPAW term -----
     Cl   1        1.639877       -2.262090       -0.461559
     Cl   1       -2.262090        0.035809       -0.206878
     Cl   1       -0.461559       -0.206878       -1.675685

     C    2        0.119903        0.137222       -0.090800
     C    2        0.137222        0.020819       -0.141415
     C    2       -0.090800       -0.141415       -0.140722

     C    3       -0.003979        0.144765       -0.037305
     C    3        0.144765        0.035127       -0.007525
     C    3       -0.037305       -0.007525       -0.031149

     H    4       -0.000000        0.000000        0.000000
     H    4        0.000000        0.000000        0.000000
     H    4        0.000000        0.000000        0.000000

     C    5        0.042263        0.166438       -0.049649
     C    5        0.166438       -0.033981       -0.117348
     C    5       -0.049649       -0.117348       -0.008282

     H    6       -0.000000        0.000000        0.000000
     H    6        0.000000        0.000000        0.000000
     H    6        0.000000        0.000000        0.000000

     H    7       -0.000000        0.000000        0.000000
     H    7        0.000000        0.000000        0.000000
     H    7        0.000000        0.000000        0.000000

     C    8        0.089777        0.105098       -0.140001
     C    8        0.105098       -0.046163       -0.076607
     C    8       -0.140001       -0.076607       -0.043614

     H    9       -0.000000        0.000000        0.000000
     H    9        0.000000        0.000000        0.000000
     H    9        0.000000        0.000000        0.000000

     C   10        0.140105        0.144572       -0.224418
     C   10        0.144572       -0.112464        0.008990
     C   10       -0.224418        0.008990       -0.027641

     C   11        0.070307        0.144071       -0.176916
     C   11        0.144071       -0.051070       -0.060487
     C   11       -0.176916       -0.060487       -0.019237

     Cl  12        0.872589        2.962534       -1.193490
     Cl  12        2.962534       -0.208741       -1.169783
     Cl  12       -1.193490       -1.169783       -0.663849

     H   13       -0.000000        0.000000        0.000000
     H   13        0.000000        0.000000        0.000000
     H   13        0.000000        0.000000        0.000000

     C   14        0.023966        0.197287       -0.144251
     C   14        0.197287        0.057707       -0.098625
     C   14       -0.144251       -0.098625       -0.081673

     H   15       -0.000000        0.000000        0.000000
     H   15        0.000000        0.000000        0.000000
     H   15        0.000000        0.000000        0.000000

     C   16        0.036134        0.206050       -0.086145
     C   16        0.206050        0.018786       -0.142974
     C   16       -0.086145       -0.142974       -0.054919

     C   17       -0.020028        0.112812       -0.136726
     C   17        0.112812        0.129227       -0.141622
     C   17       -0.136726       -0.141622       -0.109199

     Cl  18        0.695323       -0.222167       -0.902422
     Cl  18       -0.222167        1.332784       -1.306045
     Cl  18       -0.902422       -1.306045       -2.028107

     H   19       -0.000000        0.000000        0.000000
     H   19        0.000000        0.000000        0.000000
     H   19        0.000000        0.000000        0.000000

     C   20        0.034231        0.178596       -0.192714
     C   20        0.178596       -0.057012       -0.031499
     C   20       -0.192714       -0.031499        0.022781

     H   21       -0.000000        0.000000        0.000000
     H   21        0.000000        0.000000        0.000000
     H   21        0.000000        0.000000        0.000000

     C   22        0.028489        0.121128        0.046493
     C   22        0.121128        0.034979        0.066201
     C   22        0.046493        0.066201       -0.063468

     C   23        0.033751        0.239473       -0.041698
     C   23        0.239473        0.082844        0.153001
     C   23       -0.041698        0.153001       -0.116595

     Cl  24       -0.152234        1.460962       -0.091959
     Cl  24        1.460962        1.739443        0.569367
     Cl  24       -0.091959        0.569367       -1.587209

     ----- total EFG -----
     Cl   1        1.780099       -2.493334       -0.512086
     Cl   1       -2.493334        0.084075       -0.233968
     Cl   1       -0.512086       -0.233968       -1.864174

     C    2        0.276456        0.341461        0.016221
     C    2        0.341461       -0.047547       -0.321431
     C    2        0.016221       -0.321431       -0.228909

     C    3       -0.200275        0.169915       -0.141165
     C    3        0.169915        0.134808        0.036172
     C    3       -0.141165        0.036172        0.065467

     H    4        0.181464        0.009106        0.137847
     H    4        0.009106       -0.100000        0.022789
     H    4        0.137847        0.022789       -0.081465

     C    5        0.146724        0.306955        0.028483
     C    5        0.306955       -0.235159       -0.292269
     C    5        0.028483       -0.292269        0.088434

     H    6       -0.102812       -0.100137       -0.038130
     H    6       -0.100137        0.005697        0.326578
     H    6       -0.038130        0.326578        0.097115

     H    7       -0.478124        0.145334        0.242236
     H    7        0.145334        0.473208       -0.275829
     H    7        0.242236       -0.275829        0.004916

     C    8        0.093691       -0.112965       -0.317282
     C    8       -0.112965       -0.042377       -0.236836
     C    8       -0.317282       -0.236836       -0.051313

     H    9        0.103843       -0.275403        0.599211
     H    9       -0.275403       -0.023817       -0.013743
     H    9        0.599211       -0.013743       -0.080026

     C   10        0.482665        0.531265       -0.541658
     C   10        0.531265       -0.262470        0.144083
     C   10       -0.541658        0.144083       -0.220195

     C   11       -0.115720       -0.043022       -0.293446
     C   11       -0.043022        0.016945       -0.242239
     C   11       -0.293446       -0.242239        0.098775

     Cl  12        0.976310        3.298518       -1.273952
     Cl  12        3.298518       -0.209713       -1.260494
     Cl  12       -1.273952       -1.260494       -0.766597

     H   13       -0.265134        0.018172        0.322413
     H   13        0.018172        0.495252        0.276338
     H   13        0.322413        0.276338       -0.230118

     C   14       -0.082481        0.312466       -0.337880
     C   14        0.312466        0.333116       -0.088621
     C   14       -0.337880       -0.088621       -0.250635

     H   15        0.491416        0.110272        0.303611
     H   15        0.110272       -0.130320        0.404231
     H   15        0.303611        0.404231       -0.361096

     C   16        0.256036        0.458839        0.012848
     C   16        0.458839       -0.074559       -0.294321
     C   16        0.012848       -0.294321       -0.181476

     C   17       -0.119063        0.157609       -0.329248
     C   17        0.157609        0.337773       -0.106683
     C   17       -0.329248       -0.106683       -0.218710

     Cl  18        0.812071       -0.291051       -0.981302
     Cl  18       -0.291051        1.413101       -1.408683
     Cl  18       -0.981302       -1.408683       -2.225172

     H   19       -0.305744       -0.168698        0.266662
     H   19       -0.168698        0.381768       -0.191047
     H   19        0.266662       -0.191047       -0.076024

     C   20        0.228627        0.609387       -0.531179
     C   20        0.609387       -0.198181        0.011076
     C   20       -0.531179        0.011076       -0.030446

     H   21        0.322371       -0.013001        0.171942
     H   21       -0.013001       -0.339561       -0.023498
     H   21        0.171942       -0.023498        0.017190

     C   22       -0.030381        0.042446        0.082760
     C   22        0.042446        0.040788        0.012233
     C   22        0.082760        0.012233       -0.010407

     C   23        0.236803        0.690117       -0.253272
     C   23        0.690117        0.118760        0.460668
     C   23       -0.253272        0.460668       -0.355563

     Cl  24       -0.234440        1.464754       -0.085803
     Cl  24        1.464754        1.903222        0.635507
     Cl  24       -0.085803        0.635507       -1.668781

     ----- total EFG (symmetrized) -----
     Cl   1        1.780099       -2.493334       -0.512086
     Cl   1       -2.493334        0.084075       -0.233968
     Cl   1       -0.512086       -0.233968       -1.864174

     C    2        0.276456        0.341461        0.016221
     C    2        0.341461       -0.047547       -0.321431
     C    2        0.016221       -0.321431       -0.228909

     C    3       -0.200275        0.169915       -0.141165
     C    3        0.169915        0.134808        0.036172
     C    3       -0.141165        0.036172        0.065467

     H    4        0.181464        0.009106        0.137847
     H    4        0.009106       -0.100000        0.022789
     H    4        0.137847        0.022789       -0.081465

     C    5        0.146724        0.306955        0.028483
     C    5        0.306955       -0.235159       -0.292269
     C    5        0.028483       -0.292269        0.088434

     H    6       -0.102812       -0.100137       -0.038130
     H    6       -0.100137        0.005697        0.326578
     H    6       -0.038130        0.326578        0.097115

     H    7       -0.478124        0.145334        0.242236
     H    7        0.145334        0.473208       -0.275829
     H    7        0.242236       -0.275829        0.004916

     C    8        0.093691       -0.112965       -0.317282
     C    8       -0.112965       -0.042377       -0.236836
     C    8       -0.317282       -0.236836       -0.051313

     H    9        0.103843       -0.275403        0.599211
     H    9       -0.275403       -0.023817       -0.013743
     H    9        0.599211       -0.013743       -0.080026

     C   10        0.482665        0.531265       -0.541658
     C   10        0.531265       -0.262470        0.144083
     C   10       -0.541658        0.144083       -0.220195

     C   11       -0.115720       -0.043022       -0.293446
     C   11       -0.043022        0.016945       -0.242239
     C   11       -0.293446       -0.242239        0.098775

     Cl  12        0.976310        3.298518       -1.273952
     Cl  12        3.298518       -0.209713       -1.260494
     Cl  12       -1.273952       -1.260494       -0.766597

     H   13       -0.265134        0.018172        0.322413
     H   13        0.018172        0.495252        0.276338
     H   13        0.322413        0.276338       -0.230118

     C   14       -0.082481        0.312466       -0.337880
     C   14        0.312466        0.333116       -0.088621
     C   14       -0.337880       -0.088621       -0.250635

     H   15        0.491416        0.110272        0.303611
     H   15        0.110272       -0.130320        0.404231
     H   15        0.303611        0.404231       -0.361096

     C   16        0.256036        0.458839        0.012848
     C   16        0.458839       -0.074559       -0.294321
     C   16        0.012848       -0.294321       -0.181476

     C   17       -0.119063        0.157609       -0.329248
     C   17        0.157609        0.337773       -0.106683
     C   17       -0.329248       -0.106683       -0.218710

     Cl  18        0.812071       -0.291051       -0.981302
     Cl  18       -0.291051        1.413101       -1.408683
     Cl  18       -0.981302       -1.408683       -2.225172

     H   19       -0.305744       -0.168698        0.266662
     H   19       -0.168698        0.381768       -0.191047
     H   19        0.266662       -0.191047       -0.076024

     C   20        0.228627        0.609387       -0.531179
     C   20        0.609387       -0.198181        0.011076
     C   20       -0.531179        0.011076       -0.030446

     H   21        0.322371       -0.013001        0.171942
     H   21       -0.013001       -0.339561       -0.023498
     H   21        0.171942       -0.023498        0.017190

     C   22       -0.030381        0.042446        0.082760
     C   22        0.042446        0.040788        0.012233
     C   22        0.082760        0.012233       -0.010407

     C   23        0.236803        0.690117       -0.253272
     C   23        0.690117        0.118760        0.460668
     C   23       -0.253272        0.460668       -0.355563

     Cl  24       -0.234440        1.464754       -0.085803
     Cl  24        1.464754        1.903222        0.635507
     Cl  24       -0.085803        0.635507       -1.668781


     NQR/NMR SPECTROSCOPIC PARAMETERS:
     Cl   1    Vxx=   -1.2944    axis=( -0.416953 -0.645557  0.639849)
     Cl   1    Vyy=   -2.2858    axis=( -0.402994 -0.499687 -0.766752)
     Cl   1    Vzz=    3.5802    axis=( -0.814706  0.577555  0.051809)
     Cl   1  Q=        -8.1650 1e-30 m^2  Cq=       -68.6847 MHz  eta= 0.27690

     C    2    Vxx=    0.0084    axis=(  0.561540 -0.473001  0.678927)
     C    2    Vyy=    0.5303    axis=( -0.775353 -0.587328  0.232108)
     C    2    Vzz=   -0.5387    axis=(  0.288965 -0.656746 -0.696551)
     C    2  Q=         1.0000 1e-30 m^2  Cq=        -1.2657 MHz  eta= 0.96865

     C    3    Vxx=    0.1145    axis=( -0.234044  0.327093  0.915551)
     C    3    Vyy=    0.2103    axis=( -0.433227 -0.878131  0.202978)
     C    3    Vzz=   -0.3248    axis=(  0.870366 -0.349136  0.347227)
     C    3  Q=         1.0000 1e-30 m^2  Cq=        -0.7630 MHz  eta= 0.29499

     H    4    Vxx=   -0.0944    axis=( -0.183018  0.934777  0.304462)
     H    4    Vyy=   -0.1470    axis=( -0.353959 -0.351578  0.866664)
     H    4    Vzz=    0.2414    axis=( -0.917179 -0.050849 -0.395217)
     H    4  Q=         1.0000 1e-30 m^2  Cq=         0.5671 MHz  eta= 0.21812

     C    5    Vxx=    0.1424    axis=( -0.633761  0.080307 -0.769349)
     C    5    Vyy=    0.3844    axis=(  0.666470  0.561541 -0.490398)
     C    5    Vzz=   -0.5268    axis=(  0.392638 -0.823543 -0.409405)
     C    5  Q=         1.0000 1e-30 m^2  Cq=        -1.2378 MHz  eta= 0.45936

     H    6    Vxx=   -0.1063    axis=( -0.943304  0.089024 -0.319768)
     H    6    Vyy=   -0.2928    axis=( -0.274688 -0.750191  0.601465)
     H    6    Vzz=    0.3991    axis=( -0.186342  0.655201  0.732112)
     H    6  Q=         1.0000 1e-30 m^2  Cq=         0.9377 MHz  eta= 0.46735

     H    7    Vxx=    0.0316    axis=(  0.481334  0.344885  0.805836)
     H    7    Vyy=    0.6018    axis=( -0.031028 -0.912061  0.408880)
     H    7    Vzz=   -0.6334    axis=(  0.875988 -0.221811 -0.428304)
     H    7  Q=         1.0000 1e-30 m^2  Cq=        -1.4882 MHz  eta= 0.90036

     C    8    Vxx=    0.1034    axis=( -0.482498  0.829726 -0.280627)
     C    8    Vyy=    0.3583    axis=(  0.718938  0.192148 -0.667988)
     C    8    Vzz=   -0.4617    axis=(  0.500324  0.524056  0.689232)
     C    8  Q=         1.0000 1e-30 m^2  Cq=        -1.0848 MHz  eta= 0.55203

     H    9    Vxx=   -0.0437    axis=(  0.045614  0.911895  0.407882)
     H    9    Vyy=   -0.6434    axis=( -0.661245 -0.278489  0.696562)
     H    9    Vzz=    0.6871    axis=(  0.748782 -0.301483  0.590283)
     H    9  Q=         1.0000 1e-30 m^2  Cq=         1.6144 MHz  eta= 0.87268

     C   10    Vxx=   -0.0972    axis=(  0.024436  0.700507  0.713227)
     C   10    Vyy=   -0.8257    axis=(  0.501437 -0.625791  0.597450)
     C   10    Vzz=    0.9230    axis=( -0.864849 -0.343039  0.366552)
     C   10  Q=         1.0000 1e-30 m^2  Cq=         2.1686 MHz  eta= 0.78929

     C   11    Vxx=    0.0073    axis=(  0.604463 -0.784507 -0.138468)
     C   11    Vyy=    0.3942    axis=(  0.414068  0.457893 -0.786690)
     C   11    Vzz=   -0.4016    axis=(  0.680568  0.418190  0.601619)
     C   11  Q=         1.0000 1e-30 m^2  Cq=        -0.9435 MHz  eta= 0.96345

     Cl  12    Vxx=   -1.3765    axis=(  0.308782  0.142922  0.940333)
     Cl  12    Vyy=   -2.9810    axis=(  0.621488 -0.778719 -0.085724)
     Cl  12    Vzz=    4.3575    axis=(  0.720004  0.610876 -0.329279)
     Cl  12  Q=        -8.1650 1e-30 m^2  Cq=       -83.5964 MHz  eta= 0.36821

     H   13    Vxx=   -0.0063    axis=( -0.719078  0.355161 -0.597317)
     H   13    Vyy=   -0.6009    axis=( -0.677859 -0.169131  0.715473)
     H   13    Vzz=    0.6072    axis=(  0.153083  0.919378  0.362368)
     H   13  Q=         1.0000 1e-30 m^2  Cq=         1.4267 MHz  eta= 0.97928

     C   14    Vxx=   -0.0412    axis=(  0.531912 -0.588287 -0.609088)
     C   14    Vyy=   -0.5350    axis=(  0.659973 -0.162672  0.733466)
     C   14    Vzz=    0.5762    axis=( -0.530570 -0.792121  0.301727)
     C   14  Q=         1.0000 1e-30 m^2  Cq=         1.3538 MHz  eta= 0.85712

     H   15    Vxx=    0.0297    axis=(  0.468505 -0.770231 -0.432721)
     H   15    Vyy=    0.6645    axis=( -0.869291 -0.314536 -0.381314)
     H   15    Vzz=   -0.6942    axis=(  0.157593  0.554808 -0.816916)
     H   15  Q=         1.0000 1e-30 m^2  Cq=        -1.6311 MHz  eta= 0.91442

     C   16    Vxx=   -0.0462    axis=(  0.491318 -0.345988  0.799312)
     C   16    Vyy=   -0.5666    axis=(  0.409407 -0.718269 -0.562561)
     C   16    Vzz=    0.6128    axis=( -0.768761 -0.603640  0.211248)
     C   16  Q=         1.0000 1e-30 m^2  Cq=         1.4398 MHz  eta= 0.84928

     C   17    Vxx=    0.0432    axis=(  0.624381 -0.538802 -0.565545)
     C   17    Vyy=    0.4593    axis=( -0.421287 -0.841973  0.337044)
     C   17    Vzz=   -0.5025    axis=(  0.657773 -0.027813  0.752702)
     C   17  Q=         1.0000 1e-30 m^2  Cq=        -1.1807 MHz  eta= 0.82825

     Cl  18    Vxx=    1.0857    axis=( -0.964296  0.131587  0.229822)
     Cl  18    Vyy=    1.8968    axis=( -0.049011 -0.941502  0.333424)
     Cl  18    Vzz=   -2.9825    axis=(  0.260252  0.310256  0.914336)
     Cl  18  Q=        -8.1650 1e-30 m^2  Cq=        57.2175 MHz  eta= 0.27197

     H   19    Vxx=   -0.0478    axis=(  0.439583  0.503493  0.743815)
     H   19    Vyy=   -0.4829    axis=(  0.845528  0.047457 -0.531818)
     H   19    Vzz=    0.5307    axis=(  0.303066 -0.862695  0.404856)
     H   19  Q=         1.0000 1e-30 m^2  Cq=         1.2469 MHz  eta= 0.82004

     C   20    Vxx=   -0.0887    axis=( -0.098057 -0.624403 -0.774923)
     C   20    Vyy=   -0.7887    axis=(  0.619540 -0.647683  0.443482)
     C   20    Vzz=    0.8774    axis=( -0.778816 -0.436609  0.450353)
     C   20  Q=         1.0000 1e-30 m^2  Cq=         2.0616 MHz  eta= 0.79773

     H   21    Vxx=   -0.0592    axis=( -0.411791 -0.057126  0.909486)
     H   21    Vyy=   -0.3411    axis=( -0.002963 -0.997944 -0.064024)
     H   21    Vzz=    0.4003    axis=(  0.911273 -0.029060  0.410775)
     H   21  Q=         1.0000 1e-30 m^2  Cq=         0.9405 MHz  eta= 0.70429

     C   22    Vxx=    0.0159    axis=(  0.292675 -0.774469  0.560838)
     C   22    Vyy=    0.0918    axis=(  0.578382  0.610444  0.541140)
     C   22    Vzz=   -0.1077    axis=(  0.761456 -0.166001 -0.626601)
     C   22  Q=         1.0000 1e-30 m^2  Cq=        -0.2531 MHz  eta= 0.70504

     C   23    Vxx=    0.0704    axis=( -0.527696  0.401875  0.748354)
     C   23    Vyy=    0.8852    axis=( -0.701821 -0.702581 -0.117590)
     C   23    Vzz=   -0.9556    axis=(  0.478523 -0.587262  0.652793)
     C   23  Q=         1.0000 1e-30 m^2  Cq=        -2.2454 MHz  eta= 0.85264

     Cl  24    Vxx=   -0.8337    axis=(  0.852277 -0.370342 -0.369418)
     Cl  24    Vyy=   -1.8780    axis=(  0.284245 -0.264970  0.921409)
     Cl  24    Vzz=    2.7117    axis=( -0.439121 -0.890302 -0.120560)
     Cl  24  Q=        -8.1650 1e-30 m^2  Cq=       -52.0233 MHz  eta= 0.38509

     Initialization:
     gipaw_setup  :      9.14s CPU     11.08s WALL (       1 calls)

     Linear response

     Apply operators

     Induced current

     Other routines
     efg          :      9.30s CPU     11.58s WALL (       1 calls)

     General routines
     calbec       :      3.28s CPU      4.36s WALL (      16 calls)
     fft          :      1.49s CPU      2.15s WALL (      15 calls)
     ffts         :      0.04s CPU      0.05s WALL (       2 calls)
     fftw         :      3.31s CPU      3.85s WALL (     672 calls)
     davcio       :      0.01s CPU      0.33s WALL (      32 calls)

     Parallel routines
     fft_scatter  :      2.20s CPU      3.27s WALL (     689 calls)

     Plugins

     GIPAW        :     60.44s CPU     74.44s WALL (       1 calls)
