
     Program QE v.6.0 (svn rev. 13079) starts on 23Jan2017 at 20:23: 3 

     This program is part of the open-source Quantum ESPRESSO suite
     for quantum simulation of materials; please cite
         "P. Giannozzi et al., J. Phys.:Condens. Matter 21 395502 (2009);
          URL http://www.quantum-espresso.org", 
     in publications or presentations arising from this work. More details at
     http://www.quantum-espresso.org/quote

     Parallel version (MPI), running on     8 processors
     R & G space division:  proc/nbgrp/npool/nimage =       8

     ***** This is GIPAW svn revision unknown      *****

     Parallelizing q-star over 1 images

     Reading data from directory:
     /users/majewski/paradichlorobenzene/pbe/9_constraint/scratch/pbe.ecut100.np8.dt60.pcl2phi-129368.save
     Message from routine read_xml_file:
     file /users/majewski/paradichlorobenzene/pbe/9_constraint/scratch/pbe.ecut100.np8.dt60.pcl2phi-129368.save not guaranteed to be safe for post-processing

   Info: using nr1, nr2, nr3 values from input

   Info: using nr1, nr2, nr3 values from input

     IMPORTANT: XC functional enforced from input :
     Exchange-correlation      =  SLA  PW   PBX  PBC ( 1  4  3  4 0 0)
     Any further DFT definition will be discarded
     Please, verify this is what you really want

               file C.pbe-n-kjpaw_psl.1.0.0.UPF: wavefunction(s)  2S 2P renormalized
               file Cl.pbe-n-kjpaw_psl.1.0.0.UPF: wavefunction(s)  3S 3P renormalized
               file H.pbe-kjpaw_psl.1.0.0.UPF: wavefunction(s)  1S renormalized

     Parallelization info
     --------------------
     sticks:   dense  smooth     PW     G-vecs:    dense   smooth      PW
     Min        3057    1223    332               144436    36536    5170
     Max        3059    1225    333               144437    36537    5171
     Sum       24467    9791   2657              1155489   292295   41363


     Subspace diagonalization in iterative solution of the eigenvalue problem:
     a serial algorithm will be used

     GIPAW projectors -----------------------------------------------
     atom=  C    l=0  rc=    1.2000  rs=    0.8000
     atom=  C    l=0  rc=    1.2000  rs=    0.8000
     atom=  C    l=1  rc=    1.4000  rs=    0.9333
     atom=  C    l=1  rc=    1.4000  rs=    0.9333
     projs nearly linearly dependent: l=1  n1,n2= 1, 2  s=  0.99951561

     atom=  Cl   l=0  rc=    1.6000  rs=    1.0667
     atom=  Cl   l=0  rc=    1.6000  rs=    1.0667
     atom=  Cl   l=1  rc=    1.6000  rs=    1.0667
     atom=  Cl   l=1  rc=    1.6000  rs=    1.0667
     atom=  Cl   l=2  rc=    1.6000  rs=    1.0667
     atom=  Cl   l=2  rc=    1.6000  rs=    1.0667
     projs nearly linearly dependent: l=2  n1,n2= 1, 2  s=  0.99993509

     atom=  H    l=0  rc=    1.0000  rs=    0.6667
     atom=  H    l=0  rc=    1.0000  rs=    0.6667
     projs nearly linearly dependent: l=0  n1,n2= 1, 2  s=  0.99968852
     -----------------------------------------------------------------

     GIPAW integrals: -------------------------------------------
     Atom  i/j   nmr_para   nmr_dia   epr_rmc  epr_para   epr_dia
       C   1 1   0.83E+03  0.17E-01  0.93E+01  0.24E+08  0.24E+03
       C   2 1   0.86E+03 -0.61E-01  0.94E+01  0.25E+08  0.25E+03
       C   2 2   0.90E+03 -0.15E+00  0.97E+01  0.26E+08  0.26E+03
       C   3 3   0.33E+01  0.34E+00  0.18E+01  0.55E+03  0.21E+02
       C   4 3   0.35E+01  0.37E+00  0.20E+01  0.59E+03  0.22E+02
       C   4 4   0.38E+01  0.39E+00  0.22E+01  0.63E+03  0.24E+02
       Cl  1 1   0.14E+04 -0.47E+00  0.84E+01  0.32E+09  0.42E+03
       Cl  2 1   0.21E+04 -0.37E+00  0.12E+02  0.49E+09  0.65E+03
       Cl  2 2   0.33E+04 -0.16E+00  0.21E+02  0.76E+09  0.10E+04
       Cl  3 3   0.21E+02  0.79E-01  0.89E+01  0.23E+05  0.13E+03
       Cl  4 3   0.24E+02  0.67E-01  0.99E+01  0.27E+05  0.15E+03
       Cl  4 4   0.28E+02  0.44E-01  0.11E+02  0.32E+05  0.18E+03
       Cl  5 5   0.77E+00  0.19E+00  0.18E+01  0.12E+03  0.22E+02
       Cl  6 5   0.80E+00  0.19E+00  0.19E+01  0.12E+03  0.23E+02
       Cl  6 6   0.83E+00  0.20E+00  0.19E+01  0.12E+03  0.23E+02
       H   1 1   0.39E+02  0.19E+00  0.29E+00  0.78E+05  0.13E+02
       H   2 1   0.41E+02  0.21E+00  0.32E+00  0.82E+05  0.14E+02
       H   2 2   0.43E+02  0.22E+00  0.36E+00  0.86E+05  0.15E+02
     ------------------------------------------------------------

     alpha_pv=     34.3533 eV

     Number of occupied bands for each k-point:
     k-point:     1    nbnd_occ=  42
     k-point:     2    nbnd_occ=  42
     k-point:     3    nbnd_occ=  42
     k-point:     4    nbnd_occ=  42
     k-point:     5    nbnd_occ=  42
     k-point:     6    nbnd_occ=  42
     k-point:     7    nbnd_occ=  42
     k-point:     8    nbnd_occ=  42
     k-point:     9    nbnd_occ=  42
     k-point:    10    nbnd_occ=  42
     k-point:    11    nbnd_occ=  42
     k-point:    12    nbnd_occ=  42
     k-point:    13    nbnd_occ=  42
     k-point:    14    nbnd_occ=  42
     k-point:    15    nbnd_occ=  42
     k-point:    16    nbnd_occ=  42


     q-space interpolation up to   110.00 Rydberg

     GIPAW job: efg                                                                             


     ELECTRIC FIELD GRADIENTS TENSORS IN Hartree/bohrradius^2:

     ----- bare term -----
     Cl   1        0.049663        0.170112       -0.018359
     Cl   1        0.170112        0.080797       -0.003383
     Cl   1       -0.018359       -0.003383       -0.130460

     C    2       -0.011700        0.422569       -0.208826
     C    2        0.422569       -0.189701       -0.567787
     C    2       -0.208826       -0.567787        0.201401

     C    3       -0.096658       -0.002586        0.014062
     C    3       -0.002586       -0.063922       -0.073107
     C    3        0.014062       -0.073107        0.160579

     H    4       -0.471696       -0.357844        0.205984
     H    4       -0.357844        0.250047        0.054293
     H    4        0.205984        0.054293        0.221649

     C    5       -0.098347        0.088506       -0.042059
     C    5        0.088506       -0.143253        0.015885
     C    5       -0.042059        0.015885        0.241600

     H    6        0.284637       -0.361582        0.142958
     H    6       -0.361582       -0.549873        0.203691
     H    6        0.142958        0.203691        0.265236

     H    7        0.545152       -0.001942       -0.073541
     H    7       -0.001942       -0.104342        0.268109
     H    7       -0.073541        0.268109       -0.440809

     C    8       -0.507623       -0.325193       -0.013293
     C    8       -0.325193        0.150310        0.360850
     C    8       -0.013293        0.360850        0.357312

     H    9       -0.233854       -0.139634       -0.587618
     H    9       -0.139634        0.202301       -0.103953
     H    9       -0.587618       -0.103953        0.031553

     C   10       -0.049011        0.168918       -0.263427
     C   10        0.168918       -0.082492        0.696706
     C   10       -0.263427        0.696706        0.131503

     C   11       -0.484175       -0.331201       -0.247486
     C   11       -0.331201        0.095721        0.256669
     C   11       -0.247486        0.256669        0.388454

     Cl  12        0.008966        0.153319        0.017191
     Cl  12        0.153319        0.021701        0.088449
     Cl  12        0.017191        0.088449       -0.030667

     H   13        0.473460        0.034541       -0.158880
     H   13        0.034541       -0.629301        0.094854
     H   13       -0.158880        0.094854        0.155841

     C   14       -0.517798       -0.089641       -0.254255
     C   14       -0.089641       -0.011729       -0.319308
     C   14       -0.254255       -0.319308        0.529527

     H   15       -0.371572       -0.421641        0.112299
     H   15       -0.421641        0.251148        0.110267
     H   15        0.112299        0.110267        0.120424

     C   16       -0.053112        0.409434        0.121732
     C   16        0.409434       -0.580715       -0.475642
     C   16        0.121732       -0.475642        0.633827

     C   17       -0.098648        0.109360       -0.556818
     C   17        0.109360       -0.005662       -0.454820
     C   17       -0.556818       -0.454820        0.104310

     Cl  18       -0.027099        0.180103        0.081495
     Cl  18        0.180103        0.043449        0.111141
     Cl  18        0.081495        0.111141       -0.016350

     H   19        0.311937       -0.153585        0.133134
     H   19       -0.153585       -0.372111        0.573421
     H   19        0.133134        0.573421        0.060174

     C   20       -0.062808        0.262846       -0.529567
     C   20        0.262846       -0.107225        0.461800
     C   20       -0.529567        0.461800        0.170032

     H   21       -0.211148        0.175530       -0.466793
     H   21        0.175530        0.392062        0.067451
     H   21       -0.466793        0.067451       -0.180914

     C   22       -0.161944       -0.426925       -0.347434
     C   22       -0.426925       -0.227784        0.137341
     C   22       -0.347434        0.137341        0.389728

     C   23        0.079675        0.436837       -0.516655
     C   23        0.436837       -0.139739        0.642102
     C   23       -0.516655        0.642102        0.060064

     Cl  24       -0.072470       -0.313590       -0.157575
     Cl  24       -0.313590       -0.148962       -0.024198
     Cl  24       -0.157575       -0.024198        0.221432

     ----- ionic term -----
     Cl   1        0.152427       -0.198784        0.011468
     Cl   1       -0.198784        0.022783       -0.010767
     Cl   1        0.011468       -0.010767       -0.175210

     C    2        0.332710       -0.014207        0.183338
     C    2       -0.014207        0.263489        0.274823
     C    2        0.183338        0.274823       -0.596198

     C    3        0.263047       -0.215332        0.131555
     C    3       -0.215332        0.294910        0.255219
     C    3        0.131555        0.255219       -0.557957

     H    4        0.868733        0.286369        0.452844
     H    4        0.286369       -0.415797        0.164457
     H    4        0.452844        0.164457       -0.452936

     C    5        0.394942       -0.105516        0.157040
     C    5       -0.105516        0.177745        0.222260
     C    5        0.157040        0.222260       -0.572687

     H    6       -0.503457        0.145383        0.054484
     H    6        0.145383        0.905175        0.484500
     H    6        0.054484        0.484500       -0.401718

     H    7       -0.522018        0.065629       -0.024039
     H    7        0.065629        0.483780       -0.772479
     H    7       -0.024039       -0.772479        0.038238

     C    8        0.237540        0.294045        0.261286
     C    8        0.294045       -0.028407       -0.316962
     C    8        0.261286       -0.316962       -0.209133

     H    9        0.539260       -0.256798        0.688721
     H    9       -0.256798       -0.451460       -0.244004
     H    9        0.688721       -0.244004       -0.087800

     C   10        0.180423        0.303399        0.172029
     C   10        0.303399        0.090315       -0.379952
     C   10        0.172029       -0.379952       -0.270738

     C   11        0.230446        0.245926        0.330502
     C   11        0.245926        0.013334       -0.343838
     C   11        0.330502       -0.343838       -0.243779

     Cl  12        0.153962        0.246747        0.016661
     Cl  12        0.246747        0.012818        0.014435
     Cl  12        0.016661        0.014435       -0.166780

     H   13       -0.517807        0.161587        0.052368
     H   13        0.161587        0.913359        0.476335
     H   13        0.052368        0.476335       -0.395552

     C   14        0.369537       -0.005761        0.148153
     C   14       -0.005761        0.183954        0.240583
     C   14        0.148153        0.240583       -0.553492

     H   15        0.793539        0.496001        0.363041
     H   15        0.496001       -0.262249        0.165098
     H   15        0.363041        0.165098       -0.531290

     C   16        0.201972       -0.084216        0.088904
     C   16       -0.084216        0.360311        0.252812
     C   16        0.088904        0.252812       -0.562282

     C   17        0.263739       -0.014006        0.132005
     C   17       -0.014006        0.309536        0.278892
     C   17        0.132005        0.278892       -0.573275

     Cl  18        0.138152       -0.183495       -0.013847
     Cl  18       -0.183495        0.001841        0.015256
     Cl  18       -0.013847        0.015256       -0.139992

     H   19       -0.523511       -0.100813        0.076394
     H   19       -0.100813        0.620577       -0.732957
     H   19        0.076394       -0.732957       -0.097066

     C   20        0.255725        0.233698        0.339568
     C   20        0.233698        0.031304       -0.274259
     C   20        0.339568       -0.274259       -0.287029

     H   21        0.694976       -0.093396        0.699597
     H   21       -0.093396       -0.508806       -0.144128
     H   21        0.699597       -0.144128       -0.186170

     C   22        0.153175        0.338643        0.221344
     C   22        0.338643        0.108600       -0.349433
     C   22        0.221344       -0.349433       -0.261775

     C   23        0.103095        0.245830        0.327204
     C   23        0.245830        0.060450       -0.397060
     C   23        0.327204       -0.397060       -0.163546

     Cl  24        0.117853        0.211170        0.033561
     Cl  24        0.211170        0.033671        0.008471
     Cl  24        0.033561        0.008471       -0.151524

     ----- GIPAW term -----
     Cl   1        2.015635       -0.011201       -0.172486
     Cl   1       -0.011201        0.636142       -0.045459
     Cl   1       -0.172486       -0.045459       -2.651777

     C    2        0.147864        0.122846       -0.114005
     C    2        0.122846       -0.030733       -0.137433
     C    2       -0.114005       -0.137433       -0.117131

     C    3       -0.011360        0.014164       -0.030193
     C    3        0.014164        0.003396       -0.022747
     C    3       -0.030193       -0.022747        0.007964

     H    4       -0.000000        0.000000        0.000000
     H    4        0.000000        0.000000        0.000000
     H    4        0.000000        0.000000        0.000000

     C    5        0.002413        0.026301       -0.032409
     C    5        0.026301       -0.023966       -0.024828
     C    5       -0.032409       -0.024828        0.021553

     H    6       -0.000000        0.000000        0.000000
     H    6        0.000000        0.000000        0.000000
     H    6        0.000000        0.000000        0.000000

     H    7       -0.000000        0.000000        0.000000
     H    7        0.000000        0.000000        0.000000
     H    7        0.000000        0.000000        0.000000

     C    8       -0.104164        0.104181        0.103004
     C    8        0.104181        0.127271        0.164205
     C    8        0.103004        0.164205       -0.023107

     H    9       -0.000000        0.000000        0.000000
     H    9        0.000000        0.000000        0.000000
     H    9        0.000000        0.000000        0.000000

     C   10       -0.065926        0.187719        0.009050
     C   10        0.187719        0.117324        0.212119
     C   10        0.009050        0.212119       -0.051398

     C   11       -0.021405        0.197573       -0.035487
     C   11        0.197573        0.144220        0.009465
     C   11       -0.035487        0.009465       -0.122816

     Cl  12        1.146641        3.230238        0.512352
     Cl  12        3.230238        0.388701        1.043408
     Cl  12        0.512352        1.043408       -1.535343

     H   13       -0.000000        0.000000        0.000000
     H   13        0.000000        0.000000        0.000000
     H   13        0.000000        0.000000        0.000000

     C   14       -0.071338       -0.059718        0.157182
     C   14       -0.059718       -0.121756       -0.074527
     C   14        0.157182       -0.074527        0.193094

     H   15       -0.000000        0.000000        0.000000
     H   15        0.000000        0.000000        0.000000
     H   15        0.000000        0.000000        0.000000

     C   16       -0.083654        0.042321        0.129822
     C   16        0.042321       -0.193072       -0.066469
     C   16        0.129822       -0.066469        0.276726

     C   17        0.135585        0.042592       -0.153770
     C   17        0.042592        0.013022       -0.104741
     C   17       -0.153770       -0.104741       -0.148607

     Cl  18        1.081201       -0.390307        0.825958
     Cl  18       -0.390307        0.634619        1.109356
     Cl  18        0.825958        1.109356       -1.715820

     H   19       -0.000000        0.000000        0.000000
     H   19        0.000000        0.000000        0.000000
     H   19        0.000000        0.000000        0.000000

     C   20        0.120482        0.208592       -0.163305
     C   20        0.208592       -0.055914        0.034290
     C   20       -0.163305        0.034290       -0.064568

     H   21       -0.000000        0.000000        0.000000
     H   21        0.000000        0.000000        0.000000
     H   21        0.000000        0.000000        0.000000

     C   22        0.100260        0.049455       -0.202970
     C   22        0.049455       -0.111105       -0.075479
     C   22       -0.202970       -0.075479        0.010845

     C   23        0.148876        0.308904       -0.103199
     C   23        0.308904        0.008615        0.055836
     C   23       -0.103199        0.055836       -0.157491

     Cl  24        1.969385        1.136967       -1.710993
     Cl  24        1.136967       -1.219815       -0.295438
     Cl  24       -1.710993       -0.295438       -0.749570

     ----- total EFG -----
     Cl   1        2.217726       -0.039873       -0.179378
     Cl   1       -0.039873        0.739721       -0.059608
     Cl   1       -0.179378       -0.059608       -2.957447

     C    2        0.468874        0.531208       -0.139493
     C    2        0.531208        0.043055       -0.430397
     C    2       -0.139493       -0.430397       -0.511928

     C    3        0.155029       -0.203755        0.115424
     C    3       -0.203755        0.234385        0.159365
     C    3        0.115424        0.159365       -0.389414

     H    4        0.397037       -0.071474        0.658828
     H    4       -0.071474       -0.165750        0.218750
     H    4        0.658828        0.218750       -0.231287

     C    5        0.299008        0.009291        0.082572
     C    5        0.009291        0.010526        0.213316
     C    5        0.082572        0.213316       -0.309534

     H    6       -0.218820       -0.216199        0.197442
     H    6       -0.216199        0.355302        0.688191
     H    6        0.197442        0.688191       -0.136482

     H    7        0.023134        0.063687       -0.097580
     H    7        0.063687        0.379437       -0.504369
     H    7       -0.097580       -0.504369       -0.402571

     C    8       -0.374246        0.073033        0.350997
     C    8        0.073033        0.249174        0.208093
     C    8        0.350997        0.208093        0.125072

     H    9        0.305406       -0.396432        0.101103
     H    9       -0.396432       -0.249159       -0.347957
     H    9        0.101103       -0.347957       -0.056248

     C   10        0.065486        0.660037       -0.082348
     C   10        0.660037        0.125147        0.528873
     C   10       -0.082348        0.528873       -0.190633

     C   11       -0.275134        0.112299        0.047528
     C   11        0.112299        0.253275       -0.077704
     C   11        0.047528       -0.077704        0.021859

     Cl  12        1.309569        3.630305        0.546204
     Cl  12        3.630305        0.423221        1.146291
     Cl  12        0.546204        1.146291       -1.732790

     H   13       -0.044347        0.196128       -0.106512
     H   13        0.196128        0.284058        0.571189
     H   13       -0.106512        0.571189       -0.239711

     C   14       -0.219598       -0.155120        0.051080
     C   14       -0.155120        0.050469       -0.153252
     C   14        0.051080       -0.153252        0.169130

     H   15        0.421967        0.074360        0.475340
     H   15        0.074360       -0.011101        0.275364
     H   15        0.475340        0.275364       -0.410866

     C   16        0.065205        0.367539        0.340458
     C   16        0.367539       -0.413476       -0.289299
     C   16        0.340458       -0.289299        0.348271

     C   17        0.300677        0.137946       -0.578584
     C   17        0.137946        0.316895       -0.280669
     C   17       -0.578584       -0.280669       -0.617572

     Cl  18        1.192253       -0.393699        0.893606
     Cl  18       -0.393699        0.679909        1.235752
     Cl  18        0.893606        1.235752       -1.872162

     H   19       -0.211575       -0.254397        0.209528
     H   19       -0.254397        0.248467       -0.159536
     H   19        0.209528       -0.159536       -0.036892

     C   20        0.313399        0.705136       -0.353304
     C   20        0.705136       -0.131835        0.221831
     C   20       -0.353304        0.221831       -0.181564

     H   21        0.483828        0.082134        0.232804
     H   21        0.082134       -0.116744       -0.076677
     H   21        0.232804       -0.076677       -0.367084

     C   22        0.091491       -0.038828       -0.329061
     C   22       -0.038828       -0.230289       -0.287571
     C   22       -0.329061       -0.287571        0.138798

     C   23        0.331646        0.991571       -0.292650
     C   23        0.991571       -0.070674        0.300878
     C   23       -0.292650        0.300878       -0.260972

     Cl  24        2.014767        1.034547       -1.835007
     Cl  24        1.034547       -1.335106       -0.311165
     Cl  24       -1.835007       -0.311165       -0.679662

     ----- total EFG (symmetrized) -----
     Cl   1        2.217726       -0.039873       -0.179378
     Cl   1       -0.039873        0.739721       -0.059608
     Cl   1       -0.179378       -0.059608       -2.957447

     C    2        0.468874        0.531208       -0.139493
     C    2        0.531208        0.043055       -0.430397
     C    2       -0.139493       -0.430397       -0.511928

     C    3        0.155029       -0.203755        0.115424
     C    3       -0.203755        0.234385        0.159365
     C    3        0.115424        0.159365       -0.389414

     H    4        0.397037       -0.071474        0.658828
     H    4       -0.071474       -0.165750        0.218750
     H    4        0.658828        0.218750       -0.231287

     C    5        0.299008        0.009291        0.082572
     C    5        0.009291        0.010526        0.213316
     C    5        0.082572        0.213316       -0.309534

     H    6       -0.218820       -0.216199        0.197442
     H    6       -0.216199        0.355302        0.688191
     H    6        0.197442        0.688191       -0.136482

     H    7        0.023134        0.063687       -0.097580
     H    7        0.063687        0.379437       -0.504369
     H    7       -0.097580       -0.504369       -0.402571

     C    8       -0.374246        0.073033        0.350997
     C    8        0.073033        0.249174        0.208093
     C    8        0.350997        0.208093        0.125072

     H    9        0.305406       -0.396432        0.101103
     H    9       -0.396432       -0.249159       -0.347957
     H    9        0.101103       -0.347957       -0.056248

     C   10        0.065486        0.660037       -0.082348
     C   10        0.660037        0.125147        0.528873
     C   10       -0.082348        0.528873       -0.190633

     C   11       -0.275134        0.112299        0.047528
     C   11        0.112299        0.253275       -0.077704
     C   11        0.047528       -0.077704        0.021859

     Cl  12        1.309569        3.630305        0.546204
     Cl  12        3.630305        0.423221        1.146291
     Cl  12        0.546204        1.146291       -1.732790

     H   13       -0.044347        0.196128       -0.106512
     H   13        0.196128        0.284058        0.571189
     H   13       -0.106512        0.571189       -0.239711

     C   14       -0.219598       -0.155120        0.051080
     C   14       -0.155120        0.050469       -0.153252
     C   14        0.051080       -0.153252        0.169130

     H   15        0.421967        0.074360        0.475340
     H   15        0.074360       -0.011101        0.275364
     H   15        0.475340        0.275364       -0.410866

     C   16        0.065205        0.367539        0.340458
     C   16        0.367539       -0.413476       -0.289299
     C   16        0.340458       -0.289299        0.348271

     C   17        0.300677        0.137946       -0.578584
     C   17        0.137946        0.316895       -0.280669
     C   17       -0.578584       -0.280669       -0.617572

     Cl  18        1.192253       -0.393699        0.893606
     Cl  18       -0.393699        0.679909        1.235752
     Cl  18        0.893606        1.235752       -1.872162

     H   19       -0.211575       -0.254397        0.209528
     H   19       -0.254397        0.248467       -0.159536
     H   19        0.209528       -0.159536       -0.036892

     C   20        0.313399        0.705136       -0.353304
     C   20        0.705136       -0.131835        0.221831
     C   20       -0.353304        0.221831       -0.181564

     H   21        0.483828        0.082134        0.232804
     H   21        0.082134       -0.116744       -0.076677
     H   21        0.232804       -0.076677       -0.367084

     C   22        0.091491       -0.038828       -0.329061
     C   22       -0.038828       -0.230289       -0.287571
     C   22       -0.329061       -0.287571        0.138798

     C   23        0.331646        0.991571       -0.292650
     C   23        0.991571       -0.070674        0.300878
     C   23       -0.292650        0.300878       -0.260972

     Cl  24        2.014767        1.034547       -1.835007
     Cl  24        1.034547       -1.335106       -0.311165
     Cl  24       -1.835007       -0.311165       -0.679662


     NQR/NMR SPECTROSCOPIC PARAMETERS:
     Cl   1    Vxx=    0.7398    axis=( -0.024864 -0.999541  0.017321)
     Cl   1    Vyy=    2.2249    axis=(  0.999088 -0.025447 -0.034289)
     Cl   1    Vzz=   -2.9647    axis=(  0.034714  0.016453  0.999262)
     Cl   1  Q=        -8.1650 1e-30 m^2  Cq=        56.8755 MHz  eta= 0.50095

     C    2    Vxx=   -0.1565    axis=(  0.625236 -0.607368  0.490086)
     C    2    Vyy=   -0.7646    axis=( -0.135548  0.533909  0.834606)
     C    2    Vzz=    0.9211    axis=( -0.768574 -0.588256  0.251492)
     C    2  Q=         1.0000 1e-30 m^2  Cq=         2.1642 MHz  eta= 0.66020

     C    3    Vxx=    0.0656    axis=(  0.748056  0.543875  0.380278)
     C    3    Vyy=    0.4058    axis=(  0.609582 -0.789646 -0.069773)
     C    3    Vzz=   -0.4713    axis=( -0.262338 -0.284005  0.922237)
     C    3  Q=         1.0000 1e-30 m^2  Cq=        -1.1074 MHz  eta= 0.72178

     H    4    Vxx=   -0.0813    axis=(  0.244919 -0.928664 -0.278564)
     H    4    Vyy=   -0.7348    axis=(  0.485283  0.366154 -0.793997)
     H    4    Vzz=    0.8161    axis=(  0.839354  0.059283  0.540343)
     H    4  Q=         1.0000 1e-30 m^2  Cq=         1.9175 MHz  eta= 0.80081

     C    5    Vxx=    0.1070    axis=( -0.219153  0.885377  0.409974)
     C    5    Vyy=    0.3159    axis=(  0.970897  0.156289  0.181475)
     C    5    Vzz=   -0.4229    axis=( -0.096600 -0.437814  0.893861)
     C    5  Q=         1.0000 1e-30 m^2  Cq=        -0.9937 MHz  eta= 0.49401

     H    6    Vxx=   -0.0738    axis=(  0.884765 -0.216268  0.412818)
     H    6    Vyy=   -0.7703    axis=(  0.461836  0.525548 -0.714498)
     H    6    Vzz=    0.8442    axis=( -0.062433  0.822817  0.564867)
     H    6  Q=         1.0000 1e-30 m^2  Cq=         1.9834 MHz  eta= 0.82503

     H    7    Vxx=    0.0122    axis=(  0.983106 -0.182817 -0.008980)
     H    7    Vyy=    0.6429    axis=(  0.160191  0.883095 -0.441001)
     H    7    Vzz=   -0.6550    axis=(  0.088553  0.432112  0.897462)
     H    7  Q=         1.0000 1e-30 m^2  Cq=        -1.5391 MHz  eta= 0.96281

     C    8    Vxx=    0.0582    axis=(  0.335996 -0.749789  0.570020)
     C    8    Vyy=    0.4983    axis=(  0.327156  0.660430  0.675871)
     C    8    Vzz=   -0.5566    axis=( -0.883219 -0.040605  0.467200)
     C    8  Q=         1.0000 1e-30 m^2  Cq=        -1.3077 MHz  eta= 0.79069

     H    9    Vxx=   -0.0179    axis=(  0.553136  0.248321 -0.795222)
     H    9    Vyy=   -0.5972    axis=(  0.309391  0.825046  0.472838)
     H    9    Vzz=    0.6152    axis=(  0.773510 -0.507578  0.379534)
     H    9  Q=         1.0000 1e-30 m^2  Cq=         1.4454 MHz  eta= 0.94175

     C   10    Vxx=   -0.0064    axis=(  0.636532 -0.163401 -0.753742)
     C   10    Vyy=   -0.8630    axis=( -0.509128  0.645072 -0.569799)
     C   10    Vzz=    0.8694    axis=( -0.579323 -0.746447 -0.327417)
     C   10  Q=         1.0000 1e-30 m^2  Cq=         2.0427 MHz  eta= 0.98519

     C   11    Vxx=    0.0170    axis=(  0.232567  0.202284  0.951311)
     C   11    Vyy=    0.2929    axis=( -0.168352 -0.954993  0.244224)
     C   11    Vzz=   -0.3099    axis=(  0.957899 -0.216954 -0.188045)
     C   11  Q=         1.0000 1e-30 m^2  Cq=        -0.7281 MHz  eta= 0.89057

     Cl  12    Vxx=   -1.7213    axis=(  0.400362 -0.199701 -0.894332)
     Cl  12    Vyy=   -3.0146    axis=(  0.555461 -0.723337  0.410179)
     Cl  12    Vzz=    4.7359    axis=(  0.728816  0.660987  0.178670)
     Cl  12  Q=        -8.1650 1e-30 m^2  Cq=       -90.8561 MHz  eta= 0.27307

     H   13    Vxx=    0.0008    axis=(  0.940227  0.032562 -0.338989)
     H   13    Vyy=    0.6675    axis=( -0.155774 -0.844054 -0.513135)
     H   13    Vzz=   -0.6684    axis=( -0.302833  0.535268 -0.788530)
     H   13  Q=         1.0000 1e-30 m^2  Cq=        -1.5704 MHz  eta= 0.99747

     C   14    Vxx=   -0.0169    axis=( -0.350981  0.673079  0.650982)
     C   14    Vyy=   -0.2910    axis=( -0.902237 -0.429114 -0.042767)
     C   14    Vzz=    0.3078    axis=(  0.250560 -0.602351  0.757887)
     C   14  Q=         1.0000 1e-30 m^2  Cq=         0.7232 MHz  eta= 0.89043

     H   15    Vxx=    0.0121    axis=(  0.370683 -0.911741 -0.176982)
     H   15    Vyy=    0.6873    axis=( -0.859172 -0.264255 -0.438170)
     H   15    Vzz=   -0.6994    axis=(  0.352729  0.314480 -0.881297)
     H   15  Q=         1.0000 1e-30 m^2  Cq=        -1.6433 MHz  eta= 0.96534

     C   16    Vxx=    0.1939    axis=(  0.692403  0.605694 -0.392061)
     C   16    Vyy=    0.5774    axis=( -0.526427  0.052497 -0.848598)
     C   16    Vzz=   -0.7713    axis=( -0.493409  0.793964  0.355203)
     C   16  Q=         1.0000 1e-30 m^2  Cq=        -1.8123 MHz  eta= 0.49712

     C   17    Vxx=    0.1939    axis=(  0.542907 -0.833979 -0.098642)
     C   17    Vyy=    0.7340    axis=(  0.735053  0.528711 -0.424455)
     C   17    Vzz=   -0.9279    axis=(  0.406140  0.157932  0.900060)
     C   17  Q=         1.0000 1e-30 m^2  Cq=        -2.1802 MHz  eta= 0.58207

     Cl  18    Vxx=    1.1771    axis=(  0.103757  0.910829  0.399530)
     Cl  18    Vyy=    1.4451    axis=(  0.963212 -0.192143  0.187893)
     Cl  18    Vzz=   -2.6222    axis=( -0.247905 -0.365337  0.897258)
     Cl  18  Q=        -8.1650 1e-30 m^2  Cq=        50.3060 MHz  eta= 0.10220

     H   19    Vxx=   -0.0877    axis=(  0.225356  0.551663  0.803045)
     H   19    Vyy=   -0.3830    axis=( -0.875183 -0.247552  0.415659)
     H   19    Vzz=    0.4707    axis=(  0.428099 -0.796483  0.427019)
     H   19  Q=         1.0000 1e-30 m^2  Cq=         1.1060 MHz  eta= 0.62744

     C   20    Vxx=    0.0157    axis=( -0.164274  0.496434  0.852389)
     C   20    Vyy=    0.8555    axis=( -0.819876 -0.549191  0.161843)
     C   20    Vzz=   -0.8712    axis=(  0.548469 -0.672267  0.497232)
     C   20  Q=         1.0000 1e-30 m^2  Cq=        -2.0470 MHz  eta= 0.96391

     H   21    Vxx=   -0.0954    axis=( -0.020187  0.957540 -0.287593)
     H   21    Vyy=   -0.4535    axis=( -0.254358  0.273268  0.927700)
     H   21    Vzz=    0.5489    axis=(  0.966899  0.091879  0.238042)
     H   21  Q=         1.0000 1e-30 m^2  Cq=         1.2898 MHz  eta= 0.65226

     C   22    Vxx=   -0.0297    axis=(  0.711421 -0.617833  0.334906)
     C   22    Vyy=   -0.4670    axis=(  0.379488  0.738836  0.556875)
     C   22    Vzz=    0.4967    axis=( -0.591497 -0.269080  0.760084)
     C   22  Q=         1.0000 1e-30 m^2  Cq=         1.1670 MHz  eta= 0.88042

     C   23    Vxx=   -0.0514    axis=( -0.263767  0.365358  0.892715)
     C   23    Vyy=   -1.0919    axis=( -0.570900  0.686852 -0.449787)
     C   23    Vzz=    1.1432    axis=( -0.777496 -0.628290  0.027414)
     C   23  Q=         1.0000 1e-30 m^2  Cq=         2.6862 MHz  eta= 0.91014

     Cl  24    Vxx=   -1.4119    axis=(  0.154228  0.709256  0.687873)
     Cl  24    Vyy=   -1.7822    axis=(  0.463660 -0.666738  0.583507)
     Cl  24    Vzz=    3.1942    axis=(  0.872487  0.228946 -0.431683)
     Cl  24  Q=        -8.1650 1e-30 m^2  Cq=       -61.2782 MHz  eta= 0.11593

     Initialization:
     gipaw_setup  :      9.00s CPU     11.20s WALL (       1 calls)

     Linear response

     Apply operators

     Induced current

     Other routines
     efg          :      9.35s CPU     11.62s WALL (       1 calls)

     General routines
     calbec       :      3.28s CPU      4.25s WALL (      16 calls)
     fft          :      1.82s CPU      3.12s WALL (      15 calls)
     ffts         :      0.03s CPU      0.05s WALL (       2 calls)
     fftw         :      3.28s CPU      3.91s WALL (     672 calls)
     davcio       :      0.02s CPU      0.35s WALL (      32 calls)

     Parallel routines
     fft_scatter  :      2.36s CPU      4.02s WALL (     689 calls)

     Plugins

     GIPAW        :     61.21s CPU     73.11s WALL (       1 calls)
