
     Program QE v.6.0 (svn rev. 13079) starts on  9Jan2017 at  0:26:55 

     This program is part of the open-source Quantum ESPRESSO suite
     for quantum simulation of materials; please cite
         "P. Giannozzi et al., J. Phys.:Condens. Matter 21 395502 (2009);
          URL http://www.quantum-espresso.org", 
     in publications or presentations arising from this work. More details at
     http://www.quantum-espresso.org/quote

     Parallel version (MPI), running on     8 processors
     R & G space division:  proc/nbgrp/npool/nimage =       8

     ***** This is GIPAW svn revision unknown      *****

     Parallelizing q-star over 1 images

     Reading data from directory:
     /users/majewski/paradichlorobenzene/pbe/9_constraint/scratch/pbe.ecut100.np8.dt60.pcl2phi-129368.save
     Message from routine read_xml_file:
     file /users/majewski/paradichlorobenzene/pbe/9_constraint/scratch/pbe.ecut100.np8.dt60.pcl2phi-129368.save not guaranteed to be safe for post-processing

   Info: using nr1, nr2, nr3 values from input

   Info: using nr1, nr2, nr3 values from input

     IMPORTANT: XC functional enforced from input :
     Exchange-correlation      =  SLA  PW   PBX  PBC ( 1  4  3  4 0 0)
     Any further DFT definition will be discarded
     Please, verify this is what you really want

               file C.pbe-n-kjpaw_psl.1.0.0.UPF: wavefunction(s)  2S 2P renormalized
               file Cl.pbe-n-kjpaw_psl.1.0.0.UPF: wavefunction(s)  3S 3P renormalized
               file H.pbe-kjpaw_psl.1.0.0.UPF: wavefunction(s)  1S renormalized

     Parallelization info
     --------------------
     sticks:   dense  smooth     PW     G-vecs:    dense   smooth      PW
     Min        3057    1223    332               144436    36536    5170
     Max        3059    1225    333               144437    36537    5171
     Sum       24467    9791   2657              1155489   292295   41363


     Subspace diagonalization in iterative solution of the eigenvalue problem:
     a serial algorithm will be used

     GIPAW projectors -----------------------------------------------
     atom=  C    l=0  rc=    1.2000  rs=    0.8000
     atom=  C    l=0  rc=    1.2000  rs=    0.8000
     atom=  C    l=1  rc=    1.4000  rs=    0.9333
     atom=  C    l=1  rc=    1.4000  rs=    0.9333
     projs nearly linearly dependent: l=1  n1,n2= 1, 2  s=  0.99951561

     atom=  Cl   l=0  rc=    1.6000  rs=    1.0667
     atom=  Cl   l=0  rc=    1.6000  rs=    1.0667
     atom=  Cl   l=1  rc=    1.6000  rs=    1.0667
     atom=  Cl   l=1  rc=    1.6000  rs=    1.0667
     atom=  Cl   l=2  rc=    1.6000  rs=    1.0667
     atom=  Cl   l=2  rc=    1.6000  rs=    1.0667
     projs nearly linearly dependent: l=2  n1,n2= 1, 2  s=  0.99993509

     atom=  H    l=0  rc=    1.0000  rs=    0.6667
     atom=  H    l=0  rc=    1.0000  rs=    0.6667
     projs nearly linearly dependent: l=0  n1,n2= 1, 2  s=  0.99968852
     -----------------------------------------------------------------

     GIPAW integrals: -------------------------------------------
     Atom  i/j   nmr_para   nmr_dia   epr_rmc  epr_para   epr_dia
       C   1 1   0.83E+03  0.17E-01  0.93E+01  0.24E+08  0.24E+03
       C   2 1   0.86E+03 -0.61E-01  0.94E+01  0.25E+08  0.25E+03
       C   2 2   0.90E+03 -0.15E+00  0.97E+01  0.26E+08  0.26E+03
       C   3 3   0.33E+01  0.34E+00  0.18E+01  0.55E+03  0.21E+02
       C   4 3   0.35E+01  0.37E+00  0.20E+01  0.59E+03  0.22E+02
       C   4 4   0.38E+01  0.39E+00  0.22E+01  0.63E+03  0.24E+02
       Cl  1 1   0.14E+04 -0.47E+00  0.84E+01  0.32E+09  0.42E+03
       Cl  2 1   0.21E+04 -0.37E+00  0.12E+02  0.49E+09  0.65E+03
       Cl  2 2   0.33E+04 -0.16E+00  0.21E+02  0.76E+09  0.10E+04
       Cl  3 3   0.21E+02  0.79E-01  0.89E+01  0.23E+05  0.13E+03
       Cl  4 3   0.24E+02  0.67E-01  0.99E+01  0.27E+05  0.15E+03
       Cl  4 4   0.28E+02  0.44E-01  0.11E+02  0.32E+05  0.18E+03
       Cl  5 5   0.77E+00  0.19E+00  0.18E+01  0.12E+03  0.22E+02
       Cl  6 5   0.80E+00  0.19E+00  0.19E+01  0.12E+03  0.23E+02
       Cl  6 6   0.83E+00  0.20E+00  0.19E+01  0.12E+03  0.23E+02
       H   1 1   0.39E+02  0.19E+00  0.29E+00  0.78E+05  0.13E+02
       H   2 1   0.41E+02  0.21E+00  0.32E+00  0.82E+05  0.14E+02
       H   2 2   0.43E+02  0.22E+00  0.36E+00  0.86E+05  0.15E+02
     ------------------------------------------------------------

     alpha_pv=     34.2415 eV

     Number of occupied bands for each k-point:
     k-point:     1    nbnd_occ=  42
     k-point:     2    nbnd_occ=  42
     k-point:     3    nbnd_occ=  42
     k-point:     4    nbnd_occ=  42
     k-point:     5    nbnd_occ=  42
     k-point:     6    nbnd_occ=  42
     k-point:     7    nbnd_occ=  42
     k-point:     8    nbnd_occ=  42
     k-point:     9    nbnd_occ=  42
     k-point:    10    nbnd_occ=  42
     k-point:    11    nbnd_occ=  42
     k-point:    12    nbnd_occ=  42
     k-point:    13    nbnd_occ=  42
     k-point:    14    nbnd_occ=  42
     k-point:    15    nbnd_occ=  42
     k-point:    16    nbnd_occ=  42


     q-space interpolation up to   110.00 Rydberg

     GIPAW job: efg                                                                             


     ELECTRIC FIELD GRADIENTS TENSORS IN Hartree/bohrradius^2:

     ----- bare term -----
     Cl   1       -0.024915        0.025924        0.071037
     Cl   1        0.025924       -0.055440        0.130071
     Cl   1        0.071037        0.130071        0.080355

     C    2       -0.064447        0.144025       -0.243576
     C    2        0.144025        0.011824       -0.688253
     C    2       -0.243576       -0.688253        0.052623

     C    3       -0.346889        0.188342       -0.103885
     C    3        0.188342        0.050793       -0.147501
     C    3       -0.103885       -0.147501        0.296096

     H    4       -0.226408       -0.453556        0.049563
     H    4       -0.453556       -0.085722        0.150747
     H    4        0.049563        0.150747        0.312130

     C    5       -0.077446        0.252178       -0.137203
     C    5        0.252178       -0.056816       -0.442780
     C    5       -0.137203       -0.442780        0.134262

     H    6        0.199406       -0.475527        0.059652
     H    6       -0.475527       -0.575396       -0.059695
     H    6        0.059652       -0.059695        0.375991

     H    7        0.450136        0.155014        0.033149
     H    7        0.155014       -0.573201        0.337667
     H    7        0.033149        0.337667        0.123065

     C    8       -0.703750       -0.320077       -0.490343
     C    8       -0.320077        0.133552       -0.050707
     C    8       -0.490343       -0.050707        0.570198

     H    9       -0.286617        0.115655       -0.566606
     H    9        0.115655        0.350330        0.091739
     H    9       -0.566606        0.091739       -0.063714

     C   10        0.035025        0.223517       -0.348523
     C   10        0.223517       -0.127721        0.625118
     C   10       -0.348523        0.625118        0.092696

     C   11       -0.434444       -0.370465       -0.214764
     C   11       -0.370465        0.046869        0.363720
     C   11       -0.214764        0.363720        0.387575

     Cl  12        0.265093       -0.017570       -0.034910
     Cl  12       -0.017570       -0.039653       -0.419347
     Cl  12       -0.034910       -0.419347       -0.225440

     H   13        0.437749       -0.261922        0.121656
     H   13       -0.261922       -0.571072       -0.012958
     H   13        0.121656       -0.012958        0.133323

     C   14       -0.786184        0.268490       -0.430057
     C   14        0.268490        0.122357       -0.053493
     C   14       -0.430057       -0.053493        0.663827

     H   15       -0.434288       -0.361871        0.146808
     H   15       -0.361871        0.345812        0.011606
     H   15        0.146808        0.011606        0.088477

     C   16        0.100147        0.246138       -0.011764
     C   16        0.246138       -0.624841       -0.355469
     C   16       -0.011764       -0.355469        0.524694

     C   17       -0.642599        0.242192       -0.316591
     C   17        0.242192        0.210382       -0.084554
     C   17       -0.316591       -0.084554        0.432216

     Cl  18       -0.105479        0.055741        0.083974
     Cl  18        0.055741       -0.054628        0.135347
     Cl  18        0.083974        0.135347        0.160107

     H   19        0.440602        0.175209        0.016681
     H   19        0.175209       -0.752142       -0.117858
     H   19        0.016681       -0.117858        0.311540

     C   20       -0.133995        0.199119       -0.329842
     C   20        0.199119        0.037266        0.510208
     C   20       -0.329842        0.510208        0.096729

     H   21       -0.016335        0.143240       -0.342095
     H   21        0.143240       -0.247018        0.437186
     H   21       -0.342095        0.437186        0.263353

     C   22       -0.576728       -0.311101       -0.228713
     C   22       -0.311101        0.193980        0.166593
     C   22       -0.228713        0.166593        0.382749

     C   23        0.038668        0.309769       -0.463528
     C   23        0.309769       -0.308069        0.474874
     C   23       -0.463528        0.474874        0.269401

     Cl  24       -0.204346       -0.321155       -0.080327
     Cl  24       -0.321155       -0.068044       -0.023668
     Cl  24       -0.080327       -0.023668        0.272390

     ----- ionic term -----
     Cl   1        0.161865       -0.159771       -0.047259
     Cl   1       -0.159771       -0.021968        0.022629
     Cl   1       -0.047259        0.022629       -0.139897

     C    2        0.352558       -0.034149        0.099616
     C    2       -0.034149        0.123021        0.335930
     C    2        0.099616        0.335930       -0.475580

     C    3        0.238427       -0.147816        0.053332
     C    3       -0.147816        0.222537        0.351926
     C    3        0.053332        0.351926       -0.460964

     H    4        0.709782        0.489974        0.399822
     H    4        0.489974       -0.282093        0.215842
     H    4        0.399822        0.215842       -0.427690

     C    5        0.401438       -0.038558        0.154004
     C    5       -0.038558        0.088097        0.304825
     C    5        0.154004        0.304825       -0.489535

     H    6       -0.467642        0.279098        0.134512
     H    6        0.279098        0.769207        0.585283
     H    6        0.134512        0.585283       -0.301565

     H    7       -0.493221       -0.041654        0.039620
     H    7       -0.041654        0.769982       -0.602149
     H    7        0.039620       -0.602149       -0.276761

     C    8        0.273514        0.118445        0.387110
     C    8        0.118445        0.126697       -0.230953
     C    8        0.387110       -0.230953       -0.400211

     H    9        0.290525       -0.403173        0.700274
     H    9       -0.403173       -0.259248       -0.366969
     H    9        0.700274       -0.366969       -0.031277

     C   10        0.007601        0.124178        0.302451
     C   10        0.124178        0.379857       -0.308862
     C   10        0.302451       -0.308862       -0.387459

     C   11        0.101727        0.125724        0.395560
     C   11        0.125724        0.299639       -0.289593
     C   11        0.395560       -0.289593       -0.401366

     Cl  12        0.127850        0.226274        0.069307
     Cl  12        0.226274        0.037112        0.042640
     Cl  12        0.069307        0.042640       -0.164962

     H   13       -0.501358        0.237382        0.055298
     H   13        0.237382        0.940970        0.435718
     H   13        0.055298        0.435718       -0.439612

     C   14        0.344575       -0.065920        0.097957
     C   14       -0.065920        0.180073        0.267929
     C   14        0.097957        0.267929       -0.524649

     H   15        0.713330        0.521430        0.418703
     H   15        0.521430       -0.237798        0.231266
     H   15        0.418703        0.231266       -0.475532

     C   16        0.148335       -0.134089        0.066951
     C   16       -0.134089        0.356428        0.400373
     C   16        0.066951        0.400373       -0.504763

     C   17        0.281666       -0.058570        0.169527
     C   17       -0.058570        0.243094        0.378879
     C   17        0.169527        0.378879       -0.524760

     Cl  18        0.162732       -0.215434       -0.010872
     Cl  18       -0.215434       -0.003058        0.012617
     Cl  18       -0.010872        0.012617       -0.159673

     H   19       -0.486172       -0.254543        0.104226
     H   19       -0.254543        0.888633       -0.466136
     H   19        0.104226       -0.466136       -0.402461

     C   20        0.207269        0.140905        0.370219
     C   20        0.140905        0.178876       -0.210594
     C   20        0.370219       -0.210594       -0.386145

     H   21        0.468930       -0.391417        0.692210
     H   21       -0.391417       -0.302094       -0.309612
     H   21        0.692210       -0.309612       -0.166836

     C   22        0.066852        0.188490        0.271484
     C   22        0.188490        0.351450       -0.313332
     C   22        0.271484       -0.313332       -0.418302

     C   23        0.193960        0.111152        0.358223
     C   23        0.111152        0.246187       -0.337017
     C   23        0.358223       -0.337017       -0.440147

     Cl  24        0.138190        0.197036        0.040940
     Cl  24        0.197036        0.034286        0.019521
     Cl  24        0.040940        0.019521       -0.172476

     ----- GIPAW term -----
     Cl   1        0.077855        0.392503       -1.026326
     Cl   1        0.392503        0.628210       -1.414042
     Cl   1       -1.026326       -1.414042       -0.706065

     C    2       -0.013796        0.037621       -0.073643
     C    2        0.037621        0.167037       -0.188288
     C    2       -0.073643       -0.188288       -0.153241

     C    3       -0.086503        0.061809       -0.048328
     C    3        0.061809        0.090906       -0.083391
     C    3       -0.048328       -0.083391       -0.004403

     H    4       -0.000000        0.000000        0.000000
     H    4        0.000000        0.000000        0.000000
     H    4        0.000000        0.000000        0.000000

     C    5       -0.052516        0.153993       -0.020978
     C    5        0.153993        0.177100       -0.131721
     C    5       -0.020978       -0.131721       -0.124584

     H    6       -0.000000        0.000000        0.000000
     H    6        0.000000        0.000000        0.000000
     H    6        0.000000        0.000000        0.000000

     H    7       -0.000000        0.000000        0.000000
     H    7        0.000000        0.000000        0.000000
     H    7        0.000000        0.000000        0.000000

     C    8       -0.137360        0.038319       -0.173693
     C    8        0.038319       -0.005674       -0.169640
     C    8       -0.173693       -0.169640        0.143033

     H    9       -0.000000        0.000000        0.000000
     H    9        0.000000        0.000000        0.000000
     H    9        0.000000        0.000000        0.000000

     C   10       -0.026431        0.229653       -0.082722
     C   10        0.229653        0.152296        0.049225
     C   10       -0.082722        0.049225       -0.125865

     C   11       -0.129809        0.039746       -0.002379
     C   11        0.039746        0.132700        0.193074
     C   11       -0.002379        0.193074       -0.002892

     Cl  12       -0.032010        0.698760       -0.330247
     Cl  12        0.698760       -0.082945        0.783720
     Cl  12       -0.330247        0.783720        0.114955

     H   13       -0.000000        0.000000        0.000000
     H   13        0.000000        0.000000        0.000000
     H   13        0.000000        0.000000        0.000000

     C   14       -0.224093        0.029776       -0.068413
     C   14        0.029776       -0.020839        0.132470
     C   14       -0.068413        0.132470        0.244932

     H   15       -0.000000        0.000000        0.000000
     H   15        0.000000        0.000000        0.000000
     H   15        0.000000        0.000000        0.000000

     C   16       -0.084711        0.022492        0.023575
     C   16        0.022492       -0.133101        0.115679
     C   16        0.023575        0.115679        0.217812

     C   17       -0.126168        0.030236        0.048980
     C   17        0.030236        0.085378        0.183470
     C   17        0.048980        0.183470        0.040790

     Cl  18        0.074222       -1.403946        0.810445
     Cl  18       -1.403946       -0.471814        1.511474
     Cl  18        0.810445        1.511474        0.397593

     H   19       -0.000000        0.000000        0.000000
     H   19        0.000000        0.000000        0.000000
     H   19        0.000000        0.000000        0.000000

     C   20       -0.078982        0.115281       -0.013321
     C   20        0.115281        0.188832        0.168379
     C   20       -0.013321        0.168379       -0.109850

     H   21       -0.000000        0.000000        0.000000
     H   21        0.000000        0.000000        0.000000
     H   21        0.000000        0.000000        0.000000

     C   22       -0.130287        0.138704       -0.051670
     C   22        0.138704        0.219360       -0.046497
     C   22       -0.051670       -0.046497       -0.089074

     C   23       -0.000582        0.212880       -0.159463
     C   23        0.212880       -0.036793       -0.096367
     C   23       -0.159463       -0.096367        0.037375

     Cl  24       -0.091992        0.852256       -2.041872
     Cl  24        0.852256       -1.335389       -0.674099
     Cl  24       -2.041872       -0.674099        1.427382

     ----- total EFG -----
     Cl   1        0.214804        0.258657       -1.002549
     Cl   1        0.258657        0.550802       -1.261343
     Cl   1       -1.002549       -1.261343       -0.765607

     C    2        0.274315        0.147497       -0.217603
     C    2        0.147497        0.301882       -0.540611
     C    2       -0.217603       -0.540611       -0.576197

     C    3       -0.194965        0.102334       -0.098881
     C    3        0.102334        0.364236        0.121034
     C    3       -0.098881        0.121034       -0.169271

     H    4        0.483375        0.036418        0.449385
     H    4        0.036418       -0.367815        0.366589
     H    4        0.449385        0.366589       -0.115560

     C    5        0.271476        0.367614       -0.004177
     C    5        0.367614        0.208381       -0.269676
     C    5       -0.004177       -0.269676       -0.479857

     H    6       -0.268236       -0.196429        0.194164
     H    6       -0.196429        0.193811        0.525588
     H    6        0.194164        0.525588        0.074426

     H    7       -0.043086        0.113360        0.072769
     H    7        0.113360        0.196782       -0.264482
     H    7        0.072769       -0.264482       -0.153696

     C    8       -0.567596       -0.163313       -0.276925
     C    8       -0.163313        0.254575       -0.451300
     C    8       -0.276925       -0.451300        0.313020

     H    9        0.003908       -0.287518        0.133668
     H    9       -0.287518        0.091082       -0.275230
     H    9        0.133668       -0.275230       -0.094990

     C   10        0.016196        0.577349       -0.128794
     C   10        0.577349        0.404433        0.365482
     C   10       -0.128794        0.365482       -0.420628

     C   11       -0.462526       -0.204995        0.178417
     C   11       -0.204995        0.479208        0.267201
     C   11        0.178417        0.267201       -0.016683

     Cl  12        0.360932        0.907464       -0.295850
     Cl  12        0.907464       -0.085486        0.407012
     Cl  12       -0.295850        0.407012       -0.275447

     H   13       -0.063610       -0.024540        0.176954
     H   13       -0.024540        0.369898        0.422760
     H   13        0.176954        0.422760       -0.306288

     C   14       -0.665702        0.232346       -0.400513
     C   14        0.232346        0.281592        0.346907
     C   14       -0.400513        0.346907        0.384110

     H   15        0.279041        0.159559        0.565511
     H   15        0.159559        0.108014        0.242872
     H   15        0.565511        0.242872       -0.387055

     C   16        0.163771        0.134542        0.078761
     C   16        0.134542       -0.401515        0.160584
     C   16        0.078761        0.160584        0.237743

     C   17       -0.487101        0.213859       -0.098083
     C   17        0.213859        0.538855        0.477794
     C   17       -0.098083        0.477794       -0.051754

     Cl  18        0.131474       -1.563639        0.883547
     Cl  18       -1.563639       -0.529501        1.659439
     Cl  18        0.883547        1.659439        0.398027

     H   19       -0.045570       -0.079334        0.120907
     H   19       -0.079334        0.136491       -0.583994
     H   19        0.120907       -0.583994       -0.090921

     C   20       -0.005708        0.455304        0.027056
     C   20        0.455304        0.404975        0.467993
     C   20        0.027056        0.467993       -0.399267

     H   21        0.452595       -0.248177        0.350115
     H   21       -0.248177       -0.549111        0.127574
     H   21        0.350115        0.127574        0.096517

     C   22       -0.640163        0.016093       -0.008899
     C   22        0.016093        0.764790       -0.193236
     C   22       -0.008899       -0.193236       -0.124627

     C   23        0.232046        0.633801       -0.264768
     C   23        0.633801       -0.098675        0.041491
     C   23       -0.264768        0.041491       -0.133371

     Cl  24       -0.158148        0.728137       -2.081259
     Cl  24        0.728137       -1.369148       -0.678246
     Cl  24       -2.081259       -0.678246        1.527296

     ----- total EFG (symmetrized) -----
     Cl   1        0.214804        0.258657       -1.002549
     Cl   1        0.258657        0.550802       -1.261343
     Cl   1       -1.002549       -1.261343       -0.765607

     C    2        0.274315        0.147497       -0.217603
     C    2        0.147497        0.301882       -0.540611
     C    2       -0.217603       -0.540611       -0.576197

     C    3       -0.194965        0.102334       -0.098881
     C    3        0.102334        0.364236        0.121034
     C    3       -0.098881        0.121034       -0.169271

     H    4        0.483375        0.036418        0.449385
     H    4        0.036418       -0.367815        0.366589
     H    4        0.449385        0.366589       -0.115560

     C    5        0.271476        0.367614       -0.004177
     C    5        0.367614        0.208381       -0.269676
     C    5       -0.004177       -0.269676       -0.479857

     H    6       -0.268236       -0.196429        0.194164
     H    6       -0.196429        0.193811        0.525588
     H    6        0.194164        0.525588        0.074426

     H    7       -0.043086        0.113360        0.072769
     H    7        0.113360        0.196782       -0.264482
     H    7        0.072769       -0.264482       -0.153696

     C    8       -0.567596       -0.163313       -0.276925
     C    8       -0.163313        0.254575       -0.451300
     C    8       -0.276925       -0.451300        0.313020

     H    9        0.003908       -0.287518        0.133668
     H    9       -0.287518        0.091082       -0.275230
     H    9        0.133668       -0.275230       -0.094990

     C   10        0.016196        0.577349       -0.128794
     C   10        0.577349        0.404433        0.365482
     C   10       -0.128794        0.365482       -0.420628

     C   11       -0.462526       -0.204995        0.178417
     C   11       -0.204995        0.479208        0.267201
     C   11        0.178417        0.267201       -0.016683

     Cl  12        0.360932        0.907464       -0.295850
     Cl  12        0.907464       -0.085486        0.407012
     Cl  12       -0.295850        0.407012       -0.275447

     H   13       -0.063610       -0.024540        0.176954
     H   13       -0.024540        0.369898        0.422760
     H   13        0.176954        0.422760       -0.306288

     C   14       -0.665702        0.232346       -0.400513
     C   14        0.232346        0.281592        0.346907
     C   14       -0.400513        0.346907        0.384110

     H   15        0.279041        0.159559        0.565511
     H   15        0.159559        0.108014        0.242872
     H   15        0.565511        0.242872       -0.387055

     C   16        0.163771        0.134542        0.078761
     C   16        0.134542       -0.401515        0.160584
     C   16        0.078761        0.160584        0.237743

     C   17       -0.487101        0.213859       -0.098083
     C   17        0.213859        0.538855        0.477794
     C   17       -0.098083        0.477794       -0.051754

     Cl  18        0.131474       -1.563639        0.883547
     Cl  18       -1.563639       -0.529501        1.659439
     Cl  18        0.883547        1.659439        0.398027

     H   19       -0.045570       -0.079334        0.120907
     H   19       -0.079334        0.136491       -0.583994
     H   19        0.120907       -0.583994       -0.090921

     C   20       -0.005708        0.455304        0.027056
     C   20        0.455304        0.404975        0.467993
     C   20        0.027056        0.467993       -0.399267

     H   21        0.452595       -0.248177        0.350115
     H   21       -0.248177       -0.549111        0.127574
     H   21        0.350115        0.127574        0.096517

     C   22       -0.640163        0.016093       -0.008899
     C   22        0.016093        0.764790       -0.193236
     C   22       -0.008899       -0.193236       -0.124627

     C   23        0.232046        0.633801       -0.264768
     C   23        0.633801       -0.098675        0.041491
     C   23       -0.264768        0.041491       -0.133371

     Cl  24       -0.158148        0.728137       -2.081259
     Cl  24        0.728137       -1.369148       -0.678246
     Cl  24       -2.081259       -0.678246        1.527296


     NQR/NMR SPECTROSCOPIC PARAMETERS:
     Cl   1    Vxx=    0.0898    axis=(  0.799412 -0.598286 -0.054714)
     Cl   1    Vyy=    1.7228    axis=( -0.479139 -0.689844  0.542716)
     Cl   1    Vzz=   -1.8126    axis=( -0.362444 -0.407638 -0.838132)
     Cl   1  Q=        -8.1650 1e-30 m^2  Cq=        34.7743 MHz  eta= 0.90087

     C    2    Vxx=    0.1625    axis=(  0.862454 -0.494512  0.107842)
     C    2    Vyy=    0.6873    axis=(  0.491358  0.766939 -0.412761)
     C    2    Vzz=   -0.8499    axis=(  0.121408  0.408977  0.904432)
     C    2  Q=         1.0000 1e-30 m^2  Cq=        -1.9968 MHz  eta= 0.61751

     C    3    Vxx=   -0.0834    axis=(  0.683347  0.040879 -0.728948)
     C    3    Vyy=   -0.3180    axis=(  0.717169 -0.224620  0.659708)
     C    3    Vzz=    0.4013    axis=( -0.136768 -0.973589 -0.182811)
     C    3  Q=         1.0000 1e-30 m^2  Cq=         0.9430 MHz  eta= 0.58457

     H    4    Vxx=   -0.0804    axis=(  0.493970 -0.659784 -0.566286)
     H    4    Vyy=   -0.6836    axis=(  0.227044  0.726576 -0.648489)
     H    4    Vzz=    0.7641    axis=(  0.839312  0.191762  0.508707)
     H    4  Q=         1.0000 1e-30 m^2  Cq=         1.7953 MHz  eta= 0.78944

     C    5    Vxx=   -0.0495    axis=( -0.700669  0.607614 -0.373990)
     C    5    Vyy=   -0.5915    axis=( -0.157336  0.379686  0.911638)
     C    5    Vzz=    0.6410    axis=(  0.695923  0.697598 -0.170435)
     C    5  Q=         1.0000 1e-30 m^2  Cq=         1.5061 MHz  eta= 0.84541

     H    6    Vxx=   -0.0490    axis=( -0.781886  0.400922 -0.477405)
     H    6    Vyy=   -0.6145    axis=( -0.623100 -0.527149  0.577806)
     H    6    Vzz=    0.6634    axis=( -0.020008  0.749250  0.661985)
     H    6  Q=         1.0000 1e-30 m^2  Cq=         1.5588 MHz  eta= 0.85240

     H    7    Vxx=   -0.0074    axis=(  0.911932  0.024297  0.409620)
     H    7    Vyy=   -0.3429    axis=( -0.371998  0.470290  0.800278)
     H    7    Vzz=    0.3503    axis=( -0.173196 -0.882177  0.437911)
     H    7  Q=         1.0000 1e-30 m^2  Cq=         0.8231 MHz  eta= 0.95787

     C    8    Vxx=   -0.0031    axis=( -0.471659  0.681399  0.559673)
     C    8    Vyy=   -0.7398    axis=(  0.878612  0.309402  0.363746)
     C    8    Vzz=    0.7428    axis=( -0.074693 -0.663299  0.744618)
     C    8  Q=         1.0000 1e-30 m^2  Cq=         1.7453 MHz  eta= 0.99176

     H    9    Vxx=   -0.1755    axis=(  0.765822  0.192530 -0.613555)
     H    9    Vyy=   -0.3146    axis=(  0.345103  0.682040  0.644768)
     H    9    Vzz=    0.4901    axis=( -0.542606  0.705516 -0.455879)
     H    9  Q=         1.0000 1e-30 m^2  Cq=         1.1514 MHz  eta= 0.28389

     C   10    Vxx=   -0.1159    axis=(  0.690016 -0.304367 -0.656687)
     C   10    Vyy=   -0.7444    axis=( -0.486187  0.477213 -0.732045)
     C   10    Vzz=    0.8603    axis=( -0.536191 -0.824395 -0.181306)
     C   10  Q=         1.0000 1e-30 m^2  Cq=         2.0214 MHz  eta= 0.73056

     C   11    Vxx=   -0.0071    axis=( -0.455163  0.273664 -0.847310)
     C   11    Vyy=   -0.6023    axis=( -0.882724 -0.263437  0.389101)
     C   11    Vzz=    0.6095    axis=( -0.116730  0.925045  0.361477)
     C   11  Q=         1.0000 1e-30 m^2  Cq=         1.4321 MHz  eta= 0.97657

     Cl  12    Vxx=    0.0300    axis=( -0.332287  0.399681  0.854307)
     Cl  12    Vyy=    1.0725    axis=( -0.784444 -0.620017 -0.015043)
     Cl  12    Vzz=   -1.1026    axis=(  0.523673 -0.675154  0.519551)
     Cl  12  Q=        -8.1650 1e-30 m^2  Cq=        21.1519 MHz  eta= 0.94550

     H   13    Vxx=   -0.0107    axis=(  0.942796 -0.218698  0.251609)
     H   13    Vyy=   -0.5673    axis=(  0.321450  0.396356 -0.859983)
     H   13    Vzz=    0.5780    axis=(  0.088350  0.891669  0.443983)
     H   13  Q=         1.0000 1e-30 m^2  Cq=         1.3580 MHz  eta= 0.96300

     C   14    Vxx=    0.1935    axis=(  0.431040  0.762620 -0.482302)
     C   14    Vyy=    0.7043    axis=( -0.135301  0.583088  0.801063)
     C   14    Vzz=   -0.8978    axis=(  0.892131 -0.280034  0.354517)
     C   14  Q=         1.0000 1e-30 m^2  Cq=        -2.1094 MHz  eta= 0.56889

     H   15    Vxx=    0.0172    axis=(  0.427776 -0.902121  0.056435)
     H   15    Vyy=    0.7151    axis=( -0.777157 -0.398965 -0.486676)
     H   15    Vzz=   -0.7322    axis=(  0.461557  0.164329 -0.871758)
     H   15  Q=         1.0000 1e-30 m^2  Cq=        -1.7205 MHz  eta= 0.95313

     C   16    Vxx=    0.1147    axis=(  0.819736  0.035828 -0.571620)
     C   16    Vyy=    0.3457    axis=(  0.543016  0.268731  0.795561)
     C   16    Vzz=   -0.4605    axis=(  0.182115 -0.962549  0.200834)
     C   16  Q=         1.0000 1e-30 m^2  Cq=        -1.0819 MHz  eta= 0.50169

     C   17    Vxx=   -0.2004    axis=( -0.525793 -0.349206  0.775627)
     C   17    Vyy=   -0.6200    axis=( -0.843689  0.330206 -0.423265)
     C   17    Vzz=    0.8204    axis=( -0.108310 -0.876937 -0.468241)
     C   17  Q=         1.0000 1e-30 m^2  Cq=         1.9276 MHz  eta= 0.51150

     Cl  18    Vxx=    1.1149    axis=(  0.797143 -0.174767  0.577944)
     Cl  18    Vyy=    1.7393    axis=( -0.317678  0.692597  0.647603)
     Cl  18    Vzz=   -2.8542    axis=(  0.513462  0.699833 -0.496579)
     Cl  18  Q=        -8.1650 1e-30 m^2  Cq=        54.7567 MHz  eta= 0.21879

     H   19    Vxx=   -0.0697    axis=(  0.976998  0.204476 -0.060539)
     H   19    Vyy=   -0.5757    axis=( -0.083050  0.626314  0.775134)
     H   19    Vzz=    0.6454    axis=(  0.196413 -0.752277  0.628890)
     H   19  Q=         1.0000 1e-30 m^2  Cq=         1.5165 MHz  eta= 0.78412

     C   20    Vxx=   -0.1720    axis=(  0.836807 -0.277565 -0.471923)
     C   20    Vyy=   -0.6667    axis=( -0.301317  0.486202 -0.820254)
     C   20    Vzz=    0.8387    axis=(  0.457123  0.828593  0.323222)
     C   20  Q=         1.0000 1e-30 m^2  Cq=         1.9707 MHz  eta= 0.58988

     H   21    Vxx=   -0.0171    axis=( -0.409574  0.388959  0.825203)
     H   21    Vyy=   -0.6682    axis=(  0.291387  0.912947 -0.285693)
     H   21    Vzz=    0.6854    axis=( -0.864490  0.123441 -0.487258)
     H   21  Q=         1.0000 1e-30 m^2  Cq=         1.6103 MHz  eta= 0.95003

     C   22    Vxx=   -0.1647    axis=( -0.011428  0.203712  0.978964)
     C   22    Vyy=   -0.6404    axis=( -0.999861  0.009572 -0.013664)
     C   22    Vzz=    0.8052    axis=( -0.012154 -0.978984  0.203574)
     C   22  Q=         1.0000 1e-30 m^2  Cq=         1.8918 MHz  eta= 0.59081

     C   23    Vxx=   -0.0975    axis=(  0.058820 -0.410685 -0.909878)
     C   23    Vyy=   -0.6633    axis=(  0.607637 -0.708427  0.359039)
     C   23    Vzz=    0.7609    axis=( -0.792034 -0.573994  0.207878)
     C   23  Q=         1.0000 1e-30 m^2  Cq=         1.7877 MHz  eta= 0.74364

     Cl  24    Vxx=   -1.3496    axis=(  0.511441  0.676761  0.529549)
     Cl  24    Vyy=   -1.7893    axis=( -0.656339  0.705409 -0.267613)
     Cl  24    Vzz=    3.1389    axis=( -0.554659 -0.210695  0.804960)
     Cl  24  Q=        -8.1650 1e-30 m^2  Cq=       -60.2185 MHz  eta= 0.14009

     Initialization:
     gipaw_setup  :      9.04s CPU     11.09s WALL (       1 calls)

     Linear response

     Apply operators

     Induced current

     Other routines
     efg          :      9.78s CPU     12.25s WALL (       1 calls)

     General routines
     calbec       :      3.40s CPU      4.63s WALL (      16 calls)
     fft          :      1.56s CPU      2.19s WALL (      15 calls)
     ffts         :      0.04s CPU      0.06s WALL (       2 calls)
     fftw         :      3.57s CPU      4.19s WALL (     672 calls)
     davcio       :      0.03s CPU      0.32s WALL (      32 calls)

     Parallel routines
     fft_scatter  :      2.29s CPU      3.41s WALL (     689 calls)

     Plugins

     GIPAW        :     61.18s CPU     72.19s WALL (       1 calls)
