
     Program QE v.6.0 (svn rev. 13079) starts on  3Jan2017 at 14:32:35 

     This program is part of the open-source Quantum ESPRESSO suite
     for quantum simulation of materials; please cite
         "P. Giannozzi et al., J. Phys.:Condens. Matter 21 395502 (2009);
          URL http://www.quantum-espresso.org", 
     in publications or presentations arising from this work. More details at
     http://www.quantum-espresso.org/quote

     Parallel version (MPI), running on     8 processors
     R & G space division:  proc/nbgrp/npool/nimage =       8

     ***** This is GIPAW svn revision unknown      *****

     Parallelizing q-star over 1 images

     Reading data from directory:
     /users/majewski/paradichlorobenzene/pbe/9_constraint/scratch/pbe.ecut100.np8.dt60.pcl2phi-129368.save
     Message from routine read_xml_file:
     file /users/majewski/paradichlorobenzene/pbe/9_constraint/scratch/pbe.ecut100.np8.dt60.pcl2phi-129368.save not guaranteed to be safe for post-processing

   Info: using nr1, nr2, nr3 values from input

   Info: using nr1, nr2, nr3 values from input

     IMPORTANT: XC functional enforced from input :
     Exchange-correlation      =  SLA  PW   PBX  PBC ( 1  4  3  4 0 0)
     Any further DFT definition will be discarded
     Please, verify this is what you really want

               file C.pbe-n-kjpaw_psl.1.0.0.UPF: wavefunction(s)  2S 2P renormalized
               file Cl.pbe-n-kjpaw_psl.1.0.0.UPF: wavefunction(s)  3S 3P renormalized
               file H.pbe-kjpaw_psl.1.0.0.UPF: wavefunction(s)  1S renormalized

     Parallelization info
     --------------------
     sticks:   dense  smooth     PW     G-vecs:    dense   smooth      PW
     Min        3057    1223    332               144436    36536    5170
     Max        3059    1225    333               144437    36537    5171
     Sum       24467    9791   2657              1155489   292295   41363


     Subspace diagonalization in iterative solution of the eigenvalue problem:
     a serial algorithm will be used

     GIPAW projectors -----------------------------------------------
     atom=  C    l=0  rc=    1.2000  rs=    0.8000
     atom=  C    l=0  rc=    1.2000  rs=    0.8000
     atom=  C    l=1  rc=    1.4000  rs=    0.9333
     atom=  C    l=1  rc=    1.4000  rs=    0.9333
     projs nearly linearly dependent: l=1  n1,n2= 1, 2  s=  0.99951561

     atom=  Cl   l=0  rc=    1.6000  rs=    1.0667
     atom=  Cl   l=0  rc=    1.6000  rs=    1.0667
     atom=  Cl   l=1  rc=    1.6000  rs=    1.0667
     atom=  Cl   l=1  rc=    1.6000  rs=    1.0667
     atom=  Cl   l=2  rc=    1.6000  rs=    1.0667
     atom=  Cl   l=2  rc=    1.6000  rs=    1.0667
     projs nearly linearly dependent: l=2  n1,n2= 1, 2  s=  0.99993509

     atom=  H    l=0  rc=    1.0000  rs=    0.6667
     atom=  H    l=0  rc=    1.0000  rs=    0.6667
     projs nearly linearly dependent: l=0  n1,n2= 1, 2  s=  0.99968852
     -----------------------------------------------------------------

     GIPAW integrals: -------------------------------------------
     Atom  i/j   nmr_para   nmr_dia   epr_rmc  epr_para   epr_dia
       C   1 1   0.83E+03  0.17E-01  0.93E+01  0.24E+08  0.24E+03
       C   2 1   0.86E+03 -0.61E-01  0.94E+01  0.25E+08  0.25E+03
       C   2 2   0.90E+03 -0.15E+00  0.97E+01  0.26E+08  0.26E+03
       C   3 3   0.33E+01  0.34E+00  0.18E+01  0.55E+03  0.21E+02
       C   4 3   0.35E+01  0.37E+00  0.20E+01  0.59E+03  0.22E+02
       C   4 4   0.38E+01  0.39E+00  0.22E+01  0.63E+03  0.24E+02
       Cl  1 1   0.14E+04 -0.47E+00  0.84E+01  0.32E+09  0.42E+03
       Cl  2 1   0.21E+04 -0.37E+00  0.12E+02  0.49E+09  0.65E+03
       Cl  2 2   0.33E+04 -0.16E+00  0.21E+02  0.76E+09  0.10E+04
       Cl  3 3   0.21E+02  0.79E-01  0.89E+01  0.23E+05  0.13E+03
       Cl  4 3   0.24E+02  0.67E-01  0.99E+01  0.27E+05  0.15E+03
       Cl  4 4   0.28E+02  0.44E-01  0.11E+02  0.32E+05  0.18E+03
       Cl  5 5   0.77E+00  0.19E+00  0.18E+01  0.12E+03  0.22E+02
       Cl  6 5   0.80E+00  0.19E+00  0.19E+01  0.12E+03  0.23E+02
       Cl  6 6   0.83E+00  0.20E+00  0.19E+01  0.12E+03  0.23E+02
       H   1 1   0.39E+02  0.19E+00  0.29E+00  0.78E+05  0.13E+02
       H   2 1   0.41E+02  0.21E+00  0.32E+00  0.82E+05  0.14E+02
       H   2 2   0.43E+02  0.22E+00  0.36E+00  0.86E+05  0.15E+02
     ------------------------------------------------------------

     alpha_pv=     33.9163 eV

     Number of occupied bands for each k-point:
     k-point:     1    nbnd_occ=  42
     k-point:     2    nbnd_occ=  42
     k-point:     3    nbnd_occ=  42
     k-point:     4    nbnd_occ=  42
     k-point:     5    nbnd_occ=  42
     k-point:     6    nbnd_occ=  42
     k-point:     7    nbnd_occ=  42
     k-point:     8    nbnd_occ=  42
     k-point:     9    nbnd_occ=  42
     k-point:    10    nbnd_occ=  42
     k-point:    11    nbnd_occ=  42
     k-point:    12    nbnd_occ=  42
     k-point:    13    nbnd_occ=  42
     k-point:    14    nbnd_occ=  42
     k-point:    15    nbnd_occ=  42
     k-point:    16    nbnd_occ=  42


     q-space interpolation up to   110.00 Rydberg

     GIPAW job: efg                                                                             


     ELECTRIC FIELD GRADIENTS TENSORS IN Hartree/bohrradius^2:

     ----- bare term -----
     Cl   1       -0.039710       -0.031332        0.001255
     Cl   1       -0.031332        0.146729        0.100661
     Cl   1        0.001255        0.100661       -0.107019

     C    2       -0.781431        0.389198       -0.322594
     C    2        0.389198        0.292948       -0.030247
     C    2       -0.322594       -0.030247        0.488483

     C    3        0.127874        0.327133       -0.004198
     C    3        0.327133       -0.526427       -0.444926
     C    3       -0.004198       -0.444926        0.398553

     H    4       -0.488633       -0.103929       -0.394950
     H    4       -0.103929        0.267919       -0.385267
     H    4       -0.394950       -0.385267        0.220714

     C    5       -0.877055        0.303202       -0.407290
     C    5        0.303202        0.355830       -0.068940
     C    5       -0.407290       -0.068940        0.521225

     H    6        0.383447        0.001886       -0.244874
     H    6        0.001886       -0.542369       -0.450283
     H    6       -0.244874       -0.450283        0.158923

     H    7        0.371731        0.181072        0.025184
     H    7        0.181072       -0.578051       -0.280248
     H    7        0.025184       -0.280248        0.206320

     C    8       -0.205049        0.163372       -0.215737
     C    8        0.163372       -0.050634        0.092003
     C    8       -0.215737        0.092003        0.255682

     H    9       -0.125890        0.402373        0.024974
     H    9        0.402373       -0.210423       -0.193754
     H    9        0.024974       -0.193754        0.336312

     C   10       -0.052564       -0.171313        0.159109
     C   10       -0.171313       -0.110275        0.020222
     C   10        0.159109        0.020222        0.162839

     C   11       -0.171783        0.162510       -0.231232
     C   11        0.162510       -0.015917        0.491324
     C   11       -0.231232        0.491324        0.187700

     Cl  12        0.091379       -0.210637        0.029146
     Cl  12       -0.210637        0.043896       -0.309706
     Cl  12        0.029146       -0.309706       -0.135276

     H   13        0.383808       -0.216395       -0.192845
     H   13       -0.216395       -0.264609       -0.599117
     H   13       -0.192845       -0.599117       -0.119199

     C   14        0.003043        0.198196       -0.087557
     C   14        0.198196       -0.302267       -0.327362
     C   14       -0.087557       -0.327362        0.299224

     H   15        0.025285       -0.267413       -0.472201
     H   15       -0.267413        0.175370       -0.475141
     H   15       -0.472201       -0.475141       -0.200656

     C   16       -0.738764        0.360496       -0.343633
     C   16        0.360496        0.287172       -0.041827
     C   16       -0.343633       -0.041827        0.451592

     C   17        0.201996        0.156153       -0.084242
     C   17        0.156153       -0.520350       -0.421921
     C   17       -0.084242       -0.421921        0.318353

     Cl  18       -0.096775        0.156912        0.002060
     Cl  18        0.156912       -0.012593        0.009414
     Cl  18        0.002060        0.009414        0.109368

     H   19        0.367189        0.044915       -0.267974
     H   19        0.044915       -0.154960        0.444823
     H   19       -0.267974        0.444823       -0.212229

     C   20       -0.382931       -0.344940        0.016905
     C   20       -0.344940       -0.063487        0.456749
     C   20        0.016905        0.456749        0.446419

     H   21       -0.483224        0.113520       -0.533839
     H   21        0.113520        0.358670        0.128200
     H   21       -0.533839        0.128200        0.124553

     C   22       -0.033148        0.174048       -0.298838
     C   22        0.174048       -0.130909        0.664701
     C   22       -0.298838        0.664701        0.164057

     C   23       -0.393568       -0.364556       -0.103914
     C   23       -0.364556       -0.048914        0.427843
     C   23       -0.103914        0.427843        0.442482

     Cl  24       -0.009119        0.128197       -0.030939
     Cl  24        0.128197        0.123514       -0.060399
     Cl  24       -0.030939       -0.060399       -0.114395

     ----- ionic term -----
     Cl   1        0.185400       -0.216378        0.048092
     Cl   1       -0.216378       -0.022786       -0.019302
     Cl   1        0.048092       -0.019302       -0.162614

     C    2        0.258165       -0.165202        0.323950
     C    2       -0.165202        0.080777        0.347623
     C    2        0.323950        0.347623       -0.338942

     C    3        0.160221       -0.250511        0.228110
     C    3       -0.250511        0.204622        0.347063
     C    3        0.228110        0.347063       -0.364843

     H    4        0.578082        0.358157        0.661955
     H    4        0.358157       -0.356242        0.272590
     H    4        0.661955        0.272590       -0.221840

     C    5        0.293700       -0.209719        0.290900
     C    5       -0.209719        0.090255        0.273032
     C    5        0.290900        0.273032       -0.383955

     H    6       -0.506433       -0.004354        0.011014
     H    6       -0.004354        0.714559        0.669867
     H    6        0.011014        0.669867       -0.208126

     H    7       -0.462952       -0.235059        0.065396
     H    7       -0.235059        0.948928       -0.405245
     H    7        0.065396       -0.405245       -0.485977

     C    8        0.441852        0.063897        0.186258
     C    8        0.063897        0.081676       -0.231097
     C    8        0.186258       -0.231097       -0.523529

     H    9        0.545613       -0.559544        0.471970
     H    9       -0.559544       -0.148161       -0.310426
     H    9        0.471970       -0.310426       -0.397452

     C   10        0.168981        0.106045        0.121244
     C   10        0.106045        0.266570       -0.373166
     C   10        0.121244       -0.373166       -0.435551

     C   11        0.261403        0.116498        0.160930
     C   11        0.116498        0.168670       -0.386349
     C   11        0.160930       -0.386349       -0.430073

     Cl  12        0.169346        0.193124       -0.024521
     Cl  12        0.193124       -0.010106       -0.030273
     Cl  12       -0.024521       -0.030273       -0.159240

     H   13       -0.507379        0.140595        0.114594
     H   13        0.140595        0.550684        0.742385
     H   13        0.114594        0.742385       -0.043304

     C   14        0.307948       -0.174250        0.317892
     C   14       -0.174250        0.028926        0.299052
     C   14        0.317892        0.299052       -0.336873

     H   15        0.536300        0.265935        0.728911
     H   15        0.265935       -0.456161        0.246067
     H   15        0.728911        0.246067       -0.080140

     C   16        0.138840       -0.262843        0.218332
     C   16       -0.262843        0.216695        0.377774
     C   16        0.218332        0.377774       -0.355535

     C   17        0.194853       -0.145211        0.269759
     C   17       -0.145211        0.155506        0.402061
     C   17        0.269759        0.402061       -0.350359

     Cl  18        0.124082       -0.187306        0.006772
     Cl  18       -0.187306        0.014968       -0.004048
     Cl  18        0.006772       -0.004048       -0.139049

     H   19       -0.514308       -0.121307        0.067483
     H   19       -0.121307        0.714396       -0.664749
     H   19        0.067483       -0.664749       -0.200088

     C   20        0.306814        0.108351        0.165508
     C   20        0.108351        0.082383       -0.319307
     C   20        0.165508       -0.319307       -0.389197

     H   21        0.515546       -0.420921        0.639376
     H   21       -0.420921       -0.339124       -0.319588
     H   21        0.639376       -0.319588       -0.176422

     C   22        0.129181        0.150561        0.117121
     C   22        0.150561        0.235933       -0.409635
     C   22        0.117121       -0.409635       -0.365113

     C   23        0.288967        0.100462        0.137324
     C   23        0.100462        0.159030       -0.384805
     C   23        0.137324       -0.384805       -0.447997

     Cl  24        0.120118        0.219618       -0.039224
     Cl  24        0.219618        0.004591       -0.026222
     Cl  24       -0.039224       -0.026222       -0.124709

     ----- GIPAW term -----
     Cl   1        0.490786       -2.076179       -0.025897
     Cl   1       -2.076179        1.705648        0.956425
     Cl   1       -0.025897        0.956425       -2.196434

     C    2       -0.137132        0.060364        0.034820
     C    2        0.060364        0.099947        0.166544
     C    2        0.034820        0.166544        0.037184

     C    3       -0.086593        0.077216        0.066034
     C    3        0.077216        0.016881        0.175232
     C    3        0.066034        0.175232        0.069713

     H    4       -0.000000        0.000000        0.000000
     H    4        0.000000        0.000000        0.000000
     H    4        0.000000        0.000000        0.000000

     C    5       -0.152612        0.052123        0.016936
     C    5        0.052123        0.045581        0.123263
     C    5        0.016936        0.123263        0.107031

     H    6       -0.000000        0.000000        0.000000
     H    6        0.000000        0.000000        0.000000
     H    6        0.000000        0.000000        0.000000

     H    7       -0.000000        0.000000        0.000000
     H    7        0.000000        0.000000        0.000000
     H    7        0.000000        0.000000        0.000000

     C    8       -0.040489        0.037943        0.020604
     C    8        0.037943       -0.018667        0.059274
     C    8        0.020604        0.059274        0.059156

     H    9       -0.000000        0.000000        0.000000
     H    9        0.000000        0.000000        0.000000
     H    9        0.000000        0.000000        0.000000

     C   10       -0.013352        0.002097        0.025358
     C   10        0.002097        0.007788        0.010854
     C   10        0.025358        0.010854        0.005564

     C   11       -0.070640        0.073485       -0.021608
     C   11        0.073485       -0.001885        0.165362
     C   11       -0.021608        0.165362        0.072525

     Cl  12       -0.522399        0.214430       -0.296928
     Cl  12        0.214430       -0.268045        0.984480
     Cl  12       -0.296928        0.984480        0.790444

     H   13       -0.000000        0.000000        0.000000
     H   13        0.000000        0.000000        0.000000
     H   13        0.000000        0.000000        0.000000

     C   14       -0.098105        0.065661        0.035434
     C   14        0.065661        0.063480        0.145004
     C   14        0.035434        0.145004        0.034625

     H   15       -0.000000        0.000000        0.000000
     H   15        0.000000        0.000000        0.000000
     H   15        0.000000        0.000000        0.000000

     C   16       -0.191820        0.068769       -0.009032
     C   16        0.068769        0.105405        0.148541
     C   16       -0.009032        0.148541        0.086415

     C   17       -0.041498        0.000362        0.048626
     C   17        0.000362       -0.007691        0.152518
     C   17        0.048626        0.152518        0.049189

     Cl  18       -0.532357       -0.238152        1.015632
     Cl  18       -0.238152       -0.013285        1.999663
     Cl  18        1.015632        1.999663        0.545642

     H   19       -0.000000        0.000000        0.000000
     H   19        0.000000        0.000000        0.000000
     H   19        0.000000        0.000000        0.000000

     C   20       -0.110607        0.027444        0.118720
     C   20        0.027444       -0.023525        0.215978
     C   20        0.118720        0.215978        0.134132

     H   21       -0.000000        0.000000        0.000000
     H   21        0.000000        0.000000        0.000000
     H   21        0.000000        0.000000        0.000000

     C   22       -0.002764        0.204981       -0.014619
     C   22        0.204981        0.063977        0.166269
     C   22       -0.014619        0.166269       -0.061213

     C   23       -0.070241        0.133185        0.073875
     C   23        0.133185        0.083895        0.188274
     C   23        0.073875        0.188274       -0.013654

     Cl  24        0.779741        3.109577       -0.329336
     Cl  24        3.109577        1.562407       -0.609426
     Cl  24       -0.329336       -0.609426       -2.342147

     ----- total EFG -----
     Cl   1        0.636476       -2.323889        0.023450
     Cl   1       -2.323889        1.829591        1.037785
     Cl   1        0.023450        1.037785       -2.466067

     C    2       -0.660397        0.284360        0.036176
     C    2        0.284360        0.473673        0.483921
     C    2        0.036176        0.483921        0.186725

     C    3        0.201501        0.153838        0.289946
     C    3        0.153838       -0.304924        0.077369
     C    3        0.289946        0.077369        0.103422

     H    4        0.089448        0.254228        0.267005
     H    4        0.254228       -0.088323       -0.112677
     H    4        0.267005       -0.112677       -0.001125

     C    5       -0.735967        0.145605       -0.099454
     C    5        0.145605        0.491666        0.327355
     C    5       -0.099454        0.327355        0.244301

     H    6       -0.122986       -0.002468       -0.233861
     H    6       -0.002468        0.172190        0.219584
     H    6       -0.233861        0.219584       -0.049204

     H    7       -0.091221       -0.053987        0.090580
     H    7       -0.053987        0.370877       -0.685493
     H    7        0.090580       -0.685493       -0.279657

     C    8        0.196314        0.265212       -0.008875
     C    8        0.265212        0.012376       -0.079821
     C    8       -0.008875       -0.079821       -0.208690

     H    9        0.419723       -0.157171        0.496944
     H    9       -0.157171       -0.358584       -0.504179
     H    9        0.496944       -0.504179       -0.061140

     C   10        0.103066       -0.063172        0.305711
     C   10       -0.063172        0.164083       -0.342090
     C   10        0.305711       -0.342090       -0.267149

     C   11        0.018981        0.352493       -0.091910
     C   11        0.352493        0.150868        0.270336
     C   11       -0.091910        0.270336       -0.169849

     Cl  12       -0.261674        0.196917       -0.292303
     Cl  12        0.196917       -0.234255        0.644501
     Cl  12       -0.292303        0.644501        0.495929

     H   13       -0.123571       -0.075800       -0.078251
     H   13       -0.075800        0.286075        0.143268
     H   13       -0.078251        0.143268       -0.162504

     C   14        0.212885        0.089607        0.265769
     C   14        0.089607       -0.209861        0.116693
     C   14        0.265769        0.116693       -0.003024

     H   15        0.561586       -0.001479        0.256710
     H   15       -0.001479       -0.280790       -0.229073
     H   15        0.256710       -0.229073       -0.280796

     C   16       -0.791744        0.166422       -0.134332
     C   16        0.166422        0.609271        0.484488
     C   16       -0.134332        0.484488        0.182473

     C   17        0.355352        0.011304        0.234143
     C   17        0.011304       -0.372536        0.132659
     C   17        0.234143        0.132659        0.017184

     Cl  18       -0.505050       -0.268546        1.024463
     Cl  18       -0.268546       -0.010910        2.005030
     Cl  18        1.024463        2.005030        0.515960

     H   19       -0.147119       -0.076391       -0.200491
     H   19       -0.076391        0.559437       -0.219926
     H   19       -0.200491       -0.219926       -0.412318

     C   20       -0.186725       -0.209145        0.301133
     C   20       -0.209145       -0.004629        0.353421
     C   20        0.301133        0.353421        0.191354

     H   21        0.032322       -0.307401        0.105537
     H   21       -0.307401        0.019546       -0.191387
     H   21        0.105537       -0.191387       -0.051868

     C   22        0.093269        0.529590       -0.196336
     C   22        0.529590        0.169000        0.421336
     C   22       -0.196336        0.421336       -0.262269

     C   23       -0.174843       -0.130909        0.107285
     C   23       -0.130909        0.194011        0.231311
     C   23        0.107285        0.231311       -0.019169

     Cl  24        0.890740        3.457392       -0.399499
     Cl  24        3.457392        1.690512       -0.696047
     Cl  24       -0.399499       -0.696047       -2.581252

     ----- total EFG (symmetrized) -----
     Cl   1        0.636476       -2.323889        0.023450
     Cl   1       -2.323889        1.829591        1.037785
     Cl   1        0.023450        1.037785       -2.466067

     C    2       -0.660397        0.284360        0.036176
     C    2        0.284360        0.473673        0.483921
     C    2        0.036176        0.483921        0.186725

     C    3        0.201501        0.153838        0.289946
     C    3        0.153838       -0.304924        0.077369
     C    3        0.289946        0.077369        0.103422

     H    4        0.089448        0.254228        0.267005
     H    4        0.254228       -0.088323       -0.112677
     H    4        0.267005       -0.112677       -0.001125

     C    5       -0.735967        0.145605       -0.099454
     C    5        0.145605        0.491666        0.327355
     C    5       -0.099454        0.327355        0.244301

     H    6       -0.122986       -0.002468       -0.233861
     H    6       -0.002468        0.172190        0.219584
     H    6       -0.233861        0.219584       -0.049204

     H    7       -0.091221       -0.053987        0.090580
     H    7       -0.053987        0.370877       -0.685493
     H    7        0.090580       -0.685493       -0.279657

     C    8        0.196314        0.265212       -0.008875
     C    8        0.265212        0.012376       -0.079821
     C    8       -0.008875       -0.079821       -0.208690

     H    9        0.419723       -0.157171        0.496944
     H    9       -0.157171       -0.358584       -0.504179
     H    9        0.496944       -0.504179       -0.061140

     C   10        0.103066       -0.063172        0.305711
     C   10       -0.063172        0.164083       -0.342090
     C   10        0.305711       -0.342090       -0.267149

     C   11        0.018981        0.352493       -0.091910
     C   11        0.352493        0.150868        0.270336
     C   11       -0.091910        0.270336       -0.169849

     Cl  12       -0.261674        0.196917       -0.292303
     Cl  12        0.196917       -0.234255        0.644501
     Cl  12       -0.292303        0.644501        0.495929

     H   13       -0.123571       -0.075800       -0.078251
     H   13       -0.075800        0.286075        0.143268
     H   13       -0.078251        0.143268       -0.162504

     C   14        0.212885        0.089607        0.265769
     C   14        0.089607       -0.209861        0.116693
     C   14        0.265769        0.116693       -0.003024

     H   15        0.561586       -0.001479        0.256710
     H   15       -0.001479       -0.280790       -0.229073
     H   15        0.256710       -0.229073       -0.280796

     C   16       -0.791744        0.166422       -0.134332
     C   16        0.166422        0.609271        0.484488
     C   16       -0.134332        0.484488        0.182473

     C   17        0.355352        0.011304        0.234143
     C   17        0.011304       -0.372536        0.132659
     C   17        0.234143        0.132659        0.017184

     Cl  18       -0.505050       -0.268546        1.024463
     Cl  18       -0.268546       -0.010910        2.005030
     Cl  18        1.024463        2.005030        0.515960

     H   19       -0.147119       -0.076391       -0.200491
     H   19       -0.076391        0.559437       -0.219926
     H   19       -0.200491       -0.219926       -0.412318

     C   20       -0.186725       -0.209145        0.301133
     C   20       -0.209145       -0.004629        0.353421
     C   20        0.301133        0.353421        0.191354

     H   21        0.032322       -0.307401        0.105537
     H   21       -0.307401        0.019546       -0.191387
     H   21        0.105537       -0.191387       -0.051868

     C   22        0.093269        0.529590       -0.196336
     C   22        0.529590        0.169000        0.421336
     C   22       -0.196336        0.421336       -0.262269

     C   23       -0.174843       -0.130909        0.107285
     C   23       -0.130909        0.194011        0.231311
     C   23        0.107285        0.231311       -0.019169

     Cl  24        0.890740        3.457392       -0.399499
     Cl  24        3.457392        1.690512       -0.696047
     Cl  24       -0.399499       -0.696047       -2.581252


     NQR/NMR SPECTROSCOPIC PARAMETERS:
     Cl   1    Vxx=   -0.9134    axis=(  0.774654  0.520285  0.359464)
     Cl   1    Vyy=   -2.8249    axis=( -0.217467 -0.314590  0.923981)
     Cl   1    Vzz=    3.7384    axis=(  0.593818 -0.793937 -0.130553)
     Cl   1  Q=        -8.1650 1e-30 m^2  Cq=       -71.7188 MHz  eta= 0.51131

     C    2    Vxx=   -0.1404    axis=( -0.234542 -0.532352  0.813383)
     C    2    Vyy=   -0.7355    axis=(  0.958477 -0.266262  0.102114)
     C    2    Vzz=    0.8760    axis=(  0.162212  0.803558  0.572697)
     C    2  Q=         1.0000 1e-30 m^2  Cq=         2.0582 MHz  eta= 0.67937

     C    3    Vxx=   -0.1342    axis=( -0.594280 -0.180326  0.783782)
     C    3    Vyy=   -0.3480    axis=( -0.275535  0.961213  0.012232)
     C    3    Vzz=    0.4823    axis=( -0.755587 -0.208690 -0.620916)
     C    3  Q=         1.0000 1e-30 m^2  Cq=         1.1331 MHz  eta= 0.44336

     H    4    Vxx=    0.0661    axis=(  0.127168  0.712760 -0.689783)
     H    4    Vyy=    0.3584    axis=(  0.803937  0.333256  0.492571)
     H    4    Vzz=   -0.4245    axis=( -0.580959  0.617182  0.530635)
     H    4  Q=         1.0000 1e-30 m^2  Cq=        -0.9974 MHz  eta= 0.68868

     C    5    Vxx=    0.0522    axis=( -0.202921 -0.540787  0.816317)
     C    5    Vyy=    0.7207    axis=(  0.044541  0.827700  0.559400)
     C    5    Vzz=   -0.7729    axis=( -0.978182  0.149873 -0.143870)
     C    5  Q=         1.0000 1e-30 m^2  Cq=        -1.8160 MHz  eta= 0.86503

     H    6    Vxx=    0.0174    axis=(  0.682585  0.600858 -0.415989)
     H    6    Vyy=    0.3467    axis=(  0.298561 -0.748826 -0.591710)
     H    6    Vzz=   -0.3640    axis=( -0.667037  0.279694 -0.690531)
     H    6  Q=         1.0000 1e-30 m^2  Cq=        -0.8554 MHz  eta= 0.90461

     H    7    Vxx=   -0.0973    axis=(  0.991666  0.128471  0.009649)
     H    7    Vyy=   -0.7168    axis=( -0.076740  0.528876  0.845223)
     H    7    Vzz=    0.8141    axis=(  0.103484 -0.838919  0.534327)
     H    7  Q=         1.0000 1e-30 m^2  Cq=         1.9129 MHz  eta= 0.76089

     C    8    Vxx=   -0.1325    axis=( -0.516538  0.620639 -0.589911)
     C    8    Vyy=   -0.2574    axis=( -0.289361  0.521884  0.802438)
     C    8    Vzz=    0.3899    axis=(  0.805890  0.585187 -0.089984)
     C    8  Q=         1.0000 1e-30 m^2  Cq=         0.9161 MHz  eta= 0.32040

     H    9    Vxx=   -0.1067    axis=(  0.641305  0.587539 -0.493484)
     H    9    Vyy=   -0.7662    axis=( -0.175120  0.738258  0.651389)
     H    9    Vzz=    0.8728    axis=( -0.747035  0.331320 -0.576338)
     H    9  Q=         1.0000 1e-30 m^2  Cq=         2.0508 MHz  eta= 0.75558

     C   10    Vxx=    0.0667    axis=(  0.764902  0.642790  0.041778)
     C   10    Vyy=    0.4820    axis=(  0.532004 -0.666974  0.521648)
     C   10    Vzz=   -0.5487    axis=(  0.363175 -0.376784 -0.852137)
     C   10  Q=         1.0000 1e-30 m^2  Cq=        -1.2892 MHz  eta= 0.75697

     C   11    Vxx=   -0.0019    axis=(  0.652724 -0.227111 -0.722753)
     C   11    Vyy=   -0.4805    axis=( -0.516709  0.564226 -0.643941)
     C   11    Vzz=    0.4824    axis=( -0.554042 -0.793769 -0.250934)
     C   11  Q=         1.0000 1e-30 m^2  Cq=         1.1334 MHz  eta= 0.99214

     Cl  12    Vxx=   -0.0918    axis=(  0.845026  0.514873 -0.144350)
     Cl  12    Vyy=   -0.8014    axis=( -0.516194  0.715004 -0.471501)
     Cl  12    Vzz=    0.8932    axis=( -0.139553  0.472943  0.869971)
     Cl  12  Q=        -8.1650 1e-30 m^2  Cq=       -17.1354 MHz  eta= 0.79453

     H   13    Vxx=   -0.1124    axis=(  0.848417  0.314480 -0.425783)
     H   13    Vyy=   -0.2348    axis=( -0.490369  0.164067 -0.855932)
     H   13    Vzz=    0.3472    axis=( -0.199317  0.934978  0.293408)
     H   13  Q=         1.0000 1e-30 m^2  Cq=         0.8158 MHz  eta= 0.35254

     C   14    Vxx=   -0.1571    axis=(  0.587958 -0.465223 -0.661720)
     C   14    Vyy=   -0.2656    axis=( -0.116794 -0.858311  0.499662)
     C   14    Vzz=    0.4227    axis=( -0.800415 -0.216495 -0.558986)
     C   14  Q=         1.0000 1e-30 m^2  Cq=         0.9932 MHz  eta= 0.25661

     H   15    Vxx=   -0.0969    axis=( -0.239015 -0.756496  0.608758)
     H   15    Vyy=   -0.5413    axis=(  0.171454 -0.649958 -0.740377)
     H   15    Vzz=    0.6383    axis=(  0.955759 -0.072587  0.285054)
     H   15  Q=         1.0000 1e-30 m^2  Cq=         1.4997 MHz  eta= 0.69630

     C   16    Vxx=   -0.0761    axis=( -0.271842 -0.510636  0.815692)
     C   16    Vyy=   -0.8518    axis=( -0.961541  0.178689 -0.208587)
     C   16    Vzz=    0.9279    axis=( -0.039243 -0.841024 -0.539572)
     C   16  Q=         1.0000 1e-30 m^2  Cq=         2.1801 MHz  eta= 0.83606

     C   17    Vxx=   -0.0626    axis=( -0.467674  0.333303  0.818651)
     C   17    Vyy=   -0.4185    axis=(  0.086934  0.939034 -0.332652)
     C   17    Vzz=    0.4810    axis=( -0.879615 -0.084404 -0.468137)
     C   17  Q=         1.0000 1e-30 m^2  Cq=         1.1303 MHz  eta= 0.73988

     Cl  18    Vxx=   -0.1683    axis=(  0.857769 -0.490617  0.153387)
     Cl  18    Vyy=   -2.2356    axis=(  0.468063  0.622124 -0.627598)
     Cl  18    Vzz=    2.4039    axis=(  0.212485  0.610129  0.763278)
     Cl  18  Q=        -8.1650 1e-30 m^2  Cq=       -46.1172 MHz  eta= 0.86001

     H   19    Vxx=   -0.0413    axis=(  0.891113 -0.051731 -0.450822)
     H   19    Vyy=   -0.5671    axis=(  0.451509  0.200358  0.869480)
     H   19    Vzz=    0.6084    axis=(  0.045347 -0.978356  0.201899)
     H   19  Q=         1.0000 1e-30 m^2  Cq=         1.4294 MHz  eta= 0.86438

     C   20    Vxx=    0.1018    axis=(  0.713602 -0.664358  0.222263)
     C   20    Vyy=    0.4851    axis=(  0.214843  0.509520  0.833206)
     C   20    Vzz=   -0.5869    axis=( -0.666794 -0.546826  0.506327)
     C   20  Q=         1.0000 1e-30 m^2  Cq=        -1.3790 MHz  eta= 0.65316

     H   21    Vxx=   -0.1229    axis=( -0.517454  0.032215  0.855104)
     H   21    Vyy=   -0.3032    axis=(  0.581708  0.746125  0.323903)
     H   21    Vzz=    0.4261    axis=( -0.627580  0.665026 -0.404825)
     H   21  Q=         1.0000 1e-30 m^2  Cq=         1.0013 MHz  eta= 0.42300

     C   22    Vxx=    0.0759    axis=(  0.626632 -0.288899 -0.723788)
     C   22    Vyy=    0.7005    axis=( -0.601871 -0.769392 -0.213979)
     C   22    Vzz=   -0.7763    axis=( -0.495059  0.569713 -0.656006)
     C   22  Q=         1.0000 1e-30 m^2  Cq=        -1.8241 MHz  eta= 0.80450

     C   23    Vxx=   -0.0138    axis=(  0.686592 -0.303086  0.660855)
     C   23    Vyy=   -0.3341    axis=( -0.718648 -0.420643  0.553718)
     C   23    Vzz=    0.3479    axis=( -0.110160  0.855101  0.506623)
     C   23  Q=         1.0000 1e-30 m^2  Cq=         0.8175 MHz  eta= 0.92072

     Cl  24    Vxx=   -2.1388    axis=(  0.735139 -0.609979  0.295797)
     Cl  24    Vyy=   -2.7153    axis=( -0.155996  0.272412  0.949451)
     Cl  24    Vzz=    4.8541    axis=( -0.659724 -0.744122  0.105107)
     Cl  24  Q=        -8.1650 1e-30 m^2  Cq=       -93.1231 MHz  eta= 0.11878

     Initialization:
     gipaw_setup  :      8.99s CPU     10.85s WALL (       1 calls)

     Linear response

     Apply operators

     Induced current

     Other routines
     efg          :      9.11s CPU     11.57s WALL (       1 calls)

     General routines
     calbec       :      3.18s CPU      4.33s WALL (      16 calls)
     fft          :      1.64s CPU      2.59s WALL (      15 calls)
     ffts         :      0.06s CPU      0.07s WALL (       2 calls)
     fftw         :      3.17s CPU      3.66s WALL (     672 calls)
     davcio       :      0.02s CPU      0.33s WALL (      32 calls)

     Parallel routines
     fft_scatter  :      2.10s CPU      3.39s WALL (     689 calls)

     Plugins

     GIPAW        :     60.40s CPU     75.42s WALL (       1 calls)
