
     Program QE v.6.0 (svn rev. 13079) starts on  9Jan2017 at  7:13:35 

     This program is part of the open-source Quantum ESPRESSO suite
     for quantum simulation of materials; please cite
         "P. Giannozzi et al., J. Phys.:Condens. Matter 21 395502 (2009);
          URL http://www.quantum-espresso.org", 
     in publications or presentations arising from this work. More details at
     http://www.quantum-espresso.org/quote

     Parallel version (MPI), running on     8 processors
     R & G space division:  proc/nbgrp/npool/nimage =       8

     ***** This is GIPAW svn revision unknown      *****

     Parallelizing q-star over 1 images

     Reading data from directory:
     /users/majewski/paradichlorobenzene/pbe/9_constraint/scratch/pbe.ecut100.np8.dt60.pcl2phi-129368.save
     Message from routine read_xml_file:
     file /users/majewski/paradichlorobenzene/pbe/9_constraint/scratch/pbe.ecut100.np8.dt60.pcl2phi-129368.save not guaranteed to be safe for post-processing

   Info: using nr1, nr2, nr3 values from input

   Info: using nr1, nr2, nr3 values from input

     IMPORTANT: XC functional enforced from input :
     Exchange-correlation      =  SLA  PW   PBX  PBC ( 1  4  3  4 0 0)
     Any further DFT definition will be discarded
     Please, verify this is what you really want

               file C.pbe-n-kjpaw_psl.1.0.0.UPF: wavefunction(s)  2S 2P renormalized
               file Cl.pbe-n-kjpaw_psl.1.0.0.UPF: wavefunction(s)  3S 3P renormalized
               file H.pbe-kjpaw_psl.1.0.0.UPF: wavefunction(s)  1S renormalized

     Parallelization info
     --------------------
     sticks:   dense  smooth     PW     G-vecs:    dense   smooth      PW
     Min        3057    1223    332               144436    36536    5170
     Max        3059    1225    333               144437    36537    5171
     Sum       24467    9791   2657              1155489   292295   41363


     Subspace diagonalization in iterative solution of the eigenvalue problem:
     a serial algorithm will be used

     GIPAW projectors -----------------------------------------------
     atom=  C    l=0  rc=    1.2000  rs=    0.8000
     atom=  C    l=0  rc=    1.2000  rs=    0.8000
     atom=  C    l=1  rc=    1.4000  rs=    0.9333
     atom=  C    l=1  rc=    1.4000  rs=    0.9333
     projs nearly linearly dependent: l=1  n1,n2= 1, 2  s=  0.99951561

     atom=  Cl   l=0  rc=    1.6000  rs=    1.0667
     atom=  Cl   l=0  rc=    1.6000  rs=    1.0667
     atom=  Cl   l=1  rc=    1.6000  rs=    1.0667
     atom=  Cl   l=1  rc=    1.6000  rs=    1.0667
     atom=  Cl   l=2  rc=    1.6000  rs=    1.0667
     atom=  Cl   l=2  rc=    1.6000  rs=    1.0667
     projs nearly linearly dependent: l=2  n1,n2= 1, 2  s=  0.99993509

     atom=  H    l=0  rc=    1.0000  rs=    0.6667
     atom=  H    l=0  rc=    1.0000  rs=    0.6667
     projs nearly linearly dependent: l=0  n1,n2= 1, 2  s=  0.99968852
     -----------------------------------------------------------------

     GIPAW integrals: -------------------------------------------
     Atom  i/j   nmr_para   nmr_dia   epr_rmc  epr_para   epr_dia
       C   1 1   0.83E+03  0.17E-01  0.93E+01  0.24E+08  0.24E+03
       C   2 1   0.86E+03 -0.61E-01  0.94E+01  0.25E+08  0.25E+03
       C   2 2   0.90E+03 -0.15E+00  0.97E+01  0.26E+08  0.26E+03
       C   3 3   0.33E+01  0.34E+00  0.18E+01  0.55E+03  0.21E+02
       C   4 3   0.35E+01  0.37E+00  0.20E+01  0.59E+03  0.22E+02
       C   4 4   0.38E+01  0.39E+00  0.22E+01  0.63E+03  0.24E+02
       Cl  1 1   0.14E+04 -0.47E+00  0.84E+01  0.32E+09  0.42E+03
       Cl  2 1   0.21E+04 -0.37E+00  0.12E+02  0.49E+09  0.65E+03
       Cl  2 2   0.33E+04 -0.16E+00  0.21E+02  0.76E+09  0.10E+04
       Cl  3 3   0.21E+02  0.79E-01  0.89E+01  0.23E+05  0.13E+03
       Cl  4 3   0.24E+02  0.67E-01  0.99E+01  0.27E+05  0.15E+03
       Cl  4 4   0.28E+02  0.44E-01  0.11E+02  0.32E+05  0.18E+03
       Cl  5 5   0.77E+00  0.19E+00  0.18E+01  0.12E+03  0.22E+02
       Cl  6 5   0.80E+00  0.19E+00  0.19E+01  0.12E+03  0.23E+02
       Cl  6 6   0.83E+00  0.20E+00  0.19E+01  0.12E+03  0.23E+02
       H   1 1   0.39E+02  0.19E+00  0.29E+00  0.78E+05  0.13E+02
       H   2 1   0.41E+02  0.21E+00  0.32E+00  0.82E+05  0.14E+02
       H   2 2   0.43E+02  0.22E+00  0.36E+00  0.86E+05  0.15E+02
     ------------------------------------------------------------

     alpha_pv=     34.1600 eV

     Number of occupied bands for each k-point:
     k-point:     1    nbnd_occ=  42
     k-point:     2    nbnd_occ=  42
     k-point:     3    nbnd_occ=  42
     k-point:     4    nbnd_occ=  42
     k-point:     5    nbnd_occ=  42
     k-point:     6    nbnd_occ=  42
     k-point:     7    nbnd_occ=  42
     k-point:     8    nbnd_occ=  42
     k-point:     9    nbnd_occ=  42
     k-point:    10    nbnd_occ=  42
     k-point:    11    nbnd_occ=  42
     k-point:    12    nbnd_occ=  42
     k-point:    13    nbnd_occ=  42
     k-point:    14    nbnd_occ=  42
     k-point:    15    nbnd_occ=  42
     k-point:    16    nbnd_occ=  42


     q-space interpolation up to   110.00 Rydberg

     GIPAW job: efg                                                                             


     ELECTRIC FIELD GRADIENTS TENSORS IN Hartree/bohrradius^2:

     ----- bare term -----
     Cl   1       -0.111689        0.115625       -0.103915
     Cl   1        0.115625        0.010400       -0.158065
     Cl   1       -0.103915       -0.158065        0.101290

     C    2       -0.025130        0.354636       -0.189027
     C    2        0.354636       -0.092282       -0.621159
     C    2       -0.189027       -0.621159        0.117412

     C    3       -0.207768        0.128961       -0.190082
     C    3        0.128961        0.000139       -0.194545
     C    3       -0.190082       -0.194545        0.207629

     H    4       -0.434098       -0.451615        0.130115
     H    4       -0.451615        0.157954        0.093876
     H    4        0.130115        0.093876        0.276143

     C    5       -0.087948        0.283727       -0.164985
     C    5        0.283727       -0.168191       -0.352003
     C    5       -0.164985       -0.352003        0.256139

     H    6        0.394459       -0.312335        0.080183
     H    6       -0.312335       -0.693103        0.135179
     H    6        0.080183        0.135179        0.298644

     H    7        0.164991        0.055321       -0.173143
     H    7        0.055321       -0.372440        0.531221
     H    7       -0.173143        0.531221        0.207449

     C    8       -0.655648       -0.313600       -0.350254
     C    8       -0.313600        0.222951        0.163727
     C    8       -0.350254        0.163727        0.432697

     H    9        0.088280        0.035833       -0.455997
     H    9        0.035833        0.312736       -0.216428
     H    9       -0.455997       -0.216428       -0.401016

     C   10       -0.047275        0.129392       -0.275022
     C   10        0.129392       -0.077360        0.692216
     C   10       -0.275022        0.692216        0.124634

     C   11       -0.395327       -0.334251       -0.144710
     C   11       -0.334251       -0.036517        0.448913
     C   11       -0.144710        0.448913        0.431844

     Cl  12        0.080314       -0.021890       -0.080181
     Cl  12       -0.021890       -0.075563       -0.115602
     Cl  12       -0.080181       -0.115602       -0.004752

     H   13        0.345639       -0.061064       -0.083953
     H   13       -0.061064       -0.504147       -0.574378
     H   13       -0.083953       -0.574378        0.158508

     C   14       -0.653940        0.397060       -0.436895
     C   14        0.397060        0.355700       -0.230463
     C   14       -0.436895       -0.230463        0.298240

     H   15       -0.538115       -0.072582       -0.203607
     H   15       -0.072582        0.347886       -0.337379
     H   15       -0.203607       -0.337379        0.190228

     C   16        0.025363        0.315273       -0.071903
     C   16        0.315273       -0.315213       -0.470103
     C   16       -0.071903       -0.470103        0.289850

     C   17       -0.587937        0.341897       -0.380268
     C   17        0.341897        0.300183       -0.093637
     C   17       -0.380268       -0.093637        0.287755

     Cl  18       -0.067059        0.040697        0.059004
     Cl  18        0.040697       -0.035105        0.084490
     Cl  18        0.059004        0.084490        0.102164

     H   19        0.460614        0.037545       -0.051763
     H   19        0.037545       -0.733271       -0.154882
     H   19       -0.051763       -0.154882        0.272657

     C   20       -0.163310        0.332935       -0.380706
     C   20        0.332935        0.007100        0.574221
     C   20       -0.380706        0.574221        0.156210

     H   21       -0.174835        0.124726       -0.372760
     H   21        0.124726        0.328058        0.395611
     H   21       -0.372760        0.395611       -0.153223

     C   22       -0.353972       -0.341292       -0.251523
     C   22       -0.341292       -0.029751        0.188214
     C   22       -0.251523        0.188214        0.383724

     C   23        0.056262        0.355597       -0.528589
     C   23        0.355597       -0.253669        0.518631
     C   23       -0.528589        0.518631        0.197407

     Cl  24       -0.191055       -0.296956       -0.056986
     Cl  24       -0.296956       -0.054732       -0.011423
     Cl  24       -0.056986       -0.011423        0.245788

     ----- ionic term -----
     Cl   1        0.115987       -0.205860       -0.017495
     Cl   1       -0.205860        0.047141        0.014122
     Cl   1       -0.017495        0.014122       -0.163128

     C    2        0.226977       -0.146074        0.211072
     C    2       -0.146074        0.208911        0.360725
     C    2        0.211072        0.360725       -0.435888

     C    3        0.216085       -0.152699        0.127113
     C    3       -0.152699        0.224827        0.343819
     C    3        0.127113        0.343819       -0.440912

     H    4        0.776855        0.382517        0.472697
     H    4        0.382517       -0.392129        0.197404
     H    4        0.472697        0.197404       -0.384726

     C    5        0.420972       -0.107641        0.159830
     C    5       -0.107641        0.083219        0.263221
     C    5        0.159830        0.263221       -0.504191

     H    6       -0.491505        0.088940        0.021135
     H    6        0.088940        0.857809        0.550495
     H    6        0.021135        0.550495       -0.366304

     H    7       -0.503106       -0.180205        0.113888
     H    7       -0.180205        0.644868       -0.673743
     H    7        0.113888       -0.673743       -0.141762

     C    8        0.211726        0.143856        0.388125
     C    8        0.143856        0.060817       -0.282349
     C    8        0.388125       -0.282349       -0.272544

     H    9        0.172176       -0.167855        0.792445
     H    9       -0.167855       -0.443950       -0.251885
     H    9        0.792445       -0.251885        0.271775

     C   10       -0.001801        0.248392        0.268662
     C   10        0.248392        0.259969       -0.366560
     C   10        0.268662       -0.366560       -0.258168

     C   11        0.104309        0.182444        0.360937
     C   11        0.182444        0.234946       -0.374593
     C   11        0.360937       -0.374593       -0.339254

     Cl  12        0.117363        0.230195        0.043214
     Cl  12        0.230195        0.044501        0.029896
     Cl  12        0.043214        0.029896       -0.161864

     H   13       -0.472654        0.261859        0.139760
     H   13        0.261859        0.729224        0.621917
     H   13        0.139760        0.621917       -0.256570

     C   14        0.312852       -0.090097        0.211754
     C   14       -0.090097        0.071301        0.296420
     C   14        0.211754        0.296420       -0.384153

     H   15        0.726079        0.403717        0.531043
     H   15        0.403717       -0.368860        0.235525
     H   15        0.531043        0.235525       -0.357219

     C   16        0.159572       -0.133780        0.117632
     C   16       -0.133780        0.199338        0.412060
     C   16        0.117632        0.412060       -0.358910

     C   17        0.324686       -0.064402        0.140965
     C   17       -0.064402        0.097546        0.414997
     C   17        0.140965        0.414997       -0.422232

     Cl  18        0.143876       -0.199901       -0.036736
     Cl  18       -0.199901       -0.016012        0.029902
     Cl  18       -0.036736        0.029902       -0.127864

     H   19       -0.476287       -0.238779        0.091936
     H   19       -0.238779        0.945071       -0.411660
     H   19        0.091936       -0.411660       -0.468783

     C   20        0.234089        0.138647        0.376445
     C   20        0.138647        0.149640       -0.208918
     C   20        0.376445       -0.208918       -0.383729

     H   21        0.507049       -0.206129        0.766532
     H   21       -0.206129       -0.442922       -0.216831
     H   21        0.766532       -0.216831       -0.064127

     C   22        0.075881        0.248993        0.286631
     C   22        0.248993        0.264073       -0.330574
     C   22        0.286631       -0.330574       -0.339954

     C   23        0.107370        0.164959        0.390912
     C   23        0.164959        0.196609       -0.371420
     C   23        0.390912       -0.371420       -0.303979

     Cl  24        0.130164        0.198451        0.059289
     Cl  24        0.198451        0.028676        0.028747
     Cl  24        0.059289        0.028747       -0.158840

     ----- GIPAW term -----
     Cl   1        0.384526       -1.109888       -1.095365
     Cl   1       -1.109888        0.079302       -1.536047
     Cl   1       -1.095365       -1.536047       -0.463829

     C    2        0.073065        0.132257       -0.098341
     C    2        0.132257        0.061462       -0.166484
     C    2       -0.098341       -0.166484       -0.134527

     C    3       -0.018423        0.088846       -0.098823
     C    3        0.088846        0.034906       -0.077458
     C    3       -0.098823       -0.077458       -0.016484

     H    4       -0.000000        0.000000        0.000000
     H    4        0.000000        0.000000        0.000000
     H    4        0.000000        0.000000        0.000000

     C    5       -0.002751        0.154039       -0.081433
     C    5        0.154039        0.033370       -0.158081
     C    5       -0.081433       -0.158081       -0.030619

     H    6       -0.000000        0.000000        0.000000
     H    6        0.000000        0.000000        0.000000
     H    6        0.000000        0.000000        0.000000

     H    7       -0.000000        0.000000        0.000000
     H    7        0.000000        0.000000        0.000000
     H    7        0.000000        0.000000        0.000000

     C    8       -0.137695        0.055605       -0.065956
     C    8        0.055605        0.158739       -0.045948
     C    8       -0.065956       -0.045948       -0.021043

     H    9       -0.000000        0.000000        0.000000
     H    9        0.000000        0.000000        0.000000
     H    9        0.000000        0.000000        0.000000

     C   10       -0.071502        0.173614       -0.017374
     C   10        0.173614        0.148751        0.184974
     C   10       -0.017374        0.184974       -0.077249

     C   11       -0.083113        0.125714        0.054784
     C   11        0.125714        0.093202        0.198271
     C   11        0.054784        0.198271       -0.010088

     Cl  12       -0.392358        0.988038       -0.557022
     Cl  12        0.988038        0.372666        1.912379
     Cl  12       -0.557022        1.912379        0.019691

     H   13       -0.000000        0.000000        0.000000
     H   13        0.000000        0.000000        0.000000
     H   13        0.000000        0.000000        0.000000

     C   14       -0.129803        0.178924       -0.063339
     C   14        0.178924        0.193060       -0.022777
     C   14       -0.063339       -0.022777       -0.063257

     H   15       -0.000000        0.000000        0.000000
     H   15        0.000000        0.000000        0.000000
     H   15        0.000000        0.000000        0.000000

     C   16       -0.099573        0.084925        0.035393
     C   16        0.084925        0.115279        0.115919
     C   16        0.035393        0.115919       -0.015706

     C   17       -0.089824        0.105037        0.020805
     C   17        0.105037        0.187372        0.140974
     C   17        0.020805        0.140974       -0.097549

     Cl  18       -0.383058       -1.117897        0.799902
     Cl  18       -1.117897       -0.447237        1.906309
     Cl  18        0.799902        1.906309        0.830296

     H   19       -0.000000        0.000000        0.000000
     H   19        0.000000        0.000000        0.000000
     H   19        0.000000        0.000000        0.000000

     C   20       -0.002018        0.225166        0.013014
     C   20        0.225166        0.093446        0.186420
     C   20        0.013014        0.186420       -0.091429

     H   21       -0.000000        0.000000        0.000000
     H   21        0.000000        0.000000        0.000000
     H   21        0.000000        0.000000        0.000000

     C   22        0.001649        0.137058       -0.091170
     C   22        0.137058        0.062336       -0.060457
     C   22       -0.091170       -0.060457       -0.063985

     C   23        0.059612        0.255984       -0.181042
     C   23        0.255984       -0.029334       -0.055585
     C   23       -0.181042       -0.055585       -0.030277

     Cl  24       -0.288431        0.781630       -1.896428
     Cl  24        0.781630       -1.389079       -0.492585
     Cl  24       -1.896428       -0.492585        1.677510

     ----- total EFG -----
     Cl   1        0.388824       -1.200123       -1.216776
     Cl   1       -1.200123        0.136843       -1.679990
     Cl   1       -1.216776       -1.679990       -0.525667

     C    2        0.274911        0.340819       -0.076296
     C    2        0.340819        0.178091       -0.426917
     C    2       -0.076296       -0.426917       -0.453002

     C    3       -0.010106        0.065108       -0.161792
     C    3        0.065108        0.259872        0.071817
     C    3       -0.161792        0.071817       -0.249766

     H    4        0.342757       -0.069098        0.602812
     H    4       -0.069098       -0.234174        0.291280
     H    4        0.602812        0.291280       -0.108583

     C    5        0.330273        0.330125       -0.086589
     C    5        0.330125       -0.051603       -0.246863
     C    5       -0.086589       -0.246863       -0.278670

     H    6       -0.097047       -0.223395        0.101318
     H    6       -0.223395        0.164706        0.685674
     H    6        0.101318        0.685674       -0.067660

     H    7       -0.338115       -0.124884       -0.059256
     H    7       -0.124884        0.272428       -0.142522
     H    7       -0.059256       -0.142522        0.065688

     C    8       -0.581617       -0.114140       -0.028085
     C    8       -0.114140        0.442507       -0.164569
     C    8       -0.028085       -0.164569        0.139110

     H    9        0.260456       -0.132022        0.336448
     H    9       -0.132022       -0.131215       -0.468314
     H    9        0.336448       -0.468314       -0.129242

     C   10       -0.120578        0.551399       -0.023734
     C   10        0.551399        0.331361        0.510631
     C   10       -0.023734        0.510631       -0.210783

     C   11       -0.374131       -0.026092        0.271011
     C   11       -0.026092        0.291630        0.272591
     C   11        0.271011        0.272591        0.082501

     Cl  12       -0.194680        1.196342       -0.593990
     Cl  12        1.196342        0.341605        1.826674
     Cl  12       -0.593990        1.826674       -0.146925

     H   13       -0.127015        0.200795        0.055806
     H   13        0.200795        0.225077        0.047539
     H   13        0.055806        0.047539       -0.098062

     C   14       -0.470891        0.485886       -0.288480
     C   14        0.485886        0.620061        0.043180
     C   14       -0.288480        0.043180       -0.149171

     H   15        0.187964        0.331134        0.327436
     H   15        0.331134       -0.020974       -0.101854
     H   15        0.327436       -0.101854       -0.166990

     C   16        0.085361        0.266418        0.081122
     C   16        0.266418       -0.000596        0.057877
     C   16        0.081122        0.057877       -0.084765

     C   17       -0.353076        0.382532       -0.218498
     C   17        0.382532        0.585101        0.462335
     C   17       -0.218498        0.462335       -0.232025

     Cl  18       -0.306241       -1.277101        0.822170
     Cl  18       -1.277101       -0.498354        2.020701
     Cl  18        0.822170        2.020701        0.804595

     H   19       -0.015673       -0.201234        0.040173
     H   19       -0.201234        0.211800       -0.566542
     H   19        0.040173       -0.566542       -0.196127

     C   20        0.068762        0.696748        0.008752
     C   20        0.696748        0.250186        0.551723
     C   20        0.008752        0.551723       -0.318948

     H   21        0.332215       -0.081402        0.393772
     H   21       -0.081402       -0.114864        0.178781
     H   21        0.393772        0.178781       -0.217350

     C   22       -0.276442        0.044760       -0.056062
     C   22        0.044760        0.296657       -0.202817
     C   22       -0.056062       -0.202817       -0.020216

     C   23        0.223244        0.776540       -0.318718
     C   23        0.776540       -0.086394        0.091627
     C   23       -0.318718        0.091627       -0.136850

     Cl  24       -0.349322        0.683125       -1.894125
     Cl  24        0.683125       -1.415136       -0.475261
     Cl  24       -1.894125       -0.475261        1.764458

     ----- total EFG (symmetrized) -----
     Cl   1        0.388824       -1.200123       -1.216776
     Cl   1       -1.200123        0.136843       -1.679990
     Cl   1       -1.216776       -1.679990       -0.525667

     C    2        0.274911        0.340819       -0.076296
     C    2        0.340819        0.178091       -0.426917
     C    2       -0.076296       -0.426917       -0.453002

     C    3       -0.010106        0.065108       -0.161792
     C    3        0.065108        0.259872        0.071817
     C    3       -0.161792        0.071817       -0.249766

     H    4        0.342757       -0.069098        0.602812
     H    4       -0.069098       -0.234174        0.291280
     H    4        0.602812        0.291280       -0.108583

     C    5        0.330273        0.330125       -0.086589
     C    5        0.330125       -0.051603       -0.246863
     C    5       -0.086589       -0.246863       -0.278670

     H    6       -0.097047       -0.223395        0.101318
     H    6       -0.223395        0.164706        0.685674
     H    6        0.101318        0.685674       -0.067660

     H    7       -0.338115       -0.124884       -0.059256
     H    7       -0.124884        0.272428       -0.142522
     H    7       -0.059256       -0.142522        0.065688

     C    8       -0.581617       -0.114140       -0.028085
     C    8       -0.114140        0.442507       -0.164569
     C    8       -0.028085       -0.164569        0.139110

     H    9        0.260456       -0.132022        0.336448
     H    9       -0.132022       -0.131215       -0.468314
     H    9        0.336448       -0.468314       -0.129242

     C   10       -0.120578        0.551399       -0.023734
     C   10        0.551399        0.331361        0.510631
     C   10       -0.023734        0.510631       -0.210783

     C   11       -0.374131       -0.026092        0.271011
     C   11       -0.026092        0.291630        0.272591
     C   11        0.271011        0.272591        0.082501

     Cl  12       -0.194680        1.196342       -0.593990
     Cl  12        1.196342        0.341605        1.826674
     Cl  12       -0.593990        1.826674       -0.146925

     H   13       -0.127015        0.200795        0.055806
     H   13        0.200795        0.225077        0.047539
     H   13        0.055806        0.047539       -0.098062

     C   14       -0.470891        0.485886       -0.288480
     C   14        0.485886        0.620061        0.043180
     C   14       -0.288480        0.043180       -0.149171

     H   15        0.187964        0.331134        0.327436
     H   15        0.331134       -0.020974       -0.101854
     H   15        0.327436       -0.101854       -0.166990

     C   16        0.085361        0.266418        0.081122
     C   16        0.266418       -0.000596        0.057877
     C   16        0.081122        0.057877       -0.084765

     C   17       -0.353076        0.382532       -0.218498
     C   17        0.382532        0.585101        0.462335
     C   17       -0.218498        0.462335       -0.232025

     Cl  18       -0.306241       -1.277101        0.822170
     Cl  18       -1.277101       -0.498354        2.020701
     Cl  18        0.822170        2.020701        0.804595

     H   19       -0.015673       -0.201234        0.040173
     H   19       -0.201234        0.211800       -0.566542
     H   19        0.040173       -0.566542       -0.196127

     C   20        0.068762        0.696748        0.008752
     C   20        0.696748        0.250186        0.551723
     C   20        0.008752        0.551723       -0.318948

     H   21        0.332215       -0.081402        0.393772
     H   21       -0.081402       -0.114864        0.178781
     H   21        0.393772        0.178781       -0.217350

     C   22       -0.276442        0.044760       -0.056062
     C   22        0.044760        0.296657       -0.202817
     C   22       -0.056062       -0.202817       -0.020216

     C   23        0.223244        0.776540       -0.318718
     C   23        0.776540       -0.086394        0.091627
     C   23       -0.318718        0.091627       -0.136850

     Cl  24       -0.349322        0.683125       -1.894125
     Cl  24        0.683125       -1.415136       -0.475261
     Cl  24       -1.894125       -0.475261        1.764458


     NQR/NMR SPECTROSCOPIC PARAMETERS:
     Cl   1    Vxx=    1.2298    axis=(  0.795187  0.055044 -0.603861)
     Cl   1    Vyy=    1.5833    axis=(  0.383185 -0.817435  0.430080)
     Cl   1    Vzz=   -2.8131    axis=( -0.469944 -0.573385 -0.671106)
     Cl   1  Q=        -8.1650 1e-30 m^2  Cq=        53.9676 MHz  eta= 0.12568

     C    2    Vxx=   -0.0033    axis=(  0.756936 -0.533236  0.377765)
     C    2    Vyy=   -0.6770    axis=(  0.100492 -0.476219 -0.873566)
     C    2    Vzz=    0.6802    axis=(  0.645716  0.699196 -0.306881)
     C    2  Q=         1.0000 1e-30 m^2  Cq=         1.5982 MHz  eta= 0.99041

     C    3    Vxx=    0.0683    axis=( -0.873620  0.120116  0.471550)
     C    3    Vyy=    0.2775    axis=( -0.177578 -0.980921 -0.079125)
     C    3    Vzz=   -0.3457    axis=(  0.453049 -0.152862  0.878282)
     C    3  Q=         1.0000 1e-30 m^2  Cq=        -0.8123 MHz  eta= 0.60505

     H    4    Vxx=   -0.0760    axis=(  0.388592 -0.845242 -0.366827)
     H    4    Vyy=   -0.6973    axis=(  0.453399  0.521989 -0.722466)
     H    4    Vzz=    0.7733    axis=(  0.802139  0.114426  0.586072)
     H    4  Q=         1.0000 1e-30 m^2  Cq=         1.8170 MHz  eta= 0.80346

     C    5    Vxx=   -0.1138    axis=( -0.552449  0.588220 -0.590591)
     C    5    Vyy=   -0.4554    axis=(  0.172391 -0.612581 -0.771379)
     C    5    Vzz=    0.5692    axis=( -0.815525 -0.527960  0.237016)
     C    5  Q=         1.0000 1e-30 m^2  Cq=         1.3373 MHz  eta= 0.60013

     H    6    Vxx=   -0.0316    axis=(  0.933292 -0.120089  0.338444)
     H    6    Vyy=   -0.7259    axis=(  0.335773  0.626048 -0.703790)
     H    6    Vzz=    0.7575    axis=( -0.127365  0.770482  0.624608)
     H    6  Q=         1.0000 1e-30 m^2  Cq=         1.7798 MHz  eta= 0.91667

     H    7    Vxx=    0.0242    axis=( -0.273272  0.371877  0.887147)
     H    7    Vyy=    0.3559    axis=(  0.126467 -0.900356  0.416370)
     H    7    Vzz=   -0.3801    axis=(  0.953587  0.225977  0.199012)
     H    7  Q=         1.0000 1e-30 m^2  Cq=        -0.8930 MHz  eta= 0.87267

     C    8    Vxx=    0.0746    axis=( -0.105220  0.378638  0.919545)
     C    8    Vyy=    0.5226    axis=( -0.085018  0.917867 -0.387675)
     C    8    Vzz=   -0.5971    axis=( -0.990808 -0.118969 -0.064387)
     C    8  Q=         1.0000 1e-30 m^2  Cq=        -1.4031 MHz  eta= 0.75028

     H    9    Vxx=   -0.0150    axis=(  0.717567  0.601277 -0.351516)
     H    9    Vyy=   -0.6255    axis=( -0.183261  0.649909  0.737587)
     H    9    Vzz=    0.6405    axis=(  0.671948 -0.464849  0.576543)
     H    9  Q=         1.0000 1e-30 m^2  Cq=         1.5048 MHz  eta= 0.95320

     C   10    Vxx=   -0.1437    axis=( -0.705566  0.059975  0.706102)
     C   10    Vyy=   -0.7245    axis=( -0.551843  0.578606 -0.600570)
     C   10    Vzz=    0.8682    axis=(  0.444574  0.813399  0.375148)
     C   10  Q=         1.0000 1e-30 m^2  Cq=         2.0400 MHz  eta= 0.66900

     C   11    Vxx=    0.0248    axis=(  0.473677 -0.606234  0.638835)
     C   11    Vyy=    0.5013    axis=(  0.166138  0.773858  0.611181)
     C   11    Vzz=   -0.5261    axis=( -0.864886 -0.183368  0.467277)
     C   11  Q=         1.0000 1e-30 m^2  Cq=        -1.2361 MHz  eta= 0.90584

     Cl  12    Vxx=    0.3638    axis=(  0.831321  0.118493 -0.543015)
     Cl  12    Vyy=    2.0785    axis=( -0.261156 -0.779157 -0.569835)
     Cl  12    Vzz=   -2.4424    axis=(  0.490615 -0.615528  0.616784)
     Cl  12  Q=        -8.1650 1e-30 m^2  Cq=        46.8554 MHz  eta= 0.70207

     H   13    Vxx=   -0.1004    axis=(  0.167984 -0.243203  0.955319)
     H   13    Vyy=   -0.2261    axis=(  0.893783 -0.371233 -0.251672)
     H   13    Vzz=    0.3265    axis=(  0.415853  0.896124  0.155009)
     H   13  Q=         1.0000 1e-30 m^2  Cq=         0.7671 MHz  eta= 0.38525

     C   14    Vxx=   -0.0251    axis=( -0.359559  0.209935  0.909200)
     C   14    Vyy=   -0.7843    axis=( -0.857707  0.309386 -0.410632)
     C   14    Vzz=    0.8094    axis=( -0.367499 -0.927474  0.068820)
     C   14  Q=         1.0000 1e-30 m^2  Cq=         1.9017 MHz  eta= 0.93794

     H   15    Vxx=    0.0109    axis=( -0.134880  0.732234 -0.667563)
     H   15    Vyy=    0.5035    axis=( -0.825008 -0.456130 -0.333627)
     H   15    Vzz=   -0.5143    axis=( -0.548789  0.505745  0.665622)
     H   15  Q=         1.0000 1e-30 m^2  Cq=        -1.2085 MHz  eta= 0.95766

     C   16    Vxx=   -0.1076    axis=( -0.129960 -0.201467  0.970835)
     C   16    Vyy=   -0.2281    axis=( -0.656328  0.751399  0.068071)
     C   16    Vzz=    0.3357    axis=( -0.743199 -0.628340 -0.229881)
     C   16  Q=         1.0000 1e-30 m^2  Cq=         0.7888 MHz  eta= 0.35874

     C   17    Vxx=   -0.0788    axis=( -0.696894 -0.093625  0.711037)
     C   17    Vyy=   -0.7752    axis=( -0.680323  0.400027 -0.614117)
     C   17    Vzz=    0.8540    axis=(  0.226937  0.911709  0.342472)
     C   17  Q=         1.0000 1e-30 m^2  Cq=         2.0065 MHz  eta= 0.81557

     Cl  18    Vxx=    0.5881    axis=(  0.859377 -0.385635  0.335793)
     Cl  18    Vyy=    2.2800    axis=( -0.042613  0.600395  0.798568)
     Cl  18    Vzz=   -2.8681    axis=( -0.509564 -0.700580  0.499532)
     Cl  18  Q=        -8.1650 1e-30 m^2  Cq=        55.0223 MHz  eta= 0.58990

     H   19    Vxx=   -0.0559    axis=(  0.952090  0.135400 -0.274210)
     H   19    Vyy=   -0.6065    axis=(  0.145829  0.587127  0.796251)
     H   19    Vzz=    0.6624    axis=(  0.268809 -0.798091  0.539252)
     H   19  Q=         1.0000 1e-30 m^2  Cq=         1.5563 MHz  eta= 0.83133

     C   20    Vxx=   -0.1591    axis=( -0.680546  0.213795  0.700820)
     C   20    Vyy=   -0.8453    axis=( -0.463147  0.615640 -0.637559)
     C   20    Vzz=    1.0045    axis=(  0.567760  0.758471  0.319953)
     C   20  Q=         1.0000 1e-30 m^2  Cq=         2.3601 MHz  eta= 0.68315

     H   21    Vxx=   -0.0196    axis=(  0.217346 -0.899067 -0.380053)
     H   21    Vyy=   -0.5182    axis=(  0.411993  0.437476 -0.799297)
     H   21    Vzz=    0.5378    axis=(  0.884886  0.017145  0.465493)
     H   21  Q=         1.0000 1e-30 m^2  Cq=         1.2636 MHz  eta= 0.92706

     C   22    Vxx=   -0.1136    axis=( -0.176945  0.451611  0.874493)
     C   22    Vyy=   -0.2882    axis=( -0.979589  0.005287 -0.200940)
     C   22    Vzz=    0.4018    axis=( -0.095370 -0.892199  0.441458)
     C   22  Q=         1.0000 1e-30 m^2  Cq=         0.9441 MHz  eta= 0.43448

     C   23    Vxx=   -0.0625    axis=( -0.094636  0.407599  0.908244)
     C   23    Vyy=   -0.8337    axis=( -0.619719  0.689884 -0.374177)
     C   23    Vzz=    0.8962    axis=( -0.779097 -0.598267  0.187309)
     C   23  Q=         1.0000 1e-30 m^2  Cq=         2.1057 MHz  eta= 0.86047

     Cl  24    Vxx=   -1.1574    axis=(  0.582968  0.652561  0.484058)
     Cl  24    Vyy=   -1.8492    axis=(  0.632206 -0.738542  0.234246)
     Cl  24    Vzz=    3.0066    axis=( -0.510357 -0.169466  0.843099)
     Cl  24  Q=        -8.1650 1e-30 m^2  Cq=       -57.6795 MHz  eta= 0.23008

     Initialization:
     gipaw_setup  :      9.02s CPU     10.86s WALL (       1 calls)

     Linear response

     Apply operators

     Induced current

     Other routines
     efg          :      9.12s CPU     11.36s WALL (       1 calls)

     General routines
     calbec       :      3.19s CPU      4.06s WALL (      16 calls)
     fft          :      1.34s CPU      1.62s WALL (      15 calls)
     ffts         :      0.04s CPU      0.05s WALL (       2 calls)
     fftw         :      3.22s CPU      3.87s WALL (     672 calls)
     davcio       :      0.02s CPU      0.32s WALL (      32 calls)

     Parallel routines
     fft_scatter  :      1.96s CPU      2.77s WALL (     689 calls)

     Plugins

     GIPAW        :     61.30s CPU     72.86s WALL (       1 calls)
