
     Program QE v.6.0 (svn rev. 13079) starts on  7Jan2017 at 11:16:52 

     This program is part of the open-source Quantum ESPRESSO suite
     for quantum simulation of materials; please cite
         "P. Giannozzi et al., J. Phys.:Condens. Matter 21 395502 (2009);
          URL http://www.quantum-espresso.org", 
     in publications or presentations arising from this work. More details at
     http://www.quantum-espresso.org/quote

     Parallel version (MPI), running on     8 processors
     R & G space division:  proc/nbgrp/npool/nimage =       8

     ***** This is GIPAW svn revision unknown      *****

     Parallelizing q-star over 1 images

     Reading data from directory:
     /users/majewski/paradichlorobenzene/pbe/9_constraint/scratch/pbe.ecut100.np8.dt60.pcl2phi-129368.save
     Message from routine read_xml_file:
     file /users/majewski/paradichlorobenzene/pbe/9_constraint/scratch/pbe.ecut100.np8.dt60.pcl2phi-129368.save not guaranteed to be safe for post-processing

   Info: using nr1, nr2, nr3 values from input

   Info: using nr1, nr2, nr3 values from input

     IMPORTANT: XC functional enforced from input :
     Exchange-correlation      =  SLA  PW   PBX  PBC ( 1  4  3  4 0 0)
     Any further DFT definition will be discarded
     Please, verify this is what you really want

               file C.pbe-n-kjpaw_psl.1.0.0.UPF: wavefunction(s)  2S 2P renormalized
               file Cl.pbe-n-kjpaw_psl.1.0.0.UPF: wavefunction(s)  3S 3P renormalized
               file H.pbe-kjpaw_psl.1.0.0.UPF: wavefunction(s)  1S renormalized

     Parallelization info
     --------------------
     sticks:   dense  smooth     PW     G-vecs:    dense   smooth      PW
     Min        3057    1223    332               144436    36536    5170
     Max        3059    1225    333               144437    36537    5171
     Sum       24467    9791   2657              1155489   292295   41363


     Subspace diagonalization in iterative solution of the eigenvalue problem:
     a serial algorithm will be used

     GIPAW projectors -----------------------------------------------
     atom=  C    l=0  rc=    1.2000  rs=    0.8000
     atom=  C    l=0  rc=    1.2000  rs=    0.8000
     atom=  C    l=1  rc=    1.4000  rs=    0.9333
     atom=  C    l=1  rc=    1.4000  rs=    0.9333
     projs nearly linearly dependent: l=1  n1,n2= 1, 2  s=  0.99951561

     atom=  Cl   l=0  rc=    1.6000  rs=    1.0667
     atom=  Cl   l=0  rc=    1.6000  rs=    1.0667
     atom=  Cl   l=1  rc=    1.6000  rs=    1.0667
     atom=  Cl   l=1  rc=    1.6000  rs=    1.0667
     atom=  Cl   l=2  rc=    1.6000  rs=    1.0667
     atom=  Cl   l=2  rc=    1.6000  rs=    1.0667
     projs nearly linearly dependent: l=2  n1,n2= 1, 2  s=  0.99993509

     atom=  H    l=0  rc=    1.0000  rs=    0.6667
     atom=  H    l=0  rc=    1.0000  rs=    0.6667
     projs nearly linearly dependent: l=0  n1,n2= 1, 2  s=  0.99968852
     -----------------------------------------------------------------

     GIPAW integrals: -------------------------------------------
     Atom  i/j   nmr_para   nmr_dia   epr_rmc  epr_para   epr_dia
       C   1 1   0.83E+03  0.17E-01  0.93E+01  0.24E+08  0.24E+03
       C   2 1   0.86E+03 -0.61E-01  0.94E+01  0.25E+08  0.25E+03
       C   2 2   0.90E+03 -0.15E+00  0.97E+01  0.26E+08  0.26E+03
       C   3 3   0.33E+01  0.34E+00  0.18E+01  0.55E+03  0.21E+02
       C   4 3   0.35E+01  0.37E+00  0.20E+01  0.59E+03  0.22E+02
       C   4 4   0.38E+01  0.39E+00  0.22E+01  0.63E+03  0.24E+02
       Cl  1 1   0.14E+04 -0.47E+00  0.84E+01  0.32E+09  0.42E+03
       Cl  2 1   0.21E+04 -0.37E+00  0.12E+02  0.49E+09  0.65E+03
       Cl  2 2   0.33E+04 -0.16E+00  0.21E+02  0.76E+09  0.10E+04
       Cl  3 3   0.21E+02  0.79E-01  0.89E+01  0.23E+05  0.13E+03
       Cl  4 3   0.24E+02  0.67E-01  0.99E+01  0.27E+05  0.15E+03
       Cl  4 4   0.28E+02  0.44E-01  0.11E+02  0.32E+05  0.18E+03
       Cl  5 5   0.77E+00  0.19E+00  0.18E+01  0.12E+03  0.22E+02
       Cl  6 5   0.80E+00  0.19E+00  0.19E+01  0.12E+03  0.23E+02
       Cl  6 6   0.83E+00  0.20E+00  0.19E+01  0.12E+03  0.23E+02
       H   1 1   0.39E+02  0.19E+00  0.29E+00  0.78E+05  0.13E+02
       H   2 1   0.41E+02  0.21E+00  0.32E+00  0.82E+05  0.14E+02
       H   2 2   0.43E+02  0.22E+00  0.36E+00  0.86E+05  0.15E+02
     ------------------------------------------------------------

     alpha_pv=     34.0847 eV

     Number of occupied bands for each k-point:
     k-point:     1    nbnd_occ=  42
     k-point:     2    nbnd_occ=  42
     k-point:     3    nbnd_occ=  42
     k-point:     4    nbnd_occ=  42
     k-point:     5    nbnd_occ=  42
     k-point:     6    nbnd_occ=  42
     k-point:     7    nbnd_occ=  42
     k-point:     8    nbnd_occ=  42
     k-point:     9    nbnd_occ=  42
     k-point:    10    nbnd_occ=  42
     k-point:    11    nbnd_occ=  42
     k-point:    12    nbnd_occ=  42
     k-point:    13    nbnd_occ=  42
     k-point:    14    nbnd_occ=  42
     k-point:    15    nbnd_occ=  42
     k-point:    16    nbnd_occ=  42


     q-space interpolation up to   110.00 Rydberg

     GIPAW job: efg                                                                             


     ELECTRIC FIELD GRADIENTS TENSORS IN Hartree/bohrradius^2:

     ----- bare term -----
     Cl   1       -0.285428        0.304700        0.087310
     Cl   1        0.304700        0.021121       -0.132644
     Cl   1        0.087310       -0.132644        0.264307

     C    2       -0.026817       -0.374581       -0.405079
     C    2       -0.374581       -0.006547       -0.729638
     C    2       -0.405079       -0.729638        0.033365

     C    3       -0.421810        0.328505        0.085062
     C    3        0.328505        0.026919       -0.312540
     C    3        0.085062       -0.312540        0.394892

     H    4       -0.219949       -0.465367       -0.149508
     H    4       -0.465367       -0.097785        0.158646
     H    4       -0.149508        0.158646        0.317733

     C    5       -0.152414       -0.317897       -0.399752
     C    5       -0.317897        0.033167       -0.563838
     C    5       -0.399752       -0.563838        0.119247

     H    6        0.338208        0.230418       -0.029266
     H    6        0.230418       -0.688896       -0.272284
     H    6       -0.029266       -0.272284        0.350688

     H    7       -0.075337       -0.056822        0.352766
     H    7       -0.056822        0.163990        0.327747
     H    7        0.352766        0.327747       -0.088653

     C    8       -0.222808       -0.018391       -0.372882
     C    8       -0.018391        0.289288        0.146563
     C    8       -0.372882        0.146563       -0.066480

     H    9        0.117335        0.099827       -0.228323
     H    9        0.099827        0.423827       -0.147758
     H    9       -0.228323       -0.147758       -0.541163

     C   10        0.057930       -0.315989        0.135095
     C   10       -0.315989       -0.234803        0.063204
     C   10        0.135095        0.063204        0.176873

     C   11       -0.178061       -0.181355       -0.544376
     C   11       -0.181355       -0.015995        0.468048
     C   11       -0.544376        0.468048        0.194056

     Cl  12       -0.191349       -0.110689       -0.062569
     Cl  12       -0.110689       -0.121961       -0.034744
     Cl  12       -0.062569       -0.034744        0.313310

     H   13        0.288104       -0.085033       -0.135075
     H   13       -0.085033       -0.413393       -0.531140
     H   13       -0.135075       -0.531140        0.125290

     C   14       -0.472929        0.318198       -0.198357
     C   14        0.318198        0.068811       -0.297088
     C   14       -0.198357       -0.297088        0.404118

     H   15       -0.722967       -0.146039       -0.123120
     H   15       -0.146039        0.414236       -0.159219
     H   15       -0.123120       -0.159219        0.308731

     C   16        0.084234       -0.178167       -0.442400
     C   16       -0.178167       -0.294369       -0.546446
     C   16       -0.442400       -0.546446        0.210135

     C   17       -0.338596        0.305858       -0.377394
     C   17        0.305858       -0.123461       -0.268293
     C   17       -0.377394       -0.268293        0.462057

     Cl  18       -0.125134       -0.037828        0.183416
     Cl  18       -0.037828        0.166283       -0.001816
     Cl  18        0.183416       -0.001816       -0.041149

     H   19        0.406577        0.076955       -0.047376
     H   19        0.076955       -0.472117        0.563848
     H   19       -0.047376        0.563848        0.065540

     C   20       -0.168656       -0.351869       -0.210830
     C   20       -0.351869       -0.155067        0.448690
     C   20       -0.210830        0.448690        0.323723

     H   21       -0.031096        0.222571       -0.549522
     H   21        0.222571        0.363791        0.358707
     H   21       -0.549522        0.358707       -0.332695

     C   22       -0.682472       -0.353571       -0.288111
     C   22       -0.353571        0.189739        0.048468
     C   22       -0.288111        0.048468        0.492733

     C   23        0.076864       -0.558278        0.093460
     C   23       -0.558278       -0.386431        0.421959
     C   23        0.093460        0.421959        0.309568

     Cl  24       -0.064992       -0.004681       -0.097821
     Cl  24       -0.004681        0.058132        0.010325
     Cl  24       -0.097821        0.010325        0.006860

     ----- ionic term -----
     Cl   1        0.139497       -0.206733       -0.014611
     Cl   1       -0.206733        0.012538        0.021606
     Cl   1       -0.014611        0.021606       -0.152035

     C    2        0.209296       -0.102802        0.213893
     C    2       -0.102802        0.184498        0.434120
     C    2        0.213893        0.434120       -0.393794

     C    3        0.238162       -0.194781        0.092395
     C    3       -0.194781        0.194101        0.395814
     C    3        0.092395        0.395814       -0.432263

     H    4        0.772694        0.349070        0.552326
     H    4        0.349070       -0.423589        0.214307
     H    4        0.552326        0.214307       -0.349105

     C    5        0.354852       -0.100570        0.120455
     C    5       -0.100570        0.069956        0.350399
     C    5        0.120455        0.350399       -0.424808

     H    6       -0.530945        0.056591        0.008063
     H    6        0.056591        0.699446        0.706644
     H    6        0.008063        0.706644       -0.168501

     H    7       -0.503687        0.193566       -0.116330
     H    7        0.193566        0.503371       -0.742642
     H    7       -0.116330       -0.742642        0.000316

     C    8        0.155628        0.331299        0.290578
     C    8        0.331299       -0.003554       -0.270765
     C    8        0.290578       -0.270765       -0.152074

     H    9        0.492417       -0.165282        0.743236
     H    9       -0.165282       -0.476278       -0.220584
     H    9        0.743236       -0.220584       -0.016139

     C   10        0.169681        0.407256        0.198051
     C   10        0.407256        0.035317       -0.317495
     C   10        0.198051       -0.317495       -0.204998

     C   11        0.261471        0.282234        0.286701
     C   11        0.282234       -0.087412       -0.355318
     C   11        0.286701       -0.355318       -0.174059

     Cl  12        0.218944        0.223488        0.056994
     Cl  12        0.223488       -0.076185        0.019341
     Cl  12        0.056994        0.019341       -0.142759

     H   13       -0.512502        0.058248        0.050590
     H   13        0.058248        0.722561        0.678343
     H   13        0.050590        0.678343       -0.210059

     C   14        0.319069       -0.118003        0.207067
     C   14       -0.118003        0.043450        0.344431
     C   14        0.207067        0.344431       -0.362519

     H   15        0.606100        0.403970        0.564909
     H   15        0.403970       -0.402353        0.282259
     H   15        0.564909        0.282259       -0.203747

     C   16        0.185593       -0.172863        0.112911
     C   16       -0.172863        0.111385        0.438111
     C   16        0.112911        0.438111       -0.296978

     C   17        0.288069       -0.025290        0.132793
     C   17       -0.025290        0.046393        0.456311
     C   17        0.132793        0.456311       -0.334462

     Cl  18        0.156091       -0.196121       -0.049225
     Cl  18       -0.196121       -0.033338        0.015089
     Cl  18       -0.049225        0.015089       -0.122753

     H   19       -0.521379        0.034120       -0.003255
     H   19        0.034120        0.567260       -0.753330
     H   19       -0.003255       -0.753330       -0.045882

     C   20        0.246317        0.239031        0.348927
     C   20        0.239031       -0.019570       -0.267364
     C   20        0.348927       -0.267364       -0.226747

     H   21        0.458124       -0.241640        0.714155
     H   21       -0.241640       -0.475100       -0.249375
     H   21        0.714155       -0.249375        0.016976

     C   22        0.147254        0.320594        0.242629
     C   22        0.320594        0.093197       -0.328241
     C   22        0.242629       -0.328241       -0.240451

     C   23        0.072648        0.263155        0.315215
     C   23        0.263155        0.057557       -0.368100
     C   23        0.315215       -0.368100       -0.130205

     Cl  24        0.123077        0.219588        0.042883
     Cl  24        0.219588        0.017072        0.030079
     Cl  24        0.042883        0.030079       -0.140148

     ----- GIPAW term -----
     Cl   1       -0.716391       -1.457963        1.062184
     Cl   1       -1.457963        0.474120       -2.051069
     Cl   1        1.062184       -2.051069        0.242271

     C    2       -0.000108       -0.248920       -0.018791
     C    2       -0.248920        0.142588       -0.156757
     C    2       -0.018791       -0.156757       -0.142481

     C    3       -0.106265       -0.078090        0.083794
     C    3       -0.078090        0.126158       -0.131695
     C    3        0.083794       -0.131695       -0.019893

     H    4       -0.000000        0.000000        0.000000
     H    4        0.000000        0.000000        0.000000
     H    4        0.000000        0.000000        0.000000

     C    5       -0.020575       -0.222067       -0.023704
     C    5       -0.222067        0.141719       -0.154484
     C    5       -0.023704       -0.154484       -0.121144

     H    6       -0.000000        0.000000        0.000000
     H    6        0.000000        0.000000        0.000000
     H    6        0.000000        0.000000        0.000000

     H    7       -0.000000        0.000000        0.000000
     H    7        0.000000        0.000000        0.000000
     H    7        0.000000        0.000000        0.000000

     C    8        0.088827       -0.064356       -0.050952
     C    8       -0.064356       -0.001713        0.010589
     C    8       -0.050952        0.010589       -0.087114

     H    9       -0.000000        0.000000        0.000000
     H    9        0.000000        0.000000        0.000000
     H    9        0.000000        0.000000        0.000000

     C   10        0.038104       -0.014831        0.000103
     C   10       -0.014831       -0.035496       -0.012622
     C   10        0.000103       -0.012622       -0.002609

     C   11        0.025404       -0.054637       -0.184887
     C   11       -0.054637        0.036761        0.174714
     C   11       -0.184887        0.174714       -0.062165

     Cl  12       -0.540772        1.512894       -0.619533
     Cl  12        1.512894       -1.294074       -0.416628
     Cl  12       -0.619533       -0.416628        1.834846

     H   13       -0.000000        0.000000        0.000000
     H   13        0.000000        0.000000        0.000000
     H   13        0.000000        0.000000        0.000000

     C   14       -0.044487       -0.082903        0.013008
     C   14       -0.082903        0.078822       -0.061419
     C   14        0.013008       -0.061419       -0.034335

     H   15       -0.000000        0.000000        0.000000
     H   15        0.000000        0.000000        0.000000
     H   15        0.000000        0.000000        0.000000

     C   16        0.108263       -0.183748       -0.188974
     C   16       -0.183748       -0.062414       -0.022025
     C   16       -0.188974       -0.022025       -0.045849

     C   17        0.066009       -0.110790       -0.198070
     C   17       -0.110790       -0.087805        0.034376
     C   17       -0.198070        0.034376        0.021796

     Cl  18        0.821889       -0.581053       -1.579668
     Cl  18       -0.581053       -0.657274       -0.904962
     Cl  18       -1.579668       -0.904962       -0.164615

     H   19       -0.000000        0.000000        0.000000
     H   19        0.000000        0.000000        0.000000
     H   19        0.000000        0.000000        0.000000

     C   20       -0.010492       -0.148834       -0.013660
     C   20       -0.148834        0.034946        0.089232
     C   20       -0.013660        0.089232       -0.024453

     H   21       -0.000000        0.000000        0.000000
     H   21        0.000000        0.000000        0.000000
     H   21        0.000000        0.000000        0.000000

     C   22       -0.218576       -0.117818        0.032631
     C   22       -0.117818        0.080202       -0.175750
     C   22        0.032631       -0.175750        0.138374

     C   23        0.100572       -0.164729        0.146650
     C   23       -0.164729       -0.031272       -0.076208
     C   23        0.146650       -0.076208       -0.069300

     Cl  24        0.635075        0.232100        1.560654
     Cl  24        0.232100       -0.456701       -1.349933
     Cl  24        1.560654       -1.349933       -0.178374

     ----- total EFG -----
     Cl   1       -0.862322       -1.359996        1.134883
     Cl   1       -1.359996        0.507779       -2.162107
     Cl   1        1.134883       -2.162107        0.354543

     C    2        0.182371       -0.726303       -0.209977
     C    2       -0.726303        0.320539       -0.452275
     C    2       -0.209977       -0.452275       -0.502910

     C    3       -0.289913        0.055633        0.261252
     C    3        0.055633        0.347178       -0.048422
     C    3        0.261252       -0.048422       -0.057265

     H    4        0.552745       -0.116297        0.402818
     H    4       -0.116297       -0.521373        0.372953
     H    4        0.402818        0.372953       -0.031372

     C    5        0.181862       -0.640533       -0.303001
     C    5       -0.640533        0.244842       -0.367922
     C    5       -0.303001       -0.367922       -0.426705

     H    6       -0.192737        0.287008       -0.021203
     H    6        0.287008        0.010550        0.434360
     H    6       -0.021203        0.434360        0.182187

     H    7       -0.579024        0.136744        0.236436
     H    7        0.136744        0.667361       -0.414896
     H    7        0.236436       -0.414896       -0.088337

     C    8        0.021646        0.248551       -0.133255
     C    8        0.248551        0.284022       -0.113613
     C    8       -0.133255       -0.113613       -0.305668

     H    9        0.609752       -0.065454        0.514913
     H    9       -0.065454       -0.052450       -0.368342
     H    9        0.514913       -0.368342       -0.557302

     C   10        0.265716        0.076436        0.333249
     C   10        0.076436       -0.234982       -0.266913
     C   10        0.333249       -0.266913       -0.030735

     C   11        0.108814        0.046243       -0.442562
     C   11        0.046243       -0.066646        0.287443
     C   11       -0.442562        0.287443       -0.042168

     Cl  12       -0.513177        1.625693       -0.625108
     Cl  12        1.625693       -1.492220       -0.432031
     Cl  12       -0.625108       -0.432031        2.005396

     H   13       -0.224398       -0.026785       -0.084485
     H   13       -0.026785        0.309168        0.147204
     H   13       -0.084485        0.147204       -0.084769

     C   14       -0.198347        0.117293        0.021718
     C   14        0.117293        0.191082       -0.014076
     C   14        0.021718       -0.014076        0.007265

     H   15       -0.116867        0.257932        0.441789
     H   15        0.257932        0.011882        0.123041
     H   15        0.441789        0.123041        0.104984

     C   16        0.378090       -0.534779       -0.518463
     C   16       -0.534779       -0.245398       -0.130361
     C   16       -0.518463       -0.130361       -0.132692

     C   17        0.015482        0.169778       -0.442671
     C   17        0.169778       -0.164873        0.222394
     C   17       -0.442671        0.222394        0.149391

     Cl  18        0.852847       -0.815002       -1.445477
     Cl  18       -0.815002       -0.524329       -0.891689
     Cl  18       -1.445477       -0.891689       -0.328517

     H   19       -0.114802        0.111074       -0.050631
     H   19        0.111074        0.095143       -0.189482
     H   19       -0.050631       -0.189482        0.019659

     C   20        0.067168       -0.261673        0.124437
     C   20       -0.261673       -0.139691        0.270558
     C   20        0.124437        0.270558        0.072523

     H   21        0.427028       -0.019069        0.164633
     H   21       -0.019069       -0.111308        0.109332
     H   21        0.164633        0.109332       -0.315719

     C   22       -0.753793       -0.150794       -0.012851
     C   22       -0.150794        0.363138       -0.455523
     C   22       -0.012851       -0.455523        0.390655

     C   23        0.250084       -0.459852        0.555326
     C   23       -0.459852       -0.360146       -0.022349
     C   23        0.555326       -0.022349        0.110062

     Cl  24        0.693160        0.447007        1.505715
     Cl  24        0.447007       -0.381497       -1.309529
     Cl  24        1.505715       -1.309529       -0.311663

     ----- total EFG (symmetrized) -----
     Cl   1       -0.862322       -1.359996        1.134883
     Cl   1       -1.359996        0.507779       -2.162107
     Cl   1        1.134883       -2.162107        0.354543

     C    2        0.182371       -0.726303       -0.209977
     C    2       -0.726303        0.320539       -0.452275
     C    2       -0.209977       -0.452275       -0.502910

     C    3       -0.289913        0.055633        0.261252
     C    3        0.055633        0.347178       -0.048422
     C    3        0.261252       -0.048422       -0.057265

     H    4        0.552745       -0.116297        0.402818
     H    4       -0.116297       -0.521373        0.372953
     H    4        0.402818        0.372953       -0.031372

     C    5        0.181862       -0.640533       -0.303001
     C    5       -0.640533        0.244842       -0.367922
     C    5       -0.303001       -0.367922       -0.426705

     H    6       -0.192737        0.287008       -0.021203
     H    6        0.287008        0.010550        0.434360
     H    6       -0.021203        0.434360        0.182187

     H    7       -0.579024        0.136744        0.236436
     H    7        0.136744        0.667361       -0.414896
     H    7        0.236436       -0.414896       -0.088337

     C    8        0.021646        0.248551       -0.133255
     C    8        0.248551        0.284022       -0.113613
     C    8       -0.133255       -0.113613       -0.305668

     H    9        0.609752       -0.065454        0.514913
     H    9       -0.065454       -0.052450       -0.368342
     H    9        0.514913       -0.368342       -0.557302

     C   10        0.265716        0.076436        0.333249
     C   10        0.076436       -0.234982       -0.266913
     C   10        0.333249       -0.266913       -0.030735

     C   11        0.108814        0.046243       -0.442562
     C   11        0.046243       -0.066646        0.287443
     C   11       -0.442562        0.287443       -0.042168

     Cl  12       -0.513177        1.625693       -0.625108
     Cl  12        1.625693       -1.492220       -0.432031
     Cl  12       -0.625108       -0.432031        2.005396

     H   13       -0.224398       -0.026785       -0.084485
     H   13       -0.026785        0.309168        0.147204
     H   13       -0.084485        0.147204       -0.084769

     C   14       -0.198347        0.117293        0.021718
     C   14        0.117293        0.191082       -0.014076
     C   14        0.021718       -0.014076        0.007265

     H   15       -0.116867        0.257932        0.441789
     H   15        0.257932        0.011882        0.123041
     H   15        0.441789        0.123041        0.104984

     C   16        0.378090       -0.534779       -0.518463
     C   16       -0.534779       -0.245398       -0.130361
     C   16       -0.518463       -0.130361       -0.132692

     C   17        0.015482        0.169778       -0.442671
     C   17        0.169778       -0.164873        0.222394
     C   17       -0.442671        0.222394        0.149391

     Cl  18        0.852847       -0.815002       -1.445477
     Cl  18       -0.815002       -0.524329       -0.891689
     Cl  18       -1.445477       -0.891689       -0.328517

     H   19       -0.114802        0.111074       -0.050631
     H   19        0.111074        0.095143       -0.189482
     H   19       -0.050631       -0.189482        0.019659

     C   20        0.067168       -0.261673        0.124437
     C   20       -0.261673       -0.139691        0.270558
     C   20        0.124437        0.270558        0.072523

     H   21        0.427028       -0.019069        0.164633
     H   21       -0.019069       -0.111308        0.109332
     H   21        0.164633        0.109332       -0.315719

     C   22       -0.753793       -0.150794       -0.012851
     C   22       -0.150794        0.363138       -0.455523
     C   22       -0.012851       -0.455523        0.390655

     C   23        0.250084       -0.459852        0.555326
     C   23       -0.459852       -0.360146       -0.022349
     C   23        0.555326       -0.022349        0.110062

     Cl  24        0.693160        0.447007        1.505715
     Cl  24        0.447007       -0.381497       -1.309529
     Cl  24        1.505715       -1.309529       -0.311663


     NQR/NMR SPECTROSCOPIC PARAMETERS:
     Cl   1    Vxx=   -1.5351    axis=(  0.789624 -0.112683 -0.603155)
     Cl   1    Vyy=   -1.8031    axis=( -0.475403 -0.733821 -0.485283)
     Cl   1    Vzz=    3.3382    axis=( -0.387925  0.669933 -0.633012)
     Cl   1  Q=        -8.1650 1e-30 m^2  Cq=       -64.0424 MHz  eta= 0.08028

     C    2    Vxx=   -0.0480    axis=(  0.621472  0.393069 -0.677694)
     C    2    Vyy=   -0.9603    axis=(  0.460774  0.516208  0.721954)
     C    2    Vzz=    1.0083    axis=( -0.633609  0.760938 -0.139693)
     C    2  Q=         1.0000 1e-30 m^2  Cq=         2.3692 MHz  eta= 0.90474

     C    3    Vxx=    0.1120    axis=(  0.548652  0.042124  0.834989)
     C    3    Vyy=    0.3542    axis=( -0.051788 -0.995100  0.084229)
     C    3    Vzz=   -0.4661    axis=(  0.834445 -0.089455 -0.543782)
     C    3  Q=         1.0000 1e-30 m^2  Cq=        -1.0952 MHz  eta= 0.51964

     H    4    Vxx=    0.0294    axis=(  0.419004 -0.568068 -0.708332)
     H    4    Vyy=    0.7621    axis=( -0.878915 -0.057937 -0.473447)
     H    4    Vzz=   -0.7915    axis=( -0.227912 -0.820940  0.523559)
     H    4  Q=         1.0000 1e-30 m^2  Cq=        -1.8597 MHz  eta= 0.92559

     C    5    Vxx=    0.0438    axis=(  0.546757  0.451445 -0.705163)
     C    5    Vyy=    0.8576    axis=( -0.674684  0.736290 -0.051752)
     C    5    Vzz=   -0.9014    axis=(  0.495841  0.504058  0.707154)
     C    5  Q=         1.0000 1e-30 m^2  Cq=        -2.1180 MHz  eta= 0.90288

     H    6    Vxx=   -0.0516    axis=( -0.763494 -0.334598  0.552377)
     H    6    Vyy=   -0.5262    axis=( -0.604658  0.670814 -0.429416)
     H    6    Vzz=    0.5778    axis=(  0.226860  0.661856  0.714480)
     H    6  Q=         1.0000 1e-30 m^2  Cq=         1.3577 MHz  eta= 0.82134

     H    7    Vxx=   -0.1136    axis=(  0.503098  0.335132  0.796605)
     H    7    Vyy=   -0.7378    axis=( -0.863959  0.218099  0.453881)
     H    7    Vzz=    0.8513    axis=( -0.021629 -0.916580  0.399265)
     H    7  Q=         1.0000 1e-30 m^2  Cq=         2.0003 MHz  eta= 0.73321

     C    8    Vxx=   -0.1154    axis=(  0.797556 -0.560036 -0.224195)
     C    8    Vyy=   -0.3543    axis=( -0.303420 -0.051207 -0.951480)
     C    8    Vzz=    0.4697    axis=(  0.521383  0.826884 -0.210766)
     C    8  Q=         1.0000 1e-30 m^2  Cq=         1.1036 MHz  eta= 0.50851

     H    9    Vxx=    0.0319    axis=(  0.339863  0.901838 -0.266797)
     H    9    Vyy=    0.8483    axis=( -0.895007  0.223005 -0.386304)
     H    9    Vzz=   -0.8802    axis=( -0.288887  0.370076  0.882943)
     H    9  Q=         1.0000 1e-30 m^2  Cq=        -2.0680 MHz  eta= 0.92762

     C   10    Vxx=    0.0173    axis=(  0.485760  0.700480 -0.522843)
     C   10    Vyy=    0.4927    axis=( -0.805953  0.127397 -0.578109)
     C   10    Vzz=   -0.5099    axis=( -0.338345  0.702209  0.626438)
     C   10  Q=         1.0000 1e-30 m^2  Cq=        -1.1981 MHz  eta= 0.93234

     C   11    Vxx=    0.0253    axis=(  0.515366  0.836827  0.184714)
     C   11    Vyy=    0.5251    axis=(  0.686121 -0.273779 -0.674005)
     C   11    Vzz=   -0.5504    axis=( -0.513455  0.474095 -0.715261)
     C   11  Q=         1.0000 1e-30 m^2  Cq=        -1.2932 MHz  eta= 0.90813

     Cl  12    Vxx=    0.3473    axis=(  0.727584  0.545216  0.416366)
     Cl  12    Vyy=    2.3533    axis=( -0.336991 -0.244604  0.909179)
     Cl  12    Vzz=   -2.7006    axis=( -0.597544  0.801815 -0.005763)
     Cl  12  Q=        -8.1650 1e-30 m^2  Cq=        51.8105 MHz  eta= 0.74279

     H   13    Vxx=   -0.0955    axis=( -0.468962 -0.329144  0.819597)
     H   13    Vyy=   -0.2673    axis=( -0.878632  0.079415 -0.470848)
     H   13    Vzz=    0.3628    axis=(  0.089888 -0.940934 -0.326440)
     H   13  Q=         1.0000 1e-30 m^2  Cq=         0.8524 MHz  eta= 0.47329

     C   14    Vxx=    0.0095    axis=(  0.107990  0.007308  0.994125)
     C   14    Vyy=    0.2240    axis=( -0.265723 -0.963379  0.035947)
     C   14    Vzz=   -0.2335    axis=(  0.957982 -0.268044 -0.102094)
     C   14  Q=         1.0000 1e-30 m^2  Cq=        -0.5486 MHz  eta= 0.91845

     H   15    Vxx=   -0.0717    axis=( -0.037286  0.861324 -0.506686)
     H   15    Vyy=   -0.4984    axis=( -0.801298  0.277194  0.530174)
     H   15    Vzz=    0.5701    axis=(  0.597102  0.425775  0.679842)
     H   15  Q=         1.0000 1e-30 m^2  Cq=         1.3394 MHz  eta= 0.74858

     C   16    Vxx=   -0.0552    axis=(  0.057999 -0.670276  0.739842)
     C   16    Vyy=   -0.7969    axis=( -0.534440 -0.646798 -0.544083)
     C   16    Vzz=    0.8522    axis=( -0.843214  0.363845  0.395735)
     C   16  Q=         1.0000 1e-30 m^2  Cq=         2.0023 MHz  eta= 0.87037

     C   17    Vxx=    0.0220    axis=(  0.496121  0.813097  0.304529)
     C   17    Vyy=    0.5356    axis=( -0.627478  0.093344  0.773019)
     C   17    Vzz=   -0.5576    axis=(  0.600113 -0.574596  0.556510)
     C   17  Q=         1.0000 1e-30 m^2  Cq=        -1.3101 MHz  eta= 0.92105

     Cl  18    Vxx=    0.3300    axis=(  0.248099 -0.802702  0.542324)
     Cl  18    Vyy=    1.8405    axis=( -0.845807  0.093444  0.525242)
     Cl  18    Vzz=   -2.1705    axis=( -0.472290 -0.589014 -0.655748)
     Cl  18  Q=        -8.1650 1e-30 m^2  Cq=        41.6407 MHz  eta= 0.69591

     H   19    Vxx=   -0.1120    axis=(  0.593764  0.346085  0.726409)
     H   19    Vyy=   -0.1736    axis=( -0.752807  0.557709  0.349631)
     H   19    Vzz=    0.2856    axis=( -0.284123 -0.754444  0.591682)
     H   19  Q=         1.0000 1e-30 m^2  Cq=         0.6710 MHz  eta= 0.21561

     C   20    Vxx=    0.1939    axis=(  0.744454 -0.043604  0.666249)
     C   20    Vyy=    0.2820    axis=( -0.476207  0.664756  0.575610)
     C   20    Vzz=   -0.4759    axis=(  0.467992  0.745787 -0.474116)
     C   20  Q=         1.0000 1e-30 m^2  Cq=        -1.1182 MHz  eta= 0.18529

     H   21    Vxx=   -0.0678    axis=(  0.082495 -0.930915 -0.355796)
     H   21    Vyy=   -0.3941    axis=( -0.191158 -0.365165  0.911105)
     H   21    Vzz=    0.4619    axis=( -0.978086 -0.007149 -0.208076)
     H   21  Q=         1.0000 1e-30 m^2  Cq=         1.0853 MHz  eta= 0.70630

     C   22    Vxx=   -0.0594    axis=( -0.163992  0.695610  0.699453)
     C   22    Vyy=   -0.7791    axis=( -0.984598 -0.158989 -0.072730)
     C   22    Vzz=    0.8384    axis=(  0.060613 -0.700607  0.710969)
     C   22  Q=         1.0000 1e-30 m^2  Cq=         1.9700 MHz  eta= 0.85842

     C   23    Vxx=   -0.1485    axis=( -0.315047  0.607497  0.729173)
     C   23    Vyy=   -0.7042    axis=( -0.568536 -0.735992  0.367536)
     C   23    Vzz=    0.8527    axis=(  0.759942 -0.298769  0.577256)
     C   23  Q=         1.0000 1e-30 m^2  Cq=         2.0035 MHz  eta= 0.65171

     Cl  24    Vxx=    0.4471    axis=(  0.524805  0.788804 -0.319949)
     Cl  24    Vyy=    1.8725    axis=( -0.732735  0.227334 -0.641419)
     Cl  24    Vzz=   -2.3196    axis=( -0.433219  0.571058  0.697291)
     Cl  24  Q=        -8.1650 1e-30 m^2  Cq=        44.5005 MHz  eta= 0.61453

     Initialization:
     gipaw_setup  :      9.26s CPU     10.94s WALL (       1 calls)

     Linear response

     Apply operators

     Induced current

     Other routines
     efg          :      9.33s CPU     11.76s WALL (       1 calls)

     General routines
     calbec       :      3.28s CPU      4.48s WALL (      16 calls)
     fft          :      1.40s CPU      2.10s WALL (      15 calls)
     ffts         :      0.03s CPU      0.04s WALL (       2 calls)
     fftw         :      3.27s CPU      3.87s WALL (     672 calls)
     davcio       :      0.04s CPU      0.33s WALL (      32 calls)

     Parallel routines
     fft_scatter  :      2.01s CPU      3.10s WALL (     689 calls)

     Plugins

     GIPAW        :     61.49s CPU     73.41s WALL (       1 calls)
