
     Program QE v.6.0 (svn rev. 13079) starts on  4Jan2017 at 13:35:59 

     This program is part of the open-source Quantum ESPRESSO suite
     for quantum simulation of materials; please cite
         "P. Giannozzi et al., J. Phys.:Condens. Matter 21 395502 (2009);
          URL http://www.quantum-espresso.org", 
     in publications or presentations arising from this work. More details at
     http://www.quantum-espresso.org/quote

     Parallel version (MPI), running on     8 processors
     R & G space division:  proc/nbgrp/npool/nimage =       8

     ***** This is GIPAW svn revision unknown      *****

     Parallelizing q-star over 1 images

     Reading data from directory:
     /users/majewski/paradichlorobenzene/pbe/9_constraint/scratch/pbe.ecut100.np8.dt60.pcl2phi-129368.save
     Message from routine read_xml_file:
     file /users/majewski/paradichlorobenzene/pbe/9_constraint/scratch/pbe.ecut100.np8.dt60.pcl2phi-129368.save not guaranteed to be safe for post-processing

   Info: using nr1, nr2, nr3 values from input

   Info: using nr1, nr2, nr3 values from input

     IMPORTANT: XC functional enforced from input :
     Exchange-correlation      =  SLA  PW   PBX  PBC ( 1  4  3  4 0 0)
     Any further DFT definition will be discarded
     Please, verify this is what you really want

               file C.pbe-n-kjpaw_psl.1.0.0.UPF: wavefunction(s)  2S 2P renormalized
               file Cl.pbe-n-kjpaw_psl.1.0.0.UPF: wavefunction(s)  3S 3P renormalized
               file H.pbe-kjpaw_psl.1.0.0.UPF: wavefunction(s)  1S renormalized

     Parallelization info
     --------------------
     sticks:   dense  smooth     PW     G-vecs:    dense   smooth      PW
     Min        3057    1223    332               144436    36536    5170
     Max        3059    1225    333               144437    36537    5171
     Sum       24467    9791   2657              1155489   292295   41363


     Subspace diagonalization in iterative solution of the eigenvalue problem:
     a serial algorithm will be used

     GIPAW projectors -----------------------------------------------
     atom=  C    l=0  rc=    1.2000  rs=    0.8000
     atom=  C    l=0  rc=    1.2000  rs=    0.8000
     atom=  C    l=1  rc=    1.4000  rs=    0.9333
     atom=  C    l=1  rc=    1.4000  rs=    0.9333
     projs nearly linearly dependent: l=1  n1,n2= 1, 2  s=  0.99951561

     atom=  Cl   l=0  rc=    1.6000  rs=    1.0667
     atom=  Cl   l=0  rc=    1.6000  rs=    1.0667
     atom=  Cl   l=1  rc=    1.6000  rs=    1.0667
     atom=  Cl   l=1  rc=    1.6000  rs=    1.0667
     atom=  Cl   l=2  rc=    1.6000  rs=    1.0667
     atom=  Cl   l=2  rc=    1.6000  rs=    1.0667
     projs nearly linearly dependent: l=2  n1,n2= 1, 2  s=  0.99993509

     atom=  H    l=0  rc=    1.0000  rs=    0.6667
     atom=  H    l=0  rc=    1.0000  rs=    0.6667
     projs nearly linearly dependent: l=0  n1,n2= 1, 2  s=  0.99968852
     -----------------------------------------------------------------

     GIPAW integrals: -------------------------------------------
     Atom  i/j   nmr_para   nmr_dia   epr_rmc  epr_para   epr_dia
       C   1 1   0.83E+03  0.17E-01  0.93E+01  0.24E+08  0.24E+03
       C   2 1   0.86E+03 -0.61E-01  0.94E+01  0.25E+08  0.25E+03
       C   2 2   0.90E+03 -0.15E+00  0.97E+01  0.26E+08  0.26E+03
       C   3 3   0.33E+01  0.34E+00  0.18E+01  0.55E+03  0.21E+02
       C   4 3   0.35E+01  0.37E+00  0.20E+01  0.59E+03  0.22E+02
       C   4 4   0.38E+01  0.39E+00  0.22E+01  0.63E+03  0.24E+02
       Cl  1 1   0.14E+04 -0.47E+00  0.84E+01  0.32E+09  0.42E+03
       Cl  2 1   0.21E+04 -0.37E+00  0.12E+02  0.49E+09  0.65E+03
       Cl  2 2   0.33E+04 -0.16E+00  0.21E+02  0.76E+09  0.10E+04
       Cl  3 3   0.21E+02  0.79E-01  0.89E+01  0.23E+05  0.13E+03
       Cl  4 3   0.24E+02  0.67E-01  0.99E+01  0.27E+05  0.15E+03
       Cl  4 4   0.28E+02  0.44E-01  0.11E+02  0.32E+05  0.18E+03
       Cl  5 5   0.77E+00  0.19E+00  0.18E+01  0.12E+03  0.22E+02
       Cl  6 5   0.80E+00  0.19E+00  0.19E+01  0.12E+03  0.23E+02
       Cl  6 6   0.83E+00  0.20E+00  0.19E+01  0.12E+03  0.23E+02
       H   1 1   0.39E+02  0.19E+00  0.29E+00  0.78E+05  0.13E+02
       H   2 1   0.41E+02  0.21E+00  0.32E+00  0.82E+05  0.14E+02
       H   2 2   0.43E+02  0.22E+00  0.36E+00  0.86E+05  0.15E+02
     ------------------------------------------------------------

     alpha_pv=     34.1970 eV

     Number of occupied bands for each k-point:
     k-point:     1    nbnd_occ=  42
     k-point:     2    nbnd_occ=  42
     k-point:     3    nbnd_occ=  42
     k-point:     4    nbnd_occ=  42
     k-point:     5    nbnd_occ=  42
     k-point:     6    nbnd_occ=  42
     k-point:     7    nbnd_occ=  42
     k-point:     8    nbnd_occ=  42
     k-point:     9    nbnd_occ=  42
     k-point:    10    nbnd_occ=  42
     k-point:    11    nbnd_occ=  42
     k-point:    12    nbnd_occ=  42
     k-point:    13    nbnd_occ=  42
     k-point:    14    nbnd_occ=  42
     k-point:    15    nbnd_occ=  42
     k-point:    16    nbnd_occ=  42


     q-space interpolation up to   110.00 Rydberg

     GIPAW job: efg                                                                             


     ELECTRIC FIELD GRADIENTS TENSORS IN Hartree/bohrradius^2:

     ----- bare term -----
     Cl   1        0.057521        0.060542       -0.024778
     Cl   1        0.060542       -0.017364        0.008604
     Cl   1       -0.024778        0.008604       -0.040158

     C    2       -0.726091        0.463852       -0.380835
     C    2        0.463852        0.352313       -0.054096
     C    2       -0.380835       -0.054096        0.373778

     C    3        0.127374        0.139429       -0.133666
     C    3        0.139429       -0.092657       -0.598877
     C    3       -0.133666       -0.598877       -0.034717

     H    4       -0.015446        0.076807       -0.515524
     H    4        0.076807       -0.008474        0.189507
     H    4       -0.515524        0.189507        0.023920

     C    5       -0.957337        0.387477       -0.460959
     C    5        0.387477        0.459816        0.002999
     C    5       -0.460959        0.002999        0.497521

     H    6        0.461913       -0.011750       -0.083024
     H    6       -0.011750       -0.547583       -0.609995
     H    6       -0.083024       -0.609995        0.085671

     H    7        0.164739        0.422164        0.157723
     H    7        0.422164       -0.481449       -0.134597
     H    7        0.157723       -0.134597        0.316710

     C    8       -0.081983       -0.049882       -0.086006
     C    8       -0.049882       -0.143659        0.087530
     C    8       -0.086006        0.087530        0.225643

     H    9       -0.370424        0.385409        0.200880
     H    9        0.385409        0.171504       -0.115784
     H    9        0.200880       -0.115784        0.198920

     C   10        0.041943        0.004477        0.190116
     C   10        0.004477       -0.094589       -0.054427
     C   10        0.190116       -0.054427        0.052647

     C   11       -0.210835        0.157465       -0.183553
     C   11        0.157465        0.015425        0.331251
     C   11       -0.183553        0.331251        0.195410

     Cl  12        0.026418       -0.123070        0.037668
     Cl  12       -0.123070        0.056173       -0.146222
     Cl  12        0.037668       -0.146222       -0.082591

     H   13        0.411192        0.104542        0.077139
     H   13        0.104542       -0.500062       -0.564381
     H   13        0.077139       -0.564381        0.088870

     C   14       -0.015749       -0.057370       -0.224472
     C   14       -0.057370       -0.241210       -0.340724
     C   14       -0.224472       -0.340724        0.256959

     H   15        0.128736       -0.096265       -0.305613
     H   15       -0.096265        0.401463       -0.318225
     H   15       -0.305613       -0.318225       -0.530199

     C   16       -0.435957        0.352140       -0.282010
     C   16        0.352140        0.239116       -0.051439
     C   16       -0.282010       -0.051439        0.196841

     C   17        0.124279       -0.116907       -0.190848
     C   17       -0.116907       -0.458364       -0.401944
     C   17       -0.190848       -0.401944        0.334085

     Cl  18       -0.147904        0.367558        0.093283
     Cl  18        0.367558        0.066132       -0.043466
     Cl  18        0.093283       -0.043466        0.081773

     H   19        0.067378       -0.021515       -0.410116
     H   19       -0.021515       -0.121434        0.410453
     H   19       -0.410116        0.410453        0.054056

     C   20       -0.521874       -0.329707       -0.032316
     C   20       -0.329707        0.180943        0.362145
     C   20       -0.032316        0.362145        0.340932

     H   21       -0.460303       -0.211182       -0.312726
     H   21       -0.211182        0.104958        0.241552
     H   21       -0.312726        0.241552        0.355344

     C   22       -0.009822       -0.062303       -0.221357
     C   22       -0.062303       -0.061051        0.621439
     C   22       -0.221357        0.621439        0.070873

     C   23       -0.554451       -0.394715       -0.408425
     C   23       -0.394715        0.306942        0.252589
     C   23       -0.408425        0.252589        0.247509

     Cl  24        0.007240       -0.077354        0.024609
     Cl  24       -0.077354        0.039085       -0.055394
     Cl  24        0.024609       -0.055394       -0.046326

     ----- ionic term -----
     Cl   1        0.148753       -0.214066        0.029960
     Cl   1       -0.214066        0.005866       -0.011072
     Cl   1        0.029960       -0.011072       -0.154619

     C    2        0.098035       -0.208630        0.342686
     C    2       -0.208630        0.074885        0.379358
     C    2        0.342686        0.379358       -0.172920

     C    3        0.073614       -0.256997        0.279150
     C    3       -0.256997        0.138442        0.319283
     C    3        0.279150        0.319283       -0.212056

     H    4        0.460203        0.230654        0.740940
     H    4        0.230654       -0.439186        0.224080
     H    4        0.740940        0.224080       -0.021017

     C    5        0.171873       -0.232726        0.407173
     C    5       -0.232726        0.001155        0.250145
     C    5        0.407173        0.250145       -0.173027

     H    6       -0.526255        0.049335        0.063552
     H    6        0.049335        0.504907        0.759779
     H    6        0.063552        0.759779        0.021349

     H    7       -0.412390       -0.361805        0.142210
     H    7       -0.361805        0.757744       -0.545918
     H    7        0.142210       -0.545918       -0.345354

     C    8        0.399329        0.063347        0.134682
     C    8        0.063347        0.083460       -0.285602
     C    8        0.134682       -0.285602       -0.482788

     H    9        0.826490       -0.310735        0.512408
     H    9       -0.310735       -0.425023       -0.196443
     H    9        0.512408       -0.196443       -0.401466

     C   10        0.224035        0.131475        0.111451
     C   10        0.131475        0.211574       -0.368206
     C   10        0.111451       -0.368206       -0.435608

     C   11        0.355160        0.042946        0.250150
     C   11        0.042946        0.097604       -0.344596
     C   11        0.250150       -0.344596       -0.452764

     Cl  12        0.133579        0.172925       -0.010724
     Cl  12        0.172925        0.017930       -0.019425
     Cl  12       -0.010724       -0.019425       -0.151509

     H   13       -0.526307        0.026187        0.021813
     H   13        0.026187        0.732447        0.650875
     H   13        0.021813        0.650875       -0.206140

     C   14        0.134693       -0.233493        0.356764
     C   14       -0.233493        0.109990        0.238034
     C   14        0.356764        0.238034       -0.244683

     H   15        0.467679        0.221448        0.792770
     H   15        0.221448       -0.466957        0.228842
     H   15        0.792770        0.228842       -0.000722

     C   16        0.032186       -0.270586        0.273868
     C   16       -0.270586        0.192045        0.343581
     C   16        0.273868        0.343581       -0.224231

     C   17        0.076773       -0.269261        0.366995
     C   17       -0.269261        0.119854        0.375802
     C   17        0.366995        0.375802       -0.196627

     Cl  18        0.108370       -0.225678        0.038399
     Cl  18       -0.225678        0.052367       -0.017814
     Cl  18        0.038399       -0.017814       -0.160737

     H   19       -0.442224       -0.343693        0.162520
     H   19       -0.343693        0.709460       -0.619152
     H   19        0.162520       -0.619152       -0.267236

     C   20        0.403051        0.090057        0.193114
     C   20        0.090057        0.044495       -0.327868
     C   20        0.193114       -0.327868       -0.447546

     H   21        0.768168       -0.292561        0.575303
     H   21       -0.292561       -0.422842       -0.206675
     H   21        0.575303       -0.206675       -0.345326

     C   22        0.187197        0.202424        0.085056
     C   22        0.202424        0.219083       -0.426678
     C   22        0.085056       -0.426678       -0.406281

     C   23        0.265613        0.117351        0.127054
     C   23        0.117351        0.175630       -0.394958
     C   23        0.127054       -0.394958       -0.441243

     Cl  24        0.104402        0.215748       -0.028864
     Cl  24        0.215748        0.026188       -0.028828
     Cl  24       -0.028864       -0.028828       -0.130590

     ----- GIPAW term -----
     Cl   1       -0.086451       -0.742131       -0.117976
     Cl   1       -0.742131        2.647835       -0.043653
     Cl   1       -0.117976       -0.043653       -2.561384

     C    2       -0.153745        0.057623       -0.024476
     C    2        0.057623        0.254401        0.086915
     C    2       -0.024476        0.086915       -0.100656

     C    3       -0.093593        0.021721       -0.005897
     C    3        0.021721        0.246483       -0.047321
     C    3       -0.005897       -0.047321       -0.152890

     H    4       -0.000000        0.000000        0.000000
     H    4        0.000000        0.000000        0.000000
     H    4        0.000000        0.000000        0.000000

     C    5       -0.220256        0.040791       -0.038800
     C    5        0.040791        0.218751        0.164931
     C    5       -0.038800        0.164931        0.001505

     H    6       -0.000000        0.000000        0.000000
     H    6        0.000000        0.000000        0.000000
     H    6        0.000000        0.000000        0.000000

     H    7       -0.000000        0.000000        0.000000
     H    7        0.000000        0.000000        0.000000
     H    7        0.000000        0.000000        0.000000

     C    8       -0.017447       -0.035159       -0.033112
     C    8       -0.035159       -0.000488        0.068606
     C    8       -0.033112        0.068606        0.017936

     H    9       -0.000000        0.000000        0.000000
     H    9        0.000000        0.000000        0.000000
     H    9        0.000000        0.000000        0.000000

     C   10        0.007480        0.010434        0.019724
     C   10        0.010434        0.003701       -0.019778
     C   10        0.019724       -0.019778       -0.011182

     C   11       -0.057446        0.063355       -0.006116
     C   11        0.063355       -0.034581        0.094054
     C   11       -0.006116        0.094054        0.092026

     Cl  12       -0.624314        0.493948       -0.653349
     Cl  12        0.493948       -0.617646        1.316274
     Cl  12       -0.653349        1.316274        1.241960

     H   13       -0.000000        0.000000        0.000000
     H   13        0.000000        0.000000        0.000000
     H   13        0.000000        0.000000        0.000000

     C   14       -0.098156       -0.062088       -0.046253
     C   14       -0.062088        0.055760        0.140840
     C   14       -0.046253        0.140840        0.042396

     H   15       -0.000000        0.000000        0.000000
     H   15        0.000000        0.000000        0.000000
     H   15        0.000000        0.000000        0.000000

     C   16       -0.083947       -0.003988       -0.068730
     C   16       -0.003988        0.018693        0.067328
     C   16       -0.068730        0.067328        0.065254

     C   17       -0.058875       -0.094088       -0.028367
     C   17       -0.094088       -0.046719        0.126507
     C   17       -0.028367        0.126507        0.105593

     Cl  18       -0.502441       -0.452612       -1.357358
     Cl  18       -0.452612       -1.035526        0.547063
     Cl  18       -1.357358        0.547063        1.537968

     H   19       -0.000000        0.000000        0.000000
     H   19        0.000000        0.000000        0.000000
     H   19        0.000000        0.000000        0.000000

     C   20       -0.154935        0.035573        0.069629
     C   20        0.035573        0.119028        0.197487
     C   20        0.069629        0.197487        0.035907

     H   21       -0.000000        0.000000        0.000000
     H   21        0.000000        0.000000        0.000000
     H   21        0.000000        0.000000        0.000000

     C   22       -0.119493        0.051788       -0.033958
     C   22        0.051788        0.256448        0.059287
     C   22       -0.033958        0.059287       -0.136956

     C   23       -0.136923       -0.061984       -0.066103
     C   23       -0.061984        0.279207        0.073160
     C   23       -0.066103        0.073160       -0.142284

     Cl  24        0.189860        0.099261        0.479098
     Cl  24        0.099261        2.049677       -1.240998
     Cl  24        0.479098       -1.240998       -2.239537

     ----- total EFG -----
     Cl   1        0.119824       -0.895655       -0.112795
     Cl   1       -0.895655        2.636338       -0.046122
     Cl   1       -0.112795       -0.046122       -2.756162

     C    2       -0.781801        0.312845       -0.062625
     C    2        0.312845        0.681599        0.412177
     C    2       -0.062625        0.412177        0.100202

     C    3        0.107395       -0.095847        0.139587
     C    3       -0.095847        0.292267       -0.326915
     C    3        0.139587       -0.326915       -0.399662

     H    4        0.444757        0.307462        0.225415
     H    4        0.307462       -0.447660        0.413587
     H    4        0.225415        0.413587        0.002903

     C    5       -1.005721        0.195542       -0.092586
     C    5        0.195542        0.679721        0.418075
     C    5       -0.092586        0.418075        0.325999

     H    6       -0.064343        0.037585       -0.019472
     H    6        0.037585       -0.042676        0.149784
     H    6       -0.019472        0.149784        0.107019

     H    7       -0.247651        0.060359        0.299933
     H    7        0.060359        0.276296       -0.680516
     H    7        0.299933       -0.680516       -0.028645

     C    8        0.299898       -0.021693        0.015563
     C    8       -0.021693       -0.060688       -0.129466
     C    8        0.015563       -0.129466       -0.239210

     H    9        0.456066        0.074673        0.713288
     H    9        0.074673       -0.253519       -0.312226
     H    9        0.713288       -0.312226       -0.202546

     C   10        0.273458        0.146385        0.321292
     C   10        0.146385        0.120686       -0.442411
     C   10        0.321292       -0.442411       -0.394143

     C   11        0.086880        0.263766        0.060481
     C   11        0.263766        0.078448        0.080709
     C   11        0.060481        0.080709       -0.165327

     Cl  12       -0.464317        0.543804       -0.626406
     Cl  12        0.543804       -0.543542        1.150626
     Cl  12       -0.626406        1.150626        1.007859

     H   13       -0.115115        0.130729        0.098952
     H   13        0.130729        0.232385        0.086494
     H   13        0.098952        0.086494       -0.117270

     C   14        0.020789       -0.352951        0.086040
     C   14       -0.352951       -0.075461        0.038151
     C   14        0.086040        0.038151        0.054672

     H   15        0.596414        0.125183        0.487157
     H   15        0.125183       -0.065494       -0.089383
     H   15        0.487157       -0.089383       -0.530920

     C   16       -0.487717        0.077567       -0.076872
     C   16        0.077567        0.449854        0.359470
     C   16       -0.076872        0.359470        0.037864

     C   17        0.142178       -0.480256        0.147781
     C   17       -0.480256       -0.385228        0.100366
     C   17        0.147781        0.100366        0.243051

     Cl  18       -0.541976       -0.310732       -1.225676
     Cl  18       -0.310732       -0.917027        0.485783
     Cl  18       -1.225676        0.485783        1.459003

     H   19       -0.374846       -0.365208       -0.247595
     H   19       -0.365208        0.588026       -0.208699
     H   19       -0.247595       -0.208699       -0.213180

     C   20       -0.273759       -0.204077        0.230427
     C   20       -0.204077        0.344466        0.231764
     C   20        0.230427        0.231764       -0.070707

     H   21        0.307865       -0.503743        0.262577
     H   21       -0.503743       -0.317883        0.034877
     H   21        0.262577        0.034877        0.010018

     C   22        0.057882        0.191910       -0.170260
     C   22        0.191910        0.414481        0.254048
     C   22       -0.170260        0.254048       -0.472363

     C   23       -0.425761       -0.339348       -0.347475
     C   23       -0.339348        0.761778       -0.069209
     C   23       -0.347475       -0.069209       -0.336017

     Cl  24        0.301502        0.237655        0.474843
     Cl  24        0.237655        2.114951       -1.325220
     Cl  24        0.474843       -1.325220       -2.416453

     ----- total EFG (symmetrized) -----
     Cl   1        0.119824       -0.895655       -0.112795
     Cl   1       -0.895655        2.636338       -0.046122
     Cl   1       -0.112795       -0.046122       -2.756162

     C    2       -0.781801        0.312845       -0.062625
     C    2        0.312845        0.681599        0.412177
     C    2       -0.062625        0.412177        0.100202

     C    3        0.107395       -0.095847        0.139587
     C    3       -0.095847        0.292267       -0.326915
     C    3        0.139587       -0.326915       -0.399662

     H    4        0.444757        0.307462        0.225415
     H    4        0.307462       -0.447660        0.413587
     H    4        0.225415        0.413587        0.002903

     C    5       -1.005721        0.195542       -0.092586
     C    5        0.195542        0.679721        0.418075
     C    5       -0.092586        0.418075        0.325999

     H    6       -0.064343        0.037585       -0.019472
     H    6        0.037585       -0.042676        0.149784
     H    6       -0.019472        0.149784        0.107019

     H    7       -0.247651        0.060359        0.299933
     H    7        0.060359        0.276296       -0.680516
     H    7        0.299933       -0.680516       -0.028645

     C    8        0.299898       -0.021693        0.015563
     C    8       -0.021693       -0.060688       -0.129466
     C    8        0.015563       -0.129466       -0.239210

     H    9        0.456066        0.074673        0.713288
     H    9        0.074673       -0.253519       -0.312226
     H    9        0.713288       -0.312226       -0.202546

     C   10        0.273458        0.146385        0.321292
     C   10        0.146385        0.120686       -0.442411
     C   10        0.321292       -0.442411       -0.394143

     C   11        0.086880        0.263766        0.060481
     C   11        0.263766        0.078448        0.080709
     C   11        0.060481        0.080709       -0.165327

     Cl  12       -0.464317        0.543804       -0.626406
     Cl  12        0.543804       -0.543542        1.150626
     Cl  12       -0.626406        1.150626        1.007859

     H   13       -0.115115        0.130729        0.098952
     H   13        0.130729        0.232385        0.086494
     H   13        0.098952        0.086494       -0.117270

     C   14        0.020789       -0.352951        0.086040
     C   14       -0.352951       -0.075461        0.038151
     C   14        0.086040        0.038151        0.054672

     H   15        0.596414        0.125183        0.487157
     H   15        0.125183       -0.065494       -0.089383
     H   15        0.487157       -0.089383       -0.530920

     C   16       -0.487717        0.077567       -0.076872
     C   16        0.077567        0.449854        0.359470
     C   16       -0.076872        0.359470        0.037864

     C   17        0.142178       -0.480256        0.147781
     C   17       -0.480256       -0.385228        0.100366
     C   17        0.147781        0.100366        0.243051

     Cl  18       -0.541976       -0.310732       -1.225676
     Cl  18       -0.310732       -0.917027        0.485783
     Cl  18       -1.225676        0.485783        1.459003

     H   19       -0.374846       -0.365208       -0.247595
     H   19       -0.365208        0.588026       -0.208699
     H   19       -0.247595       -0.208699       -0.213180

     C   20       -0.273759       -0.204077        0.230427
     C   20       -0.204077        0.344466        0.231764
     C   20        0.230427        0.231764       -0.070707

     H   21        0.307865       -0.503743        0.262577
     H   21       -0.503743       -0.317883        0.034877
     H   21        0.262577        0.034877        0.010018

     C   22        0.057882        0.191910       -0.170260
     C   22        0.191910        0.414481        0.254048
     C   22       -0.170260        0.254048       -0.472363

     C   23       -0.425761       -0.339348       -0.347475
     C   23       -0.339348        0.761778       -0.069209
     C   23       -0.347475       -0.069209       -0.336017

     Cl  24        0.301502        0.237655        0.474843
     Cl  24        0.237655        2.114951       -1.325220
     Cl  24        0.474843       -1.325220       -2.416453


     NQR/NMR SPECTROSCOPIC PARAMETERS:
     Cl   1    Vxx=   -0.1607    axis=(  0.951547  0.303928 -0.046754)
     Cl   1    Vyy=   -2.7619    axis=(  0.044022  0.015839  0.998905)
     Cl   1    Vzz=    2.9226    axis=( -0.304336  0.952563 -0.001692)
     Cl   1  Q=        -8.1650 1e-30 m^2  Cq=       -56.0681 MHz  eta= 0.89002

     C    2    Vxx=   -0.0627    axis=( -0.246247 -0.388291  0.888028)
     C    2    Vyy=   -0.8696    axis=( -0.958017  0.236343 -0.162314)
     C    2    Vzz=    0.9322    axis=( -0.146854 -0.890715 -0.430188)
     C    2  Q=         1.0000 1e-30 m^2  Cq=         2.1904 MHz  eta= 0.86558

     C    3    Vxx=    0.0667    axis=(  0.920022  0.391867  0.000677)
     C    3    Vyy=    0.4771    axis=( -0.362921  0.852713 -0.375724)
     C    3    Vzz=   -0.5438    axis=( -0.147811  0.345429  0.926731)
     C    3  Q=         1.0000 1e-30 m^2  Cq=        -1.2777 MHz  eta= 0.75478

     H    4    Vxx=   -0.0061    axis=(  0.582755 -0.301184 -0.754775)
     H    4    Vyy=   -0.7149    axis=( -0.142917  0.876325 -0.460032)
     H    4    Vzz=    0.7210    axis=( -0.799982 -0.375957 -0.467638)
     H    4  Q=         1.0000 1e-30 m^2  Cq=         1.6941 MHz  eta= 0.98308

     C    5    Vxx=    0.0801    axis=( -0.165979 -0.527007  0.833496)
     C    5    Vyy=    0.9633    axis=(  0.057805  0.838566  0.541724)
     C    5    Vzz=   -1.0434    axis=( -0.984434  0.138095 -0.108720)
     C    5  Q=         1.0000 1e-30 m^2  Cq=        -2.4515 MHz  eta= 0.84647

     H    6    Vxx=   -0.0447    axis=(  0.906323  0.353062 -0.232219)
     H    6    Vyy=   -0.1549    axis=( -0.422404  0.772979 -0.473370)
     H    6    Vzz=    0.1997    axis=(  0.012372  0.527116  0.849703)
     H    6  Q=         1.0000 1e-30 m^2  Cq=         0.4691 MHz  eta= 0.55210

     H    7    Vxx=   -0.1095    axis=(  0.855614  0.414037  0.310643)
     H    7    Vyy=   -0.7307    axis=(  0.499900 -0.505313 -0.703391)
     H    7    Vzz=    0.8402    axis=(  0.134258 -0.757121  0.639330)
     H    7  Q=         1.0000 1e-30 m^2  Cq=         1.9742 MHz  eta= 0.73924

     C    8    Vxx=    0.0049    axis=(  0.089275  0.882287 -0.462169)
     C    8    Vyy=    0.3023    axis=( -0.995988  0.076237 -0.046853)
     C    8    Vzz=   -0.3072    axis=( -0.006104  0.464498  0.885553)
     C    8  Q=         1.0000 1e-30 m^2  Cq=        -0.7219 MHz  eta= 0.96787

     H    9    Vxx=   -0.1000    axis=(  0.332668  0.875307 -0.350954)
     H    9    Vyy=   -0.8224    axis=( -0.449889  0.474376  0.756682)
     H    9    Vzz=    0.9223    axis=(  0.828814 -0.093834  0.551600)
     H    9  Q=         1.0000 1e-30 m^2  Cq=         2.1671 MHz  eta= 0.78326

     C   10    Vxx=    0.3510    axis=(  0.574045  0.788536 -0.220644)
     C   10    Vyy=    0.4163    axis=( -0.753619  0.403415 -0.518955)
     C   10    Vzz=   -0.7674    axis=( -0.320204  0.464185  0.825834)
     C   10  Q=         1.0000 1e-30 m^2  Cq=        -1.8031 MHz  eta= 0.08509

     C   11    Vxx=   -0.1677    axis=(  0.610833 -0.438372 -0.659328)
     C   11    Vyy=   -0.1975    axis=( -0.375862  0.572375 -0.728776)
     C   11    Vzz=    0.3652    axis=( -0.696857 -0.692977 -0.184858)
     C   11  Q=         1.0000 1e-30 m^2  Cq=         0.8581 MHz  eta= 0.08166

     Cl  12    Vxx=   -0.0002    axis=(  0.821201  0.556737 -0.125189)
     Cl  12    Vyy=   -1.6659    axis=( -0.549677  0.712849 -0.435547)
     Cl  12    Vzz=    1.6660    axis=( -0.153244  0.426485  0.891418)
     Cl  12  Q=        -8.1650 1e-30 m^2  Cq=       -31.9622 MHz  eta= 0.99982

     H   13    Vxx=   -0.0891    axis=(  0.569099 -0.421354  0.706107)
     H   13    Vyy=   -0.2179    axis=( -0.748155  0.090949  0.657261)
     H   13    Vzz=    0.3071    axis=(  0.341159  0.902324  0.263479)
     H   13  Q=         1.0000 1e-30 m^2  Cq=         0.7215 MHz  eta= 0.41947

     C   14    Vxx=    0.0649    axis=(  0.011384  0.235478  0.971813)
     C   14    Vyy=    0.3347    axis=( -0.756590  0.637472 -0.145602)
     C   14    Vzz=   -0.3997    axis=( -0.653790 -0.733607  0.185417)
     C   14  Q=         1.0000 1e-30 m^2  Cq=        -0.9390 MHz  eta= 0.67510

     H   15    Vxx=   -0.0499    axis=( -0.029702  0.976900 -0.211624)
     H   15    Vyy=   -0.7366    axis=(  0.352646 -0.187862 -0.916705)
     H   15    Vzz=    0.7866    axis=( -0.935285 -0.101856 -0.338920)
     H   15  Q=         1.0000 1e-30 m^2  Cq=         1.8481 MHz  eta= 0.87303

     C   16    Vxx=   -0.1387    axis=( -0.288320 -0.471134  0.833609)
     C   16    Vyy=   -0.5202    axis=( -0.957202  0.164727 -0.237968)
     C   16    Vzz=    0.6589    axis=( -0.025203 -0.866543 -0.498465)
     C   16  Q=         1.0000 1e-30 m^2  Cq=         1.5481 MHz  eta= 0.57895

     C   17    Vxx=    0.2406    axis=( -0.239224  0.330020  0.913158)
     C   17    Vyy=    0.4567    axis=(  0.825182 -0.426535  0.370328)
     C   17    Vzz=   -0.6974    axis=( -0.511710 -0.842113  0.170289)
     C   17  Q=         1.0000 1e-30 m^2  Cq=        -1.6385 MHz  eta= 0.30994

     Cl  18    Vxx=   -0.9868    axis=(  0.346234 -0.871751  0.346658)
     Cl  18    Vyy=   -1.1607    axis=( -0.836294 -0.454247 -0.307037)
     Cl  18    Vzz=    2.1475    axis=( -0.425128  0.183601  0.886316)
     Cl  18  Q=        -8.1650 1e-30 m^2  Cq=       -41.1994 MHz  eta= 0.08100

     H   19    Vxx=   -0.0357    axis=( -0.555272 -0.047299  0.830323)
     H   19    Vyy=   -0.6915    axis=(  0.781670  0.311269  0.540467)
     H   19    Vzz=    0.7272    axis=( -0.284017  0.949144 -0.135867)
     H   19  Q=         1.0000 1e-30 m^2  Cq=         1.7086 MHz  eta= 0.90177

     C   20    Vxx=    0.0647    axis=(  0.624099 -0.175516  0.761377)
     C   20    Vyy=    0.4622    axis=( -0.151591  0.928729  0.338353)
     C   20    Vzz=   -0.5270    axis=( -0.766499 -0.326584  0.553012)
     C   20  Q=         1.0000 1e-30 m^2  Cq=        -1.2381 MHz  eta= 0.75427

     H   21    Vxx=   -0.0209    axis=( -0.157169  0.373891  0.914059)
     H   21    Vyy=   -0.6388    axis=(  0.507941  0.824358 -0.249861)
     H   21    Vzz=    0.6597    axis=( -0.846932  0.425018 -0.319478)
     H   21  Q=         1.0000 1e-30 m^2  Cq=         1.5501 MHz  eta= 0.93675

     C   22    Vxx=    0.0814    axis=( -0.896770  0.226990  0.379841)
     C   22    Vyy=    0.5290    axis=(  0.313417  0.931793  0.183116)
     C   22    Vzz=   -0.6104    axis=(  0.312368 -0.283262  0.906747)
     C   22  Q=         1.0000 1e-30 m^2  Cq=        -1.4341 MHz  eta= 0.73321

     C   23    Vxx=   -0.0614    axis=( -0.588451 -0.176232  0.789093)
     C   23    Vyy=   -0.7909    axis=(  0.765002  0.194559  0.613937)
     C   23    Vzz=    0.8524    axis=( -0.261721  0.964930  0.020330)
     C   23  Q=         1.0000 1e-30 m^2  Cq=         2.0027 MHz  eta= 0.85584

     Cl  24    Vxx=    0.3820    axis=(  0.985474 -0.005340  0.169744)
     Cl  24    Vyy=    2.4793    axis=(  0.049412  0.965281 -0.256499)
     Cl  24    Vzz=   -2.8613    axis=( -0.162481  0.261161  0.951522)
     Cl  24  Q=        -8.1650 1e-30 m^2  Cq=        54.8919 MHz  eta= 0.73298

     Initialization:
     gipaw_setup  :      9.35s CPU     11.21s WALL (       1 calls)

     Linear response

     Apply operators

     Induced current

     Other routines
     efg          :      8.99s CPU     11.67s WALL (       1 calls)

     General routines
     calbec       :      3.19s CPU      4.34s WALL (      16 calls)
     fft          :      1.42s CPU      1.93s WALL (      15 calls)
     ffts         :      0.03s CPU      0.04s WALL (       2 calls)
     fftw         :      3.10s CPU      3.99s WALL (     672 calls)
     davcio       :      0.01s CPU      0.33s WALL (      32 calls)

     Parallel routines
     fft_scatter  :      2.08s CPU      3.06s WALL (     689 calls)

     Plugins

     GIPAW        :     60.49s CPU     71.54s WALL (       1 calls)
