
     Program QE v.6.0 (svn rev. 13079) starts on 27Dec2016 at  0:48: 3 

     This program is part of the open-source Quantum ESPRESSO suite
     for quantum simulation of materials; please cite
         "P. Giannozzi et al., J. Phys.:Condens. Matter 21 395502 (2009);
          URL http://www.quantum-espresso.org", 
     in publications or presentations arising from this work. More details at
     http://www.quantum-espresso.org/quote

     Parallel version (MPI), running on     8 processors
     R & G space division:  proc/nbgrp/npool/nimage =       8

     ***** This is GIPAW svn revision unknown      *****

     Parallelizing q-star over 1 images

     Reading data from directory:
     /users/majewski/paradichlorobenzene/pbe/9_constraint/scratch/pbe.ecut100.np8.dt60.pcl2phi-129368.save
     Message from routine read_xml_file:
     file /users/majewski/paradichlorobenzene/pbe/9_constraint/scratch/pbe.ecut100.np8.dt60.pcl2phi-129368.save not guaranteed to be safe for post-processing

   Info: using nr1, nr2, nr3 values from input

   Info: using nr1, nr2, nr3 values from input

     IMPORTANT: XC functional enforced from input :
     Exchange-correlation      =  SLA  PW   PBX  PBC ( 1  4  3  4 0 0)
     Any further DFT definition will be discarded
     Please, verify this is what you really want

               file C.pbe-n-kjpaw_psl.1.0.0.UPF: wavefunction(s)  2S 2P renormalized
               file Cl.pbe-n-kjpaw_psl.1.0.0.UPF: wavefunction(s)  3S 3P renormalized
               file H.pbe-kjpaw_psl.1.0.0.UPF: wavefunction(s)  1S renormalized

     Parallelization info
     --------------------
     sticks:   dense  smooth     PW     G-vecs:    dense   smooth      PW
     Min        3057    1223    332               144436    36536    5170
     Max        3059    1225    333               144437    36537    5171
     Sum       24467    9791   2657              1155489   292295   41363


     Subspace diagonalization in iterative solution of the eigenvalue problem:
     a serial algorithm will be used

     GIPAW projectors -----------------------------------------------
     atom=  C    l=0  rc=    1.2000  rs=    0.8000
     atom=  C    l=0  rc=    1.2000  rs=    0.8000
     atom=  C    l=1  rc=    1.4000  rs=    0.9333
     atom=  C    l=1  rc=    1.4000  rs=    0.9333
     projs nearly linearly dependent: l=1  n1,n2= 1, 2  s=  0.99951561

     atom=  Cl   l=0  rc=    1.6000  rs=    1.0667
     atom=  Cl   l=0  rc=    1.6000  rs=    1.0667
     atom=  Cl   l=1  rc=    1.6000  rs=    1.0667
     atom=  Cl   l=1  rc=    1.6000  rs=    1.0667
     atom=  Cl   l=2  rc=    1.6000  rs=    1.0667
     atom=  Cl   l=2  rc=    1.6000  rs=    1.0667
     projs nearly linearly dependent: l=2  n1,n2= 1, 2  s=  0.99993509

     atom=  H    l=0  rc=    1.0000  rs=    0.6667
     atom=  H    l=0  rc=    1.0000  rs=    0.6667
     projs nearly linearly dependent: l=0  n1,n2= 1, 2  s=  0.99968852
     -----------------------------------------------------------------

     GIPAW integrals: -------------------------------------------
     Atom  i/j   nmr_para   nmr_dia   epr_rmc  epr_para   epr_dia
       C   1 1   0.83E+03  0.17E-01  0.93E+01  0.24E+08  0.24E+03
       C   2 1   0.86E+03 -0.61E-01  0.94E+01  0.25E+08  0.25E+03
       C   2 2   0.90E+03 -0.15E+00  0.97E+01  0.26E+08  0.26E+03
       C   3 3   0.33E+01  0.34E+00  0.18E+01  0.55E+03  0.21E+02
       C   4 3   0.35E+01  0.37E+00  0.20E+01  0.59E+03  0.22E+02
       C   4 4   0.38E+01  0.39E+00  0.22E+01  0.63E+03  0.24E+02
       Cl  1 1   0.14E+04 -0.47E+00  0.84E+01  0.32E+09  0.42E+03
       Cl  2 1   0.21E+04 -0.37E+00  0.12E+02  0.49E+09  0.65E+03
       Cl  2 2   0.33E+04 -0.16E+00  0.21E+02  0.76E+09  0.10E+04
       Cl  3 3   0.21E+02  0.79E-01  0.89E+01  0.23E+05  0.13E+03
       Cl  4 3   0.24E+02  0.67E-01  0.99E+01  0.27E+05  0.15E+03
       Cl  4 4   0.28E+02  0.44E-01  0.11E+02  0.32E+05  0.18E+03
       Cl  5 5   0.77E+00  0.19E+00  0.18E+01  0.12E+03  0.22E+02
       Cl  6 5   0.80E+00  0.19E+00  0.19E+01  0.12E+03  0.23E+02
       Cl  6 6   0.83E+00  0.20E+00  0.19E+01  0.12E+03  0.23E+02
       H   1 1   0.39E+02  0.19E+00  0.29E+00  0.78E+05  0.13E+02
       H   2 1   0.41E+02  0.21E+00  0.32E+00  0.82E+05  0.14E+02
       H   2 2   0.43E+02  0.22E+00  0.36E+00  0.86E+05  0.15E+02
     ------------------------------------------------------------

     alpha_pv=     34.0024 eV

     Number of occupied bands for each k-point:
     k-point:     1    nbnd_occ=  42
     k-point:     2    nbnd_occ=  42
     k-point:     3    nbnd_occ=  42
     k-point:     4    nbnd_occ=  42
     k-point:     5    nbnd_occ=  42
     k-point:     6    nbnd_occ=  42
     k-point:     7    nbnd_occ=  42
     k-point:     8    nbnd_occ=  42
     k-point:     9    nbnd_occ=  42
     k-point:    10    nbnd_occ=  42
     k-point:    11    nbnd_occ=  42
     k-point:    12    nbnd_occ=  42
     k-point:    13    nbnd_occ=  42
     k-point:    14    nbnd_occ=  42
     k-point:    15    nbnd_occ=  42
     k-point:    16    nbnd_occ=  42


     q-space interpolation up to   110.00 Rydberg

     GIPAW job: efg                                                                             


     ELECTRIC FIELD GRADIENTS TENSORS IN Hartree/bohrradius^2:

     ----- bare term -----
     Cl   1       -0.020700        0.063220        0.030732
     Cl   1        0.063220        0.016562        0.067404
     Cl   1        0.030732        0.067404        0.004138

     C    2       -0.284341        0.268120       -0.421468
     C    2        0.268120        0.129805       -0.133203
     C    2       -0.421468       -0.133203        0.154537

     C    3        0.095950        0.538859       -0.066076
     C    3        0.538859       -0.243187       -0.584649
     C    3       -0.066076       -0.584649        0.147237

     H    4       -0.251974       -0.127549       -0.552383
     H    4       -0.127549        0.162609       -0.025181
     H    4       -0.552383       -0.025181        0.089366

     C    5       -0.801685        0.416383       -0.439856
     C    5        0.416383        0.445340       -0.052106
     C    5       -0.439856       -0.052106        0.356345

     H    6        0.212634        0.033957       -0.188085
     H    6        0.033957       -0.453368       -0.560740
     H    6       -0.188085       -0.560740        0.240734

     H    7        0.377027       -0.110811        0.155608
     H    7       -0.110811       -0.277030        0.619933
     H    7        0.155608        0.619933       -0.099997

     C    8       -0.128327        0.269771       -0.444735
     C    8        0.269771       -0.017573        0.473373
     C    8       -0.444735        0.473373        0.145900

     H    9       -0.442236        0.357674       -0.328301
     H    9        0.357674        0.231926        0.089477
     H    9       -0.328301        0.089477        0.210310

     C   10       -0.381957       -0.337499       -0.089610
     C   10       -0.337499       -0.020098        0.376095
     C   10       -0.089610        0.376095        0.402056

     C   11       -0.024576        0.379740       -0.408402
     C   11        0.379740       -0.033280        0.725257
     C   11       -0.408402        0.725257        0.057856

     Cl  12       -0.347132       -0.294512        0.036360
     Cl  12       -0.294512        0.163146        0.101992
     Cl  12        0.036360        0.101992        0.183986

     H   13        0.363722       -0.305997        0.062779
     H   13       -0.305997       -0.685742        0.098069
     H   13        0.062779        0.098069        0.322020

     C   14        0.021029        0.119204        0.009906
     C   14        0.119204       -0.215638       -0.201236
     C   14        0.009906       -0.201236        0.194609

     H   15       -0.455609       -0.551251       -0.236715
     H   15       -0.551251        0.094819       -0.119984
     H   15       -0.236715       -0.119984        0.360790

     C   16       -0.356257        0.250976       -0.306959
     C   16        0.250976        0.141180       -0.123758
     C   16       -0.306959       -0.123758        0.215077

     C   17        0.065600        0.404190       -0.014094
     C   17        0.404190       -0.179766       -0.501910
     C   17       -0.014094       -0.501910        0.114165

     Cl  18       -0.123927        0.051973        0.017641
     Cl  18        0.051973       -0.069072        0.079760
     Cl  18        0.017641        0.079760        0.192999

     H   19        0.203515        0.106481       -0.054920
     H   19        0.106481       -0.454977        0.541956
     H   19       -0.054920        0.541956        0.251462

     C   20       -0.462449       -0.315874       -0.301164
     C   20       -0.315874        0.062494        0.116730
     C   20       -0.301164        0.116730        0.399955

     H   21       -0.628832        0.170494        0.194394
     H   21        0.170494        0.392486        0.121374
     H   21        0.194394        0.121374        0.236346

     C   22        0.101063        0.220591       -0.448048
     C   22        0.220591       -0.330694        0.505958
     C   22       -0.448048        0.505958        0.229630

     C   23       -0.612947       -0.331820       -0.374858
     C   23       -0.331820        0.126405        0.087493
     C   23       -0.374858        0.087493        0.486542

     Cl  24       -0.054869        0.041711        0.007448
     Cl  24        0.041711       -0.045491       -0.027547
     Cl  24        0.007448       -0.027547        0.100360

     ----- ionic term -----
     Cl   1        0.195131       -0.233021        0.074299
     Cl   1       -0.233021       -0.026721       -0.029182
     Cl   1        0.074299       -0.029182       -0.168410

     C    2        0.282717       -0.172743        0.337373
     C    2       -0.172743        0.133204        0.277089
     C    2        0.337373        0.277089       -0.415921

     C    3        0.187527       -0.268949        0.250650
     C    3       -0.268949        0.246050        0.273269
     C    3        0.250650        0.273269       -0.433576

     H    4        0.610732        0.307181        0.670511
     H    4        0.307181       -0.360595        0.241285
     H    4        0.670511        0.241285       -0.250137

     C    5        0.305527       -0.240063        0.313584
     C    5       -0.240063        0.132338        0.214128
     C    5        0.313584        0.214128       -0.437866

     H    6       -0.495798        0.006952        0.035135
     H    6        0.006952        0.824356        0.563524
     H    6        0.035135        0.563524       -0.328558

     H    7       -0.515386       -0.062729        0.059221
     H    7       -0.062729        0.444048       -0.790394
     H    7        0.059221       -0.790394        0.071338

     C    8        0.325054        0.155252        0.218256
     C    8        0.155252       -0.003696       -0.346159
     C    8        0.218256       -0.346159       -0.321358

     H    9        0.787530       -0.235532        0.593475
     H    9       -0.235532       -0.479564       -0.199067
     H    9        0.593475       -0.199067       -0.307966

     C   10        0.173223        0.226670        0.144315
     C   10        0.226670        0.138208       -0.453621
     C   10        0.144315       -0.453621       -0.311431

     C   11        0.270382        0.071577        0.242125
     C   11        0.071577        0.068840       -0.468020
     C   11        0.242125       -0.468020       -0.339221

     Cl  12        0.151906        0.197801        0.004275
     Cl  12        0.197801       -0.004178       -0.010991
     Cl  12        0.004275       -0.010991       -0.147728

     H   13       -0.511151        0.052161        0.016414
     H   13        0.052161        0.809537        0.570364
     H   13        0.016414        0.570364       -0.298387

     C   14        0.258001       -0.155835        0.287380
     C   14       -0.155835        0.141145        0.232643
     C   14        0.287380        0.232643       -0.399147

     H   15        0.612025        0.263501        0.672279
     H   15        0.263501       -0.443223        0.213633
     H   15        0.672279        0.213633       -0.168802

     C   16        0.128656       -0.174252        0.252701
     C   16       -0.174252        0.265832        0.302439
     C   16        0.252701        0.302439       -0.394488

     C   17        0.145747       -0.126524        0.311986
     C   17       -0.126524        0.265565        0.322824
     C   17        0.311986        0.322824       -0.411312

     Cl  18        0.094960       -0.194936        0.023698
     Cl  18       -0.194936        0.074359       -0.018008
     Cl  18        0.023698       -0.018008       -0.169318

     H   19       -0.523045       -0.048825        0.022442
     H   19       -0.048825        0.744842       -0.682004
     H   19        0.022442       -0.682004       -0.221796

     C   20        0.387170        0.126533        0.177493
     C   20        0.126533        0.043246       -0.332730
     C   20        0.177493       -0.332730       -0.430416

     H   21        0.841782       -0.437006        0.342916
     H   21       -0.437006       -0.374250       -0.172398
     H   21        0.342916       -0.172398       -0.467532

     C   22        0.288854        0.173916        0.076532
     C   22        0.173916        0.129143       -0.351074
     C   22        0.076532       -0.351074       -0.417997

     C   23        0.293494        0.130124        0.214546
     C   23        0.130124        0.076946       -0.386966
     C   23        0.214546       -0.386966       -0.370440

     Cl  24        0.148706        0.220777       -0.037043
     Cl  24        0.220777        0.003511       -0.023770
     Cl  24       -0.037043       -0.023770       -0.152216

     ----- GIPAW term -----
     Cl   1       -0.365947       -0.429328       -1.177410
     Cl   1       -0.429328       -0.499174       -1.556925
     Cl   1       -1.177410       -1.556925        0.865122

     C    2       -0.015419        0.090014       -0.078541
     C    2        0.090014        0.102200       -0.061082
     C    2       -0.078541       -0.061082       -0.086781

     C    3        0.013073        0.233801       -0.020047
     C    3        0.233801        0.099000       -0.104153
     C    3       -0.020047       -0.104153       -0.112073

     H    4       -0.000000        0.000000        0.000000
     H    4        0.000000        0.000000        0.000000
     H    4        0.000000        0.000000        0.000000

     C    5       -0.159132        0.191825        0.005578
     C    5        0.191825        0.209549        0.126507
     C    5        0.005578        0.126507       -0.050417

     H    6       -0.000000        0.000000        0.000000
     H    6        0.000000        0.000000        0.000000
     H    6        0.000000        0.000000        0.000000

     H    7       -0.000000        0.000000        0.000000
     H    7        0.000000        0.000000        0.000000
     H    7        0.000000        0.000000        0.000000

     C    8       -0.013967        0.218091       -0.105679
     C    8        0.218091        0.113655        0.027588
     C    8       -0.105679        0.027588       -0.099687

     H    9       -0.000000        0.000000        0.000000
     H    9        0.000000        0.000000        0.000000
     H    9        0.000000        0.000000        0.000000

     C   10       -0.069403        0.103328        0.031301
     C   10        0.103328        0.116533        0.084847
     C   10        0.031301        0.084847       -0.047130

     C   11        0.005302        0.235524       -0.005312
     C   11        0.235524        0.111407        0.160885
     C   11       -0.005312        0.160885       -0.116709

     Cl  12       -0.969843        1.498707        0.259778
     Cl  12        1.498707        2.313562        1.146642
     Cl  12        0.259778        1.146642       -1.343719

     H   13       -0.000000        0.000000        0.000000
     H   13        0.000000        0.000000        0.000000
     H   13        0.000000        0.000000        0.000000

     C   14        0.003020        0.073610       -0.003628
     C   14        0.073610        0.046386       -0.062879
     C   14       -0.003628       -0.062879       -0.049406

     H   15       -0.000000        0.000000        0.000000
     H   15        0.000000        0.000000        0.000000
     H   15        0.000000        0.000000        0.000000

     C   16       -0.015791        0.163714       -0.073421
     C   16        0.163714        0.106055       -0.015170
     C   16       -0.073421       -0.015170       -0.090264

     C   17        0.047775        0.155032        0.069818
     C   17        0.155032        0.120106        0.038897
     C   17        0.069818        0.038897       -0.167881

     Cl  18        0.396912       -1.898368        0.226441
     Cl  18       -1.898368       -0.487755        0.678252
     Cl  18        0.226441        0.678252        0.090844

     H   19       -0.000000        0.000000        0.000000
     H   19        0.000000        0.000000        0.000000
     H   19        0.000000        0.000000        0.000000

     C   20        0.027575        0.155548       -0.080907
     C   20        0.155548        0.057700       -0.067386
     C   20       -0.080907       -0.067386       -0.085275

     H   21       -0.000000        0.000000        0.000000
     H   21        0.000000        0.000000        0.000000
     H   21        0.000000        0.000000        0.000000

     C   22        0.100631        0.174734       -0.222306
     C   22        0.174734       -0.089212       -0.017362
     C   22       -0.222306       -0.017362       -0.011419

     C   23       -0.072786        0.153684       -0.142189
     C   23        0.153684        0.083126       -0.140297
     C   23       -0.142189       -0.140297       -0.010341

     Cl  24       -0.004735        2.269582       -1.036108
     Cl  24        2.269582       -0.765441       -1.286690
     Cl  24       -1.036108       -1.286690        0.770176

     ----- total EFG -----
     Cl   1       -0.191516       -0.599128       -1.072379
     Cl   1       -0.599128       -0.509333       -1.518703
     Cl   1       -1.072379       -1.518703        0.700849

     C    2       -0.017044        0.185391       -0.162636
     C    2        0.185391        0.365209        0.082804
     C    2       -0.162636        0.082804       -0.348165

     C    3        0.296550        0.503712        0.164526
     C    3        0.503712        0.101863       -0.415534
     C    3        0.164526       -0.415534       -0.398413

     H    4        0.358758        0.179632        0.118128
     H    4        0.179632       -0.197987        0.216103
     H    4        0.118128        0.216103       -0.160771

     C    5       -0.655289        0.368146       -0.120693
     C    5        0.368146        0.787227        0.288529
     C    5       -0.120693        0.288529       -0.131938

     H    6       -0.283164        0.040909       -0.152950
     H    6        0.040909        0.370988        0.002785
     H    6       -0.152950        0.002785       -0.087824

     H    7       -0.138359       -0.173540        0.214829
     H    7       -0.173540        0.167018       -0.170461
     H    7        0.214829       -0.170461       -0.028659

     C    8        0.182759        0.643114       -0.332158
     C    8        0.643114        0.092386        0.154802
     C    8       -0.332158        0.154802       -0.275145

     H    9        0.345294        0.122143        0.265174
     H    9        0.122143       -0.247638       -0.109589
     H    9        0.265174       -0.109589       -0.097656

     C   10       -0.278137       -0.007501        0.086006
     C   10       -0.007501        0.234643        0.007320
     C   10        0.086006        0.007320        0.043494

     C   11        0.251108        0.686842       -0.171589
     C   11        0.686842        0.146966        0.418122
     C   11       -0.171589        0.418122       -0.398075

     Cl  12       -1.165069        1.401996        0.300412
     Cl  12        1.401996        2.472530        1.237644
     Cl  12        0.300412        1.237644       -1.307461

     H   13       -0.147429       -0.253835        0.079194
     H   13       -0.253835        0.123796        0.668433
     H   13        0.079194        0.668433        0.023633

     C   14        0.282050        0.036980        0.293659
     C   14        0.036980       -0.028107       -0.031473
     C   14        0.293659       -0.031473       -0.253943

     H   15        0.156416       -0.287750        0.435564
     H   15       -0.287750       -0.348404        0.093649
     H   15        0.435564        0.093649        0.191989

     C   16       -0.243392        0.240437       -0.127679
     C   16        0.240437        0.513067        0.163512
     C   16       -0.127679        0.163512       -0.269675

     C   17        0.259123        0.432698        0.367711
     C   17        0.432698        0.205905       -0.140189
     C   17        0.367711       -0.140189       -0.465028

     Cl  18        0.367944       -2.041331        0.267780
     Cl  18       -2.041331       -0.482468        0.740004
     Cl  18        0.267780        0.740004        0.114525

     H   19       -0.319530        0.057656       -0.032478
     H   19        0.057656        0.289865       -0.140049
     H   19       -0.032478       -0.140049        0.029665

     C   20       -0.047704       -0.033793       -0.204578
     C   20       -0.033793        0.163441       -0.283386
     C   20       -0.204578       -0.283386       -0.115737

     H   21        0.212950       -0.266512        0.537311
     H   21       -0.266512        0.018237       -0.051023
     H   21        0.537311       -0.051023       -0.231187

     C   22        0.490549        0.569241       -0.593822
     C   22        0.569241       -0.290762        0.137522
     C   22       -0.593822        0.137522       -0.199786

     C   23       -0.392239       -0.048012       -0.302502
     C   23       -0.048012        0.286477       -0.439771
     C   23       -0.302502       -0.439771        0.105762

     Cl  24        0.089101        2.532069       -1.065703
     Cl  24        2.532069       -0.807420       -1.338007
     Cl  24       -1.065703       -1.338007        0.718319

     ----- total EFG (symmetrized) -----
     Cl   1       -0.191516       -0.599128       -1.072379
     Cl   1       -0.599128       -0.509333       -1.518703
     Cl   1       -1.072379       -1.518703        0.700849

     C    2       -0.017044        0.185391       -0.162636
     C    2        0.185391        0.365209        0.082804
     C    2       -0.162636        0.082804       -0.348165

     C    3        0.296550        0.503712        0.164526
     C    3        0.503712        0.101863       -0.415534
     C    3        0.164526       -0.415534       -0.398413

     H    4        0.358758        0.179632        0.118128
     H    4        0.179632       -0.197987        0.216103
     H    4        0.118128        0.216103       -0.160771

     C    5       -0.655289        0.368146       -0.120693
     C    5        0.368146        0.787227        0.288529
     C    5       -0.120693        0.288529       -0.131938

     H    6       -0.283164        0.040909       -0.152950
     H    6        0.040909        0.370988        0.002785
     H    6       -0.152950        0.002785       -0.087824

     H    7       -0.138359       -0.173540        0.214829
     H    7       -0.173540        0.167018       -0.170461
     H    7        0.214829       -0.170461       -0.028659

     C    8        0.182759        0.643114       -0.332158
     C    8        0.643114        0.092386        0.154802
     C    8       -0.332158        0.154802       -0.275145

     H    9        0.345294        0.122143        0.265174
     H    9        0.122143       -0.247638       -0.109589
     H    9        0.265174       -0.109589       -0.097656

     C   10       -0.278137       -0.007501        0.086006
     C   10       -0.007501        0.234643        0.007320
     C   10        0.086006        0.007320        0.043494

     C   11        0.251108        0.686842       -0.171589
     C   11        0.686842        0.146966        0.418122
     C   11       -0.171589        0.418122       -0.398075

     Cl  12       -1.165069        1.401996        0.300412
     Cl  12        1.401996        2.472530        1.237644
     Cl  12        0.300412        1.237644       -1.307461

     H   13       -0.147429       -0.253835        0.079194
     H   13       -0.253835        0.123796        0.668433
     H   13        0.079194        0.668433        0.023633

     C   14        0.282050        0.036980        0.293659
     C   14        0.036980       -0.028107       -0.031473
     C   14        0.293659       -0.031473       -0.253943

     H   15        0.156416       -0.287750        0.435564
     H   15       -0.287750       -0.348404        0.093649
     H   15        0.435564        0.093649        0.191989

     C   16       -0.243392        0.240437       -0.127679
     C   16        0.240437        0.513067        0.163512
     C   16       -0.127679        0.163512       -0.269675

     C   17        0.259123        0.432698        0.367711
     C   17        0.432698        0.205905       -0.140189
     C   17        0.367711       -0.140189       -0.465028

     Cl  18        0.367944       -2.041331        0.267780
     Cl  18       -2.041331       -0.482468        0.740004
     Cl  18        0.267780        0.740004        0.114525

     H   19       -0.319530        0.057656       -0.032478
     H   19        0.057656        0.289865       -0.140049
     H   19       -0.032478       -0.140049        0.029665

     C   20       -0.047704       -0.033793       -0.204578
     C   20       -0.033793        0.163441       -0.283386
     C   20       -0.204578       -0.283386       -0.115737

     H   21        0.212950       -0.266512        0.537311
     H   21       -0.266512        0.018237       -0.051023
     H   21        0.537311       -0.051023       -0.231187

     C   22        0.490549        0.569241       -0.593822
     C   22        0.569241       -0.290762        0.137522
     C   22       -0.593822        0.137522       -0.199786

     C   23       -0.392239       -0.048012       -0.302502
     C   23       -0.048012        0.286477       -0.439771
     C   23       -0.302502       -0.439771        0.105762

     Cl  24        0.089101        2.532069       -1.065703
     Cl  24        2.532069       -0.807420       -1.338007
     Cl  24       -1.065703       -1.338007        0.718319


     NQR/NMR SPECTROSCOPIC PARAMETERS:
     Cl   1    Vxx=    0.2676    axis=(  0.813465 -0.581134 -0.023609)
     Cl   1    Vyy=    1.9047    axis=( -0.299711 -0.453629  0.839282)
     Cl   1    Vzz=   -2.1723    axis=( -0.498445 -0.675651 -0.543184)
     Cl   1  Q=        -8.1650 1e-30 m^2  Cq=        41.6740 MHz  eta= 0.75360

     C    2    Vxx=    0.0021    axis=( -0.828860  0.318226  0.460134)
     C    2    Vyy=    0.4407    axis=( -0.368732 -0.929287 -0.021525)
     C    2    Vzz=   -0.4428    axis=(  0.420747 -0.187507  0.887588)
     C    2  Q=         1.0000 1e-30 m^2  Cq=        -1.0403 MHz  eta= 0.99067

     C    3    Vxx=    0.0584    axis=( -0.580281  0.487462 -0.652422)
     C    3    Vyy=    0.7320    axis=( -0.725419 -0.673503  0.141993)
     C    3    Vzz=   -0.7904    axis=( -0.370192  0.555675  0.744435)
     C    3  Q=         1.0000 1e-30 m^2  Cq=        -1.8571 MHz  eta= 0.85225

     H    4    Vxx=   -0.0634    axis=( -0.434854  0.556528  0.707940)
     H    4    Vyy=   -0.4005    axis=( -0.079225  0.759469 -0.645701)
     H    4    Vzz=    0.4639    axis=(  0.897009  0.336872  0.286167)
     H    4  Q=         1.0000 1e-30 m^2  Cq=         1.0900 MHz  eta= 0.72646

     C    5    Vxx=   -0.1383    axis=( -0.330241 -0.158704  0.930459)
     C    5    Vyy=   -0.7982    axis=( -0.921984  0.265408 -0.281964)
     C    5    Vzz=    0.9365    axis=( -0.202203 -0.950984 -0.233972)
     C    5  Q=         1.0000 1e-30 m^2  Cq=         2.2004 MHz  eta= 0.70461

     H    6    Vxx=   -0.0048    axis=( -0.475939  0.045304  0.878311)
     H    6    Vyy=   -0.3688    axis=( -0.877012  0.050293 -0.477829)
     H    6    Vzz=    0.3736    axis=( -0.065821 -0.997706  0.015795)
     H    6  Q=         1.0000 1e-30 m^2  Cq=         0.8779 MHz  eta= 0.97431

     H    7    Vxx=   -0.0866    axis=(  0.366683  0.678584  0.636450)
     H    7    Vyy=   -0.3083    axis=(  0.816258  0.093584 -0.570057)
     H    7    Vzz=    0.3949    axis=(  0.446393 -0.728537  0.519584)
     H    7  Q=         1.0000 1e-30 m^2  Cq=         0.9279 MHz  eta= 0.56126

     C    8    Vxx=   -0.0471    axis=( -0.304857  0.520784  0.797400)
     C    8    Vyy=   -0.7543    axis=( -0.589033  0.554820 -0.587550)
     C    8    Vzz=    0.8014    axis=( -0.748399 -0.648814  0.137618)
     C    8  Q=         1.0000 1e-30 m^2  Cq=         1.8829 MHz  eta= 0.88256

     H    9    Vxx=   -0.0864    axis=( -0.245045 -0.665168  0.705340)
     H    9    Vyy=   -0.3889    axis=( -0.333767  0.740928  0.582774)
     H    9    Vzz=    0.4753    axis=(  0.910249  0.092614  0.403572)
     H    9  Q=         1.0000 1e-30 m^2  Cq=         1.1167 MHz  eta= 0.63629

     C   10    Vxx=    0.0649    axis=(  0.243724 -0.031031  0.969348)
     C   10    Vyy=    0.2350    axis=( -0.008874  0.999375  0.034223)
     C   10    Vzz=   -0.2998    axis=( -0.969804 -0.016943  0.243297)
     C   10  Q=         1.0000 1e-30 m^2  Cq=        -0.7045 MHz  eta= 0.56721

     C   11    Vxx=   -0.0330    axis=(  0.550296 -0.409454 -0.727683)
     C   11    Vyy=   -0.8761    axis=( -0.456920  0.581765 -0.672885)
     C   11    Vzz=    0.9091    axis=( -0.698856 -0.702778 -0.133055)
     C   11  Q=         1.0000 1e-30 m^2  Cq=         2.1361 MHz  eta= 0.92731

     Cl  12    Vxx=   -1.5389    axis=(  0.749869 -0.058767 -0.658972)
     Cl  12    Vyy=   -1.7606    axis=( -0.587057  0.400175 -0.703722)
     Cl  12    Vzz=    3.2996    axis=( -0.305059 -0.914553 -0.265579)
     Cl  12  Q=        -8.1650 1e-30 m^2  Cq=       -63.3008 MHz  eta= 0.06719

     H   13    Vxx=   -0.0682    axis=(  0.906420 -0.161043  0.390471)
     H   13    Vyy=   -0.6958    axis=( -0.394924 -0.650984  0.648271)
     H   13    Vzz=    0.7641    axis=( -0.149791  0.741812  0.653665)
     H   13  Q=         1.0000 1e-30 m^2  Cq=         1.7952 MHz  eta= 0.82144

     C   14    Vxx=   -0.0238    axis=(  0.004635  0.991544 -0.129691)
     C   14    Vyy=   -0.3888    axis=( -0.403640  0.120513  0.906946)
     C   14    Vzz=    0.4126    axis=(  0.914906  0.048145  0.400785)
     C   14  Q=         1.0000 1e-30 m^2  Cq=         0.9695 MHz  eta= 0.88456

     H   15    Vxx=   -0.0401    axis=( -0.467326  0.625903  0.624381)
     H   15    Vyy=   -0.5894    axis=(  0.517838  0.766205 -0.380491)
     H   15    Vzz=    0.6295    axis=( -0.716555  0.145515 -0.682184)
     H   15  Q=         1.0000 1e-30 m^2  Cq=         1.4791 MHz  eta= 0.87248

     C   16    Vxx=   -0.1331    axis=(  0.684648 -0.071195 -0.725388)
     C   16    Vyy=   -0.4674    axis=( -0.684256  0.280074 -0.673314)
     C   16    Vzz=    0.6006    axis=( -0.251099 -0.957335 -0.143036)
     C   16  Q=         1.0000 1e-30 m^2  Cq=         1.4111 MHz  eta= 0.55669

     C   17    Vxx=    0.0303    axis=( -0.460765  0.703481 -0.541120)
     C   17    Vyy=    0.6950    axis=( -0.761689 -0.626384 -0.165749)
     C   17    Vzz=   -0.7253    axis=( -0.455550  0.335794  0.824449)
     C   17  Q=         1.0000 1e-30 m^2  Cq=        -1.7042 MHz  eta= 0.91636

     Cl  18    Vxx=    0.3016    axis=(  0.291951  0.133725  0.947039)
     Cl  18    Vyy=    2.0648    axis=( -0.752160  0.643724  0.140978)
     Cl  18    Vzz=   -2.3664    axis=( -0.590779 -0.753484  0.288518)
     Cl  18  Q=        -8.1650 1e-30 m^2  Cq=        45.3974 MHz  eta= 0.74512

     H   19    Vxx=   -0.0312    axis=( -0.022459  0.403064  0.914896)
     H   19    Vyy=   -0.3261    axis=( -0.995048  0.079613 -0.059501)
     H   19    Vzz=    0.3573    axis=( -0.096820 -0.911702  0.399281)
     H   19  Q=         1.0000 1e-30 m^2  Cq=         0.8396 MHz  eta= 0.82516

     C   20    Vxx=    0.0413    axis=(  0.844855 -0.447259 -0.293563)
     C   20    Vyy=    0.3578    axis=( -0.221282 -0.791721  0.569396)
     C   20    Vzz=   -0.3991    axis=( -0.487088 -0.416097 -0.767860)
     C   20  Q=         1.0000 1e-30 m^2  Cq=        -0.9377 MHz  eta= 0.79317

     H   21    Vxx=   -0.0595    axis=(  0.199400  0.914358  0.352405)
     H   21    Vyy=   -0.6099    axis=( -0.578079 -0.180622  0.795739)
     H   21    Vzz=    0.6695    axis=(  0.791243 -0.362388  0.492555)
     H   21  Q=         1.0000 1e-30 m^2  Cq=         1.5730 MHz  eta= 0.82211

     C   22    Vxx=   -0.1079    axis=(  0.050103  0.695278  0.716993)
     C   22    Vyy=   -0.8784    axis=(  0.514207 -0.633393  0.578277)
     C   22    Vzz=    0.9864    axis=( -0.856201 -0.339709  0.389252)
     C   22  Q=         1.0000 1e-30 m^2  Cq=         2.3176 MHz  eta= 0.78117

     C   23    Vxx=   -0.0608    axis=( -0.582396  0.605859  0.541987)
     C   23    Vyy=   -0.6084    axis=( -0.798141 -0.299683 -0.522648)
     C   23    Vzz=    0.6691    axis=( -0.154226 -0.736970  0.658095)
     C   23  Q=         1.0000 1e-30 m^2  Cq=         1.5722 MHz  eta= 0.81833

     Cl  24    Vxx=   -0.3386    axis=(  0.488431  0.267136  0.830707)
     Cl  24    Vyy=   -2.9675    axis=( -0.611708  0.783727  0.107638)
     Cl  24    Vzz=    3.3060    axis=( -0.622293 -0.560723  0.546206)
     Cl  24  Q=        -8.1650 1e-30 m^2  Cq=       -63.4248 MHz  eta= 0.79519

     Initialization:
     gipaw_setup  :      9.12s CPU     10.73s WALL (       1 calls)

     Linear response

     Apply operators

     Induced current

     Other routines
     efg          :      9.16s CPU     11.22s WALL (       1 calls)

     General routines
     calbec       :      3.24s CPU      4.00s WALL (      16 calls)
     fft          :      1.68s CPU      3.09s WALL (      15 calls)
     ffts         :      0.02s CPU      0.04s WALL (       2 calls)
     fftw         :      3.19s CPU      3.84s WALL (     672 calls)
     davcio       :      0.02s CPU      0.32s WALL (      32 calls)

     Parallel routines
     fft_scatter  :      2.30s CPU      4.18s WALL (     689 calls)

     Plugins

     GIPAW        :     60.18s CPU     76.52s WALL (       1 calls)
