
     Program QE v.6.0 (svn rev. 13079) starts on  1Jan2017 at 11: 1:46 

     This program is part of the open-source Quantum ESPRESSO suite
     for quantum simulation of materials; please cite
         "P. Giannozzi et al., J. Phys.:Condens. Matter 21 395502 (2009);
          URL http://www.quantum-espresso.org", 
     in publications or presentations arising from this work. More details at
     http://www.quantum-espresso.org/quote

     Parallel version (MPI), running on     8 processors
     R & G space division:  proc/nbgrp/npool/nimage =       8

     ***** This is GIPAW svn revision unknown      *****

     Parallelizing q-star over 1 images

     Reading data from directory:
     /users/majewski/paradichlorobenzene/pbe/9_constraint/scratch/pbe.ecut100.np8.dt60.pcl2phi-129368.save
     Message from routine read_xml_file:
     file /users/majewski/paradichlorobenzene/pbe/9_constraint/scratch/pbe.ecut100.np8.dt60.pcl2phi-129368.save not guaranteed to be safe for post-processing

   Info: using nr1, nr2, nr3 values from input

   Info: using nr1, nr2, nr3 values from input

     IMPORTANT: XC functional enforced from input :
     Exchange-correlation      =  SLA  PW   PBX  PBC ( 1  4  3  4 0 0)
     Any further DFT definition will be discarded
     Please, verify this is what you really want

               file C.pbe-n-kjpaw_psl.1.0.0.UPF: wavefunction(s)  2S 2P renormalized
               file Cl.pbe-n-kjpaw_psl.1.0.0.UPF: wavefunction(s)  3S 3P renormalized
               file H.pbe-kjpaw_psl.1.0.0.UPF: wavefunction(s)  1S renormalized

     Parallelization info
     --------------------
     sticks:   dense  smooth     PW     G-vecs:    dense   smooth      PW
     Min        3057    1223    332               144436    36536    5170
     Max        3059    1225    333               144437    36537    5171
     Sum       24467    9791   2657              1155489   292295   41363


     Subspace diagonalization in iterative solution of the eigenvalue problem:
     a serial algorithm will be used

     GIPAW projectors -----------------------------------------------
     atom=  C    l=0  rc=    1.2000  rs=    0.8000
     atom=  C    l=0  rc=    1.2000  rs=    0.8000
     atom=  C    l=1  rc=    1.4000  rs=    0.9333
     atom=  C    l=1  rc=    1.4000  rs=    0.9333
     projs nearly linearly dependent: l=1  n1,n2= 1, 2  s=  0.99951561

     atom=  Cl   l=0  rc=    1.6000  rs=    1.0667
     atom=  Cl   l=0  rc=    1.6000  rs=    1.0667
     atom=  Cl   l=1  rc=    1.6000  rs=    1.0667
     atom=  Cl   l=1  rc=    1.6000  rs=    1.0667
     atom=  Cl   l=2  rc=    1.6000  rs=    1.0667
     atom=  Cl   l=2  rc=    1.6000  rs=    1.0667
     projs nearly linearly dependent: l=2  n1,n2= 1, 2  s=  0.99993509

     atom=  H    l=0  rc=    1.0000  rs=    0.6667
     atom=  H    l=0  rc=    1.0000  rs=    0.6667
     projs nearly linearly dependent: l=0  n1,n2= 1, 2  s=  0.99968852
     -----------------------------------------------------------------

     GIPAW integrals: -------------------------------------------
     Atom  i/j   nmr_para   nmr_dia   epr_rmc  epr_para   epr_dia
       C   1 1   0.83E+03  0.17E-01  0.93E+01  0.24E+08  0.24E+03
       C   2 1   0.86E+03 -0.61E-01  0.94E+01  0.25E+08  0.25E+03
       C   2 2   0.90E+03 -0.15E+00  0.97E+01  0.26E+08  0.26E+03
       C   3 3   0.33E+01  0.34E+00  0.18E+01  0.55E+03  0.21E+02
       C   4 3   0.35E+01  0.37E+00  0.20E+01  0.59E+03  0.22E+02
       C   4 4   0.38E+01  0.39E+00  0.22E+01  0.63E+03  0.24E+02
       Cl  1 1   0.14E+04 -0.47E+00  0.84E+01  0.32E+09  0.42E+03
       Cl  2 1   0.21E+04 -0.37E+00  0.12E+02  0.49E+09  0.65E+03
       Cl  2 2   0.33E+04 -0.16E+00  0.21E+02  0.76E+09  0.10E+04
       Cl  3 3   0.21E+02  0.79E-01  0.89E+01  0.23E+05  0.13E+03
       Cl  4 3   0.24E+02  0.67E-01  0.99E+01  0.27E+05  0.15E+03
       Cl  4 4   0.28E+02  0.44E-01  0.11E+02  0.32E+05  0.18E+03
       Cl  5 5   0.77E+00  0.19E+00  0.18E+01  0.12E+03  0.22E+02
       Cl  6 5   0.80E+00  0.19E+00  0.19E+01  0.12E+03  0.23E+02
       Cl  6 6   0.83E+00  0.20E+00  0.19E+01  0.12E+03  0.23E+02
       H   1 1   0.39E+02  0.19E+00  0.29E+00  0.78E+05  0.13E+02
       H   2 1   0.41E+02  0.21E+00  0.32E+00  0.82E+05  0.14E+02
       H   2 2   0.43E+02  0.22E+00  0.36E+00  0.86E+05  0.15E+02
     ------------------------------------------------------------

     alpha_pv=     33.9439 eV

     Number of occupied bands for each k-point:
     k-point:     1    nbnd_occ=  42
     k-point:     2    nbnd_occ=  42
     k-point:     3    nbnd_occ=  42
     k-point:     4    nbnd_occ=  42
     k-point:     5    nbnd_occ=  42
     k-point:     6    nbnd_occ=  42
     k-point:     7    nbnd_occ=  42
     k-point:     8    nbnd_occ=  42
     k-point:     9    nbnd_occ=  42
     k-point:    10    nbnd_occ=  42
     k-point:    11    nbnd_occ=  42
     k-point:    12    nbnd_occ=  42
     k-point:    13    nbnd_occ=  42
     k-point:    14    nbnd_occ=  42
     k-point:    15    nbnd_occ=  42
     k-point:    16    nbnd_occ=  42


     q-space interpolation up to   110.00 Rydberg

     GIPAW job: efg                                                                             


     ELECTRIC FIELD GRADIENTS TENSORS IN Hartree/bohrradius^2:

     ----- bare term -----
     Cl   1       -0.070337        0.149039       -0.004133
     Cl   1        0.149039        0.107591        0.020192
     Cl   1       -0.004133        0.020192       -0.037253

     C    2       -0.087583        0.054386       -0.334640
     C    2        0.054386       -0.449251       -0.442952
     C    2       -0.334640       -0.442952        0.536834

     C    3       -0.491374        0.275005       -0.336738
     C    3        0.275005       -0.091462       -0.220276
     C    3       -0.336738       -0.220276        0.582835

     H    4       -0.204948       -0.212694       -0.554368
     H    4       -0.212694        0.365669       -0.256828
     H    4       -0.554368       -0.256828       -0.160721

     C    5       -0.044378        0.232829       -0.053661
     C    5        0.232829       -0.391841       -0.249471
     C    5       -0.053661       -0.249471        0.436219

     H    6        0.412509       -0.129955       -0.245760
     H    6       -0.129955       -0.026525       -0.530464
     H    6       -0.245760       -0.530464       -0.385985

     H    7        0.507946        0.021338        0.089164
     H    7        0.021338        0.073095        0.328778
     H    7        0.089164        0.328778       -0.581041

     C    8       -0.284680       -0.327033       -0.043390
     C    8       -0.327033       -0.262648        0.437067
     C    8       -0.043390        0.437067        0.547328

     H    9        0.069530        0.077521       -0.480679
     H    9        0.077521        0.454160       -0.046440
     H    9       -0.480679       -0.046440       -0.523689

     C   10       -0.257149       -0.090227       -0.217110
     C   10       -0.090227       -0.115518        0.494655
     C   10       -0.217110        0.494655        0.372667

     C   11       -0.215205       -0.216121       -0.286127
     C   11       -0.216121       -0.266181        0.467874
     C   11       -0.286127        0.467874        0.481387

     Cl  12        0.015282       -0.046452       -0.033480
     Cl  12       -0.046452        0.018806       -0.061816
     Cl  12       -0.033480       -0.061816       -0.034087

     H   13        0.283152       -0.233545        0.084523
     H   13       -0.233545       -0.513797       -0.354969
     H   13        0.084523       -0.354969        0.230645

     C   14       -0.608169        0.253365       -0.438709
     C   14        0.253365       -0.037228       -0.094209
     C   14       -0.438709       -0.094209        0.645397

     H   15       -0.545490       -0.255594        0.085208
     H   15       -0.255594        0.436445       -0.134740
     H   15        0.085208       -0.134740        0.109045

     C   16        0.018384        0.149619       -0.072587
     C   16        0.149619       -0.545203       -0.352710
     C   16       -0.072587       -0.352710        0.526819

     C   17       -0.541526        0.013342       -0.146059
     C   17        0.013342        0.147478       -0.189446
     C   17       -0.146059       -0.189446        0.394048

     Cl  18       -0.000685        0.020528        0.041558
     Cl  18        0.020528        0.013823       -0.026850
     Cl  18        0.041558       -0.026850       -0.013138

     H   19        0.474712        0.219753        0.048012
     H   19        0.219753       -0.690985       -0.109378
     H   19        0.048012       -0.109378        0.216272

     C   20       -0.367639       -0.061191       -0.271015
     C   20       -0.061191       -0.070817        0.282719
     C   20       -0.271015        0.282719        0.438455

     H   21       -0.233069        0.495813       -0.068892
     H   21        0.495813       -0.084331       -0.172227
     H   21       -0.068892       -0.172227        0.317401

     C   22       -0.269118       -0.307949       -0.134223
     C   22       -0.307949       -0.285041        0.523239
     C   22       -0.134223        0.523239        0.554159

     C   23       -0.331845        0.015503       -0.340435
     C   23        0.015503       -0.083089        0.552779
     C   23       -0.340435        0.552779        0.414935

     Cl  24       -0.067981       -0.040517        0.061115
     Cl  24       -0.040517       -0.008464       -0.122862
     Cl  24        0.061115       -0.122862        0.076445

     ----- ionic term -----
     Cl   1        0.143898       -0.185157       -0.038187
     Cl   1       -0.185157       -0.031024        0.019600
     Cl   1       -0.038187        0.019600       -0.112874

     C    2        0.271621       -0.141295        0.186760
     C    2       -0.141295        0.041037        0.399061
     C    2        0.186760        0.399061       -0.312659

     C    3        0.175942       -0.250715        0.126267
     C    3       -0.250715        0.179556        0.410594
     C    3        0.126267        0.410594       -0.355498

     H    4        0.682153        0.334885        0.647188
     H    4        0.334885       -0.445835        0.249229
     H    4        0.647188        0.249229       -0.236318

     C    5        0.295687       -0.155133        0.220945
     C    5       -0.155133        0.075446        0.338549
     C    5        0.220945        0.338549       -0.371133

     H    6       -0.497294        0.189353        0.128477
     H    6        0.189353        0.656547        0.705448
     H    6        0.128477        0.705448       -0.159252

     H    7       -0.507507        0.059224       -0.026594
     H    7        0.059224        0.434677       -0.761972
     H    7       -0.026594       -0.761972        0.072830

     C    8        0.206007        0.252995        0.235703
     C    8        0.252995        0.068927       -0.286506
     C    8        0.235703       -0.286506       -0.274934

     H    9        0.433497       -0.290281        0.753667
     H    9       -0.290281       -0.409197       -0.295998
     H    9        0.753667       -0.295998       -0.024301

     C   10        0.073629        0.236363        0.222235
     C   10        0.236363        0.227583       -0.390624
     C   10        0.222235       -0.390624       -0.301212

     C   11        0.214034        0.151915        0.307522
     C   11        0.151915        0.135130       -0.358304
     C   11        0.307522       -0.358304       -0.349164

     Cl  12        0.131983        0.228007        0.053619
     Cl  12        0.228007        0.013085        0.023363
     Cl  12        0.053619        0.023363       -0.145068

     H   13       -0.517195        0.122994        0.078411
     H   13        0.122994        0.569708        0.757707
     H   13        0.078411        0.757707       -0.052513

     C   14        0.308848       -0.190983        0.211777
     C   14       -0.190983        0.032228        0.330833
     C   14        0.211777        0.330833       -0.341076

     H   15        0.705517        0.298923        0.621804
     H   15        0.298923       -0.442027        0.219729
     H   15        0.621804        0.219729       -0.263490

     C   16        0.188252       -0.231242        0.155143
     C   16       -0.231242        0.145547        0.408042
     C   16        0.155143        0.408042       -0.333800

     C   17        0.206977       -0.102784        0.255942
     C   17       -0.102784        0.097608        0.408122
     C   17        0.255942        0.408122       -0.304585

     Cl  18        0.125032       -0.185909        0.007969
     Cl  18       -0.185909        0.020098        0.007463
     Cl  18        0.007969        0.007463       -0.145130

     H   19       -0.507057       -0.093544        0.048942
     H   19       -0.093544        0.695648       -0.669451
     H   19        0.048942       -0.669451       -0.188591

     C   20        0.284976        0.155104        0.289635
     C   20        0.155104        0.103649       -0.261405
     C   20        0.289635       -0.261405       -0.388625

     H   21        0.625006       -0.518258        0.505614
     H   21       -0.518258       -0.222405       -0.270921
     H   21        0.505614       -0.270921       -0.402601

     C   22        0.124510        0.162929        0.193748
     C   22        0.162929        0.283926       -0.336415
     C   22        0.193748       -0.336415       -0.408436

     C   23        0.096879        0.175323        0.255531
     C   23        0.175323        0.222442       -0.346024
     C   23        0.255531       -0.346024       -0.319321

     Cl  24        0.109244        0.184045        0.016541
     Cl  24        0.184045        0.042965        0.003300
     Cl  24        0.016541        0.003300       -0.152209

     ----- GIPAW term -----
     Cl   1        0.959372       -1.176752       -0.042402
     Cl   1       -1.176752        0.988280        0.186699
     Cl   1       -0.042402        0.186699       -1.947652

     C    2       -0.063635       -0.088421       -0.092311
     C    2       -0.088421       -0.181414       -0.065585
     C    2       -0.092311       -0.065585        0.245049

     C    3       -0.207487        0.016608       -0.113700
     C    3        0.016608       -0.092471        0.022534
     C    3       -0.113700        0.022534        0.299959

     H    4       -0.000000        0.000000        0.000000
     H    4        0.000000        0.000000        0.000000
     H    4        0.000000        0.000000        0.000000

     C    5       -0.082667        0.027205        0.027185
     C    5        0.027205       -0.177180        0.044663
     C    5        0.027185        0.044663        0.259848

     H    6       -0.000000        0.000000        0.000000
     H    6        0.000000        0.000000        0.000000
     H    6        0.000000        0.000000        0.000000

     H    7       -0.000000        0.000000        0.000000
     H    7        0.000000        0.000000        0.000000
     H    7        0.000000        0.000000        0.000000

     C    8       -0.116452       -0.027992        0.071982
     C    8       -0.027992       -0.156360        0.158118
     C    8        0.071982        0.158118        0.272812

     H    9       -0.000000        0.000000        0.000000
     H    9        0.000000        0.000000        0.000000
     H    9        0.000000        0.000000        0.000000

     C   10       -0.171497        0.024398       -0.021044
     C   10        0.024398       -0.039168        0.204012
     C   10       -0.021044        0.204012        0.210665

     C   11       -0.102746        0.035194       -0.057916
     C   11        0.035194       -0.072156        0.204303
     C   11       -0.057916        0.204303        0.174902

     Cl  12       -0.666994        1.089067       -0.447784
     Cl  12        1.089067       -0.922758        1.257995
     Cl  12       -0.447784        1.257995        1.589752

     H   13       -0.000000        0.000000        0.000000
     H   13        0.000000        0.000000        0.000000
     H   13        0.000000        0.000000        0.000000

     C   14       -0.154421        0.021938       -0.159943
     C   14        0.021938       -0.113835        0.030400
     C   14       -0.159943        0.030400        0.268256

     H   15       -0.000000        0.000000        0.000000
     H   15        0.000000        0.000000        0.000000
     H   15        0.000000        0.000000        0.000000

     C   16       -0.088220       -0.001766       -0.051905
     C   16       -0.001766       -0.162975        0.022538
     C   16       -0.051905        0.022538        0.251194

     C   17       -0.110017       -0.045413        0.020917
     C   17       -0.045413       -0.064430        0.010384
     C   17        0.020917        0.010384        0.174447

     Cl  18       -0.640903       -1.388638       -0.114430
     Cl  18       -1.388638       -1.195216        0.923336
     Cl  18       -0.114430        0.923336        1.836119

     H   19       -0.000000        0.000000        0.000000
     H   19        0.000000        0.000000        0.000000
     H   19        0.000000        0.000000        0.000000

     C   20       -0.123530       -0.023096       -0.061110
     C   20       -0.023096       -0.040565        0.162639
     C   20       -0.061110        0.162639        0.164095

     H   21       -0.000000        0.000000        0.000000
     H   21        0.000000        0.000000        0.000000
     H   21        0.000000        0.000000        0.000000

     C   22       -0.149265       -0.054504       -0.056924
     C   22       -0.054504       -0.068708        0.196065
     C   22       -0.056924        0.196065        0.217973

     C   23       -0.057970        0.118652       -0.073655
     C   23        0.118652       -0.055822        0.147396
     C   23       -0.073655        0.147396        0.113791

     Cl  24        0.684108        1.718967        0.492500
     Cl  24        1.718967        0.054127       -1.086586
     Cl  24        0.492500       -1.086586       -0.738235

     ----- total EFG -----
     Cl   1        1.032933       -1.212870       -0.084722
     Cl   1       -1.212870        1.064847        0.226490
     Cl   1       -0.084722        0.226490       -2.097779

     C    2        0.120403       -0.175330       -0.240192
     C    2       -0.175330       -0.589627       -0.109476
     C    2       -0.240192       -0.109476        0.469225

     C    3       -0.522919        0.040898       -0.324172
     C    3        0.040898       -0.004376        0.212852
     C    3       -0.324172        0.212852        0.527296

     H    4        0.477205        0.122191        0.092820
     H    4        0.122191       -0.080166       -0.007599
     H    4        0.092820       -0.007599       -0.397039

     C    5        0.168642        0.104901        0.194469
     C    5        0.104901       -0.493575        0.133742
     C    5        0.194469        0.133742        0.324933

     H    6       -0.084785        0.059398       -0.117283
     H    6        0.059398        0.630022        0.174984
     H    6       -0.117283        0.174984       -0.545237

     H    7        0.000439        0.080563        0.062569
     H    7        0.080563        0.507772       -0.433193
     H    7        0.062569       -0.433193       -0.508211

     C    8       -0.195125       -0.102029        0.264295
     C    8       -0.102029       -0.350081        0.308679
     C    8        0.264295        0.308679        0.545205

     H    9        0.503027       -0.212759        0.272988
     H    9       -0.212759        0.044963       -0.342437
     H    9        0.272988       -0.342437       -0.547990

     C   10       -0.355017        0.170534       -0.015919
     C   10        0.170534        0.072897        0.308043
     C   10       -0.015919        0.308043        0.282120

     C   11       -0.103918       -0.029013       -0.036520
     C   11       -0.029013       -0.203208        0.313873
     C   11       -0.036520        0.313873        0.307125

     Cl  12       -0.519730        1.270622       -0.427645
     Cl  12        1.270622       -0.890867        1.219543
     Cl  12       -0.427645        1.219543        1.410597

     H   13       -0.234044       -0.110551        0.162934
     H   13       -0.110551        0.055911        0.402738
     H   13        0.162934        0.402738        0.178133

     C   14       -0.453743        0.084321       -0.386875
     C   14        0.084321       -0.118834        0.267023
     C   14       -0.386875        0.267023        0.572577

     H   15        0.160027        0.043329        0.707011
     H   15        0.043329       -0.005582        0.084989
     H   15        0.707011        0.084989       -0.154445

     C   16        0.118417       -0.083389        0.030651
     C   16       -0.083389       -0.562631        0.077870
     C   16        0.030651        0.077870        0.444214

     C   17       -0.444566       -0.134855        0.130800
     C   17       -0.134855        0.180655        0.229061
     C   17        0.130800        0.229061        0.263910

     Cl  18       -0.516556       -1.554020       -0.064903
     Cl  18       -1.554020       -1.161295        0.903948
     Cl  18       -0.064903        0.903948        1.677851

     H   19       -0.032345        0.126209        0.096954
     H   19        0.126209        0.004663       -0.778829
     H   19        0.096954       -0.778829        0.027682

     C   20       -0.206193        0.070817       -0.042490
     C   20        0.070817       -0.007733        0.183953
     C   20       -0.042490        0.183953        0.213926

     H   21        0.391937       -0.022445        0.436722
     H   21       -0.022445       -0.306737       -0.443148
     H   21        0.436722       -0.443148       -0.085200

     C   22       -0.293872       -0.199523        0.002600
     C   22       -0.199523       -0.069823        0.382889
     C   22        0.002600        0.382889        0.363696

     C   23       -0.292936        0.309477       -0.158560
     C   23        0.309477        0.083531        0.354151
     C   23       -0.158560        0.354151        0.209405

     Cl  24        0.725371        1.862496        0.570156
     Cl  24        1.862496        0.088628       -1.206148
     Cl  24        0.570156       -1.206148       -0.813999

     ----- total EFG (symmetrized) -----
     Cl   1        1.032933       -1.212870       -0.084722
     Cl   1       -1.212870        1.064847        0.226490
     Cl   1       -0.084722        0.226490       -2.097779

     C    2        0.120403       -0.175330       -0.240192
     C    2       -0.175330       -0.589627       -0.109476
     C    2       -0.240192       -0.109476        0.469225

     C    3       -0.522919        0.040898       -0.324172
     C    3        0.040898       -0.004376        0.212852
     C    3       -0.324172        0.212852        0.527296

     H    4        0.477205        0.122191        0.092820
     H    4        0.122191       -0.080166       -0.007599
     H    4        0.092820       -0.007599       -0.397039

     C    5        0.168642        0.104901        0.194469
     C    5        0.104901       -0.493575        0.133742
     C    5        0.194469        0.133742        0.324933

     H    6       -0.084785        0.059398       -0.117283
     H    6        0.059398        0.630022        0.174984
     H    6       -0.117283        0.174984       -0.545237

     H    7        0.000439        0.080563        0.062569
     H    7        0.080563        0.507772       -0.433193
     H    7        0.062569       -0.433193       -0.508211

     C    8       -0.195125       -0.102029        0.264295
     C    8       -0.102029       -0.350081        0.308679
     C    8        0.264295        0.308679        0.545205

     H    9        0.503027       -0.212759        0.272988
     H    9       -0.212759        0.044963       -0.342437
     H    9        0.272988       -0.342437       -0.547990

     C   10       -0.355017        0.170534       -0.015919
     C   10        0.170534        0.072897        0.308043
     C   10       -0.015919        0.308043        0.282120

     C   11       -0.103918       -0.029013       -0.036520
     C   11       -0.029013       -0.203208        0.313873
     C   11       -0.036520        0.313873        0.307125

     Cl  12       -0.519730        1.270622       -0.427645
     Cl  12        1.270622       -0.890867        1.219543
     Cl  12       -0.427645        1.219543        1.410597

     H   13       -0.234044       -0.110551        0.162934
     H   13       -0.110551        0.055911        0.402738
     H   13        0.162934        0.402738        0.178133

     C   14       -0.453743        0.084321       -0.386875
     C   14        0.084321       -0.118834        0.267023
     C   14       -0.386875        0.267023        0.572577

     H   15        0.160027        0.043329        0.707011
     H   15        0.043329       -0.005582        0.084989
     H   15        0.707011        0.084989       -0.154445

     C   16        0.118417       -0.083389        0.030651
     C   16       -0.083389       -0.562631        0.077870
     C   16        0.030651        0.077870        0.444214

     C   17       -0.444566       -0.134855        0.130800
     C   17       -0.134855        0.180655        0.229061
     C   17        0.130800        0.229061        0.263910

     Cl  18       -0.516556       -1.554020       -0.064903
     Cl  18       -1.554020       -1.161295        0.903948
     Cl  18       -0.064903        0.903948        1.677851

     H   19       -0.032345        0.126209        0.096954
     H   19        0.126209        0.004663       -0.778829
     H   19        0.096954       -0.778829        0.027682

     C   20       -0.206193        0.070817       -0.042490
     C   20        0.070817       -0.007733        0.183953
     C   20       -0.042490        0.183953        0.213926

     H   21        0.391937       -0.022445        0.436722
     H   21       -0.022445       -0.306737       -0.443148
     H   21        0.436722       -0.443148       -0.085200

     C   22       -0.293872       -0.199523        0.002600
     C   22       -0.199523       -0.069823        0.382889
     C   22        0.002600        0.382889        0.363696

     C   23       -0.292936        0.309477       -0.158560
     C   23        0.309477        0.083531        0.354151
     C   23       -0.158560        0.354151        0.209405

     Cl  24        0.725371        1.862496        0.570156
     Cl  24        1.862496        0.088628       -1.206148
     Cl  24        0.570156       -1.206148       -0.813999


     NQR/NMR SPECTROSCOPIC PARAMETERS:
     Cl   1    Vxx=   -0.1591    axis=(  0.714057  0.698273  0.050372)
     Cl   1    Vyy=   -2.1139    axis=(  0.000630  0.071310 -0.997454)
     Cl   1    Vzz=    2.2730    axis=( -0.700087  0.712271  0.050479)
     Cl   1  Q=        -8.1650 1e-30 m^2  Cq=       -43.6068 MHz  eta= 0.86001

     C    2    Vxx=    0.0629    axis=(  0.854296 -0.300678  0.423994)
     C    2    Vyy=    0.5919    axis=( -0.449059 -0.016137  0.893356)
     C    2    Vzz=   -0.6548    axis=( -0.261770 -0.953589 -0.148808)
     C    2  Q=         1.0000 1e-30 m^2  Cq=        -1.5386 MHz  eta= 0.80788

     C    3    Vxx=   -0.0442    axis=(  0.231094  0.947327 -0.221737)
     C    3    Vyy=   -0.6308    axis=( -0.942306  0.161198 -0.293384)
     C    3    Vzz=    0.6751    axis=( -0.242187  0.276743  0.929924)
     C    3  Q=         1.0000 1e-30 m^2  Cq=         1.5861 MHz  eta= 0.86899

     H    4    Vxx=   -0.1035    axis=( -0.191966  0.977626 -0.086006)
     H    4    Vyy=   -0.4081    axis=( -0.112928  0.065049  0.991472)
     H    4    Vzz=    0.5116    axis=(  0.974883  0.200041  0.097914)
     H    4  Q=         1.0000 1e-30 m^2  Cq=         1.2021 MHz  eta= 0.59542

     C    5    Vxx=    0.0374    axis=(  0.823776  0.020040 -0.566561)
     C    5    Vyy=    0.4857    axis=(  0.555542  0.170646  0.813790)
     C    5    Vzz=   -0.5232    axis=( -0.112990  0.985129 -0.129441)
     C    5  Q=         1.0000 1e-30 m^2  Cq=        -1.2293 MHz  eta= 0.85685

     H    6    Vxx=   -0.0570    axis=(  0.970234 -0.022468 -0.241127)
     H    6    Vyy=   -0.6009    axis=(  0.235307 -0.147909  0.960600)
     H    6    Vzz=    0.6579    axis=( -0.057248 -0.988746 -0.138220)
     H    6  Q=         1.0000 1e-30 m^2  Cq=         1.5459 MHz  eta= 0.82669

     H    7    Vxx=    0.0071    axis=(  0.988633 -0.031973  0.146909)
     H    7    Vyy=    0.6718    axis=(  0.080787  0.937049 -0.339724)
     H    7    Vzz=   -0.6789    axis=( -0.126799  0.347731  0.928981)
     H    7  Q=         1.0000 1e-30 m^2  Cq=        -1.5951 MHz  eta= 0.97899

     C    8    Vxx=   -0.1520    axis=(  0.834452 -0.546010 -0.074585)
     C    8    Vyy=   -0.5462    axis=(  0.492082  0.799188 -0.345186)
     C    8    Vzz=    0.6982    axis=(  0.248083  0.251339  0.935566)
     C    8  Q=         1.0000 1e-30 m^2  Cq=         1.6405 MHz  eta= 0.56464

     H    9    Vxx=    0.0197    axis=(  0.506190  0.824242 -0.253765)
     H    9    Vyy=    0.7074    axis=( -0.850967  0.429555 -0.302222)
     H    9    Vzz=   -0.7271    axis=( -0.140098  0.368927  0.918839)
     H    9  Q=         1.0000 1e-30 m^2  Cq=        -1.7084 MHz  eta= 0.94573

     C   10    Vxx=   -0.0735    axis=(  0.447843  0.685665 -0.573846)
     C   10    Vyy=   -0.4383    axis=( -0.888155  0.415114 -0.197135)
     C   10    Vzz=    0.5118    axis=(  0.103043  0.597949  0.794883)
     C   10  Q=         1.0000 1e-30 m^2  Cq=         1.2025 MHz  eta= 0.71267

     C   11    Vxx=   -0.1071    axis=(  0.995859 -0.004003  0.090826)
     C   11    Vyy=   -0.3530    axis=(  0.042583  0.903203 -0.427097)
     C   11    Vzz=    0.4601    axis=( -0.080325  0.429196  0.899633)
     C   11  Q=         1.0000 1e-30 m^2  Cq=         1.0811 MHz  eta= 0.53434

     Cl  12    Vxx=    0.4357    axis=(  0.809629  0.512540 -0.286014)
     Cl  12    Vyy=    1.9429    axis=( -0.057133 -0.416162 -0.907494)
     Cl  12    Vzz=   -2.3787    axis=( -0.584155  0.751074 -0.307654)
     Cl  12  Q=        -8.1650 1e-30 m^2  Cq=        45.6332 MHz  eta= 0.63365

     H   13    Vxx=   -0.0726    axis=(  0.751788 -0.539867  0.378627)
     H   13    Vyy=   -0.4555    axis=(  0.655515  0.549601 -0.517917)
     H   13    Vzz=    0.5281    axis=(  0.071513  0.637560  0.767074)
     H   13  Q=         1.0000 1e-30 m^2  Cq=         1.2407 MHz  eta= 0.72504

     C   14    Vxx=   -0.1222    axis=(  0.388378  0.911687 -0.134127)
     C   14    Vyy=   -0.6395    axis=( -0.878800  0.322644 -0.351584)
     C   14    Vzz=    0.7617    axis=( -0.277259  0.254418  0.926498)
     C   14  Q=         1.0000 1e-30 m^2  Cq=         1.7896 MHz  eta= 0.67913

     H   15    Vxx=   -0.0136    axis=(  0.125190 -0.991678  0.030027)
     H   15    Vyy=   -0.7236    axis=( -0.622149 -0.054893  0.780972)
     H   15    Vzz=    0.7373    axis=( -0.772825 -0.116451 -0.623844)
     H   15  Q=         1.0000 1e-30 m^2  Cq=         1.7323 MHz  eta= 0.96304

     C   16    Vxx=    0.1271    axis=(  0.989810 -0.126949 -0.064501)
     C   16    Vyy=    0.4520    axis=( -0.073839 -0.070280 -0.994791)
     C   16    Vzz=   -0.5791    axis=(  0.121754  0.989416 -0.078937)
     C   16  Q=         1.0000 1e-30 m^2  Cq=        -1.3607 MHz  eta= 0.56100

     C   17    Vxx=    0.0591    axis=(  0.348306 -0.727482  0.591146)
     C   17    Vyy=    0.4553    axis=(  0.016983  0.635429  0.771972)
     C   17    Vzz=   -0.5144    axis=( -0.937227 -0.258843  0.233679)
     C   17  Q=         1.0000 1e-30 m^2  Cq=        -1.2087 MHz  eta= 0.77027

     Cl  18    Vxx=    0.4654    axis=(  0.762164 -0.498808  0.412671)
     Cl  18    Vyy=    2.0672    axis=( -0.244298  0.368711  0.896867)
     Cl  18    Vzz=   -2.5325    axis=( -0.599521 -0.784374  0.159161)
     Cl  18  Q=        -8.1650 1e-30 m^2  Cq=        48.5848 MHz  eta= 0.63250

     H   19    Vxx=   -0.0001    axis=(  0.978936  0.127553  0.159418)
     H   19    Vyy=   -0.7954    axis=(  0.202747 -0.699262 -0.685512)
     H   19    Vzz=    0.7956    axis=(  0.024036  0.703394 -0.710394)
     H   19  Q=         1.0000 1e-30 m^2  Cq=         1.8692 MHz  eta= 0.99972

     C   20    Vxx=   -0.0638    axis=( -0.501550 -0.754616  0.423088)
     C   20    Vyy=   -0.2541    axis=( -0.865118  0.435074 -0.249561)
     C   20    Vzz=    0.3179    axis=( -0.004249  0.491188  0.871043)
     C   20  Q=         1.0000 1e-30 m^2  Cq=         0.7469 MHz  eta= 0.59857

     H   21    Vxx=   -0.0010    axis=(  0.575557  0.659182 -0.483956)
     H   21    Vyy=   -0.7172    axis=( -0.247623  0.704507  0.665096)
     H   21    Vzz=    0.7182    axis=(  0.779369 -0.262962  0.568713)
     H   21  Q=         1.0000 1e-30 m^2  Cq=         1.6875 MHz  eta= 0.99726

     C   22    Vxx=   -0.1264    axis=(  0.689230 -0.572726  0.443787)
     C   22    Vyy=   -0.4718    axis=( -0.715564 -0.634188  0.292872)
     C   22    Vzz=    0.5982    axis=( -0.113708  0.519414  0.846924)
     C   22  Q=         1.0000 1e-30 m^2  Cq=         1.4055 MHz  eta= 0.57737

     C   23    Vxx=    0.0822    axis=(  0.652239  0.497511 -0.571898)
     C   23    Vyy=    0.5153    axis=(  0.117729  0.678827  0.724799)
     C   23    Vzz=   -0.5975    axis=(  0.748815 -0.540071  0.384186)
     C   23  Q=         1.0000 1e-30 m^2  Cq=        -1.4039 MHz  eta= 0.72500

     Cl  24    Vxx=    0.1501    axis=(  0.491386 -0.390140  0.778672)
     Cl  24    Vyy=    2.3395    axis=( -0.730589 -0.671337  0.124681)
     Cl  24    Vzz=   -2.4896    axis=(  0.474109 -0.630156 -0.614918)
     Cl  24  Q=        -8.1650 1e-30 m^2  Cq=        47.7624 MHz  eta= 0.87940

     Initialization:
     gipaw_setup  :      9.13s CPU     10.75s WALL (       1 calls)

     Linear response

     Apply operators

     Induced current

     Other routines
     efg          :      9.32s CPU     11.85s WALL (       1 calls)

     General routines
     calbec       :      3.34s CPU      4.67s WALL (      16 calls)
     fft          :      1.45s CPU      1.94s WALL (      15 calls)
     ffts         :      0.03s CPU      0.03s WALL (       2 calls)
     fftw         :      3.21s CPU      3.87s WALL (     672 calls)
     davcio       :      0.03s CPU      0.32s WALL (      32 calls)

     Parallel routines
     fft_scatter  :      2.07s CPU      3.06s WALL (     689 calls)

     Plugins

     GIPAW        :     62.16s CPU     73.74s WALL (       1 calls)
