
     Program QE v.6.0 (svn rev. 13079) starts on 20Dec2016 at  4: 9: 9 

     This program is part of the open-source Quantum ESPRESSO suite
     for quantum simulation of materials; please cite
         "P. Giannozzi et al., J. Phys.:Condens. Matter 21 395502 (2009);
          URL http://www.quantum-espresso.org", 
     in publications or presentations arising from this work. More details at
     http://www.quantum-espresso.org/quote

     Parallel version (MPI), running on     8 processors
     R & G space division:  proc/nbgrp/npool/nimage =       8

     ***** This is GIPAW svn revision unknown      *****

     Parallelizing q-star over 1 images

     Reading data from directory:
     /users/majewski/paradichlorobenzene/pbe/9_constraint/scratch/pbe.ecut100.np8.dt60.pcl2phi-129368.save
     Message from routine read_xml_file:
     file /users/majewski/paradichlorobenzene/pbe/9_constraint/scratch/pbe.ecut100.np8.dt60.pcl2phi-129368.save not guaranteed to be safe for post-processing

   Info: using nr1, nr2, nr3 values from input

   Info: using nr1, nr2, nr3 values from input

     IMPORTANT: XC functional enforced from input :
     Exchange-correlation      =  SLA  PW   PBX  PBC ( 1  4  3  4 0 0)
     Any further DFT definition will be discarded
     Please, verify this is what you really want

               file C.pbe-n-kjpaw_psl.1.0.0.UPF: wavefunction(s)  2S 2P renormalized
               file Cl.pbe-n-kjpaw_psl.1.0.0.UPF: wavefunction(s)  3S 3P renormalized
               file H.pbe-kjpaw_psl.1.0.0.UPF: wavefunction(s)  1S renormalized

     Parallelization info
     --------------------
     sticks:   dense  smooth     PW     G-vecs:    dense   smooth      PW
     Min        3057    1223    332               144436    36536    5170
     Max        3059    1225    333               144437    36537    5171
     Sum       24467    9791   2657              1155489   292295   41363


     Subspace diagonalization in iterative solution of the eigenvalue problem:
     a serial algorithm will be used

     GIPAW projectors -----------------------------------------------
     atom=  C    l=0  rc=    1.2000  rs=    0.8000
     atom=  C    l=0  rc=    1.2000  rs=    0.8000
     atom=  C    l=1  rc=    1.4000  rs=    0.9333
     atom=  C    l=1  rc=    1.4000  rs=    0.9333
     projs nearly linearly dependent: l=1  n1,n2= 1, 2  s=  0.99951561

     atom=  Cl   l=0  rc=    1.6000  rs=    1.0667
     atom=  Cl   l=0  rc=    1.6000  rs=    1.0667
     atom=  Cl   l=1  rc=    1.6000  rs=    1.0667
     atom=  Cl   l=1  rc=    1.6000  rs=    1.0667
     atom=  Cl   l=2  rc=    1.6000  rs=    1.0667
     atom=  Cl   l=2  rc=    1.6000  rs=    1.0667
     projs nearly linearly dependent: l=2  n1,n2= 1, 2  s=  0.99993509

     atom=  H    l=0  rc=    1.0000  rs=    0.6667
     atom=  H    l=0  rc=    1.0000  rs=    0.6667
     projs nearly linearly dependent: l=0  n1,n2= 1, 2  s=  0.99968852
     -----------------------------------------------------------------

     GIPAW integrals: -------------------------------------------
     Atom  i/j   nmr_para   nmr_dia   epr_rmc  epr_para   epr_dia
       C   1 1   0.83E+03  0.17E-01  0.93E+01  0.24E+08  0.24E+03
       C   2 1   0.86E+03 -0.61E-01  0.94E+01  0.25E+08  0.25E+03
       C   2 2   0.90E+03 -0.15E+00  0.97E+01  0.26E+08  0.26E+03
       C   3 3   0.33E+01  0.34E+00  0.18E+01  0.55E+03  0.21E+02
       C   4 3   0.35E+01  0.37E+00  0.20E+01  0.59E+03  0.22E+02
       C   4 4   0.38E+01  0.39E+00  0.22E+01  0.63E+03  0.24E+02
       Cl  1 1   0.14E+04 -0.47E+00  0.84E+01  0.32E+09  0.42E+03
       Cl  2 1   0.21E+04 -0.37E+00  0.12E+02  0.49E+09  0.65E+03
       Cl  2 2   0.33E+04 -0.16E+00  0.21E+02  0.76E+09  0.10E+04
       Cl  3 3   0.21E+02  0.79E-01  0.89E+01  0.23E+05  0.13E+03
       Cl  4 3   0.24E+02  0.67E-01  0.99E+01  0.27E+05  0.15E+03
       Cl  4 4   0.28E+02  0.44E-01  0.11E+02  0.32E+05  0.18E+03
       Cl  5 5   0.77E+00  0.19E+00  0.18E+01  0.12E+03  0.22E+02
       Cl  6 5   0.80E+00  0.19E+00  0.19E+01  0.12E+03  0.23E+02
       Cl  6 6   0.83E+00  0.20E+00  0.19E+01  0.12E+03  0.23E+02
       H   1 1   0.39E+02  0.19E+00  0.29E+00  0.78E+05  0.13E+02
       H   2 1   0.41E+02  0.21E+00  0.32E+00  0.82E+05  0.14E+02
       H   2 2   0.43E+02  0.22E+00  0.36E+00  0.86E+05  0.15E+02
     ------------------------------------------------------------

     alpha_pv=     33.9604 eV

     Number of occupied bands for each k-point:
     k-point:     1    nbnd_occ=  42
     k-point:     2    nbnd_occ=  42
     k-point:     3    nbnd_occ=  42
     k-point:     4    nbnd_occ=  42
     k-point:     5    nbnd_occ=  42
     k-point:     6    nbnd_occ=  42
     k-point:     7    nbnd_occ=  42
     k-point:     8    nbnd_occ=  42
     k-point:     9    nbnd_occ=  42
     k-point:    10    nbnd_occ=  42
     k-point:    11    nbnd_occ=  42
     k-point:    12    nbnd_occ=  42
     k-point:    13    nbnd_occ=  42
     k-point:    14    nbnd_occ=  42
     k-point:    15    nbnd_occ=  42
     k-point:    16    nbnd_occ=  42


     q-space interpolation up to   110.00 Rydberg

     GIPAW job: efg                                                                             


     ELECTRIC FIELD GRADIENTS TENSORS IN Hartree/bohrradius^2:

     ----- bare term -----
     Cl   1       -0.119261        0.262904       -0.147104
     Cl   1        0.262904       -0.106690       -0.046615
     Cl   1       -0.147104       -0.046615        0.225950

     C    2        0.116546       -0.200350       -0.604778
     C    2       -0.200350       -0.168931       -0.538262
     C    2       -0.604778       -0.538262        0.052385

     C    3        0.058544        0.280513        0.062009
     C    3        0.280513       -0.092788       -0.002372
     C    3        0.062009       -0.002372        0.034244

     H    4        0.168751       -0.056618       -0.136516
     H    4       -0.056618        0.390414        0.082392
     H    4       -0.136516        0.082392       -0.559165

     C    5       -0.070960       -0.057231       -0.444264
     C    5       -0.057231       -0.053348       -0.339325
     C    5       -0.444264       -0.339325        0.124308

     H    6        0.287955        0.019163        0.346065
     H    6        0.019163        0.123094       -0.342059
     H    6        0.346065       -0.342059       -0.411049

     H    7        0.455811        0.034243       -0.027859
     H    7        0.034243       -0.307354        0.463734
     H    7       -0.027859        0.463734       -0.148457

     C    8       -0.639568       -0.359192       -0.360189
     C    8       -0.359192        0.269408        0.321081
     C    8       -0.360189        0.321081        0.370160

     H    9       -0.500369        0.140236       -0.438139
     H    9        0.140236        0.295343        0.265261
     H    9       -0.438139        0.265261        0.205026

     C   10       -0.020593       -0.339160       -0.050996
     C   10       -0.339160       -0.506060        0.427051
     C   10       -0.050996        0.427051        0.526653

     C   11       -0.550913       -0.044447       -0.234022
     C   11       -0.044447        0.101707        0.174969
     C   11       -0.234022        0.174969        0.449206

     Cl  12       -0.079551       -0.072766        0.078327
     Cl  12       -0.072766       -0.027878       -0.117416
     Cl  12        0.078327       -0.117416        0.107429

     H   13        0.546160        0.021135       -0.060340
     H   13        0.021135       -0.020735       -0.187956
     H   13       -0.060340       -0.187956       -0.525425

     C   14       -0.505830        0.330621       -0.021433
     C   14        0.330621        0.157358       -0.307793
     C   14       -0.021433       -0.307793        0.348472

     H   15        0.127169        0.024041       -0.407419
     H   15        0.024041        0.213204        0.238643
     H   15       -0.407419        0.238643       -0.340372

     C   16        0.119586       -0.044370       -0.224987
     C   16       -0.044370       -0.086580       -0.476416
     C   16       -0.224987       -0.476416       -0.033006

     C   17       -0.563784        0.367340       -0.225434
     C   17        0.367340        0.177550       -0.269924
     C   17       -0.225434       -0.269924        0.386233

     Cl  18        0.098766        0.022277       -0.047211
     Cl  18        0.022277       -0.133301        0.046753
     Cl  18       -0.047211        0.046753        0.034535

     H   19        0.041931        0.317469       -0.333821
     H   19        0.317469       -0.171991        0.476008
     H   19       -0.333821        0.476008        0.130060

     C   20        0.104059       -0.595556        0.051885
     C   20       -0.595556       -0.485453        0.380210
     C   20        0.051885        0.380210        0.381393

     H   21       -0.556862        0.343627        0.196520
     H   21        0.343627        0.333683       -0.009076
     H   21        0.196520       -0.009076        0.223179

     C   22       -0.054284       -0.090706       -0.353319
     C   22       -0.090706       -0.258416        0.420204
     C   22       -0.353319        0.420204        0.312700

     C   23       -0.214602       -0.240918       -0.321088
     C   23       -0.240918       -0.122696        0.558419
     C   23       -0.321088        0.558419        0.337298

     Cl  24        0.145186        0.011884        0.247898
     Cl  24        0.011884        0.222656       -0.238470
     Cl  24        0.247898       -0.238470       -0.367842

     ----- ionic term -----
     Cl   1        0.122259       -0.193488        0.034772
     Cl   1       -0.193488        0.002223       -0.012092
     Cl   1        0.034772       -0.012092       -0.124482

     C    2        0.055584       -0.277802        0.341891
     C    2       -0.277802       -0.061373        0.352650
     C    2        0.341891        0.352650        0.005790

     C    3       -0.051637       -0.308103        0.243823
     C    3       -0.308103        0.059970        0.360164
     C    3        0.243823        0.360164       -0.008332

     H    4        0.205016        0.121053        0.794095
     H    4        0.121053       -0.514198        0.197345
     H    4        0.794095        0.197345        0.309182

     C    5        0.067234       -0.315626        0.352865
     C    5       -0.315626       -0.007188        0.209810
     C    5        0.352865        0.209810       -0.060046

     H    6       -0.541467        0.006238        0.043998
     H    6        0.006238        0.393946        0.776142
     H    6        0.043998        0.776142        0.147522

     H    7       -0.503808       -0.096972        0.057236
     H    7       -0.096972        0.574710       -0.766932
     H    7        0.057236       -0.766932       -0.070902

     C    8        0.369274        0.177003        0.119154
     C    8        0.177003       -0.014456       -0.358120
     C    8        0.119154       -0.358120       -0.354818

     H    9        0.603471       -0.283939        0.697939
     H    9       -0.283939       -0.455814       -0.245448
     H    9        0.697939       -0.245448       -0.147657

     C   10        0.193560        0.191528        0.115287
     C   10        0.191528        0.094005       -0.439199
     C   10        0.115287       -0.439199       -0.287564

     C   11        0.266441        0.090078        0.212183
     C   11        0.090078        0.056944       -0.380894
     C   11        0.212183       -0.380894       -0.323385

     Cl  12        0.109199        0.187843        0.006475
     Cl  12        0.187843        0.018025       -0.008373
     Cl  12        0.006475       -0.008373       -0.127223

     H   13       -0.538533       -0.083252       -0.077669
     H   13       -0.083252        0.307459        0.791514
     H   13       -0.077669        0.791514        0.231075

     C   14        0.105036       -0.339906        0.317656
     C   14       -0.339906       -0.021847        0.230366
     C   14        0.317656        0.230366       -0.083189

     H   15        0.273358        0.162057        0.769031
     H   15        0.162057       -0.472397        0.212573
     H   15        0.769031        0.212573        0.199039

     C   16       -0.019855       -0.329305        0.231091
     C   16       -0.329305        0.126765        0.354121
     C   16        0.231091        0.354121       -0.106910

     C   17       -0.025856       -0.366801        0.324433
     C   17       -0.366801        0.095231        0.322962
     C   17        0.324433        0.322962       -0.069374

     Cl  18        0.074096       -0.250837        0.026206
     Cl  18       -0.250837        0.087153       -0.020702
     Cl  18        0.026206       -0.020702       -0.161249

     H   19       -0.524190       -0.143629        0.097889
     H   19       -0.143629        0.577308       -0.773335
     H   19        0.097889       -0.773335       -0.053119

     C   20        0.322828        0.135901        0.111185
     C   20        0.135901        0.011498       -0.375356
     C   20        0.111185       -0.375356       -0.334326

     H   21        0.841009       -0.367840        0.422650
     H   21       -0.367840       -0.428813       -0.205898
     H   21        0.422650       -0.205898       -0.412196

     C   22        0.171312        0.157780        0.026039
     C   22        0.157780        0.184319       -0.477403
     C   22        0.026039       -0.477403       -0.355631

     C   23        0.248504        0.099395        0.128491
     C   23        0.099395        0.088101       -0.453181
     C   23        0.128491       -0.453181       -0.336605

     Cl  24        0.118081        0.176164       -0.062867
     Cl  24        0.176164       -0.004054       -0.046731
     Cl  24       -0.062867       -0.046731       -0.114027

     ----- GIPAW term -----
     Cl   1        0.829418       -0.300101       -2.227586
     Cl   1       -0.300101       -1.270416       -0.759115
     Cl   1       -2.227586       -0.759115        0.440998

     C    2        0.221214       -0.082418       -0.202231
     C    2       -0.082418       -0.118172       -0.071149
     C    2       -0.202231       -0.071149       -0.103042

     C    3        0.025321        0.017210       -0.019797
     C    3        0.017210       -0.023684        0.010215
     C    3       -0.019797        0.010215       -0.001637

     H    4       -0.000000        0.000000        0.000000
     H    4        0.000000        0.000000        0.000000
     H    4        0.000000        0.000000        0.000000

     C    5        0.082335       -0.013681       -0.200556
     C    5       -0.013681       -0.128525       -0.051595
     C    5       -0.200556       -0.051595        0.046191

     H    6       -0.000000        0.000000        0.000000
     H    6        0.000000        0.000000        0.000000
     H    6        0.000000        0.000000        0.000000

     H    7       -0.000000        0.000000        0.000000
     H    7        0.000000        0.000000        0.000000
     H    7        0.000000        0.000000        0.000000

     C    8       -0.170511       -0.089240       -0.057233
     C    8       -0.089240        0.177363        0.096689
     C    8       -0.057233        0.096689       -0.006853

     H    9       -0.000000        0.000000        0.000000
     H    9        0.000000        0.000000        0.000000
     H    9        0.000000        0.000000        0.000000

     C   10       -0.087150       -0.069474        0.046264
     C   10       -0.069474       -0.086823       -0.098592
     C   10        0.046264       -0.098592        0.173972

     C   11       -0.055533        0.003065        0.153051
     C   11        0.003065       -0.063842       -0.121311
     C   11        0.153051       -0.121311        0.119375

     Cl  12       -0.111316        0.876510        1.077728
     Cl  12        0.876510       -0.231258       -1.933865
     Cl  12        1.077728       -1.933865        0.342574

     H   13       -0.000000        0.000000        0.000000
     H   13        0.000000        0.000000        0.000000
     H   13        0.000000        0.000000        0.000000

     C   14       -0.068846       -0.137006        0.093989
     C   14       -0.137006        0.135932       -0.117320
     C   14        0.093989       -0.117320       -0.067086

     H   15       -0.000000        0.000000        0.000000
     H   15        0.000000        0.000000        0.000000
     H   15        0.000000        0.000000        0.000000

     C   16       -0.057969       -0.060012       -0.008370
     C   16       -0.060012        0.100130       -0.122298
     C   16       -0.008370       -0.122298       -0.042161

     C   17       -0.090072       -0.163314       -0.005514
     C   17       -0.163314        0.213606       -0.055337
     C   17       -0.005514       -0.055337       -0.123534

     Cl  18       -0.031201       -0.255659       -0.495246
     Cl  18       -0.255659        2.008062       -1.095355
     Cl  18       -0.495246       -1.095355       -1.976862

     H   19       -0.000000        0.000000        0.000000
     H   19        0.000000        0.000000        0.000000
     H   19        0.000000        0.000000        0.000000

     C   20        0.223751       -0.204703        0.121611
     C   20       -0.204703       -0.176545        0.032529
     C   20        0.121611        0.032529       -0.047206

     H   21       -0.000000        0.000000        0.000000
     H   21        0.000000        0.000000        0.000000
     H   21        0.000000        0.000000        0.000000

     C   22        0.026679       -0.051239       -0.222140
     C   22       -0.051239       -0.106340        0.102689
     C   22       -0.222140        0.102689        0.079661

     C   23        0.012873       -0.031196       -0.184199
     C   23       -0.031196       -0.062730        0.180951
     C   23       -0.184199        0.180951        0.049857

     Cl  24        0.033982        0.534853       -0.621170
     Cl  24        0.534853       -0.439529        0.481496
     Cl  24       -0.621170        0.481496        0.405547

     ----- total EFG -----
     Cl   1        0.832416       -0.230685       -2.339917
     Cl   1       -0.230685       -1.374882       -0.817821
     Cl   1       -2.339917       -0.817821        0.542466

     C    2        0.393343       -0.560570       -0.465118
     C    2       -0.560570       -0.348476       -0.256761
     C    2       -0.465118       -0.256761       -0.044867

     C    3        0.032227       -0.010379        0.286034
     C    3       -0.010379       -0.056502        0.368008
     C    3        0.286034        0.368008        0.024275

     H    4        0.373767        0.064435        0.657579
     H    4        0.064435       -0.123783        0.279737
     H    4        0.657579        0.279737       -0.249984

     C    5        0.078609       -0.386537       -0.291955
     C    5       -0.386537       -0.189062       -0.181109
     C    5       -0.291955       -0.181109        0.110452

     H    6       -0.253512        0.025400        0.390063
     H    6        0.025400        0.517040        0.434083
     H    6        0.390063        0.434083       -0.263528

     H    7       -0.047998       -0.062729        0.029377
     H    7       -0.062729        0.267357       -0.303198
     H    7        0.029377       -0.303198       -0.219359

     C    8       -0.440805       -0.271430       -0.298268
     C    8       -0.271430        0.432315        0.059650
     C    8       -0.298268        0.059650        0.008489

     H    9        0.103102       -0.143703        0.259799
     H    9       -0.143703       -0.160472        0.019813
     H    9        0.259799        0.019813        0.057369

     C   10        0.085817       -0.217106        0.110555
     C   10       -0.217106       -0.498878       -0.110740
     C   10        0.110555       -0.110740        0.413061

     C   11       -0.340004        0.048696        0.131212
     C   11        0.048696        0.094809       -0.327236
     C   11        0.131212       -0.327236        0.245195

     Cl  12       -0.081669        0.991588        1.162530
     Cl  12        0.991588       -0.241111       -2.059654
     Cl  12        1.162530       -2.059654        0.322780

     H   13        0.007626       -0.062118       -0.138009
     H   13       -0.062118        0.286724        0.603558
     H   13       -0.138009        0.603558       -0.294350

     C   14       -0.469641       -0.146291        0.390212
     C   14       -0.146291        0.271443       -0.194746
     C   14        0.390212       -0.194746        0.198197

     H   15        0.400527        0.186099        0.361612
     H   15        0.186099       -0.259193        0.451216
     H   15        0.361612        0.451216       -0.141334

     C   16        0.041762       -0.433688       -0.002267
     C   16       -0.433688        0.140314       -0.244593
     C   16       -0.002267       -0.244593       -0.182076

     C   17       -0.679712       -0.162775        0.093485
     C   17       -0.162775        0.486386       -0.002299
     C   17        0.093485       -0.002299        0.193325

     Cl  18        0.141661       -0.484219       -0.516252
     Cl  18       -0.484219        1.961914       -1.069303
     Cl  18       -0.516252       -1.069303       -2.103575

     H   19       -0.482259        0.173839       -0.235932
     H   19        0.173839        0.405317       -0.297327
     H   19       -0.235932       -0.297327        0.076941

     C   20        0.650638       -0.664359        0.284681
     C   20       -0.664359       -0.650500        0.037384
     C   20        0.284681        0.037384       -0.000138

     H   21        0.284147       -0.024213        0.619170
     H   21       -0.024213       -0.095130       -0.214973
     H   21        0.619170       -0.214973       -0.189017

     C   22        0.143707        0.015836       -0.549419
     C   22        0.015836       -0.180437        0.045490
     C   22       -0.549419        0.045490        0.036730

     C   23        0.046775       -0.172719       -0.376796
     C   23       -0.172719       -0.097326        0.286189
     C   23       -0.376796        0.286189        0.050550

     Cl  24        0.297249        0.722901       -0.436139
     Cl  24        0.722901       -0.220927        0.196295
     Cl  24       -0.436139        0.196295       -0.076322

     ----- total EFG (symmetrized) -----
     Cl   1        0.832416       -0.230685       -2.339917
     Cl   1       -0.230685       -1.374882       -0.817821
     Cl   1       -2.339917       -0.817821        0.542466

     C    2        0.393343       -0.560570       -0.465118
     C    2       -0.560570       -0.348476       -0.256761
     C    2       -0.465118       -0.256761       -0.044867

     C    3        0.032227       -0.010379        0.286034
     C    3       -0.010379       -0.056502        0.368008
     C    3        0.286034        0.368008        0.024275

     H    4        0.373767        0.064435        0.657579
     H    4        0.064435       -0.123783        0.279737
     H    4        0.657579        0.279737       -0.249984

     C    5        0.078609       -0.386537       -0.291955
     C    5       -0.386537       -0.189062       -0.181109
     C    5       -0.291955       -0.181109        0.110452

     H    6       -0.253512        0.025400        0.390063
     H    6        0.025400        0.517040        0.434083
     H    6        0.390063        0.434083       -0.263528

     H    7       -0.047998       -0.062729        0.029377
     H    7       -0.062729        0.267357       -0.303198
     H    7        0.029377       -0.303198       -0.219359

     C    8       -0.440805       -0.271430       -0.298268
     C    8       -0.271430        0.432315        0.059650
     C    8       -0.298268        0.059650        0.008489

     H    9        0.103102       -0.143703        0.259799
     H    9       -0.143703       -0.160472        0.019813
     H    9        0.259799        0.019813        0.057369

     C   10        0.085817       -0.217106        0.110555
     C   10       -0.217106       -0.498878       -0.110740
     C   10        0.110555       -0.110740        0.413061

     C   11       -0.340004        0.048696        0.131212
     C   11        0.048696        0.094809       -0.327236
     C   11        0.131212       -0.327236        0.245195

     Cl  12       -0.081669        0.991588        1.162530
     Cl  12        0.991588       -0.241111       -2.059654
     Cl  12        1.162530       -2.059654        0.322780

     H   13        0.007626       -0.062118       -0.138009
     H   13       -0.062118        0.286724        0.603558
     H   13       -0.138009        0.603558       -0.294350

     C   14       -0.469641       -0.146291        0.390212
     C   14       -0.146291        0.271443       -0.194746
     C   14        0.390212       -0.194746        0.198197

     H   15        0.400527        0.186099        0.361612
     H   15        0.186099       -0.259193        0.451216
     H   15        0.361612        0.451216       -0.141334

     C   16        0.041762       -0.433688       -0.002267
     C   16       -0.433688        0.140314       -0.244593
     C   16       -0.002267       -0.244593       -0.182076

     C   17       -0.679712       -0.162775        0.093485
     C   17       -0.162775        0.486386       -0.002299
     C   17        0.093485       -0.002299        0.193325

     Cl  18        0.141661       -0.484219       -0.516252
     Cl  18       -0.484219        1.961914       -1.069303
     Cl  18       -0.516252       -1.069303       -2.103575

     H   19       -0.482259        0.173839       -0.235932
     H   19        0.173839        0.405317       -0.297327
     H   19       -0.235932       -0.297327        0.076941

     C   20        0.650638       -0.664359        0.284681
     C   20       -0.664359       -0.650500        0.037384
     C   20        0.284681        0.037384       -0.000138

     H   21        0.284147       -0.024213        0.619170
     H   21       -0.024213       -0.095130       -0.214973
     H   21        0.619170       -0.214973       -0.189017

     C   22        0.143707        0.015836       -0.549419
     C   22        0.015836       -0.180437        0.045490
     C   22       -0.549419        0.045490        0.036730

     C   23        0.046775       -0.172719       -0.376796
     C   23       -0.172719       -0.097326        0.286189
     C   23       -0.376796        0.286189        0.050550

     Cl  24        0.297249        0.722901       -0.436139
     Cl  24        0.722901       -0.220927        0.196295
     Cl  24       -0.436139        0.196295       -0.076322


     NQR/NMR SPECTROSCOPIC PARAMETERS:
     Cl   1    Vxx=   -0.7726    axis=( -0.499924  0.758680 -0.417709)
     Cl   1    Vyy=   -2.2948    axis=(  0.487675  0.645171  0.588155)
     Cl   1    Vzz=    3.0674    axis=(  0.715716  0.090327 -0.692526)
     Cl   1  Q=        -8.1650 1e-30 m^2  Cq=       -58.8466 MHz  eta= 0.49625

     C    2    Vxx=    0.0882    axis=(  0.104807 -0.600617  0.792638)
     C    2    Vyy=    0.8102    axis=( -0.865848  0.336961  0.369817)
     C    2    Vzz=   -0.8984    axis=( -0.489206 -0.725063 -0.484727)
     C    2  Q=         1.0000 1e-30 m^2  Cq=        -2.1108 MHz  eta= 0.80366

     C    3    Vxx=    0.0090    axis=(  0.788349 -0.609164 -0.086166)
     C    3    Vyy=    0.4642    axis=(  0.468496  0.503631  0.725857)
     C    3    Vzz=   -0.4732    axis=( -0.398770 -0.612597  0.682428)
     C    3  Q=         1.0000 1e-30 m^2  Cq=        -1.1119 MHz  eta= 0.96203

     H    4    Vxx=   -0.0987    axis=(  0.353946 -0.920760 -0.164085)
     H    4    Vyy=   -0.7357    axis=(  0.467889  0.326233 -0.821372)
     H    4    Vzz=    0.8344    axis=(  0.809816  0.213947  0.546282)
     H    4  Q=         1.0000 1e-30 m^2  Cq=         1.9605 MHz  eta= 0.76341

     C    5    Vxx=    0.1716    axis=(  0.228323 -0.621167  0.749680)
     C    5    Vyy=    0.4361    axis=(  0.786496 -0.336177 -0.518083)
     C    5    Vzz=   -0.6077    axis=( -0.573841 -0.707910 -0.411788)
     C    5  Q=         1.0000 1e-30 m^2  Cq=        -1.4280 MHz  eta= 0.43530

     H    6    Vxx=   -0.0229    axis=(  0.767684 -0.423054  0.481339)
     H    6    Vyy=   -0.7243    axis=(  0.609608  0.250520 -0.752075)
     H    6    Vzz=    0.7472    axis=(  0.197584  0.870784  0.450217)
     H    6  Q=         1.0000 1e-30 m^2  Cq=         1.7557 MHz  eta= 0.93860

     H    7    Vxx=   -0.0582    axis=(  0.989356  0.130300 -0.064789)
     H    7    Vyy=   -0.3648    axis=(  0.002062  0.432630  0.901569)
     H    7    Vzz=    0.4230    axis=(  0.145504 -0.892106  0.427756)
     H    7  Q=         1.0000 1e-30 m^2  Cq=         0.9938 MHz  eta= 0.72488

     C    8    Vxx=    0.0843    axis=( -0.298706 -0.382794  0.874210)
     C    8    Vyy=    0.5507    axis=(  0.331158 -0.900689 -0.281236)
     C    8    Vzz=   -0.6350    axis=(  0.895047  0.205495  0.395806)
     C    8  Q=         1.0000 1e-30 m^2  Cq=        -1.4920 MHz  eta= 0.73455

     H    9    Vxx=   -0.0693    axis=(  0.356479 -0.697057 -0.622120)
     H    9    Vyy=   -0.2890    axis=(  0.557061  0.693138 -0.457430)
     H    9    Vzz=    0.3583    axis=( -0.750070  0.183495 -0.635393)
     H    9  Q=         1.0000 1e-30 m^2  Cq=         0.8419 MHz  eta= 0.61322

     C   10    Vxx=    0.0972    axis=( -0.883861  0.248270  0.396424)
     C   10    Vyy=    0.4786    axis=(  0.358947 -0.183402  0.915162)
     C   10    Vzz=   -0.5758    axis=( -0.299912 -0.951171 -0.072986)
     C   10  Q=         1.0000 1e-30 m^2  Cq=        -1.3530 MHz  eta= 0.66235

     C   11    Vxx=   -0.1065    axis=(  0.442993  0.732738  0.516577)
     C   11    Vyy=   -0.4056    axis=( -0.892324  0.304648  0.333089)
     C   11    Vzz=    0.5121    axis=(  0.086693 -0.608510  0.788797)
     C   11  Q=         1.0000 1e-30 m^2  Cq=         1.2031 MHz  eta= 0.58422

     Cl  12    Vxx=    0.7130    axis=(  0.868012  0.450275  0.209300)
     Cl  12    Vyy=    2.1495    axis=(  0.131654 -0.615131  0.777355)
     Cl  12    Vzz=   -2.8625    axis=( -0.478771  0.647199  0.593222)
     Cl  12  Q=        -8.1650 1e-30 m^2  Cq=        54.9161 MHz  eta= 0.50182

     H   13    Vxx=   -0.0055    axis=(  0.975460  0.220092 -0.006174)
     H   13    Vyy=   -0.6840    axis=( -0.122324  0.518402 -0.846343)
     H   13    Vzz=    0.6895    axis=( -0.183073  0.826329  0.532602)
     H   13  Q=         1.0000 1e-30 m^2  Cq=         1.6201 MHz  eta= 0.98400

     C   14    Vxx=    0.0829    axis=( -0.212707 -0.776992 -0.592486)
     C   14    Vyy=    0.5695    axis=(  0.349734 -0.626731  0.696344)
     C   14    Vzz=   -0.6523    axis=( -0.912383 -0.059095  0.405050)
     C   14  Q=         1.0000 1e-30 m^2  Cq=        -1.5328 MHz  eta= 0.74586

     H   15    Vxx=   -0.0669    axis=(  0.628352 -0.587706 -0.509681)
     H   15    Vyy=   -0.6662    axis=(  0.109187  0.715320 -0.690214)
     H   15    Vzz=    0.7330    axis=(  0.770228  0.378047  0.513643)
     H   15  Q=         1.0000 1e-30 m^2  Cq=         1.7223 MHz  eta= 0.81760

     C   16    Vxx=   -0.1153    axis=( -0.571628 -0.211163  0.792876)
     C   16    Vyy=   -0.4574    axis=(  0.545142  0.624471  0.559335)
     C   16    Vzz=    0.5727    axis=(  0.613239 -0.751962  0.241851)
     C   16  Q=         1.0000 1e-30 m^2  Cq=         1.3455 MHz  eta= 0.59732

     C   17    Vxx=    0.2020    axis=(  0.093942  0.061808  0.993657)
     C   17    Vyy=    0.5094    axis=(  0.139195 -0.989083  0.048364)
     C   17    Vzz=   -0.7114    axis=(  0.985799  0.133769 -0.101520)
     C   17  Q=         1.0000 1e-30 m^2  Cq=        -1.6716 MHz  eta= 0.43207

     Cl  18    Vxx=    0.2284    axis=(  0.959326  0.106767 -0.261332)
     Cl  18    Vyy=    2.2842    axis=( -0.165697  0.962443 -0.215052)
     Cl  18    Vzz=   -2.5126    axis=(  0.228556  0.249607  0.940988)
     Cl  18  Q=        -8.1650 1e-30 m^2  Cq=        48.2032 MHz  eta= 0.81819

     H   19    Vxx=   -0.0732    axis=( -0.214702  0.570571  0.792687)
     H   19    Vyy=   -0.5731    axis=(  0.947806 -0.074169  0.310102)
     H   19    Vzz=    0.6462    axis=(  0.235728  0.817893 -0.524866)
     H   19  Q=         1.0000 1e-30 m^2  Cq=         1.5184 MHz  eta= 0.77355

     C   20    Vxx=   -0.0400    axis=( -0.165198  0.238363  0.957023)
     C   20    Vyy=   -0.9526    axis=(  0.401605  0.902521 -0.155465)
     C   20    Vzz=    0.9925    axis=( -0.900790  0.358663 -0.244823)
     C   20  Q=         1.0000 1e-30 m^2  Cq=         2.3321 MHz  eta= 0.91946

     H   21    Vxx=   -0.0718    axis=(  0.301742  0.943561 -0.136548)
     H   21    Vyy=   -0.6635    axis=( -0.519584  0.282835  0.806249)
     H   21    Vzz=    0.7352    axis=(  0.799365 -0.172331  0.575602)
     H   21  Q=         1.0000 1e-30 m^2  Cq=         1.7275 MHz  eta= 0.80478

     C   22    Vxx=   -0.1740    axis=(  0.119177  0.988084  0.097404)
     C   22    Vyy=   -0.4686    axis=(  0.662233 -0.152200  0.733677)
     C   22    Vzz=    0.6427    axis=( -0.739759  0.022934  0.672481)
     C   22  Q=         1.0000 1e-30 m^2  Cq=         1.5100 MHz  eta= 0.45837

     C   23    Vxx=   -0.2099    axis=(  0.639343  0.764183  0.085240)
     C   23    Vyy=   -0.3723    axis=(  0.470889 -0.476758  0.742270)
     C   23    Vzz=    0.5822    axis=( -0.607869  0.434426  0.664657)
     C   23  Q=         1.0000 1e-30 m^2  Cq=         1.3680 MHz  eta= 0.27893

     Cl  24    Vxx=    0.0590    axis=( -0.028662  0.523281  0.851678)
     Cl  24    Vyy=    0.8762    axis=( -0.824579 -0.493988  0.275762)
     Cl  24    Vzz=   -0.9351    axis=(  0.565020 -0.694372  0.445645)
     Cl  24  Q=        -8.1650 1e-30 m^2  Cq=        17.9402 MHz  eta= 0.87390

     Initialization:
     gipaw_setup  :      9.32s CPU     11.16s WALL (       1 calls)

     Linear response

     Apply operators

     Induced current

     Other routines
     efg          :      9.23s CPU     11.83s WALL (       1 calls)

     General routines
     calbec       :      3.32s CPU      4.44s WALL (      16 calls)
     fft          :      1.36s CPU      1.67s WALL (      15 calls)
     ffts         :      0.05s CPU      0.08s WALL (       2 calls)
     fftw         :      3.23s CPU      4.08s WALL (     672 calls)
     davcio       :      0.02s CPU      0.34s WALL (      32 calls)

     Parallel routines
     fft_scatter  :      2.02s CPU      3.09s WALL (     689 calls)

     Plugins

     GIPAW        :     62.52s CPU     76.74s WALL (       1 calls)
