
     Program QE v.6.0 (svn rev. 13079) starts on  7Jan2017 at 20:42:24 

     This program is part of the open-source Quantum ESPRESSO suite
     for quantum simulation of materials; please cite
         "P. Giannozzi et al., J. Phys.:Condens. Matter 21 395502 (2009);
          URL http://www.quantum-espresso.org", 
     in publications or presentations arising from this work. More details at
     http://www.quantum-espresso.org/quote

     Parallel version (MPI), running on     8 processors
     R & G space division:  proc/nbgrp/npool/nimage =       8

     ***** This is GIPAW svn revision unknown      *****

     Parallelizing q-star over 1 images

     Reading data from directory:
     /users/majewski/paradichlorobenzene/pbe/9_constraint/scratch/pbe.ecut100.np8.dt60.pcl2phi-129368.save
     Message from routine read_xml_file:
     file /users/majewski/paradichlorobenzene/pbe/9_constraint/scratch/pbe.ecut100.np8.dt60.pcl2phi-129368.save not guaranteed to be safe for post-processing

   Info: using nr1, nr2, nr3 values from input

   Info: using nr1, nr2, nr3 values from input

     IMPORTANT: XC functional enforced from input :
     Exchange-correlation      =  SLA  PW   PBX  PBC ( 1  4  3  4 0 0)
     Any further DFT definition will be discarded
     Please, verify this is what you really want

               file C.pbe-n-kjpaw_psl.1.0.0.UPF: wavefunction(s)  2S 2P renormalized
               file Cl.pbe-n-kjpaw_psl.1.0.0.UPF: wavefunction(s)  3S 3P renormalized
               file H.pbe-kjpaw_psl.1.0.0.UPF: wavefunction(s)  1S renormalized

     Parallelization info
     --------------------
     sticks:   dense  smooth     PW     G-vecs:    dense   smooth      PW
     Min        3057    1223    332               144436    36536    5170
     Max        3059    1225    333               144437    36537    5171
     Sum       24467    9791   2657              1155489   292295   41363


     Subspace diagonalization in iterative solution of the eigenvalue problem:
     a serial algorithm will be used

     GIPAW projectors -----------------------------------------------
     atom=  C    l=0  rc=    1.2000  rs=    0.8000
     atom=  C    l=0  rc=    1.2000  rs=    0.8000
     atom=  C    l=1  rc=    1.4000  rs=    0.9333
     atom=  C    l=1  rc=    1.4000  rs=    0.9333
     projs nearly linearly dependent: l=1  n1,n2= 1, 2  s=  0.99951561

     atom=  Cl   l=0  rc=    1.6000  rs=    1.0667
     atom=  Cl   l=0  rc=    1.6000  rs=    1.0667
     atom=  Cl   l=1  rc=    1.6000  rs=    1.0667
     atom=  Cl   l=1  rc=    1.6000  rs=    1.0667
     atom=  Cl   l=2  rc=    1.6000  rs=    1.0667
     atom=  Cl   l=2  rc=    1.6000  rs=    1.0667
     projs nearly linearly dependent: l=2  n1,n2= 1, 2  s=  0.99993509

     atom=  H    l=0  rc=    1.0000  rs=    0.6667
     atom=  H    l=0  rc=    1.0000  rs=    0.6667
     projs nearly linearly dependent: l=0  n1,n2= 1, 2  s=  0.99968852
     -----------------------------------------------------------------

     GIPAW integrals: -------------------------------------------
     Atom  i/j   nmr_para   nmr_dia   epr_rmc  epr_para   epr_dia
       C   1 1   0.83E+03  0.17E-01  0.93E+01  0.24E+08  0.24E+03
       C   2 1   0.86E+03 -0.61E-01  0.94E+01  0.25E+08  0.25E+03
       C   2 2   0.90E+03 -0.15E+00  0.97E+01  0.26E+08  0.26E+03
       C   3 3   0.33E+01  0.34E+00  0.18E+01  0.55E+03  0.21E+02
       C   4 3   0.35E+01  0.37E+00  0.20E+01  0.59E+03  0.22E+02
       C   4 4   0.38E+01  0.39E+00  0.22E+01  0.63E+03  0.24E+02
       Cl  1 1   0.14E+04 -0.47E+00  0.84E+01  0.32E+09  0.42E+03
       Cl  2 1   0.21E+04 -0.37E+00  0.12E+02  0.49E+09  0.65E+03
       Cl  2 2   0.33E+04 -0.16E+00  0.21E+02  0.76E+09  0.10E+04
       Cl  3 3   0.21E+02  0.79E-01  0.89E+01  0.23E+05  0.13E+03
       Cl  4 3   0.24E+02  0.67E-01  0.99E+01  0.27E+05  0.15E+03
       Cl  4 4   0.28E+02  0.44E-01  0.11E+02  0.32E+05  0.18E+03
       Cl  5 5   0.77E+00  0.19E+00  0.18E+01  0.12E+03  0.22E+02
       Cl  6 5   0.80E+00  0.19E+00  0.19E+01  0.12E+03  0.23E+02
       Cl  6 6   0.83E+00  0.20E+00  0.19E+01  0.12E+03  0.23E+02
       H   1 1   0.39E+02  0.19E+00  0.29E+00  0.78E+05  0.13E+02
       H   2 1   0.41E+02  0.21E+00  0.32E+00  0.82E+05  0.14E+02
       H   2 2   0.43E+02  0.22E+00  0.36E+00  0.86E+05  0.15E+02
     ------------------------------------------------------------

     alpha_pv=     34.3623 eV

     Number of occupied bands for each k-point:
     k-point:     1    nbnd_occ=  42
     k-point:     2    nbnd_occ=  42
     k-point:     3    nbnd_occ=  42
     k-point:     4    nbnd_occ=  42
     k-point:     5    nbnd_occ=  42
     k-point:     6    nbnd_occ=  42
     k-point:     7    nbnd_occ=  42
     k-point:     8    nbnd_occ=  42
     k-point:     9    nbnd_occ=  42
     k-point:    10    nbnd_occ=  42
     k-point:    11    nbnd_occ=  42
     k-point:    12    nbnd_occ=  42
     k-point:    13    nbnd_occ=  42
     k-point:    14    nbnd_occ=  42
     k-point:    15    nbnd_occ=  42
     k-point:    16    nbnd_occ=  42


     q-space interpolation up to   110.00 Rydberg

     GIPAW job: efg                                                                             


     ELECTRIC FIELD GRADIENTS TENSORS IN Hartree/bohrradius^2:

     ----- bare term -----
     Cl   1       -0.211768        0.298250        0.010001
     Cl   1        0.298250        0.016351       -0.022754
     Cl   1        0.010001       -0.022754        0.195417

     C    2       -0.039617       -0.269988       -0.357778
     C    2       -0.269988       -0.046968       -0.623616
     C    2       -0.357778       -0.623616        0.086585

     C    3       -0.235607        0.300232        0.147221
     C    3        0.300232       -0.059943       -0.119533
     C    3        0.147221       -0.119533        0.295550

     H    4       -0.150765       -0.426859        0.035801
     H    4       -0.426859       -0.165629        0.216590
     H    4        0.035801        0.216590        0.316395

     C    5       -0.183200       -0.324598       -0.352260
     C    5       -0.324598       -0.018072       -0.542071
     C    5       -0.352260       -0.542071        0.201272

     H    6        0.423414        0.110571       -0.103100
     H    6        0.110571       -0.742972        0.041484
     H    6       -0.103100        0.041484        0.319558

     H    7        0.018415       -0.005584        0.334368
     H    7       -0.005584        0.243997        0.174607
     H    7        0.334368        0.174607       -0.262412

     C    8       -0.267136        0.105945       -0.224026
     C    8        0.105945        0.349004       -0.072367
     C    8       -0.224026       -0.072367       -0.081868

     H    9        0.195931        0.042216       -0.064191
     H    9        0.042216        0.300612       -0.176168
     H    9       -0.064191       -0.176168       -0.496543

     C   10        0.107207       -0.195865        0.198924
     C   10       -0.195865       -0.107988       -0.050962
     C   10        0.198924       -0.050962        0.000781

     C   11       -0.133910       -0.108759       -0.525932
     C   11       -0.108759       -0.162715        0.506417
     C   11       -0.525932        0.506417        0.296625

     Cl  12       -0.149729       -0.071341       -0.056861
     Cl  12       -0.071341       -0.106794        0.026957
     Cl  12       -0.056861        0.026957        0.256523

     H   13        0.459698       -0.031076       -0.065944
     H   13       -0.031076       -0.232417       -0.449303
     H   13       -0.065944       -0.449303       -0.227281

     C   14       -0.404222        0.336332       -0.014166
     C   14        0.336332       -0.015688       -0.429810
     C   14       -0.014166       -0.429810        0.419910

     H   15       -0.670082       -0.296983       -0.015182
     H   15       -0.296983        0.401253       -0.095240
     H   15       -0.015182       -0.095240        0.268829

     C   16       -0.008877       -0.032413       -0.382965
     C   16       -0.032413       -0.249200       -0.557582
     C   16       -0.382965       -0.557582        0.258077

     C   17       -0.184264        0.429059       -0.301251
     C   17        0.429059       -0.228729       -0.291374
     C   17       -0.301251       -0.291374        0.412993

     Cl  18       -0.061002       -0.012994        0.303296
     Cl  18       -0.012994        0.233885       -0.004416
     Cl  18        0.303296       -0.004416       -0.172883

     H   19        0.179888       -0.284659        0.192301
     H   19       -0.284659       -0.325970        0.527780
     H   19        0.192301        0.527780        0.146081

     C   20       -0.143090        0.163054       -0.418010
     C   20        0.163054       -0.081042        0.402521
     C   20       -0.418010        0.402521        0.224132

     H   21        0.116068        0.122020       -0.339727
     H   21        0.122020        0.305259        0.429101
     H   21       -0.339727        0.429101       -0.421328

     C   22       -0.730112       -0.339296       -0.331791
     C   22       -0.339296        0.212678       -0.000609
     C   22       -0.331791       -0.000609        0.517434

     C   23        0.089223       -0.391115        0.041181
     C   23       -0.391115       -0.359797        0.478985
     C   23        0.041181        0.478985        0.270575

     Cl  24       -0.023600       -0.087024       -0.067067
     Cl  24       -0.087024        0.013240        0.084372
     Cl  24       -0.067067        0.084372        0.010360

     ----- ionic term -----
     Cl   1        0.163550       -0.178894        0.020722
     Cl   1       -0.178894       -0.012537       -0.002080
     Cl   1        0.020722       -0.002080       -0.151014

     C    2        0.239116       -0.039842        0.242566
     C    2       -0.039842        0.156072        0.404289
     C    2        0.242566        0.404289       -0.395187

     C    3        0.240228       -0.116153        0.046953
     C    3       -0.116153        0.207355        0.403776
     C    3        0.046953        0.403776       -0.447583

     H    4        0.748583        0.523460        0.381171
     H    4        0.523460       -0.270720        0.217466
     H    4        0.381171        0.217466       -0.477863

     C    5        0.379196       -0.066286        0.058831
     C    5       -0.066286        0.073624        0.314364
     C    5        0.058831        0.314364       -0.452820

     H    6       -0.498808        0.114512        0.025372
     H    6        0.114512        0.804103        0.606837
     H    6        0.025372        0.606837       -0.305295

     H    7       -0.476024        0.240645       -0.209119
     H    7        0.240645        0.267535       -0.742524
     H    7       -0.209119       -0.742524        0.208489

     C    8        0.134013        0.311380        0.289090
     C    8        0.311380       -0.133878       -0.262794
     C    8        0.289090       -0.262794       -0.000134

     H    9        0.033505       -0.044982        0.734231
     H    9       -0.044982       -0.542776       -0.115784
     H    9        0.734231       -0.115784        0.509271

     C   10        0.056853        0.382485        0.194454
     C   10        0.382485       -0.063726       -0.320105
     C   10        0.194454       -0.320105        0.006873

     C   11        0.102696        0.275781        0.261967
     C   11        0.275781       -0.083745       -0.426258
     C   11        0.261967       -0.426258       -0.018951

     Cl  12        0.189996        0.226593        0.054710
     Cl  12        0.226593       -0.058081        0.024971
     Cl  12        0.054710        0.024971       -0.131915

     H   13       -0.533563       -0.043921       -0.020630
     H   13       -0.043921        0.674994        0.724422
     H   13       -0.020630        0.724422       -0.141431

     C   14        0.325258       -0.155420        0.132244
     C   14       -0.155420        0.039053        0.371214
     C   14        0.132244        0.371214       -0.364311

     H   15        0.703813        0.466915        0.453744
     H   15        0.466915       -0.368171        0.256263
     H   15        0.453744        0.256263       -0.335641

     C   16        0.251039       -0.224818        0.018914
     C   16       -0.224818        0.078314        0.431882
     C   16        0.018914        0.431882       -0.329353

     C   17        0.268396       -0.094274        0.008421
     C   17       -0.094274        0.052426        0.435580
     C   17        0.008421        0.435580       -0.320822

     Cl  18        0.138365       -0.207962       -0.063751
     Cl  18       -0.207962       -0.024240        0.023834
     Cl  18       -0.063751        0.023834       -0.114125

     H   19       -0.518028        0.122610       -0.063438
     H   19        0.122610        0.616665       -0.719488
     H   19       -0.063438       -0.719488       -0.098636

     C   20        0.130699        0.197176        0.307220
     C   20        0.197176       -0.019319       -0.299322
     C   20        0.307220       -0.299322       -0.111380

     H   21        0.275944       -0.294122        0.726535
     H   21       -0.294122       -0.436701       -0.334122
     H   21        0.726535       -0.334122        0.160757

     C   22        0.040888        0.269598        0.197768
     C   22        0.269598        0.076912       -0.417359
     C   22        0.197768       -0.417359       -0.117800

     C   23       -0.021954        0.325443        0.292907
     C   23        0.325443        0.059056       -0.416169
     C   23        0.292907       -0.416169       -0.037102

     Cl  24        0.110981        0.234895        0.056694
     Cl  24        0.234895        0.030693        0.038116
     Cl  24        0.056694        0.038116       -0.141673

     ----- GIPAW term -----
     Cl   1       -1.187084       -0.016973       -0.283136
     Cl   1       -0.016973        2.167995       -1.690047
     Cl   1       -0.283136       -1.690047       -0.980912

     C    2       -0.034120       -0.131300       -0.004511
     C    2       -0.131300        0.071712       -0.161534
     C    2       -0.004511       -0.161534       -0.037592

     C    3       -0.042358       -0.025113        0.055499
     C    3       -0.025113        0.044259       -0.050377
     C    3        0.055499       -0.050377       -0.001901

     H    4       -0.000000        0.000000        0.000000
     H    4        0.000000        0.000000        0.000000
     H    4        0.000000        0.000000        0.000000

     C    5       -0.021612       -0.191341        0.040046
     C    5       -0.191341        0.067518       -0.199479
     C    5        0.040046       -0.199479       -0.045905

     H    6       -0.000000        0.000000        0.000000
     H    6        0.000000        0.000000        0.000000
     H    6        0.000000        0.000000        0.000000

     H    7       -0.000000        0.000000        0.000000
     H    7        0.000000        0.000000        0.000000
     H    7        0.000000        0.000000        0.000000

     C    8        0.028457        0.004635        0.018730
     C    8        0.004635        0.013328       -0.040910
     C    8        0.018730       -0.040910       -0.041785

     H    9       -0.000000        0.000000        0.000000
     H    9        0.000000        0.000000        0.000000
     H    9        0.000000        0.000000        0.000000

     C   10        0.018147        0.005205        0.023234
     C   10        0.005205       -0.006389       -0.025404
     C   10        0.023234       -0.025404       -0.011758

     C   11        0.006431        0.003819       -0.198518
     C   11        0.003819       -0.048477        0.183598
     C   11       -0.198518        0.183598        0.042046

     Cl  12       -0.627073        1.479921       -0.542517
     Cl  12        1.479921       -1.403861        0.500881
     Cl  12       -0.542517        0.500881        2.030934

     H   13       -0.000000        0.000000        0.000000
     H   13        0.000000        0.000000        0.000000
     H   13        0.000000        0.000000        0.000000

     C   14       -0.065522       -0.069362        0.119937
     C   14       -0.069362        0.024816       -0.182054
     C   14        0.119937       -0.182054        0.040706

     H   15       -0.000000        0.000000        0.000000
     H   15        0.000000        0.000000        0.000000
     H   15        0.000000        0.000000        0.000000

     C   16        0.070763       -0.110653       -0.128847
     C   16       -0.110653       -0.048175       -0.072805
     C   16       -0.128847       -0.072805       -0.022589

     C   17        0.180512       -0.061736       -0.185684
     C   17       -0.061736       -0.139361        0.002582
     C   17       -0.185684        0.002582       -0.041151

     Cl  18        0.271572       -0.839737       -1.116193
     Cl  18       -0.839737       -0.710395       -0.542561
     Cl  18       -1.116193       -0.542561        0.438824

     H   19       -0.000000        0.000000        0.000000
     H   19        0.000000        0.000000        0.000000
     H   19        0.000000        0.000000        0.000000

     C   20       -0.044788        0.162497       -0.123087
     C   20        0.162497        0.073139       -0.037385
     C   20       -0.123087       -0.037385       -0.028351

     H   21       -0.000000        0.000000        0.000000
     H   21        0.000000        0.000000        0.000000
     H   21        0.000000        0.000000        0.000000

     C   22       -0.246473       -0.045997       -0.031856
     C   22       -0.045997        0.058772       -0.187110
     C   22       -0.031856       -0.187110        0.187701

     C   23       -0.005744       -0.107002        0.095131
     C   23       -0.107002        0.058736       -0.103130
     C   23        0.095131       -0.103130       -0.052991

     Cl  24       -0.277941        0.274213        1.130184
     Cl  24        0.274213       -0.374096       -1.562624
     Cl  24        1.130184       -1.562624        0.652038

     ----- total EFG -----
     Cl   1       -1.235301        0.102383       -0.252412
     Cl   1        0.102383        2.171810       -1.714882
     Cl   1       -0.252412       -1.714882       -0.936509

     C    2        0.165379       -0.441130       -0.119723
     C    2       -0.441130        0.180816       -0.380860
     C    2       -0.119723       -0.380860       -0.346194

     C    3       -0.037737        0.158966        0.249673
     C    3        0.158966        0.191671        0.233866
     C    3        0.249673        0.233866       -0.153933

     H    4        0.597818        0.096600        0.416972
     H    4        0.096600       -0.436350        0.434056
     H    4        0.416972        0.434056       -0.161468

     C    5        0.174383       -0.582225       -0.253384
     C    5       -0.582225        0.123070       -0.427186
     C    5       -0.253384       -0.427186       -0.297453

     H    6       -0.075394        0.225083       -0.077727
     H    6        0.225083        0.061131        0.648321
     H    6       -0.077727        0.648321        0.014263

     H    7       -0.457610        0.235061        0.125249
     H    7        0.235061        0.511533       -0.567918
     H    7        0.125249       -0.567918       -0.053923

     C    8       -0.104667        0.421959        0.083794
     C    8        0.421959        0.228454       -0.376071
     C    8        0.083794       -0.376071       -0.123788

     H    9        0.229435       -0.002766        0.670040
     H    9       -0.002766       -0.242164       -0.291952
     H    9        0.670040       -0.291952        0.012729

     C   10        0.182207        0.191826        0.416612
     C   10        0.191826       -0.178103       -0.396471
     C   10        0.416612       -0.396471       -0.004104

     C   11       -0.024782        0.170841       -0.462482
     C   11        0.170841       -0.294938        0.263757
     C   11       -0.462482        0.263757        0.319720

     Cl  12       -0.586806        1.635173       -0.544668
     Cl  12        1.635173       -1.568736        0.552810
     Cl  12       -0.544668        0.552810        2.155542

     H   13       -0.073865       -0.074997       -0.086574
     H   13       -0.074997        0.442577        0.275120
     H   13       -0.086574        0.275120       -0.368712

     C   14       -0.144486        0.111551        0.238015
     C   14        0.111551        0.048181       -0.240649
     C   14        0.238015       -0.240649        0.096305

     H   15        0.033731        0.169932        0.438561
     H   15        0.169932        0.033082        0.161023
     H   15        0.438561        0.161023       -0.066813

     C   16        0.312925       -0.367883       -0.492898
     C   16       -0.367883       -0.219061       -0.198506
     C   16       -0.492898       -0.198506       -0.093864

     C   17        0.264644        0.273049       -0.478513
     C   17        0.273049       -0.315664        0.146788
     C   17       -0.478513        0.146788        0.051020

     Cl  18        0.348934       -1.060693       -0.876648
     Cl  18       -1.060693       -0.500751       -0.523143
     Cl  18       -0.876648       -0.523143        0.151817

     H   19       -0.338140       -0.162049        0.128863
     H   19       -0.162049        0.290695       -0.191708
     H   19        0.128863       -0.191708        0.047445

     C   20       -0.057179        0.522727       -0.233877
     C   20        0.522727       -0.027222        0.065814
     C   20       -0.233877        0.065814        0.084401

     H   21        0.392012       -0.172103        0.386809
     H   21       -0.172103       -0.131442        0.094979
     H   21        0.386809        0.094979       -0.260571

     C   22       -0.935696       -0.115695       -0.165879
     C   22       -0.115695        0.348362       -0.605077
     C   22       -0.165879       -0.605077        0.587334

     C   23        0.061524       -0.172674        0.429220
     C   23       -0.172674       -0.242005       -0.040313
     C   23        0.429220       -0.040313        0.180482

     Cl  24       -0.190561        0.422084        1.119811
     Cl  24        0.422084       -0.330163       -1.440136
     Cl  24        1.119811       -1.440136        0.520725

     ----- total EFG (symmetrized) -----
     Cl   1       -1.235301        0.102383       -0.252412
     Cl   1        0.102383        2.171810       -1.714882
     Cl   1       -0.252412       -1.714882       -0.936509

     C    2        0.165379       -0.441130       -0.119723
     C    2       -0.441130        0.180816       -0.380860
     C    2       -0.119723       -0.380860       -0.346194

     C    3       -0.037737        0.158966        0.249673
     C    3        0.158966        0.191671        0.233866
     C    3        0.249673        0.233866       -0.153933

     H    4        0.597818        0.096600        0.416972
     H    4        0.096600       -0.436350        0.434056
     H    4        0.416972        0.434056       -0.161468

     C    5        0.174383       -0.582225       -0.253384
     C    5       -0.582225        0.123070       -0.427186
     C    5       -0.253384       -0.427186       -0.297453

     H    6       -0.075394        0.225083       -0.077727
     H    6        0.225083        0.061131        0.648321
     H    6       -0.077727        0.648321        0.014263

     H    7       -0.457610        0.235061        0.125249
     H    7        0.235061        0.511533       -0.567918
     H    7        0.125249       -0.567918       -0.053923

     C    8       -0.104667        0.421959        0.083794
     C    8        0.421959        0.228454       -0.376071
     C    8        0.083794       -0.376071       -0.123788

     H    9        0.229435       -0.002766        0.670040
     H    9       -0.002766       -0.242164       -0.291952
     H    9        0.670040       -0.291952        0.012729

     C   10        0.182207        0.191826        0.416612
     C   10        0.191826       -0.178103       -0.396471
     C   10        0.416612       -0.396471       -0.004104

     C   11       -0.024782        0.170841       -0.462482
     C   11        0.170841       -0.294938        0.263757
     C   11       -0.462482        0.263757        0.319720

     Cl  12       -0.586806        1.635173       -0.544668
     Cl  12        1.635173       -1.568736        0.552810
     Cl  12       -0.544668        0.552810        2.155542

     H   13       -0.073865       -0.074997       -0.086574
     H   13       -0.074997        0.442577        0.275120
     H   13       -0.086574        0.275120       -0.368712

     C   14       -0.144486        0.111551        0.238015
     C   14        0.111551        0.048181       -0.240649
     C   14        0.238015       -0.240649        0.096305

     H   15        0.033731        0.169932        0.438561
     H   15        0.169932        0.033082        0.161023
     H   15        0.438561        0.161023       -0.066813

     C   16        0.312925       -0.367883       -0.492898
     C   16       -0.367883       -0.219061       -0.198506
     C   16       -0.492898       -0.198506       -0.093864

     C   17        0.264644        0.273049       -0.478513
     C   17        0.273049       -0.315664        0.146788
     C   17       -0.478513        0.146788        0.051020

     Cl  18        0.348934       -1.060693       -0.876648
     Cl  18       -1.060693       -0.500751       -0.523143
     Cl  18       -0.876648       -0.523143        0.151817

     H   19       -0.338140       -0.162049        0.128863
     H   19       -0.162049        0.290695       -0.191708
     H   19        0.128863       -0.191708        0.047445

     C   20       -0.057179        0.522727       -0.233877
     C   20        0.522727       -0.027222        0.065814
     C   20       -0.233877        0.065814        0.084401

     H   21        0.392012       -0.172103        0.386809
     H   21       -0.172103       -0.131442        0.094979
     H   21        0.386809        0.094979       -0.260571

     C   22       -0.935696       -0.115695       -0.165879
     C   22       -0.115695        0.348362       -0.605077
     C   22       -0.165879       -0.605077        0.587334

     C   23        0.061524       -0.172674        0.429220
     C   23       -0.172674       -0.242005       -0.040313
     C   23        0.429220       -0.040313        0.180482

     Cl  24       -0.190561        0.422084        1.119811
     Cl  24        0.422084       -0.330163       -1.440136
     Cl  24        1.119811       -1.440136        0.520725


     NQR/NMR SPECTROSCOPIC PARAMETERS:
     Cl   1    Vxx=   -1.1759    axis=(  0.938926 -0.179204 -0.293774)
     Cl   1    Vyy=   -1.7653    axis=(  0.340902  0.367943  0.865103)
     Cl   1    Vzz=    2.9412    axis=(  0.046938  0.912416 -0.406562)
     Cl   1  Q=        -8.1650 1e-30 m^2  Cq=       -56.4256 MHz  eta= 0.20042

     C    2    Vxx=    0.0221    axis=(  0.678193  0.389437 -0.623211)
     C    2    Vyy=    0.6550    axis=( -0.625328  0.751288 -0.211025)
     C    2    Vzz=   -0.6770    axis=(  0.386030  0.532827  0.753045)
     C    2  Q=         1.0000 1e-30 m^2  Cq=        -1.5908 MHz  eta= 0.93476

     C    3    Vxx=   -0.0822    axis=(  0.697143 -0.654510  0.292587)
     C    3    Vyy=   -0.3690    axis=(  0.529204  0.194467 -0.825909)
     C    3    Vzz=    0.4512    axis=(  0.483668  0.730615  0.481940)
     C    3  Q=         1.0000 1e-30 m^2  Cq=         1.0601 MHz  eta= 0.63564

     H    4    Vxx=   -0.0639    axis=(  0.485083 -0.607383 -0.629111)
     H    4    Vyy=   -0.7777    axis=(  0.137659  0.763491 -0.630977)
     H    4    Vzz=    0.8416    axis=(  0.863565  0.219473  0.453968)
     H    4  Q=         1.0000 1e-30 m^2  Cq=         1.9773 MHz  eta= 0.84811

     C    5    Vxx=    0.1114    axis=( -0.551599 -0.382313  0.741333)
     C    5    Vyy=    0.7464    axis=( -0.677937  0.723276 -0.131428)
     C    5    Vzz=   -0.8578    axis=( -0.485942 -0.575073 -0.658142)
     C    5  Q=         1.0000 1e-30 m^2  Cq=        -2.0155 MHz  eta= 0.74030

     H    6    Vxx=   -0.0163    axis=( -0.932124 -0.127725  0.338867)
     H    6    Vyy=   -0.6859    axis=( -0.332355  0.673338 -0.660421)
     H    6    Vzz=    0.7021    axis=( -0.143820 -0.728219 -0.670084)
     H    6  Q=         1.0000 1e-30 m^2  Cq=         1.6498 MHz  eta= 0.95359

     H    7    Vxx=   -0.2072    axis=(  0.650637  0.328290  0.684761)
     H    7    Vyy=   -0.6699    axis=(  0.752376 -0.400945 -0.522661)
     H    7    Vzz=    0.8771    axis=( -0.102967 -0.855260  0.507867)
     H    7  Q=         1.0000 1e-30 m^2  Cq=         2.0608 MHz  eta= 0.52755

     C    8    Vxx=   -0.0318    axis=( -0.675228  0.029785 -0.737007)
     C    8    Vyy=   -0.5882    axis=( -0.594824  0.568869  0.567954)
     C    8    Vzz=    0.6200    axis=(  0.436177  0.821888 -0.366400)
     C    8  Q=         1.0000 1e-30 m^2  Cq=         1.4569 MHz  eta= 0.89736

     H    9    Vxx=   -0.1585    axis=(  0.439884  0.862222 -0.251146)
     H    9    Vyy=   -0.6764    axis=( -0.522923  0.473274  0.708917)
     H    9    Vzz=    0.8350    axis=( -0.730105  0.180512 -0.659061)
     H    9  Q=         1.0000 1e-30 m^2  Cq=         1.9618 MHz  eta= 0.62026

     C   10    Vxx=    0.1628    axis=( -0.559377 -0.742736  0.368023)
     C   10    Vyy=    0.5351    axis=(  0.703817 -0.191042  0.684211)
     C   10    Vzz=   -0.6980    axis=(  0.437881 -0.641752 -0.629614)
     C   10  Q=         1.0000 1e-30 m^2  Cq=        -1.6399 MHz  eta= 0.53345

     C   11    Vxx=   -0.0397    axis=(  0.632797  0.719469  0.286240)
     C   11    Vyy=   -0.6176    axis=( -0.562214  0.681101 -0.469059)
     C   11    Vzz=    0.6573    axis=( -0.532432  0.135891  0.835494)
     C   11  Q=         1.0000 1e-30 m^2  Cq=         1.5445 MHz  eta= 0.87908

     Cl  12    Vxx=    0.6228    axis=(  0.792275  0.606941  0.062635)
     Cl  12    Vyy=    2.2792    axis=(  0.140765 -0.081929 -0.986647)
     Cl  12    Vzz=   -2.9020    axis=( -0.593705  0.790513 -0.150346)
     Cl  12  Q=        -8.1650 1e-30 m^2  Cq=        55.6725 MHz  eta= 0.57077

     H   13    Vxx=   -0.0795    axis=(  0.974949  0.195725 -0.105672)
     H   13    Vyy=   -0.4629    axis=( -0.158007  0.275052 -0.948356)
     H   13    Vzz=    0.5425    axis=( -0.156552  0.941296  0.299088)
     H   13  Q=         1.0000 1e-30 m^2  Cq=         1.2746 MHz  eta= 0.70676

     C   14    Vxx=    0.0648    axis=(  0.668789  0.695768  0.261971)
     C   14    Vyy=    0.3419    axis=( -0.261826  0.550220 -0.792909)
     C   14    Vzz=   -0.4067    axis=( -0.695822  0.461698  0.550151)
     C   14  Q=         1.0000 1e-30 m^2  Cq=        -0.9556 MHz  eta= 0.68134

     H   15    Vxx=   -0.0761    axis=(  0.326926 -0.905911  0.269156)
     H   15    Vyy=   -0.4581    axis=( -0.662278 -0.016444  0.749078)
     H   15    Vzz=    0.5342    axis=(  0.674172  0.423149  0.605341)
     H   15  Q=         1.0000 1e-30 m^2  Cq=         1.2551 MHz  eta= 0.71513

     C   16    Vxx=    0.0242    axis=(  0.147189 -0.749400  0.645550)
     C   16    Vyy=    0.6912    axis=( -0.848341  0.239937  0.471962)
     C   16    Vzz=   -0.7154    axis=( -0.508580 -0.617114 -0.600431)
     C   16  Q=         1.0000 1e-30 m^2  Cq=        -1.6809 MHz  eta= 0.93237

     C   17    Vxx=   -0.0493    axis=(  0.345683  0.699214  0.625782)
     C   17    Vyy=   -0.6152    axis=(  0.495786 -0.702306  0.510845)
     C   17    Vzz=    0.6645    axis=( -0.796680 -0.133663  0.589436)
     C   17  Q=         1.0000 1e-30 m^2  Cq=         1.5613 MHz  eta= 0.85162

     Cl  18    Vxx=    0.3994    axis=( -0.164122  0.633054 -0.756510)
     Cl  18    Vyy=    1.2988    axis=(  0.814993 -0.345044 -0.465545)
     Cl  18    Vzz=   -1.6982    axis=( -0.555744 -0.692956 -0.459305)
     Cl  18  Q=        -8.1650 1e-30 m^2  Cq=        32.5784 MHz  eta= 0.52961

     H   19    Vxx=   -0.0547    axis=(  0.092238  0.515926  0.851653)
     H   19    Vyy=   -0.3944    axis=( -0.963424 -0.169880  0.207256)
     H   19    Vzz=    0.4492    axis=(  0.251607 -0.839620  0.481386)
     H   19  Q=         1.0000 1e-30 m^2  Cq=         1.0554 MHz  eta= 0.75629

     C   20    Vxx=    0.1148    axis=( -0.004315  0.407215  0.913322)
     C   20    Vyy=    0.5152    axis=( -0.707250 -0.646928  0.285099)
     C   20    Vzz=   -0.6301    axis=(  0.706950 -0.644717  0.290795)
     C   20  Q=         1.0000 1e-30 m^2  Cq=        -1.4805 MHz  eta= 0.63545

     H   21    Vxx=   -0.0818    axis=(  0.023021 -0.902627 -0.429807)
     H   21    Vyy=   -0.5092    axis=(  0.424948  0.397984 -0.813036)
     H   21    Vzz=    0.5911    axis=(  0.904925 -0.163929  0.392732)
     H   21  Q=         1.0000 1e-30 m^2  Cq=         1.3888 MHz  eta= 0.72312

     C   22    Vxx=   -0.1035    axis=( -0.227148  0.758972  0.610218)
     C   22    Vyy=   -0.9826    axis=( -0.973473 -0.159288 -0.164248)
     C   22    Vzz=    1.0861    axis=( -0.027459 -0.631339  0.775021)
     C   22  Q=         1.0000 1e-30 m^2  Cq=         2.5519 MHz  eta= 0.80942

     C   23    Vxx=   -0.1853    axis=( -0.373779  0.765961  0.523062)
     C   23    Vyy=   -0.3946    axis=( -0.649791 -0.618664  0.441619)
     C   23    Vzz=    0.5799    axis=(  0.661862 -0.174813  0.728958)
     C   23  Q=         1.0000 1e-30 m^2  Cq=         1.3624 MHz  eta= 0.36098

     Cl  24    Vxx=    0.1660    axis=(  0.787114  0.616537  0.018264)
     Cl  24    Vyy=    1.8389    axis=(  0.349434 -0.470122  0.810482)
     Cl  24    Vzz=   -2.0049    axis=(  0.508278 -0.631560 -0.585479)
     Cl  24  Q=        -8.1650 1e-30 m^2  Cq=        38.4633 MHz  eta= 0.83437

     Initialization:
     gipaw_setup  :      9.03s CPU     11.43s WALL (       1 calls)

     Linear response

     Apply operators

     Induced current

     Other routines
     efg          :      9.74s CPU     13.25s WALL (       1 calls)

     General routines
     calbec       :      3.36s CPU      4.68s WALL (      16 calls)
     fft          :      1.60s CPU      2.55s WALL (      15 calls)
     ffts         :      0.06s CPU      0.08s WALL (       2 calls)
     fftw         :      3.46s CPU      5.08s WALL (     672 calls)
     davcio       :      0.02s CPU      0.32s WALL (      32 calls)

     Parallel routines
     fft_scatter  :      2.67s CPU      4.97s WALL (     689 calls)

     Plugins

     GIPAW        :     63.19s CPU     76.79s WALL (       1 calls)
