
     Program QE v.6.0 (svn rev. 13079) starts on 11Jan2017 at  4: 3:39 

     This program is part of the open-source Quantum ESPRESSO suite
     for quantum simulation of materials; please cite
         "P. Giannozzi et al., J. Phys.:Condens. Matter 21 395502 (2009);
          URL http://www.quantum-espresso.org", 
     in publications or presentations arising from this work. More details at
     http://www.quantum-espresso.org/quote

     Parallel version (MPI), running on     8 processors
     R & G space division:  proc/nbgrp/npool/nimage =       8

     ***** This is GIPAW svn revision unknown      *****

     Parallelizing q-star over 1 images

     Reading data from directory:
     /users/majewski/paradichlorobenzene/pbe/9_constraint/scratch/pbe.ecut100.np8.dt60.pcl2phi-129368.save
     Message from routine read_xml_file:
     file /users/majewski/paradichlorobenzene/pbe/9_constraint/scratch/pbe.ecut100.np8.dt60.pcl2phi-129368.save not guaranteed to be safe for post-processing

   Info: using nr1, nr2, nr3 values from input

   Info: using nr1, nr2, nr3 values from input

     IMPORTANT: XC functional enforced from input :
     Exchange-correlation      =  SLA  PW   PBX  PBC ( 1  4  3  4 0 0)
     Any further DFT definition will be discarded
     Please, verify this is what you really want

               file C.pbe-n-kjpaw_psl.1.0.0.UPF: wavefunction(s)  2S 2P renormalized
               file Cl.pbe-n-kjpaw_psl.1.0.0.UPF: wavefunction(s)  3S 3P renormalized
               file H.pbe-kjpaw_psl.1.0.0.UPF: wavefunction(s)  1S renormalized

     Parallelization info
     --------------------
     sticks:   dense  smooth     PW     G-vecs:    dense   smooth      PW
     Min        3057    1223    332               144436    36536    5170
     Max        3059    1225    333               144437    36537    5171
     Sum       24467    9791   2657              1155489   292295   41363


     Subspace diagonalization in iterative solution of the eigenvalue problem:
     a serial algorithm will be used

     GIPAW projectors -----------------------------------------------
     atom=  C    l=0  rc=    1.2000  rs=    0.8000
     atom=  C    l=0  rc=    1.2000  rs=    0.8000
     atom=  C    l=1  rc=    1.4000  rs=    0.9333
     atom=  C    l=1  rc=    1.4000  rs=    0.9333
     projs nearly linearly dependent: l=1  n1,n2= 1, 2  s=  0.99951561

     atom=  Cl   l=0  rc=    1.6000  rs=    1.0667
     atom=  Cl   l=0  rc=    1.6000  rs=    1.0667
     atom=  Cl   l=1  rc=    1.6000  rs=    1.0667
     atom=  Cl   l=1  rc=    1.6000  rs=    1.0667
     atom=  Cl   l=2  rc=    1.6000  rs=    1.0667
     atom=  Cl   l=2  rc=    1.6000  rs=    1.0667
     projs nearly linearly dependent: l=2  n1,n2= 1, 2  s=  0.99993509

     atom=  H    l=0  rc=    1.0000  rs=    0.6667
     atom=  H    l=0  rc=    1.0000  rs=    0.6667
     projs nearly linearly dependent: l=0  n1,n2= 1, 2  s=  0.99968852
     -----------------------------------------------------------------

     GIPAW integrals: -------------------------------------------
     Atom  i/j   nmr_para   nmr_dia   epr_rmc  epr_para   epr_dia
       C   1 1   0.83E+03  0.17E-01  0.93E+01  0.24E+08  0.24E+03
       C   2 1   0.86E+03 -0.61E-01  0.94E+01  0.25E+08  0.25E+03
       C   2 2   0.90E+03 -0.15E+00  0.97E+01  0.26E+08  0.26E+03
       C   3 3   0.33E+01  0.34E+00  0.18E+01  0.55E+03  0.21E+02
       C   4 3   0.35E+01  0.37E+00  0.20E+01  0.59E+03  0.22E+02
       C   4 4   0.38E+01  0.39E+00  0.22E+01  0.63E+03  0.24E+02
       Cl  1 1   0.14E+04 -0.47E+00  0.84E+01  0.32E+09  0.42E+03
       Cl  2 1   0.21E+04 -0.37E+00  0.12E+02  0.49E+09  0.65E+03
       Cl  2 2   0.33E+04 -0.16E+00  0.21E+02  0.76E+09  0.10E+04
       Cl  3 3   0.21E+02  0.79E-01  0.89E+01  0.23E+05  0.13E+03
       Cl  4 3   0.24E+02  0.67E-01  0.99E+01  0.27E+05  0.15E+03
       Cl  4 4   0.28E+02  0.44E-01  0.11E+02  0.32E+05  0.18E+03
       Cl  5 5   0.77E+00  0.19E+00  0.18E+01  0.12E+03  0.22E+02
       Cl  6 5   0.80E+00  0.19E+00  0.19E+01  0.12E+03  0.23E+02
       Cl  6 6   0.83E+00  0.20E+00  0.19E+01  0.12E+03  0.23E+02
       H   1 1   0.39E+02  0.19E+00  0.29E+00  0.78E+05  0.13E+02
       H   2 1   0.41E+02  0.21E+00  0.32E+00  0.82E+05  0.14E+02
       H   2 2   0.43E+02  0.22E+00  0.36E+00  0.86E+05  0.15E+02
     ------------------------------------------------------------

     alpha_pv=     34.0254 eV

     Number of occupied bands for each k-point:
     k-point:     1    nbnd_occ=  42
     k-point:     2    nbnd_occ=  42
     k-point:     3    nbnd_occ=  42
     k-point:     4    nbnd_occ=  42
     k-point:     5    nbnd_occ=  42
     k-point:     6    nbnd_occ=  42
     k-point:     7    nbnd_occ=  42
     k-point:     8    nbnd_occ=  42
     k-point:     9    nbnd_occ=  42
     k-point:    10    nbnd_occ=  42
     k-point:    11    nbnd_occ=  42
     k-point:    12    nbnd_occ=  42
     k-point:    13    nbnd_occ=  42
     k-point:    14    nbnd_occ=  42
     k-point:    15    nbnd_occ=  42
     k-point:    16    nbnd_occ=  42


     q-space interpolation up to   110.00 Rydberg

     GIPAW job: efg                                                                             


     ELECTRIC FIELD GRADIENTS TENSORS IN Hartree/bohrradius^2:

     ----- bare term -----
     Cl   1       -0.056288        0.039105        0.010407
     Cl   1        0.039105       -0.033679        0.037442
     Cl   1        0.010407        0.037442        0.089967

     C    2       -0.392134        0.121740       -0.356564
     C    2        0.121740        0.090185       -0.269628
     C    2       -0.356564       -0.269628        0.301949

     C    3        0.001557        0.398185       -0.151652
     C    3        0.398185       -0.150803       -0.632248
     C    3       -0.151652       -0.632248        0.149246

     H    4        0.053194       -0.017055       -0.472988
     H    4       -0.017055        0.117397        0.251252
     H    4       -0.472988        0.251252       -0.170592

     C    5       -0.720006        0.343007       -0.376385
     C    5        0.343007        0.315105       -0.200782
     C    5       -0.376385       -0.200782        0.404901

     H    6        0.295200       -0.060780        0.114389
     H    6       -0.060780       -0.314555       -0.523575
     H    6        0.114389       -0.523575        0.019355

     H    7        0.428685        0.237028        0.067568
     H    7        0.237028       -0.615558       -0.238741
     H    7        0.067568       -0.238741        0.186873

     C    8       -0.361072        0.026043       -0.206561
     C    8        0.026043       -0.000053        0.097501
     C    8       -0.206561        0.097501        0.361126

     H    9       -0.253439        0.332881        0.223523
     H    9        0.332881        0.101866       -0.143890
     H    9        0.223523       -0.143890        0.151573

     C   10        0.119531       -0.137172        0.177722
     C   10       -0.137172       -0.156354        0.003848
     C   10        0.177722        0.003848        0.036823

     C   11       -0.429347        0.125728       -0.249309
     C   11        0.125728       -0.061899        0.429955
     C   11       -0.249309        0.429955        0.491246

     Cl  12       -0.175110       -0.139409        0.005289
     Cl  12       -0.139409       -0.058259        0.076570
     Cl  12        0.005289        0.076570        0.233369

     H   13        0.491523       -0.049505       -0.118065
     H   13       -0.049505       -0.009305       -0.461590
     H   13       -0.118065       -0.461590       -0.482217

     C   14       -0.245392        0.291931       -0.108284
     C   14        0.291931       -0.334071       -0.396642
     C   14       -0.108284       -0.396642        0.579463

     H   15        0.090752       -0.058357       -0.466347
     H   15       -0.058357        0.420378        0.108881
     H   15       -0.466347        0.108881       -0.511130

     C   16       -0.339620        0.179766       -0.252882
     C   16        0.179766       -0.118667       -0.371358
     C   16       -0.252882       -0.371358        0.458286

     C   17       -0.162168        0.125361       -0.346410
     C   17        0.125361       -0.332965       -0.509588
     C   17       -0.346410       -0.509588        0.495133

     Cl  18       -0.149549        0.086431       -0.110916
     Cl  18        0.086431       -0.115468       -0.068304
     Cl  18       -0.110916       -0.068304        0.265017

     H   19        0.154702        0.371581        0.012035
     H   19        0.371581       -0.485748        0.310255
     H   19        0.012035        0.310255        0.331046

     C   20       -0.056972       -0.479112       -0.284234
     C   20       -0.479112       -0.349263        0.292543
     C   20       -0.284234        0.292543        0.406235

     H   21       -0.547948        0.322520        0.211487
     H   21        0.322520        0.339842        0.001392
     H   21        0.211487        0.001392        0.208106

     C   22       -0.039357       -0.066567       -0.351549
     C   22       -0.066567       -0.310375        0.428221
     C   22       -0.351549        0.428221        0.349732

     C   23       -0.185398       -0.281952       -0.287873
     C   23       -0.281952       -0.182319        0.404845
     C   23       -0.287873        0.404845        0.367717

     Cl  24       -0.093123        0.041287        0.000546
     Cl  24        0.041287       -0.069523       -0.089193
     Cl  24        0.000546       -0.089193        0.162646

     ----- ionic term -----
     Cl   1        0.076418       -0.204078        0.052681
     Cl   1       -0.204078        0.075160       -0.036253
     Cl   1        0.052681       -0.036253       -0.151578

     C    2        0.047301       -0.221595        0.392124
     C    2       -0.221595        0.079141        0.361162
     C    2        0.392124        0.361162       -0.126442

     C    3        0.064105       -0.345526        0.263758
     C    3       -0.345526        0.130252        0.355976
     C    3        0.263758        0.355976       -0.194356

     H    4        0.439721        0.089982        0.794245
     H    4        0.089982       -0.502237        0.144443
     H    4        0.794245        0.144443        0.062516

     C    5        0.191627       -0.365955        0.299480
     C    5       -0.365955        0.052874        0.237736
     C    5        0.299480        0.237736       -0.244502

     H    6       -0.511492       -0.088113       -0.043907
     H    6       -0.088113        0.539539        0.741743
     H    6       -0.043907        0.741743       -0.028046

     H    7       -0.482399       -0.182358        0.049077
     H    7       -0.182358        0.854781       -0.529917
     H    7        0.049077       -0.529917       -0.372382

     C    8        0.423854        0.096996        0.019385
     C    8        0.096996        0.135960       -0.243463
     C    8        0.019385       -0.243463       -0.559814

     H    9        0.884777       -0.459193        0.225042
     H    9       -0.459193       -0.293912       -0.114336
     H    9        0.225042       -0.114336       -0.590864

     C   10        0.304980        0.142154        0.004619
     C   10        0.142154        0.255619       -0.241799
     C   10        0.004619       -0.241799       -0.560599

     C   11        0.371009        0.063925        0.109875
     C   11        0.063925        0.179054       -0.242853
     C   11        0.109875       -0.242853       -0.550063

     Cl  12        0.170882        0.187707       -0.016149
     Cl  12        0.187707       -0.011525       -0.017343
     Cl  12       -0.016149       -0.017343       -0.159357

     H   13       -0.534015        0.076389        0.076024
     H   13        0.076389        0.555878        0.750455
     H   13        0.076024        0.750455       -0.021863

     C   14        0.190328       -0.250871        0.352819
     C   14       -0.250871        0.021952        0.278064
     C   14        0.352819        0.278064       -0.212281

     H   15        0.487897        0.173141        0.759099
     H   15        0.173141       -0.486994        0.205618
     H   15        0.759099        0.205618       -0.000903

     C   16        0.092486       -0.302981        0.235171
     C   16       -0.302981        0.143244        0.357081
     C   16        0.235171        0.357081       -0.235730

     C   17        0.149608       -0.300976        0.319631
     C   17       -0.300976        0.056863        0.335645
     C   17        0.319631        0.335645       -0.206471

     Cl  18        0.135990       -0.229662        0.015937
     Cl  18       -0.229662        0.019821       -0.004047
     Cl  18        0.015937       -0.004047       -0.155810

     H   19       -0.529858       -0.083404        0.033390
     H   19       -0.083404        0.710726       -0.672702
     H   19        0.033390       -0.672702       -0.180868

     C   20        0.373875        0.135840        0.072112
     C   20        0.135840        0.117139       -0.295381
     C   20        0.072112       -0.295381       -0.491014

     H   21        0.840600       -0.399796        0.400275
     H   21       -0.399796       -0.380640       -0.174904
     H   21        0.400275       -0.174904       -0.459960

     C   22        0.220541        0.161752        0.043935
     C   22        0.161752        0.286455       -0.343701
     C   22        0.043935       -0.343701       -0.506995

     C   23        0.241299        0.060169        0.015833
     C   23        0.060169        0.283604       -0.337571
     C   23        0.015833       -0.337571       -0.524903

     Cl  24        0.095225        0.200712       -0.048484
     Cl  24        0.200712        0.036069       -0.033369
     Cl  24       -0.048484       -0.033369       -0.131294

     ----- GIPAW term -----
     Cl   1        0.542500        0.695241       -1.033450
     Cl   1        0.695241        0.909609       -1.302716
     Cl   1       -1.033450       -1.302716       -1.452109

     C    2        0.002124       -0.009164        0.029619
     C    2       -0.009164        0.037113        0.067428
     C    2        0.029619        0.067428       -0.039236

     C    3       -0.060844        0.158622       -0.048025
     C    3        0.158622        0.145354       -0.157567
     C    3       -0.048025       -0.157567       -0.084510

     H    4       -0.000000        0.000000        0.000000
     H    4        0.000000        0.000000        0.000000
     H    4        0.000000        0.000000        0.000000

     C    5       -0.192877        0.043026       -0.050813
     C    5        0.043026        0.209092        0.015307
     C    5       -0.050813        0.015307       -0.016215

     H    6       -0.000000        0.000000        0.000000
     H    6        0.000000        0.000000        0.000000
     H    6        0.000000        0.000000        0.000000

     H    7       -0.000000        0.000000        0.000000
     H    7        0.000000        0.000000        0.000000
     H    7        0.000000        0.000000        0.000000

     C    8       -0.089687        0.009230       -0.008736
     C    8        0.009230       -0.041783        0.064653
     C    8       -0.008736        0.064653        0.131470

     H    9       -0.000000        0.000000        0.000000
     H    9        0.000000        0.000000        0.000000
     H    9        0.000000        0.000000        0.000000

     C   10        0.014370        0.000863        0.021737
     C   10        0.000863       -0.001570       -0.015823
     C   10        0.021737       -0.015823       -0.012800

     C   11       -0.081199        0.133139        0.077448
     C   11        0.133139       -0.116737        0.062979
     C   11        0.077448        0.062979        0.197936

     Cl  12       -0.849480        1.205487        0.034819
     Cl  12        1.205487       -1.073699        1.453576
     Cl  12        0.034819        1.453576        1.923180

     H   13       -0.000000        0.000000        0.000000
     H   13        0.000000        0.000000        0.000000
     H   13        0.000000        0.000000        0.000000

     C   14       -0.111640        0.039024        0.028972
     C   14        0.039024       -0.195106       -0.089049
     C   14        0.028972       -0.089049        0.306746

     H   15       -0.000000        0.000000        0.000000
     H   15        0.000000        0.000000        0.000000
     H   15        0.000000        0.000000        0.000000

     C   16       -0.185349        0.007169       -0.064996
     C   16        0.007169       -0.089313       -0.130457
     C   16       -0.064996       -0.130457        0.274662

     C   17       -0.058580       -0.073466       -0.085760
     C   17       -0.073466       -0.120599       -0.156444
     C   17       -0.085760       -0.156444        0.179178

     Cl  18       -0.112133       -1.498760       -1.039001
     Cl  18       -1.498760       -1.059961       -0.783524
     Cl  18       -1.039001       -0.783524        1.172095

     H   19       -0.000000        0.000000        0.000000
     H   19        0.000000        0.000000        0.000000
     H   19        0.000000        0.000000        0.000000

     C   20        0.190506       -0.130782       -0.139163
     C   20       -0.130782       -0.170124        0.064235
     C   20       -0.139163        0.064235       -0.020381

     H   21       -0.000000        0.000000        0.000000
     H   21        0.000000        0.000000        0.000000
     H   21        0.000000        0.000000        0.000000

     C   22        0.017341       -0.027378       -0.225805
     C   22       -0.027378       -0.127750        0.087209
     C   22       -0.225805        0.087209        0.110409

     C   23        0.131989        0.102942       -0.093353
     C   23        0.102942       -0.069978        0.041710
     C   23       -0.093353        0.041710       -0.062010

     Cl  24       -0.205754        2.107622       -0.398939
     Cl  24        2.107622       -0.800119       -1.352270
     Cl  24       -0.398939       -1.352270        1.005873

     ----- total EFG -----
     Cl   1        0.562630        0.530269       -0.970362
     Cl   1        0.530269        0.951090       -1.301527
     Cl   1       -0.970362       -1.301527       -1.513720

     C    2       -0.342710       -0.109018        0.065179
     C    2       -0.109018        0.206439        0.158962
     C    2        0.065179        0.158962        0.136271

     C    3        0.004817        0.211280        0.064082
     C    3        0.211280        0.124803       -0.433838
     C    3        0.064082       -0.433838       -0.129620

     H    4        0.492915        0.072927        0.321257
     H    4        0.072927       -0.384839        0.395695
     H    4        0.321257        0.395695       -0.108076

     C    5       -0.721256        0.020078       -0.127718
     C    5        0.020078        0.577071        0.052261
     C    5       -0.127718        0.052261        0.144185

     H    6       -0.216292       -0.148893        0.070482
     H    6       -0.148893        0.224983        0.218169
     H    6        0.070482        0.218169       -0.008691

     H    7       -0.053714        0.054671        0.116645
     H    7        0.054671        0.239223       -0.768658
     H    7        0.116645       -0.768658       -0.185509

     C    8       -0.026906        0.132269       -0.195912
     C    8        0.132269        0.094124       -0.081309
     C    8       -0.195912       -0.081309       -0.067218

     H    9        0.631338       -0.126312        0.448566
     H    9       -0.126312       -0.192047       -0.258226
     H    9        0.448566       -0.258226       -0.439291

     C   10        0.438881        0.005845        0.204078
     C   10        0.005845        0.097694       -0.253774
     C   10        0.204078       -0.253774       -0.536575

     C   11       -0.139537        0.322792       -0.061986
     C   11        0.322792        0.000418        0.250080
     C   11       -0.061986        0.250080        0.139119

     Cl  12       -0.853708        1.253785        0.023959
     Cl  12        1.253785       -1.143483        1.512803
     Cl  12        0.023959        1.512803        1.997192

     H   13       -0.042493        0.026884       -0.042041
     H   13        0.026884        0.546572        0.288865
     H   13       -0.042041        0.288865       -0.504080

     C   14       -0.166704        0.080084        0.273507
     C   14        0.080084       -0.507224       -0.207627
     C   14        0.273507       -0.207627        0.673928

     H   15        0.578649        0.114784        0.292751
     H   15        0.114784       -0.066616        0.314500
     H   15        0.292751        0.314500       -0.512033

     C   16       -0.432482       -0.116046       -0.082707
     C   16       -0.116046       -0.064736       -0.144734
     C   16       -0.082707       -0.144734        0.497219

     C   17       -0.071141       -0.249080       -0.112540
     C   17       -0.249080       -0.396700       -0.330387
     C   17       -0.112540       -0.330387        0.467841

     Cl  18       -0.125692       -1.641991       -1.133980
     Cl  18       -1.641991       -1.155609       -0.855875
     Cl  18       -1.133980       -0.855875        1.281301

     H   19       -0.375156        0.288177        0.045425
     H   19        0.288177        0.224978       -0.362447
     H   19        0.045425       -0.362447        0.150178

     C   20        0.507409       -0.474054       -0.351285
     C   20       -0.474054       -0.402248        0.061397
     C   20       -0.351285        0.061397       -0.105160

     H   21        0.292653       -0.077276        0.611762
     H   21       -0.077276       -0.040798       -0.173512
     H   21        0.611762       -0.173512       -0.251854

     C   22        0.198524        0.067807       -0.533419
     C   22        0.067807       -0.151670        0.171729
     C   22       -0.533419        0.171729       -0.046854

     C   23        0.187889       -0.118841       -0.365393
     C   23       -0.118841        0.031307        0.108984
     C   23       -0.365393        0.108984       -0.219196

     Cl  24       -0.203652        2.349622       -0.446877
     Cl  24        2.349622       -0.833573       -1.474832
     Cl  24       -0.446877       -1.474832        1.037225

     ----- total EFG (symmetrized) -----
     Cl   1        0.562630        0.530269       -0.970362
     Cl   1        0.530269        0.951090       -1.301527
     Cl   1       -0.970362       -1.301527       -1.513720

     C    2       -0.342710       -0.109018        0.065179
     C    2       -0.109018        0.206439        0.158962
     C    2        0.065179        0.158962        0.136271

     C    3        0.004817        0.211280        0.064082
     C    3        0.211280        0.124803       -0.433838
     C    3        0.064082       -0.433838       -0.129620

     H    4        0.492915        0.072927        0.321257
     H    4        0.072927       -0.384839        0.395695
     H    4        0.321257        0.395695       -0.108076

     C    5       -0.721256        0.020078       -0.127718
     C    5        0.020078        0.577071        0.052261
     C    5       -0.127718        0.052261        0.144185

     H    6       -0.216292       -0.148893        0.070482
     H    6       -0.148893        0.224983        0.218169
     H    6        0.070482        0.218169       -0.008691

     H    7       -0.053714        0.054671        0.116645
     H    7        0.054671        0.239223       -0.768658
     H    7        0.116645       -0.768658       -0.185509

     C    8       -0.026906        0.132269       -0.195912
     C    8        0.132269        0.094124       -0.081309
     C    8       -0.195912       -0.081309       -0.067218

     H    9        0.631338       -0.126312        0.448566
     H    9       -0.126312       -0.192047       -0.258226
     H    9        0.448566       -0.258226       -0.439291

     C   10        0.438881        0.005845        0.204078
     C   10        0.005845        0.097694       -0.253774
     C   10        0.204078       -0.253774       -0.536575

     C   11       -0.139537        0.322792       -0.061986
     C   11        0.322792        0.000418        0.250080
     C   11       -0.061986        0.250080        0.139119

     Cl  12       -0.853708        1.253785        0.023959
     Cl  12        1.253785       -1.143483        1.512803
     Cl  12        0.023959        1.512803        1.997192

     H   13       -0.042493        0.026884       -0.042041
     H   13        0.026884        0.546572        0.288865
     H   13       -0.042041        0.288865       -0.504080

     C   14       -0.166704        0.080084        0.273507
     C   14        0.080084       -0.507224       -0.207627
     C   14        0.273507       -0.207627        0.673928

     H   15        0.578649        0.114784        0.292751
     H   15        0.114784       -0.066616        0.314500
     H   15        0.292751        0.314500       -0.512033

     C   16       -0.432482       -0.116046       -0.082707
     C   16       -0.116046       -0.064736       -0.144734
     C   16       -0.082707       -0.144734        0.497219

     C   17       -0.071141       -0.249080       -0.112540
     C   17       -0.249080       -0.396700       -0.330387
     C   17       -0.112540       -0.330387        0.467841

     Cl  18       -0.125692       -1.641991       -1.133980
     Cl  18       -1.641991       -1.155609       -0.855875
     Cl  18       -1.133980       -0.855875        1.281301

     H   19       -0.375156        0.288177        0.045425
     H   19        0.288177        0.224978       -0.362447
     H   19        0.045425       -0.362447        0.150178

     C   20        0.507409       -0.474054       -0.351285
     C   20       -0.474054       -0.402248        0.061397
     C   20       -0.351285        0.061397       -0.105160

     H   21        0.292653       -0.077276        0.611762
     H   21       -0.077276       -0.040798       -0.173512
     H   21        0.611762       -0.173512       -0.251854

     C   22        0.198524        0.067807       -0.533419
     C   22        0.067807       -0.151670        0.171729
     C   22       -0.533419        0.171729       -0.046854

     C   23        0.187889       -0.118841       -0.365393
     C   23       -0.118841        0.031307        0.108984
     C   23       -0.365393        0.108984       -0.219196

     Cl  24       -0.203652        2.349622       -0.446877
     Cl  24        2.349622       -0.833573       -1.474832
     Cl  24       -0.446877       -1.474832        1.037225


     NQR/NMR SPECTROSCOPIC PARAMETERS:
     Cl   1    Vxx=    0.1928    axis=(  0.809354 -0.587190 -0.012378)
     Cl   1    Vyy=    2.0589    axis=(  0.530488  0.739918 -0.413646)
     Cl   1    Vzz=   -2.2516    axis=(  0.252048  0.328220  0.910354)
     Cl   1  Q=        -8.1650 1e-30 m^2  Cq=        43.1965 MHz  eta= 0.82878

     C    2    Vxx=    0.0446    axis=( -0.289043  0.564553 -0.773132)
     C    2    Vyy=    0.3372    axis=( -0.069176  0.793176  0.605051)
     C    2    Vzz=   -0.3818    axis=( -0.954813 -0.228368  0.190208)
     C    2  Q=         1.0000 1e-30 m^2  Cq=        -0.8970 MHz  eta= 0.76655

     C    3    Vxx=    0.0296    axis=( -0.900973  0.025833 -0.433105)
     C    3    Vyy=    0.4877    axis=(  0.278938  0.799079 -0.532603)
     C    3    Vzz=   -0.5173    axis=(  0.332327 -0.600671 -0.727155)
     C    3  Q=         1.0000 1e-30 m^2  Cq=        -1.2154 MHz  eta= 0.88570

     H    4    Vxx=   -0.0046    axis=(  0.501366 -0.575878 -0.645752)
     H    4    Vyy=   -0.6807    axis=( -0.117786 -0.784811  0.608439)
     H    4    Vzz=    0.6853    axis=( -0.857180 -0.228990 -0.461308)
     H    4  Q=         1.0000 1e-30 m^2  Cq=         1.6102 MHz  eta= 0.98651

     C    5    Vxx=    0.1570    axis=( -0.145535 -0.115282  0.982614)
     C    5    Vyy=    0.5833    axis=(  0.003822  0.993115  0.117080)
     C    5    Vzz=   -0.7403    axis=( -0.989346  0.020795 -0.144092)
     C    5  Q=         1.0000 1e-30 m^2  Cq=        -1.7394 MHz  eta= 0.57592

     H    6    Vxx=   -0.0429    axis=( -0.570885  0.303903 -0.762715)
     H    6    Vyy=   -0.3280    axis=( -0.804506 -0.392497  0.445776)
     H    6    Vzz=    0.3709    axis=( -0.163891  0.868095  0.468562)
     H    6  Q=         1.0000 1e-30 m^2  Cq=         0.8714 MHz  eta= 0.76883

     H    7    Vxx=   -0.0331    axis=(  0.985255  0.126715  0.114964)
     H    7    Vyy=   -0.7921    axis=( -0.168221  0.594797  0.786077)
     H    7    Vzz=    0.8252    axis=(  0.031227 -0.793826  0.607343)
     H    7  Q=         1.0000 1e-30 m^2  Cq=         1.9388 MHz  eta= 0.91984

     C    8    Vxx=   -0.0310    axis=(  0.408875 -0.760281 -0.504771)
     C    8    Vyy=   -0.2468    axis=(  0.694561 -0.099528  0.712516)
     C    8    Vzz=    0.2778    axis=( -0.591951 -0.641924  0.487367)
     C    8  Q=         1.0000 1e-30 m^2  Cq=         0.6528 MHz  eta= 0.77689

     H    9    Vxx=   -0.1495    axis=(  0.319942  0.897243 -0.304290)
     H    9    Vyy=   -0.6877    axis=( -0.262222  0.392484  0.881587)
     H    9    Vzz=    0.8372    axis=(  0.910427 -0.202265  0.360849)
     H    9  Q=         1.0000 1e-30 m^2  Cq=         1.9671 MHz  eta= 0.64282

     C   10    Vxx=    0.1744    axis=(  0.194961  0.940112 -0.279606)
     C   10    Vyy=    0.4858    axis=(  0.965081 -0.133024  0.225662)
     C   10    Vzz=   -0.6602    axis=( -0.174953  0.313838  0.933219)
     C   10  Q=         1.0000 1e-30 m^2  Cq=        -1.5512 MHz  eta= 0.47171

     C   11    Vxx=    0.0865    axis=( -0.632699 -0.306475  0.711172)
     C   11    Vyy=    0.3861    axis=( -0.356715 -0.699780 -0.618920)
     C   11    Vzz=   -0.4726    axis=( -0.687347  0.645276 -0.333426)
     C   11  Q=         1.0000 1e-30 m^2  Cq=        -1.1105 MHz  eta= 0.63399

     Cl  12    Vxx=   -0.1247    axis=(  0.807380  0.476087 -0.348537)
     Cl  12    Vyy=   -2.5572    axis=( -0.570651  0.780218 -0.256159)
     Cl  12    Vzz=    2.6819    axis=(  0.149981  0.405711  0.901612)
     Cl  12  Q=        -8.1650 1e-30 m^2  Cq=       -51.4512 MHz  eta= 0.90698

     H   13    Vxx=   -0.0387    axis=(  0.995887 -0.001028 -0.090603)
     H   13    Vyy=   -0.5824    axis=(  0.087498 -0.248879  0.964574)
     H   13    Vzz=    0.6211    axis=( -0.023541 -0.968534 -0.247766)
     H   13  Q=         1.0000 1e-30 m^2  Cq=         1.4594 MHz  eta= 0.87540

     C   14    Vxx=   -0.1945    axis=(  0.909434  0.365060 -0.199153)
     C   14    Vyy=   -0.5851    axis=( -0.321082  0.920763  0.221591)
     C   14    Vzz=    0.7796    axis=(  0.264267 -0.137578  0.954587)
     C   14  Q=         1.0000 1e-30 m^2  Cq=         1.8317 MHz  eta= 0.50113

     H   15    Vxx=    0.0078    axis=(  0.347585 -0.876051 -0.334243)
     H   15    Vyy=    0.7021    axis=( -0.922581 -0.255885 -0.288734)
     H   15    Vzz=   -0.7099    axis=(  0.167418  0.408726 -0.897170)
     H   15  Q=         1.0000 1e-30 m^2  Cq=        -1.6681 MHz  eta= 0.97793

     C   16    Vxx=   -0.0542    axis=(  0.326190 -0.925198 -0.193930)
     C   16    Vyy=   -0.4811    axis=(  0.943625  0.306463  0.125108)
     C   16    Vzz=    0.5353    axis=( -0.056317 -0.223807  0.973005)
     C   16  Q=         1.0000 1e-30 m^2  Cq=         1.2577 MHz  eta= 0.79764

     C   17    Vxx=    0.0581    axis=(  0.900527 -0.424337 -0.094811)
     C   17    Vyy=    0.5809    axis=(  0.045768  0.309356 -0.949844)
     C   17    Vzz=   -0.6389    axis=(  0.432385  0.851021  0.298004)
     C   17  Q=         1.0000 1e-30 m^2  Cq=        -1.5013 MHz  eta= 0.81821

     Cl  18    Vxx=    0.9044    axis=(  0.633730 -0.667528  0.390888)
     Cl  18    Vyy=    1.9137    axis=( -0.503045  0.028244  0.863799)
     Cl  18    Vzz=   -2.8181    axis=( -0.587650 -0.744049 -0.317897)
     Cl  18  Q=        -8.1650 1e-30 m^2  Cq=        54.0644 MHz  eta= 0.35814

     H   19    Vxx=   -0.0441    axis=( -0.499008 -0.457184 -0.736188)
     H   19    Vyy=   -0.5454    axis=( -0.843202  0.452212  0.290714)
     H   19    Vzz=    0.5895    axis=(  0.200003  0.765824 -0.611156)
     H   19  Q=         1.0000 1e-30 m^2  Cq=         1.3851 MHz  eta= 0.85032

     C   20    Vxx=   -0.2180    axis=(  0.240555 -0.312780  0.918859)
     C   20    Vyy=   -0.6200    axis=( -0.429919 -0.883068 -0.188045)
     C   20    Vzz=    0.8380    axis=(  0.870232 -0.349799 -0.346897)
     C   20  Q=         1.0000 1e-30 m^2  Cq=         1.9689 MHz  eta= 0.47965

     H   21    Vxx=   -0.0567    axis=(  0.264151  0.964043 -0.029087)
     H   21    Vyy=   -0.6668    axis=( -0.520346  0.167840  0.837299)
     H   21    Vzz=    0.7236    axis=(  0.812074 -0.206038  0.545971)
     H   21  Q=         1.0000 1e-30 m^2  Cq=         1.7001 MHz  eta= 0.84317

     C   22    Vxx=   -0.0768    axis=(  0.308596  0.910561  0.275040)
     C   22    Vyy=   -0.5502    axis=(  0.554131 -0.407116  0.726082)
     C   22    Vzz=    0.6271    axis=( -0.773116  0.071658  0.630204)
     C   22  Q=         1.0000 1e-30 m^2  Cq=         1.4733 MHz  eta= 0.75499

     C   23    Vxx=   -0.0242    axis=(  0.336936  0.935239 -0.108638)
     C   23    Vyy=   -0.4365    axis=(  0.492646 -0.076792  0.866835)
     C   23    Vzz=    0.4607    axis=(  0.802356 -0.345588 -0.486615)
     C   23  Q=         1.0000 1e-30 m^2  Cq=         1.0824 MHz  eta= 0.89508

     Cl  24    Vxx=    0.2105    axis=( -0.592022 -0.250070 -0.766142)
     Cl  24    Vyy=    2.8559    axis=(  0.538008  0.585166 -0.606735)
     Cl  24    Vzz=   -3.0664    axis=( -0.600047  0.771392  0.211892)
     Cl  24  Q=        -8.1650 1e-30 m^2  Cq=        58.8275 MHz  eta= 0.86269

     Initialization:
     gipaw_setup  :      9.23s CPU     11.11s WALL (       1 calls)

     Linear response

     Apply operators

     Induced current

     Other routines
     efg          :      9.32s CPU     12.18s WALL (       1 calls)

     General routines
     calbec       :      3.24s CPU      4.36s WALL (      16 calls)
     fft          :      1.46s CPU      1.70s WALL (      15 calls)
     ffts         :      0.04s CPU      0.05s WALL (       2 calls)
     fftw         :      3.27s CPU      4.26s WALL (     672 calls)
     davcio       :      0.02s CPU      0.33s WALL (      32 calls)

     Parallel routines
     fft_scatter  :      2.04s CPU      3.12s WALL (     689 calls)

     Plugins

     GIPAW        :     61.62s CPU     73.65s WALL (       1 calls)
