
     Program QE v.6.0 (svn rev. 13079) starts on 19Dec2016 at  0: 3: 2 

     This program is part of the open-source Quantum ESPRESSO suite
     for quantum simulation of materials; please cite
         "P. Giannozzi et al., J. Phys.:Condens. Matter 21 395502 (2009);
          URL http://www.quantum-espresso.org", 
     in publications or presentations arising from this work. More details at
     http://www.quantum-espresso.org/quote

     Parallel version (MPI), running on     8 processors
     R & G space division:  proc/nbgrp/npool/nimage =       8

     ***** This is GIPAW svn revision unknown      *****

     Parallelizing q-star over 1 images

     Reading data from directory:
     /users/majewski/paradichlorobenzene/pbe/9_constraint/scratch/pbe.ecut100.np8.dt60.pcl2phi-129368.save
     Message from routine read_xml_file:
     file /users/majewski/paradichlorobenzene/pbe/9_constraint/scratch/pbe.ecut100.np8.dt60.pcl2phi-129368.save not guaranteed to be safe for post-processing

   Info: using nr1, nr2, nr3 values from input

   Info: using nr1, nr2, nr3 values from input

     IMPORTANT: XC functional enforced from input :
     Exchange-correlation      =  SLA  PW   PBX  PBC ( 1  4  3  4 0 0)
     Any further DFT definition will be discarded
     Please, verify this is what you really want

               file C.pbe-n-kjpaw_psl.1.0.0.UPF: wavefunction(s)  2S 2P renormalized
               file Cl.pbe-n-kjpaw_psl.1.0.0.UPF: wavefunction(s)  3S 3P renormalized
               file H.pbe-kjpaw_psl.1.0.0.UPF: wavefunction(s)  1S renormalized

     Parallelization info
     --------------------
     sticks:   dense  smooth     PW     G-vecs:    dense   smooth      PW
     Min        3057    1223    332               144436    36536    5170
     Max        3059    1225    333               144437    36537    5171
     Sum       24467    9791   2657              1155489   292295   41363


     Subspace diagonalization in iterative solution of the eigenvalue problem:
     a serial algorithm will be used

     GIPAW projectors -----------------------------------------------
     atom=  C    l=0  rc=    1.2000  rs=    0.8000
     atom=  C    l=0  rc=    1.2000  rs=    0.8000
     atom=  C    l=1  rc=    1.4000  rs=    0.9333
     atom=  C    l=1  rc=    1.4000  rs=    0.9333
     projs nearly linearly dependent: l=1  n1,n2= 1, 2  s=  0.99951561

     atom=  Cl   l=0  rc=    1.6000  rs=    1.0667
     atom=  Cl   l=0  rc=    1.6000  rs=    1.0667
     atom=  Cl   l=1  rc=    1.6000  rs=    1.0667
     atom=  Cl   l=1  rc=    1.6000  rs=    1.0667
     atom=  Cl   l=2  rc=    1.6000  rs=    1.0667
     atom=  Cl   l=2  rc=    1.6000  rs=    1.0667
     projs nearly linearly dependent: l=2  n1,n2= 1, 2  s=  0.99993509

     atom=  H    l=0  rc=    1.0000  rs=    0.6667
     atom=  H    l=0  rc=    1.0000  rs=    0.6667
     projs nearly linearly dependent: l=0  n1,n2= 1, 2  s=  0.99968852
     -----------------------------------------------------------------

     GIPAW integrals: -------------------------------------------
     Atom  i/j   nmr_para   nmr_dia   epr_rmc  epr_para   epr_dia
       C   1 1   0.83E+03  0.17E-01  0.93E+01  0.24E+08  0.24E+03
       C   2 1   0.86E+03 -0.61E-01  0.94E+01  0.25E+08  0.25E+03
       C   2 2   0.90E+03 -0.15E+00  0.97E+01  0.26E+08  0.26E+03
       C   3 3   0.33E+01  0.34E+00  0.18E+01  0.55E+03  0.21E+02
       C   4 3   0.35E+01  0.37E+00  0.20E+01  0.59E+03  0.22E+02
       C   4 4   0.38E+01  0.39E+00  0.22E+01  0.63E+03  0.24E+02
       Cl  1 1   0.14E+04 -0.47E+00  0.84E+01  0.32E+09  0.42E+03
       Cl  2 1   0.21E+04 -0.37E+00  0.12E+02  0.49E+09  0.65E+03
       Cl  2 2   0.33E+04 -0.16E+00  0.21E+02  0.76E+09  0.10E+04
       Cl  3 3   0.21E+02  0.79E-01  0.89E+01  0.23E+05  0.13E+03
       Cl  4 3   0.24E+02  0.67E-01  0.99E+01  0.27E+05  0.15E+03
       Cl  4 4   0.28E+02  0.44E-01  0.11E+02  0.32E+05  0.18E+03
       Cl  5 5   0.77E+00  0.19E+00  0.18E+01  0.12E+03  0.22E+02
       Cl  6 5   0.80E+00  0.19E+00  0.19E+01  0.12E+03  0.23E+02
       Cl  6 6   0.83E+00  0.20E+00  0.19E+01  0.12E+03  0.23E+02
       H   1 1   0.39E+02  0.19E+00  0.29E+00  0.78E+05  0.13E+02
       H   2 1   0.41E+02  0.21E+00  0.32E+00  0.82E+05  0.14E+02
       H   2 2   0.43E+02  0.22E+00  0.36E+00  0.86E+05  0.15E+02
     ------------------------------------------------------------

     alpha_pv=     34.6614 eV

     Number of occupied bands for each k-point:
     k-point:     1    nbnd_occ=  42
     k-point:     2    nbnd_occ=  42
     k-point:     3    nbnd_occ=  42
     k-point:     4    nbnd_occ=  42
     k-point:     5    nbnd_occ=  42
     k-point:     6    nbnd_occ=  42
     k-point:     7    nbnd_occ=  42
     k-point:     8    nbnd_occ=  42
     k-point:     9    nbnd_occ=  42
     k-point:    10    nbnd_occ=  42
     k-point:    11    nbnd_occ=  42
     k-point:    12    nbnd_occ=  42
     k-point:    13    nbnd_occ=  42
     k-point:    14    nbnd_occ=  42
     k-point:    15    nbnd_occ=  42
     k-point:    16    nbnd_occ=  42


     q-space interpolation up to   110.00 Rydberg

     GIPAW job: efg                                                                             


     ELECTRIC FIELD GRADIENTS TENSORS IN Hartree/bohrradius^2:

     ----- bare term -----
     Cl   1       -0.073697        0.070188       -0.030137
     Cl   1        0.070188       -0.030502        0.004795
     Cl   1       -0.030137        0.004795        0.104199

     C    2       -0.049695        0.232593       -0.151655
     C    2        0.232593       -0.340222       -0.476514
     C    2       -0.151655       -0.476514        0.389917

     C    3       -0.363960        0.343460       -0.313254
     C    3        0.343460       -0.013665       -0.462327
     C    3       -0.313254       -0.462327        0.377625

     H    4       -0.207011       -0.482272       -0.275842
     H    4       -0.482272       -0.178202       -0.084170
     H    4       -0.275842       -0.084170        0.385213

     C    5       -0.508537        0.083226       -0.340504
     C    5        0.083226       -0.068271       -0.384047
     C    5       -0.340504       -0.384047        0.576808

     H    6        0.485615       -0.179463        0.016714
     H    6       -0.179463       -0.677388        0.025226
     H    6        0.016714        0.025226        0.191773

     H    7        0.384858       -0.049128       -0.047023
     H    7       -0.049128       -0.641640        0.345738
     H    7       -0.047023        0.345738        0.256782

     C    8       -0.345292       -0.135151       -0.345992
     C    8       -0.135151       -0.056075        0.495256
     C    8       -0.345992        0.495256        0.401368

     H    9       -0.498892        0.499400       -0.066088
     H    9        0.499400        0.194571       -0.016052
     H    9       -0.066088       -0.016052        0.304322

     C   10       -0.358392       -0.345152       -0.337942
     C   10       -0.345152        0.004247        0.420107
     C   10       -0.337942        0.420107        0.354145

     C   11       -0.052251       -0.098859       -0.257732
     C   11       -0.098859       -0.244659        0.505621
     C   11       -0.257732        0.505621        0.296910

     Cl  12       -0.192319       -0.177235       -0.047046
     Cl  12       -0.177235        0.093504        0.169181
     Cl  12       -0.047046        0.169181        0.098815

     H   13        0.486087       -0.029704       -0.081084
     H   13       -0.029704       -0.678725       -0.029736
     H   13       -0.081084       -0.029736        0.192637

     C   14       -0.478559       -0.004658       -0.317999
     C   14       -0.004658       -0.032595       -0.423528
     C   14       -0.317999       -0.423528        0.511154

     H   15       -0.449329       -0.407777       -0.222099
     H   15       -0.407777        0.221831       -0.039015
     H   15       -0.222099       -0.039015        0.227498

     C   16       -0.368716        0.361298       -0.120950
     C   16        0.361298       -0.098420       -0.489845
     C   16       -0.120950       -0.489845        0.467135

     C   17       -0.049478       -0.014323       -0.342465
     C   17       -0.014323       -0.326894       -0.475726
     C   17       -0.342465       -0.475726        0.376372

     Cl  18       -0.167472        0.173184        0.041897
     Cl  18        0.173184        0.058715        0.154682
     Cl  18        0.041897        0.154682        0.108757

     H   19        0.454046        0.231459        0.055838
     H   19        0.231459       -0.661757        0.014683
     H   19        0.055838        0.014683        0.207711

     C   20       -0.438417       -0.140009       -0.328983
     C   20       -0.140009       -0.089604        0.288298
     C   20       -0.328983        0.288298        0.528021

     H   21       -0.422558        0.418546        0.170206
     H   21        0.418546        0.257300       -0.099817
     H   21        0.170206       -0.099817        0.165258

     C   22       -0.102176       -0.196283       -0.049855
     C   22       -0.196283       -0.346691        0.361687
     C   22       -0.049855        0.361687        0.448867

     C   23       -0.345543       -0.077778       -0.362398
     C   23       -0.077778       -0.096029        0.488302
     C   23       -0.362398        0.488302        0.441572

     Cl  24       -0.071661       -0.038258        0.023199
     Cl  24       -0.038258       -0.048429        0.013803
     Cl  24        0.023199        0.013803        0.120089

     ----- ionic term -----
     Cl   1        0.125529       -0.219570        0.077016
     Cl   1       -0.219570        0.031429       -0.050626
     Cl   1        0.077016       -0.050626       -0.156959

     C    2        0.194675       -0.137552        0.339547
     C    2       -0.137552        0.253745        0.271346
     C    2        0.339547        0.271346       -0.448421

     C    3        0.150056       -0.149908        0.235699
     C    3       -0.149908        0.292490        0.306392
     C    3        0.235699        0.306392       -0.442545

     H    4        0.494337        0.469748        0.620014
     H    4        0.469748       -0.249559        0.319592
     H    4        0.620014        0.319592       -0.244779

     C    5        0.327959       -0.061493        0.303254
     C    5       -0.061493        0.114101        0.266282
     C    5        0.303254        0.266282       -0.442060

     H    6       -0.494095        0.127203        0.061130
     H    6        0.127203        0.780230        0.601808
     H    6        0.061130        0.601808       -0.286135

     H    7       -0.511086       -0.008345        0.018298
     H    7       -0.008345        0.683116       -0.685494
     H    7        0.018298       -0.685494       -0.172030

     C    8        0.373831        0.100936        0.202836
     C    8        0.100936        0.084794       -0.276167
     C    8        0.202836       -0.276167       -0.458625

     H    9        0.720247       -0.407753        0.522798
     H    9       -0.407753       -0.385514       -0.228347
     H    9        0.522798       -0.228347       -0.334733

     C   10        0.201935        0.149906        0.156513
     C   10        0.149906        0.220465       -0.346233
     C   10        0.156513       -0.346233       -0.422400

     C   11        0.268179        0.097714        0.096476
     C   11        0.097714        0.192616       -0.404929
     C   11        0.096476       -0.404929       -0.460795

     Cl  12        0.168158        0.209956       -0.052057
     Cl  12        0.209956       -0.017392       -0.034218
     Cl  12       -0.052057       -0.034218       -0.150766

     H   13       -0.517277        0.107714        0.071679
     H   13        0.107714        0.836400        0.568232
     H   13        0.071679        0.568232       -0.319123

     C   14        0.340821       -0.152538        0.294636
     C   14       -0.152538        0.108450        0.255397
     C   14        0.294636        0.255397       -0.449271

     H   15        0.730814        0.324903        0.581480
     H   15        0.324903       -0.382357        0.220853
     H   15        0.581480        0.220853       -0.348457

     C   16        0.218217       -0.239251        0.194126
     C   16       -0.239251        0.286582        0.313318
     C   16        0.194126        0.313318       -0.504798

     C   17        0.253844       -0.087165        0.255292
     C   17       -0.087165        0.238813        0.370898
     C   17        0.255292        0.370898       -0.492658

     Cl  18        0.196694       -0.206736        0.014624
     Cl  18       -0.206736       -0.027338        0.000517
     Cl  18        0.014624        0.000517       -0.169357

     H   19       -0.514463       -0.091000        0.024878
     H   19       -0.091000        0.671899       -0.679316
     H   19        0.024878       -0.679316       -0.157437

     C   20        0.313253        0.114672        0.123027
     C   20        0.114672        0.135258       -0.296461
     C   20        0.123027       -0.296461       -0.448511

     H   21        0.771548       -0.418411        0.480858
     H   21       -0.418411       -0.346247       -0.211461
     H   21        0.480858       -0.211461       -0.425300

     C   22        0.193064        0.169854        0.112640
     C   22        0.169854        0.310502       -0.339988
     C   22        0.112640       -0.339988       -0.503566

     C   23        0.260921        0.099298        0.207958
     C   23        0.099298        0.278050       -0.335961
     C   23        0.207958       -0.335961       -0.538971

     Cl  24        0.147275        0.233909        0.009643
     Cl  24        0.233909        0.035228        0.002615
     Cl  24        0.009643        0.002615       -0.182503

     ----- GIPAW term -----
     Cl   1       -0.824709       -1.288781       -0.125588
     Cl   1       -1.288781       -1.437561       -0.402549
     Cl   1       -0.125588       -0.402549        2.262270

     C    2        0.079597       -0.054961        0.054417
     C    2       -0.054961       -0.097673       -0.035502
     C    2        0.054417       -0.035502        0.018076

     C    3       -0.117448        0.124673       -0.123034
     C    3        0.124673        0.090747       -0.154590
     C    3       -0.123034       -0.154590        0.026701

     H    4       -0.000000        0.000000        0.000000
     H    4        0.000000        0.000000        0.000000
     H    4        0.000000        0.000000        0.000000

     C    5       -0.170472        0.008062       -0.049714
     C    5        0.008062       -0.074728       -0.175382
     C    5       -0.049714       -0.175382        0.245200

     H    6       -0.000000        0.000000        0.000000
     H    6        0.000000        0.000000        0.000000
     H    6        0.000000        0.000000        0.000000

     H    7       -0.000000        0.000000        0.000000
     H    7        0.000000        0.000000        0.000000
     H    7        0.000000        0.000000        0.000000

     C    8       -0.079751       -0.016478       -0.052102
     C    8       -0.016478        0.017649        0.175118
     C    8       -0.052102        0.175118        0.062102

     H    9       -0.000000        0.000000        0.000000
     H    9        0.000000        0.000000        0.000000
     H    9        0.000000        0.000000        0.000000

     C   10       -0.090447       -0.130531       -0.112995
     C   10       -0.130531        0.090627        0.101356
     C   10       -0.112995        0.101356       -0.000180

     C   11        0.054424        0.087923       -0.015534
     C   11        0.087923       -0.022665        0.025468
     C   11       -0.015534        0.025468       -0.031758

     Cl  12       -0.085499        1.060924       -0.516698
     Cl  12        1.060924        0.967614        1.608919
     Cl  12       -0.516698        1.608919       -0.882114

     H   13       -0.000000        0.000000        0.000000
     H   13        0.000000        0.000000        0.000000
     H   13        0.000000        0.000000        0.000000

     C   14       -0.101656       -0.051535        0.052885
     C   14       -0.051535       -0.070449       -0.143105
     C   14        0.052885       -0.143105        0.172104

     H   15       -0.000000        0.000000        0.000000
     H   15        0.000000        0.000000        0.000000
     H   15        0.000000        0.000000        0.000000

     C   16       -0.132429        0.009463        0.009041
     C   16        0.009463        0.069460       -0.158276
     C   16        0.009041       -0.158276        0.062969

     C   17        0.013506       -0.138993       -0.071593
     C   17       -0.138993       -0.084445        0.000393
     C   17       -0.071593        0.000393        0.070940

     Cl  18        0.082952       -1.023935        0.443150
     Cl  18       -1.023935        0.692147        1.523056
     Cl  18        0.443150        1.523056       -0.775100

     H   19       -0.000000        0.000000        0.000000
     H   19        0.000000        0.000000        0.000000
     H   19        0.000000        0.000000        0.000000

     C   20       -0.138644       -0.041384       -0.100709
     C   20       -0.041384       -0.077561        0.151043
     C   20       -0.100709        0.151043        0.216204

     H   21       -0.000000        0.000000        0.000000
     H   21        0.000000        0.000000        0.000000
     H   21        0.000000        0.000000        0.000000

     C   22       -0.093406       -0.028141       -0.055224
     C   22       -0.028141       -0.101952        0.101738
     C   22       -0.055224        0.101738        0.195358

     C   23       -0.040698        0.096406       -0.117007
     C   23        0.096406       -0.068354        0.102660
     C   23       -0.117007        0.102660        0.109052

     Cl  24        0.964086        2.123078        0.153101
     Cl  24        2.123078       -0.285221        0.109052
     Cl  24        0.153101        0.109052       -0.678865

     ----- total EFG -----
     Cl   1       -0.772877       -1.438162       -0.078709
     Cl   1       -1.438162       -1.436633       -0.448381
     Cl   1       -0.078709       -0.448381        2.209510

     C    2        0.224578        0.040081        0.242310
     C    2        0.040081       -0.184150       -0.240669
     C    2        0.242310       -0.240669       -0.040428

     C    3       -0.331352        0.318224       -0.200588
     C    3        0.318224        0.369572       -0.310525
     C    3       -0.200588       -0.310525       -0.038219

     H    4        0.287326       -0.012524        0.344172
     H    4       -0.012524       -0.427761        0.235422
     H    4        0.344172        0.235422        0.140435

     C    5       -0.351051        0.029795       -0.086964
     C    5        0.029795       -0.028898       -0.293147
     C    5       -0.086964       -0.293147        0.379949

     H    6       -0.008480       -0.052260        0.077844
     H    6       -0.052260        0.102843        0.627034
     H    6        0.077844        0.627034       -0.094362

     H    7       -0.126228       -0.057473       -0.028725
     H    7       -0.057473        0.041477       -0.339756
     H    7       -0.028725       -0.339756        0.084751

     C    8       -0.051212       -0.050693       -0.195259
     C    8       -0.050693        0.046367        0.394207
     C    8       -0.195259        0.394207        0.004845

     H    9        0.221355        0.091647        0.456710
     H    9        0.091647       -0.190943       -0.244400
     H    9        0.456710       -0.244400       -0.030412

     C   10       -0.246904       -0.325778       -0.294424
     C   10       -0.325778        0.315339        0.175229
     C   10       -0.294424        0.175229       -0.068435

     C   11        0.270352        0.086779       -0.176790
     C   11        0.086779       -0.074708        0.126160
     C   11       -0.176790        0.126160       -0.195643

     Cl  12       -0.109661        1.093644       -0.615800
     Cl  12        1.093644        1.043726        1.743882
     Cl  12       -0.615800        1.743882       -0.934065

     H   13       -0.031190        0.078010       -0.009405
     H   13        0.078010        0.157676        0.538496
     H   13       -0.009405        0.538496       -0.126486

     C   14       -0.239394       -0.208731        0.029523
     C   14       -0.208731        0.005407       -0.311237
     C   14        0.029523       -0.311237        0.233987

     H   15        0.281486       -0.082874        0.359381
     H   15       -0.082874       -0.160527        0.181838
     H   15        0.359381        0.181838       -0.120959

     C   16       -0.282928        0.131510        0.082217
     C   16        0.131510        0.257622       -0.334803
     C   16        0.082217       -0.334803        0.025306

     C   17        0.217872       -0.240482       -0.158766
     C   17       -0.240482       -0.172526       -0.104435
     C   17       -0.158766       -0.104435       -0.045347

     Cl  18        0.112175       -1.057488        0.499670
     Cl  18       -1.057488        0.723525        1.678255
     Cl  18        0.499670        1.678255       -0.835700

     H   19       -0.060417        0.140459        0.080716
     H   19        0.140459        0.010142       -0.664633
     H   19        0.080716       -0.664633        0.050275

     C   20       -0.263807       -0.066721       -0.306665
     C   20       -0.066721       -0.031907        0.142880
     C   20       -0.306665        0.142880        0.295714

     H   21        0.348990        0.000135        0.651064
     H   21        0.000135       -0.088948       -0.311279
     H   21        0.651064       -0.311279       -0.260042

     C   22       -0.002518       -0.054570        0.007561
     C   22       -0.054570       -0.138142        0.123437
     C   22        0.007561        0.123437        0.140659

     C   23       -0.125320        0.117926       -0.271447
     C   23        0.117926        0.113667        0.255001
     C   23       -0.271447        0.255001        0.011653

     Cl  24        1.039700        2.318729        0.185942
     Cl  24        2.318729       -0.298421        0.125470
     Cl  24        0.185942        0.125470       -0.741279

     ----- total EFG (symmetrized) -----
     Cl   1       -0.772877       -1.438162       -0.078709
     Cl   1       -1.438162       -1.436633       -0.448381
     Cl   1       -0.078709       -0.448381        2.209510

     C    2        0.224578        0.040081        0.242310
     C    2        0.040081       -0.184150       -0.240669
     C    2        0.242310       -0.240669       -0.040428

     C    3       -0.331352        0.318224       -0.200588
     C    3        0.318224        0.369572       -0.310525
     C    3       -0.200588       -0.310525       -0.038219

     H    4        0.287326       -0.012524        0.344172
     H    4       -0.012524       -0.427761        0.235422
     H    4        0.344172        0.235422        0.140435

     C    5       -0.351051        0.029795       -0.086964
     C    5        0.029795       -0.028898       -0.293147
     C    5       -0.086964       -0.293147        0.379949

     H    6       -0.008480       -0.052260        0.077844
     H    6       -0.052260        0.102843        0.627034
     H    6        0.077844        0.627034       -0.094362

     H    7       -0.126228       -0.057473       -0.028725
     H    7       -0.057473        0.041477       -0.339756
     H    7       -0.028725       -0.339756        0.084751

     C    8       -0.051212       -0.050693       -0.195259
     C    8       -0.050693        0.046367        0.394207
     C    8       -0.195259        0.394207        0.004845

     H    9        0.221355        0.091647        0.456710
     H    9        0.091647       -0.190943       -0.244400
     H    9        0.456710       -0.244400       -0.030412

     C   10       -0.246904       -0.325778       -0.294424
     C   10       -0.325778        0.315339        0.175229
     C   10       -0.294424        0.175229       -0.068435

     C   11        0.270352        0.086779       -0.176790
     C   11        0.086779       -0.074708        0.126160
     C   11       -0.176790        0.126160       -0.195643

     Cl  12       -0.109661        1.093644       -0.615800
     Cl  12        1.093644        1.043726        1.743882
     Cl  12       -0.615800        1.743882       -0.934065

     H   13       -0.031190        0.078010       -0.009405
     H   13        0.078010        0.157676        0.538496
     H   13       -0.009405        0.538496       -0.126486

     C   14       -0.239394       -0.208731        0.029523
     C   14       -0.208731        0.005407       -0.311237
     C   14        0.029523       -0.311237        0.233987

     H   15        0.281486       -0.082874        0.359381
     H   15       -0.082874       -0.160527        0.181838
     H   15        0.359381        0.181838       -0.120959

     C   16       -0.282928        0.131510        0.082217
     C   16        0.131510        0.257622       -0.334803
     C   16        0.082217       -0.334803        0.025306

     C   17        0.217872       -0.240482       -0.158766
     C   17       -0.240482       -0.172526       -0.104435
     C   17       -0.158766       -0.104435       -0.045347

     Cl  18        0.112175       -1.057488        0.499670
     Cl  18       -1.057488        0.723525        1.678255
     Cl  18        0.499670        1.678255       -0.835700

     H   19       -0.060417        0.140459        0.080716
     H   19        0.140459        0.010142       -0.664633
     H   19        0.080716       -0.664633        0.050275

     C   20       -0.263807       -0.066721       -0.306665
     C   20       -0.066721       -0.031907        0.142880
     C   20       -0.306665        0.142880        0.295714

     H   21        0.348990        0.000135        0.651064
     H   21        0.000135       -0.088948       -0.311279
     H   21        0.651064       -0.311279       -0.260042

     C   22       -0.002518       -0.054570        0.007561
     C   22       -0.054570       -0.138142        0.123437
     C   22        0.007561        0.123437        0.140659

     C   23       -0.125320        0.117926       -0.271447
     C   23        0.117926        0.113667        0.255001
     C   23       -0.271447        0.255001        0.011653

     Cl  24        1.039700        2.318729        0.185942
     Cl  24        2.318729       -0.298421        0.125470
     Cl  24        0.185942        0.125470       -0.741279


     NQR/NMR SPECTROSCOPIC PARAMETERS:
     Cl   1    Vxx=    0.3465    axis=(  0.787084 -0.606462 -0.112709)
     Cl   1    Vyy=    2.2675    axis=( -0.038052  0.134634 -0.990165)
     Cl   1    Vzz=   -2.6140    axis=(  0.615672  0.783631  0.082891)
     Cl   1  Q=        -8.1650 1e-30 m^2  Cq=        50.1478 MHz  eta= 0.73487

     C    2    Vxx=    0.0320    axis=(  0.516886  0.677848 -0.522830)
     C    2    Vyy=    0.3846    axis=( -0.806661  0.181212 -0.562548)
     C    2    Vzz=   -0.4166    axis=( -0.286579  0.712520  0.640459)
     C    2  Q=         1.0000 1e-30 m^2  Cq=        -0.9788 MHz  eta= 0.84616

     C    3    Vxx=   -0.2038    axis=( -0.079589  0.508521  0.857364)
     C    3    Vyy=   -0.4732    axis=(  0.933722 -0.263131  0.242747)
     C    3    Vzz=    0.6770    axis=(  0.349041  0.819859 -0.453874)
     C    3  Q=         1.0000 1e-30 m^2  Cq=         1.5906 MHz  eta= 0.39796

     H    4    Vxx=   -0.0491    axis=( -0.641144  0.420386  0.642035)
     H    4    Vyy=   -0.5366    axis=(  0.182578  0.896151 -0.404450)
     H    4    Vzz=    0.5857    axis=( -0.745385 -0.142089 -0.651315)
     H    4  Q=         1.0000 1e-30 m^2  Cq=         1.3761 MHz  eta= 0.83229

     C    5    Vxx=   -0.1808    axis=( -0.075763  0.888439  0.452698)
     C    5    Vyy=   -0.3614    axis=(  0.991971  0.021053  0.124697)
     C    5    Vzz=    0.5422    axis=( -0.101255 -0.458511  0.882902)
     C    5  Q=         1.0000 1e-30 m^2  Cq=         1.2739 MHz  eta= 0.33300

     H    6    Vxx=    0.0050    axis=(  0.989290 -0.107105  0.099168)
     H    6    Vyy=    0.6392    axis=(  0.016958  0.759129  0.650719)
     H    6    Vzz=   -0.6441    axis=( -0.144977 -0.642068  0.752815)
     H    6  Q=         1.0000 1e-30 m^2  Cq=        -1.5135 MHz  eta= 0.98453

     H    7    Vxx=   -0.1049    axis=( -0.941218  0.221800  0.254780)
     H    7    Vyy=   -0.2993    axis=( -0.335981 -0.692822 -0.638055)
     H    7    Vzz=    0.4042    axis=(  0.034997 -0.686150  0.726618)
     H    7  Q=         1.0000 1e-30 m^2  Cq=         0.9497 MHz  eta= 0.48091

     C    8    Vxx=   -0.0723    axis=( -0.894407 -0.446830  0.019475)
     C    8    Vyy=   -0.4050    axis=(  0.317358 -0.603360  0.731601)
     C    8    Vzz=    0.4772    axis=(  0.315150 -0.660530 -0.681455)
     C    8  Q=         1.0000 1e-30 m^2  Cq=         1.1213 MHz  eta= 0.69708

     H    9    Vxx=   -0.0241    axis=(  0.429432  0.812693 -0.393851)
     H    9    Vyy=   -0.5532    axis=( -0.465551  0.572910  0.674564)
     H    9    Vzz=    0.5773    axis=(  0.773854 -0.106322  0.624376)
     H    9  Q=         1.0000 1e-30 m^2  Cq=         1.3563 MHz  eta= 0.91659

     C   10    Vxx=   -0.0887    axis=( -0.282327 -0.564139  0.775912)
     C   10    Vyy=   -0.5035    axis=( -0.846331 -0.234348 -0.478336)
     C   10    Vzz=    0.5922    axis=(  0.451681 -0.791725 -0.411285)
     C   10  Q=         1.0000 1e-30 m^2  Cq=         1.3915 MHz  eta= 0.70043

     C   11    Vxx=    0.0037    axis=( -0.051253 -0.863756 -0.501298)
     C   11    Vyy=    0.3346    axis=( -0.950376 -0.112045  0.290225)
     C   11    Vzz=   -0.3382    axis=(  0.306851 -0.491296  0.815150)
     C   11  Q=         1.0000 1e-30 m^2  Cq=        -0.7947 MHz  eta= 0.97836

     Cl  12    Vxx=    0.2136    axis=(  0.854756 -0.038790 -0.517579)
     Cl  12    Vyy=    2.2531    axis=( -0.290679 -0.861923 -0.415445)
     Cl  12    Vzz=   -2.4667    axis=(  0.429998 -0.505553  0.748009)
     Cl  12  Q=        -8.1650 1e-30 m^2  Cq=        47.3222 MHz  eta= 0.82682

     H   13    Vxx=   -0.0305    axis=(  0.990022 -0.007797 -0.140698)
     H   13    Vyy=   -0.5472    axis=( -0.106663  0.611020 -0.784396)
     H   13    Vzz=    0.5777    axis=(  0.092085  0.791577  0.604092)
     H   13  Q=         1.0000 1e-30 m^2  Cq=         1.3574 MHz  eta= 0.89452

     C   14    Vxx=   -0.0871    axis=( -0.620267  0.533922  0.574627)
     C   14    Vyy=   -0.3943    axis=( -0.757215 -0.598738 -0.261033)
     C   14    Vzz=    0.4813    axis=(  0.204679 -0.597026  0.775671)
     C   14  Q=         1.0000 1e-30 m^2  Cq=         1.1309 MHz  eta= 0.63821

     H   15    Vxx=   -0.0302    axis=(  0.306465 -0.834339 -0.458211)
     H   15    Vyy=   -0.4626    axis=(  0.412053  0.550216 -0.726275)
     H   15    Vzz=    0.4928    axis=(  0.858075  0.033770  0.512413)
     H   15  Q=         1.0000 1e-30 m^2  Cq=         1.1580 MHz  eta= 0.87735

     C   16    Vxx=   -0.1027    axis=(  0.608724  0.409330  0.679635)
     C   16    Vyy=   -0.3978    axis=(  0.789482 -0.397348 -0.467795)
     C   16    Vzz=    0.5005    axis=( -0.078570 -0.821318  0.565034)
     C   16  Q=         1.0000 1e-30 m^2  Cq=         1.1761 MHz  eta= 0.58964

     C   17    Vxx=    0.0126    axis=(  0.037803 -0.527885  0.848474)
     C   17    Vyy=    0.3591    axis=( -0.897786  0.354907  0.260809)
     C   17    Vzz=   -0.3716    axis=( -0.438807 -0.771607 -0.460511)
     C   17  Q=         1.0000 1e-30 m^2  Cq=        -0.8731 MHz  eta= 0.93243

     Cl  18    Vxx=    0.2978    axis=( -0.852857 -0.093080 -0.513782)
     Cl  18    Vyy=    2.0272    axis=( -0.348788  0.833808  0.427915)
     Cl  18    Vzz=   -2.3249    axis=( -0.388565 -0.544151  0.743584)
     Cl  18  Q=        -8.1650 1e-30 m^2  Cq=        44.6029 MHz  eta= 0.74384

     H   19    Vxx=   -0.0224    axis=(  0.967263  0.140564  0.211292)
     H   19    Vyy=   -0.6749    axis=( -0.247993  0.700285  0.669403)
     H   19    Vzz=    0.6973    axis=( -0.053871 -0.699888  0.712218)
     H   19  Q=         1.0000 1e-30 m^2  Cq=         1.6384 MHz  eta= 0.93583

     C   20    Vxx=   -0.0805    axis=(  0.109722  0.955592 -0.273506)
     C   20    Vyy=   -0.3992    axis=( -0.915580 -0.009935 -0.402013)
     C   20    Vzz=    0.4796    axis=( -0.386877  0.294527  0.873831)
     C   20  Q=         1.0000 1e-30 m^2  Cq=         1.1270 MHz  eta= 0.66449

     H   21    Vxx=   -0.0192    axis=(  0.359933  0.910457 -0.203756)
     H   21    Vyy=   -0.7773    axis=( -0.466049  0.364650  0.806120)
     H   21    Vzz=    0.7965    axis=(  0.808237 -0.195189  0.555567)
     H   21  Q=         1.0000 1e-30 m^2  Cq=         1.8714 MHz  eta= 0.95171

     C   22    Vxx=    0.0113    axis=(  0.962366 -0.222474  0.156065)
     C   22    Vyy=    0.1883    axis=(  0.066894 -0.362680 -0.929510)
     C   22    Vzz=   -0.1996    axis=(  0.263393  0.904969 -0.334149)
     C   22  Q=         1.0000 1e-30 m^2  Cq=        -0.4690 MHz  eta= 0.88654

     C   23    Vxx=    0.1088    axis=( -0.705784 -0.622434  0.338297)
     C   23    Vyy=    0.3432    axis=(  0.244010 -0.661903 -0.708762)
     C   23    Vzz=   -0.4520    axis=( -0.665077  0.417685 -0.619041)
     C   23  Q=         1.0000 1e-30 m^2  Cq=        -1.0621 MHz  eta= 0.51867

     Cl  24    Vxx=   -0.7554    axis=( -0.045113 -0.045104  0.997963)
     Cl  24    Vyy=   -2.0428    axis=( -0.601457  0.798855  0.008916)
     Cl  24    Vzz=    2.7981    axis=( -0.797630 -0.599830 -0.063167)
     Cl  24  Q=        -8.1650 1e-30 m^2  Cq=       -53.6810 MHz  eta= 0.46010

     Initialization:
     gipaw_setup  :      8.72s CPU     10.85s WALL (       1 calls)

     Linear response

     Apply operators

     Induced current

     Other routines
     efg          :      9.35s CPU     11.57s WALL (       1 calls)

     General routines
     calbec       :      3.26s CPU      4.14s WALL (      16 calls)
     fft          :      1.98s CPU      3.35s WALL (      15 calls)
     ffts         :      0.04s CPU      0.05s WALL (       2 calls)
     fftw         :      3.28s CPU      4.01s WALL (     672 calls)
     davcio       :      0.02s CPU      0.32s WALL (      32 calls)

     Parallel routines
     fft_scatter  :      2.57s CPU      4.53s WALL (     689 calls)

     Plugins

     GIPAW        :     60.30s CPU     73.77s WALL (       1 calls)
