
     Program QE v.6.0 (svn rev. 13079) starts on 21Jan2017 at  9:48:19 

     This program is part of the open-source Quantum ESPRESSO suite
     for quantum simulation of materials; please cite
         "P. Giannozzi et al., J. Phys.:Condens. Matter 21 395502 (2009);
          URL http://www.quantum-espresso.org", 
     in publications or presentations arising from this work. More details at
     http://www.quantum-espresso.org/quote

     Parallel version (MPI), running on     8 processors
     R & G space division:  proc/nbgrp/npool/nimage =       8

     ***** This is GIPAW svn revision unknown      *****

     Parallelizing q-star over 1 images

     Reading data from directory:
     /users/majewski/paradichlorobenzene/pbe/9_constraint/scratch/pbe.ecut100.np8.dt60.pcl2phi-129368.save
     Message from routine read_xml_file:
     file /users/majewski/paradichlorobenzene/pbe/9_constraint/scratch/pbe.ecut100.np8.dt60.pcl2phi-129368.save not guaranteed to be safe for post-processing

   Info: using nr1, nr2, nr3 values from input

   Info: using nr1, nr2, nr3 values from input

     IMPORTANT: XC functional enforced from input :
     Exchange-correlation      =  SLA  PW   PBX  PBC ( 1  4  3  4 0 0)
     Any further DFT definition will be discarded
     Please, verify this is what you really want

               file C.pbe-n-kjpaw_psl.1.0.0.UPF: wavefunction(s)  2S 2P renormalized
               file Cl.pbe-n-kjpaw_psl.1.0.0.UPF: wavefunction(s)  3S 3P renormalized
               file H.pbe-kjpaw_psl.1.0.0.UPF: wavefunction(s)  1S renormalized

     Parallelization info
     --------------------
     sticks:   dense  smooth     PW     G-vecs:    dense   smooth      PW
     Min        3057    1223    332               144436    36536    5170
     Max        3059    1225    333               144437    36537    5171
     Sum       24467    9791   2657              1155489   292295   41363


     Subspace diagonalization in iterative solution of the eigenvalue problem:
     a serial algorithm will be used

     GIPAW projectors -----------------------------------------------
     atom=  C    l=0  rc=    1.2000  rs=    0.8000
     atom=  C    l=0  rc=    1.2000  rs=    0.8000
     atom=  C    l=1  rc=    1.4000  rs=    0.9333
     atom=  C    l=1  rc=    1.4000  rs=    0.9333
     projs nearly linearly dependent: l=1  n1,n2= 1, 2  s=  0.99951561

     atom=  Cl   l=0  rc=    1.6000  rs=    1.0667
     atom=  Cl   l=0  rc=    1.6000  rs=    1.0667
     atom=  Cl   l=1  rc=    1.6000  rs=    1.0667
     atom=  Cl   l=1  rc=    1.6000  rs=    1.0667
     atom=  Cl   l=2  rc=    1.6000  rs=    1.0667
     atom=  Cl   l=2  rc=    1.6000  rs=    1.0667
     projs nearly linearly dependent: l=2  n1,n2= 1, 2  s=  0.99993509

     atom=  H    l=0  rc=    1.0000  rs=    0.6667
     atom=  H    l=0  rc=    1.0000  rs=    0.6667
     projs nearly linearly dependent: l=0  n1,n2= 1, 2  s=  0.99968852
     -----------------------------------------------------------------

     GIPAW integrals: -------------------------------------------
     Atom  i/j   nmr_para   nmr_dia   epr_rmc  epr_para   epr_dia
       C   1 1   0.83E+03  0.17E-01  0.93E+01  0.24E+08  0.24E+03
       C   2 1   0.86E+03 -0.61E-01  0.94E+01  0.25E+08  0.25E+03
       C   2 2   0.90E+03 -0.15E+00  0.97E+01  0.26E+08  0.26E+03
       C   3 3   0.33E+01  0.34E+00  0.18E+01  0.55E+03  0.21E+02
       C   4 3   0.35E+01  0.37E+00  0.20E+01  0.59E+03  0.22E+02
       C   4 4   0.38E+01  0.39E+00  0.22E+01  0.63E+03  0.24E+02
       Cl  1 1   0.14E+04 -0.47E+00  0.84E+01  0.32E+09  0.42E+03
       Cl  2 1   0.21E+04 -0.37E+00  0.12E+02  0.49E+09  0.65E+03
       Cl  2 2   0.33E+04 -0.16E+00  0.21E+02  0.76E+09  0.10E+04
       Cl  3 3   0.21E+02  0.79E-01  0.89E+01  0.23E+05  0.13E+03
       Cl  4 3   0.24E+02  0.67E-01  0.99E+01  0.27E+05  0.15E+03
       Cl  4 4   0.28E+02  0.44E-01  0.11E+02  0.32E+05  0.18E+03
       Cl  5 5   0.77E+00  0.19E+00  0.18E+01  0.12E+03  0.22E+02
       Cl  6 5   0.80E+00  0.19E+00  0.19E+01  0.12E+03  0.23E+02
       Cl  6 6   0.83E+00  0.20E+00  0.19E+01  0.12E+03  0.23E+02
       H   1 1   0.39E+02  0.19E+00  0.29E+00  0.78E+05  0.13E+02
       H   2 1   0.41E+02  0.21E+00  0.32E+00  0.82E+05  0.14E+02
       H   2 2   0.43E+02  0.22E+00  0.36E+00  0.86E+05  0.15E+02
     ------------------------------------------------------------

     alpha_pv=     34.2375 eV

     Number of occupied bands for each k-point:
     k-point:     1    nbnd_occ=  42
     k-point:     2    nbnd_occ=  42
     k-point:     3    nbnd_occ=  42
     k-point:     4    nbnd_occ=  42
     k-point:     5    nbnd_occ=  42
     k-point:     6    nbnd_occ=  42
     k-point:     7    nbnd_occ=  42
     k-point:     8    nbnd_occ=  42
     k-point:     9    nbnd_occ=  42
     k-point:    10    nbnd_occ=  42
     k-point:    11    nbnd_occ=  42
     k-point:    12    nbnd_occ=  42
     k-point:    13    nbnd_occ=  42
     k-point:    14    nbnd_occ=  42
     k-point:    15    nbnd_occ=  42
     k-point:    16    nbnd_occ=  42


     q-space interpolation up to   110.00 Rydberg

     GIPAW job: efg                                                                             


     ELECTRIC FIELD GRADIENTS TENSORS IN Hartree/bohrradius^2:

     ----- bare term -----
     Cl   1        0.148391        0.033791        0.034906
     Cl   1        0.033791       -0.190236       -0.123575
     Cl   1        0.034906       -0.123575        0.041845

     C    2       -0.779383        0.461255       -0.351728
     C    2        0.461255        0.279761       -0.044017
     C    2       -0.351728       -0.044017        0.499622

     C    3        0.197172        0.013232       -0.091363
     C    3        0.013232       -0.519564       -0.493475
     C    3       -0.091363       -0.493475        0.322392

     H    4       -0.552845       -0.117784        0.133272
     H    4       -0.117784        0.403784       -0.264391
     H    4        0.133272       -0.264391        0.149060

     C    5       -0.792130        0.390569       -0.455826
     C    5        0.390569        0.307957       -0.034297
     C    5       -0.455826       -0.034297        0.484173

     H    6        0.130527       -0.188180        0.131107
     H    6       -0.188180       -0.470306       -0.416414
     H    6        0.131107       -0.416414        0.339779

     H    7        0.423852        0.173058       -0.084736
     H    7        0.173058       -0.560787        0.555445
     H    7       -0.084736        0.555445        0.136934

     C    8       -0.118907       -0.033164       -0.228409
     C    8       -0.033164        0.039048        0.479431
     C    8       -0.228409        0.479431        0.079859

     H    9       -0.317028        0.547102       -0.106282
     H    9        0.547102       -0.039235       -0.066201
     H    9       -0.106282       -0.066201        0.356263

     C   10       -0.567388       -0.338389       -0.188340
     C   10       -0.338389        0.217568        0.297567
     C   10       -0.188340        0.297567        0.349820

     C   11        0.007404        0.080880       -0.195631
     C   11        0.080880       -0.016136        0.484844
     C   11       -0.195631        0.484844        0.008732

     Cl  12       -0.259132       -0.269789        0.034380
     Cl  12       -0.269789        0.032096        0.121618
     Cl  12        0.034380        0.121618        0.227036

     H   13        0.174716       -0.435226        0.074909
     H   13       -0.435226       -0.514843        0.007089
     H   13        0.074909        0.007089        0.340127

     C   14        0.017710        0.135307       -0.054625
     C   14        0.135307       -0.125985       -0.340862
     C   14       -0.054625       -0.340862        0.108274

     H   15       -0.325236       -0.458155        0.097546
     H   15       -0.458155        0.039658        0.131259
     H   15        0.097546        0.131259        0.285578

     C   16       -0.430562        0.193560       -0.143723
     C   16        0.193560        0.099566       -0.076683
     C   16       -0.143723       -0.076683        0.330995

     C   17        0.042999       -0.068491       -0.266469
     C   17       -0.068491       -0.043867       -0.577644
     C   17       -0.266469       -0.577644        0.000869

     Cl  18       -0.324049        0.269254       -0.025409
     Cl  18        0.269254        0.184256        0.088845
     Cl  18       -0.025409        0.088845        0.139793

     H   19        0.492177       -0.046257       -0.054148
     H   19       -0.046257        0.095176        0.108880
     H   19       -0.054148        0.108880       -0.587352

     C   20       -0.494590       -0.279444       -0.065398
     C   20       -0.279444        0.248412        0.055905
     C   20       -0.065398        0.055905        0.246178

     H   21       -0.038327       -0.123199       -0.528288
     H   21       -0.123199        0.052045       -0.200961
     H   21       -0.528288       -0.200961       -0.013719

     C   22        0.253555       -0.049325       -0.143541
     C   22       -0.049325       -0.139538        0.379520
     C   22       -0.143541        0.379520       -0.114017

     C   23       -0.569149       -0.443483       -0.303826
     C   23       -0.443483        0.195927        0.122713
     C   23       -0.303826        0.122713        0.373222

     Cl  24        0.013632       -0.039423        0.001289
     Cl  24       -0.039423        0.053509       -0.039683
     Cl  24        0.001289       -0.039683       -0.067141

     ----- ionic term -----
     Cl   1        0.140448       -0.206000       -0.000639
     Cl   1       -0.206000        0.015163        0.002132
     Cl   1       -0.000639        0.002132       -0.155610

     C    2        0.308699       -0.076647        0.177889
     C    2       -0.076647        0.192010        0.328777
     C    2        0.177889        0.328777       -0.500708

     C    3        0.203518       -0.161485        0.129807
     C    3       -0.161485        0.290964        0.357898
     C    3        0.129807        0.357898       -0.494482

     H    4        0.717643        0.484205        0.486503
     H    4        0.484205       -0.275329        0.231620
     H    4        0.486503        0.231620       -0.442314

     C    5        0.398199       -0.132750        0.192639
     C    5       -0.132750        0.117392        0.277976
     C    5        0.192639        0.277976       -0.515591

     H    6       -0.476772        0.236303        0.109072
     H    6        0.236303        0.764035        0.604142
     H    6        0.109072        0.604142       -0.287262

     H    7       -0.519756       -0.079535        0.079556
     H    7       -0.079535        0.366535       -0.805703
     H    7        0.079556       -0.805703        0.153221

     C    8        0.288084        0.190234        0.262240
     C    8        0.190234       -0.053949       -0.317983
     C    8        0.262240       -0.317983       -0.234135

     H    9        0.743602       -0.298646        0.579579
     H    9       -0.298646       -0.448225       -0.215212
     H    9        0.579579       -0.215212       -0.295376

     C   10        0.180941        0.220323        0.155825
     C   10        0.220323        0.085168       -0.390690
     C   10        0.155825       -0.390690       -0.266109

     C   11        0.233898        0.212955        0.279033
     C   11        0.212955        0.038799       -0.389333
     C   11        0.279033       -0.389333       -0.272697

     Cl  12        0.124127        0.212900        0.009072
     Cl  12        0.212900        0.043541       -0.014286
     Cl  12        0.009072       -0.014286       -0.167668

     H   13       -0.407357        0.366946        0.136291
     H   13        0.366946        0.798832        0.505463
     H   13        0.136291        0.505463       -0.391475

     C   14        0.436919       -0.070910        0.171056
     C   14       -0.070910        0.105148        0.254689
     C   14        0.171056        0.254689       -0.542066

     H   15        0.915265        0.365455        0.345113
     H   15        0.365455       -0.377952        0.152646
     H   15        0.345113        0.152646       -0.537314

     C   16        0.249555       -0.139041        0.098614
     C   16       -0.139041        0.293548        0.320862
     C   16        0.098614        0.320862       -0.543104

     C   17        0.299110       -0.065377        0.228178
     C   17       -0.065377        0.239767        0.310436
     C   17        0.228178        0.310436       -0.538878

     Cl  18        0.122347       -0.191358        0.006773
     Cl  18       -0.191358        0.051463       -0.002676
     Cl  18        0.006773       -0.002676       -0.173810

     H   19       -0.508835       -0.096481        0.114823
     H   19       -0.096481        0.334918       -0.812723
     H   19        0.114823       -0.812723        0.173917

     C   20        0.311846        0.187629        0.284674
     C   20        0.187629       -0.056249       -0.317286
     C   20        0.284674       -0.317286       -0.255596

     H   21        0.593424       -0.351838        0.641582
     H   21       -0.351838       -0.386603       -0.268547
     H   21        0.641582       -0.268547       -0.206821

     C   22        0.136976        0.226202        0.164077
     C   22        0.226202        0.118909       -0.401547
     C   22        0.164077       -0.401547       -0.255885

     C   23        0.221508        0.195567        0.231133
     C   23        0.195567        0.007802       -0.409777
     C   23        0.231133       -0.409777       -0.229310

     Cl  24        0.150939        0.216476       -0.026684
     Cl  24        0.216476       -0.016977       -0.019589
     Cl  24       -0.026684       -0.019589       -0.133962

     ----- GIPAW term -----
     Cl   1       -0.143476       -0.597439        0.409231
     Cl   1       -0.597439        1.244379        1.516289
     Cl   1        0.409231        1.516289       -1.100903

     C    2       -0.119965        0.056366        0.007652
     C    2        0.056366        0.116933        0.124316
     C    2        0.007652        0.124316        0.003032

     C    3       -0.065318       -0.045465       -0.014063
     C    3       -0.045465        0.013717        0.138842
     C    3       -0.014063        0.138842        0.051601

     H    4       -0.000000        0.000000        0.000000
     H    4        0.000000        0.000000        0.000000
     H    4        0.000000        0.000000        0.000000

     C    5       -0.119560       -0.033592       -0.089740
     C    5       -0.033592        0.089827        0.126651
     C    5       -0.089740        0.126651        0.029733

     H    6       -0.000000        0.000000        0.000000
     H    6        0.000000        0.000000        0.000000
     H    6        0.000000        0.000000        0.000000

     H    7       -0.000000        0.000000        0.000000
     H    7        0.000000        0.000000        0.000000
     H    7        0.000000        0.000000        0.000000

     C    8       -0.102626       -0.024853       -0.022726
     C    8       -0.024853        0.239692        0.144015
     C    8       -0.022726        0.144015       -0.137066

     H    9       -0.000000        0.000000        0.000000
     H    9        0.000000        0.000000        0.000000
     H    9        0.000000        0.000000        0.000000

     C   10       -0.197563       -0.082693       -0.051967
     C   10       -0.082693        0.239799        0.134446
     C   10       -0.051967        0.134446       -0.042236

     C   11       -0.032258        0.024116       -0.039646
     C   11        0.024116        0.067502        0.131687
     C   11       -0.039646        0.131687       -0.035244

     Cl  12       -1.103508        0.999452        0.329676
     Cl  12        0.999452        0.683649        2.306975
     Cl  12        0.329676        2.306975        0.419859

     H   13       -0.000000        0.000000        0.000000
     H   13        0.000000        0.000000        0.000000
     H   13        0.000000        0.000000        0.000000

     C   14       -0.036020        0.091197        0.007155
     C   14        0.091197        0.146740       -0.068747
     C   14        0.007155       -0.068747       -0.110720

     H   15       -0.000000        0.000000        0.000000
     H   15        0.000000        0.000000        0.000000
     H   15        0.000000        0.000000        0.000000

     C   16       -0.088848        0.062807       -0.040240
     C   16        0.062807        0.116482       -0.044131
     C   16       -0.040240       -0.044131       -0.027635

     C   17       -0.069396       -0.077132       -0.024710
     C   17       -0.077132        0.251082        0.045608
     C   17       -0.024710        0.045608       -0.181686

     Cl  18       -0.896376       -1.198261       -0.255795
     Cl  18       -1.198261        2.285584        1.169271
     Cl  18       -0.255795        1.169271       -1.389209

     H   19       -0.000000        0.000000        0.000000
     H   19        0.000000        0.000000        0.000000
     H   19        0.000000        0.000000        0.000000

     C   20       -0.094144        0.004238        0.018074
     C   20        0.004238        0.103037        0.055381
     C   20        0.018074        0.055381       -0.008893

     H   21       -0.000000        0.000000        0.000000
     H   21        0.000000        0.000000        0.000000
     H   21        0.000000        0.000000        0.000000

     C   22       -0.022602        0.007712       -0.010995
     C   22        0.007712        0.092212        0.047782
     C   22       -0.010995        0.047782       -0.069611

     C   23       -0.112661       -0.021450       -0.028040
     C   23       -0.021450        0.183756        0.051710
     C   23       -0.028040        0.051710       -0.071094

     Cl  24       -0.096178        1.526302       -0.032068
     Cl  24        1.526302        2.539631       -0.756817
     Cl  24       -0.032068       -0.756817       -2.443453

     ----- total EFG -----
     Cl   1        0.145363       -0.769647        0.443498
     Cl   1       -0.769647        1.069306        1.394845
     Cl   1        0.443498        1.394845       -1.214668

     C    2       -0.590650        0.440974       -0.166187
     C    2        0.440974        0.588704        0.409076
     C    2       -0.166187        0.409076        0.001946

     C    3        0.335372       -0.193718        0.024381
     C    3       -0.193718       -0.214883        0.003265
     C    3        0.024381        0.003265       -0.120489

     H    4        0.164798        0.366421        0.619775
     H    4        0.366421        0.128456       -0.032771
     H    4        0.619775       -0.032771       -0.293254

     C    5       -0.513492        0.224227       -0.352927
     C    5        0.224227        0.515177        0.370330
     C    5       -0.352927        0.370330       -0.001685

     H    6       -0.346246        0.048123        0.240179
     H    6        0.048123        0.293729        0.187728
     H    6        0.240179        0.187728        0.052517

     H    7       -0.095904        0.093523       -0.005180
     H    7        0.093523       -0.194252       -0.250258
     H    7       -0.005180       -0.250258        0.290156

     C    8        0.066550        0.132216        0.011105
     C    8        0.132216        0.224792        0.305463
     C    8        0.011105        0.305463       -0.291342

     H    9        0.426574        0.248457        0.473297
     H    9        0.248457       -0.487460       -0.281413
     H    9        0.473297       -0.281413        0.060887

     C   10       -0.584010       -0.200759       -0.084482
     C   10       -0.200759        0.542535        0.041323
     C   10       -0.084482        0.041323        0.041475

     C   11        0.209044        0.317951        0.043757
     C   11        0.317951        0.090165        0.227198
     C   11        0.043757        0.227198       -0.299209

     Cl  12       -1.238513        0.942563        0.373128
     Cl  12        0.942563        0.759286        2.414308
     Cl  12        0.373128        2.414308        0.479227

     H   13       -0.232641       -0.068281        0.211200
     H   13       -0.068281        0.283989        0.512552
     H   13        0.211200        0.512552       -0.051348

     C   14        0.418609        0.155594        0.123586
     C   14        0.155594        0.125903       -0.154921
     C   14        0.123586       -0.154921       -0.544512

     H   15        0.590029       -0.092700        0.442658
     H   15       -0.092700       -0.338293        0.283905
     H   15        0.442658        0.283905       -0.251736

     C   16       -0.269854        0.117326       -0.085349
     C   16        0.117326        0.509597        0.200048
     C   16       -0.085349        0.200048       -0.239743

     C   17        0.272713       -0.211000       -0.063000
     C   17       -0.211000        0.446982       -0.221600
     C   17       -0.063000       -0.221600       -0.719695

     Cl  18       -1.098078       -1.120365       -0.274431
     Cl  18       -1.120365        2.521303        1.255439
     Cl  18       -0.274431        1.255439       -1.423225

     H   19       -0.016658       -0.142738        0.060675
     H   19       -0.142738        0.430093       -0.703843
     H   19        0.060675       -0.703843       -0.413435

     C   20       -0.276889       -0.087577        0.237350
     C   20       -0.087577        0.295199       -0.206000
     C   20        0.237350       -0.206000       -0.018311

     H   21        0.555098       -0.475037        0.113295
     H   21       -0.475037       -0.334558       -0.469508
     H   21        0.113295       -0.469508       -0.220540

     C   22        0.367929        0.184589        0.009540
     C   22        0.184589        0.071583        0.025755
     C   22        0.009540        0.025755       -0.439513

     C   23       -0.460302       -0.269366       -0.100733
     C   23       -0.269366        0.387485       -0.235354
     C   23       -0.100733       -0.235354        0.072818

     Cl  24        0.068393        1.703355       -0.057463
     Cl  24        1.703355        2.576163       -0.816089
     Cl  24       -0.057463       -0.816089       -2.644555

     ----- total EFG (symmetrized) -----
     Cl   1        0.145363       -0.769647        0.443498
     Cl   1       -0.769647        1.069306        1.394845
     Cl   1        0.443498        1.394845       -1.214668

     C    2       -0.590650        0.440974       -0.166187
     C    2        0.440974        0.588704        0.409076
     C    2       -0.166187        0.409076        0.001946

     C    3        0.335372       -0.193718        0.024381
     C    3       -0.193718       -0.214883        0.003265
     C    3        0.024381        0.003265       -0.120489

     H    4        0.164798        0.366421        0.619775
     H    4        0.366421        0.128456       -0.032771
     H    4        0.619775       -0.032771       -0.293254

     C    5       -0.513492        0.224227       -0.352927
     C    5        0.224227        0.515177        0.370330
     C    5       -0.352927        0.370330       -0.001685

     H    6       -0.346246        0.048123        0.240179
     H    6        0.048123        0.293729        0.187728
     H    6        0.240179        0.187728        0.052517

     H    7       -0.095904        0.093523       -0.005180
     H    7        0.093523       -0.194252       -0.250258
     H    7       -0.005180       -0.250258        0.290156

     C    8        0.066550        0.132216        0.011105
     C    8        0.132216        0.224792        0.305463
     C    8        0.011105        0.305463       -0.291342

     H    9        0.426574        0.248457        0.473297
     H    9        0.248457       -0.487460       -0.281413
     H    9        0.473297       -0.281413        0.060887

     C   10       -0.584010       -0.200759       -0.084482
     C   10       -0.200759        0.542535        0.041323
     C   10       -0.084482        0.041323        0.041475

     C   11        0.209044        0.317951        0.043757
     C   11        0.317951        0.090165        0.227198
     C   11        0.043757        0.227198       -0.299209

     Cl  12       -1.238513        0.942563        0.373128
     Cl  12        0.942563        0.759286        2.414308
     Cl  12        0.373128        2.414308        0.479227

     H   13       -0.232641       -0.068281        0.211200
     H   13       -0.068281        0.283989        0.512552
     H   13        0.211200        0.512552       -0.051348

     C   14        0.418609        0.155594        0.123586
     C   14        0.155594        0.125903       -0.154921
     C   14        0.123586       -0.154921       -0.544512

     H   15        0.590029       -0.092700        0.442658
     H   15       -0.092700       -0.338293        0.283905
     H   15        0.442658        0.283905       -0.251736

     C   16       -0.269854        0.117326       -0.085349
     C   16        0.117326        0.509597        0.200048
     C   16       -0.085349        0.200048       -0.239743

     C   17        0.272713       -0.211000       -0.063000
     C   17       -0.211000        0.446982       -0.221600
     C   17       -0.063000       -0.221600       -0.719695

     Cl  18       -1.098078       -1.120365       -0.274431
     Cl  18       -1.120365        2.521303        1.255439
     Cl  18       -0.274431        1.255439       -1.423225

     H   19       -0.016658       -0.142738        0.060675
     H   19       -0.142738        0.430093       -0.703843
     H   19        0.060675       -0.703843       -0.413435

     C   20       -0.276889       -0.087577        0.237350
     C   20       -0.087577        0.295199       -0.206000
     C   20        0.237350       -0.206000       -0.018311

     H   21        0.555098       -0.475037        0.113295
     H   21       -0.475037       -0.334558       -0.469508
     H   21        0.113295       -0.469508       -0.220540

     C   22        0.367929        0.184589        0.009540
     C   22        0.184589        0.071583        0.025755
     C   22        0.009540        0.025755       -0.439513

     C   23       -0.460302       -0.269366       -0.100733
     C   23       -0.269366        0.387485       -0.235354
     C   23       -0.100733       -0.235354        0.072818

     Cl  24        0.068393        1.703355       -0.057463
     Cl  24        1.703355        2.576163       -0.816089
     Cl  24       -0.057463       -0.816089       -2.644555


     NQR/NMR SPECTROSCOPIC PARAMETERS:
     Cl   1    Vxx=    0.2285    axis=( -0.900237 -0.140247 -0.412195)
     Cl   1    Vyy=    1.8896    axis=( -0.300418  0.885328  0.354886)
     Cl   1    Vzz=   -2.1181    axis=( -0.315155 -0.443312  0.839137)
     Cl   1  Q=        -8.1650 1e-30 m^2  Cq=        40.6351 MHz  eta= 0.78422

     C    2    Vxx=   -0.0293    axis=( -0.448920 -0.247936  0.858486)
     C    2    Vyy=   -0.8435    axis=( -0.864137  0.365013 -0.346457)
     C    2    Vzz=    0.8728    axis=( -0.227459 -0.897381 -0.378112)
     C    2  Q=         1.0000 1e-30 m^2  Cq=         2.0508 MHz  eta= 0.93287

     C    3    Vxx=   -0.1207    axis=( -0.020598  0.076959  0.996821)
     C    3    Vyy=   -0.2769    axis=(  0.303382  0.950503 -0.067114)
     C    3    Vzz=    0.3977    axis=( -0.952646  0.301035 -0.042927)
     C    3  Q=         1.0000 1e-30 m^2  Cq=         0.9344 MHz  eta= 0.39278

     H    4    Vxx=    0.0537    axis=( -0.216587  0.856890 -0.467793)
     H    4    Vyy=    0.7361    axis=(  0.774384  0.442579  0.452165)
     H    4    Vzz=   -0.7898    axis=( -0.594491  0.264318  0.759419)
     H    4  Q=         1.0000 1e-30 m^2  Cq=        -1.8558 MHz  eta= 0.86395

     C    5    Vxx=    0.0912    axis=(  0.565735  0.352101 -0.745633)
     C    5    Vyy=    0.7096    axis=( -0.034497 -0.893353 -0.448030)
     C    5    Vzz=   -0.8008    axis=(  0.823865 -0.279189  0.493254)
     C    5  Q=         1.0000 1e-30 m^2  Cq=        -1.8815 MHz  eta= 0.77218

     H    6    Vxx=    0.0295    axis=(  0.384635 -0.580146  0.717974)
     H    6    Vyy=    0.4314    axis=(  0.217220  0.812856  0.540445)
     H    6    Vzz=   -0.4609    axis=(  0.897146  0.051916 -0.438672)
     H    6  Q=         1.0000 1e-30 m^2  Cq=        -1.0829 MHz  eta= 0.87201

     H    7    Vxx=   -0.0690    axis=(  0.936583  0.281048  0.209342)
     H    7    Vyy=   -0.3307    axis=( -0.340062  0.873198  0.349119)
     H    7    Vzz=    0.3997    axis=( -0.084678 -0.398168  0.913396)
     H    7  Q=         1.0000 1e-30 m^2  Cq=         0.9392 MHz  eta= 0.65478

     C    8    Vxx=    0.0256    axis=(  0.935209 -0.270752 -0.228206)
     C    8    Vyy=    0.4119    axis=( -0.341484 -0.860089 -0.378992)
     C    8    Vzz=   -0.4374    axis=( -0.093664  0.432365 -0.896821)
     C    8  Q=         1.0000 1e-30 m^2  Cq=        -1.0278 MHz  eta= 0.88313

     H    9    Vxx=    0.0125    axis=( -0.423643 -0.595006  0.683004)
     H    9    Vyy=    0.7530    axis=(  0.832512  0.041415  0.552457)
     H    9    Vzz=   -0.7655    axis=(  0.357002 -0.802654 -0.477804)
     H    9  Q=         1.0000 1e-30 m^2  Cq=        -1.7986 MHz  eta= 0.96741

     C   10    Vxx=    0.0445    axis=( -0.094475 -0.120088  0.988258)
     C   10    Vyy=    0.5829    axis=( -0.175844  0.979102  0.102165)
     C   10    Vzz=   -0.6274    axis=( -0.979874 -0.164127 -0.113618)
     C   10  Q=         1.0000 1e-30 m^2  Cq=        -1.4742 MHz  eta= 0.85806

     C   11    Vxx=   -0.0921    axis=(  0.668687 -0.567138 -0.480845)
     C   11    Vyy=   -0.4219    axis=( -0.190401  0.494524 -0.848053)
     C   11    Vzz=    0.5140    axis=(  0.718753  0.658635  0.222698)
     C   11  Q=         1.0000 1e-30 m^2  Cq=         1.2076 MHz  eta= 0.64165

     Cl  12    Vxx=   -1.2085    axis=(  0.829451  0.228214 -0.509832)
     Cl  12    Vyy=   -2.0284    axis=( -0.518768  0.653136 -0.551628)
     Cl  12    Vzz=    3.2370    axis=( -0.207101 -0.722033 -0.660135)
     Cl  12  Q=        -8.1650 1e-30 m^2  Cq=       -62.0997 MHz  eta= 0.25330

     H   13    Vxx=   -0.1007    axis=(  0.834170 -0.381994  0.397794)
     H   13    Vyy=   -0.5605    axis=( -0.545632 -0.466618  0.696099)
     H   13    Vzz=    0.6611    axis=(  0.080288  0.797714  0.597667)
     H   13  Q=         1.0000 1e-30 m^2  Cq=         1.5534 MHz  eta= 0.69550

     C   14    Vxx=    0.1136    axis=( -0.345674  0.896838 -0.276026)
     C   14    Vyy=    0.4887    axis=(  0.925924  0.373725  0.054715)
     C   14    Vzz=   -0.6023    axis=( -0.152229  0.236666  0.959591)
     C   14  Q=         1.0000 1e-30 m^2  Cq=        -1.4152 MHz  eta= 0.62276

     H   15    Vxx=   -0.0885    axis=(  0.275604 -0.764597 -0.582609)
     H   15    Vyy=   -0.6921    axis=(  0.290857  0.644002 -0.707576)
     H   15    Vzz=    0.7806    axis=(  0.916212  0.025555  0.399878)
     H   15  Q=         1.0000 1e-30 m^2  Cq=         1.8342 MHz  eta= 0.77314

     C   16    Vxx=   -0.1744    axis=( -0.716937 -0.079585  0.692581)
     C   16    Vyy=   -0.3958    axis=( -0.688076  0.240444 -0.684644)
     C   16    Vzz=    0.5702    axis=(  0.112040  0.967395  0.227143)
     C   16  Q=         1.0000 1e-30 m^2  Cq=         1.3396 MHz  eta= 0.38831

     C   17    Vxx=    0.1645    axis=(  0.851221  0.491551 -0.183850)
     C   17    Vyy=    0.6058    axis=(  0.515511 -0.848802  0.117404)
     C   17    Vzz=   -0.7703    axis=(  0.098342  0.194714  0.975918)
     C   17  Q=         1.0000 1e-30 m^2  Cq=        -1.8098 MHz  eta= 0.57293

     Cl  18    Vxx=   -1.4014    axis=(  0.958377  0.212810  0.190332)
     Cl  18    Vyy=   -1.7949    axis=(  0.119681  0.305801 -0.944543)
     Cl  18    Vzz=    3.1963    axis=( -0.259212  0.928007  0.267603)
     Cl  18  Q=        -8.1650 1e-30 m^2  Cq=       -61.3188 MHz  eta= 0.12313

     H   19    Vxx=   -0.0435    axis=(  0.984504  0.140222 -0.105309)
     H   19    Vyy=   -0.8126    axis=(  0.022479  0.494656  0.868798)
     H   19    Vzz=    0.8561    axis=(  0.173916 -0.857703  0.483838)
     H   19  Q=         1.0000 1e-30 m^2  Cq=         2.0114 MHz  eta= 0.89842

     C   20    Vxx=   -0.0283    axis=(  0.458885  0.562240  0.687976)
     C   20    Vyy=   -0.4193    axis=(  0.848591 -0.047892 -0.526877)
     C   20    Vzz=    0.4477    axis=(  0.263282 -0.825586  0.499089)
     C   20  Q=         1.0000 1e-30 m^2  Cq=         1.0518 MHz  eta= 0.87335

     H   21    Vxx=   -0.0335    axis=(  0.487749  0.422106 -0.764151)
     H   21    Vyy=   -0.8154    axis=(  0.224483  0.785254  0.577047)
     H   21    Vzz=    0.8489    axis=( -0.843628  0.452993 -0.288251)
     H   21  Q=         1.0000 1e-30 m^2  Cq=         1.9945 MHz  eta= 0.92106

     C   22    Vxx=   -0.0161    axis=(  0.433698 -0.899935 -0.044968)
     C   22    Vyy=   -0.4408    axis=(  0.000353  0.050075 -0.998745)
     C   22    Vzz=    0.4569    axis=(  0.901058  0.433138  0.022035)
     C   22  Q=         1.0000 1e-30 m^2  Cq=         1.0735 MHz  eta= 0.92958

     C   23    Vxx=    0.0295    axis=(  0.353585 -0.313405 -0.881337)
     C   23    Vyy=    0.5519    axis=( -0.198695  0.895534 -0.398169)
     C   23    Vzz=   -0.5814    axis=(  0.914056  0.315904  0.254376)
     C   23  Q=         1.0000 1e-30 m^2  Cq=        -1.3661 MHz  eta= 0.89839

     Cl  24    Vxx=   -0.7435    axis=(  0.893980 -0.420931  0.153676)
     Cl  24    Vyy=   -2.7863    axis=( -0.085511  0.176393  0.980598)
     Cl  24    Vzz=    3.5299    axis=( -0.439872 -0.889777  0.121698)
     Cl  24  Q=        -8.1650 1e-30 m^2  Cq=       -67.7185 MHz  eta= 0.57873

     Initialization:
     gipaw_setup  :      8.89s CPU     10.88s WALL (       1 calls)

     Linear response

     Apply operators

     Induced current

     Other routines
     efg          :      9.17s CPU     11.95s WALL (       1 calls)

     General routines
     calbec       :      3.33s CPU      4.63s WALL (      16 calls)
     fft          :      1.78s CPU      3.16s WALL (      15 calls)
     ffts         :      0.02s CPU      0.06s WALL (       2 calls)
     fftw         :      3.20s CPU      3.80s WALL (     672 calls)
     davcio       :      0.02s CPU      0.33s WALL (      32 calls)

     Parallel routines
     fft_scatter  :      2.38s CPU      4.25s WALL (     689 calls)

     Plugins

     GIPAW        :     60.60s CPU     72.28s WALL (       1 calls)
