
     Program QE v.6.0 (svn rev. 13079) starts on 28Dec2016 at  0:48:24 

     This program is part of the open-source Quantum ESPRESSO suite
     for quantum simulation of materials; please cite
         "P. Giannozzi et al., J. Phys.:Condens. Matter 21 395502 (2009);
          URL http://www.quantum-espresso.org", 
     in publications or presentations arising from this work. More details at
     http://www.quantum-espresso.org/quote

     Parallel version (MPI), running on     8 processors
     R & G space division:  proc/nbgrp/npool/nimage =       8

     ***** This is GIPAW svn revision unknown      *****

     Parallelizing q-star over 1 images

     Reading data from directory:
     /users/majewski/paradichlorobenzene/pbe/9_constraint/scratch/pbe.ecut100.np8.dt60.pcl2phi-129368.save
     Message from routine read_xml_file:
     file /users/majewski/paradichlorobenzene/pbe/9_constraint/scratch/pbe.ecut100.np8.dt60.pcl2phi-129368.save not guaranteed to be safe for post-processing

   Info: using nr1, nr2, nr3 values from input

   Info: using nr1, nr2, nr3 values from input

     IMPORTANT: XC functional enforced from input :
     Exchange-correlation      =  SLA  PW   PBX  PBC ( 1  4  3  4 0 0)
     Any further DFT definition will be discarded
     Please, verify this is what you really want

               file C.pbe-n-kjpaw_psl.1.0.0.UPF: wavefunction(s)  2S 2P renormalized
               file Cl.pbe-n-kjpaw_psl.1.0.0.UPF: wavefunction(s)  3S 3P renormalized
               file H.pbe-kjpaw_psl.1.0.0.UPF: wavefunction(s)  1S renormalized

     Parallelization info
     --------------------
     sticks:   dense  smooth     PW     G-vecs:    dense   smooth      PW
     Min        3057    1223    332               144436    36536    5170
     Max        3059    1225    333               144437    36537    5171
     Sum       24467    9791   2657              1155489   292295   41363


     Subspace diagonalization in iterative solution of the eigenvalue problem:
     a serial algorithm will be used

     GIPAW projectors -----------------------------------------------
     atom=  C    l=0  rc=    1.2000  rs=    0.8000
     atom=  C    l=0  rc=    1.2000  rs=    0.8000
     atom=  C    l=1  rc=    1.4000  rs=    0.9333
     atom=  C    l=1  rc=    1.4000  rs=    0.9333
     projs nearly linearly dependent: l=1  n1,n2= 1, 2  s=  0.99951561

     atom=  Cl   l=0  rc=    1.6000  rs=    1.0667
     atom=  Cl   l=0  rc=    1.6000  rs=    1.0667
     atom=  Cl   l=1  rc=    1.6000  rs=    1.0667
     atom=  Cl   l=1  rc=    1.6000  rs=    1.0667
     atom=  Cl   l=2  rc=    1.6000  rs=    1.0667
     atom=  Cl   l=2  rc=    1.6000  rs=    1.0667
     projs nearly linearly dependent: l=2  n1,n2= 1, 2  s=  0.99993509

     atom=  H    l=0  rc=    1.0000  rs=    0.6667
     atom=  H    l=0  rc=    1.0000  rs=    0.6667
     projs nearly linearly dependent: l=0  n1,n2= 1, 2  s=  0.99968852
     -----------------------------------------------------------------

     GIPAW integrals: -------------------------------------------
     Atom  i/j   nmr_para   nmr_dia   epr_rmc  epr_para   epr_dia
       C   1 1   0.83E+03  0.17E-01  0.93E+01  0.24E+08  0.24E+03
       C   2 1   0.86E+03 -0.61E-01  0.94E+01  0.25E+08  0.25E+03
       C   2 2   0.90E+03 -0.15E+00  0.97E+01  0.26E+08  0.26E+03
       C   3 3   0.33E+01  0.34E+00  0.18E+01  0.55E+03  0.21E+02
       C   4 3   0.35E+01  0.37E+00  0.20E+01  0.59E+03  0.22E+02
       C   4 4   0.38E+01  0.39E+00  0.22E+01  0.63E+03  0.24E+02
       Cl  1 1   0.14E+04 -0.47E+00  0.84E+01  0.32E+09  0.42E+03
       Cl  2 1   0.21E+04 -0.37E+00  0.12E+02  0.49E+09  0.65E+03
       Cl  2 2   0.33E+04 -0.16E+00  0.21E+02  0.76E+09  0.10E+04
       Cl  3 3   0.21E+02  0.79E-01  0.89E+01  0.23E+05  0.13E+03
       Cl  4 3   0.24E+02  0.67E-01  0.99E+01  0.27E+05  0.15E+03
       Cl  4 4   0.28E+02  0.44E-01  0.11E+02  0.32E+05  0.18E+03
       Cl  5 5   0.77E+00  0.19E+00  0.18E+01  0.12E+03  0.22E+02
       Cl  6 5   0.80E+00  0.19E+00  0.19E+01  0.12E+03  0.23E+02
       Cl  6 6   0.83E+00  0.20E+00  0.19E+01  0.12E+03  0.23E+02
       H   1 1   0.39E+02  0.19E+00  0.29E+00  0.78E+05  0.13E+02
       H   2 1   0.41E+02  0.21E+00  0.32E+00  0.82E+05  0.14E+02
       H   2 2   0.43E+02  0.22E+00  0.36E+00  0.86E+05  0.15E+02
     ------------------------------------------------------------

     alpha_pv=     34.1867 eV

     Number of occupied bands for each k-point:
     k-point:     1    nbnd_occ=  42
     k-point:     2    nbnd_occ=  42
     k-point:     3    nbnd_occ=  42
     k-point:     4    nbnd_occ=  42
     k-point:     5    nbnd_occ=  42
     k-point:     6    nbnd_occ=  42
     k-point:     7    nbnd_occ=  42
     k-point:     8    nbnd_occ=  42
     k-point:     9    nbnd_occ=  42
     k-point:    10    nbnd_occ=  42
     k-point:    11    nbnd_occ=  42
     k-point:    12    nbnd_occ=  42
     k-point:    13    nbnd_occ=  42
     k-point:    14    nbnd_occ=  42
     k-point:    15    nbnd_occ=  42
     k-point:    16    nbnd_occ=  42


     q-space interpolation up to   110.00 Rydberg

     GIPAW job: efg                                                                             


     ELECTRIC FIELD GRADIENTS TENSORS IN Hartree/bohrradius^2:

     ----- bare term -----
     Cl   1       -0.102296        0.032062       -0.077820
     Cl   1        0.032062       -0.077615       -0.066604
     Cl   1       -0.077820       -0.066604        0.179911

     C    2       -0.207020        0.085800       -0.446675
     C    2        0.085800        0.032939       -0.389994
     C    2       -0.446675       -0.389994        0.174082

     C    3        0.173525        0.582300        0.004326
     C    3        0.582300       -0.379637       -0.475662
     C    3        0.004326       -0.475662        0.206112

     H    4        0.060668       -0.121323       -0.371698
     H    4       -0.121323        0.270090        0.219616
     H    4       -0.371698        0.219616       -0.330758

     C    5       -0.412970        0.331673       -0.508848
     C    5        0.331673        0.280698       -0.244974
     C    5       -0.508848       -0.244974        0.132272

     H    6        0.138848       -0.053625        0.352960
     H    6       -0.053625       -0.011501       -0.399640
     H    6        0.352960       -0.399640       -0.127346

     H    7        0.238981       -0.070389        0.048024
     H    7       -0.070389       -0.376423        0.525858
     H    7        0.048024        0.525858        0.137442

     C    8       -0.439530       -0.114199       -0.379881
     C    8       -0.114199        0.003914        0.370452
     C    8       -0.379881        0.370452        0.435616

     H    9       -0.481571        0.401689        0.043491
     H    9        0.401689        0.338688       -0.022376
     H    9        0.043491       -0.022376        0.142883

     C   10       -0.186980       -0.294398       -0.142678
     C   10       -0.294398       -0.423264        0.518811
     C   10       -0.142678        0.518811        0.610244

     C   11       -0.451979       -0.010449       -0.319623
     C   11       -0.010449       -0.077015        0.456674
     C   11       -0.319623        0.456674        0.528994

     Cl  12       -0.191442       -0.111272       -0.008862
     Cl  12       -0.111272       -0.037601        0.151387
     Cl  12       -0.008862        0.151387        0.229043

     H   13        0.388897        0.017991        0.277863
     H   13        0.017991        0.077344       -0.405556
     H   13        0.277863       -0.405556       -0.466241

     C   14       -0.230411        0.190548       -0.241098
     C   14        0.190548       -0.285541       -0.364710
     C   14       -0.241098       -0.364710        0.515952

     H   15        0.144132       -0.061017       -0.366522
     H   15       -0.061017        0.405100        0.081706
     H   15       -0.366522        0.081706       -0.549232

     C   16       -0.345118        0.162060       -0.209860
     C   16        0.162060       -0.004973       -0.188717
     C   16       -0.209860       -0.188717        0.350091

     C   17       -0.047002        0.225020       -0.099845
     C   17        0.225020       -0.483049       -0.409250
     C   17       -0.099845       -0.409250        0.530051

     Cl  18       -0.053672       -0.024337       -0.063619
     Cl  18       -0.024337        0.064419       -0.131848
     Cl  18       -0.063619       -0.131848       -0.010748

     H   19        0.303262        0.285908       -0.031685
     H   19        0.285908       -0.585423        0.346851
     H   19       -0.031685        0.346851        0.282160

     C   20       -0.290658       -0.275566       -0.320732
     C   20       -0.275566       -0.112407        0.460534
     C   20       -0.320732        0.460534        0.403066

     H   21       -0.382623        0.505901        0.074384
     H   21        0.505901        0.093976       -0.126230
     H   21        0.074384       -0.126230        0.288647

     C   22       -0.226938       -0.284634       -0.378178
     C   22       -0.284634       -0.075095        0.440783
     C   22       -0.378178        0.440783        0.302033

     C   23       -0.075275       -0.114211       -0.280863
     C   23       -0.114211       -0.149132        0.568972
     C   23       -0.280863        0.568972        0.224407

     Cl  24        0.054153        0.084632       -0.104152
     Cl  24        0.084632       -0.040159        0.008465
     Cl  24       -0.104152        0.008465       -0.013993

     ----- ionic term -----
     Cl   1        0.158799       -0.214156        0.050210
     Cl   1       -0.214156       -0.025256       -0.021815
     Cl   1        0.050210       -0.021815       -0.133543

     C    2        0.060613       -0.266359        0.347141
     C    2       -0.266359       -0.016789        0.437069
     C    2        0.347141        0.437069       -0.043824

     C    3        0.057839       -0.406406        0.191125
     C    3       -0.406406        0.111495        0.424302
     C    3        0.191125        0.424302       -0.169335

     H    4        0.419724        0.118556        0.778184
     H    4        0.118556       -0.498917        0.201581
     H    4        0.778184        0.201581        0.079193

     C    5        0.159555       -0.344147        0.307032
     C    5       -0.344147       -0.009352        0.283099
     C    5        0.307032        0.283099       -0.150203

     H    6       -0.525849       -0.063098       -0.010557
     H    6       -0.063098        0.482285        0.768925
     H    6       -0.010557        0.768925        0.043564

     H    7       -0.518177        0.003251        0.004509
     H    7        0.003251        0.548176       -0.755429
     H    7        0.004509       -0.755429       -0.029999

     C    8        0.326229        0.102585        0.198602
     C    8        0.102585        0.004537       -0.356227
     C    8        0.198602       -0.356227       -0.330767

     H    9        0.751266       -0.403052        0.502473
     H    9       -0.403052       -0.383698       -0.234384
     H    9        0.502473       -0.234384       -0.367568

     C   10        0.218164        0.161573        0.094824
     C   10        0.161573        0.140234       -0.406885
     C   10        0.094824       -0.406885       -0.358397

     C   11        0.343587        0.118406        0.161921
     C   11        0.118406        0.103528       -0.388944
     C   11        0.161921       -0.388944       -0.447115

     Cl  12        0.172155        0.233264        0.003750
     Cl  12        0.233264        0.001527       -0.008187
     Cl  12        0.003750       -0.008187       -0.173683

     H   13       -0.541106       -0.082431       -0.046868
     H   13       -0.082431        0.494333        0.779655
     H   13       -0.046868        0.779655        0.046773

     C   14        0.140049       -0.256017        0.340493
     C   14       -0.256017       -0.049545        0.289579
     C   14        0.340493        0.289579       -0.090504

     H   15        0.359441        0.118887        0.809834
     H   15        0.118887       -0.536418        0.166151
     H   15        0.809834        0.166151        0.176977

     C   16        0.070260       -0.302620        0.238778
     C   16       -0.302620        0.027122        0.343286
     C   16        0.238778        0.343286       -0.097382

     C   17        0.024193       -0.263968        0.296287
     C   17       -0.263968        0.018972        0.405441
     C   17        0.296287        0.405441       -0.043164

     Cl  18        0.081488       -0.199930        0.002188
     Cl  18       -0.199930        0.045788        0.001753
     Cl  18        0.002188        0.001753       -0.127276

     H   19       -0.490600       -0.155205        0.075870
     H   19       -0.155205        0.677561       -0.687295
     H   19        0.075870       -0.687295       -0.186961

     C   20        0.407533        0.037064        0.156571
     C   20        0.037064        0.042330       -0.307224
     C   20        0.156571       -0.307224       -0.449863

     H   21        0.732161       -0.518844        0.396590
     H   21       -0.518844       -0.283429       -0.213932
     H   21        0.396590       -0.213932       -0.448732

     C   22        0.213815        0.069094        0.107289
     C   22        0.069094        0.226749       -0.365628
     C   22        0.107289       -0.365628       -0.440564

     C   23        0.197601        0.012078        0.258805
     C   23        0.012078        0.192318       -0.403223
     C   23        0.258805       -0.403223       -0.389919

     Cl  24        0.108305        0.176951        0.003001
     Cl  24        0.176951        0.016892       -0.003177
     Cl  24        0.003001       -0.003177       -0.125197

     ----- GIPAW term -----
     Cl   1        0.509651       -1.977931       -0.578948
     Cl   1       -1.977931       -0.514038       -0.618504
     Cl   1       -0.578948       -0.618504        0.004388

     C    2        0.102681       -0.008317       -0.045948
     C    2       -0.008317        0.027734       -0.024762
     C    2       -0.045948       -0.024762       -0.130415

     C    3        0.106847        0.209114       -0.028951
     C    3        0.209114       -0.025976       -0.074648
     C    3       -0.028951       -0.074648       -0.080870

     H    4       -0.000000        0.000000        0.000000
     H    4        0.000000        0.000000        0.000000
     H    4        0.000000        0.000000        0.000000

     C    5        0.042201        0.219606       -0.100965
     C    5        0.219606        0.076032       -0.046927
     C    5       -0.100965       -0.046927       -0.118234

     H    6       -0.000000        0.000000        0.000000
     H    6        0.000000        0.000000        0.000000
     H    6        0.000000        0.000000        0.000000

     H    7       -0.000000        0.000000        0.000000
     H    7        0.000000        0.000000        0.000000
     H    7        0.000000        0.000000        0.000000

     C    8       -0.039551       -0.006604       -0.002585
     C    8       -0.006604       -0.042878        0.067886
     C    8       -0.002585        0.067886        0.082430

     H    9       -0.000000        0.000000        0.000000
     H    9        0.000000        0.000000        0.000000
     H    9        0.000000        0.000000        0.000000

     C   10       -0.123845       -0.040799       -0.048526
     C   10       -0.040799       -0.140677        0.124849
     C   10       -0.048526        0.124849        0.264522

     C   11       -0.117415        0.099586       -0.072674
     C   11        0.099586       -0.105156        0.101102
     C   11       -0.072674        0.101102        0.222572

     Cl  12       -0.156079        1.592347       -0.152237
     Cl  12        1.592347       -0.315416        1.452103
     Cl  12       -0.152237        1.452103        0.471495

     H   13       -0.000000        0.000000        0.000000
     H   13        0.000000        0.000000        0.000000
     H   13        0.000000        0.000000        0.000000

     C   14       -0.109030        0.021121       -0.087219
     C   14        0.021121       -0.191271       -0.078576
     C   14       -0.087219       -0.078576        0.300301

     H   15       -0.000000        0.000000        0.000000
     H   15        0.000000        0.000000        0.000000
     H   15        0.000000        0.000000        0.000000

     C   16       -0.156366       -0.001816       -0.036498
     C   16       -0.001816       -0.076799       -0.040369
     C   16       -0.036498       -0.040369        0.233165

     C   17       -0.008619       -0.044054        0.089843
     C   17       -0.044054       -0.164207        0.023534
     C   17        0.089843        0.023534        0.172826

     Cl  18        0.608112       -2.112809       -0.380651
     Cl  18       -2.112809        0.796001       -1.271077
     Cl  18       -0.380651       -1.271077       -1.404113

     H   19       -0.000000        0.000000        0.000000
     H   19        0.000000        0.000000        0.000000
     H   19        0.000000        0.000000        0.000000

     C   20       -0.039309       -0.089026       -0.070624
     C   20       -0.089026       -0.005334        0.145377
     C   20       -0.070624        0.145377        0.044643

     H   21       -0.000000        0.000000        0.000000
     H   21        0.000000        0.000000        0.000000
     H   21        0.000000        0.000000        0.000000

     C   22       -0.023216       -0.149626       -0.192640
     C   22       -0.149626        0.013000        0.154483
     C   22       -0.192640        0.154483        0.010216

     C   23        0.064864        0.062864       -0.047893
     C   23        0.062864        0.027899        0.088811
     C   23       -0.047893        0.088811       -0.092763

     Cl  24        1.738017        2.595037       -0.919852
     Cl  24        2.595037       -0.346886        0.038386
     Cl  24       -0.919852        0.038386       -1.391131

     ----- total EFG -----
     Cl   1        0.566154       -2.160025       -0.606558
     Cl   1       -2.160025       -0.616909       -0.706923
     Cl   1       -0.606558       -0.706923        0.050756

     C    2       -0.043727       -0.188875       -0.145482
     C    2       -0.188875        0.043885        0.022312
     C    2       -0.145482        0.022312       -0.000158

     C    3        0.338211        0.385007        0.166500
     C    3        0.385007       -0.294118       -0.126008
     C    3        0.166500       -0.126008       -0.044093

     H    4        0.480392       -0.002767        0.406486
     H    4       -0.002767       -0.228827        0.421197
     H    4        0.406486        0.421197       -0.251565

     C    5       -0.211214        0.207131       -0.302780
     C    5        0.207131        0.347379       -0.008802
     C    5       -0.302780       -0.008802       -0.136165

     H    6       -0.387001       -0.116724        0.342403
     H    6       -0.116724        0.470783        0.369285
     H    6        0.342403        0.369285       -0.083782

     H    7       -0.279196       -0.067138        0.052533
     H    7       -0.067138        0.171753       -0.229571
     H    7        0.052533       -0.229571        0.107443

     C    8       -0.152852       -0.018217       -0.183864
     C    8       -0.018217       -0.034426        0.082111
     C    8       -0.183864        0.082111        0.187278

     H    9        0.269695       -0.001364        0.545964
     H    9       -0.001364       -0.045010       -0.256760
     H    9        0.545964       -0.256760       -0.224685

     C   10       -0.092661       -0.173624       -0.096380
     C   10       -0.173624       -0.423707        0.236775
     C   10       -0.096380        0.236775        0.516369

     C   11       -0.225807        0.207543       -0.230376
     C   11        0.207543       -0.078644        0.168832
     C   11       -0.230376        0.168832        0.304451

     Cl  12       -0.175366        1.714339       -0.157349
     Cl  12        1.714339       -0.351489        1.595303
     Cl  12       -0.157349        1.595303        0.526855

     H   13       -0.152209       -0.064440        0.230996
     H   13       -0.064440        0.571678        0.374099
     H   13        0.230996        0.374099       -0.419468

     C   14       -0.199393       -0.044349        0.012177
     C   14       -0.044349       -0.526357       -0.153707
     C   14        0.012177       -0.153707        0.725749

     H   15        0.503573        0.057870        0.443313
     H   15        0.057870       -0.131317        0.247857
     H   15        0.443313        0.247857       -0.372255

     C   16       -0.431224       -0.142376       -0.007580
     C   16       -0.142376       -0.054650        0.114200
     C   16       -0.007580        0.114200        0.485873

     C   17       -0.031428       -0.083003        0.286285
     C   17       -0.083003       -0.628284        0.019725
     C   17        0.286285        0.019725        0.659712

     Cl  18        0.635928       -2.337076       -0.442082
     Cl  18       -2.337076        0.906208       -1.401172
     Cl  18       -0.442082       -1.401172       -1.542137

     H   19       -0.187338        0.130704        0.044184
     H   19        0.130704        0.092138       -0.340443
     H   19        0.044184       -0.340443        0.095200

     C   20        0.077566       -0.327528       -0.234785
     C   20       -0.327528       -0.075411        0.298686
     C   20       -0.234785        0.298686       -0.002155

     H   21        0.349537       -0.012943        0.470974
     H   21       -0.012943       -0.189453       -0.340162
     H   21        0.470974       -0.340162       -0.160084

     C   22       -0.036339       -0.365166       -0.463529
     C   22       -0.365166        0.164654        0.229637
     C   22       -0.463529        0.229637       -0.128315

     C   23        0.187190       -0.039269       -0.069951
     C   23       -0.039269        0.071085        0.254560
     C   23       -0.069951        0.254560       -0.258275

     Cl  24        1.900475        2.856620       -1.021003
     Cl  24        2.856620       -0.370154        0.043674
     Cl  24       -1.021003        0.043674       -1.530321

     ----- total EFG (symmetrized) -----
     Cl   1        0.566154       -2.160025       -0.606558
     Cl   1       -2.160025       -0.616909       -0.706923
     Cl   1       -0.606558       -0.706923        0.050756

     C    2       -0.043727       -0.188875       -0.145482
     C    2       -0.188875        0.043885        0.022312
     C    2       -0.145482        0.022312       -0.000158

     C    3        0.338211        0.385007        0.166500
     C    3        0.385007       -0.294118       -0.126008
     C    3        0.166500       -0.126008       -0.044093

     H    4        0.480392       -0.002767        0.406486
     H    4       -0.002767       -0.228827        0.421197
     H    4        0.406486        0.421197       -0.251565

     C    5       -0.211214        0.207131       -0.302780
     C    5        0.207131        0.347379       -0.008802
     C    5       -0.302780       -0.008802       -0.136165

     H    6       -0.387001       -0.116724        0.342403
     H    6       -0.116724        0.470783        0.369285
     H    6        0.342403        0.369285       -0.083782

     H    7       -0.279196       -0.067138        0.052533
     H    7       -0.067138        0.171753       -0.229571
     H    7        0.052533       -0.229571        0.107443

     C    8       -0.152852       -0.018217       -0.183864
     C    8       -0.018217       -0.034426        0.082111
     C    8       -0.183864        0.082111        0.187278

     H    9        0.269695       -0.001364        0.545964
     H    9       -0.001364       -0.045010       -0.256760
     H    9        0.545964       -0.256760       -0.224685

     C   10       -0.092661       -0.173624       -0.096380
     C   10       -0.173624       -0.423707        0.236775
     C   10       -0.096380        0.236775        0.516369

     C   11       -0.225807        0.207543       -0.230376
     C   11        0.207543       -0.078644        0.168832
     C   11       -0.230376        0.168832        0.304451

     Cl  12       -0.175366        1.714339       -0.157349
     Cl  12        1.714339       -0.351489        1.595303
     Cl  12       -0.157349        1.595303        0.526855

     H   13       -0.152209       -0.064440        0.230996
     H   13       -0.064440        0.571678        0.374099
     H   13        0.230996        0.374099       -0.419468

     C   14       -0.199393       -0.044349        0.012177
     C   14       -0.044349       -0.526357       -0.153707
     C   14        0.012177       -0.153707        0.725749

     H   15        0.503573        0.057870        0.443313
     H   15        0.057870       -0.131317        0.247857
     H   15        0.443313        0.247857       -0.372255

     C   16       -0.431224       -0.142376       -0.007580
     C   16       -0.142376       -0.054650        0.114200
     C   16       -0.007580        0.114200        0.485873

     C   17       -0.031428       -0.083003        0.286285
     C   17       -0.083003       -0.628284        0.019725
     C   17        0.286285        0.019725        0.659712

     Cl  18        0.635928       -2.337076       -0.442082
     Cl  18       -2.337076        0.906208       -1.401172
     Cl  18       -0.442082       -1.401172       -1.542137

     H   19       -0.187338        0.130704        0.044184
     H   19        0.130704        0.092138       -0.340443
     H   19        0.044184       -0.340443        0.095200

     C   20        0.077566       -0.327528       -0.234785
     C   20       -0.327528       -0.075411        0.298686
     C   20       -0.234785        0.298686       -0.002155

     H   21        0.349537       -0.012943        0.470974
     H   21       -0.012943       -0.189453       -0.340162
     H   21        0.470974       -0.340162       -0.160084

     C   22       -0.036339       -0.365166       -0.463529
     C   22       -0.365166        0.164654        0.229637
     C   22       -0.463529        0.229637       -0.128315

     C   23        0.187190       -0.039269       -0.069951
     C   23       -0.039269        0.071085        0.254560
     C   23       -0.069951        0.254560       -0.258275

     Cl  24        1.900475        2.856620       -1.021003
     Cl  24        2.856620       -0.370154        0.043674
     Cl  24       -1.021003        0.043674       -1.530321


     NQR/NMR SPECTROSCOPIC PARAMETERS:
     Cl   1    Vxx=    0.3766    axis=( -0.179557 -0.280534  0.942900)
     Cl   1    Vyy=    2.2156    axis=( -0.798130  0.601876  0.027083)
     Cl   1    Vzz=   -2.5922    axis=( -0.575106 -0.747694 -0.331974)
     Cl   1  Q=        -8.1650 1e-30 m^2  Cq=        49.7303 MHz  eta= 0.70945

     C    2    Vxx=   -0.0055    axis=( -0.062973 -0.600976  0.796783)
     C    2    Vyy=   -0.2406    axis=( -0.770339 -0.478316 -0.421654)
     C    2    Vzz=    0.2461    axis=(  0.634518 -0.640345 -0.432834)
     C    2  Q=         1.0000 1e-30 m^2  Cq=         0.5783 MHz  eta= 0.95540

     C    3    Vxx=    0.0084    axis=( -0.006855 -0.391969  0.919953)
     C    3    Vyy=    0.5373    axis=( -0.903404 -0.392008 -0.173756)
     C    3    Vzz=   -0.5457    axis=(  0.428736 -0.832280 -0.351419)
     C    3  Q=         1.0000 1e-30 m^2  Cq=        -1.2821 MHz  eta= 0.96938

     H    4    Vxx=    0.0403    axis=(  0.439884 -0.758098 -0.481446)
     H    4    Vyy=    0.6973    axis=( -0.862531 -0.207352 -0.461568)
     H    4    Vzz=   -0.7375    axis=( -0.250085 -0.618298  0.745094)
     H    4  Q=         1.0000 1e-30 m^2  Cq=        -1.7329 MHz  eta= 0.89080

     C    5    Vxx=    0.0671    axis=( -0.517422  0.405991  0.753290)
     C    5    Vyy=    0.4389    axis=(  0.386763  0.896199 -0.217353)
     C    5    Vzz=   -0.5060    axis=( -0.763341  0.178882 -0.620735)
     C    5  Q=         1.0000 1e-30 m^2  Cq=        -1.1888 MHz  eta= 0.73490

     H    6    Vxx=    0.0341    axis=(  0.643990 -0.386298  0.660341)
     H    6    Vyy=    0.6579    axis=(  0.053574  0.883806  0.464777)
     H    6    Vzz=   -0.6920    axis=( -0.763155 -0.263935  0.589858)
     H    6  Q=         1.0000 1e-30 m^2  Cq=        -1.6260 MHz  eta= 0.90141

     H    7    Vxx=   -0.0921    axis=( -0.021795  0.653053  0.756998)
     H    7    Vyy=   -0.2902    axis=(  0.991581  0.110790 -0.067028)
     H    7    Vzz=    0.3824    axis=( -0.127640  0.749164 -0.649970)
     H    7  Q=         1.0000 1e-30 m^2  Cq=         0.8984 MHz  eta= 0.51817

     C    8    Vxx=   -0.0541    axis=(  0.179124  0.964952 -0.191787)
     C    8    Vyy=   -0.2346    axis=( -0.907032  0.086469 -0.412087)
     C    8    Vzz=    0.2888    axis=( -0.381061  0.247772  0.890731)
     C    8  Q=         1.0000 1e-30 m^2  Cq=         0.6785 MHz  eta= 0.62513

     H    9    Vxx=    0.0029    axis=(  0.359101  0.917093 -0.173166)
     H    9    Vyy=    0.6517    axis=( -0.801664  0.208091 -0.560386)
     H    9    Vzz=   -0.6546    axis=( -0.477892  0.340056  0.809927)
     H    9  Q=         1.0000 1e-30 m^2  Cq=        -1.5381 MHz  eta= 0.99102

     C   10    Vxx=   -0.0684    axis=(  0.924275 -0.275732  0.263984)
     C   10    Vyy=   -0.5309    axis=( -0.327958 -0.927481  0.179506)
     C   10    Vzz=    0.5993    axis=( -0.195345  0.252488  0.947676)
     C   10  Q=         1.0000 1e-30 m^2  Cq=         1.4082 MHz  eta= 0.77177

     C   11    Vxx=    0.0679    axis=(  0.583175  0.812261 -0.011779)
     C   11    Vyy=    0.4089    axis=(  0.272458 -0.209234 -0.939142)
     C   11    Vzz=   -0.4768    axis=( -0.765293  0.544475 -0.343327)
     C   11  Q=         1.0000 1e-30 m^2  Cq=        -1.1203 MHz  eta= 0.71512

     Cl  12    Vxx=    0.3427    axis=( -0.705350 -0.149556  0.692903)
     Cl  12    Vyy=    2.2028    axis=( -0.443321 -0.669670 -0.595827)
     Cl  12    Vzz=   -2.5455    axis=( -0.553125  0.727445 -0.406050)
     Cl  12  Q=        -8.1650 1e-30 m^2  Cq=        48.8340 MHz  eta= 0.73074

     H   13    Vxx=   -0.0390    axis=(  0.903698 -0.150252  0.400940)
     H   13    Vyy=   -0.6582    axis=(  0.427896  0.283470 -0.858225)
     H   13    Vzz=    0.6972    axis=(  0.015295  0.947137  0.320464)
     H   13  Q=         1.0000 1e-30 m^2  Cq=         1.6382 MHz  eta= 0.88810

     C   14    Vxx=   -0.1945    axis=(  0.992534 -0.117485 -0.032755)
     C   14    Vyy=   -0.5501    axis=(  0.120559  0.985716  0.117601)
     C   14    Vzz=    0.7447    axis=(  0.018471 -0.120672  0.992521)
     C   14  Q=         1.0000 1e-30 m^2  Cq=         1.7497 MHz  eta= 0.47750

     H   15    Vxx=   -0.0726    axis=(  0.312056 -0.905560 -0.287371)
     H   15    Vyy=   -0.6434    axis=(  0.315912  0.384167 -0.867534)
     H   15    Vzz=    0.7160    axis=(  0.896002  0.179935  0.405959)
     H   15  Q=         1.0000 1e-30 m^2  Cq=         1.6824 MHz  eta= 0.79721

     C   16    Vxx=   -0.0305    axis=( -0.323914  0.922753 -0.208822)
     C   16    Vyy=   -0.4799    axis=(  0.945273  0.324807 -0.030988)
     C   16    Vzz=    0.5104    axis=( -0.039232  0.207432  0.977462)
     C   16  Q=         1.0000 1e-30 m^2  Cq=         1.1993 MHz  eta= 0.88043

     C   17    Vxx=   -0.1205    axis=(  0.927320 -0.164624 -0.336119)
     C   17    Vyy=   -0.6425    axis=( -0.157162 -0.986332  0.049492)
     C   17    Vzz=    0.7630    axis=(  0.339672 -0.006930  0.940518)
     C   17  Q=         1.0000 1e-30 m^2  Cq=         1.7927 MHz  eta= 0.68423

     Cl  18    Vxx=   -0.3454    axis=(  0.617922  0.388739 -0.683414)
     Cl  18    Vyy=   -2.8823    axis=(  0.448212  0.539979  0.712411)
     Cl  18    Vzz=    3.2277    axis=( -0.645971  0.746529 -0.159427)
     Cl  18  Q=        -8.1650 1e-30 m^2  Cq=       -61.9220 MHz  eta= 0.78598

     H   19    Vxx=   -0.0940    axis=( -0.773790 -0.381491 -0.505682)
     H   19    Vyy=   -0.3462    axis=( -0.625484  0.586306  0.514796)
     H   19    Vzz=    0.4402    axis=(  0.100094  0.714640 -0.692294)
     H   19  Q=         1.0000 1e-30 m^2  Cq=         1.0344 MHz  eta= 0.57286

     C   20    Vxx=   -0.1995    axis=( -0.684632 -0.058229 -0.726559)
     C   20    Vyy=   -0.3774    axis=( -0.376699 -0.825097  0.421086)
     C   20    Vzz=    0.5768    axis=( -0.624001  0.561983  0.542953)
     C   20  Q=         1.0000 1e-30 m^2  Cq=         1.3553 MHz  eta= 0.30845

     H   21    Vxx=   -0.0382    axis=(  0.478325  0.795534 -0.371929)
     H   21    Vyy=   -0.6355    axis=( -0.350965  0.561399  0.749436)
     H   21    Vzz=    0.6737    axis=(  0.805002 -0.227940  0.547736)
     H   21  Q=         1.0000 1e-30 m^2  Cq=         1.5828 MHz  eta= 0.88658

     C   22    Vxx=   -0.1557    axis=(  0.354045  0.776814 -0.520781)
     C   22    Vyy=   -0.5587    axis=( -0.709952 -0.139243 -0.690348)
     C   22    Vzz=    0.7144    axis=(  0.608787 -0.614144 -0.502202)
     C   22  Q=         1.0000 1e-30 m^2  Cq=         1.6786 MHz  eta= 0.56405

     C   23    Vxx=    0.1315    axis=(  0.752978  0.604623  0.259722)
     C   23    Vyy=    0.2684    axis=( -0.653935  0.643479  0.397875)
     C   23    Vzz=   -0.3999    axis=(  0.073439 -0.469432  0.879909)
     C   23  Q=         1.0000 1e-30 m^2  Cq=        -0.9397 MHz  eta= 0.34222

     Cl  24    Vxx=   -1.2950    axis=( -0.174394  0.498571  0.849125)
     Cl  24    Vyy=   -2.6680    axis=(  0.535652 -0.675548  0.506667)
     Cl  24    Vzz=    3.9629    axis=( -0.826235 -0.543195  0.149249)
     Cl  24  Q=        -8.1650 1e-30 m^2  Cq=       -76.0271 MHz  eta= 0.34645

     Initialization:
     gipaw_setup  :      9.21s CPU     11.34s WALL (       1 calls)

     Linear response

     Apply operators

     Induced current

     Other routines
     efg          :      9.10s CPU     11.87s WALL (       1 calls)

     General routines
     calbec       :      3.15s CPU      4.47s WALL (      16 calls)
     fft          :      1.68s CPU      2.71s WALL (      15 calls)
     ffts         :      0.05s CPU      0.12s WALL (       2 calls)
     fftw         :      3.23s CPU      4.00s WALL (     672 calls)
     davcio       :      0.01s CPU      0.32s WALL (      32 calls)

     Parallel routines
     fft_scatter  :      2.30s CPU      4.06s WALL (     689 calls)

     Plugins

     GIPAW        :     60.14s CPU     74.28s WALL (       1 calls)
