
     Program QE v.6.0 (svn rev. 13079) starts on 18Jan2017 at  2:17:34 

     This program is part of the open-source Quantum ESPRESSO suite
     for quantum simulation of materials; please cite
         "P. Giannozzi et al., J. Phys.:Condens. Matter 21 395502 (2009);
          URL http://www.quantum-espresso.org", 
     in publications or presentations arising from this work. More details at
     http://www.quantum-espresso.org/quote

     Parallel version (MPI), running on     8 processors
     R & G space division:  proc/nbgrp/npool/nimage =       8

     ***** This is GIPAW svn revision unknown      *****

     Parallelizing q-star over 1 images

     Reading data from directory:
     /users/majewski/paradichlorobenzene/pbe/9_constraint/scratch/pbe.ecut100.np8.dt60.pcl2phi-129368.save
     Message from routine read_xml_file:
     file /users/majewski/paradichlorobenzene/pbe/9_constraint/scratch/pbe.ecut100.np8.dt60.pcl2phi-129368.save not guaranteed to be safe for post-processing

   Info: using nr1, nr2, nr3 values from input

   Info: using nr1, nr2, nr3 values from input

     IMPORTANT: XC functional enforced from input :
     Exchange-correlation      =  SLA  PW   PBX  PBC ( 1  4  3  4 0 0)
     Any further DFT definition will be discarded
     Please, verify this is what you really want

               file C.pbe-n-kjpaw_psl.1.0.0.UPF: wavefunction(s)  2S 2P renormalized
               file Cl.pbe-n-kjpaw_psl.1.0.0.UPF: wavefunction(s)  3S 3P renormalized
               file H.pbe-kjpaw_psl.1.0.0.UPF: wavefunction(s)  1S renormalized

     Parallelization info
     --------------------
     sticks:   dense  smooth     PW     G-vecs:    dense   smooth      PW
     Min        3057    1223    332               144436    36536    5170
     Max        3059    1225    333               144437    36537    5171
     Sum       24467    9791   2657              1155489   292295   41363


     Subspace diagonalization in iterative solution of the eigenvalue problem:
     a serial algorithm will be used

     GIPAW projectors -----------------------------------------------
     atom=  C    l=0  rc=    1.2000  rs=    0.8000
     atom=  C    l=0  rc=    1.2000  rs=    0.8000
     atom=  C    l=1  rc=    1.4000  rs=    0.9333
     atom=  C    l=1  rc=    1.4000  rs=    0.9333
     projs nearly linearly dependent: l=1  n1,n2= 1, 2  s=  0.99951561

     atom=  Cl   l=0  rc=    1.6000  rs=    1.0667
     atom=  Cl   l=0  rc=    1.6000  rs=    1.0667
     atom=  Cl   l=1  rc=    1.6000  rs=    1.0667
     atom=  Cl   l=1  rc=    1.6000  rs=    1.0667
     atom=  Cl   l=2  rc=    1.6000  rs=    1.0667
     atom=  Cl   l=2  rc=    1.6000  rs=    1.0667
     projs nearly linearly dependent: l=2  n1,n2= 1, 2  s=  0.99993509

     atom=  H    l=0  rc=    1.0000  rs=    0.6667
     atom=  H    l=0  rc=    1.0000  rs=    0.6667
     projs nearly linearly dependent: l=0  n1,n2= 1, 2  s=  0.99968852
     -----------------------------------------------------------------

     GIPAW integrals: -------------------------------------------
     Atom  i/j   nmr_para   nmr_dia   epr_rmc  epr_para   epr_dia
       C   1 1   0.83E+03  0.17E-01  0.93E+01  0.24E+08  0.24E+03
       C   2 1   0.86E+03 -0.61E-01  0.94E+01  0.25E+08  0.25E+03
       C   2 2   0.90E+03 -0.15E+00  0.97E+01  0.26E+08  0.26E+03
       C   3 3   0.33E+01  0.34E+00  0.18E+01  0.55E+03  0.21E+02
       C   4 3   0.35E+01  0.37E+00  0.20E+01  0.59E+03  0.22E+02
       C   4 4   0.38E+01  0.39E+00  0.22E+01  0.63E+03  0.24E+02
       Cl  1 1   0.14E+04 -0.47E+00  0.84E+01  0.32E+09  0.42E+03
       Cl  2 1   0.21E+04 -0.37E+00  0.12E+02  0.49E+09  0.65E+03
       Cl  2 2   0.33E+04 -0.16E+00  0.21E+02  0.76E+09  0.10E+04
       Cl  3 3   0.21E+02  0.79E-01  0.89E+01  0.23E+05  0.13E+03
       Cl  4 3   0.24E+02  0.67E-01  0.99E+01  0.27E+05  0.15E+03
       Cl  4 4   0.28E+02  0.44E-01  0.11E+02  0.32E+05  0.18E+03
       Cl  5 5   0.77E+00  0.19E+00  0.18E+01  0.12E+03  0.22E+02
       Cl  6 5   0.80E+00  0.19E+00  0.19E+01  0.12E+03  0.23E+02
       Cl  6 6   0.83E+00  0.20E+00  0.19E+01  0.12E+03  0.23E+02
       H   1 1   0.39E+02  0.19E+00  0.29E+00  0.78E+05  0.13E+02
       H   2 1   0.41E+02  0.21E+00  0.32E+00  0.82E+05  0.14E+02
       H   2 2   0.43E+02  0.22E+00  0.36E+00  0.86E+05  0.15E+02
     ------------------------------------------------------------

     alpha_pv=     33.9699 eV

     Number of occupied bands for each k-point:
     k-point:     1    nbnd_occ=  42
     k-point:     2    nbnd_occ=  42
     k-point:     3    nbnd_occ=  42
     k-point:     4    nbnd_occ=  42
     k-point:     5    nbnd_occ=  42
     k-point:     6    nbnd_occ=  42
     k-point:     7    nbnd_occ=  42
     k-point:     8    nbnd_occ=  42
     k-point:     9    nbnd_occ=  42
     k-point:    10    nbnd_occ=  42
     k-point:    11    nbnd_occ=  42
     k-point:    12    nbnd_occ=  42
     k-point:    13    nbnd_occ=  42
     k-point:    14    nbnd_occ=  42
     k-point:    15    nbnd_occ=  42
     k-point:    16    nbnd_occ=  42


     q-space interpolation up to   110.00 Rydberg

     GIPAW job: efg                                                                             


     ELECTRIC FIELD GRADIENTS TENSORS IN Hartree/bohrradius^2:

     ----- bare term -----
     Cl   1       -0.185116        0.265576       -0.021557
     Cl   1        0.265576       -0.029787        0.015250
     Cl   1       -0.021557        0.015250        0.214903

     C    2        0.033564       -0.014489       -0.213338
     C    2       -0.014489       -0.280882       -0.405069
     C    2       -0.213338       -0.405069        0.247318

     C    3       -0.351185        0.385643       -0.295234
     C    3        0.385643        0.114921       -0.011364
     C    3       -0.295234       -0.011364        0.236264

     H    4        0.125902       -0.056802       -0.194266
     H    4       -0.056802        0.426257       -0.192644
     H    4       -0.194266       -0.192644       -0.552159

     C    5       -0.056308       -0.226305       -0.404226
     C    5       -0.226305       -0.163457       -0.344148
     C    5       -0.404226       -0.344148        0.219765

     H    6        0.236523        0.107443        0.326443
     H    6        0.107443        0.040135       -0.453477
     H    6        0.326443       -0.453477       -0.276658

     H    7        0.395595        0.097691       -0.040104
     H    7        0.097691       -0.588758        0.379085
     H    7       -0.040104        0.379085        0.193164

     C    8       -0.459615       -0.299356       -0.390048
     C    8       -0.299356        0.063133        0.408453
     C    8       -0.390048        0.408453        0.396482

     H    9       -0.166331       -0.003083       -0.555474
     H    9       -0.003083        0.151984       -0.089149
     H    9       -0.555474       -0.089149        0.014347

     C   10       -0.110957       -0.349404       -0.233254
     C   10       -0.349404       -0.220785        0.585398
     C   10       -0.233254        0.585398        0.331742

     C   11       -0.060298       -0.067267       -0.436864
     C   11       -0.067267       -0.088724        0.333932
     C   11       -0.436864        0.333932        0.149022

     Cl  12       -0.025120       -0.038117       -0.006334
     Cl  12       -0.038117       -0.030682       -0.035763
     Cl  12       -0.006334       -0.035763        0.055803

     H   13       -0.107546       -0.001257        0.232135
     H   13       -0.001257       -0.031418       -0.490096
     H   13        0.232135       -0.490096        0.138964

     C   14       -0.679413        0.408746       -0.440510
     C   14        0.408746        0.447198       -0.139929
     C   14       -0.440510       -0.139929        0.232215

     H   15        0.015818       -0.123057       -0.413445
     H   15       -0.123057        0.329921        0.174968
     H   15       -0.413445        0.174968       -0.345739

     C   16        0.025277        0.445251       -0.149894
     C   16        0.445251       -0.175235       -0.611859
     C   16       -0.149894       -0.611859        0.149958

     C   17       -0.508405        0.291403       -0.299081
     C   17        0.291403        0.157103       -0.316202
     C   17       -0.299081       -0.316202        0.351301

     Cl  18       -0.028300       -0.025987        0.051147
     Cl  18       -0.025987       -0.058901        0.055102
     Cl  18        0.051147        0.055102        0.087202

     H   19        0.425834        0.229594        0.057589
     H   19        0.229594       -0.650644       -0.225285
     H   19        0.057589       -0.225285        0.224810

     C   20       -0.244574       -0.249780       -0.289713
     C   20       -0.249780       -0.137804        0.373251
     C   20       -0.289713        0.373251        0.382378

     H   21       -0.174168        0.296512       -0.474769
     H   21        0.296512        0.120531        0.383724
     H   21       -0.474769        0.383724        0.053637

     C   22       -0.449960       -0.379913       -0.318859
     C   22       -0.379913        0.099570        0.375704
     C   22       -0.318859        0.375704        0.350390

     C   23       -0.081955       -0.142459       -0.280106
     C   23       -0.142459       -0.144314        0.576547
     C   23       -0.280106        0.576547        0.226269

     Cl  24       -0.107182       -0.048961       -0.039842
     Cl  24       -0.048961       -0.059414       -0.034616
     Cl  24       -0.039842       -0.034616        0.166596

     ----- ionic term -----
     Cl   1        0.125021       -0.225570        0.061578
     Cl   1       -0.225570        0.012680       -0.031609
     Cl   1        0.061578       -0.031609       -0.137701

     C    2        0.094892       -0.302180        0.332898
     C    2       -0.302180       -0.014345        0.385401
     C    2        0.332898        0.385401       -0.080547

     C    3        0.066669       -0.345699        0.213158
     C    3       -0.345699        0.024158        0.367553
     C    3        0.213158        0.367553       -0.090827

     H    4        0.266858        0.143345        0.830842
     H    4        0.143345       -0.528140        0.220121
     H    4        0.830842        0.220121        0.261282

     C    5        0.148797       -0.252999        0.310804
     C    5       -0.252999       -0.048849        0.291789
     C    5        0.310804        0.291789       -0.099949

     H    6       -0.543508       -0.061990       -0.044657
     H    6       -0.061990        0.450473        0.784217
     H    6       -0.044657        0.784217        0.093035

     H    7       -0.500374       -0.187872        0.067387
     H    7       -0.187872        0.910026       -0.450947
     H    7        0.067387       -0.450947       -0.409653

     C    8        0.241577        0.174859        0.271356
     C    8        0.174859        0.148850       -0.245440
     C    8        0.271356       -0.245440       -0.390427

     H    9        0.591529       -0.184563        0.758752
     H    9       -0.184563       -0.448702       -0.185428
     H    9        0.758752       -0.185428       -0.142827

     C   10        0.146498        0.185954        0.233849
     C   10        0.185954        0.283850       -0.313025
     C   10        0.233849       -0.313025       -0.430348

     C   11        0.130157        0.059262        0.359953
     C   11        0.059262        0.247241       -0.361860
     C   11        0.359953       -0.361860       -0.377397

     Cl  12        0.118011        0.195029        0.023147
     Cl  12        0.195029        0.025287        0.002834
     Cl  12        0.023147        0.002834       -0.143299

     H   13       -0.473793       -0.233109       -0.088454
     H   13       -0.233109        0.617628        0.688855
     H   13       -0.088454        0.688855       -0.143835

     C   14        0.248693       -0.327370        0.311257
     C   14       -0.327370       -0.054546        0.275396
     C   14        0.311257        0.275396       -0.194147

     H   15        0.397481        0.228954        0.769044
     H   15        0.228954       -0.460277        0.279909
     H   15        0.769044        0.279909        0.062796

     C   16        0.177434       -0.359897        0.201521
     C   16       -0.359897        0.038794        0.361646
     C   16        0.201521        0.361646       -0.216228

     C   17        0.138685       -0.254178        0.327450
     C   17       -0.254178       -0.043259        0.361153
     C   17        0.327450        0.361153       -0.095427

     Cl  18        0.175001       -0.203442        0.058586
     Cl  18       -0.203442       -0.057550       -0.027644
     Cl  18        0.058586       -0.027644       -0.117451

     H   19       -0.497909       -0.068899        0.051581
     H   19       -0.068899        0.960601       -0.411542
     H   19        0.051581       -0.411542       -0.462692

     C   20        0.253551        0.210640        0.390119
     C   20        0.210640        0.155940       -0.193732
     C   20        0.390119       -0.193732       -0.409492

     H   21        0.361028       -0.276423        0.785318
     H   21       -0.276423       -0.455721       -0.282013
     H   21        0.785318       -0.282013        0.094693

     C   22        0.097705        0.264846        0.295799
     C   22        0.264846        0.211460       -0.297401
     C   22        0.295799       -0.297401       -0.309165

     C   23        0.160772        0.195973        0.313907
     C   23        0.195973        0.178138       -0.322384
     C   23        0.313907       -0.322384       -0.338910

     Cl  24        0.110347        0.214671        0.035832
     Cl  24        0.214671        0.056725        0.026814
     Cl  24        0.035832        0.026814       -0.167072

     ----- GIPAW term -----
     Cl   1       -1.093716       -0.900658       -0.678058
     Cl   1       -0.900658       -0.768754        1.576325
     Cl   1       -0.678058        1.576325        1.862469

     C    2       -0.075175       -0.077687       -0.002295
     C    2       -0.077687        0.086532        0.178978
     C    2       -0.002295        0.178978       -0.011357

     C    3       -0.047023       -0.020882       -0.120461
     C    3       -0.020882       -0.012660        0.082055
     C    3       -0.120461        0.082055        0.059684

     H    4       -0.000000        0.000000        0.000000
     H    4        0.000000        0.000000        0.000000
     H    4        0.000000        0.000000        0.000000

     C    5        0.017955       -0.134660       -0.173291
     C    5       -0.134660       -0.094021        0.052295
     C    5       -0.173291        0.052295        0.076066

     H    6       -0.000000        0.000000        0.000000
     H    6        0.000000        0.000000        0.000000
     H    6        0.000000        0.000000        0.000000

     H    7       -0.000000        0.000000        0.000000
     H    7        0.000000        0.000000        0.000000
     H    7        0.000000        0.000000        0.000000

     C    8       -0.091649       -0.091478       -0.097868
     C    8       -0.091478        0.024153        0.139061
     C    8       -0.097868        0.139061        0.067497

     H    9       -0.000000        0.000000        0.000000
     H    9        0.000000        0.000000        0.000000
     H    9        0.000000        0.000000        0.000000

     C   10       -0.055112       -0.093975       -0.073869
     C   10       -0.093975        0.025512        0.149264
     C   10       -0.073869        0.149264        0.029601

     C   11        0.016078       -0.029569       -0.151648
     C   11       -0.029569       -0.028383        0.124265
     C   11       -0.151648        0.124265        0.012304

     Cl  12        0.208927       -0.279497       -1.185061
     Cl  12       -0.279497        0.771007        1.690211
     Cl  12       -1.185061        1.690211       -0.979934

     H   13       -0.000000        0.000000        0.000000
     H   13        0.000000        0.000000        0.000000
     H   13        0.000000        0.000000        0.000000

     C   14       -0.117962        0.193623       -0.058965
     C   14        0.193623        0.218900       -0.014727
     C   14       -0.058965       -0.014727       -0.100938

     H   15       -0.000000        0.000000        0.000000
     H   15        0.000000        0.000000        0.000000
     H   15        0.000000        0.000000        0.000000

     C   16       -0.038448        0.183350       -0.071756
     C   16        0.183350        0.104346       -0.177772
     C   16       -0.071756       -0.177772       -0.065898

     C   17       -0.090240       -0.136731       -0.036667
     C   17       -0.136731        0.201532       -0.051228
     C   17       -0.036667       -0.051228       -0.111293

     Cl  18        1.161382       -1.969678        1.819553
     Cl  18       -1.969678       -1.258864        0.041339
     Cl  18        1.819553        0.041339        0.097482

     H   19       -0.000000        0.000000        0.000000
     H   19        0.000000        0.000000        0.000000
     H   19        0.000000        0.000000        0.000000

     C   20       -0.060791       -0.118339       -0.127292
     C   20       -0.118339       -0.017544        0.196725
     C   20       -0.127292        0.196725        0.078336

     H   21       -0.000000        0.000000        0.000000
     H   21        0.000000        0.000000        0.000000
     H   21        0.000000        0.000000        0.000000

     C   22       -0.139326       -0.138167       -0.096785
     C   22       -0.138167        0.158244        0.090592
     C   22       -0.096785        0.090592       -0.018919

     C   23        0.070133        0.046243       -0.057307
     C   23        0.046243        0.023215        0.103682
     C   23       -0.057307        0.103682       -0.093348

     Cl  24        0.660537        2.067566       -0.285357
     Cl  24        2.067566       -0.345190       -0.277975
     Cl  24       -0.285357       -0.277975       -0.315347

     ----- total EFG -----
     Cl   1       -1.153811       -0.860652       -0.638037
     Cl   1       -0.860652       -0.785860        1.559966
     Cl   1       -0.638037        1.559966        1.939671

     C    2        0.053281       -0.394356        0.117265
     C    2       -0.394356       -0.208695        0.159310
     C    2        0.117265        0.159310        0.155414

     C    3       -0.331540        0.019063       -0.202537
     C    3        0.019063        0.126419        0.438244
     C    3       -0.202537        0.438244        0.205120

     H    4        0.392760        0.086543        0.636576
     H    4        0.086543       -0.101883        0.027477
     H    4        0.636576        0.027477       -0.290877

     C    5        0.110445       -0.613965       -0.266714
     C    5       -0.613965       -0.306327       -0.000064
     C    5       -0.266714       -0.000064        0.195882

     H    6       -0.306985        0.045453        0.281785
     H    6        0.045453        0.490608        0.330740
     H    6        0.281785        0.330740       -0.183623

     H    7       -0.104779       -0.090181        0.027283
     H    7       -0.090181        0.321268       -0.071862
     H    7        0.027283       -0.071862       -0.216489

     C    8       -0.309687       -0.215975       -0.216560
     C    8       -0.215975        0.236136        0.302074
     C    8       -0.216560        0.302074        0.073551

     H    9        0.425198       -0.187646        0.203279
     H    9       -0.187646       -0.296718       -0.274577
     H    9        0.203279       -0.274577       -0.128480

     C   10       -0.019571       -0.257425       -0.073274
     C   10       -0.257425        0.088576        0.421637
     C   10       -0.073274        0.421637       -0.069005

     C   11        0.085937       -0.037574       -0.228559
     C   11       -0.037574        0.130134        0.096337
     C   11       -0.228559        0.096337       -0.216071

     Cl  12        0.301818       -0.122585       -1.168248
     Cl  12       -0.122585        0.765613        1.657282
     Cl  12       -1.168248        1.657282       -1.067430

     H   13       -0.581339       -0.234366        0.143682
     H   13       -0.234366        0.586210        0.198760
     H   13        0.143682        0.198760       -0.004871

     C   14       -0.548682        0.274998       -0.188218
     C   14        0.274998        0.611551        0.120740
     C   14       -0.188218        0.120740       -0.062869

     H   15        0.413299        0.105897        0.355600
     H   15        0.105897       -0.130356        0.454877
     H   15        0.355600        0.454877       -0.282943

     C   16        0.164264        0.268705       -0.020128
     C   16        0.268705       -0.032095       -0.427985
     C   16       -0.020128       -0.427985       -0.132168

     C   17       -0.459959       -0.099505       -0.008298
     C   17       -0.099505        0.315377       -0.006276
     C   17       -0.008298       -0.006276        0.144582

     Cl  18        1.308083       -2.199106        1.929285
     Cl  18       -2.199106       -1.375316        0.068797
     Cl  18        1.929285        0.068797        0.067233

     H   19       -0.072075        0.160695        0.109170
     H   19        0.160695        0.309957       -0.636828
     H   19        0.109170       -0.636828       -0.237882

     C   20       -0.051814       -0.157479       -0.026885
     C   20       -0.157479        0.000592        0.376243
     C   20       -0.026885        0.376243        0.051221

     H   21        0.186860        0.020089        0.310549
     H   21        0.020089       -0.335190        0.101710
     H   21        0.310549        0.101710        0.148330

     C   22       -0.491581       -0.253235       -0.119846
     C   22       -0.253235        0.469275        0.168895
     C   22       -0.119846        0.168895        0.022306

     C   23        0.148949        0.099757       -0.023506
     C   23        0.099757        0.057040        0.357845
     C   23       -0.023506        0.357845       -0.205989

     Cl  24        0.663701        2.233275       -0.289368
     Cl  24        2.233275       -0.347879       -0.285777
     Cl  24       -0.289368       -0.285777       -0.315822

     ----- total EFG (symmetrized) -----
     Cl   1       -1.153811       -0.860652       -0.638037
     Cl   1       -0.860652       -0.785860        1.559966
     Cl   1       -0.638037        1.559966        1.939671

     C    2        0.053281       -0.394356        0.117265
     C    2       -0.394356       -0.208695        0.159310
     C    2        0.117265        0.159310        0.155414

     C    3       -0.331540        0.019063       -0.202537
     C    3        0.019063        0.126419        0.438244
     C    3       -0.202537        0.438244        0.205120

     H    4        0.392760        0.086543        0.636576
     H    4        0.086543       -0.101883        0.027477
     H    4        0.636576        0.027477       -0.290877

     C    5        0.110445       -0.613965       -0.266714
     C    5       -0.613965       -0.306327       -0.000064
     C    5       -0.266714       -0.000064        0.195882

     H    6       -0.306985        0.045453        0.281785
     H    6        0.045453        0.490608        0.330740
     H    6        0.281785        0.330740       -0.183623

     H    7       -0.104779       -0.090181        0.027283
     H    7       -0.090181        0.321268       -0.071862
     H    7        0.027283       -0.071862       -0.216489

     C    8       -0.309687       -0.215975       -0.216560
     C    8       -0.215975        0.236136        0.302074
     C    8       -0.216560        0.302074        0.073551

     H    9        0.425198       -0.187646        0.203279
     H    9       -0.187646       -0.296718       -0.274577
     H    9        0.203279       -0.274577       -0.128480

     C   10       -0.019571       -0.257425       -0.073274
     C   10       -0.257425        0.088576        0.421637
     C   10       -0.073274        0.421637       -0.069005

     C   11        0.085937       -0.037574       -0.228559
     C   11       -0.037574        0.130134        0.096337
     C   11       -0.228559        0.096337       -0.216071

     Cl  12        0.301818       -0.122585       -1.168248
     Cl  12       -0.122585        0.765613        1.657282
     Cl  12       -1.168248        1.657282       -1.067430

     H   13       -0.581339       -0.234366        0.143682
     H   13       -0.234366        0.586210        0.198760
     H   13        0.143682        0.198760       -0.004871

     C   14       -0.548682        0.274998       -0.188218
     C   14        0.274998        0.611551        0.120740
     C   14       -0.188218        0.120740       -0.062869

     H   15        0.413299        0.105897        0.355600
     H   15        0.105897       -0.130356        0.454877
     H   15        0.355600        0.454877       -0.282943

     C   16        0.164264        0.268705       -0.020128
     C   16        0.268705       -0.032095       -0.427985
     C   16       -0.020128       -0.427985       -0.132168

     C   17       -0.459959       -0.099505       -0.008298
     C   17       -0.099505        0.315377       -0.006276
     C   17       -0.008298       -0.006276        0.144582

     Cl  18        1.308083       -2.199106        1.929285
     Cl  18       -2.199106       -1.375316        0.068797
     Cl  18        1.929285        0.068797        0.067233

     H   19       -0.072075        0.160695        0.109170
     H   19        0.160695        0.309957       -0.636828
     H   19        0.109170       -0.636828       -0.237882

     C   20       -0.051814       -0.157479       -0.026885
     C   20       -0.157479        0.000592        0.376243
     C   20       -0.026885        0.376243        0.051221

     H   21        0.186860        0.020089        0.310549
     H   21        0.020089       -0.335190        0.101710
     H   21        0.310549        0.101710        0.148330

     C   22       -0.491581       -0.253235       -0.119846
     C   22       -0.253235        0.469275        0.168895
     C   22       -0.119846        0.168895        0.022306

     C   23        0.148949        0.099757       -0.023506
     C   23        0.099757        0.057040        0.357845
     C   23       -0.023506        0.357845       -0.205989

     Cl  24        0.663701        2.233275       -0.289368
     Cl  24        2.233275       -0.347879       -0.285777
     Cl  24       -0.289368       -0.285777       -0.315822


     NQR/NMR SPECTROSCOPIC PARAMETERS:
     Cl   1    Vxx=   -0.9251    axis=( -0.725128  0.523966 -0.446821)
     Cl   1    Vyy=   -1.9448    axis=(  0.649053  0.736817 -0.189291)
     Cl   1    Vzz=    2.8698    axis=( -0.230043  0.427271  0.874368)
     Cl   1  Q=        -8.1650 1e-30 m^2  Cq=       -55.0563 MHz  eta= 0.35531

     C    2    Vxx=    0.2109    axis=(  0.146685  0.227603  0.962642)
     C    2    Vyy=    0.3379    axis=( -0.812779  0.582407 -0.013852)
     C    2    Vzz=   -0.5488    axis=( -0.563803 -0.780384  0.270421)
     C    2  Q=         1.0000 1e-30 m^2  Cq=        -1.2895 MHz  eta= 0.23125

     C    3    Vxx=   -0.1589    axis=(  0.604066  0.655577 -0.453125)
     C    3    Vyy=   -0.4669    axis=( -0.783636  0.385189 -0.487385)
     C    3    Vzz=    0.6258    axis=( -0.144980  0.649498  0.746414)
     C    3  Q=         1.0000 1e-30 m^2  Cq=         1.4704 MHz  eta= 0.49210

     H    4    Vxx=   -0.1100    axis=(  0.066432 -0.994356  0.082722)
     H    4    Vyy=   -0.6724    axis=(  0.514868 -0.036854 -0.856477)
     H    4    Vzz=    0.7823    axis=(  0.854691  0.099488  0.509514)
     H    4  Q=         1.0000 1e-30 m^2  Cq=         1.8381 MHz  eta= 0.71891

     C    5    Vxx=    0.1158    axis=(  0.265367 -0.386100  0.883463)
     C    5    Vyy=    0.6564    axis=(  0.757671 -0.483160 -0.438738)
     C    5    Vzz=   -0.7722    axis=(  0.596251  0.785801  0.164322)
     C    5  Q=         1.0000 1e-30 m^2  Cq=        -1.8144 MHz  eta= 0.70009

     H    6    Vxx=   -0.0846    axis=(  0.685782 -0.402761  0.606207)
     H    6    Vyy=   -0.5658    axis=(  0.709201  0.182667 -0.680931)
     H    6    Vzz=    0.6504    axis=(  0.163519  0.896893  0.410908)
     H    6  Q=         1.0000 1e-30 m^2  Cq=         1.5282 MHz  eta= 0.73989

     H    7    Vxx=   -0.1216    axis=(  0.969556  0.216099  0.115162)
     H    7    Vyy=   -0.2281    axis=(  0.140489 -0.105710 -0.984423)
     H    7    Vzz=    0.3497    axis=( -0.200559  0.970632 -0.132851)
     H    7  Q=         1.0000 1e-30 m^2  Cq=         0.8217 MHz  eta= 0.30440

     C    8    Vxx=   -0.1526    axis=( -0.131242 -0.652715  0.746149)
     C    8    Vyy=   -0.4195    axis=( -0.936288 -0.165739 -0.309671)
     C    8    Vzz=    0.5721    axis=(  0.325793 -0.739252 -0.589377)
     C    8  Q=         1.0000 1e-30 m^2  Cq=         1.3443 MHz  eta= 0.46656

     H    9    Vxx=   -0.0758    axis=( -0.479388 -0.494150  0.725260)
     H    9    Vyy=   -0.5009    axis=(  0.037724  0.814044  0.579577)
     H    9    Vzz=    0.5767    axis=(  0.876792 -0.305202  0.371602)
     H    9  Q=         1.0000 1e-30 m^2  Cq=         1.3549 MHz  eta= 0.73724

     C   10    Vxx=   -0.0956    axis=(  0.869862  0.120947  0.478239)
     C   10    Vyy=   -0.4512    axis=( -0.283597 -0.670637  0.685434)
     C   10    Vzz=    0.5469    axis=( -0.403626  0.731860  0.549061)
     C   10  Q=         1.0000 1e-30 m^2  Cq=         1.2849 MHz  eta= 0.65020

     C   11    Vxx=    0.0890    axis=(  0.540744  0.828874 -0.143401)
     C   11    Vyy=    0.2597    axis=( -0.709969  0.541142  0.450677)
     C   11    Vzz=   -0.3486    axis=(  0.451155 -0.141890  0.881094)
     C   11  Q=         1.0000 1e-30 m^2  Cq=        -0.8191 MHz  eta= 0.48967

     Cl  12    Vxx=    0.3309    axis=(  0.844254  0.530428 -0.076683)
     Cl  12    Vyy=    2.0600    axis=(  0.411234 -0.732893 -0.541991)
     Cl  12    Vzz=   -2.3909    axis=( -0.343688  0.426043 -0.836879)
     Cl  12  Q=        -8.1650 1e-30 m^2  Cq=        45.8683 MHz  eta= 0.72319

     H   13    Vxx=    0.0013    axis=(  0.307538 -0.193371  0.931680)
     H   13    Vyy=    0.6745    axis=( -0.150193  0.956994  0.248203)
     H   13    Vzz=   -0.6758    axis=( -0.939608 -0.216264  0.265269)
     H   13  Q=         1.0000 1e-30 m^2  Cq=        -1.5880 MHz  eta= 0.99614

     C   14    Vxx=    0.0007    axis=( -0.338823 -0.033316  0.940260)
     C   14    Vyy=    0.6817    axis=( -0.201256 -0.973675 -0.107022)
     C   14    Vzz=   -0.6823    axis=(  0.919073 -0.225495  0.323199)
     C   14  Q=         1.0000 1e-30 m^2  Cq=        -1.6032 MHz  eta= 0.99802

     H   15    Vxx=    0.0343    axis=(  0.570680 -0.720658 -0.393671)
     H   15    Vyy=    0.6740    axis=( -0.797784 -0.372959 -0.473753)
     H   15    Vzz=   -0.7082    axis=(  0.194591  0.584426 -0.787770)
     H   15  Q=         1.0000 1e-30 m^2  Cq=        -1.6641 MHz  eta= 0.90323

     C   16    Vxx=    0.0552    axis=(  0.786930 -0.278144  0.550796)
     C   16    Vyy=    0.4980    axis=( -0.569313 -0.671526  0.474274)
     C   16    Vzz=   -0.5532    axis=(  0.237958 -0.686796 -0.686795)
     C   16  Q=         1.0000 1e-30 m^2  Cq=        -1.2998 MHz  eta= 0.80043

     C   17    Vxx=    0.1446    axis=(  0.018035 -0.026220 -0.999494)
     C   17    Vyy=    0.3281    axis=(  0.124930 -0.991763  0.028271)
     C   17    Vzz=   -0.4727    axis=(  0.992002  0.125376  0.014610)
     C   17  Q=         1.0000 1e-30 m^2  Cq=        -1.1106 MHz  eta= 0.38828

     Cl  18    Vxx=   -0.4000    axis=( -0.215812  0.543835  0.810967)
     Cl  18    Vyy=   -3.0010    axis=(  0.547053  0.755294 -0.360921)
     Cl  18    Vzz=    3.4010    axis=( -0.808800  0.365751 -0.460509)
     Cl  18  Q=        -8.1650 1e-30 m^2  Cq=       -65.2471 MHz  eta= 0.76475

     H   19    Vxx=   -0.0281    axis=(  0.957366  0.071954  0.279774)
     H   19    Vyy=   -0.7082    axis=( -0.273144  0.540744  0.795606)
     H   19    Vzz=    0.7363    axis=( -0.094039 -0.838104  0.537343)
     H   19  Q=         1.0000 1e-30 m^2  Cq=         1.7300 MHz  eta= 0.92369

     C   20    Vxx=   -0.0555    axis=( -0.919082  0.045353 -0.391447)
     C   20    Vyy=   -0.3814    axis=( -0.298233 -0.729345  0.615722)
     C   20    Vzz=    0.4369    axis=( -0.257575  0.682641  0.683854)
     C   20  Q=         1.0000 1e-30 m^2  Cq=         1.0266 MHz  eta= 0.74598

     H   21    Vxx=   -0.1270    axis=( -0.686819  0.264461  0.677008)
     H   21    Vyy=   -0.3605    axis=(  0.112555  0.958918 -0.260398)
     H   21    Vzz=    0.4874    axis=( -0.718061 -0.102646 -0.688369)
     H   21  Q=         1.0000 1e-30 m^2  Cq=         1.1453 MHz  eta= 0.47896

     C   22    Vxx=   -0.0325    axis=( -0.055286 -0.343470  0.937535)
     C   22    Vyy=   -0.5646    axis=( -0.967200 -0.214731 -0.135704)
     C   22    Vzz=    0.5971    axis=(  0.247928 -0.914286 -0.320332)
     C   22  Q=         1.0000 1e-30 m^2  Cq=         1.4030 MHz  eta= 0.89114

     C   23    Vxx=    0.1321    axis=(  0.924483 -0.227970 -0.305549)
     C   23    Vyy=    0.3332    axis=(  0.360295  0.784397  0.504885)
     C   23    Vzz=   -0.4653    axis=(  0.124573 -0.576845  0.807299)
     C   23  Q=         1.0000 1e-30 m^2  Cq=        -1.0933 MHz  eta= 0.43212

     Cl  24    Vxx=   -0.3728    axis=(  0.125852  0.069813  0.989589)
     Cl  24    Vyy=   -2.1329    axis=( -0.622313  0.782402  0.023947)
     Cl  24    Vzz=    2.5057    axis=( -0.772585 -0.618848  0.141913)
     Cl  24  Q=        -8.1650 1e-30 m^2  Cq=       -48.0712 MHz  eta= 0.70246

     Initialization:
     gipaw_setup  :      9.17s CPU     10.91s WALL (       1 calls)

     Linear response

     Apply operators

     Induced current

     Other routines
     efg          :      9.78s CPU     13.95s WALL (       1 calls)

     General routines
     calbec       :      3.64s CPU      5.81s WALL (      16 calls)
     fft          :      1.29s CPU      1.53s WALL (      15 calls)
     ffts         :      0.05s CPU      0.06s WALL (       2 calls)
     fftw         :      3.26s CPU      4.00s WALL (     672 calls)
     davcio       :      0.03s CPU      0.32s WALL (      32 calls)

     Parallel routines
     fft_scatter  :      2.00s CPU      2.78s WALL (     689 calls)

     Plugins

     GIPAW        :     62.40s CPU     73.49s WALL (       1 calls)
