
     Program QE v.6.0 (svn rev. 13079) starts on 18Jan2017 at 22:17:30 

     This program is part of the open-source Quantum ESPRESSO suite
     for quantum simulation of materials; please cite
         "P. Giannozzi et al., J. Phys.:Condens. Matter 21 395502 (2009);
          URL http://www.quantum-espresso.org", 
     in publications or presentations arising from this work. More details at
     http://www.quantum-espresso.org/quote

     Parallel version (MPI), running on     8 processors
     R & G space division:  proc/nbgrp/npool/nimage =       8

     ***** This is GIPAW svn revision unknown      *****

     Parallelizing q-star over 1 images

     Reading data from directory:
     /users/majewski/paradichlorobenzene/pbe/9_constraint/scratch/pbe.ecut100.np8.dt60.pcl2phi-129368.save
     Message from routine read_xml_file:
     file /users/majewski/paradichlorobenzene/pbe/9_constraint/scratch/pbe.ecut100.np8.dt60.pcl2phi-129368.save not guaranteed to be safe for post-processing

   Info: using nr1, nr2, nr3 values from input

   Info: using nr1, nr2, nr3 values from input

     IMPORTANT: XC functional enforced from input :
     Exchange-correlation      =  SLA  PW   PBX  PBC ( 1  4  3  4 0 0)
     Any further DFT definition will be discarded
     Please, verify this is what you really want

               file C.pbe-n-kjpaw_psl.1.0.0.UPF: wavefunction(s)  2S 2P renormalized
               file Cl.pbe-n-kjpaw_psl.1.0.0.UPF: wavefunction(s)  3S 3P renormalized
               file H.pbe-kjpaw_psl.1.0.0.UPF: wavefunction(s)  1S renormalized

     Parallelization info
     --------------------
     sticks:   dense  smooth     PW     G-vecs:    dense   smooth      PW
     Min        3057    1223    332               144436    36536    5170
     Max        3059    1225    333               144437    36537    5171
     Sum       24467    9791   2657              1155489   292295   41363


     Subspace diagonalization in iterative solution of the eigenvalue problem:
     a serial algorithm will be used

     GIPAW projectors -----------------------------------------------
     atom=  C    l=0  rc=    1.2000  rs=    0.8000
     atom=  C    l=0  rc=    1.2000  rs=    0.8000
     atom=  C    l=1  rc=    1.4000  rs=    0.9333
     atom=  C    l=1  rc=    1.4000  rs=    0.9333
     projs nearly linearly dependent: l=1  n1,n2= 1, 2  s=  0.99951561

     atom=  Cl   l=0  rc=    1.6000  rs=    1.0667
     atom=  Cl   l=0  rc=    1.6000  rs=    1.0667
     atom=  Cl   l=1  rc=    1.6000  rs=    1.0667
     atom=  Cl   l=1  rc=    1.6000  rs=    1.0667
     atom=  Cl   l=2  rc=    1.6000  rs=    1.0667
     atom=  Cl   l=2  rc=    1.6000  rs=    1.0667
     projs nearly linearly dependent: l=2  n1,n2= 1, 2  s=  0.99993509

     atom=  H    l=0  rc=    1.0000  rs=    0.6667
     atom=  H    l=0  rc=    1.0000  rs=    0.6667
     projs nearly linearly dependent: l=0  n1,n2= 1, 2  s=  0.99968852
     -----------------------------------------------------------------

     GIPAW integrals: -------------------------------------------
     Atom  i/j   nmr_para   nmr_dia   epr_rmc  epr_para   epr_dia
       C   1 1   0.83E+03  0.17E-01  0.93E+01  0.24E+08  0.24E+03
       C   2 1   0.86E+03 -0.61E-01  0.94E+01  0.25E+08  0.25E+03
       C   2 2   0.90E+03 -0.15E+00  0.97E+01  0.26E+08  0.26E+03
       C   3 3   0.33E+01  0.34E+00  0.18E+01  0.55E+03  0.21E+02
       C   4 3   0.35E+01  0.37E+00  0.20E+01  0.59E+03  0.22E+02
       C   4 4   0.38E+01  0.39E+00  0.22E+01  0.63E+03  0.24E+02
       Cl  1 1   0.14E+04 -0.47E+00  0.84E+01  0.32E+09  0.42E+03
       Cl  2 1   0.21E+04 -0.37E+00  0.12E+02  0.49E+09  0.65E+03
       Cl  2 2   0.33E+04 -0.16E+00  0.21E+02  0.76E+09  0.10E+04
       Cl  3 3   0.21E+02  0.79E-01  0.89E+01  0.23E+05  0.13E+03
       Cl  4 3   0.24E+02  0.67E-01  0.99E+01  0.27E+05  0.15E+03
       Cl  4 4   0.28E+02  0.44E-01  0.11E+02  0.32E+05  0.18E+03
       Cl  5 5   0.77E+00  0.19E+00  0.18E+01  0.12E+03  0.22E+02
       Cl  6 5   0.80E+00  0.19E+00  0.19E+01  0.12E+03  0.23E+02
       Cl  6 6   0.83E+00  0.20E+00  0.19E+01  0.12E+03  0.23E+02
       H   1 1   0.39E+02  0.19E+00  0.29E+00  0.78E+05  0.13E+02
       H   2 1   0.41E+02  0.21E+00  0.32E+00  0.82E+05  0.14E+02
       H   2 2   0.43E+02  0.22E+00  0.36E+00  0.86E+05  0.15E+02
     ------------------------------------------------------------

     alpha_pv=     33.9237 eV

     Number of occupied bands for each k-point:
     k-point:     1    nbnd_occ=  42
     k-point:     2    nbnd_occ=  42
     k-point:     3    nbnd_occ=  42
     k-point:     4    nbnd_occ=  42
     k-point:     5    nbnd_occ=  42
     k-point:     6    nbnd_occ=  42
     k-point:     7    nbnd_occ=  42
     k-point:     8    nbnd_occ=  42
     k-point:     9    nbnd_occ=  42
     k-point:    10    nbnd_occ=  42
     k-point:    11    nbnd_occ=  42
     k-point:    12    nbnd_occ=  42
     k-point:    13    nbnd_occ=  42
     k-point:    14    nbnd_occ=  42
     k-point:    15    nbnd_occ=  42
     k-point:    16    nbnd_occ=  42


     q-space interpolation up to   110.00 Rydberg

     GIPAW job: efg                                                                             


     ELECTRIC FIELD GRADIENTS TENSORS IN Hartree/bohrradius^2:

     ----- bare term -----
     Cl   1       -0.065928        0.097090       -0.038324
     Cl   1        0.097090       -0.016356       -0.018831
     Cl   1       -0.038324       -0.018831        0.082284

     C    2       -0.153254        0.142758       -0.365741
     C    2        0.142758       -0.293157       -0.459628
     C    2       -0.365741       -0.459628        0.446411

     C    3       -0.248366        0.288056       -0.297587
     C    3        0.288056       -0.190653       -0.503599
     C    3       -0.297587       -0.503599        0.439018

     H    4       -0.042579       -0.136902       -0.462569
     H    4       -0.136902        0.459802       -0.081266
     H    4       -0.462569       -0.081266       -0.417223

     C    5       -0.271293        0.147497       -0.420087
     C    5        0.147497       -0.153227       -0.424043
     C    5       -0.420087       -0.424043        0.424519

     H    6        0.334477        0.055414        0.156751
     H    6        0.055414       -0.220611       -0.555107
     H    6        0.156751       -0.555107       -0.113866

     H    7        0.495695        0.043317       -0.070232
     H    7        0.043317       -0.025923        0.479452
     H    7       -0.070232        0.479452       -0.469772

     C    8       -0.217712       -0.122023       -0.332571
     C    8       -0.122023       -0.231160        0.382144
     C    8       -0.332571        0.382144        0.448872

     H    9       -0.231071        0.071215       -0.566343
     H    9        0.071215        0.310996        0.007397
     H    9       -0.566343        0.007397       -0.079924

     C   10       -0.260092       -0.343820       -0.333473
     C   10       -0.343820       -0.210880        0.401087
     C   10       -0.333473        0.401087        0.470973

     C   11        0.029447        0.244044       -0.509865
     C   11        0.244044       -0.179281        0.570198
     C   11       -0.509865        0.570198        0.149834

     Cl  12        0.001710       -0.147882        0.047892
     Cl  12       -0.147882       -0.038555       -0.024631
     Cl  12        0.047892       -0.024631        0.036845

     H   13        0.488983       -0.124989       -0.015183
     H   13       -0.124989       -0.694016        0.177767
     H   13       -0.015183        0.177767        0.205033

     C   14       -0.363316        0.097205       -0.289483
     C   14        0.097205       -0.082951       -0.331041
     C   14       -0.289483       -0.331041        0.446267

     H   15       -0.579462       -0.212353       -0.212855
     H   15       -0.212353        0.376785       -0.186499
     H   15       -0.212855       -0.186499        0.202678

     C   16       -0.305371        0.331462       -0.140597
     C   16        0.331462       -0.230464       -0.540869
     C   16       -0.140597       -0.540869        0.535835

     C   17       -0.252157        0.119643       -0.352717
     C   17        0.119643       -0.106507       -0.466341
     C   17       -0.352717       -0.466341        0.358664

     Cl  18       -0.139106        0.056080       -0.074136
     Cl  18        0.056080       -0.101527       -0.064055
     Cl  18       -0.074136       -0.064055        0.240633

     H   19        0.273918        0.000942       -0.231593
     H   19        0.000942       -0.340493        0.500630
     H   19       -0.231593        0.500630        0.066575

     C   20       -0.628618       -0.311550       -0.299839
     C   20       -0.311550        0.221767        0.207870
     C   20       -0.299839        0.207870        0.406851

     H   21       -0.627879        0.139706       -0.060842
     H   21        0.139706        0.412962        0.207527
     H   21       -0.060842        0.207527        0.214917

     C   22        0.002105        0.069867       -0.307304
     C   22        0.069867       -0.212206        0.521008
     C   22       -0.307304        0.521008        0.210100

     C   23       -0.667529       -0.271780       -0.376252
     C   23       -0.271780        0.209630        0.102682
     C   23       -0.376252        0.102682        0.457899

     Cl  24       -0.092223        0.000194        0.049142
     Cl  24        0.000194       -0.022442       -0.151266
     Cl  24        0.049142       -0.151266        0.114664

     ----- ionic term -----
     Cl   1        0.126917       -0.226602        0.035569
     Cl   1       -0.226602        0.035494       -0.009656
     Cl   1        0.035569       -0.009656       -0.162412

     C    2        0.153428       -0.170191        0.292842
     C    2       -0.170191        0.239666        0.382891
     C    2        0.292842        0.382891       -0.393094

     C    3        0.062736       -0.189014        0.231987
     C    3       -0.189014        0.274520        0.370951
     C    3        0.231987        0.370951       -0.337255

     H    4        0.492041        0.322599        0.727331
     H    4        0.322599       -0.384047        0.280269
     H    4        0.727331        0.280269       -0.107994

     C    5        0.204937       -0.165773        0.316655
     C    5       -0.165773        0.085291        0.277849
     C    5        0.316655        0.277849       -0.290227

     H    6       -0.534969        0.030852        0.020168
     H    6        0.030852        0.636048        0.696467
     H    6        0.020168        0.696467       -0.101079

     H    7       -0.518122       -0.108923        0.116229
     H    7       -0.108923        0.400689       -0.802822
     H    7        0.116229       -0.802822        0.117432

     C    8        0.253079        0.190283        0.340492
     C    8        0.190283        0.004556       -0.290003
     C    8        0.340492       -0.290003       -0.257635

     H    9        0.736197       -0.242442        0.652502
     H    9       -0.242442       -0.490531       -0.193622
     H    9        0.652502       -0.193622       -0.245666

     C   10        0.105047        0.238896        0.223798
     C   10        0.238896        0.113447       -0.381601
     C   10        0.223798       -0.381601       -0.218494

     C   11        0.171517        0.164207        0.316611
     C   11        0.164207       -0.001775       -0.442941
     C   11        0.316611       -0.442941       -0.169742

     Cl  12        0.096761        0.186463       -0.007201
     Cl  12        0.186463        0.022503       -0.014883
     Cl  12       -0.007201       -0.014883       -0.119264

     H   13       -0.488413        0.045773        0.024440
     H   13        0.045773        0.809354        0.575438
     H   13        0.024440        0.575438       -0.320941

     C   14        0.267205       -0.192291        0.303851
     C   14       -0.192291        0.152746        0.241657
     C   14        0.303851        0.241657       -0.419950

     H   15        0.663367        0.153341        0.688432
     H   15        0.153341       -0.432630        0.156534
     H   15        0.688432        0.156534       -0.230737

     C   16        0.165383       -0.299653        0.243061
     C   16       -0.299653        0.253288        0.255285
     C   16        0.243061        0.255285       -0.418672

     C   17        0.153308       -0.175353        0.389878
     C   17       -0.175353        0.184381        0.257169
     C   17        0.389878        0.257169       -0.337689

     Cl  18        0.118591       -0.196577        0.082951
     Cl  18       -0.196577        0.034451       -0.051291
     Cl  18        0.082951       -0.051291       -0.153042

     H   19       -0.512760       -0.123709        0.099800
     H   19       -0.123709        0.576849       -0.753260
     H   19        0.099800       -0.753260       -0.064089

     C   20        0.291133        0.202041        0.298996
     C   20        0.202041       -0.018848       -0.326901
     C   20        0.298996       -0.326901       -0.272286

     H   21        0.686589       -0.459925        0.510887
     H   21       -0.459925       -0.343627       -0.257756
     H   21        0.510887       -0.257756       -0.342962

     C   22        0.147651        0.181888        0.140500
     C   22        0.181888        0.181238       -0.429040
     C   22        0.140500       -0.429040       -0.328889

     C   23        0.221646        0.206917        0.280176
     C   23        0.206917        0.077106       -0.417847
     C   23        0.280176       -0.417847       -0.298752

     Cl  24        0.132228        0.231055       -0.022064
     Cl  24        0.231055        0.025713       -0.021079
     Cl  24       -0.022064       -0.021079       -0.157941

     ----- GIPAW term -----
     Cl   1       -0.079547       -0.207281       -1.512293
     Cl   1       -0.207281       -0.254643       -1.825572
     Cl   1       -1.512293       -1.825572        0.334189

     C    2       -0.078040       -0.028340       -0.117868
     C    2       -0.028340       -0.100927       -0.179103
     C    2       -0.117868       -0.179103        0.178967

     C    3       -0.132239        0.059209       -0.124772
     C    3        0.059209       -0.057968       -0.174394
     C    3       -0.124772       -0.174394        0.190207

     H    4       -0.000000        0.000000        0.000000
     H    4        0.000000        0.000000        0.000000
     H    4        0.000000        0.000000        0.000000

     C    5       -0.028599        0.017472       -0.143856
     C    5        0.017472       -0.112909       -0.092561
     C    5       -0.143856       -0.092561        0.141508

     H    6       -0.000000        0.000000        0.000000
     H    6        0.000000        0.000000        0.000000
     H    6        0.000000        0.000000        0.000000

     H    7       -0.000000        0.000000        0.000000
     H    7        0.000000        0.000000        0.000000
     H    7        0.000000        0.000000        0.000000

     C    8       -0.056215        0.012426       -0.089634
     C    8        0.012426       -0.098204        0.005202
     C    8       -0.089634        0.005202        0.154419

     H    9       -0.000000        0.000000        0.000000
     H    9        0.000000        0.000000        0.000000
     H    9        0.000000        0.000000        0.000000

     C   10       -0.113294       -0.069003       -0.170382
     C   10       -0.069003       -0.100889        0.120960
     C   10       -0.170382        0.120960        0.214183

     C   11        0.157440        0.226203       -0.133051
     C   11        0.226203       -0.051977        0.066909
     C   11       -0.133051        0.066909       -0.105463

     Cl  12        1.649358        1.375338        0.379318
     Cl  12        1.375338       -0.167858       -0.207105
     Cl  12        0.379318       -0.207105       -1.481500

     H   13       -0.000000        0.000000        0.000000
     H   13        0.000000        0.000000        0.000000
     H   13        0.000000        0.000000        0.000000

     C   14       -0.125613        0.038231       -0.077805
     C   14        0.038231       -0.035803       -0.185700
     C   14       -0.077805       -0.185700        0.161417

     H   15       -0.000000        0.000000        0.000000
     H   15        0.000000        0.000000        0.000000
     H   15        0.000000        0.000000        0.000000

     C   16       -0.151956        0.054604       -0.042521
     C   16        0.054604       -0.027512       -0.205224
     C   16       -0.042521       -0.205224        0.179468

     C   17        0.034584       -0.114155       -0.091474
     C   17       -0.114155       -0.026303       -0.065172
     C   17       -0.091474       -0.065172       -0.008280

     Cl  18       -0.494468       -1.509478       -0.678582
     Cl  18       -1.509478       -1.184853       -1.008995
     Cl  18       -0.678582       -1.008995        1.679321

     H   19       -0.000000        0.000000        0.000000
     H   19        0.000000        0.000000        0.000000
     H   19        0.000000        0.000000        0.000000

     C   20       -0.125124        0.072555       -0.037792
     C   20        0.072555        0.167730       -0.003478
     C   20       -0.037792       -0.003478       -0.042606

     H   21       -0.000000        0.000000        0.000000
     H   21        0.000000        0.000000        0.000000
     H   21        0.000000        0.000000        0.000000

     C   22       -0.073294        0.145876       -0.100526
     C   22        0.145876        0.123619       -0.057380
     C   22       -0.100526       -0.057380       -0.050325

     C   23       -0.153426        0.075987       -0.073168
     C   23        0.075987        0.141781       -0.157250
     C   23       -0.073168       -0.157250        0.011645

     Cl  24       -0.038429        1.750628        0.341188
     Cl  24        1.750628       -0.066863       -1.773684
     Cl  24        0.341188       -1.773684        0.105292

     ----- total EFG -----
     Cl   1       -0.018557       -0.336793       -1.515048
     Cl   1       -0.336793       -0.235504       -1.854059
     Cl   1       -1.515048       -1.854059        0.254062

     C    2       -0.077866       -0.055773       -0.190767
     C    2       -0.055773       -0.154418       -0.255840
     C    2       -0.190767       -0.255840        0.232284

     C    3       -0.317869        0.158251       -0.190372
     C    3        0.158251        0.025899       -0.307042
     C    3       -0.190372       -0.307042        0.291970

     H    4        0.449462        0.185697        0.264762
     H    4        0.185697        0.075755        0.199003
     H    4        0.264762        0.199003       -0.525217

     C    5       -0.094954       -0.000804       -0.247287
     C    5       -0.000804       -0.180846       -0.238756
     C    5       -0.247287       -0.238756        0.275800

     H    6       -0.200492        0.086266        0.176918
     H    6        0.086266        0.415437        0.141361
     H    6        0.176918        0.141361       -0.214944

     H    7       -0.022427       -0.065606        0.045997
     H    7       -0.065606        0.374766       -0.323370
     H    7        0.045997       -0.323370       -0.352339

     C    8       -0.020848        0.080685       -0.081712
     C    8        0.080685       -0.324808        0.097343
     C    8       -0.081712        0.097343        0.345655

     H    9        0.505126       -0.171226        0.086158
     H    9       -0.171226       -0.179535       -0.186225
     H    9        0.086158       -0.186225       -0.325590

     C   10       -0.268340       -0.173926       -0.280057
     C   10       -0.173926       -0.198323        0.140446
     C   10       -0.280057        0.140446        0.466663

     C   11        0.358404        0.634454       -0.326306
     C   11        0.634454       -0.233033        0.194166
     C   11       -0.326306        0.194166       -0.125371

     Cl  12        1.747829        1.413919        0.420010
     Cl  12        1.413919       -0.183909       -0.246619
     Cl  12        0.420010       -0.246619       -1.563919

     H   13        0.000570       -0.079216        0.009257
     H   13       -0.079216        0.115338        0.753205
     H   13        0.009257        0.753205       -0.115908

     C   14       -0.221725       -0.056855       -0.063437
     C   14       -0.056855        0.033992       -0.275084
     C   14       -0.063437       -0.275084        0.187733

     H   15        0.083905       -0.059012        0.475577
     H   15       -0.059012       -0.055845       -0.029966
     H   15        0.475577       -0.029966       -0.028059

     C   16       -0.291943        0.086413        0.059942
     C   16        0.086413       -0.004688       -0.490809
     C   16        0.059942       -0.490809        0.296632

     C   17       -0.064265       -0.169866       -0.054313
     C   17       -0.169866        0.051570       -0.274344
     C   17       -0.054313       -0.274344        0.012695

     Cl  18       -0.514983       -1.649975       -0.669767
     Cl  18       -1.649975       -1.251929       -1.124341
     Cl  18       -0.669767       -1.124341        1.766912

     H   19       -0.238842       -0.122767       -0.131793
     H   19       -0.122767        0.236357       -0.252629
     H   19       -0.131793       -0.252629        0.002486

     C   20       -0.462609       -0.036954       -0.038635
     C   20       -0.036954        0.370649       -0.122509
     C   20       -0.038635       -0.122509        0.091959

     H   21        0.058710       -0.320219        0.450045
     H   21       -0.320219        0.069335       -0.050229
     H   21        0.450045       -0.050229       -0.128045

     C   22        0.076462        0.397631       -0.267330
     C   22        0.397631        0.092652        0.034588
     C   22       -0.267330        0.034588       -0.169114

     C   23       -0.599309        0.011124       -0.169245
     C   23        0.011124        0.428517       -0.472416
     C   23       -0.169245       -0.472416        0.170792

     Cl  24        0.001576        1.981877        0.368265
     Cl  24        1.981877       -0.063591       -1.946029
     Cl  24        0.368265       -1.946029        0.062015

     ----- total EFG (symmetrized) -----
     Cl   1       -0.018557       -0.336793       -1.515048
     Cl   1       -0.336793       -0.235504       -1.854059
     Cl   1       -1.515048       -1.854059        0.254062

     C    2       -0.077866       -0.055773       -0.190767
     C    2       -0.055773       -0.154418       -0.255840
     C    2       -0.190767       -0.255840        0.232284

     C    3       -0.317869        0.158251       -0.190372
     C    3        0.158251        0.025899       -0.307042
     C    3       -0.190372       -0.307042        0.291970

     H    4        0.449462        0.185697        0.264762
     H    4        0.185697        0.075755        0.199003
     H    4        0.264762        0.199003       -0.525217

     C    5       -0.094954       -0.000804       -0.247287
     C    5       -0.000804       -0.180846       -0.238756
     C    5       -0.247287       -0.238756        0.275800

     H    6       -0.200492        0.086266        0.176918
     H    6        0.086266        0.415437        0.141361
     H    6        0.176918        0.141361       -0.214944

     H    7       -0.022427       -0.065606        0.045997
     H    7       -0.065606        0.374766       -0.323370
     H    7        0.045997       -0.323370       -0.352339

     C    8       -0.020848        0.080685       -0.081712
     C    8        0.080685       -0.324808        0.097343
     C    8       -0.081712        0.097343        0.345655

     H    9        0.505126       -0.171226        0.086158
     H    9       -0.171226       -0.179535       -0.186225
     H    9        0.086158       -0.186225       -0.325590

     C   10       -0.268340       -0.173926       -0.280057
     C   10       -0.173926       -0.198323        0.140446
     C   10       -0.280057        0.140446        0.466663

     C   11        0.358404        0.634454       -0.326306
     C   11        0.634454       -0.233033        0.194166
     C   11       -0.326306        0.194166       -0.125371

     Cl  12        1.747829        1.413919        0.420010
     Cl  12        1.413919       -0.183909       -0.246619
     Cl  12        0.420010       -0.246619       -1.563919

     H   13        0.000570       -0.079216        0.009257
     H   13       -0.079216        0.115338        0.753205
     H   13        0.009257        0.753205       -0.115908

     C   14       -0.221725       -0.056855       -0.063437
     C   14       -0.056855        0.033992       -0.275084
     C   14       -0.063437       -0.275084        0.187733

     H   15        0.083905       -0.059012        0.475577
     H   15       -0.059012       -0.055845       -0.029966
     H   15        0.475577       -0.029966       -0.028059

     C   16       -0.291943        0.086413        0.059942
     C   16        0.086413       -0.004688       -0.490809
     C   16        0.059942       -0.490809        0.296632

     C   17       -0.064265       -0.169866       -0.054313
     C   17       -0.169866        0.051570       -0.274344
     C   17       -0.054313       -0.274344        0.012695

     Cl  18       -0.514983       -1.649975       -0.669767
     Cl  18       -1.649975       -1.251929       -1.124341
     Cl  18       -0.669767       -1.124341        1.766912

     H   19       -0.238842       -0.122767       -0.131793
     H   19       -0.122767        0.236357       -0.252629
     H   19       -0.131793       -0.252629        0.002486

     C   20       -0.462609       -0.036954       -0.038635
     C   20       -0.036954        0.370649       -0.122509
     C   20       -0.038635       -0.122509        0.091959

     H   21        0.058710       -0.320219        0.450045
     H   21       -0.320219        0.069335       -0.050229
     H   21        0.450045       -0.050229       -0.128045

     C   22        0.076462        0.397631       -0.267330
     C   22        0.397631        0.092652        0.034588
     C   22       -0.267330        0.034588       -0.169114

     C   23       -0.599309        0.011124       -0.169245
     C   23        0.011124        0.428517       -0.472416
     C   23       -0.169245       -0.472416        0.170792

     Cl  24        0.001576        1.981877        0.368265
     Cl  24        1.981877       -0.063591       -1.946029
     Cl  24        0.368265       -1.946029        0.062015


     NQR/NMR SPECTROSCOPIC PARAMETERS:
     Cl   1    Vxx=    0.2246    axis=(  0.774372 -0.632521  0.016311)
     Cl   1    Vyy=    2.3102    axis=( -0.421691 -0.496699  0.758595)
     Cl   1    Vzz=   -2.5348    axis=( -0.471726 -0.594313 -0.651358)
     Cl   1  Q=        -8.1650 1e-30 m^2  Cq=        48.6298 MHz  eta= 0.82277

     C    2    Vxx=   -0.0509    axis=(  0.825357 -0.562589  0.047742)
     C    2    Vyy=   -0.3553    axis=(  0.476217  0.739075  0.476429)
     C    2    Vzz=    0.4062    axis=( -0.303318 -0.370489  0.877916)
     C    2  Q=         1.0000 1e-30 m^2  Cq=         0.9543 MHz  eta= 0.74944

     C    3    Vxx=   -0.1724    axis=(  0.116747  0.805766  0.580613)
     C    3    Vyy=   -0.3900    axis=( -0.955918  0.249761 -0.154403)
     C    3    Vzz=    0.5624    axis=( -0.269427 -0.536993  0.799405)
     C    3  Q=         1.0000 1e-30 m^2  Cq=         1.3214 MHz  eta= 0.38683

     H    4    Vxx=    0.0086    axis=(  0.442269 -0.889816 -0.112364)
     H    4    Vyy=    0.6169    axis=(  0.874858  0.400415  0.272565)
     H    4    Vzz=   -0.6255    axis=( -0.197541 -0.218850  0.955554)
     H    4  Q=         1.0000 1e-30 m^2  Cq=        -1.4697 MHz  eta= 0.97255

     C    5    Vxx=   -0.1323    axis=(  0.785389 -0.607120  0.120703)
     C    5    Vyy=   -0.3387    axis=(  0.489232  0.728286  0.479846)
     C    5    Vzz=    0.4710    axis=( -0.379231 -0.317814  0.869010)
     C    5  Q=         1.0000 1e-30 m^2  Cq=         1.1067 MHz  eta= 0.43810

     H    6    Vxx=   -0.0816    axis=(  0.716024 -0.303099  0.628840)
     H    6    Vyy=   -0.3872    axis=(  0.672456  0.057681 -0.737886)
     H    6    Vzz=    0.4689    axis=(  0.187381  0.951212  0.245122)
     H    6  Q=         1.0000 1e-30 m^2  Cq=         1.1016 MHz  eta= 0.65178

     H    7    Vxx=   -0.0329    axis=(  0.988503  0.150848 -0.010369)
     H    7    Vyy=   -0.4762    axis=(  0.043896 -0.351916 -0.935002)
     H    7    Vzz=    0.5091    axis=( -0.144692  0.923797 -0.354491)
     H    7  Q=         1.0000 1e-30 m^2  Cq=         1.1963 MHz  eta= 0.87068

     C    8    Vxx=   -0.0087    axis=(  0.948146  0.285189  0.140306)
     C    8    Vyy=   -0.3635    axis=( -0.262387  0.951465 -0.160835)
     C    8    Vzz=    0.3722    axis=( -0.179365  0.115681  0.976958)
     C    8  Q=         1.0000 1e-30 m^2  Cq=         0.8745 MHz  eta= 0.95341

     H    9    Vxx=   -0.1110    axis=(  0.293827  0.777230 -0.556399)
     H    9    Vyy=   -0.4533    axis=(  0.029113  0.574546  0.817954)
     H    9    Vzz=    0.5643    axis=(  0.955415 -0.256536  0.146190)
     H    9  Q=         1.0000 1e-30 m^2  Cq=         1.3258 MHz  eta= 0.60675

     C   10    Vxx=   -0.1717    axis=( -0.423628  0.827744 -0.367939)
     C   10    Vyy=   -0.4346    axis=(  0.840334  0.510766  0.181539)
     C   10    Vzz=    0.6063    axis=( -0.338199  0.232287  0.911956)
     C   10  Q=         1.0000 1e-30 m^2  Cq=         1.4246 MHz  eta= 0.43348

     C   11    Vxx=    0.0126    axis=( -0.076706  0.488760  0.869040)
     C   11    Vyy=    0.7973    axis=( -0.850828 -0.486501  0.198516)
     C   11    Vzz=   -0.8099    axis=(  0.519815 -0.724176  0.453168)
     C   11  Q=         1.0000 1e-30 m^2  Cq=        -1.9031 MHz  eta= 0.96881

     Cl  12    Vxx=   -0.7296    axis=( -0.389240  0.811498 -0.435848)
     Cl  12    Vyy=   -1.7810    axis=( -0.251688  0.361463  0.897774)
     Cl  12    Vzz=    2.5106    axis=(  0.886084  0.459147  0.063548)
     Cl  12  Q=        -8.1650 1e-30 m^2  Cq=       -48.1648 MHz  eta= 0.41875

     H   13    Vxx=    0.0012    axis=(  0.994569  0.003950  0.104002)
     H   13    Vyy=    0.7656    axis=( -0.070729  0.758722  0.647564)
     H   13    Vzz=   -0.7668    axis=( -0.076351 -0.651403  0.754881)
     H   13  Q=         1.0000 1e-30 m^2  Cq=        -1.8017 MHz  eta= 0.99681

     C   14    Vxx=   -0.1116    axis=( -0.602781  0.647020  0.466927)
     C   14    Vyy=   -0.2854    axis=(  0.797462  0.468978  0.379624)
     C   14    Vzz=    0.3969    axis=( -0.026646 -0.601186  0.798665)
     C   14  Q=         1.0000 1e-30 m^2  Cq=         0.9326 MHz  eta= 0.43788

     H   15    Vxx=   -0.0623    axis=( -0.054898 -0.992816 -0.106314)
     H   15    Vyy=   -0.4517    axis=( -0.666017 -0.042917  0.744701)
     H   15    Vzz=    0.5140    axis=(  0.743914 -0.111689  0.658876)
     H   15  Q=         1.0000 1e-30 m^2  Cq=         1.2076 MHz  eta= 0.75751

     C   16    Vxx=   -0.2180    axis=( -0.817897 -0.460949 -0.344341)
     C   16    Vyy=   -0.4414    axis=(  0.575355 -0.658731 -0.484810)
     C   16    Vzz=    0.6594    axis=( -0.003355 -0.594643  0.803983)
     C   16  Q=         1.0000 1e-30 m^2  Cq=         1.5493 MHz  eta= 0.33877

     C   17    Vxx=    0.0071    axis=( -0.824344  0.174160  0.538632)
     C   17    Vyy=    0.3289    axis=( -0.240859  0.753168 -0.612148)
     C   17    Vzz=   -0.3360    axis=( -0.512292 -0.634355 -0.578922)
     C   17  Q=         1.0000 1e-30 m^2  Cq=        -0.7894 MHz  eta= 0.95767

     Cl  18    Vxx=    0.7852    axis=(  0.802937 -0.583712 -0.120718)
     Cl  18    Vyy=    2.1471    axis=(  0.063704  0.285401 -0.956289)
     Cl  18    Vzz=   -2.9323    axis=(  0.592650  0.760149  0.266344)
     Cl  18  Q=        -8.1650 1e-30 m^2  Cq=        56.2544 MHz  eta= 0.46445

     H   19    Vxx=   -0.0183    axis=(  0.621137 -0.380352 -0.685216)
     H   19    Vyy=   -0.3813    axis=(  0.781721  0.362817  0.507224)
     H   19    Vzz=    0.3996    axis=( -0.055684  0.850703 -0.522689)
     H   19  Q=         1.0000 1e-30 m^2  Cq=         0.9389 MHz  eta= 0.90853

     C   20    Vxx=    0.0505    axis=( -0.095211  0.346131  0.933343)
     C   20    Vyy=    0.4173    axis=( -0.023974  0.936533 -0.349759)
     C   20    Vzz=   -0.4678    axis=( -0.995168 -0.055677 -0.080870)
     C   20  Q=         1.0000 1e-30 m^2  Cq=        -1.0992 MHz  eta= 0.78424

     H   21    Vxx=   -0.0405    axis=(  0.196299  0.818870  0.539369)
     H   21    Vyy=   -0.5443    axis=( -0.666784 -0.291835  0.685734)
     H   21    Vzz=    0.5848    axis=(  0.718934 -0.494251  0.488723)
     H   21  Q=         1.0000 1e-30 m^2  Cq=         1.3740 MHz  eta= 0.86145

     C   22    Vxx=   -0.0459    axis=( -0.272524  0.593153  0.757562)
     C   22    Vyy=   -0.4778    axis=(  0.635853 -0.479889  0.604481)
     C   22    Vzz=    0.5236    axis=( -0.722096 -0.646433  0.246377)
     C   22  Q=         1.0000 1e-30 m^2  Cq=         1.2303 MHz  eta= 0.82483

     C   23    Vxx=   -0.1544    axis=( -0.268484  0.609598  0.745860)
     C   23    Vyy=   -0.6439    axis=(  0.959914  0.104595  0.260050)
     C   23    Vzz=    0.7983    axis=(  0.080513  0.785780 -0.613244)
     C   23  Q=         1.0000 1e-30 m^2  Cq=         1.8758 MHz  eta= 0.61321

     Cl  24    Vxx=    0.4005    axis=(  0.701651  0.008851  0.712466)
     Cl  24    Vyy=    2.5808    axis=(  0.486779  0.724240 -0.488387)
     Cl  24    Vzz=   -2.9813    axis=(  0.520319 -0.689491 -0.503856)
     Cl  24  Q=        -8.1650 1e-30 m^2  Cq=        57.1945 MHz  eta= 0.73131

     Initialization:
     gipaw_setup  :      9.24s CPU     10.95s WALL (       1 calls)

     Linear response

     Apply operators

     Induced current

     Other routines
     efg          :      9.41s CPU     12.33s WALL (       1 calls)

     General routines
     calbec       :      3.36s CPU      4.82s WALL (      16 calls)
     fft          :      1.48s CPU      2.02s WALL (      15 calls)
     ffts         :      0.04s CPU      0.04s WALL (       2 calls)
     fftw         :      3.28s CPU      4.15s WALL (     672 calls)
     davcio       :      0.05s CPU      0.30s WALL (      32 calls)

     Parallel routines
     fft_scatter  :      2.23s CPU      3.33s WALL (     689 calls)

     Plugins

     GIPAW        :     60.79s CPU     72.97s WALL (       1 calls)
