
     Program QE v.6.0 (svn rev. 13079) starts on 18Jan2017 at 14:36: 2 

     This program is part of the open-source Quantum ESPRESSO suite
     for quantum simulation of materials; please cite
         "P. Giannozzi et al., J. Phys.:Condens. Matter 21 395502 (2009);
          URL http://www.quantum-espresso.org", 
     in publications or presentations arising from this work. More details at
     http://www.quantum-espresso.org/quote

     Parallel version (MPI), running on     8 processors
     R & G space division:  proc/nbgrp/npool/nimage =       8

     ***** This is GIPAW svn revision unknown      *****

     Parallelizing q-star over 1 images

     Reading data from directory:
     /users/majewski/paradichlorobenzene/pbe/9_constraint/scratch/pbe.ecut100.np8.dt60.pcl2phi-129368.save
     Message from routine read_xml_file:
     file /users/majewski/paradichlorobenzene/pbe/9_constraint/scratch/pbe.ecut100.np8.dt60.pcl2phi-129368.save not guaranteed to be safe for post-processing

   Info: using nr1, nr2, nr3 values from input

   Info: using nr1, nr2, nr3 values from input

     IMPORTANT: XC functional enforced from input :
     Exchange-correlation      =  SLA  PW   PBX  PBC ( 1  4  3  4 0 0)
     Any further DFT definition will be discarded
     Please, verify this is what you really want

               file C.pbe-n-kjpaw_psl.1.0.0.UPF: wavefunction(s)  2S 2P renormalized
               file Cl.pbe-n-kjpaw_psl.1.0.0.UPF: wavefunction(s)  3S 3P renormalized
               file H.pbe-kjpaw_psl.1.0.0.UPF: wavefunction(s)  1S renormalized

     Parallelization info
     --------------------
     sticks:   dense  smooth     PW     G-vecs:    dense   smooth      PW
     Min        3057    1223    332               144436    36536    5170
     Max        3059    1225    333               144437    36537    5171
     Sum       24467    9791   2657              1155489   292295   41363


     Subspace diagonalization in iterative solution of the eigenvalue problem:
     a serial algorithm will be used

     GIPAW projectors -----------------------------------------------
     atom=  C    l=0  rc=    1.2000  rs=    0.8000
     atom=  C    l=0  rc=    1.2000  rs=    0.8000
     atom=  C    l=1  rc=    1.4000  rs=    0.9333
     atom=  C    l=1  rc=    1.4000  rs=    0.9333
     projs nearly linearly dependent: l=1  n1,n2= 1, 2  s=  0.99951561

     atom=  Cl   l=0  rc=    1.6000  rs=    1.0667
     atom=  Cl   l=0  rc=    1.6000  rs=    1.0667
     atom=  Cl   l=1  rc=    1.6000  rs=    1.0667
     atom=  Cl   l=1  rc=    1.6000  rs=    1.0667
     atom=  Cl   l=2  rc=    1.6000  rs=    1.0667
     atom=  Cl   l=2  rc=    1.6000  rs=    1.0667
     projs nearly linearly dependent: l=2  n1,n2= 1, 2  s=  0.99993509

     atom=  H    l=0  rc=    1.0000  rs=    0.6667
     atom=  H    l=0  rc=    1.0000  rs=    0.6667
     projs nearly linearly dependent: l=0  n1,n2= 1, 2  s=  0.99968852
     -----------------------------------------------------------------

     GIPAW integrals: -------------------------------------------
     Atom  i/j   nmr_para   nmr_dia   epr_rmc  epr_para   epr_dia
       C   1 1   0.83E+03  0.17E-01  0.93E+01  0.24E+08  0.24E+03
       C   2 1   0.86E+03 -0.61E-01  0.94E+01  0.25E+08  0.25E+03
       C   2 2   0.90E+03 -0.15E+00  0.97E+01  0.26E+08  0.26E+03
       C   3 3   0.33E+01  0.34E+00  0.18E+01  0.55E+03  0.21E+02
       C   4 3   0.35E+01  0.37E+00  0.20E+01  0.59E+03  0.22E+02
       C   4 4   0.38E+01  0.39E+00  0.22E+01  0.63E+03  0.24E+02
       Cl  1 1   0.14E+04 -0.47E+00  0.84E+01  0.32E+09  0.42E+03
       Cl  2 1   0.21E+04 -0.37E+00  0.12E+02  0.49E+09  0.65E+03
       Cl  2 2   0.33E+04 -0.16E+00  0.21E+02  0.76E+09  0.10E+04
       Cl  3 3   0.21E+02  0.79E-01  0.89E+01  0.23E+05  0.13E+03
       Cl  4 3   0.24E+02  0.67E-01  0.99E+01  0.27E+05  0.15E+03
       Cl  4 4   0.28E+02  0.44E-01  0.11E+02  0.32E+05  0.18E+03
       Cl  5 5   0.77E+00  0.19E+00  0.18E+01  0.12E+03  0.22E+02
       Cl  6 5   0.80E+00  0.19E+00  0.19E+01  0.12E+03  0.23E+02
       Cl  6 6   0.83E+00  0.20E+00  0.19E+01  0.12E+03  0.23E+02
       H   1 1   0.39E+02  0.19E+00  0.29E+00  0.78E+05  0.13E+02
       H   2 1   0.41E+02  0.21E+00  0.32E+00  0.82E+05  0.14E+02
       H   2 2   0.43E+02  0.22E+00  0.36E+00  0.86E+05  0.15E+02
     ------------------------------------------------------------

     alpha_pv=     34.2402 eV

     Number of occupied bands for each k-point:
     k-point:     1    nbnd_occ=  42
     k-point:     2    nbnd_occ=  42
     k-point:     3    nbnd_occ=  42
     k-point:     4    nbnd_occ=  42
     k-point:     5    nbnd_occ=  42
     k-point:     6    nbnd_occ=  42
     k-point:     7    nbnd_occ=  42
     k-point:     8    nbnd_occ=  42
     k-point:     9    nbnd_occ=  42
     k-point:    10    nbnd_occ=  42
     k-point:    11    nbnd_occ=  42
     k-point:    12    nbnd_occ=  42
     k-point:    13    nbnd_occ=  42
     k-point:    14    nbnd_occ=  42
     k-point:    15    nbnd_occ=  42
     k-point:    16    nbnd_occ=  42


     q-space interpolation up to   110.00 Rydberg

     GIPAW job: efg                                                                             


     ELECTRIC FIELD GRADIENTS TENSORS IN Hartree/bohrradius^2:

     ----- bare term -----
     Cl   1       -0.120881        0.166859       -0.013185
     Cl   1        0.166859       -0.027475       -0.001260
     Cl   1       -0.013185       -0.001260        0.148356

     C    2       -0.031882        0.012646       -0.489215
     C    2        0.012646       -0.201160       -0.423614
     C    2       -0.489215       -0.423614        0.233042

     C    3        0.015523        0.447412       -0.198157
     C    3        0.447412       -0.275907       -0.265405
     C    3       -0.198157       -0.265405        0.260384

     H    4        0.101520       -0.062799       -0.161879
     H    4       -0.062799        0.493835       -0.108376
     H    4       -0.161879       -0.108376       -0.595355

     C    5       -0.184737        0.066554       -0.535602
     C    5        0.066554       -0.048153       -0.418003
     C    5       -0.535602       -0.418003        0.232890

     H    6        0.076188        0.140265        0.233751
     H    6        0.140265       -0.161700       -0.515734
     H    6        0.233751       -0.515734        0.085511

     H    7        0.269488        0.172645       -0.109842
     H    7        0.172645       -0.436358        0.495312
     H    7       -0.109842        0.495312        0.166870

     C    8       -0.409150       -0.293389       -0.276637
     C    8       -0.293389       -0.057552        0.454812
     C    8       -0.276637        0.454812        0.466702

     H    9       -0.318765        0.167736       -0.534500
     H    9        0.167736        0.339141        0.146630
     H    9       -0.534500        0.146630       -0.020377

     C   10       -0.110832       -0.359556       -0.231052
     C   10       -0.359556       -0.234868        0.571758
     C   10       -0.231052        0.571758        0.345700

     C   11       -0.189496       -0.188272       -0.540097
     C   11       -0.188272       -0.005515        0.466644
     C   11       -0.540097        0.466644        0.195012

     Cl  12       -0.011357       -0.253004       -0.140069
     Cl  12       -0.253004       -0.050741        0.086727
     Cl  12       -0.140069        0.086727        0.062099

     H   13        0.351330       -0.343041        0.084867
     H   13       -0.343041       -0.643078       -0.085788
     H   13        0.084867       -0.085788        0.291747

     C   14       -0.319432        0.281828       -0.357109
     C   14        0.281828       -0.146680       -0.399267
     C   14       -0.357109       -0.399267        0.466113

     H   15       -0.212898       -0.299557       -0.474677
     H   15       -0.299557        0.132149       -0.355179
     H   15       -0.474677       -0.355179        0.080748

     C   16       -0.364521        0.341486       -0.314045
     C   16        0.341486       -0.018882       -0.428977
     C   16       -0.314045       -0.428977        0.383402

     C   17       -0.056473        0.241450       -0.145602
     C   17        0.241450       -0.344852       -0.480479
     C   17       -0.145602       -0.480479        0.401325

     Cl  18       -0.094397        0.039420       -0.098168
     Cl  18        0.039420       -0.039985       -0.123769
     Cl  18       -0.098168       -0.123769        0.134382

     H   19        0.138675        0.460720        0.124704
     H   19        0.460720       -0.502515        0.126789
     H   19        0.124704        0.126789        0.363841

     C   20       -0.136925       -0.454566       -0.300459
     C   20       -0.454566       -0.278136        0.356503
     C   20       -0.300459        0.356503        0.415061

     H   21       -0.331976       -0.016776       -0.559013
     H   21       -0.016776        0.244728        0.022782
     H   21       -0.559013        0.022782        0.087248

     C   22       -0.041658       -0.045393       -0.379575
     C   22       -0.045393       -0.299425        0.521871
     C   22       -0.379575        0.521871        0.341083

     C   23       -0.382798       -0.090287       -0.364422
     C   23       -0.090287       -0.094067        0.457811
     C   23       -0.364422        0.457811        0.476865

     Cl  24       -0.027357       -0.047758        0.003176
     Cl  24       -0.047758        0.133644       -0.056224
     Cl  24        0.003176       -0.056224       -0.106287

     ----- ionic term -----
     Cl   1        0.193959       -0.205330        0.053657
     Cl   1       -0.205330       -0.052168       -0.017862
     Cl   1        0.053657       -0.017862       -0.141792

     C    2        0.220720       -0.163578        0.361626
     C    2       -0.163578        0.062682        0.400235
     C    2        0.361626        0.400235       -0.283402

     C    3       -0.021830       -0.296802        0.279341
     C    3       -0.296802        0.251534        0.371387
     C    3        0.279341        0.371387       -0.229704

     H    4        0.194930        0.247322        0.793353
     H    4        0.247322       -0.406060        0.344223
     H    4        0.793353        0.344223        0.211130

     C    5        0.135324       -0.257874        0.360993
     C    5       -0.257874        0.125523        0.242097
     C    5        0.360993        0.242097       -0.260847

     H    6       -0.530176       -0.044761        0.008902
     H    6       -0.044761        0.643392        0.692487
     H    6        0.008902        0.692487       -0.113216

     H    7       -0.467946       -0.254883        0.106158
     H    7       -0.254883        0.859143       -0.497763
     H    7        0.106158       -0.497763       -0.391197

     C    8        0.306837        0.186390        0.253587
     C    8        0.186390        0.070882       -0.276017
     C    8        0.253587       -0.276017       -0.377719

     H    9        0.581188       -0.343874        0.706809
     H    9       -0.343874       -0.407643       -0.283601
     H    9        0.706809       -0.283601       -0.173545

     C   10        0.154851        0.215977        0.159423
     C   10        0.215977        0.221427       -0.405586
     C   10        0.159423       -0.405586       -0.376278

     C   11        0.215379        0.223738        0.278273
     C   11        0.223738        0.153898       -0.350518
     C   11        0.278273       -0.350518       -0.369277

     Cl  12        0.140798        0.241167        0.007858
     Cl  12        0.241167        0.025856       -0.003152
     Cl  12        0.007858       -0.003152       -0.166654

     H   13       -0.514014        0.125245        0.053511
     H   13        0.125245        0.712121        0.662032
     H   13        0.053511        0.662032       -0.198108

     C   14        0.242976       -0.171136        0.384507
     C   14       -0.171136        0.087931        0.270605
     C   14        0.384507        0.270605       -0.330907

     H   15        0.398528        0.303166        0.753958
     H   15        0.303166       -0.383418        0.286802
     H   15        0.753958        0.286802       -0.015110

     C   16        0.085910       -0.259736        0.278515
     C   16       -0.259736        0.282959        0.305583
     C   16        0.278515        0.305583       -0.368869

     C   17        0.032718       -0.204024        0.347395
     C   17       -0.204024        0.270456        0.315306
     C   17        0.347395        0.315306       -0.303175

     Cl  18        0.089358       -0.194657        0.050425
     Cl  18       -0.194657        0.060738       -0.033519
     Cl  18        0.050425       -0.033519       -0.150096

     H   19       -0.487921       -0.224531        0.095978
     H   19       -0.224531        0.794362       -0.565687
     H   19        0.095978       -0.565687       -0.306441

     C   20        0.227672        0.181326        0.288296
     C   20        0.181326        0.126016       -0.251809
     C   20        0.288296       -0.251809       -0.353688

     H   21        0.413706       -0.141165        0.809208
     H   21       -0.141165       -0.505384       -0.189300
     H   21        0.809208       -0.189300        0.091678

     C   22        0.041648        0.248145        0.244600
     C   22        0.248145        0.180427       -0.397492
     C   22        0.244600       -0.397492       -0.222075

     C   23        0.130293        0.158898        0.323431
     C   23        0.158898        0.123151       -0.390725
     C   23        0.323431       -0.390725       -0.253445

     Cl  24        0.078156        0.188126        0.016473
     Cl  24        0.188126        0.063808        0.012060
     Cl  24        0.016473        0.012060       -0.141964

     ----- GIPAW term -----
     Cl   1       -0.955401       -1.005789       -0.578286
     Cl   1       -1.005789       -1.405224        0.444798
     Cl   1       -0.578286        0.444798        2.360625

     C    2        0.022163       -0.004454       -0.195822
     C    2       -0.004454       -0.087915       -0.132310
     C    2       -0.195822       -0.132310        0.065752

     C    3        0.054179        0.102511       -0.158542
     C    3        0.102511       -0.105601       -0.068118
     C    3       -0.158542       -0.068118        0.051422

     H    4       -0.000000        0.000000        0.000000
     H    4        0.000000        0.000000        0.000000
     H    4        0.000000        0.000000        0.000000

     C    5        0.125561        0.022202       -0.167147
     C    5        0.022202       -0.101928       -0.086744
     C    5       -0.167147       -0.086744       -0.023632

     H    6       -0.000000        0.000000        0.000000
     H    6        0.000000        0.000000        0.000000
     H    6        0.000000        0.000000        0.000000

     H    7       -0.000000        0.000000        0.000000
     H    7        0.000000        0.000000        0.000000
     H    7        0.000000        0.000000        0.000000

     C    8       -0.134572       -0.064343       -0.072886
     C    8       -0.064343       -0.054913        0.199250
     C    8       -0.072886        0.199250        0.189485

     H    9       -0.000000        0.000000        0.000000
     H    9        0.000000        0.000000        0.000000
     H    9        0.000000        0.000000        0.000000

     C   10       -0.045784       -0.094890       -0.071819
     C   10       -0.094890        0.012599        0.136414
     C   10       -0.071819        0.136414        0.033186

     C   11        0.022152       -0.054587       -0.179864
     C   11       -0.054587        0.045533        0.172987
     C   11       -0.179864        0.172987       -0.067685

     Cl  12        1.629647        0.251124       -1.342056
     Cl  12        0.251124       -0.272970        0.873117
     Cl  12       -1.342056        0.873117       -1.356677

     H   13       -0.000000        0.000000        0.000000
     H   13        0.000000        0.000000        0.000000
     H   13        0.000000        0.000000        0.000000

     C   14       -0.071341        0.113235       -0.149692
     C   14        0.113235       -0.055550       -0.190631
     C   14       -0.149692       -0.190631        0.126890

     H   15       -0.000000        0.000000        0.000000
     H   15        0.000000        0.000000        0.000000
     H   15        0.000000        0.000000        0.000000

     C   16       -0.105305        0.104906       -0.097394
     C   16        0.104906        0.084246       -0.096513
     C   16       -0.097394       -0.096513        0.021059

     C   17        0.082558       -0.059222        0.059291
     C   17       -0.059222       -0.104466       -0.046120
     C   17        0.059291       -0.046120        0.021908

     Cl  18       -0.286449       -1.336291       -0.862149
     Cl  18       -1.336291       -0.224402       -1.961356
     Cl  18       -0.862149       -1.961356        0.510851

     H   19       -0.000000        0.000000        0.000000
     H   19        0.000000        0.000000        0.000000
     H   19        0.000000        0.000000        0.000000

     C   20        0.114531       -0.152053       -0.125922
     C   20       -0.152053       -0.123788        0.098282
     C   20       -0.125922        0.098282        0.009257

     H   21       -0.000000        0.000000        0.000000
     H   21        0.000000        0.000000        0.000000
     H   21        0.000000        0.000000        0.000000

     C   22        0.022777        0.069179       -0.161631
     C   22        0.069179       -0.067444        0.044041
     C   22       -0.161631        0.044041        0.044666

     C   23       -0.058008        0.091898       -0.125727
     C   23        0.091898       -0.082413        0.087535
     C   23       -0.125727        0.087535        0.140421

     Cl  24        0.870965        1.524246        0.049612
     Cl  24        1.524246        1.393971       -0.463530
     Cl  24        0.049612       -0.463530       -2.264936

     ----- total EFG -----
     Cl   1       -0.882323       -1.044260       -0.537814
     Cl   1       -1.044260       -1.484866        0.425676
     Cl   1       -0.537814        0.425676        2.367189

     C    2        0.211001       -0.155386       -0.323411
     C    2       -0.155386       -0.226393       -0.155689
     C    2       -0.323411       -0.155689        0.015392

     C    3        0.047873        0.253121       -0.077358
     C    3        0.253121       -0.129975        0.037865
     C    3       -0.077358        0.037865        0.082102

     H    4        0.296450        0.184522        0.631474
     H    4        0.184522        0.087775        0.235847
     H    4        0.631474        0.235847       -0.384225

     C    5        0.076148       -0.169118       -0.341756
     C    5       -0.169118       -0.024558       -0.262650
     C    5       -0.341756       -0.262650       -0.051590

     H    6       -0.453987        0.095504        0.242653
     H    6        0.095504        0.481692        0.176752
     H    6        0.242653        0.176752       -0.027705

     H    7       -0.198458       -0.082238       -0.003684
     H    7       -0.082238        0.422785       -0.002450
     H    7       -0.003684       -0.002450       -0.224327

     C    8       -0.236886       -0.171342       -0.095936
     C    8       -0.171342       -0.041583        0.378045
     C    8       -0.095936        0.378045        0.278468

     H    9        0.262423       -0.176138        0.172309
     H    9       -0.176138       -0.068502       -0.136971
     H    9        0.172309       -0.136971       -0.193922

     C   10       -0.001766       -0.238468       -0.143448
     C   10       -0.238468       -0.000842        0.302587
     C   10       -0.143448        0.302587        0.002608

     C   11        0.048035       -0.019121       -0.441688
     C   11       -0.019121        0.193916        0.289114
     C   11       -0.441688        0.289114       -0.241950

     Cl  12        1.759088        0.239287       -1.474266
     Cl  12        0.239287       -0.297855        0.956692
     Cl  12       -1.474266        0.956692       -1.461233

     H   13       -0.162684       -0.217797        0.138378
     H   13       -0.217797        0.069044        0.576244
     H   13        0.138378        0.576244        0.093640

     C   14       -0.147797        0.223927       -0.122294
     C   14        0.223927       -0.114299       -0.319294
     C   14       -0.122294       -0.319294        0.262096

     H   15        0.185630        0.003609        0.279281
     H   15        0.003609       -0.251268       -0.068376
     H   15        0.279281       -0.068376        0.065638

     C   16       -0.383915        0.186656       -0.132924
     C   16        0.186656        0.348323       -0.219906
     C   16       -0.132924       -0.219906        0.035593

     C   17        0.058803       -0.021796        0.261084
     C   17       -0.021796       -0.178861       -0.211293
     C   17        0.261084       -0.211293        0.120058

     Cl  18       -0.291489       -1.491527       -0.909891
     Cl  18       -1.491527       -0.203649       -2.118644
     Cl  18       -0.909891       -2.118644        0.495137

     H   19       -0.349247        0.236190        0.220681
     H   19        0.236190        0.291847       -0.438898
     H   19        0.220681       -0.438898        0.057400

     C   20        0.205278       -0.425292       -0.138085
     C   20       -0.425292       -0.275908        0.202976
     C   20       -0.138085        0.202976        0.070630

     H   21        0.081730       -0.157940        0.250195
     H   21       -0.157940       -0.260656       -0.166518
     H   21        0.250195       -0.166518        0.178926

     C   22        0.022768        0.271932       -0.296606
     C   22        0.271932       -0.186442        0.168420
     C   22       -0.296606        0.168420        0.163675

     C   23       -0.310512        0.160509       -0.166717
     C   23        0.160509       -0.053329        0.154621
     C   23       -0.166717        0.154621        0.363841

     Cl  24        0.921764        1.664614        0.069260
     Cl  24        1.664614        1.591422       -0.507694
     Cl  24        0.069260       -0.507694       -2.513187

     ----- total EFG (symmetrized) -----
     Cl   1       -0.882323       -1.044260       -0.537814
     Cl   1       -1.044260       -1.484866        0.425676
     Cl   1       -0.537814        0.425676        2.367189

     C    2        0.211001       -0.155386       -0.323411
     C    2       -0.155386       -0.226393       -0.155689
     C    2       -0.323411       -0.155689        0.015392

     C    3        0.047873        0.253121       -0.077358
     C    3        0.253121       -0.129975        0.037865
     C    3       -0.077358        0.037865        0.082102

     H    4        0.296450        0.184522        0.631474
     H    4        0.184522        0.087775        0.235847
     H    4        0.631474        0.235847       -0.384225

     C    5        0.076148       -0.169118       -0.341756
     C    5       -0.169118       -0.024558       -0.262650
     C    5       -0.341756       -0.262650       -0.051590

     H    6       -0.453987        0.095504        0.242653
     H    6        0.095504        0.481692        0.176752
     H    6        0.242653        0.176752       -0.027705

     H    7       -0.198458       -0.082238       -0.003684
     H    7       -0.082238        0.422785       -0.002450
     H    7       -0.003684       -0.002450       -0.224327

     C    8       -0.236886       -0.171342       -0.095936
     C    8       -0.171342       -0.041583        0.378045
     C    8       -0.095936        0.378045        0.278468

     H    9        0.262423       -0.176138        0.172309
     H    9       -0.176138       -0.068502       -0.136971
     H    9        0.172309       -0.136971       -0.193922

     C   10       -0.001766       -0.238468       -0.143448
     C   10       -0.238468       -0.000842        0.302587
     C   10       -0.143448        0.302587        0.002608

     C   11        0.048035       -0.019121       -0.441688
     C   11       -0.019121        0.193916        0.289114
     C   11       -0.441688        0.289114       -0.241950

     Cl  12        1.759088        0.239287       -1.474266
     Cl  12        0.239287       -0.297855        0.956692
     Cl  12       -1.474266        0.956692       -1.461233

     H   13       -0.162684       -0.217797        0.138378
     H   13       -0.217797        0.069044        0.576244
     H   13        0.138378        0.576244        0.093640

     C   14       -0.147797        0.223927       -0.122294
     C   14        0.223927       -0.114299       -0.319294
     C   14       -0.122294       -0.319294        0.262096

     H   15        0.185630        0.003609        0.279281
     H   15        0.003609       -0.251268       -0.068376
     H   15        0.279281       -0.068376        0.065638

     C   16       -0.383915        0.186656       -0.132924
     C   16        0.186656        0.348323       -0.219906
     C   16       -0.132924       -0.219906        0.035593

     C   17        0.058803       -0.021796        0.261084
     C   17       -0.021796       -0.178861       -0.211293
     C   17        0.261084       -0.211293        0.120058

     Cl  18       -0.291489       -1.491527       -0.909891
     Cl  18       -1.491527       -0.203649       -2.118644
     Cl  18       -0.909891       -2.118644        0.495137

     H   19       -0.349247        0.236190        0.220681
     H   19        0.236190        0.291847       -0.438898
     H   19        0.220681       -0.438898        0.057400

     C   20        0.205278       -0.425292       -0.138085
     C   20       -0.425292       -0.275908        0.202976
     C   20       -0.138085        0.202976        0.070630

     H   21        0.081730       -0.157940        0.250195
     H   21       -0.157940       -0.260656       -0.166518
     H   21        0.250195       -0.166518        0.178926

     C   22        0.022768        0.271932       -0.296606
     C   22        0.271932       -0.186442        0.168420
     C   22       -0.296606        0.168420        0.163675

     C   23       -0.310512        0.160509       -0.166717
     C   23        0.160509       -0.053329        0.154621
     C   23       -0.166717        0.154621        0.363841

     Cl  24        0.921764        1.664614        0.069260
     Cl  24        1.664614        1.591422       -0.507694
     Cl  24        0.069260       -0.507694       -2.513187


     NQR/NMR SPECTROSCOPIC PARAMETERS:
     Cl   1    Vxx=   -0.2747    axis=( -0.774772  0.580193 -0.251206)
     Cl   1    Vyy=   -2.2705    axis=(  0.600201  0.799840 -0.003811)
     Cl   1    Vzz=    2.5452    axis=( -0.198713  0.153727  0.967926)
     Cl   1  Q=        -8.1650 1e-30 m^2  Cq=       -48.8285 MHz  eta= 0.78414

     C    2    Vxx=   -0.0090    axis=( -0.383631  0.703063 -0.598773)
     C    2    Vyy=   -0.4437    axis=(  0.440292  0.709194  0.550624)
     C    2    Vzz=    0.4528    axis=(  0.811770 -0.052398 -0.581622)
     C    2  Q=         1.0000 1e-30 m^2  Cq=         1.0638 MHz  eta= 0.96019

     C    3    Vxx=    0.0847    axis=(  0.118108  0.305900  0.944709)
     C    3    Vyy=    0.2389    axis=(  0.806407  0.525605 -0.271010)
     C    3    Vzz=   -0.3235    axis=( -0.579446  0.793829 -0.184602)
     C    3  Q=         1.0000 1e-30 m^2  Cq=        -0.7602 MHz  eta= 0.47647

     H    4    Vxx=   -0.0107    axis=(  0.389339 -0.917721  0.078762)
     H    4    Vyy=   -0.7756    axis=( -0.486101 -0.132086  0.863863)
     H    4    Vzz=    0.7864    axis=( -0.782382 -0.374622 -0.497531)
     H    4  Q=         1.0000 1e-30 m^2  Cq=         1.8477 MHz  eta= 0.97266

     C    5    Vxx=    0.1617    axis=( -0.456344  0.837622 -0.300231)
     C    5    Vyy=    0.3656    axis=(  0.717736  0.147078 -0.680606)
     C    5    Vzz=   -0.5273    axis=(  0.525933  0.526077  0.668309)
     C    5  Q=         1.0000 1e-30 m^2  Cq=        -1.2389 MHz  eta= 0.38659

     H    6    Vxx=   -0.0010    axis=(  0.372092 -0.383180  0.845411)
     H    6    Vyy=   -0.5640    axis=(  0.912761 -0.014358 -0.408242)
     H    6    Vzz=    0.5650    axis=(  0.168569  0.923562  0.344409)
     H    6  Q=         1.0000 1e-30 m^2  Cq=         1.3276 MHz  eta= 0.99640

     H    7    Vxx=   -0.2082    axis=(  0.963073  0.124596 -0.238677)
     H    7    Vyy=   -0.2253    axis=(  0.236311  0.033657  0.971094)
     H    7    Vzz=    0.4335    axis=( -0.129028  0.991637 -0.002971)
     H    7  Q=         1.0000 1e-30 m^2  Cq=         1.0185 MHz  eta= 0.03950

     C    8    Vxx=   -0.1954    axis=( -0.721213  0.462949 -0.515296)
     C    8    Vyy=   -0.3719    axis=( -0.658660 -0.688667  0.303159)
     C    8    Vzz=    0.5673    axis=( -0.214520  0.558046  0.801602)
     C    8  Q=         1.0000 1e-30 m^2  Cq=         1.3330 MHz  eta= 0.31099

     H    9    Vxx=   -0.1250    axis=(  0.506807  0.799655 -0.322022)
     H    9    Vyy=   -0.2887    axis=( -0.135569  0.442833  0.886296)
     H    9    Vzz=    0.4137    axis=(  0.851333 -0.405524  0.332839)
     H    9  Q=         1.0000 1e-30 m^2  Cq=         0.9720 MHz  eta= 0.39580

     C   10    Vxx=   -0.1383    axis=(  0.804226  0.109140  0.584217)
     C   10    Vyy=   -0.3241    axis=( -0.310102 -0.761519  0.569144)
     C   10    Vzz=    0.4624    axis=( -0.507009  0.638887  0.578589)
     C   10  Q=         1.0000 1e-30 m^2  Cq=         1.0865 MHz  eta= 0.40171

     C   11    Vxx=    0.1252    axis=(  0.622024  0.770022 -0.141961)
     C   11    Vyy=    0.5000    axis=(  0.583346 -0.576676 -0.571972)
     C   11    Vzz=   -0.6252    axis=( -0.522296  0.272967 -0.807896)
     C   11  Q=         1.0000 1e-30 m^2  Cq=        -1.4689 MHz  eta= 0.59958

     Cl  12    Vxx=    0.1362    axis=(  0.196416  0.910458  0.363987)
     Cl  12    Vyy=    2.3384    axis=(  0.926668 -0.051032 -0.372401)
     Cl  12    Vzz=   -2.4746    axis=( -0.320480  0.410441 -0.853716)
     Cl  12  Q=        -8.1650 1e-30 m^2  Cq=        47.4742 MHz  eta= 0.88989

     H   13    Vxx=   -0.0299    axis=(  0.876878 -0.292350  0.381597)
     H   13    Vyy=   -0.6316    axis=(  0.475684  0.642224 -0.601060)
     H   13    Vzz=    0.6614    axis=( -0.069351  0.708576  0.702218)
     H   13  Q=         1.0000 1e-30 m^2  Cq=         1.5541 MHz  eta= 0.90974

     C   14    Vxx=   -0.1259    axis=(  0.754238  0.370099  0.542358)
     C   14    Vyy=   -0.3920    axis=( -0.573697  0.773224  0.270179)
     C   14    Vzz=    0.5179    axis=( -0.319371 -0.514929  0.795519)
     C   14  Q=         1.0000 1e-30 m^2  Cq=         1.2168 MHz  eta= 0.51394

     H   15    Vxx=   -0.1344    axis=(  0.594150  0.419682 -0.686187)
     H   15    Vyy=   -0.2794    axis=(  0.223481 -0.905634 -0.360393)
     H   15    Vzz=    0.4137    axis=( -0.772684  0.060777 -0.631874)
     H   15  Q=         1.0000 1e-30 m^2  Cq=         0.9721 MHz  eta= 0.35048

     C   16    Vxx=   -0.0753    axis=( -0.080144  0.486877  0.869786)
     C   16    Vyy=   -0.4436    axis=(  0.966432 -0.175736  0.187420)
     C   16    Vzz=    0.5189    axis=(  0.244103  0.855609 -0.456450)
     C   16  Q=         1.0000 1e-30 m^2  Cq=         1.2192 MHz  eta= 0.70994

     C   17    Vxx=   -0.0809    axis=(  0.736545  0.581453 -0.345565)
     C   17    Vyy=   -0.3247    axis=( -0.336848  0.758357  0.558057)
     C   17    Vzz=    0.4056    axis=(  0.586545 -0.294631  0.754425)
     C   17  Q=         1.0000 1e-30 m^2  Cq=         0.9529 MHz  eta= 0.60106

     Cl  18    Vxx=    0.7454    axis=( -0.837555  0.306254  0.452450)
     Cl  18    Vyy=    2.3310    axis=(  0.138636 -0.681890  0.718196)
     Cl  18    Vzz=   -3.0765    axis=( -0.528472 -0.664254 -0.528662)
     Cl  18  Q=        -8.1650 1e-30 m^2  Cq=        59.0203 MHz  eta= 0.51541

     H   19    Vxx=    0.0043    axis=(  0.664017  0.409516  0.625602)
     H   19    Vyy=    0.6321    axis=( -0.060702 -0.804397  0.590983)
     H   19    Vzz=   -0.6365    axis=(  0.745249 -0.430398 -0.509275)
     H   19  Q=         1.0000 1e-30 m^2  Cq=        -1.4954 MHz  eta= 0.98639

     C   20    Vxx=   -0.0128    axis=(  0.457062 -0.053903  0.887800)
     C   20    Vyy=   -0.5437    axis=( -0.459504 -0.868949  0.183806)
     C   20    Vzz=    0.5565    axis=(  0.761545 -0.491958 -0.421932)
     C   20  Q=         1.0000 1e-30 m^2  Cq=         1.3076 MHz  eta= 0.95406

     H   21    Vxx=   -0.1235    axis=( -0.750603  0.066167  0.657433)
     H   21    Vyy=   -0.3347    axis=( -0.247918 -0.950485 -0.187390)
     H   21    Vzz=    0.4582    axis=(  0.612481 -0.303645  0.729841)
     H   21  Q=         1.0000 1e-30 m^2  Cq=         1.0765 MHz  eta= 0.46096

     C   22    Vxx=    0.1165    axis=(  0.485970  0.715308  0.502163)
     C   22    Vyy=    0.4012    axis=(  0.652054  0.085837 -0.753298)
     C   22    Vzz=   -0.5178    axis=( -0.581944  0.693518 -0.424705)
     C   22  Q=         1.0000 1e-30 m^2  Cq=        -1.2165 MHz  eta= 0.54984

     C   23    Vxx=    0.0141    axis=(  0.496411  0.856399 -0.141974)
     C   23    Vyy=    0.4324    axis=(  0.159999 -0.251008 -0.954670)
     C   23    Vzz=   -0.4465    axis=( -0.853216  0.451193 -0.261626)
     C   23  Q=         1.0000 1e-30 m^2  Cq=        -1.0491 MHz  eta= 0.93695

     Cl  24    Vxx=   -0.3766    axis=( -0.773578  0.610438 -0.170126)
     Cl  24    Vyy=   -2.6003    axis=( -0.093100  0.156072  0.983348)
     Cl  24    Vzz=    2.9769    axis=(  0.626825  0.776535 -0.063902)
     Cl  24  Q=        -8.1650 1e-30 m^2  Cq=       -57.1101 MHz  eta= 0.74701

     Initialization:
     gipaw_setup  :      9.18s CPU     11.09s WALL (       1 calls)

     Linear response

     Apply operators

     Induced current

     Other routines
     efg          :      9.24s CPU     12.19s WALL (       1 calls)

     General routines
     calbec       :      3.38s CPU      4.81s WALL (      16 calls)
     fft          :      1.78s CPU      2.91s WALL (      15 calls)
     ffts         :      0.04s CPU      0.04s WALL (       2 calls)
     fftw         :      3.16s CPU      3.96s WALL (     672 calls)
     davcio       :      0.03s CPU      0.30s WALL (      32 calls)

     Parallel routines
     fft_scatter  :      2.37s CPU      4.10s WALL (     689 calls)

     Plugins

     GIPAW        :     61.36s CPU     75.43s WALL (       1 calls)
