
     Program QE v.6.0 (svn rev. 13079) starts on 19Jan2017 at  2:34:58 

     This program is part of the open-source Quantum ESPRESSO suite
     for quantum simulation of materials; please cite
         "P. Giannozzi et al., J. Phys.:Condens. Matter 21 395502 (2009);
          URL http://www.quantum-espresso.org", 
     in publications or presentations arising from this work. More details at
     http://www.quantum-espresso.org/quote

     Parallel version (MPI), running on     8 processors
     R & G space division:  proc/nbgrp/npool/nimage =       8

     ***** This is GIPAW svn revision unknown      *****

     Parallelizing q-star over 1 images

     Reading data from directory:
     /users/majewski/paradichlorobenzene/pbe/9_constraint/scratch/pbe.ecut100.np8.dt60.pcl2phi-129368.save
     Message from routine read_xml_file:
     file /users/majewski/paradichlorobenzene/pbe/9_constraint/scratch/pbe.ecut100.np8.dt60.pcl2phi-129368.save not guaranteed to be safe for post-processing

   Info: using nr1, nr2, nr3 values from input

   Info: using nr1, nr2, nr3 values from input

     IMPORTANT: XC functional enforced from input :
     Exchange-correlation      =  SLA  PW   PBX  PBC ( 1  4  3  4 0 0)
     Any further DFT definition will be discarded
     Please, verify this is what you really want

               file C.pbe-n-kjpaw_psl.1.0.0.UPF: wavefunction(s)  2S 2P renormalized
               file Cl.pbe-n-kjpaw_psl.1.0.0.UPF: wavefunction(s)  3S 3P renormalized
               file H.pbe-kjpaw_psl.1.0.0.UPF: wavefunction(s)  1S renormalized

     Parallelization info
     --------------------
     sticks:   dense  smooth     PW     G-vecs:    dense   smooth      PW
     Min        3057    1223    332               144436    36536    5170
     Max        3059    1225    333               144437    36537    5171
     Sum       24467    9791   2657              1155489   292295   41363


     Subspace diagonalization in iterative solution of the eigenvalue problem:
     a serial algorithm will be used

     GIPAW projectors -----------------------------------------------
     atom=  C    l=0  rc=    1.2000  rs=    0.8000
     atom=  C    l=0  rc=    1.2000  rs=    0.8000
     atom=  C    l=1  rc=    1.4000  rs=    0.9333
     atom=  C    l=1  rc=    1.4000  rs=    0.9333
     projs nearly linearly dependent: l=1  n1,n2= 1, 2  s=  0.99951561

     atom=  Cl   l=0  rc=    1.6000  rs=    1.0667
     atom=  Cl   l=0  rc=    1.6000  rs=    1.0667
     atom=  Cl   l=1  rc=    1.6000  rs=    1.0667
     atom=  Cl   l=1  rc=    1.6000  rs=    1.0667
     atom=  Cl   l=2  rc=    1.6000  rs=    1.0667
     atom=  Cl   l=2  rc=    1.6000  rs=    1.0667
     projs nearly linearly dependent: l=2  n1,n2= 1, 2  s=  0.99993509

     atom=  H    l=0  rc=    1.0000  rs=    0.6667
     atom=  H    l=0  rc=    1.0000  rs=    0.6667
     projs nearly linearly dependent: l=0  n1,n2= 1, 2  s=  0.99968852
     -----------------------------------------------------------------

     GIPAW integrals: -------------------------------------------
     Atom  i/j   nmr_para   nmr_dia   epr_rmc  epr_para   epr_dia
       C   1 1   0.83E+03  0.17E-01  0.93E+01  0.24E+08  0.24E+03
       C   2 1   0.86E+03 -0.61E-01  0.94E+01  0.25E+08  0.25E+03
       C   2 2   0.90E+03 -0.15E+00  0.97E+01  0.26E+08  0.26E+03
       C   3 3   0.33E+01  0.34E+00  0.18E+01  0.55E+03  0.21E+02
       C   4 3   0.35E+01  0.37E+00  0.20E+01  0.59E+03  0.22E+02
       C   4 4   0.38E+01  0.39E+00  0.22E+01  0.63E+03  0.24E+02
       Cl  1 1   0.14E+04 -0.47E+00  0.84E+01  0.32E+09  0.42E+03
       Cl  2 1   0.21E+04 -0.37E+00  0.12E+02  0.49E+09  0.65E+03
       Cl  2 2   0.33E+04 -0.16E+00  0.21E+02  0.76E+09  0.10E+04
       Cl  3 3   0.21E+02  0.79E-01  0.89E+01  0.23E+05  0.13E+03
       Cl  4 3   0.24E+02  0.67E-01  0.99E+01  0.27E+05  0.15E+03
       Cl  4 4   0.28E+02  0.44E-01  0.11E+02  0.32E+05  0.18E+03
       Cl  5 5   0.77E+00  0.19E+00  0.18E+01  0.12E+03  0.22E+02
       Cl  6 5   0.80E+00  0.19E+00  0.19E+01  0.12E+03  0.23E+02
       Cl  6 6   0.83E+00  0.20E+00  0.19E+01  0.12E+03  0.23E+02
       H   1 1   0.39E+02  0.19E+00  0.29E+00  0.78E+05  0.13E+02
       H   2 1   0.41E+02  0.21E+00  0.32E+00  0.82E+05  0.14E+02
       H   2 2   0.43E+02  0.22E+00  0.36E+00  0.86E+05  0.15E+02
     ------------------------------------------------------------

     alpha_pv=     33.7508 eV

     Number of occupied bands for each k-point:
     k-point:     1    nbnd_occ=  42
     k-point:     2    nbnd_occ=  42
     k-point:     3    nbnd_occ=  42
     k-point:     4    nbnd_occ=  42
     k-point:     5    nbnd_occ=  42
     k-point:     6    nbnd_occ=  42
     k-point:     7    nbnd_occ=  42
     k-point:     8    nbnd_occ=  42
     k-point:     9    nbnd_occ=  42
     k-point:    10    nbnd_occ=  42
     k-point:    11    nbnd_occ=  42
     k-point:    12    nbnd_occ=  42
     k-point:    13    nbnd_occ=  42
     k-point:    14    nbnd_occ=  42
     k-point:    15    nbnd_occ=  42
     k-point:    16    nbnd_occ=  42


     q-space interpolation up to   110.00 Rydberg

     GIPAW job: efg                                                                             


     ELECTRIC FIELD GRADIENTS TENSORS IN Hartree/bohrradius^2:

     ----- bare term -----
     Cl   1        0.005655        0.000270        0.009620
     Cl   1        0.000270       -0.058276        0.078335
     Cl   1        0.009620        0.078335        0.052621

     C    2       -0.186300        0.193664       -0.287352
     C    2        0.193664       -0.311235       -0.463268
     C    2       -0.287352       -0.463268        0.497536

     C    3       -0.347986        0.107850       -0.233383
     C    3        0.107850       -0.138442       -0.470298
     C    3       -0.233383       -0.470298        0.486429

     H    4        0.007859       -0.099067       -0.529923
     H    4       -0.099067        0.466395       -0.034915
     H    4       -0.529923       -0.034915       -0.474255

     C    5       -0.356055        0.250052       -0.331858
     C    5        0.250052       -0.095964       -0.422740
     C    5       -0.331858       -0.422740        0.452019

     H    6        0.334393        0.034839        0.010614
     H    6        0.034839       -0.453368       -0.519202
     H    6        0.010614       -0.519202        0.118975

     H    7        0.405556        0.149324       -0.158225
     H    7        0.149324       -0.286713        0.604585
     H    7       -0.158225        0.604585       -0.118842

     C    8       -0.178197       -0.304217       -0.087519
     C    8       -0.304217       -0.397060        0.341430
     C    8       -0.087519        0.341430        0.575257

     H    9       -0.339160        0.025797       -0.585980
     H    9        0.025797        0.324192        0.038636
     H    9       -0.585980        0.038636        0.014968

     C   10       -0.320587       -0.234726       -0.294435
     C   10       -0.234726       -0.122184        0.427669
     C   10       -0.294435        0.427669        0.442771

     C   11       -0.048966        0.164184       -0.442432
     C   11        0.164184       -0.145037        0.567635
     C   11       -0.442432        0.567635        0.194002

     Cl  12       -0.091079       -0.133994        0.102887
     Cl  12       -0.133994       -0.081948        0.046009
     Cl  12        0.102887        0.046009        0.173027

     H   13        0.501570       -0.130394       -0.016372
     H   13       -0.130394       -0.660796        0.158328
     H   13       -0.016372        0.158328        0.159227

     C   14       -0.502559        0.136192       -0.345738
     C   14        0.136192       -0.079780       -0.285651
     C   14       -0.345738       -0.285651        0.582339

     H   15       -0.612675       -0.213100       -0.230626
     H   15       -0.213100        0.369704       -0.167759
     H   15       -0.230626       -0.167759        0.242971

     C   16       -0.238869        0.282537       -0.284830
     C   16        0.282537       -0.243045       -0.524278
     C   16       -0.284830       -0.524278        0.481915

     C   17       -0.192690        0.007531       -0.372705
     C   17        0.007531       -0.102088       -0.516177
     C   17       -0.372705       -0.516177        0.294777

     Cl  18       -0.177021        0.082805       -0.062544
     Cl  18        0.082805       -0.122722        0.028499
     Cl  18       -0.062544        0.028499        0.299743

     H   19        0.294147       -0.076411       -0.366976
     H   19       -0.076411       -0.166707        0.367456
     H   19       -0.366976        0.367456       -0.127440

     C   20       -0.652940       -0.315023       -0.224501
     C   20       -0.315023        0.276999        0.277067
     C   20       -0.224501        0.277067        0.375941

     H   21        0.011962       -0.145011       -0.484459
     H   21       -0.145011       -0.084878       -0.164324
     H   21       -0.484459       -0.164324        0.072916

     C   22        0.023001       -0.063345       -0.205537
     C   22       -0.063345       -0.150643        0.542802
     C   22       -0.205537        0.542802        0.127642

     C   23       -0.726263       -0.218646       -0.298582
     C   23       -0.218646        0.171026        0.066356
     C   23       -0.298582        0.066356        0.555237

     Cl  24       -0.042404        0.021770        0.040387
     Cl  24        0.021770       -0.038079       -0.044316
     Cl  24        0.040387       -0.044316        0.080483

     ----- ionic term -----
     Cl   1        0.089324       -0.209049        0.019548
     Cl   1       -0.209049        0.063271       -0.003677
     Cl   1        0.019548       -0.003677       -0.152594

     C    2        0.129137       -0.167924        0.285806
     C    2       -0.167924        0.233488        0.359191
     C    2        0.285806        0.359191       -0.362625

     C    3        0.087342       -0.163104        0.269727
     C    3       -0.163104        0.214975        0.325488
     C    3        0.269727        0.325488       -0.302317

     H    4        0.464173        0.298312        0.748638
     H    4        0.298312       -0.410660        0.259493
     H    4        0.748638        0.259493       -0.053513

     C    5        0.238450       -0.145125        0.346891
     C    5       -0.145125        0.086063        0.249756
     C    5        0.346891        0.249756       -0.324513

     H    6       -0.521189        0.040234        0.022632
     H    6        0.040234        0.743446        0.626965
     H    6        0.022632        0.626965       -0.222256

     H    7       -0.520335       -0.128775        0.076527
     H    7       -0.128775        0.710860       -0.696134
     H    7        0.076527       -0.696134       -0.190525

     C    8        0.284971        0.182999        0.242257
     C    8        0.182999        0.026164       -0.320761
     C    8        0.242257       -0.320761       -0.311135

     H    9        0.628749       -0.158457        0.739212
     H    9       -0.158457       -0.519404       -0.174883
     H    9        0.739212       -0.174883       -0.109345

     C   10        0.146447        0.223720        0.183434
     C   10        0.223720        0.114365       -0.410228
     C   10        0.183434       -0.410228       -0.260812

     C   11        0.205243        0.201627        0.286663
     C   11        0.201627        0.041633       -0.406471
     C   11        0.286663       -0.406471       -0.246876

     Cl  12        0.113491        0.209731       -0.022277
     Cl  12        0.209731        0.020952       -0.026417
     Cl  12       -0.022277       -0.026417       -0.134442

     H   13       -0.475328        0.049106        0.050304
     H   13        0.049106        0.835137        0.542189
     H   13        0.050304        0.542189       -0.359809

     C   14        0.301235       -0.214983        0.313121
     C   14       -0.214983        0.114387        0.216488
     C   14        0.313121        0.216488       -0.415622

     H   15        0.642286        0.203681        0.691059
     H   15        0.203681       -0.440865        0.188194
     H   15        0.691059        0.188194       -0.201421

     C   16        0.169916       -0.227264        0.264144
     C   16       -0.227264        0.235844        0.282495
     C   16        0.264144        0.282495       -0.405760

     C   17        0.197510       -0.131366        0.400918
     C   17       -0.131366        0.168107        0.301369
     C   17        0.400918        0.301369       -0.365617

     Cl  18        0.140590       -0.206651        0.073255
     Cl  18       -0.206651        0.026841       -0.036166
     Cl  18        0.073255       -0.036166       -0.167431

     H   19       -0.496132       -0.181643        0.166591
     H   19       -0.181643        0.462657       -0.784042
     H   19        0.166591       -0.784042        0.033474

     C   20        0.257859        0.222620        0.282994
     C   20        0.222620       -0.018863       -0.324680
     C   20        0.282994       -0.324680       -0.238996

     H   21        0.340347        0.000772        0.805744
     H   21        0.000772       -0.531747       -0.081561
     H   21        0.805744       -0.081561        0.191400

     C   22        0.050839        0.301150        0.196224
     C   22        0.301150        0.088108       -0.419745
     C   22        0.196224       -0.419745       -0.138947

     C   23        0.194739        0.129343        0.281343
     C   23        0.129343       -0.015386       -0.439194
     C   23        0.281343       -0.439194       -0.179353

     Cl  24        0.116789        0.185964       -0.015113
     Cl  24        0.185964        0.004061       -0.011769
     Cl  24       -0.015113       -0.011769       -0.120850

     ----- GIPAW term -----
     Cl   1        0.104484        0.164013       -1.054982
     Cl   1        0.164013        0.847961       -1.640385
     Cl   1       -1.054982       -1.640385       -0.952445

     C    2       -0.097902       -0.039184       -0.062396
     C    2       -0.039184       -0.099685       -0.187787
     C    2       -0.062396       -0.187787        0.197586

     C    3       -0.183290       -0.027056       -0.004924
     C    3       -0.027056       -0.077694       -0.157515
     C    3       -0.004924       -0.157515        0.260984

     H    4       -0.000000        0.000000        0.000000
     H    4        0.000000        0.000000        0.000000
     H    4        0.000000        0.000000        0.000000

     C    5       -0.059388        0.045157       -0.063048
     C    5        0.045157       -0.055349       -0.108806
     C    5       -0.063048       -0.108806        0.114737

     H    6       -0.000000        0.000000        0.000000
     H    6        0.000000        0.000000        0.000000
     H    6        0.000000        0.000000        0.000000

     H    7       -0.000000        0.000000        0.000000
     H    7        0.000000        0.000000        0.000000
     H    7        0.000000        0.000000        0.000000

     C    8       -0.087514       -0.061571        0.058187
     C    8       -0.061571       -0.190530       -0.012720
     C    8        0.058187       -0.012720        0.278044

     H    9       -0.000000        0.000000        0.000000
     H    9        0.000000        0.000000        0.000000
     H    9        0.000000        0.000000        0.000000

     C   10       -0.095882       -0.025208       -0.045082
     C   10       -0.025208       -0.016481        0.057716
     C   10       -0.045082        0.057716        0.112363

     C   11        0.107899        0.204323       -0.092593
     C   11        0.204323       -0.020377        0.082506
     C   11       -0.092593        0.082506       -0.087522

     Cl  12        1.067728        1.787397        0.827901
     Cl  12        1.787397       -0.555997        0.352577
     Cl  12        0.827901        0.352577       -0.511730

     H   13       -0.000000        0.000000        0.000000
     H   13        0.000000        0.000000        0.000000
     H   13        0.000000        0.000000        0.000000

     C   14       -0.161034        0.029844       -0.090298
     C   14        0.029844       -0.093732       -0.134300
     C   14       -0.090298       -0.134300        0.254766

     H   15       -0.000000        0.000000        0.000000
     H   15        0.000000        0.000000        0.000000
     H   15        0.000000        0.000000        0.000000

     C   16       -0.097623        0.076800       -0.140127
     C   16        0.076800       -0.053247       -0.167109
     C   16       -0.140127       -0.167109        0.150870

     C   17        0.048073       -0.141496       -0.066155
     C   17       -0.141496       -0.010956       -0.083811
     C   17       -0.066155       -0.083811       -0.037117

     Cl  18       -0.197114       -1.724049       -0.521014
     Cl  18       -1.724049       -1.074030        0.271230
     Cl  18       -0.521014        0.271230        1.271143

     H   19       -0.000000        0.000000        0.000000
     H   19        0.000000        0.000000        0.000000
     H   19        0.000000        0.000000        0.000000

     C   20       -0.157080        0.072416        0.008049
     C   20        0.072416        0.212902        0.073889
     C   20        0.008049        0.073889       -0.055822

     H   21       -0.000000        0.000000        0.000000
     H   21        0.000000        0.000000        0.000000
     H   21        0.000000        0.000000        0.000000

     C   22       -0.120676        0.052169       -0.034142
     C   22        0.052169        0.228262       -0.062014
     C   22       -0.034142       -0.062014       -0.107586

     C   23       -0.177078        0.018980        0.016958
     C   23        0.018980        0.026245       -0.189183
     C   23        0.016958       -0.189183        0.150833

     Cl  24       -0.299666        2.033687       -0.463361
     Cl  24        2.033687       -0.359983       -1.754812
     Cl  24       -0.463361       -1.754812        0.659649

     ----- total EFG -----
     Cl   1        0.199462       -0.044765       -1.025814
     Cl   1       -0.044765        0.852956       -1.565727
     Cl   1       -1.025814       -1.565727       -1.052418

     C    2       -0.155065       -0.013444       -0.063942
     C    2       -0.013444       -0.177432       -0.291864
     C    2       -0.063942       -0.291864        0.332497

     C    3       -0.443934       -0.082310        0.031421
     C    3       -0.082310       -0.001161       -0.302325
     C    3        0.031421       -0.302325        0.445095

     H    4        0.472032        0.199245        0.218715
     H    4        0.199245        0.055736        0.224578
     H    4        0.218715        0.224578       -0.527768

     C    5       -0.176992        0.150084       -0.048015
     C    5        0.150084       -0.065250       -0.281790
     C    5       -0.048015       -0.281790        0.242242

     H    6       -0.186796        0.075073        0.033246
     H    6        0.075073        0.290078        0.107764
     H    6        0.033246        0.107764       -0.103282

     H    7       -0.114780        0.020549       -0.081698
     H    7        0.020549        0.424147       -0.091548
     H    7       -0.081698       -0.091548       -0.309367

     C    8        0.019260       -0.182789        0.212925
     C    8       -0.182789       -0.561426        0.007949
     C    8        0.212925        0.007949        0.542166

     H    9        0.289589       -0.132660        0.153232
     H    9       -0.132660       -0.195212       -0.136247
     H    9        0.153232       -0.136247       -0.094377

     C   10       -0.270022       -0.036214       -0.156083
     C   10       -0.036214       -0.024300        0.075157
     C   10       -0.156083        0.075157        0.294323

     C   11        0.264177        0.570134       -0.248363
     C   11        0.570134       -0.123781        0.243670
     C   11       -0.248363        0.243670       -0.140396

     Cl  12        1.090139        1.863135        0.908511
     Cl  12        1.863135       -0.616993        0.372170
     Cl  12        0.908511        0.372170       -0.473146

     H   13        0.026241       -0.081289        0.033932
     H   13       -0.081289        0.174341        0.700517
     H   13        0.033932        0.700517       -0.200582

     C   14       -0.362359       -0.048947       -0.122915
     C   14       -0.048947       -0.059125       -0.203463
     C   14       -0.122915       -0.203463        0.421483

     H   15        0.029611       -0.009419        0.460432
     H   15       -0.009419       -0.071161        0.020436
     H   15        0.460432        0.020436        0.041550

     C   16       -0.166576        0.132073       -0.160813
     C   16        0.132073       -0.060448       -0.408892
     C   16       -0.160813       -0.408892        0.227025

     C   17        0.052894       -0.265331       -0.037942
     C   17       -0.265331        0.055064       -0.298620
     C   17       -0.037942       -0.298620       -0.107957

     Cl  18       -0.233544       -1.847895       -0.510304
     Cl  18       -1.847895       -1.169911        0.263563
     Cl  18       -0.510304        0.263563        1.403455

     H   19       -0.201985       -0.258054       -0.200386
     H   19       -0.258054        0.295950       -0.416586
     H   19       -0.200386       -0.416586       -0.093965

     C   20       -0.552162       -0.019987        0.066543
     C   20       -0.019987        0.471038        0.026277
     C   20        0.066543        0.026277        0.081123

     H   21        0.352309       -0.144239        0.321285
     H   21       -0.144239       -0.616625       -0.245885
     H   21        0.321285       -0.245885        0.264316

     C   22       -0.046836        0.289973       -0.043455
     C   22        0.289973        0.165728        0.061043
     C   22       -0.043455        0.061043       -0.118892

     C   23       -0.708603       -0.070323       -0.000280
     C   23       -0.070323        0.181885       -0.562021
     C   23       -0.000280       -0.562021        0.526718

     Cl  24       -0.225281        2.241421       -0.438086
     Cl  24        2.241421       -0.394000       -1.810896
     Cl  24       -0.438086       -1.810896        0.619282

     ----- total EFG (symmetrized) -----
     Cl   1        0.199462       -0.044765       -1.025814
     Cl   1       -0.044765        0.852956       -1.565727
     Cl   1       -1.025814       -1.565727       -1.052418

     C    2       -0.155065       -0.013444       -0.063942
     C    2       -0.013444       -0.177432       -0.291864
     C    2       -0.063942       -0.291864        0.332497

     C    3       -0.443934       -0.082310        0.031421
     C    3       -0.082310       -0.001161       -0.302325
     C    3        0.031421       -0.302325        0.445095

     H    4        0.472032        0.199245        0.218715
     H    4        0.199245        0.055736        0.224578
     H    4        0.218715        0.224578       -0.527768

     C    5       -0.176992        0.150084       -0.048015
     C    5        0.150084       -0.065250       -0.281790
     C    5       -0.048015       -0.281790        0.242242

     H    6       -0.186796        0.075073        0.033246
     H    6        0.075073        0.290078        0.107764
     H    6        0.033246        0.107764       -0.103282

     H    7       -0.114780        0.020549       -0.081698
     H    7        0.020549        0.424147       -0.091548
     H    7       -0.081698       -0.091548       -0.309367

     C    8        0.019260       -0.182789        0.212925
     C    8       -0.182789       -0.561426        0.007949
     C    8        0.212925        0.007949        0.542166

     H    9        0.289589       -0.132660        0.153232
     H    9       -0.132660       -0.195212       -0.136247
     H    9        0.153232       -0.136247       -0.094377

     C   10       -0.270022       -0.036214       -0.156083
     C   10       -0.036214       -0.024300        0.075157
     C   10       -0.156083        0.075157        0.294323

     C   11        0.264177        0.570134       -0.248363
     C   11        0.570134       -0.123781        0.243670
     C   11       -0.248363        0.243670       -0.140396

     Cl  12        1.090139        1.863135        0.908511
     Cl  12        1.863135       -0.616993        0.372170
     Cl  12        0.908511        0.372170       -0.473146

     H   13        0.026241       -0.081289        0.033932
     H   13       -0.081289        0.174341        0.700517
     H   13        0.033932        0.700517       -0.200582

     C   14       -0.362359       -0.048947       -0.122915
     C   14       -0.048947       -0.059125       -0.203463
     C   14       -0.122915       -0.203463        0.421483

     H   15        0.029611       -0.009419        0.460432
     H   15       -0.009419       -0.071161        0.020436
     H   15        0.460432        0.020436        0.041550

     C   16       -0.166576        0.132073       -0.160813
     C   16        0.132073       -0.060448       -0.408892
     C   16       -0.160813       -0.408892        0.227025

     C   17        0.052894       -0.265331       -0.037942
     C   17       -0.265331        0.055064       -0.298620
     C   17       -0.037942       -0.298620       -0.107957

     Cl  18       -0.233544       -1.847895       -0.510304
     Cl  18       -1.847895       -1.169911        0.263563
     Cl  18       -0.510304        0.263563        1.403455

     H   19       -0.201985       -0.258054       -0.200386
     H   19       -0.258054        0.295950       -0.416586
     H   19       -0.200386       -0.416586       -0.093965

     C   20       -0.552162       -0.019987        0.066543
     C   20       -0.019987        0.471038        0.026277
     C   20        0.066543        0.026277        0.081123

     H   21        0.352309       -0.144239        0.321285
     H   21       -0.144239       -0.616625       -0.245885
     H   21        0.321285       -0.245885        0.264316

     C   22       -0.046836        0.289973       -0.043455
     C   22        0.289973        0.165728        0.061043
     C   22       -0.043455        0.061043       -0.118892

     C   23       -0.708603       -0.070323       -0.000280
     C   23       -0.070323        0.181885       -0.562021
     C   23       -0.000280       -0.562021        0.526718

     Cl  24       -0.225281        2.241421       -0.438086
     Cl  24        2.241421       -0.394000       -1.810896
     Cl  24       -0.438086       -1.810896        0.619282


     NQR/NMR SPECTROSCOPIC PARAMETERS:
     Cl   1    Vxx=    0.3985    axis=(  0.885560 -0.438722 -0.152664)
     Cl   1    Vyy=    1.8802    axis=( -0.301746 -0.793156  0.529012)
     Cl   1    Vzz=   -2.2787    axis=( -0.353175 -0.422406 -0.834770)
     Cl   1  Q=        -8.1650 1e-30 m^2  Cq=        43.7157 MHz  eta= 0.65026

     C    2    Vxx=   -0.1502    axis=(  0.968582 -0.247764 -0.021504)
     C    2    Vyy=   -0.3193    axis=(  0.233985  0.878579  0.416352)
     C    2    Vzz=    0.4695    axis=( -0.084264 -0.408303  0.908949)
     C    2  Q=         1.0000 1e-30 m^2  Cq=         1.1032 MHz  eta= 0.36019

     C    3    Vxx=   -0.1423    axis=( -0.189485  0.868884  0.457314)
     C    3    Vyy=   -0.4595    axis=( -0.979896 -0.196961 -0.031792)
     C    3    Vzz=    0.6018    axis=(  0.062450 -0.454145  0.888737)
     C    3  Q=         1.0000 1e-30 m^2  Cq=         1.4140 MHz  eta= 0.52697

     H    4    Vxx=   -0.0004    axis=(  0.452942 -0.872414 -0.183675)
     H    4    Vyy=   -0.6244    axis=(  0.140200  0.273157 -0.951698)
     H    4    Vzz=    0.6249    axis=(  0.880447  0.405313  0.246036)
     H    4  Q=         1.0000 1e-30 m^2  Cq=         1.4682 MHz  eta= 0.99863

     C    5    Vxx=   -0.1125    axis=(  0.743245  0.471229  0.474900)
     C    5    Vyy=   -0.3204    axis=(  0.640047 -0.707473 -0.299704)
     C    5    Vzz=    0.4329    axis=( -0.194750 -0.526712  0.827434)
     C    5  Q=         1.0000 1e-30 m^2  Cq=         1.0172 MHz  eta= 0.48020

     H    6    Vxx=   -0.1283    axis=(  0.182538 -0.275804  0.943722)
     H    6    Vyy=   -0.2020    axis=(  0.970935 -0.100563 -0.217192)
     H    6    Vzz=    0.3304    axis=(  0.154806  0.955939  0.249431)
     H    6  Q=         1.0000 1e-30 m^2  Cq=         0.7762 MHz  eta= 0.22298

     H    7    Vxx=   -0.0898    axis=(  0.945238 -0.093497 -0.312704)
     H    7    Vyy=   -0.3473    axis=( -0.321586 -0.103131 -0.941247)
     H    7    Vzz=    0.4371    axis=(  0.055754  0.990264 -0.127551)
     H    7  Q=         1.0000 1e-30 m^2  Cq=         1.0270 MHz  eta= 0.58918

     C    8    Vxx=   -0.0022    axis=(  0.890987 -0.296137 -0.344159)
     C    8    Vyy=   -0.6182    axis=(  0.293730  0.953976 -0.060433)
     C    8    Vzz=    0.6204    axis=(  0.346216 -0.047245  0.936964)
     C    8  Q=         1.0000 1e-30 m^2  Cq=         1.4578 MHz  eta= 0.99281

     H    9    Vxx=   -0.1025    axis=(  0.454358  0.465764 -0.759357)
     H    9    Vyy=   -0.2911    axis=(  0.048217  0.838317  0.543046)
     H    9    Vzz=    0.3936    axis=( -0.889513  0.283352 -0.358438)
     H    9  Q=         1.0000 1e-30 m^2  Cq=         0.9248 MHz  eta= 0.47919

     C   10    Vxx=   -0.0411    axis=( -0.004025  0.975400 -0.220406)
     C   10    Vyy=   -0.3113    axis=( -0.968420 -0.058749 -0.242305)
     C   10    Vzz=    0.3524    axis=( -0.249293  0.212471  0.944833)
     C   10  Q=         1.0000 1e-30 m^2  Cq=         0.8280 MHz  eta= 0.76656

     C   11    Vxx=    0.0541    axis=( -0.224868  0.457590  0.860259)
     C   11    Vyy=    0.6774    axis=( -0.823715 -0.560892  0.083034)
     C   11    Vzz=   -0.7316    axis=(  0.520508 -0.689936  0.503050)
     C   11  Q=         1.0000 1e-30 m^2  Cq=        -1.7189 MHz  eta= 0.85199

     Cl  12    Vxx=   -0.7505    axis=( -0.166917 -0.294006  0.941116)
     Cl  12    Vyy=   -1.8404    axis=( -0.563622  0.811628  0.153589)
     Cl  12    Vzz=    2.5909    axis=( -0.808992 -0.504797 -0.301183)
     Cl  12  Q=        -8.1650 1e-30 m^2  Cq=       -49.7058 MHz  eta= 0.42064

     H   13    Vxx=    0.0310    axis=(  0.993070 -0.009371  0.117154)
     H   13    Vyy=    0.7149    axis=(  0.063881 -0.793676 -0.604977)
     H   13    Vzz=   -0.7459    axis=(  0.098652  0.608268 -0.787577)
     H   13  Q=         1.0000 1e-30 m^2  Cq=        -1.7525 MHz  eta= 0.91684

     C   14    Vxx=   -0.1052    axis=( -0.306882  0.909688  0.279806)
     C   14    Vyy=   -0.4022    axis=(  0.944875  0.255936  0.204225)
     C   14    Vzz=    0.5074    axis=( -0.114168 -0.327055  0.938084)
     C   14  Q=         1.0000 1e-30 m^2  Cq=         1.1921 MHz  eta= 0.58534

     H   15    Vxx=   -0.0700    axis=( -0.051974  0.998146  0.031665)
     H   15    Vyy=   -0.4261    axis=( -0.710068 -0.059233  0.701637)
     H   15    Vzz=    0.4962    axis=(  0.702212  0.013983  0.711830)
     H   15  Q=         1.0000 1e-30 m^2  Cq=         1.1658 MHz  eta= 0.71775

     C   16    Vxx=   -0.2231    axis=( -0.956816  0.064211 -0.283513)
     C   16    Vyy=   -0.3517    axis=(  0.108527 -0.825875 -0.553310)
     C   16    Vzz=    0.5748    axis=( -0.269675 -0.560185  0.783242)
     C   16  Q=         1.0000 1e-30 m^2  Cq=         1.3506 MHz  eta= 0.22382

     C   17    Vxx=    0.0208    axis=(  0.745345  0.181861 -0.641394)
     C   17    Vyy=    0.4012    axis=( -0.527312  0.749487 -0.400263)
     C   17    Vzz=   -0.4220    axis=(  0.407925  0.636549  0.654525)
     C   17  Q=         1.0000 1e-30 m^2  Cq=        -0.9916 MHz  eta= 0.90141

     Cl  18    Vxx=    0.7321    axis=( -0.592663  0.486891 -0.641629)
     Cl  18    Vyy=    1.8787    axis=( -0.517662  0.380042  0.766547)
     Cl  18    Vzz=   -2.6108    axis=( -0.617071 -0.786451 -0.026808)
     Cl  18  Q=        -8.1650 1e-30 m^2  Cq=        50.0876 MHz  eta= 0.43919

     H   19    Vxx=    0.0231    axis=(  0.769192 -0.199425 -0.607103)
     H   19    Vyy=    0.5788    axis=(  0.159755 -0.859875  0.484865)
     H   19    Vzz=   -0.6019    axis=(  0.618726  0.469942  0.629550)
     H   19  Q=         1.0000 1e-30 m^2  Cq=        -1.4142 MHz  eta= 0.92331

     C   20    Vxx=    0.0865    axis=(  0.105352 -0.062349  0.992478)
     C   20    Vyy=    0.4730    axis=(  0.015279 -0.997813 -0.064306)
     C   20    Vzz=   -0.5596    axis=(  0.994318  0.021939 -0.104169)
     C   20  Q=         1.0000 1e-30 m^2  Cq=        -1.3148 MHz  eta= 0.69071

     H   21    Vxx=   -0.0047    axis=( -0.690899 -0.123383  0.712345)
     H   21    Vyy=   -0.6844    axis=( -0.063806 -0.971077 -0.230082)
     H   21    Vzz=    0.6891    axis=(  0.720130 -0.204415  0.663044)
     H   21  Q=         1.0000 1e-30 m^2  Cq=         1.6190 MHz  eta= 0.98634

     C   22    Vxx=   -0.0892    axis=( -0.358877  0.189373  0.913972)
     C   22    Vyy=   -0.2804    axis=( -0.741451  0.536963 -0.402393)
     C   22    Vzz=    0.3696    axis=( -0.566972 -0.822076 -0.052293)
     C   22  Q=         1.0000 1e-30 m^2  Cq=         0.8684 MHz  eta= 0.51742

     C   23    Vxx=   -0.2269    axis=( -0.116582  0.796187  0.593713)
     C   23    Vyy=   -0.7163    axis=( -0.992861 -0.108599 -0.049326)
     C   23    Vzz=    0.9432    axis=(  0.025204 -0.595225  0.803164)
     C   23  Q=         1.0000 1e-30 m^2  Cq=         2.2162 MHz  eta= 0.51885

     Cl  24    Vxx=   -0.1499    axis=(  0.630465  0.169257  0.757540)
     Cl  24    Vyy=   -2.8870    axis=( -0.580389  0.750835  0.315271)
     Cl  24    Vzz=    3.0369    axis=( -0.515425 -0.638435  0.571610)
     Cl  24  Q=        -8.1650 1e-30 m^2  Cq=       -58.2616 MHz  eta= 0.90126

     Initialization:
     gipaw_setup  :      9.51s CPU     11.16s WALL (       1 calls)

     Linear response

     Apply operators

     Induced current

     Other routines
     efg          :      9.50s CPU     12.02s WALL (       1 calls)

     General routines
     calbec       :      3.40s CPU      4.48s WALL (      16 calls)
     fft          :      1.48s CPU      1.97s WALL (      15 calls)
     ffts         :      0.04s CPU      0.04s WALL (       2 calls)
     fftw         :      3.30s CPU      4.13s WALL (     672 calls)
     davcio       :      0.04s CPU      0.33s WALL (      32 calls)

     Parallel routines
     fft_scatter  :      2.17s CPU      3.27s WALL (     689 calls)

     Plugins

     GIPAW        :     63.63s CPU     76.29s WALL (       1 calls)
