
     Program QE v.6.0 (svn rev. 13079) starts on 25Dec2016 at  3:32:25 

     This program is part of the open-source Quantum ESPRESSO suite
     for quantum simulation of materials; please cite
         "P. Giannozzi et al., J. Phys.:Condens. Matter 21 395502 (2009);
          URL http://www.quantum-espresso.org", 
     in publications or presentations arising from this work. More details at
     http://www.quantum-espresso.org/quote

     Parallel version (MPI), running on     8 processors
     R & G space division:  proc/nbgrp/npool/nimage =       8

     ***** This is GIPAW svn revision unknown      *****

     Parallelizing q-star over 1 images

     Reading data from directory:
     /users/majewski/paradichlorobenzene/pbe/9_constraint/scratch/pbe.ecut100.np8.dt60.pcl2phi-129368.save
     Message from routine read_xml_file:
     file /users/majewski/paradichlorobenzene/pbe/9_constraint/scratch/pbe.ecut100.np8.dt60.pcl2phi-129368.save not guaranteed to be safe for post-processing

   Info: using nr1, nr2, nr3 values from input

   Info: using nr1, nr2, nr3 values from input

     IMPORTANT: XC functional enforced from input :
     Exchange-correlation      =  SLA  PW   PBX  PBC ( 1  4  3  4 0 0)
     Any further DFT definition will be discarded
     Please, verify this is what you really want

               file C.pbe-n-kjpaw_psl.1.0.0.UPF: wavefunction(s)  2S 2P renormalized
               file Cl.pbe-n-kjpaw_psl.1.0.0.UPF: wavefunction(s)  3S 3P renormalized
               file H.pbe-kjpaw_psl.1.0.0.UPF: wavefunction(s)  1S renormalized

     Parallelization info
     --------------------
     sticks:   dense  smooth     PW     G-vecs:    dense   smooth      PW
     Min        3057    1223    332               144436    36536    5170
     Max        3059    1225    333               144437    36537    5171
     Sum       24467    9791   2657              1155489   292295   41363


     Subspace diagonalization in iterative solution of the eigenvalue problem:
     a serial algorithm will be used

     GIPAW projectors -----------------------------------------------
     atom=  C    l=0  rc=    1.2000  rs=    0.8000
     atom=  C    l=0  rc=    1.2000  rs=    0.8000
     atom=  C    l=1  rc=    1.4000  rs=    0.9333
     atom=  C    l=1  rc=    1.4000  rs=    0.9333
     projs nearly linearly dependent: l=1  n1,n2= 1, 2  s=  0.99951561

     atom=  Cl   l=0  rc=    1.6000  rs=    1.0667
     atom=  Cl   l=0  rc=    1.6000  rs=    1.0667
     atom=  Cl   l=1  rc=    1.6000  rs=    1.0667
     atom=  Cl   l=1  rc=    1.6000  rs=    1.0667
     atom=  Cl   l=2  rc=    1.6000  rs=    1.0667
     atom=  Cl   l=2  rc=    1.6000  rs=    1.0667
     projs nearly linearly dependent: l=2  n1,n2= 1, 2  s=  0.99993509

     atom=  H    l=0  rc=    1.0000  rs=    0.6667
     atom=  H    l=0  rc=    1.0000  rs=    0.6667
     projs nearly linearly dependent: l=0  n1,n2= 1, 2  s=  0.99968852
     -----------------------------------------------------------------

     GIPAW integrals: -------------------------------------------
     Atom  i/j   nmr_para   nmr_dia   epr_rmc  epr_para   epr_dia
       C   1 1   0.83E+03  0.17E-01  0.93E+01  0.24E+08  0.24E+03
       C   2 1   0.86E+03 -0.61E-01  0.94E+01  0.25E+08  0.25E+03
       C   2 2   0.90E+03 -0.15E+00  0.97E+01  0.26E+08  0.26E+03
       C   3 3   0.33E+01  0.34E+00  0.18E+01  0.55E+03  0.21E+02
       C   4 3   0.35E+01  0.37E+00  0.20E+01  0.59E+03  0.22E+02
       C   4 4   0.38E+01  0.39E+00  0.22E+01  0.63E+03  0.24E+02
       Cl  1 1   0.14E+04 -0.47E+00  0.84E+01  0.32E+09  0.42E+03
       Cl  2 1   0.21E+04 -0.37E+00  0.12E+02  0.49E+09  0.65E+03
       Cl  2 2   0.33E+04 -0.16E+00  0.21E+02  0.76E+09  0.10E+04
       Cl  3 3   0.21E+02  0.79E-01  0.89E+01  0.23E+05  0.13E+03
       Cl  4 3   0.24E+02  0.67E-01  0.99E+01  0.27E+05  0.15E+03
       Cl  4 4   0.28E+02  0.44E-01  0.11E+02  0.32E+05  0.18E+03
       Cl  5 5   0.77E+00  0.19E+00  0.18E+01  0.12E+03  0.22E+02
       Cl  6 5   0.80E+00  0.19E+00  0.19E+01  0.12E+03  0.23E+02
       Cl  6 6   0.83E+00  0.20E+00  0.19E+01  0.12E+03  0.23E+02
       H   1 1   0.39E+02  0.19E+00  0.29E+00  0.78E+05  0.13E+02
       H   2 1   0.41E+02  0.21E+00  0.32E+00  0.82E+05  0.14E+02
       H   2 2   0.43E+02  0.22E+00  0.36E+00  0.86E+05  0.15E+02
     ------------------------------------------------------------

     alpha_pv=     33.9323 eV

     Number of occupied bands for each k-point:
     k-point:     1    nbnd_occ=  42
     k-point:     2    nbnd_occ=  42
     k-point:     3    nbnd_occ=  42
     k-point:     4    nbnd_occ=  42
     k-point:     5    nbnd_occ=  42
     k-point:     6    nbnd_occ=  42
     k-point:     7    nbnd_occ=  42
     k-point:     8    nbnd_occ=  42
     k-point:     9    nbnd_occ=  42
     k-point:    10    nbnd_occ=  42
     k-point:    11    nbnd_occ=  42
     k-point:    12    nbnd_occ=  42
     k-point:    13    nbnd_occ=  42
     k-point:    14    nbnd_occ=  42
     k-point:    15    nbnd_occ=  42
     k-point:    16    nbnd_occ=  42


     q-space interpolation up to   110.00 Rydberg

     GIPAW job: efg                                                                             


     ELECTRIC FIELD GRADIENTS TENSORS IN Hartree/bohrradius^2:

     ----- bare term -----
     Cl   1        0.069740        0.079359        0.025401
     Cl   1        0.079359       -0.080252        0.003547
     Cl   1        0.025401        0.003547        0.010511

     C    2       -0.645290        0.444916       -0.330455
     C    2        0.444916        0.296912       -0.163722
     C    2       -0.330455       -0.163722        0.348379

     C    3        0.069486       -0.258522       -0.390085
     C    3       -0.258522       -0.264913       -0.534108
     C    3       -0.390085       -0.534108        0.195427

     H    4       -0.675604       -0.062534        0.094069
     H    4       -0.062534        0.414535       -0.217808
     H    4        0.094069       -0.217808        0.261069

     C    5       -0.460654        0.320967       -0.303138
     C    5        0.320967        0.059643       -0.101681
     C    5       -0.303138       -0.101681        0.401011

     H    6       -0.147033       -0.273173        0.052119
     H    6       -0.273173       -0.296677       -0.370327
     H    6        0.052119       -0.370327        0.443710

     H    7        0.433224        0.134495       -0.056684
     H    7        0.134495       -0.614610        0.520872
     H    7       -0.056684        0.520872        0.181386

     C    8       -0.165771       -0.190029       -0.218955
     C    8       -0.190029       -0.051837        0.433545
     C    8       -0.218955        0.433545        0.217608

     H    9       -0.053945        0.203106       -0.440934
     H    9        0.203106        0.242949        0.451029
     H    9       -0.440934        0.451029       -0.189004

     C   10       -0.716365       -0.381781       -0.297795
     C   10       -0.381781        0.346278        0.160836
     C   10       -0.297795        0.160836        0.370087

     C   11       -0.003548       -0.167783       -0.186272
     C   11       -0.167783        0.000141        0.621175
     C   11       -0.186272        0.621175        0.003407

     Cl  12       -0.094532       -0.211338       -0.039759
     Cl  12       -0.211338        0.149777        0.052511
     Cl  12       -0.039759        0.052511       -0.055245

     H   13        0.247018       -0.398090        0.131412
     H   13       -0.398090       -0.555877        0.138772
     H   13        0.131412        0.138772        0.308859

     C   14       -0.055658        0.045443       -0.091356
     C   14        0.045443       -0.145894       -0.143644
     C   14       -0.091356       -0.143644        0.201553

     H   15       -0.363482       -0.451529        0.148996
     H   15       -0.451529        0.142468        0.145520
     H   15        0.148996        0.145520        0.221013

     C   16       -0.232197        0.194425        0.007033
     C   16        0.194425       -0.078123       -0.214690
     C   16        0.007033       -0.214690        0.310319

     C   17       -0.161885       -0.243291       -0.314547
     C   17       -0.243291       -0.004423       -0.737708
     C   17       -0.314547       -0.737708        0.166308

     Cl  18       -0.075605        0.186056        0.012692
     Cl  18        0.186056       -0.051117       -0.028065
     Cl  18        0.012692       -0.028065        0.126722

     H   19        0.366570       -0.041888       -0.175688
     H   19       -0.041888       -0.464869        0.553412
     H   19       -0.175688        0.553412        0.098300

     C   20       -0.870000       -0.388898       -0.378244
     C   20       -0.388898        0.518199        0.127150
     C   20       -0.378244        0.127150        0.351802

     H   21       -0.120836       -0.003799       -0.542649
     H   21       -0.003799        0.093945       -0.118413
     H   21       -0.542649       -0.118413        0.026891

     C   22        0.013792       -0.246232       -0.147501
     C   22       -0.246232       -0.069094        0.628487
     C   22       -0.147501        0.628487        0.055302

     C   23       -0.563173       -0.413902       -0.422759
     C   23       -0.413902        0.327054        0.193664
     C   23       -0.422759        0.193664        0.236118

     Cl  24       -0.010790       -0.064288        0.041441
     Cl  24       -0.064288        0.059322       -0.091062
     Cl  24        0.041441       -0.091062       -0.048533

     ----- ionic term -----
     Cl   1        0.114655       -0.193440       -0.025123
     Cl   1       -0.193440        0.019544        0.014646
     Cl   1       -0.025123        0.014646       -0.134200

     C    2        0.285368       -0.081874        0.151615
     C    2       -0.081874        0.184365        0.284481
     C    2        0.151615        0.284481       -0.469732

     C    3        0.215789       -0.129789        0.120679
     C    3       -0.129789        0.272963        0.300211
     C    3        0.120679        0.300211       -0.488752

     H    4        0.757127        0.459970        0.441461
     H    4        0.459970       -0.316457        0.197930
     H    4        0.441461        0.197930       -0.440670

     C    5        0.365749       -0.115654        0.178260
     C    5       -0.115654        0.139335        0.244571
     C    5        0.178260        0.244571       -0.505084

     H    6       -0.452858        0.287418        0.119990
     H    6        0.287418        0.802360        0.526874
     H    6        0.119990        0.526874       -0.349502

     H    7       -0.510067       -0.055787        0.063907
     H    7       -0.055787        0.611674       -0.738356
     H    7        0.063907       -0.738356       -0.101607

     C    8        0.327383        0.266642        0.303715
     C    8        0.266642       -0.012801       -0.305749
     C    8        0.303715       -0.305749       -0.314583

     H    9        0.398254       -0.139850        0.790006
     H    9       -0.139850       -0.513967       -0.196565
     H    9        0.790006       -0.196565        0.115713

     C   10        0.161559        0.336164        0.199416
     C   10        0.336164        0.112402       -0.371504
     C   10        0.199416       -0.371504       -0.273961

     C   11        0.215784        0.194950        0.231282
     C   11        0.194950        0.080206       -0.380255
     C   11        0.231282       -0.380255       -0.295990

     Cl  12        0.132893        0.177841       -0.001546
     Cl  12        0.177841        0.011818       -0.008389
     Cl  12       -0.001546       -0.008389       -0.144712

     H   13       -0.444582        0.287762        0.104406
     H   13        0.287762        0.788243        0.540991
     H   13        0.104406        0.540991       -0.343661

     C   14        0.362649       -0.160795        0.171060
     C   14       -0.160795        0.160140        0.235723
     C   14        0.171060        0.235723       -0.522789

     H   15        0.859786        0.333199        0.476848
     H   15        0.333199       -0.385460        0.170780
     H   15        0.476848        0.170780       -0.474326

     C   16        0.204287       -0.188554        0.146257
     C   16       -0.188554        0.315248        0.319413
     C   16        0.146257        0.319413       -0.519535

     C   17        0.243319       -0.105264        0.232131
     C   17       -0.105264        0.264524        0.281788
     C   17        0.232131        0.281788       -0.507843

     Cl  18        0.108083       -0.195591        0.029644
     Cl  18       -0.195591        0.070209       -0.018733
     Cl  18        0.029644       -0.018733       -0.178292

     H   19       -0.496678       -0.193768        0.124287
     H   19       -0.193768        0.666786       -0.696262
     H   19        0.124287       -0.696262       -0.170109

     C   20        0.309907        0.192601        0.283875
     C   20        0.192601        0.059786       -0.280197
     C   20        0.283875       -0.280197       -0.369693

     H   21        0.518471       -0.256672        0.739644
     H   21       -0.256672       -0.441818       -0.239958
     H   21        0.739644       -0.239958       -0.076653

     C   22        0.142554        0.257693        0.223164
     C   22        0.257693        0.174432       -0.365265
     C   22        0.223164       -0.365265       -0.316986

     C   23        0.187536        0.189904        0.280175
     C   23        0.189904        0.079897       -0.407109
     C   23        0.280175       -0.407109       -0.267433

     Cl  24        0.144080        0.209673       -0.020059
     Cl  24        0.209673       -0.002435       -0.020816
     Cl  24       -0.020059       -0.020816       -0.141645

     ----- GIPAW term -----
     Cl   1       -0.183908       -1.213683        0.049599
     Cl   1       -1.213683        2.175900        1.101920
     Cl   1        0.049599        1.101920       -1.991992

     C    2       -0.152130        0.010034       -0.033426
     C    2        0.010034        0.264362       -0.038670
     C    2       -0.033426       -0.038670       -0.112233

     C    3       -0.000682       -0.221715       -0.153166
     C    3       -0.221715        0.051181        0.063127
     C    3       -0.153166        0.063127       -0.050498

     H    4       -0.000000        0.000000        0.000000
     H    4        0.000000        0.000000        0.000000
     H    4        0.000000        0.000000        0.000000

     C    5        0.033769       -0.161392       -0.085832
     C    5       -0.161392        0.055735        0.076069
     C    5       -0.085832        0.076069       -0.089505

     H    6       -0.000000        0.000000        0.000000
     H    6        0.000000        0.000000        0.000000
     H    6        0.000000        0.000000        0.000000

     H    7       -0.000000        0.000000        0.000000
     H    7        0.000000        0.000000        0.000000
     H    7        0.000000        0.000000        0.000000

     C    8       -0.089755       -0.073658       -0.011487
     C    8       -0.073658        0.168681        0.028426
     C    8       -0.011487        0.028426       -0.078927

     H    9       -0.000000        0.000000        0.000000
     H    9        0.000000        0.000000        0.000000
     H    9        0.000000        0.000000        0.000000

     C   10       -0.251133       -0.063761       -0.057279
     C   10       -0.063761        0.318682       -0.041054
     C   10       -0.057279       -0.041054       -0.067548

     C   11       -0.014473       -0.051922       -0.021232
     C   11       -0.051922        0.222488        0.076472
     C   11       -0.021232        0.076472       -0.208015

     Cl  12        0.711576        0.461506       -0.396808
     Cl  12        0.461506        1.454217        0.467571
     Cl  12       -0.396808        0.467571       -2.165793

     H   13       -0.000000        0.000000        0.000000
     H   13        0.000000        0.000000        0.000000
     H   13        0.000000        0.000000        0.000000

     C   14       -0.021015        0.040972       -0.029005
     C   14        0.040972        0.021695       -0.085167
     C   14       -0.029005       -0.085167       -0.000680

     H   15       -0.000000        0.000000        0.000000
     H   15        0.000000        0.000000        0.000000
     H   15        0.000000        0.000000        0.000000

     C   16       -0.085371        0.032044       -0.022782
     C   16        0.032044        0.029060       -0.106071
     C   16       -0.022782       -0.106071        0.056311

     C   17       -0.063511       -0.172899       -0.010286
     C   17       -0.172899        0.081718       -0.253590
     C   17       -0.010286       -0.253590       -0.018207

     Cl  18        1.549960       -1.947219        0.070118
     Cl  18       -1.947219       -0.202883       -0.157326
     Cl  18        0.070118       -0.157326       -1.347077

     H   19       -0.000000        0.000000        0.000000
     H   19        0.000000        0.000000        0.000000
     H   19        0.000000        0.000000        0.000000

     C   20       -0.244331       -0.063592       -0.038124
     C   20       -0.063592        0.329107       -0.026598
     C   20       -0.038124       -0.026598       -0.084776

     H   21       -0.000000        0.000000        0.000000
     H   21        0.000000        0.000000        0.000000
     H   21        0.000000        0.000000        0.000000

     C   22       -0.110807       -0.070935       -0.016833
     C   22       -0.070935        0.251960        0.094843
     C   22       -0.016833        0.094843       -0.141154

     C   23       -0.124067       -0.092654       -0.059855
     C   23       -0.092654        0.274782        0.031757
     C   23       -0.059855        0.031757       -0.150714

     Cl  24        0.043239        0.615656        0.509112
     Cl  24        0.615656        1.873914       -1.626851
     Cl  24        0.509112       -1.626851       -1.917153

     ----- total EFG -----
     Cl   1        0.000488       -1.327763        0.049876
     Cl   1       -1.327763        2.115193        1.120113
     Cl   1        0.049876        1.120113       -2.115681

     C    2       -0.512053        0.373075       -0.212267
     C    2        0.373075        0.745639        0.082089
     C    2       -0.212267        0.082089       -0.233586

     C    3        0.284593       -0.610026       -0.422572
     C    3       -0.610026        0.059231       -0.170770
     C    3       -0.422572       -0.170770       -0.343823

     H    4        0.081523        0.397437        0.535529
     H    4        0.397437        0.098079       -0.019878
     H    4        0.535529       -0.019878       -0.179601

     C    5       -0.061136        0.043921       -0.210710
     C    5        0.043921        0.254714        0.218958
     C    5       -0.210710        0.218958       -0.193578

     H    6       -0.599891        0.014245        0.172109
     H    6        0.014245        0.505683        0.156547
     H    6        0.172109        0.156547        0.094208

     H    7       -0.076843        0.078707        0.007223
     H    7        0.078707       -0.002936       -0.217484
     H    7        0.007223       -0.217484        0.079779

     C    8        0.071858        0.002955        0.073273
     C    8        0.002955        0.104044        0.156222
     C    8        0.073273        0.156222       -0.175901

     H    9        0.344309        0.063256        0.349072
     H    9        0.063256       -0.271018        0.254463
     H    9        0.349072        0.254463       -0.073291

     C   10       -0.805940       -0.109377       -0.155658
     C   10       -0.109377        0.777362       -0.251722
     C   10       -0.155658       -0.251722        0.028578

     C   11        0.197764       -0.024755        0.023778
     C   11       -0.024755        0.302835        0.317392
     C   11        0.023778        0.317392       -0.500599

     Cl  12        0.749938        0.428009       -0.438113
     Cl  12        0.428009        1.615812        0.511693
     Cl  12       -0.438113        0.511693       -2.365750

     H   13       -0.197564       -0.110328        0.235818
     H   13       -0.110328        0.232366        0.679763
     H   13        0.235818        0.679763       -0.034802

     C   14        0.285976       -0.074381        0.050698
     C   14       -0.074381        0.035940        0.006912
     C   14        0.050698        0.006912       -0.321916

     H   15        0.496304       -0.118330        0.625844
     H   15       -0.118330       -0.242992        0.316300
     H   15        0.625844        0.316300       -0.253313

     C   16       -0.113280        0.037914        0.130509
     C   16        0.037914        0.266185       -0.001349
     C   16        0.130509       -0.001349       -0.152905

     C   17        0.017923       -0.521454       -0.092703
     C   17       -0.521454        0.341818       -0.709510
     C   17       -0.092703       -0.709510       -0.359742

     Cl  18        1.582438       -1.956754        0.112454
     Cl  18       -1.956754       -0.183791       -0.204124
     Cl  18        0.112454       -0.204124       -1.398647

     H   19       -0.130108       -0.235656       -0.051401
     H   19       -0.235656        0.201917       -0.142850
     H   19       -0.051401       -0.142850       -0.071809

     C   20       -0.804425       -0.259889       -0.132493
     C   20       -0.259889        0.907092       -0.179645
     C   20       -0.132493       -0.179645       -0.102667

     H   21        0.397635       -0.260470        0.196995
     H   21       -0.260470       -0.347873       -0.358371
     H   21        0.196995       -0.358371       -0.049762

     C   22        0.045540       -0.059473        0.058830
     C   22       -0.059473        0.357298        0.358065
     C   22        0.058830        0.358065       -0.402838

     C   23       -0.499704       -0.316652       -0.202439
     C   23       -0.316652        0.681733       -0.181688
     C   23       -0.202439       -0.181688       -0.182029

     Cl  24        0.176529        0.761041        0.530494
     Cl  24        0.761041        1.930801       -1.738729
     Cl  24        0.530494       -1.738729       -2.107331

     ----- total EFG (symmetrized) -----
     Cl   1        0.000488       -1.327763        0.049876
     Cl   1       -1.327763        2.115193        1.120113
     Cl   1        0.049876        1.120113       -2.115681

     C    2       -0.512053        0.373075       -0.212267
     C    2        0.373075        0.745639        0.082089
     C    2       -0.212267        0.082089       -0.233586

     C    3        0.284593       -0.610026       -0.422572
     C    3       -0.610026        0.059231       -0.170770
     C    3       -0.422572       -0.170770       -0.343823

     H    4        0.081523        0.397437        0.535529
     H    4        0.397437        0.098079       -0.019878
     H    4        0.535529       -0.019878       -0.179601

     C    5       -0.061136        0.043921       -0.210710
     C    5        0.043921        0.254714        0.218958
     C    5       -0.210710        0.218958       -0.193578

     H    6       -0.599891        0.014245        0.172109
     H    6        0.014245        0.505683        0.156547
     H    6        0.172109        0.156547        0.094208

     H    7       -0.076843        0.078707        0.007223
     H    7        0.078707       -0.002936       -0.217484
     H    7        0.007223       -0.217484        0.079779

     C    8        0.071858        0.002955        0.073273
     C    8        0.002955        0.104044        0.156222
     C    8        0.073273        0.156222       -0.175901

     H    9        0.344309        0.063256        0.349072
     H    9        0.063256       -0.271018        0.254463
     H    9        0.349072        0.254463       -0.073291

     C   10       -0.805940       -0.109377       -0.155658
     C   10       -0.109377        0.777362       -0.251722
     C   10       -0.155658       -0.251722        0.028578

     C   11        0.197764       -0.024755        0.023778
     C   11       -0.024755        0.302835        0.317392
     C   11        0.023778        0.317392       -0.500599

     Cl  12        0.749938        0.428009       -0.438113
     Cl  12        0.428009        1.615812        0.511693
     Cl  12       -0.438113        0.511693       -2.365750

     H   13       -0.197564       -0.110328        0.235818
     H   13       -0.110328        0.232366        0.679763
     H   13        0.235818        0.679763       -0.034802

     C   14        0.285976       -0.074381        0.050698
     C   14       -0.074381        0.035940        0.006912
     C   14        0.050698        0.006912       -0.321916

     H   15        0.496304       -0.118330        0.625844
     H   15       -0.118330       -0.242992        0.316300
     H   15        0.625844        0.316300       -0.253313

     C   16       -0.113280        0.037914        0.130509
     C   16        0.037914        0.266185       -0.001349
     C   16        0.130509       -0.001349       -0.152905

     C   17        0.017923       -0.521454       -0.092703
     C   17       -0.521454        0.341818       -0.709510
     C   17       -0.092703       -0.709510       -0.359742

     Cl  18        1.582438       -1.956754        0.112454
     Cl  18       -1.956754       -0.183791       -0.204124
     Cl  18        0.112454       -0.204124       -1.398647

     H   19       -0.130108       -0.235656       -0.051401
     H   19       -0.235656        0.201917       -0.142850
     H   19       -0.051401       -0.142850       -0.071809

     C   20       -0.804425       -0.259889       -0.132493
     C   20       -0.259889        0.907092       -0.179645
     C   20       -0.132493       -0.179645       -0.102667

     H   21        0.397635       -0.260470        0.196995
     H   21       -0.260470       -0.347873       -0.358371
     H   21        0.196995       -0.358371       -0.049762

     C   22        0.045540       -0.059473        0.058830
     C   22       -0.059473        0.357298        0.358065
     C   22        0.058830        0.358065       -0.402838

     C   23       -0.499704       -0.316652       -0.202439
     C   23       -0.316652        0.681733       -0.181688
     C   23       -0.202439       -0.181688       -0.182029

     Cl  24        0.176529        0.761041        0.530494
     Cl  24        0.761041        1.930801       -1.738729
     Cl  24        0.530494       -1.738729       -2.107331


     NQR/NMR SPECTROSCOPIC PARAMETERS:
     Cl   1    Vxx=   -0.4927    axis=(  0.900497  0.344470  0.265416)
     Cl   1    Vyy=   -2.4579    axis=( -0.170889 -0.280931  0.944391)
     Cl   1    Vzz=    2.9506    axis=(  0.399878 -0.895778 -0.194111)
     Cl   1  Q=        -8.1650 1e-30 m^2  Cq=       -56.6064 MHz  eta= 0.66602

     C    2    Vxx=   -0.1286    axis=( -0.412957  0.091138  0.906179)
     C    2    Vyy=   -0.7199    axis=( -0.872493  0.245764 -0.422323)
     C    2    Vzz=    0.8485    axis=( -0.261196 -0.965036 -0.021972)
     C    2  Q=         1.0000 1e-30 m^2  Cq=         1.9936 MHz  eta= 0.69688

     C    3    Vxx=   -0.0224    axis=( -0.285478 -0.638653  0.714580)
     C    3    Vyy=   -0.8139    axis=( -0.540297 -0.508580 -0.670392)
     C    3    Vzz=    0.8363    axis=( -0.791569  0.577468  0.199874)
     C    3  Q=         1.0000 1e-30 m^2  Cq=         1.9650 MHz  eta= 0.94648

     H    4    Vxx=    0.0207    axis=( -0.184292  0.799174 -0.572152)
     H    4    Vyy=    0.6746    axis=(  0.741151  0.495332  0.453145)
     H    4    Vzz=   -0.6952    axis=( -0.645547  0.340540  0.683594)
     H    4  Q=         1.0000 1e-30 m^2  Cq=        -1.6335 MHz  eta= 0.94057

     C    5    Vxx=    0.0631    axis=(  0.847033  0.304044 -0.435995)
     C    5    Vyy=    0.3484    axis=(  0.113856 -0.904993 -0.409908)
     C    5    Vzz=   -0.4115    axis=(  0.519203 -0.297565  0.801176)
     C    5  Q=         1.0000 1e-30 m^2  Cq=        -0.9667 MHz  eta= 0.69334

     H    6    Vxx=    0.0780    axis=( -0.224546  0.341521 -0.912657)
     H    6    Vyy=    0.5627    axis=(  0.061335  0.939670  0.336539)
     H    6    Vzz=   -0.6407    axis=( -0.972531 -0.019590  0.231947)
     H    6  Q=         1.0000 1e-30 m^2  Cq=        -1.5053 MHz  eta= 0.75658

     H    7    Vxx=   -0.0510    axis=( -0.889105 -0.257194 -0.378606)
     H    7    Vyy=   -0.2148    axis=(  0.438032 -0.718031 -0.540888)
     H    7    Vzz=    0.2658    axis=( -0.132738 -0.646748  0.751064)
     H    7  Q=         1.0000 1e-30 m^2  Cq=         0.6245 MHz  eta= 0.61623

     C    8    Vxx=    0.0746    axis=(  0.932522 -0.357676  0.049703)
     C    8    Vyy=    0.1842    axis=(  0.303140  0.850161  0.430502)
     C    8    Vzz=   -0.2588    axis=( -0.196235 -0.386385  0.901220)
     C    8  Q=         1.0000 1e-30 m^2  Cq=        -0.6082 MHz  eta= 0.42334

     H    9    Vxx=   -0.1045    axis=(  0.522224 -0.648357 -0.553999)
     H    9    Vyy=   -0.4779    axis=(  0.218854  0.729750 -0.647740)
     H    9    Vzz=    0.5825    axis=( -0.824248 -0.217020 -0.522989)
     H    9  Q=         1.0000 1e-30 m^2  Cq=         1.3685 MHz  eta= 0.64104

     C   10    Vxx=   -0.0075    axis=( -0.219737  0.270051  0.937437)
     C   10    Vyy=   -0.8488    axis=(  0.974880  0.096634  0.200676)
     C   10    Vzz=    0.8563    axis=( -0.036395  0.957985 -0.284501)
     C   10  Q=         1.0000 1e-30 m^2  Cq=         2.0119 MHz  eta= 0.98260

     C   11    Vxx=    0.1978    axis=(  0.996682  0.055770  0.059280)
     C   11    Vyy=    0.4142    axis=( -0.072104  0.942874  0.325253)
     C   11    Vzz=   -0.6120    axis=( -0.037754 -0.328449  0.943767)
     C   11  Q=         1.0000 1e-30 m^2  Cq=        -1.4380 MHz  eta= 0.35363

     Cl  12    Vxx=    0.6886    axis=( -0.927117  0.324579  0.187359)
     Cl  12    Vyy=    1.8159    axis=(  0.343510  0.935860  0.078529)
     Cl  12    Vzz=   -2.5045    axis=(  0.149853 -0.137165  0.979147)
     Cl  12  Q=        -8.1650 1e-30 m^2  Cq=        48.0472 MHz  eta= 0.45008

     H   13    Vxx=   -0.0789    axis=(  0.896136 -0.330110  0.296592)
     H   13    Vyy=   -0.7171    axis=( -0.438537 -0.556310  0.705836)
     H   13    Vzz=    0.7960    axis=(  0.068006  0.762592  0.643295)
     H   13  Q=         1.0000 1e-30 m^2  Cq=         1.8702 MHz  eta= 0.80181

     C   14    Vxx=    0.0167    axis=( -0.255609 -0.965040 -0.057976)
     C   14    Vyy=    0.3099    axis=(  0.962870 -0.259505  0.074419)
     C   14    Vzz=   -0.3266    axis=( -0.086863 -0.036802  0.995540)
     C   14  Q=         1.0000 1e-30 m^2  Cq=        -0.7674 MHz  eta= 0.89802

     H   15    Vxx=   -0.0476    axis=(  0.295888 -0.858217 -0.419422)
     H   15    Vyy=   -0.8061    axis=(  0.409633  0.510661 -0.755927)
     H   15    Vzz=    0.8537    axis=(  0.862932  0.051861  0.502652)
     H   15  Q=         1.0000 1e-30 m^2  Cq=         2.0060 MHz  eta= 0.88846

     C   16    Vxx=   -0.0039    axis=( -0.747814  0.101688 -0.656075)
     C   16    Vyy=   -0.2663    axis=( -0.654978  0.048542  0.754088)
     C   16    Vzz=    0.2703    axis=( -0.108529 -0.993631 -0.030303)
     C   16  Q=         1.0000 1e-30 m^2  Cq=         0.6351 MHz  eta= 0.97087

     C   17    Vxx=   -0.0166    axis=(  0.831323  0.150177 -0.535115)
     C   17    Vyy=   -0.9441    axis=(  0.374650  0.559758  0.739127)
     C   17    Vzz=    0.9607    axis=(  0.410535 -0.814934  0.409076)
     C   17  Q=         1.0000 1e-30 m^2  Cq=         2.2572 MHz  eta= 0.96543

     Cl  18    Vxx=   -1.3160    axis=( -0.380379 -0.519457  0.765165)
     Cl  18    Vyy=   -1.5401    axis=(  0.390382  0.659851  0.642027)
     Cl  18    Vzz=    2.8560    axis=(  0.838400 -0.542920  0.048207)
     Cl  18  Q=        -8.1650 1e-30 m^2  Cq=       -54.7916 MHz  eta= 0.07846

     H   19    Vxx=   -0.0419    axis=(  0.514249 -0.005437 -0.857624)
     H   19    Vyy=   -0.3087    axis=(  0.756082  0.474894  0.450351)
     H   19    Vzz=    0.3506    axis=(  0.404832 -0.880026  0.248325)
     H   19  Q=         1.0000 1e-30 m^2  Cq=         0.8238 MHz  eta= 0.76104

     C   20    Vxx=   -0.0937    axis=( -0.222814  0.115891  0.967948)
     C   20    Vyy=   -0.8757    axis=(  0.965807  0.161252  0.203015)
     C   20    Vzz=    0.9693    axis=(  0.132556 -0.980085  0.147858)
     C   20  Q=         1.0000 1e-30 m^2  Cq=         2.2776 MHz  eta= 0.80672

     H   21    Vxx=   -0.0252    axis=( -0.567675 -0.362638  0.739080)
     H   21    Vyy=   -0.6001    axis=(  0.121337  0.851096  0.510797)
     H   21    Vzz=    0.6253    axis=(  0.814262 -0.379644  0.439144)
     H   21  Q=         1.0000 1e-30 m^2  Cq=         1.4693 MHz  eta= 0.91930

     C   22    Vxx=    0.0528    axis=(  0.989138  0.022363  0.145276)
     C   22    Vyy=    0.5019    axis=( -0.074286  0.928902  0.362797)
     C   22    Vzz=   -0.5547    axis=( -0.126834 -0.369649  0.920474)
     C   22  Q=         1.0000 1e-30 m^2  Cq=        -1.3034 MHz  eta= 0.80951

     C   23    Vxx=   -0.0842    axis=( -0.452714  0.024273  0.891325)
     C   23    Vyy=   -0.6946    axis=(  0.864678  0.255985  0.432209)
     C   23    Vzz=    0.7788    axis=( -0.217675  0.966376 -0.136876)
     C   23  Q=         1.0000 1e-30 m^2  Cq=         1.8299 MHz  eta= 0.78388

     Cl  24    Vxx=    0.2498    axis=(  0.946558 -0.118089  0.300140)
     Cl  24    Vyy=    2.6924    axis=(  0.214311  0.925710 -0.311659)
     Cl  24    Vzz=   -2.9422    axis=( -0.241039  0.359326  0.901546)
     Cl  24  Q=        -8.1650 1e-30 m^2  Cq=        56.4439 MHz  eta= 0.83020

     Initialization:
     gipaw_setup  :      9.16s CPU     10.74s WALL (       1 calls)

     Linear response

     Apply operators

     Induced current

     Other routines
     efg          :      9.24s CPU     11.80s WALL (       1 calls)

     General routines
     calbec       :      3.15s CPU      4.10s WALL (      16 calls)
     fft          :      1.53s CPU      2.39s WALL (      15 calls)
     ffts         :      0.06s CPU      0.07s WALL (       2 calls)
     fftw         :      3.34s CPU      4.20s WALL (     672 calls)
     davcio       :      0.02s CPU      0.34s WALL (      32 calls)

     Parallel routines
     fft_scatter  :      2.21s CPU      3.65s WALL (     689 calls)

     Plugins

     GIPAW        :     61.38s CPU     78.23s WALL (       1 calls)
