
     Program QE v.6.0 (svn rev. 13079) starts on 20Jan2017 at 18: 6:34 

     This program is part of the open-source Quantum ESPRESSO suite
     for quantum simulation of materials; please cite
         "P. Giannozzi et al., J. Phys.:Condens. Matter 21 395502 (2009);
          URL http://www.quantum-espresso.org", 
     in publications or presentations arising from this work. More details at
     http://www.quantum-espresso.org/quote

     Parallel version (MPI), running on     8 processors
     R & G space division:  proc/nbgrp/npool/nimage =       8

     ***** This is GIPAW svn revision unknown      *****

     Parallelizing q-star over 1 images

     Reading data from directory:
     /users/majewski/paradichlorobenzene/pbe/9_constraint/scratch/pbe.ecut100.np8.dt60.pcl2phi-129368.save
     Message from routine read_xml_file:
     file /users/majewski/paradichlorobenzene/pbe/9_constraint/scratch/pbe.ecut100.np8.dt60.pcl2phi-129368.save not guaranteed to be safe for post-processing

   Info: using nr1, nr2, nr3 values from input

   Info: using nr1, nr2, nr3 values from input

     IMPORTANT: XC functional enforced from input :
     Exchange-correlation      =  SLA  PW   PBX  PBC ( 1  4  3  4 0 0)
     Any further DFT definition will be discarded
     Please, verify this is what you really want

               file C.pbe-n-kjpaw_psl.1.0.0.UPF: wavefunction(s)  2S 2P renormalized
               file Cl.pbe-n-kjpaw_psl.1.0.0.UPF: wavefunction(s)  3S 3P renormalized
               file H.pbe-kjpaw_psl.1.0.0.UPF: wavefunction(s)  1S renormalized

     Parallelization info
     --------------------
     sticks:   dense  smooth     PW     G-vecs:    dense   smooth      PW
     Min        3057    1223    332               144436    36536    5170
     Max        3059    1225    333               144437    36537    5171
     Sum       24467    9791   2657              1155489   292295   41363


     Subspace diagonalization in iterative solution of the eigenvalue problem:
     a serial algorithm will be used

     GIPAW projectors -----------------------------------------------
     atom=  C    l=0  rc=    1.2000  rs=    0.8000
     atom=  C    l=0  rc=    1.2000  rs=    0.8000
     atom=  C    l=1  rc=    1.4000  rs=    0.9333
     atom=  C    l=1  rc=    1.4000  rs=    0.9333
     projs nearly linearly dependent: l=1  n1,n2= 1, 2  s=  0.99951561

     atom=  Cl   l=0  rc=    1.6000  rs=    1.0667
     atom=  Cl   l=0  rc=    1.6000  rs=    1.0667
     atom=  Cl   l=1  rc=    1.6000  rs=    1.0667
     atom=  Cl   l=1  rc=    1.6000  rs=    1.0667
     atom=  Cl   l=2  rc=    1.6000  rs=    1.0667
     atom=  Cl   l=2  rc=    1.6000  rs=    1.0667
     projs nearly linearly dependent: l=2  n1,n2= 1, 2  s=  0.99993509

     atom=  H    l=0  rc=    1.0000  rs=    0.6667
     atom=  H    l=0  rc=    1.0000  rs=    0.6667
     projs nearly linearly dependent: l=0  n1,n2= 1, 2  s=  0.99968852
     -----------------------------------------------------------------

     GIPAW integrals: -------------------------------------------
     Atom  i/j   nmr_para   nmr_dia   epr_rmc  epr_para   epr_dia
       C   1 1   0.83E+03  0.17E-01  0.93E+01  0.24E+08  0.24E+03
       C   2 1   0.86E+03 -0.61E-01  0.94E+01  0.25E+08  0.25E+03
       C   2 2   0.90E+03 -0.15E+00  0.97E+01  0.26E+08  0.26E+03
       C   3 3   0.33E+01  0.34E+00  0.18E+01  0.55E+03  0.21E+02
       C   4 3   0.35E+01  0.37E+00  0.20E+01  0.59E+03  0.22E+02
       C   4 4   0.38E+01  0.39E+00  0.22E+01  0.63E+03  0.24E+02
       Cl  1 1   0.14E+04 -0.47E+00  0.84E+01  0.32E+09  0.42E+03
       Cl  2 1   0.21E+04 -0.37E+00  0.12E+02  0.49E+09  0.65E+03
       Cl  2 2   0.33E+04 -0.16E+00  0.21E+02  0.76E+09  0.10E+04
       Cl  3 3   0.21E+02  0.79E-01  0.89E+01  0.23E+05  0.13E+03
       Cl  4 3   0.24E+02  0.67E-01  0.99E+01  0.27E+05  0.15E+03
       Cl  4 4   0.28E+02  0.44E-01  0.11E+02  0.32E+05  0.18E+03
       Cl  5 5   0.77E+00  0.19E+00  0.18E+01  0.12E+03  0.22E+02
       Cl  6 5   0.80E+00  0.19E+00  0.19E+01  0.12E+03  0.23E+02
       Cl  6 6   0.83E+00  0.20E+00  0.19E+01  0.12E+03  0.23E+02
       H   1 1   0.39E+02  0.19E+00  0.29E+00  0.78E+05  0.13E+02
       H   2 1   0.41E+02  0.21E+00  0.32E+00  0.82E+05  0.14E+02
       H   2 2   0.43E+02  0.22E+00  0.36E+00  0.86E+05  0.15E+02
     ------------------------------------------------------------

     alpha_pv=     34.1896 eV

     Number of occupied bands for each k-point:
     k-point:     1    nbnd_occ=  42
     k-point:     2    nbnd_occ=  42
     k-point:     3    nbnd_occ=  42
     k-point:     4    nbnd_occ=  42
     k-point:     5    nbnd_occ=  42
     k-point:     6    nbnd_occ=  42
     k-point:     7    nbnd_occ=  42
     k-point:     8    nbnd_occ=  42
     k-point:     9    nbnd_occ=  42
     k-point:    10    nbnd_occ=  42
     k-point:    11    nbnd_occ=  42
     k-point:    12    nbnd_occ=  42
     k-point:    13    nbnd_occ=  42
     k-point:    14    nbnd_occ=  42
     k-point:    15    nbnd_occ=  42
     k-point:    16    nbnd_occ=  42


     q-space interpolation up to   110.00 Rydberg

     GIPAW job: efg                                                                             


     ELECTRIC FIELD GRADIENTS TENSORS IN Hartree/bohrradius^2:

     ----- bare term -----
     Cl   1        0.016567        0.032545        0.049626
     Cl   1        0.032545       -0.016220        0.048055
     Cl   1        0.049626        0.048055       -0.000346

     C    2       -0.622536        0.448489       -0.393025
     C    2        0.448489        0.036123       -0.104044
     C    2       -0.393025       -0.104044        0.586414

     C    3        0.367814        0.094052       -0.100234
     C    3        0.094052       -0.513179       -0.695634
     C    3       -0.100234       -0.695634        0.145365

     H    4       -0.385628        0.207242       -0.285496
     H    4        0.207242        0.001692       -0.378095
     H    4       -0.285496       -0.378095        0.383936

     C    5       -0.757086        0.364359       -0.315520
     C    5        0.364359        0.176593       -0.115058
     C    5       -0.315520       -0.115058        0.580493

     H    6        0.333301        0.081560       -0.140428
     H    6        0.081560       -0.527478       -0.610008
     H    6       -0.140428       -0.610008        0.194176

     H    7        0.377955        0.112050        0.002958
     H    7        0.112050       -0.665824       -0.124057
     H    7        0.002958       -0.124057        0.287869

     C    8        0.137729        0.083400       -0.101233
     C    8        0.083400       -0.215888        0.134695
     C    8       -0.101233        0.134695        0.078159

     H    9       -0.127826        0.408748       -0.022421
     H    9        0.408748       -0.224765       -0.116411
     H    9       -0.022421       -0.116411        0.352591

     C   10       -0.187996       -0.007341        0.139662
     C   10       -0.007341       -0.132612       -0.230188
     C   10        0.139662       -0.230188        0.320608

     C   11        0.200537        0.054841       -0.144585
     C   11        0.054841       -0.111012        0.373288
     C   11       -0.144585        0.373288       -0.089525

     Cl  12        0.063638       -0.134141        0.097288
     Cl  12       -0.134141       -0.203070       -0.340934
     Cl  12        0.097288       -0.340934        0.139431

     H   13        0.379369       -0.220211       -0.077747
     H   13       -0.220211       -0.523222       -0.443631
     H   13       -0.077747       -0.443631        0.143853

     C   14        0.182014        0.031276       -0.080728
     C   14        0.031276       -0.360289       -0.463922
     C   14       -0.080728       -0.463922        0.178275

     H   15       -0.070986       -0.432409       -0.330622
     H   15       -0.432409       -0.253269       -0.284267
     H   15       -0.330622       -0.284267        0.324255

     C   16       -0.736357        0.329499       -0.300198
     C   16        0.329499        0.292154       -0.069128
     C   16       -0.300198       -0.069128        0.444203

     C   17        0.231012        0.003143       -0.220061
     C   17        0.003143       -0.200257       -0.594889
     C   17       -0.220061       -0.594889       -0.030755

     Cl  18       -0.310324        0.277799        0.051011
     Cl  18        0.277799        0.096948       -0.152453
     Cl  18        0.051011       -0.152453        0.213377

     H   19        0.388347        0.030137       -0.062795
     H   19        0.030137       -0.595020        0.666584
     H   19       -0.062795        0.666584        0.206673

     C   20       -0.888166       -0.345683       -0.392798
     C   20       -0.345683        0.450447        0.041986
     C   20       -0.392798        0.041986        0.437720

     H   21       -0.511529        0.212173        0.238105
     H   21        0.212173        0.369773        0.119936
     H   21        0.238105        0.119936        0.141756

     C   22        0.101988        0.033298       -0.165727
     C   22        0.033298       -0.471810        0.428205
     C   22       -0.165727        0.428205        0.369822

     C   23       -0.764007       -0.450552       -0.337027
     C   23       -0.450552        0.339024        0.079813
     C   23       -0.337027        0.079813        0.424983

     Cl  24       -0.011269       -0.015244        0.048687
     Cl  24       -0.015244        0.009360       -0.084421
     Cl  24        0.048687       -0.084421        0.001909

     ----- ionic term -----
     Cl   1        0.202890       -0.227110        0.003643
     Cl   1       -0.227110       -0.044327        0.003760
     Cl   1        0.003643        0.003760       -0.158563

     C    2        0.305101       -0.140860        0.286193
     C    2       -0.140860        0.024800        0.396622
     C    2        0.286193        0.396622       -0.329901

     C    3        0.174470       -0.249724        0.124400
     C    3       -0.249724        0.214653        0.426500
     C    3        0.124400        0.426500       -0.389123

     H    4        0.682124        0.409950        0.548762
     H    4        0.409950       -0.325807        0.256052
     H    4        0.548762        0.256052       -0.356318

     C    5        0.312086       -0.238345        0.200551
     C    5       -0.238345        0.100527        0.315291
     C    5        0.200551        0.315291       -0.412613

     H    6       -0.497117        0.121389        0.070711
     H    6        0.121389        0.775841        0.635535
     H    6        0.070711        0.635535       -0.278724

     H    7       -0.506377       -0.021622        0.001039
     H    7       -0.021622        0.855523       -0.555522
     H    7        0.001039       -0.555522       -0.349147

     C    8        0.379202        0.154738        0.071375
     C    8        0.154738        0.119341       -0.275443
     C    8        0.071375       -0.275443       -0.498543

     H    9        0.670604       -0.392357        0.570760
     H    9       -0.392357       -0.355225       -0.265606
     H    9        0.570760       -0.265606       -0.315379

     C   10        0.236924        0.172613        0.091182
     C   10        0.172613        0.194237       -0.368785
     C   10        0.091182       -0.368785       -0.431160

     C   11        0.313959        0.060725        0.101341
     C   11        0.060725        0.156803       -0.346641
     C   11        0.101341       -0.346641       -0.470762

     Cl  12        0.154901        0.169771       -0.014471
     Cl  12        0.169771        0.000513       -0.027051
     Cl  12       -0.014471       -0.027051       -0.155414

     H   13       -0.536631        0.147505        0.094805
     H   13        0.147505        0.596095        0.760689
     H   13        0.094805        0.760689       -0.059464

     C   14        0.274645       -0.155020        0.266132
     C   14       -0.155020        0.042596        0.337158
     C   14        0.266132        0.337158       -0.317241

     H   15        0.649899        0.298394        0.652925
     H   15        0.298394       -0.452486        0.237636
     H   15        0.652925        0.237636       -0.197412

     C   16        0.104605       -0.205829        0.174523
     C   16       -0.205829        0.179677        0.453640
     C   16        0.174523        0.453640       -0.284283

     C   17        0.147795       -0.137692        0.223228
     C   17       -0.137692        0.133582        0.465618
     C   17        0.223228        0.465618       -0.281377

     Cl  18        0.083278       -0.174599       -0.024651
     Cl  18       -0.174599        0.054024        0.032544
     Cl  18       -0.024651        0.032544       -0.137302

     H   19       -0.518682       -0.092047        0.017498
     H   19       -0.092047        0.790051       -0.617075
     H   19        0.017498       -0.617075       -0.271369

     C   20        0.383473        0.097652        0.039174
     C   20        0.097652        0.099410       -0.308571
     C   20        0.039174       -0.308571       -0.482883

     H   21        0.794934       -0.556064        0.269480
     H   21       -0.556064       -0.224460       -0.159653
     H   21        0.269480       -0.159653       -0.570475

     C   22        0.226228        0.127091       -0.013320
     C   22        0.127091        0.296030       -0.350446
     C   22       -0.013320       -0.350446       -0.522258

     C   23        0.251746        0.123340        0.091134
     C   23        0.123340        0.269209       -0.339293
     C   23        0.091134       -0.339293       -0.520955

     Cl  24        0.162165        0.229907       -0.022897
     Cl  24        0.229907       -0.001764       -0.022520
     Cl  24       -0.022897       -0.022520       -0.160401

     ----- GIPAW term -----
     Cl   1       -0.250863       -1.472293        0.122015
     Cl   1       -1.472293        1.515244        1.887370
     Cl   1        0.122015        1.887370       -1.264382

     C    2       -0.016667        0.042438       -0.003081
     C    2        0.042438       -0.002624        0.018008
     C    2       -0.003081        0.018008        0.019290

     C    3       -0.030339       -0.001907        0.012917
     C    3       -0.001907        0.086694        0.068668
     C    3        0.012917        0.068668       -0.056355

     H    4       -0.000000        0.000000        0.000000
     H    4        0.000000        0.000000        0.000000
     H    4        0.000000        0.000000        0.000000

     C    5       -0.079242       -0.042352       -0.017772
     C    5       -0.042352        0.080809        0.018206
     C    5       -0.017772        0.018206       -0.001567

     H    6       -0.000000        0.000000        0.000000
     H    6        0.000000        0.000000        0.000000
     H    6        0.000000        0.000000        0.000000

     H    7       -0.000000        0.000000        0.000000
     H    7        0.000000        0.000000        0.000000
     H    7        0.000000        0.000000        0.000000

     C    8        0.005492       -0.000745        0.002635
     C    8       -0.000745        0.053386        0.019777
     C    8        0.002635        0.019777       -0.058878

     H    9       -0.000000        0.000000        0.000000
     H    9        0.000000        0.000000        0.000000
     H    9        0.000000        0.000000        0.000000

     C   10        0.004906        0.026316        0.020599
     C   10        0.026316       -0.010562       -0.040524
     C   10        0.020599       -0.040524        0.005656

     C   11        0.014092        0.005670       -0.021460
     C   11        0.005670        0.056771        0.032208
     C   11       -0.021460        0.032208       -0.070863

     Cl  12       -0.353616       -0.192669       -0.414672
     Cl  12       -0.192669        0.447474        0.912839
     Cl  12       -0.414672        0.912839       -0.093859

     H   13       -0.000000        0.000000        0.000000
     H   13        0.000000        0.000000        0.000000
     H   13        0.000000        0.000000        0.000000

     C   14       -0.040866        0.017260        0.019667
     C   14        0.017260        0.090666        0.048603
     C   14        0.019667        0.048603       -0.049800

     H   15       -0.000000        0.000000        0.000000
     H   15        0.000000        0.000000        0.000000
     H   15        0.000000        0.000000        0.000000

     C   16       -0.188020        0.040925       -0.040211
     C   16        0.040925        0.234533        0.057312
     C   16       -0.040211        0.057312       -0.046514

     C   17       -0.020990       -0.004606       -0.016056
     C   17       -0.004606        0.152032        0.021919
     C   17       -0.016056        0.021919       -0.131042

     Cl  18       -0.997486       -1.292335        0.432553
     Cl  18       -1.292335        1.477468       -2.014990
     Cl  18        0.432553       -2.014990       -0.479981

     H   19       -0.000000        0.000000        0.000000
     H   19        0.000000        0.000000        0.000000
     H   19        0.000000        0.000000        0.000000

     C   20       -0.209275        0.062382       -0.058637
     C   20        0.062382        0.274495       -0.111091
     C   20       -0.058637       -0.111091       -0.065220

     H   21       -0.000000        0.000000        0.000000
     H   21        0.000000        0.000000        0.000000
     H   21        0.000000        0.000000        0.000000

     C   22       -0.082995        0.079974       -0.062983
     C   22        0.079974       -0.008028       -0.156047
     C   22       -0.062983       -0.156047        0.091023

     C   23       -0.164638        0.051856       -0.042491
     C   23        0.051856        0.264307       -0.073859
     C   23       -0.042491       -0.073859       -0.099670

     Cl  24       -0.243512        1.536734        0.167087
     Cl  24        1.536734        1.296448       -2.029097
     Cl  24        0.167087       -2.029097       -1.052937

     ----- total EFG -----
     Cl   1       -0.031406       -1.666857        0.175283
     Cl   1       -1.666857        1.454697        1.939185
     Cl   1        0.175283        1.939185       -1.423292

     C    2       -0.334102        0.350067       -0.109914
     C    2        0.350067        0.058298        0.310586
     C    2       -0.109914        0.310586        0.275803

     C    3        0.511945       -0.157579        0.037083
     C    3       -0.157579       -0.211832       -0.200466
     C    3        0.037083       -0.200466       -0.300113

     H    4        0.296496        0.617192        0.263267
     H    4        0.617192       -0.324115       -0.122042
     H    4        0.263267       -0.122042        0.027619

     C    5       -0.524241        0.083662       -0.132741
     C    5        0.083662        0.357930        0.218440
     C    5       -0.132741        0.218440        0.166312

     H    6       -0.163816        0.202948       -0.069718
     H    6        0.202948        0.248363        0.025527
     H    6       -0.069718        0.025527       -0.084548

     H    7       -0.128422        0.090428        0.003997
     H    7        0.090428        0.189699       -0.679579
     H    7        0.003997       -0.679579       -0.061277

     C    8        0.522422        0.237392       -0.027223
     C    8        0.237392       -0.043161       -0.120971
     C    8       -0.027223       -0.120971       -0.479262

     H    9        0.542778        0.016391        0.548339
     H    9        0.016391       -0.579990       -0.382017
     H    9        0.548339       -0.382017        0.037212

     C   10        0.053834        0.191588        0.251443
     C   10        0.191588        0.051062       -0.639498
     C   10        0.251443       -0.639498       -0.104897

     C   11        0.528588        0.121237       -0.064704
     C   11        0.121237        0.102562        0.058856
     C   11       -0.064704        0.058856       -0.631150

     Cl  12       -0.135076       -0.157039       -0.331854
     Cl  12       -0.157039        0.244918        0.544854
     Cl  12       -0.331854        0.544854       -0.109842

     H   13       -0.157262       -0.072706        0.017058
     H   13       -0.072706        0.072873        0.317057
     H   13        0.017058        0.317057        0.084389

     C   14        0.415794       -0.106483        0.205071
     C   14       -0.106483       -0.227028       -0.078161
     C   14        0.205071       -0.078161       -0.188766

     H   15        0.578913       -0.134015        0.322303
     H   15       -0.134015       -0.705755       -0.046631
     H   15        0.322303       -0.046631        0.126843

     C   16       -0.819771        0.164595       -0.165886
     C   16        0.164595        0.706365        0.441824
     C   16       -0.165886        0.441824        0.113406

     C   17        0.357817       -0.139155       -0.012889
     C   17       -0.139155        0.085357       -0.107352
     C   17       -0.012889       -0.107352       -0.443174

     Cl  18       -1.224533       -1.189135        0.458913
     Cl  18       -1.189135        1.628440       -2.134899
     Cl  18        0.458913       -2.134899       -0.403907

     H   19       -0.130334       -0.061910       -0.045297
     H   19       -0.061910        0.195031        0.049510
     H   19       -0.045297        0.049510       -0.064696

     C   20       -0.713969       -0.185648       -0.412261
     C   20       -0.185648        0.824352       -0.377677
     C   20       -0.412261       -0.377677       -0.110383

     H   21        0.283405       -0.343891        0.507585
     H   21       -0.343891        0.145313       -0.039717
     H   21        0.507585       -0.039717       -0.428718

     C   22        0.245221        0.240362       -0.242030
     C   22        0.240362       -0.183807       -0.078287
     C   22       -0.242030       -0.078287       -0.061413

     C   23       -0.676899       -0.275357       -0.288384
     C   23       -0.275357        0.872540       -0.333338
     C   23       -0.288384       -0.333338       -0.195641

     Cl  24       -0.092616        1.751397        0.192877
     Cl  24        1.751397        1.304044       -2.136038
     Cl  24        0.192877       -2.136038       -1.211428

     ----- total EFG (symmetrized) -----
     Cl   1       -0.031406       -1.666857        0.175283
     Cl   1       -1.666857        1.454697        1.939185
     Cl   1        0.175283        1.939185       -1.423292

     C    2       -0.334102        0.350067       -0.109914
     C    2        0.350067        0.058298        0.310586
     C    2       -0.109914        0.310586        0.275803

     C    3        0.511945       -0.157579        0.037083
     C    3       -0.157579       -0.211832       -0.200466
     C    3        0.037083       -0.200466       -0.300113

     H    4        0.296496        0.617192        0.263267
     H    4        0.617192       -0.324115       -0.122042
     H    4        0.263267       -0.122042        0.027619

     C    5       -0.524241        0.083662       -0.132741
     C    5        0.083662        0.357930        0.218440
     C    5       -0.132741        0.218440        0.166312

     H    6       -0.163816        0.202948       -0.069718
     H    6        0.202948        0.248363        0.025527
     H    6       -0.069718        0.025527       -0.084548

     H    7       -0.128422        0.090428        0.003997
     H    7        0.090428        0.189699       -0.679579
     H    7        0.003997       -0.679579       -0.061277

     C    8        0.522422        0.237392       -0.027223
     C    8        0.237392       -0.043161       -0.120971
     C    8       -0.027223       -0.120971       -0.479262

     H    9        0.542778        0.016391        0.548339
     H    9        0.016391       -0.579990       -0.382017
     H    9        0.548339       -0.382017        0.037212

     C   10        0.053834        0.191588        0.251443
     C   10        0.191588        0.051062       -0.639498
     C   10        0.251443       -0.639498       -0.104897

     C   11        0.528588        0.121237       -0.064704
     C   11        0.121237        0.102562        0.058856
     C   11       -0.064704        0.058856       -0.631150

     Cl  12       -0.135076       -0.157039       -0.331854
     Cl  12       -0.157039        0.244918        0.544854
     Cl  12       -0.331854        0.544854       -0.109842

     H   13       -0.157262       -0.072706        0.017058
     H   13       -0.072706        0.072873        0.317057
     H   13        0.017058        0.317057        0.084389

     C   14        0.415794       -0.106483        0.205071
     C   14       -0.106483       -0.227028       -0.078161
     C   14        0.205071       -0.078161       -0.188766

     H   15        0.578913       -0.134015        0.322303
     H   15       -0.134015       -0.705755       -0.046631
     H   15        0.322303       -0.046631        0.126843

     C   16       -0.819771        0.164595       -0.165886
     C   16        0.164595        0.706365        0.441824
     C   16       -0.165886        0.441824        0.113406

     C   17        0.357817       -0.139155       -0.012889
     C   17       -0.139155        0.085357       -0.107352
     C   17       -0.012889       -0.107352       -0.443174

     Cl  18       -1.224533       -1.189135        0.458913
     Cl  18       -1.189135        1.628440       -2.134899
     Cl  18        0.458913       -2.134899       -0.403907

     H   19       -0.130334       -0.061910       -0.045297
     H   19       -0.061910        0.195031        0.049510
     H   19       -0.045297        0.049510       -0.064696

     C   20       -0.713969       -0.185648       -0.412261
     C   20       -0.185648        0.824352       -0.377677
     C   20       -0.412261       -0.377677       -0.110383

     H   21        0.283405       -0.343891        0.507585
     H   21       -0.343891        0.145313       -0.039717
     H   21        0.507585       -0.039717       -0.428718

     C   22        0.245221        0.240362       -0.242030
     C   22        0.240362       -0.183807       -0.078287
     C   22       -0.242030       -0.078287       -0.061413

     C   23       -0.676899       -0.275357       -0.288384
     C   23       -0.275357        0.872540       -0.333338
     C   23       -0.288384       -0.333338       -0.195641

     Cl  24       -0.092616        1.751397        0.192877
     Cl  24        1.751397        1.304044       -2.136038
     Cl  24        0.192877       -2.136038       -1.211428


     NQR/NMR SPECTROSCOPIC PARAMETERS:
     Cl   1    Vxx=   -0.3474    axis=(  0.829702  0.211598  0.516547)
     Cl   1    Vyy=   -2.7504    axis=(  0.359904  0.504562 -0.784784)
     Cl   1    Vzz=    3.0978    axis=( -0.426689  0.837045  0.342481)
     Cl   1  Q=        -8.1650 1e-30 m^2  Cq=       -59.4300 MHz  eta= 0.77573

     C    2    Vxx=    0.0996    axis=(  0.591145  0.545989 -0.593670)
     C    2    Vyy=    0.5152    axis=(  0.165722  0.638122  0.751888)
     C    2    Vzz=   -0.6148    axis=(  0.789357 -0.542859  0.286740)
     C    2  Q=         1.0000 1e-30 m^2  Cq=        -1.4445 MHz  eta= 0.67595

     C    3    Vxx=   -0.0856    axis=(  0.232431  0.730274 -0.642398)
     C    3    Vyy=   -0.4665    axis=(  0.075064  0.645048  0.760446)
     C    3    Vzz=    0.5521    axis=( -0.969712  0.224972 -0.095111)
     C    3  Q=         1.0000 1e-30 m^2  Cq=         1.2973 MHz  eta= 0.68978

     H    4    Vxx=    0.0623    axis=( -0.051859 -0.375113  0.925527)
     H    4    Vyy=    0.7165    axis=( -0.847110 -0.474291 -0.239693)
     H    4    Vzz=   -0.7789    axis=(  0.528881 -0.796454 -0.293166)
     H    4  Q=         1.0000 1e-30 m^2  Cq=        -1.8301 MHz  eta= 0.83995

     C    5    Vxx=    0.0653    axis=( -0.257141 -0.529836  0.808178)
     C    5    Vyy=    0.5007    axis=(  0.002636 -0.836681 -0.547684)
     C    5    Vzz=   -0.5660    axis=( -0.966370  0.138702 -0.216542)
     C    5  Q=         1.0000 1e-30 m^2  Cq=        -1.3299 MHz  eta= 0.76912

     H    6    Vxx=   -0.0558    axis=( -0.332184  0.143415  0.932248)
     H    6    Vyy=   -0.2758    axis=( -0.863305  0.351906 -0.361755)
     H    6    Vzz=    0.3315    axis=( -0.379945 -0.924983  0.006913)
     H    6  Q=         1.0000 1e-30 m^2  Cq=         0.7790 MHz  eta= 0.66351

     H    7    Vxx=   -0.1261    axis=( -0.989872 -0.019238 -0.140656)
     H    7    Vyy=   -0.6342    axis=( -0.120325  0.639491  0.759325)
     H    7    Vzz=    0.7603    axis=( -0.075341 -0.768558  0.635328)
     H    7  Q=         1.0000 1e-30 m^2  Cq=         1.7865 MHz  eta= 0.66831

     C    8    Vxx=   -0.1013    axis=( -0.353277  0.898091 -0.261968)
     C    8    Vyy=   -0.5118    axis=( -0.035893  0.266806  0.963082)
     C    8    Vzz=    0.6130    axis=(  0.934830  0.349637 -0.062022)
     C    8  Q=         1.0000 1e-30 m^2  Cq=         1.4403 MHz  eta= 0.66965

     H    9    Vxx=   -0.1017    axis=(  0.538654  0.537030 -0.649193)
     H    9    Vyy=   -0.8182    axis=( -0.215517  0.832721  0.510028)
     H    9    Vzz=    0.9200    axis=( -0.814496  0.134816 -0.564287)
     H    9  Q=         1.0000 1e-30 m^2  Cq=         2.1615 MHz  eta= 0.77880

     C   10    Vxx=    0.1707    axis=( -0.935375 -0.268675 -0.229973)
     C   10    Vyy=    0.6184    axis=( -0.047635  0.740059 -0.670853)
     C   10    Vzz=   -0.7891    axis=(  0.350435 -0.616544 -0.705031)
     C   10  Q=         1.0000 1e-30 m^2  Cq=        -1.8541 MHz  eta= 0.56740

     C   11    Vxx=    0.0780    axis=( -0.244745  0.964171  0.102347)
     C   11    Vyy=    0.5626    axis=(  0.967456  0.249838 -0.040122)
     C   11    Vzz=   -0.6406    axis=(  0.064254 -0.089197  0.993939)
     C   11  Q=         1.0000 1e-30 m^2  Cq=        -1.5052 MHz  eta= 0.75637

     Cl  12    Vxx=   -0.1703    axis=( -0.834979 -0.526366  0.160465)
     Cl  12    Vyy=   -0.5894    axis=(  0.427355 -0.436566  0.791693)
     Cl  12    Vzz=    0.7597    axis=(  0.346666 -0.729623 -0.589468)
     Cl  12  Q=        -8.1650 1e-30 m^2  Cq=       -14.5749 MHz  eta= 0.55169

     H   13    Vxx=   -0.1244    axis=( -0.870795  0.302241 -0.387771)
     H   13    Vyy=   -0.2740    axis=( -0.486580 -0.642748  0.591705)
     H   13    Vzz=    0.3985    axis=( -0.070401  0.703935  0.706766)
     H   13  Q=         1.0000 1e-30 m^2  Cq=         0.9363 MHz  eta= 0.37547

     C   14    Vxx=   -0.2073    axis=(  0.326765  0.709437 -0.624439)
     C   14    Vyy=   -0.2930    axis=( -0.106036  0.684056  0.721681)
     C   14    Vzz=    0.5003    axis=( -0.939139  0.169607 -0.298751)
     C   14  Q=         1.0000 1e-30 m^2  Cq=         1.1754 MHz  eta= 0.17132

     H   15    Vxx=   -0.0402    axis=( -0.456521  0.029622  0.889219)
     H   15    Vyy=   -0.7198    axis=( -0.098366 -0.994999 -0.017355)
     H   15    Vzz=    0.7600    axis=(  0.884258 -0.095392  0.457152)
     H   15  Q=         1.0000 1e-30 m^2  Cq=         1.7857 MHz  eta= 0.89426

     C   16    Vxx=   -0.0569    axis=( -0.279954 -0.435011  0.855799)
     C   16    Vyy=   -0.8877    axis=( -0.959217  0.163046 -0.230908)
     C   16    Vzz=    0.9446    axis=( -0.039087 -0.885540 -0.462915)
     C   16  Q=         1.0000 1e-30 m^2  Cq=         2.2194 MHz  eta= 0.87950

     C   17    Vxx=    0.0487    axis=(  0.394574  0.895525 -0.205783)
     C   17    Vyy=    0.4174    axis=(  0.917526 -0.396072  0.035666)
     C   17    Vzz=   -0.4661    axis=(  0.049565  0.202884  0.977947)
     C   17  Q=         1.0000 1e-30 m^2  Cq=        -1.0951 MHz  eta= 0.79098

     Cl  18    Vxx=   -1.4055    axis=(  0.793351 -0.110329 -0.598684)
     Cl  18    Vyy=   -1.9161    axis=(  0.547650  0.558813  0.622742)
     Cl  18    Vzz=    3.3215    axis=( -0.265846  0.821922 -0.503757)
     Cl  18  Q=        -8.1650 1e-30 m^2  Cq=       -63.7221 MHz  eta= 0.15372

     H   19    Vxx=   -0.0611    axis=( -0.355357 -0.259495  0.897989)
     H   19    Vyy=   -0.1569    axis=( -0.913828 -0.105582 -0.392136)
     H   19    Vzz=    0.2180    axis=( -0.196569  0.959956  0.199614)
     H   19  Q=         1.0000 1e-30 m^2  Cq=         0.5122 MHz  eta= 0.43966

     C   20    Vxx=    0.0288    axis=( -0.517733  0.265325  0.813360)
     C   20    Vyy=    0.9588    axis=(  0.025001 -0.945598  0.324376)
     C   20    Vzz=   -0.9877    axis=(  0.855177  0.188275  0.482934)
     C   20  Q=         1.0000 1e-30 m^2  Cq=        -2.3206 MHz  eta= 0.94161

     H   21    Vxx=   -0.0174    axis=(  0.363215  0.857049  0.365433)
     H   21    Vyy=   -0.7123    axis=(  0.491065  0.157222 -0.856818)
     H   21    Vzz=    0.7297    axis=( -0.791789  0.490661 -0.363761)
     H   21  Q=         1.0000 1e-30 m^2  Cq=         1.7145 MHz  eta= 0.95241

     C   22    Vxx=   -0.1758    axis=(  0.299353  0.363788  0.882069)
     C   22    Vyy=   -0.2970    axis=( -0.469191  0.861093 -0.195905)
     C   22    Vzz=    0.4728    axis=( -0.830811 -0.355214  0.428457)
     C   22  Q=         1.0000 1e-30 m^2  Cq=         1.1109 MHz  eta= 0.25618

     C   23    Vxx=   -0.0899    axis=(  0.493322 -0.155289 -0.855873)
     C   23    Vyy=   -0.9000    axis=( -0.861917 -0.219822 -0.456921)
     C   23    Vzz=    0.9899    axis=( -0.117185  0.963101 -0.242289)
     C   23  Q=         1.0000 1e-30 m^2  Cq=         2.3259 MHz  eta= 0.81837

     Cl  24    Vxx=   -0.3048    axis=(  0.818998 -0.159930  0.551058)
     Cl  24    Vyy=   -2.8784    axis=( -0.392997  0.543412  0.741793)
     Cl  24    Vzz=    3.1832    axis=( -0.418086 -0.824091  0.382201)
     Cl  24  Q=        -8.1650 1e-30 m^2  Cq=       -61.0689 MHz  eta= 0.80847

     Initialization:
     gipaw_setup  :      9.25s CPU     11.05s WALL (       1 calls)

     Linear response

     Apply operators

     Induced current

     Other routines
     efg          :      9.53s CPU     12.38s WALL (       1 calls)

     General routines
     calbec       :      3.27s CPU      4.41s WALL (      16 calls)
     fft          :      1.84s CPU      2.95s WALL (      15 calls)
     ffts         :      0.03s CPU      0.04s WALL (       2 calls)
     fftw         :      3.42s CPU      4.42s WALL (     672 calls)
     davcio       :      0.03s CPU      0.31s WALL (      32 calls)

     Parallel routines
     fft_scatter  :      2.42s CPU      4.18s WALL (     689 calls)

     Plugins

     GIPAW        :     61.41s CPU     74.05s WALL (       1 calls)
