
     Program QE v.6.0 (svn rev. 13079) starts on 18Dec2016 at  1: 9: 2 

     This program is part of the open-source Quantum ESPRESSO suite
     for quantum simulation of materials; please cite
         "P. Giannozzi et al., J. Phys.:Condens. Matter 21 395502 (2009);
          URL http://www.quantum-espresso.org", 
     in publications or presentations arising from this work. More details at
     http://www.quantum-espresso.org/quote

     Parallel version (MPI), running on     8 processors
     R & G space division:  proc/nbgrp/npool/nimage =       8

     ***** This is GIPAW svn revision unknown      *****

     Parallelizing q-star over 1 images

     Reading data from directory:
     /users/majewski/paradichlorobenzene/pbe/9_constraint/scratch/pbe.ecut100.np8.dt60.pcl2phi-129368.save
     Message from routine read_xml_file:
     file /users/majewski/paradichlorobenzene/pbe/9_constraint/scratch/pbe.ecut100.np8.dt60.pcl2phi-129368.save not guaranteed to be safe for post-processing

   Info: using nr1, nr2, nr3 values from input

   Info: using nr1, nr2, nr3 values from input

     IMPORTANT: XC functional enforced from input :
     Exchange-correlation      =  SLA  PW   PBX  PBC ( 1  4  3  4 0 0)
     Any further DFT definition will be discarded
     Please, verify this is what you really want

               file C.pbe-n-kjpaw_psl.1.0.0.UPF: wavefunction(s)  2S 2P renormalized
               file Cl.pbe-n-kjpaw_psl.1.0.0.UPF: wavefunction(s)  3S 3P renormalized
               file H.pbe-kjpaw_psl.1.0.0.UPF: wavefunction(s)  1S renormalized

     Parallelization info
     --------------------
     sticks:   dense  smooth     PW     G-vecs:    dense   smooth      PW
     Min        3057    1223    332               144436    36536    5170
     Max        3059    1225    333               144437    36537    5171
     Sum       24467    9791   2657              1155489   292295   41363


     Subspace diagonalization in iterative solution of the eigenvalue problem:
     a serial algorithm will be used

     GIPAW projectors -----------------------------------------------
     atom=  C    l=0  rc=    1.2000  rs=    0.8000
     atom=  C    l=0  rc=    1.2000  rs=    0.8000
     atom=  C    l=1  rc=    1.4000  rs=    0.9333
     atom=  C    l=1  rc=    1.4000  rs=    0.9333
     projs nearly linearly dependent: l=1  n1,n2= 1, 2  s=  0.99951561

     atom=  Cl   l=0  rc=    1.6000  rs=    1.0667
     atom=  Cl   l=0  rc=    1.6000  rs=    1.0667
     atom=  Cl   l=1  rc=    1.6000  rs=    1.0667
     atom=  Cl   l=1  rc=    1.6000  rs=    1.0667
     atom=  Cl   l=2  rc=    1.6000  rs=    1.0667
     atom=  Cl   l=2  rc=    1.6000  rs=    1.0667
     projs nearly linearly dependent: l=2  n1,n2= 1, 2  s=  0.99993509

     atom=  H    l=0  rc=    1.0000  rs=    0.6667
     atom=  H    l=0  rc=    1.0000  rs=    0.6667
     projs nearly linearly dependent: l=0  n1,n2= 1, 2  s=  0.99968852
     -----------------------------------------------------------------

     GIPAW integrals: -------------------------------------------
     Atom  i/j   nmr_para   nmr_dia   epr_rmc  epr_para   epr_dia
       C   1 1   0.83E+03  0.17E-01  0.93E+01  0.24E+08  0.24E+03
       C   2 1   0.86E+03 -0.61E-01  0.94E+01  0.25E+08  0.25E+03
       C   2 2   0.90E+03 -0.15E+00  0.97E+01  0.26E+08  0.26E+03
       C   3 3   0.33E+01  0.34E+00  0.18E+01  0.55E+03  0.21E+02
       C   4 3   0.35E+01  0.37E+00  0.20E+01  0.59E+03  0.22E+02
       C   4 4   0.38E+01  0.39E+00  0.22E+01  0.63E+03  0.24E+02
       Cl  1 1   0.14E+04 -0.47E+00  0.84E+01  0.32E+09  0.42E+03
       Cl  2 1   0.21E+04 -0.37E+00  0.12E+02  0.49E+09  0.65E+03
       Cl  2 2   0.33E+04 -0.16E+00  0.21E+02  0.76E+09  0.10E+04
       Cl  3 3   0.21E+02  0.79E-01  0.89E+01  0.23E+05  0.13E+03
       Cl  4 3   0.24E+02  0.67E-01  0.99E+01  0.27E+05  0.15E+03
       Cl  4 4   0.28E+02  0.44E-01  0.11E+02  0.32E+05  0.18E+03
       Cl  5 5   0.77E+00  0.19E+00  0.18E+01  0.12E+03  0.22E+02
       Cl  6 5   0.80E+00  0.19E+00  0.19E+01  0.12E+03  0.23E+02
       Cl  6 6   0.83E+00  0.20E+00  0.19E+01  0.12E+03  0.23E+02
       H   1 1   0.39E+02  0.19E+00  0.29E+00  0.78E+05  0.13E+02
       H   2 1   0.41E+02  0.21E+00  0.32E+00  0.82E+05  0.14E+02
       H   2 2   0.43E+02  0.22E+00  0.36E+00  0.86E+05  0.15E+02
     ------------------------------------------------------------

     alpha_pv=     34.0424 eV

     Number of occupied bands for each k-point:
     k-point:     1    nbnd_occ=  42
     k-point:     2    nbnd_occ=  42
     k-point:     3    nbnd_occ=  42
     k-point:     4    nbnd_occ=  42
     k-point:     5    nbnd_occ=  42
     k-point:     6    nbnd_occ=  42
     k-point:     7    nbnd_occ=  42
     k-point:     8    nbnd_occ=  42
     k-point:     9    nbnd_occ=  42
     k-point:    10    nbnd_occ=  42
     k-point:    11    nbnd_occ=  42
     k-point:    12    nbnd_occ=  42
     k-point:    13    nbnd_occ=  42
     k-point:    14    nbnd_occ=  42
     k-point:    15    nbnd_occ=  42
     k-point:    16    nbnd_occ=  42


     q-space interpolation up to   110.00 Rydberg

     GIPAW job: efg                                                                             


     ELECTRIC FIELD GRADIENTS TENSORS IN Hartree/bohrradius^2:

     ----- bare term -----
     Cl   1       -0.038097        0.047432       -0.021446
     Cl   1        0.047432        0.096543       -0.026030
     Cl   1       -0.021446       -0.026030       -0.058446

     C    2       -0.245718        0.304767       -0.201066
     C    2        0.304767       -0.133964       -0.377296
     C    2       -0.201066       -0.377296        0.379681

     C    3       -0.029100        0.272210       -0.178753
     C    3        0.272210       -0.110118       -0.575497
     C    3       -0.178753       -0.575497        0.139218

     H    4       -0.001748       -0.129917       -0.419217
     H    4       -0.129917        0.425147        0.069167
     H    4       -0.419217        0.069167       -0.423399

     C    5       -0.465373        0.259469       -0.343264
     C    5        0.259469        0.323708       -0.097253
     C    5       -0.343264       -0.097253        0.141665

     H    6        0.178701       -0.065631        0.384613
     H    6       -0.065631        0.084637       -0.308311
     H    6        0.384613       -0.308311       -0.263338

     H    7        0.381900       -0.056069       -0.010397
     H    7       -0.056069       -0.608122        0.440278
     H    7       -0.010397        0.440278        0.226221

     C    8       -0.286850       -0.082108       -0.298563
     C    8       -0.082108       -0.001813        0.548744
     C    8       -0.298563        0.548744        0.288662

     H    9       -0.141924        0.393878       -0.401922
     H    9        0.393878       -0.118202        0.330943
     H    9       -0.401922        0.330943        0.260126

     C   10       -0.552272       -0.401135       -0.309721
     C   10       -0.401135        0.216207        0.302608
     C   10       -0.309721        0.302608        0.336065

     C   11       -0.038437       -0.253280       -0.205956
     C   11       -0.253280       -0.027898        0.658967
     C   11       -0.205956        0.658967        0.066335

     Cl  12       -0.069969       -0.142095        0.089576
     Cl  12       -0.142095        0.012644       -0.135488
     Cl  12        0.089576       -0.135488        0.057325

     H   13        0.011131        0.337684        0.171929
     H   13        0.337684       -0.246633       -0.449479
     H   13        0.171929       -0.449479        0.235502

     C   14       -0.053101       -0.366103       -0.510002
     C   14       -0.366103       -0.061628       -0.501436
     C   14       -0.510002       -0.501436        0.114729

     H   15       -0.003407       -0.047272       -0.291053
     H   15       -0.047272        0.019117       -0.555379
     H   15       -0.291053       -0.555379       -0.015710

     C   16       -0.603392        0.322434       -0.224455
     C   16        0.322434        0.203448       -0.134942
     C   16       -0.224455       -0.134942        0.399944

     C   17        0.049255        0.093699       -0.170925
     C   17        0.093699       -0.033147       -0.573749
     C   17       -0.170925       -0.573749       -0.016108

     Cl  18       -0.240433        0.311895       -0.007413
     Cl  18        0.311895        0.034420        0.035884
     Cl  18       -0.007413        0.035884        0.206013

     H   19        0.070610        0.010812        0.361282
     H   19        0.010812        0.004558        0.420327
     H   19        0.361282        0.420327       -0.075168

     C   20       -0.361067       -0.259710       -0.409738
     C   20       -0.259710        0.245577        0.236452
     C   20       -0.409738        0.236452        0.115490

     H   21        0.016548        0.099072       -0.437901
     H   21        0.099072        0.252323       -0.209853
     H   21       -0.437901       -0.209853       -0.268871

     C   22        0.100361       -0.380833       -0.061378
     C   22       -0.380833       -0.205601        0.404882
     C   22       -0.061378        0.404882        0.105240

     C   23       -0.281790       -0.267964       -0.378573
     C   23       -0.267964       -0.015893        0.380491
     C   23       -0.378573        0.380491        0.297683

     Cl  24       -0.027523        0.030639       -0.034204
     Cl  24        0.030639       -0.009465        0.050556
     Cl  24       -0.034204        0.050556        0.036989

     ----- ionic term -----
     Cl   1        0.205217       -0.196858       -0.015082
     Cl   1       -0.196858       -0.081306       -0.003711
     Cl   1       -0.015082       -0.003711       -0.123911

     C    2        0.277110       -0.179060        0.186582
     C    2       -0.179060       -0.132223        0.456627
     C    2        0.186582        0.456627       -0.144887

     C    3        0.166904       -0.269579        0.137192
     C    3       -0.269579       -0.034367        0.422676
     C    3        0.137192        0.422676       -0.132537

     H    4        0.417602        0.382372        0.689462
     H    4        0.382372       -0.397996        0.347578
     H    4        0.689462        0.347578       -0.019606

     C    5        0.236559       -0.228274        0.303243
     C    5       -0.228274       -0.095674        0.319376
     C    5        0.303243        0.319376       -0.140885

     H    6       -0.514770       -0.125467       -0.049127
     H    6       -0.125467        0.543895        0.750655
     H    6       -0.049127        0.750655       -0.029125

     H    7       -0.502987        0.041787       -0.015853
     H    7        0.041787        0.446448       -0.778572
     H    7       -0.015853       -0.778572        0.056539

     C    8        0.272035        0.198311        0.330006
     C    8        0.198311       -0.041248       -0.303990
     C    8        0.330006       -0.303990       -0.230787

     H    9        0.463342       -0.366045        0.673377
     H    9       -0.366045       -0.403144       -0.316500
     H    9        0.673377       -0.316500       -0.060197

     C   10        0.126541        0.223258        0.229711
     C   10        0.223258        0.131498       -0.379042
     C   10        0.229711       -0.379042       -0.258039

     C   11        0.151334        0.167526        0.377996
     C   11        0.167526        0.058738       -0.370329
     C   11        0.377996       -0.370329       -0.210072

     Cl  12        0.106839        0.206557        0.058299
     Cl  12        0.206557        0.036400        0.038866
     Cl  12        0.058299        0.038866       -0.143239

     H   13       -0.505173       -0.111809       -0.070037
     H   13       -0.111809        0.609098        0.742637
     H   13       -0.070037        0.742637       -0.103925

     C   14        0.337248       -0.215152        0.237346
     C   14       -0.215152       -0.050534        0.335517
     C   14        0.237346        0.335517       -0.286714

     H   15        0.366285        0.272115        0.773427
     H   15        0.272115       -0.450697        0.312900
     H   15        0.773427        0.312900        0.084411

     C   16        0.179337       -0.326438        0.162981
     C   16       -0.326438        0.081536        0.416223
     C   16        0.162981        0.416223       -0.260873

     C   17        0.150539       -0.312848        0.322397
     C   17       -0.312848        0.049703        0.392493
     C   17        0.322397        0.392493       -0.200242

     Cl  18        0.162439       -0.238396        0.057626
     Cl  18       -0.238396        0.001495       -0.028899
     Cl  18        0.057626       -0.028899       -0.163933

     H   19       -0.531771        0.066503       -0.011029
     H   19        0.066503        0.708290       -0.689569
     H   19       -0.011029       -0.689569       -0.176519

     C   20        0.220253        0.230109        0.312604
     C   20        0.230109        0.048089       -0.301369
     C   20        0.312604       -0.301369       -0.268343

     H   21        0.574497       -0.276907        0.697649
     H   21       -0.276907       -0.422692       -0.265031
     H   21        0.697649       -0.265031       -0.151806

     C   22        0.118598        0.306434        0.180247
     C   22        0.306434        0.178700       -0.404484
     C   22        0.180247       -0.404484       -0.297299

     C   23        0.222533        0.229721        0.244280
     C   23        0.229721        0.037267       -0.449153
     C   23        0.244280       -0.449153       -0.259800

     Cl  24        0.197466        0.232014       -0.009002
     Cl  24        0.232014       -0.059310       -0.011749
     Cl  24       -0.009002       -0.011749       -0.138156

     ----- GIPAW term -----
     Cl   1        2.587893        0.138598       -0.818891
     Cl   1        0.138598       -0.149759       -0.464005
     Cl   1       -0.818891       -0.464005       -2.438133

     C    2        0.102634       -0.169904       -0.010405
     C    2       -0.169904       -0.007608       -0.056131
     C    2       -0.010405       -0.056131       -0.095026

     C    3       -0.095309        0.091548       -0.077622
     C    3        0.091548        0.085575       -0.216615
     C    3       -0.077622       -0.216615        0.009734

     H    4       -0.000000        0.000000        0.000000
     H    4        0.000000        0.000000        0.000000
     H    4        0.000000        0.000000        0.000000

     C    5       -0.054895        0.115127       -0.066807
     C    5        0.115127        0.103422       -0.054524
     C    5       -0.066807       -0.054524       -0.048526

     H    6       -0.000000        0.000000        0.000000
     H    6        0.000000        0.000000        0.000000
     H    6        0.000000        0.000000        0.000000

     H    7       -0.000000        0.000000        0.000000
     H    7        0.000000        0.000000        0.000000
     H    7        0.000000        0.000000        0.000000

     C    8       -0.121866       -0.030468       -0.050842
     C    8       -0.030468        0.117159        0.255273
     C    8       -0.050842        0.255273        0.004706

     H    9       -0.000000        0.000000        0.000000
     H    9        0.000000        0.000000        0.000000
     H    9        0.000000        0.000000        0.000000

     C   10       -0.184443       -0.143315       -0.080086
     C   10       -0.143315        0.237972        0.056126
     C   10       -0.080086        0.056126       -0.053528

     C   11        0.022778       -0.095104       -0.076971
     C   11       -0.095104        0.134714        0.171883
     C   11       -0.076971        0.171883       -0.157492

     Cl  12        0.665080        0.386546        1.351557
     Cl  12        0.386546        0.101855       -1.670802
     Cl  12        1.351557       -1.670802       -0.766935

     H   13       -0.000000        0.000000        0.000000
     H   13        0.000000        0.000000        0.000000
     H   13        0.000000        0.000000        0.000000

     C   14        0.105186       -0.259610       -0.119287
     C   14       -0.259610        0.007663       -0.047802
     C   14       -0.119287       -0.047802       -0.112849

     H   15       -0.000000        0.000000        0.000000
     H   15        0.000000        0.000000        0.000000
     H   15        0.000000        0.000000        0.000000

     C   16       -0.117293       -0.147512       -0.049001
     C   16       -0.147512        0.211033        0.055795
     C   16       -0.049001        0.055795       -0.093740

     C   17       -0.050340        0.017717        0.003671
     C   17        0.017717        0.252123        0.021091
     C   17        0.003671        0.021091       -0.201783

     Cl  18       -1.237069       -0.193031        0.125328
     Cl  18       -0.193031        1.892684        2.003643
     Cl  18        0.125328        2.003643       -0.655615

     H   19       -0.000000        0.000000        0.000000
     H   19        0.000000        0.000000        0.000000
     H   19        0.000000        0.000000        0.000000

     C   20       -0.017457       -0.145155       -0.131144
     C   20       -0.145155        0.050741        0.110763
     C   20       -0.131144        0.110763       -0.033284

     H   21       -0.000000        0.000000        0.000000
     H   21        0.000000        0.000000        0.000000
     H   21        0.000000        0.000000        0.000000

     C   22        0.002665       -0.127114       -0.066847
     C   22       -0.127114        0.021230        0.116370
     C   22       -0.066847        0.116370       -0.023895

     C   23       -0.088812       -0.034794       -0.104759
     C   23       -0.034794        0.063832        0.198654
     C   23       -0.104759        0.198654        0.024981

     Cl  24        1.138161        2.413437       -0.207137
     Cl  24        2.413437        0.056694        0.438370
     Cl  24       -0.207137        0.438370       -1.194855

     ----- total EFG -----
     Cl   1        2.755012       -0.010828       -0.855419
     Cl   1       -0.010828       -0.134522       -0.493746
     Cl   1       -0.855419       -0.493746       -2.620490

     C    2        0.134026       -0.044197       -0.024889
     C    2       -0.044197       -0.273795        0.023200
     C    2       -0.024889        0.023200        0.139769

     C    3        0.042494        0.094180       -0.119183
     C    3        0.094180       -0.058909       -0.369437
     C    3       -0.119183       -0.369437        0.016415

     H    4        0.415854        0.252455        0.270245
     H    4        0.252455        0.027151        0.416746
     H    4        0.270245        0.416746       -0.443005

     C    5       -0.283709        0.146322       -0.106827
     C    5        0.146322        0.331455        0.167599
     C    5       -0.106827        0.167599       -0.047746

     H    6       -0.336069       -0.191098        0.335485
     H    6       -0.191098        0.628532        0.442344
     H    6        0.335485        0.442344       -0.292463

     H    7       -0.121087       -0.014283       -0.026250
     H    7       -0.014283       -0.161673       -0.338294
     H    7       -0.026250       -0.338294        0.282760

     C    8       -0.136681        0.085735       -0.019399
     C    8        0.085735        0.074099        0.500027
     C    8       -0.019399        0.500027        0.062582

     H    9        0.321418        0.027833        0.271454
     H    9        0.027833       -0.521346        0.014443
     H    9        0.271454        0.014443        0.199929

     C   10       -0.610174       -0.321192       -0.160096
     C   10       -0.321192        0.585676       -0.020308
     C   10       -0.160096       -0.020308        0.024498

     C   11        0.135675       -0.180858        0.095069
     C   11       -0.180858        0.165554        0.460521
     C   11        0.095069        0.460521       -0.301229

     Cl  12        0.701950        0.451008        1.499432
     Cl  12        0.451008        0.150898       -1.767424
     Cl  12        1.499432       -1.767424       -0.852849

     H   13       -0.494042        0.225875        0.101892
     H   13        0.225875        0.362465        0.293157
     H   13        0.101892        0.293157        0.131577

     C   14        0.389333       -0.840865       -0.391944
     C   14       -0.840865       -0.104499       -0.213722
     C   14       -0.391944       -0.213722       -0.284834

     H   15        0.362878        0.224844        0.482373
     H   15        0.224844       -0.431579       -0.242480
     H   15        0.482373       -0.242480        0.068701

     C   16       -0.541348       -0.151516       -0.110475
     C   16       -0.151516        0.496017        0.337076
     C   16       -0.110475        0.337076        0.045331

     C   17        0.149454       -0.201432        0.155143
     C   17       -0.201432        0.268678       -0.160165
     C   17        0.155143       -0.160165       -0.418132

     Cl  18       -1.315064       -0.119532        0.175540
     Cl  18       -0.119532        1.928599        2.010628
     Cl  18        0.175540        2.010628       -0.613535

     H   19       -0.461161        0.077315        0.350254
     H   19        0.077315        0.712848       -0.269242
     H   19        0.350254       -0.269242       -0.251687

     C   20       -0.158271       -0.174756       -0.228278
     C   20       -0.174756        0.344407        0.045847
     C   20       -0.228278        0.045847       -0.186137

     H   21        0.591045       -0.177835        0.259748
     H   21       -0.177835       -0.170368       -0.474884
     H   21        0.259748       -0.474884       -0.420677

     C   22        0.221625       -0.201514        0.052022
     C   22       -0.201514       -0.005671        0.116767
     C   22        0.052022        0.116767       -0.215954

     C   23       -0.148069       -0.073037       -0.239052
     C   23       -0.073037        0.085205        0.129993
     C   23       -0.239052        0.129993        0.062864

     Cl  24        1.308104        2.676090       -0.250343
     Cl  24        2.676090       -0.012082        0.477177
     Cl  24       -0.250343        0.477177       -1.296022

     ----- total EFG (symmetrized) -----
     Cl   1        2.755012       -0.010828       -0.855419
     Cl   1       -0.010828       -0.134522       -0.493746
     Cl   1       -0.855419       -0.493746       -2.620490

     C    2        0.134026       -0.044197       -0.024889
     C    2       -0.044197       -0.273795        0.023200
     C    2       -0.024889        0.023200        0.139769

     C    3        0.042494        0.094180       -0.119183
     C    3        0.094180       -0.058909       -0.369437
     C    3       -0.119183       -0.369437        0.016415

     H    4        0.415854        0.252455        0.270245
     H    4        0.252455        0.027151        0.416746
     H    4        0.270245        0.416746       -0.443005

     C    5       -0.283709        0.146322       -0.106827
     C    5        0.146322        0.331455        0.167599
     C    5       -0.106827        0.167599       -0.047746

     H    6       -0.336069       -0.191098        0.335485
     H    6       -0.191098        0.628532        0.442344
     H    6        0.335485        0.442344       -0.292463

     H    7       -0.121087       -0.014283       -0.026250
     H    7       -0.014283       -0.161673       -0.338294
     H    7       -0.026250       -0.338294        0.282760

     C    8       -0.136681        0.085735       -0.019399
     C    8        0.085735        0.074099        0.500027
     C    8       -0.019399        0.500027        0.062582

     H    9        0.321418        0.027833        0.271454
     H    9        0.027833       -0.521346        0.014443
     H    9        0.271454        0.014443        0.199929

     C   10       -0.610174       -0.321192       -0.160096
     C   10       -0.321192        0.585676       -0.020308
     C   10       -0.160096       -0.020308        0.024498

     C   11        0.135675       -0.180858        0.095069
     C   11       -0.180858        0.165554        0.460521
     C   11        0.095069        0.460521       -0.301229

     Cl  12        0.701950        0.451008        1.499432
     Cl  12        0.451008        0.150898       -1.767424
     Cl  12        1.499432       -1.767424       -0.852849

     H   13       -0.494042        0.225875        0.101892
     H   13        0.225875        0.362465        0.293157
     H   13        0.101892        0.293157        0.131577

     C   14        0.389333       -0.840865       -0.391944
     C   14       -0.840865       -0.104499       -0.213722
     C   14       -0.391944       -0.213722       -0.284834

     H   15        0.362878        0.224844        0.482373
     H   15        0.224844       -0.431579       -0.242480
     H   15        0.482373       -0.242480        0.068701

     C   16       -0.541348       -0.151516       -0.110475
     C   16       -0.151516        0.496017        0.337076
     C   16       -0.110475        0.337076        0.045331

     C   17        0.149454       -0.201432        0.155143
     C   17       -0.201432        0.268678       -0.160165
     C   17        0.155143       -0.160165       -0.418132

     Cl  18       -1.315064       -0.119532        0.175540
     Cl  18       -0.119532        1.928599        2.010628
     Cl  18        0.175540        2.010628       -0.613535

     H   19       -0.461161        0.077315        0.350254
     H   19        0.077315        0.712848       -0.269242
     H   19        0.350254       -0.269242       -0.251687

     C   20       -0.158271       -0.174756       -0.228278
     C   20       -0.174756        0.344407        0.045847
     C   20       -0.228278        0.045847       -0.186137

     H   21        0.591045       -0.177835        0.259748
     H   21       -0.177835       -0.170368       -0.474884
     H   21        0.259748       -0.474884       -0.420677

     C   22        0.221625       -0.201514        0.052022
     C   22       -0.201514       -0.005671        0.116767
     C   22        0.052022        0.116767       -0.215954

     C   23       -0.148069       -0.073037       -0.239052
     C   23       -0.073037        0.085205        0.129993
     C   23       -0.239052        0.129993        0.062864

     Cl  24        1.308104        2.676090       -0.250343
     Cl  24        2.676090       -0.012082        0.477177
     Cl  24       -0.250343        0.477177       -1.296022


     NQR/NMR SPECTROSCOPIC PARAMETERS:
     Cl   1    Vxx=   -0.0474    axis=(  0.048864 -0.983791  0.172533)
     Cl   1    Vyy=   -2.8419    axis=( -0.149008 -0.177986 -0.972686)
     Cl   1    Vzz=    2.8893    axis=(  0.987628  0.021820 -0.155290)
     Cl   1  Q=        -8.1650 1e-30 m^2  Cq=       -55.4293 MHz  eta= 0.96719

     C    2    Vxx=    0.1126    axis=( -0.719727  0.040717 -0.693062)
     C    2    Vyy=    0.1670    axis=( -0.686539  0.106698  0.719221)
     C    2    Vzz=   -0.2795    axis=(  0.103233  0.993457 -0.048840)
     C    2  Q=         1.0000 1e-30 m^2  Cq=        -0.6568 MHz  eta= 0.19465

     C    3    Vxx=   -0.0194    axis=( -0.924905  0.272688 -0.264937)
     C    3    Vyy=   -0.3928    axis=(  0.024711  0.738483  0.673820)
     C    3    Vzz=    0.4123    axis=(  0.379394  0.616672 -0.689765)
     C    3  Q=         1.0000 1e-30 m^2  Cq=         0.9686 MHz  eta= 0.90583

     H    4    Vxx=   -0.0119    axis=(  0.620388 -0.721179 -0.308252)
     H    4    Vyy=   -0.6978    axis=(  0.107055  0.467219 -0.877636)
     H    4    Vzz=    0.7097    axis=(  0.776954  0.511475  0.367063)
     H    4  Q=         1.0000 1e-30 m^2  Cq=         1.6676 MHz  eta= 0.96649

     C    5    Vxx=   -0.0285    axis=(  0.475610  0.204964 -0.855444)
     C    5    Vyy=   -0.3815    axis=(  0.866677 -0.275621  0.415817)
     C    5    Vzz=    0.4100    axis=( -0.150551 -0.939161 -0.308726)
     C    5  Q=         1.0000 1e-30 m^2  Cq=         0.9633 MHz  eta= 0.86093

     H    6    Vxx=   -0.0168    axis=( -0.763614  0.195653 -0.615316)
     H    6    Vyy=   -0.7924    axis=( -0.643704 -0.305054  0.701846)
     H    6    Vzz=    0.8092    axis=( -0.050387  0.932020  0.358886)
     H    6  Q=         1.0000 1e-30 m^2  Cq=         1.9013 MHz  eta= 0.95854

     H    7    Vxx=   -0.1188    axis=(  0.993508 -0.110276 -0.027958)
     H    7    Vyy=   -0.3470    axis=(  0.110307  0.873638  0.473909)
     H    7    Vzz=    0.4657    axis=( -0.027836 -0.473916  0.880130)
     H    7  Q=         1.0000 1e-30 m^2  Cq=         1.0943 MHz  eta= 0.49001

     C    8    Vxx=   -0.1222    axis=(  0.970387  0.115955 -0.211904)
     C    8    Vyy=   -0.4494    axis=( -0.232021  0.691470 -0.684131)
     C    8    Vzz=    0.5716    axis=( -0.067197 -0.713038 -0.697898)
     C    8  Q=         1.0000 1e-30 m^2  Cq=         1.3430 MHz  eta= 0.57242

     H    9    Vxx=   -0.0174    axis=( -0.624582 -0.012117  0.780865)
     H    9    Vyy=   -0.5223    axis=( -0.030192  0.999507 -0.008640)
     H    9    Vzz=    0.5397    axis=( -0.780376 -0.028972 -0.624640)
     H    9  Q=         1.0000 1e-30 m^2  Cq=         1.2682 MHz  eta= 0.93545

     C   10    Vxx=    0.0581    axis=( -0.195126 -0.081177  0.977413)
     C   10    Vyy=    0.6671    axis=( -0.247416  0.968412  0.031037)
     C   10    Vzz=   -0.7252    axis=( -0.949058 -0.235772 -0.209047)
     C   10  Q=         1.0000 1e-30 m^2  Cq=        -1.7040 MHz  eta= 0.83965

     C   11    Vxx=    0.1426    axis=(  0.922612  0.151411  0.354770)
     C   11    Vyy=    0.4827    axis=( -0.311293  0.835390  0.453013)
     C   11    Vzz=   -0.6252    axis=( -0.227780 -0.528393  0.817874)
     C   11  Q=         1.0000 1e-30 m^2  Cq=        -1.4690 MHz  eta= 0.54400

     Cl  12    Vxx=    0.8976    axis=( -0.693277 -0.710079  0.123102)
     Cl  12    Vyy=    1.9160    axis=(  0.605113 -0.480783  0.634575)
     Cl  12    Vzz=   -2.8137    axis=( -0.391413  0.514427  0.762994)
     Cl  12  Q=        -8.1650 1e-30 m^2  Cq=        53.9792 MHz  eta= 0.36195

     H   13    Vxx=   -0.0645    axis=( -0.081495 -0.534455  0.841259)
     H   13    Vyy=   -0.5513    axis=( -0.973158  0.224943  0.048634)
     H   13    Vzz=    0.6159    axis=( -0.215228 -0.814714 -0.538440)
     H   13  Q=         1.0000 1e-30 m^2  Cq=         1.4471 MHz  eta= 0.79042

     C   14    Vxx=   -0.0688    axis=( -0.193476 -0.499117  0.844659)
     C   14    Vyy=   -0.9779    axis=(  0.551404  0.656772  0.514397)
     C   14    Vzz=    1.0466    axis=( -0.811493  0.565272  0.148145)
     C   14  Q=         1.0000 1e-30 m^2  Cq=         2.4591 MHz  eta= 0.86859

     H   15    Vxx=   -0.0244    axis=( -0.439072 -0.626130  0.644342)
     H   15    Vyy=   -0.6970    axis=(  0.389080 -0.778944 -0.491796)
     H   15    Vzz=    0.7214    axis=(  0.809835  0.034767  0.585627)
     H   15  Q=         1.0000 1e-30 m^2  Cq=         1.6949 MHz  eta= 0.93242

     C   16    Vxx=   -0.1333    axis=( -0.057654 -0.482132  0.874199)
     C   16    Vyy=   -0.5706    axis=( -0.987366 -0.101919 -0.121327)
     C   16    Vzz=    0.7038    axis=(  0.147594 -0.870150 -0.470165)
     C   16  Q=         1.0000 1e-30 m^2  Cq=         1.6538 MHz  eta= 0.62127

     C   17    Vxx=    0.0005    axis=(  0.782969  0.619795  0.053035)
     C   17    Vyy=    0.4741    axis=( -0.592284  0.768838 -0.241012)
     C   17    Vzz=   -0.4746    axis=( -0.190154  0.157294  0.969072)
     C   17  Q=         1.0000 1e-30 m^2  Cq=        -1.1151 MHz  eta= 0.99785

     Cl  18    Vxx=   -1.2251    axis=(  0.919935 -0.185389  0.345471)
     Cl  18    Vyy=   -1.8113    axis=( -0.392043 -0.445307  0.804987)
     Cl  18    Vzz=    3.0363    axis=( -0.004605  0.875975  0.482334)
     Cl  18  Q=        -8.1650 1e-30 m^2  Cq=       -58.2504 MHz  eta= 0.19307

     H   19    Vxx=   -0.0264    axis=(  0.635896  0.204532  0.744179)
     H   19    Vyy=   -0.7567    axis=(  0.771683 -0.153675 -0.617162)
     H   19    Vzz=    0.7831    axis=(  0.011868 -0.966722  0.255555)
     H   19  Q=         1.0000 1e-30 m^2  Cq=         1.8399 MHz  eta= 0.93258

     C   20    Vxx=   -0.0108    axis=(  0.609075  0.388889 -0.691226)
     C   20    Vyy=   -0.4115    axis=( -0.709643 -0.121969 -0.693924)
     C   20    Vzz=    0.4223    axis=(  0.354167 -0.913175 -0.201685)
     C   20  Q=         1.0000 1e-30 m^2  Cq=         0.9923 MHz  eta= 0.94893

     H   21    Vxx=    0.0370    axis=(  0.467228  0.732616 -0.494946)
     H   21    Vyy=    0.7569    axis=(  0.880962 -0.338365  0.330780)
     H   21    Vzz=   -0.7939    axis=( -0.074863  0.590578  0.803501)
     H   21  Q=         1.0000 1e-30 m^2  Cq=        -1.8654 MHz  eta= 0.90669

     C   22    Vxx=   -0.0346    axis=(  0.431834  0.696898  0.572584)
     C   22    Vyy=   -0.3051    axis=( -0.273628 -0.503686  0.819407)
     C   22    Vzz=    0.3397    axis=( -0.859446  0.510523  0.026819)
     C   22  Q=         1.0000 1e-30 m^2  Cq=         0.7982 MHz  eta= 0.79628

     C   23    Vxx=   -0.0109    axis=(  0.320358  0.838845 -0.440124)
     C   23    Vyy=   -0.3042    axis=( -0.833004  0.028217 -0.552547)
     C   23    Vzz=    0.3151    axis=( -0.451082  0.543638  0.707801)
     C   23  Q=         1.0000 1e-30 m^2  Cq=         0.7403 MHz  eta= 0.93085

     Cl  24    Vxx=   -1.0361    axis=( -0.288662  0.336710  0.896270)
     Cl  24    Vyy=   -2.3702    axis=( -0.546947  0.710342 -0.443016)
     Cl  24    Vzz=    3.4063    axis=( -0.785826 -0.618095 -0.020886)
     Cl  24  Q=        -8.1650 1e-30 m^2  Cq=       -65.3489 MHz  eta= 0.39165

     Initialization:
     gipaw_setup  :      9.28s CPU     11.45s WALL (       1 calls)

     Linear response

     Apply operators

     Induced current

     Other routines
     efg          :      9.26s CPU     11.65s WALL (       1 calls)

     General routines
     calbec       :      3.31s CPU      4.29s WALL (      16 calls)
     fft          :      1.49s CPU      2.03s WALL (      15 calls)
     ffts         :      0.04s CPU      0.05s WALL (       2 calls)
     fftw         :      3.16s CPU      3.96s WALL (     672 calls)
     davcio       :      0.02s CPU      0.33s WALL (      32 calls)

     Parallel routines
     fft_scatter  :      2.03s CPU      3.11s WALL (     689 calls)

     Plugins

     GIPAW        :     61.89s CPU     75.91s WALL (       1 calls)
