
     Program QE v.6.0 (svn rev. 13079) starts on 15Jan2017 at 23:43:27 

     This program is part of the open-source Quantum ESPRESSO suite
     for quantum simulation of materials; please cite
         "P. Giannozzi et al., J. Phys.:Condens. Matter 21 395502 (2009);
          URL http://www.quantum-espresso.org", 
     in publications or presentations arising from this work. More details at
     http://www.quantum-espresso.org/quote

     Parallel version (MPI), running on     8 processors
     R & G space division:  proc/nbgrp/npool/nimage =       8

     ***** This is GIPAW svn revision unknown      *****

     Parallelizing q-star over 1 images

     Reading data from directory:
     /users/majewski/paradichlorobenzene/pbe/9_constraint/scratch/pbe.ecut100.np8.dt60.pcl2phi-129368.save
     Message from routine read_xml_file:
     file /users/majewski/paradichlorobenzene/pbe/9_constraint/scratch/pbe.ecut100.np8.dt60.pcl2phi-129368.save not guaranteed to be safe for post-processing

   Info: using nr1, nr2, nr3 values from input

   Info: using nr1, nr2, nr3 values from input

     IMPORTANT: XC functional enforced from input :
     Exchange-correlation      =  SLA  PW   PBX  PBC ( 1  4  3  4 0 0)
     Any further DFT definition will be discarded
     Please, verify this is what you really want

               file C.pbe-n-kjpaw_psl.1.0.0.UPF: wavefunction(s)  2S 2P renormalized
               file Cl.pbe-n-kjpaw_psl.1.0.0.UPF: wavefunction(s)  3S 3P renormalized
               file H.pbe-kjpaw_psl.1.0.0.UPF: wavefunction(s)  1S renormalized

     Parallelization info
     --------------------
     sticks:   dense  smooth     PW     G-vecs:    dense   smooth      PW
     Min        3057    1223    332               144436    36536    5170
     Max        3059    1225    333               144437    36537    5171
     Sum       24467    9791   2657              1155489   292295   41363


     Subspace diagonalization in iterative solution of the eigenvalue problem:
     a serial algorithm will be used

     GIPAW projectors -----------------------------------------------
     atom=  C    l=0  rc=    1.2000  rs=    0.8000
     atom=  C    l=0  rc=    1.2000  rs=    0.8000
     atom=  C    l=1  rc=    1.4000  rs=    0.9333
     atom=  C    l=1  rc=    1.4000  rs=    0.9333
     projs nearly linearly dependent: l=1  n1,n2= 1, 2  s=  0.99951561

     atom=  Cl   l=0  rc=    1.6000  rs=    1.0667
     atom=  Cl   l=0  rc=    1.6000  rs=    1.0667
     atom=  Cl   l=1  rc=    1.6000  rs=    1.0667
     atom=  Cl   l=1  rc=    1.6000  rs=    1.0667
     atom=  Cl   l=2  rc=    1.6000  rs=    1.0667
     atom=  Cl   l=2  rc=    1.6000  rs=    1.0667
     projs nearly linearly dependent: l=2  n1,n2= 1, 2  s=  0.99993509

     atom=  H    l=0  rc=    1.0000  rs=    0.6667
     atom=  H    l=0  rc=    1.0000  rs=    0.6667
     projs nearly linearly dependent: l=0  n1,n2= 1, 2  s=  0.99968852
     -----------------------------------------------------------------

     GIPAW integrals: -------------------------------------------
     Atom  i/j   nmr_para   nmr_dia   epr_rmc  epr_para   epr_dia
       C   1 1   0.83E+03  0.17E-01  0.93E+01  0.24E+08  0.24E+03
       C   2 1   0.86E+03 -0.61E-01  0.94E+01  0.25E+08  0.25E+03
       C   2 2   0.90E+03 -0.15E+00  0.97E+01  0.26E+08  0.26E+03
       C   3 3   0.33E+01  0.34E+00  0.18E+01  0.55E+03  0.21E+02
       C   4 3   0.35E+01  0.37E+00  0.20E+01  0.59E+03  0.22E+02
       C   4 4   0.38E+01  0.39E+00  0.22E+01  0.63E+03  0.24E+02
       Cl  1 1   0.14E+04 -0.47E+00  0.84E+01  0.32E+09  0.42E+03
       Cl  2 1   0.21E+04 -0.37E+00  0.12E+02  0.49E+09  0.65E+03
       Cl  2 2   0.33E+04 -0.16E+00  0.21E+02  0.76E+09  0.10E+04
       Cl  3 3   0.21E+02  0.79E-01  0.89E+01  0.23E+05  0.13E+03
       Cl  4 3   0.24E+02  0.67E-01  0.99E+01  0.27E+05  0.15E+03
       Cl  4 4   0.28E+02  0.44E-01  0.11E+02  0.32E+05  0.18E+03
       Cl  5 5   0.77E+00  0.19E+00  0.18E+01  0.12E+03  0.22E+02
       Cl  6 5   0.80E+00  0.19E+00  0.19E+01  0.12E+03  0.23E+02
       Cl  6 6   0.83E+00  0.20E+00  0.19E+01  0.12E+03  0.23E+02
       H   1 1   0.39E+02  0.19E+00  0.29E+00  0.78E+05  0.13E+02
       H   2 1   0.41E+02  0.21E+00  0.32E+00  0.82E+05  0.14E+02
       H   2 2   0.43E+02  0.22E+00  0.36E+00  0.86E+05  0.15E+02
     ------------------------------------------------------------

     alpha_pv=     34.7404 eV

     Number of occupied bands for each k-point:
     k-point:     1    nbnd_occ=  42
     k-point:     2    nbnd_occ=  42
     k-point:     3    nbnd_occ=  42
     k-point:     4    nbnd_occ=  42
     k-point:     5    nbnd_occ=  42
     k-point:     6    nbnd_occ=  42
     k-point:     7    nbnd_occ=  42
     k-point:     8    nbnd_occ=  42
     k-point:     9    nbnd_occ=  42
     k-point:    10    nbnd_occ=  42
     k-point:    11    nbnd_occ=  42
     k-point:    12    nbnd_occ=  42
     k-point:    13    nbnd_occ=  42
     k-point:    14    nbnd_occ=  42
     k-point:    15    nbnd_occ=  42
     k-point:    16    nbnd_occ=  42


     q-space interpolation up to   110.00 Rydberg

     GIPAW job: efg                                                                             


     ELECTRIC FIELD GRADIENTS TENSORS IN Hartree/bohrradius^2:

     ----- bare term -----
     Cl   1        0.069901        0.223967       -0.041131
     Cl   1        0.223967        0.133677        0.196945
     Cl   1       -0.041131        0.196945       -0.203577

     C    2       -0.101911       -0.087257       -0.180969
     C    2       -0.087257       -0.001511       -0.432956
     C    2       -0.180969       -0.432956        0.103422

     C    3       -0.266765        0.216996       -0.210732
     C    3        0.216996       -0.019811       -0.303662
     C    3       -0.210732       -0.303662        0.286576

     H    4       -0.602670       -0.356849        0.158550
     H    4       -0.356849        0.364916       -0.010458
     H    4        0.158550       -0.010458        0.237753

     C    5        0.046563        0.514610        0.062096
     C    5        0.514610       -0.358471       -0.378506
     C    5        0.062096       -0.378506        0.311908

     H    6       -0.025795       -0.303346       -0.338809
     H    6       -0.303346       -0.081612       -0.393541
     H    6       -0.338809       -0.393541        0.107407

     H    7        0.252574        0.047510       -0.072941
     H    7        0.047510       -0.496786        0.597108
     H    7       -0.072941        0.597108        0.244212

     C    8       -0.703748       -0.309734       -0.372078
     C    8       -0.309734        0.276985        0.052405
     C    8       -0.372078        0.052405        0.426763

     H    9       -0.472181       -0.204918       -0.390363
     H    9       -0.204918        0.143416        0.140694
     H    9       -0.390363        0.140694        0.328765

     C   10        0.068402        0.130116       -0.295140
     C   10        0.130116       -0.068703        0.641368
     C   10       -0.295140        0.641368        0.000301

     C   11       -0.665538       -0.423423       -0.282170
     C   11       -0.423423        0.287931        0.198354
     C   11       -0.282170        0.198354        0.377608

     Cl  12        0.065205       -0.059797       -0.015927
     Cl  12       -0.059797       -0.034307       -0.012428
     Cl  12       -0.015927       -0.012428       -0.030897

     H   13        0.194498        0.145797       -0.411961
     H   13        0.145797       -0.125640       -0.357157
     H   13       -0.411961       -0.357157       -0.068858

     C   14       -0.665991        0.345701       -0.099839
     C   14        0.345701        0.278154       -0.131956
     C   14       -0.099839       -0.131956        0.387837

     H   15       -0.454566        0.240363       -0.126410
     H   15        0.240363        0.080673       -0.371117
     H   15       -0.126410       -0.371117        0.373893

     C   16        0.272580        0.040962       -0.177909
     C   16        0.040962       -0.424412       -0.666488
     C   16       -0.177909       -0.666488        0.151833

     C   17       -0.699893        0.365541       -0.373511
     C   17        0.365541        0.237426       -0.108501
     C   17       -0.373511       -0.108501        0.462467

     Cl  18        0.339687       -0.043696       -0.183638
     Cl  18       -0.043696        0.145793       -0.494334
     Cl  18       -0.183638       -0.494334       -0.485480

     H   19        0.368786        0.309942       -0.060921
     H   19        0.309942       -0.680092        0.362918
     H   19       -0.060921        0.362918        0.311307

     C   20       -0.160165        0.178140       -0.341430
     C   20        0.178140        0.074175        0.535678
     C   20       -0.341430        0.535678        0.085990

     H   21       -0.187194        0.481002       -0.196250
     H   21        0.481002       -0.202952       -0.060279
     H   21       -0.196250       -0.060279        0.390146

     C   22       -0.615227       -0.322719       -0.122918
     C   22       -0.322719        0.233619        0.310746
     C   22       -0.122918        0.310746        0.381608

     C   23       -0.001220        0.353277       -0.423651
     C   23        0.353277       -0.004409        0.695723
     C   23       -0.423651        0.695723        0.005629

     Cl  24       -0.241301       -0.179482       -0.002317
     Cl  24       -0.179482        0.138543        0.030467
     Cl  24       -0.002317        0.030467        0.102758

     ----- ionic term -----
     Cl   1        0.077431       -0.200762       -0.045821
     Cl   1       -0.200762        0.065905        0.049872
     Cl   1       -0.045821        0.049872       -0.143336

     C    2        0.263965       -0.172079        0.145033
     C    2       -0.172079        0.068053        0.407219
     C    2        0.145033        0.407219       -0.332018

     C    3        0.204891       -0.239478        0.051481
     C    3       -0.239478        0.091818        0.456457
     C    3        0.051481        0.456457       -0.296710

     H    4        0.860200        0.152258        0.537832
     H    4        0.152258       -0.533371        0.151254
     H    4        0.537832        0.151254       -0.326829

     C    5        0.373327       -0.167102        0.129145
     C    5       -0.167102       -0.063915        0.376844
     C    5        0.129145        0.376844       -0.309411

     H    6       -0.460708        0.262430        0.225081
     H    6        0.262430        0.349559        0.803436
     H    6        0.225081        0.803436        0.111149

     H    7       -0.515628       -0.105186        0.052120
     H    7       -0.105186        0.726858       -0.662688
     H    7        0.052120       -0.662688       -0.211230

     C    8        0.290324        0.122981        0.300943
     C    8        0.122981        0.125073       -0.269999
     C    8        0.300943       -0.269999       -0.415397

     H    9        0.656481       -0.393122        0.595322
     H    9       -0.393122       -0.342252       -0.242107
     H    9        0.595322       -0.242107       -0.314229

     C   10        0.103646        0.191059        0.221702
     C   10        0.191059        0.255084       -0.362755
     C   10        0.221702       -0.362755       -0.358729

     C   11        0.190730        0.192710        0.284055
     C   11        0.192710        0.163453       -0.405645
     C   11        0.284055       -0.405645       -0.354183

     Cl  12        0.134101        0.231846       -0.000027
     Cl  12        0.231846        0.029245       -0.007281
     Cl  12       -0.000027       -0.007281       -0.163346

     H   13       -0.463478        0.286244        0.187130
     H   13        0.286244        0.581087        0.747825
     H   13        0.187130        0.747825       -0.117609

     C   14        0.336002       -0.135362        0.131927
     C   14       -0.135362        0.016995        0.342563
     C   14        0.131927        0.342563       -0.352996

     H   15        0.796407        0.364630        0.492040
     H   15        0.364630       -0.420782        0.205984
     H   15        0.492040        0.205984       -0.375625

     C   16        0.143365       -0.119287        0.093118
     C   16       -0.119287        0.121026        0.478998
     C   16        0.093118        0.478998       -0.264391

     C   17        0.279057       -0.104709        0.151867
     C   17       -0.104709       -0.003034        0.457191
     C   17        0.151867        0.457191       -0.276023

     Cl  18        0.098535       -0.200851       -0.067142
     Cl  18       -0.200851        0.008229        0.052145
     Cl  18       -0.067142        0.052145       -0.106764

     H   19       -0.451776       -0.244173        0.179485
     H   19       -0.244173        0.536771       -0.716037
     H   19        0.179485       -0.716037       -0.084995

     C   20        0.339995        0.141716        0.316582
     C   20        0.141716        0.001999       -0.306272
     C   20        0.316582       -0.306272       -0.341994

     H   21        0.754906       -0.386036        0.543499
     H   21       -0.386036       -0.362463       -0.228245
     H   21        0.543499       -0.228245       -0.392443

     C   22        0.183615        0.167055        0.175713
     C   22        0.167055        0.222023       -0.386919
     C   22        0.175713       -0.386919       -0.405638

     C   23        0.231942        0.061496        0.295444
     C   23        0.061496        0.154223       -0.400932
     C   23        0.295444       -0.400932       -0.386165

     Cl  24        0.131983        0.177989        0.017921
     Cl  24        0.177989        0.013439       -0.004235
     Cl  24        0.017921       -0.004235       -0.145422

     ----- GIPAW term -----
     Cl   1       -0.615967       -0.445749       -0.015702
     Cl   1       -0.445749       -0.712905       -0.739998
     Cl   1       -0.015702       -0.739998        1.328872

     C    2       -0.048099       -0.034522       -0.040483
     C    2       -0.034522        0.016657       -0.137258
     C    2       -0.040483       -0.137258        0.031442

     C    3       -0.070884        0.105823       -0.118230
     C    3        0.105823        0.048353       -0.137451
     C    3       -0.118230       -0.137451        0.022532

     H    4       -0.000000        0.000000        0.000000
     H    4        0.000000        0.000000        0.000000
     H    4        0.000000        0.000000        0.000000

     C    5        0.075741        0.235931        0.084989
     C    5        0.235931       -0.002093       -0.005895
     C    5        0.084989       -0.005895       -0.073648

     H    6       -0.000000        0.000000        0.000000
     H    6        0.000000        0.000000        0.000000
     H    6        0.000000        0.000000        0.000000

     H    7       -0.000000        0.000000        0.000000
     H    7        0.000000        0.000000        0.000000
     H    7        0.000000        0.000000        0.000000

     C    8       -0.115114        0.135375       -0.091313
     C    8        0.135375        0.181870       -0.114775
     C    8       -0.091313       -0.114775       -0.066757

     H    9       -0.000000        0.000000        0.000000
     H    9        0.000000        0.000000        0.000000
     H    9        0.000000        0.000000        0.000000

     C   10       -0.082398        0.146419       -0.040855
     C   10        0.146419        0.228479        0.068685
     C   10       -0.040855        0.068685       -0.146082

     C   11       -0.152855        0.072213       -0.021762
     C   11        0.072213        0.272072        0.038939
     C   11       -0.021762        0.038939       -0.119218

     Cl  12       -0.070189        0.638456       -0.050947
     Cl  12        0.638456        2.600630       -0.205206
     Cl  12       -0.050947       -0.205206       -2.530441

     H   13       -0.000000        0.000000        0.000000
     H   13        0.000000        0.000000        0.000000
     H   13        0.000000        0.000000        0.000000

     C   14       -0.118680       -0.078624        0.035102
     C   14       -0.078624        0.171795       -0.040894
     C   14        0.035102       -0.040894       -0.053115

     H   15       -0.000000        0.000000        0.000000
     H   15        0.000000        0.000000        0.000000
     H   15        0.000000        0.000000        0.000000

     C   16       -0.054732       -0.027722       -0.013402
     C   16       -0.027722        0.114214        0.074122
     C   16       -0.013402        0.074122       -0.059482

     C   17       -0.058742        0.077858        0.041450
     C   17        0.077858        0.047934        0.091672
     C   17        0.041450        0.091672        0.010808

     Cl  18        0.331597       -0.511199       -0.058653
     Cl  18       -0.511199        0.072052       -0.011832
     Cl  18       -0.058653       -0.011832       -0.403649

     H   19       -0.000000        0.000000        0.000000
     H   19        0.000000        0.000000        0.000000
     H   19        0.000000        0.000000        0.000000

     C   20       -0.091127        0.127891       -0.030305
     C   20        0.127891        0.229847        0.145291
     C   20       -0.030305        0.145291       -0.138720

     H   21       -0.000000        0.000000        0.000000
     H   21        0.000000        0.000000        0.000000
     H   21        0.000000        0.000000        0.000000

     C   22       -0.209286        0.041414        0.004291
     C   22        0.041414        0.272774        0.108387
     C   22        0.004291        0.108387       -0.063488

     C   23       -0.010084        0.244056       -0.050367
     C   23        0.244056        0.184728        0.090636
     C   23       -0.050367        0.090636       -0.174644

     Cl  24        0.072080        1.906903       -0.063329
     Cl  24        1.906903        1.416884        0.184815
     Cl  24       -0.063329        0.184815       -1.488965

     ----- total EFG -----
     Cl   1       -0.468635       -0.422544       -0.102653
     Cl   1       -0.422544       -0.513324       -0.493180
     Cl   1       -0.102653       -0.493180        0.981959

     C    2        0.113954       -0.293858       -0.076420
     C    2       -0.293858        0.083198       -0.162995
     C    2       -0.076420       -0.162995       -0.197153

     C    3       -0.132758        0.083340       -0.277481
     C    3        0.083340        0.120360        0.015344
     C    3       -0.277481        0.015344        0.012398

     H    4        0.257530       -0.204591        0.696383
     H    4       -0.204591       -0.168455        0.140796
     H    4        0.696383        0.140796       -0.089076

     C    5        0.495631        0.583439        0.276230
     C    5        0.583439       -0.424480       -0.007557
     C    5        0.276230       -0.007557       -0.071151

     H    6       -0.486503       -0.040917       -0.113727
     H    6       -0.040917        0.267948        0.409894
     H    6       -0.113727        0.409894        0.218555

     H    7       -0.263054       -0.057676       -0.020821
     H    7       -0.057676        0.230072       -0.065580
     H    7       -0.020821       -0.065580        0.032982

     C    8       -0.528538       -0.051377       -0.162448
     C    8       -0.051377        0.583929       -0.332368
     C    8       -0.162448       -0.332368       -0.055391

     H    9        0.184300       -0.598040        0.204959
     H    9       -0.598040       -0.198836       -0.101413
     H    9        0.204959       -0.101413        0.014536

     C   10        0.089650        0.467594       -0.114294
     C   10        0.467594        0.414860        0.347298
     C   10       -0.114294        0.347298       -0.504511

     C   11       -0.627663       -0.158501       -0.019877
     C   11       -0.158501        0.723456       -0.168352
     C   11       -0.019877       -0.168352       -0.095793

     Cl  12        0.129116        0.810505       -0.066901
     Cl  12        0.810505        2.595568       -0.224915
     Cl  12       -0.066901       -0.224915       -2.724684

     H   13       -0.268980        0.432041       -0.224831
     H   13        0.432041        0.455446        0.390668
     H   13       -0.224831        0.390668       -0.186466

     C   14       -0.448669        0.131715        0.067190
     C   14        0.131715        0.466944        0.169713
     C   14        0.067190        0.169713       -0.018275

     H   15        0.341840        0.604994        0.365631
     H   15        0.604994       -0.340108       -0.165133
     H   15        0.365631       -0.165133       -0.001732

     C   16        0.361213       -0.106047       -0.098192
     C   16       -0.106047       -0.189172       -0.113369
     C   16       -0.098192       -0.113369       -0.172041

     C   17       -0.479578        0.338690       -0.180193
     C   17        0.338690        0.282326        0.440361
     C   17       -0.180193        0.440361        0.197252

     Cl  18        0.769819       -0.755746       -0.309432
     Cl  18       -0.755746        0.226074       -0.454020
     Cl  18       -0.309432       -0.454020       -0.995893

     H   19       -0.082990        0.065770        0.118564
     H   19        0.065770       -0.143322       -0.353119
     H   19        0.118564       -0.353119        0.226312

     C   20        0.088704        0.447747       -0.055152
     C   20        0.447747        0.306021        0.374696
     C   20       -0.055152        0.374696       -0.394725

     H   21        0.567712        0.094966        0.347249
     H   21        0.094966       -0.565415       -0.288524
     H   21        0.347249       -0.288524       -0.002297

     C   22       -0.640898       -0.114250        0.057086
     C   22       -0.114250        0.728416        0.032214
     C   22        0.057086        0.032214       -0.087518

     C   23        0.220638        0.658829       -0.178574
     C   23        0.658829        0.334542        0.385427
     C   23       -0.178574        0.385427       -0.555180

     Cl  24       -0.037238        1.905410       -0.047725
     Cl  24        1.905410        1.568866        0.211047
     Cl  24       -0.047725        0.211047       -1.531629

     ----- total EFG (symmetrized) -----
     Cl   1       -0.468635       -0.422544       -0.102653
     Cl   1       -0.422544       -0.513324       -0.493180
     Cl   1       -0.102653       -0.493180        0.981959

     C    2        0.113954       -0.293858       -0.076420
     C    2       -0.293858        0.083198       -0.162995
     C    2       -0.076420       -0.162995       -0.197153

     C    3       -0.132758        0.083340       -0.277481
     C    3        0.083340        0.120360        0.015344
     C    3       -0.277481        0.015344        0.012398

     H    4        0.257530       -0.204591        0.696383
     H    4       -0.204591       -0.168455        0.140796
     H    4        0.696383        0.140796       -0.089076

     C    5        0.495631        0.583439        0.276230
     C    5        0.583439       -0.424480       -0.007557
     C    5        0.276230       -0.007557       -0.071151

     H    6       -0.486503       -0.040917       -0.113727
     H    6       -0.040917        0.267948        0.409894
     H    6       -0.113727        0.409894        0.218555

     H    7       -0.263054       -0.057676       -0.020821
     H    7       -0.057676        0.230072       -0.065580
     H    7       -0.020821       -0.065580        0.032982

     C    8       -0.528538       -0.051377       -0.162448
     C    8       -0.051377        0.583929       -0.332368
     C    8       -0.162448       -0.332368       -0.055391

     H    9        0.184300       -0.598040        0.204959
     H    9       -0.598040       -0.198836       -0.101413
     H    9        0.204959       -0.101413        0.014536

     C   10        0.089650        0.467594       -0.114294
     C   10        0.467594        0.414860        0.347298
     C   10       -0.114294        0.347298       -0.504511

     C   11       -0.627663       -0.158501       -0.019877
     C   11       -0.158501        0.723456       -0.168352
     C   11       -0.019877       -0.168352       -0.095793

     Cl  12        0.129116        0.810505       -0.066901
     Cl  12        0.810505        2.595568       -0.224915
     Cl  12       -0.066901       -0.224915       -2.724684

     H   13       -0.268980        0.432041       -0.224831
     H   13        0.432041        0.455446        0.390668
     H   13       -0.224831        0.390668       -0.186466

     C   14       -0.448669        0.131715        0.067190
     C   14        0.131715        0.466944        0.169713
     C   14        0.067190        0.169713       -0.018275

     H   15        0.341840        0.604994        0.365631
     H   15        0.604994       -0.340108       -0.165133
     H   15        0.365631       -0.165133       -0.001732

     C   16        0.361213       -0.106047       -0.098192
     C   16       -0.106047       -0.189172       -0.113369
     C   16       -0.098192       -0.113369       -0.172041

     C   17       -0.479578        0.338690       -0.180193
     C   17        0.338690        0.282326        0.440361
     C   17       -0.180193        0.440361        0.197252

     Cl  18        0.769819       -0.755746       -0.309432
     Cl  18       -0.755746        0.226074       -0.454020
     Cl  18       -0.309432       -0.454020       -0.995893

     H   19       -0.082990        0.065770        0.118564
     H   19        0.065770       -0.143322       -0.353119
     H   19        0.118564       -0.353119        0.226312

     C   20        0.088704        0.447747       -0.055152
     C   20        0.447747        0.306021        0.374696
     C   20       -0.055152        0.374696       -0.394725

     H   21        0.567712        0.094966        0.347249
     H   21        0.094966       -0.565415       -0.288524
     H   21        0.347249       -0.288524       -0.002297

     C   22       -0.640898       -0.114250        0.057086
     C   22       -0.114250        0.728416        0.032214
     C   22        0.057086        0.032214       -0.087518

     C   23        0.220638        0.658829       -0.178574
     C   23        0.658829        0.334542        0.385427
     C   23       -0.178574        0.385427       -0.555180

     Cl  24       -0.037238        1.905410       -0.047725
     Cl  24        1.905410        1.568866        0.211047
     Cl  24       -0.047725        0.211047       -1.531629


     NQR/NMR SPECTROSCOPIC PARAMETERS:
     Cl   1    Vxx=   -0.1205    axis=(  0.779715 -0.595402 -0.193755)
     Cl   1    Vyy=   -1.0099    axis=(  0.625942  0.748873  0.217682)
     Cl   1    Vzz=    1.1303    axis=(  0.015489 -0.291010  0.956595)
     Cl   1  Q=        -8.1650 1e-30 m^2  Cq=       -21.6848 MHz  eta= 0.78685

     C    2    Vxx=   -0.0293    axis=(  0.558793  0.453116 -0.694577)
     C    2    Vyy=   -0.3694    axis=(  0.443541  0.544393  0.711974)
     C    2    Vzz=    0.3987    axis=( -0.700730  0.705919 -0.103228)
     C    2  Q=         1.0000 1e-30 m^2  Cq=         0.9369 MHz  eta= 0.85283

     C    3    Vxx=    0.1186    axis=(  0.085013 -0.930432 -0.356468)
     C    3    Vyy=    0.2403    axis=( -0.609642 -0.331552  0.720007)
     C    3    Vzz=   -0.3589    axis=(  0.788105 -0.156108  0.595416)
     C    3  Q=         1.0000 1e-30 m^2  Cq=        -0.8433 MHz  eta= 0.33896

     H    4    Vxx=   -0.0744    axis=(  0.178101 -0.917915 -0.354560)
     H    4    Vyy=   -0.7334    axis=(  0.582127  0.388790 -0.714122)
     H    4    Vzz=    0.8078    axis=(  0.793352 -0.079213  0.603587)
     H    4  Q=         1.0000 1e-30 m^2  Cq=         1.8979 MHz  eta= 0.81585

     C    5    Vxx=   -0.1115    axis=( -0.146050 -0.295071  0.944247)
     C    5    Vyy=   -0.7335    axis=( -0.456510  0.866882  0.200285)
     C    5    Vzz=    0.8450    axis=( -0.877649 -0.401806 -0.261311)
     C    5  Q=         1.0000 1e-30 m^2  Cq=         1.9854 MHz  eta= 0.73606

     H    6    Vxx=   -0.1586    axis=( -0.157969 -0.692007  0.704395)
     H    6    Vyy=   -0.5054    axis=(  0.983004 -0.042635  0.178565)
     H    6    Vzz=    0.6640    axis=( -0.093536  0.720631  0.686980)
     H    6  Q=         1.0000 1e-30 m^2  Cq=         1.5602 MHz  eta= 0.52222

     H    7    Vxx=    0.0178    axis=( -0.124719  0.261736  0.957047)
     H    7    Vyy=    0.2546    axis=(  0.095587 -0.956922  0.274158)
     H    7    Vzz=   -0.2724    axis=(  0.987577  0.125674  0.094328)
     H    7  Q=         1.0000 1e-30 m^2  Cq=        -0.6400 MHz  eta= 0.86960

     C    8    Vxx=   -0.1256    axis=( -0.387625  0.367888  0.845225)
     C    8    Vyy=   -0.6001    axis=(  0.921720  0.141382  0.361169)
     C    8    Vzz=    0.7256    axis=(  0.013370  0.919059 -0.393893)
     C    8  Q=         1.0000 1e-30 m^2  Cq=         1.7049 MHz  eta= 0.65394

     H    9    Vxx=   -0.0577    axis=( -0.216527  0.236964  0.947082)
     H    9    Vyy=   -0.6377    axis=( -0.597417 -0.799418  0.063434)
     H    9    Vzz=    0.6954    axis=(  0.772146 -0.552068  0.314662)
     H    9  Q=         1.0000 1e-30 m^2  Cq=         1.6339 MHz  eta= 0.83406

     C   10    Vxx=   -0.0676    axis=( -0.772077  0.383491  0.506786)
     C   10    Vyy=   -0.7187    axis=(  0.353100 -0.404171  0.843781)
     C   10    Vzz=    0.7863    axis=(  0.528411  0.830410  0.176641)
     C   10  Q=         1.0000 1e-30 m^2  Cq=         1.8474 MHz  eta= 0.82810

     C   11    Vxx=   -0.1243    axis=( -0.094388  0.176909  0.979691)
     C   11    Vyy=   -0.6489    axis=( -0.989678 -0.123272 -0.073091)
     C   11    Vzz=    0.7732    axis=(  0.107838 -0.976477  0.186718)
     C   11  Q=         1.0000 1e-30 m^2  Cq=         1.8166 MHz  eta= 0.67852

     Cl  12    Vxx=   -0.1134    axis=(  0.958042 -0.286629  0.000143)
     Cl  12    Vyy=   -2.7346    axis=( -0.011922 -0.040347 -0.999115)
     Cl  12    Vzz=    2.8479    axis=(  0.286381  0.957192 -0.042071)
     Cl  12  Q=        -8.1650 1e-30 m^2  Cq=       -54.6364 MHz  eta= 0.92038

     H   13    Vxx=    0.0004    axis=(  0.659078  0.019695 -0.751817)
     H   13    Vyy=    0.7395    axis=( -0.317714 -0.898784 -0.302067)
     H   13    Vzz=   -0.7399    axis=( -0.681670  0.437948 -0.586112)
     H   13  Q=         1.0000 1e-30 m^2  Cq=        -1.7384 MHz  eta= 0.99893

     C   14    Vxx=   -0.0703    axis=(  0.059030 -0.313832  0.947642)
     C   14    Vyy=   -0.4716    axis=( -0.987555  0.120266  0.101346)
     C   14    Vzz=    0.5419    axis=( -0.145775 -0.941831 -0.302827)
     C   14  Q=         1.0000 1e-30 m^2  Cq=         1.2732 MHz  eta= 0.74057

     H   15    Vxx=    0.0564    axis=( -0.081764 -0.486958  0.869590)
     H   15    Vyy=    0.7724    axis=( -0.852885 -0.417241 -0.313842)
     H   15    Vzz=   -0.8287    axis=(  0.515656 -0.767321 -0.381205)
     H   15  Q=         1.0000 1e-30 m^2  Cq=        -1.9472 MHz  eta= 0.86398

     C   16    Vxx=   -0.0669    axis=( -0.000204 -0.679853  0.733348)
     C   16    Vyy=   -0.3247    axis=( -0.206165 -0.717565 -0.665279)
     C   16    Vzz=    0.3917    axis=( -0.978517  0.151326  0.140015)
     C   16  Q=         1.0000 1e-30 m^2  Cq=         0.9203 MHz  eta= 0.65830

     C   17    Vxx=    0.0375    axis=( -0.550271 -0.474487  0.687069)
     C   17    Vyy=    0.6985    axis=(  0.124293  0.767137  0.629327)
     C   17    Vzz=   -0.7359    axis=( -0.825683  0.431698 -0.363158)
     C   17  Q=         1.0000 1e-30 m^2  Cq=        -1.7291 MHz  eta= 0.89820

     Cl  18    Vxx=   -0.0017    axis=(  0.505796  0.714339 -0.483622)
     Cl  18    Vyy=   -1.2995    axis=(  0.275944  0.397190  0.875269)
     Cl  18    Vzz=    1.3011    axis=( -0.817328  0.576160 -0.003779)
     Cl  18  Q=        -8.1650 1e-30 m^2  Cq=       -24.9617 MHz  eta= 0.99745

     H   19    Vxx=   -0.0476    axis=(  0.927033  0.367822  0.072923)
     H   19    Vyy=   -0.4013    axis=( -0.351810  0.785845  0.508603)
     H   19    Vzz=    0.4489    axis=(  0.129769 -0.497147  0.857907)
     H   19  Q=         1.0000 1e-30 m^2  Cq=         1.0547 MHz  eta= 0.78806

     C   20    Vxx=   -0.0783    axis=(  0.759522 -0.350787 -0.547790)
     C   20    Vyy=   -0.6449    axis=(  0.354711 -0.482554  0.800826)
     C   20    Vzz=    0.7232    axis=( -0.545258 -0.802552 -0.242082)
     C   20  Q=         1.0000 1e-30 m^2  Cq=         1.6993 MHz  eta= 0.78344

     H   21    Vxx=   -0.0050    axis=(  0.398440  0.472281 -0.786255)
     H   21    Vyy=   -0.7282    axis=( -0.181673  0.880892  0.437062)
     H   21    Vzz=    0.7331    axis=( -0.899022  0.031302 -0.436784)
     H   21  Q=         1.0000 1e-30 m^2  Cq=         1.7225 MHz  eta= 0.98647

     C   22    Vxx=   -0.0822    axis=(  0.106569 -0.024482  0.994004)
     C   22    Vyy=   -0.6566    axis=(  0.990991  0.084169 -0.104173)
     C   22    Vzz=    0.7388    axis=( -0.081114  0.996151  0.033231)
     C   22  Q=         1.0000 1e-30 m^2  Cq=         1.7359 MHz  eta= 0.77750

     C   23    Vxx=   -0.0781    axis=( -0.644883  0.458252  0.611662)
     C   23    Vyy=   -0.8798    axis=(  0.408336 -0.469926  0.782580)
     C   23    Vzz=    0.9579    axis=( -0.646055 -0.754436 -0.115927)
     C   23  Q=         1.0000 1e-30 m^2  Cq=         2.2508 MHz  eta= 0.83684

     Cl  24    Vxx=   -1.2238    axis=( -0.754412  0.480976  0.446682)
     Cl  24    Vyy=   -1.6149    axis=(  0.355807 -0.272209  0.894038)
     Cl  24    Vzz=    2.8387    axis=(  0.551601  0.833406  0.034223)
     Cl  24  Q=        -8.1650 1e-30 m^2  Cq=       -54.4582 MHz  eta= 0.13778

     Initialization:
     gipaw_setup  :      9.16s CPU     11.11s WALL (       1 calls)

     Linear response

     Apply operators

     Induced current

     Other routines
     efg          :      9.18s CPU     12.12s WALL (       1 calls)

     General routines
     calbec       :      3.28s CPU      4.79s WALL (      16 calls)
     fft          :      1.63s CPU      2.36s WALL (      15 calls)
     ffts         :      0.05s CPU      0.09s WALL (       2 calls)
     fftw         :      3.28s CPU      3.96s WALL (     672 calls)
     davcio       :      0.02s CPU      0.33s WALL (      32 calls)

     Parallel routines
     fft_scatter  :      2.35s CPU      3.66s WALL (     689 calls)

     Plugins

     GIPAW        :     60.89s CPU     73.94s WALL (       1 calls)
