
     Program QE v.6.0 (svn rev. 13079) starts on 13Jan2017 at  8:10:36 

     This program is part of the open-source Quantum ESPRESSO suite
     for quantum simulation of materials; please cite
         "P. Giannozzi et al., J. Phys.:Condens. Matter 21 395502 (2009);
          URL http://www.quantum-espresso.org", 
     in publications or presentations arising from this work. More details at
     http://www.quantum-espresso.org/quote

     Parallel version (MPI), running on     8 processors
     R & G space division:  proc/nbgrp/npool/nimage =       8

     ***** This is GIPAW svn revision unknown      *****

     Parallelizing q-star over 1 images

     Reading data from directory:
     /users/majewski/paradichlorobenzene/pbe/9_constraint/scratch/pbe.ecut100.np8.dt60.pcl2phi-129368.save
     Message from routine read_xml_file:
     file /users/majewski/paradichlorobenzene/pbe/9_constraint/scratch/pbe.ecut100.np8.dt60.pcl2phi-129368.save not guaranteed to be safe for post-processing

   Info: using nr1, nr2, nr3 values from input

   Info: using nr1, nr2, nr3 values from input

     IMPORTANT: XC functional enforced from input :
     Exchange-correlation      =  SLA  PW   PBX  PBC ( 1  4  3  4 0 0)
     Any further DFT definition will be discarded
     Please, verify this is what you really want

               file C.pbe-n-kjpaw_psl.1.0.0.UPF: wavefunction(s)  2S 2P renormalized
               file Cl.pbe-n-kjpaw_psl.1.0.0.UPF: wavefunction(s)  3S 3P renormalized
               file H.pbe-kjpaw_psl.1.0.0.UPF: wavefunction(s)  1S renormalized

     Parallelization info
     --------------------
     sticks:   dense  smooth     PW     G-vecs:    dense   smooth      PW
     Min        3057    1223    332               144436    36536    5170
     Max        3059    1225    333               144437    36537    5171
     Sum       24467    9791   2657              1155489   292295   41363


     Subspace diagonalization in iterative solution of the eigenvalue problem:
     a serial algorithm will be used

     GIPAW projectors -----------------------------------------------
     atom=  C    l=0  rc=    1.2000  rs=    0.8000
     atom=  C    l=0  rc=    1.2000  rs=    0.8000
     atom=  C    l=1  rc=    1.4000  rs=    0.9333
     atom=  C    l=1  rc=    1.4000  rs=    0.9333
     projs nearly linearly dependent: l=1  n1,n2= 1, 2  s=  0.99951561

     atom=  Cl   l=0  rc=    1.6000  rs=    1.0667
     atom=  Cl   l=0  rc=    1.6000  rs=    1.0667
     atom=  Cl   l=1  rc=    1.6000  rs=    1.0667
     atom=  Cl   l=1  rc=    1.6000  rs=    1.0667
     atom=  Cl   l=2  rc=    1.6000  rs=    1.0667
     atom=  Cl   l=2  rc=    1.6000  rs=    1.0667
     projs nearly linearly dependent: l=2  n1,n2= 1, 2  s=  0.99993509

     atom=  H    l=0  rc=    1.0000  rs=    0.6667
     atom=  H    l=0  rc=    1.0000  rs=    0.6667
     projs nearly linearly dependent: l=0  n1,n2= 1, 2  s=  0.99968852
     -----------------------------------------------------------------

     GIPAW integrals: -------------------------------------------
     Atom  i/j   nmr_para   nmr_dia   epr_rmc  epr_para   epr_dia
       C   1 1   0.83E+03  0.17E-01  0.93E+01  0.24E+08  0.24E+03
       C   2 1   0.86E+03 -0.61E-01  0.94E+01  0.25E+08  0.25E+03
       C   2 2   0.90E+03 -0.15E+00  0.97E+01  0.26E+08  0.26E+03
       C   3 3   0.33E+01  0.34E+00  0.18E+01  0.55E+03  0.21E+02
       C   4 3   0.35E+01  0.37E+00  0.20E+01  0.59E+03  0.22E+02
       C   4 4   0.38E+01  0.39E+00  0.22E+01  0.63E+03  0.24E+02
       Cl  1 1   0.14E+04 -0.47E+00  0.84E+01  0.32E+09  0.42E+03
       Cl  2 1   0.21E+04 -0.37E+00  0.12E+02  0.49E+09  0.65E+03
       Cl  2 2   0.33E+04 -0.16E+00  0.21E+02  0.76E+09  0.10E+04
       Cl  3 3   0.21E+02  0.79E-01  0.89E+01  0.23E+05  0.13E+03
       Cl  4 3   0.24E+02  0.67E-01  0.99E+01  0.27E+05  0.15E+03
       Cl  4 4   0.28E+02  0.44E-01  0.11E+02  0.32E+05  0.18E+03
       Cl  5 5   0.77E+00  0.19E+00  0.18E+01  0.12E+03  0.22E+02
       Cl  6 5   0.80E+00  0.19E+00  0.19E+01  0.12E+03  0.23E+02
       Cl  6 6   0.83E+00  0.20E+00  0.19E+01  0.12E+03  0.23E+02
       H   1 1   0.39E+02  0.19E+00  0.29E+00  0.78E+05  0.13E+02
       H   2 1   0.41E+02  0.21E+00  0.32E+00  0.82E+05  0.14E+02
       H   2 2   0.43E+02  0.22E+00  0.36E+00  0.86E+05  0.15E+02
     ------------------------------------------------------------

     alpha_pv=     33.7896 eV

     Number of occupied bands for each k-point:
     k-point:     1    nbnd_occ=  42
     k-point:     2    nbnd_occ=  42
     k-point:     3    nbnd_occ=  42
     k-point:     4    nbnd_occ=  42
     k-point:     5    nbnd_occ=  42
     k-point:     6    nbnd_occ=  42
     k-point:     7    nbnd_occ=  42
     k-point:     8    nbnd_occ=  42
     k-point:     9    nbnd_occ=  42
     k-point:    10    nbnd_occ=  42
     k-point:    11    nbnd_occ=  42
     k-point:    12    nbnd_occ=  42
     k-point:    13    nbnd_occ=  42
     k-point:    14    nbnd_occ=  42
     k-point:    15    nbnd_occ=  42
     k-point:    16    nbnd_occ=  42


     q-space interpolation up to   110.00 Rydberg

     GIPAW job: efg                                                                             


     ELECTRIC FIELD GRADIENTS TENSORS IN Hartree/bohrradius^2:

     ----- bare term -----
     Cl   1        0.283994        0.088380       -0.212075
     Cl   1        0.088380        0.372940       -0.016010
     Cl   1       -0.212075       -0.016010       -0.656933

     C    2       -0.099775        0.269538       -0.103042
     C    2        0.269538       -0.480794       -0.386626
     C    2       -0.103042       -0.386626        0.580568

     C    3       -0.200894        0.411743       -0.344774
     C    3        0.411743       -0.260657       -0.362012
     C    3       -0.344774       -0.362012        0.461551

     H    4       -0.031982       -0.140710       -0.339154
     H    4       -0.140710        0.497529       -0.178939
     H    4       -0.339154       -0.178939       -0.465548

     C    5       -0.529787        0.220081       -0.388137
     C    5        0.220081        0.216203       -0.149917
     C    5       -0.388137       -0.149917        0.313584

     H    6       -0.155320        0.280480       -0.252975
     H    6        0.280480       -0.244242       -0.328844
     H    6       -0.252975       -0.328844        0.399563

     H    7        0.311928        0.229532        0.063174
     H    7        0.229532       -0.536563       -0.269078
     H    7        0.063174       -0.269078        0.224635

     C    8       -0.127318        0.043451       -0.182426
     C    8        0.043451       -0.088461        0.226159
     C    8       -0.182426        0.226159        0.215779

     H    9       -0.204405        0.389156        0.115121
     H    9        0.389156       -0.052749       -0.180148
     H    9        0.115121       -0.180148        0.257154

     C   10       -0.046394       -0.068774        0.177628
     C   10       -0.068774       -0.081430       -0.097830
     C   10        0.177628       -0.097830        0.127824

     C   11       -0.055701        0.018226       -0.252281
     C   11        0.018226        0.050585        0.693598
     C   11       -0.252281        0.693598        0.005116

     Cl  12       -0.194063       -0.265879       -0.025417
     Cl  12       -0.265879        0.196656        0.055126
     Cl  12       -0.025417        0.055126       -0.002593

     H   13       -0.051898        0.318767       -0.036486
     H   13        0.318767       -0.267729       -0.233948
     H   13       -0.036486       -0.233948        0.319628

     C   14       -0.073889       -0.351794       -0.487174
     C   14       -0.351794       -0.072205       -0.533301
     C   14       -0.487174       -0.533301        0.146093

     H   15        0.056949       -0.011009       -0.228019
     H   15       -0.011009        0.013051       -0.460214
     H   15       -0.228019       -0.460214       -0.070000

     C   16       -0.593491        0.415215       -0.315816
     C   16        0.415215        0.169519       -0.101717
     C   16       -0.315816       -0.101717        0.423972

     C   17        0.166500        0.121783       -0.093176
     C   17        0.121783       -0.366445       -0.511234
     C   17       -0.093176       -0.511234        0.199945

     Cl  18        0.226909        0.051499       -0.224043
     Cl  18        0.051499       -0.117836       -0.614451
     Cl  18       -0.224043       -0.614451       -0.109073

     H   19        0.395450        0.265149        0.101114
     H   19        0.265149       -0.557463       -0.250874
     H   19        0.101114       -0.250874        0.162013

     C   20       -0.726092       -0.218430       -0.415630
     C   20       -0.218430        0.029046        0.103111
     C   20       -0.415630        0.103111        0.697046

     H   21       -0.482761        0.325953        0.230329
     H   21        0.325953        0.329276       -0.010667
     H   21        0.230329       -0.010667        0.153485

     C   22        0.001132       -0.012040       -0.257233
     C   22       -0.012040       -0.492013        0.390300
     C   22       -0.257233        0.390300        0.490881

     C   23       -0.467213       -0.257479       -0.350258
     C   23       -0.257479        0.138687        0.346737
     C   23       -0.350258        0.346737        0.328526

     Cl  24       -0.062190        0.045550        0.018659
     Cl  24        0.045550       -0.013810       -0.119063
     Cl  24        0.018659       -0.119063        0.076000

     ----- ionic term -----
     Cl   1        0.174341       -0.218431        0.093238
     Cl   1       -0.218431       -0.041119       -0.043248
     Cl   1        0.093238       -0.043248       -0.133222

     C    2        0.050434       -0.228732        0.350066
     C    2       -0.228732        0.205198        0.364668
     C    2        0.350066        0.364668       -0.255632

     C    3        0.130783       -0.272914        0.289200
     C    3       -0.272914        0.202678        0.298092
     C    3        0.289200        0.298092       -0.333460

     H    4        0.374151        0.288756        0.758343
     H    4        0.288756       -0.375680        0.307761
     H    4        0.758343        0.307761        0.001530

     C    5        0.242707       -0.154509        0.364130
     C    5       -0.154509        0.076478        0.266797
     C    5        0.364130        0.266797       -0.319185

     H    6       -0.482114       -0.211919       -0.070345
     H    6       -0.211919        0.825727        0.550714
     H    6       -0.070345        0.550714       -0.343613

     H    7       -0.489283       -0.214846        0.045730
     H    7       -0.214846        1.078880       -0.172855
     H    7        0.045730       -0.172855       -0.589597

     C    8        0.389376        0.054866        0.091538
     C    8        0.054866        0.179523       -0.200223
     C    8        0.091538       -0.200223       -0.568899

     H    9        0.713185       -0.517261        0.397954
     H    9       -0.517261       -0.259670       -0.210952
     H    9        0.397954       -0.210952       -0.453515

     C   10        0.197261        0.101842        0.059822
     C   10        0.101842        0.358169       -0.325167
     C   10        0.059822       -0.325167       -0.555430

     C   11        0.243310       -0.021440        0.130096
     C   11       -0.021440        0.357879       -0.276985
     C   11        0.130096       -0.276985       -0.601189

     Cl  12        0.134004        0.188312        0.013139
     Cl  12        0.188312        0.029027        0.015740
     Cl  12        0.013139        0.015740       -0.163031

     H   13       -0.470438       -0.273901       -0.131828
     H   13       -0.273901        0.667747        0.628342
     H   13       -0.131828        0.628342       -0.197310

     C   14        0.154385       -0.232501        0.306596
     C   14       -0.232501        0.049949        0.283666
     C   14        0.306596        0.283666       -0.204334

     H   15        0.146235        0.333714        0.710312
     H   15        0.333714       -0.298235        0.430327
     H   15        0.710312        0.430327        0.152000

     C   16        0.083174       -0.289017        0.236861
     C   16       -0.289017        0.149580        0.371071
     C   16        0.236861        0.371071       -0.232754

     C   17        0.199025       -0.176641        0.351405
     C   17       -0.176641        0.077550        0.396147
     C   17        0.351405        0.396147       -0.276575

     Cl  18        0.205470       -0.181194        0.088657
     Cl  18       -0.181194       -0.058286       -0.039089
     Cl  18        0.088657       -0.039089       -0.147184

     H   19       -0.501623       -0.238595        0.042325
     H   19       -0.238595        1.098728       -0.109591
     H   19        0.042325       -0.109591       -0.597105

     C   20        0.336815       -0.044005        0.101336
     C   20       -0.044005        0.246095       -0.144725
     C   20        0.101336       -0.144725       -0.582910

     H   21        0.755898       -0.538107        0.323339
     H   21       -0.538107       -0.259133       -0.176131
     H   21        0.323339       -0.176131       -0.496765

     C   22        0.181702        0.038172        0.090673
     C   22        0.038172        0.344790       -0.278608
     C   22        0.090673       -0.278608       -0.526492

     C   23        0.238083       -0.009646        0.105858
     C   23       -0.009646        0.300192       -0.320224
     C   23        0.105858       -0.320224       -0.538275

     Cl  24        0.126292        0.205800       -0.043754
     Cl  24        0.205800        0.007011       -0.021737
     Cl  24       -0.043754       -0.021737       -0.133304

     ----- GIPAW term -----
     Cl   1        0.173305       -0.557519        0.157417
     Cl   1       -0.557519       -0.149518       -0.021750
     Cl   1        0.157417       -0.021750       -0.023786

     C    2       -0.079497       -0.044000        0.055350
     C    2       -0.044000       -0.170289       -0.095009
     C    2        0.055350       -0.095009        0.249786

     C    3       -0.021297        0.067883       -0.188656
     C    3        0.067883       -0.112158       -0.053619
     C    3       -0.188656       -0.053619        0.133455

     H    4       -0.000000        0.000000        0.000000
     H    4        0.000000        0.000000        0.000000
     H    4        0.000000        0.000000        0.000000

     C    5        0.044146        0.157164        0.111108
     C    5        0.157164       -0.016680        0.094233
     C    5        0.111108        0.094233       -0.027467

     H    6       -0.000000        0.000000        0.000000
     H    6        0.000000        0.000000        0.000000
     H    6        0.000000        0.000000        0.000000

     H    7       -0.000000        0.000000        0.000000
     H    7        0.000000        0.000000        0.000000
     H    7        0.000000        0.000000        0.000000

     C    8       -0.057758       -0.006372       -0.021327
     C    8       -0.006372        0.037068        0.127035
     C    8       -0.021327        0.127035        0.020689

     H    9       -0.000000        0.000000        0.000000
     H    9        0.000000        0.000000        0.000000
     H    9        0.000000        0.000000        0.000000

     C   10        0.000982        0.009764        0.022513
     C   10        0.009764        0.007971       -0.018427
     C   10        0.022513       -0.018427       -0.008952

     C   11       -0.061698        0.020284       -0.058973
     C   11        0.020284        0.179267        0.208731
     C   11       -0.058973        0.208731       -0.117568

     Cl  12       -0.165237        0.132477       -0.313479
     Cl  12        0.132477        2.288487        0.547314
     Cl  12       -0.313479        0.547314       -2.123250

     H   13       -0.000000        0.000000        0.000000
     H   13        0.000000        0.000000        0.000000
     H   13        0.000000        0.000000        0.000000

     C   14        0.069880       -0.191051       -0.033178
     C   14       -0.191051        0.021891       -0.082726
     C   14       -0.033178       -0.082726       -0.091771

     H   15       -0.000000        0.000000        0.000000
     H   15        0.000000        0.000000        0.000000
     H   15        0.000000        0.000000        0.000000

     C   16       -0.068429       -0.091393       -0.080488
     C   16       -0.091393        0.108837        0.074206
     C   16       -0.080488        0.074206       -0.040408

     C   17       -0.052925        0.011583        0.046643
     C   17        0.011583        0.103897        0.148088
     C   17        0.046643        0.148088       -0.050972

     Cl  18        0.408518       -0.091509        0.094160
     Cl  18       -0.091509       -0.235522       -0.435638
     Cl  18        0.094160       -0.435638       -0.172996

     H   19       -0.000000        0.000000        0.000000
     H   19        0.000000        0.000000        0.000000
     H   19        0.000000        0.000000        0.000000

     C   20       -0.213031       -0.019842       -0.085458
     C   20       -0.019842       -0.093309       -0.057539
     C   20       -0.085458       -0.057539        0.306341

     H   21       -0.000000        0.000000        0.000000
     H   21        0.000000        0.000000        0.000000
     H   21        0.000000        0.000000        0.000000

     C   22       -0.058051        0.051140       -0.163665
     C   22        0.051140       -0.158140       -0.040718
     C   22       -0.163665       -0.040718        0.216190

     C   23       -0.084021        0.093153       -0.055115
     C   23        0.093153        0.180898        0.058263
     C   23       -0.055115        0.058263       -0.096877

     Cl  24       -0.121528        2.201066       -0.306086
     Cl  24        2.201066        0.160087       -1.913099
     Cl  24       -0.306086       -1.913099       -0.038559

     ----- total EFG -----
     Cl   1        0.631639       -0.687569        0.038580
     Cl   1       -0.687569        0.182302       -0.081009
     Cl   1        0.038580       -0.081009       -0.813941

     C    2       -0.128838       -0.003194        0.302375
     C    2       -0.003194       -0.445885       -0.116967
     C    2        0.302375       -0.116967        0.574722

     C    3       -0.091408        0.206712       -0.244230
     C    3        0.206712       -0.170138       -0.117539
     C    3       -0.244230       -0.117539        0.261545

     H    4        0.342169        0.148046        0.419189
     H    4        0.148046        0.121849        0.128822
     H    4        0.419189        0.128822       -0.464018

     C    5       -0.242934        0.222736        0.087101
     C    5        0.222736        0.276002        0.211113
     C    5        0.087101        0.211113       -0.033068

     H    6       -0.637434        0.068561       -0.323320
     H    6        0.068561        0.581485        0.221870
     H    6       -0.323320        0.221870        0.055949

     H    7       -0.177355        0.014686        0.108904
     H    7        0.014686        0.542317       -0.441933
     H    7        0.108904       -0.441933       -0.364962

     C    8        0.204300        0.091944       -0.112216
     C    8        0.091944        0.128131        0.152970
     C    8       -0.112216        0.152970       -0.332431

     H    9        0.508780       -0.128105        0.513075
     H    9       -0.128105       -0.312419       -0.391100
     H    9        0.513075       -0.391100       -0.196361

     C   10        0.151848        0.042832        0.259963
     C   10        0.042832        0.284710       -0.441424
     C   10        0.259963       -0.441424       -0.436558

     C   11        0.125910        0.017070       -0.181158
     C   11        0.017070        0.587730        0.625345
     C   11       -0.181158        0.625345       -0.713640

     Cl  12       -0.225296        0.054910       -0.325758
     Cl  12        0.054910        2.514170        0.618180
     Cl  12       -0.325758        0.618180       -2.288874

     H   13       -0.522336        0.044866       -0.168314
     H   13        0.044866        0.400018        0.394394
     H   13       -0.168314        0.394394        0.122318

     C   14        0.150377       -0.775346       -0.213755
     C   14       -0.775346       -0.000365       -0.332361
     C   14       -0.213755       -0.332361       -0.150012

     H   15        0.203184        0.322704        0.482293
     H   15        0.322704       -0.285184       -0.029887
     H   15        0.482293       -0.029887        0.082000

     C   16       -0.578746        0.034804       -0.159443
     C   16        0.034804        0.427936        0.343559
     C   16       -0.159443        0.343559        0.150809

     C   17        0.312599       -0.043275        0.304872
     C   17       -0.043275       -0.184998        0.033001
     C   17        0.304872        0.033001       -0.127601

     Cl  18        0.840897       -0.221203       -0.041226
     Cl  18       -0.221203       -0.411645       -1.089179
     Cl  18       -0.041226       -1.089179       -0.429252

     H   19       -0.106173        0.026554        0.143439
     H   19        0.026554        0.541265       -0.360464
     H   19        0.143439       -0.360464       -0.435092

     C   20       -0.602309       -0.282277       -0.399752
     C   20       -0.282277        0.181832       -0.099153
     C   20       -0.399752       -0.099153        0.420477

     H   21        0.273137       -0.212154        0.553668
     H   21       -0.212154        0.070143       -0.186798
     H   21        0.553668       -0.186798       -0.343279

     C   22        0.124783        0.077272       -0.330226
     C   22        0.077272       -0.305363        0.070974
     C   22       -0.330226        0.070974        0.180580

     C   23       -0.313151       -0.173972       -0.299515
     C   23       -0.173972        0.619777        0.084776
     C   23       -0.299515        0.084776       -0.306626

     Cl  24       -0.057426        2.452416       -0.331180
     Cl  24        2.452416        0.153288       -2.053899
     Cl  24       -0.331180       -2.053899       -0.095862

     ----- total EFG (symmetrized) -----
     Cl   1        0.631639       -0.687569        0.038580
     Cl   1       -0.687569        0.182302       -0.081009
     Cl   1        0.038580       -0.081009       -0.813941

     C    2       -0.128838       -0.003194        0.302375
     C    2       -0.003194       -0.445885       -0.116967
     C    2        0.302375       -0.116967        0.574722

     C    3       -0.091408        0.206712       -0.244230
     C    3        0.206712       -0.170138       -0.117539
     C    3       -0.244230       -0.117539        0.261545

     H    4        0.342169        0.148046        0.419189
     H    4        0.148046        0.121849        0.128822
     H    4        0.419189        0.128822       -0.464018

     C    5       -0.242934        0.222736        0.087101
     C    5        0.222736        0.276002        0.211113
     C    5        0.087101        0.211113       -0.033068

     H    6       -0.637434        0.068561       -0.323320
     H    6        0.068561        0.581485        0.221870
     H    6       -0.323320        0.221870        0.055949

     H    7       -0.177355        0.014686        0.108904
     H    7        0.014686        0.542317       -0.441933
     H    7        0.108904       -0.441933       -0.364962

     C    8        0.204300        0.091944       -0.112216
     C    8        0.091944        0.128131        0.152970
     C    8       -0.112216        0.152970       -0.332431

     H    9        0.508780       -0.128105        0.513075
     H    9       -0.128105       -0.312419       -0.391100
     H    9        0.513075       -0.391100       -0.196361

     C   10        0.151848        0.042832        0.259963
     C   10        0.042832        0.284710       -0.441424
     C   10        0.259963       -0.441424       -0.436558

     C   11        0.125910        0.017070       -0.181158
     C   11        0.017070        0.587730        0.625345
     C   11       -0.181158        0.625345       -0.713640

     Cl  12       -0.225296        0.054910       -0.325758
     Cl  12        0.054910        2.514170        0.618180
     Cl  12       -0.325758        0.618180       -2.288874

     H   13       -0.522336        0.044866       -0.168314
     H   13        0.044866        0.400018        0.394394
     H   13       -0.168314        0.394394        0.122318

     C   14        0.150377       -0.775346       -0.213755
     C   14       -0.775346       -0.000365       -0.332361
     C   14       -0.213755       -0.332361       -0.150012

     H   15        0.203184        0.322704        0.482293
     H   15        0.322704       -0.285184       -0.029887
     H   15        0.482293       -0.029887        0.082000

     C   16       -0.578746        0.034804       -0.159443
     C   16        0.034804        0.427936        0.343559
     C   16       -0.159443        0.343559        0.150809

     C   17        0.312599       -0.043275        0.304872
     C   17       -0.043275       -0.184998        0.033001
     C   17        0.304872        0.033001       -0.127601

     Cl  18        0.840897       -0.221203       -0.041226
     Cl  18       -0.221203       -0.411645       -1.089179
     Cl  18       -0.041226       -1.089179       -0.429252

     H   19       -0.106173        0.026554        0.143439
     H   19        0.026554        0.541265       -0.360464
     H   19        0.143439       -0.360464       -0.435092

     C   20       -0.602309       -0.282277       -0.399752
     C   20       -0.282277        0.181832       -0.099153
     C   20       -0.399752       -0.099153        0.420477

     H   21        0.273137       -0.212154        0.553668
     H   21       -0.212154        0.070143       -0.186798
     H   21        0.553668       -0.186798       -0.343279

     C   22        0.124783        0.077272       -0.330226
     C   22        0.077272       -0.305363        0.070974
     C   22       -0.330226        0.070974        0.180580

     C   23       -0.313151       -0.173972       -0.299515
     C   23       -0.173972        0.619777        0.084776
     C   23       -0.299515        0.084776       -0.306626

     Cl  24       -0.057426        2.452416       -0.331180
     Cl  24        2.452416        0.153288       -2.053899
     Cl  24       -0.331180       -2.053899       -0.095862


     NQR/NMR SPECTROSCOPIC PARAMETERS:
     Cl   1    Vxx=   -0.3127    axis=(  0.588741  0.803881 -0.084610)
     Cl   1    Vyy=   -0.8208    axis=(  0.017198  0.092193  0.995593)
     Cl   1    Vzz=    1.1335    axis=(  0.808139 -0.587602  0.040452)
     Cl   1  Q=        -8.1650 1e-30 m^2  Cq=       -21.7457 MHz  eta= 0.44821

     C    2    Vxx=   -0.2346    axis=( -0.931459 -0.165354  0.324102)
     C    2    Vyy=   -0.4629    axis=( -0.123245  0.981496  0.146548)
     C    2    Vzz=    0.6976    axis=(  0.342337 -0.096560  0.934602)
     C    2  Q=         1.0000 1e-30 m^2  Cq=         1.6390 MHz  eta= 0.32733

     C    3    Vxx=   -0.1019    axis=(  0.529165  0.636305  0.561339)
     C    3    Vyy=   -0.3506    axis=( -0.695669  0.704116 -0.142354)
     C    3    Vzz=    0.4525    axis=( -0.485828 -0.315177  0.815251)
     C    3  Q=         1.0000 1e-30 m^2  Cq=         1.0633 MHz  eta= 0.54954

     H    4    Vxx=    0.0527    axis=(  0.371377 -0.925804  0.070476)
     H    4    Vyy=    0.5948    axis=(  0.847889  0.369095  0.380596)
     H    4    Vzz=   -0.6474    axis=( -0.378369 -0.081589  0.922052)
     H    4  Q=         1.0000 1e-30 m^2  Cq=        -1.5212 MHz  eta= 0.83734

     C    5    Vxx=   -0.1377    axis=( -0.107104 -0.405593  0.907757)
     C    5    Vyy=   -0.3257    axis=(  0.941449 -0.334942 -0.038576)
     C    5    Vzz=    0.4634    axis=(  0.319692  0.850475  0.417719)
     C    5  Q=         1.0000 1e-30 m^2  Cq=         1.0888 MHz  eta= 0.40584

     H    6    Vxx=    0.1161    axis=( -0.396286 -0.346907  0.850066)
     H    6    Vyy=    0.6645    axis=( -0.040648  0.931591  0.361228)
     H    6    Vzz=   -0.7807    axis=( -0.917227  0.108597 -0.383278)
     H    6  Q=         1.0000 1e-30 m^2  Cq=        -1.8342 MHz  eta= 0.70248

     H    7    Vxx=   -0.1496    axis=(  0.965142  0.126031  0.229382)
     H    7    Vyy=   -0.5733    axis=( -0.259913  0.358592  0.896581)
     H    7    Vzz=    0.7228    axis=(  0.030742 -0.924948  0.378849)
     H    7  Q=         1.0000 1e-30 m^2  Cq=         1.6984 MHz  eta= 0.58620

     C    8    Vxx=    0.1423    axis=( -0.495139  0.785945  0.370307)
     C    8    Vyy=    0.2659    axis=(  0.841673  0.539620 -0.019894)
     C    8    Vzz=   -0.4082    axis=(  0.215461 -0.301827  0.928696)
     C    8  Q=         1.0000 1e-30 m^2  Cq=        -0.9591 MHz  eta= 0.30286

     H    9    Vxx=   -0.1484    axis=(  0.507212  0.722888 -0.469221)
     H    9    Vyy=   -0.7091    axis=( -0.239632  0.641279  0.728929)
     H    9    Vzz=    0.8575    axis=(  0.827836 -0.257281  0.498492)
     H    9  Q=         1.0000 1e-30 m^2  Cq=         2.0149 MHz  eta= 0.65380

     C   10    Vxx=    0.2084    axis=(  0.931438  0.332509  0.147856)
     C   10    Vyy=    0.5115    axis=( -0.232164  0.855860 -0.462173)
     C   10    Vzz=   -0.7199    axis=( -0.280221  0.396159  0.874376)
     C   10  Q=         1.0000 1e-30 m^2  Cq=        -1.6914 MHz  eta= 0.42099

     C   11    Vxx=    0.1493    axis=(  0.985271  0.126209 -0.115378)
     C   11    Vyy=    0.8433    axis=( -0.073770  0.922425  0.379064)
     C   11    Vzz=   -0.9927    axis=(  0.154269 -0.364970  0.918149)
     C   11  Q=         1.0000 1e-30 m^2  Cq=        -2.3323 MHz  eta= 0.69917

     Cl  12    Vxx=   -0.1756    axis=(  0.988835  0.013911 -0.148362)
     Cl  12    Vyy=   -2.4169    axis=( -0.148933  0.124637 -0.980961)
     Cl  12    Vzz=    2.5925    axis=(  0.004845  0.992105  0.125317)
     Cl  12  Q=        -8.1650 1e-30 m^2  Cq=       -49.7362 MHz  eta= 0.86450

     H   13    Vxx=   -0.0952    axis=( -0.353529 -0.562931  0.747078)
     H   13    Vyy=   -0.5872    axis=( -0.933997  0.168342 -0.315135)
     H   13    Vzz=    0.6824    axis=(  0.051635 -0.809178 -0.585290)
     H   13  Q=         1.0000 1e-30 m^2  Cq=         1.6034 MHz  eta= 0.72096

     C   14    Vxx=    0.0470    axis=( -0.361637 -0.292278  0.885320)
     C   14    Vyy=    0.8587    axis=( -0.726594  0.683368 -0.071195)
     C   14    Vzz=   -0.9057    axis=( -0.584191 -0.669015 -0.459499)
     C   14  Q=         1.0000 1e-30 m^2  Cq=        -2.1280 MHz  eta= 0.89615

     H   15    Vxx=   -0.1117    axis=(  0.307490  0.685791 -0.659652)
     H   15    Vyy=   -0.5710    axis=( -0.567963  0.688481  0.451012)
     H   15    Vzz=    0.6827    axis=( -0.763458 -0.235976 -0.601205)
     H   15  Q=         1.0000 1e-30 m^2  Cq=         1.6041 MHz  eta= 0.67265

     C   16    Vxx=   -0.0389    axis=( -0.267937 -0.558017  0.785383)
     C   16    Vyy=   -0.6239    axis=( -0.962149  0.112855 -0.248057)
     C   16    Vzz=    0.6628    axis=(  0.049785 -0.822120 -0.567134)
     C   16  Q=         1.0000 1e-30 m^2  Cq=         1.5574 MHz  eta= 0.88264

     C   17    Vxx=   -0.1655    axis=( -0.144247  0.922830  0.357181)
     C   17    Vyy=   -0.3039    axis=( -0.430872 -0.383515  0.816863)
     C   17    Vzz=    0.4694    axis=( -0.890810  0.036069 -0.452943)
     C   17  Q=         1.0000 1e-30 m^2  Cq=         1.1028 MHz  eta= 0.29496

     Cl  18    Vxx=    0.6040    axis=(  0.451006  0.605226 -0.655969)
     Cl  18    Vyy=    0.9202    axis=( -0.889084  0.369089 -0.270745)
     Cl  18    Vzz=   -1.5242    axis=(  0.078249  0.705319  0.704558)
     Cl  18  Q=        -8.1650 1e-30 m^2  Cq=        29.2408 MHz  eta= 0.20743

     H   19    Vxx=   -0.0640    axis=(  0.958767  0.113179  0.260683)
     H   19    Vyy=   -0.5964    axis=( -0.282984  0.295697  0.912405)
     H   19    Vzz=    0.6604    axis=(  0.026182 -0.948554  0.315532)
     H   19  Q=         1.0000 1e-30 m^2  Cq=         1.5518 MHz  eta= 0.80607

     C   20    Vxx=    0.2704    axis=(  0.270393 -0.958833  0.086754)
     C   20    Vyy=    0.5582    axis=(  0.324397  0.005897 -0.945903)
     C   20    Vzz=   -0.8286    axis=(  0.906451  0.283908  0.312637)
     C   20  Q=         1.0000 1e-30 m^2  Cq=        -1.9469 MHz  eta= 0.34731

     H   21    Vxx=   -0.0450    axis=(  0.380152  0.915406  0.132351)
     H   21    Vyy=   -0.6729    axis=( -0.490427  0.078173  0.867969)
     H   21    Vzz=    0.7179    axis=(  0.784198 -0.394869  0.478657)
     H   21  Q=         1.0000 1e-30 m^2  Cq=         1.6868 MHz  eta= 0.87472

     C   22    Vxx=   -0.1195    axis=( -0.641150 -0.491574 -0.589305)
     C   22    Vyy=   -0.3646    axis=(  0.361954 -0.870836  0.332618)
     C   22    Vzz=    0.4841    axis=( -0.676695 -0.000043  0.736264)
     C   22  Q=         1.0000 1e-30 m^2  Cq=         1.1374 MHz  eta= 0.50631

     C   23    Vxx=   -0.0590    axis=(  0.658016  0.257064 -0.707766)
     C   23    Vyy=   -0.6129    axis=( -0.721380 -0.054328 -0.690406)
     C   23    Vzz=    0.6719    axis=(  0.215930 -0.964866 -0.149692)
     C   23  Q=         1.0000 1e-30 m^2  Cq=         1.5786 MHz  eta= 0.82450

     Cl  24    Vxx=   -0.4060    axis=(  0.640311  0.012711  0.768011)
     Cl  24    Vyy=   -2.9965    axis=( -0.544683  0.712510  0.442324)
     Cl  24    Vzz=    3.4025    axis=( -0.541593 -0.701547  0.463151)
     Cl  24  Q=        -8.1650 1e-30 m^2  Cq=       -65.2753 MHz  eta= 0.76137

     Initialization:
     gipaw_setup  :      9.39s CPU     11.13s WALL (       1 calls)

     Linear response

     Apply operators

     Induced current

     Other routines
     efg          :      9.46s CPU     12.40s WALL (       1 calls)

     General routines
     calbec       :      3.34s CPU      4.71s WALL (      16 calls)
     fft          :      1.76s CPU      2.64s WALL (      15 calls)
     ffts         :      0.04s CPU      0.08s WALL (       2 calls)
     fftw         :      3.33s CPU      4.22s WALL (     672 calls)
     davcio       :      0.02s CPU      0.33s WALL (      32 calls)

     Parallel routines
     fft_scatter  :      2.44s CPU      4.05s WALL (     689 calls)

     Plugins

     GIPAW        :     62.91s CPU     77.31s WALL (       1 calls)
