
     Program QE v.6.0 (svn rev. 13079) starts on 11Jan2017 at  4:33:56 

     This program is part of the open-source Quantum ESPRESSO suite
     for quantum simulation of materials; please cite
         "P. Giannozzi et al., J. Phys.:Condens. Matter 21 395502 (2009);
          URL http://www.quantum-espresso.org", 
     in publications or presentations arising from this work. More details at
     http://www.quantum-espresso.org/quote

     Parallel version (MPI), running on     8 processors
     R & G space division:  proc/nbgrp/npool/nimage =       8

     ***** This is GIPAW svn revision unknown      *****

     Parallelizing q-star over 1 images

     Reading data from directory:
     /users/majewski/paradichlorobenzene/pbe/9_constraint/scratch/pbe.ecut100.np8.dt60.pcl2phi-129368.save
     Message from routine read_xml_file:
     file /users/majewski/paradichlorobenzene/pbe/9_constraint/scratch/pbe.ecut100.np8.dt60.pcl2phi-129368.save not guaranteed to be safe for post-processing

   Info: using nr1, nr2, nr3 values from input

   Info: using nr1, nr2, nr3 values from input

     IMPORTANT: XC functional enforced from input :
     Exchange-correlation      =  SLA  PW   PBX  PBC ( 1  4  3  4 0 0)
     Any further DFT definition will be discarded
     Please, verify this is what you really want

               file C.pbe-n-kjpaw_psl.1.0.0.UPF: wavefunction(s)  2S 2P renormalized
               file Cl.pbe-n-kjpaw_psl.1.0.0.UPF: wavefunction(s)  3S 3P renormalized
               file H.pbe-kjpaw_psl.1.0.0.UPF: wavefunction(s)  1S renormalized

     Parallelization info
     --------------------
     sticks:   dense  smooth     PW     G-vecs:    dense   smooth      PW
     Min        3057    1223    332               144436    36536    5170
     Max        3059    1225    333               144437    36537    5171
     Sum       24467    9791   2657              1155489   292295   41363


     Subspace diagonalization in iterative solution of the eigenvalue problem:
     a serial algorithm will be used

     GIPAW projectors -----------------------------------------------
     atom=  C    l=0  rc=    1.2000  rs=    0.8000
     atom=  C    l=0  rc=    1.2000  rs=    0.8000
     atom=  C    l=1  rc=    1.4000  rs=    0.9333
     atom=  C    l=1  rc=    1.4000  rs=    0.9333
     projs nearly linearly dependent: l=1  n1,n2= 1, 2  s=  0.99951561

     atom=  Cl   l=0  rc=    1.6000  rs=    1.0667
     atom=  Cl   l=0  rc=    1.6000  rs=    1.0667
     atom=  Cl   l=1  rc=    1.6000  rs=    1.0667
     atom=  Cl   l=1  rc=    1.6000  rs=    1.0667
     atom=  Cl   l=2  rc=    1.6000  rs=    1.0667
     atom=  Cl   l=2  rc=    1.6000  rs=    1.0667
     projs nearly linearly dependent: l=2  n1,n2= 1, 2  s=  0.99993509

     atom=  H    l=0  rc=    1.0000  rs=    0.6667
     atom=  H    l=0  rc=    1.0000  rs=    0.6667
     projs nearly linearly dependent: l=0  n1,n2= 1, 2  s=  0.99968852
     -----------------------------------------------------------------

     GIPAW integrals: -------------------------------------------
     Atom  i/j   nmr_para   nmr_dia   epr_rmc  epr_para   epr_dia
       C   1 1   0.83E+03  0.17E-01  0.93E+01  0.24E+08  0.24E+03
       C   2 1   0.86E+03 -0.61E-01  0.94E+01  0.25E+08  0.25E+03
       C   2 2   0.90E+03 -0.15E+00  0.97E+01  0.26E+08  0.26E+03
       C   3 3   0.33E+01  0.34E+00  0.18E+01  0.55E+03  0.21E+02
       C   4 3   0.35E+01  0.37E+00  0.20E+01  0.59E+03  0.22E+02
       C   4 4   0.38E+01  0.39E+00  0.22E+01  0.63E+03  0.24E+02
       Cl  1 1   0.14E+04 -0.47E+00  0.84E+01  0.32E+09  0.42E+03
       Cl  2 1   0.21E+04 -0.37E+00  0.12E+02  0.49E+09  0.65E+03
       Cl  2 2   0.33E+04 -0.16E+00  0.21E+02  0.76E+09  0.10E+04
       Cl  3 3   0.21E+02  0.79E-01  0.89E+01  0.23E+05  0.13E+03
       Cl  4 3   0.24E+02  0.67E-01  0.99E+01  0.27E+05  0.15E+03
       Cl  4 4   0.28E+02  0.44E-01  0.11E+02  0.32E+05  0.18E+03
       Cl  5 5   0.77E+00  0.19E+00  0.18E+01  0.12E+03  0.22E+02
       Cl  6 5   0.80E+00  0.19E+00  0.19E+01  0.12E+03  0.23E+02
       Cl  6 6   0.83E+00  0.20E+00  0.19E+01  0.12E+03  0.23E+02
       H   1 1   0.39E+02  0.19E+00  0.29E+00  0.78E+05  0.13E+02
       H   2 1   0.41E+02  0.21E+00  0.32E+00  0.82E+05  0.14E+02
       H   2 2   0.43E+02  0.22E+00  0.36E+00  0.86E+05  0.15E+02
     ------------------------------------------------------------

     alpha_pv=     34.2471 eV

     Number of occupied bands for each k-point:
     k-point:     1    nbnd_occ=  42
     k-point:     2    nbnd_occ=  42
     k-point:     3    nbnd_occ=  42
     k-point:     4    nbnd_occ=  42
     k-point:     5    nbnd_occ=  42
     k-point:     6    nbnd_occ=  42
     k-point:     7    nbnd_occ=  42
     k-point:     8    nbnd_occ=  42
     k-point:     9    nbnd_occ=  42
     k-point:    10    nbnd_occ=  42
     k-point:    11    nbnd_occ=  42
     k-point:    12    nbnd_occ=  42
     k-point:    13    nbnd_occ=  42
     k-point:    14    nbnd_occ=  42
     k-point:    15    nbnd_occ=  42
     k-point:    16    nbnd_occ=  42


     q-space interpolation up to   110.00 Rydberg

     GIPAW job: efg                                                                             


     ELECTRIC FIELD GRADIENTS TENSORS IN Hartree/bohrradius^2:

     ----- bare term -----
     Cl   1       -0.054951        0.020913        0.022374
     Cl   1        0.020913       -0.041362        0.053035
     Cl   1        0.022374        0.053035        0.096312

     C    2       -0.404347        0.145747       -0.365170
     C    2        0.145747        0.109284       -0.259562
     C    2       -0.365170       -0.259562        0.295064

     C    3       -0.010379        0.376531       -0.157834
     C    3        0.376531       -0.146809       -0.634263
     C    3       -0.157834       -0.634263        0.157187

     H    4        0.045703       -0.081999       -0.441936
     H    4       -0.081999        0.238765        0.229446
     H    4       -0.441936        0.229446       -0.284469

     C    5       -0.685574        0.334557       -0.399310
     C    5        0.334557        0.261028       -0.201314
     C    5       -0.399310       -0.201314        0.424546

     H    6        0.363895       -0.061033        0.103543
     H    6       -0.061033       -0.306762       -0.495249
     H    6        0.103543       -0.495249       -0.057133

     H    7        0.440169        0.229113        0.061274
     H    7        0.229113       -0.623262       -0.230777
     H    7        0.061274       -0.230777        0.183094

     C    8       -0.338767        0.033075       -0.192670
     C    8        0.033075        0.009337        0.067157
     C    8       -0.192670        0.067157        0.329430

     H    9       -0.197271        0.324925        0.204949
     H    9        0.324925        0.040545       -0.169859
     H    9        0.204949       -0.169859        0.156726

     C   10        0.107883       -0.163372        0.170669
     C   10       -0.163372       -0.162852        0.021336
     C   10        0.170669        0.021336        0.054968

     C   11       -0.456606        0.126904       -0.230712
     C   11        0.126904       -0.050835        0.396458
     C   11       -0.230712        0.396458        0.507442

     Cl  12       -0.172626       -0.148830        0.006779
     Cl  12       -0.148830       -0.051980        0.070782
     Cl  12        0.006779        0.070782        0.224607

     H   13        0.474503       -0.049657       -0.194898
     H   13       -0.049657        0.024076       -0.413925
     H   13       -0.194898       -0.413925       -0.498579

     C   14       -0.252089        0.301345       -0.095089
     C   14        0.301345       -0.325006       -0.405484
     C   14       -0.095089       -0.405484        0.577096

     H   15        0.117447       -0.073237       -0.415569
     H   15       -0.073237        0.440650        0.083307
     H   15       -0.415569        0.083307       -0.558098

     C   16       -0.346032        0.205251       -0.266132
     C   16        0.205251       -0.119698       -0.343980
     C   16       -0.266132       -0.343980        0.465730

     C   17       -0.166477        0.127641       -0.351724
     C   17        0.127641       -0.322404       -0.512276
     C   17       -0.351724       -0.512276        0.488881

     Cl  18       -0.157733        0.093000       -0.109355
     Cl  18        0.093000       -0.123066       -0.047326
     Cl  18       -0.109355       -0.047326        0.280799

     H   19        0.222776        0.288671       -0.002270
     H   19        0.288671       -0.504082        0.361419
     H   19       -0.002270        0.361419        0.281305

     C   20       -0.119636       -0.445331       -0.339688
     C   20       -0.445331       -0.316506        0.246273
     C   20       -0.339688        0.246273        0.436142

     H   21       -0.518662        0.325909        0.221163
     H   21        0.325909        0.319595       -0.012029
     H   21        0.221163       -0.012029        0.199067

     C   22       -0.032666       -0.048632       -0.323759
     C   22       -0.048632       -0.327938        0.414472
     C   22       -0.323759        0.414472        0.360605

     C   23       -0.180624       -0.266190       -0.283328
     C   23       -0.266190       -0.180977        0.422046
     C   23       -0.283328        0.422046        0.361601

     Cl  24       -0.096092        0.033881        0.005190
     Cl  24        0.033881       -0.072802       -0.084133
     Cl  24        0.005190       -0.084133        0.168894

     ----- ionic term -----
     Cl   1        0.075797       -0.203955        0.053945
     Cl   1       -0.203955        0.077193       -0.038185
     Cl   1        0.053945       -0.038185       -0.152991

     C    2        0.049665       -0.229761        0.393157
     C    2       -0.229761        0.089810        0.343577
     C    2        0.393157        0.343577       -0.139475

     C    3        0.036106       -0.293728        0.267392
     C    3       -0.293728        0.135972        0.367317
     C    3        0.267392        0.367317       -0.172078

     H    4        0.367825        0.149363        0.794566
     H    4        0.149363       -0.484530        0.196606
     H    4        0.794566        0.196606        0.116705

     C    5        0.192003       -0.303040        0.329509
     C    5       -0.303040        0.016692        0.251978
     C    5        0.329509        0.251978       -0.208694

     H    6       -0.521419       -0.029024       -0.013246
     H    6       -0.029024        0.478629        0.765965
     H    6       -0.013246        0.765965        0.042790

     H    7       -0.488138       -0.164361        0.044750
     H    7       -0.164361        0.825729       -0.567300
     H    7        0.044750       -0.567300       -0.337591

     C    8        0.429662        0.108521        0.021873
     C    8        0.108521        0.139919       -0.248531
     C    8        0.021873       -0.248531       -0.569580

     H    9        0.824143       -0.546199        0.137492
     H    9       -0.546199       -0.209837       -0.089101
     H    9        0.137492       -0.089101       -0.614307

     C   10        0.298977        0.140984       -0.007915
     C   10        0.140984        0.270429       -0.240803
     C   10       -0.007915       -0.240803       -0.569407

     C   11        0.414236        0.064684        0.105167
     C   11        0.064684        0.149368       -0.242790
     C   11        0.105167       -0.242790       -0.563604

     Cl  12        0.175799        0.188664       -0.014434
     Cl  12        0.188664       -0.015117       -0.015351
     Cl  12       -0.014434       -0.015351       -0.160682

     H   13       -0.529538        0.102811        0.101410
     H   13        0.102811        0.517336        0.760744
     H   13        0.101410        0.760744        0.012202

     C   14        0.200454       -0.271192        0.359024
     C   14       -0.271192        0.015373        0.271452
     C   14        0.359024        0.271452       -0.215827

     H   15        0.435172        0.161741        0.777285
     H   15        0.161741       -0.490518        0.207706
     H   15        0.777285        0.207706        0.055346

     C   16        0.092076       -0.329010        0.235486
     C   16       -0.329010        0.144292        0.350963
     C   16        0.235486        0.350963       -0.236368

     C   17        0.175675       -0.298909        0.331361
     C   17       -0.298909        0.036316        0.336120
     C   17        0.331361        0.336120       -0.211991

     Cl  18        0.145618       -0.234271        0.016292
     Cl  18       -0.234271        0.013854       -0.004627
     Cl  18        0.016292       -0.004627       -0.159472

     H   19       -0.525532       -0.042729        0.009759
     H   19       -0.042729        0.672587       -0.701829
     H   19        0.009759       -0.701829       -0.147055

     C   20        0.416762        0.144166        0.058231
     C   20        0.144166        0.093623       -0.297234
     C   20        0.058231       -0.297234       -0.510385

     H   21        0.850439       -0.430328        0.365478
     H   21       -0.430328       -0.363893       -0.170148
     H   21        0.365478       -0.170148       -0.486546

     C   22        0.224203        0.149095        0.036755
     C   22        0.149095        0.306056       -0.343779
     C   22        0.036755       -0.343779       -0.530260

     C   23        0.234736        0.042970        0.014258
     C   23        0.042970        0.306507       -0.343307
     C   23        0.014258       -0.343307       -0.541243

     Cl  24        0.094642        0.200007       -0.049739
     Cl  24        0.200007        0.035500       -0.034541
     Cl  24       -0.049739       -0.034541       -0.130142

     ----- GIPAW term -----
     Cl   1        0.486506        0.647775       -1.025286
     Cl   1        0.647775        0.873325       -1.309544
     Cl   1       -1.025286       -1.309544       -1.359831

     C    2       -0.005810        0.000428        0.019903
     C    2        0.000428        0.056870        0.070403
     C    2        0.019903        0.070403       -0.051060

     C    3       -0.068042        0.143995       -0.043764
     C    3        0.143995        0.151387       -0.151122
     C    3       -0.043764       -0.151122       -0.083345

     H    4       -0.000000        0.000000        0.000000
     H    4        0.000000        0.000000        0.000000
     H    4        0.000000        0.000000        0.000000

     C    5       -0.170472        0.073263       -0.051492
     C    5        0.073263        0.155367        0.029775
     C    5       -0.051492        0.029775        0.015105

     H    6       -0.000000        0.000000        0.000000
     H    6        0.000000        0.000000        0.000000
     H    6        0.000000        0.000000        0.000000

     H    7       -0.000000        0.000000        0.000000
     H    7        0.000000        0.000000        0.000000
     H    7        0.000000        0.000000        0.000000

     C    8       -0.077765        0.009870       -0.005689
     C    8        0.009870       -0.035896        0.051921
     C    8       -0.005689        0.051921        0.113661

     H    9       -0.000000        0.000000        0.000000
     H    9        0.000000        0.000000        0.000000
     H    9        0.000000        0.000000        0.000000

     C   10        0.011862       -0.000794        0.022376
     C   10       -0.000794       -0.003029       -0.011285
     C   10        0.022376       -0.011285       -0.008833

     C   11       -0.090606        0.122606        0.094207
     C   11        0.122606       -0.125224        0.045669
     C   11        0.094207        0.045669        0.215829

     Cl  12       -0.883746        1.162201        0.077962
     Cl  12        1.162201       -1.050928        1.492661
     Cl  12        0.077962        1.492661        1.934675

     H   13       -0.000000        0.000000        0.000000
     H   13        0.000000        0.000000        0.000000
     H   13        0.000000        0.000000        0.000000

     C   14       -0.111868        0.038845        0.038437
     C   14        0.038845       -0.190731       -0.102245
     C   14        0.038437       -0.102245        0.302599

     H   15       -0.000000        0.000000        0.000000
     H   15        0.000000        0.000000        0.000000
     H   15        0.000000        0.000000        0.000000

     C   16       -0.182299        0.014961       -0.082727
     C   16        0.014961       -0.095673       -0.113778
     C   16       -0.082727       -0.113778        0.277971

     C   17       -0.058418       -0.071555       -0.088913
     C   17       -0.071555       -0.114771       -0.161545
     C   17       -0.088913       -0.161545        0.173189

     Cl  18       -0.120174       -1.530532       -1.025863
     Cl  18       -1.530532       -1.125284       -0.535613
     Cl  18       -1.025863       -0.535613        1.245458

     H   19       -0.000000        0.000000        0.000000
     H   19        0.000000        0.000000        0.000000
     H   19        0.000000        0.000000        0.000000

     C   20        0.161966       -0.095186       -0.176300
     C   20       -0.095186       -0.171112        0.043271
     C   20       -0.176300        0.043271        0.009146

     H   21       -0.000000        0.000000        0.000000
     H   21        0.000000        0.000000        0.000000
     H   21        0.000000        0.000000        0.000000

     C   22        0.006793       -0.015758       -0.213804
     C   22       -0.015758       -0.131420        0.074764
     C   22       -0.213804        0.074764        0.124627

     C   23        0.123851        0.101437       -0.080920
     C   23        0.101437       -0.063108        0.050114
     C   23       -0.080920        0.050114       -0.060743

     Cl  24       -0.264410        2.038364       -0.335066
     Cl  24        2.038364       -0.877069       -1.311843
     Cl  24       -0.335066       -1.311843        1.141479

     ----- total EFG -----
     Cl   1        0.507353        0.464734       -0.948968
     Cl   1        0.464734        0.909157       -1.294694
     Cl   1       -0.948968       -1.294694       -1.416509

     C    2       -0.360492       -0.083586        0.047891
     C    2       -0.083586        0.255964        0.154418
     C    2        0.047891        0.154418        0.104528

     C    3       -0.042315        0.226798        0.065794
     C    3        0.226798        0.140551       -0.418069
     C    3        0.065794       -0.418069       -0.098235

     H    4        0.413528        0.067365        0.352630
     H    4        0.067365       -0.245765        0.426053
     H    4        0.352630        0.426053       -0.167763

     C    5       -0.664043        0.104780       -0.121293
     C    5        0.104780        0.433087        0.080438
     C    5       -0.121293        0.080438        0.230956

     H    6       -0.157524       -0.090057        0.090297
     H    6       -0.090057        0.171867        0.270716
     H    6        0.090297        0.270716       -0.014343

     H    7       -0.047970        0.064752        0.106025
     H    7        0.064752        0.202467       -0.798078
     H    7        0.106025       -0.798078       -0.154497

     C    8        0.013130        0.151466       -0.176486
     C    8        0.151466        0.113359       -0.129454
     C    8       -0.176486       -0.129454       -0.126489

     H    9        0.626872       -0.221274        0.342441
     H    9       -0.221274       -0.169292       -0.258960
     H    9        0.342441       -0.258960       -0.457580

     C   10        0.418722       -0.023183        0.185130
     C   10       -0.023183        0.104549       -0.230751
     C   10        0.185130       -0.230751       -0.523271

     C   11       -0.132976        0.314194       -0.031337
     C   11        0.314194       -0.026691        0.199337
     C   11       -0.031337        0.199337        0.159667

     Cl  12       -0.880574        1.202036        0.070307
     Cl  12        1.202036       -1.118026        1.548092
     Cl  12        0.070307        1.548092        1.998599

     H   13       -0.055035        0.053154       -0.093489
     H   13        0.053154        0.541412        0.346819
     H   13       -0.093489        0.346819       -0.486377

     C   14       -0.163503        0.068998        0.302373
     C   14        0.068998       -0.500365       -0.236277
     C   14        0.302373       -0.236277        0.663868

     H   15        0.552619        0.088504        0.361716
     H   15        0.088504       -0.049868        0.291013
     H   15        0.361716        0.291013       -0.502751

     C   16       -0.436255       -0.108798       -0.113373
     C   16       -0.108798       -0.071079       -0.106795
     C   16       -0.113373       -0.106795        0.507334

     C   17       -0.049221       -0.242824       -0.109276
     C   17       -0.242824       -0.400859       -0.337701
     C   17       -0.109276       -0.337701        0.450080

     Cl  18       -0.132289       -1.671804       -1.118926
     Cl  18       -1.671804       -1.234496       -0.587566
     Cl  18       -1.118926       -0.587566        1.366785

     H   19       -0.302756        0.245941        0.007489
     H   19        0.245941        0.168506       -0.340410
     H   19        0.007489       -0.340410        0.134250

     C   20        0.459092       -0.396351       -0.457757
     C   20       -0.396351       -0.393995       -0.007689
     C   20       -0.457757       -0.007689       -0.065097

     H   21        0.331777       -0.104419        0.586641
     H   21       -0.104419       -0.044298       -0.182177
     H   21        0.586641       -0.182177       -0.287479

     C   22        0.198330        0.084705       -0.500808
     C   22        0.084705       -0.153302        0.145456
     C   22       -0.500808        0.145456       -0.045028

     C   23        0.177963       -0.121784       -0.349989
     C   23       -0.121784        0.062422        0.128854
     C   23       -0.349989        0.128854       -0.240386

     Cl  24       -0.265860        2.272252       -0.379614
     Cl  24        2.272252       -0.914372       -1.430517
     Cl  24       -0.379614       -1.430517        1.180232

     ----- total EFG (symmetrized) -----
     Cl   1        0.507353        0.464734       -0.948968
     Cl   1        0.464734        0.909157       -1.294694
     Cl   1       -0.948968       -1.294694       -1.416509

     C    2       -0.360492       -0.083586        0.047891
     C    2       -0.083586        0.255964        0.154418
     C    2        0.047891        0.154418        0.104528

     C    3       -0.042315        0.226798        0.065794
     C    3        0.226798        0.140551       -0.418069
     C    3        0.065794       -0.418069       -0.098235

     H    4        0.413528        0.067365        0.352630
     H    4        0.067365       -0.245765        0.426053
     H    4        0.352630        0.426053       -0.167763

     C    5       -0.664043        0.104780       -0.121293
     C    5        0.104780        0.433087        0.080438
     C    5       -0.121293        0.080438        0.230956

     H    6       -0.157524       -0.090057        0.090297
     H    6       -0.090057        0.171867        0.270716
     H    6        0.090297        0.270716       -0.014343

     H    7       -0.047970        0.064752        0.106025
     H    7        0.064752        0.202467       -0.798078
     H    7        0.106025       -0.798078       -0.154497

     C    8        0.013130        0.151466       -0.176486
     C    8        0.151466        0.113359       -0.129454
     C    8       -0.176486       -0.129454       -0.126489

     H    9        0.626872       -0.221274        0.342441
     H    9       -0.221274       -0.169292       -0.258960
     H    9        0.342441       -0.258960       -0.457580

     C   10        0.418722       -0.023183        0.185130
     C   10       -0.023183        0.104549       -0.230751
     C   10        0.185130       -0.230751       -0.523271

     C   11       -0.132976        0.314194       -0.031337
     C   11        0.314194       -0.026691        0.199337
     C   11       -0.031337        0.199337        0.159667

     Cl  12       -0.880574        1.202036        0.070307
     Cl  12        1.202036       -1.118026        1.548092
     Cl  12        0.070307        1.548092        1.998599

     H   13       -0.055035        0.053154       -0.093489
     H   13        0.053154        0.541412        0.346819
     H   13       -0.093489        0.346819       -0.486377

     C   14       -0.163503        0.068998        0.302373
     C   14        0.068998       -0.500365       -0.236277
     C   14        0.302373       -0.236277        0.663868

     H   15        0.552619        0.088504        0.361716
     H   15        0.088504       -0.049868        0.291013
     H   15        0.361716        0.291013       -0.502751

     C   16       -0.436255       -0.108798       -0.113373
     C   16       -0.108798       -0.071079       -0.106795
     C   16       -0.113373       -0.106795        0.507334

     C   17       -0.049221       -0.242824       -0.109276
     C   17       -0.242824       -0.400859       -0.337701
     C   17       -0.109276       -0.337701        0.450080

     Cl  18       -0.132289       -1.671804       -1.118926
     Cl  18       -1.671804       -1.234496       -0.587566
     Cl  18       -1.118926       -0.587566        1.366785

     H   19       -0.302756        0.245941        0.007489
     H   19        0.245941        0.168506       -0.340410
     H   19        0.007489       -0.340410        0.134250

     C   20        0.459092       -0.396351       -0.457757
     C   20       -0.396351       -0.393995       -0.007689
     C   20       -0.457757       -0.007689       -0.065097

     H   21        0.331777       -0.104419        0.586641
     H   21       -0.104419       -0.044298       -0.182177
     H   21        0.586641       -0.182177       -0.287479

     C   22        0.198330        0.084705       -0.500808
     C   22        0.084705       -0.153302        0.145456
     C   22       -0.500808        0.145456       -0.045028

     C   23        0.177963       -0.121784       -0.349989
     C   23       -0.121784        0.062422        0.128854
     C   23       -0.349989        0.128854       -0.240386

     Cl  24       -0.265860        2.272252       -0.379614
     Cl  24        2.272252       -0.914372       -1.430517
     Cl  24       -0.379614       -1.430517        1.180232


     NQR/NMR SPECTROSCOPIC PARAMETERS:
     Cl   1    Vxx=    0.2036    axis=(  0.817982 -0.574907 -0.019697)
     Cl   1    Vyy=    1.9735    axis=(  0.512822  0.744305 -0.427813)
     Cl   1    Vzz=   -2.1771    axis=(  0.260613  0.339842  0.903653)
     Cl   1  Q=        -8.1650 1e-30 m^2  Cq=        41.7664 MHz  eta= 0.81299

     C    2    Vxx=    0.0266    axis=(  0.210745 -0.491870  0.844778)
     C    2    Vyy=    0.3552    axis=(  0.065461 -0.855146 -0.514237)
     C    2    Vzz=   -0.3818    axis=(  0.975347  0.163673 -0.148019)
     C    2  Q=         1.0000 1e-30 m^2  Cq=        -0.8970 MHz  eta= 0.86083

     C    3    Vxx=    0.0002    axis=(  0.875331  0.024036  0.482927)
     C    3    Vyy=    0.4960    axis=(  0.272239  0.800915 -0.533312)
     C    3    Vzz=   -0.4962    axis=( -0.399602  0.598296  0.694522)
     C    3  Q=         1.0000 1e-30 m^2  Cq=        -1.1660 MHz  eta= 0.99915

     H    4    Vxx=    0.0147    axis=(  0.552172 -0.669666 -0.496642)
     H    4    Vyy=    0.6560    axis=( -0.812235 -0.297688 -0.501654)
     H    4    Vzz=   -0.6707    axis=(  0.188096  0.680390 -0.708301)
     H    4  Q=         1.0000 1e-30 m^2  Cq=        -1.5758 MHz  eta= 0.95628

     C    5    Vxx=    0.2274    axis=( -0.162167 -0.286609  0.944223)
     C    5    Vyy=    0.4645    axis=(  0.056329  0.952640  0.298838)
     C    5    Vzz=   -0.6919    axis=(  0.985154 -0.101649  0.138342)
     C    5  Q=         1.0000 1e-30 m^2  Cq=        -1.6257 MHz  eta= 0.34275

     H    6    Vxx=   -0.0549    axis=(  0.771115 -0.337976  0.539587)
     H    6    Vyy=   -0.3111    axis=( -0.635308 -0.464377  0.617040)
     H    6    Vzz=    0.3659    axis=( -0.042028  0.818612  0.572807)
     H    6  Q=         1.0000 1e-30 m^2  Cq=         0.8598 MHz  eta= 0.70011

     H    7    Vxx=   -0.0284    axis=(  0.987128  0.113308  0.112870)
     H    7    Vyy=   -0.8136    axis=( -0.158930  0.616073  0.771489)
     H    7    Vzz=    0.8421    axis=(  0.017880 -0.779497  0.626151)
     H    7  Q=         1.0000 1e-30 m^2  Cq=         1.9785 MHz  eta= 0.93251

     C    8    Vxx=   -0.0736    axis=(  0.620949 -0.719087 -0.311988)
     C    8    Vyy=   -0.2483    axis=(  0.523518  0.084220  0.847842)
     C    8    Vzz=    0.3219    axis=( -0.583396 -0.689798  0.428751)
     C    8  Q=         1.0000 1e-30 m^2  Cq=         0.7564 MHz  eta= 0.54274

     H    9    Vxx=   -0.1692    axis=(  0.380570  0.865606 -0.325412)
     H    9    Vyy=   -0.6416    axis=( -0.169990  0.411378  0.895473)
     H    9    Vzz=    0.8108    axis=(  0.908994 -0.285474  0.303702)
     H    9  Q=         1.0000 1e-30 m^2  Cq=         1.9050 MHz  eta= 0.58256

     C   10    Vxx=    0.1589    axis=(  0.258501  0.934199 -0.245863)
     C   10    Vyy=    0.4675    axis=(  0.952584 -0.204227  0.225553)
     C   10    Vzz=   -0.6264    axis=( -0.160500  0.292511  0.942697)
     C   10  Q=         1.0000 1e-30 m^2  Cq=        -1.4718 MHz  eta= 0.49277

     C   11    Vxx=    0.0901    axis=( -0.591008 -0.347005  0.728215)
     C   11    Vyy=    0.3490    axis=( -0.392295 -0.665165 -0.635342)
     C   11    Vzz=   -0.4391    axis=( -0.704850  0.661168 -0.256990)
     C   11  Q=         1.0000 1e-30 m^2  Cq=        -1.0318 MHz  eta= 0.58958

     Cl  12    Vxx=   -0.2140    axis=(  0.808947  0.469302 -0.354062)
     Cl  12    Vyy=   -2.5049    axis=( -0.567136  0.781571 -0.259814)
     Cl  12    Vzz=    2.7189    axis=(  0.154794  0.410977  0.898408)
     Cl  12  Q=        -8.1650 1e-30 m^2  Cq=       -52.1605 MHz  eta= 0.84258

     H   13    Vxx=   -0.0360    axis=(  0.982114  0.021916 -0.187009)
     H   13    Vyy=   -0.6122    axis=( -0.185231  0.290734 -0.938703)
     H   13    Vzz=    0.6483    axis=(  0.033798  0.956553  0.289593)
     H   13  Q=         1.0000 1e-30 m^2  Cq=         1.5232 MHz  eta= 0.88879

     C   14    Vxx=   -0.2051    axis=(  0.901123  0.379037 -0.210496)
     C   14    Vyy=   -0.5898    axis=( -0.325125  0.911948  0.250289)
     C   14    Vzz=    0.7949    axis=(  0.286830 -0.157103  0.945012)
     C   14  Q=         1.0000 1e-30 m^2  Cq=         1.8678 MHz  eta= 0.48394

     H   15    Vxx=    0.0076    axis=(  0.331509 -0.901273 -0.278941)
     H   15    Vyy=    0.7058    axis=(  0.914442  0.234198  0.330070)
     H   15    Vzz=   -0.7135    axis=( -0.232156 -0.364497  0.901801)
     H   15  Q=         1.0000 1e-30 m^2  Cq=        -1.6764 MHz  eta= 0.97857

     C   16    Vxx=   -0.0499    axis=(  0.301571 -0.945873 -0.119916)
     C   16    Vyy=   -0.4855    axis=(  0.948469  0.284785  0.138936)
     C   16    Vzz=    0.5355    axis=( -0.097265 -0.155635  0.983014)
     C   16  Q=         1.0000 1e-30 m^2  Cq=         1.2581 MHz  eta= 0.81351

     C   17    Vxx=    0.0694    axis=(  0.910703 -0.401954 -0.095143)
     C   17    Vyy=    0.5688    axis=(  0.041982  0.319214 -0.946752)
     C   17    Vzz=   -0.6382    axis=(  0.410922  0.858216  0.307584)
     C   17  Q=         1.0000 1e-30 m^2  Cq=        -1.4994 MHz  eta= 0.78259

     Cl  18    Vxx=    0.7621    axis=(  0.597104 -0.641645  0.481413)
     Cl  18    Vyy=    1.9983    axis=(  0.536993 -0.126099 -0.834109)
     Cl  18    Vzz=   -2.7604    axis=(  0.595907  0.756565  0.269265)
     Cl  18  Q=        -8.1650 1e-30 m^2  Cq=        52.9570 MHz  eta= 0.44784

     H   19    Vxx=   -0.0788    axis=(  0.527821  0.458899  0.714714)
     H   19    Vyy=   -0.4513    axis=( -0.822055  0.487641  0.293991)
     H   19    Vzz=    0.5301    axis=( -0.213612 -0.742710  0.634628)
     H   19  Q=         1.0000 1e-30 m^2  Cq=         1.2456 MHz  eta= 0.70275

     C   20    Vxx=   -0.1986    axis=(  0.245566 -0.529971  0.811682)
     C   20    Vyy=   -0.6234    axis=(  0.456590  0.801858  0.385420)
     C   20    Vzz=    0.8219    axis=( -0.855116  0.275960  0.438889)
     C   20  Q=         1.0000 1e-30 m^2  Cq=         1.9312 MHz  eta= 0.51684

     H   21    Vxx=   -0.0706    axis=(  0.287442  0.957425 -0.026721)
     H   21    Vyy=   -0.6589    axis=( -0.488695  0.170597  0.855613)
     H   21    Vzz=    0.7294    axis=(  0.823744 -0.232880  0.516926)
     H   21  Q=         1.0000 1e-30 m^2  Cq=         1.7139 MHz  eta= 0.80653

     C   22    Vxx=   -0.0772    axis=(  0.283525  0.907639  0.309524)
     C   22    Vyy=   -0.5155    axis=(  0.554350 -0.418501  0.719412)
     C   22    Vzz=    0.5928    axis=( -0.782502  0.032387  0.621805)
     C   22  Q=         1.0000 1e-30 m^2  Cq=         1.3928 MHz  eta= 0.73940

     C   23    Vxx=   -0.0064    axis=(  0.403879  0.908932 -0.103557)
     C   23    Vyy=   -0.4447    axis=(  0.470715 -0.109415  0.875475)
     C   23    Vzz=    0.4510    axis=(  0.784416 -0.402331 -0.472038)
     C   23  Q=         1.0000 1e-30 m^2  Cq=         1.0598 MHz  eta= 0.97174

     Cl  24    Vxx=    0.3169    axis=( -0.615704 -0.280908 -0.736206)
     Cl  24    Vyy=    2.7447    axis=(  0.510802  0.569118 -0.644349)
     Cl  24    Vzz=   -3.0616    axis=( -0.599991  0.772784  0.206920)
     Cl  24  Q=        -8.1650 1e-30 m^2  Cq=        58.7350 MHz  eta= 0.79297

     Initialization:
     gipaw_setup  :      9.31s CPU     11.47s WALL (       1 calls)

     Linear response

     Apply operators

     Induced current

     Other routines
     efg          :      9.42s CPU     12.43s WALL (       1 calls)

     General routines
     calbec       :      3.31s CPU      4.68s WALL (      16 calls)
     fft          :      1.61s CPU      2.43s WALL (      15 calls)
     ffts         :      0.05s CPU      0.08s WALL (       2 calls)
     fftw         :      3.32s CPU      4.26s WALL (     672 calls)
     davcio       :      0.02s CPU      0.32s WALL (      32 calls)

     Parallel routines
     fft_scatter  :      2.39s CPU      3.96s WALL (     689 calls)

     Plugins

     GIPAW        :     63.11s CPU     76.44s WALL (       1 calls)
