
     Program QE v.6.0 (svn rev. 13079) starts on 16Dec2016 at 21:15:47 

     This program is part of the open-source Quantum ESPRESSO suite
     for quantum simulation of materials; please cite
         "P. Giannozzi et al., J. Phys.:Condens. Matter 21 395502 (2009);
          URL http://www.quantum-espresso.org", 
     in publications or presentations arising from this work. More details at
     http://www.quantum-espresso.org/quote

     Parallel version (MPI), running on     8 processors
     R & G space division:  proc/nbgrp/npool/nimage =       8

     ***** This is GIPAW svn revision unknown      *****

     Parallelizing q-star over 1 images

     Reading data from directory:
     /users/majewski/paradichlorobenzene/pbe/9_constraint/scratch/pbe.ecut100.np8.dt60.pcl2phi-129368.save
     Message from routine read_xml_file:
     file /users/majewski/paradichlorobenzene/pbe/9_constraint/scratch/pbe.ecut100.np8.dt60.pcl2phi-129368.save not guaranteed to be safe for post-processing

   Info: using nr1, nr2, nr3 values from input

   Info: using nr1, nr2, nr3 values from input

     IMPORTANT: XC functional enforced from input :
     Exchange-correlation      =  SLA  PW   PBX  PBC ( 1  4  3  4 0 0)
     Any further DFT definition will be discarded
     Please, verify this is what you really want

               file C.pbe-n-kjpaw_psl.1.0.0.UPF: wavefunction(s)  2S 2P renormalized
               file Cl.pbe-n-kjpaw_psl.1.0.0.UPF: wavefunction(s)  3S 3P renormalized
               file H.pbe-kjpaw_psl.1.0.0.UPF: wavefunction(s)  1S renormalized

     Parallelization info
     --------------------
     sticks:   dense  smooth     PW     G-vecs:    dense   smooth      PW
     Min        3057    1223    332               144436    36536    5170
     Max        3059    1225    333               144437    36537    5171
     Sum       24467    9791   2657              1155489   292295   41363


     Subspace diagonalization in iterative solution of the eigenvalue problem:
     a serial algorithm will be used

     GIPAW projectors -----------------------------------------------
     atom=  C    l=0  rc=    1.2000  rs=    0.8000
     atom=  C    l=0  rc=    1.2000  rs=    0.8000
     atom=  C    l=1  rc=    1.4000  rs=    0.9333
     atom=  C    l=1  rc=    1.4000  rs=    0.9333
     projs nearly linearly dependent: l=1  n1,n2= 1, 2  s=  0.99951561

     atom=  Cl   l=0  rc=    1.6000  rs=    1.0667
     atom=  Cl   l=0  rc=    1.6000  rs=    1.0667
     atom=  Cl   l=1  rc=    1.6000  rs=    1.0667
     atom=  Cl   l=1  rc=    1.6000  rs=    1.0667
     atom=  Cl   l=2  rc=    1.6000  rs=    1.0667
     atom=  Cl   l=2  rc=    1.6000  rs=    1.0667
     projs nearly linearly dependent: l=2  n1,n2= 1, 2  s=  0.99993509

     atom=  H    l=0  rc=    1.0000  rs=    0.6667
     atom=  H    l=0  rc=    1.0000  rs=    0.6667
     projs nearly linearly dependent: l=0  n1,n2= 1, 2  s=  0.99968852
     -----------------------------------------------------------------

     GIPAW integrals: -------------------------------------------
     Atom  i/j   nmr_para   nmr_dia   epr_rmc  epr_para   epr_dia
       C   1 1   0.83E+03  0.17E-01  0.93E+01  0.24E+08  0.24E+03
       C   2 1   0.86E+03 -0.61E-01  0.94E+01  0.25E+08  0.25E+03
       C   2 2   0.90E+03 -0.15E+00  0.97E+01  0.26E+08  0.26E+03
       C   3 3   0.33E+01  0.34E+00  0.18E+01  0.55E+03  0.21E+02
       C   4 3   0.35E+01  0.37E+00  0.20E+01  0.59E+03  0.22E+02
       C   4 4   0.38E+01  0.39E+00  0.22E+01  0.63E+03  0.24E+02
       Cl  1 1   0.14E+04 -0.47E+00  0.84E+01  0.32E+09  0.42E+03
       Cl  2 1   0.21E+04 -0.37E+00  0.12E+02  0.49E+09  0.65E+03
       Cl  2 2   0.33E+04 -0.16E+00  0.21E+02  0.76E+09  0.10E+04
       Cl  3 3   0.21E+02  0.79E-01  0.89E+01  0.23E+05  0.13E+03
       Cl  4 3   0.24E+02  0.67E-01  0.99E+01  0.27E+05  0.15E+03
       Cl  4 4   0.28E+02  0.44E-01  0.11E+02  0.32E+05  0.18E+03
       Cl  5 5   0.77E+00  0.19E+00  0.18E+01  0.12E+03  0.22E+02
       Cl  6 5   0.80E+00  0.19E+00  0.19E+01  0.12E+03  0.23E+02
       Cl  6 6   0.83E+00  0.20E+00  0.19E+01  0.12E+03  0.23E+02
       H   1 1   0.39E+02  0.19E+00  0.29E+00  0.78E+05  0.13E+02
       H   2 1   0.41E+02  0.21E+00  0.32E+00  0.82E+05  0.14E+02
       H   2 2   0.43E+02  0.22E+00  0.36E+00  0.86E+05  0.15E+02
     ------------------------------------------------------------

     alpha_pv=     34.1643 eV

     Number of occupied bands for each k-point:
     k-point:     1    nbnd_occ=  42
     k-point:     2    nbnd_occ=  42
     k-point:     3    nbnd_occ=  42
     k-point:     4    nbnd_occ=  42
     k-point:     5    nbnd_occ=  42
     k-point:     6    nbnd_occ=  42
     k-point:     7    nbnd_occ=  42
     k-point:     8    nbnd_occ=  42
     k-point:     9    nbnd_occ=  42
     k-point:    10    nbnd_occ=  42
     k-point:    11    nbnd_occ=  42
     k-point:    12    nbnd_occ=  42
     k-point:    13    nbnd_occ=  42
     k-point:    14    nbnd_occ=  42
     k-point:    15    nbnd_occ=  42
     k-point:    16    nbnd_occ=  42


     q-space interpolation up to   110.00 Rydberg

     GIPAW job: efg                                                                             


     ELECTRIC FIELD GRADIENTS TENSORS IN Hartree/bohrradius^2:

     ----- bare term -----
     Cl   1       -0.088459       -0.032830        0.020505
     Cl   1       -0.032830       -0.050213        0.115060
     Cl   1        0.020505        0.115060        0.138672

     C    2       -0.726841        0.211654       -0.233659
     C    2        0.211654        0.164312       -0.100584
     C    2       -0.233659       -0.100584        0.562530

     C    3        0.303855       -0.047373        0.242239
     C    3       -0.047373       -0.197563       -0.061697
     C    3        0.242239       -0.061697       -0.106292

     H    4       -0.304002       -0.247586        0.253900
     H    4       -0.247586        0.175551        0.037323
     H    4        0.253900        0.037323        0.128451

     C    5       -0.331243        0.221081       -0.097081
     C    5        0.221081        0.256979        0.057660
     C    5       -0.097081        0.057660        0.074264

     H    6        0.305961       -0.315601        0.159663
     H    6       -0.315601       -0.492408        0.272111
     H    6        0.159663        0.272111        0.186447

     H    7        0.439078        0.154010       -0.015040
     H    7        0.154010       -0.727085        0.183555
     H    7       -0.015040        0.183555        0.288007

     C    8       -0.305940       -0.215412       -0.328626
     C    8       -0.215412       -0.078568        0.496673
     C    8       -0.328626        0.496673        0.384508

     H    9       -0.312601        0.246263       -0.523646
     H    9        0.246263        0.299227        0.255964
     H    9       -0.523646        0.255964        0.013374

     C   10       -0.428059       -0.350818       -0.291678
     C   10       -0.350818        0.010245        0.367400
     C   10       -0.291678        0.367400        0.417814

     C   11       -0.102872        0.176047       -0.390773
     C   11        0.176047       -0.097927        0.607225
     C   11       -0.390773        0.607225        0.200798

     Cl  12       -0.083272       -0.122553        0.006715
     Cl  12       -0.122553       -0.011802        0.027459
     Cl  12        0.006715        0.027459        0.095074

     H   13        0.458645       -0.031720       -0.018860
     H   13       -0.031720       -0.820584       -0.136730
     H   13       -0.018860       -0.136730        0.361939

     C   14       -0.098768        0.107510       -0.191622
     C   14        0.107510        0.002002       -0.432124
     C   14       -0.191622       -0.432124        0.096766

     H   15       -0.217186       -0.511575       -0.048617
     H   15       -0.511575       -0.138800        0.137893
     H   15       -0.048617        0.137893        0.355986

     C   16       -0.594063        0.326181       -0.150710
     C   16        0.326181        0.229399       -0.288902
     C   16       -0.150710       -0.288902        0.364664

     C   17        0.015421       -0.270751       -0.406541
     C   17       -0.270751       -0.143433       -0.522933
     C   17       -0.406541       -0.522933        0.128012

     Cl  18       -0.267844        0.254619       -0.006759
     Cl  18        0.254619        0.122504       -0.155040
     Cl  18       -0.006759       -0.155040        0.145340

     H   19        0.516249        0.030117        0.115660
     H   19        0.030117        0.023216        0.264639
     H   19        0.115660        0.264639       -0.539465

     C   20       -0.485117       -0.323498       -0.196680
     C   20       -0.323498        0.098736        0.423957
     C   20       -0.196680        0.423957        0.386382

     H   21        0.173260        0.031862       -0.308550
     H   21        0.031862        0.270549       -0.235769
     H   21       -0.308550       -0.235769       -0.443810

     C   22       -0.060676       -0.257706       -0.182388
     C   22       -0.257706       -0.125379        0.417181
     C   22       -0.182388        0.417181        0.186056

     C   23       -0.408099       -0.292115       -0.389427
     C   23       -0.292115        0.101186        0.442813
     C   23       -0.389427        0.442813        0.306914

     Cl  24        0.123041        0.135995        0.161793
     Cl  24        0.135995       -0.114296       -0.356673
     Cl  24        0.161793       -0.356673       -0.008745

     ----- ionic term -----
     Cl   1        0.153591       -0.206156        0.019056
     Cl   1       -0.206156        0.022659       -0.010747
     Cl   1        0.019056       -0.010747       -0.176250

     C    2        0.287614       -0.006463        0.167932
     C    2       -0.006463        0.308726        0.259315
     C    2        0.167932        0.259315       -0.596340

     C    3        0.286244       -0.141315        0.011046
     C    3       -0.141315        0.328682        0.272735
     C    3        0.011046        0.272735       -0.614926

     H    4        0.920704        0.491191        0.214520
     H    4        0.491191       -0.288402        0.108582
     H    4        0.214520        0.108582       -0.632302

     C    5        0.413559       -0.088455        0.021818
     C    5       -0.088455        0.201786        0.229298
     C    5        0.021818        0.229298       -0.615344

     H    6       -0.507937        0.176633        0.014359
     H    6        0.176633        1.009225        0.367440
     H    6        0.014359        0.367440       -0.501288

     H    7       -0.519581       -0.065888        0.058488
     H    7       -0.065888        0.743296       -0.650997
     H    7        0.058488       -0.650997       -0.223715

     C    8        0.270309        0.244828        0.322132
     C    8        0.244828        0.070820       -0.245327
     C    8        0.322132       -0.245327       -0.341130

     H    9        0.547885       -0.223263        0.725877
     H    9       -0.223263       -0.476924       -0.214275
     H    9        0.725877       -0.214275       -0.070961

     C   10        0.150991        0.257429        0.251798
     C   10        0.257429        0.144961       -0.325303
     C   10        0.251798       -0.325303       -0.295952

     C   11        0.162845        0.224632        0.348619
     C   11        0.224632        0.066288       -0.355732
     C   11        0.348619       -0.355732       -0.229133

     Cl  12        0.151406        0.218831        0.015025
     Cl  12        0.218831        0.020731       -0.003284
     Cl  12        0.015025       -0.003284       -0.172137

     H   13       -0.537729        0.024669        0.014984
     H   13        0.024669        0.870376        0.550767
     H   13        0.014984        0.550767       -0.332648

     C   14        0.350167       -0.107225        0.083765
     C   14       -0.107225        0.188365        0.279621
     C   14        0.083765        0.279621       -0.538531

     H   15        0.759641        0.443712        0.460235
     H   15        0.443712       -0.327989        0.204111
     H   15        0.460235        0.204111       -0.431652

     C   16        0.209363       -0.124122        0.072395
     C   16       -0.124122        0.302142        0.347656
     C   16        0.072395        0.347656       -0.511505

     C   17        0.308961        0.035989        0.037667
     C   17        0.035989        0.227062        0.339090
     C   17        0.037667        0.339090       -0.536024

     Cl  18        0.134107       -0.160687       -0.046555
     Cl  18       -0.160687       -0.017304        0.028568
     Cl  18       -0.046555        0.028568       -0.116803

     H   19       -0.530260        0.001531        0.006245
     H   19        0.001531        0.478322       -0.775535
     H   19        0.006245       -0.775535        0.051938

     C   20        0.206645        0.302466        0.336866
     C   20        0.302466        0.019934       -0.278034
     C   20        0.336866       -0.278034       -0.226579

     H   21        0.295119       -0.025881        0.815652
     H   21       -0.025881       -0.493550       -0.107744
     H   21        0.815652       -0.107744        0.198431

     C   22        0.083226        0.389618        0.240826
     C   22        0.389618        0.121792       -0.303014
     C   22        0.240826       -0.303014       -0.205018

     C   23        0.129574        0.244676        0.327068
     C   23        0.244676        0.098600       -0.299107
     C   23        0.327068       -0.299107       -0.228174

     Cl  24        0.079747        0.216904        0.056414
     Cl  24        0.216904        0.065856        0.038315
     Cl  24        0.056414        0.038315       -0.145603

     ----- GIPAW term -----
     Cl   1       -0.217478       -2.017276       -0.132431
     Cl   1       -2.017276       -0.470854        1.661852
     Cl   1       -0.132431        1.661852        0.688332

     C    2       -0.162483       -0.029801       -0.012138
     C    2       -0.029801       -0.042997        0.113653
     C    2       -0.012138        0.113653        0.205480

     C    3        0.027000       -0.012100        0.030807
     C    3       -0.012100        0.015120        0.031888
     C    3        0.030807        0.031888       -0.042120

     H    4       -0.000000        0.000000        0.000000
     H    4        0.000000        0.000000        0.000000
     H    4        0.000000        0.000000        0.000000

     C    5       -0.003802        0.004670       -0.000631
     C    5        0.004670        0.028375        0.022360
     C    5       -0.000631        0.022360       -0.024573

     H    6       -0.000000        0.000000        0.000000
     H    6        0.000000        0.000000        0.000000
     H    6        0.000000        0.000000        0.000000

     H    7       -0.000000        0.000000        0.000000
     H    7        0.000000        0.000000        0.000000
     H    7        0.000000        0.000000        0.000000

     C    8       -0.070225       -0.070584       -0.070719
     C    8       -0.070584        0.027739        0.182887
     C    8       -0.070719        0.182887        0.042486

     H    9       -0.000000        0.000000        0.000000
     H    9        0.000000        0.000000        0.000000
     H    9        0.000000        0.000000        0.000000

     C   10       -0.137511       -0.068558       -0.070655
     C   10       -0.068558        0.104434        0.042846
     C   10       -0.070655        0.042846        0.033077

     C   11        0.070848        0.210096       -0.050130
     C   11        0.210096        0.007086        0.120703
     C   11       -0.050130        0.120703       -0.077934

     Cl  12        1.227981        2.040973        0.018165
     Cl  12        2.040973        0.072399        0.175420
     Cl  12        0.018165        0.175420       -1.300380

     H   13       -0.000000        0.000000        0.000000
     H   13        0.000000        0.000000        0.000000
     H   13        0.000000        0.000000        0.000000

     C   14       -0.109331        0.050676       -0.006464
     C   14        0.050676        0.254397       -0.023128
     C   14       -0.006464       -0.023128       -0.145066

     H   15       -0.000000        0.000000        0.000000
     H   15        0.000000        0.000000        0.000000
     H   15        0.000000        0.000000        0.000000

     C   16       -0.207427        0.044230       -0.028832
     C   16        0.044230        0.253037       -0.128131
     C   16       -0.028832       -0.128131       -0.045610

     C   17       -0.026552       -0.223164       -0.096541
     C   17       -0.223164        0.126790        0.083290
     C   17       -0.096541        0.083290       -0.100238

     Cl  18       -0.925786       -0.705095       -0.237445
     Cl  18       -0.705095        1.730345       -2.000302
     Cl  18       -0.237445       -2.000302       -0.804559

     H   19       -0.000000        0.000000        0.000000
     H   19        0.000000        0.000000        0.000000
     H   19        0.000000        0.000000        0.000000

     C   20       -0.170130       -0.056504       -0.032504
     C   20       -0.056504        0.043689        0.229300
     C   20       -0.032504        0.229300        0.126441

     H   21       -0.000000        0.000000        0.000000
     H   21        0.000000        0.000000        0.000000
     H   21        0.000000        0.000000        0.000000

     C   22       -0.084753       -0.069343       -0.091626
     C   22       -0.069343        0.000329        0.169919
     C   22       -0.091626        0.169919        0.084424

     C   23       -0.108789        0.003475       -0.083207
     C   23        0.003475        0.163406        0.191270
     C   23       -0.083207        0.191270       -0.054617

     Cl  24        0.039400        0.258001       -0.503899
     Cl  24        0.258001        0.319718        0.890236
     Cl  24       -0.503899        0.890236       -0.359119

     ----- total EFG -----
     Cl   1       -0.152346       -2.256262       -0.092870
     Cl   1       -2.256262       -0.498408        1.766164
     Cl   1       -0.092870        1.766164        0.650754

     C    2       -0.601711        0.175391       -0.077864
     C    2        0.175391        0.430041        0.272384
     C    2       -0.077864        0.272384        0.171670

     C    3        0.617099       -0.200787        0.284092
     C    3       -0.200787        0.146240        0.242926
     C    3        0.284092        0.242926       -0.763339

     H    4        0.616701        0.243605        0.468419
     H    4        0.243605       -0.112850        0.145905
     H    4        0.468419        0.145905       -0.503851

     C    5        0.078514        0.137296       -0.075894
     C    5        0.137296        0.487139        0.309318
     C    5       -0.075894        0.309318       -0.565654

     H    6       -0.201976       -0.138968        0.174021
     H    6       -0.138968        0.516817        0.639551
     H    6        0.174021        0.639551       -0.314841

     H    7       -0.080503        0.088122        0.043449
     H    7        0.088122        0.016211       -0.467441
     H    7        0.043449       -0.467441        0.064292

     C    8       -0.105856       -0.041169       -0.077213
     C    8       -0.041169        0.019991        0.434234
     C    8       -0.077213        0.434234        0.085864

     H    9        0.235284        0.023000        0.202230
     H    9        0.023000       -0.177696        0.041688
     H    9        0.202230        0.041688       -0.057587

     C   10       -0.414579       -0.161947       -0.110535
     C   10       -0.161947        0.259639        0.084943
     C   10       -0.110535        0.084943        0.154939

     C   11        0.130822        0.610775       -0.092284
     C   11        0.610775       -0.024553        0.372196
     C   11       -0.092284        0.372196       -0.106269

     Cl  12        1.296115        2.137251        0.039906
     Cl  12        2.137251        0.081328        0.199595
     Cl  12        0.039906        0.199595       -1.377443

     H   13       -0.079084       -0.007051       -0.003876
     H   13       -0.007051        0.049793        0.414036
     H   13       -0.003876        0.414036        0.029291

     C   14        0.142068        0.050961       -0.114321
     C   14        0.050961        0.444763       -0.175632
     C   14       -0.114321       -0.175632       -0.586832

     H   15        0.542455       -0.067863        0.411618
     H   15       -0.067863       -0.466789        0.342004
     H   15        0.411618        0.342004       -0.075666

     C   16       -0.592127        0.246289       -0.107147
     C   16        0.246289        0.784577       -0.069376
     C   16       -0.107147       -0.069376       -0.192450

     C   17        0.297830       -0.457927       -0.465416
     C   17       -0.457927        0.210420       -0.100553
     C   17       -0.465416       -0.100553       -0.508250

     Cl  18       -1.059523       -0.611164       -0.290759
     Cl  18       -0.611164        1.835545       -2.126774
     Cl  18       -0.290759       -2.126774       -0.776022

     H   19       -0.014011        0.031648        0.121905
     H   19        0.031648        0.501538       -0.510896
     H   19        0.121905       -0.510896       -0.487527

     C   20       -0.448602       -0.077535        0.107682
     C   20       -0.077535        0.162359        0.375223
     C   20        0.107682        0.375223        0.286243

     H   21        0.468379        0.005981        0.507102
     H   21        0.005981       -0.223001       -0.343513
     H   21        0.507102       -0.343513       -0.245378

     C   22       -0.062204        0.062568       -0.033188
     C   22        0.062568       -0.003258        0.284086
     C   22       -0.033188        0.284086        0.065462

     C   23       -0.387314       -0.043964       -0.145567
     C   23       -0.043964        0.363191        0.334975
     C   23       -0.145567        0.334975        0.024123

     Cl  24        0.242189        0.610900       -0.285692
     Cl  24        0.610900        0.271278        0.571878
     Cl  24       -0.285692        0.571878       -0.513467

     ----- total EFG (symmetrized) -----
     Cl   1       -0.152346       -2.256262       -0.092870
     Cl   1       -2.256262       -0.498408        1.766164
     Cl   1       -0.092870        1.766164        0.650754

     C    2       -0.601711        0.175391       -0.077864
     C    2        0.175391        0.430041        0.272384
     C    2       -0.077864        0.272384        0.171670

     C    3        0.617099       -0.200787        0.284092
     C    3       -0.200787        0.146240        0.242926
     C    3        0.284092        0.242926       -0.763339

     H    4        0.616701        0.243605        0.468419
     H    4        0.243605       -0.112850        0.145905
     H    4        0.468419        0.145905       -0.503851

     C    5        0.078514        0.137296       -0.075894
     C    5        0.137296        0.487139        0.309318
     C    5       -0.075894        0.309318       -0.565654

     H    6       -0.201976       -0.138968        0.174021
     H    6       -0.138968        0.516817        0.639551
     H    6        0.174021        0.639551       -0.314841

     H    7       -0.080503        0.088122        0.043449
     H    7        0.088122        0.016211       -0.467441
     H    7        0.043449       -0.467441        0.064292

     C    8       -0.105856       -0.041169       -0.077213
     C    8       -0.041169        0.019991        0.434234
     C    8       -0.077213        0.434234        0.085864

     H    9        0.235284        0.023000        0.202230
     H    9        0.023000       -0.177696        0.041688
     H    9        0.202230        0.041688       -0.057587

     C   10       -0.414579       -0.161947       -0.110535
     C   10       -0.161947        0.259639        0.084943
     C   10       -0.110535        0.084943        0.154939

     C   11        0.130822        0.610775       -0.092284
     C   11        0.610775       -0.024553        0.372196
     C   11       -0.092284        0.372196       -0.106269

     Cl  12        1.296115        2.137251        0.039906
     Cl  12        2.137251        0.081328        0.199595
     Cl  12        0.039906        0.199595       -1.377443

     H   13       -0.079084       -0.007051       -0.003876
     H   13       -0.007051        0.049793        0.414036
     H   13       -0.003876        0.414036        0.029291

     C   14        0.142068        0.050961       -0.114321
     C   14        0.050961        0.444763       -0.175632
     C   14       -0.114321       -0.175632       -0.586832

     H   15        0.542455       -0.067863        0.411618
     H   15       -0.067863       -0.466789        0.342004
     H   15        0.411618        0.342004       -0.075666

     C   16       -0.592127        0.246289       -0.107147
     C   16        0.246289        0.784577       -0.069376
     C   16       -0.107147       -0.069376       -0.192450

     C   17        0.297830       -0.457927       -0.465416
     C   17       -0.457927        0.210420       -0.100553
     C   17       -0.465416       -0.100553       -0.508250

     Cl  18       -1.059523       -0.611164       -0.290759
     Cl  18       -0.611164        1.835545       -2.126774
     Cl  18       -0.290759       -2.126774       -0.776022

     H   19       -0.014011        0.031648        0.121905
     H   19        0.031648        0.501538       -0.510896
     H   19        0.121905       -0.510896       -0.487527

     C   20       -0.448602       -0.077535        0.107682
     C   20       -0.077535        0.162359        0.375223
     C   20        0.107682        0.375223        0.286243

     H   21        0.468379        0.005981        0.507102
     H   21        0.005981       -0.223001       -0.343513
     H   21        0.507102       -0.343513       -0.245378

     C   22       -0.062204        0.062568       -0.033188
     C   22        0.062568       -0.003258        0.284086
     C   22       -0.033188        0.284086        0.065462

     C   23       -0.387314       -0.043964       -0.145567
     C   23       -0.043964        0.363191        0.334975
     C   23       -0.145567        0.334975        0.024123

     Cl  24        0.242189        0.610900       -0.285692
     Cl  24        0.610900        0.271278        0.571878
     Cl  24       -0.285692        0.571878       -0.513467


     NQR/NMR SPECTROSCOPIC PARAMETERS:
     Cl   1    Vxx=    0.2402    axis=(  0.638578 -0.142229  0.756299)
     Cl   1    Vyy=    2.7993    axis=( -0.515192  0.651034  0.557433)
     Cl   1    Vzz=   -3.0395    axis=( -0.571660 -0.745604  0.342461)
     Cl   1  Q=        -8.1650 1e-30 m^2  Cq=        58.3114 MHz  eta= 0.84195

     C    2    Vxx=    0.0380    axis=( -0.234816 -0.481569  0.844365)
     C    2    Vyy=    0.6120    axis=( -0.090550 -0.854039 -0.512268)
     C    2    Vzz=   -0.6500    axis=(  0.967813 -0.196746  0.156936)
     C    2  Q=         1.0000 1e-30 m^2  Cq=        -1.5272 MHz  eta= 0.88315

     C    3    Vxx=    0.1780    axis=(  0.224645  0.924979  0.306509)
     C    3    Vyy=    0.7164    axis=(  0.951173 -0.276477  0.137221)
     C    3    Vzz=   -0.8944    axis=( -0.211669 -0.260717  0.941925)
     C    3  Q=         1.0000 1e-30 m^2  Cq=        -2.1015 MHz  eta= 0.60204

     H    4    Vxx=   -0.1867    axis=(  0.293514 -0.955934 -0.006269)
     H    4    Vyy=   -0.6796    axis=(  0.320546  0.104595 -0.941440)
     H    4    Vzz=    0.8662    axis=(  0.900611  0.274317  0.337121)
     H    4  Q=         1.0000 1e-30 m^2  Cq=         2.0353 MHz  eta= 0.56896

     C    5    Vxx=    0.0698    axis=(  0.965186 -0.170576 -0.198292)
     C    5    Vyy=    0.5962    axis=(  0.216232  0.946899  0.237961)
     C    5    Vzz=   -0.6661    axis=(  0.147172 -0.272554  0.950818)
     C    5  Q=         1.0000 1e-30 m^2  Cq=        -1.5650 MHz  eta= 0.79028

     H    6    Vxx=   -0.1156    axis=(  0.927421 -0.144912  0.344806)
     H    6    Vyy=   -0.7498    axis=(  0.372107  0.450585 -0.811486)
     H    6    Vzz=    0.8653    axis=( -0.037770  0.880894  0.471804)
     H    6  Q=         1.0000 1e-30 m^2  Cq=         2.0332 MHz  eta= 0.73290

     H    7    Vxx=   -0.0582    axis=(  0.968058  0.143800  0.205389)
     H    7    Vyy=   -0.4516    axis=( -0.245651  0.707946  0.662169)
     H    7    Vzz=    0.5098    axis=( -0.050184 -0.691472  0.720658)
     H    7  Q=         1.0000 1e-30 m^2  Cq=         1.1978 MHz  eta= 0.77169

     C    8    Vxx=   -0.1158    axis=( -0.986960 -0.154475 -0.045251)
     C    8    Vyy=   -0.3844    axis=(  0.082211 -0.725435  0.683363)
     C    8    Vzz=    0.5002    axis=( -0.138389  0.670732  0.728675)
     C    8  Q=         1.0000 1e-30 m^2  Cq=         1.1753 MHz  eta= 0.53686

     H    9    Vxx=   -0.1424    axis=( -0.415041  0.568335  0.710448)
     H    9    Vyy=   -0.1992    axis=(  0.205760  0.819285 -0.535197)
     H    9    Vzz=    0.3415    axis=( -0.886230 -0.075947 -0.456977)
     H    9  Q=         1.0000 1e-30 m^2  Cq=         0.8025 MHz  eta= 0.16623

     C   10    Vxx=    0.1079    axis=(  0.024576  0.508269 -0.860847)
     C   10    Vyy=    0.3566    axis=( -0.245815  0.837742  0.487610)
     C   10    Vzz=   -0.4645    axis=(  0.969005  0.199626  0.145528)
     C   10  Q=         1.0000 1e-30 m^2  Cq=        -1.0915 MHz  eta= 0.53528

     C   11    Vxx=    0.0373    axis=( -0.494397  0.203394  0.845105)
     C   11    Vyy=    0.7118    axis=( -0.686104 -0.688251 -0.235736)
     C   11    Vzz=   -0.7491    axis=(  0.533697 -0.696377  0.479819)
     C   11  Q=         1.0000 1e-30 m^2  Cq=        -1.7601 MHz  eta= 0.90042

     Cl  12    Vxx=   -1.3034    axis=( -0.330349  0.385712  0.861450)
     Cl  12    Vyy=   -1.6126    axis=( -0.505985  0.698091 -0.506604)
     Cl  12    Vzz=    2.9160    axis=(  0.796774  0.603237  0.035449)
     Cl  12  Q=        -8.1650 1e-30 m^2  Cq=       -55.9420 MHz  eta= 0.10605

     H   13    Vxx=   -0.0792    axis=( -0.999868 -0.005334 -0.015366)
     H   13    Vyy=   -0.3746    axis=( -0.007274 -0.698331  0.715738)
     H   13    Vzz=    0.4538    axis=(  0.014549 -0.715755 -0.698200)
     H   13  Q=         1.0000 1e-30 m^2  Cq=         1.0663 MHz  eta= 0.65105

     C   14    Vxx=    0.1421    axis=(  0.970281 -0.220820 -0.098964)
     C   14    Vyy=    0.4880    axis=(  0.200964  0.963150 -0.178759)
     C   14    Vzz=   -0.6301    axis=(  0.134791  0.153558  0.978903)
     C   14  Q=         1.0000 1e-30 m^2  Cq=        -1.4805 MHz  eta= 0.54888

     H   15    Vxx=   -0.0292    axis=( -0.420178  0.598368  0.682207)
     H   15    Vyy=   -0.7265    axis=(  0.224507  0.796968 -0.560749)
     H   15    Vzz=    0.7558    axis=(  0.879231  0.082454  0.469206)
     H   15  Q=         1.0000 1e-30 m^2  Cq=         1.7757 MHz  eta= 0.92269

     C   16    Vxx=   -0.1806    axis=(  0.184000 -0.117104 -0.975925)
     C   16    Vyy=   -0.6541    axis=(  0.967103 -0.155866  0.201040)
     C   16    Vzz=    0.8347    axis=( -0.175656 -0.980812  0.084573)
     C   16  Q=         1.0000 1e-30 m^2  Cq=         1.9611 MHz  eta= 0.56732

     C   17    Vxx=    0.0265    axis=(  0.414942  0.757743 -0.503636)
     C   17    Vyy=    0.7815    axis=(  0.778027 -0.582479 -0.235354)
     C   17    Vzz=   -0.8079    axis=(  0.471695  0.294184  0.831240)
     C   17  Q=         1.0000 1e-30 m^2  Cq=        -1.8983 MHz  eta= 0.93443

     Cl  18    Vxx=   -0.8307    axis=(  0.895546 -0.133346 -0.424519)
     Cl  18    Vyy=   -2.2324    axis=(  0.434511  0.467695  0.769716)
     Cl  18    Vzz=    3.0631    axis=( -0.095907  0.873774 -0.476782)
     Cl  18  Q=        -8.1650 1e-30 m^2  Cq=       -58.7644 MHz  eta= 0.45762

     H   19    Vxx=    0.0073    axis=(  0.984686  0.090798  0.148829)
     H   19    Vyy=    0.7185    axis=(  0.025527 -0.919560  0.392119)
     H   19    Vzz=   -0.7258    axis=(  0.172461 -0.382314 -0.907796)
     H   19  Q=         1.0000 1e-30 m^2  Cq=        -1.7055 MHz  eta= 0.97980

     C   20    Vxx=   -0.1076    axis=( -0.351949  0.723847 -0.593445)
     C   20    Vyy=   -0.4980    axis=( -0.935508 -0.251073  0.248570)
     C   20    Vzz=    0.6056    axis=(  0.030929  0.642657  0.765530)
     C   20  Q=         1.0000 1e-30 m^2  Cq=         1.4229 MHz  eta= 0.64475

     H   21    Vxx=   -0.0477    axis=(  0.395412  0.820878 -0.412078)
     H   21    Vyy=   -0.7097    axis=( -0.333483  0.546330  0.768319)
     H   21    Vzz=    0.7574    axis=(  0.855826 -0.166382  0.489774)
     H   21  Q=         1.0000 1e-30 m^2  Cq=         1.7796 MHz  eta= 0.87410

     C   22    Vxx=   -0.0409    axis=(  0.951112  0.199384 -0.235866)
     C   22    Vyy=   -0.2771    axis=( -0.305587  0.718212 -0.625131)
     C   22    Vzz=    0.3180    axis=(  0.044760  0.666647  0.744029)
     C   22  Q=         1.0000 1e-30 m^2  Cq=         0.7472 MHz  eta= 0.74304

     C   23    Vxx=   -0.1429    axis=( -0.358438 -0.536696  0.763859)
     C   23    Vyy=   -0.4397    axis=( -0.926066  0.100991 -0.363596)
     C   23    Vzz=    0.5826    axis=(  0.117997 -0.837710 -0.533215)
     C   23  Q=         1.0000 1e-30 m^2  Cq=         1.3689 MHz  eta= 0.50934

     Cl  24    Vxx=    0.1494    axis=( -0.668405  0.395950  0.629650)
     Cl  24    Vyy=    0.9066    axis=( -0.622140 -0.761571 -0.181525)
     Cl  24    Vzz=   -1.0561    axis=(  0.407648 -0.513062  0.755374)
     Cl  24  Q=        -8.1650 1e-30 m^2  Cq=        20.2602 MHz  eta= 0.71701

     Initialization:
     gipaw_setup  :      8.91s CPU     10.60s WALL (       1 calls)

     Linear response

     Apply operators

     Induced current

     Other routines
     efg          :      9.05s CPU     11.18s WALL (       1 calls)

     General routines
     calbec       :      3.18s CPU      4.09s WALL (      16 calls)
     fft          :      1.45s CPU      2.20s WALL (      15 calls)
     ffts         :      0.04s CPU      0.07s WALL (       2 calls)
     fftw         :      3.18s CPU      3.77s WALL (     672 calls)
     davcio       :      0.03s CPU      0.31s WALL (      32 calls)

     Parallel routines
     fft_scatter  :      1.98s CPU      3.28s WALL (     689 calls)

     Plugins

     GIPAW        :     60.31s CPU     73.04s WALL (       1 calls)
