
     Program QE v.6.0 (svn rev. 13079) starts on  2Jan2017 at 17: 7:55 

     This program is part of the open-source Quantum ESPRESSO suite
     for quantum simulation of materials; please cite
         "P. Giannozzi et al., J. Phys.:Condens. Matter 21 395502 (2009);
          URL http://www.quantum-espresso.org", 
     in publications or presentations arising from this work. More details at
     http://www.quantum-espresso.org/quote

     Parallel version (MPI), running on     8 processors
     R & G space division:  proc/nbgrp/npool/nimage =       8

     ***** This is GIPAW svn revision unknown      *****

     Parallelizing q-star over 1 images

     Reading data from directory:
     /users/majewski/paradichlorobenzene/pbe/9_constraint/scratch/pbe.ecut100.np8.dt60.pcl2phi-129368.save
     Message from routine read_xml_file:
     file /users/majewski/paradichlorobenzene/pbe/9_constraint/scratch/pbe.ecut100.np8.dt60.pcl2phi-129368.save not guaranteed to be safe for post-processing

   Info: using nr1, nr2, nr3 values from input

   Info: using nr1, nr2, nr3 values from input

     IMPORTANT: XC functional enforced from input :
     Exchange-correlation      =  SLA  PW   PBX  PBC ( 1  4  3  4 0 0)
     Any further DFT definition will be discarded
     Please, verify this is what you really want

               file C.pbe-n-kjpaw_psl.1.0.0.UPF: wavefunction(s)  2S 2P renormalized
               file Cl.pbe-n-kjpaw_psl.1.0.0.UPF: wavefunction(s)  3S 3P renormalized
               file H.pbe-kjpaw_psl.1.0.0.UPF: wavefunction(s)  1S renormalized

     Parallelization info
     --------------------
     sticks:   dense  smooth     PW     G-vecs:    dense   smooth      PW
     Min        3057    1223    332               144436    36536    5170
     Max        3059    1225    333               144437    36537    5171
     Sum       24467    9791   2657              1155489   292295   41363


     Subspace diagonalization in iterative solution of the eigenvalue problem:
     a serial algorithm will be used

     GIPAW projectors -----------------------------------------------
     atom=  C    l=0  rc=    1.2000  rs=    0.8000
     atom=  C    l=0  rc=    1.2000  rs=    0.8000
     atom=  C    l=1  rc=    1.4000  rs=    0.9333
     atom=  C    l=1  rc=    1.4000  rs=    0.9333
     projs nearly linearly dependent: l=1  n1,n2= 1, 2  s=  0.99951561

     atom=  Cl   l=0  rc=    1.6000  rs=    1.0667
     atom=  Cl   l=0  rc=    1.6000  rs=    1.0667
     atom=  Cl   l=1  rc=    1.6000  rs=    1.0667
     atom=  Cl   l=1  rc=    1.6000  rs=    1.0667
     atom=  Cl   l=2  rc=    1.6000  rs=    1.0667
     atom=  Cl   l=2  rc=    1.6000  rs=    1.0667
     projs nearly linearly dependent: l=2  n1,n2= 1, 2  s=  0.99993509

     atom=  H    l=0  rc=    1.0000  rs=    0.6667
     atom=  H    l=0  rc=    1.0000  rs=    0.6667
     projs nearly linearly dependent: l=0  n1,n2= 1, 2  s=  0.99968852
     -----------------------------------------------------------------

     GIPAW integrals: -------------------------------------------
     Atom  i/j   nmr_para   nmr_dia   epr_rmc  epr_para   epr_dia
       C   1 1   0.83E+03  0.17E-01  0.93E+01  0.24E+08  0.24E+03
       C   2 1   0.86E+03 -0.61E-01  0.94E+01  0.25E+08  0.25E+03
       C   2 2   0.90E+03 -0.15E+00  0.97E+01  0.26E+08  0.26E+03
       C   3 3   0.33E+01  0.34E+00  0.18E+01  0.55E+03  0.21E+02
       C   4 3   0.35E+01  0.37E+00  0.20E+01  0.59E+03  0.22E+02
       C   4 4   0.38E+01  0.39E+00  0.22E+01  0.63E+03  0.24E+02
       Cl  1 1   0.14E+04 -0.47E+00  0.84E+01  0.32E+09  0.42E+03
       Cl  2 1   0.21E+04 -0.37E+00  0.12E+02  0.49E+09  0.65E+03
       Cl  2 2   0.33E+04 -0.16E+00  0.21E+02  0.76E+09  0.10E+04
       Cl  3 3   0.21E+02  0.79E-01  0.89E+01  0.23E+05  0.13E+03
       Cl  4 3   0.24E+02  0.67E-01  0.99E+01  0.27E+05  0.15E+03
       Cl  4 4   0.28E+02  0.44E-01  0.11E+02  0.32E+05  0.18E+03
       Cl  5 5   0.77E+00  0.19E+00  0.18E+01  0.12E+03  0.22E+02
       Cl  6 5   0.80E+00  0.19E+00  0.19E+01  0.12E+03  0.23E+02
       Cl  6 6   0.83E+00  0.20E+00  0.19E+01  0.12E+03  0.23E+02
       H   1 1   0.39E+02  0.19E+00  0.29E+00  0.78E+05  0.13E+02
       H   2 1   0.41E+02  0.21E+00  0.32E+00  0.82E+05  0.14E+02
       H   2 2   0.43E+02  0.22E+00  0.36E+00  0.86E+05  0.15E+02
     ------------------------------------------------------------

     alpha_pv=     34.0880 eV

     Number of occupied bands for each k-point:
     k-point:     1    nbnd_occ=  42
     k-point:     2    nbnd_occ=  42
     k-point:     3    nbnd_occ=  42
     k-point:     4    nbnd_occ=  42
     k-point:     5    nbnd_occ=  42
     k-point:     6    nbnd_occ=  42
     k-point:     7    nbnd_occ=  42
     k-point:     8    nbnd_occ=  42
     k-point:     9    nbnd_occ=  42
     k-point:    10    nbnd_occ=  42
     k-point:    11    nbnd_occ=  42
     k-point:    12    nbnd_occ=  42
     k-point:    13    nbnd_occ=  42
     k-point:    14    nbnd_occ=  42
     k-point:    15    nbnd_occ=  42
     k-point:    16    nbnd_occ=  42


     q-space interpolation up to   110.00 Rydberg

     GIPAW job: efg                                                                             


     ELECTRIC FIELD GRADIENTS TENSORS IN Hartree/bohrradius^2:

     ----- bare term -----
     Cl   1        0.037087       -0.016301       -0.155235
     Cl   1       -0.016301       -0.055659       -0.072054
     Cl   1       -0.155235       -0.072054        0.018572

     C    2       -0.493009        0.238177       -0.367927
     C    2        0.238177        0.073231       -0.232030
     C    2       -0.367927       -0.232030        0.419778

     C    3       -0.043913        0.056930       -0.375478
     C    3        0.056930       -0.326906       -0.518777
     C    3       -0.375478       -0.518777        0.370819

     H    4       -0.595923       -0.342796       -0.142069
     H    4       -0.342796        0.342623       -0.098313
     H    4       -0.142069       -0.098313        0.253300

     C    5       -0.789638        0.362363       -0.396967
     C    5        0.362363        0.394538       -0.147355
     C    5       -0.396967       -0.147355        0.395100

     H    6        0.398231       -0.050671       -0.055387
     H    6       -0.050671       -0.506557       -0.592266
     H    6       -0.055387       -0.592266        0.108326

     H    7        0.363446        0.244515       -0.113444
     H    7        0.244515       -0.541334        0.510385
     H    7       -0.113444        0.510385        0.177889

     C    8       -0.038923       -0.503618       -0.040833
     C    8       -0.503618       -0.314990        0.387882
     C    8       -0.040833        0.387882        0.353913

     H    9       -0.533040        0.489357        0.061162
     H    9        0.489357        0.224242       -0.047319
     H    9        0.061162       -0.047319        0.308798

     C   10       -0.176798       -0.273942       -0.403921
     C   10       -0.273942       -0.036419        0.395038
     C   10       -0.403921        0.395038        0.213217

     C   11       -0.222972        0.025514       -0.337030
     C   11        0.025514       -0.065258        0.653233
     C   11       -0.337030        0.653233        0.288230

     Cl  12       -0.076734       -0.153947        0.001131
     Cl  12       -0.153947        0.003525       -0.030731
     Cl  12        0.001131       -0.030731        0.073210

     H   13        0.454335       -0.031854       -0.040204
     H   13       -0.031854       -0.769185        0.096325
     H   13       -0.040204        0.096325        0.314850

     C   14       -0.147527       -0.101993       -0.264410
     C   14       -0.101993       -0.004745       -0.440675
     C   14       -0.264410       -0.440675        0.152272

     H   15       -0.219565       -0.473621        0.034800
     H   15       -0.473621       -0.093397        0.176726
     H   15        0.034800        0.176726        0.312962

     C   16       -0.359865        0.214878        0.030318
     C   16        0.214878        0.020975       -0.130901
     C   16        0.030318       -0.130901        0.338889

     C   17       -0.019707       -0.019790       -0.262436
     C   17       -0.019790        0.062655       -0.682968
     C   17       -0.262436       -0.682968       -0.042948

     Cl  18       -0.193306        0.198492       -0.031804
     Cl  18        0.198492        0.158708       -0.109704
     Cl  18       -0.031804       -0.109704        0.034599

     H   19        0.547666       -0.006369       -0.065283
     H   19       -0.006369       -0.051980        0.237329
     H   19       -0.065283        0.237329       -0.495686

     C   20       -0.590405       -0.343570       -0.329754
     C   20       -0.343570        0.192362        0.352001
     C   20       -0.329754        0.352001        0.398043

     H   21       -0.433978       -0.129167       -0.354619
     H   21       -0.129167        0.107221        0.286930
     H   21       -0.354619        0.286930        0.326757

     C   22        0.013345       -0.248021       -0.126276
     C   22       -0.248021       -0.186147        0.531051
     C   22       -0.126276        0.531051        0.172803

     C   23       -0.663310       -0.166865       -0.268702
     C   23       -0.166865        0.149252        0.102022
     C   23       -0.268702        0.102022        0.514058

     Cl  24       -0.109693       -0.007631        0.017049
     Cl  24       -0.007631       -0.083401       -0.044267
     Cl  24        0.017049       -0.044267        0.193094

     ----- ionic term -----
     Cl   1        0.197154       -0.208661       -0.017304
     Cl   1       -0.208661       -0.050764        0.009704
     Cl   1       -0.017304        0.009704       -0.146390

     C    2        0.349461       -0.047913        0.130202
     C    2       -0.047913        0.083282        0.364655
     C    2        0.130202        0.364655       -0.432743

     C    3        0.269285       -0.153512        0.120279
     C    3       -0.153512        0.113663        0.357823
     C    3        0.120279        0.357823       -0.382948

     H    4        0.649763        0.441703        0.551255
     H    4        0.441703       -0.337344        0.269236
     H    4        0.551255        0.269236       -0.312419

     C    5        0.386269       -0.111206        0.213527
     C    5       -0.111206        0.009497        0.319773
     C    5        0.213527        0.319773       -0.395766

     H    6       -0.509475        0.044276        0.040001
     H    6        0.044276        0.689884        0.686465
     H    6        0.040001        0.686465       -0.180410

     H    7       -0.519637       -0.048373        0.031755
     H    7       -0.048373        0.687744       -0.719228
     H    7        0.031755       -0.719228       -0.168108

     C    8        0.342662        0.136734        0.182030
     C    8        0.136734        0.028976       -0.320538
     C    8        0.182030       -0.320538       -0.371638

     H    9        0.835713       -0.458352        0.374972
     H    9       -0.458352       -0.395779       -0.204690
     H    9        0.374972       -0.204690       -0.439934

     C   10        0.226350        0.125091        0.102595
     C   10        0.125091        0.099558       -0.375456
     C   10        0.102595       -0.375456       -0.325908

     C   11        0.335627        0.109333        0.222907
     C   11        0.109333       -0.032821       -0.411623
     C   11        0.222907       -0.411623       -0.302806

     Cl  12        0.149474        0.206325       -0.052817
     Cl  12        0.206325       -0.009295       -0.038925
     Cl  12       -0.052817       -0.038925       -0.140178

     H   13       -0.510960        0.069761        0.007880
     H   13        0.069761        0.801104        0.607425
     H   13        0.007880        0.607425       -0.290144

     C   14        0.370555       -0.070889        0.123411
     C   14       -0.070889        0.114757        0.291214
     C   14        0.123411        0.291214       -0.485312

     H   15        0.794847        0.442597        0.459784
     H   15        0.442597       -0.327299        0.210853
     H   15        0.459784        0.210853       -0.467548

     C   16        0.225134       -0.142652        0.103841
     C   16       -0.142652        0.273201        0.340844
     C   16        0.103841        0.340844       -0.498335

     C   17        0.205269       -0.079401        0.244513
     C   17       -0.079401        0.245948        0.359192
     C   17        0.244513        0.359192       -0.451217

     Cl  18        0.134678       -0.189576        0.014022
     Cl  18       -0.189576        0.020955        0.001856
     Cl  18        0.014022        0.001856       -0.155633

     H   19       -0.520247       -0.082530        0.086822
     H   19       -0.082530        0.279002       -0.816469
     H   19        0.086822       -0.816469        0.241246

     C   20        0.295243        0.144687        0.236890
     C   20        0.144687       -0.051887       -0.349898
     C   20        0.236890       -0.349898       -0.243356

     H   21        0.723176       -0.274971        0.587079
     H   21       -0.274971       -0.455792       -0.209372
     H   21        0.587079       -0.209372       -0.267384

     C   22        0.134116        0.213327        0.136089
     C   22        0.213327        0.095761       -0.437087
     C   22        0.136089       -0.437087       -0.229877

     C   23        0.287206        0.103907        0.204442
     C   23        0.103907       -0.018496       -0.440407
     C   23        0.204442       -0.440407       -0.268710

     Cl  24        0.154284        0.203012       -0.018663
     Cl  24        0.203012       -0.016705       -0.019295
     Cl  24       -0.018663       -0.019295       -0.137579

     ----- GIPAW term -----
     Cl   1        1.723869       -1.780873       -1.778276
     Cl   1       -1.780873       -0.837576       -0.573631
     Cl   1       -1.778276       -0.573631       -0.886293

     C    2       -0.056723       -0.138227       -0.105733
     C    2       -0.138227        0.083317        0.067079
     C    2       -0.105733        0.067079       -0.026594

     C    3        0.012559       -0.057005       -0.169253
     C    3       -0.057005       -0.082777       -0.042245
     C    3       -0.169253       -0.042245        0.070218

     H    4       -0.000000        0.000000        0.000000
     H    4        0.000000        0.000000        0.000000
     H    4        0.000000        0.000000        0.000000

     C    5       -0.219699        0.063789       -0.048936
     C    5        0.063789        0.252309        0.052509
     C    5       -0.048936        0.052509       -0.032610

     H    6       -0.000000        0.000000        0.000000
     H    6        0.000000        0.000000        0.000000
     H    6        0.000000        0.000000        0.000000

     H    7       -0.000000        0.000000        0.000000
     H    7        0.000000        0.000000        0.000000
     H    7        0.000000        0.000000        0.000000

     C    8        0.062161       -0.224429        0.085608
     C    8       -0.224429       -0.044921        0.010478
     C    8        0.085608        0.010478       -0.017240

     H    9       -0.000000        0.000000        0.000000
     H    9        0.000000        0.000000        0.000000
     H    9        0.000000        0.000000        0.000000

     C   10        0.073860       -0.164150       -0.134737
     C   10       -0.164150        0.008840        0.075544
     C   10       -0.134737        0.075544       -0.082700

     C   11       -0.029148        0.109333       -0.079419
     C   11        0.109333        0.013641        0.202545
     C   11       -0.079419        0.202545        0.015507

     Cl  12       -0.781831        0.459661       -0.752230
     Cl  12        0.459661       -0.257446        1.925186
     Cl  12       -0.752230        1.925186        1.039277

     H   13       -0.000000        0.000000        0.000000
     H   13        0.000000        0.000000        0.000000
     H   13        0.000000        0.000000        0.000000

     C   14       -0.089325       -0.039953       -0.012116
     C   14       -0.039953        0.139500       -0.190628
     C   14       -0.012116       -0.190628       -0.050175

     H   15       -0.000000        0.000000        0.000000
     H   15        0.000000        0.000000        0.000000
     H   15        0.000000        0.000000        0.000000

     C   16       -0.095631        0.006395        0.008316
     C   16        0.006395        0.086823       -0.079474
     C   16        0.008316       -0.079474        0.008808

     C   17       -0.056644       -0.041575       -0.040542
     C   17       -0.041575        0.258643       -0.125639
     C   17       -0.040542       -0.125639       -0.201999

     Cl  18        0.044453       -1.032791       -0.341872
     Cl  18       -1.032791        1.554730       -0.961620
     Cl  18       -0.341872       -0.961620       -1.599184

     H   19       -0.000000        0.000000        0.000000
     H   19        0.000000        0.000000        0.000000
     H   19        0.000000        0.000000        0.000000

     C   20       -0.153289       -0.063341       -0.046282
     C   20       -0.063341        0.131981        0.112809
     C   20       -0.046282        0.112809        0.021308

     H   21       -0.000000        0.000000        0.000000
     H   21        0.000000        0.000000        0.000000
     H   21        0.000000        0.000000        0.000000

     C   22       -0.110673       -0.055508        0.004425
     C   22       -0.055508        0.202696       -0.051418
     C   22        0.004425       -0.051418       -0.092023

     C   23       -0.137283        0.000000        0.076625
     C   23        0.000000        0.000496       -0.170785
     C   23        0.076625       -0.170785        0.136788

     Cl  24       -0.523876        1.708945       -0.070122
     Cl  24        1.708945       -1.310797       -0.832098
     Cl  24       -0.070122       -0.832098        1.834672

     ----- total EFG -----
     Cl   1        1.958110       -2.005835       -1.950815
     Cl   1       -2.005835       -0.943999       -0.635981
     Cl   1       -1.950815       -0.635981       -1.014110

     C    2       -0.200271        0.052038       -0.343458
     C    2        0.052038        0.239830        0.199704
     C    2       -0.343458        0.199704       -0.039559

     C    3        0.237931       -0.153588       -0.424451
     C    3       -0.153588       -0.296020       -0.203199
     C    3       -0.424451       -0.203199        0.058089

     H    4        0.053840        0.098907        0.409186
     H    4        0.098907        0.005279        0.170923
     H    4        0.409186        0.170923       -0.059119

     C    5       -0.623068        0.314946       -0.232376
     C    5        0.314946        0.656344        0.224927
     C    5       -0.232376        0.224927       -0.033276

     H    6       -0.111243       -0.006395       -0.015386
     H    6       -0.006395        0.183327        0.094199
     H    6       -0.015386        0.094199       -0.072084

     H    7       -0.156191        0.196142       -0.081689
     H    7        0.196142        0.146410       -0.208843
     H    7       -0.081689       -0.208843        0.009781

     C    8        0.365900       -0.591313        0.226805
     C    8       -0.591313       -0.330936        0.077822
     C    8        0.226805        0.077822       -0.034964

     H    9        0.302673        0.031005        0.436133
     H    9        0.031005       -0.171537       -0.252009
     H    9        0.436133       -0.252009       -0.131136

     C   10        0.123412       -0.313001       -0.436062
     C   10       -0.313001        0.071979        0.095125
     C   10       -0.436062        0.095125       -0.195391

     C   11        0.083508        0.244180       -0.193541
     C   11        0.244180       -0.084438        0.444155
     C   11       -0.193541        0.444155        0.000931

     Cl  12       -0.709092        0.512040       -0.803916
     Cl  12        0.512040       -0.263216        1.855531
     Cl  12       -0.803916        1.855531        0.972308

     H   13       -0.056625        0.037907       -0.032324
     H   13        0.037907        0.031919        0.703749
     H   13       -0.032324        0.703749        0.024706

     C   14        0.133702       -0.212835       -0.153114
     C   14       -0.212835        0.249513       -0.340089
     C   14       -0.153114       -0.340089       -0.383215

     H   15        0.575282       -0.031024        0.494585
     H   15       -0.031024       -0.420696        0.387580
     H   15        0.494585        0.387580       -0.154586

     C   16       -0.230361        0.078622        0.142474
     C   16        0.078622        0.380999        0.130469
     C   16        0.142474        0.130469       -0.150638

     C   17        0.128918       -0.140765       -0.058465
     C   17       -0.140765        0.567245       -0.449415
     C   17       -0.058465       -0.449415       -0.696163

     Cl  18       -0.014176       -1.023875       -0.359654
     Cl  18       -1.023875        1.734393       -1.069468
     Cl  18       -0.359654       -1.069468       -1.720218

     H   19        0.027419       -0.088899        0.021540
     H   19       -0.088899        0.227021       -0.579140
     H   19        0.021540       -0.579140       -0.254440

     C   20       -0.448451       -0.262224       -0.139146
     C   20       -0.262224        0.272456        0.114912
     C   20       -0.139146        0.114912        0.175995

     H   21        0.289199       -0.404139        0.232460
     H   21       -0.404139       -0.348571        0.077558
     H   21        0.232460        0.077558        0.059373

     C   22        0.036787       -0.090203        0.014238
     C   22       -0.090203        0.112310        0.042547
     C   22        0.014238        0.042547       -0.149097

     C   23       -0.513387       -0.062958        0.012365
     C   23       -0.062958        0.131252       -0.509170
     C   23        0.012365       -0.509170        0.382135

     Cl  24       -0.479285        1.904326       -0.071736
     Cl  24        1.904326       -1.410903       -0.895660
     Cl  24       -0.071736       -0.895660        1.890187

     ----- total EFG (symmetrized) -----
     Cl   1        1.958110       -2.005835       -1.950815
     Cl   1       -2.005835       -0.943999       -0.635981
     Cl   1       -1.950815       -0.635981       -1.014110

     C    2       -0.200271        0.052038       -0.343458
     C    2        0.052038        0.239830        0.199704
     C    2       -0.343458        0.199704       -0.039559

     C    3        0.237931       -0.153588       -0.424451
     C    3       -0.153588       -0.296020       -0.203199
     C    3       -0.424451       -0.203199        0.058089

     H    4        0.053840        0.098907        0.409186
     H    4        0.098907        0.005279        0.170923
     H    4        0.409186        0.170923       -0.059119

     C    5       -0.623068        0.314946       -0.232376
     C    5        0.314946        0.656344        0.224927
     C    5       -0.232376        0.224927       -0.033276

     H    6       -0.111243       -0.006395       -0.015386
     H    6       -0.006395        0.183327        0.094199
     H    6       -0.015386        0.094199       -0.072084

     H    7       -0.156191        0.196142       -0.081689
     H    7        0.196142        0.146410       -0.208843
     H    7       -0.081689       -0.208843        0.009781

     C    8        0.365900       -0.591313        0.226805
     C    8       -0.591313       -0.330936        0.077822
     C    8        0.226805        0.077822       -0.034964

     H    9        0.302673        0.031005        0.436133
     H    9        0.031005       -0.171537       -0.252009
     H    9        0.436133       -0.252009       -0.131136

     C   10        0.123412       -0.313001       -0.436062
     C   10       -0.313001        0.071979        0.095125
     C   10       -0.436062        0.095125       -0.195391

     C   11        0.083508        0.244180       -0.193541
     C   11        0.244180       -0.084438        0.444155
     C   11       -0.193541        0.444155        0.000931

     Cl  12       -0.709092        0.512040       -0.803916
     Cl  12        0.512040       -0.263216        1.855531
     Cl  12       -0.803916        1.855531        0.972308

     H   13       -0.056625        0.037907       -0.032324
     H   13        0.037907        0.031919        0.703749
     H   13       -0.032324        0.703749        0.024706

     C   14        0.133702       -0.212835       -0.153114
     C   14       -0.212835        0.249513       -0.340089
     C   14       -0.153114       -0.340089       -0.383215

     H   15        0.575282       -0.031024        0.494585
     H   15       -0.031024       -0.420696        0.387580
     H   15        0.494585        0.387580       -0.154586

     C   16       -0.230361        0.078622        0.142474
     C   16        0.078622        0.380999        0.130469
     C   16        0.142474        0.130469       -0.150638

     C   17        0.128918       -0.140765       -0.058465
     C   17       -0.140765        0.567245       -0.449415
     C   17       -0.058465       -0.449415       -0.696163

     Cl  18       -0.014176       -1.023875       -0.359654
     Cl  18       -1.023875        1.734393       -1.069468
     Cl  18       -0.359654       -1.069468       -1.720218

     H   19        0.027419       -0.088899        0.021540
     H   19       -0.088899        0.227021       -0.579140
     H   19        0.021540       -0.579140       -0.254440

     C   20       -0.448451       -0.262224       -0.139146
     C   20       -0.262224        0.272456        0.114912
     C   20       -0.139146        0.114912        0.175995

     H   21        0.289199       -0.404139        0.232460
     H   21       -0.404139       -0.348571        0.077558
     H   21        0.232460        0.077558        0.059373

     C   22        0.036787       -0.090203        0.014238
     C   22       -0.090203        0.112310        0.042547
     C   22        0.014238        0.042547       -0.149097

     C   23       -0.513387       -0.062958        0.012365
     C   23       -0.062958        0.131252       -0.509170
     C   23        0.012365       -0.509170        0.382135

     Cl  24       -0.479285        1.904326       -0.071736
     Cl  24        1.904326       -1.410903       -0.895660
     Cl  24       -0.071736       -0.895660        1.890187


     NQR/NMR SPECTROSCOPIC PARAMETERS:
     Cl   1    Vxx=   -0.3437    axis=(  0.013718  0.705187 -0.708889)
     Cl   1    Vyy=   -3.1481    axis=(  0.480488  0.617088  0.623164)
     Cl   1    Vzz=    3.4918    axis=(  0.876894 -0.349162 -0.330368)
     Cl   1  Q=        -8.1650 1e-30 m^2  Cq=       -66.9876 MHz  eta= 0.80314

     C    2    Vxx=    0.1320    axis=(  0.608070  0.621412 -0.494064)
     C    2    Vyy=    0.3780    axis=(  0.285391 -0.751838 -0.594383)
     C    2    Vzz=   -0.5099    axis=(  0.740813 -0.220425  0.634515)
     C    2  Q=         1.0000 1e-30 m^2  Cq=        -1.1981 MHz  eta= 0.48239

     C    3    Vxx=   -0.0364    axis=( -0.457197  0.699901 -0.548734)
     C    3    Vyy=   -0.5456    axis=(  0.436450  0.714160  0.547255)
     C    3    Vzz=    0.5820    axis=(  0.774908  0.010709 -0.631983)
     C    3  Q=         1.0000 1e-30 m^2  Cq=         1.3674 MHz  eta= 0.87498

     H    4    Vxx=   -0.0579    axis=(  0.383099 -0.916282  0.116885)
     H    4    Vyy=   -0.4262    axis=(  0.620695  0.161646 -0.767208)
     H    4    Vzz=    0.4841    axis=(  0.684085  0.366466  0.630658)
     H    4  Q=         1.0000 1e-30 m^2  Cq=         1.1373 MHz  eta= 0.76086

     C    5    Vxx=    0.0325    axis=( -0.387390 -0.133335  0.912223)
     C    5    Vyy=    0.7667    axis=(  0.181073  0.959208  0.217098)
     C    5    Vzz=   -0.7992    axis=( -0.903959  0.249281 -0.347445)
     C    5  Q=         1.0000 1e-30 m^2  Cq=        -1.8779 MHz  eta= 0.91860

     H    6    Vxx=   -0.0940    axis=( -0.582433 -0.273427  0.765512)
     H    6    Vyy=   -0.1207    axis=( -0.812191  0.157027 -0.561861)
     H    6    Vzz=    0.2147    axis=(  0.033422 -0.948989 -0.313532)
     H    6  Q=         1.0000 1e-30 m^2  Cq=         0.5044 MHz  eta= 0.12404

     H    7    Vxx=   -0.1237    axis=(  0.338889  0.408998  0.847275)
     H    7    Vyy=   -0.2548    axis=(  0.867904 -0.483539 -0.113726)
     H    7    Vzz=    0.3785    axis=(  0.363177  0.773893 -0.518837)
     H    7  Q=         1.0000 1e-30 m^2  Cq=         0.8893 MHz  eta= 0.34629

     C    8    Vxx=   -0.0196    axis=( -0.049356  0.329471  0.942875)
     C    8    Vyy=   -0.7176    axis=(  0.503970  0.823251 -0.261289)
     C    8    Vzz=    0.7373    axis=( -0.862310  0.462284 -0.206676)
     C    8  Q=         1.0000 1e-30 m^2  Cq=         1.7323 MHz  eta= 0.94671

     H    9    Vxx=   -0.0420    axis=(  0.403909  0.832863 -0.378414)
     H    9    Vyy=   -0.5469    axis=( -0.401709  0.533121  0.744588)
     H    9    Vzz=    0.5889    axis=(  0.821880 -0.148733  0.549901)
     H    9  Q=         1.0000 1e-30 m^2  Cq=         1.3836 MHz  eta= 0.85736

     C   10    Vxx=   -0.0897    axis=(  0.294027  0.838741 -0.458325)
     C   10    Vyy=   -0.5212    axis=( -0.614096 -0.201676 -0.763028)
     C   10    Vzz=    0.6109    axis=( -0.732416  0.505807  0.455770)
     C   10  Q=         1.0000 1e-30 m^2  Cq=         1.4354 MHz  eta= 0.70626

     C   11    Vxx=    0.2180    axis=( -0.910401 -0.227929  0.345280)
     C   11    Vyy=    0.4065    axis=( -0.096933 -0.693821 -0.713594)
     C   11    Vzz=   -0.6245    axis=( -0.402211  0.683126 -0.609562)
     C   11  Q=         1.0000 1e-30 m^2  Cq=        -1.4674 MHz  eta= 0.30174

     Cl  12    Vxx=   -0.1993    axis=(  0.839548  0.499159 -0.214477)
     Cl  12    Vyy=   -2.1543    axis=( -0.529380  0.662866 -0.529496)
     Cl  12    Vzz=    2.3536    axis=( -0.122133  0.558076  0.820752)
     Cl  12  Q=        -8.1650 1e-30 m^2  Cq=       -45.1530 MHz  eta= 0.83066

     H   13    Vxx=   -0.0527    axis=( -0.996824 -0.052382  0.059991)
     H   13    Vyy=   -0.6794    axis=( -0.079474  0.703224 -0.706512)
     H   13    Vzz=    0.7321    axis=(  0.005179  0.709036  0.705154)
     H   13  Q=         1.0000 1e-30 m^2  Cq=         1.7201 MHz  eta= 0.85606

     C   14    Vxx=    0.1398    axis=(  0.850407  0.291082 -0.438268)
     C   14    Vyy=    0.4623    axis=(  0.432701 -0.860820  0.267878)
     C   14    Vzz=   -0.6021    axis=(  0.299295  0.417444  0.857999)
     C   14  Q=         1.0000 1e-30 m^2  Cq=        -1.4147 MHz  eta= 0.53575

     H   15    Vxx=   -0.0641    axis=(  0.426195 -0.682476 -0.593788)
     H   15    Vyy=   -0.7795    axis=(  0.252459  0.720040 -0.646380)
     H   15    Vzz=    0.8436    axis=(  0.868690  0.125577  0.479175)
     H   15  Q=         1.0000 1e-30 m^2  Cq=         1.9822 MHz  eta= 0.84801

     C   16    Vxx=   -0.0910    axis=(  0.591412 -0.304839  0.746529)
     C   16    Vyy=   -0.3389    axis=( -0.788576 -0.025232  0.614419)
     C   16    Vzz=    0.4299    axis=(  0.168463  0.952069  0.255312)
     C   16  Q=         1.0000 1e-30 m^2  Cq=         1.0101 MHz  eta= 0.57644

     C   17    Vxx=    0.1163    axis=(  0.976415  0.151346 -0.153977)
     C   17    Vyy=    0.7334    axis=( -0.190796  0.938651 -0.287282)
     C   17    Vzz=   -0.8497    axis=(  0.101051  0.309884  0.945389)
     C   17  Q=         1.0000 1e-30 m^2  Cq=        -1.9965 MHz  eta= 0.72622

     Cl  18    Vxx=   -0.1610    axis=(  0.885524  0.261789 -0.383814)
     Cl  18    Vyy=   -2.2186    axis=(  0.295519  0.320070  0.900124)
     Cl  18    Vzz=    2.3796    axis=(  0.358490 -0.910506  0.206066)
     Cl  18  Q=        -8.1650 1e-30 m^2  Cq=       -45.6507 MHz  eta= 0.86470

     H   19    Vxx=    0.0166    axis=(  0.988697  0.092123 -0.118288)
     H   19    Vyy=    0.6258    axis=(  0.142279 -0.825306  0.546467)
     H   19    Vzz=   -0.6424    axis=( -0.047282 -0.557120 -0.829085)
     H   19  Q=         1.0000 1e-30 m^2  Cq=        -1.5093 MHz  eta= 0.94845

     C   20    Vxx=    0.1006    axis=(  0.032493 -0.520720  0.853109)
     C   20    Vyy=    0.4466    axis=(  0.314083 -0.804999 -0.503317)
     C   20    Vzz=   -0.5472    axis=( -0.948839 -0.284302 -0.137392)
     C   20  Q=         1.0000 1e-30 m^2  Cq=        -1.2856 MHz  eta= 0.63245

     H   21    Vxx=    0.0404    axis=( -0.203830  0.390805  0.897622)
     H   21    Vyy=    0.5512    axis=(  0.864723 -0.358027  0.352237)
     H   21    Vzz=   -0.5916    axis=(  0.459029  0.847991 -0.264961)
     H   21  Q=         1.0000 1e-30 m^2  Cq=        -1.3900 MHz  eta= 0.86357

     C   22    Vxx=   -0.0142    axis=(  0.826360  0.506145  0.246873)
     C   22    Vyy=   -0.1605    axis=( -0.163122 -0.204452  0.965190)
     C   22    Vzz=    0.1747    axis=(  0.538999 -0.837865 -0.086387)
     C   22  Q=         1.0000 1e-30 m^2  Cq=         0.4105 MHz  eta= 0.83736

     C   23    Vxx=   -0.2608    axis=( -0.162346  0.772018  0.614517)
     C   23    Vyy=   -0.5221    axis=( -0.986022 -0.150586 -0.071310)
     C   23    Vzz=    0.7829    axis=(  0.037485 -0.617504  0.785674)
     C   23  Q=         1.0000 1e-30 m^2  Cq=         1.8395 MHz  eta= 0.33376

     Cl  24    Vxx=    0.7261    axis=(  0.756497  0.494962  0.427463)
     Cl  24    Vyy=    2.2704    axis=( -0.270995 -0.357622  0.893682)
     Cl  24    Vzz=   -2.9965    axis=(  0.595209 -0.791909 -0.136408)
     Cl  24  Q=        -8.1650 1e-30 m^2  Cq=        57.4863 MHz  eta= 0.51534

     Initialization:
     gipaw_setup  :      9.03s CPU     10.58s WALL (       1 calls)

     Linear response

     Apply operators

     Induced current

     Other routines
     efg          :      9.17s CPU     11.74s WALL (       1 calls)

     General routines
     calbec       :      3.22s CPU      4.57s WALL (      16 calls)
     fft          :      1.33s CPU      1.75s WALL (      15 calls)
     ffts         :      0.03s CPU      0.05s WALL (       2 calls)
     fftw         :      3.24s CPU      3.83s WALL (     672 calls)
     davcio       :      0.04s CPU      0.34s WALL (      32 calls)

     Parallel routines
     fft_scatter  :      1.94s CPU      2.83s WALL (     689 calls)

     Plugins

     GIPAW        :     59.96s CPU     70.89s WALL (       1 calls)
