
     Program QE v.6.0 (svn rev. 13079) starts on 11Jan2017 at 21:58: 0 

     This program is part of the open-source Quantum ESPRESSO suite
     for quantum simulation of materials; please cite
         "P. Giannozzi et al., J. Phys.:Condens. Matter 21 395502 (2009);
          URL http://www.quantum-espresso.org", 
     in publications or presentations arising from this work. More details at
     http://www.quantum-espresso.org/quote

     Parallel version (MPI), running on     8 processors
     R & G space division:  proc/nbgrp/npool/nimage =       8

     ***** This is GIPAW svn revision unknown      *****

     Parallelizing q-star over 1 images

     Reading data from directory:
     /users/majewski/paradichlorobenzene/pbe/9_constraint/scratch/pbe.ecut100.np8.dt60.pcl2phi-129368.save
     Message from routine read_xml_file:
     file /users/majewski/paradichlorobenzene/pbe/9_constraint/scratch/pbe.ecut100.np8.dt60.pcl2phi-129368.save not guaranteed to be safe for post-processing

   Info: using nr1, nr2, nr3 values from input

   Info: using nr1, nr2, nr3 values from input

     IMPORTANT: XC functional enforced from input :
     Exchange-correlation      =  SLA  PW   PBX  PBC ( 1  4  3  4 0 0)
     Any further DFT definition will be discarded
     Please, verify this is what you really want

               file C.pbe-n-kjpaw_psl.1.0.0.UPF: wavefunction(s)  2S 2P renormalized
               file Cl.pbe-n-kjpaw_psl.1.0.0.UPF: wavefunction(s)  3S 3P renormalized
               file H.pbe-kjpaw_psl.1.0.0.UPF: wavefunction(s)  1S renormalized

     Parallelization info
     --------------------
     sticks:   dense  smooth     PW     G-vecs:    dense   smooth      PW
     Min        3057    1223    332               144436    36536    5170
     Max        3059    1225    333               144437    36537    5171
     Sum       24467    9791   2657              1155489   292295   41363


     Subspace diagonalization in iterative solution of the eigenvalue problem:
     a serial algorithm will be used

     GIPAW projectors -----------------------------------------------
     atom=  C    l=0  rc=    1.2000  rs=    0.8000
     atom=  C    l=0  rc=    1.2000  rs=    0.8000
     atom=  C    l=1  rc=    1.4000  rs=    0.9333
     atom=  C    l=1  rc=    1.4000  rs=    0.9333
     projs nearly linearly dependent: l=1  n1,n2= 1, 2  s=  0.99951561

     atom=  Cl   l=0  rc=    1.6000  rs=    1.0667
     atom=  Cl   l=0  rc=    1.6000  rs=    1.0667
     atom=  Cl   l=1  rc=    1.6000  rs=    1.0667
     atom=  Cl   l=1  rc=    1.6000  rs=    1.0667
     atom=  Cl   l=2  rc=    1.6000  rs=    1.0667
     atom=  Cl   l=2  rc=    1.6000  rs=    1.0667
     projs nearly linearly dependent: l=2  n1,n2= 1, 2  s=  0.99993509

     atom=  H    l=0  rc=    1.0000  rs=    0.6667
     atom=  H    l=0  rc=    1.0000  rs=    0.6667
     projs nearly linearly dependent: l=0  n1,n2= 1, 2  s=  0.99968852
     -----------------------------------------------------------------

     GIPAW integrals: -------------------------------------------
     Atom  i/j   nmr_para   nmr_dia   epr_rmc  epr_para   epr_dia
       C   1 1   0.83E+03  0.17E-01  0.93E+01  0.24E+08  0.24E+03
       C   2 1   0.86E+03 -0.61E-01  0.94E+01  0.25E+08  0.25E+03
       C   2 2   0.90E+03 -0.15E+00  0.97E+01  0.26E+08  0.26E+03
       C   3 3   0.33E+01  0.34E+00  0.18E+01  0.55E+03  0.21E+02
       C   4 3   0.35E+01  0.37E+00  0.20E+01  0.59E+03  0.22E+02
       C   4 4   0.38E+01  0.39E+00  0.22E+01  0.63E+03  0.24E+02
       Cl  1 1   0.14E+04 -0.47E+00  0.84E+01  0.32E+09  0.42E+03
       Cl  2 1   0.21E+04 -0.37E+00  0.12E+02  0.49E+09  0.65E+03
       Cl  2 2   0.33E+04 -0.16E+00  0.21E+02  0.76E+09  0.10E+04
       Cl  3 3   0.21E+02  0.79E-01  0.89E+01  0.23E+05  0.13E+03
       Cl  4 3   0.24E+02  0.67E-01  0.99E+01  0.27E+05  0.15E+03
       Cl  4 4   0.28E+02  0.44E-01  0.11E+02  0.32E+05  0.18E+03
       Cl  5 5   0.77E+00  0.19E+00  0.18E+01  0.12E+03  0.22E+02
       Cl  6 5   0.80E+00  0.19E+00  0.19E+01  0.12E+03  0.23E+02
       Cl  6 6   0.83E+00  0.20E+00  0.19E+01  0.12E+03  0.23E+02
       H   1 1   0.39E+02  0.19E+00  0.29E+00  0.78E+05  0.13E+02
       H   2 1   0.41E+02  0.21E+00  0.32E+00  0.82E+05  0.14E+02
       H   2 2   0.43E+02  0.22E+00  0.36E+00  0.86E+05  0.15E+02
     ------------------------------------------------------------

     alpha_pv=     34.4469 eV

     Number of occupied bands for each k-point:
     k-point:     1    nbnd_occ=  42
     k-point:     2    nbnd_occ=  42
     k-point:     3    nbnd_occ=  42
     k-point:     4    nbnd_occ=  42
     k-point:     5    nbnd_occ=  42
     k-point:     6    nbnd_occ=  42
     k-point:     7    nbnd_occ=  42
     k-point:     8    nbnd_occ=  42
     k-point:     9    nbnd_occ=  42
     k-point:    10    nbnd_occ=  42
     k-point:    11    nbnd_occ=  42
     k-point:    12    nbnd_occ=  42
     k-point:    13    nbnd_occ=  42
     k-point:    14    nbnd_occ=  42
     k-point:    15    nbnd_occ=  42
     k-point:    16    nbnd_occ=  42


     q-space interpolation up to   110.00 Rydberg

     GIPAW job: efg                                                                             


     ELECTRIC FIELD GRADIENTS TENSORS IN Hartree/bohrradius^2:

     ----- bare term -----
     Cl   1        0.031364        0.057307       -0.007560
     Cl   1        0.057307        0.045343        0.078355
     Cl   1       -0.007560        0.078355       -0.076707

     C    2       -0.454190        0.334315       -0.354735
     C    2        0.334315        0.143525       -0.403904
     C    2       -0.354735       -0.403904        0.310665

     C    3       -0.043713        0.381544       -0.192390
     C    3        0.381544       -0.180200       -0.627121
     C    3       -0.192390       -0.627121        0.223914

     H    4       -0.163875       -0.167629       -0.465607
     H    4       -0.167629        0.399717       -0.048596
     H    4       -0.465607       -0.048596       -0.235841

     C    5       -0.838691        0.398286       -0.433315
     C    5        0.398286        0.425645       -0.015545
     C    5       -0.433315       -0.015545        0.413046

     H    6        0.132540        0.037532       -0.179007
     H    6        0.037532       -0.404531       -0.579511
     H    6       -0.179007       -0.579511        0.271991

     H    7        0.434342        0.232961        0.000881
     H    7        0.232961       -0.773024        0.147355
     H    7        0.000881        0.147355        0.338681

     C    8       -0.193941       -0.277047       -0.253759
     C    8       -0.277047       -0.060623        0.509263
     C    8       -0.253759        0.509263        0.254565

     H    9       -0.287113        0.453291        0.120897
     H    9        0.453291        0.041728       -0.179320
     H    9        0.120897       -0.179320        0.245385

     C   10       -0.293582       -0.237389       -0.007012
     C   10       -0.237389       -0.056707        0.272008
     C   10       -0.007012        0.272008        0.350289

     C   11       -0.128281        0.141002       -0.209219
     C   11        0.141002       -0.010291        0.439014
     C   11       -0.209219        0.439014        0.138572

     Cl  12        0.273490       -0.192693        0.026663
     Cl  12       -0.192693        0.215877       -0.442541
     Cl  12        0.026663       -0.442541       -0.489366

     H   13        0.133051        0.356802        0.060342
     H   13        0.356802       -0.452404       -0.374713
     H   13        0.060342       -0.374713        0.319354

     C   14       -0.158896       -0.093673       -0.360439
     C   14       -0.093673       -0.056047       -0.398911
     C   14       -0.360439       -0.398911        0.214943

     H   15        0.089080       -0.116334       -0.334614
     H   15       -0.116334        0.383111       -0.408669
     H   15       -0.334614       -0.408669       -0.472191

     C   16       -0.654614        0.359927       -0.401049
     C   16        0.359927        0.219011        0.009164
     C   16       -0.401049        0.009164        0.435603

     C   17        0.068313        0.150362       -0.099872
     C   17        0.150362       -0.319172       -0.403144
     C   17       -0.099872       -0.403144        0.250859

     Cl  18       -0.045876        0.172385       -0.017241
     Cl  18        0.172385        0.016797       -0.071615
     Cl  18       -0.017241       -0.071615        0.029079

     H   19        0.206172        0.154181        0.030015
     H   19        0.154181       -0.477275        0.503539
     H   19        0.030015        0.503539        0.271103

     C   20       -0.708158       -0.306643       -0.377311
     C   20       -0.306643        0.276835        0.088899
     C   20       -0.377311        0.088899        0.431323

     H   21       -0.414747        0.295322        0.266362
     H   21        0.295322        0.278481       -0.012806
     H   21        0.266362       -0.012806        0.136266

     C   22        0.027438       -0.042220       -0.175700
     C   22       -0.042220       -0.533851        0.362257
     C   22       -0.175700        0.362257        0.506413

     C   23       -0.703272       -0.265536       -0.372140
     C   23       -0.265536        0.163364        0.069439
     C   23       -0.372140        0.069439        0.539908

     Cl  24        0.165994       -0.047420        0.124596
     Cl  24       -0.047420        0.205812        0.099432
     Cl  24        0.124596        0.099432       -0.371806

     ----- ionic term -----
     Cl   1        0.181529       -0.246390        0.098968
     Cl   1       -0.246390       -0.019472       -0.047848
     Cl   1        0.098968       -0.047848       -0.162057

     C    2        0.151490       -0.271868        0.398028
     C    2       -0.271868        0.110153        0.286736
     C    2        0.398028        0.286736       -0.261643

     C    3        0.148767       -0.246397        0.277167
     C    3       -0.246397        0.178915        0.311146
     C    3        0.277167        0.311146       -0.327682

     H    4        0.438293        0.349353        0.707063
     H    4        0.349353       -0.334008        0.309698
     H    4        0.707063        0.309698       -0.104284

     C    5        0.290677       -0.194129        0.382793
     C    5       -0.194129        0.027307        0.257361
     C    5        0.382793        0.257361       -0.317984

     H    6       -0.504930       -0.044843        0.001344
     H    6       -0.044843        0.757270        0.641422
     H    6        0.001344        0.641422       -0.252339

     H    7       -0.525996       -0.072626        0.025116
     H    7       -0.072626        0.733972       -0.700720
     H    7        0.025116       -0.700720       -0.207976

     C    8        0.394492        0.175223        0.040939
     C    8        0.175223        0.063330       -0.335531
     C    8        0.040939       -0.335531       -0.457822

     H    9        0.822514       -0.453038        0.377422
     H    9       -0.453038       -0.383524       -0.195540
     H    9        0.377422       -0.195540       -0.438990

     C   10        0.257668        0.177287        0.015679
     C   10        0.177287        0.132561       -0.426930
     C   10        0.015679       -0.426930       -0.390229

     C   11        0.347045        0.054499        0.025416
     C   11        0.054499        0.066136       -0.423004
     C   11        0.025416       -0.423004       -0.413181

     Cl  12        0.118374        0.190048       -0.069392
     Cl  12        0.190048        0.006304       -0.047216
     Cl  12       -0.069392       -0.047216       -0.124678

     H   13       -0.491440       -0.197819       -0.071849
     H   13       -0.197819        0.710911        0.633056
     H   13       -0.071849        0.633056       -0.219471

     C   14        0.212524       -0.335998        0.329377
     C   14       -0.335998        0.063886        0.227864
     C   14        0.329377        0.227864       -0.276410

     H   15        0.463518        0.181122        0.763049
     H   15        0.181122       -0.480923        0.217890
     H   15        0.763049        0.217890        0.017405

     C   16        0.139633       -0.363632        0.258773
     C   16       -0.363632        0.122537        0.327202
     C   16        0.258773        0.327202       -0.262170

     C   17        0.168158       -0.209650        0.345187
     C   17       -0.209650        0.073649        0.381968
     C   17        0.345187        0.381968       -0.241807

     Cl  18        0.139477       -0.205839        0.058637
     Cl  18       -0.205839        0.012410       -0.029940
     Cl  18        0.058637       -0.029940       -0.151887

     H   19       -0.500065       -0.180597        0.055508
     H   19       -0.180597        0.817714       -0.617635
     H   19        0.055508       -0.617635       -0.317649

     C   20        0.470152        0.083799        0.003981
     C   20        0.083799        0.041376       -0.328531
     C   20        0.003981       -0.328531       -0.511529

     H   21        0.842261       -0.562654        0.110408
     H   21       -0.562654       -0.277887       -0.116851
     H   21        0.110408       -0.116851       -0.564374

     C   22        0.261253        0.133943       -0.075651
     C   22        0.133943        0.212302       -0.390058
     C   22       -0.075651       -0.390058       -0.473555

     C   23        0.275469        0.085550        0.046109
     C   23        0.085550        0.156457       -0.390269
     C   23        0.046109       -0.390269       -0.431926

     Cl  24        0.123104        0.203235       -0.067704
     Cl  24        0.203235       -0.006933       -0.038852
     Cl  24       -0.067704       -0.038852       -0.116171

     ----- GIPAW term -----
     Cl   1       -0.649641       -0.950500       -0.526182
     Cl   1       -0.950500       -0.905522       -1.141122
     Cl   1       -0.526182       -1.141122        1.555163

     C    2       -0.133583        0.002165       -0.065105
     C    2        0.002165        0.195432       -0.189893
     C    2       -0.065105       -0.189893       -0.061849

     C    3       -0.058438        0.137792       -0.065637
     C    3        0.137792        0.094691       -0.170172
     C    3       -0.065637       -0.170172       -0.036253

     H    4       -0.000000        0.000000        0.000000
     H    4        0.000000        0.000000        0.000000
     H    4        0.000000        0.000000        0.000000

     C    5       -0.159441        0.178242        0.034342
     C    5        0.178242        0.169441        0.164934
     C    5        0.034342        0.164934       -0.010001

     H    6       -0.000000        0.000000        0.000000
     H    6        0.000000        0.000000        0.000000
     H    6        0.000000        0.000000        0.000000

     H    7       -0.000000        0.000000        0.000000
     H    7        0.000000        0.000000        0.000000
     H    7        0.000000        0.000000        0.000000

     C    8       -0.063115       -0.146695       -0.069495
     C    8       -0.146695        0.114164        0.205404
     C    8       -0.069495        0.205404       -0.051050

     H    9       -0.000000        0.000000        0.000000
     H    9        0.000000        0.000000        0.000000
     H    9        0.000000        0.000000        0.000000

     C   10       -0.112577       -0.034501       -0.018438
     C   10       -0.034501        0.049149        0.137720
     C   10       -0.018438        0.137720        0.063428

     C   11       -0.055259        0.056058       -0.027127
     C   11        0.056058        0.004004        0.139424
     C   11       -0.027127        0.139424        0.051255

     Cl  12        0.130906        0.104065       -0.250752
     Cl  12        0.104065       -0.156037       -0.106738
     Cl  12       -0.250752       -0.106738        0.025131

     H   13       -0.000000        0.000000        0.000000
     H   13        0.000000        0.000000        0.000000
     H   13        0.000000        0.000000        0.000000

     C   14       -0.082162       -0.115852       -0.087759
     C   14       -0.115852        0.126973        0.039638
     C   14       -0.087759        0.039638       -0.044811

     H   15       -0.000000        0.000000        0.000000
     H   15        0.000000        0.000000        0.000000
     H   15        0.000000        0.000000        0.000000

     C   16       -0.175308       -0.039938       -0.127123
     C   16       -0.039938        0.088672        0.173508
     C   16       -0.127123        0.173508        0.086636

     C   17       -0.059557        0.010218        0.059217
     C   17        0.010218        0.083531        0.180146
     C   17        0.059217        0.180146       -0.023974

     Cl  18       -0.858662       -0.601007        0.473635
     Cl  18       -0.601007       -0.743765        1.398817
     Cl  18        0.473635        1.398817        1.602427

     H   19       -0.000000        0.000000        0.000000
     H   19        0.000000        0.000000        0.000000
     H   19        0.000000        0.000000        0.000000

     C   20       -0.144993        0.092953       -0.085397
     C   20        0.092953        0.185006       -0.097119
     C   20       -0.085397       -0.097119       -0.040012

     H   21       -0.000000        0.000000        0.000000
     H   21        0.000000        0.000000        0.000000
     H   21        0.000000        0.000000        0.000000

     C   22       -0.081045        0.045427       -0.105974
     C   22        0.045427       -0.143756       -0.084401
     C   22       -0.105974       -0.084401        0.224801

     C   23       -0.164505        0.083595       -0.092364
     C   23        0.083595        0.069740       -0.180805
     C   23       -0.092364       -0.180805        0.094766

     Cl  24       -0.298361        0.994136       -0.259541
     Cl  24        0.994136       -0.809565       -0.297685
     Cl  24       -0.259541       -0.297685        1.107926

     ----- total EFG -----
     Cl   1       -0.436748       -1.139583       -0.434773
     Cl   1       -1.139583       -0.879652       -1.110615
     Cl   1       -0.434773       -1.110615        1.316400

     C    2       -0.436283        0.064612       -0.021812
     C    2        0.064612        0.449110       -0.307060
     C    2       -0.021812       -0.307060       -0.012827

     C    3        0.046616        0.272939        0.019140
     C    3        0.272939        0.093405       -0.486146
     C    3        0.019140       -0.486146       -0.140021

     H    4        0.274417        0.181725        0.241456
     H    4        0.181725        0.065709        0.261102
     H    4        0.241456        0.261102       -0.340126

     C    5       -0.707454        0.382398       -0.016180
     C    5        0.382398        0.622393        0.406751
     C    5       -0.016180        0.406751        0.085061

     H    6       -0.372391       -0.007311       -0.177663
     H    6       -0.007311        0.352739        0.061911
     H    6       -0.177663        0.061911        0.019652

     H    7       -0.091654        0.160335        0.025997
     H    7        0.160335       -0.039051       -0.553365
     H    7        0.025997       -0.553365        0.130705

     C    8        0.137436       -0.248519       -0.282315
     C    8       -0.248519        0.116871        0.379136
     C    8       -0.282315        0.379136       -0.254307

     H    9        0.535401        0.000253        0.498319
     H    9        0.000253       -0.341796       -0.374860
     H    9        0.498319       -0.374860       -0.193606

     C   10       -0.148492       -0.094604       -0.009770
     C   10       -0.094604        0.125003       -0.017202
     C   10       -0.009770       -0.017202        0.023489

     C   11        0.163505        0.251559       -0.210931
     C   11        0.251559        0.059849        0.155435
     C   11       -0.210931        0.155435       -0.223355

     Cl  12        0.522770        0.101421       -0.293481
     Cl  12        0.101421        0.066144       -0.596495
     Cl  12       -0.293481       -0.596495       -0.588913

     H   13       -0.358389        0.158983       -0.011507
     H   13        0.158983        0.258507        0.258343
     H   13       -0.011507        0.258343        0.099882

     C   14       -0.028534       -0.545523       -0.118821
     C   14       -0.545523        0.134812       -0.131409
     C   14       -0.118821       -0.131409       -0.106278

     H   15        0.552597        0.064788        0.428435
     H   15        0.064788       -0.097812       -0.190778
     H   15        0.428435       -0.190778       -0.454786

     C   16       -0.690289       -0.043644       -0.269399
     C   16       -0.043644        0.430220        0.509874
     C   16       -0.269399        0.509874        0.260069

     C   17        0.176914       -0.049070        0.304532
     C   17       -0.049070       -0.161992        0.158970
     C   17        0.304532        0.158970       -0.014921

     Cl  18       -0.765062       -0.634461        0.515031
     Cl  18       -0.634461       -0.714558        1.297261
     Cl  18        0.515031        1.297261        1.479619

     H   19       -0.293893       -0.026416        0.085523
     H   19       -0.026416        0.340439       -0.114096
     H   19        0.085523       -0.114096       -0.046546

     C   20       -0.382999       -0.129891       -0.458727
     C   20       -0.129891        0.503217       -0.336751
     C   20       -0.458727       -0.336751       -0.120218

     H   21        0.427513       -0.267332        0.376770
     H   21       -0.267332        0.000594       -0.129658
     H   21        0.376770       -0.129658       -0.428108

     C   22        0.207646        0.137150       -0.357324
     C   22        0.137150       -0.465305       -0.112202
     C   22       -0.357324       -0.112202        0.257659

     C   23       -0.592308       -0.096392       -0.418396
     C   23       -0.096392        0.389560       -0.501635
     C   23       -0.418396       -0.501635        0.202748

     Cl  24       -0.009263        1.149951       -0.202649
     Cl  24        1.149951       -0.610687       -0.237106
     Cl  24       -0.202649       -0.237106        0.619950

     ----- total EFG (symmetrized) -----
     Cl   1       -0.436748       -1.139583       -0.434773
     Cl   1       -1.139583       -0.879652       -1.110615
     Cl   1       -0.434773       -1.110615        1.316400

     C    2       -0.436283        0.064612       -0.021812
     C    2        0.064612        0.449110       -0.307060
     C    2       -0.021812       -0.307060       -0.012827

     C    3        0.046616        0.272939        0.019140
     C    3        0.272939        0.093405       -0.486146
     C    3        0.019140       -0.486146       -0.140021

     H    4        0.274417        0.181725        0.241456
     H    4        0.181725        0.065709        0.261102
     H    4        0.241456        0.261102       -0.340126

     C    5       -0.707454        0.382398       -0.016180
     C    5        0.382398        0.622393        0.406751
     C    5       -0.016180        0.406751        0.085061

     H    6       -0.372391       -0.007311       -0.177663
     H    6       -0.007311        0.352739        0.061911
     H    6       -0.177663        0.061911        0.019652

     H    7       -0.091654        0.160335        0.025997
     H    7        0.160335       -0.039051       -0.553365
     H    7        0.025997       -0.553365        0.130705

     C    8        0.137436       -0.248519       -0.282315
     C    8       -0.248519        0.116871        0.379136
     C    8       -0.282315        0.379136       -0.254307

     H    9        0.535401        0.000253        0.498319
     H    9        0.000253       -0.341796       -0.374860
     H    9        0.498319       -0.374860       -0.193606

     C   10       -0.148492       -0.094604       -0.009770
     C   10       -0.094604        0.125003       -0.017202
     C   10       -0.009770       -0.017202        0.023489

     C   11        0.163505        0.251559       -0.210931
     C   11        0.251559        0.059849        0.155435
     C   11       -0.210931        0.155435       -0.223355

     Cl  12        0.522770        0.101421       -0.293481
     Cl  12        0.101421        0.066144       -0.596495
     Cl  12       -0.293481       -0.596495       -0.588913

     H   13       -0.358389        0.158983       -0.011507
     H   13        0.158983        0.258507        0.258343
     H   13       -0.011507        0.258343        0.099882

     C   14       -0.028534       -0.545523       -0.118821
     C   14       -0.545523        0.134812       -0.131409
     C   14       -0.118821       -0.131409       -0.106278

     H   15        0.552597        0.064788        0.428435
     H   15        0.064788       -0.097812       -0.190778
     H   15        0.428435       -0.190778       -0.454786

     C   16       -0.690289       -0.043644       -0.269399
     C   16       -0.043644        0.430220        0.509874
     C   16       -0.269399        0.509874        0.260069

     C   17        0.176914       -0.049070        0.304532
     C   17       -0.049070       -0.161992        0.158970
     C   17        0.304532        0.158970       -0.014921

     Cl  18       -0.765062       -0.634461        0.515031
     Cl  18       -0.634461       -0.714558        1.297261
     Cl  18        0.515031        1.297261        1.479619

     H   19       -0.293893       -0.026416        0.085523
     H   19       -0.026416        0.340439       -0.114096
     H   19        0.085523       -0.114096       -0.046546

     C   20       -0.382999       -0.129891       -0.458727
     C   20       -0.129891        0.503217       -0.336751
     C   20       -0.458727       -0.336751       -0.120218

     H   21        0.427513       -0.267332        0.376770
     H   21       -0.267332        0.000594       -0.129658
     H   21        0.376770       -0.129658       -0.428108

     C   22        0.207646        0.137150       -0.357324
     C   22        0.137150       -0.465305       -0.112202
     C   22       -0.357324       -0.112202        0.257659

     C   23       -0.592308       -0.096392       -0.418396
     C   23       -0.096392        0.389560       -0.501635
     C   23       -0.418396       -0.501635        0.202748

     Cl  24       -0.009263        1.149951       -0.202649
     Cl  24        1.149951       -0.610687       -0.237106
     Cl  24       -0.202649       -0.237106        0.619950


     NQR/NMR SPECTROSCOPIC PARAMETERS:
     Cl   1    Vxx=    0.4099    axis=(  0.820817 -0.517923 -0.240862)
     Cl   1    Vyy=    1.7810    axis=(  0.021748 -0.393041  0.919264)
     Cl   1    Vzz=   -2.1909    axis=( -0.570777 -0.759786 -0.311351)
     Cl   1  Q=        -8.1650 1e-30 m^2  Cq=        42.0305 MHz  eta= 0.62582

     C    2    Vxx=   -0.1658    axis=(  0.033760  0.443674  0.895552)
     C    2    Vyy=   -0.4410    axis=( -0.997338  0.072907  0.001477)
     C    2    Vzz=    0.6067    axis=( -0.064637 -0.893218  0.444954)
     C    2  Q=         1.0000 1e-30 m^2  Cq=         1.4256 MHz  eta= 0.45357

     C    3    Vxx=    0.0193    axis=(  0.873349 -0.120346  0.471994)
     C    3    Vyy=    0.5614    axis=( -0.385397 -0.763305  0.518492)
     C    3    Vzz=   -0.5808    axis=(  0.297877 -0.634730 -0.713013)
     C    3  Q=         1.0000 1e-30 m^2  Cq=        -1.3646 MHz  eta= 0.93337

     H    4    Vxx=   -0.0213    axis=(  0.612371 -0.772349 -0.168761)
     H    4    Vyy=   -0.4961    axis=( -0.201080 -0.358611  0.911573)
     H    4    Vzz=    0.5174    axis=( -0.764571 -0.524286 -0.374906)
     H    4  Q=         1.0000 1e-30 m^2  Cq=         1.2157 MHz  eta= 0.91758

     C    5    Vxx=   -0.0823    axis=( -0.253493 -0.376709  0.890973)
     C    5    Vyy=   -0.8274    axis=(  0.945648 -0.290452  0.146243)
     C    5    Vzz=    0.9097    axis=(  0.203694  0.879618  0.429861)
     C    5  Q=         1.0000 1e-30 m^2  Cq=         2.1375 MHz  eta= 0.81904

     H    6    Vxx=    0.0751    axis=( -0.357623 -0.212190  0.909440)
     H    6    Vyy=    0.3662    axis=(  0.058935 -0.977031 -0.204785)
     H    6    Vzz=   -0.4412    axis=(  0.932004 -0.019638  0.361914)
     H    6  Q=         1.0000 1e-30 m^2  Cq=        -1.0367 MHz  eta= 0.65972

     H    7    Vxx=   -0.0601    axis=(  0.949405  0.141314  0.280464)
     H    7    Vyy=   -0.5559    axis=( -0.289514  0.739894  0.607238)
     H    7    Vzz=    0.6160    axis=( -0.121702 -0.657713  0.743372)
     H    7  Q=         1.0000 1e-30 m^2  Cq=         1.4475 MHz  eta= 0.80486

     C    8    Vxx=   -0.1112    axis=(  0.771014  0.623326  0.130389)
     C    8    Vyy=   -0.5141    axis=( -0.209541  0.441672 -0.872364)
     C    8    Vzz=    0.6253    axis=( -0.601356  0.645283  0.471147)
     C    8  Q=         1.0000 1e-30 m^2  Cq=         1.4692 MHz  eta= 0.64426

     H    9    Vxx=   -0.0745    axis=(  0.428219  0.735907 -0.524470)
     H    9    Vyy=   -0.7407    axis=( -0.273790  0.658750  0.700776)
     H    9    Vzz=    0.8152    axis=(  0.861201 -0.156491  0.483573)
     H    9  Q=         1.0000 1e-30 m^2  Cq=         1.9153 MHz  eta= 0.81724

     C   10    Vxx=    0.0231    axis=(  0.098447 -0.076128 -0.992226)
     C   10    Vyy=    0.1559    axis=(  0.292240 -0.950895  0.101953)
     C   10    Vzz=   -0.1791    axis=(  0.951264  0.300005  0.071365)
     C   10  Q=         1.0000 1e-30 m^2  Cq=        -0.4207 MHz  eta= 0.74156

     C   11    Vxx=    0.0666    axis=( -0.374034  0.676255  0.634647)
     C   11    Vyy=    0.3775    axis=( -0.807838 -0.573690  0.135196)
     C   11    Vzz=   -0.4440    axis=(  0.455517 -0.462124  0.760884)
     C   11  Q=         1.0000 1e-30 m^2  Cq=        -1.0433 MHz  eta= 0.70010

     Cl  12    Vxx=    0.2414    axis=( -0.597163  0.736413 -0.317950)
     Cl  12    Vyy=    0.7282    axis=( -0.790329 -0.472473  0.390062)
     Cl  12    Vzz=   -0.9697    axis=(  0.137024  0.484216  0.864152)
     Cl  12  Q=        -8.1650 1e-30 m^2  Cq=        18.6029 MHz  eta= 0.50202

     H   13    Vxx=   -0.0583    axis=( -0.300048 -0.507865  0.807492)
     H   13    Vyy=   -0.4093    axis=(  0.942327 -0.289396  0.168137)
     H   13    Vzz=    0.4676    axis=(  0.148294  0.811371  0.565408)
     H   13  Q=         1.0000 1e-30 m^2  Cq=         1.0987 MHz  eta= 0.75053

     C   14    Vxx=   -0.0397    axis=( -0.291753 -0.209246  0.933325)
     C   14    Vyy=   -0.5658    axis=(  0.703146  0.614587  0.357587)
     C   14    Vzz=    0.6055    axis=( -0.648433  0.760591 -0.032177)
     C   14  Q=         1.0000 1e-30 m^2  Cq=         1.4226 MHz  eta= 0.86894

     H   15    Vxx=   -0.0284    axis=(  0.118602  0.945331 -0.303782)
     H   15    Vyy=   -0.6818    axis=(  0.325197 -0.326049 -0.887659)
     H   15    Vzz=    0.7102    axis=( -0.938179  0.006489 -0.346089)
     H   15  Q=         1.0000 1e-30 m^2  Cq=         1.6687 MHz  eta= 0.92009

     C   16    Vxx=   -0.1205    axis=( -0.277227 -0.664476  0.693986)
     C   16    Vyy=   -0.7693    axis=( -0.951615  0.090236 -0.293744)
     C   16    Vzz=    0.8898    axis=(  0.132563 -0.741842 -0.657341)
     C   16  Q=         1.0000 1e-30 m^2  Cq=         2.0907 MHz  eta= 0.72914

     C   17    Vxx=   -0.0425    axis=(  0.445554 -0.776219 -0.446055)
     C   17    Vyy=   -0.3634    axis=(  0.426535  0.622114 -0.656538)
     C   17    Vzz=    0.4059    axis=( -0.787115 -0.102265 -0.608270)
     C   17  Q=         1.0000 1e-30 m^2  Cq=         0.9536 MHz  eta= 0.79071

     Cl  18    Vxx=   -0.2134    axis=(  0.810160 -0.557626  0.180817)
     Cl  18    Vyy=   -1.8830    axis=(  0.581451  0.725181 -0.368819)
     Cl  18    Vzz=    2.0965    axis=(  0.074538  0.403938  0.911744)
     Cl  18  Q=        -8.1650 1e-30 m^2  Cq=       -40.2196 MHz  eta= 0.79640

     H   19    Vxx=   -0.0544    axis=(  0.294601  0.283446  0.912617)
     H   19    Vyy=   -0.3207    axis=( -0.952834  0.014246  0.303158)
     H   19    Vzz=    0.3751    axis=(  0.072927 -0.958883  0.274273)
     H   19  Q=         1.0000 1e-30 m^2  Cq=         0.8813 MHz  eta= 0.71007

     C   20    Vxx=    0.1471    axis=(  0.657165 -0.377297 -0.652519)
     C   20    Vyy=    0.6556    axis=( -0.080815 -0.895980  0.436679)
     C   20    Vzz=   -0.8027    axis=(  0.749402  0.234236  0.619298)
     C   20  Q=         1.0000 1e-30 m^2  Cq=        -1.8860 MHz  eta= 0.63358

     H   21    Vxx=   -0.1240    axis=(  0.385995  0.918423  0.086647)
     H   21    Vyy=   -0.5718    axis=( -0.339556  0.054118  0.939028)
     H   21    Vzz=    0.6958    axis=(  0.857735 -0.391881  0.332745)
     H   21  Q=         1.0000 1e-30 m^2  Cq=         1.6349 MHz  eta= 0.64360

     C   22    Vxx=   -0.1241    axis=(  0.719546  0.061765  0.691692)
     C   22    Vyy=   -0.4952    axis=( -0.154994  0.985195  0.073262)
     C   22    Vzz=    0.6193    axis=( -0.676927 -0.159923  0.718467)
     C   22  Q=         1.0000 1e-30 m^2  Cq=         1.4551 MHz  eta= 0.59931

     C   23    Vxx=    0.0117    axis=( -0.503647  0.640765  0.579448)
     C   23    Vyy=    0.8354    axis=(  0.148211  0.724870 -0.672753)
     C   23    Vzz=   -0.8471    axis=( -0.851101 -0.252949 -0.460047)
     C   23  Q=         1.0000 1e-30 m^2  Cq=        -1.9904 MHz  eta= 0.97239

     Cl  24    Vxx=    0.4192    axis=(  0.454833  0.316183  0.832560)
     Cl  24    Vyy=    1.0814    axis=(  0.650979  0.519924 -0.553087)
     Cl  24    Vzz=   -1.5006    axis=( -0.607744  0.793541  0.030650)
     Cl  24  Q=        -8.1650 1e-30 m^2  Cq=        28.7873 MHz  eta= 0.44128

     Initialization:
     gipaw_setup  :      8.93s CPU     10.74s WALL (       1 calls)

     Linear response

     Apply operators

     Induced current

     Other routines
     efg          :      9.42s CPU     12.22s WALL (       1 calls)

     General routines
     calbec       :      3.20s CPU      4.08s WALL (      16 calls)
     fft          :      1.44s CPU      2.08s WALL (      15 calls)
     ffts         :      0.04s CPU      0.04s WALL (       2 calls)
     fftw         :      3.35s CPU      4.46s WALL (     672 calls)
     davcio       :      0.02s CPU      0.33s WALL (      32 calls)

     Parallel routines
     fft_scatter  :      2.26s CPU      3.84s WALL (     689 calls)

     Plugins

     GIPAW        :     60.22s CPU     74.62s WALL (       1 calls)
