
     Program QE v.6.0 (svn rev. 13079) starts on 21Dec2016 at  2:23:48 

     This program is part of the open-source Quantum ESPRESSO suite
     for quantum simulation of materials; please cite
         "P. Giannozzi et al., J. Phys.:Condens. Matter 21 395502 (2009);
          URL http://www.quantum-espresso.org", 
     in publications or presentations arising from this work. More details at
     http://www.quantum-espresso.org/quote

     Parallel version (MPI), running on     8 processors
     R & G space division:  proc/nbgrp/npool/nimage =       8

     ***** This is GIPAW svn revision unknown      *****

     Parallelizing q-star over 1 images

     Reading data from directory:
     /users/majewski/paradichlorobenzene/pbe/9_constraint/scratch/pbe.ecut100.np8.dt60.pcl2phi-129368.save
     Message from routine read_xml_file:
     file /users/majewski/paradichlorobenzene/pbe/9_constraint/scratch/pbe.ecut100.np8.dt60.pcl2phi-129368.save not guaranteed to be safe for post-processing

   Info: using nr1, nr2, nr3 values from input

   Info: using nr1, nr2, nr3 values from input

     IMPORTANT: XC functional enforced from input :
     Exchange-correlation      =  SLA  PW   PBX  PBC ( 1  4  3  4 0 0)
     Any further DFT definition will be discarded
     Please, verify this is what you really want

               file C.pbe-n-kjpaw_psl.1.0.0.UPF: wavefunction(s)  2S 2P renormalized
               file Cl.pbe-n-kjpaw_psl.1.0.0.UPF: wavefunction(s)  3S 3P renormalized
               file H.pbe-kjpaw_psl.1.0.0.UPF: wavefunction(s)  1S renormalized

     Parallelization info
     --------------------
     sticks:   dense  smooth     PW     G-vecs:    dense   smooth      PW
     Min        3057    1223    332               144436    36536    5170
     Max        3059    1225    333               144437    36537    5171
     Sum       24467    9791   2657              1155489   292295   41363


     Subspace diagonalization in iterative solution of the eigenvalue problem:
     a serial algorithm will be used

     GIPAW projectors -----------------------------------------------
     atom=  C    l=0  rc=    1.2000  rs=    0.8000
     atom=  C    l=0  rc=    1.2000  rs=    0.8000
     atom=  C    l=1  rc=    1.4000  rs=    0.9333
     atom=  C    l=1  rc=    1.4000  rs=    0.9333
     projs nearly linearly dependent: l=1  n1,n2= 1, 2  s=  0.99951561

     atom=  Cl   l=0  rc=    1.6000  rs=    1.0667
     atom=  Cl   l=0  rc=    1.6000  rs=    1.0667
     atom=  Cl   l=1  rc=    1.6000  rs=    1.0667
     atom=  Cl   l=1  rc=    1.6000  rs=    1.0667
     atom=  Cl   l=2  rc=    1.6000  rs=    1.0667
     atom=  Cl   l=2  rc=    1.6000  rs=    1.0667
     projs nearly linearly dependent: l=2  n1,n2= 1, 2  s=  0.99993509

     atom=  H    l=0  rc=    1.0000  rs=    0.6667
     atom=  H    l=0  rc=    1.0000  rs=    0.6667
     projs nearly linearly dependent: l=0  n1,n2= 1, 2  s=  0.99968852
     -----------------------------------------------------------------

     GIPAW integrals: -------------------------------------------
     Atom  i/j   nmr_para   nmr_dia   epr_rmc  epr_para   epr_dia
       C   1 1   0.83E+03  0.17E-01  0.93E+01  0.24E+08  0.24E+03
       C   2 1   0.86E+03 -0.61E-01  0.94E+01  0.25E+08  0.25E+03
       C   2 2   0.90E+03 -0.15E+00  0.97E+01  0.26E+08  0.26E+03
       C   3 3   0.33E+01  0.34E+00  0.18E+01  0.55E+03  0.21E+02
       C   4 3   0.35E+01  0.37E+00  0.20E+01  0.59E+03  0.22E+02
       C   4 4   0.38E+01  0.39E+00  0.22E+01  0.63E+03  0.24E+02
       Cl  1 1   0.14E+04 -0.47E+00  0.84E+01  0.32E+09  0.42E+03
       Cl  2 1   0.21E+04 -0.37E+00  0.12E+02  0.49E+09  0.65E+03
       Cl  2 2   0.33E+04 -0.16E+00  0.21E+02  0.76E+09  0.10E+04
       Cl  3 3   0.21E+02  0.79E-01  0.89E+01  0.23E+05  0.13E+03
       Cl  4 3   0.24E+02  0.67E-01  0.99E+01  0.27E+05  0.15E+03
       Cl  4 4   0.28E+02  0.44E-01  0.11E+02  0.32E+05  0.18E+03
       Cl  5 5   0.77E+00  0.19E+00  0.18E+01  0.12E+03  0.22E+02
       Cl  6 5   0.80E+00  0.19E+00  0.19E+01  0.12E+03  0.23E+02
       Cl  6 6   0.83E+00  0.20E+00  0.19E+01  0.12E+03  0.23E+02
       H   1 1   0.39E+02  0.19E+00  0.29E+00  0.78E+05  0.13E+02
       H   2 1   0.41E+02  0.21E+00  0.32E+00  0.82E+05  0.14E+02
       H   2 2   0.43E+02  0.22E+00  0.36E+00  0.86E+05  0.15E+02
     ------------------------------------------------------------

     alpha_pv=     34.1821 eV

     Number of occupied bands for each k-point:
     k-point:     1    nbnd_occ=  42
     k-point:     2    nbnd_occ=  42
     k-point:     3    nbnd_occ=  42
     k-point:     4    nbnd_occ=  42
     k-point:     5    nbnd_occ=  42
     k-point:     6    nbnd_occ=  42
     k-point:     7    nbnd_occ=  42
     k-point:     8    nbnd_occ=  42
     k-point:     9    nbnd_occ=  42
     k-point:    10    nbnd_occ=  42
     k-point:    11    nbnd_occ=  42
     k-point:    12    nbnd_occ=  42
     k-point:    13    nbnd_occ=  42
     k-point:    14    nbnd_occ=  42
     k-point:    15    nbnd_occ=  42
     k-point:    16    nbnd_occ=  42


     q-space interpolation up to   110.00 Rydberg

     GIPAW job: efg                                                                             


     ELECTRIC FIELD GRADIENTS TENSORS IN Hartree/bohrradius^2:

     ----- bare term -----
     Cl   1       -0.055495        0.311372       -0.147526
     Cl   1        0.311372       -0.107124       -0.056766
     Cl   1       -0.147526       -0.056766        0.162618

     C    2        0.076267       -0.394504       -0.545492
     C    2       -0.394504       -0.199264       -0.570833
     C    2       -0.545492       -0.570833        0.122997

     C    3       -0.487075        0.341086       -0.412620
     C    3        0.341086       -0.030828       -0.083199
     C    3       -0.412620       -0.083199        0.517904

     H    4        0.096974       -0.111562       -0.328969
     H    4       -0.111562        0.493018       -0.002472
     H    4       -0.328969       -0.002472       -0.589992

     C    5       -0.101408        0.154914       -0.155262
     C    5        0.154914       -0.305842       -0.259256
     C    5       -0.155262       -0.259256        0.407250

     H    6        0.462800        0.013303        0.070325
     H    6        0.013303       -0.162427       -0.632290
     H    6        0.070325       -0.632290       -0.300373

     H    7        0.472026        0.048928        0.028677
     H    7        0.048928       -0.332153        0.445167
     H    7        0.028677        0.445167       -0.139873

     C    8       -0.708803       -0.403522       -0.386931
     C    8       -0.403522        0.431594        0.250478
     C    8       -0.386931        0.250478        0.277209

     H    9       -0.265650       -0.010948       -0.551336
     H    9       -0.010948        0.155464        0.000485
     H    9       -0.551336        0.000485        0.110186

     C   10       -0.029461       -0.135338       -0.205253
     C   10       -0.135338       -0.090827        0.622318
     C   10       -0.205253        0.622318        0.120288

     C   11       -0.359053       -0.283716       -0.474160
     C   11       -0.283716        0.197891        0.315342
     C   11       -0.474160        0.315342        0.161162

     Cl  12       -0.058572       -0.040567        0.053721
     Cl  12       -0.040567        0.076531       -0.156010
     Cl  12        0.053721       -0.156010       -0.017959

     H   13        0.241394        0.057677       -0.267049
     H   13        0.057677       -0.345227       -0.496247
     H   13       -0.267049       -0.496247        0.103833

     C   14       -0.720492        0.317131       -0.184872
     C   14        0.317131        0.362287       -0.221545
     C   14       -0.184872       -0.221545        0.358205

     H   15       -0.017956        0.217300       -0.449493
     H   15        0.217300       -0.088077        0.119338
     H   15       -0.449493        0.119338        0.106033

     C   16        0.283651        0.050362       -0.185452
     C   16        0.050362       -0.206805       -0.512411
     C   16       -0.185452       -0.512411       -0.076846

     C   17       -0.682715        0.475059       -0.378075
     C   17        0.475059        0.264904       -0.047278
     C   17       -0.378075       -0.047278        0.417812

     Cl  18        0.127535       -0.055461       -0.015986
     Cl  18       -0.055461       -0.253920        0.030472
     Cl  18       -0.015986        0.030472        0.126385

     H   19        0.285766        0.343167        0.103648
     H   19        0.343167       -0.578699       -0.161052
     H   19        0.103648       -0.161052        0.292934

     C   20       -0.006425       -0.092216       -0.036486
     C   20       -0.092216       -0.183853        0.179795
     C   20       -0.036486        0.179795        0.190278

     H   21       -0.190781        0.477040       -0.024452
     H   21        0.477040       -0.166102       -0.123643
     H   21       -0.024452       -0.123643        0.356883

     C   22       -0.253904       -0.139963       -0.055805
     C   22       -0.139963       -0.010005        0.131382
     C   22       -0.055805        0.131382        0.263909

     C   23       -0.083167       -0.082896       -0.261491
     C   23       -0.082896        0.029412        0.704257
     C   23       -0.261491        0.704257        0.053755

     Cl  24       -0.240988       -0.172052        0.023975
     Cl  24       -0.172052        0.011923        0.180618
     Cl  24        0.023975        0.180618        0.229066

     ----- ionic term -----
     Cl   1        0.067067       -0.177676        0.023609
     Cl   1       -0.177676        0.066409       -0.008289
     Cl   1        0.023609       -0.008289       -0.133476

     C    2        0.054530       -0.181626        0.364561
     C    2       -0.181626        0.103095        0.373516
     C    2        0.364561        0.373516       -0.157625

     C    3        0.042762       -0.327436        0.242616
     C    3       -0.327436        0.171964        0.357315
     C    3        0.242616        0.357315       -0.214726

     H    4        0.396984        0.037921        0.824152
     H    4        0.037921       -0.529547        0.107306
     H    4        0.824152        0.107306        0.132564

     C    5        0.163054       -0.336076        0.284325
     C    5       -0.336076        0.060134        0.269901
     C    5        0.284325        0.269901       -0.223189

     H    6       -0.538541       -0.007417        0.008864
     H    6       -0.007417        0.489963        0.773558
     H    6        0.008864        0.773558        0.048577

     H    7       -0.507457       -0.097049        0.086401
     H    7       -0.097049        0.625174       -0.720679
     H    7        0.086401       -0.720679       -0.117718

     C    8        0.338040        0.142118        0.277723
     C    8        0.142118        0.005066       -0.320413
     C    8        0.277723       -0.320413       -0.343106

     H    9        0.547076       -0.303189        0.719107
     H    9       -0.303189       -0.430372       -0.261361
     H    9        0.719107       -0.261361       -0.116704

     C   10        0.143237        0.141120        0.197271
     C   10        0.141120        0.163864       -0.423075
     C   10        0.197271       -0.423075       -0.307102

     C   11        0.206620        0.027148        0.162365
     C   11        0.027148        0.168075       -0.444582
     C   11        0.162365       -0.444582       -0.374695

     Cl  12        0.128545        0.182674       -0.016865
     Cl  12        0.182674       -0.010634       -0.022363
     Cl  12       -0.016865       -0.022363       -0.117911

     H   13       -0.514377        0.183829        0.106553
     H   13        0.183829        0.676283        0.668411
     H   13        0.106553        0.668411       -0.161906

     C   14        0.125518       -0.187508        0.343231
     C   14       -0.187508        0.097201        0.264278
     C   14        0.343231        0.264278       -0.222719

     H   15        0.547760        0.149174        0.734826
     H   15        0.149174       -0.459377        0.171215
     H   15        0.734826        0.171215       -0.088383

     C   16        0.032808       -0.247066        0.236783
     C   16       -0.247066        0.179441        0.366556
     C   16        0.236783        0.366556       -0.212249

     C   17        0.108229       -0.283704        0.344315
     C   17       -0.283704        0.085104        0.343910
     C   17        0.344315        0.343910       -0.193333

     Cl  18        0.116305       -0.237562        0.017199
     Cl  18       -0.237562        0.046687       -0.004492
     Cl  18        0.017199       -0.004492       -0.162992

     H   19       -0.501094       -0.193131        0.038227
     H   19       -0.193131        0.908338       -0.482440
     H   19        0.038227       -0.482440       -0.407245

     C   20        0.307975        0.104974        0.151456
     C   20        0.104974        0.195624       -0.261855
     C   20        0.151456       -0.261855       -0.503599

     H   21        0.574054       -0.466862        0.573011
     H   21       -0.466862       -0.256739       -0.298587
     H   21        0.573011       -0.298587       -0.317314

     C   22        0.138480        0.145144        0.152927
     C   22        0.145144        0.326267       -0.364168
     C   22        0.152927       -0.364168       -0.464747

     C   23        0.224040        0.143796        0.274601
     C   23        0.143796        0.212719       -0.365161
     C   23        0.274601       -0.365161       -0.436759

     Cl  24        0.126480        0.208892       -0.014446
     Cl  24        0.208892        0.045192       -0.017416
     Cl  24       -0.014446       -0.017416       -0.171672

     ----- GIPAW term -----
     Cl   1        1.764084        0.148652       -1.952342
     Cl   1        0.148652       -1.021674       -0.796672
     Cl   1       -1.952342       -0.796672       -0.742410

     C    2        0.112855       -0.285660       -0.165344
     C    2       -0.285660       -0.013272        0.008995
     C    2       -0.165344        0.008995       -0.099584

     C    3       -0.142681       -0.027674       -0.194445
     C    3       -0.027674       -0.034315        0.128277
     C    3       -0.194445        0.128277        0.176995

     H    4       -0.000000        0.000000        0.000000
     H    4        0.000000        0.000000        0.000000
     H    4        0.000000        0.000000        0.000000

     C    5       -0.115681        0.027100        0.004299
     C    5        0.027100       -0.026320        0.160135
     C    5        0.004299        0.160135        0.142001

     H    6       -0.000000        0.000000        0.000000
     H    6        0.000000        0.000000        0.000000
     H    6        0.000000        0.000000        0.000000

     H    7       -0.000000        0.000000        0.000000
     H    7        0.000000        0.000000        0.000000
     H    7        0.000000        0.000000        0.000000

     C    8       -0.186019       -0.148137       -0.068983
     C    8       -0.148137        0.255653        0.092879
     C    8       -0.068983        0.092879       -0.069635

     H    9       -0.000000        0.000000        0.000000
     H    9        0.000000        0.000000        0.000000
     H    9        0.000000        0.000000        0.000000

     C   10       -0.112883        0.011575       -0.031909
     C   10        0.011575        0.226802        0.077300
     C   10       -0.031909        0.077300       -0.113918

     C   11       -0.007206       -0.092319       -0.082007
     C   11       -0.092319        0.172098        0.042403
     C   11       -0.082007        0.042403       -0.164892

     Cl  12        0.280898        1.340287        0.460683
     Cl  12        1.340287        1.102302       -1.690874
     Cl  12        0.460683       -1.690874       -1.383200

     H   13       -0.000000        0.000000        0.000000
     H   13        0.000000        0.000000        0.000000
     H   13        0.000000        0.000000        0.000000

     C   14       -0.171431       -0.100151        0.020432
     C   14       -0.100151        0.260238       -0.059268
     C   14        0.020432       -0.059268       -0.088807

     H   15       -0.000000        0.000000        0.000000
     H   15        0.000000        0.000000        0.000000
     H   15        0.000000        0.000000        0.000000

     C   16       -0.031818       -0.015393       -0.014575
     C   16       -0.015393        0.137303       -0.007971
     C   16       -0.014575       -0.007971       -0.105485

     C   17       -0.113220        0.059673       -0.022079
     C   17        0.059673        0.187065        0.051074
     C   17       -0.022079        0.051074       -0.073846

     Cl  18        0.201033        0.159904       -0.145857
     Cl  18        0.159904        1.828599       -0.156771
     Cl  18       -0.145857       -0.156771       -2.029633

     H   19       -0.000000        0.000000        0.000000
     H   19        0.000000        0.000000        0.000000
     H   19        0.000000        0.000000        0.000000

     C   20       -0.005897       -0.063287       -0.018337
     C   20       -0.063287        0.039480        0.077194
     C   20       -0.018337        0.077194       -0.033583

     H   21       -0.000000        0.000000        0.000000
     H   21        0.000000        0.000000        0.000000
     H   21        0.000000        0.000000        0.000000

     C   22       -0.060324       -0.047306       -0.045364
     C   22       -0.047306        0.046537        0.072722
     C   22       -0.045364        0.072722        0.013788

     C   23       -0.033387       -0.007962       -0.074061
     C   23       -0.007962        0.174728        0.204593
     C   23       -0.074061        0.204593       -0.141341

     Cl  24       -0.506786        1.433051        0.162648
     Cl  24        1.433051        0.209615        1.883159
     Cl  24        0.162648        1.883159        0.297171

     ----- total EFG -----
     Cl   1        1.775657        0.282348       -2.076259
     Cl   1        0.282348       -1.062389       -0.861727
     Cl   1       -2.076259       -0.861727       -0.713268

     C    2        0.243653       -0.861791       -0.346276
     C    2       -0.861791       -0.109441       -0.188321
     C    2       -0.346276       -0.188321       -0.134212

     C    3       -0.586994       -0.014024       -0.364449
     C    3       -0.014024        0.106821        0.402393
     C    3       -0.364449        0.402393        0.480173

     H    4        0.493958       -0.073640        0.495183
     H    4       -0.073640       -0.036530        0.104833
     H    4        0.495183        0.104833       -0.457428

     C    5       -0.054035       -0.154063        0.133362
     C    5       -0.154063       -0.272027        0.170779
     C    5        0.133362        0.170779        0.326062

     H    6       -0.075741        0.005886        0.079189
     H    6        0.005886        0.327536        0.141268
     H    6        0.079189        0.141268       -0.251796

     H    7       -0.035430       -0.048121        0.115077
     H    7       -0.048121        0.293021       -0.275512
     H    7        0.115077       -0.275512       -0.257591

     C    8       -0.556782       -0.409541       -0.178191
     C    8       -0.409541        0.692314        0.022944
     C    8       -0.178191        0.022944       -0.135532

     H    9        0.281427       -0.314137        0.167771
     H    9       -0.314137       -0.274909       -0.260876
     H    9        0.167771       -0.260876       -0.006518

     C   10        0.000893        0.017357       -0.039891
     C   10        0.017357        0.299840        0.276542
     C   10       -0.039891        0.276542       -0.300732

     C   11       -0.159639       -0.348887       -0.393802
     C   11       -0.348887        0.538065       -0.086837
     C   11       -0.393802       -0.086837       -0.378426

     Cl  12        0.350872        1.482394        0.497539
     Cl  12        1.482394        1.168198       -1.869247
     Cl  12        0.497539       -1.869247       -1.519070

     H   13       -0.272983        0.241506       -0.160496
     H   13        0.241506        0.331056        0.172163
     H   13       -0.160496        0.172163       -0.058073

     C   14       -0.766405        0.029472        0.178790
     C   14        0.029472        0.719726       -0.016534
     C   14        0.178790       -0.016534        0.046679

     H   15        0.529804        0.366473        0.285333
     H   15        0.366473       -0.547454        0.290553
     H   15        0.285333        0.290553        0.017650

     C   16        0.284641       -0.212097        0.036755
     C   16       -0.212097        0.109939       -0.153826
     C   16        0.036755       -0.153826       -0.394580

     C   17       -0.687706        0.251028       -0.055839
     C   17        0.251028        0.537073        0.347707
     C   17       -0.055839        0.347707        0.150633

     Cl  18        0.444874       -0.133119       -0.144644
     Cl  18       -0.133119        1.621366       -0.130791
     Cl  18       -0.144644       -0.130791       -2.066239

     H   19       -0.215328        0.150035        0.141876
     H   19        0.150035        0.329639       -0.643492
     H   19        0.141876       -0.643492       -0.114311

     C   20        0.295653       -0.050530        0.096633
     C   20       -0.050530        0.051251       -0.004867
     C   20        0.096633       -0.004867       -0.346903

     H   21        0.383273        0.010178        0.548559
     H   21        0.010178       -0.422842       -0.422230
     H   21        0.548559       -0.422230        0.039569

     C   22       -0.175749       -0.042125        0.051759
     C   22       -0.042125        0.362798       -0.160064
     C   22        0.051759       -0.160064       -0.187049

     C   23        0.107485        0.052938       -0.060950
     C   23        0.052938        0.416859        0.543690
     C   23       -0.060950        0.543690       -0.524345

     Cl  24       -0.621293        1.469891        0.172177
     Cl  24        1.469891        0.266729        2.046361
     Cl  24        0.172177        2.046361        0.354564

     ----- total EFG (symmetrized) -----
     Cl   1        1.775657        0.282348       -2.076259
     Cl   1        0.282348       -1.062389       -0.861727
     Cl   1       -2.076259       -0.861727       -0.713268

     C    2        0.243653       -0.861791       -0.346276
     C    2       -0.861791       -0.109441       -0.188321
     C    2       -0.346276       -0.188321       -0.134212

     C    3       -0.586994       -0.014024       -0.364449
     C    3       -0.014024        0.106821        0.402393
     C    3       -0.364449        0.402393        0.480173

     H    4        0.493958       -0.073640        0.495183
     H    4       -0.073640       -0.036530        0.104833
     H    4        0.495183        0.104833       -0.457428

     C    5       -0.054035       -0.154063        0.133362
     C    5       -0.154063       -0.272027        0.170779
     C    5        0.133362        0.170779        0.326062

     H    6       -0.075741        0.005886        0.079189
     H    6        0.005886        0.327536        0.141268
     H    6        0.079189        0.141268       -0.251796

     H    7       -0.035430       -0.048121        0.115077
     H    7       -0.048121        0.293021       -0.275512
     H    7        0.115077       -0.275512       -0.257591

     C    8       -0.556782       -0.409541       -0.178191
     C    8       -0.409541        0.692314        0.022944
     C    8       -0.178191        0.022944       -0.135532

     H    9        0.281427       -0.314137        0.167771
     H    9       -0.314137       -0.274909       -0.260876
     H    9        0.167771       -0.260876       -0.006518

     C   10        0.000893        0.017357       -0.039891
     C   10        0.017357        0.299840        0.276542
     C   10       -0.039891        0.276542       -0.300732

     C   11       -0.159639       -0.348887       -0.393802
     C   11       -0.348887        0.538065       -0.086837
     C   11       -0.393802       -0.086837       -0.378426

     Cl  12        0.350872        1.482394        0.497539
     Cl  12        1.482394        1.168198       -1.869247
     Cl  12        0.497539       -1.869247       -1.519070

     H   13       -0.272983        0.241506       -0.160496
     H   13        0.241506        0.331056        0.172163
     H   13       -0.160496        0.172163       -0.058073

     C   14       -0.766405        0.029472        0.178790
     C   14        0.029472        0.719726       -0.016534
     C   14        0.178790       -0.016534        0.046679

     H   15        0.529804        0.366473        0.285333
     H   15        0.366473       -0.547454        0.290553
     H   15        0.285333        0.290553        0.017650

     C   16        0.284641       -0.212097        0.036755
     C   16       -0.212097        0.109939       -0.153826
     C   16        0.036755       -0.153826       -0.394580

     C   17       -0.687706        0.251028       -0.055839
     C   17        0.251028        0.537073        0.347707
     C   17       -0.055839        0.347707        0.150633

     Cl  18        0.444874       -0.133119       -0.144644
     Cl  18       -0.133119        1.621366       -0.130791
     Cl  18       -0.144644       -0.130791       -2.066239

     H   19       -0.215328        0.150035        0.141876
     H   19        0.150035        0.329639       -0.643492
     H   19        0.141876       -0.643492       -0.114311

     C   20        0.295653       -0.050530        0.096633
     C   20       -0.050530        0.051251       -0.004867
     C   20        0.096633       -0.004867       -0.346903

     H   21        0.383273        0.010178        0.548559
     H   21        0.010178       -0.422842       -0.422230
     H   21        0.548559       -0.422230        0.039569

     C   22       -0.175749       -0.042125        0.051759
     C   22       -0.042125        0.362798       -0.160064
     C   22        0.051759       -0.160064       -0.187049

     C   23        0.107485        0.052938       -0.060950
     C   23        0.052938        0.416859        0.543690
     C   23       -0.060950        0.543690       -0.524345

     Cl  24       -0.621293        1.469891        0.172177
     Cl  24        1.469891        0.266729        2.046361
     Cl  24        0.172177        2.046361        0.354564


     NQR/NMR SPECTROSCOPIC PARAMETERS:
     Cl   1    Vxx=   -0.8295    axis=( -0.375304  0.856458 -0.354438)
     Cl   1    Vyy=   -2.2333    axis=(  0.373524  0.489713  0.787820)
     Cl   1    Vzz=    3.0628    axis=( -0.848308 -0.163281  0.503699)
     Cl   1  Q=        -8.1650 1e-30 m^2  Cq=       -58.7587 MHz  eta= 0.45834

     C    2    Vxx=    0.0049    axis=( -0.144003 -0.403037  0.903783)
     C    2    Vyy=    0.9685    axis=( -0.785047  0.602557  0.143622)
     C    2    Vzz=   -0.9734    axis=( -0.602466 -0.688830 -0.403173)
     C    2  Q=         1.0000 1e-30 m^2  Cq=        -2.2871 MHz  eta= 0.98985

     C    3    Vxx=   -0.0945    axis=( -0.286840 -0.860659  0.420700)
     C    3    Vyy=   -0.7153    axis=( -0.931176  0.147337 -0.333472)
     C    3    Vzz=    0.8098    axis=( -0.225021  0.487398  0.843687)
     C    3  Q=         1.0000 1e-30 m^2  Cq=         1.9028 MHz  eta= 0.76650

     H    4    Vxx=   -0.0135    axis=(  0.040105 -0.981528 -0.187069)
     H    4    Vyy=   -0.6923    axis=( -0.388256 -0.187816  0.902210)
     H    4    Vzz=    0.7059    axis=( -0.920679  0.036447 -0.388616)
     H    4  Q=         1.0000 1e-30 m^2  Cq=         1.6586 MHz  eta= 0.96164

     C    5    Vxx=    0.0219    axis=(  0.858536 -0.504182 -0.093358)
     C    5    Vyy=    0.3915    axis=( -0.218662 -0.195314 -0.956054)
     C    5    Vzz=   -0.4134    axis=(  0.463792  0.841221 -0.277929)
     C    5  Q=         1.0000 1e-30 m^2  Cq=        -0.9713 MHz  eta= 0.89387

     H    6    Vxx=   -0.0523    axis=(  0.949151 -0.122557  0.289986)
     H    6    Vyy=   -0.3091    axis=( -0.309997 -0.203214  0.928766)
     H    6    Vzz=    0.3614    axis=( -0.054898 -0.971434 -0.230873)
     H    6  Q=         1.0000 1e-30 m^2  Cq=         0.8492 MHz  eta= 0.71057

     H    7    Vxx=   -0.0307    axis=(  0.950337  0.271211  0.152659)
     H    7    Vyy=   -0.3939    axis=( -0.244299  0.346177  0.905803)
     H    7    Vzz=    0.4246    axis=(  0.192817 -0.898113  0.395241)
     H    7  Q=         1.0000 1e-30 m^2  Cq=         0.9976 MHz  eta= 0.85550

     C    8    Vxx=   -0.0952    axis=( -0.236574 -0.150988  0.959810)
     C    8    Vyy=   -0.7251    axis=( -0.926252 -0.263266 -0.269718)
     C    8    Vzz=    0.8203    axis=(  0.293410 -0.952834 -0.077571)
     C    8  Q=         1.0000 1e-30 m^2  Cq=         1.9274 MHz  eta= 0.76784

     H    9    Vxx=   -0.0643    axis=(  0.555555  0.177507 -0.812312)
     H    9    Vyy=   -0.4867    axis=( -0.277069 -0.881591 -0.382138)
     H    9    Vzz=    0.5510    axis=( -0.783959  0.437365 -0.440591)
     H    9  Q=         1.0000 1e-30 m^2  Cq=         1.2946 MHz  eta= 0.76676

     C   10    Vxx=    0.0054    axis=(  0.994527  0.034126 -0.098751)
     C   10    Vyy=    0.4078    axis=(  0.004115  0.931627  0.363392)
     C   10    Vzz=   -0.4132    axis=(  0.104400 -0.361810  0.926388)
     C   10  Q=         1.0000 1e-30 m^2  Cq=        -0.9709 MHz  eta= 0.97363

     C   11    Vxx=    0.0539    axis=(  0.655486  0.352580 -0.667852)
     C   11    Vyy=    0.6881    axis=( -0.409986  0.908803  0.077390)
     C   11    Vzz=   -0.7420    axis=(  0.634232  0.223081  0.740260)
     C   11  Q=         1.0000 1e-30 m^2  Cq=        -1.7434 MHz  eta= 0.85464

     Cl  12    Vxx=    0.1997    axis=( -0.817601  0.256413 -0.515539)
     Cl  12    Vyy=    2.6942    axis=(  0.458899  0.830974 -0.314474)
     Cl  12    Vzz=   -2.8939    axis=( -0.347764  0.493695  0.797073)
     Cl  12  Q=        -8.1650 1e-30 m^2  Cq=        55.5186 MHz  eta= 0.86199

     H   13    Vxx=    0.0249    axis=( -0.517384 -0.071412  0.852768)
     H   13    Vyy=    0.4425    axis=( -0.262400 -0.935270 -0.237522)
     H   13    Vzz=   -0.4674    axis=(  0.814530 -0.346656  0.465155)
     H   13  Q=         1.0000 1e-30 m^2  Cq=        -1.0983 MHz  eta= 0.89352

     C   14    Vxx=    0.0841    axis=(  0.206222  0.015888  0.978376)
     C   14    Vyy=    0.7206    axis=( -0.017420 -0.999650  0.019906)
     C   14    Vzz=   -0.8047    axis=(  0.978350 -0.021148 -0.205873)
     C   14  Q=         1.0000 1e-30 m^2  Cq=        -1.8906 MHz  eta= 0.79098

     H   15    Vxx=   -0.0912    axis=( -0.486957  0.156138  0.859357)
     H   15    Vyy=   -0.7187    axis=( -0.208528  0.934656 -0.287982)
     H   15    Vzz=    0.8100    axis=( -0.848168 -0.319435 -0.422578)
     H   15  Q=         1.0000 1e-30 m^2  Cq=         1.9031 MHz  eta= 0.77470

     C   16    Vxx=   -0.0047    axis=(  0.593115  0.766455 -0.246500)
     C   16    Vyy=   -0.4385    axis=( -0.033992 -0.282054 -0.958796)
     C   16    Vzz=    0.4432    axis=( -0.804400  0.577055 -0.141237)
     C   16  Q=         1.0000 1e-30 m^2  Cq=         1.0415 MHz  eta= 0.97871

     C   17    Vxx=   -0.0114    axis=( -0.235294 -0.441300  0.865963)
     C   17    Vyy=   -0.7552    axis=(  0.962985 -0.226418  0.146272)
     C   17    Vzz=    0.7666    axis=(  0.131520  0.868326  0.478239)
     C   17  Q=         1.0000 1e-30 m^2  Cq=         1.8012 MHz  eta= 0.97029

     Cl  18    Vxx=    0.4400    axis=(  0.992502  0.104885 -0.062756)
     Cl  18    Vyy=    1.6398    axis=(  0.106974 -0.993782  0.030897)
     Cl  18    Vzz=   -2.0797    axis=(  0.059125  0.037379  0.997551)
     Cl  18  Q=        -8.1650 1e-30 m^2  Cq=        39.8982 MHz  eta= 0.57691

     H   19    Vxx=   -0.1254    axis=(  0.910317  0.206860  0.358514)
     H   19    Vyy=   -0.6646    axis=(  0.411897 -0.538097 -0.735386)
     H   19    Vzz=    0.7900    axis=( -0.040793 -0.817105  0.575043)
     H   19  Q=         1.0000 1e-30 m^2  Cq=         1.8562 MHz  eta= 0.68263

     C   20    Vxx=    0.0417    axis=(  0.182872  0.982577  0.033170)
     C   20    Vyy=    0.3195    axis=( -0.972231  0.185752 -0.142346)
     C   20    Vzz=   -0.3611    axis=( -0.146027 -0.006218  0.989261)
     C   20  Q=         1.0000 1e-30 m^2  Cq=        -0.8485 MHz  eta= 0.76916

     H   21    Vxx=   -0.0750    axis=(  0.590257  0.629929 -0.504764)
     H   21    Vyy=   -0.7617    axis=( -0.291464  0.749447  0.594455)
     H   21    Vzz=    0.8367    axis=( -0.752759  0.203761 -0.625968)
     H   21  Q=         1.0000 1e-30 m^2  Cq=         1.9659 MHz  eta= 0.82079

     C   22    Vxx=   -0.1595    axis=(  0.872849  0.205988  0.442383)
     C   22    Vyy=   -0.2516    axis=( -0.479186  0.190377  0.856818)
     C   22    Vzz=    0.4110    axis=(  0.092275 -0.959857  0.264877)
     C   22  Q=         1.0000 1e-30 m^2  Cq=         0.9657 MHz  eta= 0.22409

     C   23    Vxx=    0.1133    axis=(  0.995360 -0.001258 -0.096213)
     C   23    Vyy=    0.6663    axis=(  0.041099  0.909670  0.413294)
     C   23    Vzz=   -0.7796    axis=(  0.087003 -0.415330  0.905500)
     C   23  Q=         1.0000 1e-30 m^2  Cq=        -1.8317 MHz  eta= 0.70930

     Cl  24    Vxx=   -0.4327    axis=(  0.771676  0.170772 -0.612660)
     Cl  24    Vyy=   -2.3388    axis=( -0.539016  0.686918 -0.487447)
     Cl  24    Vzz=    2.7715    axis=( -0.337605 -0.706385 -0.622128)
     Cl  24  Q=        -8.1650 1e-30 m^2  Cq=       -53.1700 MHz  eta= 0.68775

     Initialization:
     gipaw_setup  :      9.37s CPU     11.10s WALL (       1 calls)

     Linear response

     Apply operators

     Induced current

     Other routines
     efg          :      9.32s CPU     12.17s WALL (       1 calls)

     General routines
     calbec       :      3.40s CPU      4.83s WALL (      16 calls)
     fft          :      1.39s CPU      2.02s WALL (      15 calls)
     ffts         :      0.03s CPU      0.05s WALL (       2 calls)
     fftw         :      3.20s CPU      4.00s WALL (     672 calls)
     davcio       :      0.02s CPU      0.32s WALL (      32 calls)

     Parallel routines
     fft_scatter  :      2.04s CPU      3.30s WALL (     689 calls)

     Plugins

     GIPAW        :     61.76s CPU     74.19s WALL (       1 calls)
