
     Program QE v.6.0 (svn rev. 13079) starts on  7Jan2017 at 18: 3:18 

     This program is part of the open-source Quantum ESPRESSO suite
     for quantum simulation of materials; please cite
         "P. Giannozzi et al., J. Phys.:Condens. Matter 21 395502 (2009);
          URL http://www.quantum-espresso.org", 
     in publications or presentations arising from this work. More details at
     http://www.quantum-espresso.org/quote

     Parallel version (MPI), running on     8 processors
     R & G space division:  proc/nbgrp/npool/nimage =       8

     ***** This is GIPAW svn revision unknown      *****

     Parallelizing q-star over 1 images

     Reading data from directory:
     /users/majewski/paradichlorobenzene/pbe/9_constraint/scratch/pbe.ecut100.np8.dt60.pcl2phi-129368.save
     Message from routine read_xml_file:
     file /users/majewski/paradichlorobenzene/pbe/9_constraint/scratch/pbe.ecut100.np8.dt60.pcl2phi-129368.save not guaranteed to be safe for post-processing

   Info: using nr1, nr2, nr3 values from input

   Info: using nr1, nr2, nr3 values from input

     IMPORTANT: XC functional enforced from input :
     Exchange-correlation      =  SLA  PW   PBX  PBC ( 1  4  3  4 0 0)
     Any further DFT definition will be discarded
     Please, verify this is what you really want

               file C.pbe-n-kjpaw_psl.1.0.0.UPF: wavefunction(s)  2S 2P renormalized
               file Cl.pbe-n-kjpaw_psl.1.0.0.UPF: wavefunction(s)  3S 3P renormalized
               file H.pbe-kjpaw_psl.1.0.0.UPF: wavefunction(s)  1S renormalized

     Parallelization info
     --------------------
     sticks:   dense  smooth     PW     G-vecs:    dense   smooth      PW
     Min        3057    1223    332               144436    36536    5170
     Max        3059    1225    333               144437    36537    5171
     Sum       24467    9791   2657              1155489   292295   41363


     Subspace diagonalization in iterative solution of the eigenvalue problem:
     a serial algorithm will be used

     GIPAW projectors -----------------------------------------------
     atom=  C    l=0  rc=    1.2000  rs=    0.8000
     atom=  C    l=0  rc=    1.2000  rs=    0.8000
     atom=  C    l=1  rc=    1.4000  rs=    0.9333
     atom=  C    l=1  rc=    1.4000  rs=    0.9333
     projs nearly linearly dependent: l=1  n1,n2= 1, 2  s=  0.99951561

     atom=  Cl   l=0  rc=    1.6000  rs=    1.0667
     atom=  Cl   l=0  rc=    1.6000  rs=    1.0667
     atom=  Cl   l=1  rc=    1.6000  rs=    1.0667
     atom=  Cl   l=1  rc=    1.6000  rs=    1.0667
     atom=  Cl   l=2  rc=    1.6000  rs=    1.0667
     atom=  Cl   l=2  rc=    1.6000  rs=    1.0667
     projs nearly linearly dependent: l=2  n1,n2= 1, 2  s=  0.99993509

     atom=  H    l=0  rc=    1.0000  rs=    0.6667
     atom=  H    l=0  rc=    1.0000  rs=    0.6667
     projs nearly linearly dependent: l=0  n1,n2= 1, 2  s=  0.99968852
     -----------------------------------------------------------------

     GIPAW integrals: -------------------------------------------
     Atom  i/j   nmr_para   nmr_dia   epr_rmc  epr_para   epr_dia
       C   1 1   0.83E+03  0.17E-01  0.93E+01  0.24E+08  0.24E+03
       C   2 1   0.86E+03 -0.61E-01  0.94E+01  0.25E+08  0.25E+03
       C   2 2   0.90E+03 -0.15E+00  0.97E+01  0.26E+08  0.26E+03
       C   3 3   0.33E+01  0.34E+00  0.18E+01  0.55E+03  0.21E+02
       C   4 3   0.35E+01  0.37E+00  0.20E+01  0.59E+03  0.22E+02
       C   4 4   0.38E+01  0.39E+00  0.22E+01  0.63E+03  0.24E+02
       Cl  1 1   0.14E+04 -0.47E+00  0.84E+01  0.32E+09  0.42E+03
       Cl  2 1   0.21E+04 -0.37E+00  0.12E+02  0.49E+09  0.65E+03
       Cl  2 2   0.33E+04 -0.16E+00  0.21E+02  0.76E+09  0.10E+04
       Cl  3 3   0.21E+02  0.79E-01  0.89E+01  0.23E+05  0.13E+03
       Cl  4 3   0.24E+02  0.67E-01  0.99E+01  0.27E+05  0.15E+03
       Cl  4 4   0.28E+02  0.44E-01  0.11E+02  0.32E+05  0.18E+03
       Cl  5 5   0.77E+00  0.19E+00  0.18E+01  0.12E+03  0.22E+02
       Cl  6 5   0.80E+00  0.19E+00  0.19E+01  0.12E+03  0.23E+02
       Cl  6 6   0.83E+00  0.20E+00  0.19E+01  0.12E+03  0.23E+02
       H   1 1   0.39E+02  0.19E+00  0.29E+00  0.78E+05  0.13E+02
       H   2 1   0.41E+02  0.21E+00  0.32E+00  0.82E+05  0.14E+02
       H   2 2   0.43E+02  0.22E+00  0.36E+00  0.86E+05  0.15E+02
     ------------------------------------------------------------

     alpha_pv=     34.6909 eV

     Number of occupied bands for each k-point:
     k-point:     1    nbnd_occ=  42
     k-point:     2    nbnd_occ=  42
     k-point:     3    nbnd_occ=  42
     k-point:     4    nbnd_occ=  42
     k-point:     5    nbnd_occ=  42
     k-point:     6    nbnd_occ=  42
     k-point:     7    nbnd_occ=  42
     k-point:     8    nbnd_occ=  42
     k-point:     9    nbnd_occ=  42
     k-point:    10    nbnd_occ=  42
     k-point:    11    nbnd_occ=  42
     k-point:    12    nbnd_occ=  42
     k-point:    13    nbnd_occ=  42
     k-point:    14    nbnd_occ=  42
     k-point:    15    nbnd_occ=  42
     k-point:    16    nbnd_occ=  42


     q-space interpolation up to   110.00 Rydberg

     GIPAW job: efg                                                                             


     ELECTRIC FIELD GRADIENTS TENSORS IN Hartree/bohrradius^2:

     ----- bare term -----
     Cl   1       -0.255673        0.302600        0.007068
     Cl   1        0.302600        0.076950       -0.075585
     Cl   1        0.007068       -0.075585        0.178724

     C    2       -0.146484       -0.238070       -0.296497
     C    2       -0.238070       -0.013920       -0.658157
     C    2       -0.296497       -0.658157        0.160404

     C    3       -0.266688        0.350327        0.149526
     C    3        0.350327       -0.062163       -0.202300
     C    3        0.149526       -0.202300        0.328851

     H    4       -0.174934       -0.440439       -0.150369
     H    4       -0.440439       -0.181410        0.172175
     H    4       -0.150369        0.172175        0.356343

     C    5       -0.169924       -0.324067       -0.356952
     C    5       -0.324067       -0.022994       -0.528590
     C    5       -0.356952       -0.528590        0.192918

     H    6        0.311580        0.259046       -0.087002
     H    6        0.259046       -0.675175       -0.161248
     H    6       -0.087002       -0.161248        0.363595

     H    7       -0.144070       -0.064391        0.292027
     H    7       -0.064391        0.212184        0.305738
     H    7        0.292027        0.305738       -0.068114

     C    8       -0.281787        0.124940       -0.236452
     C    8        0.124940        0.341122       -0.102250
     C    8       -0.236452       -0.102250       -0.059334

     H    9        0.141084        0.033691       -0.099048
     H    9        0.033691        0.456125       -0.009886
     H    9       -0.099048       -0.009886       -0.597209

     C   10        0.063634       -0.217362        0.225009
     C   10       -0.217362       -0.175759       -0.013445
     C   10        0.225009       -0.013445        0.112125

     C   11       -0.071335       -0.080238       -0.550748
     C   11       -0.080238       -0.130216        0.459607
     C   11       -0.550748        0.459607        0.201551

     Cl  12       -0.182709       -0.123590       -0.076245
     Cl  12       -0.123590       -0.117813       -0.008328
     Cl  12       -0.076245       -0.008328        0.300522

     H   13        0.204641       -0.023741       -0.291182
     H   13       -0.023741       -0.257522       -0.472836
     H   13       -0.291182       -0.472836        0.052882

     C   14       -0.427101        0.332543        0.011831
     C   14        0.332543        0.065426       -0.365049
     C   14        0.011831       -0.365049        0.361675

     H   15       -0.755449       -0.237273       -0.021719
     H   15       -0.237273        0.422445       -0.108655
     H   15       -0.021719       -0.108655        0.333004

     C   16        0.157926       -0.288934       -0.440594
     C   16       -0.288934       -0.260004       -0.592824
     C   16       -0.440594       -0.592824        0.102078

     C   17       -0.226705        0.357988       -0.269211
     C   17        0.357988       -0.167688       -0.296848
     C   17       -0.269211       -0.296848        0.394392

     Cl  18       -0.060625       -0.040341        0.304864
     Cl  18       -0.040341        0.233111        0.043392
     Cl  18        0.304864        0.043392       -0.172486

     H   19        0.066784       -0.205898        0.304537
     H   19       -0.205898       -0.099876        0.513736
     H   19        0.304537        0.513736        0.033092

     C   20       -0.209813       -0.093783       -0.341122
     C   20       -0.093783       -0.180957        0.395329
     C   20       -0.341122        0.395329        0.390770

     H   21        0.125747        0.077789       -0.268012
     H   21        0.077789        0.376497        0.323852
     H   21       -0.268012        0.323852       -0.502244

     C   22       -0.739985       -0.363338       -0.373929
     C   22       -0.363338        0.280515       -0.000515
     C   22       -0.373929       -0.000515        0.459470

     C   23        0.072432       -0.423951        0.066694
     C   23       -0.423951       -0.290800        0.491278
     C   23        0.066694        0.491278        0.218368

     Cl  24       -0.050299       -0.107882       -0.035585
     Cl  24       -0.107882       -0.001362        0.043898
     Cl  24       -0.035585        0.043898        0.051661

     ----- ionic term -----
     Cl   1        0.174986       -0.204176        0.022927
     Cl   1       -0.204176       -0.013063       -0.003450
     Cl   1        0.022927       -0.003450       -0.161924

     C    2        0.301087       -0.177545        0.204568
     C    2       -0.177545        0.095157        0.335608
     C    2        0.204568        0.335608       -0.396244

     C    3        0.246615       -0.229441        0.089970
     C    3       -0.229441        0.150707        0.383632
     C    3        0.089970        0.383632       -0.397322

     H    4        0.685049        0.355446        0.599360
     H    4        0.355446       -0.396765        0.251795
     H    4        0.599360        0.251795       -0.288285

     C    5        0.385250       -0.095147        0.113020
     C    5       -0.095147        0.034025        0.343332
     C    5        0.113020        0.343332       -0.419276

     H    6       -0.504790        0.047799        0.007561
     H    6        0.047799        0.641991        0.722701
     H    6        0.007561        0.722701       -0.137201

     H    7       -0.488436        0.256059       -0.115020
     H    7        0.256059        0.582906       -0.701209
     H    7       -0.115020       -0.701209       -0.094470

     C    8        0.199239        0.351010        0.339803
     C    8        0.351010       -0.089558       -0.262902
     C    8        0.339803       -0.262902       -0.109681

     H    9        0.221325       -0.290211        0.746805
     H    9       -0.290211       -0.410338       -0.362015
     H    9        0.746805       -0.362015        0.189013

     C   10        0.119858        0.374698        0.194250
     C   10        0.374698        0.004491       -0.403448
     C   10        0.194250       -0.403448       -0.124349

     C   11        0.121241        0.318701        0.277962
     C   11        0.318701       -0.080123       -0.431446
     C   11        0.277962       -0.431446       -0.041118

     Cl  12        0.207940        0.228630        0.052065
     Cl  12        0.228630       -0.071644        0.020308
     Cl  12        0.052065        0.020308       -0.136296

     H   13       -0.517711        0.097404        0.063135
     H   13        0.097404        0.757565        0.658856
     H   13        0.063135        0.658856       -0.239855

     C   14        0.333805       -0.120084        0.144153
     C   14       -0.120084        0.025023        0.318094
     C   14        0.144153        0.318094       -0.358827

     H   15        0.616741        0.499259        0.492041
     H   15        0.499259       -0.336184        0.291743
     H   15        0.492041        0.291743       -0.280557

     C   16        0.175175       -0.099824        0.071249
     C   16       -0.099824        0.136949        0.454484
     C   16        0.071249        0.454484       -0.312124

     C   17        0.278790       -0.005675        0.086942
     C   17       -0.005675        0.061535        0.474986
     C   17        0.086942        0.474986       -0.340325

     Cl  18        0.145820       -0.198624       -0.076659
     Cl  18       -0.198624       -0.041948        0.028638
     Cl  18       -0.076659        0.028638       -0.103872

     H   19       -0.475725        0.247264       -0.152984
     H   19        0.247264        0.503219       -0.735277
     H   19       -0.152984       -0.735277       -0.027494

     C   20        0.259635        0.353265        0.326447
     C   20        0.353265       -0.119728       -0.273348
     C   20        0.326447       -0.273348       -0.139907

     H   21        0.161336       -0.155245        0.766048
     H   21       -0.155245       -0.528194       -0.230463
     H   21        0.766048       -0.230463        0.366858

     C   22        0.183356        0.396549        0.233227
     C   22        0.396549       -0.035988       -0.317813
     C   22        0.233227       -0.317813       -0.147368

     C   23        0.055484        0.338604        0.341093
     C   23        0.338604       -0.005397       -0.352810
     C   23        0.341093       -0.352810       -0.050087

     Cl  24        0.109074        0.244570        0.062261
     Cl  24        0.244570        0.033478        0.046371
     Cl  24        0.062261        0.046371       -0.142551

     ----- GIPAW term -----
     Cl   1       -1.231506       -0.304872       -0.197778
     Cl   1       -0.304872        2.202465       -1.833665
     Cl   1       -0.197778       -1.833665       -0.970959

     C    2       -0.071377       -0.132438       -0.005502
     C    2       -0.132438        0.054350       -0.224748
     C    2       -0.005502       -0.224748        0.017027

     C    3       -0.047490       -0.041482        0.076253
     C    3       -0.041482        0.053182       -0.076107
     C    3        0.076253       -0.076107       -0.005692

     H    4       -0.000000        0.000000        0.000000
     H    4        0.000000        0.000000        0.000000
     H    4        0.000000        0.000000        0.000000

     C    5       -0.021670       -0.184570        0.035359
     C    5       -0.184570        0.070885       -0.190738
     C    5        0.035359       -0.190738       -0.049215

     H    6       -0.000000        0.000000        0.000000
     H    6        0.000000        0.000000        0.000000
     H    6        0.000000        0.000000        0.000000

     H    7       -0.000000        0.000000        0.000000
     H    7        0.000000        0.000000        0.000000
     H    7        0.000000        0.000000        0.000000

     C    8        0.026399        0.011551        0.022873
     C    8        0.011551        0.008366       -0.047749
     C    8        0.022873       -0.047749       -0.034765

     H    9       -0.000000        0.000000        0.000000
     H    9        0.000000        0.000000        0.000000
     H    9        0.000000        0.000000        0.000000

     C   10        0.014965        0.009838        0.028350
     C   10        0.009838       -0.012758       -0.025275
     C   10        0.028350       -0.025275       -0.002207

     C   11        0.043454       -0.027799       -0.214561
     C   11       -0.027799       -0.050765        0.163171
     C   11       -0.214561        0.163171        0.007312

     Cl  12       -0.600334        1.378545       -0.887571
     Cl  12        1.378545       -1.416962       -0.114747
     Cl  12       -0.887571       -0.114747        2.017297

     H   13       -0.000000        0.000000        0.000000
     H   13        0.000000        0.000000        0.000000
     H   13        0.000000        0.000000        0.000000

     C   14       -0.042695       -0.126147        0.120391
     C   14       -0.126147        0.080877       -0.146609
     C   14        0.120391       -0.146609       -0.038182

     H   15       -0.000000        0.000000        0.000000
     H   15        0.000000        0.000000        0.000000
     H   15        0.000000        0.000000        0.000000

     C   16        0.194641       -0.213293       -0.141718
     C   16       -0.213293       -0.075786       -0.051873
     C   16       -0.141718       -0.051873       -0.118855

     C   17        0.160746       -0.149502       -0.109093
     C   17       -0.149502       -0.068928        0.008633
     C   17       -0.109093        0.008633       -0.091818

     Cl  18        0.310827       -0.709083       -1.110596
     Cl  18       -0.709083       -0.609527       -0.666244
     Cl  18       -1.110596       -0.666244        0.298701

     H   19       -0.000000        0.000000        0.000000
     H   19        0.000000        0.000000        0.000000
     H   19        0.000000        0.000000        0.000000

     C   20       -0.048349        0.026617       -0.083851
     C   20        0.026617       -0.043615        0.005142
     C   20       -0.083851        0.005142        0.091964

     H   21       -0.000000        0.000000        0.000000
     H   21        0.000000        0.000000        0.000000
     H   21        0.000000        0.000000        0.000000

     C   22       -0.214812       -0.017568       -0.065239
     C   22       -0.017568        0.113207       -0.175254
     C   22       -0.065239       -0.175254        0.101605

     C   23        0.016516       -0.133701        0.092134
     C   23       -0.133701        0.078141       -0.072838
     C   23        0.092134       -0.072838       -0.094658

     Cl  24       -0.324238        0.241766        1.157390
     Cl  24        0.241766       -0.265233       -1.741071
     Cl  24        1.157390       -1.741071        0.589471

     ----- total EFG -----
     Cl   1       -1.312193       -0.206448       -0.167782
     Cl   1       -0.206448        2.266352       -1.912700
     Cl   1       -0.167782       -1.912700       -0.954159

     C    2        0.083226       -0.548053       -0.097432
     C    2       -0.548053        0.135586       -0.547297
     C    2       -0.097432       -0.547297       -0.218812

     C    3       -0.067564        0.079404        0.315749
     C    3        0.079404        0.141726        0.105224
     C    3        0.315749        0.105224       -0.074163

     H    4        0.510116       -0.084992        0.448991
     H    4       -0.084992       -0.578175        0.423971
     H    4        0.448991        0.423971        0.068059

     C    5        0.193656       -0.603783       -0.208573
     C    5       -0.603783        0.081917       -0.375996
     C    5       -0.208573       -0.375996       -0.275573

     H    6       -0.193210        0.306846       -0.079441
     H    6        0.306846       -0.033184        0.561453
     H    6       -0.079441        0.561453        0.226394

     H    7       -0.632506        0.191668        0.177007
     H    7        0.191668        0.795090       -0.395471
     H    7        0.177007       -0.395471       -0.162584

     C    8       -0.056150        0.487502        0.126224
     C    8        0.487502        0.259930       -0.412901
     C    8        0.126224       -0.412901       -0.203780

     H    9        0.362409       -0.256520        0.647757
     H    9       -0.256520        0.045787       -0.371901
     H    9        0.647757       -0.371901       -0.408196

     C   10        0.198456        0.167173        0.447609
     C   10        0.167173       -0.184026       -0.442169
     C   10        0.447609       -0.442169       -0.014431

     C   11        0.093359        0.210664       -0.487347
     C   11        0.210664       -0.261104        0.191332
     C   11       -0.487347        0.191332        0.167744

     Cl  12       -0.575103        1.483585       -0.911751
     Cl  12        1.483585       -1.606419       -0.102767
     Cl  12       -0.911751       -0.102767        2.181522

     H   13       -0.313070        0.073663       -0.228047
     H   13        0.073663        0.500043        0.186020
     H   13       -0.228047        0.186020       -0.186973

     C   14       -0.135992        0.086312        0.276375
     C   14        0.086312        0.171326       -0.193564
     C   14        0.276375       -0.193564       -0.035334

     H   15       -0.138708        0.261986        0.470322
     H   15        0.261986        0.086262        0.183088
     H   15        0.470322        0.183088        0.052447

     C   16        0.527743       -0.602051       -0.511063
     C   16       -0.602051       -0.198842       -0.190213
     C   16       -0.511063       -0.190213       -0.328900

     C   17        0.212832        0.202812       -0.291363
     C   17        0.202812       -0.175081        0.186772
     C   17       -0.291363        0.186772       -0.037750

     Cl  18        0.396022       -0.948047       -0.882390
     Cl  18       -0.948047       -0.418365       -0.594214
     Cl  18       -0.882390       -0.594214        0.022343

     H   19       -0.408941        0.041366        0.151553
     H   19        0.041366        0.403343       -0.221541
     H   19        0.151553       -0.221541        0.005598

     C   20        0.001473        0.286100       -0.098525
     C   20        0.286100       -0.344300        0.127123
     C   20       -0.098525        0.127123        0.342827

     H   21        0.287083       -0.077456        0.498036
     H   21       -0.077456       -0.151697        0.093390
     H   21        0.498036        0.093390       -0.135386

     C   22       -0.771440        0.015644       -0.205940
     C   22        0.015644        0.357734       -0.493583
     C   22       -0.205940       -0.493583        0.413707

     C   23        0.144432       -0.219049        0.499921
     C   23       -0.219049       -0.218055        0.065630
     C   23        0.499921        0.065630        0.073623

     Cl  24       -0.265463        0.378454        1.184066
     Cl  24        0.378454       -0.233117       -1.650801
     Cl  24        1.184066       -1.650801        0.498581

     ----- total EFG (symmetrized) -----
     Cl   1       -1.312193       -0.206448       -0.167782
     Cl   1       -0.206448        2.266352       -1.912700
     Cl   1       -0.167782       -1.912700       -0.954159

     C    2        0.083226       -0.548053       -0.097432
     C    2       -0.548053        0.135586       -0.547297
     C    2       -0.097432       -0.547297       -0.218812

     C    3       -0.067564        0.079404        0.315749
     C    3        0.079404        0.141726        0.105224
     C    3        0.315749        0.105224       -0.074163

     H    4        0.510116       -0.084992        0.448991
     H    4       -0.084992       -0.578175        0.423971
     H    4        0.448991        0.423971        0.068059

     C    5        0.193656       -0.603783       -0.208573
     C    5       -0.603783        0.081917       -0.375996
     C    5       -0.208573       -0.375996       -0.275573

     H    6       -0.193210        0.306846       -0.079441
     H    6        0.306846       -0.033184        0.561453
     H    6       -0.079441        0.561453        0.226394

     H    7       -0.632506        0.191668        0.177007
     H    7        0.191668        0.795090       -0.395471
     H    7        0.177007       -0.395471       -0.162584

     C    8       -0.056150        0.487502        0.126224
     C    8        0.487502        0.259930       -0.412901
     C    8        0.126224       -0.412901       -0.203780

     H    9        0.362409       -0.256520        0.647757
     H    9       -0.256520        0.045787       -0.371901
     H    9        0.647757       -0.371901       -0.408196

     C   10        0.198456        0.167173        0.447609
     C   10        0.167173       -0.184026       -0.442169
     C   10        0.447609       -0.442169       -0.014431

     C   11        0.093359        0.210664       -0.487347
     C   11        0.210664       -0.261104        0.191332
     C   11       -0.487347        0.191332        0.167744

     Cl  12       -0.575103        1.483585       -0.911751
     Cl  12        1.483585       -1.606419       -0.102767
     Cl  12       -0.911751       -0.102767        2.181522

     H   13       -0.313070        0.073663       -0.228047
     H   13        0.073663        0.500043        0.186020
     H   13       -0.228047        0.186020       -0.186973

     C   14       -0.135992        0.086312        0.276375
     C   14        0.086312        0.171326       -0.193564
     C   14        0.276375       -0.193564       -0.035334

     H   15       -0.138708        0.261986        0.470322
     H   15        0.261986        0.086262        0.183088
     H   15        0.470322        0.183088        0.052447

     C   16        0.527743       -0.602051       -0.511063
     C   16       -0.602051       -0.198842       -0.190213
     C   16       -0.511063       -0.190213       -0.328900

     C   17        0.212832        0.202812       -0.291363
     C   17        0.202812       -0.175081        0.186772
     C   17       -0.291363        0.186772       -0.037750

     Cl  18        0.396022       -0.948047       -0.882390
     Cl  18       -0.948047       -0.418365       -0.594214
     Cl  18       -0.882390       -0.594214        0.022343

     H   19       -0.408941        0.041366        0.151553
     H   19        0.041366        0.403343       -0.221541
     H   19        0.151553       -0.221541        0.005598

     C   20        0.001473        0.286100       -0.098525
     C   20        0.286100       -0.344300        0.127123
     C   20       -0.098525        0.127123        0.342827

     H   21        0.287083       -0.077456        0.498036
     H   21       -0.077456       -0.151697        0.093390
     H   21        0.498036        0.093390       -0.135386

     C   22       -0.771440        0.015644       -0.205940
     C   22        0.015644        0.357734       -0.493583
     C   22       -0.205940       -0.493583        0.413707

     C   23        0.144432       -0.219049        0.499921
     C   23       -0.219049       -0.218055        0.065630
     C   23        0.499921        0.065630        0.073623

     Cl  24       -0.265463        0.378454        1.184066
     Cl  24        0.378454       -0.233117       -1.650801
     Cl  24        1.184066       -1.650801        0.498581


     NQR/NMR SPECTROSCOPIC PARAMETERS:
     Cl   1    Vxx=   -1.2231    axis=(  0.932878 -0.129120 -0.336254)
     Cl   1    Vyy=   -1.9363    axis=(  0.359246  0.401146  0.842629)
     Cl   1    Vzz=    3.1594    axis=( -0.026087  0.906868 -0.420606)
     Cl   1  Q=        -8.1650 1e-30 m^2  Cq=       -60.6115 MHz  eta= 0.22571

     C    2    Vxx=    0.0332    axis=(  0.711492  0.185438 -0.677785)
     C    2    Vyy=    0.7866    axis=( -0.541607  0.759260 -0.360813)
     C    2    Vzz=   -0.8198    axis=(  0.447707  0.623808  0.640642)
     C    2  Q=         1.0000 1e-30 m^2  Cq=        -1.9262 MHz  eta= 0.91900

     C    3    Vxx=    0.0536    axis=(  0.425173 -0.825683  0.370776)
     C    3    Vyy=    0.3338    axis=( -0.576996 -0.562874 -0.591818)
     C    3    Vzz=   -0.3873    axis=(  0.697354  0.037688 -0.715735)
     C    3  Q=         1.0000 1e-30 m^2  Cq=        -0.9101 MHz  eta= 0.72331

     H    4    Vxx=    0.0409    axis=( -0.536436  0.525770  0.660153)
     H    4    Vyy=    0.8083    axis=( -0.815814 -0.122796 -0.565126)
     H    4    Vzz=   -0.8492    axis=(  0.216062  0.841717 -0.494803)
     H    4  Q=         1.0000 1e-30 m^2  Cq=        -1.9953 MHz  eta= 0.90373

     C    5    Vxx=    0.0487    axis=( -0.502570 -0.387625  0.772768)
     C    5    Vyy=    0.7552    axis=( -0.708308  0.697127 -0.110965)
     C    5    Vzz=   -0.8039    axis=( -0.495705 -0.603125 -0.624913)
     C    5  Q=         1.0000 1e-30 m^2  Cq=        -1.8889 MHz  eta= 0.87891

     H    6    Vxx=   -0.0302    axis=(  0.830811  0.324271 -0.452329)
     H    6    Vyy=   -0.6630    axis=( -0.534244  0.692468 -0.484842)
     H    6    Vzz=    0.6932    axis=(  0.156003  0.644466  0.748550)
     H    6  Q=         1.0000 1e-30 m^2  Cq=         1.6288 MHz  eta= 0.91289

     H    7    Vxx=   -0.1878    axis=(  0.450731  0.256174  0.855112)
     H    7    Vyy=   -0.7590    axis=( -0.889231  0.212731  0.404986)
     H    7    Vzz=    0.9467    axis=( -0.078162 -0.942932  0.323683)
     H    7  Q=         1.0000 1e-30 m^2  Cq=         2.2244 MHz  eta= 0.60335

     C    8    Vxx=   -0.0125    axis=(  0.681177 -0.125807  0.721229)
     C    8    Vyy=   -0.6866    axis=(  0.553845 -0.555719 -0.620025)
     C    8    Vzz=    0.6991    axis=( -0.478804 -0.821796  0.308865)
     C    8  Q=         1.0000 1e-30 m^2  Cq=         1.6427 MHz  eta= 0.96412

     H    9    Vxx=   -0.0973    axis=(  0.495220  0.868736 -0.007403)
     H    9    Vyy=   -0.8269    axis=( -0.421621  0.247776  0.872263)
     H    9    Vzz=    0.9242    axis=(  0.759600 -0.428841  0.488981)
     H    9  Q=         1.0000 1e-30 m^2  Cq=         2.1715 MHz  eta= 0.78950

     C   10    Vxx=    0.1537    axis=( -0.596655 -0.730423  0.332393)
     C   10    Vyy=    0.5886    axis=(  0.683513 -0.245518  0.687409)
     C   10    Vzz=   -0.7423    axis=(  0.420491 -0.637341 -0.645743)
     C   10  Q=         1.0000 1e-30 m^2  Cq=        -1.7441 MHz  eta= 0.58576

     C   11    Vxx=   -0.0210    axis=(  0.470751  0.764251  0.440811)
     C   11    Vyy=   -0.5983    axis=( -0.561617  0.644909 -0.518342)
     C   11    Vzz=    0.6193    axis=( -0.680426 -0.003557  0.732808)
     C   11  Q=         1.0000 1e-30 m^2  Cq=         1.4552 MHz  eta= 0.93224

     Cl  12    Vxx=    0.1703    axis=(  0.726463  0.585813  0.359270)
     Cl  12    Vyy=    2.5333    axis=( -0.341793 -0.145540  0.928437)
     Cl  12    Vzz=   -2.7036    axis=(  0.596178 -0.797271  0.094497)
     Cl  12  Q=        -8.1650 1e-30 m^2  Cq=        51.8677 MHz  eta= 0.87399

     H   13    Vxx=   -0.0314    axis=(  0.646547  0.170653 -0.743541)
     H   13    Vyy=   -0.5161    axis=( -0.762623  0.169557 -0.624224)
     H   13    Vzz=    0.5475    axis=( -0.019547 -0.970633 -0.239771)
     H   13  Q=         1.0000 1e-30 m^2  Cq=         1.2864 MHz  eta= 0.88541

     C   14    Vxx=    0.1236    axis=(  0.671171  0.592602  0.445368)
     C   14    Vyy=    0.3048    axis=( -0.244252  0.744026 -0.621906)
     C   14    Vzz=   -0.4284    axis=(  0.699908 -0.308623 -0.644112)
     C   14  Q=         1.0000 1e-30 m^2  Cq=        -1.0066 MHz  eta= 0.42292

     H   15    Vxx=   -0.0798    axis=(  0.190444 -0.847280  0.495831)
     H   15    Vyy=   -0.5374    axis=( -0.795474  0.162790  0.583712)
     H   15    Vzz=    0.6172    axis=(  0.575284  0.505585  0.642987)
     H   15  Q=         1.0000 1e-30 m^2  Cq=         1.4502 MHz  eta= 0.74152

     C   16    Vxx=   -0.0802    axis=(  0.088492  0.695037 -0.713508)
     C   16    Vyy=   -0.8916    axis=(  0.483631  0.596236  0.640783)
     C   16    Vzz=    0.9718    axis=(  0.870787 -0.401779 -0.283379)
     C   16  Q=         1.0000 1e-30 m^2  Cq=         2.2834 MHz  eta= 0.83490

     C   17    Vxx=    0.0596    axis=(  0.252564  0.726772  0.638759)
     C   17    Vyy=    0.4140    axis=( -0.857339 -0.137932  0.495928)
     C   17    Vzz=   -0.4736    axis=( -0.448532  0.672887 -0.588254)
     C   17  Q=         1.0000 1e-30 m^2  Cq=        -1.1127 MHz  eta= 0.74849

     Cl  18    Vxx=    0.4102    axis=( -0.136948  0.675982 -0.724081)
     Cl  18    Vyy=    1.2338    axis=(  0.833962 -0.315783 -0.452536)
     Cl  18    Vzz=   -1.6440    axis=( -0.534559 -0.665830 -0.520497)
     Cl  18  Q=        -8.1650 1e-30 m^2  Cq=        31.5396 MHz  eta= 0.50098

     H   19    Vxx=   -0.0298    axis=(  0.378009  0.392684  0.838397)
     H   19    Vyy=   -0.4730    axis=( -0.925394  0.133367  0.354768)
     H   19    Vzz=    0.5028    axis=(  0.027497 -0.909952  0.413801)
     H   19  Q=         1.0000 1e-30 m^2  Cq=         1.1815 MHz  eta= 0.88133

     C   20    Vxx=    0.1604    axis=(  0.853492  0.510354  0.105315)
     C   20    Vyy=    0.3742    axis=( -0.181091  0.100976  0.978269)
     C   20    Vzz=   -0.5346    axis=(  0.488629 -0.854016  0.178603)
     C   20  Q=         1.0000 1e-30 m^2  Cq=        -1.2560 MHz  eta= 0.39993

     H   21    Vxx=   -0.1109    axis=(  0.163787 -0.946494 -0.278070)
     H   21    Vyy=   -0.5062    axis=(  0.525718  0.322260 -0.787254)
     H   21    Vzz=    0.6171    axis=(  0.834742 -0.017245  0.550371)
     H   21  Q=         1.0000 1e-30 m^2  Cq=         1.4498 MHz  eta= 0.64069

     C   22    Vxx=   -0.0849    axis=( -0.179341  0.735210  0.653685)
     C   22    Vyy=   -0.8108    axis=( -0.979018 -0.068030 -0.192082)
     C   22    Vzz=    0.8957    axis=( -0.096750 -0.674417  0.731984)
     C   22  Q=         1.0000 1e-30 m^2  Cq=         2.1045 MHz  eta= 0.81035

     C   23    Vxx=   -0.1024    axis=(  0.283140 -0.819202 -0.498739)
     C   23    Vyy=   -0.5244    axis=(  0.606812  0.555716 -0.568294)
     C   23    Vzz=    0.6267    axis=( -0.742705  0.141734 -0.654447)
     C   23  Q=         1.0000 1e-30 m^2  Cq=         1.4726 MHz  eta= 0.67327

     Cl  24    Vxx=    0.1057    axis=(  0.803829  0.591528  0.062885)
     Cl  24    Vyy=    2.0564    axis=(  0.319760 -0.518809  0.792837)
     Cl  24    Vzz=   -2.1620    axis=(  0.501611 -0.617197 -0.606180)
     Cl  24  Q=        -8.1650 1e-30 m^2  Cq=        41.4775 MHz  eta= 0.90225

     Initialization:
     gipaw_setup  :      9.24s CPU     10.87s WALL (       1 calls)

     Linear response

     Apply operators

     Induced current

     Other routines
     efg          :      9.28s CPU     12.04s WALL (       1 calls)

     General routines
     calbec       :      3.26s CPU      4.50s WALL (      16 calls)
     fft          :      1.73s CPU      2.45s WALL (      15 calls)
     ffts         :      0.04s CPU      0.04s WALL (       2 calls)
     fftw         :      3.22s CPU      3.89s WALL (     672 calls)
     davcio       :      0.03s CPU      0.33s WALL (      32 calls)

     Parallel routines
     fft_scatter  :      2.26s CPU      3.56s WALL (     689 calls)

     Plugins

     GIPAW        :     60.56s CPU     71.85s WALL (       1 calls)
