
     Program QE v.6.0 (svn rev. 13079) starts on 16Dec2016 at 14:21:55 

     This program is part of the open-source Quantum ESPRESSO suite
     for quantum simulation of materials; please cite
         "P. Giannozzi et al., J. Phys.:Condens. Matter 21 395502 (2009);
          URL http://www.quantum-espresso.org", 
     in publications or presentations arising from this work. More details at
     http://www.quantum-espresso.org/quote

     Parallel version (MPI), running on     8 processors
     R & G space division:  proc/nbgrp/npool/nimage =       8

     ***** This is GIPAW svn revision unknown      *****

     Parallelizing q-star over 1 images

     Reading data from directory:
     /users/majewski/paradichlorobenzene/pbe/9_constraint/scratch/pbe.ecut100.np8.dt60.pcl2phi-129368.save
     Message from routine read_xml_file:
     file /users/majewski/paradichlorobenzene/pbe/9_constraint/scratch/pbe.ecut100.np8.dt60.pcl2phi-129368.save not guaranteed to be safe for post-processing

   Info: using nr1, nr2, nr3 values from input

   Info: using nr1, nr2, nr3 values from input

     IMPORTANT: XC functional enforced from input :
     Exchange-correlation      =  SLA  PW   PBX  PBC ( 1  4  3  4 0 0)
     Any further DFT definition will be discarded
     Please, verify this is what you really want

               file C.pbe-n-kjpaw_psl.1.0.0.UPF: wavefunction(s)  2S 2P renormalized
               file Cl.pbe-n-kjpaw_psl.1.0.0.UPF: wavefunction(s)  3S 3P renormalized
               file H.pbe-kjpaw_psl.1.0.0.UPF: wavefunction(s)  1S renormalized

     Parallelization info
     --------------------
     sticks:   dense  smooth     PW     G-vecs:    dense   smooth      PW
     Min        3057    1223    332               144436    36536    5170
     Max        3059    1225    333               144437    36537    5171
     Sum       24467    9791   2657              1155489   292295   41363


     Subspace diagonalization in iterative solution of the eigenvalue problem:
     a serial algorithm will be used

     GIPAW projectors -----------------------------------------------
     atom=  C    l=0  rc=    1.2000  rs=    0.8000
     atom=  C    l=0  rc=    1.2000  rs=    0.8000
     atom=  C    l=1  rc=    1.4000  rs=    0.9333
     atom=  C    l=1  rc=    1.4000  rs=    0.9333
     projs nearly linearly dependent: l=1  n1,n2= 1, 2  s=  0.99951561

     atom=  Cl   l=0  rc=    1.6000  rs=    1.0667
     atom=  Cl   l=0  rc=    1.6000  rs=    1.0667
     atom=  Cl   l=1  rc=    1.6000  rs=    1.0667
     atom=  Cl   l=1  rc=    1.6000  rs=    1.0667
     atom=  Cl   l=2  rc=    1.6000  rs=    1.0667
     atom=  Cl   l=2  rc=    1.6000  rs=    1.0667
     projs nearly linearly dependent: l=2  n1,n2= 1, 2  s=  0.99993509

     atom=  H    l=0  rc=    1.0000  rs=    0.6667
     atom=  H    l=0  rc=    1.0000  rs=    0.6667
     projs nearly linearly dependent: l=0  n1,n2= 1, 2  s=  0.99968852
     -----------------------------------------------------------------

     GIPAW integrals: -------------------------------------------
     Atom  i/j   nmr_para   nmr_dia   epr_rmc  epr_para   epr_dia
       C   1 1   0.83E+03  0.17E-01  0.93E+01  0.24E+08  0.24E+03
       C   2 1   0.86E+03 -0.61E-01  0.94E+01  0.25E+08  0.25E+03
       C   2 2   0.90E+03 -0.15E+00  0.97E+01  0.26E+08  0.26E+03
       C   3 3   0.33E+01  0.34E+00  0.18E+01  0.55E+03  0.21E+02
       C   4 3   0.35E+01  0.37E+00  0.20E+01  0.59E+03  0.22E+02
       C   4 4   0.38E+01  0.39E+00  0.22E+01  0.63E+03  0.24E+02
       Cl  1 1   0.14E+04 -0.47E+00  0.84E+01  0.32E+09  0.42E+03
       Cl  2 1   0.21E+04 -0.37E+00  0.12E+02  0.49E+09  0.65E+03
       Cl  2 2   0.33E+04 -0.16E+00  0.21E+02  0.76E+09  0.10E+04
       Cl  3 3   0.21E+02  0.79E-01  0.89E+01  0.23E+05  0.13E+03
       Cl  4 3   0.24E+02  0.67E-01  0.99E+01  0.27E+05  0.15E+03
       Cl  4 4   0.28E+02  0.44E-01  0.11E+02  0.32E+05  0.18E+03
       Cl  5 5   0.77E+00  0.19E+00  0.18E+01  0.12E+03  0.22E+02
       Cl  6 5   0.80E+00  0.19E+00  0.19E+01  0.12E+03  0.23E+02
       Cl  6 6   0.83E+00  0.20E+00  0.19E+01  0.12E+03  0.23E+02
       H   1 1   0.39E+02  0.19E+00  0.29E+00  0.78E+05  0.13E+02
       H   2 1   0.41E+02  0.21E+00  0.32E+00  0.82E+05  0.14E+02
       H   2 2   0.43E+02  0.22E+00  0.36E+00  0.86E+05  0.15E+02
     ------------------------------------------------------------

     alpha_pv=     33.5939 eV

     Number of occupied bands for each k-point:
     k-point:     1    nbnd_occ=  42
     k-point:     2    nbnd_occ=  42
     k-point:     3    nbnd_occ=  42
     k-point:     4    nbnd_occ=  42
     k-point:     5    nbnd_occ=  42
     k-point:     6    nbnd_occ=  42
     k-point:     7    nbnd_occ=  42
     k-point:     8    nbnd_occ=  42
     k-point:     9    nbnd_occ=  42
     k-point:    10    nbnd_occ=  42
     k-point:    11    nbnd_occ=  42
     k-point:    12    nbnd_occ=  42
     k-point:    13    nbnd_occ=  42
     k-point:    14    nbnd_occ=  42
     k-point:    15    nbnd_occ=  42
     k-point:    16    nbnd_occ=  42


     q-space interpolation up to   110.00 Rydberg

     GIPAW job: efg                                                                             


     ELECTRIC FIELD GRADIENTS TENSORS IN Hartree/bohrradius^2:

     ----- bare term -----
     Cl   1        0.118051        0.038745        0.094680
     Cl   1        0.038745        0.026228       -0.175058
     Cl   1        0.094680       -0.175058       -0.144279

     C    2       -0.739821        0.287775       -0.220576
     C    2        0.287775        0.230517       -0.092422
     C    2       -0.220576       -0.092422        0.509304

     C    3        0.324939       -0.015395        0.185812
     C    3       -0.015395       -0.286210       -0.148077
     C    3        0.185812       -0.148077       -0.038729

     H    4       -0.324922       -0.230322        0.270071
     H    4       -0.230322        0.193626       -0.000803
     H    4        0.270071       -0.000803        0.131296

     C    5       -0.442177        0.243031       -0.227798
     C    5        0.243031        0.161593        0.039739
     C    5       -0.227798        0.039739        0.280584

     H    6        0.303850       -0.351888        0.193027
     H    6       -0.351888       -0.513369        0.185390
     H    6        0.193027        0.185390        0.209520

     H    7        0.390232       -0.015332       -0.025074
     H    7       -0.015332       -0.617174        0.422908
     H    7       -0.025074        0.422908        0.226943

     C    8       -0.209302       -0.327420       -0.287561
     C    8       -0.327420       -0.122433        0.481412
     C    8       -0.287561        0.481412        0.331735

     H    9       -0.044728        0.058889       -0.514697
     H    9        0.058889        0.270420       -0.157634
     H    9       -0.514697       -0.157634       -0.225691

     C   10       -0.394403       -0.342635       -0.285318
     C   10       -0.342635       -0.047109        0.369023
     C   10       -0.285318        0.369023        0.441511

     C   11       -0.219314        0.076822       -0.336848
     C   11        0.076822       -0.059802        0.660479
     C   11       -0.336848        0.660479        0.279116

     Cl  12        0.014780       -0.179628        0.015528
     Cl  12       -0.179628        0.013162       -0.022605
     Cl  12        0.015528       -0.022605       -0.027942

     H   13        0.262193       -0.364792        0.095339
     H   13       -0.364792       -0.571324        0.114726
     H   13        0.095339        0.114726        0.309131

     C   14       -0.004729        0.161482       -0.069817
     C   14        0.161482       -0.110463       -0.356046
     C   14       -0.069817       -0.356046        0.115192

     H   15       -0.310726       -0.426169        0.142304
     H   15       -0.426169        0.066551        0.151780
     H   15        0.142304        0.151780        0.244175

     C   16       -0.232678        0.145624       -0.011700
     C   16        0.145624       -0.038164       -0.136787
     C   16       -0.011700       -0.136787        0.270842

     C   17       -0.025504       -0.184553       -0.382625
     C   17       -0.184553       -0.108225       -0.586317
     C   17       -0.382625       -0.586317        0.133730

     Cl  18       -0.171033        0.111858        0.048338
     Cl  18        0.111858       -0.033360       -0.121478
     Cl  18        0.048338       -0.121478        0.204393

     H   19        0.371653       -0.019674       -0.304839
     H   19       -0.019674       -0.158715        0.381367
     H   19       -0.304839        0.381367       -0.212938

     C   20       -0.512154       -0.327020       -0.091931
     C   20       -0.327020        0.166362        0.378473
     C   20       -0.091931        0.378473        0.345792

     H   21        0.131121       -0.064321       -0.399913
     H   21       -0.064321        0.087771       -0.264122
     H   21       -0.399913       -0.264122       -0.218892

     C   22        0.133228       -0.156692       -0.076442
     C   22       -0.156692       -0.102193        0.361061
     C   22       -0.076442        0.361061       -0.031035

     C   23       -0.169402       -0.161463       -0.268190
     C   23       -0.161463        0.004738       -0.061527
     C   23       -0.268190       -0.061527        0.164663

     Cl  24        0.085591        0.025682        0.005083
     Cl  24        0.025682       -0.100254       -0.161819
     Cl  24        0.005083       -0.161819        0.014663

     ----- ionic term -----
     Cl   1        0.133233       -0.187994       -0.014042
     Cl   1       -0.187994        0.018468        0.011780
     Cl   1       -0.014042        0.011780       -0.151701

     C    2        0.241282       -0.040540        0.036678
     C    2       -0.040540        0.301074        0.268942
     C    2        0.036678        0.268942       -0.542356

     C    3        0.241553       -0.154881       -0.022034
     C    3       -0.154881        0.319262        0.298640
     C    3       -0.022034        0.298640       -0.560815

     H    4        0.949961        0.439972        0.172047
     H    4        0.439972       -0.322161        0.096140
     H    4        0.172047        0.096140       -0.627801

     C    5        0.395151       -0.087072        0.028973
     C    5       -0.087072        0.178455        0.243051
     C    5        0.028973        0.243051       -0.573607

     H    6       -0.492361        0.207933        0.055093
     H    6        0.207933        0.915109        0.447239
     H    6        0.055093        0.447239       -0.422748

     H    7       -0.525369        0.086750       -0.042602
     H    7        0.086750        0.480637       -0.768787
     H    7       -0.042602       -0.768787        0.044732

     C    8        0.191736        0.341607        0.375977
     C    8        0.341607        0.032388       -0.220628
     C    8        0.375977       -0.220628       -0.224125

     H    9        0.392350        0.046173        0.792191
     H    9        0.046173       -0.528424       -0.028650
     H    9        0.792191       -0.028650        0.136075

     C   10        0.058390        0.369569        0.281612
     C   10        0.369569        0.148391       -0.262494
     C   10        0.281612       -0.262494       -0.206781

     C   11        0.097150        0.225585        0.308406
     C   11        0.225585        0.111213       -0.341759
     C   11        0.308406       -0.341759       -0.208363

     Cl  12        0.088006        0.183514        0.021780
     Cl  12        0.183514        0.067501        0.006319
     Cl  12        0.021780        0.006319       -0.155507

     H   13       -0.477985        0.289225        0.055865
     H   13        0.289225        0.944475        0.358325
     H   13        0.055865        0.358325       -0.466490

     C   14        0.305863       -0.028925       -0.001425
     C   14       -0.028925        0.226938        0.214864
     C   14       -0.001425        0.214864       -0.532801

     H   15        0.830532        0.420378        0.362380
     H   15        0.420378       -0.331189        0.155745
     H   15        0.362380        0.155745       -0.499342

     C   16        0.199531       -0.073633        0.025704
     C   16       -0.073633        0.322026        0.271742
     C   16        0.025704        0.271742       -0.521557

     C   17        0.322891        0.008790        0.061698
     C   17        0.008790        0.252594        0.249728
     C   17        0.061698        0.249728       -0.575485

     Cl  18        0.110924       -0.170418       -0.037419
     Cl  18       -0.170418        0.029500        0.021653
     Cl  18       -0.037419        0.021653       -0.140424

     H   19       -0.493001       -0.216896        0.124578
     H   19       -0.216896        0.713048       -0.635281
     H   19        0.124578       -0.635281       -0.220047

     C   20        0.180656        0.241930        0.320927
     C   20        0.241930        0.141754       -0.239861
     C   20        0.320927       -0.239861       -0.322410

     H   21        0.522940       -0.050830        0.771030
     H   21       -0.050830       -0.470776       -0.123462
     H   21        0.771030       -0.123462       -0.052164

     C   22        0.087810        0.319308        0.255037
     C   22        0.319308        0.224064       -0.291790
     C   22        0.255037       -0.291790       -0.311874

     C   23        0.194977        0.226701        0.396501
     C   23        0.226701        0.030672       -0.293327
     C   23        0.396501       -0.293327       -0.225649

     Cl  24        0.150390        0.208265        0.017564
     Cl  24        0.208265       -0.004464        0.002839
     Cl  24        0.017564        0.002839       -0.145927

     ----- GIPAW term -----
     Cl   1       -0.409472       -1.190490        0.036624
     Cl   1       -1.190490       -0.535856        1.231876
     Cl   1        0.036624        1.231876        0.945328

     C    2       -0.136618       -0.011338       -0.005752
     C    2       -0.011338       -0.009445        0.106195
     C    2       -0.005752        0.106195        0.146064

     C    3        0.027507       -0.012804        0.028095
     C    3       -0.012804        0.007882        0.038757
     C    3        0.028095        0.038757       -0.035389

     H    4       -0.000000        0.000000        0.000000
     H    4        0.000000        0.000000        0.000000
     H    4        0.000000        0.000000        0.000000

     C    5       -0.043894        0.005195       -0.054972
     C    5        0.005195       -0.011715        0.041203
     C    5       -0.054972        0.041203        0.055609

     H    6       -0.000000        0.000000        0.000000
     H    6        0.000000        0.000000        0.000000
     H    6        0.000000        0.000000        0.000000

     H    7       -0.000000        0.000000        0.000000
     H    7        0.000000        0.000000        0.000000
     H    7        0.000000        0.000000        0.000000

     C    8       -0.036368       -0.162150       -0.104065
     C    8       -0.162150        0.035196        0.206594
     C    8       -0.104065        0.206594        0.001172

     H    9       -0.000000        0.000000        0.000000
     H    9        0.000000        0.000000        0.000000
     H    9        0.000000        0.000000        0.000000

     C   10       -0.122013       -0.046362       -0.070017
     C   10       -0.046362        0.064119        0.031310
     C   10       -0.070017        0.031310        0.057894

     C   11       -0.029359        0.136122       -0.060613
     C   11        0.136122        0.017553        0.202838
     C   11       -0.060613        0.202838        0.011806

     Cl  12        1.660101        0.902539        0.141124
     Cl  12        0.902539        0.273837       -0.184070
     Cl  12        0.141124       -0.184070       -1.933938

     H   13       -0.000000        0.000000        0.000000
     H   13        0.000000        0.000000        0.000000
     H   13        0.000000        0.000000        0.000000

     C   14       -0.038071        0.105107       -0.001204
     C   14        0.105107        0.149181       -0.088216
     C   14       -0.001204       -0.088216       -0.111110

     H   15       -0.000000        0.000000        0.000000
     H   15        0.000000        0.000000        0.000000
     H   15        0.000000        0.000000        0.000000

     C   16       -0.064358        0.034690       -0.031046
     C   16        0.034690        0.038276       -0.074719
     C   16       -0.031046       -0.074719        0.026082

     C   17        0.029546       -0.207286       -0.075712
     C   17       -0.207286        0.092411       -0.039079
     C   17       -0.075712       -0.039079       -0.121956

     Cl  18        0.292154       -1.866022        0.360097
     Cl  18       -1.866022       -0.185703       -1.031409
     Cl  18        0.360097       -1.031409       -0.106451

     H   19       -0.000000        0.000000        0.000000
     H   19        0.000000        0.000000        0.000000
     H   19        0.000000        0.000000        0.000000

     C   20       -0.170977       -0.010288        0.027987
     C   20       -0.010288        0.095875        0.214870
     C   20        0.027987        0.214870        0.075102

     H   21       -0.000000        0.000000        0.000000
     H   21        0.000000        0.000000        0.000000
     H   21        0.000000        0.000000        0.000000

     C   22       -0.041086       -0.036411       -0.025790
     C   22       -0.036411        0.067149        0.102215
     C   22       -0.025790        0.102215       -0.026063

     C   23        0.007166       -0.018308       -0.028903
     C   23       -0.018308        0.019811        0.000009
     C   23       -0.028903        0.000009       -0.026977

     Cl  24       -0.133902        0.292531       -0.846852
     Cl  24        0.292531        0.677634        1.660932
     Cl  24       -0.846852        1.660932       -0.543733

     ----- total EFG -----
     Cl   1       -0.158188       -1.339738        0.117262
     Cl   1       -1.339738       -0.491160        1.068598
     Cl   1        0.117262        1.068598        0.649348

     C    2       -0.635157        0.235897       -0.189649
     C    2        0.235897        0.522146        0.282715
     C    2       -0.189649        0.282715        0.113011

     C    3        0.593999       -0.183080        0.191874
     C    3       -0.183080        0.040934        0.189320
     C    3        0.191874        0.189320       -0.634933

     H    4        0.625039        0.209649        0.442118
     H    4        0.209649       -0.128534        0.095336
     H    4        0.442118        0.095336       -0.496505

     C    5       -0.090919        0.161153       -0.253798
     C    5        0.161153        0.328333        0.323992
     C    5       -0.253798        0.323992       -0.237414

     H    6       -0.188511       -0.143955        0.248121
     H    6       -0.143955        0.401739        0.632629
     H    6        0.248121        0.632629       -0.213228

     H    7       -0.135137        0.071419       -0.067676
     H    7        0.071419       -0.136537       -0.345879
     H    7       -0.067676       -0.345879        0.271674

     C    8       -0.053934       -0.147962       -0.015649
     C    8       -0.147962       -0.054849        0.467377
     C    8       -0.015649        0.467377        0.108782

     H    9        0.347621        0.105062        0.277495
     H    9        0.105062       -0.258005       -0.186284
     H    9        0.277495       -0.186284       -0.089617

     C   10       -0.458026       -0.019428       -0.073723
     C   10       -0.019428        0.165401        0.137839
     C   10       -0.073723        0.137839        0.292624

     C   11       -0.151522        0.438530       -0.089055
     C   11        0.438530        0.068964        0.521558
     C   11       -0.089055        0.521558        0.082559

     Cl  12        1.762887        0.906425        0.178432
     Cl  12        0.906425        0.354500       -0.200355
     Cl  12        0.178432       -0.200355       -2.117387

     H   13       -0.215792       -0.075567        0.151204
     H   13       -0.075567        0.373150        0.473051
     H   13        0.151204        0.473051       -0.157359

     C   14        0.263063        0.237665       -0.072446
     C   14        0.237665        0.265656       -0.229397
     C   14       -0.072446       -0.229397       -0.528719

     H   15        0.519806       -0.005791        0.504684
     H   15       -0.005791       -0.264639        0.307525
     H   15        0.504684        0.307525       -0.255167

     C   16       -0.097505        0.106680       -0.017042
     C   16        0.106680        0.322138        0.060235
     C   16       -0.017042        0.060235       -0.224633

     C   17        0.326932       -0.383049       -0.396640
     C   17       -0.383049        0.236780       -0.375668
     C   17       -0.396640       -0.375668       -0.563712

     Cl  18        0.232045       -1.924581        0.371016
     Cl  18       -1.924581       -0.189562       -1.131234
     Cl  18        0.371016       -1.131234       -0.042483

     H   19       -0.121348       -0.236570       -0.180261
     H   19       -0.236570        0.554333       -0.253913
     H   19       -0.180261       -0.253913       -0.432985

     C   20       -0.502475       -0.095378        0.256984
     C   20       -0.095378        0.403990        0.353482
     C   20        0.256984        0.353482        0.098484

     H   21        0.654061       -0.115151        0.371117
     H   21       -0.115151       -0.383004       -0.387584
     H   21        0.371117       -0.387584       -0.271056

     C   22        0.179952        0.126205        0.152805
     C   22        0.126205        0.189020        0.171486
     C   22        0.152805        0.171486       -0.368972

     C   23        0.032741        0.046930        0.099408
     C   23        0.046930        0.055221       -0.354845
     C   23        0.099408       -0.354845       -0.087962

     Cl  24        0.102080        0.526478       -0.824205
     Cl  24        0.526478        0.572916        1.501953
     Cl  24       -0.824205        1.501953       -0.674996

     ----- total EFG (symmetrized) -----
     Cl   1       -0.158188       -1.339738        0.117262
     Cl   1       -1.339738       -0.491160        1.068598
     Cl   1        0.117262        1.068598        0.649348

     C    2       -0.635157        0.235897       -0.189649
     C    2        0.235897        0.522146        0.282715
     C    2       -0.189649        0.282715        0.113011

     C    3        0.593999       -0.183080        0.191874
     C    3       -0.183080        0.040934        0.189320
     C    3        0.191874        0.189320       -0.634933

     H    4        0.625039        0.209649        0.442118
     H    4        0.209649       -0.128534        0.095336
     H    4        0.442118        0.095336       -0.496505

     C    5       -0.090919        0.161153       -0.253798
     C    5        0.161153        0.328333        0.323992
     C    5       -0.253798        0.323992       -0.237414

     H    6       -0.188511       -0.143955        0.248121
     H    6       -0.143955        0.401739        0.632629
     H    6        0.248121        0.632629       -0.213228

     H    7       -0.135137        0.071419       -0.067676
     H    7        0.071419       -0.136537       -0.345879
     H    7       -0.067676       -0.345879        0.271674

     C    8       -0.053934       -0.147962       -0.015649
     C    8       -0.147962       -0.054849        0.467377
     C    8       -0.015649        0.467377        0.108782

     H    9        0.347621        0.105062        0.277495
     H    9        0.105062       -0.258005       -0.186284
     H    9        0.277495       -0.186284       -0.089617

     C   10       -0.458026       -0.019428       -0.073723
     C   10       -0.019428        0.165401        0.137839
     C   10       -0.073723        0.137839        0.292624

     C   11       -0.151522        0.438530       -0.089055
     C   11        0.438530        0.068964        0.521558
     C   11       -0.089055        0.521558        0.082559

     Cl  12        1.762887        0.906425        0.178432
     Cl  12        0.906425        0.354500       -0.200355
     Cl  12        0.178432       -0.200355       -2.117387

     H   13       -0.215792       -0.075567        0.151204
     H   13       -0.075567        0.373150        0.473051
     H   13        0.151204        0.473051       -0.157359

     C   14        0.263063        0.237665       -0.072446
     C   14        0.237665        0.265656       -0.229397
     C   14       -0.072446       -0.229397       -0.528719

     H   15        0.519806       -0.005791        0.504684
     H   15       -0.005791       -0.264639        0.307525
     H   15        0.504684        0.307525       -0.255167

     C   16       -0.097505        0.106680       -0.017042
     C   16        0.106680        0.322138        0.060235
     C   16       -0.017042        0.060235       -0.224633

     C   17        0.326932       -0.383049       -0.396640
     C   17       -0.383049        0.236780       -0.375668
     C   17       -0.396640       -0.375668       -0.563712

     Cl  18        0.232045       -1.924581        0.371016
     Cl  18       -1.924581       -0.189562       -1.131234
     Cl  18        0.371016       -1.131234       -0.042483

     H   19       -0.121348       -0.236570       -0.180261
     H   19       -0.236570        0.554333       -0.253913
     H   19       -0.180261       -0.253913       -0.432985

     C   20       -0.502475       -0.095378        0.256984
     C   20       -0.095378        0.403990        0.353482
     C   20        0.256984        0.353482        0.098484

     H   21        0.654061       -0.115151        0.371117
     H   21       -0.115151       -0.383004       -0.387584
     H   21        0.371117       -0.387584       -0.271056

     C   22        0.179952        0.126205        0.152805
     C   22        0.126205        0.189020        0.171486
     C   22        0.152805        0.171486       -0.368972

     C   23        0.032741        0.046930        0.099408
     C   23        0.046930        0.055221       -0.354845
     C   23        0.099408       -0.354845       -0.087962

     Cl  24        0.102080        0.526478       -0.824205
     Cl  24        0.526478        0.572916        1.501953
     Cl  24       -0.824205        1.501953       -0.674996


     NQR/NMR SPECTROSCOPIC PARAMETERS:
     Cl   1    Vxx=    0.4034    axis=(  0.696642 -0.232629  0.678656)
     Cl   1    Vyy=    1.5794    axis=( -0.432576  0.618462  0.656036)
     Cl   1    Vzz=   -1.9828    axis=(  0.572336  0.750592 -0.330217)
     Cl   1  Q=        -8.1650 1e-30 m^2  Cq=        38.0399 MHz  eta= 0.59309

     C    2    Vxx=    0.0726    axis=( -0.351411 -0.359297  0.864532)
     C    2    Vyy=    0.6792    axis=(  0.101964  0.903246  0.416833)
     C    2    Vzz=   -0.7518    axis=( -0.930652  0.234631 -0.280776)
     C    2  Q=         1.0000 1e-30 m^2  Cq=        -1.7665 MHz  eta= 0.80687

     C    3    Vxx=    0.0629    axis=(  0.208247  0.927976  0.309019)
     C    3    Vyy=    0.6628    axis=(  0.962181 -0.251097  0.105627)
     C    3    Vzz=   -0.7257    axis=( -0.175613 -0.275336  0.945172)
     C    3  Q=         1.0000 1e-30 m^2  Cq=        -1.7052 MHz  eta= 0.82668

     H    4    Vxx=   -0.1823    axis=(  0.233708 -0.971712  0.034013)
     H    4    Vyy=   -0.6508    axis=(  0.320655  0.044002 -0.946173)
     H    4    Vzz=    0.8331    axis=(  0.917911  0.232035  0.321868)
     H    4  Q=         1.0000 1e-30 m^2  Cq=         1.9574 MHz  eta= 0.56235

     C    5    Vxx=    0.0909    axis=(  0.844047  0.135258 -0.518931)
     C    5    Vyy=    0.4793    axis=( -0.088820 -0.919046 -0.384013)
     C    5    Vzz=   -0.5702    axis=(  0.528862 -0.370217  0.763704)
     C    5  Q=         1.0000 1e-30 m^2  Cq=        -1.3398 MHz  eta= 0.68103

     H    6    Vxx=   -0.0433    axis=(  0.891972 -0.248404  0.377733)
     H    6    Vyy=   -0.7544    axis=(  0.451973  0.470850 -0.757642)
     H    6    Vzz=    0.7978    axis=(  0.010346  0.846520  0.532257)
     H    6  Q=         1.0000 1e-30 m^2  Cq=         1.8744 MHz  eta= 0.89133

     H    7    Vxx=   -0.1453    axis=(  0.977658  0.053700  0.203229)
     H    7    Vyy=   -0.3383    axis=( -0.146508  0.867370  0.475610)
     H    7    Vzz=    0.4835    axis=( -0.150734 -0.494758  0.855858)
     H    7  Q=         1.0000 1e-30 m^2  Cq=         1.1361 MHz  eta= 0.39909

     C    8    Vxx=   -0.0481    axis=(  0.951381 -0.068944  0.300200)
     C    8    Vyy=   -0.4736    axis=(  0.245218  0.759319 -0.602747)
     C    8    Vzz=    0.5218    axis=( -0.186392  0.647056  0.739308)
     C    8  Q=         1.0000 1e-30 m^2  Cq=         1.2260 MHz  eta= 0.81544

     H    9    Vxx=   -0.0272    axis=( -0.304873 -0.678284  0.668568)
     H    9    Vyy=   -0.4554    axis=( -0.305496  0.734541  0.605906)
     H    9    Vzz=    0.4825    axis=(  0.902067  0.019521  0.431155)
     H    9  Q=         1.0000 1e-30 m^2  Cq=         1.1337 MHz  eta= 0.88740

     C   10    Vxx=    0.0782    axis=(  0.042173  0.846984 -0.529944)
     C   10    Vyy=    0.3871    axis=( -0.085733  0.531527  0.842692)
     C   10    Vzz=   -0.4653    axis=( -0.995425 -0.009894 -0.095030)
     C   10  Q=         1.0000 1e-30 m^2  Cq=        -1.0932 MHz  eta= 0.66388

     C   11    Vxx=    0.0344    axis=( -0.745871 -0.186386  0.639481)
     C   11    Vyy=    0.6818    axis=( -0.324382 -0.736874 -0.593121)
     C   11    Vzz=   -0.7162    axis=( -0.581767  0.649828 -0.489153)
     C   11  Q=         1.0000 1e-30 m^2  Cq=        -1.6829 MHz  eta= 0.90390

     Cl  12    Vxx=   -0.0568    axis=( -0.432627  0.892965 -0.124285)
     Cl  12    Vyy=   -2.1510    axis=( -0.069420  0.104451  0.992104)
     Cl  12    Vzz=    2.2077    axis=(  0.898896  0.437839  0.016802)
     Cl  12  Q=        -8.1650 1e-30 m^2  Cq=       -42.3542 MHz  eta= 0.94858

     H   13    Vxx=   -0.1242    axis=(  0.878463 -0.252391  0.405710)
     H   13    Vyy=   -0.5261    axis=(  0.477623  0.440113 -0.760379)
     H   13    Vzz=    0.6504    axis=(  0.013354  0.861742  0.507172)
     H   13  Q=         1.0000 1e-30 m^2  Cq=         1.5282 MHz  eta= 0.61793

     C   14    Vxx=    0.0448    axis=(  0.750877 -0.640438  0.161317)
     C   14    Vyy=    0.5455    axis=(  0.660355  0.724064 -0.199156)
     C   14    Vzz=   -0.5903    axis=(  0.010743  0.256068  0.966599)
     C   14  Q=         1.0000 1e-30 m^2  Cq=        -1.3870 MHz  eta= 0.84825

     H   15    Vxx=   -0.0950    axis=(  0.358291 -0.820271 -0.445851)
     H   15    Vyy=   -0.6909    axis=(  0.321864  0.556805 -0.765749)
     H   15    Vzz=    0.7859    axis=(  0.876374  0.130858  0.463514)
     H   15  Q=         1.0000 1e-30 m^2  Cq=         1.8465 MHz  eta= 0.75834

     C   16    Vxx=   -0.1150    axis=(  0.946912 -0.195971 -0.254857)
     C   16    Vyy=   -0.2379    axis=(  0.228580 -0.147053  0.962355)
     C   16    Vzz=    0.3529    axis=( -0.226071 -0.969521 -0.094451)
     C   16  Q=         1.0000 1e-30 m^2  Cq=         0.8291 MHz  eta= 0.34824

     C   17    Vxx=    0.2555    axis=(  0.506842  0.663904 -0.549857)
     C   17    Vyy=    0.6701    axis=( -0.771229  0.634191  0.054833)
     C   17    Vzz=   -0.9256    axis=(  0.385119  0.396274  0.833457)
     C   17  Q=         1.0000 1e-30 m^2  Cq=        -2.1748 MHz  eta= 0.44796

     Cl  18    Vxx=   -0.2961    axis=( -0.505402  0.027574  0.862443)
     Cl  18    Vyy=   -2.1106    axis=(  0.573214  0.757813  0.311681)
     Cl  18    Vzz=    2.4067    axis=( -0.644976  0.651889 -0.398806)
     Cl  18  Q=        -8.1650 1e-30 m^2  Cq=       -46.1706 MHz  eta= 0.75396

     H   19    Vxx=   -0.0531    axis=(  0.859952  0.128431 -0.493952)
     H   19    Vyy=   -0.6103    axis=(  0.447322  0.276324  0.850616)
     H   19    Vzz=    0.6634    axis=(  0.245736 -0.952445  0.180175)
     H   19  Q=         1.0000 1e-30 m^2  Cq=         1.5587 MHz  eta= 0.83980

     C   20    Vxx=    0.0051    axis=(  0.460998 -0.524267  0.715978)
     C   20    Vyy=    0.6399    axis=(  0.058394  0.822999  0.565033)
     C   20    Vzz=   -0.6450    axis=( -0.885478 -0.218670  0.410015)
     C   20  Q=         1.0000 1e-30 m^2  Cq=        -1.5155 MHz  eta= 0.98414

     H   21    Vxx=   -0.0960    axis=( -0.409018 -0.671001  0.618435)
     H   21    Vyy=   -0.7383    axis=(  0.125083 -0.712546 -0.690385)
     H   21    Vzz=    0.8343    axis=(  0.903913 -0.205024  0.375375)
     H   21  Q=         1.0000 1e-30 m^2  Cq=         1.9603 MHz  eta= 0.76992

     C   22    Vxx=    0.0583    axis=(  0.728575 -0.684817 -0.014292)
     C   22    Vyy=    0.3810    axis=(  0.657935  0.693866  0.292698)
     C   22    Vzz=   -0.4394    axis=( -0.190528 -0.222655  0.956098)
     C   22  Q=         1.0000 1e-30 m^2  Cq=        -1.0323 MHz  eta= 0.73448

     C   23    Vxx=    0.0564    axis=(  0.967347  0.219239  0.127179)
     C   23    Vyy=    0.3480    axis=(  0.088566 -0.762534  0.640857)
     C   23    Vzz=   -0.4044    axis=(  0.237479 -0.608668 -0.757052)
     C   23  Q=         1.0000 1e-30 m^2  Cq=        -0.9503 MHz  eta= 0.72087

     Cl  24    Vxx=    0.5340    axis=(  0.914453  0.238806 -0.326723)
     Cl  24    Vyy=    1.5757    axis=(  0.016651 -0.828854 -0.559218)
     Cl  24    Vzz=   -2.1097    axis=( -0.404350  0.505938 -0.761924)
     Cl  24  Q=        -8.1650 1e-30 m^2  Cq=        40.4742 MHz  eta= 0.49373

     Initialization:
     gipaw_setup  :      8.81s CPU     10.57s WALL (       1 calls)

     Linear response

     Apply operators

     Induced current

     Other routines
     efg          :      9.36s CPU     11.60s WALL (       1 calls)

     General routines
     calbec       :      3.24s CPU      4.27s WALL (      16 calls)
     fft          :      1.46s CPU      2.04s WALL (      15 calls)
     ffts         :      0.04s CPU      0.05s WALL (       2 calls)
     fftw         :      3.36s CPU      3.90s WALL (     672 calls)
     davcio       :      0.03s CPU      0.33s WALL (      32 calls)

     Parallel routines
     fft_scatter  :      1.93s CPU      2.90s WALL (     689 calls)

     Plugins

     GIPAW        :     61.11s CPU     81.12s WALL (       1 calls)
