
     Program QE v.6.0 (svn rev. 13079) starts on 19Dec2016 at 19:16:52 

     This program is part of the open-source Quantum ESPRESSO suite
     for quantum simulation of materials; please cite
         "P. Giannozzi et al., J. Phys.:Condens. Matter 21 395502 (2009);
          URL http://www.quantum-espresso.org", 
     in publications or presentations arising from this work. More details at
     http://www.quantum-espresso.org/quote

     Parallel version (MPI), running on     8 processors
     R & G space division:  proc/nbgrp/npool/nimage =       8

     ***** This is GIPAW svn revision unknown      *****

     Parallelizing q-star over 1 images

     Reading data from directory:
     /users/majewski/paradichlorobenzene/pbe/9_constraint/scratch/pbe.ecut100.np8.dt60.pcl2phi-129368.save
     Message from routine read_xml_file:
     file /users/majewski/paradichlorobenzene/pbe/9_constraint/scratch/pbe.ecut100.np8.dt60.pcl2phi-129368.save not guaranteed to be safe for post-processing

   Info: using nr1, nr2, nr3 values from input

   Info: using nr1, nr2, nr3 values from input

     IMPORTANT: XC functional enforced from input :
     Exchange-correlation      =  SLA  PW   PBX  PBC ( 1  4  3  4 0 0)
     Any further DFT definition will be discarded
     Please, verify this is what you really want

               file C.pbe-n-kjpaw_psl.1.0.0.UPF: wavefunction(s)  2S 2P renormalized
               file Cl.pbe-n-kjpaw_psl.1.0.0.UPF: wavefunction(s)  3S 3P renormalized
               file H.pbe-kjpaw_psl.1.0.0.UPF: wavefunction(s)  1S renormalized

     Parallelization info
     --------------------
     sticks:   dense  smooth     PW     G-vecs:    dense   smooth      PW
     Min        3057    1223    332               144436    36536    5170
     Max        3059    1225    333               144437    36537    5171
     Sum       24467    9791   2657              1155489   292295   41363


     Subspace diagonalization in iterative solution of the eigenvalue problem:
     a serial algorithm will be used

     GIPAW projectors -----------------------------------------------
     atom=  C    l=0  rc=    1.2000  rs=    0.8000
     atom=  C    l=0  rc=    1.2000  rs=    0.8000
     atom=  C    l=1  rc=    1.4000  rs=    0.9333
     atom=  C    l=1  rc=    1.4000  rs=    0.9333
     projs nearly linearly dependent: l=1  n1,n2= 1, 2  s=  0.99951561

     atom=  Cl   l=0  rc=    1.6000  rs=    1.0667
     atom=  Cl   l=0  rc=    1.6000  rs=    1.0667
     atom=  Cl   l=1  rc=    1.6000  rs=    1.0667
     atom=  Cl   l=1  rc=    1.6000  rs=    1.0667
     atom=  Cl   l=2  rc=    1.6000  rs=    1.0667
     atom=  Cl   l=2  rc=    1.6000  rs=    1.0667
     projs nearly linearly dependent: l=2  n1,n2= 1, 2  s=  0.99993509

     atom=  H    l=0  rc=    1.0000  rs=    0.6667
     atom=  H    l=0  rc=    1.0000  rs=    0.6667
     projs nearly linearly dependent: l=0  n1,n2= 1, 2  s=  0.99968852
     -----------------------------------------------------------------

     GIPAW integrals: -------------------------------------------
     Atom  i/j   nmr_para   nmr_dia   epr_rmc  epr_para   epr_dia
       C   1 1   0.83E+03  0.17E-01  0.93E+01  0.24E+08  0.24E+03
       C   2 1   0.86E+03 -0.61E-01  0.94E+01  0.25E+08  0.25E+03
       C   2 2   0.90E+03 -0.15E+00  0.97E+01  0.26E+08  0.26E+03
       C   3 3   0.33E+01  0.34E+00  0.18E+01  0.55E+03  0.21E+02
       C   4 3   0.35E+01  0.37E+00  0.20E+01  0.59E+03  0.22E+02
       C   4 4   0.38E+01  0.39E+00  0.22E+01  0.63E+03  0.24E+02
       Cl  1 1   0.14E+04 -0.47E+00  0.84E+01  0.32E+09  0.42E+03
       Cl  2 1   0.21E+04 -0.37E+00  0.12E+02  0.49E+09  0.65E+03
       Cl  2 2   0.33E+04 -0.16E+00  0.21E+02  0.76E+09  0.10E+04
       Cl  3 3   0.21E+02  0.79E-01  0.89E+01  0.23E+05  0.13E+03
       Cl  4 3   0.24E+02  0.67E-01  0.99E+01  0.27E+05  0.15E+03
       Cl  4 4   0.28E+02  0.44E-01  0.11E+02  0.32E+05  0.18E+03
       Cl  5 5   0.77E+00  0.19E+00  0.18E+01  0.12E+03  0.22E+02
       Cl  6 5   0.80E+00  0.19E+00  0.19E+01  0.12E+03  0.23E+02
       Cl  6 6   0.83E+00  0.20E+00  0.19E+01  0.12E+03  0.23E+02
       H   1 1   0.39E+02  0.19E+00  0.29E+00  0.78E+05  0.13E+02
       H   2 1   0.41E+02  0.21E+00  0.32E+00  0.82E+05  0.14E+02
       H   2 2   0.43E+02  0.22E+00  0.36E+00  0.86E+05  0.15E+02
     ------------------------------------------------------------

     alpha_pv=     34.0377 eV

     Number of occupied bands for each k-point:
     k-point:     1    nbnd_occ=  42
     k-point:     2    nbnd_occ=  42
     k-point:     3    nbnd_occ=  42
     k-point:     4    nbnd_occ=  42
     k-point:     5    nbnd_occ=  42
     k-point:     6    nbnd_occ=  42
     k-point:     7    nbnd_occ=  42
     k-point:     8    nbnd_occ=  42
     k-point:     9    nbnd_occ=  42
     k-point:    10    nbnd_occ=  42
     k-point:    11    nbnd_occ=  42
     k-point:    12    nbnd_occ=  42
     k-point:    13    nbnd_occ=  42
     k-point:    14    nbnd_occ=  42
     k-point:    15    nbnd_occ=  42
     k-point:    16    nbnd_occ=  42


     q-space interpolation up to   110.00 Rydberg

     GIPAW job: efg                                                                             


     ELECTRIC FIELD GRADIENTS TENSORS IN Hartree/bohrradius^2:

     ----- bare term -----
     Cl   1       -0.047631        0.265861       -0.174237
     Cl   1        0.265861       -0.107590       -0.072466
     Cl   1       -0.174237       -0.072466        0.155221

     C    2        0.042923       -0.211569       -0.449951
     C    2       -0.211569       -0.370597       -0.434041
     C    2       -0.449951       -0.434041        0.327674

     C    3       -0.062022        0.305577       -0.057323
     C    3        0.305577        0.052368        0.026821
     C    3       -0.057323        0.026821        0.009654

     H    4        0.133460       -0.059702       -0.182646
     H    4       -0.059702        0.439028       -0.119025
     H    4       -0.182646       -0.119025       -0.572489

     C    5       -0.048574       -0.088989       -0.271556
     C    5       -0.088989       -0.101651       -0.274763
     C    5       -0.271556       -0.274763        0.150225

     H    6        0.250816        0.096955        0.337672
     H    6        0.096955        0.048138       -0.458197
     H    6        0.337672       -0.458197       -0.298954

     H    7        0.320811       -0.058778       -0.023834
     H    7       -0.058778       -0.507509        0.470313
     H    7       -0.023834        0.470313        0.186697

     C    8       -0.403322       -0.172861       -0.384442
     C    8       -0.172861       -0.025771        0.393980
     C    8       -0.384442        0.393980        0.429093

     H    9       -0.517614        0.254731        0.167996
     H    9        0.254731        0.414906        0.118807
     H    9        0.167996        0.118807        0.102708

     C   10       -0.147165       -0.372946        0.003830
     C   10       -0.372946       -0.492339        0.520836
     C   10        0.003830        0.520836        0.639504

     C   11       -0.195930       -0.022436       -0.384971
     C   11       -0.022436        0.019235        0.355636
     C   11       -0.384971        0.355636        0.176695

     Cl  12       -0.118337       -0.159446        0.135522
     Cl  12       -0.159446       -0.103293       -0.073113
     Cl  12        0.135522       -0.073113        0.221629

     H   13        0.460290       -0.071728        0.089390
     H   13       -0.071728       -0.323383       -0.432273
     H   13        0.089390       -0.432273       -0.136907

     C   14       -0.812648        0.328421       -0.326631
     C   14        0.328421        0.427652       -0.131480
     C   14       -0.326631       -0.131480        0.384996

     H   15        0.166260        0.006917       -0.346500
     H   15        0.006917        0.181031        0.264894
     H   15       -0.346500        0.264894       -0.347291

     C   16       -0.024723        0.003715       -0.223206
     C   16        0.003715       -0.023495       -0.677855
     C   16       -0.223206       -0.677855        0.048218

     C   17       -0.584827        0.278322       -0.363437
     C   17        0.278322        0.183047       -0.180100
     C   17       -0.363437       -0.180100        0.401780

     Cl  18       -0.087188        0.004295       -0.083095
     Cl  18        0.004295       -0.035433       -0.124233
     Cl  18       -0.083095       -0.124233        0.122621

     H   19        0.308893        0.217779       -0.075518
     H   19        0.217779       -0.522472        0.445931
     H   19       -0.075518        0.445931        0.213579

     C   20       -0.075078       -0.485506       -0.220845
     C   20       -0.485506       -0.317990        0.367021
     C   20       -0.220845        0.367021        0.393069

     H   21       -0.599788        0.481323       -0.059152
     H   21        0.481323        0.253634        0.025481
     H   21       -0.059152        0.025481        0.346154

     C   22       -0.017218       -0.105473       -0.417775
     C   22       -0.105473       -0.160968        0.415499
     C   22       -0.417775        0.415499        0.178186

     C   23       -0.202284       -0.162934       -0.302060
     C   23       -0.162934       -0.070827        0.630032
     C   23       -0.302060        0.630032        0.273111

     Cl  24        0.089021       -0.083790        0.078112
     Cl  24       -0.083790        0.118750       -0.177707
     Cl  24        0.078112       -0.177707       -0.207771

     ----- ionic term -----
     Cl   1        0.104677       -0.194810        0.004748
     Cl   1       -0.194810        0.019618        0.007462
     Cl   1        0.004748        0.007462       -0.124295

     C    2        0.019620       -0.274876        0.282793
     C    2       -0.274876        0.022663        0.412359
     C    2        0.282793        0.412359       -0.042283

     C    3        0.013331       -0.283089        0.232012
     C    3       -0.283089        0.094548        0.392941
     C    3        0.232012        0.392941       -0.107879

     H    4        0.331294        0.257600        0.783278
     H    4        0.257600       -0.452342        0.287649
     H    4        0.783278        0.287649        0.121049

     C    5        0.108878       -0.279607        0.345908
     C    5       -0.279607        0.011238        0.252484
     C    5        0.345908        0.252484       -0.120115

     H    6       -0.552411       -0.006481        0.017587
     H    6       -0.006481        0.613231        0.741854
     H    6        0.017587        0.741854       -0.060820

     H    7       -0.514369       -0.048490       -0.000455
     H    7       -0.048490        0.685772       -0.707546
     H    7       -0.000455       -0.707546       -0.171403

     C    8        0.342368        0.123962        0.084707
     C    8        0.123962        0.090128       -0.345581
     C    8        0.084707       -0.345581       -0.432496

     H    9        0.942434       -0.297414        0.335705
     H    9       -0.297414       -0.421742       -0.134642
     H    9        0.335705       -0.134642       -0.520692

     C   10        0.280782        0.183951        0.044593
     C   10        0.183951        0.187224       -0.342908
     C   10        0.044593       -0.342908       -0.468006

     C   11        0.303943        0.079868        0.243656
     C   11        0.079868        0.114199       -0.369801
     C   11        0.243656       -0.369801       -0.418141

     Cl  12        0.134247        0.198636       -0.014127
     Cl  12        0.198636        0.004798       -0.024585
     Cl  12       -0.014127       -0.024585       -0.139045

     H   13       -0.504129       -0.127950       -0.062821
     H   13       -0.127950        0.465184        0.754280
     H   13       -0.062821        0.754280        0.038945

     C   14        0.160858       -0.353046        0.328977
     C   14       -0.353046       -0.021190        0.233982
     C   14        0.328977        0.233982       -0.139668

     H   15        0.104074        0.003046        0.762834
     H   15        0.003046       -0.510210        0.085669
     H   15        0.762834        0.085669        0.406136

     C   16        0.016854       -0.370936        0.257326
     C   16       -0.370936        0.065310        0.308913
     C   16        0.257326        0.308913       -0.082163

     C   17        0.059388       -0.298311        0.409847
     C   17       -0.298311       -0.013370        0.318077
     C   17        0.409847        0.318077       -0.046018

     Cl  18        0.124419       -0.249244        0.073897
     Cl  18       -0.249244        0.016286       -0.045608
     Cl  18        0.073897       -0.045608       -0.140705

     H   19       -0.516346       -0.000725        0.017330
     H   19       -0.000725        0.648590       -0.736450
     H   19        0.017330       -0.736450       -0.132244

     C   20        0.384188        0.146766        0.212598
     C   20        0.146766       -0.010437       -0.333732
     C   20        0.212598       -0.333732       -0.373752

     H   21        0.590099       -0.384113        0.635295
     H   21       -0.384113       -0.435019       -0.278369
     H   21        0.635295       -0.278369       -0.155079

     C   22        0.172828        0.112105        0.152250
     C   22        0.112105        0.117730       -0.438875
     C   22        0.152250       -0.438875       -0.290558

     C   23        0.249167        0.040660        0.108717
     C   23        0.040660        0.111868       -0.482812
     C   23        0.108717       -0.482812       -0.361035

     Cl  24        0.122122        0.197704       -0.066899
     Cl  24        0.197704        0.008003       -0.047305
     Cl  24       -0.066899       -0.047305       -0.130125

     ----- GIPAW term -----
     Cl   1        1.480614       -0.340477       -1.846125
     Cl   1       -0.340477       -0.874776       -0.799333
     Cl   1       -1.846125       -0.799333       -0.605838

     C    2        0.009379       -0.132359       -0.183899
     C    2       -0.132359       -0.137164        0.014836
     C    2       -0.183899        0.014836        0.127784

     C    3        0.005370        0.009119       -0.044513
     C    3        0.009119       -0.017561        0.021871
     C    3       -0.044513        0.021871        0.012191

     H    4       -0.000000        0.000000        0.000000
     H    4        0.000000        0.000000        0.000000
     H    4        0.000000        0.000000        0.000000

     C    5        0.009343       -0.043906       -0.131629
     C    5       -0.043906       -0.111328       -0.002961
     C    5       -0.131629       -0.002961        0.101985

     H    6       -0.000000        0.000000        0.000000
     H    6        0.000000        0.000000        0.000000
     H    6        0.000000        0.000000        0.000000

     H    7       -0.000000        0.000000        0.000000
     H    7        0.000000        0.000000        0.000000
     H    7        0.000000        0.000000        0.000000

     C    8       -0.045156       -0.020848       -0.049023
     C    8       -0.020848       -0.025973        0.081347
     C    8       -0.049023        0.081347        0.071129

     H    9       -0.000000        0.000000        0.000000
     H    9        0.000000        0.000000        0.000000
     H    9        0.000000        0.000000        0.000000

     C   10       -0.102397       -0.042875        0.071005
     C   10       -0.042875       -0.164464        0.104386
     C   10        0.071005        0.104386        0.266861

     C   11        0.141294        0.009796        0.045669
     C   11        0.009796       -0.029956       -0.017600
     C   11        0.045669       -0.017600       -0.111338

     Cl  12        0.383258        0.909254        1.610534
     Cl  12        0.909254       -1.131762       -0.881995
     Cl  12        1.610534       -0.881995        0.748504

     H   13       -0.000000        0.000000        0.000000
     H   13        0.000000        0.000000        0.000000
     H   13        0.000000        0.000000        0.000000

     C   14       -0.211712       -0.061077       -0.037507
     C   14       -0.061077        0.294009        0.039915
     C   14       -0.037507        0.039915       -0.082297

     H   15       -0.000000        0.000000        0.000000
     H   15        0.000000        0.000000        0.000000
     H   15        0.000000        0.000000        0.000000

     C   16       -0.123440       -0.067323       -0.018719
     C   16       -0.067323        0.200432       -0.209270
     C   16       -0.018719       -0.209270       -0.076992

     C   17       -0.105768       -0.130078       -0.087585
     C   17       -0.130078        0.170515        0.086200
     C   17       -0.087585        0.086200       -0.064747

     Cl  18       -0.299195       -1.666434       -0.504650
     Cl  18       -1.666434       -0.110262       -1.992100
     Cl  18       -0.504650       -1.992100        0.409457

     H   19       -0.000000        0.000000        0.000000
     H   19        0.000000        0.000000        0.000000
     H   19        0.000000        0.000000        0.000000

     C   20        0.159176       -0.156096       -0.061712
     C   20       -0.156096       -0.136244        0.081915
     C   20       -0.061712        0.081915       -0.022932

     H   21       -0.000000        0.000000        0.000000
     H   21        0.000000        0.000000        0.000000
     H   21        0.000000        0.000000        0.000000

     C   22        0.121116       -0.088012       -0.218105
     C   22       -0.088012       -0.079899        0.096837
     C   22       -0.218105        0.096837       -0.041218

     C   23       -0.024400       -0.021933       -0.149427
     C   23       -0.021933       -0.003548        0.224545
     C   23       -0.149427        0.224545        0.027948

     Cl  24       -0.432798        0.551115       -0.670338
     Cl  24        0.551115       -0.716850        0.910214
     Cl  24       -0.670338        0.910214        1.149648

     ----- total EFG -----
     Cl   1        1.537660       -0.269426       -2.015614
     Cl   1       -0.269426       -0.962747       -0.864337
     Cl   1       -2.015614       -0.864337       -0.574912

     C    2        0.071922       -0.618803       -0.351056
     C    2       -0.618803       -0.485098       -0.006845
     C    2       -0.351056       -0.006845        0.413176

     C    3       -0.043321        0.031607        0.130176
     C    3        0.031607        0.129355        0.441632
     C    3        0.130176        0.441632       -0.086034

     H    4        0.464754        0.197898        0.600633
     H    4        0.197898       -0.013314        0.168624
     H    4        0.600633        0.168624       -0.451440

     C    5        0.069647       -0.412501       -0.057277
     C    5       -0.412501       -0.201741       -0.025240
     C    5       -0.057277       -0.025240        0.132095

     H    6       -0.301595        0.090474        0.355260
     H    6        0.090474        0.661369        0.283657
     H    6        0.355260        0.283657       -0.359774

     H    7       -0.193557       -0.107268       -0.024289
     H    7       -0.107268        0.178263       -0.237233
     H    7       -0.024289       -0.237233        0.015294

     C    8       -0.106110       -0.069747       -0.348759
     C    8       -0.069747        0.038384        0.129746
     C    8       -0.348759        0.129746        0.067726

     H    9        0.424820       -0.042683        0.503701
     H    9       -0.042683       -0.006836       -0.015835
     H    9        0.503701       -0.015835       -0.417984

     C   10        0.031220       -0.231871        0.119428
     C   10       -0.231871       -0.469579        0.282314
     C   10        0.119428        0.282314        0.438359

     C   11        0.249307        0.067229       -0.095646
     C   11        0.067229        0.103478       -0.031764
     C   11       -0.095646       -0.031764       -0.352784

     Cl  12        0.399168        0.948444        1.731929
     Cl  12        0.948444       -1.230257       -0.979692
     Cl  12        1.731929       -0.979692        0.831089

     H   13       -0.043839       -0.199677        0.026569
     H   13       -0.199677        0.141801        0.322007
     H   13        0.026569        0.322007       -0.097962

     C   14       -0.863502       -0.085702       -0.035160
     C   14       -0.085702        0.700471        0.142417
     C   14       -0.035160        0.142417        0.163031

     H   15        0.270334        0.009963        0.416333
     H   15        0.009963       -0.329179        0.350562
     H   15        0.416333        0.350562        0.058845

     C   16       -0.131309       -0.434543        0.015402
     C   16       -0.434543        0.242246       -0.578212
     C   16        0.015402       -0.578212       -0.110937

     C   17       -0.631207       -0.150066       -0.041175
     C   17       -0.150066        0.340192        0.224177
     C   17       -0.041175        0.224177        0.291015

     Cl  18       -0.261963       -1.911383       -0.513847
     Cl  18       -1.911383       -0.129409       -2.161942
     Cl  18       -0.513847       -2.161942        0.391372

     H   19       -0.207453        0.217054       -0.058189
     H   19        0.217054        0.126117       -0.290519
     H   19       -0.058189       -0.290519        0.081335

     C   20        0.468286       -0.494836       -0.069958
     C   20       -0.494836       -0.464671        0.115204
     C   20       -0.069958        0.115204       -0.003615

     H   21       -0.009689        0.097210        0.576143
     H   21        0.097210       -0.181385       -0.252888
     H   21        0.576143       -0.252888        0.191075

     C   22        0.276726       -0.081379       -0.483631
     C   22       -0.081379       -0.123137        0.073461
     C   22       -0.483631        0.073461       -0.153589

     C   23        0.022483       -0.144208       -0.342770
     C   23       -0.144208        0.037493        0.371766
     C   23       -0.342770        0.371766       -0.059976

     Cl  24       -0.221655        0.665029       -0.659126
     Cl  24        0.665029       -0.590097        0.685201
     Cl  24       -0.659126        0.685201        0.811752

     ----- total EFG (symmetrized) -----
     Cl   1        1.537660       -0.269426       -2.015614
     Cl   1       -0.269426       -0.962747       -0.864337
     Cl   1       -2.015614       -0.864337       -0.574912

     C    2        0.071922       -0.618803       -0.351056
     C    2       -0.618803       -0.485098       -0.006845
     C    2       -0.351056       -0.006845        0.413176

     C    3       -0.043321        0.031607        0.130176
     C    3        0.031607        0.129355        0.441632
     C    3        0.130176        0.441632       -0.086034

     H    4        0.464754        0.197898        0.600633
     H    4        0.197898       -0.013314        0.168624
     H    4        0.600633        0.168624       -0.451440

     C    5        0.069647       -0.412501       -0.057277
     C    5       -0.412501       -0.201741       -0.025240
     C    5       -0.057277       -0.025240        0.132095

     H    6       -0.301595        0.090474        0.355260
     H    6        0.090474        0.661369        0.283657
     H    6        0.355260        0.283657       -0.359774

     H    7       -0.193557       -0.107268       -0.024289
     H    7       -0.107268        0.178263       -0.237233
     H    7       -0.024289       -0.237233        0.015294

     C    8       -0.106110       -0.069747       -0.348759
     C    8       -0.069747        0.038384        0.129746
     C    8       -0.348759        0.129746        0.067726

     H    9        0.424820       -0.042683        0.503701
     H    9       -0.042683       -0.006836       -0.015835
     H    9        0.503701       -0.015835       -0.417984

     C   10        0.031220       -0.231871        0.119428
     C   10       -0.231871       -0.469579        0.282314
     C   10        0.119428        0.282314        0.438359

     C   11        0.249307        0.067229       -0.095646
     C   11        0.067229        0.103478       -0.031764
     C   11       -0.095646       -0.031764       -0.352784

     Cl  12        0.399168        0.948444        1.731929
     Cl  12        0.948444       -1.230257       -0.979692
     Cl  12        1.731929       -0.979692        0.831089

     H   13       -0.043839       -0.199677        0.026569
     H   13       -0.199677        0.141801        0.322007
     H   13        0.026569        0.322007       -0.097962

     C   14       -0.863502       -0.085702       -0.035160
     C   14       -0.085702        0.700471        0.142417
     C   14       -0.035160        0.142417        0.163031

     H   15        0.270334        0.009963        0.416333
     H   15        0.009963       -0.329179        0.350562
     H   15        0.416333        0.350562        0.058845

     C   16       -0.131309       -0.434543        0.015402
     C   16       -0.434543        0.242246       -0.578212
     C   16        0.015402       -0.578212       -0.110937

     C   17       -0.631207       -0.150066       -0.041175
     C   17       -0.150066        0.340192        0.224177
     C   17       -0.041175        0.224177        0.291015

     Cl  18       -0.261963       -1.911383       -0.513847
     Cl  18       -1.911383       -0.129409       -2.161942
     Cl  18       -0.513847       -2.161942        0.391372

     H   19       -0.207453        0.217054       -0.058189
     H   19        0.217054        0.126117       -0.290519
     H   19       -0.058189       -0.290519        0.081335

     C   20        0.468286       -0.494836       -0.069958
     C   20       -0.494836       -0.464671        0.115204
     C   20       -0.069958        0.115204       -0.003615

     H   21       -0.009689        0.097210        0.576143
     H   21        0.097210       -0.181385       -0.252888
     H   21        0.576143       -0.252888        0.191075

     C   22        0.276726       -0.081379       -0.483631
     C   22       -0.081379       -0.123137        0.073461
     C   22       -0.483631        0.073461       -0.153589

     C   23        0.022483       -0.144208       -0.342770
     C   23       -0.144208        0.037493        0.371766
     C   23       -0.342770        0.371766       -0.059976

     Cl  24       -0.221655        0.665029       -0.659126
     Cl  24        0.665029       -0.590097        0.685201
     Cl  24       -0.659126        0.685201        0.811752


     NQR/NMR SPECTROSCOPIC PARAMETERS:
     Cl   1    Vxx=   -0.4167    axis=(  0.327166 -0.841608  0.429719)
     Cl   1    Vyy=   -2.3535    axis=(  0.417108  0.536663  0.733495)
     Cl   1    Vzz=    2.7702    axis=( -0.847929 -0.060736  0.526619)
     Cl   1  Q=        -8.1650 1e-30 m^2  Cq=       -53.1447 MHz  eta= 0.69916

     C    2    Vxx=    0.1696    axis=( -0.504998  0.484804 -0.714102)
     C    2    Vyy=    0.7460    axis=(  0.654033 -0.324940 -0.683121)
     C    2    Vzz=   -0.9156    axis=(  0.563220  0.812021  0.152984)
     C    2  Q=         1.0000 1e-30 m^2  Cq=        -2.1513 MHz  eta= 0.62961

     C    3    Vxx=   -0.0467    axis=(  0.959349 -0.278990  0.042581)
     C    3    Vyy=   -0.4503    axis=(  0.205218  0.586038 -0.783865)
     C    3    Vzz=    0.4970    axis=(  0.193737  0.760739  0.619469)
     C    3  Q=         1.0000 1e-30 m^2  Cq=         1.1678 MHz  eta= 0.81194

     H    4    Vxx=   -0.0826    axis=(  0.295577 -0.954255  0.045065)
     H    4    Vyy=   -0.7545    axis=(  0.428299  0.090203 -0.899124)
     H    4    Vzz=    0.8370    axis=(  0.853929  0.285061  0.435369)
     H    4  Q=         1.0000 1e-30 m^2  Cq=         1.9667 MHz  eta= 0.80270

     C    5    Vxx=    0.1325    axis=(  0.057810 -0.145935  0.987604)
     C    5    Vyy=    0.3724    axis=( -0.807750  0.574517  0.132177)
     C    5    Vzz=   -0.5049    axis=( -0.586684 -0.805378 -0.084667)
     C    5  Q=         1.0000 1e-30 m^2  Cq=        -1.1863 MHz  eta= 0.47524

     H    6    Vxx=   -0.0625    axis=( -0.745447  0.321898 -0.583687)
     H    6    Vyy=   -0.7042    axis=( -0.642678 -0.114770  0.757491)
     H    6    Vzz=    0.7667    axis=(  0.176845  0.939792  0.292432)
     H    6  Q=         1.0000 1e-30 m^2  Cq=         1.8013 MHz  eta= 0.83697

     H    7    Vxx=   -0.0938    axis=(  0.588780 -0.386735 -0.709771)
     H    7    Vyy=   -0.2638    axis=( -0.796977 -0.424187 -0.429992)
     H    7    Vzz=    0.3576    axis=( -0.134783  0.818842 -0.557971)
     H    7  Q=         1.0000 1e-30 m^2  Cq=         0.8402 MHz  eta= 0.47525

     C    8    Vxx=   -0.0186    axis=(  0.280907  0.925108 -0.255473)
     C    8    Vyy=   -0.3802    axis=( -0.778378  0.063884 -0.624536)
     C    8    Vzz=    0.3988    axis=( -0.561443  0.374291  0.738030)
     C    8  Q=         1.0000 1e-30 m^2  Cq=         0.9371 MHz  eta= 0.90661

     H    9    Vxx=   -0.0099    axis=(  0.058770  0.997698  0.033824)
     H    9    Vyy=   -0.6533    axis=( -0.423454 -0.005769  0.905899)
     H    9    Vzz=    0.6632    axis=(  0.904009 -0.067562  0.422140)
     H    9  Q=         1.0000 1e-30 m^2  Cq=         1.5583 MHz  eta= 0.97018

     C   10    Vxx=    0.1219    axis=(  0.927922 -0.372340 -0.018024)
     C   10    Vyy=    0.5250    axis=( -0.117307 -0.245769 -0.962204)
     C   10    Vzz=   -0.6470    axis=(  0.353837  0.894964 -0.271733)
     C   10  Q=         1.0000 1e-30 m^2  Cq=        -1.5201 MHz  eta= 0.62304

     C   11    Vxx=    0.0773    axis=(  0.358723 -0.933381 -0.010841)
     C   11    Vyy=    0.2913    axis=(  0.921638  0.356003 -0.154419)
     C   11    Vzz=   -0.3686    axis=(  0.147991  0.045403  0.987946)
     C   11  Q=         1.0000 1e-30 m^2  Cq=        -0.8660 MHz  eta= 0.58070

     Cl  12    Vxx=    0.1776    axis=(  0.562267  0.692899 -0.451383)
     Cl  12    Vyy=    2.3642    axis=( -0.651326  0.034738 -0.758003)
     Cl  12    Vzz=   -2.5418    axis=( -0.509539  0.720197  0.470835)
     Cl  12  Q=        -8.1650 1e-30 m^2  Cq=        48.7624 MHz  eta= 0.86026

     H   13    Vxx=   -0.0349    axis=(  0.856797  0.030124  0.514773)
     H   13    Vyy=   -0.3815    axis=(  0.401996  0.586206 -0.703393)
     H   13    Vzz=    0.4164    axis=( -0.322952  0.809601  0.490151)
     H   13  Q=         1.0000 1e-30 m^2  Cq=         0.9784 MHz  eta= 0.83239

     C   14    Vxx=    0.1278    axis=( -0.013375 -0.243203  0.969883)
     C   14    Vyy=    0.7411    axis=( -0.057036  0.968576  0.242088)
     C   14    Vzz=   -0.8689    axis=( -0.998283 -0.052080 -0.026826)
     C   14  Q=         1.0000 1e-30 m^2  Cq=        -2.0416 MHz  eta= 0.70583

     H   15    Vxx=   -0.0558    axis=( -0.637531  0.598599  0.485009)
     H   15    Vyy=   -0.5938    axis=(  0.272811  0.764148 -0.584510)
     H   15    Vzz=    0.6495    axis=( -0.720505 -0.240328 -0.650473)
     H   15  Q=         1.0000 1e-30 m^2  Cq=         1.5261 MHz  eta= 0.82833

     C   16    Vxx=   -0.1387    axis=(  0.796912 -0.007805 -0.604045)
     C   16    Vyy=   -0.6743    axis=(  0.478052  0.619458  0.622686)
     C   16    Vzz=    0.8131    axis=( -0.369321  0.784991 -0.497384)
     C   16  Q=         1.0000 1e-30 m^2  Cq=         1.9104 MHz  eta= 0.65875

     C   17    Vxx=    0.0963    axis=(  0.089728 -0.643575  0.760105)
     C   17    Vyy=    0.5576    axis=( -0.117313  0.751042  0.649749)
     C   17    Vzz=   -0.6539    axis=( -0.989033 -0.147471 -0.008110)
     C   17  Q=         1.0000 1e-30 m^2  Cq=        -1.5365 MHz  eta= 0.70533

     Cl  18    Vxx=    0.5220    axis=(  0.762477 -0.143100 -0.630993)
     Cl  18    Vyy=    2.6556    axis=(  0.362091 -0.713843  0.599432)
     Cl  18    Vzz=   -3.1776    axis=(  0.536208  0.685530  0.492473)
     Cl  18  Q=        -8.1650 1e-30 m^2  Cq=        60.9599 MHz  eta= 0.67145

     H   19    Vxx=   -0.1205    axis=(  0.528095  0.410709  0.743259)
     H   19    Vyy=   -0.3357    axis=( -0.796841  0.542214  0.266549)
     H   19    Vzz=    0.4562    axis=( -0.293531 -0.733023  0.613610)
     H   19  Q=         1.0000 1e-30 m^2  Cq=         1.0720 MHz  eta= 0.47157

     C   20    Vxx=   -0.0119    axis=(  0.188223  0.043932  0.981143)
     C   20    Vyy=   -0.6873    axis=(  0.385157  0.915672 -0.114889)
     C   20    Vzz=    0.6991    axis=( -0.903452  0.399519  0.155430)
     C   20  Q=         1.0000 1e-30 m^2  Cq=         1.6427 MHz  eta= 0.96602

     H   21    Vxx=   -0.0713    axis=(  0.467454  0.862133 -0.195482)
     H   21    Vyy=   -0.6248    axis=( -0.638262  0.482145  0.600131)
     H   21    Vzz=    0.6962    axis=(  0.611644 -0.155765  0.775648)
     H   21  Q=         1.0000 1e-30 m^2  Cq=         1.6357 MHz  eta= 0.79506

     C   22    Vxx=   -0.1383    axis=(  0.151198  0.987831 -0.036468)
     C   22    Vyy=   -0.4687    axis=( -0.539610  0.051570 -0.840334)
     C   22    Vzz=    0.6070    axis=( -0.828227  0.146735  0.540840)
     C   22  Q=         1.0000 1e-30 m^2  Cq=         1.4261 MHz  eta= 0.54427

     C   23    Vxx=   -0.1143    axis=( -0.735813 -0.677127 -0.008858)
     C   23    Vyy=   -0.4619    axis=(  0.416237 -0.462552  0.782811)
     C   23    Vzz=    0.5763    axis=(  0.534160 -0.572315 -0.622197)
     C   23  Q=         1.0000 1e-30 m^2  Cq=         1.3540 MHz  eta= 0.60313

     Cl  24    Vxx=    0.2741    axis=(  0.752652  0.651991  0.091777)
     Cl  24    Vyy=    1.2113    axis=(  0.314674 -0.233759 -0.919966)
     Cl  24    Vzz=   -1.4854    axis=( -0.578355  0.721294 -0.381103)
     Cl  24  Q=        -8.1650 1e-30 m^2  Cq=        28.4961 MHz  eta= 0.63099

     Initialization:
     gipaw_setup  :      9.19s CPU     11.20s WALL (       1 calls)

     Linear response

     Apply operators

     Induced current

     Other routines
     efg          :      9.58s CPU     12.71s WALL (       1 calls)

     General routines
     calbec       :      3.16s CPU      4.12s WALL (      16 calls)
     fft          :      1.71s CPU      3.03s WALL (      15 calls)
     ffts         :      0.03s CPU      0.05s WALL (       2 calls)
     fftw         :      3.69s CPU      5.23s WALL (     672 calls)
     davcio       :      0.02s CPU      0.33s WALL (      32 calls)

     Parallel routines
     fft_scatter  :      2.86s CPU      5.51s WALL (     689 calls)

     Plugins

     GIPAW        :     61.62s CPU     75.78s WALL (       1 calls)
