
     Program QE v.6.0 (svn rev. 13079) starts on 21Jan2017 at 15:32:21 

     This program is part of the open-source Quantum ESPRESSO suite
     for quantum simulation of materials; please cite
         "P. Giannozzi et al., J. Phys.:Condens. Matter 21 395502 (2009);
          URL http://www.quantum-espresso.org", 
     in publications or presentations arising from this work. More details at
     http://www.quantum-espresso.org/quote

     Parallel version (MPI), running on     8 processors
     R & G space division:  proc/nbgrp/npool/nimage =       8

     ***** This is GIPAW svn revision unknown      *****

     Parallelizing q-star over 1 images

     Reading data from directory:
     /users/majewski/paradichlorobenzene/pbe/9_constraint/scratch/pbe.ecut100.np8.dt60.pcl2phi-129368.save
     Message from routine read_xml_file:
     file /users/majewski/paradichlorobenzene/pbe/9_constraint/scratch/pbe.ecut100.np8.dt60.pcl2phi-129368.save not guaranteed to be safe for post-processing

   Info: using nr1, nr2, nr3 values from input

   Info: using nr1, nr2, nr3 values from input

     IMPORTANT: XC functional enforced from input :
     Exchange-correlation      =  SLA  PW   PBX  PBC ( 1  4  3  4 0 0)
     Any further DFT definition will be discarded
     Please, verify this is what you really want

               file C.pbe-n-kjpaw_psl.1.0.0.UPF: wavefunction(s)  2S 2P renormalized
               file Cl.pbe-n-kjpaw_psl.1.0.0.UPF: wavefunction(s)  3S 3P renormalized
               file H.pbe-kjpaw_psl.1.0.0.UPF: wavefunction(s)  1S renormalized

     Parallelization info
     --------------------
     sticks:   dense  smooth     PW     G-vecs:    dense   smooth      PW
     Min        3057    1223    332               144436    36536    5170
     Max        3059    1225    333               144437    36537    5171
     Sum       24467    9791   2657              1155489   292295   41363


     Subspace diagonalization in iterative solution of the eigenvalue problem:
     a serial algorithm will be used

     GIPAW projectors -----------------------------------------------
     atom=  C    l=0  rc=    1.2000  rs=    0.8000
     atom=  C    l=0  rc=    1.2000  rs=    0.8000
     atom=  C    l=1  rc=    1.4000  rs=    0.9333
     atom=  C    l=1  rc=    1.4000  rs=    0.9333
     projs nearly linearly dependent: l=1  n1,n2= 1, 2  s=  0.99951561

     atom=  Cl   l=0  rc=    1.6000  rs=    1.0667
     atom=  Cl   l=0  rc=    1.6000  rs=    1.0667
     atom=  Cl   l=1  rc=    1.6000  rs=    1.0667
     atom=  Cl   l=1  rc=    1.6000  rs=    1.0667
     atom=  Cl   l=2  rc=    1.6000  rs=    1.0667
     atom=  Cl   l=2  rc=    1.6000  rs=    1.0667
     projs nearly linearly dependent: l=2  n1,n2= 1, 2  s=  0.99993509

     atom=  H    l=0  rc=    1.0000  rs=    0.6667
     atom=  H    l=0  rc=    1.0000  rs=    0.6667
     projs nearly linearly dependent: l=0  n1,n2= 1, 2  s=  0.99968852
     -----------------------------------------------------------------

     GIPAW integrals: -------------------------------------------
     Atom  i/j   nmr_para   nmr_dia   epr_rmc  epr_para   epr_dia
       C   1 1   0.83E+03  0.17E-01  0.93E+01  0.24E+08  0.24E+03
       C   2 1   0.86E+03 -0.61E-01  0.94E+01  0.25E+08  0.25E+03
       C   2 2   0.90E+03 -0.15E+00  0.97E+01  0.26E+08  0.26E+03
       C   3 3   0.33E+01  0.34E+00  0.18E+01  0.55E+03  0.21E+02
       C   4 3   0.35E+01  0.37E+00  0.20E+01  0.59E+03  0.22E+02
       C   4 4   0.38E+01  0.39E+00  0.22E+01  0.63E+03  0.24E+02
       Cl  1 1   0.14E+04 -0.47E+00  0.84E+01  0.32E+09  0.42E+03
       Cl  2 1   0.21E+04 -0.37E+00  0.12E+02  0.49E+09  0.65E+03
       Cl  2 2   0.33E+04 -0.16E+00  0.21E+02  0.76E+09  0.10E+04
       Cl  3 3   0.21E+02  0.79E-01  0.89E+01  0.23E+05  0.13E+03
       Cl  4 3   0.24E+02  0.67E-01  0.99E+01  0.27E+05  0.15E+03
       Cl  4 4   0.28E+02  0.44E-01  0.11E+02  0.32E+05  0.18E+03
       Cl  5 5   0.77E+00  0.19E+00  0.18E+01  0.12E+03  0.22E+02
       Cl  6 5   0.80E+00  0.19E+00  0.19E+01  0.12E+03  0.23E+02
       Cl  6 6   0.83E+00  0.20E+00  0.19E+01  0.12E+03  0.23E+02
       H   1 1   0.39E+02  0.19E+00  0.29E+00  0.78E+05  0.13E+02
       H   2 1   0.41E+02  0.21E+00  0.32E+00  0.82E+05  0.14E+02
       H   2 2   0.43E+02  0.22E+00  0.36E+00  0.86E+05  0.15E+02
     ------------------------------------------------------------

     alpha_pv=     34.3947 eV

     Number of occupied bands for each k-point:
     k-point:     1    nbnd_occ=  42
     k-point:     2    nbnd_occ=  42
     k-point:     3    nbnd_occ=  42
     k-point:     4    nbnd_occ=  42
     k-point:     5    nbnd_occ=  42
     k-point:     6    nbnd_occ=  42
     k-point:     7    nbnd_occ=  42
     k-point:     8    nbnd_occ=  42
     k-point:     9    nbnd_occ=  42
     k-point:    10    nbnd_occ=  42
     k-point:    11    nbnd_occ=  42
     k-point:    12    nbnd_occ=  42
     k-point:    13    nbnd_occ=  42
     k-point:    14    nbnd_occ=  42
     k-point:    15    nbnd_occ=  42
     k-point:    16    nbnd_occ=  42


     q-space interpolation up to   110.00 Rydberg

     GIPAW job: efg                                                                             


     ELECTRIC FIELD GRADIENTS TENSORS IN Hartree/bohrradius^2:

     ----- bare term -----
     Cl   1       -0.043277        0.001205        0.042459
     Cl   1        0.001205        0.047436        0.133612
     Cl   1        0.042459        0.133612       -0.004159

     C    2       -0.697021        0.475020       -0.381659
     C    2        0.475020        0.166217       -0.076430
     C    2       -0.381659       -0.076430        0.530804

     C    3        0.299687        0.093019       -0.066057
     C    3        0.093019       -0.580602       -0.595928
     C    3       -0.066057       -0.595928        0.280914

     H    4       -0.525521       -0.066885        0.152708
     H    4       -0.066885        0.339788       -0.316701
     H    4        0.152708       -0.316701        0.185733

     C    5       -0.779477        0.364477       -0.420342
     C    5        0.364477        0.342079       -0.165625
     C    5       -0.420342       -0.165625        0.437398

     H    6        0.407595       -0.185900        0.035693
     H    6       -0.185900       -0.529320       -0.060639
     H    6        0.035693       -0.060639        0.121725

     H    7        0.176948       -0.252283        0.216672
     H    7       -0.252283       -0.274206        0.546027
     H    7        0.216672        0.546027        0.097258

     C    8       -0.188480       -0.050420       -0.278839
     C    8       -0.050420        0.036301        0.494159
     C    8       -0.278839        0.494159        0.152180

     H    9       -0.262867        0.382232       -0.387981
     H    9        0.382232       -0.036388        0.194235
     H    9       -0.387981        0.194235        0.299255

     C   10       -0.576612       -0.345252       -0.175330
     C   10       -0.345252        0.188875        0.348214
     C   10       -0.175330        0.348214        0.387738

     C   11       -0.132896        0.184073       -0.285169
     C   11        0.184073        0.001638        0.661161
     C   11       -0.285169        0.661161        0.131258

     Cl  12       -0.256701       -0.217959        0.099459
     Cl  12       -0.217959       -0.004556        0.165238
     Cl  12        0.099459        0.165238        0.261257

     H   13        0.363435       -0.189022        0.012495
     H   13       -0.189022       -0.657900       -0.054131
     H   13        0.012495       -0.054131        0.294465

     C   14        0.174097       -0.014222        0.034314
     C   14       -0.014222       -0.342445       -0.312394
     C   14        0.034314       -0.312394        0.168348

     H   15       -0.219832       -0.510746       -0.121725
     H   15       -0.510746       -0.151206       -0.017730
     H   15       -0.121725       -0.017730        0.371038

     C   16       -0.562531        0.246068       -0.290745
     C   16        0.246068        0.142676       -0.031040
     C   16       -0.290745       -0.031040        0.419854

     C   17        0.174636        0.076639       -0.126500
     C   17        0.076639       -0.295696       -0.560262
     C   17       -0.126500       -0.560262        0.121061

     Cl  18       -0.189051        0.148282       -0.046571
     Cl  18        0.148282        0.071747        0.059906
     Cl  18       -0.046571        0.059906        0.117304

     H   19        0.440036       -0.023381        0.017441
     H   19       -0.023381        0.153706        0.066734
     H   19        0.017441        0.066734       -0.593742

     C   20       -0.277414       -0.286119        0.073669
     C   20       -0.286119        0.160256       -0.064146
     C   20        0.073669       -0.064146        0.117158

     H   21        0.085923       -0.113711       -0.422618
     H   21       -0.113711        0.059409       -0.229711
     H   21       -0.422618       -0.229711       -0.145332

     C   22        0.306302       -0.037705       -0.093501
     C   22       -0.037705       -0.143794        0.180533
     C   22       -0.093501        0.180533       -0.162509

     C   23       -0.555957       -0.409324       -0.331233
     C   23       -0.409324        0.242155        0.245500
     C   23       -0.331233        0.245500        0.313802

     Cl  24        0.051257       -0.052539       -0.043246
     Cl  24       -0.052539       -0.021186        0.000416
     Cl  24       -0.043246        0.000416       -0.030071

     ----- ionic term -----
     Cl   1        0.212400       -0.222362        0.005661
     Cl   1       -0.222362       -0.039821        0.007153
     Cl   1        0.005661        0.007153       -0.172580

     C    2        0.325298       -0.114701        0.204586
     C    2       -0.114701        0.171864        0.323253
     C    2        0.204586        0.323253       -0.497162

     C    3        0.192895       -0.173444        0.140461
     C    3       -0.173444        0.317275        0.304100
     C    3        0.140461        0.304100       -0.510170

     H    4        0.777497        0.478778        0.407070
     H    4        0.478778       -0.262541        0.198858
     H    4        0.407070        0.198858       -0.514956

     C    5        0.363295       -0.122669        0.220719
     C    5       -0.122669        0.173214        0.217818
     C    5        0.220719        0.217818       -0.536509

     H    6       -0.481141        0.169026        0.067655
     H    6        0.169026        0.935090        0.437743
     H    6        0.067655        0.437743       -0.453948

     H    7       -0.481918        0.170911       -0.114785
     H    7        0.170911        0.371359       -0.782262
     H    7       -0.114785       -0.782262        0.110559

     C    8        0.265282        0.317795        0.213637
     C    8        0.317795       -0.039680       -0.311962
     C    8        0.213637       -0.311962       -0.225601

     H    9        0.643881       -0.267135        0.670871
     H    9       -0.267135       -0.478992       -0.226137
     H    9        0.670871       -0.226137       -0.164889

     C   10        0.176146        0.282529        0.168942
     C   10        0.282529        0.069213       -0.384503
     C   10        0.168942       -0.384503       -0.245359

     C   11        0.160216        0.277562        0.278531
     C   11        0.277562        0.032983       -0.354059
     C   11        0.278531       -0.354059       -0.193199

     Cl  12        0.111430        0.211832        0.011099
     Cl  12        0.211832        0.048951       -0.007723
     Cl  12        0.011099       -0.007723       -0.160381

     H   13       -0.519966        0.057817        0.007692
     H   13        0.057817        0.859046        0.524924
     H   13        0.007692        0.524924       -0.339080

     C   14        0.285786       -0.134107        0.189613
     C   14       -0.134107        0.178214        0.244073
     C   14        0.189613        0.244073       -0.464000

     H   15        0.747057        0.400900        0.521862
     H   15        0.400900       -0.363281        0.202534
     H   15        0.521862        0.202534       -0.383776

     C   16        0.148179       -0.109645        0.173547
     C   16       -0.109645        0.307052        0.343915
     C   16        0.173547        0.343915       -0.455232

     C   17        0.200582       -0.024804        0.214492
     C   17       -0.024804        0.283047        0.372688
     C   17        0.214492        0.372688       -0.483630

     Cl  18        0.077270       -0.168749       -0.011214
     Cl  18       -0.168749        0.069412        0.007518
     Cl  18       -0.011214        0.007518       -0.146682

     H   19       -0.540165        0.001431        0.018470
     H   19        0.001431        0.286635       -0.814333
     H   19        0.018470       -0.814333        0.253530

     C   20        0.225073        0.320841        0.248497
     C   20        0.320841       -0.033935       -0.301957
     C   20        0.248497       -0.301957       -0.191138

     H   21        0.593934       -0.158477        0.727857
     H   21       -0.158477       -0.485155       -0.188699
     H   21        0.727857       -0.188699       -0.108779

     C   22        0.122436        0.340213        0.173579
     C   22        0.340213        0.076483       -0.406827
     C   22        0.173579       -0.406827       -0.198919

     C   23        0.134868        0.252917        0.268997
     C   23        0.252917        0.010247       -0.423324
     C   23        0.268997       -0.423324       -0.145115

     Cl  24        0.113521        0.232432       -0.000924
     Cl  24        0.232432        0.024706       -0.011755
     Cl  24       -0.000924       -0.011755       -0.138227

     ----- GIPAW term -----
     Cl   1       -0.110354       -1.640492        0.202588
     Cl   1       -1.640492        1.223053        1.998027
     Cl   1        0.202588        1.998027       -1.112699

     C    2       -0.062527        0.057145       -0.000750
     C    2        0.057145        0.065821        0.057452
     C    2       -0.000750        0.057452       -0.003294

     C    3       -0.043927       -0.011109        0.012707
     C    3       -0.011109        0.032427        0.116836
     C    3        0.012707        0.116836        0.011500

     H    4       -0.000000        0.000000        0.000000
     H    4        0.000000        0.000000        0.000000
     H    4        0.000000        0.000000        0.000000

     C    5       -0.087113        0.020466       -0.022856
     C    5        0.020466        0.049215        0.055123
     C    5       -0.022856        0.055123        0.037899

     H    6       -0.000000        0.000000        0.000000
     H    6        0.000000        0.000000        0.000000
     H    6        0.000000        0.000000        0.000000

     H    7       -0.000000        0.000000        0.000000
     H    7        0.000000        0.000000        0.000000
     H    7        0.000000        0.000000        0.000000

     C    8       -0.107675        0.002964       -0.033654
     C    8        0.002964        0.225427        0.096679
     C    8       -0.033654        0.096679       -0.117752

     H    9       -0.000000        0.000000        0.000000
     H    9        0.000000        0.000000        0.000000
     H    9        0.000000        0.000000        0.000000

     C   10       -0.207485        0.013372       -0.018216
     C   10        0.013372        0.252920        0.101377
     C   10       -0.018216        0.101377       -0.045435

     C   11       -0.076716        0.102238       -0.027156
     C   11        0.102238        0.076432        0.228669
     C   11       -0.027156        0.228669        0.000284

     Cl  12       -0.355359        1.645826        0.978195
     Cl  12        1.645826        0.058438        1.796995
     Cl  12        0.978195        1.796995        0.296921

     H   13       -0.000000        0.000000        0.000000
     H   13        0.000000        0.000000        0.000000
     H   13        0.000000        0.000000        0.000000

     C   14       -0.010697        0.009243        0.039946
     C   14        0.009243        0.063461        0.024532
     C   14        0.039946        0.024532       -0.052764

     H   15       -0.000000        0.000000        0.000000
     H   15        0.000000        0.000000        0.000000
     H   15        0.000000        0.000000        0.000000

     C   16       -0.090910        0.084795       -0.033264
     C   16        0.084795        0.122699        0.032082
     C   16       -0.033264        0.032082       -0.031789

     C   17       -0.052145        0.002975        0.028273
     C   17        0.002975        0.148605        0.118546
     C   17        0.028273        0.118546       -0.096460

     Cl  18        0.402361       -1.945338       -0.405406
     Cl  18       -1.945338        0.790164        0.569938
     Cl  18       -0.405406        0.569938       -1.192525

     H   19       -0.000000        0.000000        0.000000
     H   19        0.000000        0.000000        0.000000
     H   19        0.000000        0.000000        0.000000

     C   20       -0.022116        0.018414        0.036502
     C   20        0.018414        0.038317        0.000877
     C   20        0.036502        0.000877       -0.016201

     H   21       -0.000000        0.000000        0.000000
     H   21        0.000000        0.000000        0.000000
     H   21        0.000000        0.000000        0.000000

     C   22        0.009147        0.006423       -0.004747
     C   22        0.006423        0.032242        0.005700
     C   22       -0.004747        0.005700       -0.041390

     C   23       -0.144490       -0.018731       -0.043093
     C   23       -0.018731        0.239767        0.110870
     C   23       -0.043093        0.110870       -0.095277

     Cl  24        0.019905        0.286299       -0.354341
     Cl  24        0.286299        2.432839        0.722233
     Cl  24       -0.354341        0.722233       -2.452744

     ----- total EFG -----
     Cl   1        0.058770       -1.861648        0.250707
     Cl   1       -1.861648        1.230669        2.138792
     Cl   1        0.250707        2.138792       -1.289438

     C    2       -0.434250        0.417465       -0.177822
     C    2        0.417465        0.403902        0.304276
     C    2       -0.177822        0.304276        0.030348

     C    3        0.448656       -0.091534        0.087111
     C    3       -0.091534       -0.230900       -0.174992
     C    3        0.087111       -0.174992       -0.217756

     H    4        0.251976        0.411893        0.559777
     H    4        0.411893        0.077246       -0.117843
     H    4        0.559777       -0.117843       -0.329223

     C    5       -0.503295        0.262275       -0.222479
     C    5        0.262275        0.564507        0.107316
     C    5       -0.222479        0.107316       -0.061212

     H    6       -0.073546       -0.016874        0.103349
     H    6       -0.016874        0.405770        0.377104
     H    6        0.103349        0.377104       -0.332223

     H    7       -0.304969       -0.081373        0.101887
     H    7       -0.081373        0.097153       -0.236236
     H    7        0.101887       -0.236236        0.207817

     C    8       -0.030873        0.270340       -0.098856
     C    8        0.270340        0.222047        0.278877
     C    8       -0.098856        0.278877       -0.191173

     H    9        0.381014        0.115097        0.282890
     H    9        0.115097       -0.515380       -0.031902
     H    9        0.282890       -0.031902        0.134366

     C   10       -0.607951       -0.049351       -0.024604
     C   10       -0.049351        0.511008        0.065087
     C   10       -0.024604        0.065087        0.096943

     C   11       -0.049396        0.563873       -0.033793
     C   11        0.563873        0.111053        0.535771
     C   11       -0.033793        0.535771       -0.061656

     Cl  12       -0.500630        1.639699        1.088754
     Cl  12        1.639699        0.102833        1.954510
     Cl  12        1.088754        1.954510        0.397797

     H   13       -0.156531       -0.131205        0.020187
     H   13       -0.131205        0.201146        0.470793
     H   13        0.020187        0.470793       -0.044615

     C   14        0.449186       -0.139086        0.263873
     C   14       -0.139086       -0.100770       -0.043789
     C   14        0.263873       -0.043789       -0.348416

     H   15        0.527225       -0.109846        0.400137
     H   15       -0.109846       -0.514487        0.184804
     H   15        0.400137        0.184804       -0.012738

     C   16       -0.505261        0.221218       -0.150462
     C   16        0.221218        0.572428        0.344957
     C   16       -0.150462        0.344957       -0.067167

     C   17        0.323073        0.054810        0.116265
     C   17        0.054810        0.135956       -0.069028
     C   17        0.116265       -0.069028       -0.459029

     Cl  18        0.290581       -1.965805       -0.463191
     Cl  18       -1.965805        0.931323        0.637361
     Cl  18       -0.463191        0.637361       -1.221904

     H   19       -0.100128       -0.021950        0.035911
     H   19       -0.021950        0.440341       -0.747599
     H   19        0.035911       -0.747599       -0.340212

     C   20       -0.074457        0.053136        0.358668
     C   20        0.053136        0.164639       -0.365226
     C   20        0.358668       -0.365226       -0.090181

     H   21        0.679857       -0.272188        0.305239
     H   21       -0.272188       -0.425746       -0.418410
     H   21        0.305239       -0.418410       -0.254111

     C   22        0.437886        0.308931        0.075331
     C   22        0.308931       -0.035069       -0.220594
     C   22        0.075331       -0.220594       -0.402817

     C   23       -0.565579       -0.175139       -0.105329
     C   23       -0.175139        0.492169       -0.066954
     C   23       -0.105329       -0.066954        0.073410

     Cl  24        0.184682        0.466193       -0.398511
     Cl  24        0.466193        2.436360        0.710894
     Cl  24       -0.398511        0.710894       -2.621042

     ----- total EFG (symmetrized) -----
     Cl   1        0.058770       -1.861648        0.250707
     Cl   1       -1.861648        1.230669        2.138792
     Cl   1        0.250707        2.138792       -1.289438

     C    2       -0.434250        0.417465       -0.177822
     C    2        0.417465        0.403902        0.304276
     C    2       -0.177822        0.304276        0.030348

     C    3        0.448656       -0.091534        0.087111
     C    3       -0.091534       -0.230900       -0.174992
     C    3        0.087111       -0.174992       -0.217756

     H    4        0.251976        0.411893        0.559777
     H    4        0.411893        0.077246       -0.117843
     H    4        0.559777       -0.117843       -0.329223

     C    5       -0.503295        0.262275       -0.222479
     C    5        0.262275        0.564507        0.107316
     C    5       -0.222479        0.107316       -0.061212

     H    6       -0.073546       -0.016874        0.103349
     H    6       -0.016874        0.405770        0.377104
     H    6        0.103349        0.377104       -0.332223

     H    7       -0.304969       -0.081373        0.101887
     H    7       -0.081373        0.097153       -0.236236
     H    7        0.101887       -0.236236        0.207817

     C    8       -0.030873        0.270340       -0.098856
     C    8        0.270340        0.222047        0.278877
     C    8       -0.098856        0.278877       -0.191173

     H    9        0.381014        0.115097        0.282890
     H    9        0.115097       -0.515380       -0.031902
     H    9        0.282890       -0.031902        0.134366

     C   10       -0.607951       -0.049351       -0.024604
     C   10       -0.049351        0.511008        0.065087
     C   10       -0.024604        0.065087        0.096943

     C   11       -0.049396        0.563873       -0.033793
     C   11        0.563873        0.111053        0.535771
     C   11       -0.033793        0.535771       -0.061656

     Cl  12       -0.500630        1.639699        1.088754
     Cl  12        1.639699        0.102833        1.954510
     Cl  12        1.088754        1.954510        0.397797

     H   13       -0.156531       -0.131205        0.020187
     H   13       -0.131205        0.201146        0.470793
     H   13        0.020187        0.470793       -0.044615

     C   14        0.449186       -0.139086        0.263873
     C   14       -0.139086       -0.100770       -0.043789
     C   14        0.263873       -0.043789       -0.348416

     H   15        0.527225       -0.109846        0.400137
     H   15       -0.109846       -0.514487        0.184804
     H   15        0.400137        0.184804       -0.012738

     C   16       -0.505261        0.221218       -0.150462
     C   16        0.221218        0.572428        0.344957
     C   16       -0.150462        0.344957       -0.067167

     C   17        0.323073        0.054810        0.116265
     C   17        0.054810        0.135956       -0.069028
     C   17        0.116265       -0.069028       -0.459029

     Cl  18        0.290581       -1.965805       -0.463191
     Cl  18       -1.965805        0.931323        0.637361
     Cl  18       -0.463191        0.637361       -1.221904

     H   19       -0.100128       -0.021950        0.035911
     H   19       -0.021950        0.440341       -0.747599
     H   19        0.035911       -0.747599       -0.340212

     C   20       -0.074457        0.053136        0.358668
     C   20        0.053136        0.164639       -0.365226
     C   20        0.358668       -0.365226       -0.090181

     H   21        0.679857       -0.272188        0.305239
     H   21       -0.272188       -0.425746       -0.418410
     H   21        0.305239       -0.418410       -0.254111

     C   22        0.437886        0.308931        0.075331
     C   22        0.308931       -0.035069       -0.220594
     C   22        0.075331       -0.220594       -0.402817

     C   23       -0.565579       -0.175139       -0.105329
     C   23       -0.175139        0.492169       -0.066954
     C   23       -0.105329       -0.066954        0.073410

     Cl  24        0.184682        0.466193       -0.398511
     Cl  24        0.466193        2.436360        0.710894
     Cl  24       -0.398511        0.710894       -2.621042


     NQR/NMR SPECTROSCOPIC PARAMETERS:
     Cl   1    Vxx=   -0.2107    axis=(  0.800705  0.192301  0.567356)
     Cl   1    Vyy=   -3.0027    axis=(  0.392853  0.546440 -0.739642)
     Cl   1    Vzz=    3.2134    axis=( -0.452260  0.815122  0.361991)
     Cl   1  Q=        -8.1650 1e-30 m^2  Cq=       -61.6476 MHz  eta= 0.86887

     C    2    Vxx=    0.0602    axis=( -0.470812 -0.190701  0.861376)
     C    2    Vyy=    0.6570    axis=(  0.283712  0.891768  0.352501)
     C    2    Vzz=   -0.7172    axis=( -0.835370  0.410345 -0.365751)
     C    2  Q=         1.0000 1e-30 m^2  Cq=        -1.6851 MHz  eta= 0.83218

     C    3    Vxx=   -0.0794    axis=(  0.232478  0.671823 -0.703283)
     C    3    Vyy=   -0.3995    axis=(  0.006849  0.721946  0.691915)
     C    3    Vzz=    0.4789    axis=( -0.972577  0.165672 -0.163236)
     C    3  Q=         1.0000 1e-30 m^2  Cq=         1.1251 MHz  eta= 0.66844

     H    4    Vxx=    0.0559    axis=( -0.195765  0.821338 -0.535799)
     H    4    Vyy=    0.7359    axis=(  0.813622  0.441044  0.378813)
     H    4    Vzz=   -0.7918    axis=( -0.547444  0.361780  0.754600)
     H    4  Q=         1.0000 1e-30 m^2  Cq=        -1.8605 MHz  eta= 0.85869

     C    5    Vxx=    0.0314    axis=( -0.383118  0.002542  0.923696)
     C    5    Vyy=    0.6300    axis=( -0.208987 -0.974304 -0.084000)
     C    5    Vzz=   -0.6614    axis=(  0.899747 -0.225222  0.373805)
     C    5  Q=         1.0000 1e-30 m^2  Cq=        -1.5540 MHz  eta= 0.90517

     H    6    Vxx=   -0.0510    axis=(  0.973513 -0.123105  0.192659)
     H    6    Vyy=   -0.5144    axis=(  0.225291  0.373006 -0.900061)
     H    6    Vzz=    0.5653    axis=(  0.038939  0.919626  0.390860)
     H    6  Q=         1.0000 1e-30 m^2  Cq=         1.3283 MHz  eta= 0.81972

     H    7    Vxx=   -0.0901    axis=( -0.001857  0.783286  0.621658)
     H    7    Vyy=   -0.3285    axis=( -0.984146 -0.111682  0.137779)
     H    7    Vzz=    0.4186    axis=(  0.177349 -0.611547  0.771076)
     H    7  Q=         1.0000 1e-30 m^2  Cq=         0.9836 MHz  eta= 0.56932

     C    8    Vxx=   -0.0030    axis=(  0.767342 -0.148895 -0.623711)
     C    8    Vyy=   -0.4502    axis=(  0.488370 -0.494630  0.718913)
     C    8    Vzz=    0.4532    axis=( -0.415548 -0.856255 -0.306835)
     C    8  Q=         1.0000 1e-30 m^2  Cq=         1.0648 MHz  eta= 0.98686

     H    9    Vxx=   -0.0345    axis=( -0.519107 -0.179687  0.835608)
     H    9    Vyy=   -0.5376    axis=(  0.157712 -0.981001 -0.112976)
     H    9    Vzz=    0.5721    axis=(  0.840033  0.073139  0.537583)
     H    9  Q=         1.0000 1e-30 m^2  Cq=         1.3441 MHz  eta= 0.87934

     C   10    Vxx=    0.0874    axis=( -0.023981 -0.154538  0.987696)
     C   10    Vyy=    0.5234    axis=( -0.046391  0.987088  0.153316)
     C   10    Vzz=   -0.6108    axis=( -0.998635 -0.042143 -0.030841)
     C   10  Q=         1.0000 1e-30 m^2  Cq=        -1.4351 MHz  eta= 0.71396

     C   11    Vxx=   -0.0221    axis=( -0.690010  0.009943  0.723732)
     C   11    Vyy=   -0.7732    axis=( -0.538907  0.660443 -0.522871)
     C   11    Vzz=    0.7953    axis=(  0.483183  0.750810  0.450354)
     C   11  Q=         1.0000 1e-30 m^2  Cq=         1.8686 MHz  eta= 0.94448

     Cl  12    Vxx=   -1.1788    axis=( -0.694102 -0.176349  0.697942)
     Cl  12    Vyy=   -2.0301    axis=( -0.551878  0.752881 -0.358610)
     Cl  12    Vzz=    3.2089    axis=( -0.462227 -0.634090 -0.619899)
     Cl  12  Q=        -8.1650 1e-30 m^2  Cq=       -61.5607 MHz  eta= 0.26528

     H   13    Vxx=   -0.1347    axis=(  0.936305 -0.104303  0.335340)
     H   13    Vyy=   -0.4417    axis=( -0.328020 -0.600815  0.728989)
     H   13    Vzz=    0.5764    axis=( -0.125442  0.792554  0.596760)
     H   13  Q=         1.0000 1e-30 m^2  Cq=         1.3543 MHz  eta= 0.53267

     C   14    Vxx=   -0.1329    axis=(  0.207896  0.976539  0.056127)
     C   14    Vyy=   -0.4278    axis=( -0.287228  0.006096  0.957843)
     C   14    Vzz=    0.5607    axis=(  0.935029 -0.215253  0.281757)
     C   14  Q=         1.0000 1e-30 m^2  Cq=         1.3175 MHz  eta= 0.52598

     H   15    Vxx=   -0.1112    axis=( -0.409367  0.469842  0.782091)
     H   15    Vyy=   -0.6289    axis=(  0.226394  0.882710 -0.411788)
     H   15    Vzz=    0.7400    axis=( -0.883835  0.008488 -0.467722)
     H   15  Q=         1.0000 1e-30 m^2  Cq=         1.7388 MHz  eta= 0.69958

     C   16    Vxx=   -0.0989    axis=( -0.463433 -0.279408  0.840929)
     C   16    Vyy=   -0.6412    axis=( -0.878145  0.271938 -0.393588)
     C   16    Vzz=    0.7401    axis=( -0.118709 -0.920859 -0.371386)
     C   16  Q=         1.0000 1e-30 m^2  Cq=         1.7389 MHz  eta= 0.73283

     C   17    Vxx=    0.1358    axis=( -0.190906  0.970098 -0.149883)
     C   17    Vyy=    0.3495    axis=(  0.970172  0.209709  0.121606)
     C   17    Vzz=   -0.4853    axis=( -0.149401  0.122197  0.981197)
     C   17  Q=         1.0000 1e-30 m^2  Cq=        -1.1403 MHz  eta= 0.44024

     Cl  18    Vxx=   -1.3200    axis=(  0.621262  0.343005  0.704544)
     Cl  18    Vyy=   -1.4378    axis=( -0.461431 -0.566555  0.682713)
     Cl  18    Vzz=    2.7578    axis=( -0.633337  0.749241  0.193706)
     Cl  18  Q=        -8.1650 1e-30 m^2  Cq=       -52.9071 MHz  eta= 0.04269

     H   19    Vxx=   -0.1010    axis=(  0.998905  0.046575  0.004397)
     H   19    Vyy=   -0.7938    axis=( -0.027895  0.517548  0.855200)
     H   19    Vzz=    0.8948    axis=(  0.037556 -0.854386  0.518280)
     H   19  Q=         1.0000 1e-30 m^2  Cq=         2.1024 MHz  eta= 0.77427

     C   20    Vxx=    0.0857    axis=( -0.747998 -0.617846 -0.242413)
     C   20    Vyy=    0.4861    axis=(  0.349837 -0.677417  0.647087)
     C   20    Vzz=   -0.5717    axis=( -0.564015  0.399215  0.722852)
     C   20  Q=         1.0000 1e-30 m^2  Cq=        -1.3434 MHz  eta= 0.70032

     H   21    Vxx=   -0.1211    axis=( -0.454143 -0.553297  0.698295)
     H   21    Vyy=   -0.7673    axis=(  0.014360  0.779136  0.626691)
     H   21    Vzz=    0.8884    axis=(  0.890813 -0.294635  0.345894)
     H   21  Q=         1.0000 1e-30 m^2  Cq=         2.0874 MHz  eta= 0.72738

     C   22    Vxx=   -0.0407    axis=( -0.396527  0.745054 -0.536340)
     C   22    Vyy=   -0.5508    axis=( -0.217760  0.491223  0.843374)
     C   22    Vzz=    0.5914    axis=( -0.891822 -0.451214  0.032540)
     C   22  Q=         1.0000 1e-30 m^2  Cq=         1.3896 MHz  eta= 0.86241

     C   23    Vxx=    0.0871    axis=( -0.180653  0.083870  0.979964)
     C   23    Vyy=    0.5259    axis=(  0.146974 -0.982868  0.111213)
     C   23    Vzz=   -0.6130    axis=(  0.972504  0.164120  0.165231)
     C   23  Q=         1.0000 1e-30 m^2  Cq=        -1.4404 MHz  eta= 0.71585

     Cl  24    Vxx=    0.1863    axis=(  0.973584 -0.146349 -0.175260)
     Cl  24    Vyy=    2.6041    axis=(  0.168702  0.978306  0.120234)
     Cl  24    Vzz=   -2.7905    axis=(  0.153862 -0.146625  0.977153)
     Cl  24  Q=        -8.1650 1e-30 m^2  Cq=        53.5336 MHz  eta= 0.86644

     Initialization:
     gipaw_setup  :      8.87s CPU     10.75s WALL (       1 calls)

     Linear response

     Apply operators

     Induced current

     Other routines
     efg          :      9.24s CPU     11.23s WALL (       1 calls)

     General routines
     calbec       :      3.12s CPU      3.82s WALL (      16 calls)
     fft          :      1.66s CPU      2.70s WALL (      15 calls)
     ffts         :      0.04s CPU      0.05s WALL (       2 calls)
     fftw         :      3.28s CPU      3.93s WALL (     672 calls)
     davcio       :      0.03s CPU      0.33s WALL (      32 calls)

     Parallel routines
     fft_scatter  :      2.25s CPU      3.82s WALL (     689 calls)

     Plugins

     GIPAW        :     60.20s CPU     71.14s WALL (       1 calls)
