
     Program QE v.6.0 (svn rev. 13079) starts on 15Dec2016 at 13:46:37 

     This program is part of the open-source Quantum ESPRESSO suite
     for quantum simulation of materials; please cite
         "P. Giannozzi et al., J. Phys.:Condens. Matter 21 395502 (2009);
          URL http://www.quantum-espresso.org", 
     in publications or presentations arising from this work. More details at
     http://www.quantum-espresso.org/quote

     Parallel version (MPI), running on     8 processors
     R & G space division:  proc/nbgrp/npool/nimage =       8

     ***** This is GIPAW svn revision unknown      *****

     Parallelizing q-star over 1 images

     Reading data from directory:
     /users/majewski/paradichlorobenzene/pbe/9_constraint/scratch/pbe.ecut100.np8.dt60.pcl2phi-129368.save
     Message from routine read_xml_file:
     file /users/majewski/paradichlorobenzene/pbe/9_constraint/scratch/pbe.ecut100.np8.dt60.pcl2phi-129368.save not guaranteed to be safe for post-processing

   Info: using nr1, nr2, nr3 values from input

   Info: using nr1, nr2, nr3 values from input

     IMPORTANT: XC functional enforced from input :
     Exchange-correlation      =  SLA  PW   PBX  PBC ( 1  4  3  4 0 0)
     Any further DFT definition will be discarded
     Please, verify this is what you really want

               file C.pbe-n-kjpaw_psl.1.0.0.UPF: wavefunction(s)  2S 2P renormalized
               file Cl.pbe-n-kjpaw_psl.1.0.0.UPF: wavefunction(s)  3S 3P renormalized
               file H.pbe-kjpaw_psl.1.0.0.UPF: wavefunction(s)  1S renormalized

     Parallelization info
     --------------------
     sticks:   dense  smooth     PW     G-vecs:    dense   smooth      PW
     Min        3057    1223    332               144436    36536    5170
     Max        3059    1225    333               144437    36537    5171
     Sum       24467    9791   2657              1155489   292295   41363


     Subspace diagonalization in iterative solution of the eigenvalue problem:
     a serial algorithm will be used

     GIPAW projectors -----------------------------------------------
     atom=  C    l=0  rc=    1.2000  rs=    0.8000
     atom=  C    l=0  rc=    1.2000  rs=    0.8000
     atom=  C    l=1  rc=    1.4000  rs=    0.9333
     atom=  C    l=1  rc=    1.4000  rs=    0.9333
     projs nearly linearly dependent: l=1  n1,n2= 1, 2  s=  0.99951561

     atom=  Cl   l=0  rc=    1.6000  rs=    1.0667
     atom=  Cl   l=0  rc=    1.6000  rs=    1.0667
     atom=  Cl   l=1  rc=    1.6000  rs=    1.0667
     atom=  Cl   l=1  rc=    1.6000  rs=    1.0667
     atom=  Cl   l=2  rc=    1.6000  rs=    1.0667
     atom=  Cl   l=2  rc=    1.6000  rs=    1.0667
     projs nearly linearly dependent: l=2  n1,n2= 1, 2  s=  0.99993509

     atom=  H    l=0  rc=    1.0000  rs=    0.6667
     atom=  H    l=0  rc=    1.0000  rs=    0.6667
     projs nearly linearly dependent: l=0  n1,n2= 1, 2  s=  0.99968852
     -----------------------------------------------------------------

     GIPAW integrals: -------------------------------------------
     Atom  i/j   nmr_para   nmr_dia   epr_rmc  epr_para   epr_dia
       C   1 1   0.83E+03  0.17E-01  0.93E+01  0.24E+08  0.24E+03
       C   2 1   0.86E+03 -0.61E-01  0.94E+01  0.25E+08  0.25E+03
       C   2 2   0.90E+03 -0.15E+00  0.97E+01  0.26E+08  0.26E+03
       C   3 3   0.33E+01  0.34E+00  0.18E+01  0.55E+03  0.21E+02
       C   4 3   0.35E+01  0.37E+00  0.20E+01  0.59E+03  0.22E+02
       C   4 4   0.38E+01  0.39E+00  0.22E+01  0.63E+03  0.24E+02
       Cl  1 1   0.14E+04 -0.47E+00  0.84E+01  0.32E+09  0.42E+03
       Cl  2 1   0.21E+04 -0.37E+00  0.12E+02  0.49E+09  0.65E+03
       Cl  2 2   0.33E+04 -0.16E+00  0.21E+02  0.76E+09  0.10E+04
       Cl  3 3   0.21E+02  0.79E-01  0.89E+01  0.23E+05  0.13E+03
       Cl  4 3   0.24E+02  0.67E-01  0.99E+01  0.27E+05  0.15E+03
       Cl  4 4   0.28E+02  0.44E-01  0.11E+02  0.32E+05  0.18E+03
       Cl  5 5   0.77E+00  0.19E+00  0.18E+01  0.12E+03  0.22E+02
       Cl  6 5   0.80E+00  0.19E+00  0.19E+01  0.12E+03  0.23E+02
       Cl  6 6   0.83E+00  0.20E+00  0.19E+01  0.12E+03  0.23E+02
       H   1 1   0.39E+02  0.19E+00  0.29E+00  0.78E+05  0.13E+02
       H   2 1   0.41E+02  0.21E+00  0.32E+00  0.82E+05  0.14E+02
       H   2 2   0.43E+02  0.22E+00  0.36E+00  0.86E+05  0.15E+02
     ------------------------------------------------------------

     alpha_pv=     34.6657 eV

     Number of occupied bands for each k-point:
     k-point:     1    nbnd_occ=  42
     k-point:     2    nbnd_occ=  42
     k-point:     3    nbnd_occ=  42
     k-point:     4    nbnd_occ=  42
     k-point:     5    nbnd_occ=  42
     k-point:     6    nbnd_occ=  42
     k-point:     7    nbnd_occ=  42
     k-point:     8    nbnd_occ=  42
     k-point:     9    nbnd_occ=  42
     k-point:    10    nbnd_occ=  42
     k-point:    11    nbnd_occ=  42
     k-point:    12    nbnd_occ=  42
     k-point:    13    nbnd_occ=  42
     k-point:    14    nbnd_occ=  42
     k-point:    15    nbnd_occ=  42
     k-point:    16    nbnd_occ=  42


     q-space interpolation up to   110.00 Rydberg

     GIPAW job: efg                                                                             


     ELECTRIC FIELD GRADIENTS TENSORS IN Hartree/bohrradius^2:

     ----- bare term -----
     Cl   1        0.121444        0.057808       -0.088065
     Cl   1        0.057808        0.163350       -0.121786
     Cl   1       -0.088065       -0.121786       -0.284794

     C    2       -0.690341        0.098352       -0.199663
     C    2        0.098352        0.165896       -0.134841
     C    2       -0.199663       -0.134841        0.524444

     C    3        0.087537        0.108428       -0.133157
     C    3        0.108428       -0.377395       -0.464397
     C    3       -0.133157       -0.464397        0.289859

     H    4       -0.320084        0.275424       -0.317024
     H    4        0.275424       -0.076001       -0.277897
     H    4       -0.317024       -0.277897        0.396084

     C    5       -0.730347        0.306088       -0.290621
     C    5        0.306088        0.340497       -0.124592
     C    5       -0.290621       -0.124592        0.389851

     H    6        0.387554        0.125018       -0.333493
     H    6        0.125018       -0.142603       -0.293837
     H    6       -0.333493       -0.293837       -0.244950

     H    7        0.446168        0.043198       -0.049276
     H    7        0.043198       -0.190294        0.516643
     H    7       -0.049276        0.516643       -0.255874

     C    8       -0.319120       -0.257850       -0.296351
     C    8       -0.257850       -0.151104        0.422354
     C    8       -0.296351        0.422354        0.470224

     H    9       -0.006918        0.029051       -0.506707
     H    9        0.029051        0.191692       -0.210681
     H    9       -0.506707       -0.210681       -0.184774

     C   10       -0.174375       -0.404154       -0.309688
     C   10       -0.404154       -0.255606        0.469629
     C   10       -0.309688        0.469629        0.429981

     C   11       -0.280079       -0.033613       -0.359159
     C   11       -0.033613       -0.089063        0.510472
     C   11       -0.359159        0.510472        0.369142

     Cl  12       -0.025997       -0.193097        0.121852
     Cl  12       -0.193097       -0.066184       -0.069737
     Cl  12        0.121852       -0.069737        0.092181

     H   13        0.285068       -0.072010       -0.361251
     H   13       -0.072010        0.079405       -0.348894
     H   13       -0.361251       -0.348894       -0.364472

     C   14       -0.041150        0.349288        0.053265
     C   14        0.349288       -0.298807       -0.298412
     C   14        0.053265       -0.298412        0.339956

     H   15       -0.391161        0.063781       -0.597986
     H   15        0.063781        0.327615       -0.001594
     H   15       -0.597986       -0.001594        0.063545

     C   16       -0.261651        0.023878       -0.222620
     C   16        0.023878       -0.147896       -0.516000
     C   16       -0.222620       -0.516000        0.409547

     C   17       -0.124337       -0.133827       -0.366049
     C   17       -0.133827       -0.086049       -0.627703
     C   17       -0.366049       -0.627703        0.210386

     Cl  18       -0.082902        0.115688        0.001656
     Cl  18        0.115688       -0.006000        0.011389
     Cl  18        0.001656        0.011389        0.088901

     H   19        0.397017        0.009580       -0.244363
     H   19        0.009580       -0.192878        0.418581
     H   19       -0.244363        0.418581       -0.204139

     C   20       -0.521688       -0.332716       -0.202224
     C   20       -0.332716        0.138910        0.424003
     C   20       -0.202224        0.424003        0.382779

     H   21        0.056763        0.061770       -0.466859
     H   21        0.061770        0.376913       -0.151758
     H   21       -0.466859       -0.151758       -0.433676

     C   22       -0.162875       -0.223501       -0.233943
     C   22       -0.223501       -0.125512        0.519195
     C   22       -0.233943        0.519195        0.288387

     C   23       -0.369992       -0.284952       -0.436244
     C   23       -0.284952        0.098762        0.439626
     C   23       -0.436244        0.439626        0.271230

     Cl  24       -0.046444       -0.067624       -0.100916
     Cl  24       -0.067624        0.038987        0.119079
     Cl  24       -0.100916        0.119079        0.007457

     ----- ionic term -----
     Cl   1        0.106339       -0.222870       -0.031210
     Cl   1       -0.222870        0.026581        0.033855
     Cl   1       -0.031210        0.033855       -0.132920

     C    2        0.158605       -0.212666        0.242142
     C    2       -0.212666        0.003154        0.486956
     C    2        0.242142        0.486956       -0.161759

     C    3        0.128469       -0.325911        0.131062
     C    3       -0.325911        0.082144        0.497851
     C    3        0.131062        0.497851       -0.210613

     H    4        0.690980        0.079588        0.690910
     H    4        0.079588       -0.536110        0.134597
     H    4        0.690910        0.134597       -0.154870

     C    5        0.327126       -0.293023        0.173552
     C    5       -0.293023       -0.054814        0.358348
     C    5        0.173552        0.358348       -0.272312

     H    6       -0.510617        0.117335        0.122614
     H    6        0.117335        0.306605        0.823493
     H    6        0.122614        0.823493        0.204012

     H    7       -0.547780       -0.058643        0.062593
     H    7       -0.058643        0.531678       -0.776097
     H    7        0.062593       -0.776097        0.016102

     C    8        0.167412        0.320672        0.319064
     C    8        0.320672        0.034176       -0.256024
     C    8        0.319064       -0.256024       -0.201587

     H    9        0.566740       -0.040813        0.742453
     H    9       -0.040813       -0.526034       -0.105222
     H    9        0.742453       -0.105222       -0.040706

     C   10        0.112324        0.395118        0.199712
     C   10        0.395118        0.078731       -0.323763
     C   10        0.199712       -0.323763       -0.191055

     C   11        0.154882        0.322796        0.259931
     C   11        0.322796        0.023980       -0.371189
     C   11        0.259931       -0.371189       -0.178862

     Cl  12        0.105051        0.238665        0.004554
     Cl  12        0.238665        0.052166       -0.009582
     Cl  12        0.004554       -0.009582       -0.157217

     H   13       -0.480011        0.264119        0.200327
     H   13        0.264119        0.534871        0.777215
     H   13        0.200327        0.777215       -0.054861

     C   14        0.281490       -0.170152        0.228128
     C   14       -0.170152       -0.057030        0.342872
     C   14        0.228128        0.342872       -0.224460

     H   15        0.696516        0.207384        0.675226
     H   15        0.207384       -0.544844        0.181547
     H   15        0.675226        0.181547       -0.151672

     C   16        0.162251       -0.192881        0.141235
     C   16       -0.192881       -0.003928        0.448369
     C   16        0.141235        0.448369       -0.158323

     C   17        0.210846       -0.164829        0.195845
     C   17       -0.164829       -0.048444        0.444813
     C   17        0.195845        0.444813       -0.162402

     Cl  18        0.056812       -0.180367       -0.059123
     Cl  18       -0.180367        0.042279        0.048114
     Cl  18       -0.059123        0.048114       -0.099091

     H   19       -0.474909       -0.197326        0.131046
     H   19       -0.197326        0.685031       -0.668606
     H   19        0.131046       -0.668606       -0.210122

     C   20        0.295488        0.273248        0.334531
     C   20        0.273248        0.014635       -0.244300
     C   20        0.334531       -0.244300       -0.310123

     H   21        0.527167       -0.237560        0.727828
     H   21       -0.237560       -0.443727       -0.226803
     H   21        0.727828       -0.226803       -0.083440

     C   22        0.165448        0.312126        0.222468
     C   22        0.312126        0.107289       -0.331604
     C   22        0.222468       -0.331604       -0.272737

     C   23        0.124276        0.273533        0.331248
     C   23        0.273533        0.040746       -0.306859
     C   23        0.331248       -0.306859       -0.165023

     Cl  24        0.117107        0.213515        0.035470
     Cl  24        0.213515        0.015451        0.014122
     Cl  24        0.035470        0.014122       -0.132558

     ----- GIPAW term -----
     Cl   1       -0.395959       -0.705000        0.381340
     Cl   1       -0.705000       -0.735647        0.752314
     Cl   1        0.381340        0.752314        1.131606

     C    2       -0.141620       -0.022278        0.074222
     C    2       -0.022278       -0.057022        0.103947
     C    2        0.074222        0.103947        0.198642

     C    3       -0.114603       -0.021355       -0.010396
     C    3       -0.021355        0.106641        0.172886
     C    3       -0.010396        0.172886        0.007962

     H    4       -0.000000        0.000000        0.000000
     H    4        0.000000        0.000000        0.000000
     H    4        0.000000        0.000000        0.000000

     C    5       -0.143355       -0.132605       -0.034759
     C    5       -0.132605        0.240101        0.044737
     C    5       -0.034759        0.044737       -0.096746

     H    6       -0.000000        0.000000        0.000000
     H    6        0.000000        0.000000        0.000000
     H    6        0.000000        0.000000        0.000000

     H    7       -0.000000        0.000000        0.000000
     H    7        0.000000        0.000000        0.000000
     H    7        0.000000        0.000000        0.000000

     C    8       -0.051602       -0.043019       -0.044455
     C    8       -0.043019       -0.076620        0.093934
     C    8       -0.044455        0.093934        0.128222

     H    9       -0.000000        0.000000        0.000000
     H    9        0.000000        0.000000        0.000000
     H    9        0.000000        0.000000        0.000000

     C   10       -0.046383       -0.098678       -0.155130
     C   10       -0.098678       -0.077158        0.124484
     C   10       -0.155130        0.124484        0.123541

     C   11       -0.002592        0.123999       -0.080108
     C   11        0.123999       -0.034558        0.097571
     C   11       -0.080108        0.097571        0.037150

     Cl  12        1.440908        0.874774        1.102696
     Cl  12        0.874774       -0.454808       -0.648711
     Cl  12        1.102696       -0.648711       -0.986100

     H   13       -0.000000        0.000000        0.000000
     H   13        0.000000        0.000000        0.000000
     H   13        0.000000        0.000000        0.000000

     C   14       -0.049025        0.028535        0.083527
     C   14        0.028535       -0.144587       -0.051279
     C   14        0.083527       -0.051279        0.193612

     H   15       -0.000000        0.000000        0.000000
     H   15        0.000000        0.000000        0.000000
     H   15        0.000000        0.000000        0.000000

     C   16       -0.082461       -0.071291        0.060426
     C   16       -0.071291       -0.069487       -0.138583
     C   16        0.060426       -0.138583        0.151948

     C   17        0.040231       -0.186927       -0.051948
     C   17       -0.186927        0.028112       -0.139518
     C   17       -0.051948       -0.139518       -0.068343

     Cl  18       -0.751014       -1.033581        0.659375
     Cl  18       -1.033581       -1.507988        0.158974
     Cl  18        0.659375        0.158974        2.259002

     H   19       -0.000000        0.000000        0.000000
     H   19        0.000000        0.000000        0.000000
     H   19        0.000000        0.000000        0.000000

     C   20       -0.178516       -0.054372       -0.026300
     C   20       -0.054372        0.076164        0.229352
     C   20       -0.026300        0.229352        0.102353

     H   21       -0.000000        0.000000        0.000000
     H   21        0.000000        0.000000        0.000000
     H   21        0.000000        0.000000        0.000000

     C   22       -0.136113       -0.049037       -0.089258
     C   22       -0.049037        0.000890        0.219336
     C   22       -0.089258        0.219336        0.135222

     C   23       -0.087241       -0.030085       -0.111261
     C   23       -0.030085        0.150240        0.188604
     C   23       -0.111261        0.188604       -0.063000

     Cl  24        0.009836        0.752855       -0.951689
     Cl  24        0.752855        1.134148        2.032466
     Cl  24       -0.951689        2.032466       -1.143984

     ----- total EFG -----
     Cl   1       -0.168177       -0.870062        0.262066
     Cl   1       -0.870062       -0.545715        0.664383
     Cl   1        0.262066        0.664383        0.713892

     C    2       -0.673356       -0.136592        0.116701
     C    2       -0.136592        0.112028        0.456062
     C    2        0.116701        0.456062        0.561328

     C    3        0.101403       -0.238838       -0.012491
     C    3       -0.238838       -0.188610        0.206339
     C    3       -0.012491        0.206339        0.087208

     H    4        0.370896        0.355012        0.373886
     H    4        0.355012       -0.612110       -0.143300
     H    4        0.373886       -0.143300        0.241214

     C    5       -0.546576       -0.119541       -0.151828
     C    5       -0.119541        0.525783        0.278493
     C    5       -0.151828        0.278493        0.020792

     H    6       -0.123063        0.242353       -0.210879
     H    6        0.242353        0.164002        0.529656
     H    6       -0.210879        0.529656       -0.040939

     H    7       -0.101612       -0.015446        0.013317
     H    7       -0.015446        0.341384       -0.259454
     H    7        0.013317       -0.259454       -0.239772

     C    8       -0.203311        0.019804       -0.021743
     C    8        0.019804       -0.193548        0.260264
     C    8       -0.021743        0.260264        0.396859

     H    9        0.559822       -0.011762        0.235745
     H    9       -0.011762       -0.334342       -0.315903
     H    9        0.235745       -0.315903       -0.225480

     C   10       -0.108434       -0.107714       -0.265107
     C   10       -0.107714       -0.254033        0.270351
     C   10       -0.265107        0.270351        0.362467

     C   11       -0.127789        0.413182       -0.179335
     C   11        0.413182       -0.099641        0.236853
     C   11       -0.179335        0.236853        0.227430

     Cl  12        1.519962        0.920341        1.229101
     Cl  12        0.920341       -0.468827       -0.728030
     Cl  12        1.229101       -0.728030       -1.051136

     H   13       -0.194943        0.192109       -0.160924
     H   13        0.192109        0.614276        0.428321
     H   13       -0.160924        0.428321       -0.419333

     C   14        0.191315        0.207670        0.364920
     C   14        0.207670       -0.500424       -0.006819
     C   14        0.364920       -0.006819        0.309109

     H   15        0.305355        0.271165        0.077239
     H   15        0.271165       -0.217229        0.179954
     H   15        0.077239        0.179954       -0.088127

     C   16       -0.181861       -0.240295       -0.020959
     C   16       -0.240295       -0.221312       -0.206214
     C   16       -0.020959       -0.206214        0.403172

     C   17        0.126741       -0.485583       -0.222152
     C   17       -0.485583       -0.106381       -0.322409
     C   17       -0.222152       -0.322409       -0.020359

     Cl  18       -0.777103       -1.098260        0.601908
     Cl  18       -1.098260       -1.471709        0.218477
     Cl  18        0.601908        0.218477        2.248812

     H   19       -0.077891       -0.187746       -0.113316
     H   19       -0.187746        0.492152       -0.250026
     H   19       -0.113316       -0.250026       -0.414261

     C   20       -0.404716       -0.113840        0.106006
     C   20       -0.113840        0.229708        0.409055
     C   20        0.106006        0.409055        0.175008

     H   21        0.583930       -0.175790        0.260969
     H   21       -0.175790       -0.066813       -0.378561
     H   21        0.260969       -0.378561       -0.517116

     C   22       -0.133540        0.039589       -0.100732
     C   22        0.039589       -0.017333        0.406927
     C   22       -0.100732        0.406927        0.150873

     C   23       -0.332956       -0.041504       -0.216257
     C   23       -0.041504        0.289748        0.321371
     C   23       -0.216257        0.321371        0.043208

     Cl  24        0.080500        0.898746       -1.017135
     Cl  24        0.898746        1.188585        2.165666
     Cl  24       -1.017135        2.165666       -1.269085

     ----- total EFG (symmetrized) -----
     Cl   1       -0.168177       -0.870062        0.262066
     Cl   1       -0.870062       -0.545715        0.664383
     Cl   1        0.262066        0.664383        0.713892

     C    2       -0.673356       -0.136592        0.116701
     C    2       -0.136592        0.112028        0.456062
     C    2        0.116701        0.456062        0.561328

     C    3        0.101403       -0.238838       -0.012491
     C    3       -0.238838       -0.188610        0.206339
     C    3       -0.012491        0.206339        0.087208

     H    4        0.370896        0.355012        0.373886
     H    4        0.355012       -0.612110       -0.143300
     H    4        0.373886       -0.143300        0.241214

     C    5       -0.546576       -0.119541       -0.151828
     C    5       -0.119541        0.525783        0.278493
     C    5       -0.151828        0.278493        0.020792

     H    6       -0.123063        0.242353       -0.210879
     H    6        0.242353        0.164002        0.529656
     H    6       -0.210879        0.529656       -0.040939

     H    7       -0.101612       -0.015446        0.013317
     H    7       -0.015446        0.341384       -0.259454
     H    7        0.013317       -0.259454       -0.239772

     C    8       -0.203311        0.019804       -0.021743
     C    8        0.019804       -0.193548        0.260264
     C    8       -0.021743        0.260264        0.396859

     H    9        0.559822       -0.011762        0.235745
     H    9       -0.011762       -0.334342       -0.315903
     H    9        0.235745       -0.315903       -0.225480

     C   10       -0.108434       -0.107714       -0.265107
     C   10       -0.107714       -0.254033        0.270351
     C   10       -0.265107        0.270351        0.362467

     C   11       -0.127789        0.413182       -0.179335
     C   11        0.413182       -0.099641        0.236853
     C   11       -0.179335        0.236853        0.227430

     Cl  12        1.519962        0.920341        1.229101
     Cl  12        0.920341       -0.468827       -0.728030
     Cl  12        1.229101       -0.728030       -1.051136

     H   13       -0.194943        0.192109       -0.160924
     H   13        0.192109        0.614276        0.428321
     H   13       -0.160924        0.428321       -0.419333

     C   14        0.191315        0.207670        0.364920
     C   14        0.207670       -0.500424       -0.006819
     C   14        0.364920       -0.006819        0.309109

     H   15        0.305355        0.271165        0.077239
     H   15        0.271165       -0.217229        0.179954
     H   15        0.077239        0.179954       -0.088127

     C   16       -0.181861       -0.240295       -0.020959
     C   16       -0.240295       -0.221312       -0.206214
     C   16       -0.020959       -0.206214        0.403172

     C   17        0.126741       -0.485583       -0.222152
     C   17       -0.485583       -0.106381       -0.322409
     C   17       -0.222152       -0.322409       -0.020359

     Cl  18       -0.777103       -1.098260        0.601908
     Cl  18       -1.098260       -1.471709        0.218477
     Cl  18        0.601908        0.218477        2.248812

     H   19       -0.077891       -0.187746       -0.113316
     H   19       -0.187746        0.492152       -0.250026
     H   19       -0.113316       -0.250026       -0.414261

     C   20       -0.404716       -0.113840        0.106006
     C   20       -0.113840        0.229708        0.409055
     C   20        0.106006        0.409055        0.175008

     H   21        0.583930       -0.175790        0.260969
     H   21       -0.175790       -0.066813       -0.378561
     H   21        0.260969       -0.378561       -0.517116

     C   22       -0.133540        0.039589       -0.100732
     C   22        0.039589       -0.017333        0.406927
     C   22       -0.100732        0.406927        0.150873

     C   23       -0.332956       -0.041504       -0.216257
     C   23       -0.041504        0.289748        0.321371
     C   23       -0.216257        0.321371        0.043208

     Cl  24        0.080500        0.898746       -1.017135
     Cl  24        0.898746        1.188585        2.165666
     Cl  24       -1.017135        2.165666       -1.269085


     NQR/NMR SPECTROSCOPIC PARAMETERS:
     Cl   1    Vxx=    0.4491    axis=(  0.807907 -0.463641  0.363762)
     Cl   1    Vyy=    1.0138    axis=( -0.137375  0.452091  0.881329)
     Cl   1    Vzz=   -1.4630    axis=( -0.573074 -0.762004  0.301555)
     Cl   1  Q=        -8.1650 1e-30 m^2  Cq=        28.0665 MHz  eta= 0.38601

     C    2    Vxx=   -0.1153    axis=( -0.302896  0.813652 -0.496210)
     C    2    Vyy=   -0.7303    axis=(  0.952852  0.248666 -0.173894)
     C    2    Vzz=    0.8456    axis=(  0.018099  0.525486  0.850610)
     C    2  Q=         1.0000 1e-30 m^2  Cq=         1.9867 MHz  eta= 0.72739

     C    3    Vxx=    0.0808    axis=(  0.643677  0.015381  0.765142)
     C    3    Vyy=    0.3083    axis=( -0.651269  0.536066  0.537105)
     C    3    Vzz=   -0.3891    axis=(  0.401906  0.844036 -0.355071)
     C    3  Q=         1.0000 1e-30 m^2  Cq=        -0.9143 MHz  eta= 0.58448

     H    4    Vxx=    0.0801    axis=( -0.488997 -0.410175  0.769830)
     H    4    Vyy=    0.7128    axis=(  0.796422  0.150040  0.585832)
     H    4    Vzz=   -0.7929    axis=(  0.355799 -0.899580 -0.253303)
     H    4  Q=         1.0000 1e-30 m^2  Cq=        -1.8629 MHz  eta= 0.79802

     C    5    Vxx=   -0.0863    axis=( -0.177731 -0.436099  0.882173)
     C    5    Vyy=   -0.5870    axis=( -0.974094 -0.049412 -0.220677)
     C    5    Vzz=    0.6733    axis=(  0.139827 -0.898541 -0.416020)
     C    5  Q=         1.0000 1e-30 m^2  Cq=         1.5820 MHz  eta= 0.74369

     H    6    Vxx=    0.0589    axis=( -0.858144 -0.258014  0.443867)
     H    6    Vyy=    0.6054    axis=( -0.082635 -0.783864 -0.615410)
     H    6    Vzz=   -0.6643    axis=( -0.506715  0.564789 -0.651347)
     H    6  Q=         1.0000 1e-30 m^2  Cq=        -1.5607 MHz  eta= 0.82272

     H    7    Vxx=   -0.1021    axis=(  0.998947  0.043434  0.014771)
     H    7    Vyy=   -0.3390    axis=( -0.029275  0.355597  0.934181)
     H    7    Vzz=    0.4410    axis=(  0.035323 -0.933630  0.356494)
     H    7  Q=         1.0000 1e-30 m^2  Cq=         1.0363 MHz  eta= 0.53706

     C    8    Vxx=   -0.1964    axis=(  0.964185  0.254070 -0.076127)
     C    8    Vyy=   -0.2991    axis=( -0.264541  0.900536 -0.345041)
     C    8    Vzz=    0.4955    axis=( -0.019109  0.352822  0.935495)
     C    8  Q=         1.0000 1e-30 m^2  Cq=         1.1641 MHz  eta= 0.20730

     H    9    Vxx=   -0.0170    axis=(  0.292772  0.669156 -0.683019)
     H    9    Vyy=   -0.6186    axis=( -0.125932  0.735081  0.666181)
     H    9    Vzz=    0.6357    axis=( -0.947853  0.109025 -0.299479)
     H    9  Q=         1.0000 1e-30 m^2  Cq=         1.4935 MHz  eta= 0.94639

     C   10    Vxx=   -0.2265    axis=(  0.922604  0.085055  0.376254)
     C   10    Vyy=   -0.3562    axis=( -0.050070 -0.940732  0.335434)
     C   10    Vzz=    0.5826    axis=( -0.382485  0.328312  0.863665)
     C   10  Q=         1.0000 1e-30 m^2  Cq=         1.3690 MHz  eta= 0.22258

     C   11    Vxx=    0.2686    axis=(  0.708660  0.440762 -0.550935)
     C   11    Vyy=    0.3595    axis=( -0.224988 -0.598923 -0.768552)
     C   11    Vzz=   -0.6281    axis=(  0.668717 -0.668595  0.325267)
     C   11  Q=         1.0000 1e-30 m^2  Cq=        -1.4758 MHz  eta= 0.14470

     Cl  12    Vxx=    0.0223    axis=( -0.024318  0.814218 -0.580049)
     Cl  12    Vyy=    2.1579    axis=(  0.923388  0.240640  0.299076)
     Cl  12    Vzz=   -2.1802    axis=( -0.383096  0.528338  0.757692)
     Cl  12  Q=        -8.1650 1e-30 m^2  Cq=        41.8267 MHz  eta= 0.97951

     H   13    Vxx=   -0.1116    axis=(  0.898012  0.021636 -0.439439)
     H   13    Vyy=   -0.6740    axis=( -0.419656  0.342118 -0.840740)
     H   13    Vzz=    0.7855    axis=(  0.132149  0.939408  0.316306)
     H   13  Q=         1.0000 1e-30 m^2  Cq=         1.8457 MHz  eta= 0.71594

     C   14    Vxx=   -0.0623    axis=( -0.676210 -0.330793  0.658267)
     C   14    Vyy=   -0.5727    axis=(  0.321529 -0.936449 -0.140293)
     C   14    Vzz=    0.6351    axis=(  0.662841  0.116784  0.739596)
     C   14  Q=         1.0000 1e-30 m^2  Cq=         1.4922 MHz  eta= 0.80370

     H   15    Vxx=   -0.0619    axis=( -0.402765  0.299050  0.865072)
     H   15    Vyy=   -0.3970    axis=( -0.283988  0.857650 -0.428704)
     H   15    Vzz=    0.4588    axis=(  0.870133  0.418337  0.260505)
     H   15  Q=         1.0000 1e-30 m^2  Cq=         1.0781 MHz  eta= 0.73028

     C   16    Vxx=    0.0058    axis=(  0.771797 -0.580122 -0.260362)
     C   16    Vyy=    0.4693    axis=( -0.084689  0.312029 -0.946290)
     C   16    Vzz=   -0.4751    axis=(  0.630204  0.752394  0.191693)
     C   16  Q=         1.0000 1e-30 m^2  Cq=        -1.1163 MHz  eta= 0.97547

     C   17    Vxx=    0.1993    axis=( -0.360032 -0.343085  0.867565)
     C   17    Vyy=    0.5112    axis=(  0.767317 -0.637843  0.066190)
     C   17    Vzz=   -0.7106    axis=(  0.530662  0.689528  0.492899)
     C   17  Q=         1.0000 1e-30 m^2  Cq=        -1.6695 MHz  eta= 0.43894

     Cl  18    Vxx=   -0.0255    axis=(  0.776956 -0.612196 -0.146817)
     Cl  18    Vyy=   -2.3387    axis=(  0.601011  0.790703 -0.116513)
     Cl  18    Vzz=    2.3642    axis=(  0.187418  0.002287  0.982278)
     Cl  18  Q=        -8.1650 1e-30 m^2  Cq=       -45.3553 MHz  eta= 0.97845

     H   19    Vxx=   -0.0580    axis=(  0.912511  0.136099 -0.385748)
     H   19    Vyy=   -0.5349    axis=( -0.337951 -0.280473 -0.898401)
     H   19    Vzz=    0.5929    axis=( -0.230463  0.950164 -0.209940)
     H   19  Q=         1.0000 1e-30 m^2  Cq=         1.3932 MHz  eta= 0.80439

     C   20    Vxx=   -0.1224    axis=( -0.481441  0.593583 -0.644883)
     C   20    Vyy=   -0.4901    axis=( -0.876411 -0.335137  0.345813)
     C   20    Vzz=    0.6124    axis=( -0.010856  0.731671  0.681571)
     C   20  Q=         1.0000 1e-30 m^2  Cq=         1.4390 MHz  eta= 0.60040

     H   21    Vxx=    0.0150    axis=(  0.426635  0.822584 -0.375950)
     H   21    Vyy=    0.7331    axis=( -0.897492  0.333691 -0.288372)
     H   21    Vzz=   -0.7482    axis=( -0.111759  0.460442  0.880627)
     H   21  Q=         1.0000 1e-30 m^2  Cq=        -1.7579 MHz  eta= 0.95983

     C   22    Vxx=   -0.1023    axis=(  0.930623  0.329483 -0.159318)
     C   22    Vyy=   -0.3846    axis=( -0.355550  0.710756 -0.606969)
     C   22    Vzz=    0.4869    axis=( -0.086750  0.621504  0.778593)
     C   22  Q=         1.0000 1e-30 m^2  Cq=         1.1441 MHz  eta= 0.57990

     C   23    Vxx=   -0.0926    axis=(  0.478422  0.594877 -0.645936)
     C   23    Vyy=   -0.4473    axis=( -0.858775  0.163369 -0.485609)
     C   23    Vzz=    0.5399    axis=(  0.183352 -0.787040 -0.589025)
     C   23  Q=         1.0000 1e-30 m^2  Cq=         1.2686 MHz  eta= 0.65705

     Cl  24    Vxx=    0.6073    axis=(  0.912613  0.081523 -0.400614)
     Cl  24    Vyy=    2.4840    axis=(  0.128026  0.873639  0.469429)
     Cl  24    Vzz=   -3.0912    axis=(  0.388262 -0.479697  0.786857)
     Cl  24  Q=        -8.1650 1e-30 m^2  Cq=        59.3039 MHz  eta= 0.60710

     Initialization:
     gipaw_setup  :      8.88s CPU     10.68s WALL (       1 calls)

     Linear response

     Apply operators

     Induced current

     Other routines
     efg          :      9.20s CPU     11.69s WALL (       1 calls)

     General routines
     calbec       :      3.32s CPU      4.40s WALL (      16 calls)
     fft          :      1.86s CPU      3.14s WALL (      15 calls)
     ffts         :      0.03s CPU      0.04s WALL (       2 calls)
     fftw         :      3.16s CPU      3.92s WALL (     672 calls)
     davcio       :      0.03s CPU      0.32s WALL (      32 calls)

     Parallel routines
     fft_scatter  :      2.42s CPU      4.24s WALL (     689 calls)

     Plugins

     GIPAW        :     60.74s CPU     72.87s WALL (       1 calls)
