
     Program QE v.6.0 (svn rev. 13079) starts on 18Jan2017 at 15:36:14 

     This program is part of the open-source Quantum ESPRESSO suite
     for quantum simulation of materials; please cite
         "P. Giannozzi et al., J. Phys.:Condens. Matter 21 395502 (2009);
          URL http://www.quantum-espresso.org", 
     in publications or presentations arising from this work. More details at
     http://www.quantum-espresso.org/quote

     Parallel version (MPI), running on     8 processors
     R & G space division:  proc/nbgrp/npool/nimage =       8

     ***** This is GIPAW svn revision unknown      *****

     Parallelizing q-star over 1 images

     Reading data from directory:
     /users/majewski/paradichlorobenzene/pbe/9_constraint/scratch/pbe.ecut100.np8.dt60.pcl2phi-129368.save
     Message from routine read_xml_file:
     file /users/majewski/paradichlorobenzene/pbe/9_constraint/scratch/pbe.ecut100.np8.dt60.pcl2phi-129368.save not guaranteed to be safe for post-processing

   Info: using nr1, nr2, nr3 values from input

   Info: using nr1, nr2, nr3 values from input

     IMPORTANT: XC functional enforced from input :
     Exchange-correlation      =  SLA  PW   PBX  PBC ( 1  4  3  4 0 0)
     Any further DFT definition will be discarded
     Please, verify this is what you really want

               file C.pbe-n-kjpaw_psl.1.0.0.UPF: wavefunction(s)  2S 2P renormalized
               file Cl.pbe-n-kjpaw_psl.1.0.0.UPF: wavefunction(s)  3S 3P renormalized
               file H.pbe-kjpaw_psl.1.0.0.UPF: wavefunction(s)  1S renormalized

     Parallelization info
     --------------------
     sticks:   dense  smooth     PW     G-vecs:    dense   smooth      PW
     Min        3057    1223    332               144436    36536    5170
     Max        3059    1225    333               144437    36537    5171
     Sum       24467    9791   2657              1155489   292295   41363


     Subspace diagonalization in iterative solution of the eigenvalue problem:
     a serial algorithm will be used

     GIPAW projectors -----------------------------------------------
     atom=  C    l=0  rc=    1.2000  rs=    0.8000
     atom=  C    l=0  rc=    1.2000  rs=    0.8000
     atom=  C    l=1  rc=    1.4000  rs=    0.9333
     atom=  C    l=1  rc=    1.4000  rs=    0.9333
     projs nearly linearly dependent: l=1  n1,n2= 1, 2  s=  0.99951561

     atom=  Cl   l=0  rc=    1.6000  rs=    1.0667
     atom=  Cl   l=0  rc=    1.6000  rs=    1.0667
     atom=  Cl   l=1  rc=    1.6000  rs=    1.0667
     atom=  Cl   l=1  rc=    1.6000  rs=    1.0667
     atom=  Cl   l=2  rc=    1.6000  rs=    1.0667
     atom=  Cl   l=2  rc=    1.6000  rs=    1.0667
     projs nearly linearly dependent: l=2  n1,n2= 1, 2  s=  0.99993509

     atom=  H    l=0  rc=    1.0000  rs=    0.6667
     atom=  H    l=0  rc=    1.0000  rs=    0.6667
     projs nearly linearly dependent: l=0  n1,n2= 1, 2  s=  0.99968852
     -----------------------------------------------------------------

     GIPAW integrals: -------------------------------------------
     Atom  i/j   nmr_para   nmr_dia   epr_rmc  epr_para   epr_dia
       C   1 1   0.83E+03  0.17E-01  0.93E+01  0.24E+08  0.24E+03
       C   2 1   0.86E+03 -0.61E-01  0.94E+01  0.25E+08  0.25E+03
       C   2 2   0.90E+03 -0.15E+00  0.97E+01  0.26E+08  0.26E+03
       C   3 3   0.33E+01  0.34E+00  0.18E+01  0.55E+03  0.21E+02
       C   4 3   0.35E+01  0.37E+00  0.20E+01  0.59E+03  0.22E+02
       C   4 4   0.38E+01  0.39E+00  0.22E+01  0.63E+03  0.24E+02
       Cl  1 1   0.14E+04 -0.47E+00  0.84E+01  0.32E+09  0.42E+03
       Cl  2 1   0.21E+04 -0.37E+00  0.12E+02  0.49E+09  0.65E+03
       Cl  2 2   0.33E+04 -0.16E+00  0.21E+02  0.76E+09  0.10E+04
       Cl  3 3   0.21E+02  0.79E-01  0.89E+01  0.23E+05  0.13E+03
       Cl  4 3   0.24E+02  0.67E-01  0.99E+01  0.27E+05  0.15E+03
       Cl  4 4   0.28E+02  0.44E-01  0.11E+02  0.32E+05  0.18E+03
       Cl  5 5   0.77E+00  0.19E+00  0.18E+01  0.12E+03  0.22E+02
       Cl  6 5   0.80E+00  0.19E+00  0.19E+01  0.12E+03  0.23E+02
       Cl  6 6   0.83E+00  0.20E+00  0.19E+01  0.12E+03  0.23E+02
       H   1 1   0.39E+02  0.19E+00  0.29E+00  0.78E+05  0.13E+02
       H   2 1   0.41E+02  0.21E+00  0.32E+00  0.82E+05  0.14E+02
       H   2 2   0.43E+02  0.22E+00  0.36E+00  0.86E+05  0.15E+02
     ------------------------------------------------------------

     alpha_pv=     34.2496 eV

     Number of occupied bands for each k-point:
     k-point:     1    nbnd_occ=  42
     k-point:     2    nbnd_occ=  42
     k-point:     3    nbnd_occ=  42
     k-point:     4    nbnd_occ=  42
     k-point:     5    nbnd_occ=  42
     k-point:     6    nbnd_occ=  42
     k-point:     7    nbnd_occ=  42
     k-point:     8    nbnd_occ=  42
     k-point:     9    nbnd_occ=  42
     k-point:    10    nbnd_occ=  42
     k-point:    11    nbnd_occ=  42
     k-point:    12    nbnd_occ=  42
     k-point:    13    nbnd_occ=  42
     k-point:    14    nbnd_occ=  42
     k-point:    15    nbnd_occ=  42
     k-point:    16    nbnd_occ=  42


     q-space interpolation up to   110.00 Rydberg

     GIPAW job: efg                                                                             


     ELECTRIC FIELD GRADIENTS TENSORS IN Hartree/bohrradius^2:

     ----- bare term -----
     Cl   1       -0.115283        0.139917       -0.019705
     Cl   1        0.139917       -0.035573       -0.000600
     Cl   1       -0.019705       -0.000600        0.150856

     C    2       -0.057860        0.056822       -0.460779
     C    2        0.056822       -0.151130       -0.388393
     C    2       -0.460779       -0.388393        0.208990

     C    3       -0.040234        0.433054       -0.242755
     C    3        0.433054       -0.250896       -0.205984
     C    3       -0.242755       -0.205984        0.291129

     H    4        0.075641       -0.089583       -0.205724
     H    4       -0.089583        0.516160       -0.129820
     H    4       -0.205724       -0.129820       -0.591801

     C    5       -0.259339        0.137822       -0.510085
     C    5        0.137822       -0.012117       -0.407211
     C    5       -0.510085       -0.407211        0.271456

     H    6        0.141624        0.140953        0.102330
     H    6        0.140953       -0.308674       -0.514626
     H    6        0.102330       -0.514626        0.167049

     H    7        0.414831        0.028682        0.003166
     H    7        0.028682       -0.265182        0.527303
     H    7        0.003166        0.527303       -0.149649

     C    8       -0.400266       -0.280560       -0.337101
     C    8       -0.280560       -0.047397        0.448730
     C    8       -0.337101        0.448730        0.447662

     H    9       -0.438218        0.235360       -0.483932
     H    9        0.235360        0.299929        0.200984
     H    9       -0.483932        0.200984        0.138289

     C   10       -0.171099       -0.283159       -0.261626
     C   10       -0.283159       -0.194335        0.581535
     C   10       -0.261626        0.581535        0.365434

     C   11       -0.176742       -0.164682       -0.541240
     C   11       -0.164682       -0.021540        0.477683
     C   11       -0.541240        0.477683        0.198282

     Cl  12        0.008854       -0.271896       -0.128742
     Cl  12       -0.271896       -0.072448        0.065884
     Cl  12       -0.128742        0.065884        0.063595

     H   13        0.178748       -0.448609        0.107637
     H   13       -0.448609       -0.534211       -0.133572
     H   13        0.107637       -0.133572        0.355463

     C   14       -0.278744        0.300163       -0.341064
     C   14        0.300163       -0.160269       -0.390263
     C   14       -0.341064       -0.390263        0.439014

     H   15       -0.229373       -0.340328       -0.478881
     H   15       -0.340328        0.122185       -0.343528
     H   15       -0.478881       -0.343528        0.107188

     C   16       -0.200670        0.252936       -0.381540
     C   16        0.252936       -0.113421       -0.461205
     C   16       -0.381540       -0.461205        0.314091

     C   17       -0.044821        0.250250       -0.160588
     C   17        0.250250       -0.311235       -0.489333
     C   17       -0.160588       -0.489333        0.356056

     Cl  18       -0.102075        0.057983       -0.102859
     Cl  18        0.057983       -0.050406       -0.117519
     Cl  18       -0.102859       -0.117519        0.152481

     H   19       -0.027973        0.459952        0.052365
     H   19        0.459952       -0.380271        0.237599
     H   19        0.052365        0.237599        0.408243

     C   20       -0.196224       -0.419883       -0.319204
     C   20       -0.419883       -0.231423        0.379640
     C   20       -0.319204        0.379640        0.427646

     H   21       -0.451268       -0.045593       -0.498906
     H   21       -0.045593        0.252340        0.088068
     H   21       -0.498906        0.088068        0.198927

     C   22       -0.049467       -0.037117       -0.355922
     C   22       -0.037117       -0.266323        0.538432
     C   22       -0.355922        0.538432        0.315789

     C   23       -0.417345       -0.027947       -0.341204
     C   23       -0.027947       -0.080486        0.463721
     C   23       -0.341204        0.463721        0.497831

     Cl  24       -0.034673       -0.042932        0.015987
     Cl  24       -0.042932        0.131622       -0.086522
     Cl  24        0.015987       -0.086522       -0.096949

     ----- ionic term -----
     Cl   1        0.191921       -0.200158        0.051117
     Cl   1       -0.200158       -0.051953       -0.017379
     Cl   1        0.051117       -0.017379       -0.139967

     C    2        0.254441       -0.172639        0.350098
     C    2       -0.172639        0.037239        0.338982
     C    2        0.350098        0.338982       -0.291680

     C    3        0.084068       -0.326844        0.298798
     C    3       -0.326844        0.211372        0.287578
     C    3        0.298798        0.287578       -0.295440

     H    4        0.363395        0.262950        0.794337
     H    4        0.262950       -0.414580        0.295850
     H    4        0.794337        0.295850        0.051185

     C    5        0.191300       -0.279715        0.384264
     C    5       -0.279715        0.131613        0.211405
     C    5        0.384264        0.211405       -0.322913

     H    6       -0.524521       -0.005586        0.038820
     H    6       -0.005586        0.736515        0.643130
     H    6        0.038820        0.643130       -0.211994

     H    7       -0.507831       -0.103630        0.074775
     H    7       -0.103630        0.708066       -0.671489
     H    7        0.074775       -0.671489       -0.200235

     C    8        0.326509        0.175289        0.295442
     C    8        0.175289        0.015855       -0.310459
     C    8        0.295442       -0.310459       -0.342364

     H    9        0.653167       -0.434887        0.598278
     H    9       -0.434887       -0.358300       -0.273456
     H    9        0.598278       -0.273456       -0.294867

     C   10        0.175011        0.170557        0.161920
     C   10        0.170557        0.195494       -0.392523
     C   10        0.161920       -0.392523       -0.370505

     C   11        0.235793        0.217918        0.289060
     C   11        0.217918        0.124460       -0.365232
     C   11        0.289060       -0.365232       -0.360253

     Cl  12        0.141101        0.247573        0.006485
     Cl  12        0.247573        0.028617       -0.006649
     Cl  12        0.006485       -0.006649       -0.169718

     H   13       -0.488114        0.209022        0.104396
     H   13        0.209022        0.661307        0.659249
     H   13        0.104396        0.659249       -0.173193

     C   14        0.224249       -0.121796        0.380410
     C   14       -0.121796        0.076113        0.266838
     C   14        0.380410        0.266838       -0.300363

     H   15        0.354919        0.334519        0.738032
     H   15        0.334519       -0.350325        0.321003
     H   15        0.738032        0.321003       -0.004595

     C   16        0.030958       -0.186626        0.274109
     C   16       -0.186626        0.305032        0.349372
     C   16        0.274109        0.349372       -0.335990

     C   17        0.041111       -0.181265        0.363920
     C   17       -0.181265        0.278928        0.328845
     C   17        0.363920        0.328845       -0.320039

     Cl  18        0.084807       -0.198983        0.053606
     Cl  18       -0.198983        0.070462       -0.037657
     Cl  18        0.053606       -0.037657       -0.155268

     H   19       -0.454487       -0.303658        0.152626
     H   19       -0.303658        0.687775       -0.616922
     H   19        0.152626       -0.616922       -0.233288

     C   20        0.241243        0.129361        0.321576
     C   20        0.129361        0.089802       -0.264187
     C   20        0.321576       -0.264187       -0.331046

     H   21        0.527911       -0.182142        0.761933
     H   21       -0.182142       -0.491472       -0.195807
     H   21        0.761933       -0.195807       -0.036439

     C   22        0.061729        0.219799        0.248210
     C   22        0.219799        0.152280       -0.392287
     C   22        0.248210       -0.392287       -0.214009

     C   23        0.164133        0.115094        0.357210
     C   23        0.115094        0.067821       -0.410048
     C   23        0.357210       -0.410048       -0.231954

     Cl  24        0.078733        0.181886        0.015227
     Cl  24        0.181886        0.056016        0.010334
     Cl  24        0.015227        0.010334       -0.134748

     ----- GIPAW term -----
     Cl   1       -0.916669       -1.075121       -0.562182
     Cl   1       -1.075121       -1.464534        0.146236
     Cl   1       -0.562182        0.146236        2.381203

     C    2        0.009341        0.015778       -0.174241
     C    2        0.015778       -0.057049       -0.139311
     C    2       -0.174241       -0.139311        0.047708

     C    3        0.044684        0.074177       -0.177956
     C    3        0.074177       -0.120570       -0.038029
     C    3       -0.177956       -0.038029        0.075886

     H    4       -0.000000        0.000000        0.000000
     H    4        0.000000        0.000000        0.000000
     H    4        0.000000        0.000000        0.000000

     C    5        0.076612        0.057425       -0.149080
     C    5        0.057425       -0.070097       -0.093061
     C    5       -0.149080       -0.093061       -0.006515

     H    6       -0.000000        0.000000        0.000000
     H    6        0.000000        0.000000        0.000000
     H    6        0.000000        0.000000        0.000000

     H    7       -0.000000        0.000000        0.000000
     H    7        0.000000        0.000000        0.000000
     H    7        0.000000        0.000000        0.000000

     C    8       -0.112604       -0.073964       -0.104695
     C    8       -0.073964       -0.053209        0.183181
     C    8       -0.104695        0.183181        0.165813

     H    9       -0.000000        0.000000        0.000000
     H    9        0.000000        0.000000        0.000000
     H    9        0.000000        0.000000        0.000000

     C   10       -0.086654       -0.053776       -0.078216
     C   10       -0.053776        0.013141        0.165207
     C   10       -0.078216        0.165207        0.073513

     C   11        0.038133       -0.036763       -0.177515
     C   11       -0.036763        0.034569        0.162472
     C   11       -0.177515        0.162472       -0.072702

     Cl  12        1.923732        0.293755       -1.211590
     Cl  12        0.293755       -0.457369        0.636491
     Cl  12       -1.211590        0.636491       -1.466363

     H   13       -0.000000        0.000000        0.000000
     H   13        0.000000        0.000000        0.000000
     H   13        0.000000        0.000000        0.000000

     C   14       -0.052155        0.127459       -0.153251
     C   14        0.127459       -0.051887       -0.189551
     C   14       -0.153251       -0.189551        0.104042

     H   15       -0.000000        0.000000        0.000000
     H   15        0.000000        0.000000        0.000000
     H   15        0.000000        0.000000        0.000000

     C   16        0.011367        0.100096       -0.139761
     C   16        0.100096       -0.006246       -0.096244
     C   16       -0.139761       -0.096244       -0.005122

     C   17        0.107034       -0.048066        0.041214
     C   17       -0.048066       -0.084784       -0.047331
     C   17        0.041214       -0.047331       -0.022250

     Cl  18       -0.280754       -1.211675       -1.020044
     Cl  18       -1.211675       -0.415505       -1.858864
     Cl  18       -1.020044       -1.858864        0.696259

     H   19       -0.000000        0.000000        0.000000
     H   19        0.000000        0.000000        0.000000
     H   19        0.000000        0.000000        0.000000

     C   20        0.064359       -0.144653       -0.124030
     C   20       -0.144653       -0.097110        0.113052
     C   20       -0.124030        0.113052        0.032751

     H   21       -0.000000        0.000000        0.000000
     H   21        0.000000        0.000000        0.000000
     H   21        0.000000        0.000000        0.000000

     C   22        0.012307        0.082962       -0.130176
     C   22        0.082962       -0.032799        0.051148
     C   22       -0.130176        0.051148        0.020492

     C   23       -0.089357        0.105492       -0.084851
     C   23        0.105492       -0.088056        0.094111
     C   23       -0.084851        0.094111        0.177414

     Cl  24        0.749319        1.513182        0.146059
     Cl  24        1.513182        1.422630       -0.759517
     Cl  24        0.146059       -0.759517       -2.171949

     ----- total EFG -----
     Cl   1       -0.840032       -1.135362       -0.530770
     Cl   1       -1.135362       -1.552059        0.128257
     Cl   1       -0.530770        0.128257        2.392091

     C    2        0.205923       -0.100040       -0.284922
     C    2       -0.100040       -0.170940       -0.188722
     C    2       -0.284922       -0.188722       -0.034983

     C    3        0.088518        0.180387       -0.121912
     C    3        0.180387       -0.160093        0.043565
     C    3       -0.121912        0.043565        0.071575

     H    4        0.439036        0.173367        0.588613
     H    4        0.173367        0.101581        0.166030
     H    4        0.588613        0.166030       -0.540617

     C    5        0.008573       -0.084468       -0.274901
     C    5       -0.084468        0.049400       -0.288867
     C    5       -0.274901       -0.288867       -0.057973

     H    6       -0.382897        0.135367        0.141151
     H    6        0.135367        0.427841        0.128504
     H    6        0.141151        0.128504       -0.044944

     H    7       -0.093000       -0.074949        0.077941
     H    7       -0.074949        0.442884       -0.144186
     H    7        0.077941       -0.144186       -0.349884

     C    8       -0.186360       -0.179234       -0.146353
     C    8       -0.179234       -0.084751        0.321451
     C    8       -0.146353        0.321451        0.271111

     H    9        0.214949       -0.199526        0.114346
     H    9       -0.199526       -0.058371       -0.072472
     H    9        0.114346       -0.072472       -0.156578

     C   10       -0.082742       -0.166378       -0.177922
     C   10       -0.166378        0.014301        0.354219
     C   10       -0.177922        0.354219        0.068441

     C   11        0.097184        0.016472       -0.429695
     C   11        0.016472        0.137490        0.274922
     C   11       -0.429695        0.274922       -0.234673

     Cl  12        2.073686        0.269431       -1.333847
     Cl  12        0.269431       -0.501200        0.695726
     Cl  12       -1.333847        0.695726       -1.572486

     H   13       -0.309366       -0.239588        0.212033
     H   13       -0.239588        0.127096        0.525676
     H   13        0.212033        0.525676        0.182270

     C   14       -0.106650        0.305826       -0.113905
     C   14        0.305826       -0.136043       -0.312976
     C   14       -0.113905       -0.312976        0.242693

     H   15        0.125546       -0.005808        0.259151
     H   15       -0.005808       -0.228139       -0.022525
     H   15        0.259151       -0.022525        0.102593

     C   16       -0.158345        0.166406       -0.247192
     C   16        0.166406        0.185365       -0.208077
     C   16       -0.247192       -0.208077       -0.027021

     C   17        0.103324        0.020919        0.244547
     C   17        0.020919       -0.117091       -0.207818
     C   17        0.244547       -0.207818        0.013768

     Cl  18       -0.298022       -1.352675       -1.069297
     Cl  18       -1.352675       -0.395449       -2.014041
     Cl  18       -1.069297       -2.014041        0.693472

     H   19       -0.482460        0.156293        0.204991
     H   19        0.156293        0.307505       -0.379323
     H   19        0.204991       -0.379323        0.174955

     C   20        0.109378       -0.435175       -0.121658
     C   20       -0.435175       -0.238730        0.228505
     C   20       -0.121658        0.228505        0.129352

     H   21        0.076643       -0.227735        0.263027
     H   21       -0.227735       -0.239132       -0.107739
     H   21        0.263027       -0.107739        0.162489

     C   22        0.024570        0.265644       -0.237887
     C   22        0.265644       -0.146842        0.197293
     C   22       -0.237887        0.197293        0.122272

     C   23       -0.342570        0.192639       -0.068846
     C   23        0.192639       -0.100721        0.147784
     C   23       -0.068846        0.147784        0.443290

     Cl  24        0.793378        1.652136        0.177273
     Cl  24        1.652136        1.610268       -0.835706
     Cl  24        0.177273       -0.835706       -2.403646

     ----- total EFG (symmetrized) -----
     Cl   1       -0.840032       -1.135362       -0.530770
     Cl   1       -1.135362       -1.552059        0.128257
     Cl   1       -0.530770        0.128257        2.392091

     C    2        0.205923       -0.100040       -0.284922
     C    2       -0.100040       -0.170940       -0.188722
     C    2       -0.284922       -0.188722       -0.034983

     C    3        0.088518        0.180387       -0.121912
     C    3        0.180387       -0.160093        0.043565
     C    3       -0.121912        0.043565        0.071575

     H    4        0.439036        0.173367        0.588613
     H    4        0.173367        0.101581        0.166030
     H    4        0.588613        0.166030       -0.540617

     C    5        0.008573       -0.084468       -0.274901
     C    5       -0.084468        0.049400       -0.288867
     C    5       -0.274901       -0.288867       -0.057973

     H    6       -0.382897        0.135367        0.141151
     H    6        0.135367        0.427841        0.128504
     H    6        0.141151        0.128504       -0.044944

     H    7       -0.093000       -0.074949        0.077941
     H    7       -0.074949        0.442884       -0.144186
     H    7        0.077941       -0.144186       -0.349884

     C    8       -0.186360       -0.179234       -0.146353
     C    8       -0.179234       -0.084751        0.321451
     C    8       -0.146353        0.321451        0.271111

     H    9        0.214949       -0.199526        0.114346
     H    9       -0.199526       -0.058371       -0.072472
     H    9        0.114346       -0.072472       -0.156578

     C   10       -0.082742       -0.166378       -0.177922
     C   10       -0.166378        0.014301        0.354219
     C   10       -0.177922        0.354219        0.068441

     C   11        0.097184        0.016472       -0.429695
     C   11        0.016472        0.137490        0.274922
     C   11       -0.429695        0.274922       -0.234673

     Cl  12        2.073686        0.269431       -1.333847
     Cl  12        0.269431       -0.501200        0.695726
     Cl  12       -1.333847        0.695726       -1.572486

     H   13       -0.309366       -0.239588        0.212033
     H   13       -0.239588        0.127096        0.525676
     H   13        0.212033        0.525676        0.182270

     C   14       -0.106650        0.305826       -0.113905
     C   14        0.305826       -0.136043       -0.312976
     C   14       -0.113905       -0.312976        0.242693

     H   15        0.125546       -0.005808        0.259151
     H   15       -0.005808       -0.228139       -0.022525
     H   15        0.259151       -0.022525        0.102593

     C   16       -0.158345        0.166406       -0.247192
     C   16        0.166406        0.185365       -0.208077
     C   16       -0.247192       -0.208077       -0.027021

     C   17        0.103324        0.020919        0.244547
     C   17        0.020919       -0.117091       -0.207818
     C   17        0.244547       -0.207818        0.013768

     Cl  18       -0.298022       -1.352675       -1.069297
     Cl  18       -1.352675       -0.395449       -2.014041
     Cl  18       -1.069297       -2.014041        0.693472

     H   19       -0.482460        0.156293        0.204991
     H   19        0.156293        0.307505       -0.379323
     H   19        0.204991       -0.379323        0.174955

     C   20        0.109378       -0.435175       -0.121658
     C   20       -0.435175       -0.238730        0.228505
     C   20       -0.121658        0.228505        0.129352

     H   21        0.076643       -0.227735        0.263027
     H   21       -0.227735       -0.239132       -0.107739
     H   21        0.263027       -0.107739        0.162489

     C   22        0.024570        0.265644       -0.237887
     C   22        0.265644       -0.146842        0.197293
     C   22       -0.237887        0.197293        0.122272

     C   23       -0.342570        0.192639       -0.068846
     C   23        0.192639       -0.100721        0.147784
     C   23       -0.068846        0.147784        0.443290

     Cl  24        0.793378        1.652136        0.177273
     Cl  24        1.652136        1.610268       -0.835706
     Cl  24        0.177273       -0.835706       -2.403646


     NQR/NMR SPECTROSCOPIC PARAMETERS:
     Cl   1    Vxx=   -0.1069    axis=( -0.779460  0.594973 -0.196087)
     Cl   1    Vyy=   -2.3954    axis=(  0.598962  0.799513  0.044985)
     Cl   1    Vzz=    2.5023    axis=( -0.183539  0.082384  0.979554)
     Cl   1  Q=        -8.1650 1e-30 m^2  Cq=       -48.0059 MHz  eta= 0.91454

     C    2    Vxx=    0.0162    axis=(  0.400424 -0.747989  0.529313)
     C    2    Vyy=    0.3957    axis=( -0.824634 -0.042283  0.564084)
     C    2    Vzz=   -0.4119    axis=( -0.399548 -0.662362 -0.633749)
     C    2  Q=         1.0000 1e-30 m^2  Cq=        -0.9677 MHz  eta= 0.92151

     C    3    Vxx=    0.0458    axis=(  0.339927  0.470075  0.814543)
     C    3    Vyy=    0.2360    axis=( -0.801318 -0.308598  0.512500)
     C    3    Vzz=   -0.2818    axis=( -0.492280  0.826920 -0.271778)
     C    3  Q=         1.0000 1e-30 m^2  Cq=        -0.6621 MHz  eta= 0.67466

     H    4    Vxx=    0.0327    axis=(  0.321559 -0.945208  0.056411)
     H    4    Vyy=    0.7905    axis=( -0.852858 -0.314995 -0.416428)
     H    4    Vzz=   -0.8232    axis=(  0.411380  0.085795 -0.907417)
     H    4  Q=         1.0000 1e-30 m^2  Cq=        -1.9341 MHz  eta= 0.92057

     C    5    Vxx=    0.1116    axis=( -0.743884  0.664131  0.074613)
     C    5    Vyy=    0.3439    axis=( -0.433571 -0.564544  0.702358)
     C    5    Vzz=   -0.4555    axis=(  0.508580  0.490122  0.707903)
     C    5  Q=         1.0000 1e-30 m^2  Cq=        -1.0702 MHz  eta= 0.51014

     H    6    Vxx=   -0.0500    axis=(  0.257388 -0.318305  0.912378)
     H    6    Vyy=   -0.4427    axis=(  0.947432 -0.102586 -0.303066)
     H    6    Vzz=    0.4927    axis=(  0.190065  0.942421  0.275168)
     H    6  Q=         1.0000 1e-30 m^2  Cq=         1.1576 MHz  eta= 0.79720

     H    7    Vxx=   -0.0922    axis=(  0.964483  0.185697  0.187854)
     H    7    Vyy=   -0.3894    axis=(  0.216405 -0.147697 -0.965067)
     H    7    Vzz=    0.4817    axis=( -0.151464  0.971443 -0.182637)
     H    7  Q=         1.0000 1e-30 m^2  Cq=         1.1318 MHz  eta= 0.61697

     C    8    Vxx=   -0.1863    axis=( -0.717600  0.440675 -0.539310)
     C    8    Vyy=   -0.3411    axis=( -0.631409 -0.738416  0.236779)
     C    8    Vzz=    0.5274    axis=( -0.293893  0.510438  0.808134)
     C    8  Q=         1.0000 1e-30 m^2  Cq=         1.2391 MHz  eta= 0.29353

     H    9    Vxx=   -0.1602    axis=(  0.517554  0.801818 -0.298708)
     H    9    Vyy=   -0.1955    axis=( -0.068242  0.386668  0.919691)
     H    9    Vzz=    0.3557    axis=( -0.852925  0.455605 -0.254839)
     H    9  Q=         1.0000 1e-30 m^2  Cq=         0.8357 MHz  eta= 0.09944

     C   10    Vxx=   -0.1848    axis=(  0.922293  0.256717  0.288916)
     C   10    Vyy=   -0.3139    axis=( -0.007623 -0.735306  0.677693)
     C   10    Vzz=    0.4987    axis=( -0.386417  0.627234  0.676210)
     C   10  Q=         1.0000 1e-30 m^2  Cq=         1.1717 MHz  eta= 0.25889

     C   11    Vxx=    0.1405    axis=(  0.553531  0.832485 -0.023936)
     C   11    Vyy=    0.4658    axis=(  0.665387 -0.459344 -0.588441)
     C   11    Vzz=   -0.6064    axis=( -0.500863  0.309794 -0.808186)
     C   11  Q=         1.0000 1e-30 m^2  Cq=        -1.4247 MHz  eta= 0.53645

     Cl  12    Vxx=   -0.1956    axis=(  0.105055  0.924846  0.365546)
     Cl  12    Vyy=   -2.3145    axis=( -0.290284  0.380090 -0.878218)
     Cl  12    Vzz=    2.5101    axis=( -0.951156 -0.013851  0.308399)
     Cl  12  Q=        -8.1650 1e-30 m^2  Cq=       -48.1548 MHz  eta= 0.84414

     H   13    Vxx=   -0.0194    axis=(  0.740478 -0.479370  0.471058)
     H   13    Vyy=   -0.6618    axis=(  0.671965  0.541028 -0.505719)
     H   13    Vzz=    0.6812    axis=( -0.012429  0.691009  0.722740)
     H   13  Q=         1.0000 1e-30 m^2  Cq=         1.6006 MHz  eta= 0.94311

     C   14    Vxx=   -0.0605    axis=(  0.712800  0.336672  0.615278)
     C   14    Vyy=   -0.4658    axis=( -0.580913  0.774965  0.248937)
     C   14    Vzz=    0.5263    axis=( -0.393009 -0.534866  0.747973)
     C   14  Q=         1.0000 1e-30 m^2  Cq=         1.2367 MHz  eta= 0.77003

     H   15    Vxx=   -0.1436    axis=( -0.688178 -0.142239  0.711462)
     H   15    Vyy=   -0.2306    axis=(  0.075004 -0.989288 -0.125235)
     H   15    Vzz=    0.3741    axis=(  0.721654 -0.032821  0.691475)
     H   15  Q=         1.0000 1e-30 m^2  Cq=         0.8790 MHz  eta= 0.23248

     C   16    Vxx=   -0.0923    axis=(  0.429138 -0.692042 -0.580447)
     C   16    Vyy=   -0.3485    axis=(  0.796677 -0.012806  0.604270)
     C   16    Vzz=    0.4409    axis=(  0.425614  0.721743 -0.545838)
     C   16  Q=         1.0000 1e-30 m^2  Cq=         1.0358 MHz  eta= 0.58106

     C   17    Vxx=   -0.0021    axis=(  0.623717  0.708817 -0.329477)
     C   17    Vyy=   -0.3391    axis=(  0.391613 -0.648167 -0.653084)
     C   17    Vzz=    0.3412    axis=( -0.676473  0.278312 -0.681855)
     C   17  Q=         1.0000 1e-30 m^2  Cq=         0.8017 MHz  eta= 0.98778

     Cl  18    Vxx=    0.7910    axis=( -0.845253  0.433649  0.312242)
     Cl  18    Vyy=    2.2357    axis=( -0.014706 -0.602978  0.797622)
     Cl  18    Vzz=   -3.0267    axis=( -0.534163 -0.669601 -0.516047)
     Cl  18  Q=        -8.1650 1e-30 m^2  Cq=        58.0657 MHz  eta= 0.47735

     H   19    Vxx=   -0.0050    axis=(  0.474488  0.573358  0.667924)
     H   19    Vyy=   -0.6214    axis=(  0.880181 -0.298715 -0.368851)
     H   19    Vzz=    0.6264    axis=(  0.011964 -0.762909  0.646396)
     H   19  Q=         1.0000 1e-30 m^2  Cq=         1.4719 MHz  eta= 0.98391

     C   20    Vxx=    0.0196    axis=(  0.519889 -0.128820  0.844465)
     C   20    Vyy=    0.5370    axis=( -0.683064  0.530946  0.501517)
     C   20    Vzz=   -0.5566    axis=( -0.512971 -0.837557  0.188040)
     C   20  Q=         1.0000 1e-30 m^2  Cq=        -1.3077 MHz  eta= 0.92958

     H   21    Vxx=   -0.1029    axis=( -0.572686  0.384708  0.723900)
     H   21    Vyy=   -0.3602    axis=( -0.493889 -0.866712  0.069882)
     H   21    Vzz=    0.4631    axis=(  0.654297 -0.317506  0.686357)
     H   21  Q=         1.0000 1e-30 m^2  Cq=         1.0880 MHz  eta= 0.55578

     C   22    Vxx=    0.1718    axis=(  0.490739  0.716275  0.496110)
     C   22    Vyy=    0.3172    axis=( -0.663048 -0.062406  0.745971)
     C   22    Vzz=   -0.4890    axis=( -0.565281  0.695022 -0.444299)
     C   22  Q=         1.0000 1e-30 m^2  Cq=        -1.1490 MHz  eta= 0.29734

     C   23    Vxx=   -0.0128    axis=(  0.524463  0.830013 -0.189782)
     C   23    Vyy=   -0.4685    axis=( -0.851052  0.504374 -0.146001)
     C   23    Vzz=    0.4813    axis=( -0.025462  0.238087  0.970910)
     C   23  Q=         1.0000 1e-30 m^2  Cq=         1.1309 MHz  eta= 0.94686

     Cl  24    Vxx=   -0.3046    axis=( -0.783716  0.551486 -0.285749)
     Cl  24    Vyy=   -2.6566    axis=( -0.169783  0.252322  0.952632)
     Cl  24    Vzz=    2.9612    axis=(  0.597464  0.795108 -0.104116)
     Cl  24  Q=        -8.1650 1e-30 m^2  Cq=       -56.8083 MHz  eta= 0.79429

     Initialization:
     gipaw_setup  :      9.18s CPU     10.94s WALL (       1 calls)

     Linear response

     Apply operators

     Induced current

     Other routines
     efg          :      9.62s CPU     17.34s WALL (       1 calls)

     General routines
     calbec       :      3.21s CPU      5.98s WALL (      16 calls)
     fft          :      1.45s CPU      1.96s WALL (      15 calls)
     ffts         :      0.06s CPU      0.19s WALL (       2 calls)
     fftw         :      3.62s CPU      6.72s WALL (     672 calls)
     davcio       :      0.04s CPU      0.34s WALL (      32 calls)

     Parallel routines
     fft_scatter  :      2.53s CPU      5.20s WALL (     689 calls)

     Plugins

     GIPAW        :     61.24s CPU     77.87s WALL (       1 calls)
