
     Program QE v.6.0 (svn rev. 13079) starts on 28Dec2016 at  5:36:21 

     This program is part of the open-source Quantum ESPRESSO suite
     for quantum simulation of materials; please cite
         "P. Giannozzi et al., J. Phys.:Condens. Matter 21 395502 (2009);
          URL http://www.quantum-espresso.org", 
     in publications or presentations arising from this work. More details at
     http://www.quantum-espresso.org/quote

     Parallel version (MPI), running on     8 processors
     R & G space division:  proc/nbgrp/npool/nimage =       8

     ***** This is GIPAW svn revision unknown      *****

     Parallelizing q-star over 1 images

     Reading data from directory:
     /users/majewski/paradichlorobenzene/pbe/9_constraint/scratch/pbe.ecut100.np8.dt60.pcl2phi-129368.save
     Message from routine read_xml_file:
     file /users/majewski/paradichlorobenzene/pbe/9_constraint/scratch/pbe.ecut100.np8.dt60.pcl2phi-129368.save not guaranteed to be safe for post-processing

   Info: using nr1, nr2, nr3 values from input

   Info: using nr1, nr2, nr3 values from input

     IMPORTANT: XC functional enforced from input :
     Exchange-correlation      =  SLA  PW   PBX  PBC ( 1  4  3  4 0 0)
     Any further DFT definition will be discarded
     Please, verify this is what you really want

               file C.pbe-n-kjpaw_psl.1.0.0.UPF: wavefunction(s)  2S 2P renormalized
               file Cl.pbe-n-kjpaw_psl.1.0.0.UPF: wavefunction(s)  3S 3P renormalized
               file H.pbe-kjpaw_psl.1.0.0.UPF: wavefunction(s)  1S renormalized

     Parallelization info
     --------------------
     sticks:   dense  smooth     PW     G-vecs:    dense   smooth      PW
     Min        3057    1223    332               144436    36536    5170
     Max        3059    1225    333               144437    36537    5171
     Sum       24467    9791   2657              1155489   292295   41363


     Subspace diagonalization in iterative solution of the eigenvalue problem:
     a serial algorithm will be used

     GIPAW projectors -----------------------------------------------
     atom=  C    l=0  rc=    1.2000  rs=    0.8000
     atom=  C    l=0  rc=    1.2000  rs=    0.8000
     atom=  C    l=1  rc=    1.4000  rs=    0.9333
     atom=  C    l=1  rc=    1.4000  rs=    0.9333
     projs nearly linearly dependent: l=1  n1,n2= 1, 2  s=  0.99951561

     atom=  Cl   l=0  rc=    1.6000  rs=    1.0667
     atom=  Cl   l=0  rc=    1.6000  rs=    1.0667
     atom=  Cl   l=1  rc=    1.6000  rs=    1.0667
     atom=  Cl   l=1  rc=    1.6000  rs=    1.0667
     atom=  Cl   l=2  rc=    1.6000  rs=    1.0667
     atom=  Cl   l=2  rc=    1.6000  rs=    1.0667
     projs nearly linearly dependent: l=2  n1,n2= 1, 2  s=  0.99993509

     atom=  H    l=0  rc=    1.0000  rs=    0.6667
     atom=  H    l=0  rc=    1.0000  rs=    0.6667
     projs nearly linearly dependent: l=0  n1,n2= 1, 2  s=  0.99968852
     -----------------------------------------------------------------

     GIPAW integrals: -------------------------------------------
     Atom  i/j   nmr_para   nmr_dia   epr_rmc  epr_para   epr_dia
       C   1 1   0.83E+03  0.17E-01  0.93E+01  0.24E+08  0.24E+03
       C   2 1   0.86E+03 -0.61E-01  0.94E+01  0.25E+08  0.25E+03
       C   2 2   0.90E+03 -0.15E+00  0.97E+01  0.26E+08  0.26E+03
       C   3 3   0.33E+01  0.34E+00  0.18E+01  0.55E+03  0.21E+02
       C   4 3   0.35E+01  0.37E+00  0.20E+01  0.59E+03  0.22E+02
       C   4 4   0.38E+01  0.39E+00  0.22E+01  0.63E+03  0.24E+02
       Cl  1 1   0.14E+04 -0.47E+00  0.84E+01  0.32E+09  0.42E+03
       Cl  2 1   0.21E+04 -0.37E+00  0.12E+02  0.49E+09  0.65E+03
       Cl  2 2   0.33E+04 -0.16E+00  0.21E+02  0.76E+09  0.10E+04
       Cl  3 3   0.21E+02  0.79E-01  0.89E+01  0.23E+05  0.13E+03
       Cl  4 3   0.24E+02  0.67E-01  0.99E+01  0.27E+05  0.15E+03
       Cl  4 4   0.28E+02  0.44E-01  0.11E+02  0.32E+05  0.18E+03
       Cl  5 5   0.77E+00  0.19E+00  0.18E+01  0.12E+03  0.22E+02
       Cl  6 5   0.80E+00  0.19E+00  0.19E+01  0.12E+03  0.23E+02
       Cl  6 6   0.83E+00  0.20E+00  0.19E+01  0.12E+03  0.23E+02
       H   1 1   0.39E+02  0.19E+00  0.29E+00  0.78E+05  0.13E+02
       H   2 1   0.41E+02  0.21E+00  0.32E+00  0.82E+05  0.14E+02
       H   2 2   0.43E+02  0.22E+00  0.36E+00  0.86E+05  0.15E+02
     ------------------------------------------------------------

     alpha_pv=     33.9753 eV

     Number of occupied bands for each k-point:
     k-point:     1    nbnd_occ=  42
     k-point:     2    nbnd_occ=  42
     k-point:     3    nbnd_occ=  42
     k-point:     4    nbnd_occ=  42
     k-point:     5    nbnd_occ=  42
     k-point:     6    nbnd_occ=  42
     k-point:     7    nbnd_occ=  42
     k-point:     8    nbnd_occ=  42
     k-point:     9    nbnd_occ=  42
     k-point:    10    nbnd_occ=  42
     k-point:    11    nbnd_occ=  42
     k-point:    12    nbnd_occ=  42
     k-point:    13    nbnd_occ=  42
     k-point:    14    nbnd_occ=  42
     k-point:    15    nbnd_occ=  42
     k-point:    16    nbnd_occ=  42


     q-space interpolation up to   110.00 Rydberg

     GIPAW job: efg                                                                             


     ELECTRIC FIELD GRADIENTS TENSORS IN Hartree/bohrradius^2:

     ----- bare term -----
     Cl   1       -0.058358        0.021696       -0.042861
     Cl   1        0.021696       -0.038291       -0.006656
     Cl   1       -0.042861       -0.006656        0.096649

     C    2       -0.222134       -0.006997       -0.395386
     C    2       -0.006997       -0.054807       -0.466542
     C    2       -0.395386       -0.466542        0.276942

     C    3        0.118739        0.566426       -0.140437
     C    3        0.566426       -0.351998       -0.465212
     C    3       -0.140437       -0.465212        0.233259

     H    4        0.037009       -0.125059       -0.397915
     H    4       -0.125059        0.284916        0.207993
     H    4       -0.397915        0.207993       -0.321926

     C    5       -0.429642        0.337246       -0.503326
     C    5        0.337246        0.250617       -0.298807
     C    5       -0.503326       -0.298807        0.179025

     H    6        0.283304       -0.066022        0.354885
     H    6       -0.066022        0.039905       -0.310971
     H    6        0.354885       -0.310971       -0.323209

     H    7        0.486624        0.110681       -0.029001
     H    7        0.110681       -0.658939        0.070126
     H    7       -0.029001        0.070126        0.172315

     C    8       -0.560712       -0.151690       -0.373516
     C    8       -0.151690       -0.048299        0.336176
     C    8       -0.373516        0.336176        0.609011

     H    9       -0.489506        0.313098        0.118870
     H    9        0.313098        0.406045        0.066652
     H    9        0.118870        0.066652        0.083461

     C   10       -0.065835       -0.392092        0.012648
     C   10       -0.392092       -0.562263        0.473182
     C   10        0.012648        0.473182        0.628098

     C   11       -0.506184       -0.189900       -0.376646
     C   11       -0.189900        0.094468        0.245776
     C   11       -0.376646        0.245776        0.411716

     Cl  12       -0.036407       -0.003442       -0.142678
     Cl  12       -0.003442       -0.067708        0.090288
     Cl  12       -0.142678        0.090288        0.104115

     H   13        0.276361       -0.025638        0.351047
     H   13       -0.025638        0.161334       -0.223105
     H   13        0.351047       -0.223105       -0.437695

     C   14       -0.336199        0.245505       -0.265850
     C   14        0.245505        0.069944       -0.329229
     C   14       -0.265850       -0.329229        0.266255

     H   15        0.167649       -0.048371       -0.290317
     H   15       -0.048371        0.326288        0.169316
     H   15       -0.290317        0.169316       -0.493937

     C   16       -0.092801        0.180163       -0.153626
     C   16        0.180163       -0.061209       -0.237098
     C   16       -0.153626       -0.237098        0.154010

     C   17       -0.121484        0.139237       -0.248696
     C   17        0.139237       -0.376846       -0.488705
     C   17       -0.248696       -0.488705        0.498329

     Cl  18       -0.054713        0.070683       -0.103144
     Cl  18        0.070683        0.011422       -0.118750
     Cl  18       -0.103144       -0.118750        0.043290

     H   19        0.057792        0.379927       -0.144523
     H   19        0.379927       -0.360342        0.414030
     H   19       -0.144523        0.414030        0.302550

     C   20       -0.134742       -0.446370       -0.239322
     C   20       -0.446370       -0.234358        0.424478
     C   20       -0.239322        0.424478        0.369099

     H   21       -0.651222        0.378086        0.024727
     H   21        0.378086        0.359540        0.039175
     H   21        0.024727        0.039175        0.291683

     C   22       -0.207651       -0.282988       -0.402335
     C   22       -0.282988       -0.082073        0.448551
     C   22       -0.402335        0.448551        0.289724

     C   23       -0.101025       -0.184060       -0.287052
     C   23       -0.184060       -0.159981        0.561063
     C   23       -0.287052        0.561063        0.261005

     Cl  24       -0.040760       -0.023225       -0.046262
     Cl  24       -0.023225       -0.000476        0.053063
     Cl  24       -0.046262        0.053063        0.041235

     ----- ionic term -----
     Cl   1        0.145019       -0.224748        0.037823
     Cl   1       -0.224748       -0.002546       -0.018561
     Cl   1        0.037823       -0.018561       -0.142473

     C    2        0.096992       -0.321674        0.346371
     C    2       -0.321674       -0.080172        0.389515
     C    2        0.346371        0.389515       -0.016820

     C    3        0.121094       -0.415910        0.187739
     C    3       -0.415910        0.031523        0.386043
     C    3        0.187739        0.386043       -0.152617

     H    4        0.495514        0.129170        0.753586
     H    4        0.129170       -0.521331        0.190813
     H    4        0.753586        0.190813        0.025817

     C    5        0.194827       -0.362613        0.334179
     C    5       -0.362613       -0.088519        0.273292
     C    5        0.334179        0.273292       -0.106308

     H    6       -0.531411       -0.062326       -0.021489
     H    6       -0.062326        0.358290        0.790623
     H    6       -0.021489        0.790623        0.173121

     H    7       -0.503160       -0.107032        0.057401
     H    7       -0.107032        0.803484       -0.601953
     H    7        0.057401       -0.601953       -0.300324

     C    8        0.327905        0.138893        0.186674
     C    8        0.138893        0.154875       -0.270206
     C    8        0.186674       -0.270206       -0.482781

     H    9        0.864130       -0.407134        0.345763
     H    9       -0.407134       -0.349826       -0.179878
     H    9        0.345763       -0.179878       -0.514304

     C   10        0.209588        0.247733        0.090161
     C   10        0.247733        0.259159       -0.334233
     C   10        0.090161       -0.334233       -0.468747

     C   11        0.298781        0.157931        0.148648
     C   11        0.157931        0.111694       -0.342787
     C   11        0.148648       -0.342787       -0.410475

     Cl  12        0.172351        0.191315       -0.014820
     Cl  12        0.191315       -0.032952       -0.012253
     Cl  12       -0.014820       -0.012253       -0.139398

     H   13       -0.508746       -0.169691       -0.135507
     H   13       -0.169691        0.324469        0.777601
     H   13       -0.135507        0.777601        0.184277

     C   14        0.183806       -0.333906        0.329721
     C   14       -0.333906       -0.127755        0.267007
     C   14        0.329721        0.267007       -0.056050

     H   15        0.292558        0.090208        0.813544
     H   15        0.090208       -0.542883        0.151661
     H   15        0.813544        0.151661        0.250325

     C   16        0.056113       -0.345293        0.222287
     C   16       -0.345293       -0.007320        0.374157
     C   16        0.222287        0.374157       -0.048793

     C   17        0.050457       -0.328416        0.302151
     C   17       -0.328416       -0.032774        0.421741
     C   17        0.302151        0.421741       -0.017683

     Cl  18        0.104415       -0.236698        0.005583
     Cl  18       -0.236698        0.032489       -0.001440
     Cl  18        0.005583       -0.001440       -0.136904

     H   19       -0.494784       -0.184679        0.115318
     H   19       -0.184679        0.597802       -0.710613
     H   19        0.115318       -0.710613       -0.103018

     C   20        0.338233        0.148599        0.194975
     C   20        0.148599        0.056433       -0.291562
     C   20        0.194975       -0.291562       -0.394666

     H   21        0.777011       -0.319462        0.537447
     H   21       -0.319462       -0.427800       -0.201033
     H   21        0.537447       -0.201033       -0.349211

     C   22        0.214635        0.194993        0.141714
     C   22        0.194993        0.199436       -0.367169
     C   22        0.141714       -0.367169       -0.414071

     C   23        0.270325        0.099322        0.189418
     C   23        0.099322        0.178051       -0.379643
     C   23        0.189418       -0.379643       -0.448376

     Cl  24        0.129609        0.217872       -0.002345
     Cl  24        0.217872        0.027055       -0.007440
     Cl  24       -0.002345       -0.007440       -0.156664

     ----- GIPAW term -----
     Cl   1        1.030223       -2.216895       -0.308646
     Cl   1       -2.216895       -0.160638       -0.064110
     Cl   1       -0.308646       -0.064110       -0.869584

     C    2        0.055886       -0.125243       -0.047576
     C    2       -0.125243       -0.007895       -0.056145
     C    2       -0.047576       -0.056145       -0.047991

     C    3        0.102864        0.204169       -0.115088
     C    3        0.204169       -0.065495       -0.117622
     C    3       -0.115088       -0.117622       -0.037369

     H    4       -0.000000        0.000000        0.000000
     H    4        0.000000        0.000000        0.000000
     H    4        0.000000        0.000000        0.000000

     C    5        0.003355        0.204844       -0.128057
     C    5        0.204844        0.079918       -0.087646
     C    5       -0.128057       -0.087646       -0.083273

     H    6       -0.000000        0.000000        0.000000
     H    6        0.000000        0.000000        0.000000
     H    6        0.000000        0.000000        0.000000

     H    7       -0.000000        0.000000        0.000000
     H    7        0.000000        0.000000        0.000000
     H    7        0.000000        0.000000        0.000000

     C    8       -0.159746       -0.016428       -0.047441
     C    8       -0.016428       -0.081276        0.097476
     C    8       -0.047441        0.097476        0.241022

     H    9       -0.000000        0.000000        0.000000
     H    9        0.000000        0.000000        0.000000
     H    9        0.000000        0.000000        0.000000

     C   10       -0.078042       -0.068212        0.086884
     C   10       -0.068212       -0.176560        0.003973
     C   10        0.086884        0.003973        0.254602

     C   11       -0.083286        0.092669       -0.071331
     C   11        0.092669        0.079894       -0.071717
     C   11       -0.071331       -0.071717        0.003392

     Cl  12        0.929315        1.669733       -1.677907
     Cl  12        1.669733       -0.898173        0.816727
     Cl  12       -1.677907        0.816727       -0.031142

     H   13       -0.000000        0.000000        0.000000
     H   13        0.000000        0.000000        0.000000
     H   13        0.000000        0.000000        0.000000

     C   14       -0.096885        0.079013       -0.107583
     C   14        0.079013       -0.019374       -0.170419
     C   14       -0.107583       -0.170419        0.116259

     H   15       -0.000000        0.000000        0.000000
     H   15        0.000000        0.000000        0.000000
     H   15        0.000000        0.000000        0.000000

     C   16       -0.081488        0.022873       -0.061436
     C   16        0.022873       -0.032352       -0.094676
     C   16       -0.061436       -0.094676        0.113840

     C   17       -0.017977       -0.095421       -0.007859
     C   17       -0.095421       -0.134234       -0.086145
     C   17       -0.007859       -0.086145        0.152211

     Cl  18        0.837815       -1.544041       -0.798620
     Cl  18       -1.544041        0.285242       -1.082445
     Cl  18       -0.798620       -1.082445       -1.123057

     H   19       -0.000000        0.000000        0.000000
     H   19        0.000000        0.000000        0.000000
     H   19        0.000000        0.000000        0.000000

     C   20        0.071286       -0.183198       -0.062734
     C   20       -0.183198       -0.057177        0.117708
     C   20       -0.062734        0.117708       -0.014109

     H   21       -0.000000        0.000000        0.000000
     H   21        0.000000        0.000000        0.000000
     H   21        0.000000        0.000000        0.000000

     C   22        0.008338       -0.142399       -0.179598
     C   22       -0.142399        0.006268        0.125176
     C   22       -0.179598        0.125176       -0.014606

     C   23        0.086477        0.038079       -0.074502
     C   23        0.038079       -0.010195        0.110271
     C   23       -0.074502        0.110271       -0.076282

     Cl  24        1.158448        2.131561       -0.394258
     Cl  24        2.131561        0.067240        0.412619
     Cl  24       -0.394258        0.412619       -1.225688

     ----- total EFG -----
     Cl   1        1.116883       -2.419947       -0.313684
     Cl   1       -2.419947       -0.201476       -0.089328
     Cl   1       -0.313684       -0.089328       -0.915408

     C    2       -0.069257       -0.453914       -0.096592
     C    2       -0.453914       -0.142874       -0.133172
     C    2       -0.096592       -0.133172        0.212131

     C    3        0.342697        0.354685       -0.067786
     C    3        0.354685       -0.385970       -0.196791
     C    3       -0.067786       -0.196791        0.043273

     H    4        0.532523        0.004112        0.355671
     H    4        0.004112       -0.236415        0.398805
     H    4        0.355671        0.398805       -0.296109

     C    5       -0.231460        0.179477       -0.297204
     C    5        0.179477        0.242016       -0.113161
     C    5       -0.297204       -0.113161       -0.010556

     H    6       -0.248108       -0.128349        0.333396
     H    6       -0.128349        0.398196        0.479652
     H    6        0.333396        0.479652       -0.150088

     H    7       -0.016536        0.003649        0.028400
     H    7        0.003649        0.144545       -0.531827
     H    7        0.028400       -0.531827       -0.128009

     C    8       -0.392553       -0.029225       -0.234283
     C    8       -0.029225        0.025300        0.163446
     C    8       -0.234283        0.163446        0.367253

     H    9        0.374624       -0.094037        0.464633
     H    9       -0.094037        0.056219       -0.113225
     H    9        0.464633       -0.113225       -0.430843

     C   10        0.065712       -0.212571        0.189694
     C   10       -0.212571       -0.479665        0.142921
     C   10        0.189694        0.142921        0.413953

     C   11       -0.290689        0.060701       -0.299329
     C   11        0.060701        0.286056       -0.168728
     C   11       -0.299329       -0.168728        0.004633

     Cl  12        1.065258        1.857606       -1.835405
     Cl  12        1.857606       -0.998833        0.894762
     Cl  12       -1.835405        0.894762       -0.066426

     H   13       -0.232386       -0.195329        0.215540
     H   13       -0.195329        0.485803        0.554496
     H   13        0.215540        0.554496       -0.253417

     C   14       -0.249278       -0.009388       -0.043713
     C   14       -0.009388       -0.077185       -0.232642
     C   14       -0.043713       -0.232642        0.326463

     H   15        0.460206        0.041837        0.523227
     H   15        0.041837       -0.216595        0.320977
     H   15        0.523227        0.320977       -0.243612

     C   16       -0.118175       -0.142257        0.007225
     C   16       -0.142257       -0.100882        0.042384
     C   16        0.007225        0.042384        0.219057

     C   17       -0.089004       -0.284600        0.045596
     C   17       -0.284600       -0.543853       -0.153109
     C   17        0.045596       -0.153109        0.632857

     Cl  18        0.887517       -1.710057       -0.896181
     Cl  18       -1.710057        0.329153       -1.202635
     Cl  18       -0.896181       -1.202635       -1.216670

     H   19       -0.436992        0.195248       -0.029205
     H   19        0.195248        0.237460       -0.296583
     H   19       -0.029205       -0.296583        0.199533

     C   20        0.274777       -0.480968       -0.107081
     C   20       -0.480968       -0.235102        0.250625
     C   20       -0.107081        0.250625       -0.039676

     H   21        0.125789        0.058624        0.562174
     H   21        0.058624       -0.068261       -0.161859
     H   21        0.562174       -0.161859       -0.057528

     C   22        0.015321       -0.230394       -0.440218
     C   22       -0.230394        0.123631        0.206558
     C   22       -0.440218        0.206558       -0.138953

     C   23        0.255777       -0.046660       -0.172135
     C   23       -0.046660        0.007875        0.291691
     C   23       -0.172135        0.291691       -0.263652

     Cl  24        1.247298        2.326208       -0.442866
     Cl  24        2.326208        0.093819        0.458242
     Cl  24       -0.442866        0.458242       -1.341118

     ----- total EFG (symmetrized) -----
     Cl   1        1.116883       -2.419947       -0.313684
     Cl   1       -2.419947       -0.201476       -0.089328
     Cl   1       -0.313684       -0.089328       -0.915408

     C    2       -0.069257       -0.453914       -0.096592
     C    2       -0.453914       -0.142874       -0.133172
     C    2       -0.096592       -0.133172        0.212131

     C    3        0.342697        0.354685       -0.067786
     C    3        0.354685       -0.385970       -0.196791
     C    3       -0.067786       -0.196791        0.043273

     H    4        0.532523        0.004112        0.355671
     H    4        0.004112       -0.236415        0.398805
     H    4        0.355671        0.398805       -0.296109

     C    5       -0.231460        0.179477       -0.297204
     C    5        0.179477        0.242016       -0.113161
     C    5       -0.297204       -0.113161       -0.010556

     H    6       -0.248108       -0.128349        0.333396
     H    6       -0.128349        0.398196        0.479652
     H    6        0.333396        0.479652       -0.150088

     H    7       -0.016536        0.003649        0.028400
     H    7        0.003649        0.144545       -0.531827
     H    7        0.028400       -0.531827       -0.128009

     C    8       -0.392553       -0.029225       -0.234283
     C    8       -0.029225        0.025300        0.163446
     C    8       -0.234283        0.163446        0.367253

     H    9        0.374624       -0.094037        0.464633
     H    9       -0.094037        0.056219       -0.113225
     H    9        0.464633       -0.113225       -0.430843

     C   10        0.065712       -0.212571        0.189694
     C   10       -0.212571       -0.479665        0.142921
     C   10        0.189694        0.142921        0.413953

     C   11       -0.290689        0.060701       -0.299329
     C   11        0.060701        0.286056       -0.168728
     C   11       -0.299329       -0.168728        0.004633

     Cl  12        1.065258        1.857606       -1.835405
     Cl  12        1.857606       -0.998833        0.894762
     Cl  12       -1.835405        0.894762       -0.066426

     H   13       -0.232386       -0.195329        0.215540
     H   13       -0.195329        0.485803        0.554496
     H   13        0.215540        0.554496       -0.253417

     C   14       -0.249278       -0.009388       -0.043713
     C   14       -0.009388       -0.077185       -0.232642
     C   14       -0.043713       -0.232642        0.326463

     H   15        0.460206        0.041837        0.523227
     H   15        0.041837       -0.216595        0.320977
     H   15        0.523227        0.320977       -0.243612

     C   16       -0.118175       -0.142257        0.007225
     C   16       -0.142257       -0.100882        0.042384
     C   16        0.007225        0.042384        0.219057

     C   17       -0.089004       -0.284600        0.045596
     C   17       -0.284600       -0.543853       -0.153109
     C   17        0.045596       -0.153109        0.632857

     Cl  18        0.887517       -1.710057       -0.896181
     Cl  18       -1.710057        0.329153       -1.202635
     Cl  18       -0.896181       -1.202635       -1.216670

     H   19       -0.436992        0.195248       -0.029205
     H   19        0.195248        0.237460       -0.296583
     H   19       -0.029205       -0.296583        0.199533

     C   20        0.274777       -0.480968       -0.107081
     C   20       -0.480968       -0.235102        0.250625
     C   20       -0.107081        0.250625       -0.039676

     H   21        0.125789        0.058624        0.562174
     H   21        0.058624       -0.068261       -0.161859
     H   21        0.562174       -0.161859       -0.057528

     C   22        0.015321       -0.230394       -0.440218
     C   22       -0.230394        0.123631        0.206558
     C   22       -0.440218        0.206558       -0.138953

     C   23        0.255777       -0.046660       -0.172135
     C   23       -0.046660        0.007875        0.291691
     C   23       -0.172135        0.291691       -0.263652

     Cl  24        1.247298        2.326208       -0.442866
     Cl  24        2.326208        0.093819        0.458242
     Cl  24       -0.442866        0.458242       -1.341118


     NQR/NMR SPECTROSCOPIC PARAMETERS:
     Cl   1    Vxx=   -0.8676    axis=( -0.091430 -0.201390  0.975235)
     Cl   1    Vyy=   -2.1081    axis=(  0.599424  0.770907  0.215393)
     Cl   1    Vzz=    2.9756    axis=( -0.795193  0.604272  0.050234)
     Cl   1  Q=        -8.1650 1e-30 m^2  Cq=       -57.0860 MHz  eta= 0.41690

     C    2    Vxx=    0.2419    axis=( -0.260346 -0.026913  0.965140)
     C    2    Vyy=    0.3527    axis=( -0.703362  0.690084 -0.170488)
     C    2    Vzz=   -0.5946    axis=( -0.661439 -0.723229 -0.198590)
     C    2  Q=         1.0000 1e-30 m^2  Cq=        -1.3970 MHz  eta= 0.18631

     C    3    Vxx=    0.0438    axis=(  0.359710 -0.126440  0.924458)
     C    3    Vyy=    0.5275    axis=(  0.871431  0.399643 -0.284417)
     C    3    Vzz=   -0.5713    axis=( -0.333492  0.907909  0.253939)
     C    3  Q=         1.0000 1e-30 m^2  Cq=        -1.3423 MHz  eta= 0.84662

     H    4    Vxx=    0.0328    axis=(  0.377035 -0.765850 -0.520883)
     H    4    Vyy=    0.6895    axis=( -0.901535 -0.174537 -0.395944)
     H    4    Vzz=   -0.7223    axis=( -0.212320 -0.618879  0.756247)
     H    4  Q=         1.0000 1e-30 m^2  Cq=        -1.6972 MHz  eta= 0.90917

     C    5    Vxx=    0.0287    axis=(  0.336496 -0.646342 -0.684845)
     C    5    Vyy=    0.4202    axis=( -0.433560 -0.751925  0.496623)
     C    5    Vzz=   -0.4489    axis=(  0.835940 -0.129809  0.533248)
     C    5  Q=         1.0000 1e-30 m^2  Cq=        -1.0548 MHz  eta= 0.87224

     H    6    Vxx=    0.0228    axis=(  0.786012 -0.366976  0.497507)
     H    6    Vyy=    0.6804    axis=( -0.068811 -0.851686 -0.519515)
     H    6    Vzz=   -0.7032    axis=(  0.614370  0.374111 -0.694687)
     H    6  Q=         1.0000 1e-30 m^2  Cq=        -1.6523 MHz  eta= 0.93504

     H    7    Vxx=   -0.0157    axis=(  0.998577  0.048775  0.021553)
     H    7    Vyy=   -0.5419    axis=( -0.046930  0.611932  0.789517)
     H    7    Vzz=    0.5576    axis=(  0.025320 -0.789405  0.613350)
     H    7  Q=         1.0000 1e-30 m^2  Cq=         1.3102 MHz  eta= 0.94353

     C    8    Vxx=   -0.0326    axis=(  0.126057  0.941955 -0.311174)
     C    8    Vyy=   -0.4596    axis=( -0.959590  0.036230 -0.279061)
     C    8    Vzz=    0.4922    axis=( -0.251589  0.333778  0.908458)
     C    8  Q=         1.0000 1e-30 m^2  Cq=         1.1564 MHz  eta= 0.86751

     H    9    Vxx=    0.0307    axis=(  0.248240  0.968621  0.012281)
     H    9    Vyy=    0.6182    axis=(  0.880173 -0.230831  0.414743)
     H    9    Vzz=   -0.6489    axis=(  0.404564 -0.092146 -0.909855)
     H    9  Q=         1.0000 1e-30 m^2  Cq=        -1.5247 MHz  eta= 0.90543

     C   10    Vxx=    0.0925    axis=(  0.856113 -0.399868 -0.327377)
     C   10    Vyy=    0.4997    axis=(  0.378102  0.052811  0.924256)
     C   10    Vzz=   -0.5922    axis=( -0.352292 -0.915050  0.196403)
     C   10  Q=         1.0000 1e-30 m^2  Cq=        -1.3914 MHz  eta= 0.68773

     C   11    Vxx=    0.0577    axis=(  0.456246 -0.604013 -0.653458)
     C   11    Vyy=    0.4211    axis=( -0.291394 -0.795267  0.531640)
     C   11    Vzz=   -0.4788    axis=(  0.840791  0.052145  0.538843)
     C   11  Q=         1.0000 1e-30 m^2  Cq=        -1.1249 MHz  eta= 0.75911

     Cl  12    Vxx=    0.3852    axis=(  0.145939  0.667769  0.729922)
     Cl  12    Vyy=    2.7361    axis=( -0.837853 -0.308886  0.450103)
     Cl  12    Vzz=   -3.1213    axis=( -0.526028  0.677254 -0.514414)
     Cl  12  Q=        -8.1650 1e-30 m^2  Cq=        59.8800 MHz  eta= 0.75319

     H   13    Vxx=   -0.0717    axis=(  0.859164 -0.176625  0.480251)
     H   13    Vyy=   -0.7160    axis=(  0.506440  0.427748 -0.748699)
     H   13    Vzz=    0.7878    axis=( -0.073187  0.886474  0.456955)
     H   13  Q=         1.0000 1e-30 m^2  Cq=         1.8509 MHz  eta= 0.81784

     C   14    Vxx=   -0.1741    axis=( -0.326400  0.867760  0.374775)
     C   14    Vyy=   -0.2604    axis=(  0.943774  0.277175  0.180180)
     C   14    Vzz=    0.4345    axis=( -0.052475 -0.412513  0.909439)
     C   14  Q=         1.0000 1e-30 m^2  Cq=         1.0209 MHz  eta= 0.19850

     H   15    Vxx=   -0.0958    axis=(  0.408688 -0.835401 -0.367532)
     H   15    Vyy=   -0.6806    axis=(  0.342095  0.513556 -0.786912)
     H   15    Vzz=    0.7764    axis=(  0.846135  0.195871  0.495671)
     H   15  Q=         1.0000 1e-30 m^2  Cq=         1.8242 MHz  eta= 0.75309

     C   16    Vxx=    0.0295    axis=(  0.690945 -0.710646  0.132578)
     C   16    Vyy=    0.2250    axis=(  0.039652 -0.145864 -0.988510)
     C   16    Vzz=   -0.2545    axis=(  0.721819  0.688263 -0.072605)
     C   16  Q=         1.0000 1e-30 m^2  Cq=        -0.5981 MHz  eta= 0.76802

     C   17    Vxx=    0.0294    axis=(  0.899981 -0.401479 -0.169850)
     C   17    Vyy=    0.6621    axis=( -0.117278  0.152275 -0.981355)
     C   17    Vzz=   -0.6914    axis=(  0.419857  0.903121  0.089960)
     C   17  Q=         1.0000 1e-30 m^2  Cq=        -1.6245 MHz  eta= 0.91510

     Cl  18    Vxx=    0.3247    axis=(  0.490271  0.525679 -0.695195)
     Cl  18    Vyy=    2.3442    axis=( -0.752256  0.658048 -0.032923)
     Cl  18    Vzz=   -2.6689    axis=(  0.440165  0.539105  0.718067)
     Cl  18  Q=        -8.1650 1e-30 m^2  Cq=        51.2019 MHz  eta= 0.75666

     H   19    Vxx=   -0.0496    axis=(  0.249832  0.608322  0.753345)
     H   19    Vyy=   -0.4935    axis=( -0.953828  0.288572  0.083298)
     H   19    Vzz=    0.5432    axis=( -0.166722 -0.739372  0.652329)
     H   19  Q=         1.0000 1e-30 m^2  Cq=         1.2762 MHz  eta= 0.81721

     C   20    Vxx=   -0.0625    axis=(  0.430570  0.102290  0.896742)
     C   20    Vyy=   -0.5761    axis=(  0.438757  0.844536 -0.307004)
     C   20    Vzz=    0.6386    axis=( -0.788734  0.525638  0.318752)
     C   20  Q=         1.0000 1e-30 m^2  Cq=         1.5004 MHz  eta= 0.80425

     H   21    Vxx=   -0.0232    axis=(  0.263185  0.949859 -0.168825)
     H   21    Vyy=   -0.5860    axis=( -0.606492  0.298990  0.736731)
     H   21    Vzz=    0.6093    axis=(  0.750268 -0.091505  0.654771)
     H   21  Q=         1.0000 1e-30 m^2  Cq=         1.4315 MHz  eta= 0.92368

     C   22    Vxx=   -0.0812    axis=(  0.435614  0.833233 -0.340535)
     C   22    Vyy=   -0.5089    axis=( -0.638042  0.018971 -0.769767)
     C   22    Vzz=    0.5902    axis=( -0.634935  0.552597  0.539902)
     C   22  Q=         1.0000 1e-30 m^2  Cq=         1.3867 MHz  eta= 0.72470

     C   23    Vxx=    0.0989    axis=(  0.579595  0.746951  0.325782)
     C   23    Vyy=    0.3713    axis=( -0.797189  0.436808  0.416761)
     C   23    Vzz=   -0.4702    axis=(  0.168996 -0.501262  0.848632)
     C   23  Q=         1.0000 1e-30 m^2  Cq=        -1.1048 MHz  eta= 0.57939

     Cl  24    Vxx=   -0.8719    axis=( -0.356478  0.477635  0.802987)
     Cl  24    Vyy=   -2.1963    axis=( -0.500777  0.627891 -0.595798)
     Cl  24    Vzz=    3.0682    axis=( -0.788762 -0.614507  0.015359)
     Cl  24  Q=        -8.1650 1e-30 m^2  Cq=       -58.8622 MHz  eta= 0.43163

     Initialization:
     gipaw_setup  :      9.29s CPU     10.90s WALL (       1 calls)

     Linear response

     Apply operators

     Induced current

     Other routines
     efg          :      9.25s CPU     11.71s WALL (       1 calls)

     General routines
     calbec       :      3.23s CPU      4.24s WALL (      16 calls)
     fft          :      1.52s CPU      2.10s WALL (      15 calls)
     ffts         :      0.04s CPU      0.05s WALL (       2 calls)
     fftw         :      3.17s CPU      3.96s WALL (     672 calls)
     davcio       :      0.03s CPU      0.32s WALL (      32 calls)

     Parallel routines
     fft_scatter  :      2.03s CPU      3.28s WALL (     689 calls)

     Plugins

     GIPAW        :     60.70s CPU     72.49s WALL (       1 calls)
