
     Program QE v.6.0 (svn rev. 13079) starts on 26Dec2016 at  3:10:11 

     This program is part of the open-source Quantum ESPRESSO suite
     for quantum simulation of materials; please cite
         "P. Giannozzi et al., J. Phys.:Condens. Matter 21 395502 (2009);
          URL http://www.quantum-espresso.org", 
     in publications or presentations arising from this work. More details at
     http://www.quantum-espresso.org/quote

     Parallel version (MPI), running on     8 processors
     R & G space division:  proc/nbgrp/npool/nimage =       8

     ***** This is GIPAW svn revision unknown      *****

     Parallelizing q-star over 1 images

     Reading data from directory:
     /users/majewski/paradichlorobenzene/pbe/9_constraint/scratch/pbe.ecut100.np8.dt60.pcl2phi-129368.save
     Message from routine read_xml_file:
     file /users/majewski/paradichlorobenzene/pbe/9_constraint/scratch/pbe.ecut100.np8.dt60.pcl2phi-129368.save not guaranteed to be safe for post-processing

   Info: using nr1, nr2, nr3 values from input

   Info: using nr1, nr2, nr3 values from input

     IMPORTANT: XC functional enforced from input :
     Exchange-correlation      =  SLA  PW   PBX  PBC ( 1  4  3  4 0 0)
     Any further DFT definition will be discarded
     Please, verify this is what you really want

               file C.pbe-n-kjpaw_psl.1.0.0.UPF: wavefunction(s)  2S 2P renormalized
               file Cl.pbe-n-kjpaw_psl.1.0.0.UPF: wavefunction(s)  3S 3P renormalized
               file H.pbe-kjpaw_psl.1.0.0.UPF: wavefunction(s)  1S renormalized

     Parallelization info
     --------------------
     sticks:   dense  smooth     PW     G-vecs:    dense   smooth      PW
     Min        3057    1223    332               144436    36536    5170
     Max        3059    1225    333               144437    36537    5171
     Sum       24467    9791   2657              1155489   292295   41363


     Subspace diagonalization in iterative solution of the eigenvalue problem:
     a serial algorithm will be used

     GIPAW projectors -----------------------------------------------
     atom=  C    l=0  rc=    1.2000  rs=    0.8000
     atom=  C    l=0  rc=    1.2000  rs=    0.8000
     atom=  C    l=1  rc=    1.4000  rs=    0.9333
     atom=  C    l=1  rc=    1.4000  rs=    0.9333
     projs nearly linearly dependent: l=1  n1,n2= 1, 2  s=  0.99951561

     atom=  Cl   l=0  rc=    1.6000  rs=    1.0667
     atom=  Cl   l=0  rc=    1.6000  rs=    1.0667
     atom=  Cl   l=1  rc=    1.6000  rs=    1.0667
     atom=  Cl   l=1  rc=    1.6000  rs=    1.0667
     atom=  Cl   l=2  rc=    1.6000  rs=    1.0667
     atom=  Cl   l=2  rc=    1.6000  rs=    1.0667
     projs nearly linearly dependent: l=2  n1,n2= 1, 2  s=  0.99993509

     atom=  H    l=0  rc=    1.0000  rs=    0.6667
     atom=  H    l=0  rc=    1.0000  rs=    0.6667
     projs nearly linearly dependent: l=0  n1,n2= 1, 2  s=  0.99968852
     -----------------------------------------------------------------

     GIPAW integrals: -------------------------------------------
     Atom  i/j   nmr_para   nmr_dia   epr_rmc  epr_para   epr_dia
       C   1 1   0.83E+03  0.17E-01  0.93E+01  0.24E+08  0.24E+03
       C   2 1   0.86E+03 -0.61E-01  0.94E+01  0.25E+08  0.25E+03
       C   2 2   0.90E+03 -0.15E+00  0.97E+01  0.26E+08  0.26E+03
       C   3 3   0.33E+01  0.34E+00  0.18E+01  0.55E+03  0.21E+02
       C   4 3   0.35E+01  0.37E+00  0.20E+01  0.59E+03  0.22E+02
       C   4 4   0.38E+01  0.39E+00  0.22E+01  0.63E+03  0.24E+02
       Cl  1 1   0.14E+04 -0.47E+00  0.84E+01  0.32E+09  0.42E+03
       Cl  2 1   0.21E+04 -0.37E+00  0.12E+02  0.49E+09  0.65E+03
       Cl  2 2   0.33E+04 -0.16E+00  0.21E+02  0.76E+09  0.10E+04
       Cl  3 3   0.21E+02  0.79E-01  0.89E+01  0.23E+05  0.13E+03
       Cl  4 3   0.24E+02  0.67E-01  0.99E+01  0.27E+05  0.15E+03
       Cl  4 4   0.28E+02  0.44E-01  0.11E+02  0.32E+05  0.18E+03
       Cl  5 5   0.77E+00  0.19E+00  0.18E+01  0.12E+03  0.22E+02
       Cl  6 5   0.80E+00  0.19E+00  0.19E+01  0.12E+03  0.23E+02
       Cl  6 6   0.83E+00  0.20E+00  0.19E+01  0.12E+03  0.23E+02
       H   1 1   0.39E+02  0.19E+00  0.29E+00  0.78E+05  0.13E+02
       H   2 1   0.41E+02  0.21E+00  0.32E+00  0.82E+05  0.14E+02
       H   2 2   0.43E+02  0.22E+00  0.36E+00  0.86E+05  0.15E+02
     ------------------------------------------------------------

     alpha_pv=     34.1607 eV

     Number of occupied bands for each k-point:
     k-point:     1    nbnd_occ=  42
     k-point:     2    nbnd_occ=  42
     k-point:     3    nbnd_occ=  42
     k-point:     4    nbnd_occ=  42
     k-point:     5    nbnd_occ=  42
     k-point:     6    nbnd_occ=  42
     k-point:     7    nbnd_occ=  42
     k-point:     8    nbnd_occ=  42
     k-point:     9    nbnd_occ=  42
     k-point:    10    nbnd_occ=  42
     k-point:    11    nbnd_occ=  42
     k-point:    12    nbnd_occ=  42
     k-point:    13    nbnd_occ=  42
     k-point:    14    nbnd_occ=  42
     k-point:    15    nbnd_occ=  42
     k-point:    16    nbnd_occ=  42


     q-space interpolation up to   110.00 Rydberg

     GIPAW job: efg                                                                             


     ELECTRIC FIELD GRADIENTS TENSORS IN Hartree/bohrradius^2:

     ----- bare term -----
     Cl   1       -0.001957        0.011471       -0.095462
     Cl   1        0.011471       -0.045430        0.018525
     Cl   1       -0.095462        0.018525        0.047387

     C    2       -0.375802        0.337194       -0.274494
     C    2        0.337194        0.018995       -0.364767
     C    2       -0.274494       -0.364767        0.356807

     C    3        0.267274        0.078461        0.033743
     C    3        0.078461       -0.111232       -0.099670
     C    3        0.033743       -0.099670       -0.156042

     H    4        0.183233       -0.052794       -0.225491
     H    4       -0.052794        0.312392        0.184572
     H    4       -0.225491        0.184572       -0.495625

     C    5       -0.295089        0.143469       -0.079692
     C    5        0.143469        0.216560        0.089232
     C    5       -0.079692        0.089232        0.078529

     H    6        0.369395       -0.041735        0.273759
     H    6       -0.041735        0.169960       -0.116820
     H    6        0.273759       -0.116820       -0.539355

     H    7        0.225043        0.440988       -0.075374
     H    7        0.440988       -0.545387        0.284554
     H    7       -0.075374        0.284554        0.320344

     C    8       -0.026673       -0.165552       -0.107504
     C    8       -0.165552       -0.104323        0.396651
     C    8       -0.107504        0.396651        0.130996

     H    9       -0.289554        0.396282       -0.448869
     H    9        0.396282        0.093996        0.290760
     H    9       -0.448869        0.290760        0.195558

     C   10       -0.694103       -0.381391       -0.277921
     C   10       -0.381391        0.344995        0.188533
     C   10       -0.277921        0.188533        0.349109

     C   11       -0.003964        0.054395       -0.272318
     C   11        0.054395       -0.067955        0.531992
     C   11       -0.272318        0.531992        0.071918

     Cl  12       -0.254002       -0.272765        0.004216
     Cl  12       -0.272765        0.196787       -0.074950
     Cl  12        0.004216       -0.074950        0.057215

     H   13        0.082513        0.149275        0.361692
     H   13        0.149275        0.044288       -0.434043
     H   13        0.361692       -0.434043       -0.126801

     C   14       -0.034362       -0.355149       -0.527365
     C   14       -0.355149       -0.091827       -0.467261
     C   14       -0.527365       -0.467261        0.126188

     H   15        0.075953       -0.037219       -0.191800
     H   15       -0.037219        0.411512       -0.355810
     H   15       -0.191800       -0.355810       -0.487465

     C   16       -0.463993        0.382944       -0.376343
     C   16        0.382944        0.080782       -0.017847
     C   16       -0.376343       -0.017847        0.383210

     C   17        0.107194       -0.042410       -0.251762
     C   17       -0.042410       -0.024502       -0.625868
     C   17       -0.251762       -0.625868       -0.082692

     Cl  18       -0.267238        0.305630       -0.007014
     Cl  18        0.305630        0.160815       -0.054019
     Cl  18       -0.007014       -0.054019        0.106422

     H   19        0.144617        0.332619        0.228690
     H   19        0.332619       -0.462140        0.154054
     H   19        0.228690        0.154054        0.317523

     C   20       -0.806111       -0.344519       -0.486573
     C   20       -0.344519        0.269314       -0.053078
     C   20       -0.486573       -0.053078        0.536797

     H   21       -0.576316        0.198732        0.072083
     H   21        0.198732        0.440186        0.178878
     H   21        0.072083        0.178878        0.136131

     C   22        0.087092        0.087102       -0.218121
     C   22        0.087102       -0.404039        0.468589
     C   22       -0.218121        0.468589        0.316947

     C   23       -0.767521       -0.469177       -0.373508
     C   23       -0.469177        0.318245        0.021838
     C   23       -0.373508        0.021838        0.449276

     Cl  24        0.102927       -0.026497        0.038513
     Cl  24       -0.026497       -0.119082        0.083309
     Cl  24        0.038513        0.083309        0.016154

     ----- ionic term -----
     Cl   1        0.147834       -0.238779        0.044574
     Cl   1       -0.238779       -0.027091       -0.020135
     Cl   1        0.044574       -0.020135       -0.120743

     C    2        0.024192       -0.295468        0.327218
     C    2       -0.295468       -0.042698        0.436019
     C    2        0.327218        0.436019        0.018506

     C    3        0.017638       -0.325692        0.184834
     C    3       -0.325692        0.057968        0.449184
     C    3        0.184834        0.449184       -0.075607

     H    4        0.179845        0.226077        0.774772
     H    4        0.226077       -0.446153        0.324978
     H    4        0.774772        0.324978        0.266307

     C    5        0.160996       -0.261440        0.282414
     C    5       -0.261440       -0.062023        0.314382
     C    5        0.282414        0.314382       -0.098974

     H    6       -0.525201       -0.070208       -0.043210
     H    6       -0.070208        0.411049        0.783231
     H    6       -0.043210        0.783231        0.114152

     H    7       -0.446459       -0.292269        0.168377
     H    7       -0.292269        0.684233       -0.617883
     H    7        0.168377       -0.617883       -0.237774

     C    8        0.325645        0.129920        0.263264
     C    8        0.129920        0.083122       -0.287919
     C    8        0.263264       -0.287919       -0.408766

     H    9        0.572151       -0.170719        0.755364
     H    9       -0.170719       -0.499415       -0.193423
     H    9        0.755364       -0.193423       -0.072736

     C   10        0.135147        0.250578        0.182541
     C   10        0.250578        0.235144       -0.367738
     C   10        0.182541       -0.367738       -0.370292

     C   11        0.290744        0.109317        0.211868
     C   11        0.109317        0.146806       -0.354745
     C   11        0.211868       -0.354745       -0.437550

     Cl  12        0.133767        0.190538       -0.002274
     Cl  12        0.190538        0.019155       -0.001443
     Cl  12       -0.002274       -0.001443       -0.152922

     H   13       -0.526735       -0.136255       -0.115017
     H   13       -0.136255        0.298002        0.777162
     H   13       -0.115017        0.777162        0.228733

     C   14        0.139699       -0.298052        0.314343
     C   14       -0.298052       -0.142642        0.290375
     C   14        0.314343        0.290375        0.002943

     H   15        0.257771        0.151220        0.782959
     H   15        0.151220       -0.535974        0.208641
     H   15        0.782959        0.208641        0.278203

     C   16        0.089131       -0.348033        0.191104
     C   16       -0.348033       -0.068455        0.368931
     C   16        0.191104        0.368931       -0.020676

     C   17        0.087175       -0.274510        0.244697
     C   17       -0.274510       -0.092175        0.438066
     C   17        0.244697        0.438066        0.005000

     Cl  18        0.150505       -0.191019        0.020032
     Cl  18       -0.191019       -0.013995       -0.000989
     Cl  18        0.020032       -0.000989       -0.136510

     H   19       -0.447247       -0.319383        0.101953
     H   19       -0.319383        0.867943       -0.456144
     H   19        0.101953       -0.456144       -0.420696

     C   20        0.353979        0.071854        0.228136
     C   20        0.071854        0.130518       -0.230105
     C   20        0.228136       -0.230105       -0.484497

     H   21        0.613620       -0.524755        0.504502
     H   21       -0.524755       -0.229016       -0.269545
     H   21        0.504502       -0.269545       -0.384604

     C   22        0.158074        0.100831        0.169993
     C   22        0.100831        0.271990       -0.329283
     C   22        0.169993       -0.329283       -0.430065

     C   23        0.264481        0.110266        0.250519
     C   23        0.110266        0.147964       -0.337024
     C   23        0.250519       -0.337024       -0.412446

     Cl  24        0.139549        0.218877       -0.008784
     Cl  24        0.218877        0.012561       -0.009821
     Cl  24       -0.008784       -0.009821       -0.152111

     ----- GIPAW term -----
     Cl   1       -0.481742       -1.617136       -0.104379
     Cl   1       -1.617136       -0.193788       -1.918146
     Cl   1       -0.104379       -1.918146        0.675531

     C    2       -0.122719       -0.001924       -0.041536
     C    2       -0.001924        0.106552       -0.199226
     C    2       -0.041536       -0.199226        0.016167

     C    3        0.011978        0.002392        0.005657
     C    3        0.002392        0.018857       -0.001053
     C    3        0.005657       -0.001053       -0.030835

     H    4       -0.000000        0.000000        0.000000
     H    4        0.000000        0.000000        0.000000
     H    4        0.000000        0.000000        0.000000

     C    5       -0.027338        0.012089       -0.001496
     C    5        0.012089        0.035045       -0.001738
     C    5       -0.001496       -0.001738       -0.007707

     H    6       -0.000000        0.000000        0.000000
     H    6        0.000000        0.000000        0.000000
     H    6        0.000000        0.000000        0.000000

     H    7       -0.000000        0.000000        0.000000
     H    7        0.000000        0.000000        0.000000
     H    7        0.000000        0.000000        0.000000

     C    8       -0.091460       -0.086682        0.023110
     C    8       -0.086682        0.210046       -0.032192
     C    8        0.023110       -0.032192       -0.118587

     H    9       -0.000000        0.000000        0.000000
     H    9        0.000000        0.000000        0.000000
     H    9        0.000000        0.000000        0.000000

     C   10       -0.234921       -0.091570       -0.054481
     C   10       -0.091570        0.318440        0.011269
     C   10       -0.054481        0.011269       -0.083520

     C   11       -0.050298        0.097004       -0.027864
     C   11        0.097004        0.206891       -0.054629
     C   11       -0.027864       -0.054629       -0.156592

     Cl  12       -0.579792        0.463948        0.054059
     Cl  12        0.463948        2.374359       -0.956438
     Cl  12        0.054059       -0.956438       -1.794567

     H   13       -0.000000        0.000000        0.000000
     H   13        0.000000        0.000000        0.000000
     H   13        0.000000        0.000000        0.000000

     C   14        0.107730       -0.232507       -0.160218
     C   14       -0.232507       -0.032749       -0.004552
     C   14       -0.160218       -0.004552       -0.074981

     H   15       -0.000000        0.000000        0.000000
     H   15        0.000000        0.000000        0.000000
     H   15        0.000000        0.000000        0.000000

     C   16       -0.048224       -0.103577       -0.163410
     C   16       -0.103577        0.045008        0.143143
     C   16       -0.163410        0.143143        0.003216

     C   17       -0.046434       -0.027889       -0.028883
     C   17       -0.027889        0.221089       -0.054885
     C   17       -0.028883       -0.054885       -0.174654

     Cl  18       -1.021093       -0.064299       -0.219135
     Cl  18       -0.064299        2.890589       -0.740075
     Cl  18       -0.219135       -0.740075       -1.869496

     H   19       -0.000000        0.000000        0.000000
     H   19        0.000000        0.000000        0.000000
     H   19        0.000000        0.000000        0.000000

     C   20       -0.163417        0.042413       -0.131289
     C   20        0.042413        0.074503       -0.187439
     C   20       -0.131289       -0.187439        0.088914

     H   21       -0.000000        0.000000        0.000000
     H   21        0.000000        0.000000        0.000000
     H   21        0.000000        0.000000        0.000000

     C   22       -0.082017        0.109136       -0.079220
     C   22        0.109136        0.037424       -0.148100
     C   22       -0.079220       -0.148100        0.044594

     C   23       -0.138809       -0.062594       -0.005826
     C   23       -0.062594        0.183651       -0.126055
     C   23       -0.005826       -0.126055       -0.044842

     Cl  24       -0.221158        0.682571        0.497599
     Cl  24        0.682571        1.099310       -1.786117
     Cl  24        0.497599       -1.786117       -0.878152

     ----- total EFG -----
     Cl   1       -0.335866       -1.844444       -0.155267
     Cl   1       -1.844444       -0.266309       -1.919756
     Cl   1       -0.155267       -1.919756        0.602175

     C    2       -0.474329        0.039802        0.011188
     C    2        0.039802        0.082849       -0.127974
     C    2        0.011188       -0.127974        0.391480

     C    3        0.296890       -0.244839        0.224234
     C    3       -0.244839       -0.034407        0.348462
     C    3        0.224234        0.348462       -0.262484

     H    4        0.363078        0.173283        0.549281
     H    4        0.173283       -0.133761        0.509550
     H    4        0.549281        0.509550       -0.229318

     C    5       -0.161430       -0.105882        0.201225
     C    5       -0.105882        0.189582        0.401876
     C    5        0.201225        0.401876       -0.028152

     H    6       -0.155807       -0.111944        0.230549
     H    6       -0.111944        0.581010        0.666411
     H    6        0.230549        0.666411       -0.425203

     H    7       -0.221416        0.148720        0.093003
     H    7        0.148720        0.138846       -0.333329
     H    7        0.093003       -0.333329        0.082570

     C    8        0.207512       -0.122314        0.178869
     C    8       -0.122314        0.188845        0.076540
     C    8        0.178869        0.076540       -0.396356

     H    9        0.282597        0.225562        0.306495
     H    9        0.225562       -0.405418        0.097336
     H    9        0.306495        0.097336        0.122821

     C   10       -0.793877       -0.222383       -0.149861
     C   10       -0.222383        0.898579       -0.167937
     C   10       -0.149861       -0.167937       -0.104703

     C   11        0.236482        0.260715       -0.088314
     C   11        0.260715        0.285741        0.122618
     C   11       -0.088314        0.122618       -0.522223

     Cl  12       -0.700027        0.381721        0.056000
     Cl  12        0.381721        2.590301       -1.032830
     Cl  12        0.056000       -1.032830       -1.890274

     H   13       -0.444223        0.013020        0.246675
     H   13        0.013020        0.342290        0.343119
     H   13        0.246675        0.343119        0.101932

     C   14        0.213067       -0.885708       -0.373240
     C   14       -0.885708       -0.267218       -0.181438
     C   14       -0.373240       -0.181438        0.054150

     H   15        0.333724        0.114001        0.591159
     H   15        0.114001       -0.124461       -0.147169
     H   15        0.591159       -0.147169       -0.209262

     C   16       -0.423086       -0.068665       -0.348648
     C   16       -0.068665        0.057336        0.494227
     C   16       -0.348648        0.494227        0.365750

     C   17        0.147935       -0.344809       -0.035948
     C   17       -0.344809        0.104412       -0.242687
     C   17       -0.035948       -0.242687       -0.252347

     Cl  18       -1.137825        0.050311       -0.206117
     Cl  18        0.050311        3.037409       -0.795083
     Cl  18       -0.206117       -0.795083       -1.899584

     H   19       -0.302630        0.013236        0.330643
     H   19        0.013236        0.405803       -0.302090
     H   19        0.330643       -0.302090       -0.103173

     C   20       -0.615549       -0.230252       -0.389726
     C   20       -0.230252        0.474335       -0.470622
     C   20       -0.389726       -0.470622        0.141214

     H   21        0.037303       -0.326023        0.576585
     H   21       -0.326023        0.211170       -0.090667
     H   21        0.576585       -0.090667       -0.248473

     C   22        0.163149        0.297069       -0.127349
     C   22        0.297069       -0.094626       -0.008794
     C   22       -0.127349       -0.008794       -0.068524

     C   23       -0.641849       -0.421505       -0.128815
     C   23       -0.421505        0.649860       -0.441241
     C   23       -0.128815       -0.441241       -0.008011

     Cl  24        0.021318        0.874951        0.527328
     Cl  24        0.874951        0.992790       -1.712628
     Cl  24        0.527328       -1.712628       -1.014108

     ----- total EFG (symmetrized) -----
     Cl   1       -0.335866       -1.844444       -0.155267
     Cl   1       -1.844444       -0.266309       -1.919756
     Cl   1       -0.155267       -1.919756        0.602175

     C    2       -0.474329        0.039802        0.011188
     C    2        0.039802        0.082849       -0.127974
     C    2        0.011188       -0.127974        0.391480

     C    3        0.296890       -0.244839        0.224234
     C    3       -0.244839       -0.034407        0.348462
     C    3        0.224234        0.348462       -0.262484

     H    4        0.363078        0.173283        0.549281
     H    4        0.173283       -0.133761        0.509550
     H    4        0.549281        0.509550       -0.229318

     C    5       -0.161430       -0.105882        0.201225
     C    5       -0.105882        0.189582        0.401876
     C    5        0.201225        0.401876       -0.028152

     H    6       -0.155807       -0.111944        0.230549
     H    6       -0.111944        0.581010        0.666411
     H    6        0.230549        0.666411       -0.425203

     H    7       -0.221416        0.148720        0.093003
     H    7        0.148720        0.138846       -0.333329
     H    7        0.093003       -0.333329        0.082570

     C    8        0.207512       -0.122314        0.178869
     C    8       -0.122314        0.188845        0.076540
     C    8        0.178869        0.076540       -0.396356

     H    9        0.282597        0.225562        0.306495
     H    9        0.225562       -0.405418        0.097336
     H    9        0.306495        0.097336        0.122821

     C   10       -0.793877       -0.222383       -0.149861
     C   10       -0.222383        0.898579       -0.167937
     C   10       -0.149861       -0.167937       -0.104703

     C   11        0.236482        0.260715       -0.088314
     C   11        0.260715        0.285741        0.122618
     C   11       -0.088314        0.122618       -0.522223

     Cl  12       -0.700027        0.381721        0.056000
     Cl  12        0.381721        2.590301       -1.032830
     Cl  12        0.056000       -1.032830       -1.890274

     H   13       -0.444223        0.013020        0.246675
     H   13        0.013020        0.342290        0.343119
     H   13        0.246675        0.343119        0.101932

     C   14        0.213067       -0.885708       -0.373240
     C   14       -0.885708       -0.267218       -0.181438
     C   14       -0.373240       -0.181438        0.054150

     H   15        0.333724        0.114001        0.591159
     H   15        0.114001       -0.124461       -0.147169
     H   15        0.591159       -0.147169       -0.209262

     C   16       -0.423086       -0.068665       -0.348648
     C   16       -0.068665        0.057336        0.494227
     C   16       -0.348648        0.494227        0.365750

     C   17        0.147935       -0.344809       -0.035948
     C   17       -0.344809        0.104412       -0.242687
     C   17       -0.035948       -0.242687       -0.252347

     Cl  18       -1.137825        0.050311       -0.206117
     Cl  18        0.050311        3.037409       -0.795083
     Cl  18       -0.206117       -0.795083       -1.899584

     H   19       -0.302630        0.013236        0.330643
     H   19        0.013236        0.405803       -0.302090
     H   19        0.330643       -0.302090       -0.103173

     C   20       -0.615549       -0.230252       -0.389726
     C   20       -0.230252        0.474335       -0.470622
     C   20       -0.389726       -0.470622        0.141214

     H   21        0.037303       -0.326023        0.576585
     H   21       -0.326023        0.211170       -0.090667
     H   21        0.576585       -0.090667       -0.248473

     C   22        0.163149        0.297069       -0.127349
     C   22        0.297069       -0.094626       -0.008794
     C   22       -0.127349       -0.008794       -0.068524

     C   23       -0.641849       -0.421505       -0.128815
     C   23       -0.421505        0.649860       -0.441241
     C   23       -0.128815       -0.441241       -0.008011

     Cl  24        0.021318        0.874951        0.527328
     Cl  24        0.874951        0.992790       -1.712628
     Cl  24        0.527328       -1.712628       -1.014108


     NQR/NMR SPECTROSCOPIC PARAMETERS:
     Cl   1    Vxx=    0.2527    axis=( -0.733195  0.178736  0.656109)
     Cl   1    Vyy=    2.5823    axis=(  0.393602 -0.675246  0.623795)
     Cl   1    Vzz=   -2.8350    axis=( -0.554529 -0.715609 -0.424736)
     Cl   1  Q=        -8.1650 1e-30 m^2  Cq=        54.3882 MHz  eta= 0.82172

     C    2    Vxx=    0.0400    axis=(  0.079916  0.937465  0.338782)
     C    2    Vyy=    0.4376    axis=( -0.003284 -0.339620  0.940557)
     C    2    Vzz=   -0.4776    axis=( -0.996796  0.076278  0.024063)
     C    2  Q=         1.0000 1e-30 m^2  Cq=        -1.1223 MHz  eta= 0.83253

     C    3    Vxx=    0.2001    axis=(  0.260797  0.706083  0.658355)
     C    3    Vyy=    0.4298    axis=( -0.906251  0.414084 -0.085107)
     C    3    Vzz=   -0.6299    axis=( -0.332707 -0.574439  0.747881)
     C    3  Q=         1.0000 1e-30 m^2  Cq=        -1.4800 MHz  eta= 0.36475

     H    4    Vxx=   -0.0893    axis=(  0.615631 -0.738910 -0.273880)
     H    4    Vyy=   -0.7840    axis=(  0.296165  0.539017 -0.788509)
     H    4    Vzz=    0.8732    axis=(  0.730263  0.404317  0.550675)
     H    4  Q=         1.0000 1e-30 m^2  Cq=         2.0517 MHz  eta= 0.79555

     C    5    Vxx=   -0.0100    axis=(  0.822133 -0.393064  0.411823)
     C    5    Vyy=   -0.4895    axis=(  0.565751  0.483502 -0.667946)
     C    5    Vzz=    0.4995    axis=(  0.063428  0.782129  0.619879)
     C    5  Q=         1.0000 1e-30 m^2  Cq=         1.1736 MHz  eta= 0.95992

     H    6    Vxx=   -0.0614    axis=(  0.938353 -0.156319  0.308315)
     H    6    Vyy=   -0.8515    axis=(  0.345670  0.417868 -0.840178)
     H    6    Vzz=    0.9129    axis=(  0.002501  0.894959  0.446142)
     H    6  Q=         1.0000 1e-30 m^2  Cq=         2.1450 MHz  eta= 0.86547

     H    7    Vxx=   -0.0557    axis=( -0.703570 -0.430701 -0.565231)
     H    7    Vyy=   -0.3930    axis=( -0.706765  0.506904  0.493489)
     H    7    Vzz=    0.4487    axis=(  0.073972  0.746690 -0.661047)
     H    7  Q=         1.0000 1e-30 m^2  Cq=         1.0542 MHz  eta= 0.75190

     C    8    Vxx=    0.1318    axis=(  0.550862  0.779019  0.299467)
     C    8    Vyy=    0.3312    axis=(  0.785485 -0.605193  0.129439)
     C    8    Vzz=   -0.4630    axis=( -0.282071 -0.163924  0.945286)
     C    8  Q=         1.0000 1e-30 m^2  Cq=        -1.0879 MHz  eta= 0.43077

     H    9    Vxx=   -0.1046    axis=( -0.556871 -0.153401  0.816310)
     H    9    Vyy=   -0.4728    axis=( -0.281667  0.959439 -0.011850)
     H    9    Vzz=    0.5774    axis=( -0.781382 -0.236526 -0.577492)
     H    9  Q=         1.0000 1e-30 m^2  Cq=         1.3566 MHz  eta= 0.63784

     C   10    Vxx=   -0.0868    axis=( -0.239180  0.110433  0.964675)
     C   10    Vyy=   -0.8615    axis=(  0.964326  0.143092  0.222713)
     C   10    Vzz=    0.9483    axis=( -0.113443  0.983529 -0.140718)
     C   10  Q=         1.0000 1e-30 m^2  Cq=         2.2280 MHz  eta= 0.81699

     C   11    Vxx=    0.0381    axis=( -0.726236  0.638708  0.254233)
     C   11    Vyy=    0.5240    axis=(  0.666203  0.745122  0.031095)
     C   11    Vzz=   -0.5621    axis=(  0.169574 -0.191953  0.966643)
     C   11  Q=         1.0000 1e-30 m^2  Cq=        -1.3206 MHz  eta= 0.86441

     Cl  12    Vxx=   -0.7234    axis=(  0.990155 -0.077788  0.116375)
     Cl  12    Vyy=   -2.1302    axis=(  0.096782 -0.220201 -0.970641)
     Cl  12    Vzz=    2.8536    axis=(  0.101130  0.972348 -0.210505)
     Cl  12  Q=        -8.1650 1e-30 m^2  Cq=       -54.7449 MHz  eta= 0.49297

     H   13    Vxx=   -0.0537    axis=( -0.410787  0.604749 -0.682300)
     H   13    Vyy=   -0.5554    axis=( -0.899148 -0.144810  0.412993)
     H   13    Vzz=    0.6091    axis=(  0.150953  0.783140  0.603245)
     H   13  Q=         1.0000 1e-30 m^2  Cq=         1.4311 MHz  eta= 0.82376

     C   14    Vxx=    0.1356    axis=( -0.011710 -0.389175  0.921090)
     C   14    Vyy=    0.9336    axis=( -0.800090  0.556160  0.224815)
     C   14    Vzz=   -1.0692    axis=( -0.599765 -0.734322 -0.317887)
     C   14  Q=         1.0000 1e-30 m^2  Cq=        -2.5121 MHz  eta= 0.74643

     H   15    Vxx=   -0.0598    axis=(  0.161645  0.943422 -0.289528)
     H   15    Vyy=   -0.6533    axis=( -0.512696  0.330968  0.792214)
     H   15    Vzz=    0.7131    axis=(  0.843217  0.020382  0.537188)
     H   15  Q=         1.0000 1e-30 m^2  Cq=         1.6755 MHz  eta= 0.83238

     C   16    Vxx=   -0.2301    axis=(  0.444316  0.799872 -0.403469)
     C   16    Vyy=   -0.5841    axis=( -0.858719  0.251905 -0.446257)
     C   16    Vzz=    0.8142    axis=( -0.255312  0.544746  0.798791)
     C   16  Q=         1.0000 1e-30 m^2  Cq=         1.9131 MHz  eta= 0.43480

     C   17    Vxx=   -0.0500    axis=(  0.640374  0.433686 -0.633907)
     C   17    Vyy=   -0.4498    axis=(  0.364849  0.554506  0.747936)
     C   17    Vzz=    0.4998    axis=(  0.675874 -0.710239  0.196861)
     C   17  Q=         1.0000 1e-30 m^2  Cq=         1.1743 MHz  eta= 0.79993

     Cl  18    Vxx=   -1.0980    axis=(  0.978214 -0.050610 -0.201337)
     Cl  18    Vyy=   -2.0658    axis=(  0.206727  0.148627  0.967044)
     Cl  18    Vzz=    3.1638    axis=( -0.019018 -0.987597  0.155851)
     Cl  18  Q=        -8.1650 1e-30 m^2  Cq=       -60.6968 MHz  eta= 0.30591

     H   19    Vxx=    0.0201    axis=( -0.645611 -0.457011 -0.611823)
     H   19    Vyy=    0.5678    axis=( -0.166008  0.865995 -0.471693)
     H   19    Vzz=   -0.5879    axis=( -0.745405  0.202963  0.634963)
     H   19  Q=         1.0000 1e-30 m^2  Cq=        -1.3813 MHz  eta= 0.93169

     C   20    Vxx=    0.0945    axis=( -0.535077  0.510023  0.673476)
     C   20    Vyy=    0.8081    axis=( -0.030258 -0.808257  0.588053)
     C   20    Vzz=   -0.9026    axis=( -0.844261 -0.294276 -0.447912)
     C   20  Q=         1.0000 1e-30 m^2  Cq=        -2.1207 MHz  eta= 0.79071

     H   21    Vxx=    0.0239    axis=(  0.344475  0.820605  0.456010)
     H   21    Vyy=    0.6954    axis=(  0.687373 -0.551306  0.472843)
     H   21    Vzz=   -0.7193    axis=(  0.639418  0.150566 -0.753972)
     H   21  Q=         1.0000 1e-30 m^2  Cq=        -1.6902 MHz  eta= 0.93347

     C   22    Vxx=   -0.0784    axis=(  0.047286  0.360841  0.931428)
     C   22    Vyy=   -0.3073    axis=(  0.565372 -0.778399  0.272854)
     C   22    Vzz=    0.3857    axis=(  0.823480  0.513701 -0.240817)
     C   22  Q=         1.0000 1e-30 m^2  Cq=         0.9063 MHz  eta= 0.59350

     C   23    Vxx=   -0.0890    axis=( -0.415186  0.280053  0.865558)
     C   23    Vyy=   -0.8500    axis=(  0.885766  0.341414  0.314414)
     C   23    Vzz=    0.9390    axis=( -0.207461  0.897222 -0.389812)
     C   23  Q=         1.0000 1e-30 m^2  Cq=         2.2063 MHz  eta= 0.81047

     Cl  24    Vxx=    0.2362    axis=( -0.897417  0.044153 -0.438969)
     Cl  24    Vyy=    2.1050    axis=(  0.253970  0.865289 -0.432175)
     Cl  24    Vzz=   -2.3412    axis=( -0.360753  0.499326  0.787738)
     Cl  24  Q=        -8.1650 1e-30 m^2  Cq=        44.9146 MHz  eta= 0.79821

     Initialization:
     gipaw_setup  :      9.12s CPU     10.82s WALL (       1 calls)

     Linear response

     Apply operators

     Induced current

     Other routines
     efg          :      9.06s CPU     11.00s WALL (       1 calls)

     General routines
     calbec       :      3.09s CPU      3.93s WALL (      16 calls)
     fft          :      1.54s CPU      2.11s WALL (      15 calls)
     ffts         :      0.04s CPU      0.04s WALL (       2 calls)
     fftw         :      3.15s CPU      3.65s WALL (     672 calls)
     davcio       :      0.05s CPU      0.37s WALL (      32 calls)

     Parallel routines
     fft_scatter  :      2.02s CPU      2.90s WALL (     689 calls)

     Plugins

     GIPAW        :     60.09s CPU     71.82s WALL (       1 calls)
