
     Program QE v.6.0 (svn rev. 13079) starts on 30Dec2016 at 11: 7:24 

     This program is part of the open-source Quantum ESPRESSO suite
     for quantum simulation of materials; please cite
         "P. Giannozzi et al., J. Phys.:Condens. Matter 21 395502 (2009);
          URL http://www.quantum-espresso.org", 
     in publications or presentations arising from this work. More details at
     http://www.quantum-espresso.org/quote

     Parallel version (MPI), running on     8 processors
     R & G space division:  proc/nbgrp/npool/nimage =       8

     ***** This is GIPAW svn revision unknown      *****

     Parallelizing q-star over 1 images

     Reading data from directory:
     /users/majewski/paradichlorobenzene/pbe/9_constraint/scratch/pbe.ecut100.np8.dt60.pcl2phi-129368.save
     Message from routine read_xml_file:
     file /users/majewski/paradichlorobenzene/pbe/9_constraint/scratch/pbe.ecut100.np8.dt60.pcl2phi-129368.save not guaranteed to be safe for post-processing

   Info: using nr1, nr2, nr3 values from input

   Info: using nr1, nr2, nr3 values from input

     IMPORTANT: XC functional enforced from input :
     Exchange-correlation      =  SLA  PW   PBX  PBC ( 1  4  3  4 0 0)
     Any further DFT definition will be discarded
     Please, verify this is what you really want

               file C.pbe-n-kjpaw_psl.1.0.0.UPF: wavefunction(s)  2S 2P renormalized
               file Cl.pbe-n-kjpaw_psl.1.0.0.UPF: wavefunction(s)  3S 3P renormalized
               file H.pbe-kjpaw_psl.1.0.0.UPF: wavefunction(s)  1S renormalized

     Parallelization info
     --------------------
     sticks:   dense  smooth     PW     G-vecs:    dense   smooth      PW
     Min        3057    1223    332               144436    36536    5170
     Max        3059    1225    333               144437    36537    5171
     Sum       24467    9791   2657              1155489   292295   41363


     Subspace diagonalization in iterative solution of the eigenvalue problem:
     a serial algorithm will be used

     GIPAW projectors -----------------------------------------------
     atom=  C    l=0  rc=    1.2000  rs=    0.8000
     atom=  C    l=0  rc=    1.2000  rs=    0.8000
     atom=  C    l=1  rc=    1.4000  rs=    0.9333
     atom=  C    l=1  rc=    1.4000  rs=    0.9333
     projs nearly linearly dependent: l=1  n1,n2= 1, 2  s=  0.99951561

     atom=  Cl   l=0  rc=    1.6000  rs=    1.0667
     atom=  Cl   l=0  rc=    1.6000  rs=    1.0667
     atom=  Cl   l=1  rc=    1.6000  rs=    1.0667
     atom=  Cl   l=1  rc=    1.6000  rs=    1.0667
     atom=  Cl   l=2  rc=    1.6000  rs=    1.0667
     atom=  Cl   l=2  rc=    1.6000  rs=    1.0667
     projs nearly linearly dependent: l=2  n1,n2= 1, 2  s=  0.99993509

     atom=  H    l=0  rc=    1.0000  rs=    0.6667
     atom=  H    l=0  rc=    1.0000  rs=    0.6667
     projs nearly linearly dependent: l=0  n1,n2= 1, 2  s=  0.99968852
     -----------------------------------------------------------------

     GIPAW integrals: -------------------------------------------
     Atom  i/j   nmr_para   nmr_dia   epr_rmc  epr_para   epr_dia
       C   1 1   0.83E+03  0.17E-01  0.93E+01  0.24E+08  0.24E+03
       C   2 1   0.86E+03 -0.61E-01  0.94E+01  0.25E+08  0.25E+03
       C   2 2   0.90E+03 -0.15E+00  0.97E+01  0.26E+08  0.26E+03
       C   3 3   0.33E+01  0.34E+00  0.18E+01  0.55E+03  0.21E+02
       C   4 3   0.35E+01  0.37E+00  0.20E+01  0.59E+03  0.22E+02
       C   4 4   0.38E+01  0.39E+00  0.22E+01  0.63E+03  0.24E+02
       Cl  1 1   0.14E+04 -0.47E+00  0.84E+01  0.32E+09  0.42E+03
       Cl  2 1   0.21E+04 -0.37E+00  0.12E+02  0.49E+09  0.65E+03
       Cl  2 2   0.33E+04 -0.16E+00  0.21E+02  0.76E+09  0.10E+04
       Cl  3 3   0.21E+02  0.79E-01  0.89E+01  0.23E+05  0.13E+03
       Cl  4 3   0.24E+02  0.67E-01  0.99E+01  0.27E+05  0.15E+03
       Cl  4 4   0.28E+02  0.44E-01  0.11E+02  0.32E+05  0.18E+03
       Cl  5 5   0.77E+00  0.19E+00  0.18E+01  0.12E+03  0.22E+02
       Cl  6 5   0.80E+00  0.19E+00  0.19E+01  0.12E+03  0.23E+02
       Cl  6 6   0.83E+00  0.20E+00  0.19E+01  0.12E+03  0.23E+02
       H   1 1   0.39E+02  0.19E+00  0.29E+00  0.78E+05  0.13E+02
       H   2 1   0.41E+02  0.21E+00  0.32E+00  0.82E+05  0.14E+02
       H   2 2   0.43E+02  0.22E+00  0.36E+00  0.86E+05  0.15E+02
     ------------------------------------------------------------

     alpha_pv=     34.4070 eV

     Number of occupied bands for each k-point:
     k-point:     1    nbnd_occ=  42
     k-point:     2    nbnd_occ=  42
     k-point:     3    nbnd_occ=  42
     k-point:     4    nbnd_occ=  42
     k-point:     5    nbnd_occ=  42
     k-point:     6    nbnd_occ=  42
     k-point:     7    nbnd_occ=  42
     k-point:     8    nbnd_occ=  42
     k-point:     9    nbnd_occ=  42
     k-point:    10    nbnd_occ=  42
     k-point:    11    nbnd_occ=  42
     k-point:    12    nbnd_occ=  42
     k-point:    13    nbnd_occ=  42
     k-point:    14    nbnd_occ=  42
     k-point:    15    nbnd_occ=  42
     k-point:    16    nbnd_occ=  42


     q-space interpolation up to   110.00 Rydberg

     GIPAW job: efg                                                                             


     ELECTRIC FIELD GRADIENTS TENSORS IN Hartree/bohrradius^2:

     ----- bare term -----
     Cl   1       -0.215700        0.334261        0.025710
     Cl   1        0.334261       -0.013990        0.009867
     Cl   1        0.025710        0.009867        0.229690

     C    2       -0.036657       -0.223385       -0.346940
     C    2       -0.223385        0.055564       -0.720592
     C    2       -0.346940       -0.720592       -0.018907

     C    3       -0.616494        0.329348       -0.368191
     C    3        0.329348        0.164775       -0.067740
     C    3       -0.368191       -0.067740        0.451719

     H    4       -0.054478       -0.179425       -0.402364
     H    4       -0.179425        0.194587       -0.480550
     H    4       -0.402364       -0.480550       -0.140109

     C    5       -0.096322       -0.227149       -0.461234
     C    5       -0.227149       -0.167274       -0.353383
     C    5       -0.461234       -0.353383        0.263596

     H    6        0.347846        0.096037        0.265974
     H    6        0.096037       -0.035319       -0.545889
     H    6        0.265974       -0.545889       -0.312527

     H    7        0.373870        0.093976        0.167159
     H    7        0.093976       -0.238439        0.424312
     H    7        0.167159        0.424312       -0.135431

     C    8       -0.900089       -0.401870       -0.437507
     C    8       -0.401870        0.481019        0.040184
     C    8       -0.437507        0.040184        0.419070

     H    9        0.078091        0.116387       -0.344195
     H    9        0.116387        0.302969       -0.220375
     H    9       -0.344195       -0.220375       -0.381060

     C   10        0.239731       -0.230259        0.084165
     C   10       -0.230259       -0.256081        0.463375
     C   10        0.084165        0.463375        0.016351

     C   11       -0.495475       -0.385412       -0.432718
     C   11       -0.385412        0.210965        0.046617
     C   11       -0.432718        0.046617        0.284510

     Cl  12        0.200265        0.182108        0.047337
     Cl  12        0.182108       -0.415169       -0.249232
     Cl  12        0.047337       -0.249232        0.214904

     H   13        0.521516        0.053143       -0.088697
     H   13        0.053143        0.023154       -0.147937
     H   13       -0.088697       -0.147937       -0.544670

     C   14       -0.577347        0.324940       -0.049723
     C   14        0.324940        0.254415       -0.106641
     C   14       -0.049723       -0.106641        0.322932

     H   15       -0.014514        0.154772       -0.502947
     H   15        0.154772       -0.004020        0.194088
     H   15       -0.502947        0.194088        0.018534

     C   16        0.203362        0.013768       -0.218900
     C   16        0.013768       -0.129547       -0.549544
     C   16       -0.218900       -0.549544       -0.073815

     C   17       -0.674254        0.403261       -0.305092
     C   17        0.403261        0.237808       -0.116067
     C   17       -0.305092       -0.116067        0.436447

     Cl  18       -0.011717       -0.119544       -0.028564
     Cl  18       -0.119544        0.144545        0.025298
     Cl  18       -0.028564        0.025298       -0.132828

     H   19        0.347796        0.317443       -0.152570
     H   19        0.317443       -0.508901        0.521022
     H   19       -0.152570        0.521022        0.161106

     C   20       -0.028527       -0.373991       -0.013114
     C   20       -0.373991       -0.199022        0.372923
     C   20       -0.013114        0.372923        0.227549

     H   21       -0.218093        0.376212       -0.499522
     H   21        0.376212        0.131133        0.361208
     H   21       -0.499522        0.361208        0.086960

     C   22       -0.753183       -0.378956       -0.348253
     C   22       -0.378956        0.272011        0.012343
     C   22       -0.348253        0.012343        0.481172

     C   23        0.030731       -0.067728       -0.160394
     C   23       -0.067728       -0.387673        0.351815
     C   23       -0.160394        0.351815        0.356942

     Cl  24       -0.212155       -0.168842       -0.118574
     Cl  24       -0.168842       -0.108971       -0.077411
     Cl  24       -0.118574       -0.077411        0.321126

     ----- ionic term -----
     Cl   1        0.170516       -0.199359       -0.021379
     Cl   1       -0.199359       -0.029449        0.023123
     Cl   1       -0.021379        0.023123       -0.141067

     C    2        0.245907       -0.250698        0.225691
     C    2       -0.250698       -0.094176        0.413729
     C    2        0.225691        0.413729       -0.151731

     C    3        0.156760       -0.242710        0.170790
     C    3       -0.242710       -0.013694        0.404614
     C    3        0.170790        0.404614       -0.143066

     H    4        0.546586        0.261263        0.732544
     H    4        0.261263       -0.493903        0.237218
     H    4        0.732544        0.237218       -0.052683

     C    5        0.263494       -0.229511        0.263146
     C    5       -0.229511       -0.093703        0.308892
     C    5        0.263146        0.308892       -0.169790

     H    6       -0.526395        0.006646        0.029786
     H    6        0.006646        0.417780        0.796014
     H    6        0.029786        0.796014        0.108615

     H    7       -0.518117        0.060375       -0.018033
     H    7        0.060375        0.438110       -0.774753
     H    7       -0.018033       -0.774753        0.080007

     C    8        0.184365        0.322591        0.371100
     C    8        0.322591        0.054768       -0.239411
     C    8        0.371100       -0.239411       -0.239134

     H    9        0.270445       -0.294998        0.757409
     H    9       -0.294998       -0.356890       -0.338769
     H    9        0.757409       -0.338769        0.086445

     C   10       -0.005495        0.307842        0.272936
     C   10        0.307842        0.238858       -0.371436
     C   10        0.272936       -0.371436       -0.233363

     C   11        0.103793        0.239292        0.330661
     C   11        0.239292        0.119962       -0.354228
     C   11        0.330661       -0.354228       -0.223754

     Cl  12        0.124724        0.212013        0.052551
     Cl  12        0.212013        0.017149        0.023776
     Cl  12        0.052551        0.023776       -0.141873

     H   13       -0.518720        0.038774        0.045770
     H   13        0.038774        0.400761        0.801203
     H   13        0.045770        0.801203        0.117960

     C   14        0.257030       -0.255910        0.234510
     C   14       -0.255910       -0.060372        0.325963
     C   14        0.234510        0.325963       -0.196658

     H   15        0.470639        0.235755        0.746838
     H   15        0.235755       -0.459803        0.272012
     H   15        0.746838        0.272012       -0.010836

     C   16        0.083731       -0.318138        0.135775
     C   16       -0.318138        0.072988        0.479523
     C   16        0.135775        0.479523       -0.156719

     C   17        0.165225       -0.305983        0.261445
     C   17       -0.305983       -0.007244        0.428372
     C   17        0.261445        0.428372       -0.157981

     Cl  18        0.145534       -0.256728        0.011135
     Cl  18       -0.256728        0.001282       -0.001175
     Cl  18        0.011135       -0.001175       -0.146816

     H   19       -0.531272       -0.082833        0.057289
     H   19       -0.082833        0.604182       -0.724578
     H   19        0.057289       -0.724578       -0.072911

     C   20        0.193875        0.279749        0.325604
     C   20        0.279749        0.110635       -0.263926
     C   20        0.325604       -0.263926       -0.304510

     H   21        0.671397       -0.282455        0.658134
     H   21       -0.282455       -0.447173       -0.217370
     H   21        0.658134       -0.217370       -0.224225

     C   22        0.094760        0.292222        0.232306
     C   22        0.292222        0.287705       -0.359795
     C   22        0.232306       -0.359795       -0.382464

     C   23        0.079145        0.249163        0.340428
     C   23        0.249163        0.200918       -0.364380
     C   23        0.340428       -0.364380       -0.280063

     Cl  24        0.086075        0.214146        0.016674
     Cl  24        0.214146        0.074688        0.011376
     Cl  24        0.016674        0.011376       -0.160763

     ----- GIPAW term -----
     Cl   1       -1.302393       -0.318262       -0.018998
     Cl   1       -0.318262        1.764940       -1.884955
     Cl   1       -0.018998       -1.884955       -0.462547

     C    2       -0.056751       -0.154968       -0.036806
     C    2       -0.154968        0.221328       -0.161500
     C    2       -0.036806       -0.161500       -0.164577

     C    3       -0.186133       -0.063576       -0.132303
     C    3       -0.063576        0.151211        0.154113
     C    3       -0.132303        0.154113        0.034922

     H    4       -0.000000        0.000000        0.000000
     H    4        0.000000        0.000000        0.000000
     H    4        0.000000        0.000000        0.000000

     C    5       -0.012105       -0.177933       -0.180266
     C    5       -0.177933       -0.036401        0.079622
     C    5       -0.180266        0.079622        0.048506

     H    6       -0.000000        0.000000        0.000000
     H    6        0.000000        0.000000        0.000000
     H    6        0.000000        0.000000        0.000000

     H    7       -0.000000        0.000000        0.000000
     H    7        0.000000        0.000000        0.000000
     H    7        0.000000        0.000000        0.000000

     C    8       -0.193177       -0.093049       -0.024522
     C    8       -0.093049        0.247816       -0.089978
     C    8       -0.024522       -0.089978       -0.054639

     H    9       -0.000000        0.000000        0.000000
     H    9        0.000000        0.000000        0.000000
     H    9        0.000000        0.000000        0.000000

     C   10       -0.015075       -0.059768        0.031761
     C   10       -0.059768        0.096083        0.013499
     C   10        0.031761        0.013499       -0.081008

     C   11       -0.046555       -0.106792       -0.031995
     C   11       -0.106792        0.142671       -0.025507
     C   11       -0.031995       -0.025507       -0.096116

     Cl  12        0.263541        0.138272       -0.342327
     Cl  12        0.138272        0.790501        0.546192
     Cl  12       -0.342327        0.546192       -1.054042

     H   13       -0.000000        0.000000        0.000000
     H   13        0.000000        0.000000        0.000000
     H   13        0.000000        0.000000        0.000000

     C   14       -0.107842       -0.043998        0.038671
     C   14       -0.043998        0.136159       -0.057884
     C   14        0.038671       -0.057884       -0.028317

     H   15       -0.000000        0.000000        0.000000
     H   15        0.000000        0.000000        0.000000
     H   15        0.000000        0.000000        0.000000

     C   16       -0.056184       -0.038322       -0.020508
     C   16       -0.038322        0.173796       -0.048985
     C   16       -0.020508       -0.048985       -0.117612

     C   17       -0.102281       -0.152093       -0.065498
     C   17       -0.152093        0.205112        0.075162
     C   17       -0.065498        0.075162       -0.102831

     Cl  18        0.723965       -3.009352       -0.211673
     Cl  18       -3.009352        1.778634        0.211943
     Cl  18       -0.211673        0.211943       -2.502599

     H   19       -0.000000        0.000000        0.000000
     H   19        0.000000        0.000000        0.000000
     H   19        0.000000        0.000000        0.000000

     C   20       -0.048747       -0.187695        0.069322
     C   20       -0.187695        0.132214       -0.044097
     C   20        0.069322       -0.044097       -0.083467

     H   21       -0.000000        0.000000        0.000000
     H   21        0.000000        0.000000        0.000000
     H   21        0.000000        0.000000        0.000000

     C   22       -0.263152       -0.070686       -0.047364
     C   22       -0.070686        0.177396       -0.194107
     C   22       -0.047364       -0.194107        0.085756

     C   23       -0.072093        0.048530        0.028949
     C   23        0.048530        0.000197       -0.188995
     C   23        0.028949       -0.188995        0.071896

     Cl  24       -0.261397        1.522375       -1.198702
     Cl  24        1.522375       -0.962877       -0.878756
     Cl  24       -1.198702       -0.878756        1.224274

     ----- total EFG -----
     Cl   1       -1.347576       -0.183360       -0.014667
     Cl   1       -0.183360        1.721500       -1.851964
     Cl   1       -0.014667       -1.851964       -0.373924

     C    2        0.152499       -0.629051       -0.158055
     C    2       -0.629051        0.182716       -0.468364
     C    2       -0.158055       -0.468364       -0.335215

     C    3       -0.645867        0.023061       -0.329704
     C    3        0.023061        0.302292        0.490988
     C    3       -0.329704        0.490988        0.343575

     H    4        0.492108        0.081839        0.330180
     H    4        0.081839       -0.299316       -0.243332
     H    4        0.330180       -0.243332       -0.192792

     C    5        0.155067       -0.634594       -0.378354
     C    5       -0.634594       -0.297378        0.035131
     C    5       -0.378354        0.035131        0.142312

     H    6       -0.178549        0.102683        0.295760
     H    6        0.102683        0.382461        0.250124
     H    6        0.295760        0.250124       -0.203913

     H    7       -0.144247        0.154352        0.149126
     H    7        0.154352        0.199671       -0.350440
     H    7        0.149126       -0.350440       -0.055424

     C    8       -0.908901       -0.172328       -0.090929
     C    8       -0.172328        0.783603       -0.289205
     C    8       -0.090929       -0.289205        0.125298

     H    9        0.348535       -0.178611        0.413214
     H    9       -0.178611       -0.053921       -0.559144
     H    9        0.413214       -0.559144       -0.294614

     C   10        0.219161        0.017815        0.388862
     C   10        0.017815        0.078860        0.105437
     C   10        0.388862        0.105437       -0.298021

     C   11       -0.438238       -0.252912       -0.134052
     C   11       -0.252912        0.473598       -0.333118
     C   11       -0.134052       -0.333118       -0.035360

     Cl  12        0.588530        0.532393       -0.242439
     Cl  12        0.532393        0.392481        0.320736
     Cl  12       -0.242439        0.320736       -0.981011

     H   13        0.002796        0.091917       -0.042927
     H   13        0.091917        0.423914        0.653265
     H   13       -0.042927        0.653265       -0.426710

     C   14       -0.428159        0.025033        0.223458
     C   14        0.025033        0.330202        0.161438
     C   14        0.223458        0.161438        0.097957

     H   15        0.456125        0.390527        0.243891
     H   15        0.390527       -0.463823        0.466100
     H   15        0.243891        0.466100        0.007698

     C   16        0.230909       -0.342691       -0.103633
     C   16       -0.342691        0.117237       -0.119006
     C   16       -0.103633       -0.119006       -0.348146

     C   17       -0.611310       -0.054816       -0.109145
     C   17       -0.054816        0.435676        0.387467
     C   17       -0.109145        0.387467        0.175634

     Cl  18        0.857782       -3.385625       -0.229102
     Cl  18       -3.385625        1.924462        0.236066
     Cl  18       -0.229102        0.236066       -2.782243

     H   19       -0.183476        0.234609       -0.095281
     H   19        0.234609        0.095281       -0.203556
     H   19       -0.095281       -0.203556        0.088195

     C   20        0.116601       -0.281937        0.381812
     C   20       -0.281937        0.043827        0.064900
     C   20        0.381812        0.064900       -0.160428

     H   21        0.453304        0.093757        0.158612
     H   21        0.093757       -0.316040        0.143839
     H   21        0.158612        0.143839       -0.137265

     C   22       -0.921576       -0.157420       -0.163311
     C   22       -0.157420        0.737112       -0.541559
     C   22       -0.163311       -0.541559        0.184463

     C   23        0.037783        0.229964        0.208983
     C   23        0.229964       -0.186558       -0.201560
     C   23        0.208983       -0.201560        0.148775

     Cl  24       -0.387476        1.567679       -1.300603
     Cl  24        1.567679       -0.997160       -0.944791
     Cl  24       -1.300603       -0.944791        1.384637

     ----- total EFG (symmetrized) -----
     Cl   1       -1.347576       -0.183360       -0.014667
     Cl   1       -0.183360        1.721500       -1.851964
     Cl   1       -0.014667       -1.851964       -0.373924

     C    2        0.152499       -0.629051       -0.158055
     C    2       -0.629051        0.182716       -0.468364
     C    2       -0.158055       -0.468364       -0.335215

     C    3       -0.645867        0.023061       -0.329704
     C    3        0.023061        0.302292        0.490988
     C    3       -0.329704        0.490988        0.343575

     H    4        0.492108        0.081839        0.330180
     H    4        0.081839       -0.299316       -0.243332
     H    4        0.330180       -0.243332       -0.192792

     C    5        0.155067       -0.634594       -0.378354
     C    5       -0.634594       -0.297378        0.035131
     C    5       -0.378354        0.035131        0.142312

     H    6       -0.178549        0.102683        0.295760
     H    6        0.102683        0.382461        0.250124
     H    6        0.295760        0.250124       -0.203913

     H    7       -0.144247        0.154352        0.149126
     H    7        0.154352        0.199671       -0.350440
     H    7        0.149126       -0.350440       -0.055424

     C    8       -0.908901       -0.172328       -0.090929
     C    8       -0.172328        0.783603       -0.289205
     C    8       -0.090929       -0.289205        0.125298

     H    9        0.348535       -0.178611        0.413214
     H    9       -0.178611       -0.053921       -0.559144
     H    9        0.413214       -0.559144       -0.294614

     C   10        0.219161        0.017815        0.388862
     C   10        0.017815        0.078860        0.105437
     C   10        0.388862        0.105437       -0.298021

     C   11       -0.438238       -0.252912       -0.134052
     C   11       -0.252912        0.473598       -0.333118
     C   11       -0.134052       -0.333118       -0.035360

     Cl  12        0.588530        0.532393       -0.242439
     Cl  12        0.532393        0.392481        0.320736
     Cl  12       -0.242439        0.320736       -0.981011

     H   13        0.002796        0.091917       -0.042927
     H   13        0.091917        0.423914        0.653265
     H   13       -0.042927        0.653265       -0.426710

     C   14       -0.428159        0.025033        0.223458
     C   14        0.025033        0.330202        0.161438
     C   14        0.223458        0.161438        0.097957

     H   15        0.456125        0.390527        0.243891
     H   15        0.390527       -0.463823        0.466100
     H   15        0.243891        0.466100        0.007698

     C   16        0.230909       -0.342691       -0.103633
     C   16       -0.342691        0.117237       -0.119006
     C   16       -0.103633       -0.119006       -0.348146

     C   17       -0.611310       -0.054816       -0.109145
     C   17       -0.054816        0.435676        0.387467
     C   17       -0.109145        0.387467        0.175634

     Cl  18        0.857782       -3.385625       -0.229102
     Cl  18       -3.385625        1.924462        0.236066
     Cl  18       -0.229102        0.236066       -2.782243

     H   19       -0.183476        0.234609       -0.095281
     H   19        0.234609        0.095281       -0.203556
     H   19       -0.095281       -0.203556        0.088195

     C   20        0.116601       -0.281937        0.381812
     C   20       -0.281937        0.043827        0.064900
     C   20        0.381812        0.064900       -0.160428

     H   21        0.453304        0.093757        0.158612
     H   21        0.093757       -0.316040        0.143839
     H   21        0.158612        0.143839       -0.137265

     C   22       -0.921576       -0.157420       -0.163311
     C   22       -0.157420        0.737112       -0.541559
     C   22       -0.163311       -0.541559        0.184463

     C   23        0.037783        0.229964        0.208983
     C   23        0.229964       -0.186558       -0.201560
     C   23        0.208983       -0.201560        0.148775

     Cl  24       -0.387476        1.567679       -1.300603
     Cl  24        1.567679       -0.997160       -0.944791
     Cl  24       -1.300603       -0.944791        1.384637


     NQR/NMR SPECTROSCOPIC PARAMETERS:
     Cl   1    Vxx=   -1.2871    axis=(  0.845973 -0.241182 -0.475564)
     Cl   1    Vyy=   -1.5200    axis=(  0.531986  0.442538  0.721908)
     Cl   1    Vzz=    2.8071    axis=( -0.036344  0.863708 -0.502681)
     Cl   1  Q=        -8.1650 1e-30 m^2  Cq=       -53.8521 MHz  eta= 0.08299

     C    2    Vxx=    0.0108    axis=(  0.620513  0.319669 -0.716083)
     C    2    Vyy=    0.8457    axis=( -0.629739  0.747292 -0.212091)
     C    2    Vzz=   -0.8566    axis=(  0.467324  0.582551  0.665013)
     C    2  Q=         1.0000 1e-30 m^2  Cq=        -2.0126 MHz  eta= 0.97471

     C    3    Vxx=   -0.0731    axis=( -0.361581 -0.732400  0.576931)
     C    3    Vyy=   -0.7756    axis=( -0.919746  0.178835 -0.349407)
     C    3    Vzz=    0.8487    axis=( -0.152731  0.656969  0.738285)
     C    3  Q=         1.0000 1e-30 m^2  Cq=         1.9941 MHz  eta= 0.82777

     H    4    Vxx=   -0.0562    axis=( -0.272668 -0.724963  0.632519)
     H    4    Vyy=   -0.5694    axis=(  0.263264 -0.688559 -0.675706)
     H    4    Vzz=    0.6256    axis=(  0.925389 -0.017724  0.378605)
     H    4  Q=         1.0000 1e-30 m^2  Cq=         1.4700 MHz  eta= 0.82024

     C    5    Vxx=    0.0075    axis=(  0.262716 -0.448325  0.854392)
     C    5    Vyy=    0.7794    axis=(  0.752590 -0.458924 -0.472225)
     C    5    Vzz=   -0.7870    axis=(  0.603811  0.767068  0.216839)
     C    5  Q=         1.0000 1e-30 m^2  Cq=        -1.8491 MHz  eta= 0.98084

     H    6    Vxx=   -0.0333    axis=(  0.706917 -0.484524  0.515271)
     H    6    Vyy=   -0.5026    axis=(  0.643467  0.138128 -0.752908)
     H    6    Vzz=    0.5359    axis=(  0.293629  0.863804  0.409421)
     H    6  Q=         1.0000 1e-30 m^2  Cq=         1.2592 MHz  eta= 0.87554

     H    7    Vxx=   -0.0003    axis=(  0.816506  0.266915  0.511933)
     H    7    Vyy=   -0.4479    axis=( -0.572251  0.491611  0.656390)
     H    7    Vzz=    0.4482    axis=( -0.076471 -0.828900  0.554145)
     H    7  Q=         1.0000 1e-30 m^2  Cq=         1.0531 MHz  eta= 0.99870

     C    8    Vxx=    0.0383    axis=( -0.149156  0.327547  0.932988)
     C    8    Vyy=    0.9019    axis=(  0.072105 -0.937427  0.340633)
     C    8    Vzz=   -0.9402    axis=(  0.986181  0.118081  0.116205)
     C    8  Q=         1.0000 1e-30 m^2  Cq=        -2.2092 MHz  eta= 0.91853

     H    9    Vxx=    0.0037    axis=(  0.689855  0.663865 -0.288763)
     H    9    Vyy=    0.7861    axis=( -0.694777  0.495024 -0.521763)
     H    9    Vzz=   -0.7898    axis=( -0.203435  0.560566  0.802732)
     H    9  Q=         1.0000 1e-30 m^2  Cq=        -1.8557 MHz  eta= 0.99066

     C   10    Vxx=    0.0788    axis=(  0.227461 -0.973063 -0.037544)
     C   10    Vyy=    0.4397    axis=( -0.858823 -0.182285 -0.478743)
     C   10    Vzz=   -0.5185    axis=(  0.459004  0.141139 -0.877152)
     C   10  Q=         1.0000 1e-30 m^2  Cq=        -1.2182 MHz  eta= 0.69617

     C   11    Vxx=   -0.0683    axis=(  0.490028 -0.278957 -0.825867)
     C   11    Vyy=   -0.5969    axis=( -0.857174 -0.326477 -0.398329)
     C   11    Vzz=    0.6652    axis=( -0.158510  0.903103 -0.399097)
     C   11  Q=         1.0000 1e-30 m^2  Cq=         1.5630 MHz  eta= 0.79453

     Cl  12    Vxx=    0.0985    axis=( -0.605178  0.715728  0.348558)
     Cl  12    Vyy=    1.0320    axis=( -0.766010 -0.642748 -0.010155)
     Cl  12    Vzz=   -1.1306    axis=(  0.216767 -0.273144  0.937232)
     Cl  12  Q=        -8.1650 1e-30 m^2  Cq=        21.6892 MHz  eta= 0.82572

     H   13    Vxx=    0.0065    axis=(  0.991684 -0.019225 -0.127251)
     H   13    Vyy=    0.7828    axis=( -0.077550 -0.878366 -0.471655)
     H   13    Vzz=   -0.7893    axis=( -0.102705  0.477601 -0.872553)
     H   13  Q=         1.0000 1e-30 m^2  Cq=        -1.8546 MHz  eta= 0.98347

     C   14    Vxx=    0.0787    axis=(  0.318727 -0.534341  0.782875)
     C   14    Vyy=    0.4328    axis=(  0.157480  0.844324  0.512169)
     C   14    Vzz=   -0.5115    axis=(  0.934673  0.039955 -0.353257)
     C   14  Q=         1.0000 1e-30 m^2  Cq=        -1.2019 MHz  eta= 0.69213

     H   15    Vxx=   -0.0226    axis=(  0.600607 -0.265216 -0.754276)
     H   15    Vyy=   -0.7890    axis=( -0.184618  0.871886 -0.453576)
     H   15    Vzz=    0.8116    axis=( -0.777938 -0.411674 -0.474697)
     H   15  Q=         1.0000 1e-30 m^2  Cq=         1.9070 MHz  eta= 0.94427

     C   16    Vxx=   -0.0803    axis=(  0.555821  0.658322 -0.507617)
     C   16    Vyy=   -0.4411    axis=(  0.329693  0.385985  0.861579)
     C   16    Vzz=    0.5215    axis=( -0.763129  0.646241  0.002506)
     C   16  Q=         1.0000 1e-30 m^2  Cq=         1.2252 MHz  eta= 0.69188

     C   17    Vxx=   -0.0970    axis=( -0.106425 -0.592045  0.798847)
     C   17    Vyy=   -0.6262    axis=( -0.991010 -0.002348 -0.133766)
     C   17    Vzz=    0.7232    axis=(  0.081071 -0.805901 -0.586473)
     C   17  Q=         1.0000 1e-30 m^2  Cq=         1.6991 MHz  eta= 0.73177

     Cl  18    Vxx=   -2.0357    axis=(  0.759006  0.650515 -0.027226)
     Cl  18    Vyy=   -2.7970    axis=(  0.048694 -0.015017  0.998701)
     Cl  18    Vzz=    4.8327    axis=(  0.649261 -0.759345 -0.043074)
     Cl  18  Q=        -8.1650 1e-30 m^2  Cq=       -92.7120 MHz  eta= 0.15753

     H   19    Vxx=   -0.0755    axis=(  0.344431  0.485028  0.803813)
     H   19    Vyy=   -0.3180    axis=( -0.855995  0.513863  0.056722)
     H   19    Vzz=    0.3935    axis=( -0.385538 -0.707596  0.592172)
     H   19  Q=         1.0000 1e-30 m^2  Cq=         0.9245 MHz  eta= 0.61643

     C   20    Vxx=    0.0359    axis=( -0.153173 -0.810161 -0.565843)
     C   20    Vyy=    0.4812    axis=( -0.788519  0.445333 -0.424166)
     C   20    Vzz=   -0.5171    axis=( -0.595631 -0.381207  0.707040)
     C   20  Q=         1.0000 1e-30 m^2  Cq=        -1.2149 MHz  eta= 0.86133

     H   21    Vxx=   -0.1168    axis=( -0.307382  0.457664  0.834302)
     H   21    Vyy=   -0.3960    axis=( -0.006511  0.875717 -0.482781)
     H   21    Vzz=    0.5128    axis=(  0.951564  0.153830  0.266200)
     H   21  Q=         1.0000 1e-30 m^2  Cq=         1.2050 MHz  eta= 0.54450

     C   22    Vxx=   -0.0885    axis=( -0.256315  0.495532  0.829910)
     C   22    Vyy=   -0.9815    axis=(  0.966268  0.153636  0.206694)
     C   22    Vzz=    1.0700    axis=( -0.025081  0.854894 -0.518195)
     C   22  Q=         1.0000 1e-30 m^2  Cq=         2.5141 MHz  eta= 0.83466

     C   23    Vxx=    0.1510    axis=( -0.637996 -0.665738  0.386981)
     C   23    Vyy=    0.3109    axis=(  0.569012 -0.068981  0.819431)
     C   23    Vzz=   -0.4618    axis=(  0.518832 -0.742990 -0.422822)
     C   23  Q=         1.0000 1e-30 m^2  Cq=        -1.0852 MHz  eta= 0.34616

     Cl  24    Vxx=   -0.4754    axis=(  0.562199  0.509131  0.651704)
     Cl  24    Vyy=   -2.2927    axis=( -0.648816  0.760178 -0.034167)
     Cl  24    Vzz=    2.7682    axis=( -0.512806 -0.403628  0.757704)
     Cl  24  Q=        -8.1650 1e-30 m^2  Cq=       -53.1058 MHz  eta= 0.65649

     Initialization:
     gipaw_setup  :      9.29s CPU     10.90s WALL (       1 calls)

     Linear response

     Apply operators

     Induced current

     Other routines
     efg          :      9.16s CPU     11.48s WALL (       1 calls)

     General routines
     calbec       :      3.21s CPU      4.31s WALL (      16 calls)
     fft          :      1.43s CPU      1.92s WALL (      15 calls)
     ffts         :      0.05s CPU      0.05s WALL (       2 calls)
     fftw         :      3.19s CPU      3.86s WALL (     672 calls)
     davcio       :      0.04s CPU      0.33s WALL (      32 calls)

     Parallel routines
     fft_scatter  :      2.14s CPU      3.05s WALL (     689 calls)

     Plugins

     GIPAW        :     60.07s CPU     73.03s WALL (       1 calls)
