
     Program QE v.6.0 (svn rev. 13079) starts on  8Jan2017 at  5:36:52 

     This program is part of the open-source Quantum ESPRESSO suite
     for quantum simulation of materials; please cite
         "P. Giannozzi et al., J. Phys.:Condens. Matter 21 395502 (2009);
          URL http://www.quantum-espresso.org", 
     in publications or presentations arising from this work. More details at
     http://www.quantum-espresso.org/quote

     Parallel version (MPI), running on     8 processors
     R & G space division:  proc/nbgrp/npool/nimage =       8

     ***** This is GIPAW svn revision unknown      *****

     Parallelizing q-star over 1 images

     Reading data from directory:
     /users/majewski/paradichlorobenzene/pbe/9_constraint/scratch/pbe.ecut100.np8.dt60.pcl2phi-129368.save
     Message from routine read_xml_file:
     file /users/majewski/paradichlorobenzene/pbe/9_constraint/scratch/pbe.ecut100.np8.dt60.pcl2phi-129368.save not guaranteed to be safe for post-processing

   Info: using nr1, nr2, nr3 values from input

   Info: using nr1, nr2, nr3 values from input

     IMPORTANT: XC functional enforced from input :
     Exchange-correlation      =  SLA  PW   PBX  PBC ( 1  4  3  4 0 0)
     Any further DFT definition will be discarded
     Please, verify this is what you really want

               file C.pbe-n-kjpaw_psl.1.0.0.UPF: wavefunction(s)  2S 2P renormalized
               file Cl.pbe-n-kjpaw_psl.1.0.0.UPF: wavefunction(s)  3S 3P renormalized
               file H.pbe-kjpaw_psl.1.0.0.UPF: wavefunction(s)  1S renormalized

     Parallelization info
     --------------------
     sticks:   dense  smooth     PW     G-vecs:    dense   smooth      PW
     Min        3057    1223    332               144436    36536    5170
     Max        3059    1225    333               144437    36537    5171
     Sum       24467    9791   2657              1155489   292295   41363


     Subspace diagonalization in iterative solution of the eigenvalue problem:
     a serial algorithm will be used

     GIPAW projectors -----------------------------------------------
     atom=  C    l=0  rc=    1.2000  rs=    0.8000
     atom=  C    l=0  rc=    1.2000  rs=    0.8000
     atom=  C    l=1  rc=    1.4000  rs=    0.9333
     atom=  C    l=1  rc=    1.4000  rs=    0.9333
     projs nearly linearly dependent: l=1  n1,n2= 1, 2  s=  0.99951561

     atom=  Cl   l=0  rc=    1.6000  rs=    1.0667
     atom=  Cl   l=0  rc=    1.6000  rs=    1.0667
     atom=  Cl   l=1  rc=    1.6000  rs=    1.0667
     atom=  Cl   l=1  rc=    1.6000  rs=    1.0667
     atom=  Cl   l=2  rc=    1.6000  rs=    1.0667
     atom=  Cl   l=2  rc=    1.6000  rs=    1.0667
     projs nearly linearly dependent: l=2  n1,n2= 1, 2  s=  0.99993509

     atom=  H    l=0  rc=    1.0000  rs=    0.6667
     atom=  H    l=0  rc=    1.0000  rs=    0.6667
     projs nearly linearly dependent: l=0  n1,n2= 1, 2  s=  0.99968852
     -----------------------------------------------------------------

     GIPAW integrals: -------------------------------------------
     Atom  i/j   nmr_para   nmr_dia   epr_rmc  epr_para   epr_dia
       C   1 1   0.83E+03  0.17E-01  0.93E+01  0.24E+08  0.24E+03
       C   2 1   0.86E+03 -0.61E-01  0.94E+01  0.25E+08  0.25E+03
       C   2 2   0.90E+03 -0.15E+00  0.97E+01  0.26E+08  0.26E+03
       C   3 3   0.33E+01  0.34E+00  0.18E+01  0.55E+03  0.21E+02
       C   4 3   0.35E+01  0.37E+00  0.20E+01  0.59E+03  0.22E+02
       C   4 4   0.38E+01  0.39E+00  0.22E+01  0.63E+03  0.24E+02
       Cl  1 1   0.14E+04 -0.47E+00  0.84E+01  0.32E+09  0.42E+03
       Cl  2 1   0.21E+04 -0.37E+00  0.12E+02  0.49E+09  0.65E+03
       Cl  2 2   0.33E+04 -0.16E+00  0.21E+02  0.76E+09  0.10E+04
       Cl  3 3   0.21E+02  0.79E-01  0.89E+01  0.23E+05  0.13E+03
       Cl  4 3   0.24E+02  0.67E-01  0.99E+01  0.27E+05  0.15E+03
       Cl  4 4   0.28E+02  0.44E-01  0.11E+02  0.32E+05  0.18E+03
       Cl  5 5   0.77E+00  0.19E+00  0.18E+01  0.12E+03  0.22E+02
       Cl  6 5   0.80E+00  0.19E+00  0.19E+01  0.12E+03  0.23E+02
       Cl  6 6   0.83E+00  0.20E+00  0.19E+01  0.12E+03  0.23E+02
       H   1 1   0.39E+02  0.19E+00  0.29E+00  0.78E+05  0.13E+02
       H   2 1   0.41E+02  0.21E+00  0.32E+00  0.82E+05  0.14E+02
       H   2 2   0.43E+02  0.22E+00  0.36E+00  0.86E+05  0.15E+02
     ------------------------------------------------------------

     alpha_pv=     34.1159 eV

     Number of occupied bands for each k-point:
     k-point:     1    nbnd_occ=  42
     k-point:     2    nbnd_occ=  42
     k-point:     3    nbnd_occ=  42
     k-point:     4    nbnd_occ=  42
     k-point:     5    nbnd_occ=  42
     k-point:     6    nbnd_occ=  42
     k-point:     7    nbnd_occ=  42
     k-point:     8    nbnd_occ=  42
     k-point:     9    nbnd_occ=  42
     k-point:    10    nbnd_occ=  42
     k-point:    11    nbnd_occ=  42
     k-point:    12    nbnd_occ=  42
     k-point:    13    nbnd_occ=  42
     k-point:    14    nbnd_occ=  42
     k-point:    15    nbnd_occ=  42
     k-point:    16    nbnd_occ=  42


     q-space interpolation up to   110.00 Rydberg

     GIPAW job: efg                                                                             


     ELECTRIC FIELD GRADIENTS TENSORS IN Hartree/bohrradius^2:

     ----- bare term -----
     Cl   1        0.018760        0.137093        0.080158
     Cl   1        0.137093       -0.197208        0.260540
     Cl   1        0.080158        0.260540        0.178448

     C    2        0.017876       -0.000707       -0.215683
     C    2       -0.000707        0.033802       -0.637423
     C    2       -0.215683       -0.637423       -0.051678

     C    3       -0.409987        0.213320        0.035529
     C    3        0.213320        0.021628       -0.051288
     C    3        0.035529       -0.051288        0.388359

     H    4       -0.127961       -0.434879       -0.035452
     H    4       -0.434879       -0.240442        0.145211
     H    4       -0.035452        0.145211        0.368403

     C    5       -0.054132       -0.188871       -0.340183
     C    5       -0.188871       -0.008090       -0.448119
     C    5       -0.340183       -0.448119        0.062222

     H    6        0.438610       -0.173509        0.008027
     H    6       -0.173509       -0.782604        0.023187
     H    6        0.008027        0.023187        0.343994

     H    7        0.229757        0.075994        0.337785
     H    7        0.075994       -0.033128        0.370300
     H    7        0.337785        0.370300       -0.196628

     C    8       -0.525208       -0.373987       -0.465209
     C    8       -0.373987        0.353650        0.228883
     C    8       -0.465209        0.228883        0.171558

     H    9        0.122084        0.100563       -0.257964
     H    9        0.100563        0.448618       -0.104826
     H    9       -0.257964       -0.104826       -0.570702

     C   10        0.092870       -0.305751       -0.014734
     C   10       -0.305751       -0.176143        0.204173
     C   10       -0.014734        0.204173        0.083273

     C   11       -0.263505       -0.254078       -0.378536
     C   11       -0.254078       -0.048284        0.397839
     C   11       -0.378536        0.397839        0.311789

     Cl  12        0.017978       -0.025328       -0.067109
     Cl  12       -0.025328       -0.017261       -0.059482
     Cl  12       -0.067109       -0.059482       -0.000716

     H   13        0.408059       -0.124705        0.005013
     H   13       -0.124705       -0.568934       -0.464876
     H   13        0.005013       -0.464876        0.160875

     C   14       -0.811197        0.315430       -0.472232
     C   14        0.315430        0.225094        0.017212
     C   14       -0.472232        0.017212        0.586103

     H   15       -0.395377       -0.447900        0.116729
     H   15       -0.447900        0.231016        0.122007
     H   15        0.116729        0.122007        0.164362

     C   16        0.011331        0.082943       -0.131565
     C   16        0.082943       -0.508893       -0.355974
     C   16       -0.131565       -0.355974        0.497562

     C   17       -0.611079        0.266788       -0.390347
     C   17        0.266788        0.101668       -0.119484
     C   17       -0.390347       -0.119484        0.509411

     Cl  18       -0.049454       -0.003364       -0.063424
     Cl  18       -0.003364       -0.015736       -0.073148
     Cl  18       -0.063424       -0.073148        0.065190

     H   19        0.120445       -0.300761        0.161765
     H   19       -0.300761       -0.327932        0.495188
     H   19        0.161765        0.495188        0.207486

     C   20       -0.176725        0.215190       -0.399882
     C   20        0.215190        0.019865        0.531511
     C   20       -0.399882        0.531511        0.156859

     H   21        0.091388        0.089671       -0.275358
     H   21        0.089671        0.461685        0.301780
     H   21       -0.275358        0.301780       -0.553073

     C   22       -0.617960       -0.352115       -0.413573
     C   22       -0.352115        0.169997       -0.012706
     C   22       -0.413573       -0.012706        0.447963

     C   23        0.027779       -0.176369       -0.114338
     C   23       -0.176369       -0.229901        0.422411
     C   23       -0.114338        0.422411        0.202122

     Cl  24       -0.002724       -0.156507       -0.052648
     Cl  24       -0.156507        0.004994        0.155632
     Cl  24       -0.052648        0.155632       -0.002269

     ----- ionic term -----
     Cl   1        0.177060       -0.182036       -0.033228
     Cl   1       -0.182036       -0.025265        0.022750
     Cl   1       -0.033228        0.022750       -0.151795

     C    2        0.344679       -0.090973        0.061466
     C    2       -0.090973        0.119090        0.360080
     C    2        0.061466        0.360080       -0.463770

     C    3        0.225696       -0.150142        0.060958
     C    3       -0.150142        0.185213        0.367307
     C    3        0.060958        0.367307       -0.410909

     H    4        0.692239        0.472518        0.462223
     H    4        0.472518       -0.302599        0.240221
     H    4        0.462223        0.240221       -0.389640

     C    5        0.357553        0.020698        0.141444
     C    5        0.020698        0.111030        0.301979
     C    5        0.141444        0.301979       -0.468583

     H    6       -0.497340        0.233060        0.094019
     H    6        0.233060        0.813628        0.571120
     H    6        0.094019        0.571120       -0.316288

     H    7       -0.535788        0.063422       -0.026732
     H    7        0.063422        0.551326       -0.756722
     H    7       -0.026732       -0.756722       -0.015538

     C    8        0.161940        0.292574        0.369252
     C    8        0.292574        0.037997       -0.248140
     C    8        0.369252       -0.248140       -0.199937

     H    9        0.400489       -0.276128        0.747630
     H    9       -0.276128       -0.402171       -0.288358
     H    9        0.747630       -0.288358        0.001682

     C   10        0.088962        0.361024        0.263528
     C   10        0.361024        0.145839       -0.318234
     C   10        0.263528       -0.318234       -0.234802

     C   11        0.100526        0.254150        0.351975
     C   11        0.254150        0.024216       -0.384036
     C   11        0.351975       -0.384036       -0.124743

     Cl  12        0.167122        0.225950        0.054028
     Cl  12        0.225950       -0.029221        0.024008
     Cl  12        0.054028        0.024008       -0.137901

     H   13       -0.513054        0.085722        0.027161
     H   13        0.085722        0.764558        0.636406
     H   13        0.027161        0.636406       -0.251504

     C   14        0.416294       -0.089042        0.048029
     C   14       -0.089042        0.069896        0.307802
     C   14        0.048029        0.307802       -0.486190

     H   15        0.595214        0.545493        0.472711
     H   15        0.545493       -0.232811        0.297964
     H   15        0.472711        0.297964       -0.362403

     C   16        0.231441       -0.143918        0.032582
     C   16       -0.143918        0.240103        0.372861
     C   16        0.032582        0.372861       -0.471544

     C   17        0.322294       -0.020034        0.121059
     C   17       -0.020034        0.174741        0.357430
     C   17        0.121059        0.357430       -0.497036

     Cl  18        0.187436       -0.210671       -0.028925
     Cl  18       -0.210671       -0.040780        0.012562
     Cl  18       -0.028925        0.012562       -0.146656

     H   19       -0.514339        0.140798       -0.073784
     H   19        0.140798        0.515715       -0.750166
     H   19       -0.073784       -0.750166       -0.001376

     C   20        0.175123        0.281233        0.389792
     C   20        0.281233       -0.022493       -0.265304
     C   20        0.389792       -0.265304       -0.152629

     H   21        0.331222       -0.119031        0.788666
     H   21       -0.119031       -0.512875       -0.195406
     H   21        0.788666       -0.195406        0.181653

     C   22        0.108546        0.373053        0.275191
     C   22        0.373053        0.079286       -0.290722
     C   22        0.275191       -0.290722       -0.187832

     C   23        0.130560        0.270349        0.348354
     C   23        0.270349        0.025865       -0.341404
     C   23        0.348354       -0.341404       -0.156425

     Cl  24        0.147343        0.212486        0.065138
     Cl  24        0.212486       -0.000204        0.036119
     Cl  24        0.065138        0.036119       -0.147139

     ----- GIPAW term -----
     Cl   1       -0.450760        0.284067       -0.485038
     Cl   1        0.284067        0.749128       -1.120083
     Cl   1       -0.485038       -1.120083       -0.298368

     C    2       -0.046865        0.000052       -0.046609
     C    2        0.000052        0.181832       -0.157386
     C    2       -0.046609       -0.157386       -0.134967

     C    3       -0.078878       -0.020824        0.021106
     C    3       -0.020824        0.085137       -0.037453
     C    3        0.021106       -0.037453       -0.006259

     H    4       -0.000000        0.000000        0.000000
     H    4        0.000000        0.000000        0.000000
     H    4        0.000000        0.000000        0.000000

     C    5       -0.060977       -0.092006       -0.026048
     C    5       -0.092006        0.182180       -0.103362
     C    5       -0.026048       -0.103362       -0.121203

     H    6       -0.000000        0.000000        0.000000
     H    6        0.000000        0.000000        0.000000
     H    6        0.000000        0.000000        0.000000

     H    7       -0.000000        0.000000        0.000000
     H    7        0.000000        0.000000        0.000000
     H    7        0.000000        0.000000        0.000000

     C    8       -0.055376       -0.207533       -0.106324
     C    8       -0.207533        0.146369        0.078677
     C    8       -0.106324        0.078677       -0.090992

     H    9       -0.000000        0.000000        0.000000
     H    9        0.000000        0.000000        0.000000
     H    9        0.000000        0.000000        0.000000

     C   10        0.012774       -0.064829       -0.053377
     C   10       -0.064829       -0.021374        0.054842
     C   10       -0.053377        0.054842        0.008600

     C   11       -0.087303       -0.028875       -0.108688
     C   11       -0.028875        0.045460        0.204279
     C   11       -0.108688        0.204279        0.041844

     Cl  12       -0.596323        1.238636       -0.389944
     Cl  12        1.238636       -0.590275        1.652125
     Cl  12       -0.389944        1.652125        1.186598

     H   13       -0.000000        0.000000        0.000000
     H   13        0.000000        0.000000        0.000000
     H   13        0.000000        0.000000        0.000000

     C   14       -0.213220       -0.009741       -0.118970
     C   14       -0.009741        0.077705        0.189418
     C   14       -0.118970        0.189418        0.135516

     H   15       -0.000000        0.000000        0.000000
     H   15        0.000000        0.000000        0.000000
     H   15        0.000000        0.000000        0.000000

     C   16       -0.075550       -0.016122       -0.097014
     C   16       -0.016122       -0.157474        0.016952
     C   16       -0.097014        0.016952        0.233024

     C   17       -0.106366       -0.126236       -0.137947
     C   17       -0.126236        0.053453        0.144160
     C   17       -0.137947        0.144160        0.052913

     Cl  18        0.731533       -1.326879       -2.018620
     Cl  18       -1.326879       -1.191067       -0.810402
     Cl  18       -2.018620       -0.810402        0.459534

     H   19       -0.000000        0.000000        0.000000
     H   19        0.000000        0.000000        0.000000
     H   19        0.000000        0.000000        0.000000

     C   20       -0.029387        0.187830       -0.056801
     C   20        0.187830        0.133451        0.115723
     C   20       -0.056801        0.115723       -0.104064

     H   21       -0.000000        0.000000        0.000000
     H   21        0.000000        0.000000        0.000000
     H   21        0.000000        0.000000        0.000000

     C   22       -0.161981        0.064664       -0.156361
     C   22        0.064664        0.084908       -0.182041
     C   22       -0.156361       -0.182041        0.077073

     C   23       -0.036164       -0.022509        0.056242
     C   23       -0.022509        0.110667       -0.139442
     C   23        0.056242       -0.139442       -0.074503

     Cl  24       -0.625040        0.281306        0.702676
     Cl  24        0.281306       -0.309089       -1.487927
     Cl  24        0.702676       -1.487927        0.934130

     ----- total EFG -----
     Cl   1       -0.254940        0.239124       -0.438108
     Cl   1        0.239124        0.526655       -0.836793
     Cl   1       -0.438108       -0.836793       -0.271715

     C    2        0.315690       -0.091627       -0.200826
     C    2       -0.091627        0.334725       -0.434729
     C    2       -0.200826       -0.434729       -0.650415

     C    3       -0.263169        0.042354        0.117593
     C    3        0.042354        0.291979        0.278566
     C    3        0.117593        0.278566       -0.028810

     H    4        0.564278        0.037640        0.426771
     H    4        0.037640       -0.543041        0.385431
     H    4        0.426771        0.385431       -0.021237

     C    5        0.242444       -0.260179       -0.224786
     C    5       -0.260179        0.285121       -0.249502
     C    5       -0.224786       -0.249502       -0.527564

     H    6       -0.058730        0.059551        0.102046
     H    6        0.059551        0.031024        0.594307
     H    6        0.102046        0.594307        0.027706

     H    7       -0.306031        0.139416        0.311052
     H    7        0.139416        0.518197       -0.386422
     H    7        0.311052       -0.386422       -0.212166

     C    8       -0.418645       -0.288946       -0.202280
     C    8       -0.288946        0.538017        0.059421
     C    8       -0.202280        0.059421       -0.119372

     H    9        0.522573       -0.175565        0.489666
     H    9       -0.175565        0.046448       -0.393184
     H    9        0.489666       -0.393184       -0.569020

     C   10        0.194607       -0.009556        0.195417
     C   10       -0.009556       -0.051677       -0.059219
     C   10        0.195417       -0.059219       -0.142929

     C   11       -0.250282       -0.028802       -0.135249
     C   11       -0.028802        0.021392        0.218083
     C   11       -0.135249        0.218083        0.228890

     Cl  12       -0.411224        1.439258       -0.403025
     Cl  12        1.439258       -0.636757        1.616651
     Cl  12       -0.403025        1.616651        1.047981

     H   13       -0.104995       -0.038983        0.032174
     H   13       -0.038983        0.195624        0.171531
     H   13        0.032174        0.171531       -0.090629

     C   14       -0.608123        0.216648       -0.543173
     C   14        0.216648        0.372695        0.514432
     C   14       -0.543173        0.514432        0.235428

     H   15        0.199836        0.097593        0.589440
     H   15        0.097593       -0.001795        0.419971
     H   15        0.589440        0.419971       -0.198041

     C   16        0.167223       -0.077097       -0.195997
     C   16       -0.077097       -0.426265        0.033839
     C   16       -0.195997        0.033839        0.259042

     C   17       -0.395151        0.120517       -0.407235
     C   17        0.120517        0.329862        0.382107
     C   17       -0.407235        0.382107        0.065289

     Cl  18        0.869515       -1.540915       -2.110970
     Cl  18       -1.540915       -1.247583       -0.870989
     Cl  18       -2.110970       -0.870989        0.378068

     H   19       -0.393894       -0.159963        0.087981
     H   19       -0.159963        0.187783       -0.254977
     H   19        0.087981       -0.254977        0.206110

     C   20       -0.030989        0.684254       -0.066891
     C   20        0.684254        0.130823        0.381930
     C   20       -0.066891        0.381930       -0.099834

     H   21        0.422610       -0.029360        0.513308
     H   21       -0.029360       -0.051190        0.106374
     H   21        0.513308        0.106374       -0.371420

     C   22       -0.671394        0.085603       -0.294743
     C   22        0.085603        0.334190       -0.485468
     C   22       -0.294743       -0.485468        0.337204

     C   23        0.122175        0.071470        0.290259
     C   23        0.071470       -0.093369       -0.058435
     C   23        0.290259       -0.058435       -0.028806

     Cl  24       -0.480421        0.337285        0.715167
     Cl  24        0.337285       -0.304300       -1.296176
     Cl  24        0.715167       -1.296176        0.784721

     ----- total EFG (symmetrized) -----
     Cl   1       -0.254940        0.239124       -0.438108
     Cl   1        0.239124        0.526655       -0.836793
     Cl   1       -0.438108       -0.836793       -0.271715

     C    2        0.315690       -0.091627       -0.200826
     C    2       -0.091627        0.334725       -0.434729
     C    2       -0.200826       -0.434729       -0.650415

     C    3       -0.263169        0.042354        0.117593
     C    3        0.042354        0.291979        0.278566
     C    3        0.117593        0.278566       -0.028810

     H    4        0.564278        0.037640        0.426771
     H    4        0.037640       -0.543041        0.385431
     H    4        0.426771        0.385431       -0.021237

     C    5        0.242444       -0.260179       -0.224786
     C    5       -0.260179        0.285121       -0.249502
     C    5       -0.224786       -0.249502       -0.527564

     H    6       -0.058730        0.059551        0.102046
     H    6        0.059551        0.031024        0.594307
     H    6        0.102046        0.594307        0.027706

     H    7       -0.306031        0.139416        0.311052
     H    7        0.139416        0.518197       -0.386422
     H    7        0.311052       -0.386422       -0.212166

     C    8       -0.418645       -0.288946       -0.202280
     C    8       -0.288946        0.538017        0.059421
     C    8       -0.202280        0.059421       -0.119372

     H    9        0.522573       -0.175565        0.489666
     H    9       -0.175565        0.046448       -0.393184
     H    9        0.489666       -0.393184       -0.569020

     C   10        0.194607       -0.009556        0.195417
     C   10       -0.009556       -0.051677       -0.059219
     C   10        0.195417       -0.059219       -0.142929

     C   11       -0.250282       -0.028802       -0.135249
     C   11       -0.028802        0.021392        0.218083
     C   11       -0.135249        0.218083        0.228890

     Cl  12       -0.411224        1.439258       -0.403025
     Cl  12        1.439258       -0.636757        1.616651
     Cl  12       -0.403025        1.616651        1.047981

     H   13       -0.104995       -0.038983        0.032174
     H   13       -0.038983        0.195624        0.171531
     H   13        0.032174        0.171531       -0.090629

     C   14       -0.608123        0.216648       -0.543173
     C   14        0.216648        0.372695        0.514432
     C   14       -0.543173        0.514432        0.235428

     H   15        0.199836        0.097593        0.589440
     H   15        0.097593       -0.001795        0.419971
     H   15        0.589440        0.419971       -0.198041

     C   16        0.167223       -0.077097       -0.195997
     C   16       -0.077097       -0.426265        0.033839
     C   16       -0.195997        0.033839        0.259042

     C   17       -0.395151        0.120517       -0.407235
     C   17        0.120517        0.329862        0.382107
     C   17       -0.407235        0.382107        0.065289

     Cl  18        0.869515       -1.540915       -2.110970
     Cl  18       -1.540915       -1.247583       -0.870989
     Cl  18       -2.110970       -0.870989        0.378068

     H   19       -0.393894       -0.159963        0.087981
     H   19       -0.159963        0.187783       -0.254977
     H   19        0.087981       -0.254977        0.206110

     C   20       -0.030989        0.684254       -0.066891
     C   20        0.684254        0.130823        0.381930
     C   20       -0.066891        0.381930       -0.099834

     H   21        0.422610       -0.029360        0.513308
     H   21       -0.029360       -0.051190        0.106374
     H   21        0.513308        0.106374       -0.371420

     C   22       -0.671394        0.085603       -0.294743
     C   22        0.085603        0.334190       -0.485468
     C   22       -0.294743       -0.485468        0.337204

     C   23        0.122175        0.071470        0.290259
     C   23        0.071470       -0.093369       -0.058435
     C   23        0.290259       -0.058435       -0.028806

     Cl  24       -0.480421        0.337285        0.715167
     Cl  24        0.337285       -0.304300       -1.296176
     Cl  24        0.715167       -1.296176        0.784721


     NQR/NMR SPECTROSCOPIC PARAMETERS:
     Cl   1    Vxx=   -0.2829    axis=(  0.868008 -0.457040 -0.194106)
     Cl   1    Vyy=   -0.9061    axis=(  0.399852  0.411574  0.818978)
     Cl   1    Vzz=    1.1890    axis=(  0.294417  0.788493 -0.539998)
     Cl   1  Q=        -8.1650 1e-30 m^2  Cq=       -22.8107 MHz  eta= 0.52418

     C    2    Vxx=    0.3556    axis=( -0.977831 -0.028395  0.207462)
     C    2    Vyy=    0.5006    axis=(  0.098591 -0.936503  0.336513)
     C    2    Vzz=   -0.8562    axis=(  0.184734  0.349507  0.918541)
     C    2  Q=         1.0000 1e-30 m^2  Cq=        -2.0118 MHz  eta= 0.16928

     C    3    Vxx=   -0.1422    axis=(  0.507322 -0.499873  0.701963)
     C    3    Vyy=   -0.3235    axis=(  0.851636  0.166347 -0.497037)
     C    3    Vzz=    0.4657    axis=(  0.131686  0.849974  0.510101)
     C    3  Q=         1.0000 1e-30 m^2  Cq=         1.0943 MHz  eta= 0.38937

     H    4    Vxx=   -0.0534    axis=(  0.510554 -0.507296 -0.694252)
     H    4    Vyy=   -0.7713    axis=(  0.140609  0.845803 -0.514632)
     H    4    Vzz=    0.8247    axis=( -0.848271 -0.165129 -0.503158)
     H    4  Q=         1.0000 1e-30 m^2  Cq=         1.9378 MHz  eta= 0.87039

     C    5    Vxx=    0.1638    axis=(  0.687476  0.582468 -0.433714)
     C    5    Vyy=    0.5260    axis=(  0.659504 -0.750785  0.037089)
     C    5    Vzz=   -0.6898    axis=(  0.304023  0.311534  0.900287)
     C    5  Q=         1.0000 1e-30 m^2  Cq=        -1.6208 MHz  eta= 0.52503

     H    6    Vxx=   -0.0755    axis=( -0.985091  0.156886  0.070582)
     H    6    Vyy=   -0.5668    axis=( -0.060657 -0.700686  0.710887)
     H    6    Vzz=    0.6423    axis=( -0.160984 -0.696007 -0.699756)
     H    6  Q=         1.0000 1e-30 m^2  Cq=         1.5092 MHz  eta= 0.76483

     H    7    Vxx=    0.0004    axis=( -0.743594 -0.259621 -0.616170)
     H    7    Vyy=    0.6847    axis=(  0.005621  0.919079 -0.394034)
     H    7    Vzz=   -0.6851    axis=( -0.668608  0.296465  0.681962)
     H    7  Q=         1.0000 1e-30 m^2  Cq=        -1.6097 MHz  eta= 0.99885

     C    8    Vxx=   -0.0640    axis=( -0.322126 -0.244859  0.914483)
     C    8    Vyy=   -0.5716    axis=( -0.901755 -0.214730 -0.375138)
     C    8    Vzz=    0.6356    axis=(  0.288222 -0.945482 -0.151633)
     C    8  Q=         1.0000 1e-30 m^2  Cq=         1.4935 MHz  eta= 0.79853

     H    9    Vxx=    0.0284    axis=(  0.478463  0.860646 -0.174244)
     H    9    Vyy=    0.8367    axis=( -0.833793  0.383043 -0.397576)
     H    9    Vzz=   -0.8652    axis=( -0.275430  0.335509  0.900873)
     H    9  Q=         1.0000 1e-30 m^2  Cq=        -2.0328 MHz  eta= 0.93424

     C   10    Vxx=   -0.0420    axis=(  0.194448  0.962655 -0.188376)
     C   10    Vyy=   -0.2453    axis=( -0.388268  0.251891  0.886453)
     C   10    Vzz=    0.2874    axis=(  0.900799 -0.099228  0.422748)
     C   10  Q=         1.0000 1e-30 m^2  Cq=         0.6752 MHz  eta= 0.70756

     C   11    Vxx=   -0.1038    axis=( -0.253435 -0.853041  0.456170)
     C   11    Vyy=   -0.2892    axis=( -0.946664  0.121702 -0.298356)
     C   11    Vzz=    0.3930    axis=( -0.198994  0.507453  0.838387)
     C   11  Q=         1.0000 1e-30 m^2  Cq=         0.9234 MHz  eta= 0.47181

     Cl  12    Vxx=    0.4752    axis=(  0.805769  0.365868 -0.465700)
     Cl  12    Vyy=    2.1107    axis=(  0.199648  0.572509  0.795219)
     Cl  12    Vzz=   -2.5859    axis=(  0.557563 -0.733740  0.388265)
     Cl  12  Q=        -8.1650 1e-30 m^2  Cq=        49.6093 MHz  eta= 0.63246

     H   13    Vxx=   -0.0827    axis=(  0.886830 -0.146002  0.438424)
     H   13    Vyy=   -0.1945    axis=(  0.458527  0.395711 -0.795717)
     H   13    Vzz=    0.2771    axis=( -0.057313  0.906695  0.417874)
     H   13  Q=         1.0000 1e-30 m^2  Cq=         0.6512 MHz  eta= 0.40340

     C   14    Vxx=    0.1556    axis=(  0.550502  0.660495 -0.510581)
     C   14    Vyy=    0.8552    axis=(  0.162392 -0.684635 -0.710566)
     C   14    Vzz=   -1.0108    axis=( -0.818887  0.308254 -0.484152)
     C   14  Q=         1.0000 1e-30 m^2  Cq=        -2.3750 MHz  eta= 0.69214

     H   15    Vxx=   -0.0274    axis=(  0.562771 -0.822663 -0.080706)
     H   15    Vyy=   -0.7429    axis=(  0.458283  0.391771 -0.797805)
     H   15    Vzz=    0.7702    axis=(  0.687943  0.411995  0.597490)
     H   15  Q=         1.0000 1e-30 m^2  Cq=         1.8097 MHz  eta= 0.92897

     C   16    Vxx=    0.0152    axis=( -0.770607  0.086168 -0.631458)
     C   16    Vyy=    0.4210    axis=( -0.625466  0.087879  0.775287)
     C   16    Vzz=   -0.4362    axis=( -0.122297 -0.992397  0.013825)
     C   16  Q=         1.0000 1e-30 m^2  Cq=        -1.0250 MHz  eta= 0.93014

     C   17    Vxx=    0.0974    axis=( -0.595676 -0.588950  0.546176)
     C   17    Vyy=    0.6250    axis=(  0.164263 -0.754929 -0.634901)
     C   17    Vzz=   -0.7224    axis=( -0.786249  0.288479 -0.546436)
     C   17  Q=         1.0000 1e-30 m^2  Cq=        -1.6973 MHz  eta= 0.73034

     Cl  18    Vxx=    0.2368    axis=( -0.334611  0.710565 -0.618978)
     Cl  18    Vyy=    2.8439    axis=(  0.777209 -0.163351 -0.607670)
     Cl  18    Vzz=   -3.0806    axis=( -0.532899 -0.684408 -0.497599)
     Cl  18  Q=        -8.1650 1e-30 m^2  Cq=        59.1004 MHz  eta= 0.84628

     H   19    Vxx=   -0.0510    axis=( -0.132639  0.680643  0.720508)
     H   19    Vyy=   -0.4359    axis=( -0.971726 -0.232558  0.040805)
     H   19    Vzz=    0.4868    axis=(  0.195334 -0.694724  0.692245)
     H   19  Q=         1.0000 1e-30 m^2  Cq=         1.1438 MHz  eta= 0.79066

     C   20    Vxx=   -0.0255    axis=( -0.499739  0.080309  0.862445)
     C   20    Vyy=   -0.7823    axis=( -0.629786  0.649898 -0.425443)
     C   20    Vzz=    0.8078    axis=( -0.594668 -0.755767 -0.274202)
     C   20  Q=         1.0000 1e-30 m^2  Cq=         1.8980 MHz  eta= 0.93684

     H   21    Vxx=   -0.0319    axis=(  0.105038 -0.983206 -0.149244)
     H   21    Vyy=   -0.6432    axis=( -0.430830 -0.180249  0.884248)
     H   21    Vzz=    0.6751    axis=( -0.896299 -0.028581 -0.442528)
     H   21  Q=         1.0000 1e-30 m^2  Cq=         1.5862 MHz  eta= 0.90548

     C   22    Vxx=   -0.1154    axis=( -0.226301  0.734208  0.640098)
     C   22    Vyy=   -0.7534    axis=( -0.958310 -0.050134 -0.281297)
     C   22    Vzz=    0.8689    axis=( -0.174440 -0.677071  0.714945)
     C   22  Q=         1.0000 1e-30 m^2  Cq=         2.0415 MHz  eta= 0.73428

     C   23    Vxx=   -0.0539    axis=(  0.213860  0.910505 -0.353900)
     C   23    Vyy=   -0.2937    axis=( -0.568217  0.410634  0.713098)
     C   23    Vzz=    0.3476    axis=( -0.794603 -0.048588 -0.605182)
     C   23  Q=         1.0000 1e-30 m^2  Cq=         0.8167 MHz  eta= 0.69006

     Cl  24    Vxx=   -0.1316    axis=(  0.821659  0.552467  0.140202)
     Cl  24    Vyy=   -1.5961    axis=( -0.535423  0.663786  0.522216)
     Cl  24    Vzz=    1.7277    axis=(  0.195443 -0.504151  0.841210)
     Cl  24  Q=        -8.1650 1e-30 m^2  Cq=       -33.1451 MHz  eta= 0.84765

     Initialization:
     gipaw_setup  :      9.01s CPU     10.72s WALL (       1 calls)

     Linear response

     Apply operators

     Induced current

     Other routines
     efg          :      9.30s CPU     11.69s WALL (       1 calls)

     General routines
     calbec       :      3.25s CPU      4.33s WALL (      16 calls)
     fft          :      1.44s CPU      1.84s WALL (      15 calls)
     ffts         :      0.04s CPU      0.05s WALL (       2 calls)
     fftw         :      3.28s CPU      4.00s WALL (     672 calls)
     davcio       :      0.03s CPU      0.34s WALL (      32 calls)

     Parallel routines
     fft_scatter  :      2.12s CPU      3.02s WALL (     689 calls)

     Plugins

     GIPAW        :     60.90s CPU     71.83s WALL (       1 calls)
