
     Program QE v.6.0 (svn rev. 13079) starts on 24Jan2017 at 10:52:15 

     This program is part of the open-source Quantum ESPRESSO suite
     for quantum simulation of materials; please cite
         "P. Giannozzi et al., J. Phys.:Condens. Matter 21 395502 (2009);
          URL http://www.quantum-espresso.org", 
     in publications or presentations arising from this work. More details at
     http://www.quantum-espresso.org/quote

     Parallel version (MPI), running on     8 processors
     R & G space division:  proc/nbgrp/npool/nimage =       8

     ***** This is GIPAW svn revision unknown      *****

     Parallelizing q-star over 1 images

     Reading data from directory:
     /users/majewski/paradichlorobenzene/pbe/9_constraint/scratch/pbe.ecut100.np8.dt60.pcl2phi-129368.save
     Message from routine read_xml_file:
     file /users/majewski/paradichlorobenzene/pbe/9_constraint/scratch/pbe.ecut100.np8.dt60.pcl2phi-129368.save not guaranteed to be safe for post-processing

   Info: using nr1, nr2, nr3 values from input

   Info: using nr1, nr2, nr3 values from input

     IMPORTANT: XC functional enforced from input :
     Exchange-correlation      =  SLA  PW   PBX  PBC ( 1  4  3  4 0 0)
     Any further DFT definition will be discarded
     Please, verify this is what you really want

               file C.pbe-n-kjpaw_psl.1.0.0.UPF: wavefunction(s)  2S 2P renormalized
               file Cl.pbe-n-kjpaw_psl.1.0.0.UPF: wavefunction(s)  3S 3P renormalized
               file H.pbe-kjpaw_psl.1.0.0.UPF: wavefunction(s)  1S renormalized

     Parallelization info
     --------------------
     sticks:   dense  smooth     PW     G-vecs:    dense   smooth      PW
     Min        3057    1223    332               144436    36536    5170
     Max        3059    1225    333               144437    36537    5171
     Sum       24467    9791   2657              1155489   292295   41363


     Subspace diagonalization in iterative solution of the eigenvalue problem:
     a serial algorithm will be used

     GIPAW projectors -----------------------------------------------
     atom=  C    l=0  rc=    1.2000  rs=    0.8000
     atom=  C    l=0  rc=    1.2000  rs=    0.8000
     atom=  C    l=1  rc=    1.4000  rs=    0.9333
     atom=  C    l=1  rc=    1.4000  rs=    0.9333
     projs nearly linearly dependent: l=1  n1,n2= 1, 2  s=  0.99951561

     atom=  Cl   l=0  rc=    1.6000  rs=    1.0667
     atom=  Cl   l=0  rc=    1.6000  rs=    1.0667
     atom=  Cl   l=1  rc=    1.6000  rs=    1.0667
     atom=  Cl   l=1  rc=    1.6000  rs=    1.0667
     atom=  Cl   l=2  rc=    1.6000  rs=    1.0667
     atom=  Cl   l=2  rc=    1.6000  rs=    1.0667
     projs nearly linearly dependent: l=2  n1,n2= 1, 2  s=  0.99993509

     atom=  H    l=0  rc=    1.0000  rs=    0.6667
     atom=  H    l=0  rc=    1.0000  rs=    0.6667
     projs nearly linearly dependent: l=0  n1,n2= 1, 2  s=  0.99968852
     -----------------------------------------------------------------

     GIPAW integrals: -------------------------------------------
     Atom  i/j   nmr_para   nmr_dia   epr_rmc  epr_para   epr_dia
       C   1 1   0.83E+03  0.17E-01  0.93E+01  0.24E+08  0.24E+03
       C   2 1   0.86E+03 -0.61E-01  0.94E+01  0.25E+08  0.25E+03
       C   2 2   0.90E+03 -0.15E+00  0.97E+01  0.26E+08  0.26E+03
       C   3 3   0.33E+01  0.34E+00  0.18E+01  0.55E+03  0.21E+02
       C   4 3   0.35E+01  0.37E+00  0.20E+01  0.59E+03  0.22E+02
       C   4 4   0.38E+01  0.39E+00  0.22E+01  0.63E+03  0.24E+02
       Cl  1 1   0.14E+04 -0.47E+00  0.84E+01  0.32E+09  0.42E+03
       Cl  2 1   0.21E+04 -0.37E+00  0.12E+02  0.49E+09  0.65E+03
       Cl  2 2   0.33E+04 -0.16E+00  0.21E+02  0.76E+09  0.10E+04
       Cl  3 3   0.21E+02  0.79E-01  0.89E+01  0.23E+05  0.13E+03
       Cl  4 3   0.24E+02  0.67E-01  0.99E+01  0.27E+05  0.15E+03
       Cl  4 4   0.28E+02  0.44E-01  0.11E+02  0.32E+05  0.18E+03
       Cl  5 5   0.77E+00  0.19E+00  0.18E+01  0.12E+03  0.22E+02
       Cl  6 5   0.80E+00  0.19E+00  0.19E+01  0.12E+03  0.23E+02
       Cl  6 6   0.83E+00  0.20E+00  0.19E+01  0.12E+03  0.23E+02
       H   1 1   0.39E+02  0.19E+00  0.29E+00  0.78E+05  0.13E+02
       H   2 1   0.41E+02  0.21E+00  0.32E+00  0.82E+05  0.14E+02
       H   2 2   0.43E+02  0.22E+00  0.36E+00  0.86E+05  0.15E+02
     ------------------------------------------------------------

     alpha_pv=     34.2043 eV

     Number of occupied bands for each k-point:
     k-point:     1    nbnd_occ=  42
     k-point:     2    nbnd_occ=  42
     k-point:     3    nbnd_occ=  42
     k-point:     4    nbnd_occ=  42
     k-point:     5    nbnd_occ=  42
     k-point:     6    nbnd_occ=  42
     k-point:     7    nbnd_occ=  42
     k-point:     8    nbnd_occ=  42
     k-point:     9    nbnd_occ=  42
     k-point:    10    nbnd_occ=  42
     k-point:    11    nbnd_occ=  42
     k-point:    12    nbnd_occ=  42
     k-point:    13    nbnd_occ=  42
     k-point:    14    nbnd_occ=  42
     k-point:    15    nbnd_occ=  42
     k-point:    16    nbnd_occ=  42


     q-space interpolation up to   110.00 Rydberg

     GIPAW job: efg                                                                             


     ELECTRIC FIELD GRADIENTS TENSORS IN Hartree/bohrradius^2:

     ----- bare term -----
     Cl   1       -0.190944        0.130056        0.043480
     Cl   1        0.130056        0.000577       -0.141617
     Cl   1        0.043480       -0.141617        0.190367

     C    2       -0.044273       -0.017924       -0.249416
     C    2       -0.017924        0.053393       -0.687412
     C    2       -0.249416       -0.687412       -0.009120

     C    3       -0.644981        0.389379       -0.293897
     C    3        0.389379        0.296736       -0.236249
     C    3       -0.293897       -0.236249        0.348245

     H    4       -0.388009       -0.361211       -0.457032
     H    4       -0.361211        0.207701       -0.243654
     H    4       -0.457032       -0.243654        0.180307

     C    5       -0.152581        0.051915       -0.258524
     C    5        0.051915       -0.037951       -0.397168
     C    5       -0.258524       -0.397168        0.190532

     H    6        0.441611        0.039980        0.080041
     H    6        0.039980       -0.288317       -0.646833
     H    6        0.080041       -0.646833       -0.153294

     H    7        0.440160        0.064995       -0.075132
     H    7        0.064995       -0.579733        0.443433
     H    7       -0.075132        0.443433        0.139573

     C    8       -0.756618       -0.320643       -0.429311
     C    8       -0.320643        0.258986        0.064844
     C    8       -0.429311        0.064844        0.497632

     H    9       -0.588032        0.288625        0.006507
     H    9        0.288625        0.413288        0.105742
     H    9        0.006507        0.105742        0.174743

     C   10       -0.011261        0.013617       -0.322470
     C   10        0.013617       -0.328724        0.482266
     C   10       -0.322470        0.482266        0.339985

     C   11       -0.462754       -0.288870       -0.348026
     C   11       -0.288870        0.145733        0.396504
     C   11       -0.348026        0.396504        0.317021

     Cl  12       -0.022336        0.030925       -0.031056
     Cl  12        0.030925        0.143991        0.016361
     Cl  12       -0.031056        0.016361       -0.121656

     H   13        0.526434       -0.009107        0.085082
     H   13       -0.009107        0.017901       -0.161035
     H   13        0.085082       -0.161035       -0.544335

     C   14       -0.559255        0.300016       -0.079442
     C   14        0.300016        0.269644       -0.087326
     C   14       -0.079442       -0.087326        0.289611

     H   15       -0.178002        0.185408       -0.513549
     H   15        0.185408       -0.030166        0.047955
     H   15       -0.513549        0.047955        0.208169

     C   16        0.076500        0.066007       -0.191209
     C   16        0.066007       -0.043736       -0.629454
     C   16       -0.191209       -0.629454       -0.032765

     C   17       -0.704383        0.412049       -0.386991
     C   17        0.412049        0.374604       -0.085901
     C   17       -0.386991       -0.085901        0.329779

     Cl  18       -0.074383        0.000739        0.044667
     Cl  18        0.000739       -0.048506        0.084532
     Cl  18        0.044667        0.084532        0.122889

     H   19        0.447148        0.212437        0.023293
     H   19        0.212437       -0.780130       -0.061015
     H   19        0.023293       -0.061015        0.332982

     C   20       -0.154212        0.038151       -0.251596
     C   20        0.038151        0.017039        0.471573
     C   20       -0.251596        0.471573        0.137172

     H   21       -0.356131        0.504453       -0.202635
     H   21        0.504453        0.022734        0.006711
     H   21       -0.202635        0.006711        0.333398

     C   22       -0.578525       -0.355852       -0.183870
     C   22       -0.355852        0.208438        0.358985
     C   22       -0.183870        0.358985        0.370088

     C   23       -0.082332        0.164646       -0.322582
     C   23        0.164646        0.058623        0.735309
     C   23       -0.322582        0.735309        0.023710

     Cl  24       -0.220132       -0.276383       -0.011508
     Cl  24       -0.276383        0.209130        0.015480
     Cl  24       -0.011508        0.015480        0.011001

     ----- ionic term -----
     Cl   1        0.084624       -0.195894        0.004293
     Cl   1       -0.195894        0.059824        0.007577
     Cl   1        0.004293        0.007577       -0.144448

     C    2        0.137731       -0.218476        0.254812
     C    2       -0.218476        0.064928        0.388666
     C    2        0.254812        0.388666       -0.202659

     C    3        0.168635       -0.241774        0.170655
     C    3       -0.241774        0.046813        0.396038
     C    3        0.170655        0.396038       -0.215449

     H    4        0.625354        0.176835        0.706418
     H    4        0.176835       -0.522839        0.179624
     H    4        0.706418        0.179624       -0.102514

     C    5        0.311863       -0.171284        0.254391
     C    5       -0.171284       -0.076758        0.349014
     C    5        0.254391        0.349014       -0.235105

     H    6       -0.516600        0.012912        0.016755
     H    6        0.012912        0.414123        0.812556
     H    6        0.016755        0.812556        0.102477

     H    7       -0.514452       -0.030432        0.009008
     H    7       -0.030432        0.842448       -0.574991
     H    7        0.009008       -0.574991       -0.327996

     C    8        0.380007        0.121031        0.210809
     C    8        0.121031        0.109597       -0.283112
     C    8        0.210809       -0.283112       -0.489604

     H    9        0.695970       -0.499981        0.478374
     H    9       -0.499981       -0.267471       -0.242749
     H    9        0.478374       -0.242749       -0.428499

     C   10        0.184463        0.140697        0.143634
     C   10        0.140697        0.309121       -0.357904
     C   10        0.143634       -0.357904       -0.493584

     C   11        0.211993        0.098037        0.235197
     C   11        0.098037        0.259869       -0.381064
     C   11        0.235197       -0.381064       -0.471862

     Cl  12        0.158182        0.223921        0.003852
     Cl  12        0.223921        0.003289       -0.006540
     Cl  12        0.003852       -0.006540       -0.161471

     H   13       -0.525113       -0.032564        0.001793
     H   13       -0.032564        0.470538        0.794817
     H   13        0.001793        0.794817        0.054575

     C   14        0.291807       -0.283548        0.171615
     C   14       -0.283548       -0.046334        0.336617
     C   14        0.171615        0.336617       -0.245472

     H   15        0.622064        0.281303        0.657727
     H   15        0.281303       -0.458964        0.233182
     H   15        0.657727        0.233182       -0.163100

     C   16        0.182841       -0.245951        0.117676
     C   16       -0.245951        0.058859        0.444553
     C   16        0.117676        0.444553       -0.241701

     C   17        0.249369       -0.157955        0.230280
     C   17       -0.157955       -0.038217        0.472600
     C   17        0.230280        0.472600       -0.211152

     Cl  18        0.162049       -0.228716       -0.044892
     Cl  18       -0.228716       -0.027906        0.029071
     Cl  18       -0.044892        0.029071       -0.134143

     H   19       -0.503393       -0.155468        0.081206
     H   19       -0.155468        0.780404       -0.600318
     H   19        0.081206       -0.600318       -0.277011

     C   20        0.284447        0.095622        0.262481
     C   20        0.095622        0.139728       -0.271872
     C   20        0.262481       -0.271872       -0.424175

     H   21        0.712086       -0.278366        0.623336
     H   21       -0.278366       -0.434640       -0.217768
     H   21        0.623336       -0.217768       -0.277445

     C   22        0.170797        0.200137        0.212331
     C   22        0.200137        0.193707       -0.355961
     C   22        0.212331       -0.355961       -0.364503

     C   23        0.311061        0.046028        0.264474
     C   23        0.046028        0.104046       -0.387537
     C   23        0.264474       -0.387537       -0.415107

     Cl  24        0.155279        0.185327        0.024113
     Cl  24        0.185327       -0.002423        0.003383
     Cl  24        0.024113        0.003383       -0.152857

     ----- GIPAW term -----
     Cl   1        0.171315       -1.820365        0.317703
     Cl   1       -1.820365        0.122711       -1.215406
     Cl   1        0.317703       -1.215406       -0.294025

     C    2       -0.060598       -0.018794       -0.056512
     C    2       -0.018794        0.184852       -0.200838
     C    2       -0.056512       -0.200838       -0.124254

     C    3       -0.228805        0.102211       -0.063048
     C    3        0.102211        0.294716       -0.013269
     C    3       -0.063048       -0.013269       -0.065911

     H    4       -0.000000        0.000000        0.000000
     H    4        0.000000        0.000000        0.000000
     H    4        0.000000        0.000000        0.000000

     C    5       -0.113300       -0.008359       -0.031187
     C    5       -0.008359        0.189254        0.036115
     C    5       -0.031187        0.036115       -0.075954

     H    6       -0.000000        0.000000        0.000000
     H    6        0.000000        0.000000        0.000000
     H    6        0.000000        0.000000        0.000000

     H    7       -0.000000        0.000000        0.000000
     H    7        0.000000        0.000000        0.000000
     H    7        0.000000        0.000000        0.000000

     C    8       -0.189957        0.017906       -0.097038
     C    8        0.017906        0.147806       -0.131575
     C    8       -0.097038       -0.131575        0.042151

     H    9       -0.000000        0.000000        0.000000
     H    9        0.000000        0.000000        0.000000
     H    9        0.000000        0.000000        0.000000

     C   10       -0.048744        0.114696       -0.133394
     C   10        0.114696        0.000892       -0.060041
     C   10       -0.133394       -0.060041        0.047851

     C   11       -0.108767        0.057432       -0.052437
     C   11        0.057432        0.199511        0.130856
     C   11       -0.052437        0.130856       -0.090743

     Cl  12        0.883017        2.163267       -0.195181
     Cl  12        2.163267        1.444800        0.189120
     Cl  12       -0.195181        0.189120       -2.327817

     H   13       -0.000000        0.000000        0.000000
     H   13        0.000000        0.000000        0.000000
     H   13        0.000000        0.000000        0.000000

     C   14       -0.111819       -0.014011        0.022031
     C   14       -0.014011        0.129828       -0.061536
     C   14        0.022031       -0.061536       -0.018008

     H   15       -0.000000        0.000000        0.000000
     H   15        0.000000        0.000000        0.000000
     H   15        0.000000        0.000000        0.000000

     C   16       -0.108464       -0.025788       -0.019643
     C   16       -0.025788        0.260266       -0.089900
     C   16       -0.019643       -0.089900       -0.151802

     C   17       -0.167738        0.046270       -0.030732
     C   17        0.046270        0.284836        0.103554
     C   17       -0.030732        0.103554       -0.117098

     Cl  18       -0.454762       -1.621292        0.217020
     Cl  18       -1.621292       -0.626256        1.750041
     Cl  18        0.217020        1.750041        1.081017

     H   19       -0.000000        0.000000        0.000000
     H   19        0.000000        0.000000        0.000000
     H   19        0.000000        0.000000        0.000000

     C   20       -0.100264        0.009734       -0.022239
     C   20        0.009734        0.173240        0.198426
     C   20       -0.022239        0.198426       -0.072977

     H   21       -0.000000        0.000000        0.000000
     H   21        0.000000        0.000000        0.000000
     H   21        0.000000        0.000000        0.000000

     C   22       -0.218118       -0.059791       -0.040858
     C   22       -0.059791        0.250958        0.150400
     C   22       -0.040858        0.150400       -0.032840

     C   23       -0.059423        0.132174       -0.043344
     C   23        0.132174        0.205994        0.200425
     C   23       -0.043344        0.200425       -0.146571

     Cl  24       -0.354899        0.188349       -0.146470
     Cl  24        0.188349        2.488508        0.092687
     Cl  24       -0.146470        0.092687       -2.133609

     ----- total EFG -----
     Cl   1        0.064995       -1.886204        0.365476
     Cl   1       -1.886204        0.183112       -1.349446
     Cl   1        0.365476       -1.349446       -0.248106

     C    2        0.032859       -0.255193       -0.051116
     C    2       -0.255193        0.303173       -0.499585
     C    2       -0.051116       -0.499585       -0.336033

     C    3       -0.705151        0.249816       -0.186290
     C    3        0.249816        0.638266        0.146520
     C    3       -0.186290        0.146520        0.066886

     H    4        0.237345       -0.184376        0.249386
     H    4       -0.184376       -0.315138       -0.064030
     H    4        0.249386       -0.064030        0.077793

     C    5        0.045981       -0.127728       -0.035320
     C    5       -0.127728        0.074546       -0.012039
     C    5       -0.035320       -0.012039       -0.120527

     H    6       -0.074989        0.052892        0.096796
     H    6        0.052892        0.125807        0.165723
     H    6        0.096796        0.165723       -0.050817

     H    7       -0.074292        0.034563       -0.066124
     H    7        0.034563        0.262715       -0.131558
     H    7       -0.066124       -0.131558       -0.188423

     C    8       -0.566568       -0.181706       -0.315540
     C    8       -0.181706        0.516389       -0.349842
     C    8       -0.315540       -0.349842        0.050179

     H    9        0.107938       -0.211356        0.484880
     H    9       -0.211356        0.145818       -0.137007
     H    9        0.484880       -0.137007       -0.253756

     C   10        0.124458        0.269010       -0.312231
     C   10        0.269010       -0.018710        0.064321
     C   10       -0.312231        0.064321       -0.105748

     C   11       -0.359528       -0.133400       -0.165266
     C   11       -0.133400        0.605112        0.146296
     C   11       -0.165266        0.146296       -0.245584

     Cl  12        1.018863        2.418114       -0.222385
     Cl  12        2.418114        1.592080        0.198940
     Cl  12       -0.222385        0.198940       -2.610944

     H   13        0.001321       -0.041671        0.086875
     H   13       -0.041671        0.488439        0.633783
     H   13        0.086875        0.633783       -0.489759

     C   14       -0.379268        0.002457        0.114203
     C   14        0.002457        0.353137        0.187755
     C   14        0.114203        0.187755        0.026131

     H   15        0.444062        0.466712        0.144178
     H   15        0.466712       -0.489131        0.281137
     H   15        0.144178        0.281137        0.045069

     C   16        0.150878       -0.205732       -0.093176
     C   16       -0.205732        0.275389       -0.274800
     C   16       -0.093176       -0.274800       -0.426267

     C   17       -0.622752        0.300365       -0.187443
     C   17        0.300365        0.621223        0.490253
     C   17       -0.187443        0.490253        0.001529

     Cl  18       -0.367095       -1.849270        0.216796
     Cl  18       -1.849270       -0.702668        1.863644
     Cl  18        0.216796        1.863644        1.069763

     H   19       -0.056245        0.056969        0.104499
     H   19        0.056969        0.000274       -0.661333
     H   19        0.104499       -0.661333        0.055971

     C   20        0.029971        0.143508       -0.011354
     C   20        0.143508        0.330008        0.398127
     C   20       -0.011354        0.398127       -0.359979

     H   21        0.355954        0.226087        0.420702
     H   21        0.226087       -0.411907       -0.211056
     H   21        0.420702       -0.211056        0.055952

     C   22       -0.625847       -0.215506       -0.012397
     C   22       -0.215506        0.653103        0.153424
     C   22       -0.012397        0.153424       -0.027256

     C   23        0.169305        0.342848       -0.101452
     C   23        0.342848        0.368663        0.548196
     C   23       -0.101452        0.548196       -0.537968

     Cl  24       -0.419751        0.097293       -0.133865
     Cl  24        0.097293        2.695216        0.111550
     Cl  24       -0.133865        0.111550       -2.275464

     ----- total EFG (symmetrized) -----
     Cl   1        0.064995       -1.886204        0.365476
     Cl   1       -1.886204        0.183112       -1.349446
     Cl   1        0.365476       -1.349446       -0.248106

     C    2        0.032859       -0.255193       -0.051116
     C    2       -0.255193        0.303173       -0.499585
     C    2       -0.051116       -0.499585       -0.336033

     C    3       -0.705151        0.249816       -0.186290
     C    3        0.249816        0.638266        0.146520
     C    3       -0.186290        0.146520        0.066886

     H    4        0.237345       -0.184376        0.249386
     H    4       -0.184376       -0.315138       -0.064030
     H    4        0.249386       -0.064030        0.077793

     C    5        0.045981       -0.127728       -0.035320
     C    5       -0.127728        0.074546       -0.012039
     C    5       -0.035320       -0.012039       -0.120527

     H    6       -0.074989        0.052892        0.096796
     H    6        0.052892        0.125807        0.165723
     H    6        0.096796        0.165723       -0.050817

     H    7       -0.074292        0.034563       -0.066124
     H    7        0.034563        0.262715       -0.131558
     H    7       -0.066124       -0.131558       -0.188423

     C    8       -0.566568       -0.181706       -0.315540
     C    8       -0.181706        0.516389       -0.349842
     C    8       -0.315540       -0.349842        0.050179

     H    9        0.107938       -0.211356        0.484880
     H    9       -0.211356        0.145818       -0.137007
     H    9        0.484880       -0.137007       -0.253756

     C   10        0.124458        0.269010       -0.312231
     C   10        0.269010       -0.018710        0.064321
     C   10       -0.312231        0.064321       -0.105748

     C   11       -0.359528       -0.133400       -0.165266
     C   11       -0.133400        0.605112        0.146296
     C   11       -0.165266        0.146296       -0.245584

     Cl  12        1.018863        2.418114       -0.222385
     Cl  12        2.418114        1.592080        0.198940
     Cl  12       -0.222385        0.198940       -2.610944

     H   13        0.001321       -0.041671        0.086875
     H   13       -0.041671        0.488439        0.633783
     H   13        0.086875        0.633783       -0.489759

     C   14       -0.379268        0.002457        0.114203
     C   14        0.002457        0.353137        0.187755
     C   14        0.114203        0.187755        0.026131

     H   15        0.444062        0.466712        0.144178
     H   15        0.466712       -0.489131        0.281137
     H   15        0.144178        0.281137        0.045069

     C   16        0.150878       -0.205732       -0.093176
     C   16       -0.205732        0.275389       -0.274800
     C   16       -0.093176       -0.274800       -0.426267

     C   17       -0.622752        0.300365       -0.187443
     C   17        0.300365        0.621223        0.490253
     C   17       -0.187443        0.490253        0.001529

     Cl  18       -0.367095       -1.849270        0.216796
     Cl  18       -1.849270       -0.702668        1.863644
     Cl  18        0.216796        1.863644        1.069763

     H   19       -0.056245        0.056969        0.104499
     H   19        0.056969        0.000274       -0.661333
     H   19        0.104499       -0.661333        0.055971

     C   20        0.029971        0.143508       -0.011354
     C   20        0.143508        0.330008        0.398127
     C   20       -0.011354        0.398127       -0.359979

     H   21        0.355954        0.226087        0.420702
     H   21        0.226087       -0.411907       -0.211056
     H   21        0.420702       -0.211056        0.055952

     C   22       -0.625847       -0.215506       -0.012397
     C   22       -0.215506        0.653103        0.153424
     C   22       -0.012397        0.153424       -0.027256

     C   23        0.169305        0.342848       -0.101452
     C   23        0.342848        0.368663        0.548196
     C   23       -0.101452        0.548196       -0.537968

     Cl  24       -0.419751        0.097293       -0.133865
     Cl  24        0.097293        2.695216        0.111550
     Cl  24       -0.133865        0.111550       -2.275464


     NQR/NMR SPECTROSCOPIC PARAMETERS:
     Cl   1    Vxx=   -0.4879    axis=(  0.585183  0.014428 -0.810773)
     Cl   1    Vyy=   -2.0763    axis=( -0.559766 -0.716220 -0.416762)
     Cl   1    Vzz=    2.5642    axis=( -0.586705  0.697725 -0.411044)
     Cl   1  Q=        -8.1650 1e-30 m^2  Cq=       -49.1923 MHz  eta= 0.61947

     C    2    Vxx=    0.0083    axis=(  0.914253  0.162314 -0.371210)
     C    2    Vyy=    0.6441    axis=( -0.320290  0.850658 -0.416888)
     C    2    Vzz=   -0.6524    axis=(  0.248106  0.500036  0.829703)
     C    2  Q=         1.0000 1e-30 m^2  Cq=        -1.5329 MHz  eta= 0.97453

     C    3    Vxx=    0.0975    axis=( -0.264139 -0.136654  0.954755)
     C    3    Vyy=    0.7036    axis=( -0.148584 -0.972329 -0.180276)
     C    3    Vzz=   -0.8011    axis=(  0.952971 -0.189480  0.236525)
     C    3  Q=         1.0000 1e-30 m^2  Cq=        -1.8822 MHz  eta= 0.75669

     H    4    Vxx=   -0.0931    axis=( -0.520556  0.192337  0.831882)
     H    4    Vyy=   -0.3714    axis=( -0.301582 -0.952916  0.031604)
     H    4    Vzz=    0.4644    axis=(  0.798793 -0.234429  0.554052)
     H    4  Q=         1.0000 1e-30 m^2  Cq=         1.0912 MHz  eta= 0.59923

     C    5    Vxx=   -0.0514    axis=(  0.651091  0.618190 -0.440365)
     C    5    Vyy=   -0.1381    axis=(  0.355448  0.264291  0.896553)
     C    5    Vzz=    0.1895    axis=( -0.670625  0.740264  0.047657)
     C    5  Q=         1.0000 1e-30 m^2  Cq=         0.4452 MHz  eta= 0.45743

     H    6    Vxx=   -0.0680    axis=(  0.799335 -0.501313  0.331285)
     H    6    Vyy=   -0.1855    axis=( -0.529438 -0.326837  0.782862)
     H    6    Vzz=    0.2535    axis=(  0.284183  0.801164  0.526666)
     H    6  Q=         1.0000 1e-30 m^2  Cq=         0.5956 MHz  eta= 0.46318

     H    7    Vxx=   -0.0628    axis=(  0.938547 -0.210296 -0.273689)
     H    7    Vyy=   -0.2424    axis=(  0.317994  0.218534  0.922563)
     H    7    Vzz=    0.3051    axis=( -0.134201 -0.952900  0.271977)
     H    7  Q=         1.0000 1e-30 m^2  Cq=         0.7169 MHz  eta= 0.58868

     C    8    Vxx=    0.0707    axis=(  0.495798 -0.402068 -0.769757)
     C    8    Vyy=    0.7038    axis=(  0.010128 -0.883632  0.468072)
     C    8    Vzz=   -0.7745    axis=(  0.868379  0.239865  0.434031)
     C    8  Q=         1.0000 1e-30 m^2  Cq=        -1.8197 MHz  eta= 0.81747

     H    9    Vxx=    0.0026    axis=(  0.399790  0.868901  0.291855)
     H    9    Vyy=    0.5880    axis=( -0.715709  0.494844 -0.492839)
     H    9    Vzz=   -0.5905    axis=( -0.572651 -0.011851  0.819714)
     H    9  Q=         1.0000 1e-30 m^2  Cq=        -1.3875 MHz  eta= 0.99136

     C   10    Vxx=    0.0085    axis=(  0.073998 -0.768941 -0.635022)
     C   10    Vyy=    0.4287    axis=( -0.803637 -0.423025  0.418589)
     C   10    Vzz=   -0.4372    axis=(  0.590501 -0.479353  0.649253)
     C   10  Q=         1.0000 1e-30 m^2  Cq=        -1.0273 MHz  eta= 0.96102

     C   11    Vxx=   -0.1770    axis=( -0.547413 -0.243145  0.800762)
     C   11    Vyy=   -0.4779    axis=( -0.821833 -0.024339 -0.569208)
     C   11    Vzz=    0.6550    axis=( -0.157889  0.969685  0.186501)
     C   11  Q=         1.0000 1e-30 m^2  Cq=         1.5389 MHz  eta= 0.45943

     Cl  12    Vxx=   -1.0717    axis=( -0.733928  0.652022  0.190310)
     Cl  12    Vyy=   -2.6688    axis=(  0.142165 -0.126518  0.981724)
     Cl  12    Vzz=    3.7405    axis=( -0.664183 -0.747570 -0.000160)
     Cl  12  Q=        -8.1650 1e-30 m^2  Cq=       -71.7598 MHz  eta= 0.42696

     H   13    Vxx=    0.0127    axis=(  0.993066 -0.052885  0.104988)
     H   13    Vyy=    0.7999    axis=( -0.001157 -0.897450 -0.441115)
     H   13    Vzz=   -0.8126    axis=(  0.117550  0.437935 -0.891288)
     H   13  Q=         1.0000 1e-30 m^2  Cq=        -1.9093 MHz  eta= 0.96868

     C   14    Vxx=   -0.0295    axis=(  0.278325 -0.424550  0.861564)
     C   14    Vyy=   -0.4122    axis=(  0.958495  0.065025 -0.277595)
     C   14    Vzz=    0.4417    axis=(  0.061830  0.903066  0.425027)
     C   14  Q=         1.0000 1e-30 m^2  Cq=         1.0378 MHz  eta= 0.86643

     H   15    Vxx=    0.0125    axis=( -0.421682  0.111967  0.899804)
     H   15    Vyy=    0.7264    axis=( -0.846248 -0.404992 -0.346188)
     H   15    Vzz=   -0.7389    axis=(  0.325652 -0.907439  0.265529)
     H   15  Q=         1.0000 1e-30 m^2  Cq=        -1.7361 MHz  eta= 0.96621

     C   16    Vxx=    0.0930    axis=(  0.840898  0.401194 -0.363225)
     C   16    Vyy=    0.4636    axis=(  0.493198 -0.844408  0.209118)
     C   16    Vzz=   -0.5566    axis=(  0.222813  0.354989  0.907930)
     C   16  Q=         1.0000 1e-30 m^2  Cq=        -1.3077 MHz  eta= 0.66592

     C   17    Vxx=   -0.0968    axis=( -0.484084 -0.346209  0.803618)
     C   17    Vyy=   -0.8151    axis=( -0.867046  0.313497 -0.387234)
     C   17    Vzz=    0.9118    axis=( -0.117868 -0.884228 -0.451938)
     C   17  Q=         1.0000 1e-30 m^2  Cq=         2.1424 MHz  eta= 0.78776

     Cl  18    Vxx=    0.4692    axis=(  0.763469 -0.276852  0.583497)
     Cl  18    Vyy=    2.5333    axis=( -0.332444  0.606117  0.722567)
     Cl  18    Vzz=   -3.0025    axis=( -0.553711 -0.745637  0.370714)
     Cl  18  Q=        -8.1650 1e-30 m^2  Cq=        57.6014 MHz  eta= 0.68747

     H   19    Vxx=   -0.0365    axis=(  0.981276  0.168179  0.093878)
     H   19    Vyy=   -0.6553    axis=( -0.186346  0.705725  0.683541)
     H   19    Vzz=    0.6918    axis=(  0.048705 -0.688236  0.723850)
     H   19  Q=         1.0000 1e-30 m^2  Cq=         1.6254 MHz  eta= 0.89452

     C   20    Vxx=    0.0075    axis=(  0.962939 -0.167594 -0.211331)
     C   20    Vyy=    0.5430    axis=(  0.240179  0.889331  0.389108)
     C   20    Vzz=   -0.5504    axis=(  0.122730 -0.425444  0.896624)
     C   20  Q=         1.0000 1e-30 m^2  Cq=        -1.2933 MHz  eta= 0.97280

     H   21    Vxx=   -0.0138    axis=( -0.414058 -0.598680  0.685667)
     H   21    Vyy=   -0.6429    axis=(  0.378114 -0.798332 -0.468717)
     H   21    Vzz=    0.6567    axis=(  0.828001  0.065184  0.556925)
     H   21  Q=         1.0000 1e-30 m^2  Cq=         1.5430 MHz  eta= 0.95792

     C   22    Vxx=   -0.0585    axis=(  0.052738 -0.195179  0.979349)
     C   22    Vyy=   -0.6614    axis=( -0.986238 -0.164066  0.020412)
     C   22    Vzz=    0.7199    axis=(  0.156694 -0.966948 -0.201145)
     C   22  Q=         1.0000 1e-30 m^2  Cq=         1.6916 MHz  eta= 0.83749

     C   23    Vxx=    0.0978    axis=(  0.868540 -0.298290 -0.395805)
     C   23    Vyy=    0.7562    axis=( -0.435443 -0.840671 -0.321965)
     C   23    Vzz=   -0.8540    axis=(  0.236703 -0.451990  0.860045)
     C   23  Q=         1.0000 1e-30 m^2  Cq=        -2.0065 MHz  eta= 0.77098

     Cl  24    Vxx=   -0.4127    axis=( -0.996897  0.028575  0.073352)
     Cl  24    Vyy=   -2.2879    axis=(  0.072684 -0.023739  0.997072)
     Cl  24    Vzz=    2.7006    axis=(  0.030233  0.999310  0.021589)
     Cl  24  Q=        -8.1650 1e-30 m^2  Cq=       -51.8091 MHz  eta= 0.69437

     Initialization:
     gipaw_setup  :      9.10s CPU     10.67s WALL (       1 calls)

     Linear response

     Apply operators

     Induced current

     Other routines
     efg          :      9.32s CPU     11.78s WALL (       1 calls)

     General routines
     calbec       :      3.21s CPU      4.26s WALL (      16 calls)
     fft          :      1.38s CPU      1.74s WALL (      15 calls)
     ffts         :      0.04s CPU      0.05s WALL (       2 calls)
     fftw         :      3.28s CPU      3.94s WALL (     672 calls)
     davcio       :      0.04s CPU      0.35s WALL (      32 calls)

     Parallel routines
     fft_scatter  :      2.00s CPU      2.83s WALL (     689 calls)

     Plugins

     GIPAW        :     61.17s CPU     72.22s WALL (       1 calls)
