
     Program QE v.6.0 (svn rev. 13079) starts on  6Jan2017 at  5:58:24 

     This program is part of the open-source Quantum ESPRESSO suite
     for quantum simulation of materials; please cite
         "P. Giannozzi et al., J. Phys.:Condens. Matter 21 395502 (2009);
          URL http://www.quantum-espresso.org", 
     in publications or presentations arising from this work. More details at
     http://www.quantum-espresso.org/quote

     Parallel version (MPI), running on     8 processors
     R & G space division:  proc/nbgrp/npool/nimage =       8

     ***** This is GIPAW svn revision unknown      *****

     Parallelizing q-star over 1 images

     Reading data from directory:
     /users/majewski/paradichlorobenzene/pbe/9_constraint/scratch/pbe.ecut100.np8.dt60.pcl2phi-129368.save
     Message from routine read_xml_file:
     file /users/majewski/paradichlorobenzene/pbe/9_constraint/scratch/pbe.ecut100.np8.dt60.pcl2phi-129368.save not guaranteed to be safe for post-processing

   Info: using nr1, nr2, nr3 values from input

   Info: using nr1, nr2, nr3 values from input

     IMPORTANT: XC functional enforced from input :
     Exchange-correlation      =  SLA  PW   PBX  PBC ( 1  4  3  4 0 0)
     Any further DFT definition will be discarded
     Please, verify this is what you really want

               file C.pbe-n-kjpaw_psl.1.0.0.UPF: wavefunction(s)  2S 2P renormalized
               file Cl.pbe-n-kjpaw_psl.1.0.0.UPF: wavefunction(s)  3S 3P renormalized
               file H.pbe-kjpaw_psl.1.0.0.UPF: wavefunction(s)  1S renormalized

     Parallelization info
     --------------------
     sticks:   dense  smooth     PW     G-vecs:    dense   smooth      PW
     Min        3057    1223    332               144436    36536    5170
     Max        3059    1225    333               144437    36537    5171
     Sum       24467    9791   2657              1155489   292295   41363


     Subspace diagonalization in iterative solution of the eigenvalue problem:
     a serial algorithm will be used

     GIPAW projectors -----------------------------------------------
     atom=  C    l=0  rc=    1.2000  rs=    0.8000
     atom=  C    l=0  rc=    1.2000  rs=    0.8000
     atom=  C    l=1  rc=    1.4000  rs=    0.9333
     atom=  C    l=1  rc=    1.4000  rs=    0.9333
     projs nearly linearly dependent: l=1  n1,n2= 1, 2  s=  0.99951561

     atom=  Cl   l=0  rc=    1.6000  rs=    1.0667
     atom=  Cl   l=0  rc=    1.6000  rs=    1.0667
     atom=  Cl   l=1  rc=    1.6000  rs=    1.0667
     atom=  Cl   l=1  rc=    1.6000  rs=    1.0667
     atom=  Cl   l=2  rc=    1.6000  rs=    1.0667
     atom=  Cl   l=2  rc=    1.6000  rs=    1.0667
     projs nearly linearly dependent: l=2  n1,n2= 1, 2  s=  0.99993509

     atom=  H    l=0  rc=    1.0000  rs=    0.6667
     atom=  H    l=0  rc=    1.0000  rs=    0.6667
     projs nearly linearly dependent: l=0  n1,n2= 1, 2  s=  0.99968852
     -----------------------------------------------------------------

     GIPAW integrals: -------------------------------------------
     Atom  i/j   nmr_para   nmr_dia   epr_rmc  epr_para   epr_dia
       C   1 1   0.83E+03  0.17E-01  0.93E+01  0.24E+08  0.24E+03
       C   2 1   0.86E+03 -0.61E-01  0.94E+01  0.25E+08  0.25E+03
       C   2 2   0.90E+03 -0.15E+00  0.97E+01  0.26E+08  0.26E+03
       C   3 3   0.33E+01  0.34E+00  0.18E+01  0.55E+03  0.21E+02
       C   4 3   0.35E+01  0.37E+00  0.20E+01  0.59E+03  0.22E+02
       C   4 4   0.38E+01  0.39E+00  0.22E+01  0.63E+03  0.24E+02
       Cl  1 1   0.14E+04 -0.47E+00  0.84E+01  0.32E+09  0.42E+03
       Cl  2 1   0.21E+04 -0.37E+00  0.12E+02  0.49E+09  0.65E+03
       Cl  2 2   0.33E+04 -0.16E+00  0.21E+02  0.76E+09  0.10E+04
       Cl  3 3   0.21E+02  0.79E-01  0.89E+01  0.23E+05  0.13E+03
       Cl  4 3   0.24E+02  0.67E-01  0.99E+01  0.27E+05  0.15E+03
       Cl  4 4   0.28E+02  0.44E-01  0.11E+02  0.32E+05  0.18E+03
       Cl  5 5   0.77E+00  0.19E+00  0.18E+01  0.12E+03  0.22E+02
       Cl  6 5   0.80E+00  0.19E+00  0.19E+01  0.12E+03  0.23E+02
       Cl  6 6   0.83E+00  0.20E+00  0.19E+01  0.12E+03  0.23E+02
       H   1 1   0.39E+02  0.19E+00  0.29E+00  0.78E+05  0.13E+02
       H   2 1   0.41E+02  0.21E+00  0.32E+00  0.82E+05  0.14E+02
       H   2 2   0.43E+02  0.22E+00  0.36E+00  0.86E+05  0.15E+02
     ------------------------------------------------------------

     alpha_pv=     33.9899 eV

     Number of occupied bands for each k-point:
     k-point:     1    nbnd_occ=  42
     k-point:     2    nbnd_occ=  42
     k-point:     3    nbnd_occ=  42
     k-point:     4    nbnd_occ=  42
     k-point:     5    nbnd_occ=  42
     k-point:     6    nbnd_occ=  42
     k-point:     7    nbnd_occ=  42
     k-point:     8    nbnd_occ=  42
     k-point:     9    nbnd_occ=  42
     k-point:    10    nbnd_occ=  42
     k-point:    11    nbnd_occ=  42
     k-point:    12    nbnd_occ=  42
     k-point:    13    nbnd_occ=  42
     k-point:    14    nbnd_occ=  42
     k-point:    15    nbnd_occ=  42
     k-point:    16    nbnd_occ=  42


     q-space interpolation up to   110.00 Rydberg

     GIPAW job: efg                                                                             


     ELECTRIC FIELD GRADIENTS TENSORS IN Hartree/bohrradius^2:

     ----- bare term -----
     Cl   1       -0.033833        0.045721       -0.076982
     Cl   1        0.045721        0.112426       -0.100674
     Cl   1       -0.076982       -0.100674       -0.078593

     C    2       -0.281758        0.222980       -0.264534
     C    2        0.222980       -0.127582       -0.496713
     C    2       -0.264534       -0.496713        0.409340

     C    3       -0.140458       -0.086407       -0.238793
     C    3       -0.086407       -0.137784       -0.646352
     C    3       -0.238793       -0.646352        0.278243

     H    4       -0.116781       -0.038810       -0.604808
     H    4       -0.038810        0.390840        0.042642
     H    4       -0.604808        0.042642       -0.274059

     C    5       -0.170611        0.400153        0.064836
     C    5        0.400153       -0.302972       -0.441170
     C    5        0.064836       -0.441170        0.473582

     H    6        0.366908       -0.077249       -0.277878
     H    6       -0.077249       -0.119063       -0.463734
     H    6       -0.277878       -0.463734       -0.247845

     H    7        0.303101        0.426043        0.081630
     H    7        0.426043       -0.664026        0.025552
     H    7        0.081630        0.025552        0.360925

     C    8       -0.063097       -0.472334       -0.128307
     C    8       -0.472334       -0.209972        0.435259
     C    8       -0.128307        0.435259        0.273068

     H    9       -0.618613        0.433364       -0.024246
     H    9        0.433364        0.310362        0.028086
     H    9       -0.024246        0.028086        0.308251

     C   10       -0.320565       -0.336397       -0.365831
     C   10       -0.336397        0.022233        0.384469
     C   10       -0.365831        0.384469        0.298332

     C   11       -0.049674        0.047083       -0.337509
     C   11        0.047083       -0.163423        0.548928
     C   11       -0.337509        0.548928        0.213097

     Cl  12       -0.073686       -0.062939       -0.061468
     Cl  12       -0.062939       -0.037962       -0.012285
     Cl  12       -0.061468       -0.012285        0.111648

     H   13        0.296059       -0.234297       -0.072632
     H   13       -0.234297       -0.522202       -0.433273
     H   13       -0.072632       -0.433273        0.226143

     C   14       -0.323008        0.199439       -0.341325
     C   14        0.199439       -0.088828       -0.439161
     C   14       -0.341325       -0.439161        0.411836

     H   15       -0.262796       -0.075433       -0.552210
     H   15       -0.075433        0.192849       -0.022547
     H   15       -0.552210       -0.022547        0.069947

     C   16       -0.079905        0.419282       -0.138383
     C   16        0.419282       -0.344532       -0.512680
     C   16       -0.138383       -0.512680        0.424437

     C   17       -0.201377        0.004376       -0.391620
     C   17        0.004376       -0.002190       -0.391520
     C   17       -0.391620       -0.391520        0.203567

     Cl  18       -0.017465        0.076954       -0.000611
     Cl  18        0.076954       -0.023518       -0.005282
     Cl  18       -0.000611       -0.005282        0.040983

     H   19        0.421659       -0.038094       -0.145149
     H   19       -0.038094       -0.590594        0.238805
     H   19       -0.145149        0.238805        0.168936

     C   20       -0.623488       -0.263346       -0.410958
     C   20       -0.263346        0.054682        0.209669
     C   20       -0.410958        0.209669        0.568806

     H   21       -0.528325        0.241581       -0.336027
     H   21        0.241581        0.335559        0.180735
     H   21       -0.336027        0.180735        0.192766

     C   22       -0.102715       -0.292025       -0.148573
     C   22       -0.292025       -0.444385        0.486131
     C   22       -0.148573        0.486131        0.547099

     C   23       -0.235013       -0.007683       -0.401957
     C   23       -0.007683       -0.016247        0.423510
     C   23       -0.401957        0.423510        0.251260

     Cl  24       -0.033437       -0.136213        0.075377
     Cl  24       -0.136213        0.040904       -0.113570
     Cl  24        0.075377       -0.113570       -0.007467

     ----- ionic term -----
     Cl   1        0.084292       -0.199178        0.005061
     Cl   1       -0.199178        0.052537       -0.000667
     Cl   1        0.005061       -0.000667       -0.136828

     C    2        0.086332       -0.181591        0.276566
     C    2       -0.181591        0.178773        0.381991
     C    2        0.276566        0.381991       -0.265105

     C    3        0.071533       -0.230981        0.219066
     C    3       -0.230981        0.207899        0.403764
     C    3        0.219066        0.403764       -0.279432

     H    4        0.446648        0.273111        0.761523
     H    4        0.273111       -0.437059        0.271305
     H    4        0.761523        0.271305       -0.009589

     C    5        0.235109       -0.244252        0.275907
     C    5       -0.244252        0.050215        0.289940
     C    5        0.275907        0.289940       -0.285324

     H    6       -0.522968        0.050890        0.040781
     H    6        0.050890        0.575299        0.743195
     H    6        0.040781        0.743195       -0.052331

     H    7       -0.498807       -0.185291        0.054337
     H    7       -0.185291        0.902873       -0.470379
     H    7        0.054337       -0.470379       -0.404067

     C    8        0.249142        0.133894        0.208850
     C    8        0.133894        0.193218       -0.259985
     C    8        0.208850       -0.259985       -0.442360

     H    9        0.795980       -0.332917        0.505922
     H    9       -0.332917       -0.406611       -0.186621
     H    9        0.505922       -0.186621       -0.389369

     C   10        0.184696        0.171161        0.173955
     C   10        0.171161        0.246353       -0.360262
     C   10        0.173955       -0.360262       -0.431049

     C   11        0.221604        0.070999        0.308414
     C   11        0.070999        0.185119       -0.387503
     C   11        0.308414       -0.387503       -0.406723

     Cl  12        0.117365        0.196577        0.017038
     Cl  12        0.196577        0.035904        0.005744
     Cl  12        0.017038        0.005744       -0.153269

     H   13       -0.496380        0.180150        0.118072
     H   13        0.180150        0.665532        0.674699
     H   13        0.118072        0.674699       -0.169153

     C   14        0.204436       -0.214794        0.271549
     C   14       -0.214794        0.110642        0.274961
     C   14        0.271549        0.274961       -0.315078

     H   15        0.553839        0.107570        0.750949
     H   15        0.107570       -0.492285        0.158307
     H   15        0.750949        0.158307       -0.061554

     C   16        0.113389       -0.287265        0.221357
     C   16       -0.287265        0.181405        0.346087
     C   16        0.221357        0.346087       -0.294794

     C   17        0.216861       -0.183983        0.315784
     C   17       -0.183983        0.049863        0.346487
     C   17        0.315784        0.346487       -0.266724

     Cl  18        0.150639       -0.196960        0.015442
     Cl  18       -0.196960       -0.005632        0.002330
     Cl  18        0.015442        0.002330       -0.145007

     H   19       -0.509409        0.009964        0.009955
     H   19        0.009964        0.812203       -0.590297
     H   19        0.009955       -0.590297       -0.302795

     C   20        0.336567        0.191811        0.244086
     C   20        0.191811        0.106770       -0.290389
     C   20        0.244086       -0.290389       -0.443337

     H   21        0.622780       -0.331477        0.669078
     H   21       -0.331477       -0.410633       -0.246934
     H   21        0.669078       -0.246934       -0.212147

     C   22        0.169038        0.196037        0.196433
     C   22        0.196037        0.241673       -0.386912
     C   22        0.196433       -0.386912       -0.410711

     C   23        0.139110        0.088842        0.224452
     C   23        0.088842        0.253599       -0.413245
     C   23        0.224452       -0.413245       -0.392708

     Cl  24        0.119121        0.196030        0.001919
     Cl  24        0.196030        0.027689       -0.008128
     Cl  24        0.001919       -0.008128       -0.146810

     ----- GIPAW term -----
     Cl   1        0.108767       -1.123873       -0.540688
     Cl   1       -1.123873        2.012086       -1.460924
     Cl   1       -0.540688       -1.460924       -2.120854

     C    2       -0.033298       -0.107781       -0.009763
     C    2       -0.107781        0.019942       -0.165107
     C    2       -0.009763       -0.165107        0.013356

     C    3       -0.064828       -0.141511        0.031830
     C    3       -0.141511        0.012127       -0.210062
     C    3        0.031830       -0.210062        0.052701

     H    4       -0.000000        0.000000        0.000000
     H    4        0.000000        0.000000        0.000000
     H    4        0.000000        0.000000        0.000000

     C    5        0.054741       -0.004266        0.179403
     C    5       -0.004266       -0.147745       -0.135216
     C    5        0.179403       -0.135216        0.093004

     H    6       -0.000000        0.000000        0.000000
     H    6        0.000000        0.000000        0.000000
     H    6        0.000000        0.000000        0.000000

     H    7       -0.000000        0.000000        0.000000
     H    7        0.000000        0.000000        0.000000
     H    7        0.000000        0.000000        0.000000

     C    8        0.043913       -0.238808        0.003461
     C    8       -0.238808        0.038091        0.086041
     C    8        0.003461        0.086041       -0.082003

     H    9       -0.000000        0.000000        0.000000
     H    9        0.000000        0.000000        0.000000
     H    9        0.000000        0.000000        0.000000

     C   10       -0.039087       -0.159829       -0.111774
     C   10       -0.159829        0.077912        0.072529
     C   10       -0.111774        0.072529       -0.038825

     C   11        0.040653        0.147692       -0.059058
     C   11        0.147692        0.037906        0.038780
     C   11       -0.059058        0.038780       -0.078560

     Cl  12        1.035751        2.085410       -0.476623
     Cl  12        2.085410       -0.153316       -0.105836
     Cl  12       -0.476623       -0.105836       -0.882435

     H   13       -0.000000        0.000000        0.000000
     H   13        0.000000        0.000000        0.000000
     H   13        0.000000        0.000000        0.000000

     C   14       -0.039818        0.030481       -0.053050
     C   14        0.030481       -0.018768       -0.106329
     C   14       -0.053050       -0.106329        0.058586

     H   15       -0.000000        0.000000        0.000000
     H   15        0.000000        0.000000        0.000000
     H   15        0.000000        0.000000        0.000000

     C   16        0.006299        0.092484       -0.002151
     C   16        0.092484       -0.060616       -0.064580
     C   16       -0.002151       -0.064580        0.054317

     C   17        0.117256       -0.046259        0.017573
     C   17       -0.046259       -0.022464       -0.003900
     C   17        0.017573       -0.003900       -0.094792

     Cl  18        1.480321       -1.981378       -0.022618
     Cl  18       -1.981378       -0.039469       -0.033895
     Cl  18       -0.022618       -0.033895       -1.440852

     H   19       -0.000000        0.000000        0.000000
     H   19        0.000000        0.000000        0.000000
     H   19        0.000000        0.000000        0.000000

     C   20       -0.149879       -0.037973       -0.068617
     C   20       -0.037973       -0.014800       -0.030248
     C   20       -0.068617       -0.030248        0.164680

     H   21       -0.000000        0.000000        0.000000
     H   21        0.000000        0.000000        0.000000
     H   21        0.000000        0.000000        0.000000

     C   22       -0.079741       -0.036522       -0.022244
     C   22       -0.036522       -0.118163        0.014350
     C   22       -0.022244        0.014350        0.197904

     C   23        0.070559        0.088511       -0.026178
     C   23        0.088511       -0.002875        0.030239
     C   23       -0.026178        0.030239       -0.067684

     Cl  24        1.014953        0.894695        0.692693
     Cl  24        0.894695        0.551231       -1.038837
     Cl  24        0.692693       -1.038837       -1.566184

     ----- total EFG -----
     Cl   1        0.159225       -1.277331       -0.612609
     Cl   1       -1.277331        2.177050       -1.562266
     Cl   1       -0.612609       -1.562266       -2.336275

     C    2       -0.228723       -0.066392        0.002270
     C    2       -0.066392        0.071133       -0.279829
     C    2        0.002270       -0.279829        0.157590

     C    3       -0.133753       -0.458899        0.012103
     C    3       -0.458899        0.082241       -0.452650
     C    3        0.012103       -0.452650        0.051512

     H    4        0.329867        0.234300        0.156714
     H    4        0.234300       -0.046219        0.313947
     H    4        0.156714        0.313947       -0.283649

     C    5        0.119239        0.151635        0.520146
     C    5        0.151635       -0.400501       -0.286445
     C    5        0.520146       -0.286445        0.281262

     H    6       -0.156060       -0.026359       -0.237097
     H    6       -0.026359        0.456236        0.279460
     H    6       -0.237097        0.279460       -0.300176

     H    7       -0.195705        0.240752        0.135967
     H    7        0.240752        0.238847       -0.444826
     H    7        0.135967       -0.444826       -0.043142

     C    8        0.229958       -0.577248        0.084004
     C    8       -0.577248        0.021338        0.261315
     C    8        0.084004        0.261315       -0.251295

     H    9        0.177367        0.100447        0.481677
     H    9        0.100447       -0.096249       -0.158535
     H    9        0.481677       -0.158535       -0.081118

     C   10       -0.174956       -0.325066       -0.303650
     C   10       -0.325066        0.346498        0.096735
     C   10       -0.303650        0.096735       -0.171542

     C   11        0.212583        0.265773       -0.088153
     C   11        0.265773        0.059602        0.200205
     C   11       -0.088153        0.200205       -0.272185

     Cl  12        1.079430        2.219048       -0.521052
     Cl  12        2.219048       -0.155374       -0.112377
     Cl  12       -0.521052       -0.112377       -0.924056

     H   13       -0.200321       -0.054146        0.045440
     H   13       -0.054146        0.143330        0.241426
     H   13        0.045440        0.241426        0.056990

     C   14       -0.158390        0.015126       -0.122825
     C   14        0.015126        0.003046       -0.270529
     C   14       -0.122825       -0.270529        0.155344

     H   15        0.291043        0.032137        0.198739
     H   15        0.032137       -0.299436        0.135760
     H   15        0.198739        0.135760        0.008393

     C   16        0.039783        0.224501        0.080824
     C   16        0.224501       -0.223743       -0.231173
     C   16        0.080824       -0.231173        0.183960

     C   17        0.132740       -0.225866       -0.058264
     C   17       -0.225866        0.025209       -0.048933
     C   17       -0.058264       -0.048933       -0.157950

     Cl  18        1.613495       -2.101384       -0.007787
     Cl  18       -2.101384       -0.068619       -0.036848
     Cl  18       -0.007787       -0.036848       -1.544876

     H   19       -0.087750       -0.028130       -0.135194
     H   19       -0.028130        0.221609       -0.351492
     H   19       -0.135194       -0.351492       -0.133859

     C   20       -0.436800       -0.109508       -0.235489
     C   20       -0.109508        0.146652       -0.110967
     C   20       -0.235489       -0.110967        0.290148

     H   21        0.094455       -0.089896        0.333051
     H   21       -0.089896       -0.075074       -0.066200
     H   21        0.333051       -0.066200       -0.019381

     C   22       -0.013418       -0.132510        0.025615
     C   22       -0.132510       -0.320875        0.113570
     C   22        0.025615        0.113570        0.334292

     C   23       -0.025345        0.169670       -0.203683
     C   23        0.169670        0.234477        0.040505
     C   23       -0.203683        0.040505       -0.209132

     Cl  24        1.100638        0.954512        0.769989
     Cl  24        0.954512        0.619824       -1.160535
     Cl  24        0.769989       -1.160535       -1.720461

     ----- total EFG (symmetrized) -----
     Cl   1        0.159225       -1.277331       -0.612609
     Cl   1       -1.277331        2.177050       -1.562266
     Cl   1       -0.612609       -1.562266       -2.336275

     C    2       -0.228723       -0.066392        0.002270
     C    2       -0.066392        0.071133       -0.279829
     C    2        0.002270       -0.279829        0.157590

     C    3       -0.133753       -0.458899        0.012103
     C    3       -0.458899        0.082241       -0.452650
     C    3        0.012103       -0.452650        0.051512

     H    4        0.329867        0.234300        0.156714
     H    4        0.234300       -0.046219        0.313947
     H    4        0.156714        0.313947       -0.283649

     C    5        0.119239        0.151635        0.520146
     C    5        0.151635       -0.400501       -0.286445
     C    5        0.520146       -0.286445        0.281262

     H    6       -0.156060       -0.026359       -0.237097
     H    6       -0.026359        0.456236        0.279460
     H    6       -0.237097        0.279460       -0.300176

     H    7       -0.195705        0.240752        0.135967
     H    7        0.240752        0.238847       -0.444826
     H    7        0.135967       -0.444826       -0.043142

     C    8        0.229958       -0.577248        0.084004
     C    8       -0.577248        0.021338        0.261315
     C    8        0.084004        0.261315       -0.251295

     H    9        0.177367        0.100447        0.481677
     H    9        0.100447       -0.096249       -0.158535
     H    9        0.481677       -0.158535       -0.081118

     C   10       -0.174956       -0.325066       -0.303650
     C   10       -0.325066        0.346498        0.096735
     C   10       -0.303650        0.096735       -0.171542

     C   11        0.212583        0.265773       -0.088153
     C   11        0.265773        0.059602        0.200205
     C   11       -0.088153        0.200205       -0.272185

     Cl  12        1.079430        2.219048       -0.521052
     Cl  12        2.219048       -0.155374       -0.112377
     Cl  12       -0.521052       -0.112377       -0.924056

     H   13       -0.200321       -0.054146        0.045440
     H   13       -0.054146        0.143330        0.241426
     H   13        0.045440        0.241426        0.056990

     C   14       -0.158390        0.015126       -0.122825
     C   14        0.015126        0.003046       -0.270529
     C   14       -0.122825       -0.270529        0.155344

     H   15        0.291043        0.032137        0.198739
     H   15        0.032137       -0.299436        0.135760
     H   15        0.198739        0.135760        0.008393

     C   16        0.039783        0.224501        0.080824
     C   16        0.224501       -0.223743       -0.231173
     C   16        0.080824       -0.231173        0.183960

     C   17        0.132740       -0.225866       -0.058264
     C   17       -0.225866        0.025209       -0.048933
     C   17       -0.058264       -0.048933       -0.157950

     Cl  18        1.613495       -2.101384       -0.007787
     Cl  18       -2.101384       -0.068619       -0.036848
     Cl  18       -0.007787       -0.036848       -1.544876

     H   19       -0.087750       -0.028130       -0.135194
     H   19       -0.028130        0.221609       -0.351492
     H   19       -0.135194       -0.351492       -0.133859

     C   20       -0.436800       -0.109508       -0.235489
     C   20       -0.109508        0.146652       -0.110967
     C   20       -0.235489       -0.110967        0.290148

     H   21        0.094455       -0.089896        0.333051
     H   21       -0.089896       -0.075074       -0.066200
     H   21        0.333051       -0.066200       -0.019381

     C   22       -0.013418       -0.132510        0.025615
     C   22       -0.132510       -0.320875        0.113570
     C   22        0.025615        0.113570        0.334292

     C   23       -0.025345        0.169670       -0.203683
     C   23        0.169670        0.234477        0.040505
     C   23       -0.203683        0.040505       -0.209132

     Cl  24        1.100638        0.954512        0.769989
     Cl  24        0.954512        0.619824       -1.160535
     Cl  24        0.769989       -1.160535       -1.720461


     NQR/NMR SPECTROSCOPIC PARAMETERS:
     Cl   1    Vxx=    0.0679    axis=(  0.887091  0.249643 -0.388263)
     Cl   1    Vyy=    3.0573    axis=(  0.353296 -0.908536  0.223034)
     Cl   1    Vzz=   -3.1252    axis=(  0.297072  0.335023  0.894152)
     Cl   1  Q=        -8.1650 1e-30 m^2  Cq=        59.9546 MHz  eta= 0.95655

     C    2    Vxx=   -0.1423    axis=( -0.476364  0.641004  0.601824)
     C    2    Vyy=   -0.2585    axis=( -0.876321 -0.401934 -0.265537)
     C    2    Vzz=    0.4007    axis=(  0.071683 -0.653883  0.753192)
     C    2  Q=         1.0000 1e-30 m^2  Cq=         0.9416 MHz  eta= 0.29005

     C    3    Vxx=   -0.0492    axis=(  0.673895 -0.143265 -0.724804)
     C    3    Vyy=   -0.6292    axis=(  0.606961  0.666710  0.432547)
     C    3    Vzz=    0.6784    axis=( -0.421265  0.731418 -0.536249)
     C    3  Q=         1.0000 1e-30 m^2  Cq=         1.5940 MHz  eta= 0.85492

     H    4    Vxx=   -0.0426    axis=(  0.603402 -0.652849 -0.457923)
     H    4    Vyy=   -0.5006    axis=( -0.005984  0.570520 -0.821262)
     H    4    Vzz=    0.5432    axis=(  0.797415  0.498291  0.340347)
     H    4  Q=         1.0000 1e-30 m^2  Cq=         1.2762 MHz  eta= 0.84327

     C    5    Vxx=   -0.0673    axis=( -0.636705 -0.648424  0.417316)
     C    5    Vyy=   -0.6728    axis=(  0.455812 -0.753003 -0.474575)
     C    5    Vzz=    0.7401    axis=(  0.621966 -0.111946  0.775001)
     C    5  Q=         1.0000 1e-30 m^2  Cq=         1.7389 MHz  eta= 0.81825

     H    6    Vxx=   -0.0394    axis=(  0.843167  0.297391 -0.447915)
     H    6    Vyy=   -0.5236    axis=( -0.517323  0.221828 -0.826541)
     H    6    Vzz=    0.5630    axis=( -0.146446  0.928628  0.340885)
     H    6  Q=         1.0000 1e-30 m^2  Cq=         1.3228 MHz  eta= 0.86001

     H    7    Vxx=   -0.0301    axis=( -0.793023 -0.225854 -0.565777)
     H    7    Vyy=   -0.5526    axis=(  0.588360 -0.524746 -0.615202)
     H    7    Vzz=    0.5827    axis=( -0.157944 -0.820751  0.549019)
     H    7  Q=         1.0000 1e-30 m^2  Cq=         1.3692 MHz  eta= 0.89658

     C    8    Vxx=   -0.0901    axis=(  0.441497  0.364094  0.820071)
     C    8    Vyy=   -0.6337    axis=(  0.496908  0.661798 -0.561342)
     C    8    Vzz=    0.7238    axis=( -0.747103  0.655331  0.111261)
     C    8  Q=         1.0000 1e-30 m^2  Cq=         1.7006 MHz  eta= 0.75116

     H    9    Vxx=   -0.0163    axis=(  0.262247  0.918188 -0.296914)
     H    9    Vyy=   -0.5310    axis=( -0.554187  0.395184  0.732602)
     H    9    Vzz=    0.5473    axis=(  0.790002 -0.027577  0.612484)
     H    9  Q=         1.0000 1e-30 m^2  Cq=         1.2859 MHz  eta= 0.94045

     C   10    Vxx=   -0.0589    axis=(  0.437935  0.525229 -0.729621)
     C   10    Vyy=   -0.5134    axis=(  0.759459  0.218155  0.612887)
     C   10    Vzz=    0.5723    axis=(  0.481077 -0.822522 -0.303353)
     C   10  Q=         1.0000 1e-30 m^2  Cq=         1.3447 MHz  eta= 0.79409

     C   11    Vxx=    0.0144    axis=( -0.543899  0.600122  0.586538)
     C   11    Vyy=    0.4168    axis=( -0.777014 -0.624127 -0.081947)
     C   11    Vzz=   -0.4312    axis=(  0.316896 -0.500319  0.805765)
     C   11  Q=         1.0000 1e-30 m^2  Cq=        -1.0131 MHz  eta= 0.93320

     Cl  12    Vxx=   -0.9311    axis=( -0.044317  0.266248  0.962885)
     Cl  12    Vyy=   -1.8965    axis=(  0.607042 -0.758312  0.237620)
     Cl  12    Vzz=    2.8277    axis=(  0.793433  0.595042 -0.128017)
     Cl  12  Q=        -8.1650 1e-30 m^2  Cq=       -54.2479 MHz  eta= 0.34141

     H   13    Vxx=   -0.0979    axis=( -0.560839  0.519337 -0.644786)
     H   13    Vyy=   -0.2478    axis=( -0.827604 -0.373334  0.419158)
     H   13    Vzz=    0.3457    axis=( -0.023036  0.768707  0.639186)
     H   13  Q=         1.0000 1e-30 m^2  Cq=         0.8123 MHz  eta= 0.43338

     C   14    Vxx=   -0.1289    axis=(  0.750979 -0.609048 -0.255129)
     C   14    Vyy=   -0.2528    axis=(  0.630354  0.546139  0.551712)
     C   14    Vzz=    0.3817    axis=( -0.196683 -0.575146  0.794055)
     C   14  Q=         1.0000 1e-30 m^2  Cq=         0.8969 MHz  eta= 0.32447

     H   15    Vxx=   -0.0520    axis=( -0.491597  0.368910  0.788821)
     H   15    Vyy=   -0.3537    axis=(  0.072793  0.920072 -0.384928)
     H   15    Vzz=    0.4057    axis=( -0.867775 -0.131809 -0.479158)
     H   15  Q=         1.0000 1e-30 m^2  Cq=         0.9531 MHz  eta= 0.74377

     C   16    Vxx=    0.1544    axis=(  0.889975  0.348695  0.293863)
     C   16    Vyy=    0.2905    axis=( -0.116547 -0.449089  0.885853)
     C   16    Vzz=   -0.4450    axis=(  0.440864 -0.822636 -0.359039)
     C   16  Q=         1.0000 1e-30 m^2  Cq=        -1.0455 MHz  eta= 0.30586

     C   17    Vxx=   -0.0813    axis=( -0.424573 -0.581408  0.694048)
     C   17    Vyy=   -0.2304    axis=( -0.446562 -0.532367 -0.719144)
     C   17    Vzz=    0.3117    axis=( -0.787604  0.615264  0.033606)
     C   17  Q=         1.0000 1e-30 m^2  Cq=         0.7323 MHz  eta= 0.47819

     Cl  18    Vxx=   -1.4739    axis=(  0.504313  0.742576 -0.440736)
     Cl  18    Vyy=   -1.5620    axis=(  0.244756  0.366541  0.897631)
     Cl  18    Vzz=    3.0359    axis=( -0.828108  0.560560 -0.003101)
     Cl  18  Q=        -8.1650 1e-30 m^2  Cq=       -58.2428 MHz  eta= 0.02904

     H   19    Vxx=   -0.0382    axis=(  0.919292 -0.277718 -0.278881)
     H   19    Vyy=   -0.4038    axis=(  0.382735  0.465646  0.797927)
     H   19    Vzz=    0.4421    axis=( -0.091739 -0.840265  0.534358)
     H   19  Q=         1.0000 1e-30 m^2  Cq=         1.0387 MHz  eta= 0.82700

     C   20    Vxx=    0.1482    axis=(  0.278159 -0.924333 -0.261219)
     C   20    Vyy=    0.3858    axis=(  0.219822  0.325993 -0.919460)
     C   20    Vzz=   -0.5340    axis=(  0.935043  0.198334  0.293867)
     C   20  Q=         1.0000 1e-30 m^2  Cq=        -1.2548 MHz  eta= 0.44481

     H   21    Vxx=   -0.1009    axis=( -0.150799 -0.973091 -0.174220)
     H   21    Vyy=   -0.3006    axis=( -0.648861 -0.035529  0.760077)
     H   21    Vzz=    0.4015    axis=(  0.745815 -0.227664  0.626043)
     H   21  Q=         1.0000 1e-30 m^2  Cq=         0.9433 MHz  eta= 0.49755

     C   22    Vxx=    0.0351    axis=(  0.940929 -0.335362  0.046739)
     C   22    Vyy=    0.3535    axis=( -0.009545 -0.164249 -0.986373)
     C   22    Vzz=   -0.3885    axis=(  0.338468  0.927661 -0.157747)
     C   22  Q=         1.0000 1e-30 m^2  Cq=        -0.9129 MHz  eta= 0.81941

     C   23    Vxx=    0.0436    axis=( -0.656070  0.455579  0.601681)
     C   23    Vyy=    0.3248    axis=( -0.488941 -0.863887  0.120977)
     C   23    Vzz=   -0.3685    axis=(  0.574899 -0.214817  0.789521)
     C   23  Q=         1.0000 1e-30 m^2  Cq=        -0.8657 MHz  eta= 0.76317

     Cl  24    Vxx=    0.6771    axis=( -0.567694  0.654620 -0.499195)
     Cl  24    Vyy=    1.8489    axis=( -0.770073 -0.636645  0.040876)
     Cl  24    Vzz=   -2.5259    axis=( -0.291052  0.407622  0.865525)
     Cl  24  Q=        -8.1650 1e-30 m^2  Cq=        48.4590 MHz  eta= 0.46392

     Initialization:
     gipaw_setup  :      9.13s CPU     10.72s WALL (       1 calls)

     Linear response

     Apply operators

     Induced current

     Other routines
     efg          :      9.35s CPU     11.44s WALL (       1 calls)

     General routines
     calbec       :      3.24s CPU      4.26s WALL (      16 calls)
     fft          :      1.66s CPU      2.44s WALL (      15 calls)
     ffts         :      0.03s CPU      0.08s WALL (       2 calls)
     fftw         :      3.28s CPU      3.80s WALL (     672 calls)
     davcio       :      0.04s CPU      0.33s WALL (      32 calls)

     Parallel routines
     fft_scatter  :      2.20s CPU      3.43s WALL (     689 calls)

     Plugins

     GIPAW        :     61.52s CPU     76.02s WALL (       1 calls)
