
     Program QE v.6.0 (svn rev. 13079) starts on 17Dec2016 at  0:11: 2 

     This program is part of the open-source Quantum ESPRESSO suite
     for quantum simulation of materials; please cite
         "P. Giannozzi et al., J. Phys.:Condens. Matter 21 395502 (2009);
          URL http://www.quantum-espresso.org", 
     in publications or presentations arising from this work. More details at
     http://www.quantum-espresso.org/quote

     Parallel version (MPI), running on     8 processors
     R & G space division:  proc/nbgrp/npool/nimage =       8

     ***** This is GIPAW svn revision unknown      *****

     Parallelizing q-star over 1 images

     Reading data from directory:
     /users/majewski/paradichlorobenzene/pbe/9_constraint/scratch/pbe.ecut100.np8.dt60.pcl2phi-129368.save
     Message from routine read_xml_file:
     file /users/majewski/paradichlorobenzene/pbe/9_constraint/scratch/pbe.ecut100.np8.dt60.pcl2phi-129368.save not guaranteed to be safe for post-processing

   Info: using nr1, nr2, nr3 values from input

   Info: using nr1, nr2, nr3 values from input

     IMPORTANT: XC functional enforced from input :
     Exchange-correlation      =  SLA  PW   PBX  PBC ( 1  4  3  4 0 0)
     Any further DFT definition will be discarded
     Please, verify this is what you really want

               file C.pbe-n-kjpaw_psl.1.0.0.UPF: wavefunction(s)  2S 2P renormalized
               file Cl.pbe-n-kjpaw_psl.1.0.0.UPF: wavefunction(s)  3S 3P renormalized
               file H.pbe-kjpaw_psl.1.0.0.UPF: wavefunction(s)  1S renormalized

     Parallelization info
     --------------------
     sticks:   dense  smooth     PW     G-vecs:    dense   smooth      PW
     Min        3057    1223    332               144436    36536    5170
     Max        3059    1225    333               144437    36537    5171
     Sum       24467    9791   2657              1155489   292295   41363


     Subspace diagonalization in iterative solution of the eigenvalue problem:
     a serial algorithm will be used

     GIPAW projectors -----------------------------------------------
     atom=  C    l=0  rc=    1.2000  rs=    0.8000
     atom=  C    l=0  rc=    1.2000  rs=    0.8000
     atom=  C    l=1  rc=    1.4000  rs=    0.9333
     atom=  C    l=1  rc=    1.4000  rs=    0.9333
     projs nearly linearly dependent: l=1  n1,n2= 1, 2  s=  0.99951561

     atom=  Cl   l=0  rc=    1.6000  rs=    1.0667
     atom=  Cl   l=0  rc=    1.6000  rs=    1.0667
     atom=  Cl   l=1  rc=    1.6000  rs=    1.0667
     atom=  Cl   l=1  rc=    1.6000  rs=    1.0667
     atom=  Cl   l=2  rc=    1.6000  rs=    1.0667
     atom=  Cl   l=2  rc=    1.6000  rs=    1.0667
     projs nearly linearly dependent: l=2  n1,n2= 1, 2  s=  0.99993509

     atom=  H    l=0  rc=    1.0000  rs=    0.6667
     atom=  H    l=0  rc=    1.0000  rs=    0.6667
     projs nearly linearly dependent: l=0  n1,n2= 1, 2  s=  0.99968852
     -----------------------------------------------------------------

     GIPAW integrals: -------------------------------------------
     Atom  i/j   nmr_para   nmr_dia   epr_rmc  epr_para   epr_dia
       C   1 1   0.83E+03  0.17E-01  0.93E+01  0.24E+08  0.24E+03
       C   2 1   0.86E+03 -0.61E-01  0.94E+01  0.25E+08  0.25E+03
       C   2 2   0.90E+03 -0.15E+00  0.97E+01  0.26E+08  0.26E+03
       C   3 3   0.33E+01  0.34E+00  0.18E+01  0.55E+03  0.21E+02
       C   4 3   0.35E+01  0.37E+00  0.20E+01  0.59E+03  0.22E+02
       C   4 4   0.38E+01  0.39E+00  0.22E+01  0.63E+03  0.24E+02
       Cl  1 1   0.14E+04 -0.47E+00  0.84E+01  0.32E+09  0.42E+03
       Cl  2 1   0.21E+04 -0.37E+00  0.12E+02  0.49E+09  0.65E+03
       Cl  2 2   0.33E+04 -0.16E+00  0.21E+02  0.76E+09  0.10E+04
       Cl  3 3   0.21E+02  0.79E-01  0.89E+01  0.23E+05  0.13E+03
       Cl  4 3   0.24E+02  0.67E-01  0.99E+01  0.27E+05  0.15E+03
       Cl  4 4   0.28E+02  0.44E-01  0.11E+02  0.32E+05  0.18E+03
       Cl  5 5   0.77E+00  0.19E+00  0.18E+01  0.12E+03  0.22E+02
       Cl  6 5   0.80E+00  0.19E+00  0.19E+01  0.12E+03  0.23E+02
       Cl  6 6   0.83E+00  0.20E+00  0.19E+01  0.12E+03  0.23E+02
       H   1 1   0.39E+02  0.19E+00  0.29E+00  0.78E+05  0.13E+02
       H   2 1   0.41E+02  0.21E+00  0.32E+00  0.82E+05  0.14E+02
       H   2 2   0.43E+02  0.22E+00  0.36E+00  0.86E+05  0.15E+02
     ------------------------------------------------------------

     alpha_pv=     34.3029 eV

     Number of occupied bands for each k-point:
     k-point:     1    nbnd_occ=  42
     k-point:     2    nbnd_occ=  42
     k-point:     3    nbnd_occ=  42
     k-point:     4    nbnd_occ=  42
     k-point:     5    nbnd_occ=  42
     k-point:     6    nbnd_occ=  42
     k-point:     7    nbnd_occ=  42
     k-point:     8    nbnd_occ=  42
     k-point:     9    nbnd_occ=  42
     k-point:    10    nbnd_occ=  42
     k-point:    11    nbnd_occ=  42
     k-point:    12    nbnd_occ=  42
     k-point:    13    nbnd_occ=  42
     k-point:    14    nbnd_occ=  42
     k-point:    15    nbnd_occ=  42
     k-point:    16    nbnd_occ=  42


     q-space interpolation up to   110.00 Rydberg

     GIPAW job: efg                                                                             


     ELECTRIC FIELD GRADIENTS TENSORS IN Hartree/bohrradius^2:

     ----- bare term -----
     Cl   1       -0.077142       -0.074174       -0.020364
     Cl   1       -0.074174       -0.038915        0.123051
     Cl   1       -0.020364        0.123051        0.116057

     C    2       -0.671727        0.330388       -0.230928
     C    2        0.330388        0.171754       -0.092119
     C    2       -0.230928       -0.092119        0.499973

     C    3        0.276976       -0.043718        0.223476
     C    3       -0.043718       -0.217193       -0.088411
     C    3        0.223476       -0.088411       -0.059783

     H    4       -0.391798       -0.291128        0.265740
     H    4       -0.291128        0.248679        0.026455
     H    4        0.265740        0.026455        0.143119

     C    5       -0.447958        0.168154       -0.199801
     C    5        0.168154        0.189330        0.030567
     C    5       -0.199801        0.030567        0.258628

     H    6        0.332517       -0.344816        0.193893
     H    6       -0.344816       -0.529499        0.082128
     H    6        0.193893        0.082128        0.196982

     H    7        0.342397       -0.105763        0.031630
     H    7       -0.105763       -0.517920        0.500956
     H    7        0.031630        0.500956        0.175524

     C    8       -0.264634        0.031161       -0.361533
     C    8        0.031161       -0.019723        0.525924
     C    8       -0.361533        0.525924        0.284357

     H    9       -0.328451        0.235181       -0.504915
     H    9        0.235181        0.286494        0.256237
     H    9       -0.504915        0.256237        0.041958

     C   10       -0.370473       -0.362897       -0.241561
     C   10       -0.362897       -0.071612        0.353454
     C   10       -0.241561        0.353454        0.442085

     C   11       -0.164454        0.139461       -0.354987
     C   11        0.139461       -0.070970        0.641331
     C   11       -0.354987        0.641331        0.235424

     Cl  12       -0.106410       -0.092392       -0.016080
     Cl  12       -0.092392        0.057577        0.015313
     Cl  12       -0.016080        0.015313        0.048833

     H   13        0.460877       -0.140228       -0.014867
     H   13       -0.140228       -0.821521       -0.187743
     H   13       -0.014867       -0.187743        0.360645

     C   14       -0.130815        0.013995       -0.261144
     C   14        0.013995       -0.050237       -0.378002
     C   14       -0.261144       -0.378002        0.181052

     H   15       -0.298425       -0.526978       -0.006253
     H   15       -0.526978       -0.015272        0.145480
     H   15       -0.006253        0.145480        0.313697

     C   16       -0.729836        0.339397       -0.243380
     C   16        0.339397        0.347995       -0.159834
     C   16       -0.243380       -0.159834        0.381841

     C   17        0.020816       -0.032539       -0.235635
     C   17       -0.032539       -0.228433       -0.428737
     C   17       -0.235635       -0.428737        0.207616

     Cl  18       -0.252720        0.284833       -0.003946
     Cl  18        0.284833        0.101754       -0.100247
     Cl  18       -0.003946       -0.100247        0.150966

     H   19        0.435580        0.050748        0.209472
     H   19        0.050748       -0.072572        0.346650
     H   19        0.209472        0.346650       -0.363008

     C   20       -0.559164       -0.348243       -0.296384
     C   20       -0.348243        0.206410        0.405745
     C   20       -0.296384        0.405745        0.352754

     H   21        0.039894       -0.040692       -0.513075
     H   21       -0.040692        0.217292       -0.236182
     H   21       -0.513075       -0.236182       -0.257185

     C   22       -0.116623       -0.141588       -0.198637
     C   22       -0.141588       -0.089575        0.499227
     C   22       -0.198637        0.499227        0.206198

     C   23       -0.245894       -0.230087       -0.321855
     C   23       -0.230087       -0.183959        0.463513
     C   23       -0.321855        0.463513        0.429853

     Cl  24        0.123286        0.145333        0.170924
     Cl  24        0.145333       -0.118401       -0.366282
     Cl  24        0.170924       -0.366282       -0.004886

     ----- ionic term -----
     Cl   1        0.160505       -0.234901        0.036038
     Cl   1       -0.234901        0.027789       -0.021106
     Cl   1        0.036038       -0.021106       -0.188294

     C    2        0.305038       -0.127328        0.197116
     C    2       -0.127328        0.253974        0.238319
     C    2        0.197116        0.238319       -0.559012

     C    3        0.219211       -0.127665        0.070008
     C    3       -0.127665        0.290889        0.301954
     C    3        0.070008        0.301954       -0.510100

     H    4        0.787351        0.453868        0.448481
     H    4        0.453868       -0.303105        0.203619
     H    4        0.448481        0.203619       -0.484246

     C    5        0.339859       -0.030828        0.070175
     C    5       -0.030828        0.135123        0.284871
     C    5        0.070175        0.284871       -0.474982

     H    6       -0.488528        0.204437        0.065532
     H    6        0.204437        0.738653        0.606632
     H    6        0.065532        0.606632       -0.250124

     H    7       -0.534633        0.006276        0.024651
     H    7        0.006276        0.560988       -0.743780
     H    7        0.024651       -0.743780       -0.026355

     C    8        0.164452        0.254918        0.306416
     C    8        0.254918        0.040540       -0.286986
     C    8        0.306416       -0.286986       -0.204992

     H    9        0.592715       -0.230392        0.694839
     H    9       -0.230392       -0.471385       -0.216395
     H    9        0.694839       -0.216395       -0.121330

     C   10        0.142982        0.274893        0.218322
     C   10        0.274893        0.119404       -0.348184
     C   10        0.218322       -0.348184       -0.262386

     C   11        0.218671        0.202811        0.363362
     C   11        0.202811        0.006917       -0.371131
     C   11        0.363362       -0.371131       -0.225588

     Cl  12        0.157616        0.206293        0.024106
     Cl  12        0.206293        0.004843        0.003145
     Cl  12        0.024106        0.003145       -0.162458

     H   13       -0.520669        0.141535        0.061668
     H   13        0.141535        0.906863        0.510384
     H   13        0.061668        0.510384       -0.386194

     C   14        0.393448       -0.135612        0.120975
     C   14       -0.135612        0.136863        0.254301
     C   14        0.120975        0.254301       -0.530312

     H   15        0.881513        0.376101        0.331217
     H   15        0.376101       -0.378690        0.152365
     H   15        0.331217        0.152365       -0.502823

     C   16        0.267791       -0.218835        0.036825
     C   16       -0.218835        0.235937        0.338483
     C   16        0.036825        0.338483       -0.503728

     C   17        0.266004       -0.060862        0.021825
     C   17       -0.060862        0.206700        0.385776
     C   17        0.021825        0.385776       -0.472704

     Cl  18        0.150869       -0.178262       -0.063874
     Cl  18       -0.178262       -0.028808        0.039190
     Cl  18       -0.063874        0.039190       -0.122062

     H   19       -0.515821        0.019115       -0.007248
     H   19        0.019115        0.548580       -0.754555
     H   19       -0.007248       -0.754555       -0.032759

     C   20        0.262942        0.223158        0.363681
     C   20        0.223158       -0.009888       -0.283550
     C   20        0.363681       -0.283550       -0.253054

     H   21        0.581254       -0.197998        0.729051
     H   21       -0.197998       -0.444953       -0.192668
     H   21        0.729051       -0.192668       -0.136301

     C   22        0.102687        0.259102        0.249412
     C   22        0.259102        0.183246       -0.364861
     C   22        0.249412       -0.364861       -0.285933

     C   23       -0.015713        0.226350        0.335443
     C   23        0.226350        0.220859       -0.396572
     C   23        0.335443       -0.396572       -0.205146

     Cl  24        0.075835        0.222240        0.044746
     Cl  24        0.222240        0.074222        0.024447
     Cl  24        0.044746        0.024447       -0.150057

     ----- GIPAW term -----
     Cl   1        0.213790       -2.433806       -0.473361
     Cl   1       -2.433806       -0.280709        1.404238
     Cl   1       -0.473361        1.404238        0.066919

     C    2       -0.111770       -0.029320       -0.066803
     C    2       -0.029320       -0.028232        0.085559
     C    2       -0.066803        0.085559        0.140003

     C    3        0.024452       -0.013875        0.030504
     C    3       -0.013875        0.010263        0.033163
     C    3        0.030504        0.033163       -0.034715

     H    4       -0.000000        0.000000        0.000000
     H    4        0.000000        0.000000        0.000000
     H    4        0.000000        0.000000        0.000000

     C    5       -0.054461        0.005553       -0.028509
     C    5        0.005553       -0.007791        0.028735
     C    5       -0.028509        0.028735        0.062252

     H    6       -0.000000        0.000000        0.000000
     H    6        0.000000        0.000000        0.000000
     H    6        0.000000        0.000000        0.000000

     H    7       -0.000000        0.000000        0.000000
     H    7        0.000000        0.000000        0.000000
     H    7        0.000000        0.000000        0.000000

     C    8       -0.050124        0.081742       -0.040668
     C    8        0.081742        0.071186        0.154757
     C    8       -0.040668        0.154757       -0.021062

     H    9       -0.000000        0.000000        0.000000
     H    9        0.000000        0.000000        0.000000
     H    9        0.000000        0.000000        0.000000

     C   10       -0.092730        0.001101       -0.059793
     C   10        0.001101        0.060480        0.027515
     C   10       -0.059793        0.027515        0.032250

     C   11        0.016684        0.183141       -0.042372
     C   11        0.183141        0.022048        0.164498
     C   11       -0.042372        0.164498       -0.038732

     Cl  12        0.878852        1.998054       -0.155598
     Cl  12        1.998054        0.580532        0.092197
     Cl  12       -0.155598        0.092197       -1.459384

     H   13       -0.000000        0.000000        0.000000
     H   13        0.000000        0.000000        0.000000
     H   13        0.000000        0.000000        0.000000

     C   14       -0.119833       -0.032016       -0.037366
     C   14       -0.032016        0.193075        0.069100
     C   14       -0.037366        0.069100       -0.073242

     H   15       -0.000000        0.000000        0.000000
     H   15        0.000000        0.000000        0.000000
     H   15        0.000000        0.000000        0.000000

     C   16       -0.236438        0.007931       -0.039788
     C   16        0.007931        0.319984        0.004853
     C   16       -0.039788        0.004853       -0.083546

     C   17       -0.068369       -0.089377       -0.012172
     C   17       -0.089377        0.114620        0.158292
     C   17       -0.012172        0.158292       -0.046251

     Cl  18       -1.104070       -0.291918       -0.303727
     Cl  18       -0.291918        2.136594       -1.871727
     Cl  18       -0.303727       -1.871727       -1.032524

     H   19       -0.000000        0.000000        0.000000
     H   19        0.000000        0.000000        0.000000
     H   19        0.000000        0.000000        0.000000

     C   20       -0.173769       -0.092965       -0.068386
     C   20       -0.092965        0.115795        0.209849
     C   20       -0.068386        0.209849        0.057974

     H   21       -0.000000        0.000000        0.000000
     H   21        0.000000        0.000000        0.000000
     H   21        0.000000        0.000000        0.000000

     C   22       -0.130629       -0.015873       -0.052576
     C   22       -0.015873        0.027059        0.210788
     C   22       -0.052576        0.210788        0.103570

     C   23       -0.104107        0.017794       -0.077978
     C   23        0.017794       -0.026206        0.218887
     C   23       -0.077978        0.218887        0.130312

     Cl  24        0.051823        0.261205       -0.473241
     Cl  24        0.261205        0.315696        0.838708
     Cl  24       -0.473241        0.838708       -0.367519

     ----- total EFG -----
     Cl   1        0.297154       -2.742881       -0.457686
     Cl   1       -2.742881       -0.291835        1.506183
     Cl   1       -0.457686        1.506183       -0.005319

     C    2       -0.478460        0.173740       -0.100615
     C    2        0.173740        0.397496        0.231759
     C    2       -0.100615        0.231759        0.080964

     C    3        0.520639       -0.185258        0.323987
     C    3       -0.185258        0.083958        0.246707
     C    3        0.323987        0.246707       -0.604598

     H    4        0.395553        0.162740        0.714222
     H    4        0.162740       -0.054426        0.230074
     H    4        0.714222        0.230074       -0.341127

     C    5       -0.162559        0.142878       -0.158134
     C    5        0.142878        0.316662        0.344174
     C    5       -0.158134        0.344174       -0.154103

     H    6       -0.156011       -0.140380        0.259425
     H    6       -0.140380        0.209153        0.688761
     H    6        0.259425        0.688761       -0.053142

     H    7       -0.192236       -0.099487        0.056281
     H    7       -0.099487        0.043068       -0.242824
     H    7        0.056281       -0.242824        0.149168

     C    8       -0.150307        0.367822       -0.095785
     C    8        0.367822        0.092003        0.393695
     C    8       -0.095785        0.393695        0.058304

     H    9        0.264264        0.004789        0.189924
     H    9        0.004789       -0.184892        0.039842
     H    9        0.189924        0.039842       -0.079372

     C   10       -0.320220       -0.086903       -0.083033
     C   10       -0.086903        0.108272        0.032784
     C   10       -0.083033        0.032784        0.211949

     C   11        0.070901        0.525414       -0.033997
     C   11        0.525414       -0.042005        0.434698
     C   11       -0.033997        0.434698       -0.028896

     Cl  12        0.930058        2.111954       -0.147572
     Cl  12        2.111954        0.642952        0.110654
     Cl  12       -0.147572        0.110654       -1.573010

     H   13       -0.059792        0.001307        0.046801
     H   13        0.001307        0.085341        0.322641
     H   13        0.046801        0.322641       -0.025549

     C   14        0.142801       -0.153633       -0.177536
     C   14       -0.153633        0.279701       -0.054601
     C   14       -0.177536       -0.054601       -0.422502

     H   15        0.583088       -0.150877        0.324964
     H   15       -0.150877       -0.393961        0.297845
     H   15        0.324964        0.297845       -0.189126

     C   16       -0.698482        0.128493       -0.246343
     C   16        0.128493        0.903916        0.183501
     C   16       -0.246343        0.183501       -0.205433

     C   17        0.218452       -0.182778       -0.225982
     C   17       -0.182778        0.092887        0.115331
     C   17       -0.225982        0.115331       -0.311339

     Cl  18       -1.205920       -0.185347       -0.371547
     Cl  18       -0.185347        2.209540       -1.932784
     Cl  18       -0.371547       -1.932784       -1.003620

     H   19       -0.080241        0.069862        0.202224
     H   19        0.069862        0.476008       -0.407905
     H   19        0.202224       -0.407905       -0.395767

     C   20       -0.469991       -0.218050       -0.001088
     C   20       -0.218050        0.312317        0.332044
     C   20       -0.001088        0.332044        0.157674

     H   21        0.621148       -0.238690        0.215977
     H   21       -0.238690       -0.227662       -0.428849
     H   21        0.215977       -0.428849       -0.393486

     C   22       -0.144566        0.101641       -0.001802
     C   22        0.101641        0.120730        0.345155
     C   22       -0.001802        0.345155        0.023835

     C   23       -0.365714        0.014057       -0.064390
     C   23        0.014057        0.010695        0.285827
     C   23       -0.064390        0.285827        0.355020

     Cl  24        0.250944        0.628778       -0.257571
     Cl  24        0.628778        0.271517        0.496873
     Cl  24       -0.257571        0.496873       -0.522461

     ----- total EFG (symmetrized) -----
     Cl   1        0.297154       -2.742881       -0.457686
     Cl   1       -2.742881       -0.291835        1.506183
     Cl   1       -0.457686        1.506183       -0.005319

     C    2       -0.478460        0.173740       -0.100615
     C    2        0.173740        0.397496        0.231759
     C    2       -0.100615        0.231759        0.080964

     C    3        0.520639       -0.185258        0.323987
     C    3       -0.185258        0.083958        0.246707
     C    3        0.323987        0.246707       -0.604598

     H    4        0.395553        0.162740        0.714222
     H    4        0.162740       -0.054426        0.230074
     H    4        0.714222        0.230074       -0.341127

     C    5       -0.162559        0.142878       -0.158134
     C    5        0.142878        0.316662        0.344174
     C    5       -0.158134        0.344174       -0.154103

     H    6       -0.156011       -0.140380        0.259425
     H    6       -0.140380        0.209153        0.688761
     H    6        0.259425        0.688761       -0.053142

     H    7       -0.192236       -0.099487        0.056281
     H    7       -0.099487        0.043068       -0.242824
     H    7        0.056281       -0.242824        0.149168

     C    8       -0.150307        0.367822       -0.095785
     C    8        0.367822        0.092003        0.393695
     C    8       -0.095785        0.393695        0.058304

     H    9        0.264264        0.004789        0.189924
     H    9        0.004789       -0.184892        0.039842
     H    9        0.189924        0.039842       -0.079372

     C   10       -0.320220       -0.086903       -0.083033
     C   10       -0.086903        0.108272        0.032784
     C   10       -0.083033        0.032784        0.211949

     C   11        0.070901        0.525414       -0.033997
     C   11        0.525414       -0.042005        0.434698
     C   11       -0.033997        0.434698       -0.028896

     Cl  12        0.930058        2.111954       -0.147572
     Cl  12        2.111954        0.642952        0.110654
     Cl  12       -0.147572        0.110654       -1.573010

     H   13       -0.059792        0.001307        0.046801
     H   13        0.001307        0.085341        0.322641
     H   13        0.046801        0.322641       -0.025549

     C   14        0.142801       -0.153633       -0.177536
     C   14       -0.153633        0.279701       -0.054601
     C   14       -0.177536       -0.054601       -0.422502

     H   15        0.583088       -0.150877        0.324964
     H   15       -0.150877       -0.393961        0.297845
     H   15        0.324964        0.297845       -0.189126

     C   16       -0.698482        0.128493       -0.246343
     C   16        0.128493        0.903916        0.183501
     C   16       -0.246343        0.183501       -0.205433

     C   17        0.218452       -0.182778       -0.225982
     C   17       -0.182778        0.092887        0.115331
     C   17       -0.225982        0.115331       -0.311339

     Cl  18       -1.205920       -0.185347       -0.371547
     Cl  18       -0.185347        2.209540       -1.932784
     Cl  18       -0.371547       -1.932784       -1.003620

     H   19       -0.080241        0.069862        0.202224
     H   19        0.069862        0.476008       -0.407905
     H   19        0.202224       -0.407905       -0.395767

     C   20       -0.469991       -0.218050       -0.001088
     C   20       -0.218050        0.312317        0.332044
     C   20       -0.001088        0.332044        0.157674

     H   21        0.621148       -0.238690        0.215977
     H   21       -0.238690       -0.227662       -0.428849
     H   21        0.215977       -0.428849       -0.393486

     C   22       -0.144566        0.101641       -0.001802
     C   22        0.101641        0.120730        0.345155
     C   22       -0.001802        0.345155        0.023835

     C   23       -0.365714        0.014057       -0.064390
     C   23        0.014057        0.010695        0.285827
     C   23       -0.064390        0.285827        0.355020

     Cl  24        0.250944        0.628778       -0.257571
     Cl  24        0.628778        0.271517        0.496873
     Cl  24       -0.257571        0.496873       -0.522461


     NQR/NMR SPECTROSCOPIC PARAMETERS:
     Cl   1    Vxx=   -0.3214    axis=(  0.480673 -0.037789  0.876085)
     Cl   1    Vyy=   -3.0033    axis=(  0.587632  0.755441 -0.289825)
     Cl   1    Vzz=    3.3247    axis=( -0.650879  0.654126  0.385326)
     Cl   1  Q=        -8.1650 1e-30 m^2  Cq=       -63.7822 MHz  eta= 0.80666

     C    2    Vxx=    0.0147    axis=( -0.312572 -0.384112  0.868767)
     C    2    Vyy=    0.5317    axis=( -0.110395 -0.893707 -0.434858)
     C    2    Vzz=   -0.5464    axis=(  0.943457 -0.231832  0.236944)
     C    2  Q=         1.0000 1e-30 m^2  Cq=        -1.2839 MHz  eta= 0.94621

     C    3    Vxx=    0.1519    axis=( -0.144450 -0.920856 -0.362159)
     C    3    Vyy=    0.6344    axis=( -0.951906  0.229260 -0.203259)
     C    3    Vzz=   -0.7864    axis=( -0.270201 -0.315380  0.909685)
     C    3  Q=         1.0000 1e-30 m^2  Cq=        -1.8476 MHz  eta= 0.61360

     H    4    Vxx=   -0.1071    axis=(  0.306879 -0.951748  0.000883)
     H    4    Vyy=   -0.7943    axis=(  0.492241  0.157923 -0.856014)
     H    4    Vzz=    0.9014    axis=(  0.814570  0.263127  0.516952)
     H    4  Q=         1.0000 1e-30 m^2  Cq=         2.1179 MHz  eta= 0.76234

     C    5    Vxx=   -0.0288    axis=(  0.826787  0.186700 -0.530629)
     C    5    Vyy=   -0.4739    axis=( -0.556019  0.414192 -0.720617)
     C    5    Vzz=    0.5027    axis=(  0.085243  0.890836  0.446257)
     C    5  Q=         1.0000 1e-30 m^2  Cq=         1.1813 MHz  eta= 0.88541

     H    6    Vxx=   -0.0210    axis=(  0.899445 -0.325171  0.291997)
     H    6    Vyy=   -0.7618    axis=(  0.432179  0.562478 -0.704869)
     H    6    Vzz=    0.7829    axis=(  0.064961  0.760186  0.646450)
     H    6  Q=         1.0000 1e-30 m^2  Cq=         1.8394 MHz  eta= 0.94625

     H    7    Vxx=   -0.1314    axis=( -0.444301  0.631357  0.635599)
     H    7    Vyy=   -0.2337    axis=( -0.875855 -0.455274 -0.160011)
     H    7    Vzz=    0.3650    axis=(  0.188348 -0.627785  0.755256)
     H    7  Q=         1.0000 1e-30 m^2  Cq=         0.8577 MHz  eta= 0.28021

     C    8    Vxx=    0.0444    axis=( -0.704716 -0.195491  0.682025)
     C    8    Vyy=    0.5392    axis=( -0.328842 -0.761802 -0.558140)
     C    8    Vzz=   -0.5837    axis=( -0.628680  0.617609 -0.472568)
     C    8  Q=         1.0000 1e-30 m^2  Cq=        -1.3713 MHz  eta= 0.84775

     H    9    Vxx=   -0.1385    axis=(  0.350315 -0.589243 -0.728061)
     H    9    Vyy=   -0.2108    axis=( -0.212159 -0.807034  0.551076)
     H    9    Vzz=    0.3493    axis=( -0.912287 -0.038585 -0.407729)
     H    9  Q=         1.0000 1e-30 m^2  Cq=         0.8208 MHz  eta= 0.20703

     C   10    Vxx=    0.1058    axis=( -0.114831  0.920282 -0.374024)
     C   10    Vyy=    0.2416    axis=( -0.189649  0.349280  0.917625)
     C   10    Vzz=   -0.3474    axis=(  0.975114  0.176305  0.134423)
     C   10  Q=         1.0000 1e-30 m^2  Cq=        -0.8162 MHz  eta= 0.39092

     C   11    Vxx=    0.0445    axis=( -0.627314  0.081662  0.774473)
     C   11    Vyy=    0.6622    axis=( -0.593378 -0.694191 -0.407433)
     C   11    Vzz=   -0.7067    axis=(  0.504360 -0.715143  0.483932)
     C   11  Q=         1.0000 1e-30 m^2  Cq=        -1.6605 MHz  eta= 0.87413

     Cl  12    Vxx=   -1.2333    axis=( -0.599483  0.647000  0.471181)
     Cl  12    Vyy=   -1.6703    axis=(  0.326239 -0.340047  0.882007)
     Cl  12    Vzz=    2.9036    axis=( -0.730882 -0.682465  0.007224)
     Cl  12  Q=        -8.1650 1e-30 m^2  Cq=       -55.7034 MHz  eta= 0.15049

     H   13    Vxx=   -0.0571    axis=( -0.986872  0.149191 -0.061848)
     H   13    Vyy=   -0.3025    axis=( -0.143332 -0.632606  0.761095)
     H   13    Vzz=    0.3596    axis=( -0.074423 -0.759968 -0.645685)
     H   13  Q=         1.0000 1e-30 m^2  Cq=         0.8449 MHz  eta= 0.68266

     C   14    Vxx=    0.1028    axis=(  0.762479  0.564381 -0.316387)
     C   14    Vyy=    0.3831    axis=(  0.574161 -0.815636 -0.071253)
     C   14    Vzz=   -0.4858    axis=(  0.298270  0.127328  0.945950)
     C   14  Q=         1.0000 1e-30 m^2  Cq=        -1.1415 MHz  eta= 0.57701

     H   15    Vxx=   -0.0175    axis=(  0.223591 -0.658253 -0.718825)
     H   15    Vyy=   -0.6858    axis=(  0.246083  0.751728 -0.611839)
     H   15    Vzz=    0.7032    axis=( -0.943107  0.040089 -0.330065)
     H   15  Q=         1.0000 1e-30 m^2  Cq=         1.6523 MHz  eta= 0.95034

     C   16    Vxx=   -0.1170    axis=( -0.408406 -0.111444  0.905972)
     C   16    Vyy=   -0.8214    axis=( -0.911112  0.110099 -0.397181)
     C   16    Vzz=    0.9384    axis=( -0.055483 -0.987653 -0.146503)
     C   16  Q=         1.0000 1e-30 m^2  Cq=         2.2048 MHz  eta= 0.75072

     C   17    Vxx=   -0.0344    axis=(  0.533074  0.841847 -0.084408)
     C   17    Vyy=   -0.3994    axis=( -0.314259  0.104387 -0.943581)
     C   17    Vzz=    0.4338    axis=( -0.785540  0.529525  0.320204)
     C   17  Q=         1.0000 1e-30 m^2  Cq=         1.0192 MHz  eta= 0.84132

     Cl  18    Vxx=   -1.0138    axis=(  0.907463 -0.176448 -0.381284)
     Cl  18    Vyy=   -2.1025    axis=(  0.420126  0.386146  0.821209)
     Cl  18    Vzz=    3.1163    axis=( -0.002331  0.905404 -0.424544)
     Cl  18  Q=        -8.1650 1e-30 m^2  Cq=       -59.7846 MHz  eta= 0.34938

     H   19    Vxx=    0.0015    axis=(  0.933811  0.144029  0.327496)
     H   19    Vyy=    0.6372    axis=( -0.013694  0.929105 -0.369562)
     H   19    Vzz=   -0.6387    axis=( -0.357506  0.340616  0.869581)
     H   19  Q=         1.0000 1e-30 m^2  Cq=        -1.5007 MHz  eta= 0.99544

     C   20    Vxx=   -0.0656    axis=(  0.285858 -0.534097  0.795629)
     C   20    Vyy=   -0.5383    axis=( -0.944596 -0.296823  0.140125)
     C   20    Vzz=    0.6040    axis=(  0.161321 -0.791603 -0.589355)
     C   20  Q=         1.0000 1e-30 m^2  Cq=         1.4191 MHz  eta= 0.78272

     H   21    Vxx=   -0.0320    axis=(  0.441507  0.697785 -0.564064)
     H   21    Vyy=   -0.7475    axis=( -0.011729  0.633087  0.773992)
     H   21    Vzz=    0.7796    axis=(  0.897181 -0.335107  0.287697)
     H   21  Q=         1.0000 1e-30 m^2  Cq=         1.8316 MHz  eta= 0.91785

     C   22    Vxx=   -0.1245    axis=(  0.905256  0.171745 -0.388607)
     C   22    Vyy=   -0.3063    axis=( -0.403974  0.631234 -0.662079)
     C   22    Vzz=    0.4308    axis=( -0.131593 -0.756338 -0.640808)
     C   22  Q=         1.0000 1e-30 m^2  Cq=         1.0123 MHz  eta= 0.42203

     C   23    Vxx=   -0.1423    axis=(  0.189870  0.861662 -0.470624)
     C   23    Vyy=   -0.3769    axis=(  0.980232 -0.139209  0.140590)
     C   23    Vzz=    0.5193    axis=( -0.055625  0.488015  0.871061)
     C   23  Q=         1.0000 1e-30 m^2  Cq=         1.2201 MHz  eta= 0.45184

     Cl  24    Vxx=    0.0771    axis=( -0.637046  0.436427  0.635377)
     Cl  24    Vyy=    0.9149    axis=( -0.651380 -0.745536 -0.140998)
     Cl  24    Vzz=   -0.9919    axis=(  0.412161 -0.503695  0.759220)
     Cl  24  Q=        -8.1650 1e-30 m^2  Cq=        19.0298 MHz  eta= 0.84459

     Initialization:
     gipaw_setup  :      9.14s CPU     10.83s WALL (       1 calls)

     Linear response

     Apply operators

     Induced current

     Other routines
     efg          :      9.20s CPU     12.26s WALL (       1 calls)

     General routines
     calbec       :      3.24s CPU      4.50s WALL (      16 calls)
     fft          :      1.90s CPU      3.35s WALL (      15 calls)
     ffts         :      0.03s CPU      0.04s WALL (       2 calls)
     fftw         :      3.26s CPU      4.10s WALL (     672 calls)
     davcio       :      0.03s CPU      0.31s WALL (      32 calls)

     Parallel routines
     fft_scatter  :      2.48s CPU      4.51s WALL (     689 calls)

     Plugins

     GIPAW        :     60.28s CPU     73.71s WALL (       1 calls)
