
     Program QE v.6.0 (svn rev. 13079) starts on 22Jan2017 at  9:46: 3 

     This program is part of the open-source Quantum ESPRESSO suite
     for quantum simulation of materials; please cite
         "P. Giannozzi et al., J. Phys.:Condens. Matter 21 395502 (2009);
          URL http://www.quantum-espresso.org", 
     in publications or presentations arising from this work. More details at
     http://www.quantum-espresso.org/quote

     Parallel version (MPI), running on     8 processors
     R & G space division:  proc/nbgrp/npool/nimage =       8

     ***** This is GIPAW svn revision unknown      *****

     Parallelizing q-star over 1 images

     Reading data from directory:
     /users/majewski/paradichlorobenzene/pbe/9_constraint/scratch/pbe.ecut100.np8.dt60.pcl2phi-129368.save
     Message from routine read_xml_file:
     file /users/majewski/paradichlorobenzene/pbe/9_constraint/scratch/pbe.ecut100.np8.dt60.pcl2phi-129368.save not guaranteed to be safe for post-processing

   Info: using nr1, nr2, nr3 values from input

   Info: using nr1, nr2, nr3 values from input

     IMPORTANT: XC functional enforced from input :
     Exchange-correlation      =  SLA  PW   PBX  PBC ( 1  4  3  4 0 0)
     Any further DFT definition will be discarded
     Please, verify this is what you really want

               file C.pbe-n-kjpaw_psl.1.0.0.UPF: wavefunction(s)  2S 2P renormalized
               file Cl.pbe-n-kjpaw_psl.1.0.0.UPF: wavefunction(s)  3S 3P renormalized
               file H.pbe-kjpaw_psl.1.0.0.UPF: wavefunction(s)  1S renormalized

     Parallelization info
     --------------------
     sticks:   dense  smooth     PW     G-vecs:    dense   smooth      PW
     Min        3057    1223    332               144436    36536    5170
     Max        3059    1225    333               144437    36537    5171
     Sum       24467    9791   2657              1155489   292295   41363


     Subspace diagonalization in iterative solution of the eigenvalue problem:
     a serial algorithm will be used

     GIPAW projectors -----------------------------------------------
     atom=  C    l=0  rc=    1.2000  rs=    0.8000
     atom=  C    l=0  rc=    1.2000  rs=    0.8000
     atom=  C    l=1  rc=    1.4000  rs=    0.9333
     atom=  C    l=1  rc=    1.4000  rs=    0.9333
     projs nearly linearly dependent: l=1  n1,n2= 1, 2  s=  0.99951561

     atom=  Cl   l=0  rc=    1.6000  rs=    1.0667
     atom=  Cl   l=0  rc=    1.6000  rs=    1.0667
     atom=  Cl   l=1  rc=    1.6000  rs=    1.0667
     atom=  Cl   l=1  rc=    1.6000  rs=    1.0667
     atom=  Cl   l=2  rc=    1.6000  rs=    1.0667
     atom=  Cl   l=2  rc=    1.6000  rs=    1.0667
     projs nearly linearly dependent: l=2  n1,n2= 1, 2  s=  0.99993509

     atom=  H    l=0  rc=    1.0000  rs=    0.6667
     atom=  H    l=0  rc=    1.0000  rs=    0.6667
     projs nearly linearly dependent: l=0  n1,n2= 1, 2  s=  0.99968852
     -----------------------------------------------------------------

     GIPAW integrals: -------------------------------------------
     Atom  i/j   nmr_para   nmr_dia   epr_rmc  epr_para   epr_dia
       C   1 1   0.83E+03  0.17E-01  0.93E+01  0.24E+08  0.24E+03
       C   2 1   0.86E+03 -0.61E-01  0.94E+01  0.25E+08  0.25E+03
       C   2 2   0.90E+03 -0.15E+00  0.97E+01  0.26E+08  0.26E+03
       C   3 3   0.33E+01  0.34E+00  0.18E+01  0.55E+03  0.21E+02
       C   4 3   0.35E+01  0.37E+00  0.20E+01  0.59E+03  0.22E+02
       C   4 4   0.38E+01  0.39E+00  0.22E+01  0.63E+03  0.24E+02
       Cl  1 1   0.14E+04 -0.47E+00  0.84E+01  0.32E+09  0.42E+03
       Cl  2 1   0.21E+04 -0.37E+00  0.12E+02  0.49E+09  0.65E+03
       Cl  2 2   0.33E+04 -0.16E+00  0.21E+02  0.76E+09  0.10E+04
       Cl  3 3   0.21E+02  0.79E-01  0.89E+01  0.23E+05  0.13E+03
       Cl  4 3   0.24E+02  0.67E-01  0.99E+01  0.27E+05  0.15E+03
       Cl  4 4   0.28E+02  0.44E-01  0.11E+02  0.32E+05  0.18E+03
       Cl  5 5   0.77E+00  0.19E+00  0.18E+01  0.12E+03  0.22E+02
       Cl  6 5   0.80E+00  0.19E+00  0.19E+01  0.12E+03  0.23E+02
       Cl  6 6   0.83E+00  0.20E+00  0.19E+01  0.12E+03  0.23E+02
       H   1 1   0.39E+02  0.19E+00  0.29E+00  0.78E+05  0.13E+02
       H   2 1   0.41E+02  0.21E+00  0.32E+00  0.82E+05  0.14E+02
       H   2 2   0.43E+02  0.22E+00  0.36E+00  0.86E+05  0.15E+02
     ------------------------------------------------------------

     alpha_pv=     34.4412 eV

     Number of occupied bands for each k-point:
     k-point:     1    nbnd_occ=  42
     k-point:     2    nbnd_occ=  42
     k-point:     3    nbnd_occ=  42
     k-point:     4    nbnd_occ=  42
     k-point:     5    nbnd_occ=  42
     k-point:     6    nbnd_occ=  42
     k-point:     7    nbnd_occ=  42
     k-point:     8    nbnd_occ=  42
     k-point:     9    nbnd_occ=  42
     k-point:    10    nbnd_occ=  42
     k-point:    11    nbnd_occ=  42
     k-point:    12    nbnd_occ=  42
     k-point:    13    nbnd_occ=  42
     k-point:    14    nbnd_occ=  42
     k-point:    15    nbnd_occ=  42
     k-point:    16    nbnd_occ=  42


     q-space interpolation up to   110.00 Rydberg

     GIPAW job: efg                                                                             


     ELECTRIC FIELD GRADIENTS TENSORS IN Hartree/bohrradius^2:

     ----- bare term -----
     Cl   1       -0.071306       -0.067296       -0.002990
     Cl   1       -0.067296       -0.000011        0.145867
     Cl   1       -0.002990        0.145867        0.071317

     C    2       -0.488783        0.206987       -0.392720
     C    2        0.206987       -0.054490       -0.260597
     C    2       -0.392720       -0.260597        0.543273

     C    3       -0.037952        0.173962       -0.204925
     C    3        0.173962       -0.268661       -0.519374
     C    3       -0.204925       -0.519374        0.306613

     H    4       -0.259791       -0.072075       -0.550837
     H    4       -0.072075        0.210086       -0.013993
     H    4       -0.550837       -0.013993        0.049706

     C    5       -0.829434        0.363587       -0.423291
     C    5        0.363587        0.384986       -0.071497
     C    5       -0.423291       -0.071497        0.444448

     H    6        0.494442       -0.061560        0.068129
     H    6       -0.061560       -0.286210       -0.386014
     H    6        0.068129       -0.386014       -0.208232

     H    7        0.409558        0.075366       -0.098369
     H    7        0.075366       -0.270693        0.551808
     H    7       -0.098369        0.551808       -0.138864

     C    8       -0.259461       -0.274422       -0.299556
     C    8       -0.274422       -0.117922        0.467857
     C    8       -0.299556        0.467857        0.377384

     H    9       -0.029816        0.127290       -0.442819
     H    9        0.127290        0.354096       -0.123671
     H    9       -0.442819       -0.123671       -0.324280

     C   10       -0.101245       -0.465284       -0.293884
     C   10       -0.465284       -0.308986        0.439436
     C   10       -0.293884        0.439436        0.410232

     C   11       -0.130056        0.248881       -0.359101
     C   11        0.248881       -0.092474        0.610856
     C   11       -0.359101        0.610856        0.222531

     Cl  12        0.028188       -0.306618       -0.055836
     Cl  12       -0.306618       -0.026190        0.035035
     Cl  12       -0.055836        0.035035       -0.001998

     H   13        0.338201        0.051134        0.301459
     H   13        0.051134        0.075302       -0.432286
     H   13        0.301459       -0.432286       -0.413503

     C   14       -0.097788       -0.041628       -0.370512
     C   14       -0.041628       -0.221620       -0.304294
     C   14       -0.370512       -0.304294        0.319408

     H   15        0.104403       -0.074473       -0.249670
     H   15       -0.074473        0.423782       -0.339771
     H   15       -0.249670       -0.339771       -0.528185

     C   16       -0.326748        0.342538       -0.317778
     C   16        0.342538       -0.018374       -0.061307
     C   16       -0.317778       -0.061307        0.345122

     C   17       -0.012511       -0.099692       -0.358254
     C   17       -0.099692       -0.414619       -0.398998
     C   17       -0.358254       -0.398998        0.427130

     Cl  18       -0.203383        0.281848        0.010602
     Cl  18        0.281848        0.175492        0.053206
     Cl  18        0.010602        0.053206        0.027890

     H   19        0.478113        0.019178        0.128891
     H   19        0.019178        0.122014        0.156826
     H   19        0.128891        0.156826       -0.600127

     C   20       -0.360875       -0.303611       -0.002184
     C   20       -0.303611        0.135016        0.235342
     C   20       -0.002184        0.235342        0.225859

     H   21        0.066067       -0.069700       -0.481364
     H   21       -0.069700        0.140193       -0.255412
     H   21       -0.481364       -0.255412       -0.206260

     C   22        0.138952       -0.093091       -0.077564
     C   22       -0.093091       -0.077980        0.228489
     C   22       -0.077564        0.228489       -0.060972

     C   23       -0.299134       -0.291839       -0.387251
     C   23       -0.291839        0.089665        0.224010
     C   23       -0.387251        0.224010        0.209469

     Cl  24        0.055056        0.270672        0.308147
     Cl  24        0.270672       -0.124455       -0.447813
     Cl  24        0.308147       -0.447813        0.069399

     ----- ionic term -----
     Cl   1        0.119790       -0.217339        0.016315
     Cl   1       -0.217339        0.021771        0.001516
     Cl   1        0.016315        0.001516       -0.141562

     C    2        0.105487       -0.231495        0.278827
     C    2       -0.231495        0.065072        0.455405
     C    2        0.278827        0.455405       -0.170559

     C    3        0.112764       -0.283116        0.192246
     C    3       -0.283116        0.074734        0.431049
     C    3        0.192246        0.431049       -0.187497

     H    4        0.433229        0.234245        0.764249
     H    4        0.234245       -0.474705        0.255706
     H    4        0.764249        0.255706        0.041476

     C    5        0.273150       -0.225025        0.303117
     C    5       -0.225025       -0.110256        0.329604
     C    5        0.303117        0.329604       -0.162894

     H    6       -0.527902       -0.003678        0.003121
     H    6       -0.003678        0.331146        0.813419
     H    6        0.003121        0.813419        0.196756

     H    7       -0.552813       -0.029545        0.045573
     H    7       -0.029545        0.390221       -0.791161
     H    7        0.045573       -0.791161        0.162591

     C    8        0.116075        0.317001        0.383955
     C    8        0.317001        0.062671       -0.221486
     C    8        0.383955       -0.221486       -0.178746

     H    9        0.491828       -0.105439        0.777976
     H    9       -0.105439       -0.513349       -0.149962
     H    9        0.777976       -0.149962        0.021521

     C   10        0.001508        0.349779        0.266446
     C   10        0.349779        0.165408       -0.322019
     C   10        0.266446       -0.322019       -0.166916

     C   11        0.016303        0.265571        0.343259
     C   11        0.265571        0.063696       -0.359840
     C   11        0.343259       -0.359840       -0.079999

     Cl  12        0.070774        0.194825        0.028936
     Cl  12        0.194825        0.069254        0.015535
     Cl  12        0.028936        0.015535       -0.140029

     H   13       -0.519667       -0.031761        0.015126
     H   13       -0.031761        0.502046        0.777933
     H   13        0.015126        0.777933        0.017620

     C   14        0.253779       -0.248432        0.311986
     C   14       -0.248432       -0.029673        0.309317
     C   14        0.311986        0.309317       -0.224106

     H   15        0.432960        0.319908        0.770319
     H   15        0.319908       -0.428669        0.309494
     H   15        0.770319        0.309494       -0.004291

     C   16        0.119833       -0.288854        0.200922
     C   16       -0.288854        0.062400        0.404907
     C   16        0.200922        0.404907       -0.182233

     C   17        0.238960       -0.212194        0.259005
     C   17       -0.212194       -0.095196        0.432323
     C   17        0.259005        0.432323       -0.143764

     Cl  18        0.184036       -0.186109       -0.013741
     Cl  18       -0.186109       -0.066868        0.006006
     Cl  18       -0.013741        0.006006       -0.117169

     H   19       -0.534807        0.072730       -0.057029
     H   19        0.072730        0.373673       -0.783960
     H   19       -0.057029       -0.783960        0.161133

     C   20        0.146167        0.346613        0.294908
     C   20        0.346613        0.015152       -0.268652
     C   20        0.294908       -0.268652       -0.161319

     H   21        0.659252       -0.227985        0.674615
     H   21       -0.227985       -0.435755       -0.205600
     H   21        0.674615       -0.205600       -0.223497

     C   22        0.125143        0.309269        0.217489
     C   22        0.309269        0.161677       -0.343039
     C   22        0.217489       -0.343039       -0.286819

     C   23        0.077876        0.309395        0.400688
     C   23        0.309395        0.110033       -0.284518
     C   23        0.400688       -0.284518       -0.187909

     Cl  24        0.077328        0.251724        0.057570
     Cl  24        0.251724        0.086817        0.034474
     Cl  24        0.057570        0.034474       -0.164145

     ----- GIPAW term -----
     Cl   1        0.254512       -2.377439       -0.251836
     Cl   1       -2.377439        0.176795        1.567766
     Cl   1       -0.251836        1.567766       -0.431307

     C    2       -0.067288       -0.099392       -0.171415
     C    2       -0.099392       -0.077896        0.045961
     C    2       -0.171415        0.045961        0.145184

     C    3       -0.079094       -0.006354       -0.041624
     C    3       -0.006354        0.073983        0.022282
     C    3       -0.041624        0.022282        0.005112

     H    4       -0.000000        0.000000        0.000000
     H    4        0.000000        0.000000        0.000000
     H    4        0.000000        0.000000        0.000000

     C    5       -0.226392        0.084124       -0.040548
     C    5        0.084124        0.216634        0.127043
     C    5       -0.040548        0.127043        0.009758

     H    6       -0.000000        0.000000        0.000000
     H    6        0.000000        0.000000        0.000000
     H    6        0.000000        0.000000        0.000000

     H    7       -0.000000        0.000000        0.000000
     H    7        0.000000        0.000000        0.000000
     H    7        0.000000        0.000000        0.000000

     C    8       -0.033094       -0.093350       -0.056960
     C    8       -0.093350        0.010225        0.136201
     C    8       -0.056960        0.136201        0.022869

     H    9       -0.000000        0.000000        0.000000
     H    9        0.000000        0.000000        0.000000
     H    9        0.000000        0.000000        0.000000

     C   10        0.028284       -0.112683       -0.158808
     C   10       -0.112683       -0.103110        0.092711
     C   10       -0.158808        0.092711        0.074826

     C   11        0.079422        0.225510        0.015500
     C   11        0.225510       -0.036335        0.136268
     C   11        0.015500        0.136268       -0.043087

     Cl  12        2.131740       -0.325866       -0.543154
     Cl  12       -0.325866       -0.022441        0.367515
     Cl  12       -0.543154        0.367515       -2.109299

     H   13       -0.000000        0.000000        0.000000
     H   13        0.000000        0.000000        0.000000
     H   13        0.000000        0.000000        0.000000

     C   14       -0.017007       -0.051521       -0.185315
     C   14       -0.051521       -0.165245        0.003883
     C   14       -0.185315        0.003883        0.182252

     H   15       -0.000000        0.000000        0.000000
     H   15        0.000000        0.000000        0.000000
     H   15        0.000000        0.000000        0.000000

     C   16       -0.085344        0.004889       -0.156916
     C   16        0.004889       -0.078308        0.050482
     C   16       -0.156916        0.050482        0.163652

     C   17       -0.040558       -0.151207       -0.101853
     C   17       -0.151207       -0.110367        0.092414
     C   17       -0.101853        0.092414        0.150924

     Cl  18       -0.358514        0.104775        0.148691
     Cl  18        0.104775        2.411816        0.791299
     Cl  18        0.148691        0.791299       -2.053301

     H   19       -0.000000        0.000000        0.000000
     H   19        0.000000        0.000000        0.000000
     H   19        0.000000        0.000000        0.000000

     C   20       -0.106638       -0.002613        0.035703
     C   20       -0.002613        0.049097        0.139700
     C   20        0.035703        0.139700        0.057541

     H   21       -0.000000        0.000000        0.000000
     H   21        0.000000        0.000000        0.000000
     H   21        0.000000        0.000000        0.000000

     C   22       -0.028269       -0.008197       -0.016791
     C   22       -0.008197        0.030765        0.065927
     C   22       -0.016791        0.065927       -0.002496

     C   23       -0.057653       -0.067894       -0.089513
     C   23       -0.067894        0.105396        0.122344
     C   23       -0.089513        0.122344       -0.047743

     Cl  24        0.083088        0.380177       -0.019902
     Cl  24        0.380177        0.239365        0.215775
     Cl  24       -0.019902        0.215775       -0.322453

     ----- total EFG -----
     Cl   1        0.302997       -2.662074       -0.238511
     Cl   1       -2.662074        0.198555        1.715149
     Cl   1       -0.238511        1.715149       -0.501552

     C    2       -0.450583       -0.123900       -0.285307
     C    2       -0.123900       -0.067315        0.240769
     C    2       -0.285307        0.240769        0.517898

     C    3       -0.004283       -0.115508       -0.054303
     C    3       -0.115508       -0.119945       -0.066043
     C    3       -0.054303       -0.066043        0.124228

     H    4        0.173438        0.162170        0.213412
     H    4        0.162170       -0.264619        0.241713
     H    4        0.213412        0.241713        0.091181

     C    5       -0.782675        0.222686       -0.160722
     C    5        0.222686        0.491364        0.385149
     C    5       -0.160722        0.385149        0.291312

     H    6       -0.033460       -0.065238        0.071250
     H    6       -0.065238        0.044937        0.427406
     H    6        0.071250        0.427406       -0.011477

     H    7       -0.143255        0.045821       -0.052796
     H    7        0.045821        0.119528       -0.239353
     H    7       -0.052796       -0.239353        0.023727

     C    8       -0.176480       -0.050771        0.027439
     C    8       -0.050771       -0.045027        0.382571
     C    8        0.027439        0.382571        0.221507

     H    9        0.462012        0.021851        0.335157
     H    9        0.021851       -0.159253       -0.273634
     H    9        0.335157       -0.273634       -0.302759

     C   10       -0.071454       -0.228188       -0.186246
     C   10       -0.228188       -0.246688        0.210128
     C   10       -0.186246        0.210128        0.318142

     C   11       -0.034332        0.739961       -0.000342
     C   11        0.739961       -0.065113        0.387284
     C   11       -0.000342        0.387284        0.099445

     Cl  12        2.230702       -0.437659       -0.570054
     Cl  12       -0.437659        0.020624        0.418084
     Cl  12       -0.570054        0.418084       -2.251325

     H   13       -0.181466        0.019373        0.316584
     H   13        0.019373        0.577349        0.345648
     H   13        0.316584        0.345648       -0.395883

     C   14        0.138985       -0.341580       -0.243841
     C   14       -0.341580       -0.416538        0.008907
     C   14       -0.243841        0.008907        0.277554

     H   15        0.537362        0.245434        0.520648
     H   15        0.245434       -0.004887       -0.030277
     H   15        0.520648       -0.030277       -0.532476

     C   16       -0.292259        0.058573       -0.273772
     C   16        0.058573       -0.034282        0.394083
     C   16       -0.273772        0.394083        0.326541

     C   17        0.185891       -0.463093       -0.201102
     C   17       -0.463093       -0.620182        0.125739
     C   17       -0.201102        0.125739        0.434290

     Cl  18       -0.377861        0.200513        0.145552
     Cl  18        0.200513        2.520440        0.850511
     Cl  18        0.145552        0.850511       -2.142579

     H   19       -0.056694        0.091908        0.071862
     H   19        0.091908        0.495687       -0.627134
     H   19        0.071862       -0.627134       -0.438993

     C   20       -0.321345        0.040390        0.328426
     C   20        0.040390        0.199265        0.106391
     C   20        0.328426        0.106391        0.122080

     H   21        0.725319       -0.297685        0.193251
     H   21       -0.297685       -0.295562       -0.461012
     H   21        0.193251       -0.461012       -0.429758

     C   22        0.235826        0.207980        0.123134
     C   22        0.207980        0.114462       -0.048622
     C   22        0.123134       -0.048622       -0.350288

     C   23       -0.278911       -0.050338       -0.076076
     C   23       -0.050338        0.305094        0.061836
     C   23       -0.076076        0.061836       -0.026183

     Cl  24        0.215472        0.902573        0.345814
     Cl  24        0.902573        0.201727       -0.197564
     Cl  24        0.345814       -0.197564       -0.417199

     ----- total EFG (symmetrized) -----
     Cl   1        0.302997       -2.662074       -0.238511
     Cl   1       -2.662074        0.198555        1.715149
     Cl   1       -0.238511        1.715149       -0.501552

     C    2       -0.450583       -0.123900       -0.285307
     C    2       -0.123900       -0.067315        0.240769
     C    2       -0.285307        0.240769        0.517898

     C    3       -0.004283       -0.115508       -0.054303
     C    3       -0.115508       -0.119945       -0.066043
     C    3       -0.054303       -0.066043        0.124228

     H    4        0.173438        0.162170        0.213412
     H    4        0.162170       -0.264619        0.241713
     H    4        0.213412        0.241713        0.091181

     C    5       -0.782675        0.222686       -0.160722
     C    5        0.222686        0.491364        0.385149
     C    5       -0.160722        0.385149        0.291312

     H    6       -0.033460       -0.065238        0.071250
     H    6       -0.065238        0.044937        0.427406
     H    6        0.071250        0.427406       -0.011477

     H    7       -0.143255        0.045821       -0.052796
     H    7        0.045821        0.119528       -0.239353
     H    7       -0.052796       -0.239353        0.023727

     C    8       -0.176480       -0.050771        0.027439
     C    8       -0.050771       -0.045027        0.382571
     C    8        0.027439        0.382571        0.221507

     H    9        0.462012        0.021851        0.335157
     H    9        0.021851       -0.159253       -0.273634
     H    9        0.335157       -0.273634       -0.302759

     C   10       -0.071454       -0.228188       -0.186246
     C   10       -0.228188       -0.246688        0.210128
     C   10       -0.186246        0.210128        0.318142

     C   11       -0.034332        0.739961       -0.000342
     C   11        0.739961       -0.065113        0.387284
     C   11       -0.000342        0.387284        0.099445

     Cl  12        2.230702       -0.437659       -0.570054
     Cl  12       -0.437659        0.020624        0.418084
     Cl  12       -0.570054        0.418084       -2.251325

     H   13       -0.181466        0.019373        0.316584
     H   13        0.019373        0.577349        0.345648
     H   13        0.316584        0.345648       -0.395883

     C   14        0.138985       -0.341580       -0.243841
     C   14       -0.341580       -0.416538        0.008907
     C   14       -0.243841        0.008907        0.277554

     H   15        0.537362        0.245434        0.520648
     H   15        0.245434       -0.004887       -0.030277
     H   15        0.520648       -0.030277       -0.532476

     C   16       -0.292259        0.058573       -0.273772
     C   16        0.058573       -0.034282        0.394083
     C   16       -0.273772        0.394083        0.326541

     C   17        0.185891       -0.463093       -0.201102
     C   17       -0.463093       -0.620182        0.125739
     C   17       -0.201102        0.125739        0.434290

     Cl  18       -0.377861        0.200513        0.145552
     Cl  18        0.200513        2.520440        0.850511
     Cl  18        0.145552        0.850511       -2.142579

     H   19       -0.056694        0.091908        0.071862
     H   19        0.091908        0.495687       -0.627134
     H   19        0.071862       -0.627134       -0.438993

     C   20       -0.321345        0.040390        0.328426
     C   20        0.040390        0.199265        0.106391
     C   20        0.328426        0.106391        0.122080

     H   21        0.725319       -0.297685        0.193251
     H   21       -0.297685       -0.295562       -0.461012
     H   21        0.193251       -0.461012       -0.429758

     C   22        0.235826        0.207980        0.123134
     C   22        0.207980        0.114462       -0.048622
     C   22        0.123134       -0.048622       -0.350288

     C   23       -0.278911       -0.050338       -0.076076
     C   23       -0.050338        0.305094        0.061836
     C   23       -0.076076        0.061836       -0.026183

     Cl  24        0.215472        0.902573        0.345814
     Cl  24        0.902573        0.201727       -0.197564
     Cl  24        0.345814       -0.197564       -0.417199


     NQR/NMR SPECTROSCOPIC PARAMETERS:
     Cl   1    Vxx=   -0.4776    axis=(  0.555306  0.088752  0.826897)
     Cl   1    Vyy=   -2.9401    axis=( -0.548611 -0.708171  0.444431)
     Cl   1    Vzz=    3.4177    axis=( -0.625029  0.700440  0.344561)
     Cl   1  Q=        -8.1650 1e-30 m^2  Cq=       -65.5676 MHz  eta= 0.72050

     C    2    Vxx=   -0.1527    axis=(  0.047773 -0.933459  0.355489)
     C    2    Vyy=   -0.5361    axis=( -0.963631 -0.136754 -0.229597)
     C    2    Vzz=    0.6888    axis=( -0.262933  0.331591  0.906043)
     C    2  Q=         1.0000 1e-30 m^2  Cq=         1.6184 MHz  eta= 0.55673

     C    3    Vxx=    0.0655    axis=(  0.819829 -0.557328  0.131398)
     C    3    Vyy=    0.1471    axis=(  0.243824  0.132148 -0.960774)
     C    3    Vzz=   -0.2126    axis=(  0.518103  0.819709  0.244229)
     C    3  Q=         1.0000 1e-30 m^2  Cq=        -0.4996 MHz  eta= 0.38356

     H    4    Vxx=   -0.0670    axis=( -0.724227  0.209345  0.657015)
     H    4    Vyy=   -0.3920    axis=( -0.106705  0.907302 -0.406715)
     H    4    Vzz=    0.4591    axis=( -0.681255 -0.364660 -0.634755)
     H    4  Q=         1.0000 1e-30 m^2  Cq=         1.0787 MHz  eta= 0.70792

     C    5    Vxx=    0.0736    axis=( -0.291204 -0.559932  0.775678)
     C    5    Vyy=    0.7933    axis=( -0.052170 -0.800317 -0.597303)
     C    5    Vzz=   -0.8670    axis=( -0.955238  0.214404 -0.203844)
     C    5  Q=         1.0000 1e-30 m^2  Cq=        -2.0370 MHz  eta= 0.83015

     H    6    Vxx=   -0.0102    axis=(  0.972239 -0.161576  0.169248)
     H    6    Vyy=   -0.4349    axis=(  0.233980  0.664250 -0.709948)
     H    6    Vzz=    0.4451    axis=(  0.002287  0.729840  0.683615)
     H    6  Q=         1.0000 1e-30 m^2  Cq=         1.0457 MHz  eta= 0.95410

     H    7    Vxx=   -0.1479    axis=(  0.893976 -0.374069 -0.246737)
     H    7    Vyy=   -0.1780    axis=(  0.423866  0.527201  0.736476)
     H    7    Vzz=    0.3259    axis=(  0.145413  0.762975 -0.629860)
     H    7  Q=         1.0000 1e-30 m^2  Cq=         0.7656 MHz  eta= 0.09250

     C    8    Vxx=   -0.1561    axis=(  0.941925 -0.267707  0.202758)
     C    8    Vyy=   -0.3373    axis=(  0.335658  0.769508 -0.543315)
     C    8    Vzz=    0.4934    axis=( -0.010575  0.579819  0.814677)
     C    8  Q=         1.0000 1e-30 m^2  Cq=         1.1594 MHz  eta= 0.36711

     H    9    Vxx=   -0.0048    axis=(  0.286055  0.844109 -0.453489)
     H    9    Vyy=   -0.5916    axis=( -0.267885  0.524844  0.807946)
     H    9    Vzz=    0.5965    axis=(  0.920005 -0.109634  0.376259)
     H    9  Q=         1.0000 1e-30 m^2  Cq=         1.4015 MHz  eta= 0.98377

     C   10    Vxx=   -0.0902    axis=( -0.753949  0.377096 -0.537921)
     C   10    Vyy=   -0.4114    axis=( -0.509117 -0.852888  0.115682)
     C   10    Vzz=    0.5016    axis=( -0.415164  0.361083  0.835020)
     C   10  Q=         1.0000 1e-30 m^2  Cq=         1.1786 MHz  eta= 0.64034

     C   11    Vxx=    0.0704    axis=(  0.472205  0.066408 -0.878984)
     C   11    Vyy=    0.8024    axis=( -0.612347 -0.692568 -0.381288)
     C   11    Vzz=   -0.8727    axis=(  0.634076 -0.718290  0.286369)
     C   11  Q=         1.0000 1e-30 m^2  Cq=        -2.0506 MHz  eta= 0.83874

     Cl  12    Vxx=   -0.0244    axis=(  0.219481  0.967516  0.125461)
     Cl  12    Vyy=   -2.3780    axis=( -0.107130  0.151720 -0.982601)
     Cl  12    Vzz=    2.4025    axis=( -0.969717  0.202221  0.136950)
     Cl  12  Q=        -8.1650 1e-30 m^2  Cq=       -46.0903 MHz  eta= 0.97965

     H   13    Vxx=   -0.0201    axis=(  0.846227 -0.287110  0.448852)
     H   13    Vyy=   -0.6837    axis=(  0.514213  0.219367 -0.829134)
     H   13    Vzz=    0.7038    axis=(  0.139590  0.932441  0.333270)
     H   13  Q=         1.0000 1e-30 m^2  Cq=         1.6536 MHz  eta= 0.94283

     C   14    Vxx=    0.0726    axis=(  0.582847 -0.394062  0.710637)
     C   14    Vyy=    0.5179    axis=(  0.674463 -0.253148 -0.693553)
     C   14    Vzz=   -0.5906    axis=( -0.453199 -0.883533 -0.118233)
     C   14  Q=         1.0000 1e-30 m^2  Cq=        -1.3876 MHz  eta= 0.75405

     H   15    Vxx=   -0.0431    axis=( -0.178903  0.951780 -0.249217)
     H   15    Vyy=   -0.7639    axis=(  0.392860 -0.163127 -0.905014)
     H   15    Vzz=    0.8070    axis=( -0.902028 -0.259817 -0.344733)
     H   15  Q=         1.0000 1e-30 m^2  Cq=         1.8962 MHz  eta= 0.89321

     C   16    Vxx=   -0.1185    axis=(  0.639437  0.726940 -0.250357)
     C   16    Vyy=   -0.5062    axis=( -0.736279  0.485213 -0.471659)
     C   16    Vzz=    0.6247    axis=( -0.221391  0.485929  0.845494)
     C   16  Q=         1.0000 1e-30 m^2  Cq=         1.4678 MHz  eta= 0.62069

     C   17    Vxx=    0.1801    axis=( -0.677738  0.285733 -0.677516)
     C   17    Vyy=    0.6518    axis=( -0.610484  0.294933  0.735067)
     C   17    Vzz=   -0.8319    axis=( -0.409855 -0.911796  0.025452)
     C   17  Q=         1.0000 1e-30 m^2  Cq=        -1.9545 MHz  eta= 0.56700

     Cl  18    Vxx=   -0.3879    axis=(  0.995754 -0.081284  0.043200)
     Cl  18    Vyy=   -2.2990    axis=( -0.056650 -0.171224  0.983602)
     Cl  18    Vzz=    2.6869    axis=( -0.072555 -0.981873 -0.175102)
     Cl  18  Q=        -8.1650 1e-30 m^2  Cq=       -51.5474 MHz  eta= 0.71126

     H   19    Vxx=   -0.0439    axis=(  0.987497  0.014261  0.156992)
     H   19    Vyy=   -0.7694    axis=( -0.146685  0.447874  0.881982)
     H   19    Vzz=    0.8133    axis=( -0.057734 -0.893983  0.444366)
     H   19  Q=         1.0000 1e-30 m^2  Cq=         1.9110 MHz  eta= 0.89195

     C   20    Vxx=    0.1252    axis=( -0.275039  0.834955 -0.476660)
     C   20    Vyy=    0.3710    axis=(  0.383954  0.549918  0.741734)
     C   20    Vzz=   -0.4962    axis=( -0.881438 -0.020990  0.471833)
     C   20  Q=         1.0000 1e-30 m^2  Cq=        -1.1658 MHz  eta= 0.49526

     H   21    Vxx=   -0.0546    axis=(  0.409467  0.672913 -0.616056)
     H   21    Vyy=   -0.8302    axis=(  0.034120  0.663491  0.747405)
     H   21    Vzz=    0.8848    axis=(  0.911687 -0.327058  0.248718)
     H   21  Q=         1.0000 1e-30 m^2  Cq=         2.0790 MHz  eta= 0.87649

     C   22    Vxx=   -0.0058    axis=( -0.529227  0.793235 -0.301160)
     C   22    Vyy=   -0.3926    axis=( -0.249911  0.193466  0.948744)
     C   22    Vzz=    0.3985    axis=(  0.810841  0.577364  0.095851)
     C   22  Q=         1.0000 1e-30 m^2  Cq=         0.9363 MHz  eta= 0.97070

     C   23    Vxx=   -0.0212    axis=(  0.237391  0.216087 -0.947076)
     C   23    Vyy=   -0.3018    axis=(  0.965584  0.054171  0.254389)
     C   23    Vzz=    0.3230    axis=(  0.106274 -0.974870 -0.195791)
     C   23  Q=         1.0000 1e-30 m^2  Cq=         0.7589 MHz  eta= 0.86859

     Cl  24    Vxx=   -0.1535    axis=(  0.358395 -0.458179  0.813404)
     Cl  24    Vyy=   -0.9654    axis=( -0.595853  0.558473  0.577120)
     Cl  24    Vzz=    1.1190    axis=( -0.718688 -0.691506 -0.072854)
     Cl  24  Q=        -8.1650 1e-30 m^2  Cq=       -21.4668 MHz  eta= 0.72556

     Initialization:
     gipaw_setup  :      9.02s CPU     10.79s WALL (       1 calls)

     Linear response

     Apply operators

     Induced current

     Other routines
     efg          :      9.32s CPU     12.12s WALL (       1 calls)

     General routines
     calbec       :      3.30s CPU      4.64s WALL (      16 calls)
     fft          :      1.31s CPU      1.46s WALL (      15 calls)
     ffts         :      0.04s CPU      0.05s WALL (       2 calls)
     fftw         :      3.36s CPU      4.17s WALL (     672 calls)
     davcio       :      0.02s CPU      0.30s WALL (      32 calls)

     Parallel routines
     fft_scatter  :      2.06s CPU      2.75s WALL (     689 calls)

     Plugins

     GIPAW        :     61.24s CPU     72.56s WALL (       1 calls)
