
     Program QE v.6.0 (svn rev. 13079) starts on 31Dec2016 at 12:45:49 

     This program is part of the open-source Quantum ESPRESSO suite
     for quantum simulation of materials; please cite
         "P. Giannozzi et al., J. Phys.:Condens. Matter 21 395502 (2009);
          URL http://www.quantum-espresso.org", 
     in publications or presentations arising from this work. More details at
     http://www.quantum-espresso.org/quote

     Parallel version (MPI), running on     8 processors
     R & G space division:  proc/nbgrp/npool/nimage =       8

     ***** This is GIPAW svn revision unknown      *****

     Parallelizing q-star over 1 images

     Reading data from directory:
     /users/majewski/paradichlorobenzene/pbe/9_constraint/scratch/pbe.ecut100.np8.dt60.pcl2phi-129368.save
     Message from routine read_xml_file:
     file /users/majewski/paradichlorobenzene/pbe/9_constraint/scratch/pbe.ecut100.np8.dt60.pcl2phi-129368.save not guaranteed to be safe for post-processing

   Info: using nr1, nr2, nr3 values from input

   Info: using nr1, nr2, nr3 values from input

     IMPORTANT: XC functional enforced from input :
     Exchange-correlation      =  SLA  PW   PBX  PBC ( 1  4  3  4 0 0)
     Any further DFT definition will be discarded
     Please, verify this is what you really want

               file C.pbe-n-kjpaw_psl.1.0.0.UPF: wavefunction(s)  2S 2P renormalized
               file Cl.pbe-n-kjpaw_psl.1.0.0.UPF: wavefunction(s)  3S 3P renormalized
               file H.pbe-kjpaw_psl.1.0.0.UPF: wavefunction(s)  1S renormalized

     Parallelization info
     --------------------
     sticks:   dense  smooth     PW     G-vecs:    dense   smooth      PW
     Min        3057    1223    332               144436    36536    5170
     Max        3059    1225    333               144437    36537    5171
     Sum       24467    9791   2657              1155489   292295   41363


     Subspace diagonalization in iterative solution of the eigenvalue problem:
     a serial algorithm will be used

     GIPAW projectors -----------------------------------------------
     atom=  C    l=0  rc=    1.2000  rs=    0.8000
     atom=  C    l=0  rc=    1.2000  rs=    0.8000
     atom=  C    l=1  rc=    1.4000  rs=    0.9333
     atom=  C    l=1  rc=    1.4000  rs=    0.9333
     projs nearly linearly dependent: l=1  n1,n2= 1, 2  s=  0.99951561

     atom=  Cl   l=0  rc=    1.6000  rs=    1.0667
     atom=  Cl   l=0  rc=    1.6000  rs=    1.0667
     atom=  Cl   l=1  rc=    1.6000  rs=    1.0667
     atom=  Cl   l=1  rc=    1.6000  rs=    1.0667
     atom=  Cl   l=2  rc=    1.6000  rs=    1.0667
     atom=  Cl   l=2  rc=    1.6000  rs=    1.0667
     projs nearly linearly dependent: l=2  n1,n2= 1, 2  s=  0.99993509

     atom=  H    l=0  rc=    1.0000  rs=    0.6667
     atom=  H    l=0  rc=    1.0000  rs=    0.6667
     projs nearly linearly dependent: l=0  n1,n2= 1, 2  s=  0.99968852
     -----------------------------------------------------------------

     GIPAW integrals: -------------------------------------------
     Atom  i/j   nmr_para   nmr_dia   epr_rmc  epr_para   epr_dia
       C   1 1   0.83E+03  0.17E-01  0.93E+01  0.24E+08  0.24E+03
       C   2 1   0.86E+03 -0.61E-01  0.94E+01  0.25E+08  0.25E+03
       C   2 2   0.90E+03 -0.15E+00  0.97E+01  0.26E+08  0.26E+03
       C   3 3   0.33E+01  0.34E+00  0.18E+01  0.55E+03  0.21E+02
       C   4 3   0.35E+01  0.37E+00  0.20E+01  0.59E+03  0.22E+02
       C   4 4   0.38E+01  0.39E+00  0.22E+01  0.63E+03  0.24E+02
       Cl  1 1   0.14E+04 -0.47E+00  0.84E+01  0.32E+09  0.42E+03
       Cl  2 1   0.21E+04 -0.37E+00  0.12E+02  0.49E+09  0.65E+03
       Cl  2 2   0.33E+04 -0.16E+00  0.21E+02  0.76E+09  0.10E+04
       Cl  3 3   0.21E+02  0.79E-01  0.89E+01  0.23E+05  0.13E+03
       Cl  4 3   0.24E+02  0.67E-01  0.99E+01  0.27E+05  0.15E+03
       Cl  4 4   0.28E+02  0.44E-01  0.11E+02  0.32E+05  0.18E+03
       Cl  5 5   0.77E+00  0.19E+00  0.18E+01  0.12E+03  0.22E+02
       Cl  6 5   0.80E+00  0.19E+00  0.19E+01  0.12E+03  0.23E+02
       Cl  6 6   0.83E+00  0.20E+00  0.19E+01  0.12E+03  0.23E+02
       H   1 1   0.39E+02  0.19E+00  0.29E+00  0.78E+05  0.13E+02
       H   2 1   0.41E+02  0.21E+00  0.32E+00  0.82E+05  0.14E+02
       H   2 2   0.43E+02  0.22E+00  0.36E+00  0.86E+05  0.15E+02
     ------------------------------------------------------------

     alpha_pv=     34.2485 eV

     Number of occupied bands for each k-point:
     k-point:     1    nbnd_occ=  42
     k-point:     2    nbnd_occ=  42
     k-point:     3    nbnd_occ=  42
     k-point:     4    nbnd_occ=  42
     k-point:     5    nbnd_occ=  42
     k-point:     6    nbnd_occ=  42
     k-point:     7    nbnd_occ=  42
     k-point:     8    nbnd_occ=  42
     k-point:     9    nbnd_occ=  42
     k-point:    10    nbnd_occ=  42
     k-point:    11    nbnd_occ=  42
     k-point:    12    nbnd_occ=  42
     k-point:    13    nbnd_occ=  42
     k-point:    14    nbnd_occ=  42
     k-point:    15    nbnd_occ=  42
     k-point:    16    nbnd_occ=  42


     q-space interpolation up to   110.00 Rydberg

     GIPAW job: efg                                                                             


     ELECTRIC FIELD GRADIENTS TENSORS IN Hartree/bohrradius^2:

     ----- bare term -----
     Cl   1       -0.038879        0.303921       -0.019872
     Cl   1        0.303921       -0.133321       -0.013640
     Cl   1       -0.019872       -0.013640        0.172200

     C    2        0.059196       -0.392712       -0.528830
     C    2       -0.392712       -0.212663       -0.557160
     C    2       -0.528830       -0.557160        0.153468

     C    3       -0.521315        0.301132        0.001471
     C    3        0.301132        0.124705       -0.288559
     C    3        0.001471       -0.288559        0.396611

     H    4       -0.232951       -0.496393       -0.025692
     H    4       -0.496393       -0.069066        0.188705
     H    4       -0.025692        0.188705        0.302017

     C    5       -0.125841       -0.160594       -0.322508
     C    5       -0.160594        0.057482       -0.506735
     C    5       -0.322508       -0.506735        0.068359

     H    6        0.426802       -0.163984        0.013566
     H    6       -0.163984       -0.727460        0.140332
     H    6        0.013566        0.140332        0.300658

     H    7        0.223295        0.038402        0.365339
     H    7        0.038402        0.192482        0.175198
     H    7        0.365339        0.175198       -0.415776

     C    8       -0.269240       -0.081269       -0.209951
     C    8       -0.081269        0.269239       -0.024593
     C    8       -0.209951       -0.024593        0.000002

     H    9        0.219985        0.030211       -0.169935
     H    9        0.030211        0.230463       -0.253757
     H    9       -0.169935       -0.253757       -0.450447

     C   10        0.225005       -0.061031        0.258411
     C   10       -0.061031       -0.137734       -0.037624
     C   10        0.258411       -0.037624       -0.087271

     C   11       -0.129076       -0.079153       -0.410237
     C   11       -0.079153        0.103037        0.130170
     C   11       -0.410237        0.130170        0.026039

     Cl  12       -0.078697       -0.018609        0.132785
     Cl  12       -0.018609        0.014143       -0.135447
     Cl  12        0.132785       -0.135447        0.064555

     H   13       -0.050350       -0.382574        0.207476
     H   13       -0.382574       -0.373846       -0.158228
     H   13        0.207476       -0.158228        0.424195

     C   14       -0.388149        0.437315       -0.277384
     C   14        0.437315        0.022606        0.039721
     C   14       -0.277384        0.039721        0.365543

     H   15       -0.661083       -0.266264        0.158556
     H   15       -0.266264        0.396912       -0.065803
     H   15        0.158556       -0.065803        0.264171

     C   16       -0.009509       -0.226076       -0.166989
     C   16       -0.226076       -0.219755       -0.515371
     C   16       -0.166989       -0.515371        0.229264

     C   17       -0.674918        0.429922       -0.342105
     C   17        0.429922        0.141151       -0.039937
     C   17       -0.342105       -0.039937        0.533768

     Cl  18       -0.005008        0.094428        0.115242
     Cl  18        0.094428       -0.054627       -0.080515
     Cl  18        0.115242       -0.080515        0.059635

     H   19        0.346142        0.243512       -0.149706
     H   19        0.243512       -0.457493        0.548806
     H   19       -0.149706        0.548806        0.111351

     C   20       -0.046757       -0.482152       -0.115659
     C   20       -0.482152       -0.204110        0.433293
     C   20       -0.115659        0.433293        0.250867

     H   21       -0.305352        0.094640       -0.641899
     H   21        0.094640        0.413964        0.091971
     H   21       -0.641899        0.091971       -0.108612

     C   22       -0.508331       -0.294572       -0.267120
     C   22       -0.294572        0.056797        0.194816
     C   22       -0.267120        0.194816        0.451535

     C   23       -0.041034       -0.138385       -0.239593
     C   23       -0.138385       -0.061615        0.611985
     C   23       -0.239593        0.611985        0.102649

     Cl  24        0.043585       -0.051956        0.032303
     Cl  24       -0.051956        0.014325       -0.043464
     Cl  24        0.032303       -0.043464       -0.057910

     ----- ionic term -----
     Cl   1        0.114284       -0.190983       -0.009819
     Cl   1       -0.190983        0.045584        0.013376
     Cl   1       -0.009819        0.013376       -0.159868

     C    2        0.226799       -0.093986        0.183766
     C    2       -0.093986        0.285628        0.291295
     C    2        0.183766        0.291295       -0.512428

     C    3        0.234716       -0.147657        0.102580
     C    3       -0.147657        0.306144        0.277673
     C    3        0.102580        0.277673       -0.540860

     H    4        0.843819        0.382127        0.444398
     H    4        0.382127       -0.364048        0.156723
     H    4        0.444398        0.156723       -0.479771

     C    5        0.376946       -0.095423        0.124016
     C    5       -0.095423        0.173355        0.224238
     C    5        0.124016        0.224238       -0.550301

     H    6       -0.470826        0.244826        0.052102
     H    6        0.244826        0.946232        0.393607
     H    6        0.052102        0.393607       -0.475406

     H    7       -0.538436        0.099137       -0.066577
     H    7        0.099137        0.377601       -0.786037
     H    7       -0.066577       -0.786037        0.160836

     C    8        0.096722        0.312192        0.371090
     C    8        0.312192       -0.034140       -0.275444
     C    8        0.371090       -0.275444       -0.062582

     H    9        0.315511       -0.081042        0.811584
     H    9       -0.081042       -0.511039       -0.165676
     H    9        0.811584       -0.165676        0.195528

     C   10        0.001335        0.359570        0.250069
     C   10        0.359570        0.097730       -0.373344
     C   10        0.250069       -0.373344       -0.099065

     C   11        0.114762        0.265879        0.370323
     C   11        0.265879       -0.026507       -0.415254
     C   11        0.370323       -0.415254       -0.088255

     Cl  12        0.155275        0.229126        0.045675
     Cl  12        0.229126       -0.014259        0.013511
     Cl  12        0.045675        0.013511       -0.141016

     H   13       -0.472704        0.207512        0.106344
     H   13        0.207512        0.782045        0.563376
     H   13        0.106344        0.563376       -0.309341

     C   14        0.348635       -0.107153        0.217427
     C   14       -0.107153        0.116241        0.240698
     C   14        0.217427        0.240698       -0.464875

     H   15        0.562721        0.512046        0.521381
     H   15        0.512046       -0.262829        0.296576
     H   15        0.521381        0.296576       -0.299892

     C   16        0.160601       -0.082854        0.176980
     C   16       -0.082854        0.237881        0.348373
     C   16        0.176980        0.348373       -0.398482

     C   17        0.277826       -0.039213        0.151915
     C   17       -0.039213        0.180192        0.338728
     C   17        0.151915        0.338728       -0.458018

     Cl  18        0.119979       -0.205127       -0.021914
     Cl  18       -0.205127        0.026682        0.008578
     Cl  18       -0.021914        0.008578       -0.146661

     H   19       -0.544926       -0.004817        0.017640
     H   19       -0.004817        0.500955       -0.777330
     H   19        0.017640       -0.777330        0.043971

     C   20        0.146809        0.243471        0.381551
     C   20        0.243471        0.006756       -0.273592
     C   20        0.381551       -0.273592       -0.153565

     H   21        0.598130       -0.122867        0.701547
     H   21       -0.122867       -0.528591       -0.148575
     H   21        0.701547       -0.148575       -0.069539

     C   22        0.102710        0.289882        0.270607
     C   22        0.289882        0.090646       -0.311133
     C   22        0.270607       -0.311133       -0.193356

     C   23        0.046124        0.203335        0.411077
     C   23        0.203335       -0.018990       -0.381080
     C   23        0.411077       -0.381080       -0.027134

     Cl  24        0.108217        0.179898        0.012843
     Cl  24        0.179898        0.028466        0.004437
     Cl  24        0.012843        0.004437       -0.136683

     ----- GIPAW term -----
     Cl   1        2.437420       -1.510538       -0.224341
     Cl   1       -1.510538       -0.952115       -0.004301
     Cl   1       -0.224341       -0.004301       -1.485305

     C    2        0.064643       -0.264886       -0.162508
     C    2       -0.264886        0.003222        0.046185
     C    2       -0.162508        0.046185       -0.067865

     C    3       -0.155550       -0.055924        0.044480
     C    3       -0.055924        0.187357       -0.128461
     C    3        0.044480       -0.128461       -0.031807

     H    4       -0.000000        0.000000        0.000000
     H    4        0.000000        0.000000        0.000000
     H    4        0.000000        0.000000        0.000000

     C    5       -0.091811       -0.094629       -0.025485
     C    5       -0.094629        0.228030       -0.141175
     C    5       -0.025485       -0.141175       -0.136219

     H    6       -0.000000        0.000000        0.000000
     H    6        0.000000        0.000000        0.000000
     H    6        0.000000        0.000000        0.000000

     H    7       -0.000000        0.000000        0.000000
     H    7        0.000000        0.000000        0.000000
     H    7        0.000000        0.000000        0.000000

     C    8        0.002183       -0.040189       -0.030213
     C    8       -0.040189        0.028351        0.005108
     C    8       -0.030213        0.005108       -0.030534

     H    9       -0.000000        0.000000        0.000000
     H    9        0.000000        0.000000        0.000000
     H    9        0.000000        0.000000        0.000000

     C   10        0.013721        0.018364        0.035324
     C   10        0.018364        0.000421       -0.030959
     C   10        0.035324       -0.030959       -0.014142

     C   11        0.047573       -0.058168       -0.071539
     C   11       -0.058168        0.038419        0.036804
     C   11       -0.071539        0.036804       -0.085992

     Cl  12        0.135944       -0.240778       -1.178429
     Cl  12       -0.240778        0.003963        1.326068
     Cl  12       -1.178429        1.326068       -0.139907

     H   13       -0.000000        0.000000        0.000000
     H   13        0.000000        0.000000        0.000000
     H   13        0.000000        0.000000        0.000000

     C   14        0.039746       -0.041572       -0.104536
     C   14       -0.041572       -0.019281        0.083993
     C   14       -0.104536        0.083993       -0.020465

     H   15       -0.000000        0.000000        0.000000
     H   15        0.000000        0.000000        0.000000
     H   15        0.000000        0.000000        0.000000

     C   16        0.009812       -0.084884       -0.070324
     C   16       -0.084884       -0.016237        0.008077
     C   16       -0.070324        0.008077        0.006424

     C   17       -0.076993       -0.102523       -0.132286
     C   17       -0.102523        0.040863        0.141606
     C   17       -0.132286        0.141606        0.036130

     Cl  18       -0.056270       -1.916339       -0.597616
     Cl  18       -1.916339        0.126663        1.491074
     Cl  18       -0.597616        1.491074       -0.070392

     H   19       -0.000000        0.000000        0.000000
     H   19        0.000000        0.000000        0.000000
     H   19        0.000000        0.000000        0.000000

     C   20        0.046481       -0.250536       -0.003721
     C   20       -0.250536        0.051996        0.095611
     C   20       -0.003721        0.095611       -0.098477

     H   21       -0.000000        0.000000        0.000000
     H   21        0.000000        0.000000        0.000000
     H   21        0.000000        0.000000        0.000000

     C   22       -0.136595       -0.108145        0.044791
     C   22       -0.108145        0.018285       -0.088136
     C   22        0.044791       -0.088136        0.118310

     C   23        0.022388       -0.000847       -0.037698
     C   23       -0.000847        0.139827        0.093440
     C   23       -0.037698        0.093440       -0.162216

     Cl  24        1.755785        1.667187        0.303416
     Cl  24        1.667187        0.130053       -0.329253
     Cl  24        0.303416       -0.329253       -1.885838

     ----- total EFG -----
     Cl   1        2.512825       -1.397600       -0.254032
     Cl   1       -1.397600       -1.039852       -0.004565
     Cl   1       -0.254032       -0.004565       -1.472973

     C    2        0.350638       -0.751583       -0.507571
     C    2       -0.751583        0.076187       -0.219680
     C    2       -0.507571       -0.219680       -0.426825

     C    3       -0.442150        0.097551        0.148531
     C    3        0.097551        0.618206       -0.139348
     C    3        0.148531       -0.139348       -0.176057

     H    4        0.610867       -0.114265        0.418706
     H    4       -0.114265       -0.433114        0.345429
     H    4        0.418706        0.345429       -0.177754

     C    5        0.159293       -0.350647       -0.223978
     C    5       -0.350647        0.458868       -0.423672
     C    5       -0.223978       -0.423672       -0.618161

     H    6       -0.044024        0.080842        0.065669
     H    6        0.080842        0.218773        0.533939
     H    6        0.065669        0.533939       -0.174748

     H    7       -0.315142        0.137539        0.298762
     H    7        0.137539        0.570083       -0.610840
     H    7        0.298762       -0.610840       -0.254941

     C    8       -0.170336        0.190734        0.130925
     C    8        0.190734        0.263450       -0.294929
     C    8        0.130925       -0.294929       -0.093114

     H    9        0.535495       -0.050831        0.641649
     H    9       -0.050831       -0.280576       -0.419433
     H    9        0.641649       -0.419433       -0.254919

     C   10        0.240062        0.316903        0.543804
     C   10        0.316903       -0.039584       -0.441926
     C   10        0.543804       -0.441926       -0.200478

     C   11        0.033259        0.128558       -0.111454
     C   11        0.128558        0.114949       -0.248280
     C   11       -0.111454       -0.248280       -0.148208

     Cl  12        0.212522       -0.030260       -0.999969
     Cl  12       -0.030260        0.003846        1.204132
     Cl  12       -0.999969        1.204132       -0.216368

     H   13       -0.523054       -0.175062        0.313821
     H   13       -0.175062        0.408200        0.405148
     H   13        0.313821        0.405148        0.114854

     C   14        0.000231        0.288589       -0.164493
     C   14        0.288589        0.119566        0.364411
     C   14       -0.164493        0.364411       -0.119797

     H   15       -0.098362        0.245782        0.679937
     H   15        0.245782        0.134083        0.230772
     H   15        0.679937        0.230772       -0.035720

     C   16        0.160904       -0.393814       -0.060333
     C   16       -0.393814        0.001889       -0.158921
     C   16       -0.060333       -0.158921       -0.162793

     C   17       -0.474085        0.288187       -0.322477
     C   17        0.288187        0.362206        0.440396
     C   17       -0.322477        0.440396        0.111879

     Cl  18        0.058701       -2.027038       -0.504288
     Cl  18       -2.027038        0.098717        1.419137
     Cl  18       -0.504288        1.419137       -0.157418

     H   19       -0.198784        0.238695       -0.132066
     H   19        0.238695        0.043462       -0.228523
     H   19       -0.132066       -0.228523        0.155322

     C   20        0.146533       -0.489217        0.262171
     C   20       -0.489217       -0.145358        0.255312
     C   20        0.262171        0.255312       -0.001175

     H   21        0.292778       -0.028227        0.059648
     H   21       -0.028227       -0.114627       -0.056604
     H   21        0.059648       -0.056604       -0.178151

     C   22       -0.542217       -0.112836        0.048277
     C   22       -0.112836        0.165728       -0.204452
     C   22        0.048277       -0.204452        0.376489

     C   23        0.027478        0.064103        0.133787
     C   23        0.064103        0.059222        0.324345
     C   23        0.133787        0.324345       -0.086700

     Cl  24        1.907587        1.795130        0.348563
     Cl  24        1.795130        0.172844       -0.368279
     Cl  24        0.348563       -0.368279       -2.080430

     ----- total EFG (symmetrized) -----
     Cl   1        2.512825       -1.397600       -0.254032
     Cl   1       -1.397600       -1.039852       -0.004565
     Cl   1       -0.254032       -0.004565       -1.472973

     C    2        0.350638       -0.751583       -0.507571
     C    2       -0.751583        0.076187       -0.219680
     C    2       -0.507571       -0.219680       -0.426825

     C    3       -0.442150        0.097551        0.148531
     C    3        0.097551        0.618206       -0.139348
     C    3        0.148531       -0.139348       -0.176057

     H    4        0.610867       -0.114265        0.418706
     H    4       -0.114265       -0.433114        0.345429
     H    4        0.418706        0.345429       -0.177754

     C    5        0.159293       -0.350647       -0.223978
     C    5       -0.350647        0.458868       -0.423672
     C    5       -0.223978       -0.423672       -0.618161

     H    6       -0.044024        0.080842        0.065669
     H    6        0.080842        0.218773        0.533939
     H    6        0.065669        0.533939       -0.174748

     H    7       -0.315142        0.137539        0.298762
     H    7        0.137539        0.570083       -0.610840
     H    7        0.298762       -0.610840       -0.254941

     C    8       -0.170336        0.190734        0.130925
     C    8        0.190734        0.263450       -0.294929
     C    8        0.130925       -0.294929       -0.093114

     H    9        0.535495       -0.050831        0.641649
     H    9       -0.050831       -0.280576       -0.419433
     H    9        0.641649       -0.419433       -0.254919

     C   10        0.240062        0.316903        0.543804
     C   10        0.316903       -0.039584       -0.441926
     C   10        0.543804       -0.441926       -0.200478

     C   11        0.033259        0.128558       -0.111454
     C   11        0.128558        0.114949       -0.248280
     C   11       -0.111454       -0.248280       -0.148208

     Cl  12        0.212522       -0.030260       -0.999969
     Cl  12       -0.030260        0.003846        1.204132
     Cl  12       -0.999969        1.204132       -0.216368

     H   13       -0.523054       -0.175062        0.313821
     H   13       -0.175062        0.408200        0.405148
     H   13        0.313821        0.405148        0.114854

     C   14        0.000231        0.288589       -0.164493
     C   14        0.288589        0.119566        0.364411
     C   14       -0.164493        0.364411       -0.119797

     H   15       -0.098362        0.245782        0.679937
     H   15        0.245782        0.134083        0.230772
     H   15        0.679937        0.230772       -0.035720

     C   16        0.160904       -0.393814       -0.060333
     C   16       -0.393814        0.001889       -0.158921
     C   16       -0.060333       -0.158921       -0.162793

     C   17       -0.474085        0.288187       -0.322477
     C   17        0.288187        0.362206        0.440396
     C   17       -0.322477        0.440396        0.111879

     Cl  18        0.058701       -2.027038       -0.504288
     Cl  18       -2.027038        0.098717        1.419137
     Cl  18       -0.504288        1.419137       -0.157418

     H   19       -0.198784        0.238695       -0.132066
     H   19        0.238695        0.043462       -0.228523
     H   19       -0.132066       -0.228523        0.155322

     C   20        0.146533       -0.489217        0.262171
     C   20       -0.489217       -0.145358        0.255312
     C   20        0.262171        0.255312       -0.001175

     H   21        0.292778       -0.028227        0.059648
     H   21       -0.028227       -0.114627       -0.056604
     H   21        0.059648       -0.056604       -0.178151

     C   22       -0.542217       -0.112836        0.048277
     C   22       -0.112836        0.165728       -0.204452
     C   22        0.048277       -0.204452        0.376489

     C   23        0.027478        0.064103        0.133787
     C   23        0.064103        0.059222        0.324345
     C   23        0.133787        0.324345       -0.086700

     Cl  24        1.907587        1.795130        0.348563
     Cl  24        1.795130        0.172844       -0.368279
     Cl  24        0.348563       -0.368279       -2.080430


     NQR/NMR SPECTROSCOPIC PARAMETERS:
     Cl   1    Vxx=   -1.4154    axis=( -0.165490 -0.606489  0.777679)
     Cl   1    Vyy=   -1.5941    axis=( -0.285570 -0.725300 -0.626410)
     Cl   1    Vzz=    3.0094    axis=( -0.943961  0.325747  0.053166)
     Cl   1  Q=        -8.1650 1e-30 m^2  Cq=       -57.7343 MHz  eta= 0.05938

     C    2    Vxx=   -0.0249    axis=( -0.294578 -0.631543  0.717201)
     C    2    Vyy=   -1.0003    axis=( -0.536709 -0.511621 -0.670960)
     C    2    Vzz=    1.0253    axis=( -0.790676  0.582578  0.188243)
     C    2  Q=         1.0000 1e-30 m^2  Cq=         2.4089 MHz  eta= 0.95142

     C    3    Vxx=   -0.1193    axis=(  0.442628  0.109603  0.889982)
     C    3    Vyy=   -0.5274    axis=( -0.894184  0.128315  0.428917)
     C    3    Vzz=    0.6467    axis=( -0.067187 -0.985658  0.154801)
     C    3  Q=         1.0000 1e-30 m^2  Cq=         1.5196 MHz  eta= 0.63093

     H    4    Vxx=   -0.0321    axis=(  0.318387 -0.669114 -0.671503)
     H    4    Vyy=   -0.7606    axis=( -0.251397 -0.742601  0.620761)
     H    4    Vzz=    0.7926    axis=( -0.914018 -0.028828 -0.404647)
     H    4  Q=         1.0000 1e-30 m^2  Cq=         1.8624 MHz  eta= 0.91906

     C    5    Vxx=    0.1358    axis=(  0.835330  0.334613 -0.436185)
     C    5    Vyy=    0.7370    axis=(  0.451613 -0.870106  0.197388)
     C    5    Vzz=   -0.8728    axis=(  0.313479  0.361871  0.877941)
     C    5  Q=         1.0000 1e-30 m^2  Cq=        -2.0506 MHz  eta= 0.68883

     H    6    Vxx=   -0.0605    axis=(  0.987410 -0.137993 -0.077333)
     H    6    Vyy=   -0.5471    axis=(  0.015458  0.570711 -0.821006)
     H    6    Vzz=    0.6076    axis=(  0.157427  0.809474  0.565658)
     H    6  Q=         1.0000 1e-30 m^2  Cq=         1.4276 MHz  eta= 0.80097

     H    7    Vxx=   -0.0936    axis=(  0.828451  0.276557  0.487017)
     H    7    Vyy=   -0.8014    axis=( -0.559820  0.383337  0.734612)
     H    7    Vzz=    0.8950    axis=(  0.016470 -0.881231  0.472398)
     H    7  Q=         1.0000 1e-30 m^2  Cq=         2.1028 MHz  eta= 0.79084

     C    8    Vxx=   -0.0162    axis=( -0.749257 -0.165332 -0.641311)
     C    8    Vyy=   -0.4322    axis=(  0.637540 -0.442255 -0.630836)
     C    8    Vzz=    0.4484    axis=( -0.179326 -0.881519  0.436768)
     C    8  Q=         1.0000 1e-30 m^2  Cq=         1.0535 MHz  eta= 0.92781

     H    9    Vxx=   -0.1105    axis=(  0.443686  0.810470 -0.382466)
     H    9    Vyy=   -0.8371    axis=( -0.337930  0.546572  0.766200)
     H    9    Vzz=    0.9476    axis=(  0.830027 -0.210705  0.516389)
     H    9  Q=         1.0000 1e-30 m^2  Cq=         2.2265 MHz  eta= 0.76684

     C   10    Vxx=    0.3003    axis=(  0.260184  0.846502 -0.464477)
     C   10    Vyy=    0.6071    axis=( -0.838841 -0.040061 -0.542901)
     C   10    Vzz=   -0.9075    axis=( -0.478174  0.530876  0.699657)
     C   10  Q=         1.0000 1e-30 m^2  Cq=        -2.1322 MHz  eta= 0.33813

     C   11    Vxx=   -0.0521    axis=(  0.878830 -0.452784  0.150482)
     C   11    Vyy=   -0.3006    axis=(  0.102203  0.486705  0.867567)
     C   11    Vzz=    0.3527    axis=( -0.466061 -0.747064  0.474006)
     C   11  Q=         1.0000 1e-30 m^2  Cq=         0.8287 MHz  eta= 0.70478

     Cl  12    Vxx=    0.0961    axis=(  0.758658  0.647856  0.068709)
     Cl  12    Vyy=    1.5299    axis=(  0.518165 -0.536110 -0.666402)
     Cl  12    Vzz=   -1.6260    axis=( -0.394897  0.541174 -0.742420)
     Cl  12  Q=        -8.1650 1e-30 m^2  Cq=        31.1937 MHz  eta= 0.88177

     H   13    Vxx=    0.0520    axis=(  0.526260 -0.512842  0.678265)
     H   13    Vyy=    0.6937    axis=(  0.034509  0.809879  0.585581)
     H   13    Vzz=   -0.7457    axis=(  0.849623  0.284762 -0.443905)
     H   13  Q=         1.0000 1e-30 m^2  Cq=        -1.7521 MHz  eta= 0.86051

     C   14    Vxx=    0.1141    axis=(  0.783502 -0.044154 -0.619818)
     C   14    Vyy=    0.4406    axis=( -0.380865 -0.822267 -0.422870)
     C   14    Vzz=   -0.5547    axis=( -0.490984  0.567387 -0.661065)
     C   14  Q=         1.0000 1e-30 m^2  Cq=        -1.3034 MHz  eta= 0.58865

     H   15    Vxx=   -0.0391    axis=(  0.299851 -0.888513  0.347324)
     H   15    Vyy=   -0.7481    axis=( -0.726914  0.022980  0.686344)
     H   15    Vzz=    0.7872    axis=(  0.617807  0.458276  0.638982)
     H   15  Q=         1.0000 1e-30 m^2  Cq=         1.8496 MHz  eta= 0.90073

     C   16    Vxx=   -0.0660    axis=( -0.401798 -0.360424  0.841815)
     C   16    Vyy=   -0.4219    axis=(  0.510988  0.674605  0.532728)
     C   16    Vzz=    0.4879    axis=( -0.759901  0.644207 -0.086883)
     C   16  Q=         1.0000 1e-30 m^2  Cq=         1.1463 MHz  eta= 0.72962

     C   17    Vxx=    0.1010    axis=( -0.597909 -0.454078  0.660544)
     C   17    Vyy=    0.6962    axis=( -0.036737 -0.807679 -0.588477)
     C   17    Vzz=   -0.7972    axis=( -0.800722  0.376122 -0.466237)
     C   17  Q=         1.0000 1e-30 m^2  Cq=        -1.8732 MHz  eta= 0.74653

     Cl  18    Vxx=   -0.5596    axis=(  0.566180 -0.032216  0.823652)
     Cl  18    Vyy=   -2.2024    axis=(  0.574505  0.731969 -0.366285)
     Cl  18    Vzz=    2.7620    axis=( -0.591088  0.680575  0.432934)
     Cl  18  Q=        -8.1650 1e-30 m^2  Cq=       -52.9872 MHz  eta= 0.59480

     H   19    Vxx=   -0.0916    axis=(  0.374820  0.571940  0.729653)
     H   19    Vyy=   -0.3455    axis=( -0.847139  0.531034  0.018921)
     H   19    Vzz=    0.4371    axis=( -0.376649 -0.625210  0.683555)
     H   19  Q=         1.0000 1e-30 m^2  Cq=         1.0270 MHz  eta= 0.58066

     C   20    Vxx=    0.1785    axis=(  0.152856  0.459014  0.875181)
     C   20    Vyy=    0.5195    axis=( -0.822697  0.549769 -0.144653)
     C   20    Vzz=   -0.6981    axis=( -0.547545 -0.697897  0.461665)
     C   20  Q=         1.0000 1e-30 m^2  Cq=        -1.6402 MHz  eta= 0.48853

     H   21    Vxx=   -0.0890    axis=(  0.137190  0.875123 -0.464045)
     H   21    Vyy=   -0.2142    axis=( -0.076530  0.476439  0.875871)
     H   21    Vzz=    0.3032    axis=(  0.987584 -0.084647  0.132336)
     H   21  Q=         1.0000 1e-30 m^2  Cq=         0.7124 MHz  eta= 0.41266

     C   22    Vxx=    0.0494    axis=( -0.115236  0.834621  0.538636)
     C   22    Vyy=    0.5107    axis=(  0.095465 -0.530433  0.842334)
     C   22    Vzz=   -0.5601    axis=( -0.988740 -0.148488  0.018552)
     C   22  Q=         1.0000 1e-30 m^2  Cq=        -1.3159 MHz  eta= 0.82373

     C   23    Vxx=   -0.0138    axis=(  0.913207 -0.397177 -0.091124)
     C   23    Vyy=   -0.3578    axis=(  0.176598  0.587268 -0.789892)
     C   23    Vzz=    0.3715    axis=(  0.367242  0.705242  0.606438)
     C   23  Q=         1.0000 1e-30 m^2  Cq=         0.8729 MHz  eta= 0.92597

     Cl  24    Vxx=   -0.7658    axis=( -0.489380  0.797374 -0.353130)
     Cl  24    Vyy=   -2.2701    axis=( -0.202609  0.289894  0.935367)
     Cl  24    Vzz=    3.0359    axis=( -0.848208 -0.529297 -0.019687)
     Cl  24  Q=        -8.1650 1e-30 m^2  Cq=       -58.2416 MHz  eta= 0.49550

     Initialization:
     gipaw_setup  :      9.36s CPU     10.78s WALL (       1 calls)

     Linear response

     Apply operators

     Induced current

     Other routines
     efg          :      9.70s CPU     12.18s WALL (       1 calls)

     General routines
     calbec       :      3.45s CPU      4.50s WALL (      16 calls)
     fft          :      2.01s CPU      3.85s WALL (      15 calls)
     ffts         :      0.04s CPU      0.05s WALL (       2 calls)
     fftw         :      3.50s CPU      4.23s WALL (     672 calls)
     davcio       :      0.03s CPU      0.30s WALL (      32 calls)

     Parallel routines
     fft_scatter  :      2.72s CPU      5.17s WALL (     689 calls)

     Plugins

     GIPAW        :     62.17s CPU     76.64s WALL (       1 calls)
